2026-01-19 23:30:26 - mkk_pika - main.py:193 - INFO - =======================================================================
2026-01-19 23:30:26 - mkk_pika - database.py:61 - INFO - 表和索引初始化成功
2026-01-19 23:30:26 - mkk_pika - main.py:197 - INFO - 已经累计下载1250本漫画
2026-01-19 23:30:27 - mkk_pika - api.py:87 - INFO - 登录成功
2026-01-19 23:30:27 - mkk_pika - main.py:203 - INFO - 收藏夹共计1本漫画
2026-01-19 23:30:27 - mkk_pika - main.py:206 - INFO - 开始下载收藏夹内未下载内容
2026-01-19 23:30:27 - mkk_pika - main.py:35 - INFO - 开始检查[Artist] BBStaff（AI）是否存在未下载章节
2026-01-19 23:30:28 - mkk_pika - database.py:203 - INFO - 查询数据库中是否已存在伊蕾娜
2026-01-19 23:30:28 - mkk_pika - database.py:203 - INFO - 查询数据库中是否已存在金色暗影
2026-01-19 23:30:28 - mkk_pika - database.py:203 - INFO - 查询数据库中是否已存在惠惠
2026-01-19 23:30:28 - mkk_pika - database.py:203 - INFO - 查询数据库中是否已存在结城美柑
2026-01-19 23:30:28 - mkk_pika - database.py:203 - INFO - 查询数据库中是否已存在贝尔泽古·斯黛莉休·索德·爱丽丝
2026-01-19 23:30:28 - mkk_pika - database.py:203 - INFO - 查询数据库中是否已存在板柳有栖
2026-01-19 23:30:28 - mkk_pika - database.py:203 - INFO - 查询数据库中是否已存在尤菲莉亚·玛泽塔
2026-01-19 23:30:28 - mkk_pika - database.py:203 - INFO - 查询数据库中是否已存在椎名日和
2026-01-19 23:30:28 - mkk_pika - database.py:203 - INFO - 查询数据库中是否已存在高町奈叶
2026-01-19 23:30:28 - mkk_pika - database.py:203 - INFO - 查询数据库中是否已存在星野瑠美衣
2026-01-19 23:30:28 - mkk_pika - database.py:203 - INFO - 查询数据库中是否已存在小柳香穗
2026-01-19 23:30:28 - mkk_pika - database.py:203 - INFO - 查询数据库中是否已存在甘织玲奈子
2026-01-19 23:30:28 - mkk_pika - database.py:203 - INFO - 查询数据库中是否已存在伊地知虹夏
2026-01-19 23:30:28 - mkk_pika - database.py:203 - INFO - 查询数据库中是否已存在芙兰达·塞维伦
2026-01-19 23:30:28 - mkk_pika - database.py:203 - INFO - 查询数据库中是否已存在小美浪爱澄
2026-01-19 23:30:28 - mkk_pika - database.py:203 - INFO - 查询数据库中是否已存在有马加奈
2026-01-19 23:30:28 - mkk_pika - database.py:203 - INFO - 查询数据库中是否已存在白银圭
2026-01-19 23:30:28 - mkk_pika - database.py:203 - INFO - 查询数据库中是否已存在鹿目圆香
2026-01-19 23:30:28 - mkk_pika - database.py:203 - INFO - 查询数据库中是否已存在莉赛萝黛·库雷提雅
2026-01-19 23:30:28 - mkk_pika - database.py:203 - INFO - 查询数据库中是否已存在空银子
2026-01-19 23:30:28 - mkk_pika - database.py:203 - INFO - 查询数据库中是否已存在谷地仁花
2026-01-19 23:30:28 - mkk_pika - main.py:51 - INFO - [Artist] BBStaff（AI）中没有可下载章节
2026-01-19 23:30:28 - mkk_pika - main.py:224 - INFO - ==================== 漫画信息 ====================
                漫画ID：687a1b80ecd86823a404aa48
                标题：[Artist] BBStaff（AI）
                作者：BBStaff
                是否完结：否
                总页数：4149
                分类：全彩,同人,CG雜圖
                章节数：21
                最后更新时间：2026-01-05T15:24:08.585Z
                =================================================
2026-01-19 23:30:28 - mkk_pika - database.py:101 - INFO - 保存成功：[Artist] BBStaff（AI）
2026-01-19 23:30:28 - mkk_pika - util.py:164 - INFO - 目标时间（UTC）：2026-01-05 15:24:08.585000+00:00
2026-01-19 23:30:28 - mkk_pika - util.py:165 - INFO - 当前UTC时间：2026-01-19 23:30:28.500988+00:00
2026-01-19 23:30:28 - mkk_pika - util.py:167 - INFO - 相差：14 天 8 小时 6 分钟
2026-01-19 23:30:28 - mkk_pika - main.py:266 - INFO - 收藏夹内容下载完毕
2026-01-19 23:30:28 - mkk_pika - main.py:268 - INFO - 开始下载订阅内容
2026-01-19 23:30:28 - mkk_pika - database.py:258 - INFO - 根据ID查询到标题：萝莉 -> ロリコン先生が他の生徒に手を出さないように何でも言うことを聞いてくれる幼女シュン&ルミの本 | 为防止萝莉控老师对其他学生肆意伸出魔爪 愿意对老师言听计从的幼女瞬与瑠美的本子
2026-01-19 23:30:29 - mkk_pika - database.py:101 - INFO - 保存成功：ロリコン先生が他の生徒に手を出さないように何でも言うことを聞いてくれる幼女シュン&ルミの本 | 为防止萝莉控老师对其他学生肆意伸出魔爪 愿意对老师言听计从的幼女瞬与瑠美的本子
2026-01-19 23:30:29 - mkk_pika - main.py:273 - INFO - 关键词萝莉找到1本漫画
2026-01-19 23:30:29 - mkk_pika - database.py:258 - INFO - 根据ID查询到标题：蘿莉 -> 夏風えもーしょん
2026-01-19 23:30:29 - mkk_pika - database.py:101 - INFO - 保存成功：デートのあとはらぶらぶえっちなんですけどっ! | 约会过后就该轮到甜甜蜜蜜的爱爱了!
2026-01-19 23:30:29 - mkk_pika - main.py:273 - INFO - 关键词蘿莉找到8本漫画
2026-01-19 23:30:29 - mkk_pika - main.py:275 - INFO - 订阅内容共计9本漫画
2026-01-19 23:30:29 - mkk_pika - main.py:35 - INFO - 开始检查[习呆呆] 萝莉·麦丘利是否存在未下载章节
2026-01-19 23:30:30 - mkk_pika - database.py:203 - INFO - 查询数据库中是否已存在第1話
2026-01-19 23:30:30 - mkk_pika - main.py:51 - INFO - [习呆呆] 萝莉·麦丘利中没有可下载章节
2026-01-19 23:30:30 - mkk_pika - main.py:292 - INFO - ==================== 漫画信息 ====================
                                漫画ID：696a658e95468316167bd237
                                标题：[习呆呆] 萝莉·麦丘利
                                作者：習呆呆
                                是否完结：否
                                总页数：29
                                分类：Cosplay
                                章节数：1
                                最后更新时间：2026-01-16T16:21:34.610Z
                                =================================================
2026-01-19 23:30:30 - mkk_pika - database.py:101 - INFO - 保存成功：[习呆呆] 萝莉·麦丘利
2026-01-19 23:30:30 - mkk_pika - main.py:35 - INFO - 开始检查デートのあとはらぶらぶえっちなんですけどっ! | 约会过后就该轮到甜甜蜜蜜的爱爱了!是否存在未下载章节
2026-01-19 23:30:30 - mkk_pika - main.py:45 - INFO - 正在下载:[デートのあとはらぶらぶえっちなんですけどっ! | 约会过后就该轮到甜甜蜜蜜的爱爱了!]-[baa-baa-sheeps (いぬしだ)]-[['短篇', '同人']]-[total_pages:-1]
2026-01-19 23:30:30 - mkk_pika - main.py:49 - INFO - [{'_id': '696e77c09693d3658c677f74', 'title': '第1話', 'order': 1, 'updated_at': '2026-01-18T12:25:30.731Z', 'id': '696e77c09693d3658c677f74'}]
2026-01-19 23:30:30 - mkk_pika - database.py:215 - INFO - 第一次下载该漫画，记录数据库中
2026-01-19 23:30:31 - mkk_pika - main.py:83 - INFO - 找到 29 张图片在:第1話
2026-01-19 23:30:33 - mkk_pika - main.py:112 - INFO - [episode:第1話       ] downloaded:    29, total:  29, progress:100%
2026-01-19 23:30:33 - mkk_pika - database.py:238 - INFO - 数据库更新已下载章节
2026-01-19 23:30:33 - mkk_pika - database.py:244 - INFO - 该漫画已下载章节如下
2026-01-19 23:30:33 - mkk_pika - database.py:245 - INFO - ['第1話']
2026-01-19 23:30:34 - mkk_pika - main.py:292 - INFO - ==================== 漫画信息 ====================
                                漫画ID：696e77c09693d3658c677f73
                                标题：デートのあとはらぶらぶえっちなんですけどっ! | 约会过后就该轮到甜甜蜜蜜的爱爱了!
                                作者：baa-baa-sheeps (いぬしだ)
                                是否完结：否
                                总页数：29
                                分类：短篇,同人
                                章节数：1
                                最后更新时间：2026-01-19T18:28:16.972Z
                                =================================================
2026-01-19 23:30:34 - mkk_pika - database.py:101 - INFO - 保存成功：デートのあとはらぶらぶえっちなんですけどっ! | 约会过后就该轮到甜甜蜜蜜的爱爱了!
2026-01-19 23:30:34 - mkk_pika - main.py:35 - INFO - 开始检查ココナちゃんとえっちする本 | 与小心奈尽情色色的本子是否存在未下载章节
2026-01-19 23:30:34 - mkk_pika - main.py:45 - INFO - 正在下载:[ココナちゃんとえっちする本 | 与小心奈尽情色色的本子]-[ほいくえん (しめじたけ)]-[['短篇', '同人']]-[total_pages:-1]
2026-01-19 23:30:34 - mkk_pika - main.py:49 - INFO - [{'_id': '696e77b89693d3658c677f56', 'title': '第1話', 'order': 1, 'updated_at': '2026-01-18T12:18:36.469Z', 'id': '696e77b89693d3658c677f56'}]
2026-01-19 23:30:34 - mkk_pika - database.py:215 - INFO - 第一次下载该漫画，记录数据库中
2026-01-19 23:30:35 - mkk_pika - main.py:83 - INFO - 找到 25 张图片在:第1話
2026-01-19 23:30:36 - mkk_pika - main.py:112 - INFO - [episode:第1話       ] downloaded:    25, total:  25, progress:100%
2026-01-19 23:30:36 - mkk_pika - database.py:238 - INFO - 数据库更新已下载章节
2026-01-19 23:30:36 - mkk_pika - database.py:244 - INFO - 该漫画已下载章节如下
2026-01-19 23:30:36 - mkk_pika - database.py:245 - INFO - ['第1話']
2026-01-19 23:30:37 - mkk_pika - main.py:292 - INFO - ==================== 漫画信息 ====================
                                漫画ID：696e77b89693d3658c677f55
                                标题：ココナちゃんとえっちする本 | 与小心奈尽情色色的本子
                                作者：ほいくえん (しめじたけ)
                                是否完结：否
                                总页数：25
                                分类：短篇,同人
                                章节数：1
                                最后更新时间：2026-01-19T18:28:08.940Z
                                =================================================
2026-01-19 23:30:37 - mkk_pika - database.py:101 - INFO - 保存成功：ココナちゃんとえっちする本 | 与小心奈尽情色色的本子
2026-01-19 23:30:37 - mkk_pika - main.py:35 - INFO - 开始检查妹とその兄による二重奏 | 妹妹与哥哥共同演绎的二重奏是否存在未下载章节
2026-01-19 23:30:38 - mkk_pika - main.py:45 - INFO - 正在下载:[妹とその兄による二重奏 | 妹妹与哥哥共同演绎的二重奏]-[創攻線 (ぴざぬこ)]-[['短篇', '妹妹系']]-[total_pages:-1]
2026-01-19 23:30:38 - mkk_pika - main.py:49 - INFO - [{'_id': '696e77b19693d3658c677f35', 'title': '第1話', 'order': 1, 'updated_at': '2026-01-18T12:14:03.001Z', 'id': '696e77b19693d3658c677f35'}]
2026-01-19 23:30:38 - mkk_pika - database.py:215 - INFO - 第一次下载该漫画，记录数据库中
2026-01-19 23:30:38 - mkk_pika - main.py:83 - INFO - 找到 28 张图片在:第1話
2026-01-19 23:30:39 - mkk_pika - main.py:112 - INFO - [episode:第1話       ] downloaded:    28, total:  28, progress:100%
2026-01-19 23:30:39 - mkk_pika - database.py:238 - INFO - 数据库更新已下载章节
2026-01-19 23:30:39 - mkk_pika - database.py:244 - INFO - 该漫画已下载章节如下
2026-01-19 23:30:39 - mkk_pika - database.py:245 - INFO - ['第1話']
2026-01-19 23:30:40 - mkk_pika - main.py:292 - INFO - ==================== 漫画信息 ====================
                                漫画ID：696e77b19693d3658c677f34
                                标题：妹とその兄による二重奏 | 妹妹与哥哥共同演绎的二重奏
                                作者：創攻線 (ぴざぬこ)
                                是否完结：否
                                总页数：28
                                分类：短篇,妹妹系
                                章节数：1
                                最后更新时间：2026-01-19T18:28:01.269Z
                                =================================================
2026-01-19 23:30:40 - mkk_pika - database.py:101 - INFO - 保存成功：妹とその兄による二重奏 | 妹妹与哥哥共同演绎的二重奏
2026-01-19 23:30:40 - mkk_pika - main.py:35 - INFO - 开始检查ニヤニヤ教授に敗北するかと思ったらそうでもない本 | 本以为会败给笑面教授结果却被我反将一军的本子是否存在未下载章节
2026-01-19 23:30:41 - mkk_pika - main.py:45 - INFO - 正在下载:[ニヤニヤ教授に敗北するかと思ったらそうでもない本 | 本以为会败给笑面教授结果却被我反将一军的本子]-[和泉都 (和水ややど)]-[['短篇', '同人']]-[total_pages:-1]
2026-01-19 23:30:41 - mkk_pika - main.py:49 - INFO - [{'_id': '696e77a82c45686d3fd4a745', 'title': '第1話', 'order': 1, 'updated_at': '2026-01-18T12:08:31.169Z', 'id': '696e77a82c45686d3fd4a745'}]
2026-01-19 23:30:41 - mkk_pika - database.py:215 - INFO - 第一次下载该漫画，记录数据库中
2026-01-19 23:30:41 - mkk_pika - main.py:83 - INFO - 找到 31 张图片在:第1話
2026-01-19 23:30:43 - mkk_pika - main.py:112 - INFO - [episode:第1話       ] downloaded:    31, total:  31, progress:100%
2026-01-19 23:30:43 - mkk_pika - database.py:238 - INFO - 数据库更新已下载章节
2026-01-19 23:30:43 - mkk_pika - database.py:244 - INFO - 该漫画已下载章节如下
2026-01-19 23:30:43 - mkk_pika - database.py:245 - INFO - ['第1話']
2026-01-19 23:30:44 - mkk_pika - main.py:292 - INFO - ==================== 漫画信息 ====================
                                漫画ID：696e77a82c45686d3fd4a744
                                标题：ニヤニヤ教授に敗北するかと思ったらそうでもない本 | 本以为会败给笑面教授结果却被我反将一军的本子
                                作者：和泉都 (和水ややど)
                                是否完结：否
                                总页数：31
                                分类：短篇,同人
                                章节数：1
                                最后更新时间：2026-01-19T18:27:52.805Z
                                =================================================
2026-01-19 23:30:44 - mkk_pika - database.py:101 - INFO - 保存成功：ニヤニヤ教授に敗北するかと思ったらそうでもない本 | 本以为会败给笑面教授结果却被我反将一军的本子
2026-01-19 23:30:44 - mkk_pika - main.py:35 - INFO - 开始检查スキスキお兄ちゃん冬エッチ ～冬の温め合いコタツでエッチからのお風呂エッチでぽかぽかイチャラブな二人～是否存在未下载章节
2026-01-19 23:30:44 - mkk_pika - main.py:45 - INFO - 正在下载:[スキスキお兄ちゃん冬エッチ ～冬の温め合いコタツでエッチからのお風呂エッチでぽかぽかイチャラブな二人～]-[ネコぬめ堂 (ネコぬめ)]-[['短篇', '妹妹系']]-[total_pages:-1]
2026-01-19 23:30:44 - mkk_pika - main.py:49 - INFO - [{'_id': '696e778220f7216565735e9d', 'title': '第1話', 'order': 1, 'updated_at': '2026-01-18T11:33:39.749Z', 'id': '696e778220f7216565735e9d'}]
2026-01-19 23:30:44 - mkk_pika - database.py:215 - INFO - 第一次下载该漫画，记录数据库中
2026-01-19 23:30:45 - mkk_pika - main.py:83 - INFO - 找到 29 张图片在:第1話
2026-01-19 23:30:46 - mkk_pika - main.py:112 - INFO - [episode:第1話       ] downloaded:    29, total:  29, progress:100%
2026-01-19 23:30:46 - mkk_pika - database.py:238 - INFO - 数据库更新已下载章节
2026-01-19 23:30:46 - mkk_pika - database.py:244 - INFO - 该漫画已下载章节如下
2026-01-19 23:30:46 - mkk_pika - database.py:245 - INFO - ['第1話']
2026-01-19 23:30:48 - mkk_pika - main.py:292 - INFO - ==================== 漫画信息 ====================
                                漫画ID：696e778220f7216565735e9c
                                标题：スキスキお兄ちゃん冬エッチ ～冬の温め合いコタツでエッチからのお風呂エッチでぽかぽかイチャラブな二人～
                                作者：ネコぬめ堂 (ネコぬめ)
                                是否完结：是
                                总页数：29
                                分类：短篇,妹妹系
                                章节数：1
                                最后更新时间：2026-01-19T18:27:14.936Z
                                =================================================
2026-01-19 23:30:48 - mkk_pika - database.py:101 - INFO - 保存成功：スキスキお兄ちゃん冬エッチ ～冬の温め合いコタツでエッチからのお風呂エッチでぽかぽかイチャラブな二人～
2026-01-19 23:30:48 - mkk_pika - main.py:35 - INFO - 开始检查貴方達の玩具にはなりません! (ブルーアーカイブ)是否存在未下载章节
2026-01-19 23:30:48 - mkk_pika - main.py:45 - INFO - 正在下载:[貴方達の玩具にはなりません! (ブルーアーカイブ)]-[なな百屋 (やおな)]-[['同人', '短篇', 'NTR']]-[total_pages:-1]
2026-01-19 23:30:48 - mkk_pika - main.py:49 - INFO - [{'_id': '696e776d5a285f65756b2cbf', 'title': '第1話', 'order': 1, 'updated_at': '2026-01-18T11:21:53.526Z', 'id': '696e776d5a285f65756b2cbf'}]
2026-01-19 23:30:48 - mkk_pika - database.py:215 - INFO - 第一次下载该漫画，记录数据库中
2026-01-19 23:30:49 - mkk_pika - main.py:83 - INFO - 找到 28 张图片在:第1話
2026-01-19 23:30:50 - mkk_pika - main.py:112 - INFO - [episode:第1話       ] downloaded:    28, total:  28, progress:100%
2026-01-19 23:30:50 - mkk_pika - database.py:238 - INFO - 数据库更新已下载章节
2026-01-19 23:30:50 - mkk_pika - database.py:244 - INFO - 该漫画已下载章节如下
2026-01-19 23:30:50 - mkk_pika - database.py:245 - INFO - ['第1話']
2026-01-19 23:30:51 - mkk_pika - main.py:292 - INFO - ==================== 漫画信息 ====================
                                漫画ID：696e776d5a285f65756b2cbe
                                标题：貴方達の玩具にはなりません! (ブルーアーカイブ)
                                作者：なな百屋 (やおな)
                                是否完结：是
                                总页数：28
                                分类：同人,短篇,NTR
                                章节数：1
                                最后更新时间：2026-01-19T18:26:53.757Z
                                =================================================
2026-01-19 23:30:51 - mkk_pika - database.py:101 - INFO - 保存成功：貴方達の玩具にはなりません! (ブルーアーカイブ)
2026-01-19 23:30:51 - mkk_pika - main.py:35 - INFO - 开始检查イブキのことせんせいでいっぱいにしてください (ブルーアーカイブ)是否存在未下载章节
2026-01-19 23:30:52 - mkk_pika - main.py:45 - INFO - 正在下载:[イブキのことせんせいでいっぱいにしてください (ブルーアーカイブ)]-[がちもちょぐら (ガチ盲腸)]-[['同人', '短篇']]-[total_pages:-1]
2026-01-19 23:30:52 - mkk_pika - main.py:49 - INFO - [{'_id': '696e775a5a285f65756b2c80', 'title': '第1話', 'order': 1, 'updated_at': '2026-01-18T11:13:37.761Z', 'id': '696e775a5a285f65756b2c80'}]
2026-01-19 23:30:52 - mkk_pika - database.py:215 - INFO - 第一次下载该漫画，记录数据库中
2026-01-19 23:30:52 - mkk_pika - main.py:83 - INFO - 找到 18 张图片在:第1話
2026-01-19 23:30:53 - mkk_pika - main.py:112 - INFO - [episode:第1話       ] downloaded:    18, total:  18, progress:100%
2026-01-19 23:30:53 - mkk_pika - database.py:238 - INFO - 数据库更新已下载章节
2026-01-19 23:30:53 - mkk_pika - database.py:244 - INFO - 该漫画已下载章节如下
2026-01-19 23:30:53 - mkk_pika - database.py:245 - INFO - ['第1話']
2026-01-19 23:30:55 - mkk_pika - main.py:292 - INFO - ==================== 漫画信息 ====================
                                漫画ID：696e775a5a285f65756b2c7f
                                标题：イブキのことせんせいでいっぱいにしてください (ブルーアーカイブ)
                                作者：がちもちょぐら (ガチ盲腸)
                                是否完结：是
                                总页数：18
                                分类：同人,短篇
                                章节数：1
                                最后更新时间：2026-01-19T18:26:34.305Z
                                =================================================
2026-01-19 23:30:55 - mkk_pika - database.py:101 - INFO - 保存成功：イブキのことせんせいでいっぱいにしてください (ブルーアーカイブ)
2026-01-19 23:30:55 - mkk_pika - main.py:35 - INFO - 开始检查 紐神さまと ひと晩中体液交換 (ダンジョンに出会いを求めるのは間違っているだろうか) [中国翻訳] [DL版]是否存在未下载章节
2026-01-19 23:30:55 - mkk_pika - database.py:203 - INFO - 查询数据库中是否已存在第1話
2026-01-19 23:30:55 - mkk_pika - main.py:51 - INFO -  紐神さまと ひと晩中体液交換 (ダンジョンに出会いを求めるのは間違っているだろうか) [中国翻訳] [DL版]中没有可下载章节
2026-01-19 23:30:55 - mkk_pika - main.py:292 - INFO - ==================== 漫画信息 ====================
                                漫画ID：696d18ba5a285f65756b26b4
                                标题： 紐神さまと ひと晩中体液交換 (ダンジョンに出会いを求めるのは間違っているだろうか) [中国翻訳] [DL版]
                                作者：エンテレケイア (ちるまくろ)
                                是否完结：是
                                总页数：90
                                分类：長篇,同人
                                章节数：1
                                最后更新时间：2026-01-18T17:30:34.943Z
                                =================================================
2026-01-19 23:30:55 - mkk_pika - database.py:101 - INFO - 保存成功： 紐神さまと ひと晩中体液交換 (ダンジョンに出会いを求めるのは間違っているだろうか) [中国翻訳] [DL版]
2026-01-19 23:30:55 - mkk_pika - main.py:323 - INFO - 订阅内容内容下载完毕
2026-01-19 23:30:55 - mkk_pika - main.py:324 - INFO - 开始分批下载全部章节
2026-01-19 23:30:55 - mkk_pika - database.py:280 - INFO - 表和索引初始化成功
2026-01-19 23:30:56 - mkk_pika - main.py:177 - INFO - 已经下载了57页，一共6691页，现在开始添加第58页
2026-01-19 23:30:56 - mkk_pika - database.py:318 - INFO - 保存成功
2026-01-19 23:30:57 - mkk_pika - main.py:177 - INFO - 已经下载了58页，一共6691页，现在开始添加第59页
2026-01-19 23:30:57 - mkk_pika - database.py:318 - INFO - 保存成功
2026-01-19 23:30:57 - mkk_pika - main.py:331 - INFO - 分批下载共计40本漫画
2026-01-19 23:30:57 - mkk_pika - main.py:35 - INFO - 开始检查じょしラク！是否存在未下载章节
2026-01-19 23:30:57 - mkk_pika - main.py:45 - INFO - 正在下载:[じょしラク！]-[DISTANCE]-[['長篇', '後宮閃光', '妹妹系']]-[total_pages:246]
2026-01-19 23:30:57 - mkk_pika - main.py:49 - INFO - [{'_id': '58218c935f6b9a4f93e10769', 'title': '第1集', 'order': 1, 'updated_at': '2016-11-08T08:28:03.333Z', 'id': '58218c935f6b9a4f93e10769'}]
2026-01-19 23:30:57 - mkk_pika - database.py:215 - INFO - 第一次下载该漫画，记录数据库中
2026-01-19 23:31:00 - mkk_pika - main.py:83 - INFO - 找到 246 张图片在:第1集
2026-01-19 23:31:06 - mkk_pika - main.py:112 - INFO - [episode:第1集       ] downloaded:   246, total: 246, progress:100%
2026-01-19 23:31:06 - mkk_pika - database.py:238 - INFO - 数据库更新已下载章节
2026-01-19 23:31:06 - mkk_pika - database.py:244 - INFO - 该漫画已下载章节如下
2026-01-19 23:31:06 - mkk_pika - database.py:245 - INFO - ['第1集']
2026-01-19 23:31:07 - mkk_pika - main.py:348 - INFO - ==================== 漫画信息 ====================
                                   漫画ID：58218c925f6b9a4f93e10767
                                   标题：じょしラク！
                                   作者：DISTANCE
                                   是否完结：是
                                   总页数：246
                                   分类：長篇,後宮閃光,妹妹系
                                   章节数：1
                                   最后更新时间：2008-04-26T14:47:23.000Z
                                   =================================================
2026-01-19 23:31:07 - mkk_pika - database.py:101 - INFO - 保存成功：じょしラク！
2026-01-19 23:31:07 - mkk_pika - main.py:35 - INFO - 开始检查露出少女异谭[1-8]是否存在未下载章节
2026-01-19 23:31:07 - mkk_pika - main.py:45 - INFO - 正在下载:[露出少女异谭[1-8]]-[Rokumonsen]-[['長篇', '妹妹系']]-[total_pages:256]
2026-01-19 23:31:07 - mkk_pika - main.py:49 - INFO - [{'_id': '58218c945f6b9a4f93e10959', 'title': '第1集', 'order': 1, 'updated_at': '2016-11-08T08:28:04.610Z', 'id': '58218c945f6b9a4f93e10959'}, {'_id': '58218c945f6b9a4f93e10987', 'title': '第2集', 'order': 2, 'updated_at': '2016-11-08T08:28:04.931Z', 'id': '58218c945f6b9a4f93e10987'}, {'_id': '58218c955f6b9a4f93e109bf', 'title': '第3集', 'order': 3, 'updated_at': '2016-11-08T08:28:05.362Z', 'id': '58218c955f6b9a4f93e109bf'}, {'_id': '58218c955f6b9a4f93e109ef', 'title': '第4集', 'order': 4, 'updated_at': '2016-11-08T08:28:05.743Z', 'id': '58218c955f6b9a4f93e109ef'}, {'_id': '58218c965f6b9a4f93e10a17', 'title': '第5集', 'order': 5, 'updated_at': '2016-11-08T08:28:06.333Z', 'id': '58218c965f6b9a4f93e10a17'}, {'_id': '58218c965f6b9a4f93e10a57', 'title': '第6集', 'order': 6, 'updated_at': '2016-11-08T08:28:06.987Z', 'id': '58218c965f6b9a4f93e10a57'}, {'_id': '58218c975f6b9a4f93e10a9b', 'title': '第7集', 'order': 7, 'updated_at': '2016-11-08T08:28:07.474Z', 'id': '58218c975f6b9a4f93e10a9b'}, {'_id': '58218c975f6b9a4f93e10ae3', 'title': '第8集', 'order': 8, 'updated_at': '2016-11-08T08:28:07.969Z', 'id': '58218c975f6b9a4f93e10ae3'}, {'_id': '58218c985f6b9a4f93e10b2b', 'title': '第9集', 'order': 9, 'updated_at': '2016-11-08T08:28:08.436Z', 'id': '58218c985f6b9a4f93e10b2b'}]
2026-01-19 23:31:07 - mkk_pika - database.py:215 - INFO - 第一次下载该漫画，记录数据库中
2026-01-19 23:31:08 - mkk_pika - main.py:83 - INFO - 找到 22 张图片在:第1集
2026-01-19 23:31:09 - mkk_pika - main.py:112 - INFO - [episode:第1集       ] downloaded:    22, total:  22, progress:100%
2026-01-19 23:31:09 - mkk_pika - database.py:238 - INFO - 数据库更新已下载章节
2026-01-19 23:31:09 - mkk_pika - database.py:244 - INFO - 该漫画已下载章节如下
2026-01-19 23:31:09 - mkk_pika - database.py:245 - INFO - ['第1集']
2026-01-19 23:31:10 - mkk_pika - main.py:83 - INFO - 找到 27 张图片在:第2集
2026-01-19 23:31:11 - mkk_pika - main.py:112 - INFO - [episode:第2集       ] downloaded:    27, total:  27, progress:100%
2026-01-19 23:31:11 - mkk_pika - database.py:238 - INFO - 数据库更新已下载章节
2026-01-19 23:31:11 - mkk_pika - database.py:244 - INFO - 该漫画已下载章节如下
2026-01-19 23:31:11 - mkk_pika - database.py:245 - INFO - ['第1集', '第2集']
2026-01-19 23:31:13 - mkk_pika - main.py:83 - INFO - 找到 23 张图片在:第3集
2026-01-19 23:31:13 - mkk_pika - main.py:112 - INFO - [episode:第3集       ] downloaded:    23, total:  23, progress:100%
2026-01-19 23:31:13 - mkk_pika - database.py:238 - INFO - 数据库更新已下载章节
2026-01-19 23:31:13 - mkk_pika - database.py:244 - INFO - 该漫画已下载章节如下
2026-01-19 23:31:13 - mkk_pika - database.py:245 - INFO - ['第1集', '第2集', '第3集']
2026-01-19 23:31:15 - mkk_pika - main.py:83 - INFO - 找到 19 张图片在:第4集
2026-01-19 23:31:15 - mkk_pika - main.py:112 - INFO - [episode:第4集       ] downloaded:    19, total:  19, progress:100%
2026-01-19 23:31:15 - mkk_pika - database.py:238 - INFO - 数据库更新已下载章节
2026-01-19 23:31:15 - mkk_pika - database.py:244 - INFO - 该漫画已下载章节如下
2026-01-19 23:31:15 - mkk_pika - database.py:245 - INFO - ['第1集', '第2集', '第3集', '第4集']
2026-01-19 23:31:17 - mkk_pika - main.py:83 - INFO - 找到 31 张图片在:第5集
2026-01-19 23:31:18 - mkk_pika - main.py:112 - INFO - [episode:第5集       ] downloaded:    31, total:  31, progress:100%
2026-01-19 23:31:18 - mkk_pika - database.py:238 - INFO - 数据库更新已下载章节
2026-01-19 23:31:18 - mkk_pika - database.py:244 - INFO - 该漫画已下载章节如下
2026-01-19 23:31:18 - mkk_pika - database.py:245 - INFO - ['第1集', '第2集', '第3集', '第4集', '第5集']
2026-01-19 23:31:19 - mkk_pika - main.py:83 - INFO - 找到 33 张图片在:第6集
2026-01-19 23:31:20 - mkk_pika - main.py:112 - INFO - [episode:第6集       ] downloaded:    33, total:  33, progress:100%
2026-01-19 23:31:20 - mkk_pika - database.py:238 - INFO - 数据库更新已下载章节
2026-01-19 23:31:20 - mkk_pika - database.py:244 - INFO - 该漫画已下载章节如下
2026-01-19 23:31:20 - mkk_pika - database.py:245 - INFO - ['第1集', '第2集', '第3集', '第4集', '第5集', '第6集']
2026-01-19 23:31:22 - mkk_pika - main.py:83 - INFO - 找到 35 张图片在:第7集
2026-01-19 23:31:22 - mkk_pika - main.py:112 - INFO - [episode:第7集       ] downloaded:    35, total:  35, progress:100%
2026-01-19 23:31:22 - mkk_pika - database.py:238 - INFO - 数据库更新已下载章节
2026-01-19 23:31:22 - mkk_pika - database.py:244 - INFO - 该漫画已下载章节如下
2026-01-19 23:31:22 - mkk_pika - database.py:245 - INFO - ['第1集', '第2集', '第3集', '第4集', '第5集', '第6集', '第7集']
2026-01-19 23:31:24 - mkk_pika - main.py:83 - INFO - 找到 35 张图片在:第8集
2026-01-19 23:31:25 - mkk_pika - main.py:112 - INFO - [episode:第8集       ] downloaded:    35, total:  35, progress:100%
2026-01-19 23:31:25 - mkk_pika - database.py:238 - INFO - 数据库更新已下载章节
2026-01-19 23:31:25 - mkk_pika - database.py:244 - INFO - 该漫画已下载章节如下
2026-01-19 23:31:25 - mkk_pika - database.py:245 - INFO - ['第1集', '第2集', '第3集', '第4集', '第5集', '第6集', '第7集', '第8集']
2026-01-19 23:31:27 - mkk_pika - main.py:83 - INFO - 找到 31 张图片在:第9集
2026-01-19 23:31:27 - mkk_pika - main.py:112 - INFO - [episode:第9集       ] downloaded:    31, total:  31, progress:100%
2026-01-19 23:31:27 - mkk_pika - database.py:238 - INFO - 数据库更新已下载章节
2026-01-19 23:31:27 - mkk_pika - database.py:244 - INFO - 该漫画已下载章节如下
2026-01-19 23:31:27 - mkk_pika - database.py:245 - INFO - ['第1集', '第2集', '第3集', '第4集', '第5集', '第6集', '第7集', '第8集', '第9集']
2026-01-19 23:31:29 - mkk_pika - main.py:348 - INFO - ==================== 漫画信息 ====================
                                   漫画ID：58218c945f6b9a4f93e10957
                                   标题：露出少女异谭[1-8]
                                   作者：Rokumonsen
                                   是否完结：否
                                   总页数：256
                                   分类：長篇,妹妹系
                                   章节数：9
                                   最后更新时间：2008-04-27T00:47:23.000Z
                                   =================================================
2026-01-19 23:31:29 - mkk_pika - database.py:101 - INFO - 保存成功：露出少女异谭[1-8]
2026-01-19 23:31:29 - mkk_pika - main.py:35 - INFO - 开始检查Marigold是否存在未下载章节
2026-01-19 23:31:29 - mkk_pika - main.py:45 - INFO - 正在下载:[Marigold]-[Takumi na Muchi]-[['同人', '短篇', '純愛']]-[total_pages:27]
2026-01-19 23:31:29 - mkk_pika - main.py:49 - INFO - [{'_id': '58218c995f6b9a4f93e10b6d', 'title': '第1集', 'order': 1, 'updated_at': '2016-11-08T08:28:09.157Z', 'id': '58218c995f6b9a4f93e10b6d'}]
2026-01-19 23:31:29 - mkk_pika - database.py:215 - INFO - 第一次下载该漫画，记录数据库中
2026-01-19 23:31:30 - mkk_pika - main.py:83 - INFO - 找到 27 张图片在:第1集
2026-01-19 23:31:30 - mkk_pika - main.py:112 - INFO - [episode:第1集       ] downloaded:    27, total:  27, progress:100%
2026-01-19 23:31:30 - mkk_pika - database.py:238 - INFO - 数据库更新已下载章节
2026-01-19 23:31:30 - mkk_pika - database.py:244 - INFO - 该漫画已下载章节如下
2026-01-19 23:31:30 - mkk_pika - database.py:245 - INFO - ['第1集']
2026-01-19 23:31:32 - mkk_pika - main.py:348 - INFO - ==================== 漫画信息 ====================
                                   漫画ID：58218c985f6b9a4f93e10b6b
                                   标题：Marigold
                                   作者：Takumi na Muchi
                                   是否完结：是
                                   总页数：27
                                   分类：同人,短篇,純愛
                                   章节数：1
                                   最后更新时间：2008-04-27T10:47:23.000Z
                                   =================================================
2026-01-19 23:31:32 - mkk_pika - database.py:101 - INFO - 保存成功：Marigold
2026-01-19 23:31:32 - mkk_pika - main.py:35 - INFO - 开始检查(C88)Tamani wa Ore no Seishun Love Come mo Machigat Tatte Ii Janai是否存在未下载章节
2026-01-19 23:31:32 - mkk_pika - main.py:45 - INFO - 正在下载:[(C88)Tamani wa Ore no Seishun Love Come mo Machigat Tatte Ii Janai]-[WIREFRAME]-[['同人', '短篇', '純愛']]-[total_pages:21]
2026-01-19 23:31:32 - mkk_pika - main.py:49 - INFO - [{'_id': '58218c995f6b9a4f93e10ba7', 'title': '第1集', 'order': 1, 'updated_at': '2016-11-08T08:28:09.608Z', 'id': '58218c995f6b9a4f93e10ba7'}]
2026-01-19 23:31:32 - mkk_pika - database.py:215 - INFO - 第一次下载该漫画，记录数据库中
2026-01-19 23:31:33 - mkk_pika - main.py:83 - INFO - 找到 21 张图片在:第1集
2026-01-19 23:31:33 - mkk_pika - main.py:112 - INFO - [episode:第1集       ] downloaded:    21, total:  21, progress:100%
2026-01-19 23:31:33 - mkk_pika - database.py:238 - INFO - 数据库更新已下载章节
2026-01-19 23:31:33 - mkk_pika - database.py:244 - INFO - 该漫画已下载章节如下
2026-01-19 23:31:33 - mkk_pika - database.py:245 - INFO - ['第1集']
2026-01-19 23:31:34 - mkk_pika - main.py:348 - INFO - ==================== 漫画信息 ====================
                                   漫画ID：58218c995f6b9a4f93e10ba5
                                   标题：(C88)Tamani wa Ore no Seishun Love Come mo Machigat Tatte Ii Janai
                                   作者：WIREFRAME
                                   是否完结：是
                                   总页数：21
                                   分类：同人,短篇,純愛
                                   章节数：1
                                   最后更新时间：2008-04-27T20:47:23.000Z
                                   =================================================
2026-01-19 23:31:34 - mkk_pika - database.py:101 - INFO - 保存成功：(C88)Tamani wa Ore no Seishun Love Come mo Machigat Tatte Ii Janai
2026-01-19 23:31:34 - mkk_pika - main.py:35 - INFO - 开始检查Monochro Syrup是否存在未下载章节
2026-01-19 23:31:35 - mkk_pika - main.py:45 - INFO - 正在下载:[Monochro Syrup]-[Yuizaki Kazuya]-[['同人', '短篇', '妹妹系', '純愛']]-[total_pages:21]
2026-01-19 23:31:35 - mkk_pika - main.py:49 - INFO - [{'_id': '58218c995f6b9a4f93e10bd5', 'title': '第1集', 'order': 1, 'updated_at': '2016-11-08T08:28:09.959Z', 'id': '58218c995f6b9a4f93e10bd5'}]
2026-01-19 23:31:35 - mkk_pika - database.py:215 - INFO - 第一次下载该漫画，记录数据库中
2026-01-19 23:31:35 - mkk_pika - main.py:83 - INFO - 找到 21 张图片在:第1集
2026-01-19 23:31:36 - mkk_pika - main.py:112 - INFO - [episode:第1集       ] downloaded:    21, total:  21, progress:100%
2026-01-19 23:31:36 - mkk_pika - database.py:238 - INFO - 数据库更新已下载章节
2026-01-19 23:31:36 - mkk_pika - database.py:244 - INFO - 该漫画已下载章节如下
2026-01-19 23:31:36 - mkk_pika - database.py:245 - INFO - ['第1集']
2026-01-19 23:31:37 - mkk_pika - main.py:348 - INFO - ==================== 漫画信息 ====================
                                   漫画ID：58218c995f6b9a4f93e10bd3
                                   标题：Monochro Syrup
                                   作者：Yuizaki Kazuya
                                   是否完结：是
                                   总页数：21
                                   分类：同人,短篇,妹妹系,純愛
                                   章节数：1
                                   最后更新时间：2008-04-28T06:47:23.000Z
                                   =================================================
2026-01-19 23:31:37 - mkk_pika - database.py:101 - INFO - 保存成功：Monochro Syrup
2026-01-19 23:31:37 - mkk_pika - main.py:35 - INFO - 开始检查GIRLFriend’s 8是否存在未下载章节
2026-01-19 23:31:38 - mkk_pika - main.py:45 - INFO - 正在下载:[GIRLFriend’s 8]-[Kikunosukemaru]-[['同人', '短篇', '強暴', '東方']]-[total_pages:25]
2026-01-19 23:31:38 - mkk_pika - main.py:49 - INFO - [{'_id': '58218c9a5f6b9a4f93e10c03', 'title': '第1集', 'order': 1, 'updated_at': '2016-11-08T08:28:10.578Z', 'id': '58218c9a5f6b9a4f93e10c03'}]
2026-01-19 23:31:38 - mkk_pika - database.py:215 - INFO - 第一次下载该漫画，记录数据库中
2026-01-19 23:31:38 - mkk_pika - main.py:83 - INFO - 找到 25 张图片在:第1集
2026-01-19 23:31:39 - mkk_pika - main.py:112 - INFO - [episode:第1集       ] downloaded:    25, total:  25, progress:100%
2026-01-19 23:31:39 - mkk_pika - database.py:238 - INFO - 数据库更新已下载章节
2026-01-19 23:31:39 - mkk_pika - database.py:244 - INFO - 该漫画已下载章节如下
2026-01-19 23:31:39 - mkk_pika - database.py:245 - INFO - ['第1集']
2026-01-19 23:31:40 - mkk_pika - main.py:348 - INFO - ==================== 漫画信息 ====================
                                   漫画ID：58218c9a5f6b9a4f93e10c01
                                   标题：GIRLFriend’s 8
                                   作者：Kikunosukemaru
                                   是否完结：是
                                   总页数：25
                                   分类：同人,短篇,強暴,東方
                                   章节数：1
                                   最后更新时间：2008-04-28T16:47:23.000Z
                                   =================================================
2026-01-19 23:31:40 - mkk_pika - database.py:101 - INFO - 保存成功：GIRLFriend’s 8
2026-01-19 23:31:40 - mkk_pika - main.py:35 - INFO - 开始检查ろりまん娘んぷれっくす是否存在未下载章节
2026-01-19 23:31:41 - mkk_pika - main.py:45 - INFO - 正在下载:[ろりまん娘んぷれっくす]-[RO]-[['同人', '長篇', '非人類', '強暴', '妹妹系']]-[total_pages:185]
2026-01-19 23:31:41 - mkk_pika - main.py:49 - INFO - [{'_id': '58218c9b5f6b9a4f93e10c39', 'title': '第1集', 'order': 1, 'updated_at': '2016-11-08T08:28:11.191Z', 'id': '58218c9b5f6b9a4f93e10c39'}]
2026-01-19 23:31:41 - mkk_pika - database.py:215 - INFO - 第一次下载该漫画，记录数据库中
2026-01-19 23:31:43 - mkk_pika - main.py:83 - INFO - 找到 185 张图片在:第1集
2026-01-19 23:31:47 - mkk_pika - main.py:112 - INFO - [episode:第1集       ] downloaded:   185, total: 185, progress:100%
2026-01-19 23:31:47 - mkk_pika - database.py:238 - INFO - 数据库更新已下载章节
2026-01-19 23:31:47 - mkk_pika - database.py:244 - INFO - 该漫画已下载章节如下
2026-01-19 23:31:47 - mkk_pika - database.py:245 - INFO - ['第1集']
2026-01-19 23:31:48 - mkk_pika - main.py:348 - INFO - ==================== 漫画信息 ====================
                                   漫画ID：58218c9a5f6b9a4f93e10c37
                                   标题：ろりまん娘んぷれっくす
                                   作者：RO
                                   是否完结：是
                                   总页数：185
                                   分类：同人,長篇,非人類,強暴,妹妹系
                                   章节数：1
                                   最后更新时间：2008-04-29T02:47:23.000Z
                                   =================================================
2026-01-19 23:31:48 - mkk_pika - database.py:101 - INFO - 保存成功：ろりまん娘んぷれっくす
2026-01-19 23:31:48 - mkk_pika - main.py:35 - INFO - 开始检查ふたりきりの放課後是否存在未下载章节
2026-01-19 23:31:48 - mkk_pika - main.py:45 - INFO - 正在下载:[ふたりきりの放課後]-[槍衣七五三太]-[['同人', '長篇', '姐姐系', '純愛']]-[total_pages:206]
2026-01-19 23:31:48 - mkk_pika - main.py:49 - INFO - [{'_id': '58218c9c5f6b9a4f93e10daf', 'title': '第1集', 'order': 1, 'updated_at': '2016-11-08T08:28:12.617Z', 'id': '58218c9c5f6b9a4f93e10daf'}]
2026-01-19 23:31:48 - mkk_pika - database.py:215 - INFO - 第一次下载该漫画，记录数据库中
2026-01-19 23:31:51 - mkk_pika - main.py:83 - INFO - 找到 206 张图片在:第1集
2026-01-19 23:32:05 - mkk_pika - main.py:26 - ERROR - Attempt 1 timeout for https://storage1.picacomic.com/static/f2b1eac1-8f01-4d0c-9357-0f1213123957.jpg
2026-01-19 23:32:06 - mkk_pika - main.py:112 - INFO - [episode:第1集       ] downloaded:   206, total: 206, progress:100%
2026-01-19 23:32:06 - mkk_pika - database.py:238 - INFO - 数据库更新已下载章节
2026-01-19 23:32:06 - mkk_pika - database.py:244 - INFO - 该漫画已下载章节如下
2026-01-19 23:32:06 - mkk_pika - database.py:245 - INFO - ['第1集']
2026-01-19 23:32:07 - mkk_pika - main.py:348 - INFO - ==================== 漫画信息 ====================
                                   漫画ID：58218c9c5f6b9a4f93e10dad
                                   标题：ふたりきりの放課後
                                   作者：槍衣七五三太
                                   是否完结：是
                                   总页数：206
                                   分类：同人,長篇,姐姐系,純愛
                                   章节数：1
                                   最后更新时间：2008-04-29T12:47:23.000Z
                                   =================================================
2026-01-19 23:32:07 - mkk_pika - database.py:101 - INFO - 保存成功：ふたりきりの放課後
2026-01-19 23:32:07 - mkk_pika - main.py:35 - INFO - 开始检查乳頭ひーとあっぷ是否存在未下载章节
2026-01-19 23:32:07 - mkk_pika - main.py:45 - INFO - 正在下载:[乳頭ひーとあっぷ]-[榎本 ひでひら]-[['同人', '長篇', '純愛']]-[total_pages:199]
2026-01-19 23:32:07 - mkk_pika - main.py:49 - INFO - [{'_id': '58218c9e5f6b9a4f93e10f4f', 'title': '第1集', 'order': 1, 'updated_at': '2016-11-08T08:28:14.341Z', 'id': '58218c9e5f6b9a4f93e10f4f'}]
2026-01-19 23:32:07 - mkk_pika - database.py:215 - INFO - 第一次下载该漫画，记录数据库中
2026-01-19 23:32:09 - mkk_pika - main.py:83 - INFO - 找到 199 张图片在:第1集
2026-01-19 23:32:10 - mkk_pika - main.py:28 - ERROR - Attempt 1 error for https://storage1.picacomic.com/static/8b994e24-a537-45c3-924d-5b3cf466c525.jpg: ('Connection aborted.', RemoteDisconnected('Remote end closed connection without response'))
2026-01-19 23:32:14 - mkk_pika - main.py:112 - INFO - [episode:第1集       ] downloaded:   199, total: 199, progress:100%
2026-01-19 23:32:14 - mkk_pika - database.py:238 - INFO - 数据库更新已下载章节
2026-01-19 23:32:14 - mkk_pika - database.py:244 - INFO - 该漫画已下载章节如下
2026-01-19 23:32:14 - mkk_pika - database.py:245 - INFO - ['第1集']
2026-01-19 23:32:15 - mkk_pika - main.py:348 - INFO - ==================== 漫画信息 ====================
                                   漫画ID：58218c9d5f6b9a4f93e10f4d
                                   标题：乳頭ひーとあっぷ
                                   作者：榎本 ひでひら
                                   是否完结：是
                                   总页数：199
                                   分类：同人,長篇,純愛
                                   章节数：1
                                   最后更新时间：2008-04-29T22:47:23.000Z
                                   =================================================
2026-01-19 23:32:15 - mkk_pika - database.py:101 - INFO - 保存成功：乳頭ひーとあっぷ
2026-01-19 23:32:15 - mkk_pika - main.py:35 - INFO - 开始检查男の子女の子是否存在未下载章节
2026-01-19 23:32:16 - mkk_pika - main.py:45 - INFO - 正在下载:[男の子女の子]-[楓牙]-[['同人', '長篇', '純愛']]-[total_pages:234]
2026-01-19 23:32:16 - mkk_pika - main.py:49 - INFO - [{'_id': '58218c9f5f6b9a4f93e110e1', 'title': '第1集', 'order': 1, 'updated_at': '2016-11-08T08:28:15.359Z', 'id': '58218c9f5f6b9a4f93e110e1'}]
2026-01-19 23:32:16 - mkk_pika - database.py:215 - INFO - 第一次下载该漫画，记录数据库中
2026-01-19 23:32:18 - mkk_pika - main.py:83 - INFO - 找到 234 张图片在:第1集
2026-01-19 23:32:23 - mkk_pika - main.py:112 - INFO - [episode:第1集       ] downloaded:   234, total: 234, progress:100%
2026-01-19 23:32:23 - mkk_pika - database.py:238 - INFO - 数据库更新已下载章节
2026-01-19 23:32:23 - mkk_pika - database.py:244 - INFO - 该漫画已下载章节如下
2026-01-19 23:32:23 - mkk_pika - database.py:245 - INFO - ['第1集']
2026-01-19 23:32:24 - mkk_pika - main.py:348 - INFO - ==================== 漫画信息 ====================
                                   漫画ID：58218c9e5f6b9a4f93e110df
                                   标题：男の子女の子
                                   作者：楓牙
                                   是否完结：是
                                   总页数：234
                                   分类：同人,長篇,純愛
                                   章节数：1
                                   最后更新时间：2008-04-30T08:47:23.000Z
                                   =================================================
2026-01-19 23:32:24 - mkk_pika - database.py:101 - INFO - 保存成功：男の子女の子
2026-01-19 23:32:24 - mkk_pika - main.py:35 - INFO - 开始检查あまえたがり是否存在未下载章节
2026-01-19 23:32:25 - mkk_pika - main.py:45 - INFO - 正在下载:[あまえたがり]-[桃月すず]-[['長篇', '強暴', '姐姐系', '單行本', '純愛']]-[total_pages:226]
2026-01-19 23:32:25 - mkk_pika - main.py:49 - INFO - [{'_id': '5edf4ca0b32a281a10864584', 'title': '第1話', 'order': 1, 'updated_at': '2020-06-09T06:28:32.822Z', 'id': '5edf4ca0b32a281a10864584'}]
2026-01-19 23:32:25 - mkk_pika - database.py:215 - INFO - 第一次下载该漫画，记录数据库中
2026-01-19 23:32:27 - mkk_pika - main.py:83 - INFO - 找到 226 张图片在:第1話
2026-01-19 23:32:32 - mkk_pika - main.py:112 - INFO - [episode:第1話       ] downloaded:   226, total: 226, progress:100%
2026-01-19 23:32:32 - mkk_pika - database.py:238 - INFO - 数据库更新已下载章节
2026-01-19 23:32:32 - mkk_pika - database.py:244 - INFO - 该漫画已下载章节如下
2026-01-19 23:32:32 - mkk_pika - database.py:245 - INFO - ['第1話']
2026-01-19 23:32:33 - mkk_pika - main.py:348 - INFO - ==================== 漫画信息 ====================
                                   漫画ID：58218c9f5f6b9a4f93e112b7
                                   标题：あまえたがり
                                   作者：桃月すず
                                   是否完结：是
                                   总页数：226
                                   分类：長篇,強暴,姐姐系,單行本,純愛
                                   章节数：1
                                   最后更新时间：2008-04-30T18:47:23.000Z
                                   =================================================
2026-01-19 23:32:33 - mkk_pika - database.py:101 - INFO - 保存成功：あまえたがり
2026-01-19 23:32:33 - mkk_pika - main.py:35 - INFO - 开始检查告白Lovers是否存在未下载章节
2026-01-19 23:32:34 - mkk_pika - main.py:45 - INFO - 正在下载:[告白Lovers]-[桂井よしあき]-[['同人', '長篇', '後宮閃光', '姐姐系', '純愛']]-[total_pages:213]
2026-01-19 23:32:34 - mkk_pika - main.py:49 - INFO - [{'_id': '58218ca15f6b9a4f93e11471', 'title': '第1集', 'order': 1, 'updated_at': '2016-11-08T08:28:17.560Z', 'id': '58218ca15f6b9a4f93e11471'}]
2026-01-19 23:32:34 - mkk_pika - database.py:215 - INFO - 第一次下载该漫画，记录数据库中
2026-01-19 23:32:36 - mkk_pika - main.py:83 - INFO - 找到 213 张图片在:第1集
2026-01-19 23:32:40 - mkk_pika - main.py:112 - INFO - [episode:第1集       ] downloaded:   213, total: 213, progress:100%
2026-01-19 23:32:40 - mkk_pika - database.py:238 - INFO - 数据库更新已下载章节
2026-01-19 23:32:40 - mkk_pika - database.py:244 - INFO - 该漫画已下载章节如下
2026-01-19 23:32:40 - mkk_pika - database.py:245 - INFO - ['第1集']
2026-01-19 23:32:42 - mkk_pika - main.py:348 - INFO - ==================== 漫画信息 ====================
                                   漫画ID：58218ca15f6b9a4f93e1146f
                                   标题：告白Lovers
                                   作者：桂井よしあき
                                   是否完结：是
                                   总页数：213
                                   分类：同人,長篇,後宮閃光,姐姐系,純愛
                                   章节数：1
                                   最后更新时间：2008-05-01T04:47:23.000Z
                                   =================================================
2026-01-19 23:32:42 - mkk_pika - database.py:101 - INFO - 保存成功：告白Lovers
2026-01-19 23:32:42 - mkk_pika - main.py:35 - INFO - 开始检查俺の嫁メモリアル是否存在未下载章节
2026-01-19 23:32:42 - mkk_pika - main.py:45 - INFO - 正在下载:[俺の嫁メモリアル]-[杉浦次郎]-[['同人', '長篇', '妹妹系', '純愛']]-[total_pages:218]
2026-01-19 23:32:42 - mkk_pika - main.py:49 - INFO - [{'_id': '58218ca35f6b9a4f93e1161f', 'title': '第1集', 'order': 1, 'updated_at': '2016-11-08T08:28:19.053Z', 'id': '58218ca35f6b9a4f93e1161f'}]
2026-01-19 23:32:42 - mkk_pika - database.py:215 - INFO - 第一次下载该漫画，记录数据库中
2026-01-19 23:32:44 - mkk_pika - main.py:83 - INFO - 找到 218 张图片在:第1集
2026-01-19 23:32:49 - mkk_pika - main.py:112 - INFO - [episode:第1集       ] downloaded:   218, total: 218, progress:100%
2026-01-19 23:32:49 - mkk_pika - database.py:238 - INFO - 数据库更新已下载章节
2026-01-19 23:32:49 - mkk_pika - database.py:244 - INFO - 该漫画已下载章节如下
2026-01-19 23:32:49 - mkk_pika - database.py:245 - INFO - ['第1集']
2026-01-19 23:32:50 - mkk_pika - main.py:348 - INFO - ==================== 漫画信息 ====================
                                   漫画ID：58218ca25f6b9a4f93e1161d
                                   标题：俺の嫁メモリアル
                                   作者：杉浦次郎
                                   是否完结：是
                                   总页数：218
                                   分类：同人,長篇,妹妹系,純愛
                                   章节数：1
                                   最后更新时间：2008-05-01T14:47:23.000Z
                                   =================================================
2026-01-19 23:32:50 - mkk_pika - database.py:101 - INFO - 保存成功：俺の嫁メモリアル
2026-01-19 23:32:50 - mkk_pika - main.py:35 - INFO - 开始检查【魔劣之妹妹的生日礼物】[かわいそうな子 (ゆゆ, いちの)]【16P】是否存在未下载章节
2026-01-19 23:32:51 - mkk_pika - main.py:45 - INFO - 正在下载:[【魔劣之妹妹的生日礼物】[かわいそうな子 (ゆゆ, いちの)]【16P】]-[不明]-[['短篇', '妹妹系']]-[total_pages:16]
2026-01-19 23:32:51 - mkk_pika - main.py:49 - INFO - [{'_id': '58218ca35f6b9a4f93e117d7', 'title': '第1集', 'order': 1, 'updated_at': '2016-11-08T08:28:19.932Z', 'id': '58218ca35f6b9a4f93e117d7'}]
2026-01-19 23:32:51 - mkk_pika - database.py:215 - INFO - 第一次下载该漫画，记录数据库中
2026-01-19 23:32:51 - mkk_pika - main.py:83 - INFO - 找到 16 张图片在:第1集
2026-01-19 23:32:52 - mkk_pika - main.py:112 - INFO - [episode:第1集       ] downloaded:    16, total:  16, progress:100%
2026-01-19 23:32:52 - mkk_pika - database.py:238 - INFO - 数据库更新已下载章节
2026-01-19 23:32:52 - mkk_pika - database.py:244 - INFO - 该漫画已下载章节如下
2026-01-19 23:32:52 - mkk_pika - database.py:245 - INFO - ['第1集']
2026-01-19 23:32:53 - mkk_pika - main.py:348 - INFO - ==================== 漫画信息 ====================
                                   漫画ID：58218ca35f6b9a4f93e117d5
                                   标题：【魔劣之妹妹的生日礼物】[かわいそうな子 (ゆゆ, いちの)]【16P】
                                   作者：不明
                                   是否完结：是
                                   总页数：16
                                   分类：短篇,妹妹系
                                   章节数：1
                                   最后更新时间：2008-05-02T00:47:23.000Z
                                   =================================================
2026-01-19 23:32:53 - mkk_pika - database.py:101 - INFO - 保存成功：【魔劣之妹妹的生日礼物】[かわいそうな子 (ゆゆ, いちの)]【16P】
2026-01-19 23:32:53 - mkk_pika - main.py:35 - INFO - 开始检查ちゅーとろ是否存在未下载章节
2026-01-19 23:32:53 - mkk_pika - main.py:45 - INFO - 正在下载:[ちゅーとろ]-[山崎かな]-[['同人', '長篇', '妹妹系', '純愛']]-[total_pages:226]
2026-01-19 23:32:53 - mkk_pika - main.py:49 - INFO - [{'_id': '58218ca55f6b9a4f93e119b3', 'title': '第1集', 'order': 1, 'updated_at': '2016-11-08T08:28:21.760Z', 'id': '58218ca55f6b9a4f93e119b3'}]
2026-01-19 23:32:53 - mkk_pika - database.py:215 - INFO - 第一次下载该漫画，记录数据库中
2026-01-19 23:32:56 - mkk_pika - main.py:83 - INFO - 找到 226 张图片在:第1集
2026-01-19 23:33:00 - mkk_pika - main.py:112 - INFO - [episode:第1集       ] downloaded:   226, total: 226, progress:100%
2026-01-19 23:33:00 - mkk_pika - database.py:238 - INFO - 数据库更新已下载章节
2026-01-19 23:33:00 - mkk_pika - database.py:244 - INFO - 该漫画已下载章节如下
2026-01-19 23:33:00 - mkk_pika - database.py:245 - INFO - ['第1集']
2026-01-19 23:33:02 - mkk_pika - main.py:348 - INFO - ==================== 漫画信息 ====================
                                   漫画ID：58218ca55f6b9a4f93e119b1
                                   标题：ちゅーとろ
                                   作者：山崎かな
                                   是否完结：是
                                   总页数：226
                                   分类：同人,長篇,妹妹系,純愛
                                   章节数：1
                                   最后更新时间：2008-05-02T20:47:23.000Z
                                   =================================================
2026-01-19 23:33:02 - mkk_pika - database.py:101 - INFO - 保存成功：ちゅーとろ
2026-01-19 23:33:02 - mkk_pika - main.py:35 - INFO - 开始检查プチチチズム是否存在未下载章节
2026-01-19 23:33:02 - mkk_pika - main.py:45 - INFO - 正在下载:[プチチチズム]-[山崎かずま]-[['同人', '長篇', '妹妹系', '純愛']]-[total_pages:177]
2026-01-19 23:33:02 - mkk_pika - main.py:49 - INFO - [{'_id': '58218ca75f6b9a4f93e11b7b', 'title': '第1集', 'order': 1, 'updated_at': '2016-11-08T08:28:23.414Z', 'id': '58218ca75f6b9a4f93e11b7b'}]
2026-01-19 23:33:02 - mkk_pika - database.py:215 - INFO - 第一次下载该漫画，记录数据库中
2026-01-19 23:33:04 - mkk_pika - main.py:83 - INFO - 找到 177 张图片在:第1集
2026-01-19 23:33:08 - mkk_pika - main.py:112 - INFO - [episode:第1集       ] downloaded:   177, total: 177, progress:100%
2026-01-19 23:33:08 - mkk_pika - database.py:238 - INFO - 数据库更新已下载章节
2026-01-19 23:33:08 - mkk_pika - database.py:244 - INFO - 该漫画已下载章节如下
2026-01-19 23:33:08 - mkk_pika - database.py:245 - INFO - ['第1集']
2026-01-19 23:33:09 - mkk_pika - main.py:348 - INFO - ==================== 漫画信息 ====================
                                   漫画ID：58218ca65f6b9a4f93e11b79
                                   标题：プチチチズム
                                   作者：山崎かずま
                                   是否完结：是
                                   总页数：177
                                   分类：同人,長篇,妹妹系,純愛
                                   章节数：1
                                   最后更新时间：2008-05-03T06:47:23.000Z
                                   =================================================
2026-01-19 23:33:09 - mkk_pika - database.py:101 - INFO - 保存成功：プチチチズム
2026-01-19 23:33:09 - mkk_pika - main.py:35 - INFO - 开始检查戀母是否存在未下载章节
2026-01-19 23:33:10 - mkk_pika - main.py:45 - INFO - 正在下载:[戀母]-[小邑紗希]-[['同人', '人妻', '長篇']]-[total_pages:194]
2026-01-19 23:33:10 - mkk_pika - main.py:49 - INFO - [{'_id': '58218ca85f6b9a4f93e11ce1', 'title': '第1集', 'order': 1, 'updated_at': '2016-11-08T08:28:24.541Z', 'id': '58218ca85f6b9a4f93e11ce1'}]
2026-01-19 23:33:10 - mkk_pika - database.py:215 - INFO - 第一次下载该漫画，记录数据库中
2026-01-19 23:33:11 - mkk_pika - main.py:83 - INFO - 找到 194 张图片在:第1集
2026-01-19 23:33:16 - mkk_pika - main.py:112 - INFO - [episode:第1集       ] downloaded:   194, total: 194, progress:100%
2026-01-19 23:33:16 - mkk_pika - database.py:238 - INFO - 数据库更新已下载章节
2026-01-19 23:33:16 - mkk_pika - database.py:244 - INFO - 该漫画已下载章节如下
2026-01-19 23:33:16 - mkk_pika - database.py:245 - INFO - ['第1集']
2026-01-19 23:33:17 - mkk_pika - main.py:348 - INFO - ==================== 漫画信息 ====================
                                   漫画ID：58218ca85f6b9a4f93e11cdf
                                   标题：戀母
                                   作者：小邑紗希
                                   是否完结：是
                                   总页数：194
                                   分类：同人,人妻,長篇
                                   章节数：1
                                   最后更新时间：2008-05-03T16:47:23.000Z
                                   =================================================
2026-01-19 23:33:17 - mkk_pika - database.py:101 - INFO - 保存成功：戀母
2026-01-19 23:33:17 - mkk_pika - main.py:35 - INFO - 开始检查ちっちゃなおなか完整版是否存在未下载章节
2026-01-19 23:33:17 - mkk_pika - main.py:45 - INFO - 正在下载:[ちっちゃなおなか完整版]-[小路あゆむ]-[['同人', '長篇', '妹妹系', '純愛']]-[total_pages:207]
2026-01-19 23:33:17 - mkk_pika - main.py:49 - INFO - [{'_id': '58218ca95f6b9a4f93e11e69', 'title': '第1集', 'order': 1, 'updated_at': '2016-11-08T08:28:25.637Z', 'id': '58218ca95f6b9a4f93e11e69'}]
2026-01-19 23:33:17 - mkk_pika - database.py:215 - INFO - 第一次下载该漫画，记录数据库中
2026-01-19 23:33:20 - mkk_pika - main.py:83 - INFO - 找到 207 张图片在:第1集
2026-01-19 23:33:24 - mkk_pika - main.py:112 - INFO - [episode:第1集       ] downloaded:   207, total: 207, progress:100%
2026-01-19 23:33:24 - mkk_pika - database.py:238 - INFO - 数据库更新已下载章节
2026-01-19 23:33:24 - mkk_pika - database.py:244 - INFO - 该漫画已下载章节如下
2026-01-19 23:33:24 - mkk_pika - database.py:245 - INFO - ['第1集']
2026-01-19 23:33:25 - mkk_pika - main.py:348 - INFO - ==================== 漫画信息 ====================
                                   漫画ID：58218ca95f6b9a4f93e11e67
                                   标题：ちっちゃなおなか完整版
                                   作者：小路あゆむ
                                   是否完结：是
                                   总页数：207
                                   分类：同人,長篇,妹妹系,純愛
                                   章节数：1
                                   最后更新时间：2008-05-04T02:47:23.000Z
                                   =================================================
2026-01-19 23:33:25 - mkk_pika - database.py:101 - INFO - 保存成功：ちっちゃなおなか完整版
2026-01-19 23:33:25 - mkk_pika - main.py:35 - INFO - 开始检查My doll house 1是否存在未下载章节
2026-01-19 23:33:26 - mkk_pika - main.py:45 - INFO - 正在下载:[My doll house 1]-[唯登詩樹]-[['同人', '長篇', '純愛']]-[total_pages:194]
2026-01-19 23:33:26 - mkk_pika - main.py:49 - INFO - [{'_id': '58218caa5f6b9a4f93e1200b', 'title': '第1集', 'order': 1, 'updated_at': '2016-11-08T08:28:26.746Z', 'id': '58218caa5f6b9a4f93e1200b'}]
2026-01-19 23:33:26 - mkk_pika - database.py:215 - INFO - 第一次下载该漫画，记录数据库中
2026-01-19 23:33:28 - mkk_pika - main.py:83 - INFO - 找到 194 张图片在:第1集
2026-01-19 23:33:32 - mkk_pika - main.py:112 - INFO - [episode:第1集       ] downloaded:   194, total: 194, progress:100%
2026-01-19 23:33:32 - mkk_pika - database.py:238 - INFO - 数据库更新已下载章节
2026-01-19 23:33:32 - mkk_pika - database.py:244 - INFO - 该漫画已下载章节如下
2026-01-19 23:33:32 - mkk_pika - database.py:245 - INFO - ['第1集']
2026-01-19 23:33:33 - mkk_pika - main.py:348 - INFO - ==================== 漫画信息 ====================
                                   漫画ID：58218caa5f6b9a4f93e12009
                                   标题：My doll house 1
                                   作者：唯登詩樹
                                   是否完结：是
                                   总页数：194
                                   分类：同人,長篇,純愛
                                   章节数：1
                                   最后更新时间：2008-05-04T12:47:23.000Z
                                   =================================================
2026-01-19 23:33:33 - mkk_pika - database.py:101 - INFO - 保存成功：My doll house 1
2026-01-19 23:33:33 - mkk_pika - main.py:35 - INFO - 开始检查My doll house 2是否存在未下载章节
2026-01-19 23:33:34 - mkk_pika - main.py:45 - INFO - 正在下载:[My doll house 2]-[唯登詩樹]-[['同人', '長篇', '純愛']]-[total_pages:190]
2026-01-19 23:33:34 - mkk_pika - main.py:49 - INFO - [{'_id': '58218cab5f6b9a4f93e12193', 'title': '第1集', 'order': 1, 'updated_at': '2016-11-08T08:28:27.810Z', 'id': '58218cab5f6b9a4f93e12193'}]
2026-01-19 23:33:34 - mkk_pika - database.py:215 - INFO - 第一次下载该漫画，记录数据库中
2026-01-19 23:33:36 - mkk_pika - main.py:83 - INFO - 找到 190 张图片在:第1集
2026-01-19 23:33:40 - mkk_pika - main.py:112 - INFO - [episode:第1集       ] downloaded:   190, total: 190, progress:100%
2026-01-19 23:33:40 - mkk_pika - database.py:238 - INFO - 数据库更新已下载章节
2026-01-19 23:33:40 - mkk_pika - database.py:244 - INFO - 该漫画已下载章节如下
2026-01-19 23:33:40 - mkk_pika - database.py:245 - INFO - ['第1集']
2026-01-19 23:33:41 - mkk_pika - main.py:348 - INFO - ==================== 漫画信息 ====================
                                   漫画ID：58218cab5f6b9a4f93e12191
                                   标题：My doll house 2
                                   作者：唯登詩樹
                                   是否完结：是
                                   总页数：190
                                   分类：同人,長篇,純愛
                                   章节数：1
                                   最后更新时间：2008-05-04T22:47:23.000Z
                                   =================================================
2026-01-19 23:33:41 - mkk_pika - database.py:101 - INFO - 保存成功：My doll house 2
2026-01-19 23:33:41 - mkk_pika - main.py:35 - INFO - 开始检查My doll house 3是否存在未下载章节
2026-01-19 23:33:41 - mkk_pika - main.py:45 - INFO - 正在下载:[My doll house 3]-[唯登詩樹]-[['同人', '長篇', '純愛']]-[total_pages:203]
2026-01-19 23:33:41 - mkk_pika - main.py:49 - INFO - [{'_id': '58218cac5f6b9a4f93e12313', 'title': '第1集', 'order': 1, 'updated_at': '2016-11-08T08:28:28.974Z', 'id': '58218cac5f6b9a4f93e12313'}]
2026-01-19 23:33:41 - mkk_pika - database.py:215 - INFO - 第一次下载该漫画，记录数据库中
2026-01-19 23:33:44 - mkk_pika - main.py:83 - INFO - 找到 203 张图片在:第1集
2026-01-19 23:33:48 - mkk_pika - main.py:112 - INFO - [episode:第1集       ] downloaded:   203, total: 203, progress:100%
2026-01-19 23:33:48 - mkk_pika - database.py:238 - INFO - 数据库更新已下载章节
2026-01-19 23:33:48 - mkk_pika - database.py:244 - INFO - 该漫画已下载章节如下
2026-01-19 23:33:48 - mkk_pika - database.py:245 - INFO - ['第1集']
2026-01-19 23:33:49 - mkk_pika - main.py:348 - INFO - ==================== 漫画信息 ====================
                                   漫画ID：58218cac5f6b9a4f93e12311
                                   标题：My doll house 3
                                   作者：唯登詩樹
                                   是否完结：是
                                   总页数：203
                                   分类：同人,長篇,純愛
                                   章节数：1
                                   最后更新时间：2008-05-05T08:47:23.000Z
                                   =================================================
2026-01-19 23:33:49 - mkk_pika - database.py:101 - INFO - 保存成功：My doll house 3
2026-01-19 23:33:49 - mkk_pika - main.py:35 - INFO - 开始检查ゆめいろ半熟たまご是否存在未下载章节
2026-01-19 23:33:50 - mkk_pika - main.py:45 - INFO - 正在下载:[ゆめいろ半熟たまご]-[前島龍]-[['同人', '長篇', '妹妹系', '純愛']]-[total_pages:226]
2026-01-19 23:33:50 - mkk_pika - main.py:49 - INFO - [{'_id': '58218cae5f6b9a4f93e124ad', 'title': '第1集', 'order': 1, 'updated_at': '2016-11-08T08:28:30.309Z', 'id': '58218cae5f6b9a4f93e124ad'}]
2026-01-19 23:33:50 - mkk_pika - database.py:215 - INFO - 第一次下载该漫画，记录数据库中
2026-01-19 23:33:52 - mkk_pika - main.py:83 - INFO - 找到 226 张图片在:第1集
2026-01-19 23:33:57 - mkk_pika - main.py:112 - INFO - [episode:第1集       ] downloaded:   226, total: 226, progress:100%
2026-01-19 23:33:57 - mkk_pika - database.py:238 - INFO - 数据库更新已下载章节
2026-01-19 23:33:57 - mkk_pika - database.py:244 - INFO - 该漫画已下载章节如下
2026-01-19 23:33:57 - mkk_pika - database.py:245 - INFO - ['第1集']
2026-01-19 23:33:58 - mkk_pika - main.py:348 - INFO - ==================== 漫画信息 ====================
                                   漫画ID：58218cad5f6b9a4f93e124ab
                                   标题：ゆめいろ半熟たまご
                                   作者：前島龍
                                   是否完结：是
                                   总页数：226
                                   分类：同人,長篇,妹妹系,純愛
                                   章节数：1
                                   最后更新时间：2008-05-05T18:47:23.000Z
                                   =================================================
2026-01-19 23:33:58 - mkk_pika - database.py:101 - INFO - 保存成功：ゆめいろ半熟たまご
2026-01-19 23:33:58 - mkk_pika - main.py:35 - INFO - 开始检查ばにらえっせんす是否存在未下载章节
2026-01-19 23:33:58 - mkk_pika - main.py:45 - INFO - 正在下载:[ばにらえっせんす]-[前島龍]-[['同人', 'SM', '長篇', 'NTR', '強暴', '妹妹系']]-[total_pages:199]
2026-01-19 23:33:58 - mkk_pika - main.py:49 - INFO - [{'_id': '58218caf5f6b9a4f93e12675', 'title': '第1集', 'order': 1, 'updated_at': '2016-11-08T08:28:31.154Z', 'id': '58218caf5f6b9a4f93e12675'}]
2026-01-19 23:33:58 - mkk_pika - database.py:215 - INFO - 第一次下载该漫画，记录数据库中
2026-01-19 23:34:00 - mkk_pika - main.py:83 - INFO - 找到 199 张图片在:第1集
2026-01-19 23:34:05 - mkk_pika - main.py:112 - INFO - [episode:第1集       ] downloaded:   199, total: 199, progress:100%
2026-01-19 23:34:05 - mkk_pika - database.py:238 - INFO - 数据库更新已下载章节
2026-01-19 23:34:05 - mkk_pika - database.py:244 - INFO - 该漫画已下载章节如下
2026-01-19 23:34:05 - mkk_pika - database.py:245 - INFO - ['第1集']
2026-01-19 23:34:06 - mkk_pika - main.py:348 - INFO - ==================== 漫画信息 ====================
                                   漫画ID：58218cae5f6b9a4f93e12673
                                   标题：ばにらえっせんす
                                   作者：前島龍
                                   是否完结：是
                                   总页数：199
                                   分类：同人,SM,長篇,NTR,強暴,妹妹系
                                   章节数：1
                                   最后更新时间：2008-05-06T04:47:23.000Z
                                   =================================================
2026-01-19 23:34:06 - mkk_pika - database.py:101 - INFO - 保存成功：ばにらえっせんす
2026-01-19 23:34:06 - mkk_pika - main.py:35 - INFO - 开始检查ちいさくてもいいじゃない！是否存在未下载章节
2026-01-19 23:34:06 - mkk_pika - main.py:45 - INFO - 正在下载:[ちいさくてもいいじゃない！]-[冬野みかん]-[['同人', '長篇', '妹妹系', '純愛']]-[total_pages:216]
2026-01-19 23:34:06 - mkk_pika - main.py:49 - INFO - [{'_id': '58218cb05f6b9a4f93e12807', 'title': '第1集', 'order': 1, 'updated_at': '2016-11-08T08:28:32.221Z', 'id': '58218cb05f6b9a4f93e12807'}]
2026-01-19 23:34:06 - mkk_pika - database.py:215 - INFO - 第一次下载该漫画，记录数据库中
2026-01-19 23:34:09 - mkk_pika - main.py:83 - INFO - 找到 216 张图片在:第1集
2026-01-19 23:34:13 - mkk_pika - main.py:112 - INFO - [episode:第1集       ] downloaded:   216, total: 216, progress:100%
2026-01-19 23:34:13 - mkk_pika - database.py:238 - INFO - 数据库更新已下载章节
2026-01-19 23:34:13 - mkk_pika - database.py:244 - INFO - 该漫画已下载章节如下
2026-01-19 23:34:13 - mkk_pika - database.py:245 - INFO - ['第1集']
2026-01-19 23:34:14 - mkk_pika - main.py:348 - INFO - ==================== 漫画信息 ====================
                                   漫画ID：58218caf5f6b9a4f93e12805
                                   标题：ちいさくてもいいじゃない！
                                   作者：冬野みかん
                                   是否完结：是
                                   总页数：216
                                   分类：同人,長篇,妹妹系,純愛
                                   章节数：1
                                   最后更新时间：2008-05-06T14:47:23.000Z
                                   =================================================
2026-01-19 23:34:14 - mkk_pika - database.py:101 - INFO - 保存成功：ちいさくてもいいじゃない！
2026-01-19 23:34:14 - mkk_pika - main.py:35 - INFO - 开始检查びゅーびゅーびっち是否存在未下载章节
2026-01-19 23:34:15 - mkk_pika - main.py:45 - INFO - 正在下载:[びゅーびゅーびっち]-[五月五日]-[['同人', '長篇', '妹妹系', '純愛']]-[total_pages:197]
2026-01-19 23:34:15 - mkk_pika - main.py:49 - INFO - [{'_id': '58218cb15f6b9a4f93e129bb', 'title': '第1集', 'order': 1, 'updated_at': '2016-11-08T08:28:33.537Z', 'id': '58218cb15f6b9a4f93e129bb'}]
2026-01-19 23:34:15 - mkk_pika - database.py:215 - INFO - 第一次下载该漫画，记录数据库中
2026-01-19 23:34:17 - mkk_pika - main.py:83 - INFO - 找到 197 张图片在:第1集
2026-01-19 23:34:21 - mkk_pika - main.py:112 - INFO - [episode:第1集       ] downloaded:   197, total: 197, progress:100%
2026-01-19 23:34:21 - mkk_pika - database.py:238 - INFO - 数据库更新已下载章节
2026-01-19 23:34:21 - mkk_pika - database.py:244 - INFO - 该漫画已下载章节如下
2026-01-19 23:34:21 - mkk_pika - database.py:245 - INFO - ['第1集']
2026-01-19 23:34:22 - mkk_pika - main.py:348 - INFO - ==================== 漫画信息 ====================
                                   漫画ID：58218cb15f6b9a4f93e129b9
                                   标题：びゅーびゅーびっち
                                   作者：五月五日
                                   是否完结：是
                                   总页数：197
                                   分类：同人,長篇,妹妹系,純愛
                                   章节数：1
                                   最后更新时间：2008-05-07T00:47:23.000Z
                                   =================================================
2026-01-19 23:34:22 - mkk_pika - database.py:101 - INFO - 保存成功：びゅーびゅーびっち
2026-01-19 23:34:22 - mkk_pika - main.py:35 - INFO - 开始检查女王樣はM奴隸是否存在未下载章节
2026-01-19 23:34:23 - mkk_pika - main.py:45 - INFO - 正在下载:[女王樣はM奴隸]-[ビューティ・ヘア]-[['同人', 'SM', '長篇', '強暴']]-[total_pages:144]
2026-01-19 23:34:23 - mkk_pika - main.py:49 - INFO - [{'_id': '58218cb45f6b9a4f93e12ce7', 'title': '第1集', 'order': 1, 'updated_at': '2016-11-08T08:28:36.167Z', 'id': '58218cb45f6b9a4f93e12ce7'}]
2026-01-19 23:34:23 - mkk_pika - database.py:215 - INFO - 第一次下载该漫画，记录数据库中
2026-01-19 23:34:24 - mkk_pika - main.py:83 - INFO - 找到 144 张图片在:第1集
2026-01-19 23:34:27 - mkk_pika - main.py:112 - INFO - [episode:第1集       ] downloaded:   144, total: 144, progress:100%
2026-01-19 23:34:27 - mkk_pika - database.py:238 - INFO - 数据库更新已下载章节
2026-01-19 23:34:27 - mkk_pika - database.py:244 - INFO - 该漫画已下载章节如下
2026-01-19 23:34:27 - mkk_pika - database.py:245 - INFO - ['第1集']
2026-01-19 23:34:29 - mkk_pika - main.py:348 - INFO - ==================== 漫画信息 ====================
                                   漫画ID：58218cb35f6b9a4f93e12ce5
                                   标题：女王樣はM奴隸
                                   作者：ビューティ・ヘア
                                   是否完结：是
                                   总页数：144
                                   分类：同人,SM,長篇,強暴
                                   章节数：1
                                   最后更新时间：2008-05-07T20:47:23.000Z
                                   =================================================
2026-01-19 23:34:29 - mkk_pika - database.py:101 - INFO - 保存成功：女王樣はM奴隸
2026-01-19 23:34:29 - mkk_pika - main.py:35 - INFO - 开始检查じゅうよん。是否存在未下载章节
2026-01-19 23:34:29 - mkk_pika - main.py:45 - INFO - 正在下载:[じゅうよん。]-[ドバト]-[['同人', '長篇', '純愛']]-[total_pages:194]
2026-01-19 23:34:29 - mkk_pika - main.py:49 - INFO - [{'_id': '58218cb55f6b9a4f93e12e0b', 'title': '第1集', 'order': 1, 'updated_at': '2016-11-08T08:28:37.045Z', 'id': '58218cb55f6b9a4f93e12e0b'}]
2026-01-19 23:34:29 - mkk_pika - database.py:215 - INFO - 第一次下载该漫画，记录数据库中
2026-01-19 23:34:31 - mkk_pika - main.py:83 - INFO - 找到 194 张图片在:第1集
2026-01-19 23:34:35 - mkk_pika - main.py:112 - INFO - [episode:第1集       ] downloaded:   194, total: 194, progress:100%
2026-01-19 23:34:35 - mkk_pika - database.py:238 - INFO - 数据库更新已下载章节
2026-01-19 23:34:35 - mkk_pika - database.py:244 - INFO - 该漫画已下载章节如下
2026-01-19 23:34:35 - mkk_pika - database.py:245 - INFO - ['第1集']
2026-01-19 23:34:36 - mkk_pika - main.py:348 - INFO - ==================== 漫画信息 ====================
                                   漫画ID：58218cb45f6b9a4f93e12e09
                                   标题：じゅうよん。
                                   作者：ドバト
                                   是否完结：是
                                   总页数：194
                                   分类：同人,長篇,純愛
                                   章节数：1
                                   最后更新时间：2008-05-08T06:47:23.000Z
                                   =================================================
2026-01-19 23:34:36 - mkk_pika - database.py:101 - INFO - 保存成功：じゅうよん。
2026-01-19 23:34:36 - mkk_pika - main.py:35 - INFO - 开始检查VICTIM GIRLS R是否存在未下载章节
2026-01-19 23:34:37 - mkk_pika - main.py:45 - INFO - 正在下载:[VICTIM GIRLS R]-[Fatalpulse (朝凪)]-[['SM', '短篇', '強暴']]-[total_pages:43]
2026-01-19 23:34:37 - mkk_pika - main.py:49 - INFO - [{'_id': '58218cb55f6b9a4f93e12f93', 'title': '第1集', 'order': 1, 'updated_at': '2016-11-08T08:28:37.945Z', 'id': '58218cb55f6b9a4f93e12f93'}]
2026-01-19 23:34:37 - mkk_pika - database.py:215 - INFO - 第一次下载该漫画，记录数据库中
2026-01-19 23:34:38 - mkk_pika - main.py:83 - INFO - 找到 43 张图片在:第1集
2026-01-19 23:34:39 - mkk_pika - main.py:112 - INFO - [episode:第1集       ] downloaded:    43, total:  43, progress:100%
2026-01-19 23:34:39 - mkk_pika - database.py:238 - INFO - 数据库更新已下载章节
2026-01-19 23:34:39 - mkk_pika - database.py:244 - INFO - 该漫画已下载章节如下
2026-01-19 23:34:39 - mkk_pika - database.py:245 - INFO - ['第1集']
2026-01-19 23:34:40 - mkk_pika - main.py:348 - INFO - ==================== 漫画信息 ====================
                                   漫画ID：58218cb55f6b9a4f93e12f91
                                   标题：VICTIM GIRLS R
                                   作者：Fatalpulse (朝凪)
                                   是否完结：是
                                   总页数：43
                                   分类：SM,短篇,強暴
                                   章节数：1
                                   最后更新时间：2008-05-08T16:47:23.000Z
                                   =================================================
2026-01-19 23:34:40 - mkk_pika - database.py:101 - INFO - 保存成功：VICTIM GIRLS R
2026-01-19 23:34:40 - mkk_pika - main.py:35 - INFO - 开始检查偷偷和你做是否存在未下载章节
2026-01-19 23:34:40 - mkk_pika - main.py:45 - INFO - 正在下载:[偷偷和你做]-[桃月すず]-[['長篇', '純愛']]-[total_pages:192]
2026-01-19 23:34:40 - mkk_pika - main.py:49 - INFO - [{'_id': '58218cb65f6b9a4f93e12fed', 'title': '第1集', 'order': 1, 'updated_at': '2016-11-08T08:28:38.589Z', 'id': '58218cb65f6b9a4f93e12fed'}]
2026-01-19 23:34:40 - mkk_pika - database.py:215 - INFO - 第一次下载该漫画，记录数据库中
2026-01-19 23:34:42 - mkk_pika - main.py:83 - INFO - 找到 192 张图片在:第1集
2026-01-19 23:34:47 - mkk_pika - main.py:112 - INFO - [episode:第1集       ] downloaded:   192, total: 192, progress:100%
2026-01-19 23:34:47 - mkk_pika - database.py:238 - INFO - 数据库更新已下载章节
2026-01-19 23:34:47 - mkk_pika - database.py:244 - INFO - 该漫画已下载章节如下
2026-01-19 23:34:47 - mkk_pika - database.py:245 - INFO - ['第1集']
2026-01-19 23:34:48 - mkk_pika - main.py:348 - INFO - ==================== 漫画信息 ====================
                                   漫画ID：58218cb65f6b9a4f93e12feb
                                   标题：偷偷和你做
                                   作者：桃月すず
                                   是否完结：是
                                   总页数：192
                                   分类：長篇,純愛
                                   章节数：1
                                   最后更新时间：2008-05-09T02:47:23.000Z
                                   =================================================
2026-01-19 23:34:48 - mkk_pika - database.py:101 - INFO - 保存成功：偷偷和你做
2026-01-19 23:34:48 - mkk_pika - main.py:35 - INFO - 开始检查ふたりよがり是否存在未下载章节
2026-01-19 23:34:48 - mkk_pika - main.py:45 - INFO - 正在下载:[ふたりよがり]-[由浦カズヤ]-[['長篇', '純愛']]-[total_pages:214]
2026-01-19 23:34:48 - mkk_pika - main.py:49 - INFO - [{'_id': '58218cb75f6b9a4f93e13171', 'title': '第1集', 'order': 1, 'updated_at': '2016-11-08T08:28:39.426Z', 'id': '58218cb75f6b9a4f93e13171'}]
2026-01-19 23:34:48 - mkk_pika - database.py:215 - INFO - 第一次下载该漫画，记录数据库中
2026-01-19 23:34:50 - mkk_pika - main.py:83 - INFO - 找到 214 张图片在:第1集
2026-01-19 23:34:55 - mkk_pika - main.py:112 - INFO - [episode:第1集       ] downloaded:   214, total: 214, progress:100%
2026-01-19 23:34:55 - mkk_pika - database.py:238 - INFO - 数据库更新已下载章节
2026-01-19 23:34:55 - mkk_pika - database.py:244 - INFO - 该漫画已下载章节如下
2026-01-19 23:34:55 - mkk_pika - database.py:245 - INFO - ['第1集']
2026-01-19 23:34:56 - mkk_pika - main.py:348 - INFO - ==================== 漫画信息 ====================
                                   漫画ID：58218cb75f6b9a4f93e1316f
                                   标题：ふたりよがり
                                   作者：由浦カズヤ
                                   是否完结：是
                                   总页数：214
                                   分类：長篇,純愛
                                   章节数：1
                                   最后更新时间：2008-05-09T12:47:23.000Z
                                   =================================================
2026-01-19 23:34:56 - mkk_pika - database.py:101 - INFO - 保存成功：ふたりよがり
2026-01-19 23:34:56 - mkk_pika - main.py:35 - INFO - 开始检查求愛是否存在未下载章节
2026-01-19 23:34:57 - mkk_pika - main.py:45 - INFO - 正在下载:[求愛]-[狼亮輔]-[['長篇']]-[total_pages:227]
2026-01-19 23:34:57 - mkk_pika - main.py:49 - INFO - [{'_id': '58218cb85f6b9a4f93e13321', 'title': '第1集', 'order': 1, 'updated_at': '2016-11-08T08:28:40.287Z', 'id': '58218cb85f6b9a4f93e13321'}]
2026-01-19 23:34:57 - mkk_pika - database.py:215 - INFO - 第一次下载该漫画，记录数据库中
2026-01-19 23:34:59 - mkk_pika - main.py:83 - INFO - 找到 227 张图片在:第1集
2026-01-19 23:35:04 - mkk_pika - main.py:112 - INFO - [episode:第1集       ] downloaded:   227, total: 227, progress:100%
2026-01-19 23:35:04 - mkk_pika - database.py:238 - INFO - 数据库更新已下载章节
2026-01-19 23:35:04 - mkk_pika - database.py:244 - INFO - 该漫画已下载章节如下
2026-01-19 23:35:04 - mkk_pika - database.py:245 - INFO - ['第1集']
2026-01-19 23:35:05 - mkk_pika - main.py:348 - INFO - ==================== 漫画信息 ====================
                                   漫画ID：58218cb85f6b9a4f93e1331f
                                   标题：求愛
                                   作者：狼亮輔
                                   是否完结：是
                                   总页数：227
                                   分类：長篇
                                   章节数：1
                                   最后更新时间：2008-05-09T22:47:23.000Z
                                   =================================================
2026-01-19 23:35:05 - mkk_pika - database.py:101 - INFO - 保存成功：求愛
2026-01-19 23:35:05 - mkk_pika - main.py:35 - INFO - 开始检查禁斷の母穴是否存在未下载章节
2026-01-19 23:35:06 - mkk_pika - main.py:45 - INFO - 正在下载:[禁斷の母穴]-[タカスギコウ]-[['同人', '人妻', '長篇']]-[total_pages:212]
2026-01-19 23:35:06 - mkk_pika - main.py:49 - INFO - [{'_id': '58218cb95f6b9a4f93e134eb', 'title': '第1集', 'order': 1, 'updated_at': '2016-11-08T08:28:41.432Z', 'id': '58218cb95f6b9a4f93e134eb'}]
2026-01-19 23:35:06 - mkk_pika - database.py:215 - INFO - 第一次下载该漫画，记录数据库中
2026-01-19 23:35:08 - mkk_pika - main.py:83 - INFO - 找到 212 张图片在:第1集
2026-01-19 23:35:13 - mkk_pika - main.py:112 - INFO - [episode:第1集       ] downloaded:   212, total: 212, progress:100%
2026-01-19 23:35:13 - mkk_pika - database.py:238 - INFO - 数据库更新已下载章节
2026-01-19 23:35:13 - mkk_pika - database.py:244 - INFO - 该漫画已下载章节如下
2026-01-19 23:35:13 - mkk_pika - database.py:245 - INFO - ['第1集']
2026-01-19 23:35:14 - mkk_pika - main.py:348 - INFO - ==================== 漫画信息 ====================
                                   漫画ID：58218cb95f6b9a4f93e134e9
                                   标题：禁斷の母穴
                                   作者：タカスギコウ
                                   是否完结：是
                                   总页数：212
                                   分类：同人,人妻,長篇
                                   章节数：1
                                   最后更新时间：2008-05-10T08:47:23.000Z
                                   =================================================
2026-01-19 23:35:14 - mkk_pika - database.py:101 - INFO - 保存成功：禁斷の母穴
2026-01-19 23:35:14 - mkk_pika - main.py:35 - INFO - 开始检查同窓れいど是否存在未下载章节
2026-01-19 23:35:14 - mkk_pika - main.py:45 - INFO - 正在下载:[同窓れいど]-[サガノヘルマー]-[['同人', '人妻', '長篇', '強暴']]-[total_pages:208]
2026-01-19 23:35:14 - mkk_pika - main.py:49 - INFO - [{'_id': '58218cba5f6b9a4f93e13697', 'title': '第1集', 'order': 1, 'updated_at': '2016-11-08T08:28:42.546Z', 'id': '58218cba5f6b9a4f93e13697'}]
2026-01-19 23:35:14 - mkk_pika - database.py:215 - INFO - 第一次下载该漫画，记录数据库中
2026-01-19 23:35:17 - mkk_pika - main.py:83 - INFO - 找到 208 张图片在:第1集
2026-01-19 23:35:21 - mkk_pika - main.py:112 - INFO - [episode:第1集       ] downloaded:   208, total: 208, progress:100%
2026-01-19 23:35:21 - mkk_pika - database.py:238 - INFO - 数据库更新已下载章节
2026-01-19 23:35:21 - mkk_pika - database.py:244 - INFO - 该漫画已下载章节如下
2026-01-19 23:35:21 - mkk_pika - database.py:245 - INFO - ['第1集']
2026-01-19 23:35:23 - mkk_pika - main.py:348 - INFO - ==================== 漫画信息 ====================
                                   漫画ID：58218cba5f6b9a4f93e13695
                                   标题：同窓れいど
                                   作者：サガノヘルマー
                                   是否完结：是
                                   总页数：208
                                   分类：同人,人妻,長篇,強暴
                                   章节数：1
                                   最后更新时间：2008-05-10T18:47:23.000Z
                                   =================================================
2026-01-19 23:35:23 - mkk_pika - database.py:101 - INFO - 保存成功：同窓れいど
2026-01-19 23:35:23 - mkk_pika - main.py:35 - INFO - 开始检查Pictures of My Classmates 1是否存在未下载章节
2026-01-19 23:35:23 - mkk_pika - main.py:45 - INFO - 正在下载:[Pictures of My Classmates 1]-[Ohigetan]-[['全彩']]-[total_pages:16]
2026-01-19 23:35:23 - mkk_pika - main.py:49 - INFO - [{'_id': '58218cbb5f6b9a4f93e1383b', 'title': '第1集', 'order': 1, 'updated_at': '2016-11-08T08:28:43.583Z', 'id': '58218cbb5f6b9a4f93e1383b'}]
2026-01-19 23:35:23 - mkk_pika - database.py:215 - INFO - 第一次下载该漫画，记录数据库中
2026-01-19 23:35:24 - mkk_pika - main.py:83 - INFO - 找到 16 张图片在:第1集
2026-01-19 23:35:24 - mkk_pika - main.py:112 - INFO - [episode:第1集       ] downloaded:    16, total:  16, progress:100%
2026-01-19 23:35:24 - mkk_pika - database.py:238 - INFO - 数据库更新已下载章节
2026-01-19 23:35:24 - mkk_pika - database.py:244 - INFO - 该漫画已下载章节如下
2026-01-19 23:35:24 - mkk_pika - database.py:245 - INFO - ['第1集']
2026-01-19 23:35:25 - mkk_pika - main.py:348 - INFO - ==================== 漫画信息 ====================
                                   漫画ID：58218cbb5f6b9a4f93e13839
                                   标题：Pictures of My Classmates 1
                                   作者：Ohigetan
                                   是否完结：否
                                   总页数：16
                                   分类：全彩
                                   章节数：1
                                   最后更新时间：2008-05-11T04:47:23.000Z
                                   =================================================
2026-01-19 23:35:25 - mkk_pika - database.py:101 - INFO - 保存成功：Pictures of My Classmates 1
2026-01-19 23:35:25 - mkk_pika - main.py:35 - INFO - 开始检查Ten Minutes Sex With Sister 是否存在未下载章节
2026-01-19 23:35:26 - mkk_pika - main.py:45 - INFO - 正在下载:[Ten Minutes Sex With Sister ]-[Ohigetan]-[['短篇', '全彩', '姐姐系']]-[total_pages:7]
2026-01-19 23:35:26 - mkk_pika - main.py:49 - INFO - [{'_id': '58218cbc5f6b9a4f93e1385f', 'title': '第1集', 'order': 1, 'updated_at': '2016-11-08T08:28:44.225Z', 'id': '58218cbc5f6b9a4f93e1385f'}]
2026-01-19 23:35:26 - mkk_pika - database.py:215 - INFO - 第一次下载该漫画，记录数据库中
2026-01-19 23:35:26 - mkk_pika - main.py:83 - INFO - 找到 7 张图片在:第1集
2026-01-19 23:35:26 - mkk_pika - main.py:112 - INFO - [episode:第1集       ] downloaded:     7, total:   7, progress:100%
2026-01-19 23:35:26 - mkk_pika - database.py:238 - INFO - 数据库更新已下载章节
2026-01-19 23:35:26 - mkk_pika - database.py:244 - INFO - 该漫画已下载章节如下
2026-01-19 23:35:26 - mkk_pika - database.py:245 - INFO - ['第1集']
2026-01-19 23:35:28 - mkk_pika - main.py:348 - INFO - ==================== 漫画信息 ====================
                                   漫画ID：58218cbb5f6b9a4f93e1385d
                                   标题：Ten Minutes Sex With Sister 
                                   作者：Ohigetan
                                   是否完结：是
                                   总页数：7
                                   分类：短篇,全彩,姐姐系
                                   章节数：1
                                   最后更新时间：2008-05-11T14:47:23.000Z
                                   =================================================
2026-01-19 23:35:28 - mkk_pika - database.py:101 - INFO - 保存成功：Ten Minutes Sex With Sister 
2026-01-19 23:35:28 - mkk_pika - main.py:35 - INFO - 开始检查同学的妹妹是否存在未下载章节
2026-01-19 23:35:28 - mkk_pika - main.py:45 - INFO - 正在下载:[同学的妹妹]-[konchiwa]-[['短篇']]-[total_pages:24]
2026-01-19 23:35:28 - mkk_pika - main.py:49 - INFO - [{'_id': '58218cbc5f6b9a4f93e13871', 'title': '第1集', 'order': 1, 'updated_at': '2016-11-08T08:28:44.552Z', 'id': '58218cbc5f6b9a4f93e13871'}]
2026-01-19 23:35:28 - mkk_pika - database.py:215 - INFO - 第一次下载该漫画，记录数据库中
2026-01-19 23:35:29 - mkk_pika - main.py:83 - INFO - 找到 24 张图片在:第1集
2026-01-19 23:35:29 - mkk_pika - main.py:112 - INFO - [episode:第1集       ] downloaded:    24, total:  24, progress:100%
2026-01-19 23:35:29 - mkk_pika - database.py:238 - INFO - 数据库更新已下载章节
2026-01-19 23:35:29 - mkk_pika - database.py:244 - INFO - 该漫画已下载章节如下
2026-01-19 23:35:29 - mkk_pika - database.py:245 - INFO - ['第1集']
2026-01-19 23:35:31 - mkk_pika - main.py:348 - INFO - ==================== 漫画信息 ====================
                                   漫画ID：58218cbc5f6b9a4f93e1386f
                                   标题：同学的妹妹
                                   作者：konchiwa
                                   是否完结：是
                                   总页数：24
                                   分类：短篇
                                   章节数：1
                                   最后更新时间：2008-05-12T00:47:23.000Z
                                   =================================================
2026-01-19 23:35:31 - mkk_pika - database.py:101 - INFO - 保存成功：同学的妹妹
2026-01-19 23:35:31 - mkk_pika - main.py:35 - INFO - 开始检查少女变娼女了是否存在未下载章节
2026-01-19 23:35:31 - mkk_pika - main.py:45 - INFO - 正在下载:[少女变娼女了]-[シオマネキ]-[['長篇', '純愛']]-[total_pages:202]
2026-01-19 23:35:31 - mkk_pika - main.py:49 - INFO - [{'_id': '58218cbc5f6b9a4f93e138a5', 'title': '第1集', 'order': 1, 'updated_at': '2016-11-08T08:28:44.881Z', 'id': '58218cbc5f6b9a4f93e138a5'}]
2026-01-19 23:35:31 - mkk_pika - database.py:215 - INFO - 第一次下载该漫画，记录数据库中
2026-01-19 23:35:34 - mkk_pika - main.py:83 - INFO - 找到 202 张图片在:第1集
2026-01-19 23:35:38 - mkk_pika - main.py:112 - INFO - [episode:第1集       ] downloaded:   202, total: 202, progress:100%
2026-01-19 23:35:38 - mkk_pika - database.py:238 - INFO - 数据库更新已下载章节
2026-01-19 23:35:38 - mkk_pika - database.py:244 - INFO - 该漫画已下载章节如下
2026-01-19 23:35:38 - mkk_pika - database.py:245 - INFO - ['第1集']
2026-01-19 23:35:39 - mkk_pika - main.py:348 - INFO - ==================== 漫画信息 ====================
                                   漫画ID：58218cbc5f6b9a4f93e138a3
                                   标题：少女变娼女了
                                   作者：シオマネキ
                                   是否完结：是
                                   总页数：202
                                   分类：長篇,純愛
                                   章节数：1
                                   最后更新时间：2008-05-12T10:47:23.000Z
                                   =================================================
2026-01-19 23:35:39 - mkk_pika - database.py:101 - INFO - 保存成功：少女变娼女了
2026-01-19 23:35:39 - mkk_pika - main.py:35 - INFO - 开始检查私底下的扭曲爱是否存在未下载章节
2026-01-19 23:35:39 - mkk_pika - main.py:45 - INFO - 正在下载:[私底下的扭曲爱]-[シオマネキ]-[['長篇']]-[total_pages:202]
2026-01-19 23:35:39 - mkk_pika - main.py:49 - INFO - [{'_id': '58218cbd5f6b9a4f93e13a3d', 'title': '第1集', 'order': 1, 'updated_at': '2016-11-08T08:28:45.871Z', 'id': '58218cbd5f6b9a4f93e13a3d'}]
2026-01-19 23:35:39 - mkk_pika - database.py:215 - INFO - 第一次下载该漫画，记录数据库中
2026-01-19 23:35:42 - mkk_pika - main.py:83 - INFO - 找到 202 张图片在:第1集
2026-01-19 23:35:46 - mkk_pika - main.py:112 - INFO - [episode:第1集       ] downloaded:   202, total: 202, progress:100%
2026-01-19 23:35:46 - mkk_pika - database.py:238 - INFO - 数据库更新已下载章节
2026-01-19 23:35:46 - mkk_pika - database.py:244 - INFO - 该漫画已下载章节如下
2026-01-19 23:35:46 - mkk_pika - database.py:245 - INFO - ['第1集']
2026-01-19 23:35:47 - mkk_pika - main.py:348 - INFO - ==================== 漫画信息 ====================
                                   漫画ID：58218cbd5f6b9a4f93e13a3b
                                   标题：私底下的扭曲爱
                                   作者：シオマネキ
                                   是否完结：是
                                   总页数：202
                                   分类：長篇
                                   章节数：1
                                   最后更新时间：2008-05-12T20:47:23.000Z
                                   =================================================
2026-01-19 23:35:47 - mkk_pika - database.py:101 - INFO - 保存成功：私底下的扭曲爱
2026-01-19 23:35:47 - mkk_pika - main.py:35 - INFO - 开始检查うまるっくす(干物妹！うまるちゃん)是否存在未下载章节
2026-01-19 23:35:48 - mkk_pika - main.py:45 - INFO - 正在下载:[うまるっくす(干物妹！うまるちゃん)]-[榛名まお]-[['同人', '短篇', '後宮閃光', '妹妹系']]-[total_pages:38]
2026-01-19 23:35:48 - mkk_pika - main.py:49 - INFO - [{'_id': '58218cc05f6b9a4f93e13d63', 'title': '第1集', 'order': 1, 'updated_at': '2016-11-08T08:28:48.116Z', 'id': '58218cc05f6b9a4f93e13d63'}]
2026-01-19 23:35:48 - mkk_pika - database.py:215 - INFO - 第一次下载该漫画，记录数据库中
2026-01-19 23:35:48 - mkk_pika - main.py:83 - INFO - 找到 38 张图片在:第1集
2026-01-19 23:35:49 - mkk_pika - main.py:112 - INFO - [episode:第1集       ] downloaded:    38, total:  38, progress:100%
2026-01-19 23:35:49 - mkk_pika - database.py:238 - INFO - 数据库更新已下载章节
2026-01-19 23:35:49 - mkk_pika - database.py:244 - INFO - 该漫画已下载章节如下
2026-01-19 23:35:49 - mkk_pika - database.py:245 - INFO - ['第1集']
2026-01-19 23:35:50 - mkk_pika - main.py:348 - INFO - ==================== 漫画信息 ====================
                                   漫画ID：58218cbf5f6b9a4f93e13d61
                                   标题：うまるっくす(干物妹！うまるちゃん)
                                   作者：榛名まお
                                   是否完结：是
                                   总页数：38
                                   分类：同人,短篇,後宮閃光,妹妹系
                                   章节数：1
                                   最后更新时间：2008-05-13T16:47:23.000Z
                                   =================================================
2026-01-19 23:35:50 - mkk_pika - database.py:101 - INFO - 保存成功：うまるっくす(干物妹！うまるちゃん)
2026-01-19 23:35:50 - mkk_pika - main.py:35 - INFO - 开始检查姦罰痴態是否存在未下载章节
2026-01-19 23:35:51 - mkk_pika - main.py:45 - INFO - 正在下载:[姦罰痴態]-[NABURU]-[['同人', '長篇', '強暴']]-[total_pages:230]
2026-01-19 23:35:51 - mkk_pika - main.py:49 - INFO - [{'_id': '58218cc05f6b9a4f93e13db3', 'title': '第1集', 'order': 1, 'updated_at': '2016-11-08T08:28:48.789Z', 'id': '58218cc05f6b9a4f93e13db3'}]
2026-01-19 23:35:51 - mkk_pika - database.py:215 - INFO - 第一次下载该漫画，记录数据库中
2026-01-19 23:35:53 - mkk_pika - main.py:83 - INFO - 找到 230 张图片在:第1集
2026-01-19 23:35:58 - mkk_pika - main.py:112 - INFO - [episode:第1集       ] downloaded:   230, total: 230, progress:100%
2026-01-19 23:35:58 - mkk_pika - database.py:238 - INFO - 数据库更新已下载章节
2026-01-19 23:35:58 - mkk_pika - database.py:244 - INFO - 该漫画已下载章节如下
2026-01-19 23:35:58 - mkk_pika - database.py:245 - INFO - ['第1集']
2026-01-19 23:35:59 - mkk_pika - main.py:348 - INFO - ==================== 漫画信息 ====================
                                   漫画ID：58218cc05f6b9a4f93e13db1
                                   标题：姦罰痴態
                                   作者：NABURU
                                   是否完结：是
                                   总页数：230
                                   分类：同人,長篇,強暴
                                   章节数：1
                                   最后更新时间：2008-05-14T02:47:23.000Z
                                   =================================================
2026-01-19 23:35:59 - mkk_pika - database.py:101 - INFO - 保存成功：姦罰痴態
2026-01-19 23:35:59 - mkk_pika - main.py:380 - INFO - 本次任务下载完毕
2026-01-19 23:35:59 - mkk_pika - database.py:173 - INFO - 数据库连接已关闭
