2026-02-15 23:37:34 - mkk_pika - main.py:193 - INFO - =======================================================================
2026-02-15 23:37:34 - mkk_pika - database.py:61 - INFO - 表和索引初始化成功
2026-02-15 23:37:34 - mkk_pika - main.py:197 - INFO - 已经累计下载2162本漫画
2026-02-15 23:37:35 - mkk_pika - api.py:87 - INFO - 登录成功
2026-02-15 23:37:35 - mkk_pika - main.py:203 - INFO - 收藏夹共计0本漫画
2026-02-15 23:37:35 - mkk_pika - main.py:206 - INFO - 开始下载收藏夹内未下载内容
2026-02-15 23:37:35 - mkk_pika - main.py:266 - INFO - 收藏夹内容下载完毕
2026-02-15 23:37:35 - mkk_pika - main.py:268 - INFO - 开始下载订阅内容
2026-02-15 23:37:35 - mkk_pika - database.py:258 - INFO - 根据ID查询到标题：萝莉 -> 凪ちゃんと二人にしたお前が悪いよ | 让我和小凪独处 这可是你的错哦
2026-02-15 23:37:36 - mkk_pika - database.py:101 - INFO - 保存成功：ぬきたし-抜きゲーみたいな島に住んでるわたしはどうすりゃいいですか R [中国翻译]
2026-02-15 23:37:36 - mkk_pika - main.py:273 - INFO - 关键词萝莉找到0本漫画
2026-02-15 23:37:36 - mkk_pika - database.py:258 - INFO - 根据ID查询到标题：蘿莉 -> [PIXIV] AIうえお (118437861)（AI）
2026-02-15 23:37:37 - mkk_pika - database.py:101 - INFO - 保存成功：[雑誌] COMIC LOE VOL.1-24 [DL版]
2026-02-15 23:37:37 - mkk_pika - main.py:273 - INFO - 关键词蘿莉找到3本漫画
2026-02-15 23:37:37 - mkk_pika - main.py:275 - INFO - 订阅内容共计3本漫画
2026-02-15 23:37:37 - mkk_pika - main.py:35 - INFO - 开始检查楽園是否存在未下载章节
2026-02-15 23:37:37 - mkk_pika - main.py:45 - INFO - 正在下载:[楽園]-[倫理がない (ユミキチ)]-[['長篇']]-[total_pages:-1]
2026-02-15 23:37:37 - mkk_pika - main.py:49 - INFO - [{'_id': '6991f984f028fe791c53e93f', 'title': '第1話', 'order': 1, 'updated_at': '2026-02-15T12:04:36.519Z', 'id': '6991f984f028fe791c53e93f'}]
2026-02-15 23:37:37 - mkk_pika - database.py:215 - INFO - 第一次下载该漫画，记录数据库中
2026-02-15 23:37:38 - mkk_pika - main.py:83 - INFO - 找到 101 张图片在:第1話
2026-02-15 23:37:43 - mkk_pika - main.py:112 - INFO - [episode:第1話       ] downloaded:   101, total: 101, progress:100%
2026-02-15 23:37:43 - mkk_pika - database.py:238 - INFO - 数据库更新已下载章节
2026-02-15 23:37:43 - mkk_pika - database.py:244 - INFO - 该漫画已下载章节如下
2026-02-15 23:37:43 - mkk_pika - database.py:245 - INFO - ['第1話']
2026-02-15 23:37:44 - mkk_pika - main.py:292 - INFO - ==================== 漫画信息 ====================
                                漫画ID：6991f984f028fe791c53e93e
                                标题：楽園
                                作者：倫理がない (ユミキチ)
                                是否完结：是
                                总页数：101
                                分类：長篇
                                章节数：1
                                最后更新时间：2026-02-15T16:51:16.896Z
                                =================================================
2026-02-15 23:37:44 - mkk_pika - database.py:101 - INFO - 保存成功：楽園
2026-02-15 23:37:44 - mkk_pika - main.py:35 - INFO - 开始检查発見!JS在籍おっパブ潜入調査是否存在未下载章节
2026-02-15 23:37:44 - mkk_pika - main.py:45 - INFO - 正在下载:[発見!JS在籍おっパブ潜入調査]-[オオカミうお]-[['短篇']]-[total_pages:-1]
2026-02-15 23:37:44 - mkk_pika - main.py:49 - INFO - [{'_id': '6991f790f028fe791c53e650', 'title': '第1話', 'order': 1, 'updated_at': '2026-02-14T14:35:22.453Z', 'id': '6991f790f028fe791c53e650'}]
2026-02-15 23:37:44 - mkk_pika - database.py:215 - INFO - 第一次下载该漫画，记录数据库中
2026-02-15 23:37:45 - mkk_pika - main.py:83 - INFO - 找到 16 张图片在:第1話
2026-02-15 23:37:46 - mkk_pika - main.py:112 - INFO - [episode:第1話       ] downloaded:    16, total:  16, progress:100%
2026-02-15 23:37:46 - mkk_pika - database.py:238 - INFO - 数据库更新已下载章节
2026-02-15 23:37:46 - mkk_pika - database.py:244 - INFO - 该漫画已下载章节如下
2026-02-15 23:37:46 - mkk_pika - database.py:245 - INFO - ['第1話']
2026-02-15 23:37:47 - mkk_pika - main.py:292 - INFO - ==================== 漫画信息 ====================
                                漫画ID：6991f790f028fe791c53e64f
                                标题：発見!JS在籍おっパブ潜入調査
                                作者：オオカミうお
                                是否完结：否
                                总页数：16
                                分类：短篇
                                章节数：1
                                最后更新时间：2026-02-15T16:42:56.845Z
                                =================================================
2026-02-15 23:37:47 - mkk_pika - database.py:101 - INFO - 保存成功：発見!JS在籍おっパブ潜入調査
2026-02-15 23:37:47 - mkk_pika - main.py:35 - INFO - 开始检查あくまのめすがき! こんな子供に負けちゃうの~？ | 會輸給這樣的小孩子嗎~?是否存在未下载章节
2026-02-15 23:37:47 - mkk_pika - main.py:45 - INFO - 正在下载:[あくまのめすがき! こんな子供に負けちゃうの~？ | 會輸給這樣的小孩子嗎~?]-[ZIRAN]-[['短篇']]-[total_pages:-1]
2026-02-15 23:37:47 - mkk_pika - main.py:49 - INFO - [{'_id': '6991f784544b547930b988f3', 'title': '第1話', 'order': 1, 'updated_at': '2026-02-14T14:29:45.383Z', 'id': '6991f784544b547930b988f3'}]
2026-02-15 23:37:47 - mkk_pika - database.py:215 - INFO - 第一次下载该漫画，记录数据库中
2026-02-15 23:37:48 - mkk_pika - main.py:83 - INFO - 找到 20 张图片在:第1話
2026-02-15 23:37:49 - mkk_pika - main.py:112 - INFO - [episode:第1話       ] downloaded:    20, total:  20, progress:100%
2026-02-15 23:37:49 - mkk_pika - database.py:238 - INFO - 数据库更新已下载章节
2026-02-15 23:37:49 - mkk_pika - database.py:244 - INFO - 该漫画已下载章节如下
2026-02-15 23:37:49 - mkk_pika - database.py:245 - INFO - ['第1話']
2026-02-15 23:37:50 - mkk_pika - main.py:292 - INFO - ==================== 漫画信息 ====================
                                漫画ID：6991f784544b547930b988f2
                                标题：あくまのめすがき! こんな子供に負けちゃうの~？ | 會輸給這樣的小孩子嗎~?
                                作者：ZIRAN
                                是否完结：否
                                总页数：20
                                分类：短篇
                                章节数：1
                                最后更新时间：2026-02-15T16:42:44.889Z
                                =================================================
2026-02-15 23:37:50 - mkk_pika - database.py:101 - INFO - 保存成功：あくまのめすがき! こんな子供に負けちゃうの~？ | 會輸給這樣的小孩子嗎~?
2026-02-15 23:37:50 - mkk_pika - main.py:323 - INFO - 订阅内容内容下载完毕
2026-02-15 23:37:50 - mkk_pika - main.py:324 - INFO - 开始分批下载全部章节
2026-02-15 23:37:50 - mkk_pika - database.py:280 - INFO - 表和索引初始化成功
2026-02-15 23:37:51 - mkk_pika - main.py:177 - INFO - 已经下载了107页，一共6741页，现在开始添加第108页
2026-02-15 23:37:51 - mkk_pika - database.py:318 - INFO - 保存成功
2026-02-15 23:37:51 - mkk_pika - main.py:177 - INFO - 已经下载了108页，一共6741页，现在开始添加第109页
2026-02-15 23:37:52 - mkk_pika - database.py:318 - INFO - 保存成功
2026-02-15 23:37:52 - mkk_pika - main.py:331 - INFO - 分批下载共计33本漫画
2026-02-15 23:37:52 - mkk_pika - main.py:35 - INFO - 开始检查(C83) (同人誌)  [ひとのふんどし (ゆきよし真水)] さくら荘のエッチな折本。 (さくら荘のペットな彼女)是否存在未下载章节
2026-02-15 23:37:52 - mkk_pika - main.py:45 - INFO - 正在下载:[(C83) (同人誌)  [ひとのふんどし (ゆきよし真水)] さくら荘のエッチな折本。 (さくら荘のペットな彼女)]-[ゆきよし真水]-[['同人', '短篇', 'NTR']]-[total_pages:10]
2026-02-15 23:37:52 - mkk_pika - main.py:49 - INFO - [{'_id': '582192a75f6b9a4f93e5951b', 'title': '第1集', 'order': 1, 'updated_at': '2016-11-08T08:53:59.355Z', 'id': '582192a75f6b9a4f93e5951b'}]
2026-02-15 23:37:52 - mkk_pika - database.py:215 - INFO - 第一次下载该漫画，记录数据库中
2026-02-15 23:37:53 - mkk_pika - main.py:83 - INFO - 找到 10 张图片在:第1集
2026-02-15 23:37:53 - mkk_pika - main.py:112 - INFO - [episode:第1集       ] downloaded:    10, total:  10, progress:100%
2026-02-15 23:37:53 - mkk_pika - database.py:238 - INFO - 数据库更新已下载章节
2026-02-15 23:37:53 - mkk_pika - database.py:244 - INFO - 该漫画已下载章节如下
2026-02-15 23:37:53 - mkk_pika - database.py:245 - INFO - ['第1集']
2026-02-15 23:37:55 - mkk_pika - main.py:348 - INFO - ==================== 漫画信息 ====================
                                   漫画ID：582192a65f6b9a4f93e59519
                                   标题：(C83) (同人誌)  [ひとのふんどし (ゆきよし真水)] さくら荘のエッチな折本。 (さくら荘のペットな彼女)
                                   作者：ゆきよし真水
                                   是否完结：是
                                   总页数：10
                                   分类：同人,短篇,NTR
                                   章节数：1
                                   最后更新时间：2009-08-14T04:47:17.000Z
                                   =================================================
2026-02-15 23:37:55 - mkk_pika - database.py:101 - INFO - 保存成功：(C83) (同人誌)  [ひとのふんどし (ゆきよし真水)] さくら荘のエッチな折本。 (さくら荘のペットな彼女)
2026-02-15 23:37:55 - mkk_pika - main.py:35 - INFO - 开始检查コワレ田ラジ男 (ヒーローキィ)] サムゲ荘のキムチな彼女 (さくら荘のペットな彼女)是否存在未下载章节
2026-02-15 23:37:55 - mkk_pika - main.py:45 - INFO - 正在下载:[コワレ田ラジ男 (ヒーローキィ)] サムゲ荘のキムチな彼女 (さくら荘のペットな彼女)]-[コワレ田ラジ男]-[['同人', '短篇', 'NTR', '強暴']]-[total_pages:32]
2026-02-15 23:37:55 - mkk_pika - main.py:49 - INFO - [{'_id': '582192a75f6b9a4f93e59533', 'title': '第1集', 'order': 1, 'updated_at': '2016-11-08T08:53:59.726Z', 'id': '582192a75f6b9a4f93e59533'}]
2026-02-15 23:37:55 - mkk_pika - database.py:215 - INFO - 第一次下载该漫画，记录数据库中
2026-02-15 23:37:56 - mkk_pika - main.py:83 - INFO - 找到 32 张图片在:第1集
2026-02-15 23:37:56 - mkk_pika - main.py:112 - INFO - [episode:第1集       ] downloaded:    32, total:  32, progress:100%
2026-02-15 23:37:56 - mkk_pika - database.py:238 - INFO - 数据库更新已下载章节
2026-02-15 23:37:56 - mkk_pika - database.py:244 - INFO - 该漫画已下载章节如下
2026-02-15 23:37:56 - mkk_pika - database.py:245 - INFO - ['第1集']
2026-02-15 23:37:58 - mkk_pika - main.py:348 - INFO - ==================== 漫画信息 ====================
                                   漫画ID：582192a75f6b9a4f93e59531
                                   标题：コワレ田ラジ男 (ヒーローキィ)] サムゲ荘のキムチな彼女 (さくら荘のペットな彼女)
                                   作者：コワレ田ラジ男
                                   是否完结：是
                                   总页数：32
                                   分类：同人,短篇,NTR,強暴
                                   章节数：1
                                   最后更新时间：2009-08-14T14:47:17.000Z
                                   =================================================
2026-02-15 23:37:58 - mkk_pika - database.py:101 - INFO - 保存成功：コワレ田ラジ男 (ヒーローキィ)] サムゲ荘のキムチな彼女 (さくら荘のペットな彼女)
2026-02-15 23:37:58 - mkk_pika - main.py:35 - INFO - 开始检查(C83) [白木の小部屋 (榊MAKI)] 空太の生が出てきた？ (さくら荘のペットな彼女)是否存在未下载章节
2026-02-15 23:37:58 - mkk_pika - main.py:45 - INFO - 正在下载:[(C83) [白木の小部屋 (榊MAKI)] 空太の生が出てきた？ (さくら荘のペットな彼女)]-[榊MAKI]-[['同人', '短篇', '後宮閃光']]-[total_pages:36]
2026-02-15 23:37:58 - mkk_pika - main.py:49 - INFO - [{'_id': '582192a85f6b9a4f93e59577', 'title': '第1集', 'order': 1, 'updated_at': '2016-11-08T08:54:00.209Z', 'id': '582192a85f6b9a4f93e59577'}]
2026-02-15 23:37:58 - mkk_pika - database.py:215 - INFO - 第一次下载该漫画，记录数据库中
2026-02-15 23:37:59 - mkk_pika - main.py:83 - INFO - 找到 36 张图片在:第1集
2026-02-15 23:38:00 - mkk_pika - main.py:112 - INFO - [episode:第1集       ] downloaded:    36, total:  36, progress:100%
2026-02-15 23:38:00 - mkk_pika - database.py:238 - INFO - 数据库更新已下载章节
2026-02-15 23:38:00 - mkk_pika - database.py:244 - INFO - 该漫画已下载章节如下
2026-02-15 23:38:00 - mkk_pika - database.py:245 - INFO - ['第1集']
2026-02-15 23:38:01 - mkk_pika - main.py:348 - INFO - ==================== 漫画信息 ====================
                                   漫画ID：582192a75f6b9a4f93e59575
                                   标题：(C83) [白木の小部屋 (榊MAKI)] 空太の生が出てきた？ (さくら荘のペットな彼女)
                                   作者：榊MAKI
                                   是否完结：是
                                   总页数：36
                                   分类：同人,短篇,後宮閃光
                                   章节数：1
                                   最后更新时间：2009-08-15T00:47:17.000Z
                                   =================================================
2026-02-15 23:38:01 - mkk_pika - database.py:101 - INFO - 保存成功：(C83) [白木の小部屋 (榊MAKI)] 空太の生が出てきた？ (さくら荘のペットな彼女)
2026-02-15 23:38:01 - mkk_pika - main.py:35 - INFO - 开始检查紳士淑女是否存在未下载章节
2026-02-15 23:38:02 - mkk_pika - main.py:45 - INFO - 正在下载:[紳士淑女]-[鬼ノ仁]-[['同人', '長篇', '純愛']]-[total_pages:230]
2026-02-15 23:38:02 - mkk_pika - main.py:49 - INFO - [{'_id': '582192a95f6b9a4f93e595c3', 'title': '第1集', 'order': 1, 'updated_at': '2016-11-08T08:54:01.045Z', 'id': '582192a95f6b9a4f93e595c3'}]
2026-02-15 23:38:02 - mkk_pika - database.py:215 - INFO - 第一次下载该漫画，记录数据库中
2026-02-15 23:38:04 - mkk_pika - main.py:83 - INFO - 找到 230 张图片在:第1集
2026-02-15 23:38:09 - mkk_pika - main.py:112 - INFO - [episode:第1集       ] downloaded:   230, total: 230, progress:100%
2026-02-15 23:38:09 - mkk_pika - database.py:238 - INFO - 数据库更新已下载章节
2026-02-15 23:38:09 - mkk_pika - database.py:244 - INFO - 该漫画已下载章节如下
2026-02-15 23:38:09 - mkk_pika - database.py:245 - INFO - ['第1集']
2026-02-15 23:38:11 - mkk_pika - main.py:348 - INFO - ==================== 漫画信息 ====================
                                   漫画ID：582192a85f6b9a4f93e595c1
                                   标题：紳士淑女
                                   作者：鬼ノ仁
                                   是否完结：是
                                   总页数：230
                                   分类：同人,長篇,純愛
                                   章节数：1
                                   最后更新时间：2009-08-15T10:47:17.000Z
                                   =================================================
2026-02-15 23:38:11 - mkk_pika - database.py:101 - INFO - 保存成功：紳士淑女
2026-02-15 23:38:11 - mkk_pika - main.py:35 - INFO - 开始检查MILKY WAY是否存在未下载章节
2026-02-15 23:38:11 - mkk_pika - main.py:45 - INFO - 正在下载:[MILKY WAY]-[黒岩瑪瑙]-[['同人', 'SM', '長篇']]-[total_pages:206]
2026-02-15 23:38:11 - mkk_pika - main.py:49 - INFO - [{'_id': '582192aa5f6b9a4f93e59793', 'title': '第1集', 'order': 1, 'updated_at': '2016-11-08T08:54:02.271Z', 'id': '582192aa5f6b9a4f93e59793'}]
2026-02-15 23:38:11 - mkk_pika - database.py:215 - INFO - 第一次下载该漫画，记录数据库中
2026-02-15 23:38:13 - mkk_pika - main.py:83 - INFO - 找到 206 张图片在:第1集
2026-02-15 23:38:18 - mkk_pika - main.py:112 - INFO - [episode:第1集       ] downloaded:   206, total: 206, progress:100%
2026-02-15 23:38:18 - mkk_pika - database.py:238 - INFO - 数据库更新已下载章节
2026-02-15 23:38:18 - mkk_pika - database.py:244 - INFO - 该漫画已下载章节如下
2026-02-15 23:38:18 - mkk_pika - database.py:245 - INFO - ['第1集']
2026-02-15 23:38:19 - mkk_pika - main.py:348 - INFO - ==================== 漫画信息 ====================
                                   漫画ID：582192a95f6b9a4f93e59791
                                   标题：MILKY WAY
                                   作者：黒岩瑪瑙
                                   是否完结：是
                                   总页数：206
                                   分类：同人,SM,長篇
                                   章节数：1
                                   最后更新时间：2009-08-15T20:47:17.000Z
                                   =================================================
2026-02-15 23:38:19 - mkk_pika - database.py:101 - INFO - 保存成功：MILKY WAY
2026-02-15 23:38:19 - mkk_pika - main.py:35 - INFO - 开始检查ちちカノ是否存在未下载章节
2026-02-15 23:38:19 - mkk_pika - main.py:45 - INFO - 正在下载:[ちちカノ]-[HG茶川]-[['同人', '長篇', '姐姐系', '純愛']]-[total_pages:166]
2026-02-15 23:38:19 - mkk_pika - main.py:49 - INFO - [{'_id': '582192ab5f6b9a4f93e59933', 'title': '第1集', 'order': 1, 'updated_at': '2016-11-08T08:54:03.483Z', 'id': '582192ab5f6b9a4f93e59933'}]
2026-02-15 23:38:19 - mkk_pika - database.py:215 - INFO - 第一次下载该漫画，记录数据库中
2026-02-15 23:38:22 - mkk_pika - main.py:83 - INFO - 找到 166 张图片在:第1集
2026-02-15 23:38:25 - mkk_pika - main.py:112 - INFO - [episode:第1集       ] downloaded:   166, total: 166, progress:100%
2026-02-15 23:38:25 - mkk_pika - database.py:238 - INFO - 数据库更新已下载章节
2026-02-15 23:38:25 - mkk_pika - database.py:244 - INFO - 该漫画已下载章节如下
2026-02-15 23:38:25 - mkk_pika - database.py:245 - INFO - ['第1集']
2026-02-15 23:38:27 - mkk_pika - main.py:348 - INFO - ==================== 漫画信息 ====================
                                   漫画ID：582192aa5f6b9a4f93e59931
                                   标题：ちちカノ
                                   作者：HG茶川
                                   是否完结：是
                                   总页数：166
                                   分类：同人,長篇,姐姐系,純愛
                                   章节数：1
                                   最后更新时间：2009-08-16T06:47:17.000Z
                                   =================================================
2026-02-15 23:38:27 - mkk_pika - database.py:101 - INFO - 保存成功：ちちカノ
2026-02-15 23:38:27 - mkk_pika - main.py:35 - INFO - 开始检查誘惑はあかね色是否存在未下载章节
2026-02-15 23:38:27 - mkk_pika - main.py:45 - INFO - 正在下载:[誘惑はあかね色]-[URAN]-[['同人', '長篇', '純愛']]-[total_pages:199]
2026-02-15 23:38:27 - mkk_pika - main.py:49 - INFO - [{'_id': '582192ad5f6b9a4f93e59a83', 'title': '第1集', 'order': 1, 'updated_at': '2016-11-08T08:54:05.106Z', 'id': '582192ad5f6b9a4f93e59a83'}]
2026-02-15 23:38:27 - mkk_pika - database.py:215 - INFO - 第一次下载该漫画，记录数据库中
2026-02-15 23:38:29 - mkk_pika - main.py:83 - INFO - 找到 199 张图片在:第1集
2026-02-15 23:38:33 - mkk_pika - main.py:112 - INFO - [episode:第1集       ] downloaded:   199, total: 199, progress:100%
2026-02-15 23:38:33 - mkk_pika - database.py:238 - INFO - 数据库更新已下载章节
2026-02-15 23:38:33 - mkk_pika - database.py:244 - INFO - 该漫画已下载章节如下
2026-02-15 23:38:33 - mkk_pika - database.py:245 - INFO - ['第1集']
2026-02-15 23:38:35 - mkk_pika - main.py:348 - INFO - ==================== 漫画信息 ====================
                                   漫画ID：582192ac5f6b9a4f93e59a81
                                   标题：誘惑はあかね色
                                   作者：URAN
                                   是否完结：是
                                   总页数：199
                                   分类：同人,長篇,純愛
                                   章节数：1
                                   最后更新时间：2009-08-16T16:47:17.000Z
                                   =================================================
2026-02-15 23:38:35 - mkk_pika - database.py:101 - INFO - 保存成功：誘惑はあかね色
2026-02-15 23:38:35 - mkk_pika - main.py:35 - INFO - 开始检查召しませ 愛玩メイド是否存在未下载章节
2026-02-15 23:38:35 - mkk_pika - main.py:45 - INFO - 正在下载:[召しませ 愛玩メイド]-[シロタクロタ]-[['同人', '長篇', '純愛']]-[total_pages:176]
2026-02-15 23:38:35 - mkk_pika - main.py:49 - INFO - [{'_id': '582192ae5f6b9a4f93e59c15', 'title': '第1集', 'order': 1, 'updated_at': '2016-11-08T08:54:06.612Z', 'id': '582192ae5f6b9a4f93e59c15'}]
2026-02-15 23:38:35 - mkk_pika - database.py:215 - INFO - 第一次下载该漫画，记录数据库中
2026-02-15 23:38:37 - mkk_pika - main.py:83 - INFO - 找到 176 张图片在:第1集
2026-02-15 23:38:43 - mkk_pika - main.py:112 - INFO - [episode:第1集       ] downloaded:   176, total: 176, progress:100%
2026-02-15 23:38:43 - mkk_pika - database.py:238 - INFO - 数据库更新已下载章节
2026-02-15 23:38:43 - mkk_pika - database.py:244 - INFO - 该漫画已下载章节如下
2026-02-15 23:38:43 - mkk_pika - database.py:245 - INFO - ['第1集']
2026-02-15 23:38:44 - mkk_pika - main.py:348 - INFO - ==================== 漫画信息 ====================
                                   漫画ID：582192ae5f6b9a4f93e59c13
                                   标题：召しませ 愛玩メイド
                                   作者：シロタクロタ
                                   是否完结：是
                                   总页数：176
                                   分类：同人,長篇,純愛
                                   章节数：1
                                   最后更新时间：2009-08-17T02:47:17.000Z
                                   =================================================
2026-02-15 23:38:44 - mkk_pika - database.py:101 - INFO - 保存成功：召しませ 愛玩メイド
2026-02-15 23:38:44 - mkk_pika - main.py:35 - INFO - 开始检查制服まにあ是否存在未下载章节
2026-02-15 23:38:45 - mkk_pika - main.py:45 - INFO - 正在下载:[制服まにあ]-[ななみ靜]-[['同人', '長篇', '純愛']]-[total_pages:124]
2026-02-15 23:38:45 - mkk_pika - main.py:49 - INFO - [{'_id': '582192b15f6b9a4f93e59f13', 'title': '第1集', 'order': 1, 'updated_at': '2016-11-08T08:54:09.513Z', 'id': '582192b15f6b9a4f93e59f13'}]
2026-02-15 23:38:45 - mkk_pika - database.py:215 - INFO - 第一次下载该漫画，记录数据库中
2026-02-15 23:38:47 - mkk_pika - main.py:83 - INFO - 找到 124 张图片在:第1集
2026-02-15 23:38:50 - mkk_pika - main.py:112 - INFO - [episode:第1集       ] downloaded:   124, total: 124, progress:100%
2026-02-15 23:38:50 - mkk_pika - database.py:238 - INFO - 数据库更新已下载章节
2026-02-15 23:38:50 - mkk_pika - database.py:244 - INFO - 该漫画已下载章节如下
2026-02-15 23:38:50 - mkk_pika - database.py:245 - INFO - ['第1集']
2026-02-15 23:38:51 - mkk_pika - main.py:348 - INFO - ==================== 漫画信息 ====================
                                   漫画ID：582192b15f6b9a4f93e59f11
                                   标题：制服まにあ
                                   作者：ななみ靜
                                   是否完结：否
                                   总页数：124
                                   分类：同人,長篇,純愛
                                   章节数：1
                                   最后更新时间：2009-08-17T22:47:17.000Z
                                   =================================================
2026-02-15 23:38:51 - mkk_pika - database.py:101 - INFO - 保存成功：制服まにあ
2026-02-15 23:38:51 - mkk_pika - main.py:35 - INFO - 开始检查牝犬の日々是否存在未下载章节
2026-02-15 23:38:51 - mkk_pika - main.py:45 - INFO - 正在下载:[牝犬の日々]-[HG茶川]-[['同人', '強暴']]-[total_pages:85]
2026-02-15 23:38:51 - mkk_pika - main.py:49 - INFO - [{'_id': '582192b25f6b9a4f93e5a00f', 'title': '第1集', 'order': 1, 'updated_at': '2016-11-08T08:54:10.510Z', 'id': '582192b25f6b9a4f93e5a00f'}]
2026-02-15 23:38:51 - mkk_pika - database.py:215 - INFO - 第一次下载该漫画，记录数据库中
2026-02-15 23:38:53 - mkk_pika - main.py:83 - INFO - 找到 85 张图片在:第1集
2026-02-15 23:38:54 - mkk_pika - main.py:112 - INFO - [episode:第1集       ] downloaded:    85, total:  85, progress:100%
2026-02-15 23:38:54 - mkk_pika - database.py:238 - INFO - 数据库更新已下载章节
2026-02-15 23:38:54 - mkk_pika - database.py:244 - INFO - 该漫画已下载章节如下
2026-02-15 23:38:54 - mkk_pika - database.py:245 - INFO - ['第1集']
2026-02-15 23:38:56 - mkk_pika - main.py:348 - INFO - ==================== 漫画信息 ====================
                                   漫画ID：582192b25f6b9a4f93e5a00d
                                   标题：牝犬の日々
                                   作者：HG茶川
                                   是否完结：是
                                   总页数：85
                                   分类：同人,強暴
                                   章节数：1
                                   最后更新时间：2009-08-18T08:47:17.000Z
                                   =================================================
2026-02-15 23:38:56 - mkk_pika - database.py:101 - INFO - 保存成功：牝犬の日々
2026-02-15 23:38:56 - mkk_pika - main.py:35 - INFO - 开始检查 (COMIC1☆5) CRRR！(インフィニットストラトス)是否存在未下载章节
2026-02-15 23:38:56 - mkk_pika - main.py:45 - INFO - 正在下载:[ (COMIC1☆5) CRRR！(インフィニットストラトス)]-[23.4ド(イチリ)]-[['同人', '短篇', '純愛']]-[total_pages:18]
2026-02-15 23:38:56 - mkk_pika - main.py:49 - INFO - [{'_id': '582192b35f6b9a4f93e5a0bd', 'title': '第1集', 'order': 1, 'updated_at': '2016-11-08T08:54:11.296Z', 'id': '582192b35f6b9a4f93e5a0bd'}]
2026-02-15 23:38:56 - mkk_pika - database.py:215 - INFO - 第一次下载该漫画，记录数据库中
2026-02-15 23:38:57 - mkk_pika - main.py:83 - INFO - 找到 18 张图片在:第1集
2026-02-15 23:38:57 - mkk_pika - main.py:112 - INFO - [episode:第1集       ] downloaded:    18, total:  18, progress:100%
2026-02-15 23:38:57 - mkk_pika - database.py:238 - INFO - 数据库更新已下载章节
2026-02-15 23:38:57 - mkk_pika - database.py:244 - INFO - 该漫画已下载章节如下
2026-02-15 23:38:57 - mkk_pika - database.py:245 - INFO - ['第1集']
2026-02-15 23:38:58 - mkk_pika - main.py:348 - INFO - ==================== 漫画信息 ====================
                                   漫画ID：582192b25f6b9a4f93e5a0bb
                                   标题： (COMIC1☆5) CRRR！(インフィニットストラトス)
                                   作者：23.4ド(イチリ)
                                   是否完结：是
                                   总页数：18
                                   分类：同人,短篇,純愛
                                   章节数：1
                                   最后更新时间：2009-08-18T18:47:17.000Z
                                   =================================================
2026-02-15 23:38:58 - mkk_pika - database.py:101 - INFO - 保存成功： (COMIC1☆5) CRRR！(インフィニットストラトス)
2026-02-15 23:38:58 - mkk_pika - main.py:35 - INFO - 开始检查IS=一夏☆争奪戦！是否存在未下载章节
2026-02-15 23:38:59 - mkk_pika - main.py:45 - INFO - 正在下载:[IS=一夏☆争奪戦！]-[きゃろっとワークス (灰雷兎)]-[['同人', '短篇', '全彩', '後宮閃光']]-[total_pages:19]
2026-02-15 23:38:59 - mkk_pika - main.py:49 - INFO - [{'_id': '582192b35f6b9a4f93e5a0e5', 'title': '第1集', 'order': 1, 'updated_at': '2016-11-08T08:54:11.906Z', 'id': '582192b35f6b9a4f93e5a0e5'}]
2026-02-15 23:38:59 - mkk_pika - database.py:215 - INFO - 第一次下载该漫画，记录数据库中
2026-02-15 23:38:59 - mkk_pika - main.py:83 - INFO - 找到 19 张图片在:第1集
2026-02-15 23:39:00 - mkk_pika - main.py:112 - INFO - [episode:第1集       ] downloaded:    19, total:  19, progress:100%
2026-02-15 23:39:00 - mkk_pika - database.py:238 - INFO - 数据库更新已下载章节
2026-02-15 23:39:00 - mkk_pika - database.py:244 - INFO - 该漫画已下载章节如下
2026-02-15 23:39:00 - mkk_pika - database.py:245 - INFO - ['第1集']
2026-02-15 23:39:01 - mkk_pika - main.py:348 - INFO - ==================== 漫画信息 ====================
                                   漫画ID：582192b35f6b9a4f93e5a0e3
                                   标题：IS=一夏☆争奪戦！
                                   作者：きゃろっとワークス (灰雷兎)
                                   是否完结：是
                                   总页数：19
                                   分类：同人,短篇,全彩,後宮閃光
                                   章节数：1
                                   最后更新时间：2009-08-19T04:47:17.000Z
                                   =================================================
2026-02-15 23:39:01 - mkk_pika - database.py:101 - INFO - 保存成功：IS=一夏☆争奪戦！
2026-02-15 23:39:01 - mkk_pika - main.py:35 - INFO - 开始检查セシリアの憂鬱(IS) 是否存在未下载章节
2026-02-15 23:39:02 - mkk_pika - main.py:45 - INFO - 正在下载:[セシリアの憂鬱(IS) ]-[ふかふか天職]-[['同人', '短篇']]-[total_pages:26]
2026-02-15 23:39:02 - mkk_pika - main.py:49 - INFO - [{'_id': '582192b45f6b9a4f93e5a10f', 'title': '第1集', 'order': 1, 'updated_at': '2016-11-08T08:54:12.293Z', 'id': '582192b45f6b9a4f93e5a10f'}]
2026-02-15 23:39:02 - mkk_pika - database.py:215 - INFO - 第一次下载该漫画，记录数据库中
2026-02-15 23:39:02 - mkk_pika - main.py:83 - INFO - 找到 26 张图片在:第1集
2026-02-15 23:39:03 - mkk_pika - main.py:112 - INFO - [episode:第1集       ] downloaded:    26, total:  26, progress:100%
2026-02-15 23:39:03 - mkk_pika - database.py:238 - INFO - 数据库更新已下载章节
2026-02-15 23:39:03 - mkk_pika - database.py:244 - INFO - 该漫画已下载章节如下
2026-02-15 23:39:03 - mkk_pika - database.py:245 - INFO - ['第1集']
2026-02-15 23:39:04 - mkk_pika - main.py:348 - INFO - ==================== 漫画信息 ====================
                                   漫画ID：582192b35f6b9a4f93e5a10d
                                   标题：セシリアの憂鬱(IS) 
                                   作者：ふかふか天職
                                   是否完结：是
                                   总页数：26
                                   分类：同人,短篇
                                   章节数：1
                                   最后更新时间：2009-08-19T14:47:17.000Z
                                   =================================================
2026-02-15 23:39:04 - mkk_pika - database.py:101 - INFO - 保存成功：セシリアの憂鬱(IS) 
2026-02-15 23:39:04 - mkk_pika - main.py:35 - INFO - 开始检查(C80)セシリア超特急＋ISエロうちわ (IS)是否存在未下载章节
2026-02-15 23:39:05 - mkk_pika - main.py:45 - INFO - 正在下载:[(C80)セシリア超特急＋ISエロうちわ (IS)]-[CHIBIKKO KINGDOM]-[['同人', '短篇', 'NTR', '強暴']]-[total_pages:36]
2026-02-15 23:39:05 - mkk_pika - main.py:49 - INFO - [{'_id': '582192b45f6b9a4f93e5a147', 'title': '第1集', 'order': 1, 'updated_at': '2016-11-08T08:54:12.743Z', 'id': '582192b45f6b9a4f93e5a147'}]
2026-02-15 23:39:05 - mkk_pika - database.py:215 - INFO - 第一次下载该漫画，记录数据库中
2026-02-15 23:39:05 - mkk_pika - main.py:83 - INFO - 找到 36 张图片在:第1集
2026-02-15 23:39:06 - mkk_pika - main.py:112 - INFO - [episode:第1集       ] downloaded:    36, total:  36, progress:100%
2026-02-15 23:39:06 - mkk_pika - database.py:238 - INFO - 数据库更新已下载章节
2026-02-15 23:39:06 - mkk_pika - database.py:244 - INFO - 该漫画已下载章节如下
2026-02-15 23:39:06 - mkk_pika - database.py:245 - INFO - ['第1集']
2026-02-15 23:39:07 - mkk_pika - main.py:348 - INFO - ==================== 漫画信息 ====================
                                   漫画ID：582192b45f6b9a4f93e5a145
                                   标题：(C80)セシリア超特急＋ISエロうちわ (IS)
                                   作者：CHIBIKKO KINGDOM
                                   是否完结：是
                                   总页数：36
                                   分类：同人,短篇,NTR,強暴
                                   章节数：1
                                   最后更新时间：2009-08-20T00:47:17.000Z
                                   =================================================
2026-02-15 23:39:07 - mkk_pika - database.py:101 - INFO - 保存成功：(C80)セシリア超特急＋ISエロうちわ (IS)
2026-02-15 23:39:07 - mkk_pika - main.py:35 - INFO - 开始检查(COMIC1☆5)British Invasion (IS＜インフィニット ストラトス＞)是否存在未下载章节
2026-02-15 23:39:08 - mkk_pika - main.py:45 - INFO - 正在下载:[(COMIC1☆5)British Invasion (IS＜インフィニット ストラトス＞)]-[Yellow avantgard (みことあけみ)]-[['同人', '短篇', '純愛']]-[total_pages:27]
2026-02-15 23:39:08 - mkk_pika - main.py:49 - INFO - [{'_id': '582192b55f6b9a4f93e5a193', 'title': '第1集', 'order': 1, 'updated_at': '2016-11-08T08:54:13.255Z', 'id': '582192b55f6b9a4f93e5a193'}]
2026-02-15 23:39:08 - mkk_pika - database.py:215 - INFO - 第一次下载该漫画，记录数据库中
2026-02-15 23:39:09 - mkk_pika - main.py:83 - INFO - 找到 27 张图片在:第1集
2026-02-15 23:39:09 - mkk_pika - main.py:112 - INFO - [episode:第1集       ] downloaded:    27, total:  27, progress:100%
2026-02-15 23:39:09 - mkk_pika - database.py:238 - INFO - 数据库更新已下载章节
2026-02-15 23:39:09 - mkk_pika - database.py:244 - INFO - 该漫画已下载章节如下
2026-02-15 23:39:09 - mkk_pika - database.py:245 - INFO - ['第1集']
2026-02-15 23:39:11 - mkk_pika - main.py:348 - INFO - ==================== 漫画信息 ====================
                                   漫画ID：582192b45f6b9a4f93e5a191
                                   标题：(COMIC1☆5)British Invasion (IS＜インフィニット ストラトス＞)
                                   作者：Yellow avantgard (みことあけみ)
                                   是否完结：是
                                   总页数：27
                                   分类：同人,短篇,純愛
                                   章节数：1
                                   最后更新时间：2009-08-20T10:47:17.000Z
                                   =================================================
2026-02-15 23:39:11 - mkk_pika - database.py:101 - INFO - 保存成功：(COMIC1☆5)British Invasion (IS＜インフィニット ストラトス＞)
2026-02-15 23:39:11 - mkk_pika - main.py:35 - INFO - 开始检查(C76)綾波×長門(新世紀エヴァンゲリオン&涼宮ハルヒの憂鬱)是否存在未下载章节
2026-02-15 23:39:11 - mkk_pika - main.py:45 - INFO - 正在下载:[(C76)綾波×長門(新世紀エヴァンゲリオン&涼宮ハルヒの憂鬱)]-[木星在住]-[['同人', '短篇', '非人類', '強暴']]-[total_pages:26]
2026-02-15 23:39:11 - mkk_pika - main.py:49 - INFO - [{'_id': '582192b55f6b9a4f93e5a1cd', 'title': '第1集', 'order': 1, 'updated_at': '2016-11-08T08:54:13.740Z', 'id': '582192b55f6b9a4f93e5a1cd'}]
2026-02-15 23:39:11 - mkk_pika - database.py:215 - INFO - 第一次下载该漫画，记录数据库中
2026-02-15 23:39:12 - mkk_pika - main.py:83 - INFO - 找到 26 张图片在:第1集
2026-02-15 23:39:12 - mkk_pika - main.py:112 - INFO - [episode:第1集       ] downloaded:    26, total:  26, progress:100%
2026-02-15 23:39:12 - mkk_pika - database.py:238 - INFO - 数据库更新已下载章节
2026-02-15 23:39:12 - mkk_pika - database.py:244 - INFO - 该漫画已下载章节如下
2026-02-15 23:39:12 - mkk_pika - database.py:245 - INFO - ['第1集']
2026-02-15 23:39:14 - mkk_pika - main.py:348 - INFO - ==================== 漫画信息 ====================
                                   漫画ID：582192b55f6b9a4f93e5a1cb
                                   标题：(C76)綾波×長門(新世紀エヴァンゲリオン&涼宮ハルヒの憂鬱)
                                   作者：木星在住
                                   是否完结：是
                                   总页数：26
                                   分类：同人,短篇,非人類,強暴
                                   章节数：1
                                   最后更新时间：2009-08-20T20:47:17.000Z
                                   =================================================
2026-02-15 23:39:14 - mkk_pika - database.py:101 - INFO - 保存成功：(C76)綾波×長門(新世紀エヴァンゲリオン&涼宮ハルヒの憂鬱)
2026-02-15 23:39:14 - mkk_pika - main.py:35 - INFO - 开始检查(C76)真希波まみれ (EVA)是否存在未下载章节
2026-02-15 23:39:14 - mkk_pika - main.py:45 - INFO - 正在下载:[(C76)真希波まみれ (EVA)]-[Yan-Yam]-[['同人', '短篇']]-[total_pages:43]
2026-02-15 23:39:14 - mkk_pika - main.py:49 - INFO - [{'_id': '582192b65f6b9a4f93e5a205', 'title': '第1集', 'order': 1, 'updated_at': '2016-11-08T08:54:14.241Z', 'id': '582192b65f6b9a4f93e5a205'}]
2026-02-15 23:39:14 - mkk_pika - database.py:215 - INFO - 第一次下载该漫画，记录数据库中
2026-02-15 23:39:15 - mkk_pika - main.py:83 - INFO - 找到 43 张图片在:第1集
2026-02-15 23:39:16 - mkk_pika - main.py:112 - INFO - [episode:第1集       ] downloaded:    43, total:  43, progress:100%
2026-02-15 23:39:16 - mkk_pika - database.py:238 - INFO - 数据库更新已下载章节
2026-02-15 23:39:16 - mkk_pika - database.py:244 - INFO - 该漫画已下载章节如下
2026-02-15 23:39:16 - mkk_pika - database.py:245 - INFO - ['第1集']
2026-02-15 23:39:18 - mkk_pika - main.py:348 - INFO - ==================== 漫画信息 ====================
                                   漫画ID：582192b55f6b9a4f93e5a203
                                   标题：(C76)真希波まみれ (EVA)
                                   作者：Yan-Yam
                                   是否完结：是
                                   总页数：43
                                   分类：同人,短篇
                                   章节数：1
                                   最后更新时间：2009-08-21T06:47:17.000Z
                                   =================================================
2026-02-15 23:39:18 - mkk_pika - database.py:101 - INFO - 保存成功：(C76)真希波まみれ (EVA)
2026-02-15 23:39:18 - mkk_pika - main.py:35 - INFO - 开始检查(C79)EDEN -Rei10- (新世紀エヴァンゲリオン)是否存在未下载章节
2026-02-15 23:39:18 - mkk_pika - main.py:45 - INFO - 正在下载:[(C79)EDEN -Rei10- (新世紀エヴァンゲリオン)]-[琥珀亭 (堺はまち)]-[['同人', '短篇', '非人類', '純愛']]-[total_pages:29]
2026-02-15 23:39:18 - mkk_pika - main.py:49 - INFO - [{'_id': '582192b75f6b9a4f93e5a25f', 'title': '第1集', 'order': 1, 'updated_at': '2016-11-08T08:54:15.047Z', 'id': '582192b75f6b9a4f93e5a25f'}]
2026-02-15 23:39:18 - mkk_pika - database.py:215 - INFO - 第一次下载该漫画，记录数据库中
2026-02-15 23:39:19 - mkk_pika - main.py:83 - INFO - 找到 29 张图片在:第1集
2026-02-15 23:39:19 - mkk_pika - main.py:112 - INFO - [episode:第1集       ] downloaded:    29, total:  29, progress:100%
2026-02-15 23:39:19 - mkk_pika - database.py:238 - INFO - 数据库更新已下载章节
2026-02-15 23:39:19 - mkk_pika - database.py:244 - INFO - 该漫画已下载章节如下
2026-02-15 23:39:19 - mkk_pika - database.py:245 - INFO - ['第1集']
2026-02-15 23:39:21 - mkk_pika - main.py:348 - INFO - ==================== 漫画信息 ====================
                                   漫画ID：582192b65f6b9a4f93e5a25d
                                   标题：(C79)EDEN -Rei10- (新世紀エヴァンゲリオン)
                                   作者：琥珀亭 (堺はまち)
                                   是否完结：是
                                   总页数：29
                                   分类：同人,短篇,非人類,純愛
                                   章节数：1
                                   最后更新时间：2009-08-21T16:47:17.000Z
                                   =================================================
2026-02-15 23:39:21 - mkk_pika - database.py:101 - INFO - 保存成功：(C79)EDEN -Rei10- (新世紀エヴァンゲリオン)
2026-02-15 23:39:21 - mkk_pika - main.py:35 - INFO - 开始检查(C77)White Lie (新世紀エヴァンゲリオン)是否存在未下载章节
2026-02-15 23:39:21 - mkk_pika - main.py:45 - INFO - 正在下载:[(C77)White Lie (新世紀エヴァンゲリオン)]-[ホムンクルス]-[['同人', '短篇', '純愛']]-[total_pages:32]
2026-02-15 23:39:21 - mkk_pika - main.py:49 - INFO - [{'_id': '582192b75f6b9a4f93e5a29d', 'title': '第1集', 'order': 1, 'updated_at': '2016-11-08T08:54:15.522Z', 'id': '582192b75f6b9a4f93e5a29d'}]
2026-02-15 23:39:21 - mkk_pika - database.py:215 - INFO - 第一次下载该漫画，记录数据库中
2026-02-15 23:39:22 - mkk_pika - main.py:83 - INFO - 找到 32 张图片在:第1集
2026-02-15 23:39:23 - mkk_pika - main.py:112 - INFO - [episode:第1集       ] downloaded:    32, total:  32, progress:100%
2026-02-15 23:39:23 - mkk_pika - database.py:238 - INFO - 数据库更新已下载章节
2026-02-15 23:39:23 - mkk_pika - database.py:244 - INFO - 该漫画已下载章节如下
2026-02-15 23:39:23 - mkk_pika - database.py:245 - INFO - ['第1集']
2026-02-15 23:39:24 - mkk_pika - main.py:348 - INFO - ==================== 漫画信息 ====================
                                   漫画ID：582192b75f6b9a4f93e5a29b
                                   标题：(C77)White Lie (新世紀エヴァンゲリオン)
                                   作者：ホムンクルス
                                   是否完结：是
                                   总页数：32
                                   分类：同人,短篇,純愛
                                   章节数：1
                                   最后更新时间：2009-08-22T02:47:17.000Z
                                   =================================================
2026-02-15 23:39:24 - mkk_pika - database.py:101 - INFO - 保存成功：(C77)White Lie (新世紀エヴァンゲリオン)
2026-02-15 23:39:24 - mkk_pika - main.py:35 - INFO - 开始检查不知名出处的本子是否存在未下载章节
2026-02-15 23:39:24 - mkk_pika - main.py:45 - INFO - 正在下载:[不知名出处的本子]-[我自己都不知道什么时候下载的]-[['同人', '短篇', '艦隊收藏', '全彩', '後宮閃光', '姐姐系', '妹妹系', '東方', '純愛', '足の恋']]-[total_pages:283]
2026-02-15 23:39:24 - mkk_pika - main.py:49 - INFO - [{'_id': '582192b95f6b9a4f93e5a431', 'title': '第1集', 'order': 1, 'updated_at': '2016-11-08T08:54:17.695Z', 'id': '582192b95f6b9a4f93e5a431'}, {'_id': '582192ba5f6b9a4f93e5a517', 'title': '第2集', 'order': 2, 'updated_at': '2016-11-08T08:54:18.841Z', 'id': '582192ba5f6b9a4f93e5a517'}, {'_id': '582192bb5f6b9a4f93e5a541', 'title': '第3集', 'order': 3, 'updated_at': '2016-11-08T08:54:19.401Z', 'id': '582192bb5f6b9a4f93e5a541'}, {'_id': '582192bb5f6b9a4f93e5a57d', 'title': '第4集', 'order': 4, 'updated_at': '2016-11-08T08:54:19.757Z', 'id': '582192bb5f6b9a4f93e5a57d'}, {'_id': '582192bc5f6b9a4f93e5a5b3', 'title': '第5集', 'order': 5, 'updated_at': '2016-11-08T08:54:20.357Z', 'id': '582192bc5f6b9a4f93e5a5b3'}, {'_id': '582192bd5f6b9a4f93e5a5f9', 'title': '第6集', 'order': 6, 'updated_at': '2016-11-08T08:54:21.065Z', 'id': '582192bd5f6b9a4f93e5a5f9'}, {'_id': '582192bd5f6b9a4f93e5a61b', 'title': '第7集', 'order': 7, 'updated_at': '2016-11-08T08:54:21.664Z', 'id': '582192bd5f6b9a4f93e5a61b'}]
2026-02-15 23:39:24 - mkk_pika - database.py:215 - INFO - 第一次下载该漫画，记录数据库中
2026-02-15 23:39:25 - mkk_pika - main.py:83 - INFO - 找到 114 张图片在:第1集
2026-02-15 23:39:28 - mkk_pika - main.py:112 - INFO - [episode:第1集       ] downloaded:   114, total: 114, progress:100%
2026-02-15 23:39:28 - mkk_pika - database.py:238 - INFO - 数据库更新已下载章节
2026-02-15 23:39:28 - mkk_pika - database.py:244 - INFO - 该漫画已下载章节如下
2026-02-15 23:39:28 - mkk_pika - database.py:245 - INFO - ['第1集']
2026-02-15 23:39:29 - mkk_pika - main.py:83 - INFO - 找到 20 张图片在:第2集
2026-02-15 23:39:30 - mkk_pika - main.py:112 - INFO - [episode:第2集       ] downloaded:    20, total:  20, progress:100%
2026-02-15 23:39:30 - mkk_pika - database.py:238 - INFO - 数据库更新已下载章节
2026-02-15 23:39:30 - mkk_pika - database.py:244 - INFO - 该漫画已下载章节如下
2026-02-15 23:39:30 - mkk_pika - database.py:245 - INFO - ['第1集', '第2集']
2026-02-15 23:39:32 - mkk_pika - main.py:83 - INFO - 找到 29 张图片在:第3集
2026-02-15 23:39:32 - mkk_pika - main.py:112 - INFO - [episode:第3集       ] downloaded:    29, total:  29, progress:100%
2026-02-15 23:39:32 - mkk_pika - database.py:238 - INFO - 数据库更新已下载章节
2026-02-15 23:39:32 - mkk_pika - database.py:244 - INFO - 该漫画已下载章节如下
2026-02-15 23:39:32 - mkk_pika - database.py:245 - INFO - ['第1集', '第2集', '第3集']
2026-02-15 23:39:34 - mkk_pika - main.py:83 - INFO - 找到 26 张图片在:第4集
2026-02-15 23:39:36 - mkk_pika - main.py:112 - INFO - [episode:第4集       ] downloaded:    26, total:  26, progress:100%
2026-02-15 23:39:36 - mkk_pika - database.py:238 - INFO - 数据库更新已下载章节
2026-02-15 23:39:36 - mkk_pika - database.py:244 - INFO - 该漫画已下载章节如下
2026-02-15 23:39:36 - mkk_pika - database.py:245 - INFO - ['第1集', '第2集', '第3集', '第4集']
2026-02-15 23:39:38 - mkk_pika - main.py:83 - INFO - 找到 34 张图片在:第5集
2026-02-15 23:39:38 - mkk_pika - main.py:112 - INFO - [episode:第5集       ] downloaded:    34, total:  34, progress:100%
2026-02-15 23:39:38 - mkk_pika - database.py:238 - INFO - 数据库更新已下载章节
2026-02-15 23:39:38 - mkk_pika - database.py:244 - INFO - 该漫画已下载章节如下
2026-02-15 23:39:38 - mkk_pika - database.py:245 - INFO - ['第1集', '第2集', '第3集', '第4集', '第5集']
2026-02-15 23:39:40 - mkk_pika - main.py:83 - INFO - 找到 16 张图片在:第6集
2026-02-15 23:39:40 - mkk_pika - main.py:112 - INFO - [episode:第6集       ] downloaded:    16, total:  16, progress:100%
2026-02-15 23:39:40 - mkk_pika - database.py:238 - INFO - 数据库更新已下载章节
2026-02-15 23:39:40 - mkk_pika - database.py:244 - INFO - 该漫画已下载章节如下
2026-02-15 23:39:40 - mkk_pika - database.py:245 - INFO - ['第1集', '第2集', '第3集', '第4集', '第5集', '第6集']
2026-02-15 23:39:42 - mkk_pika - main.py:83 - INFO - 找到 44 张图片在:第7集
2026-02-15 23:39:43 - mkk_pika - main.py:112 - INFO - [episode:第7集       ] downloaded:    44, total:  44, progress:100%
2026-02-15 23:39:43 - mkk_pika - database.py:238 - INFO - 数据库更新已下载章节
2026-02-15 23:39:43 - mkk_pika - database.py:244 - INFO - 该漫画已下载章节如下
2026-02-15 23:39:43 - mkk_pika - database.py:245 - INFO - ['第1集', '第2集', '第3集', '第4集', '第5集', '第6集', '第7集']
2026-02-15 23:39:45 - mkk_pika - main.py:348 - INFO - ==================== 漫画信息 ====================
                                   漫画ID：582192b95f6b9a4f93e5a42f
                                   标题：不知名出处的本子
                                   作者：我自己都不知道什么时候下载的
                                   是否完结：否
                                   总页数：283
                                   分类：同人,短篇,艦隊收藏,全彩,後宮閃光,姐姐系,妹妹系,東方,純愛,足の恋
                                   章节数：7
                                   最后更新时间：2009-08-22T22:47:17.000Z
                                   =================================================
2026-02-15 23:39:45 - mkk_pika - database.py:101 - INFO - 保存成功：不知名出处的本子
2026-02-15 23:39:45 - mkk_pika - main.py:35 - INFO - 开始检查(COMIC1☆4)アミプラス (とらドラ!)是否存在未下载章节
2026-02-15 23:39:45 - mkk_pika - main.py:45 - INFO - 正在下载:[(COMIC1☆4)アミプラス (とらドラ!)]-[よわたり工場]-[['同人', '短篇', '全彩']]-[total_pages:17]
2026-02-15 23:39:45 - mkk_pika - main.py:49 - INFO - [{'_id': '582192be5f6b9a4f93e5a677', 'title': '第1集', 'order': 1, 'updated_at': '2016-11-08T08:54:22.517Z', 'id': '582192be5f6b9a4f93e5a677'}]
2026-02-15 23:39:45 - mkk_pika - database.py:215 - INFO - 第一次下载该漫画，记录数据库中
2026-02-15 23:39:45 - mkk_pika - main.py:83 - INFO - 找到 17 张图片在:第1集
2026-02-15 23:39:46 - mkk_pika - main.py:112 - INFO - [episode:第1集       ] downloaded:    17, total:  17, progress:100%
2026-02-15 23:39:46 - mkk_pika - database.py:238 - INFO - 数据库更新已下载章节
2026-02-15 23:39:46 - mkk_pika - database.py:244 - INFO - 该漫画已下载章节如下
2026-02-15 23:39:46 - mkk_pika - database.py:245 - INFO - ['第1集']
2026-02-15 23:39:47 - mkk_pika - main.py:348 - INFO - ==================== 漫画信息 ====================
                                   漫画ID：582192bd5f6b9a4f93e5a675
                                   标题：(COMIC1☆4)アミプラス (とらドラ!)
                                   作者：よわたり工場
                                   是否完结：是
                                   总页数：17
                                   分类：同人,短篇,全彩
                                   章节数：1
                                   最后更新时间：2009-08-23T08:47:17.000Z
                                   =================================================
2026-02-15 23:39:47 - mkk_pika - database.py:101 - INFO - 保存成功：(COMIC1☆4)アミプラス (とらドラ!)
2026-02-15 23:39:47 - mkk_pika - main.py:35 - INFO - 开始检查とらトラとら 2!(とらドラ!)是否存在未下载章节
2026-02-15 23:39:48 - mkk_pika - main.py:45 - INFO - 正在下载:[とらトラとら 2!(とらドラ!)]-[valssu(茶琉)]-[['同人', '短篇', '純愛']]-[total_pages:33]
2026-02-15 23:39:48 - mkk_pika - main.py:49 - INFO - [{'_id': '582192be5f6b9a4f93e5a69d', 'title': '第1集', 'order': 1, 'updated_at': '2016-11-08T08:54:22.968Z', 'id': '582192be5f6b9a4f93e5a69d'}]
2026-02-15 23:39:48 - mkk_pika - database.py:215 - INFO - 第一次下载该漫画，记录数据库中
2026-02-15 23:39:48 - mkk_pika - main.py:83 - INFO - 找到 33 张图片在:第1集
2026-02-15 23:39:49 - mkk_pika - main.py:112 - INFO - [episode:第1集       ] downloaded:    33, total:  33, progress:100%
2026-02-15 23:39:49 - mkk_pika - database.py:238 - INFO - 数据库更新已下载章节
2026-02-15 23:39:49 - mkk_pika - database.py:244 - INFO - 该漫画已下载章节如下
2026-02-15 23:39:49 - mkk_pika - database.py:245 - INFO - ['第1集']
2026-02-15 23:39:50 - mkk_pika - main.py:348 - INFO - ==================== 漫画信息 ====================
                                   漫画ID：582192be5f6b9a4f93e5a69b
                                   标题：とらトラとら 2!(とらドラ!)
                                   作者：valssu(茶琉)
                                   是否完结：是
                                   总页数：33
                                   分类：同人,短篇,純愛
                                   章节数：1
                                   最后更新时间：2009-08-23T18:47:17.000Z
                                   =================================================
2026-02-15 23:39:50 - mkk_pika - database.py:101 - INFO - 保存成功：とらトラとら 2!(とらドラ!)
2026-02-15 23:39:50 - mkk_pika - main.py:35 - INFO - 开始检查(C75)ひざのりタイガー(とらドラ!)是否存在未下载章节
2026-02-15 23:39:51 - mkk_pika - main.py:45 - INFO - 正在下载:[(C75)ひざのりタイガー(とらドラ!)]-[ESSENTIA]-[['同人', '短篇', '全彩', '純愛']]-[total_pages:22]
2026-02-15 23:39:51 - mkk_pika - main.py:49 - INFO - [{'_id': '582192bf5f6b9a4f93e5a6e3', 'title': '第1集', 'order': 1, 'updated_at': '2016-11-08T08:54:23.726Z', 'id': '582192bf5f6b9a4f93e5a6e3'}]
2026-02-15 23:39:51 - mkk_pika - database.py:215 - INFO - 第一次下载该漫画，记录数据库中
2026-02-15 23:39:51 - mkk_pika - main.py:83 - INFO - 找到 22 张图片在:第1集
2026-02-15 23:39:52 - mkk_pika - main.py:112 - INFO - [episode:第1集       ] downloaded:    22, total:  22, progress:100%
2026-02-15 23:39:52 - mkk_pika - database.py:238 - INFO - 数据库更新已下载章节
2026-02-15 23:39:52 - mkk_pika - database.py:244 - INFO - 该漫画已下载章节如下
2026-02-15 23:39:52 - mkk_pika - database.py:245 - INFO - ['第1集']
2026-02-15 23:39:53 - mkk_pika - main.py:348 - INFO - ==================== 漫画信息 ====================
                                   漫画ID：582192bf5f6b9a4f93e5a6e1
                                   标题：(C75)ひざのりタイガー(とらドラ!)
                                   作者：ESSENTIA
                                   是否完结：是
                                   总页数：22
                                   分类：同人,短篇,全彩,純愛
                                   章节数：1
                                   最后更新时间：2009-08-24T04:47:17.000Z
                                   =================================================
2026-02-15 23:39:53 - mkk_pika - database.py:101 - INFO - 保存成功：(C75)ひざのりタイガー(とらドラ!)
2026-02-15 23:39:53 - mkk_pika - main.py:35 - INFO - 开始检查TIGER NO PANTS (とらドラ！)是否存在未下载章节
2026-02-15 23:39:54 - mkk_pika - main.py:45 - INFO - 正在下载:[TIGER NO PANTS (とらドラ！)]-[KALMIA]-[['同人', '短篇']]-[total_pages:28]
2026-02-15 23:39:54 - mkk_pika - main.py:49 - INFO - [{'_id': '582192c05f6b9a4f93e5a713', 'title': '第1集', 'order': 1, 'updated_at': '2016-11-08T08:54:24.404Z', 'id': '582192c05f6b9a4f93e5a713'}]
2026-02-15 23:39:54 - mkk_pika - database.py:215 - INFO - 第一次下载该漫画，记录数据库中
2026-02-15 23:39:54 - mkk_pika - main.py:83 - INFO - 找到 28 张图片在:第1集
2026-02-15 23:39:55 - mkk_pika - main.py:112 - INFO - [episode:第1集       ] downloaded:    28, total:  28, progress:100%
2026-02-15 23:39:55 - mkk_pika - database.py:238 - INFO - 数据库更新已下载章节
2026-02-15 23:39:55 - mkk_pika - database.py:244 - INFO - 该漫画已下载章节如下
2026-02-15 23:39:55 - mkk_pika - database.py:245 - INFO - ['第1集']
2026-02-15 23:39:56 - mkk_pika - main.py:348 - INFO - ==================== 漫画信息 ====================
                                   漫画ID：582192bf5f6b9a4f93e5a711
                                   标题：TIGER NO PANTS (とらドラ！)
                                   作者：KALMIA
                                   是否完结：是
                                   总页数：28
                                   分类：同人,短篇
                                   章节数：1
                                   最后更新时间：2009-08-24T14:47:17.000Z
                                   =================================================
2026-02-15 23:39:56 - mkk_pika - database.py:101 - INFO - 保存成功：TIGER NO PANTS (とらドラ！)
2026-02-15 23:39:56 - mkk_pika - main.py:35 - INFO - 开始检查(C75)胸……ときどき晴れ。（とらドラ！）是否存在未下载章节
2026-02-15 23:39:57 - mkk_pika - main.py:45 - INFO - 正在下载:[(C75)胸……ときどき晴れ。（とらドラ！）]-[KOKIKKO]-[['同人', '短篇', '純愛']]-[total_pages:26]
2026-02-15 23:39:57 - mkk_pika - main.py:49 - INFO - [{'_id': '582192c05f6b9a4f93e5a74f', 'title': '第1集', 'order': 1, 'updated_at': '2016-11-08T08:54:24.872Z', 'id': '582192c05f6b9a4f93e5a74f'}]
2026-02-15 23:39:57 - mkk_pika - database.py:215 - INFO - 第一次下载该漫画，记录数据库中
2026-02-15 23:39:58 - mkk_pika - main.py:83 - INFO - 找到 26 张图片在:第1集
2026-02-15 23:39:58 - mkk_pika - main.py:112 - INFO - [episode:第1集       ] downloaded:    26, total:  26, progress:100%
2026-02-15 23:39:58 - mkk_pika - database.py:238 - INFO - 数据库更新已下载章节
2026-02-15 23:39:58 - mkk_pika - database.py:244 - INFO - 该漫画已下载章节如下
2026-02-15 23:39:58 - mkk_pika - database.py:245 - INFO - ['第1集']
2026-02-15 23:40:00 - mkk_pika - main.py:348 - INFO - ==================== 漫画信息 ====================
                                   漫画ID：582192c05f6b9a4f93e5a74d
                                   标题：(C75)胸……ときどき晴れ。（とらドラ！）
                                   作者：KOKIKKO
                                   是否完结：是
                                   总页数：26
                                   分类：同人,短篇,純愛
                                   章节数：1
                                   最后更新时间：2009-08-25T00:47:17.000Z
                                   =================================================
2026-02-15 23:40:00 - mkk_pika - database.py:101 - INFO - 保存成功：(C75)胸……ときどき晴れ。（とらドラ！）
2026-02-15 23:40:00 - mkk_pika - main.py:35 - INFO - 开始检查(C76)smile (とらドラ！)是否存在未下载章节
2026-02-15 23:40:00 - mkk_pika - main.py:45 - INFO - 正在下载:[(C76)smile (とらドラ！)]-[はぽい処]-[['同人', '短篇', '純愛']]-[total_pages:28]
2026-02-15 23:40:00 - mkk_pika - main.py:49 - INFO - [{'_id': '582192c15f6b9a4f93e5a787', 'title': '第1集', 'order': 1, 'updated_at': '2016-11-08T08:54:25.318Z', 'id': '582192c15f6b9a4f93e5a787'}]
2026-02-15 23:40:00 - mkk_pika - database.py:215 - INFO - 第一次下载该漫画，记录数据库中
2026-02-15 23:40:01 - mkk_pika - main.py:83 - INFO - 找到 28 张图片在:第1集
2026-02-15 23:40:01 - mkk_pika - main.py:112 - INFO - [episode:第1集       ] downloaded:    28, total:  28, progress:100%
2026-02-15 23:40:01 - mkk_pika - database.py:238 - INFO - 数据库更新已下载章节
2026-02-15 23:40:01 - mkk_pika - database.py:244 - INFO - 该漫画已下载章节如下
2026-02-15 23:40:01 - mkk_pika - database.py:245 - INFO - ['第1集']
2026-02-15 23:40:03 - mkk_pika - main.py:348 - INFO - ==================== 漫画信息 ====================
                                   漫画ID：582192c15f6b9a4f93e5a785
                                   标题：(C76)smile (とらドラ！)
                                   作者：はぽい処
                                   是否完结：是
                                   总页数：28
                                   分类：同人,短篇,純愛
                                   章节数：1
                                   最后更新时间：2009-08-25T10:47:17.000Z
                                   =================================================
2026-02-15 23:40:03 - mkk_pika - database.py:101 - INFO - 保存成功：(C76)smile (とらドラ！)
2026-02-15 23:40:03 - mkk_pika - main.py:35 - INFO - 开始检查機巧少女不会怀孕 [夜夜]是否存在未下载章节
2026-02-15 23:40:03 - mkk_pika - main.py:45 - INFO - 正在下载:[機巧少女不会怀孕 [夜夜]]-[グルグル]-[['同人', '強暴']]-[total_pages:16]
2026-02-15 23:40:03 - mkk_pika - main.py:49 - INFO - [{'_id': '582192c25f6b9a4f93e5a7c3', 'title': '第1集', 'order': 1, 'updated_at': '2016-11-08T08:54:26.033Z', 'id': '582192c25f6b9a4f93e5a7c3'}]
2026-02-15 23:40:03 - mkk_pika - database.py:215 - INFO - 第一次下载该漫画，记录数据库中
2026-02-15 23:40:04 - mkk_pika - main.py:83 - INFO - 找到 16 张图片在:第1集
2026-02-15 23:40:05 - mkk_pika - main.py:112 - INFO - [episode:第1集       ] downloaded:    16, total:  16, progress:100%
2026-02-15 23:40:05 - mkk_pika - database.py:238 - INFO - 数据库更新已下载章节
2026-02-15 23:40:05 - mkk_pika - database.py:244 - INFO - 该漫画已下载章节如下
2026-02-15 23:40:05 - mkk_pika - database.py:245 - INFO - ['第1集']
2026-02-15 23:40:06 - mkk_pika - main.py:348 - INFO - ==================== 漫画信息 ====================
                                   漫画ID：582192c15f6b9a4f93e5a7c1
                                   标题：機巧少女不会怀孕 [夜夜]
                                   作者：グルグル
                                   是否完结：是
                                   总页数：16
                                   分类：同人,強暴
                                   章节数：1
                                   最后更新时间：2009-08-25T20:47:17.000Z
                                   =================================================
2026-02-15 23:40:06 - mkk_pika - database.py:101 - INFO - 保存成功：機巧少女不会怀孕 [夜夜]
2026-02-15 23:40:06 - mkk_pika - main.py:35 - INFO - 开始检查[ありすの宝箱 (水龍敬)] アニマルマスター Vol.1-6  [老唐个人漢化]是否存在未下载章节
2026-02-15 23:40:07 - mkk_pika - main.py:45 - INFO - 正在下载:[[ありすの宝箱 (水龍敬)] アニマルマスター Vol.1-6  [老唐个人漢化]]-[水龍敬 (ありすの宝箱)]-[['同人', '短篇', '後宮閃光']]-[total_pages:110]
2026-02-15 23:40:07 - mkk_pika - main.py:49 - INFO - [{'_id': '582192c25f6b9a4f93e5a7e7', 'title': '第1集', 'order': 1, 'updated_at': '2016-11-08T08:54:26.451Z', 'id': '582192c25f6b9a4f93e5a7e7'}, {'_id': '582192c25f6b9a4f93e5a80d', 'title': '第2集', 'order': 2, 'updated_at': '2016-11-08T08:54:26.801Z', 'id': '582192c25f6b9a4f93e5a80d'}, {'_id': '582192c35f6b9a4f93e5a835', 'title': '第3集', 'order': 3, 'updated_at': '2016-11-08T08:54:27.172Z', 'id': '582192c35f6b9a4f93e5a835'}, {'_id': '582192c35f6b9a4f93e5a85d', 'title': '第4集', 'order': 4, 'updated_at': '2016-11-08T08:54:27.537Z', 'id': '582192c35f6b9a4f93e5a85d'}, {'_id': '582192c45f6b9a4f93e5a883', 'title': '第5集', 'order': 5, 'updated_at': '2016-11-08T08:54:28.165Z', 'id': '582192c45f6b9a4f93e5a883'}, {'_id': '582192c45f6b9a4f93e5a8a9', 'title': '第6集', 'order': 6, 'updated_at': '2016-11-08T08:54:28.948Z', 'id': '582192c45f6b9a4f93e5a8a9'}]
2026-02-15 23:40:07 - mkk_pika - database.py:215 - INFO - 第一次下载该漫画，记录数据库中
2026-02-15 23:40:07 - mkk_pika - main.py:83 - INFO - 找到 18 张图片在:第1集
2026-02-15 23:40:08 - mkk_pika - main.py:112 - INFO - [episode:第1集       ] downloaded:    18, total:  18, progress:100%
2026-02-15 23:40:08 - mkk_pika - database.py:238 - INFO - 数据库更新已下载章节
2026-02-15 23:40:08 - mkk_pika - database.py:244 - INFO - 该漫画已下载章节如下
2026-02-15 23:40:08 - mkk_pika - database.py:245 - INFO - ['第1集']
2026-02-15 23:40:09 - mkk_pika - main.py:83 - INFO - 找到 19 张图片在:第2集
2026-02-15 23:40:10 - mkk_pika - main.py:112 - INFO - [episode:第2集       ] downloaded:    19, total:  19, progress:100%
2026-02-15 23:40:10 - mkk_pika - database.py:238 - INFO - 数据库更新已下载章节
2026-02-15 23:40:10 - mkk_pika - database.py:244 - INFO - 该漫画已下载章节如下
2026-02-15 23:40:10 - mkk_pika - database.py:245 - INFO - ['第1集', '第2集']
2026-02-15 23:40:12 - mkk_pika - main.py:83 - INFO - 找到 19 张图片在:第3集
2026-02-15 23:40:12 - mkk_pika - main.py:112 - INFO - [episode:第3集       ] downloaded:    19, total:  19, progress:100%
2026-02-15 23:40:12 - mkk_pika - database.py:238 - INFO - 数据库更新已下载章节
2026-02-15 23:40:12 - mkk_pika - database.py:244 - INFO - 该漫画已下载章节如下
2026-02-15 23:40:12 - mkk_pika - database.py:245 - INFO - ['第1集', '第2集', '第3集']
2026-02-15 23:40:14 - mkk_pika - main.py:83 - INFO - 找到 18 张图片在:第4集
2026-02-15 23:40:14 - mkk_pika - main.py:112 - INFO - [episode:第4集       ] downloaded:    18, total:  18, progress:100%
2026-02-15 23:40:14 - mkk_pika - database.py:238 - INFO - 数据库更新已下载章节
2026-02-15 23:40:14 - mkk_pika - database.py:244 - INFO - 该漫画已下载章节如下
2026-02-15 23:40:14 - mkk_pika - database.py:245 - INFO - ['第1集', '第2集', '第3集', '第4集']
2026-02-15 23:40:16 - mkk_pika - main.py:83 - INFO - 找到 18 张图片在:第5集
2026-02-15 23:40:16 - mkk_pika - main.py:112 - INFO - [episode:第5集       ] downloaded:    18, total:  18, progress:100%
2026-02-15 23:40:16 - mkk_pika - database.py:238 - INFO - 数据库更新已下载章节
2026-02-15 23:40:16 - mkk_pika - database.py:244 - INFO - 该漫画已下载章节如下
2026-02-15 23:40:16 - mkk_pika - database.py:245 - INFO - ['第1集', '第2集', '第3集', '第4集', '第5集']
2026-02-15 23:40:18 - mkk_pika - main.py:83 - INFO - 找到 18 张图片在:第6集
2026-02-15 23:40:19 - mkk_pika - main.py:112 - INFO - [episode:第6集       ] downloaded:    18, total:  18, progress:100%
2026-02-15 23:40:19 - mkk_pika - database.py:238 - INFO - 数据库更新已下载章节
2026-02-15 23:40:19 - mkk_pika - database.py:244 - INFO - 该漫画已下载章节如下
2026-02-15 23:40:19 - mkk_pika - database.py:245 - INFO - ['第1集', '第2集', '第3集', '第4集', '第5集', '第6集']
2026-02-15 23:40:20 - mkk_pika - main.py:348 - INFO - ==================== 漫画信息 ====================
                                   漫画ID：582192c25f6b9a4f93e5a7e5
                                   标题：[ありすの宝箱 (水龍敬)] アニマルマスター Vol.1-6  [老唐个人漢化]
                                   作者：水龍敬 (ありすの宝箱)
                                   是否完结：是
                                   总页数：110
                                   分类：同人,短篇,後宮閃光
                                   章节数：6
                                   最后更新时间：2009-08-26T06:47:17.000Z
                                   =================================================
2026-02-15 23:40:20 - mkk_pika - database.py:101 - INFO - 保存成功：[ありすの宝箱 (水龍敬)] アニマルマスター Vol.1-6  [老唐个人漢化]
2026-02-15 23:40:20 - mkk_pika - main.py:35 - INFO - 开始检查某科学的超电磁炮【炮姐，当妈，女王】是否存在未下载章节
2026-02-15 23:40:20 - mkk_pika - main.py:45 - INFO - 正在下载:[某科学的超电磁炮【炮姐，当妈，女王】]-[不明]-[['同人', '短篇', '後宮閃光', 'NTR']]-[total_pages:23]
2026-02-15 23:40:20 - mkk_pika - main.py:49 - INFO - [{'_id': '582192cc5f6b9a4f93e5ab95', 'title': '第1集', 'order': 1, 'updated_at': '2016-11-08T08:54:36.359Z', 'id': '582192cc5f6b9a4f93e5ab95'}]
2026-02-15 23:40:20 - mkk_pika - database.py:215 - INFO - 第一次下载该漫画，记录数据库中
2026-02-15 23:40:21 - mkk_pika - main.py:83 - INFO - 找到 23 张图片在:第1集
2026-02-15 23:40:22 - mkk_pika - main.py:112 - INFO - [episode:第1集       ] downloaded:    23, total:  23, progress:100%
2026-02-15 23:40:22 - mkk_pika - database.py:238 - INFO - 数据库更新已下载章节
2026-02-15 23:40:22 - mkk_pika - database.py:244 - INFO - 该漫画已下载章节如下
2026-02-15 23:40:22 - mkk_pika - database.py:245 - INFO - ['第1集']
2026-02-15 23:40:23 - mkk_pika - main.py:348 - INFO - ==================== 漫画信息 ====================
                                   漫画ID：582192cc5f6b9a4f93e5ab93
                                   标题：某科学的超电磁炮【炮姐，当妈，女王】
                                   作者：不明
                                   是否完结：是
                                   总页数：23
                                   分类：同人,短篇,後宮閃光,NTR
                                   章节数：1
                                   最后更新时间：2009-08-27T12:47:17.000Z
                                   =================================================
2026-02-15 23:40:23 - mkk_pika - database.py:101 - INFO - 保存成功：某科学的超电磁炮【炮姐，当妈，女王】
2026-02-15 23:40:23 - mkk_pika - main.py:35 - INFO - 开始检查澡堂的小萝莉是否存在未下载章节
2026-02-15 23:40:23 - mkk_pika - main.py:45 - INFO - 正在下载:[澡堂的小萝莉]-[不明]-[['短篇', '妹妹系']]-[total_pages:17]
2026-02-15 23:40:23 - mkk_pika - main.py:49 - INFO - [{'_id': '582192cc5f6b9a4f93e5abc7', 'title': '第1集', 'order': 1, 'updated_at': '2016-11-08T08:54:36.838Z', 'id': '582192cc5f6b9a4f93e5abc7'}]
2026-02-15 23:40:23 - mkk_pika - database.py:215 - INFO - 第一次下载该漫画，记录数据库中
2026-02-15 23:40:24 - mkk_pika - main.py:83 - INFO - 找到 17 张图片在:第1集
2026-02-15 23:40:24 - mkk_pika - main.py:112 - INFO - [episode:第1集       ] downloaded:    17, total:  17, progress:100%
2026-02-15 23:40:24 - mkk_pika - database.py:238 - INFO - 数据库更新已下载章节
2026-02-15 23:40:24 - mkk_pika - database.py:244 - INFO - 该漫画已下载章节如下
2026-02-15 23:40:24 - mkk_pika - database.py:245 - INFO - ['第1集']
2026-02-15 23:40:26 - mkk_pika - main.py:348 - INFO - ==================== 漫画信息 ====================
                                   漫画ID：582192cc5f6b9a4f93e5abc5
                                   标题：澡堂的小萝莉
                                   作者：不明
                                   是否完结：是
                                   总页数：17
                                   分类：短篇,妹妹系
                                   章节数：1
                                   最后更新时间：2009-08-27T22:47:17.000Z
                                   =================================================
2026-02-15 23:40:26 - mkk_pika - database.py:101 - INFO - 保存成功：澡堂的小萝莉
2026-02-15 23:40:26 - mkk_pika - main.py:35 - INFO - 开始检查夏洛特【友利奈绪】是否存在未下载章节
2026-02-15 23:40:26 - mkk_pika - main.py:45 - INFO - 正在下载:[夏洛特【友利奈绪】]-[不明]-[['同人', '短篇', '強暴']]-[total_pages:20]
2026-02-15 23:40:26 - mkk_pika - main.py:49 - INFO - [{'_id': '582192cd5f6b9a4f93e5abed', 'title': '第1集', 'order': 1, 'updated_at': '2016-11-08T08:54:37.615Z', 'id': '582192cd5f6b9a4f93e5abed'}]
2026-02-15 23:40:26 - mkk_pika - database.py:215 - INFO - 第一次下载该漫画，记录数据库中
2026-02-15 23:40:27 - mkk_pika - main.py:83 - INFO - 找到 20 张图片在:第1集
2026-02-15 23:40:27 - mkk_pika - main.py:112 - INFO - [episode:第1集       ] downloaded:    20, total:  20, progress:100%
2026-02-15 23:40:27 - mkk_pika - database.py:238 - INFO - 数据库更新已下载章节
2026-02-15 23:40:27 - mkk_pika - database.py:244 - INFO - 该漫画已下载章节如下
2026-02-15 23:40:27 - mkk_pika - database.py:245 - INFO - ['第1集']
2026-02-15 23:40:29 - mkk_pika - main.py:348 - INFO - ==================== 漫画信息 ====================
                                   漫画ID：582192cc5f6b9a4f93e5abeb
                                   标题：夏洛特【友利奈绪】
                                   作者：不明
                                   是否完结：是
                                   总页数：20
                                   分类：同人,短篇,強暴
                                   章节数：1
                                   最后更新时间：2009-08-28T08:47:17.000Z
                                   =================================================
2026-02-15 23:40:29 - mkk_pika - database.py:101 - INFO - 保存成功：夏洛特【友利奈绪】
2026-02-15 23:40:29 - mkk_pika - main.py:35 - INFO - 开始检查えりな様は俺の性奴隷 (食戟のソーマ) [中国翻訳] [空気系☆漢化]是否存在未下载章节
2026-02-15 23:40:29 - mkk_pika - main.py:45 - INFO - 正在下载:[えりな様は俺の性奴隷 (食戟のソーマ) [中国翻訳] [空気系☆漢化]]-[不明]-[['同人', '短篇']]-[total_pages:55]
2026-02-15 23:40:29 - mkk_pika - main.py:49 - INFO - [{'_id': '582192ce5f6b9a4f93e5ac19', 'title': '第1集', 'order': 1, 'updated_at': '2016-11-08T08:54:38.084Z', 'id': '582192ce5f6b9a4f93e5ac19'}, {'_id': '582192ce5f6b9a4f93e5ac51', 'title': '第2集', 'order': 2, 'updated_at': '2016-11-08T08:54:38.515Z', 'id': '582192ce5f6b9a4f93e5ac51'}]
2026-02-15 23:40:29 - mkk_pika - database.py:215 - INFO - 第一次下载该漫画，记录数据库中
2026-02-15 23:40:30 - mkk_pika - main.py:83 - INFO - 找到 27 张图片在:第1集
2026-02-15 23:40:30 - mkk_pika - main.py:112 - INFO - [episode:第1集       ] downloaded:    27, total:  27, progress:100%
2026-02-15 23:40:30 - mkk_pika - database.py:238 - INFO - 数据库更新已下载章节
2026-02-15 23:40:30 - mkk_pika - database.py:244 - INFO - 该漫画已下载章节如下
2026-02-15 23:40:30 - mkk_pika - database.py:245 - INFO - ['第1集']
2026-02-15 23:40:32 - mkk_pika - main.py:83 - INFO - 找到 28 张图片在:第2集
2026-02-15 23:40:33 - mkk_pika - main.py:112 - INFO - [episode:第2集       ] downloaded:    28, total:  28, progress:100%
2026-02-15 23:40:33 - mkk_pika - database.py:238 - INFO - 数据库更新已下载章节
2026-02-15 23:40:33 - mkk_pika - database.py:244 - INFO - 该漫画已下载章节如下
2026-02-15 23:40:33 - mkk_pika - database.py:245 - INFO - ['第1集', '第2集']
2026-02-15 23:40:35 - mkk_pika - main.py:348 - INFO - ==================== 漫画信息 ====================
                                   漫画ID：582192cd5f6b9a4f93e5ac17
                                   标题：えりな様は俺の性奴隷 (食戟のソーマ) [中国翻訳] [空気系☆漢化]
                                   作者：不明
                                   是否完结：是
                                   总页数：55
                                   分类：同人,短篇
                                   章节数：2
                                   最后更新时间：2009-08-28T18:47:17.000Z
                                   =================================================
2026-02-15 23:40:35 - mkk_pika - database.py:101 - INFO - 保存成功：えりな様は俺の性奴隷 (食戟のソーマ) [中国翻訳] [空気系☆漢化]
2026-02-15 23:40:35 - mkk_pika - main.py:35 - INFO - 开始检查[遊人] 母禁箱 1[chinese]是否存在未下载章节
2026-02-15 23:40:35 - mkk_pika - main.py:45 - INFO - 正在下载:[[遊人] 母禁箱 1[chinese]]-[遊人]-[['人妻', '長篇', 'NTR']]-[total_pages:203]
2026-02-15 23:40:35 - mkk_pika - main.py:49 - INFO - [{'_id': '582192ce5f6b9a4f93e5ac8d', 'title': '第1集', 'order': 1, 'updated_at': '2016-11-08T08:54:38.945Z', 'id': '582192ce5f6b9a4f93e5ac8d'}]
2026-02-15 23:40:35 - mkk_pika - database.py:215 - INFO - 第一次下载该漫画，记录数据库中
2026-02-15 23:40:41 - mkk_pika - main.py:83 - INFO - 找到 203 张图片在:第1集
2026-02-15 23:40:46 - mkk_pika - main.py:112 - INFO - [episode:第1集       ] downloaded:   203, total: 203, progress:100%
2026-02-15 23:40:46 - mkk_pika - database.py:238 - INFO - 数据库更新已下载章节
2026-02-15 23:40:46 - mkk_pika - database.py:244 - INFO - 该漫画已下载章节如下
2026-02-15 23:40:46 - mkk_pika - database.py:245 - INFO - ['第1集']
2026-02-15 23:40:47 - mkk_pika - main.py:348 - INFO - ==================== 漫画信息 ====================
                                   漫画ID：582192ce5f6b9a4f93e5ac8b
                                   标题：[遊人] 母禁箱 1[chinese]
                                   作者：遊人
                                   是否完结：是
                                   总页数：203
                                   分类：人妻,長篇,NTR
                                   章节数：1
                                   最后更新时间：2009-08-29T04:47:17.000Z
                                   =================================================
2026-02-15 23:40:47 - mkk_pika - database.py:101 - INFO - 保存成功：[遊人] 母禁箱 1[chinese]
2026-02-15 23:40:47 - mkk_pika - main.py:380 - INFO - 本次任务下载完毕
2026-02-15 23:40:47 - mkk_pika - database.py:173 - INFO - 数据库连接已关闭
