2026-06-15 00:20:49 - mkk_pika - main.py:193 - INFO - =======================================================================
2026-06-15 00:20:49 - mkk_pika - database.py:61 - INFO - 表和索引初始化成功
2026-06-15 00:20:49 - mkk_pika - main.py:197 - INFO - 已经累计下载14999本漫画
2026-06-15 00:20:49 - mkk_pika - api.py:87 - INFO - 登录成功
2026-06-15 00:20:49 - mkk_pika - main.py:203 - INFO - 收藏夹共计0本漫画
2026-06-15 00:20:49 - mkk_pika - main.py:206 - INFO - 开始下载收藏夹内未下载内容
2026-06-15 00:20:49 - mkk_pika - main.py:266 - INFO - 收藏夹内容下载完毕
2026-06-15 00:20:49 - mkk_pika - main.py:268 - INFO - 开始下载订阅内容
2026-06-15 00:20:49 - mkk_pika - database.py:258 - INFO - 根据ID查询到标题：萝莉 -> おてんばでかわいいおんなのこ♀になろうね | 变成活泼又可爱的女孩子♀吧
2026-06-15 00:20:50 - mkk_pika - database.py:101 - INFO - 保存成功：おてんばでかわいいおんなのこ♀になろうね | 变成活泼又可爱的女孩子♀吧
2026-06-15 00:20:50 - mkk_pika - main.py:273 - INFO - 关键词萝莉找到0本漫画
2026-06-15 00:20:50 - mkk_pika - database.py:258 - INFO - 根据ID查询到标题：蘿莉 -> 股间无双～被讨厌的勇者却被魔族所爱～
2026-06-15 00:20:51 - mkk_pika - database.py:101 - INFO - 保存成功：[PIXIV] AIうえお (118437861)（AI）
2026-06-15 00:20:51 - mkk_pika - main.py:273 - INFO - 关键词蘿莉找到1本漫画
2026-06-15 00:20:51 - mkk_pika - main.py:275 - INFO - 订阅内容共计1本漫画
2026-06-15 00:20:51 - mkk_pika - main.py:35 - INFO - 开始检查やみめ□Fanbox汉化合集是否存在未下载章节
2026-06-15 00:20:51 - mkk_pika - main.py:45 - INFO - 正在下载:[やみめ□Fanbox汉化合集]-[やみめ□]-[['同人']]-[total_pages:-1]
2026-06-15 00:20:51 - mkk_pika - main.py:49 - INFO - [{'_id': '6a2ece7b2bed481535e089d1', 'title': '2025.9.20—2026.6.1', 'order': 1, 'updated_at': '2026-06-13T17:29:05.115Z', 'id': '6a2ece7b2bed481535e089d1'}]
2026-06-15 00:20:51 - mkk_pika - database.py:215 - INFO - 第一次下载该漫画，记录数据库中
2026-06-15 00:20:52 - mkk_pika - main.py:83 - INFO - 找到 49 张图片在:2025.9.20—2026.6.1
2026-06-15 00:20:53 - mkk_pika - main.py:112 - INFO - [episode:2025.9.20—2026.6.1] downloaded:    49, total:  49, progress:100%
2026-06-15 00:20:53 - mkk_pika - database.py:238 - INFO - 数据库更新已下载章节
2026-06-15 00:20:53 - mkk_pika - database.py:244 - INFO - 该漫画已下载章节如下
2026-06-15 00:20:53 - mkk_pika - database.py:245 - INFO - ['2025.9.20—2026.6.1']
2026-06-15 00:20:55 - mkk_pika - main.py:292 - INFO - ==================== 漫画信息 ====================
                                漫画ID：6a2ece7b2bed481535e089d0
                                标题：やみめ□Fanbox汉化合集
                                作者：やみめ□
                                是否完结：否
                                总页数：49
                                分类：同人
                                章节数：1
                                最后更新时间：2026-06-14T15:53:31.491Z
                                =================================================
2026-06-15 00:20:55 - mkk_pika - database.py:101 - INFO - 保存成功：やみめ□Fanbox汉化合集
2026-06-15 00:20:55 - mkk_pika - main.py:323 - INFO - 订阅内容内容下载完毕
2026-06-15 00:20:55 - mkk_pika - main.py:324 - INFO - 开始分批下载全部章节
2026-06-15 00:20:55 - mkk_pika - database.py:280 - INFO - 表和索引初始化成功
2026-06-15 00:20:55 - mkk_pika - main.py:177 - INFO - 已经下载了1073页，一共6959页，现在开始添加第1074页
2026-06-15 00:20:55 - mkk_pika - database.py:318 - INFO - 保存成功
2026-06-15 00:20:56 - mkk_pika - main.py:177 - INFO - 已经下载了1074页，一共6959页，现在开始添加第1075页
2026-06-15 00:20:56 - mkk_pika - database.py:318 - INFO - 保存成功
2026-06-15 00:20:56 - mkk_pika - main.py:177 - INFO - 已经下载了1075页，一共6959页，现在开始添加第1076页
2026-06-15 00:20:57 - mkk_pika - database.py:318 - INFO - 保存成功
2026-06-15 00:20:57 - mkk_pika - main.py:177 - INFO - 已经下载了1076页，一共6959页，现在开始添加第1077页
2026-06-15 00:20:58 - mkk_pika - database.py:318 - INFO - 保存成功
2026-06-15 00:20:58 - mkk_pika - main.py:177 - INFO - 已经下载了1077页，一共6959页，现在开始添加第1078页
2026-06-15 00:20:58 - mkk_pika - database.py:318 - INFO - 保存成功
2026-06-15 00:20:58 - mkk_pika - main.py:331 - INFO - 分批下载共计48本漫画
2026-06-15 00:20:58 - mkk_pika - main.py:35 - INFO - 开始检查 美人編集長の秘密是否存在未下载章节
2026-06-15 00:20:59 - mkk_pika - main.py:45 - INFO - 正在下载:[ 美人編集長の秘密]-[辰波要徳]-[['長篇', '人妻', '單行本']]-[total_pages:206]
2026-06-15 00:20:59 - mkk_pika - main.py:49 - INFO - [{'_id': '5b3cc1eacd8165372fceb368', 'title': '第1集', 'order': 1, 'updated_at': '2018-07-02T02:59:50.678Z', 'id': '5b3cc1eacd8165372fceb368'}]
2026-06-15 00:20:59 - mkk_pika - database.py:215 - INFO - 第一次下载该漫画，记录数据库中
2026-06-15 00:21:01 - mkk_pika - main.py:83 - INFO - 找到 206 张图片在:第1集
2026-06-15 00:21:06 - mkk_pika - main.py:112 - INFO - [episode:第1集       ] downloaded:   206, total: 206, progress:100%
2026-06-15 00:21:06 - mkk_pika - database.py:238 - INFO - 数据库更新已下载章节
2026-06-15 00:21:06 - mkk_pika - database.py:244 - INFO - 该漫画已下载章节如下
2026-06-15 00:21:06 - mkk_pika - database.py:245 - INFO - ['第1集']
2026-06-15 00:21:08 - mkk_pika - main.py:348 - INFO - ==================== 漫画信息 ====================
                                   漫画ID：5b3cc1eacd8165372fceb367
                                   标题： 美人編集長の秘密
                                   作者：辰波要徳
                                   是否完结：是
                                   总页数：206
                                   分类：長篇,人妻,單行本
                                   章节数：1
                                   最后更新时间：2018-07-04T12:47:38.914Z
                                   =================================================
2026-06-15 00:21:08 - mkk_pika - database.py:101 - INFO - 保存成功： 美人編集長の秘密
2026-06-15 00:21:08 - mkk_pika - main.py:35 - INFO - 开始检查スイート・モカ是否存在未下载章节
2026-06-15 00:21:08 - mkk_pika - main.py:45 - INFO - 正在下载:[スイート・モカ]-[ひし形とまる]-[['短篇']]-[total_pages:20]
2026-06-15 00:21:08 - mkk_pika - main.py:49 - INFO - [{'_id': '5b3cc204c778dd1f312f1812', 'title': '老婆乳量世界级', 'order': 1, 'updated_at': '2018-07-02T05:55:49.263Z', 'id': '5b3cc204c778dd1f312f1812'}]
2026-06-15 00:21:08 - mkk_pika - database.py:215 - INFO - 第一次下载该漫画，记录数据库中
2026-06-15 00:21:08 - mkk_pika - main.py:83 - INFO - 找到 20 张图片在:老婆乳量世界级
2026-06-15 00:21:09 - mkk_pika - main.py:112 - INFO - [episode:老婆乳量世界级   ] downloaded:    20, total:  20, progress:100%
2026-06-15 00:21:09 - mkk_pika - database.py:238 - INFO - 数据库更新已下载章节
2026-06-15 00:21:09 - mkk_pika - database.py:244 - INFO - 该漫画已下载章节如下
2026-06-15 00:21:09 - mkk_pika - database.py:245 - INFO - ['老婆乳量世界级']
2026-06-15 00:21:10 - mkk_pika - main.py:348 - INFO - ==================== 漫画信息 ====================
                                   漫画ID：5b3cc204c778dd1f312f1811
                                   标题：スイート・モカ
                                   作者：ひし形とまる
                                   是否完结：否
                                   总页数：20
                                   分类：短篇
                                   章节数：1
                                   最后更新时间：2018-07-04T12:48:04.557Z
                                   =================================================
2026-06-15 00:21:10 - mkk_pika - database.py:101 - INFO - 保存成功：スイート・モカ
2026-06-15 00:21:10 - mkk_pika - main.py:35 - INFO - 开始检查 レインディアの短いエロ漫画 (カードファイト!! ヴァンガード)是否存在未下载章节
2026-06-15 00:21:10 - mkk_pika - main.py:45 - INFO - 正在下载:[ レインディアの短いエロ漫画 (カードファイト!! ヴァンガード)]-[みそおでん]-[['短篇']]-[total_pages:6]
2026-06-15 00:21:10 - mkk_pika - main.py:49 - INFO - [{'_id': '5b3cc211ba8c1d1efa1acd79', 'title': '第1集', 'order': 1, 'updated_at': '2018-07-02T13:56:35.635Z', 'id': '5b3cc211ba8c1d1efa1acd79'}]
2026-06-15 00:21:10 - mkk_pika - database.py:215 - INFO - 第一次下载该漫画，记录数据库中
2026-06-15 00:21:11 - mkk_pika - main.py:83 - INFO - 找到 6 张图片在:第1集
2026-06-15 00:21:11 - mkk_pika - main.py:112 - INFO - [episode:第1集       ] downloaded:     6, total:   6, progress:100%
2026-06-15 00:21:11 - mkk_pika - database.py:238 - INFO - 数据库更新已下载章节
2026-06-15 00:21:11 - mkk_pika - database.py:244 - INFO - 该漫画已下载章节如下
2026-06-15 00:21:11 - mkk_pika - database.py:245 - INFO - ['第1集']
2026-06-15 00:21:12 - mkk_pika - main.py:348 - INFO - ==================== 漫画信息 ====================
                                   漫画ID：5b3cc211ba8c1d1efa1acd78
                                   标题： レインディアの短いエロ漫画 (カードファイト!! ヴァンガード)
                                   作者：みそおでん
                                   是否完结：否
                                   总页数：6
                                   分类：短篇
                                   章节数：1
                                   最后更新时间：2018-07-04T12:48:17.026Z
                                   =================================================
2026-06-15 00:21:12 - mkk_pika - database.py:101 - INFO - 保存成功： レインディアの短いエロ漫画 (カードファイト!! ヴァンガード)
2026-06-15 00:21:12 - mkk_pika - main.py:35 - INFO - 开始检查(C85)提督！！愛宕さんがお礼をしたいようですよ？ (艦隊これくしょん -艦これ-)是否存在未下载章节
2026-06-15 00:21:13 - mkk_pika - main.py:45 - INFO - 正在下载:[(C85)提督！！愛宕さんがお礼をしたいようですよ？ (艦隊これくしょん -艦これ-)]-[Public bath (いずみゆひな)]-[['短篇', '同人', '艦隊收藏']]-[total_pages:31]
2026-06-15 00:21:13 - mkk_pika - main.py:49 - INFO - [{'_id': '5b3cc28eba8c1d1efa1acd84', 'title': '第1集', 'order': 1, 'updated_at': '2018-07-02T14:07:06.780Z', 'id': '5b3cc28eba8c1d1efa1acd84'}]
2026-06-15 00:21:13 - mkk_pika - database.py:215 - INFO - 第一次下载该漫画，记录数据库中
2026-06-15 00:21:13 - mkk_pika - main.py:83 - INFO - 找到 31 张图片在:第1集
2026-06-15 00:21:14 - mkk_pika - main.py:112 - INFO - [episode:第1集       ] downloaded:    31, total:  31, progress:100%
2026-06-15 00:21:14 - mkk_pika - database.py:238 - INFO - 数据库更新已下载章节
2026-06-15 00:21:14 - mkk_pika - database.py:244 - INFO - 该漫画已下载章节如下
2026-06-15 00:21:14 - mkk_pika - database.py:245 - INFO - ['第1集']
2026-06-15 00:21:15 - mkk_pika - main.py:348 - INFO - ==================== 漫画信息 ====================
                                   漫画ID：5b3cc28eba8c1d1efa1acd83
                                   标题：(C85)提督！！愛宕さんがお礼をしたいようですよ？ (艦隊これくしょん -艦これ-)
                                   作者：Public bath (いずみゆひな)
                                   是否完结：否
                                   总页数：31
                                   分类：短篇,同人,艦隊收藏
                                   章节数：1
                                   最后更新时间：2018-07-04T12:50:22.932Z
                                   =================================================
2026-06-15 00:21:15 - mkk_pika - database.py:101 - INFO - 保存成功：(C85)提督！！愛宕さんがお礼をしたいようですよ？ (艦隊これくしょん -艦これ-)
2026-06-15 00:21:15 - mkk_pika - main.py:35 - INFO - 开始检查ぼくのくろねこ (グランブルーファンタジー)是否存在未下载章节
2026-06-15 00:21:16 - mkk_pika - main.py:45 - INFO - 正在下载:[ぼくのくろねこ (グランブルーファンタジー)]-[homadelic. (ほまでり)]-[['短篇', '同人', '碧藍幻想']]-[total_pages:29]
2026-06-15 00:21:16 - mkk_pika - main.py:49 - INFO - [{'_id': '5b3cc29c38d71f1ef42e4ef8', 'title': '第1集', 'order': 1, 'updated_at': '2018-07-02T14:12:22.544Z', 'id': '5b3cc29c38d71f1ef42e4ef8'}]
2026-06-15 00:21:16 - mkk_pika - database.py:215 - INFO - 第一次下载该漫画，记录数据库中
2026-06-15 00:21:16 - mkk_pika - main.py:83 - INFO - 找到 29 张图片在:第1集
2026-06-15 00:21:17 - mkk_pika - main.py:112 - INFO - [episode:第1集       ] downloaded:    29, total:  29, progress:100%
2026-06-15 00:21:17 - mkk_pika - database.py:238 - INFO - 数据库更新已下载章节
2026-06-15 00:21:17 - mkk_pika - database.py:244 - INFO - 该漫画已下载章节如下
2026-06-15 00:21:17 - mkk_pika - database.py:245 - INFO - ['第1集']
2026-06-15 00:21:18 - mkk_pika - main.py:348 - INFO - ==================== 漫画信息 ====================
                                   漫画ID：5b3cc29c38d71f1ef42e4ef7
                                   标题：ぼくのくろねこ (グランブルーファンタジー)
                                   作者：homadelic. (ほまでり)
                                   是否完结：是
                                   总页数：29
                                   分类：短篇,同人,碧藍幻想
                                   章节数：1
                                   最后更新时间：2018-07-04T12:50:36.952Z
                                   =================================================
2026-06-15 00:21:18 - mkk_pika - database.py:101 - INFO - 保存成功：ぼくのくろねこ (グランブルーファンタジー)
2026-06-15 00:21:18 - mkk_pika - main.py:35 - INFO - 开始检查放課後の性処理室 [DL版]是否存在未下载章节
2026-06-15 00:21:18 - mkk_pika - main.py:45 - INFO - 正在下载:[放課後の性処理室 [DL版]]-[ひぐま屋 (野良ヒグマ)]-[['短篇']]-[total_pages:42]
2026-06-15 00:21:18 - mkk_pika - main.py:49 - INFO - [{'_id': '5b3cc2afba8c1d1efa1acda5', 'title': '第1集', 'order': 1, 'updated_at': '2018-07-02T14:18:10.070Z', 'id': '5b3cc2afba8c1d1efa1acda5'}]
2026-06-15 00:21:18 - mkk_pika - database.py:215 - INFO - 第一次下载该漫画，记录数据库中
2026-06-15 00:21:19 - mkk_pika - main.py:83 - INFO - 找到 42 张图片在:第1集
2026-06-15 00:21:20 - mkk_pika - main.py:112 - INFO - [episode:第1集       ] downloaded:    42, total:  42, progress:100%
2026-06-15 00:21:20 - mkk_pika - database.py:238 - INFO - 数据库更新已下载章节
2026-06-15 00:21:20 - mkk_pika - database.py:244 - INFO - 该漫画已下载章节如下
2026-06-15 00:21:20 - mkk_pika - database.py:245 - INFO - ['第1集']
2026-06-15 00:21:21 - mkk_pika - main.py:348 - INFO - ==================== 漫画信息 ====================
                                   漫画ID：5b3cc2afba8c1d1efa1acda4
                                   标题：放課後の性処理室 [DL版]
                                   作者：ひぐま屋 (野良ヒグマ)
                                   是否完结：否
                                   总页数：42
                                   分类：短篇
                                   章节数：1
                                   最后更新时间：2018-07-04T12:50:55.170Z
                                   =================================================
2026-06-15 00:21:21 - mkk_pika - database.py:101 - INFO - 保存成功：放課後の性処理室 [DL版]
2026-06-15 00:21:21 - mkk_pika - main.py:35 - INFO - 开始检查(例大祭15)  おくすりれみりあ! (東方Project)是否存在未下载章节
2026-06-15 00:21:22 - mkk_pika - main.py:45 - INFO - 正在下载:[(例大祭15)  おくすりれみりあ! (東方Project)]-[はくせん (おぱんちゅ)]-[['短篇', '同人', '東方']]-[total_pages:19]
2026-06-15 00:21:22 - mkk_pika - main.py:49 - INFO - [{'_id': '5b3cc2c4c778dd1f312f182c', 'title': '第1集', 'order': 1, 'updated_at': '2018-07-02T14:21:11.967Z', 'id': '5b3cc2c4c778dd1f312f182c'}]
2026-06-15 00:21:22 - mkk_pika - database.py:215 - INFO - 第一次下载该漫画，记录数据库中
2026-06-15 00:21:22 - mkk_pika - main.py:83 - INFO - 找到 19 张图片在:第1集
2026-06-15 00:21:23 - mkk_pika - main.py:112 - INFO - [episode:第1集       ] downloaded:    19, total:  19, progress:100%
2026-06-15 00:21:23 - mkk_pika - database.py:238 - INFO - 数据库更新已下载章节
2026-06-15 00:21:23 - mkk_pika - database.py:244 - INFO - 该漫画已下载章节如下
2026-06-15 00:21:23 - mkk_pika - database.py:245 - INFO - ['第1集']
2026-06-15 00:21:24 - mkk_pika - main.py:348 - INFO - ==================== 漫画信息 ====================
                                   漫画ID：5b3cc2c4c778dd1f312f182b
                                   标题：(例大祭15)  おくすりれみりあ! (東方Project)
                                   作者：はくせん (おぱんちゅ)
                                   是否完结：否
                                   总页数：19
                                   分类：短篇,同人,東方
                                   章节数：1
                                   最后更新时间：2018-07-04T12:51:16.037Z
                                   =================================================
2026-06-15 00:21:24 - mkk_pika - database.py:101 - INFO - 保存成功：(例大祭15)  おくすりれみりあ! (東方Project)
2026-06-15 00:21:24 - mkk_pika - main.py:35 - INFO - 开始检查エミリト是否存在未下载章节
2026-06-15 00:21:24 - mkk_pika - main.py:45 - INFO - 正在下载:[エミリト]-[baroQue (じぇーむら)]-[['短篇', '全彩']]-[total_pages:32]
2026-06-15 00:21:24 - mkk_pika - main.py:49 - INFO - [{'_id': '5b3cc31438d71f1ef42e4f1b', 'title': '第1集', 'order': 1, 'updated_at': '2018-07-02T14:20:28.739Z', 'id': '5b3cc31438d71f1ef42e4f1b'}]
2026-06-15 00:21:24 - mkk_pika - database.py:215 - INFO - 第一次下载该漫画，记录数据库中
2026-06-15 00:21:25 - mkk_pika - main.py:83 - INFO - 找到 32 张图片在:第1集
2026-06-15 00:21:26 - mkk_pika - main.py:112 - INFO - [episode:第1集       ] downloaded:    32, total:  32, progress:100%
2026-06-15 00:21:26 - mkk_pika - database.py:238 - INFO - 数据库更新已下载章节
2026-06-15 00:21:26 - mkk_pika - database.py:244 - INFO - 该漫画已下载章节如下
2026-06-15 00:21:26 - mkk_pika - database.py:245 - INFO - ['第1集']
2026-06-15 00:21:27 - mkk_pika - main.py:348 - INFO - ==================== 漫画信息 ====================
                                   漫画ID：5b3cc31438d71f1ef42e4f1a
                                   标题：エミリト
                                   作者：baroQue (じぇーむら)
                                   是否完结：否
                                   总页数：32
                                   分类：短篇,全彩
                                   章节数：1
                                   最后更新时间：2018-07-04T12:52:36.882Z
                                   =================================================
2026-06-15 00:21:27 - mkk_pika - database.py:101 - INFO - 保存成功：エミリト
2026-06-15 00:21:27 - mkk_pika - main.py:35 - INFO - 开始检查カグライジリ２是否存在未下载章节
2026-06-15 00:21:27 - mkk_pika - main.py:45 - INFO - 正在下载:[カグライジリ２]-[Rip@Lip(水原優)]-[['同人', '全彩', '短篇']]-[total_pages:18]
2026-06-15 00:21:27 - mkk_pika - main.py:49 - INFO - [{'_id': '5b3cc33bdb818a2ca3deffa7', 'title': '第1集', 'order': 1, 'updated_at': '2018-07-02T14:46:31.854Z', 'id': '5b3cc33bdb818a2ca3deffa7'}]
2026-06-15 00:21:27 - mkk_pika - database.py:215 - INFO - 第一次下载该漫画，记录数据库中
2026-06-15 00:21:28 - mkk_pika - main.py:83 - INFO - 找到 18 张图片在:第1集
2026-06-15 00:21:28 - mkk_pika - main.py:112 - INFO - [episode:第1集       ] downloaded:    18, total:  18, progress:100%
2026-06-15 00:21:28 - mkk_pika - database.py:238 - INFO - 数据库更新已下载章节
2026-06-15 00:21:28 - mkk_pika - database.py:244 - INFO - 该漫画已下载章节如下
2026-06-15 00:21:28 - mkk_pika - database.py:245 - INFO - ['第1集']
2026-06-15 00:21:30 - mkk_pika - main.py:348 - INFO - ==================== 漫画信息 ====================
                                   漫画ID：5b3cc33bdb818a2ca3deffa6
                                   标题：カグライジリ２
                                   作者：Rip@Lip(水原優)
                                   是否完结：否
                                   总页数：18
                                   分类：同人,全彩,短篇
                                   章节数：1
                                   最后更新时间：2018-07-04T12:53:15.074Z
                                   =================================================
2026-06-15 00:21:30 - mkk_pika - database.py:101 - INFO - 保存成功：カグライジリ２
2026-06-15 00:21:30 - mkk_pika - main.py:35 - INFO - 开始检查だがしかしのえろほんフルカラー（汉化版）是否存在未下载章节
2026-06-15 00:21:30 - mkk_pika - main.py:45 - INFO - 正在下载:[だがしかしのえろほんフルカラー（汉化版）]-[真面目屋 (isao)]-[['全彩', '短篇', '後宮閃光']]-[total_pages:20]
2026-06-15 00:21:30 - mkk_pika - main.py:49 - INFO - [{'_id': '5b3cc3a17cb3263a1d09916f', 'title': '第1集', 'order': 1, 'updated_at': '2018-07-03T05:14:34.649Z', 'id': '5b3cc3a17cb3263a1d09916f'}]
2026-06-15 00:21:30 - mkk_pika - database.py:215 - INFO - 第一次下载该漫画，记录数据库中
2026-06-15 00:21:31 - mkk_pika - main.py:83 - INFO - 找到 20 张图片在:第1集
2026-06-15 00:21:31 - mkk_pika - main.py:112 - INFO - [episode:第1集       ] downloaded:    20, total:  20, progress:100%
2026-06-15 00:21:31 - mkk_pika - database.py:238 - INFO - 数据库更新已下载章节
2026-06-15 00:21:31 - mkk_pika - database.py:244 - INFO - 该漫画已下载章节如下
2026-06-15 00:21:31 - mkk_pika - database.py:245 - INFO - ['第1集']
2026-06-15 00:21:32 - mkk_pika - main.py:348 - INFO - ==================== 漫画信息 ====================
                                   漫画ID：5b3cc3a17cb3263a1d09916e
                                   标题：だがしかしのえろほんフルカラー（汉化版）
                                   作者：真面目屋 (isao)
                                   是否完结：是
                                   总页数：20
                                   分类：全彩,短篇,後宮閃光
                                   章节数：1
                                   最后更新时间：2018-07-04T12:54:57.760Z
                                   =================================================
2026-06-15 00:21:32 - mkk_pika - database.py:101 - INFO - 保存成功：だがしかしのえろほんフルカラー（汉化版）
2026-06-15 00:21:32 - mkk_pika - main.py:35 - INFO - 开始检查いきなり!催眠術是否存在未下载章节
2026-06-15 00:21:33 - mkk_pika - main.py:45 - INFO - 正在下载:[いきなり!催眠術]-[えびびんびん亭 (えび193)]-[['全彩', '短篇']]-[total_pages:18]
2026-06-15 00:21:33 - mkk_pika - main.py:49 - INFO - [{'_id': '5b3cc3c4eae6cc3785ad0316', 'title': '第1集', 'order': 1, 'updated_at': '2018-07-03T05:18:18.334Z', 'id': '5b3cc3c4eae6cc3785ad0316'}]
2026-06-15 00:21:33 - mkk_pika - database.py:215 - INFO - 第一次下载该漫画，记录数据库中
2026-06-15 00:21:33 - mkk_pika - main.py:83 - INFO - 找到 18 张图片在:第1集
2026-06-15 00:21:34 - mkk_pika - main.py:112 - INFO - [episode:第1集       ] downloaded:    18, total:  18, progress:100%
2026-06-15 00:21:34 - mkk_pika - database.py:238 - INFO - 数据库更新已下载章节
2026-06-15 00:21:34 - mkk_pika - database.py:244 - INFO - 该漫画已下载章节如下
2026-06-15 00:21:34 - mkk_pika - database.py:245 - INFO - ['第1集']
2026-06-15 00:21:35 - mkk_pika - main.py:348 - INFO - ==================== 漫画信息 ====================
                                   漫画ID：5b3cc3c4eae6cc3785ad0315
                                   标题：いきなり!催眠術
                                   作者：えびびんびん亭 (えび193)
                                   是否完结：是
                                   总页数：18
                                   分类：全彩,短篇
                                   章节数：1
                                   最后更新时间：2018-07-04T12:55:32.122Z
                                   =================================================
2026-06-15 00:21:35 - mkk_pika - database.py:101 - INFO - 保存成功：いきなり!催眠術
2026-06-15 00:21:35 - mkk_pika - main.py:35 - INFO - 开始检查 “与贞德的揉乳练习” 是否存在未下载章节
2026-06-15 00:21:35 - mkk_pika - main.py:45 - INFO - 正在下载:[ “与贞德的揉乳练习” ]-[【MR】月の仙人丿]-[['全彩', '短篇']]-[total_pages:9]
2026-06-15 00:21:35 - mkk_pika - main.py:49 - INFO - [{'_id': '5b3cc3db62b4e42cda051c6a', 'title': '第1集', 'order': 1, 'updated_at': '2018-07-03T05:28:48.226Z', 'id': '5b3cc3db62b4e42cda051c6a'}]
2026-06-15 00:21:35 - mkk_pika - database.py:215 - INFO - 第一次下载该漫画，记录数据库中
2026-06-15 00:21:36 - mkk_pika - main.py:83 - INFO - 找到 9 张图片在:第1集
2026-06-15 00:21:36 - mkk_pika - main.py:112 - INFO - [episode:第1集       ] downloaded:     9, total:   9, progress:100%
2026-06-15 00:21:36 - mkk_pika - database.py:238 - INFO - 数据库更新已下载章节
2026-06-15 00:21:36 - mkk_pika - database.py:244 - INFO - 该漫画已下载章节如下
2026-06-15 00:21:36 - mkk_pika - database.py:245 - INFO - ['第1集']
2026-06-15 00:21:37 - mkk_pika - main.py:348 - INFO - ==================== 漫画信息 ====================
                                   漫画ID：5b3cc3db62b4e42cda051c69
                                   标题： “与贞德的揉乳练习” 
                                   作者：【MR】月の仙人丿
                                   是否完结：是
                                   总页数：9
                                   分类：全彩,短篇
                                   章节数：1
                                   最后更新时间：2018-07-04T12:55:55.584Z
                                   =================================================
2026-06-15 00:21:37 - mkk_pika - database.py:101 - INFO - 保存成功： “与贞德的揉乳练习” 
2026-06-15 00:21:37 - mkk_pika - main.py:35 - INFO - 开始检查俺の秘書艦は港湾棲姫 (艦隊これくしょん -艦これ-)是否存在未下载章节
2026-06-15 00:21:37 - mkk_pika - main.py:45 - INFO - 正在下载:[俺の秘書艦は港湾棲姫 (艦隊これくしょん -艦これ-)]-[闇夢館 (Darkmaya)]-[['全彩', '短篇']]-[total_pages:19]
2026-06-15 00:21:37 - mkk_pika - main.py:49 - INFO - [{'_id': '5b3cc3efeae6cc3785ad032d', 'title': '第1集', 'order': 1, 'updated_at': '2018-07-03T05:32:11.362Z', 'id': '5b3cc3efeae6cc3785ad032d'}]
2026-06-15 00:21:37 - mkk_pika - database.py:215 - INFO - 第一次下载该漫画，记录数据库中
2026-06-15 00:21:38 - mkk_pika - main.py:83 - INFO - 找到 19 张图片在:第1集
2026-06-15 00:21:38 - mkk_pika - main.py:112 - INFO - [episode:第1集       ] downloaded:    19, total:  19, progress:100%
2026-06-15 00:21:38 - mkk_pika - database.py:238 - INFO - 数据库更新已下载章节
2026-06-15 00:21:38 - mkk_pika - database.py:244 - INFO - 该漫画已下载章节如下
2026-06-15 00:21:38 - mkk_pika - database.py:245 - INFO - ['第1集']
2026-06-15 00:21:40 - mkk_pika - main.py:348 - INFO - ==================== 漫画信息 ====================
                                   漫画ID：5b3cc3efeae6cc3785ad032c
                                   标题：俺の秘書艦は港湾棲姫 (艦隊これくしょん -艦これ-)
                                   作者：闇夢館 (Darkmaya)
                                   是否完结：是
                                   总页数：19
                                   分类：全彩,短篇
                                   章节数：1
                                   最后更新时间：2018-07-04T12:56:15.722Z
                                   =================================================
2026-06-15 00:21:40 - mkk_pika - database.py:101 - INFO - 保存成功：俺の秘書艦は港湾棲姫 (艦隊これくしょん -艦これ-)
2026-06-15 00:21:40 - mkk_pika - main.py:35 - INFO - 开始检查催眠ナマイキ人妻OLさん…是否存在未下载章节
2026-06-15 00:21:40 - mkk_pika - main.py:45 - INFO - 正在下载:[催眠ナマイキ人妻OLさん…]-[ハセミボックス (長谷見亮)]-[['全彩', '短篇', '人妻']]-[total_pages:36]
2026-06-15 00:21:40 - mkk_pika - main.py:49 - INFO - [{'_id': '5b3cc3fe199aa92ca99142a2', 'title': '第1集', 'order': 1, 'updated_at': '2018-07-03T05:35:43.810Z', 'id': '5b3cc3fe199aa92ca99142a2'}]
2026-06-15 00:21:40 - mkk_pika - database.py:215 - INFO - 第一次下载该漫画，记录数据库中
2026-06-15 00:21:40 - mkk_pika - main.py:83 - INFO - 找到 36 张图片在:第1集
2026-06-15 00:21:41 - mkk_pika - main.py:112 - INFO - [episode:第1集       ] downloaded:    36, total:  36, progress:100%
2026-06-15 00:21:41 - mkk_pika - database.py:238 - INFO - 数据库更新已下载章节
2026-06-15 00:21:41 - mkk_pika - database.py:244 - INFO - 该漫画已下载章节如下
2026-06-15 00:21:41 - mkk_pika - database.py:245 - INFO - ['第1集']
2026-06-15 00:21:43 - mkk_pika - main.py:348 - INFO - ==================== 漫画信息 ====================
                                   漫画ID：5b3cc3fe199aa92ca99142a1
                                   标题：催眠ナマイキ人妻OLさん…
                                   作者：ハセミボックス (長谷見亮)
                                   是否完结：是
                                   总页数：36
                                   分类：全彩,短篇,人妻
                                   章节数：1
                                   最后更新时间：2018-07-04T12:56:30.246Z
                                   =================================================
2026-06-15 00:21:43 - mkk_pika - database.py:101 - INFO - 保存成功：催眠ナマイキ人妻OLさん…
2026-06-15 00:21:43 - mkk_pika - main.py:35 - INFO - 开始检查オナサポ優等生是否存在未下载章节
2026-06-15 00:21:43 - mkk_pika - main.py:45 - INFO - 正在下载:[オナサポ優等生]-[ピジャ]-[['全彩', '短篇']]-[total_pages:4]
2026-06-15 00:21:43 - mkk_pika - main.py:49 - INFO - [{'_id': '5b3cc40a199aa92ca99142ca', 'title': '第1集', 'order': 1, 'updated_at': '2018-07-03T05:41:33.942Z', 'id': '5b3cc40a199aa92ca99142ca'}]
2026-06-15 00:21:43 - mkk_pika - database.py:215 - INFO - 第一次下载该漫画，记录数据库中
2026-06-15 00:21:43 - mkk_pika - main.py:83 - INFO - 找到 4 张图片在:第1集
2026-06-15 00:21:43 - mkk_pika - main.py:112 - INFO - [episode:第1集       ] downloaded:     4, total:   4, progress:100%
2026-06-15 00:21:43 - mkk_pika - database.py:238 - INFO - 数据库更新已下载章节
2026-06-15 00:21:43 - mkk_pika - database.py:244 - INFO - 该漫画已下载章节如下
2026-06-15 00:21:43 - mkk_pika - database.py:245 - INFO - ['第1集']
2026-06-15 00:21:45 - mkk_pika - main.py:348 - INFO - ==================== 漫画信息 ====================
                                   漫画ID：5b3cc40a199aa92ca99142c9
                                   标题：オナサポ優等生
                                   作者：ピジャ
                                   是否完结：是
                                   总页数：4
                                   分类：全彩,短篇
                                   章节数：1
                                   最后更新时间：2018-07-04T12:56:42.884Z
                                   =================================================
2026-06-15 00:21:45 - mkk_pika - database.py:101 - INFO - 保存成功：オナサポ優等生
2026-06-15 00:21:45 - mkk_pika - main.py:35 - INFO - 开始检查(例大祭14) Dreams dreams (東方Project)是否存在未下载章节
2026-06-15 00:21:45 - mkk_pika - main.py:45 - INFO - 正在下载:[(例大祭14) Dreams dreams (東方Project)]-[やし屋 (YASSY)]-[['同人', '短篇', '東方']]-[total_pages:35]
2026-06-15 00:21:45 - mkk_pika - main.py:49 - INFO - [{'_id': '5b3cc50deae6cc3785ad034c', 'title': '第1集', 'order': 1, 'updated_at': '2018-07-04T01:41:35.095Z', 'id': '5b3cc50deae6cc3785ad034c'}]
2026-06-15 00:21:45 - mkk_pika - database.py:215 - INFO - 第一次下载该漫画，记录数据库中
2026-06-15 00:21:46 - mkk_pika - main.py:83 - INFO - 找到 35 张图片在:第1集
2026-06-15 00:21:46 - mkk_pika - main.py:112 - INFO - [episode:第1集       ] downloaded:    35, total:  35, progress:100%
2026-06-15 00:21:46 - mkk_pika - database.py:238 - INFO - 数据库更新已下载章节
2026-06-15 00:21:46 - mkk_pika - database.py:244 - INFO - 该漫画已下载章节如下
2026-06-15 00:21:46 - mkk_pika - database.py:245 - INFO - ['第1集']
2026-06-15 00:21:48 - mkk_pika - main.py:348 - INFO - ==================== 漫画信息 ====================
                                   漫画ID：5b3cc50deae6cc3785ad034b
                                   标题：(例大祭14) Dreams dreams (東方Project)
                                   作者：やし屋 (YASSY)
                                   是否完结：是
                                   总页数：35
                                   分类：同人,短篇,東方
                                   章节数：1
                                   最后更新时间：2018-07-04T13:01:01.780Z
                                   =================================================
2026-06-15 00:21:48 - mkk_pika - database.py:101 - INFO - 保存成功：(例大祭14) Dreams dreams (東方Project)
2026-06-15 00:21:48 - mkk_pika - main.py:35 - INFO - 开始检查(例大祭15) レディの玩具箱 (東方Project)是否存在未下载章节
2026-06-15 00:21:48 - mkk_pika - main.py:45 - INFO - 正在下载:[(例大祭15) レディの玩具箱 (東方Project)]-[てれびさん (中枢回路)]-[['同人', '短篇', '東方']]-[total_pages:26]
2026-06-15 00:21:48 - mkk_pika - main.py:49 - INFO - [{'_id': '5b3cc5aaeae6cc3785ad0371', 'title': '第1集', 'order': 1, 'updated_at': '2018-07-04T01:47:08.038Z', 'id': '5b3cc5aaeae6cc3785ad0371'}]
2026-06-15 00:21:48 - mkk_pika - database.py:215 - INFO - 第一次下载该漫画，记录数据库中
2026-06-15 00:21:48 - mkk_pika - main.py:83 - INFO - 找到 26 张图片在:第1集
2026-06-15 00:21:49 - mkk_pika - main.py:112 - INFO - [episode:第1集       ] downloaded:    26, total:  26, progress:100%
2026-06-15 00:21:49 - mkk_pika - database.py:238 - INFO - 数据库更新已下载章节
2026-06-15 00:21:49 - mkk_pika - database.py:244 - INFO - 该漫画已下载章节如下
2026-06-15 00:21:49 - mkk_pika - database.py:245 - INFO - ['第1集']
2026-06-15 00:21:50 - mkk_pika - main.py:348 - INFO - ==================== 漫画信息 ====================
                                   漫画ID：5b3cc5aaeae6cc3785ad0370
                                   标题：(例大祭15) レディの玩具箱 (東方Project)
                                   作者：てれびさん (中枢回路)
                                   是否完结：是
                                   总页数：26
                                   分类：同人,短篇,東方
                                   章节数：1
                                   最后更新时间：2018-07-04T13:03:38.941Z
                                   =================================================
2026-06-15 00:21:50 - mkk_pika - database.py:101 - INFO - 保存成功：(例大祭15) レディの玩具箱 (東方Project)
2026-06-15 00:21:50 - mkk_pika - main.py:35 - INFO - 开始检查中出し日記☆是否存在未下载章节
2026-06-15 00:21:51 - mkk_pika - main.py:45 - INFO - 正在下载:[中出し日記☆]-[たこりーな画伯]-[['長篇', '單行本']]-[total_pages:196]
2026-06-15 00:21:51 - mkk_pika - main.py:49 - INFO - [{'_id': '5b3cc5f538d71f1ef42e4f60', 'title': '第1集', 'order': 1, 'updated_at': '2018-07-04T02:48:05.723Z', 'id': '5b3cc5f538d71f1ef42e4f60'}]
2026-06-15 00:21:51 - mkk_pika - database.py:215 - INFO - 第一次下载该漫画，记录数据库中
2026-06-15 00:21:52 - mkk_pika - main.py:83 - INFO - 找到 196 张图片在:第1集
2026-06-15 00:21:56 - mkk_pika - main.py:112 - INFO - [episode:第1集       ] downloaded:   196, total: 196, progress:100%
2026-06-15 00:21:56 - mkk_pika - database.py:238 - INFO - 数据库更新已下载章节
2026-06-15 00:21:56 - mkk_pika - database.py:244 - INFO - 该漫画已下载章节如下
2026-06-15 00:21:56 - mkk_pika - database.py:245 - INFO - ['第1集']
2026-06-15 00:21:58 - mkk_pika - main.py:348 - INFO - ==================== 漫画信息 ====================
                                   漫画ID：5b3cc5f538d71f1ef42e4f5f
                                   标题：中出し日記☆
                                   作者：たこりーな画伯
                                   是否完结：是
                                   总页数：196
                                   分类：長篇,單行本
                                   章节数：1
                                   最后更新时间：2018-07-04T13:04:53.415Z
                                   =================================================
2026-06-15 00:21:58 - mkk_pika - database.py:101 - INFO - 保存成功：中出し日記☆
2026-06-15 00:21:58 - mkk_pika - main.py:35 - INFO - 开始检查お姉ちゃんは君がおとなになるまで我慢できません。是否存在未下载章节
2026-06-15 00:21:58 - mkk_pika - main.py:45 - INFO - 正在下载:[お姉ちゃんは君がおとなになるまで我慢できません。]-[没後]-[['短篇', '純愛', '姐姐系']]-[total_pages:16]
2026-06-15 00:21:58 - mkk_pika - main.py:49 - INFO - [{'_id': '5b3cc60438d71f1ef42e5026', 'title': '第1集', 'order': 1, 'updated_at': '2018-07-04T05:12:17.224Z', 'id': '5b3cc60438d71f1ef42e5026'}]
2026-06-15 00:21:58 - mkk_pika - database.py:215 - INFO - 第一次下载该漫画，记录数据库中
2026-06-15 00:21:58 - mkk_pika - main.py:83 - INFO - 找到 24 张图片在:第1集
2026-06-15 00:21:59 - mkk_pika - main.py:112 - INFO - [episode:第1集       ] downloaded:    24, total:  24, progress:100%
2026-06-15 00:21:59 - mkk_pika - database.py:238 - INFO - 数据库更新已下载章节
2026-06-15 00:21:59 - mkk_pika - database.py:244 - INFO - 该漫画已下载章节如下
2026-06-15 00:21:59 - mkk_pika - database.py:245 - INFO - ['第1集']
2026-06-15 00:22:00 - mkk_pika - main.py:348 - INFO - ==================== 漫画信息 ====================
                                   漫画ID：5b3cc60438d71f1ef42e5025
                                   标题：お姉ちゃんは君がおとなになるまで我慢できません。
                                   作者：没後
                                   是否完结：否
                                   总页数：16
                                   分类：短篇,純愛,姐姐系
                                   章节数：1
                                   最后更新时间：2018-07-04T13:05:08.835Z
                                   =================================================
2026-06-15 00:22:00 - mkk_pika - database.py:101 - INFO - 保存成功：お姉ちゃんは君がおとなになるまで我慢できません。
2026-06-15 00:22:00 - mkk_pika - main.py:35 - INFO - 开始检查ばけものえっち 是否存在未下载章节
2026-06-15 00:22:01 - mkk_pika - main.py:45 - INFO - 正在下载:[ばけものえっち ]-[みぞね]-[['長篇', '單行本']]-[total_pages:185]
2026-06-15 00:22:01 - mkk_pika - main.py:49 - INFO - [{'_id': '5b3cc61896d90537243031f2', 'title': '第1集', 'order': 1, 'updated_at': '2018-07-04T08:53:06.402Z', 'id': '5b3cc61896d90537243031f2'}]
2026-06-15 00:22:01 - mkk_pika - database.py:215 - INFO - 第一次下载该漫画，记录数据库中
2026-06-15 00:22:02 - mkk_pika - main.py:83 - INFO - 找到 185 张图片在:第1集
2026-06-15 00:22:07 - mkk_pika - main.py:112 - INFO - [episode:第1集       ] downloaded:   185, total: 185, progress:100%
2026-06-15 00:22:07 - mkk_pika - database.py:238 - INFO - 数据库更新已下载章节
2026-06-15 00:22:07 - mkk_pika - database.py:244 - INFO - 该漫画已下载章节如下
2026-06-15 00:22:07 - mkk_pika - database.py:245 - INFO - ['第1集']
2026-06-15 00:22:08 - mkk_pika - main.py:348 - INFO - ==================== 漫画信息 ====================
                                   漫画ID：5b3cc61896d90537243031f1
                                   标题：ばけものえっち 
                                   作者：みぞね
                                   是否完结：是
                                   总页数：185
                                   分类：長篇,單行本
                                   章节数：1
                                   最后更新时间：2018-07-04T13:05:28.930Z
                                   =================================================
2026-06-15 00:22:08 - mkk_pika - database.py:101 - INFO - 保存成功：ばけものえっち 
2026-06-15 00:22:08 - mkk_pika - main.py:35 - INFO - 开始检查相亲相爱的一天是否存在未下载章节
2026-06-15 00:22:08 - mkk_pika - main.py:45 - INFO - 正在下载:[相亲相爱的一天]-[逆流茶会]-[['全彩', '短篇', '百合花園', '純愛']]-[total_pages:17]
2026-06-15 00:22:08 - mkk_pika - main.py:49 - INFO - [{'_id': '5a8ceafe24db6d2834b3ddc8', 'title': '本体', 'order': 1, 'updated_at': '2018-07-04T13:06:23.189Z', 'id': '5a8ceafe24db6d2834b3ddc8'}, {'_id': '5a8ceafe24db6d2834b3ddc9', 'title': '插画', 'order': 2, 'updated_at': '2018-02-20T18:20:46.223Z', 'id': '5a8ceafe24db6d2834b3ddc9'}]
2026-06-15 00:22:08 - mkk_pika - database.py:215 - INFO - 第一次下载该漫画，记录数据库中
2026-06-15 00:22:09 - mkk_pika - main.py:83 - INFO - 找到 21 张图片在:本体
2026-06-15 00:22:09 - mkk_pika - main.py:112 - INFO - [episode:本体        ] downloaded:    21, total:  21, progress:100%
2026-06-15 00:22:09 - mkk_pika - database.py:238 - INFO - 数据库更新已下载章节
2026-06-15 00:22:09 - mkk_pika - database.py:244 - INFO - 该漫画已下载章节如下
2026-06-15 00:22:09 - mkk_pika - database.py:245 - INFO - ['本体']
2026-06-15 00:22:11 - mkk_pika - main.py:83 - INFO - 找到 16 张图片在:插画
2026-06-15 00:22:11 - mkk_pika - main.py:112 - INFO - [episode:插画        ] downloaded:    16, total:  16, progress:100%
2026-06-15 00:22:11 - mkk_pika - database.py:238 - INFO - 数据库更新已下载章节
2026-06-15 00:22:11 - mkk_pika - database.py:244 - INFO - 该漫画已下载章节如下
2026-06-15 00:22:11 - mkk_pika - database.py:245 - INFO - ['本体', '插画']
2026-06-15 00:22:12 - mkk_pika - main.py:348 - INFO - ==================== 漫画信息 ====================
                                   漫画ID：5a8ceafe24db6d2834b3ddc7
                                   标题：相亲相爱的一天
                                   作者：逆流茶会
                                   是否完结：是
                                   总页数：17
                                   分类：全彩,短篇,百合花園,純愛
                                   章节数：2
                                   最后更新时间：2018-07-04T13:06:23.178Z
                                   =================================================
2026-06-15 00:22:12 - mkk_pika - database.py:101 - INFO - 保存成功：相亲相爱的一天
2026-06-15 00:22:12 - mkk_pika - main.py:35 - INFO - 开始检查(例大祭15) 身代わりのパチュリー (東方Project)是否存在未下载章节
2026-06-15 00:22:13 - mkk_pika - main.py:45 - INFO - 正在下载:[(例大祭15) 身代わりのパチュリー (東方Project)]-[空想モノクローム (あび)]-[['短篇', '同人', '東方']]-[total_pages:27]
2026-06-15 00:22:13 - mkk_pika - main.py:49 - INFO - [{'_id': '5b3cc669058feb377ee565cf', 'title': '第1集', 'order': 1, 'updated_at': '2018-07-02T14:26:46.175Z', 'id': '5b3cc669058feb377ee565cf'}]
2026-06-15 00:22:13 - mkk_pika - database.py:215 - INFO - 第一次下载该漫画，记录数据库中
2026-06-15 00:22:14 - mkk_pika - main.py:83 - INFO - 找到 27 张图片在:第1集
2026-06-15 00:22:14 - mkk_pika - main.py:112 - INFO - [episode:第1集       ] downloaded:    27, total:  27, progress:100%
2026-06-15 00:22:14 - mkk_pika - database.py:238 - INFO - 数据库更新已下载章节
2026-06-15 00:22:14 - mkk_pika - database.py:244 - INFO - 该漫画已下载章节如下
2026-06-15 00:22:14 - mkk_pika - database.py:245 - INFO - ['第1集']
2026-06-15 00:22:16 - mkk_pika - main.py:348 - INFO - ==================== 漫画信息 ====================
                                   漫画ID：5b3cc669058feb377ee565ce
                                   标题：(例大祭15) 身代わりのパチュリー (東方Project)
                                   作者：空想モノクローム (あび)
                                   是否完结：否
                                   总页数：27
                                   分类：短篇,同人,東方
                                   章节数：1
                                   最后更新时间：2018-07-04T13:06:49.512Z
                                   =================================================
2026-06-15 00:22:16 - mkk_pika - database.py:101 - INFO - 保存成功：(例大祭15) 身代わりのパチュリー (東方Project)
2026-06-15 00:22:16 - mkk_pika - main.py:35 - INFO - 开始检查純潔ドレサージュ是否存在未下载章节
2026-06-15 00:22:16 - mkk_pika - main.py:45 - INFO - 正在下载:[純潔ドレサージュ]-[あめいろ (七色)]-[['同人', '短篇', '百合花園']]-[total_pages:18]
2026-06-15 00:22:16 - mkk_pika - main.py:49 - INFO - [{'_id': '5b3cc68ccd8165372fceb4ae', 'title': '第1集', 'order': 1, 'updated_at': '2018-07-03T13:02:09.331Z', 'id': '5b3cc68ccd8165372fceb4ae'}]
2026-06-15 00:22:16 - mkk_pika - database.py:215 - INFO - 第一次下载该漫画，记录数据库中
2026-06-15 00:22:16 - mkk_pika - main.py:83 - INFO - 找到 18 张图片在:第1集
2026-06-15 00:22:17 - mkk_pika - main.py:112 - INFO - [episode:第1集       ] downloaded:    18, total:  18, progress:100%
2026-06-15 00:22:17 - mkk_pika - database.py:238 - INFO - 数据库更新已下载章节
2026-06-15 00:22:17 - mkk_pika - database.py:244 - INFO - 该漫画已下载章节如下
2026-06-15 00:22:17 - mkk_pika - database.py:245 - INFO - ['第1集']
2026-06-15 00:22:18 - mkk_pika - main.py:348 - INFO - ==================== 漫画信息 ====================
                                   漫画ID：5b3cc68ccd8165372fceb4ad
                                   标题：純潔ドレサージュ
                                   作者：あめいろ (七色)
                                   是否完结：否
                                   总页数：18
                                   分类：同人,短篇,百合花園
                                   章节数：1
                                   最后更新时间：2018-07-04T13:07:24.300Z
                                   =================================================
2026-06-15 00:22:18 - mkk_pika - database.py:101 - INFO - 保存成功：純潔ドレサージュ
2026-06-15 00:22:18 - mkk_pika - main.py:35 - INFO - 开始检查（C84）みことと。4（とある科学の超电磁炮）是否存在未下载章节
2026-06-15 00:22:18 - mkk_pika - main.py:45 - INFO - 正在下载:[（C84）みことと。4（とある科学の超电磁炮）]-[つねよし]-[['短篇', '同人']]-[total_pages:21]
2026-06-15 00:22:18 - mkk_pika - main.py:49 - INFO - [{'_id': '5b3cf5f9ba8c1d1efa1acf28', 'title': '第1集', 'order': 1, 'updated_at': '2018-07-01T06:13:13.876Z', 'id': '5b3cf5f9ba8c1d1efa1acf28'}]
2026-06-15 00:22:18 - mkk_pika - database.py:215 - INFO - 第一次下载该漫画，记录数据库中
2026-06-15 00:22:19 - mkk_pika - main.py:83 - INFO - 找到 21 张图片在:第1集
2026-06-15 00:22:19 - mkk_pika - main.py:112 - INFO - [episode:第1集       ] downloaded:    21, total:  21, progress:100%
2026-06-15 00:22:19 - mkk_pika - database.py:238 - INFO - 数据库更新已下载章节
2026-06-15 00:22:19 - mkk_pika - database.py:244 - INFO - 该漫画已下载章节如下
2026-06-15 00:22:19 - mkk_pika - database.py:245 - INFO - ['第1集']
2026-06-15 00:22:21 - mkk_pika - main.py:348 - INFO - ==================== 漫画信息 ====================
                                   漫画ID：5b3cf5f9ba8c1d1efa1acf27
                                   标题：（C84）みことと。4（とある科学の超电磁炮）
                                   作者：つねよし
                                   是否完结：是
                                   总页数：21
                                   分类：短篇,同人
                                   章节数：1
                                   最后更新时间：2018-07-04T16:29:45.833Z
                                   =================================================
2026-06-15 00:22:21 - mkk_pika - database.py:101 - INFO - 保存成功：（C84）みことと。4（とある科学の超电磁炮）
2026-06-15 00:22:21 - mkk_pika - main.py:35 - INFO - 开始检查（C84）みことと。5（とある科学の超电磁炮）是否存在未下载章节
2026-06-15 00:22:21 - mkk_pika - main.py:45 - INFO - 正在下载:[（C84）みことと。5（とある科学の超电磁炮）]-[つねよし]-[['短篇', '同人']]-[total_pages:37]
2026-06-15 00:22:21 - mkk_pika - main.py:49 - INFO - [{'_id': '5b3cf60462b4e42cda051d66', 'title': '第1集', 'order': 1, 'updated_at': '2018-07-02T08:47:25.220Z', 'id': '5b3cf60462b4e42cda051d66'}]
2026-06-15 00:22:21 - mkk_pika - database.py:215 - INFO - 第一次下载该漫画，记录数据库中
2026-06-15 00:22:22 - mkk_pika - main.py:83 - INFO - 找到 37 张图片在:第1集
2026-06-15 00:22:22 - mkk_pika - main.py:112 - INFO - [episode:第1集       ] downloaded:    37, total:  37, progress:100%
2026-06-15 00:22:22 - mkk_pika - database.py:238 - INFO - 数据库更新已下载章节
2026-06-15 00:22:22 - mkk_pika - database.py:244 - INFO - 该漫画已下载章节如下
2026-06-15 00:22:22 - mkk_pika - database.py:245 - INFO - ['第1集']
2026-06-15 00:22:24 - mkk_pika - main.py:348 - INFO - ==================== 漫画信息 ====================
                                   漫画ID：5b3cf60462b4e42cda051d65
                                   标题：（C84）みことと。5（とある科学の超电磁炮）
                                   作者：つねよし
                                   是否完结：是
                                   总页数：37
                                   分类：短篇,同人
                                   章节数：1
                                   最后更新时间：2018-07-04T16:29:56.533Z
                                   =================================================
2026-06-15 00:22:24 - mkk_pika - database.py:101 - INFO - 保存成功：（C84）みことと。5（とある科学の超电磁炮）
2026-06-15 00:22:24 - mkk_pika - main.py:35 - INFO - 开始检查（C85）みことと。6（とある科学の超电磁炮）是否存在未下载章节
2026-06-15 00:22:24 - mkk_pika - main.py:45 - INFO - 正在下载:[（C85）みことと。6（とある科学の超电磁炮）]-[つねよし]-[['短篇', '同人']]-[total_pages:32]
2026-06-15 00:22:24 - mkk_pika - main.py:49 - INFO - [{'_id': '5b3cf60e2570e739e6d1c870', 'title': '第1集', 'order': 1, 'updated_at': '2018-07-02T08:51:04.404Z', 'id': '5b3cf60e2570e739e6d1c870'}]
2026-06-15 00:22:24 - mkk_pika - database.py:215 - INFO - 第一次下载该漫画，记录数据库中
2026-06-15 00:22:25 - mkk_pika - main.py:83 - INFO - 找到 32 张图片在:第1集
2026-06-15 00:22:25 - mkk_pika - main.py:112 - INFO - [episode:第1集       ] downloaded:    32, total:  32, progress:100%
2026-06-15 00:22:25 - mkk_pika - database.py:238 - INFO - 数据库更新已下载章节
2026-06-15 00:22:25 - mkk_pika - database.py:244 - INFO - 该漫画已下载章节如下
2026-06-15 00:22:25 - mkk_pika - database.py:245 - INFO - ['第1集']
2026-06-15 00:22:27 - mkk_pika - main.py:348 - INFO - ==================== 漫画信息 ====================
                                   漫画ID：5b3cf60e2570e739e6d1c86f
                                   标题：（C85）みことと。6（とある科学の超电磁炮）
                                   作者：つねよし
                                   是否完结：是
                                   总页数：32
                                   分类：短篇,同人
                                   章节数：1
                                   最后更新时间：2018-07-04T16:30:06.921Z
                                   =================================================
2026-06-15 00:22:27 - mkk_pika - database.py:101 - INFO - 保存成功：（C85）みことと。6（とある科学の超电磁炮）
2026-06-15 00:22:27 - mkk_pika - main.py:35 - INFO - 开始检查（C86）みことと。7（とある科学の超电磁炮）是否存在未下载章节
2026-06-15 00:22:27 - mkk_pika - main.py:45 - INFO - 正在下载:[（C86）みことと。7（とある科学の超电磁炮）]-[つねよし]-[['短篇', '同人']]-[total_pages:32]
2026-06-15 00:22:27 - mkk_pika - main.py:49 - INFO - [{'_id': '5b3cf616199aa92ca9914457', 'title': '第1集', 'order': 1, 'updated_at': '2018-07-02T09:16:37.126Z', 'id': '5b3cf616199aa92ca9914457'}]
2026-06-15 00:22:27 - mkk_pika - database.py:215 - INFO - 第一次下载该漫画，记录数据库中
2026-06-15 00:22:27 - mkk_pika - main.py:83 - INFO - 找到 32 张图片在:第1集
2026-06-15 00:22:28 - mkk_pika - main.py:112 - INFO - [episode:第1集       ] downloaded:    32, total:  32, progress:100%
2026-06-15 00:22:28 - mkk_pika - database.py:238 - INFO - 数据库更新已下载章节
2026-06-15 00:22:28 - mkk_pika - database.py:244 - INFO - 该漫画已下载章节如下
2026-06-15 00:22:28 - mkk_pika - database.py:245 - INFO - ['第1集']
2026-06-15 00:22:30 - mkk_pika - main.py:348 - INFO - ==================== 漫画信息 ====================
                                   漫画ID：5b3cf616199aa92ca9914456
                                   标题：（C86）みことと。7（とある科学の超电磁炮）
                                   作者：つねよし
                                   是否完结：是
                                   总页数：32
                                   分类：短篇,同人
                                   章节数：1
                                   最后更新时间：2018-07-04T16:30:14.526Z
                                   =================================================
2026-06-15 00:22:30 - mkk_pika - database.py:101 - INFO - 保存成功：（C86）みことと。7（とある科学の超电磁炮）
2026-06-15 00:22:30 - mkk_pika - main.py:35 - INFO - 开始检查 陸姬姊妹collection是否存在未下载章节
2026-06-15 00:22:30 - mkk_pika - main.py:45 - INFO - 正在下载:[ 陸姬姊妹collection]-[KiraStar (M.vv)]-[['同人', '短篇', '妹妹系', '艦隊收藏']]-[total_pages:26]
2026-06-15 00:22:30 - mkk_pika - main.py:49 - INFO - [{'_id': '5b3dbecaeae6cc3785ad061e', 'title': '第1集', 'order': 1, 'updated_at': '2018-07-03T16:09:45.828Z', 'id': '5b3dbecaeae6cc3785ad061e'}]
2026-06-15 00:22:30 - mkk_pika - database.py:215 - INFO - 第一次下载该漫画，记录数据库中
2026-06-15 00:22:30 - mkk_pika - main.py:83 - INFO - 找到 26 张图片在:第1集
2026-06-15 00:22:31 - mkk_pika - main.py:112 - INFO - [episode:第1集       ] downloaded:    26, total:  26, progress:100%
2026-06-15 00:22:31 - mkk_pika - database.py:238 - INFO - 数据库更新已下载章节
2026-06-15 00:22:31 - mkk_pika - database.py:244 - INFO - 该漫画已下载章节如下
2026-06-15 00:22:31 - mkk_pika - database.py:245 - INFO - ['第1集']
2026-06-15 00:22:32 - mkk_pika - main.py:348 - INFO - ==================== 漫画信息 ====================
                                   漫画ID：5b3dbecaeae6cc3785ad061d
                                   标题： 陸姬姊妹collection
                                   作者：KiraStar (M.vv)
                                   是否完结：否
                                   总页数：26
                                   分类：同人,短篇,妹妹系,艦隊收藏
                                   章节数：1
                                   最后更新时间：2018-07-05T06:46:34.346Z
                                   =================================================
2026-06-15 00:22:32 - mkk_pika - database.py:101 - INFO - 保存成功： 陸姬姊妹collection
2026-06-15 00:22:32 - mkk_pika - main.py:35 - INFO - 开始检查ハメカノ 痴女と劣情ダイアリー 戳插女友 痴女與劣情的淫亂日記是否存在未下载章节
2026-06-15 00:22:32 - mkk_pika - main.py:45 - INFO - 正在下载:[ハメカノ 痴女と劣情ダイアリー 戳插女友 痴女與劣情的淫亂日記]-[ウエノ直哉]-[['長篇', '單行本', 'SM', '人妻', '後宮閃光']]-[total_pages:201]
2026-06-15 00:22:32 - mkk_pika - main.py:49 - INFO - [{'_id': '5b3e148838d71f1ef42e55e3', 'title': '第1集', 'order': 1, 'updated_at': '2018-07-05T09:36:52.146Z', 'id': '5b3e148838d71f1ef42e55e3'}]
2026-06-15 00:22:32 - mkk_pika - database.py:215 - INFO - 第一次下载该漫画，记录数据库中
2026-06-15 00:22:35 - mkk_pika - main.py:83 - INFO - 找到 201 张图片在:第1集
2026-06-15 00:22:39 - mkk_pika - main.py:112 - INFO - [episode:第1集       ] downloaded:   201, total: 201, progress:100%
2026-06-15 00:22:39 - mkk_pika - database.py:238 - INFO - 数据库更新已下载章节
2026-06-15 00:22:39 - mkk_pika - database.py:244 - INFO - 该漫画已下载章节如下
2026-06-15 00:22:39 - mkk_pika - database.py:245 - INFO - ['第1集']
2026-06-15 00:22:41 - mkk_pika - main.py:348 - INFO - ==================== 漫画信息 ====================
                                   漫画ID：5b3e148838d71f1ef42e55e2
                                   标题：ハメカノ 痴女と劣情ダイアリー 戳插女友 痴女與劣情的淫亂日記
                                   作者：ウエノ直哉
                                   是否完结：是
                                   总页数：201
                                   分类：長篇,單行本,SM,人妻,後宮閃光
                                   章节数：1
                                   最后更新时间：2018-07-05T12:52:24.739Z
                                   =================================================
2026-06-15 00:22:41 - mkk_pika - database.py:101 - INFO - 保存成功：ハメカノ 痴女と劣情ダイアリー 戳插女友 痴女與劣情的淫亂日記
2026-06-15 00:22:41 - mkk_pika - main.py:35 - INFO - 开始检查超乳お母さん 町內清掃でひとよごれ是否存在未下载章节
2026-06-15 00:22:41 - mkk_pika - main.py:45 - INFO - 正在下载:[超乳お母さん 町內清掃でひとよごれ]-[くろはると]-[['短篇', 'NTR', '人妻']]-[total_pages:20]
2026-06-15 00:22:41 - mkk_pika - main.py:49 - INFO - [{'_id': '5b3e385feae6cc3785ad07e8', 'title': '第1集', 'order': 1, 'updated_at': '2018-07-05T15:16:59.255Z', 'id': '5b3e385feae6cc3785ad07e8'}]
2026-06-15 00:22:41 - mkk_pika - database.py:215 - INFO - 第一次下载该漫画，记录数据库中
2026-06-15 00:22:42 - mkk_pika - main.py:83 - INFO - 找到 20 张图片在:第1集
2026-06-15 00:22:42 - mkk_pika - main.py:112 - INFO - [episode:第1集       ] downloaded:    20, total:  20, progress:100%
2026-06-15 00:22:42 - mkk_pika - database.py:238 - INFO - 数据库更新已下载章节
2026-06-15 00:22:42 - mkk_pika - database.py:244 - INFO - 该漫画已下载章节如下
2026-06-15 00:22:42 - mkk_pika - database.py:245 - INFO - ['第1集']
2026-06-15 00:22:43 - mkk_pika - main.py:348 - INFO - ==================== 漫画信息 ====================
                                   漫画ID：5b3e385feae6cc3785ad07e7
                                   标题：超乳お母さん 町內清掃でひとよごれ
                                   作者：くろはると
                                   是否完结：是
                                   总页数：20
                                   分类：短篇,NTR,人妻
                                   章节数：1
                                   最后更新时间：2018-07-05T15:25:19.767Z
                                   =================================================
2026-06-15 00:22:43 - mkk_pika - database.py:101 - INFO - 保存成功：超乳お母さん 町內清掃でひとよごれ
2026-06-15 00:22:43 - mkk_pika - main.py:35 - INFO - 开始检查ホールドアップ問題 Rising 是否存在未下载章节
2026-06-15 00:22:44 - mkk_pika - main.py:45 - INFO - 正在下载:[ホールドアップ問題 Rising ]-[新宿狛劇場 (狛形)]-[['同人', '短篇', '妹妹系']]-[total_pages:22]
2026-06-15 00:22:44 - mkk_pika - main.py:49 - INFO - [{'_id': '5b3e387b058feb377ee56a3d', 'title': '第1集', 'order': 1, 'updated_at': '2018-07-05T14:25:36.263Z', 'id': '5b3e387b058feb377ee56a3d'}]
2026-06-15 00:22:44 - mkk_pika - database.py:215 - INFO - 第一次下载该漫画，记录数据库中
2026-06-15 00:22:44 - mkk_pika - main.py:83 - INFO - 找到 22 张图片在:第1集
2026-06-15 00:22:45 - mkk_pika - main.py:112 - INFO - [episode:第1集       ] downloaded:    22, total:  22, progress:100%
2026-06-15 00:22:45 - mkk_pika - database.py:238 - INFO - 数据库更新已下载章节
2026-06-15 00:22:45 - mkk_pika - database.py:244 - INFO - 该漫画已下载章节如下
2026-06-15 00:22:45 - mkk_pika - database.py:245 - INFO - ['第1集']
2026-06-15 00:22:46 - mkk_pika - main.py:348 - INFO - ==================== 漫画信息 ====================
                                   漫画ID：5b3e387b058feb377ee56a3c
                                   标题：ホールドアップ問題 Rising 
                                   作者：新宿狛劇場 (狛形)
                                   是否完结：否
                                   总页数：22
                                   分类：同人,短篇,妹妹系
                                   章节数：1
                                   最后更新时间：2018-07-05T15:25:47.970Z
                                   =================================================
2026-06-15 00:22:46 - mkk_pika - database.py:101 - INFO - 保存成功：ホールドアップ問題 Rising 
2026-06-15 00:22:46 - mkk_pika - main.py:35 - INFO - 开始检查神のチン○を持つ少年〜神のチン○で犯りたい放題!〜是否存在未下载章节
2026-06-15 00:22:46 - mkk_pika - main.py:45 - INFO - 正在下载:[神のチン○を持つ少年〜神のチン○で犯りたい放題!〜]-[三毛蔵亭]-[['長篇']]-[total_pages:90]
2026-06-15 00:22:46 - mkk_pika - main.py:49 - INFO - [{'_id': '5b3f07fe38d71f1ef42e5b21', 'title': '第1集', 'order': 1, 'updated_at': '2018-07-06T05:24:56.617Z', 'id': '5b3f07fe38d71f1ef42e5b21'}]
2026-06-15 00:22:46 - mkk_pika - database.py:215 - INFO - 第一次下载该漫画，记录数据库中
2026-06-15 00:22:47 - mkk_pika - main.py:83 - INFO - 找到 90 张图片在:第1集
2026-06-15 00:22:49 - mkk_pika - main.py:112 - INFO - [episode:第1集       ] downloaded:    90, total:  90, progress:100%
2026-06-15 00:22:49 - mkk_pika - database.py:238 - INFO - 数据库更新已下载章节
2026-06-15 00:22:49 - mkk_pika - database.py:244 - INFO - 该漫画已下载章节如下
2026-06-15 00:22:49 - mkk_pika - database.py:245 - INFO - ['第1集']
2026-06-15 00:22:50 - mkk_pika - main.py:348 - INFO - ==================== 漫画信息 ====================
                                   漫画ID：5b3edbc67cb3263a1d09981d
                                   标题：神のチン○を持つ少年〜神のチン○で犯りたい放題!〜
                                   作者：三毛蔵亭
                                   是否完结：是
                                   总页数：90
                                   分类：長篇
                                   章节数：1
                                   最后更新时间：2018-07-06T03:02:30.901Z
                                   =================================================
2026-06-15 00:22:50 - mkk_pika - database.py:101 - INFO - 保存成功：神のチン○を持つ少年〜神のチン○で犯りたい放題!〜
2026-06-15 00:22:50 - mkk_pika - main.py:35 - INFO - 开始检查JK椿ちゃんの援結び是否存在未下载章节
2026-06-15 00:22:51 - mkk_pika - main.py:45 - INFO - 正在下载:[JK椿ちゃんの援結び]-[そろのさん家 (sorono)]-[['短篇']]-[total_pages:31]
2026-06-15 00:22:51 - mkk_pika - main.py:49 - INFO - [{'_id': '5b3edbe12e702d39e001678e', 'title': '第1集', 'order': 1, 'updated_at': '2018-07-05T17:26:50.183Z', 'id': '5b3edbe12e702d39e001678e'}]
2026-06-15 00:22:51 - mkk_pika - database.py:215 - INFO - 第一次下载该漫画，记录数据库中
2026-06-15 00:22:51 - mkk_pika - main.py:83 - INFO - 找到 31 张图片在:第1集
2026-06-15 00:22:52 - mkk_pika - main.py:112 - INFO - [episode:第1集       ] downloaded:    31, total:  31, progress:100%
2026-06-15 00:22:52 - mkk_pika - database.py:238 - INFO - 数据库更新已下载章节
2026-06-15 00:22:52 - mkk_pika - database.py:244 - INFO - 该漫画已下载章节如下
2026-06-15 00:22:52 - mkk_pika - database.py:245 - INFO - ['第1集']
2026-06-15 00:22:53 - mkk_pika - main.py:348 - INFO - ==================== 漫画信息 ====================
                                   漫画ID：5b3edbe12e702d39e001678d
                                   标题：JK椿ちゃんの援結び
                                   作者：そろのさん家 (sorono)
                                   是否完结：否
                                   总页数：31
                                   分类：短篇
                                   章节数：1
                                   最后更新时间：2018-07-06T03:02:57.535Z
                                   =================================================
2026-06-15 00:22:53 - mkk_pika - database.py:101 - INFO - 保存成功：JK椿ちゃんの援結び
2026-06-15 00:22:53 - mkk_pika - main.py:35 - INFO - 开始检查ふわふわお姉さんは好きですか？是否存在未下载章节
2026-06-15 00:22:54 - mkk_pika - main.py:45 - INFO - 正在下载:[ふわふわお姉さんは好きですか？]-[あめ のち ゆき (あめとゆき)]-[['短篇', '姐姐系', '全彩']]-[total_pages:18]
2026-06-15 00:22:54 - mkk_pika - main.py:49 - INFO - [{'_id': '5b3edbf92e702d39e00167af', 'title': '第1集', 'order': 1, 'updated_at': '2018-07-05T17:48:49.748Z', 'id': '5b3edbf92e702d39e00167af'}]
2026-06-15 00:22:54 - mkk_pika - database.py:215 - INFO - 第一次下载该漫画，记录数据库中
2026-06-15 00:22:54 - mkk_pika - main.py:83 - INFO - 找到 18 张图片在:第1集
2026-06-15 00:22:55 - mkk_pika - main.py:112 - INFO - [episode:第1集       ] downloaded:    18, total:  18, progress:100%
2026-06-15 00:22:55 - mkk_pika - database.py:238 - INFO - 数据库更新已下载章节
2026-06-15 00:22:55 - mkk_pika - database.py:244 - INFO - 该漫画已下载章节如下
2026-06-15 00:22:55 - mkk_pika - database.py:245 - INFO - ['第1集']
2026-06-15 00:22:56 - mkk_pika - main.py:348 - INFO - ==================== 漫画信息 ====================
                                   漫画ID：5b3edbf92e702d39e00167ae
                                   标题：ふわふわお姉さんは好きですか？
                                   作者：あめ のち ゆき (あめとゆき)
                                   是否完结：是
                                   总页数：18
                                   分类：短篇,姐姐系,全彩
                                   章节数：1
                                   最后更新时间：2018-07-06T03:03:21.183Z
                                   =================================================
2026-06-15 00:22:56 - mkk_pika - database.py:101 - INFO - 保存成功：ふわふわお姉さんは好きですか？
2026-06-15 00:22:56 - mkk_pika - main.py:35 - INFO - 开始检查幼馴染 是否存在未下载章节
2026-06-15 00:22:56 - mkk_pika - main.py:45 - INFO - 正在下载:[幼馴染 ]-[enuma elish (由木彌)]-[['短篇', '純愛']]-[total_pages:41]
2026-06-15 00:22:56 - mkk_pika - main.py:49 - INFO - [{'_id': '5b3edc49058feb377ee56ba0', 'title': '第1集', 'order': 1, 'updated_at': '2018-07-06T01:39:02.816Z', 'id': '5b3edc49058feb377ee56ba0'}]
2026-06-15 00:22:56 - mkk_pika - database.py:215 - INFO - 第一次下载该漫画，记录数据库中
2026-06-15 00:22:57 - mkk_pika - main.py:83 - INFO - 找到 41 张图片在:第1集
2026-06-15 00:22:58 - mkk_pika - main.py:112 - INFO - [episode:第1集       ] downloaded:    41, total:  41, progress:100%
2026-06-15 00:22:58 - mkk_pika - database.py:238 - INFO - 数据库更新已下载章节
2026-06-15 00:22:58 - mkk_pika - database.py:244 - INFO - 该漫画已下载章节如下
2026-06-15 00:22:58 - mkk_pika - database.py:245 - INFO - ['第1集']
2026-06-15 00:22:59 - mkk_pika - main.py:348 - INFO - ==================== 漫画信息 ====================
                                   漫画ID：5b3edc49058feb377ee56b9f
                                   标题：幼馴染 
                                   作者：enuma elish (由木彌)
                                   是否完结：是
                                   总页数：41
                                   分类：短篇,純愛
                                   章节数：1
                                   最后更新时间：2018-07-06T03:04:41.336Z
                                   =================================================
2026-06-15 00:22:59 - mkk_pika - database.py:101 - INFO - 保存成功：幼馴染 
2026-06-15 00:22:59 - mkk_pika - main.py:35 - INFO - 开始检查(COMIC1☆12) アローラの夜のすがた (ポケットモンスター サン・ムーン) 是否存在未下载章节
2026-06-15 00:22:59 - mkk_pika - main.py:45 - INFO - 正在下载:[(COMIC1☆12) アローラの夜のすがた (ポケットモンスター サン・ムーン) ]-[DOLL PLAY (黒巣ガタリ)]-[['同人', '短篇']]-[total_pages:28]
2026-06-15 00:22:59 - mkk_pika - main.py:49 - INFO - [{'_id': '5b3edccaba8c1d1efa1ad67c', 'title': '第1集', 'order': 1, 'updated_at': '2018-07-06T01:44:46.137Z', 'id': '5b3edccaba8c1d1efa1ad67c'}]
2026-06-15 00:22:59 - mkk_pika - database.py:215 - INFO - 第一次下载该漫画，记录数据库中
2026-06-15 00:23:00 - mkk_pika - main.py:83 - INFO - 找到 28 张图片在:第1集
2026-06-15 00:23:01 - mkk_pika - main.py:112 - INFO - [episode:第1集       ] downloaded:    28, total:  28, progress:100%
2026-06-15 00:23:01 - mkk_pika - database.py:238 - INFO - 数据库更新已下载章节
2026-06-15 00:23:01 - mkk_pika - database.py:244 - INFO - 该漫画已下载章节如下
2026-06-15 00:23:01 - mkk_pika - database.py:245 - INFO - ['第1集']
2026-06-15 00:23:02 - mkk_pika - main.py:348 - INFO - ==================== 漫画信息 ====================
                                   漫画ID：5b3edccaba8c1d1efa1ad67b
                                   标题：(COMIC1☆12) アローラの夜のすがた (ポケットモンスター サン・ムーン) 
                                   作者：DOLL PLAY (黒巣ガタリ)
                                   是否完结：是
                                   总页数：28
                                   分类：同人,短篇
                                   章节数：1
                                   最后更新时间：2018-07-06T03:06:50.648Z
                                   =================================================
2026-06-15 00:23:02 - mkk_pika - database.py:101 - INFO - 保存成功：(COMIC1☆12) アローラの夜のすがた (ポケットモンスター サン・ムーン) 
2026-06-15 00:23:02 - mkk_pika - main.py:35 - INFO - 开始检查イビツナ彼女は年中「発情期!!」是否存在未下载章节
2026-06-15 00:23:02 - mkk_pika - main.py:45 - INFO - 正在下载:[イビツナ彼女は年中「発情期!!」]-[秋月伊槻]-[['長篇', '單行本']]-[total_pages:222]
2026-06-15 00:23:02 - mkk_pika - main.py:49 - INFO - [{'_id': '5b3edd047cb3263a1d09992e', 'title': '第1集', 'order': 1, 'updated_at': '2018-07-06T02:15:54.343Z', 'id': '5b3edd047cb3263a1d09992e'}]
2026-06-15 00:23:02 - mkk_pika - database.py:215 - INFO - 第一次下载该漫画，记录数据库中
2026-06-15 00:23:05 - mkk_pika - main.py:83 - INFO - 找到 222 张图片在:第1集
2026-06-15 00:23:09 - mkk_pika - main.py:112 - INFO - [episode:第1集       ] downloaded:   222, total: 222, progress:100%
2026-06-15 00:23:09 - mkk_pika - database.py:238 - INFO - 数据库更新已下载章节
2026-06-15 00:23:09 - mkk_pika - database.py:244 - INFO - 该漫画已下载章节如下
2026-06-15 00:23:09 - mkk_pika - database.py:245 - INFO - ['第1集']
2026-06-15 00:23:11 - mkk_pika - main.py:348 - INFO - ==================== 漫画信息 ====================
                                   漫画ID：5b3edd047cb3263a1d09992d
                                   标题：イビツナ彼女は年中「発情期!!」
                                   作者：秋月伊槻
                                   是否完结：是
                                   总页数：222
                                   分类：長篇,單行本
                                   章节数：1
                                   最后更新时间：2018-07-06T03:07:48.579Z
                                   =================================================
2026-06-15 00:23:11 - mkk_pika - database.py:101 - INFO - 保存成功：イビツナ彼女は年中「発情期!!」
2026-06-15 00:23:11 - mkk_pika - main.py:35 - INFO - 开始检查ちぃさな恋ゴコロ是否存在未下载章节
2026-06-15 00:23:11 - mkk_pika - main.py:45 - INFO - 正在下载:[ちぃさな恋ゴコロ]-[裏次郎]-[['長篇', '單行本']]-[total_pages:216]
2026-06-15 00:23:11 - mkk_pika - main.py:49 - INFO - [{'_id': '5b3f07c462b4e42cda052290', 'title': '第1集', 'order': 1, 'updated_at': '2018-07-06T03:21:59.935Z', 'id': '5b3f07c462b4e42cda052290'}]
2026-06-15 00:23:11 - mkk_pika - database.py:215 - INFO - 第一次下载该漫画，记录数据库中
2026-06-15 00:23:13 - mkk_pika - main.py:83 - INFO - 找到 216 张图片在:第1集
2026-06-15 00:23:18 - mkk_pika - main.py:112 - INFO - [episode:第1集       ] downloaded:   216, total: 216, progress:100%
2026-06-15 00:23:18 - mkk_pika - database.py:238 - INFO - 数据库更新已下载章节
2026-06-15 00:23:18 - mkk_pika - database.py:244 - INFO - 该漫画已下载章节如下
2026-06-15 00:23:18 - mkk_pika - database.py:245 - INFO - ['第1集']
2026-06-15 00:23:19 - mkk_pika - main.py:348 - INFO - ==================== 漫画信息 ====================
                                   漫画ID：5b3f07c462b4e42cda05228f
                                   标题：ちぃさな恋ゴコロ
                                   作者：裏次郎
                                   是否完结：是
                                   总页数：216
                                   分类：長篇,單行本
                                   章节数：1
                                   最后更新时间：2018-07-06T06:10:12.550Z
                                   =================================================
2026-06-15 00:23:19 - mkk_pika - database.py:101 - INFO - 保存成功：ちぃさな恋ゴコロ
2026-06-15 00:23:19 - mkk_pika - main.py:35 - INFO - 开始检查ビチョビッチ 濕潤淫蕩女是否存在未下载章节
2026-06-15 00:23:20 - mkk_pika - main.py:45 - INFO - 正在下载:[ビチョビッチ 濕潤淫蕩女]-[なしぱすた]-[['長篇', '單行本', '後宮閃光', '姐姐系', 'SM', '足の恋']]-[total_pages:203]
2026-06-15 00:23:20 - mkk_pika - main.py:49 - INFO - [{'_id': '5b3f07e22570e739e6d1ce28', 'title': '第1集', 'order': 1, 'updated_at': '2018-07-06T03:44:17.269Z', 'id': '5b3f07e22570e739e6d1ce28'}]
2026-06-15 00:23:20 - mkk_pika - database.py:215 - INFO - 第一次下载该漫画，记录数据库中
2026-06-15 00:23:22 - mkk_pika - main.py:83 - INFO - 找到 203 张图片在:第1集
2026-06-15 00:23:26 - mkk_pika - main.py:112 - INFO - [episode:第1集       ] downloaded:   203, total: 203, progress:100%
2026-06-15 00:23:26 - mkk_pika - database.py:238 - INFO - 数据库更新已下载章节
2026-06-15 00:23:26 - mkk_pika - database.py:244 - INFO - 该漫画已下载章节如下
2026-06-15 00:23:26 - mkk_pika - database.py:245 - INFO - ['第1集']
2026-06-15 00:23:27 - mkk_pika - main.py:348 - INFO - ==================== 漫画信息 ====================
                                   漫画ID：5b3f07e22570e739e6d1ce27
                                   标题：ビチョビッチ 濕潤淫蕩女
                                   作者：なしぱすた
                                   是否完结：是
                                   总页数：203
                                   分类：長篇,單行本,後宮閃光,姐姐系,SM,足の恋
                                   章节数：1
                                   最后更新时间：2018-07-06T06:10:42.680Z
                                   =================================================
2026-06-15 00:23:27 - mkk_pika - database.py:101 - INFO - 保存成功：ビチョビッチ 濕潤淫蕩女
2026-06-15 00:23:27 - mkk_pika - main.py:35 - INFO - 开始检查ハタチのお祝い是否存在未下载章节
2026-06-15 00:23:28 - mkk_pika - main.py:45 - INFO - 正在下载:[ハタチのお祝い]-[Noise]-[['同人', '短篇', '純愛', '妹妹系']]-[total_pages:20]
2026-06-15 00:23:28 - mkk_pika - main.py:49 - INFO - [{'_id': '5b3f07f52e702d39e0016885', 'title': '第1集', 'order': 1, 'updated_at': '2018-07-06T04:09:26.329Z', 'id': '5b3f07f52e702d39e0016885'}]
2026-06-15 00:23:28 - mkk_pika - database.py:215 - INFO - 第一次下载该漫画，记录数据库中
2026-06-15 00:23:28 - mkk_pika - main.py:83 - INFO - 找到 20 张图片在:第1集
2026-06-15 00:23:29 - mkk_pika - main.py:112 - INFO - [episode:第1集       ] downloaded:    20, total:  20, progress:100%
2026-06-15 00:23:29 - mkk_pika - database.py:238 - INFO - 数据库更新已下载章节
2026-06-15 00:23:29 - mkk_pika - database.py:244 - INFO - 该漫画已下载章节如下
2026-06-15 00:23:29 - mkk_pika - database.py:245 - INFO - ['第1集']
2026-06-15 00:23:30 - mkk_pika - main.py:348 - INFO - ==================== 漫画信息 ====================
                                   漫画ID：5b3f07f52e702d39e0016884
                                   标题：ハタチのお祝い
                                   作者：Noise
                                   是否完结：是
                                   总页数：20
                                   分类：同人,短篇,純愛,妹妹系
                                   章节数：1
                                   最后更新时间：2018-07-06T06:11:01.956Z
                                   =================================================
2026-06-15 00:23:30 - mkk_pika - database.py:101 - INFO - 保存成功：ハタチのお祝い
2026-06-15 00:23:30 - mkk_pika - main.py:35 - INFO - 开始检查ぎゃるしん! ―感染拡大―是否存在未下载章节
2026-06-15 00:23:30 - mkk_pika - main.py:45 - INFO - 正在下载:[ぎゃるしん! ―感染拡大―]-[池瀧玩具店]-[['短篇', '純愛', 'SM']]-[total_pages:25]
2026-06-15 00:23:30 - mkk_pika - main.py:49 - INFO - [{'_id': '5b3f6c5496d9053724303aca', 'title': '第1集', 'order': 1, 'updated_at': '2018-07-06T07:30:00.603Z', 'id': '5b3f6c5496d9053724303aca'}]
2026-06-15 00:23:30 - mkk_pika - database.py:215 - INFO - 第一次下载该漫画，记录数据库中
2026-06-15 00:23:31 - mkk_pika - main.py:83 - INFO - 找到 25 张图片在:第1集
2026-06-15 00:23:31 - mkk_pika - main.py:112 - INFO - [episode:第1集       ] downloaded:    25, total:  25, progress:100%
2026-06-15 00:23:31 - mkk_pika - database.py:238 - INFO - 数据库更新已下载章节
2026-06-15 00:23:31 - mkk_pika - database.py:244 - INFO - 该漫画已下载章节如下
2026-06-15 00:23:31 - mkk_pika - database.py:245 - INFO - ['第1集']
2026-06-15 00:23:33 - mkk_pika - main.py:348 - INFO - ==================== 漫画信息 ====================
                                   漫画ID：5b3f6c5496d9053724303ac9
                                   标题：ぎゃるしん! ―感染拡大―
                                   作者：池瀧玩具店
                                   是否完结：是
                                   总页数：25
                                   分类：短篇,純愛,SM
                                   章节数：1
                                   最后更新时间：2018-07-06T13:19:16.296Z
                                   =================================================
2026-06-15 00:23:33 - mkk_pika - database.py:101 - INFO - 保存成功：ぎゃるしん! ―感染拡大―
2026-06-15 00:23:33 - mkk_pika - main.py:35 - INFO - 开始检查イケナイコトカイ是否存在未下载章节
2026-06-15 00:23:33 - mkk_pika - main.py:45 - INFO - 正在下载:[イケナイコトカイ]-[紫川弓夜]-[['長篇']]-[total_pages:184]
2026-06-15 00:23:33 - mkk_pika - main.py:49 - INFO - [{'_id': '5b4091191839293a16aa3673', 'title': '第1集', 'order': 1, 'updated_at': '2018-07-06T17:47:12.451Z', 'id': '5b4091191839293a16aa3673'}]
2026-06-15 00:23:33 - mkk_pika - database.py:215 - INFO - 第一次下载该漫画，记录数据库中
2026-06-15 00:23:35 - mkk_pika - main.py:83 - INFO - 找到 184 张图片在:第1集
2026-06-15 00:23:39 - mkk_pika - main.py:112 - INFO - [episode:第1集       ] downloaded:   184, total: 184, progress:100%
2026-06-15 00:23:39 - mkk_pika - database.py:238 - INFO - 数据库更新已下载章节
2026-06-15 00:23:39 - mkk_pika - database.py:244 - INFO - 该漫画已下载章节如下
2026-06-15 00:23:39 - mkk_pika - database.py:245 - INFO - ['第1集']
2026-06-15 00:23:40 - mkk_pika - main.py:348 - INFO - ==================== 漫画信息 ====================
                                   漫画ID：5b4091191839293a16aa3672
                                   标题：イケナイコトカイ
                                   作者：紫川弓夜
                                   是否完结：是
                                   总页数：184
                                   分类：長篇
                                   章节数：1
                                   最后更新时间：2018-07-07T10:08:25.211Z
                                   =================================================
2026-06-15 00:23:40 - mkk_pika - database.py:101 - INFO - 保存成功：イケナイコトカイ
2026-06-15 00:23:40 - mkk_pika - main.py:35 - INFO - 开始检查 Hatsujou Munmun Massage! Ch. 1是否存在未下载章节
2026-06-15 00:23:40 - mkk_pika - main.py:45 - INFO - 正在下载:[ Hatsujou Munmun Massage! Ch. 1]-[Shouji Nigou]-[['短篇', '全彩']]-[total_pages:25]
2026-06-15 00:23:40 - mkk_pika - main.py:49 - INFO - [{'_id': '5b4091eec1f4d22ce4a56038', 'title': '第1集', 'order': 1, 'updated_at': '2018-07-06T18:34:07.693Z', 'id': '5b4091eec1f4d22ce4a56038'}]
2026-06-15 00:23:40 - mkk_pika - database.py:215 - INFO - 第一次下载该漫画，记录数据库中
2026-06-15 00:23:41 - mkk_pika - main.py:83 - INFO - 找到 25 张图片在:第1集
2026-06-15 00:23:41 - mkk_pika - main.py:112 - INFO - [episode:第1集       ] downloaded:    25, total:  25, progress:100%
2026-06-15 00:23:41 - mkk_pika - database.py:238 - INFO - 数据库更新已下载章节
2026-06-15 00:23:41 - mkk_pika - database.py:244 - INFO - 该漫画已下载章节如下
2026-06-15 00:23:41 - mkk_pika - database.py:245 - INFO - ['第1集']
2026-06-15 00:23:42 - mkk_pika - main.py:348 - INFO - ==================== 漫画信息 ====================
                                   漫画ID：5b4091eec1f4d22ce4a56037
                                   标题： Hatsujou Munmun Massage! Ch. 1
                                   作者：Shouji Nigou
                                   是否完结：是
                                   总页数：25
                                   分类：短篇,全彩
                                   章节数：1
                                   最后更新时间：2018-07-07T10:11:58.639Z
                                   =================================================
2026-06-15 00:23:42 - mkk_pika - database.py:101 - INFO - 保存成功： Hatsujou Munmun Massage! Ch. 1
2026-06-15 00:23:42 - mkk_pika - main.py:35 - INFO - 开始检查都橋先生は今日も釦を飛ばす是否存在未下载章节
2026-06-15 00:23:43 - mkk_pika - main.py:45 - INFO - 正在下载:[都橋先生は今日も釦を飛ばす]-[越山弱衰]-[['短篇']]-[total_pages:25]
2026-06-15 00:23:43 - mkk_pika - main.py:49 - INFO - [{'_id': '5b681febda168316eec4ff05', 'title': '第1集', 'order': 1, 'updated_at': '2018-08-06T02:20:54.710Z', 'id': '5b681febda168316eec4ff05'}]
2026-06-15 00:23:43 - mkk_pika - database.py:215 - INFO - 第一次下载该漫画，记录数据库中
2026-06-15 00:23:43 - mkk_pika - main.py:83 - INFO - 找到 25 张图片在:第1集
2026-06-15 00:23:44 - mkk_pika - main.py:112 - INFO - [episode:第1集       ] downloaded:    25, total:  25, progress:100%
2026-06-15 00:23:44 - mkk_pika - database.py:238 - INFO - 数据库更新已下载章节
2026-06-15 00:23:44 - mkk_pika - database.py:244 - INFO - 该漫画已下载章节如下
2026-06-15 00:23:44 - mkk_pika - database.py:245 - INFO - ['第1集']
2026-06-15 00:23:45 - mkk_pika - main.py:348 - INFO - ==================== 漫画信息 ====================
                                   漫画ID：5b40920c96d9053724303e81
                                   标题：都橋先生は今日も釦を飛ばす
                                   作者：越山弱衰
                                   是否完结：是
                                   总页数：25
                                   分类：短篇
                                   章节数：1
                                   最后更新时间：2018-07-07T10:12:28.704Z
                                   =================================================
2026-06-15 00:23:45 - mkk_pika - database.py:101 - INFO - 保存成功：都橋先生は今日も釦を飛ばす
2026-06-15 00:23:45 - mkk_pika - main.py:35 - INFO - 开始检查福従都市メガロマニア是否存在未下载章节
2026-06-15 00:23:45 - mkk_pika - main.py:45 - INFO - 正在下载:[福従都市メガロマニア]-[宇行日和]-[['長篇', '人妻']]-[total_pages:204]
2026-06-15 00:23:45 - mkk_pika - main.py:49 - INFO - [{'_id': '5b409244058feb377ee57181', 'title': '第1集', 'order': 1, 'updated_at': '2018-07-07T02:16:43.501Z', 'id': '5b409244058feb377ee57181'}]
2026-06-15 00:23:45 - mkk_pika - database.py:215 - INFO - 第一次下载该漫画，记录数据库中
2026-06-15 00:23:47 - mkk_pika - main.py:83 - INFO - 找到 204 张图片在:第1集
2026-06-15 00:23:52 - mkk_pika - main.py:112 - INFO - [episode:第1集       ] downloaded:   204, total: 204, progress:100%
2026-06-15 00:23:52 - mkk_pika - database.py:238 - INFO - 数据库更新已下载章节
2026-06-15 00:23:52 - mkk_pika - database.py:244 - INFO - 该漫画已下载章节如下
2026-06-15 00:23:52 - mkk_pika - database.py:245 - INFO - ['第1集']
2026-06-15 00:23:54 - mkk_pika - main.py:348 - INFO - ==================== 漫画信息 ====================
                                   漫画ID：5b409244058feb377ee57180
                                   标题：福従都市メガロマニア
                                   作者：宇行日和
                                   是否完结：是
                                   总页数：204
                                   分类：長篇,人妻
                                   章节数：1
                                   最后更新时间：2018-07-07T10:13:24.954Z
                                   =================================================
2026-06-15 00:23:54 - mkk_pika - database.py:101 - INFO - 保存成功：福従都市メガロマニア
2026-06-15 00:23:54 - mkk_pika - main.py:35 - INFO - 开始检查School Festa 校園裡的性愛祭典是否存在未下载章节
2026-06-15 00:23:54 - mkk_pika - main.py:45 - INFO - 正在下载:[School Festa 校園裡的性愛祭典]-[にの子]-[['長篇', '單行本']]-[total_pages:232]
2026-06-15 00:23:54 - mkk_pika - main.py:49 - INFO - [{'_id': '5b409256058feb377ee57250', 'title': '第1集', 'order': 1, 'updated_at': '2018-07-07T02:17:11.902Z', 'id': '5b409256058feb377ee57250'}]
2026-06-15 00:23:54 - mkk_pika - database.py:215 - INFO - 第一次下载该漫画，记录数据库中
2026-06-15 00:23:56 - mkk_pika - main.py:83 - INFO - 找到 232 张图片在:第1集
2026-06-15 00:24:01 - mkk_pika - main.py:112 - INFO - [episode:第1集       ] downloaded:   232, total: 232, progress:100%
2026-06-15 00:24:01 - mkk_pika - database.py:238 - INFO - 数据库更新已下载章节
2026-06-15 00:24:01 - mkk_pika - database.py:244 - INFO - 该漫画已下载章节如下
2026-06-15 00:24:01 - mkk_pika - database.py:245 - INFO - ['第1集']
2026-06-15 00:24:02 - mkk_pika - main.py:348 - INFO - ==================== 漫画信息 ====================
                                   漫画ID：5b409256058feb377ee5724f
                                   标题：School Festa 校園裡的性愛祭典
                                   作者：にの子
                                   是否完结：是
                                   总页数：232
                                   分类：長篇,單行本
                                   章节数：1
                                   最后更新时间：2018-07-07T10:13:42.920Z
                                   =================================================
2026-06-15 00:24:02 - mkk_pika - database.py:101 - INFO - 保存成功：School Festa 校園裡的性愛祭典
2026-06-15 00:24:02 - mkk_pika - main.py:35 - INFO - 开始检查シリトレ！是否存在未下载章节
2026-06-15 00:24:03 - mkk_pika - main.py:45 - INFO - 正在下载:[シリトレ！]-[有賀冬]-[['長篇', '後宮閃光']]-[total_pages:194]
2026-06-15 00:24:03 - mkk_pika - main.py:49 - INFO - [{'_id': '5b40929e2e702d39e0016d7c', 'title': '第1集', 'order': 1, 'updated_at': '2018-07-07T02:29:32.035Z', 'id': '5b40929e2e702d39e0016d7c'}]
2026-06-15 00:24:03 - mkk_pika - database.py:215 - INFO - 第一次下载该漫画，记录数据库中
2026-06-15 00:24:04 - mkk_pika - main.py:83 - INFO - 找到 194 张图片在:第1集
2026-06-15 00:24:09 - mkk_pika - main.py:112 - INFO - [episode:第1集       ] downloaded:   194, total: 194, progress:100%
2026-06-15 00:24:09 - mkk_pika - database.py:238 - INFO - 数据库更新已下载章节
2026-06-15 00:24:09 - mkk_pika - database.py:244 - INFO - 该漫画已下载章节如下
2026-06-15 00:24:09 - mkk_pika - database.py:245 - INFO - ['第1集']
2026-06-15 00:24:10 - mkk_pika - main.py:348 - INFO - ==================== 漫画信息 ====================
                                   漫画ID：5b40929e2e702d39e0016d7b
                                   标题：シリトレ！
                                   作者：有賀冬
                                   是否完结：是
                                   总页数：194
                                   分类：長篇,後宮閃光
                                   章节数：1
                                   最后更新时间：2018-07-07T10:14:54.960Z
                                   =================================================
2026-06-15 00:24:10 - mkk_pika - database.py:101 - INFO - 保存成功：シリトレ！
2026-06-15 00:24:10 - mkk_pika - main.py:35 - INFO - 开始检查シェアボッキ是否存在未下载章节
2026-06-15 00:24:10 - mkk_pika - main.py:45 - INFO - 正在下载:[シェアボッキ]-[もじゃりん]-[['短篇', '後宮閃光']]-[total_pages:14]
2026-06-15 00:24:10 - mkk_pika - main.py:49 - INFO - [{'_id': '5b4092f0cd8165372fcec08f', 'title': '第1集', 'order': 1, 'updated_at': '2018-07-07T05:44:50.297Z', 'id': '5b4092f0cd8165372fcec08f'}]
2026-06-15 00:24:10 - mkk_pika - database.py:215 - INFO - 第一次下载该漫画，记录数据库中
2026-06-15 00:24:11 - mkk_pika - main.py:83 - INFO - 找到 14 张图片在:第1集
2026-06-15 00:24:11 - mkk_pika - main.py:112 - INFO - [episode:第1集       ] downloaded:    14, total:  14, progress:100%
2026-06-15 00:24:11 - mkk_pika - database.py:238 - INFO - 数据库更新已下载章节
2026-06-15 00:24:11 - mkk_pika - database.py:244 - INFO - 该漫画已下载章节如下
2026-06-15 00:24:11 - mkk_pika - database.py:245 - INFO - ['第1集']
2026-06-15 00:24:13 - mkk_pika - main.py:348 - INFO - ==================== 漫画信息 ====================
                                   漫画ID：5b4092f0cd8165372fcec08e
                                   标题：シェアボッキ
                                   作者：もじゃりん
                                   是否完结：是
                                   总页数：14
                                   分类：短篇,後宮閃光
                                   章节数：1
                                   最后更新时间：2018-07-07T10:16:16.788Z
                                   =================================================
2026-06-15 00:24:13 - mkk_pika - database.py:101 - INFO - 保存成功：シェアボッキ
2026-06-15 00:24:13 - mkk_pika - main.py:380 - INFO - 本次任务下载完毕
2026-06-15 00:24:13 - mkk_pika - database.py:173 - INFO - 数据库连接已关闭
