2026-07-24 00:07:21 - mkk_pika - main.py:193 - INFO - =======================================================================
2026-07-24 00:07:21 - mkk_pika - database.py:61 - INFO - 表和索引初始化成功
2026-07-24 00:07:21 - mkk_pika - main.py:197 - INFO - 已经累计下载17571本漫画
2026-07-24 00:07:22 - mkk_pika - api.py:87 - INFO - 登录成功
2026-07-24 00:07:22 - mkk_pika - main.py:203 - INFO - 收藏夹共计0本漫画
2026-07-24 00:07:22 - mkk_pika - main.py:206 - INFO - 开始下载收藏夹内未下载内容
2026-07-24 00:07:22 - mkk_pika - main.py:266 - INFO - 收藏夹内容下载完毕
2026-07-24 00:07:22 - mkk_pika - main.py:268 - INFO - 开始下载订阅内容
2026-07-24 00:07:22 - mkk_pika - database.py:258 - INFO - 根据ID查询到标题：萝莉 -> あめのちろり～メスガキに犯されまくるお話～
2026-07-24 00:07:23 - mkk_pika - database.py:101 - INFO - 保存成功：あめのちろり～メスガキに犯されまくるお話～
2026-07-24 00:07:23 - mkk_pika - main.py:273 - INFO - 关键词萝莉找到1本漫画
2026-07-24 00:07:23 - mkk_pika - database.py:258 - INFO - 根据ID查询到标题：蘿莉 -> [Pixiv] LOLIx3=The Best（13247417）（AI）
2026-07-24 00:07:24 - mkk_pika - database.py:101 - INFO - 保存成功：箱入りお嬢様の許嫁＋AFTER
2026-07-24 00:07:24 - mkk_pika - main.py:273 - INFO - 关键词蘿莉找到2本漫画
2026-07-24 00:07:24 - mkk_pika - main.py:275 - INFO - 订阅内容共计3本漫画
2026-07-24 00:07:24 - mkk_pika - main.py:35 - INFO - 开始检查TSロリおじさんの冒険 前戯編 | TS萝莉中年大叔的冒险 前戏篇是否存在未下载章节
2026-07-24 00:07:24 - mkk_pika - database.py:203 - INFO - 查询数据库中是否已存在第1話
2026-07-24 00:07:24 - mkk_pika - main.py:51 - INFO - TSロリおじさんの冒険 前戯編 | TS萝莉中年大叔的冒险 前戏篇中没有可下载章节
2026-07-24 00:07:25 - mkk_pika - main.py:292 - INFO - ==================== 漫画信息 ====================
                                漫画ID：6a60ee6836442f2baa99de88
                                标题：TSロリおじさんの冒険 前戯編 | TS萝莉中年大叔的冒险 前戏篇
                                作者：Asunaro Neat. (ろんな)
                                是否完结：否
                                总页数：63
                                分类：長篇,性轉換
                                章节数：1
                                最后更新时间：2026-07-22T16:23:04.996Z
                                =================================================
2026-07-24 00:07:25 - mkk_pika - database.py:101 - INFO - 保存成功：TSロリおじさんの冒険 前戯編 | TS萝莉中年大叔的冒险 前戏篇
2026-07-24 00:07:25 - mkk_pika - main.py:35 - INFO - 开始检查箱入りお嬢様の許嫁＋AFTER是否存在未下载章节
2026-07-24 00:07:25 - mkk_pika - main.py:45 - INFO - 正在下载:[箱入りお嬢様の許嫁＋AFTER]-[CHRONOLOG (桜沢いづみ)]-[['短篇']]-[total_pages:-1]
2026-07-24 00:07:25 - mkk_pika - main.py:49 - INFO - [{'_id': '6a624b385e0dc073c198b262', 'title': '第1話', 'order': 1, 'updated_at': '2026-07-22T15:30:54.344Z', 'id': '6a624b385e0dc073c198b262'}]
2026-07-24 00:07:25 - mkk_pika - database.py:215 - INFO - 第一次下载该漫画，记录数据库中
2026-07-24 00:07:26 - mkk_pika - main.py:83 - INFO - 找到 52 张图片在:第1話
2026-07-24 00:07:27 - mkk_pika - main.py:112 - INFO - [episode:第1話       ] downloaded:    52, total:  52, progress:100%
2026-07-24 00:07:27 - mkk_pika - database.py:238 - INFO - 数据库更新已下载章节
2026-07-24 00:07:27 - mkk_pika - database.py:244 - INFO - 该漫画已下载章节如下
2026-07-24 00:07:27 - mkk_pika - database.py:245 - INFO - ['第1話']
2026-07-24 00:07:29 - mkk_pika - main.py:292 - INFO - ==================== 漫画信息 ====================
                                漫画ID：6a624b385e0dc073c198b261
                                标题：箱入りお嬢様の許嫁＋AFTER
                                作者：CHRONOLOG (桜沢いづみ)
                                是否完结：是
                                总页数：52
                                分类：短篇
                                章节数：1
                                最后更新时间：2026-07-23T17:11:20.724Z
                                =================================================
2026-07-24 00:07:29 - mkk_pika - database.py:101 - INFO - 保存成功：箱入りお嬢様の許嫁＋AFTER
2026-07-24 00:07:29 - mkk_pika - main.py:35 - INFO - 开始检查三项全能的治疗师猫猫想要一个完美的主人是否存在未下载章节
2026-07-24 00:07:29 - mkk_pika - main.py:45 - INFO - 正在下载:[三项全能的治疗师猫猫想要一个完美的主人]-[Animarcat(JinZe_72)]-[['短篇']]-[total_pages:-1]
2026-07-24 00:07:29 - mkk_pika - main.py:49 - INFO - [{'_id': '6a624b0a5e0dc073c198b21e', 'title': '第1話', 'order': 1, 'updated_at': '2026-07-22T09:39:45.196Z', 'id': '6a624b0a5e0dc073c198b21e'}]
2026-07-24 00:07:29 - mkk_pika - database.py:215 - INFO - 第一次下载该漫画，记录数据库中
2026-07-24 00:07:30 - mkk_pika - main.py:83 - INFO - 找到 26 张图片在:第1話
2026-07-24 00:07:30 - mkk_pika - main.py:112 - INFO - [episode:第1話       ] downloaded:    26, total:  26, progress:100%
2026-07-24 00:07:30 - mkk_pika - database.py:238 - INFO - 数据库更新已下载章节
2026-07-24 00:07:30 - mkk_pika - database.py:244 - INFO - 该漫画已下载章节如下
2026-07-24 00:07:30 - mkk_pika - database.py:245 - INFO - ['第1話']
2026-07-24 00:07:32 - mkk_pika - main.py:292 - INFO - ==================== 漫画信息 ====================
                                漫画ID：6a624b0a5e0dc073c198b21d
                                标题：三项全能的治疗师猫猫想要一个完美的主人
                                作者：Animarcat(JinZe_72)
                                是否完结：是
                                总页数：26
                                分类：短篇
                                章节数：1
                                最后更新时间：2026-07-23T17:10:34.115Z
                                =================================================
2026-07-24 00:07:32 - mkk_pika - database.py:101 - INFO - 保存成功：三项全能的治疗师猫猫想要一个完美的主人
2026-07-24 00:07:32 - mkk_pika - main.py:323 - INFO - 订阅内容内容下载完毕
2026-07-24 00:07:32 - mkk_pika - main.py:324 - INFO - 开始分批下载全部章节
2026-07-24 00:07:32 - mkk_pika - database.py:280 - INFO - 表和索引初始化成功
2026-07-24 00:07:32 - mkk_pika - main.py:177 - INFO - 已经下载了1308页，一共7033页，现在开始添加第1309页
2026-07-24 00:07:32 - mkk_pika - database.py:318 - INFO - 保存成功
2026-07-24 00:07:33 - mkk_pika - main.py:177 - INFO - 已经下载了1309页，一共7033页，现在开始添加第1310页
2026-07-24 00:07:33 - mkk_pika - database.py:318 - INFO - 保存成功
2026-07-24 00:07:33 - mkk_pika - main.py:177 - INFO - 已经下载了1310页，一共7033页，现在开始添加第1311页
2026-07-24 00:07:34 - mkk_pika - database.py:318 - INFO - 保存成功
2026-07-24 00:07:34 - mkk_pika - main.py:177 - INFO - 已经下载了1311页，一共7033页，现在开始添加第1312页
2026-07-24 00:07:35 - mkk_pika - database.py:318 - INFO - 保存成功
2026-07-24 00:07:35 - mkk_pika - main.py:177 - INFO - 已经下载了1312页，一共7033页，现在开始添加第1313页
2026-07-24 00:07:36 - mkk_pika - database.py:318 - INFO - 保存成功
2026-07-24 00:07:36 - mkk_pika - main.py:331 - INFO - 分批下载共计59本漫画
2026-07-24 00:07:36 - mkk_pika - main.py:35 - INFO - 开始检查思春期セックス 思春期少女性愛是否存在未下载章节
2026-07-24 00:07:36 - mkk_pika - main.py:45 - INFO - 正在下载:[思春期セックス 思春期少女性愛]-[メガねぃ]-[['長篇', '純愛', '單行本']]-[total_pages:206]
2026-07-24 00:07:36 - mkk_pika - main.py:49 - INFO - [{'_id': '5c2797c51bcb5a5599b16224', 'title': '社到保單行本', 'order': 1, 'updated_at': '2018-12-27T09:59:51.126Z', 'id': '5c2797c51bcb5a5599b16224'}]
2026-07-24 00:07:36 - mkk_pika - database.py:215 - INFO - 第一次下载该漫画，记录数据库中
2026-07-24 00:07:38 - mkk_pika - main.py:83 - INFO - 找到 206 张图片在:社到保單行本
2026-07-24 00:07:42 - mkk_pika - main.py:112 - INFO - [episode:社到保單行本    ] downloaded:   206, total: 206, progress:100%
2026-07-24 00:07:42 - mkk_pika - database.py:238 - INFO - 数据库更新已下载章节
2026-07-24 00:07:42 - mkk_pika - database.py:244 - INFO - 该漫画已下载章节如下
2026-07-24 00:07:42 - mkk_pika - database.py:245 - INFO - ['社到保單行本']
2026-07-24 00:07:43 - mkk_pika - main.py:348 - INFO - ==================== 漫画信息 ====================
                                   漫画ID：5c2797c51bcb5a5599b16223
                                   标题：思春期セックス 思春期少女性愛
                                   作者：メガねぃ
                                   是否完结：是
                                   总页数：206
                                   分类：長篇,純愛,單行本
                                   章节数：1
                                   最后更新时间：2018-12-29T15:50:29.864Z
                                   =================================================
2026-07-24 00:07:43 - mkk_pika - database.py:101 - INFO - 保存成功：思春期セックス 思春期少女性愛
2026-07-24 00:07:43 - mkk_pika - main.py:35 - INFO - 开始检查淫プリンティングインプ 是否存在未下载章节
2026-07-24 00:07:43 - mkk_pika - main.py:45 - INFO - 正在下载:[淫プリンティングインプ ]-[EOまさか]-[['短篇', '純愛', '非人類']]-[total_pages:17]
2026-07-24 00:07:43 - mkk_pika - main.py:49 - INFO - [{'_id': '5c27981b5372532a7bfe20e7', 'title': '第1集', 'order': 1, 'updated_at': '2018-12-29T13:21:18.025Z', 'id': '5c27981b5372532a7bfe20e7'}]
2026-07-24 00:07:43 - mkk_pika - database.py:215 - INFO - 第一次下载该漫画，记录数据库中
2026-07-24 00:07:44 - mkk_pika - main.py:83 - INFO - 找到 17 张图片在:第1集
2026-07-24 00:07:44 - mkk_pika - main.py:112 - INFO - [episode:第1集       ] downloaded:    17, total:  17, progress:100%
2026-07-24 00:07:44 - mkk_pika - database.py:238 - INFO - 数据库更新已下载章节
2026-07-24 00:07:44 - mkk_pika - database.py:244 - INFO - 该漫画已下载章节如下
2026-07-24 00:07:44 - mkk_pika - database.py:245 - INFO - ['第1集']
2026-07-24 00:07:46 - mkk_pika - main.py:348 - INFO - ==================== 漫画信息 ====================
                                   漫画ID：5c27981b5372532a7bfe20e6
                                   标题：淫プリンティングインプ 
                                   作者：EOまさか
                                   是否完结：是
                                   总页数：17
                                   分类：短篇,純愛,非人類
                                   章节数：1
                                   最后更新时间：2018-12-29T15:51:55.335Z
                                   =================================================
2026-07-24 00:07:46 - mkk_pika - database.py:101 - INFO - 保存成功：淫プリンティングインプ 
2026-07-24 00:07:46 - mkk_pika - main.py:35 - INFO - 开始检查咲夜さんのおっぱいが凄まじく大きかったので催眠術を使ってとても仲良くなった話是否存在未下载章节
2026-07-24 00:07:46 - mkk_pika - main.py:45 - INFO - 正在下载:[咲夜さんのおっぱいが凄まじく大きかったので催眠術を使ってとても仲良くなった話]-[夏中症 (雨存)]-[['同人', '短篇', '東方']]-[total_pages:20]
2026-07-24 00:07:46 - mkk_pika - main.py:49 - INFO - [{'_id': '5c2798381bcb5a5599b162f7', 'title': '第1集', 'order': 1, 'updated_at': '2018-12-29T13:35:10.024Z', 'id': '5c2798381bcb5a5599b162f7'}]
2026-07-24 00:07:46 - mkk_pika - database.py:215 - INFO - 第一次下载该漫画，记录数据库中
2026-07-24 00:07:47 - mkk_pika - main.py:83 - INFO - 找到 20 张图片在:第1集
2026-07-24 00:07:47 - mkk_pika - main.py:112 - INFO - [episode:第1集       ] downloaded:    20, total:  20, progress:100%
2026-07-24 00:07:47 - mkk_pika - database.py:238 - INFO - 数据库更新已下载章节
2026-07-24 00:07:47 - mkk_pika - database.py:244 - INFO - 该漫画已下载章节如下
2026-07-24 00:07:47 - mkk_pika - database.py:245 - INFO - ['第1集']
2026-07-24 00:07:48 - mkk_pika - main.py:348 - INFO - ==================== 漫画信息 ====================
                                   漫画ID：5c2798381bcb5a5599b162f6
                                   标题：咲夜さんのおっぱいが凄まじく大きかったので催眠術を使ってとても仲良くなった話
                                   作者：夏中症 (雨存)
                                   是否完结：是
                                   总页数：20
                                   分类：同人,短篇,東方
                                   章节数：1
                                   最后更新时间：2018-12-29T15:52:24.412Z
                                   =================================================
2026-07-24 00:07:48 - mkk_pika - database.py:101 - INFO - 保存成功：咲夜さんのおっぱいが凄まじく大きかったので催眠術を使ってとても仲良くなった話
2026-07-24 00:07:48 - mkk_pika - main.py:35 - INFO - 开始检查バックサイド是否存在未下载章节
2026-07-24 00:07:49 - mkk_pika - main.py:45 - INFO - 正在下载:[バックサイド]-[魚デニム]-[['短篇', '純愛']]-[total_pages:16]
2026-07-24 00:07:49 - mkk_pika - main.py:49 - INFO - [{'_id': '5c2798538f6a492aac0475c4', 'title': '第1集', 'order': 1, 'updated_at': '2018-12-29T13:49:46.964Z', 'id': '5c2798538f6a492aac0475c4'}]
2026-07-24 00:07:49 - mkk_pika - database.py:215 - INFO - 第一次下载该漫画，记录数据库中
2026-07-24 00:07:49 - mkk_pika - main.py:83 - INFO - 找到 16 张图片在:第1集
2026-07-24 00:07:50 - mkk_pika - main.py:112 - INFO - [episode:第1集       ] downloaded:    16, total:  16, progress:100%
2026-07-24 00:07:50 - mkk_pika - database.py:238 - INFO - 数据库更新已下载章节
2026-07-24 00:07:50 - mkk_pika - database.py:244 - INFO - 该漫画已下载章节如下
2026-07-24 00:07:50 - mkk_pika - database.py:245 - INFO - ['第1集']
2026-07-24 00:07:51 - mkk_pika - main.py:348 - INFO - ==================== 漫画信息 ====================
                                   漫画ID：5c2798538f6a492aac0475c3
                                   标题：バックサイド
                                   作者：魚デニム
                                   是否完结：是
                                   总页数：16
                                   分类：短篇,純愛
                                   章节数：1
                                   最后更新时间：2018-12-29T15:52:51.040Z
                                   =================================================
2026-07-24 00:07:51 - mkk_pika - database.py:101 - INFO - 保存成功：バックサイド
2026-07-24 00:07:51 - mkk_pika - main.py:35 - INFO - 开始检查兄貴と彼女の勉強会是否存在未下载章节
2026-07-24 00:07:52 - mkk_pika - main.py:45 - INFO - 正在下载:[兄貴と彼女の勉強会]-[黒魔法研究所 (ぬかじ)]-[['短篇']]-[total_pages:36]
2026-07-24 00:07:52 - mkk_pika - main.py:49 - INFO - [{'_id': '5c289cf2c6645303849ba25f', 'title': '第1集', 'order': 1, 'updated_at': '2018-12-30T03:05:33.672Z', 'id': '5c289cf2c6645303849ba25f'}]
2026-07-24 00:07:52 - mkk_pika - database.py:215 - INFO - 第一次下载该漫画，记录数据库中
2026-07-24 00:07:52 - mkk_pika - main.py:83 - INFO - 找到 36 张图片在:第1集
2026-07-24 00:07:53 - mkk_pika - main.py:112 - INFO - [episode:第1集       ] downloaded:    36, total:  36, progress:100%
2026-07-24 00:07:53 - mkk_pika - database.py:238 - INFO - 数据库更新已下载章节
2026-07-24 00:07:53 - mkk_pika - database.py:244 - INFO - 该漫画已下载章节如下
2026-07-24 00:07:53 - mkk_pika - database.py:245 - INFO - ['第1集']
2026-07-24 00:07:54 - mkk_pika - main.py:348 - INFO - ==================== 漫画信息 ====================
                                   漫画ID：5c289cf2c6645303849ba25e
                                   标题：兄貴と彼女の勉強会
                                   作者：黒魔法研究所 (ぬかじ)
                                   是否完结：是
                                   总页数：36
                                   分类：短篇
                                   章节数：1
                                   最后更新时间：2018-12-30T10:24:50.365Z
                                   =================================================
2026-07-24 00:07:54 - mkk_pika - database.py:101 - INFO - 保存成功：兄貴と彼女の勉強会
2026-07-24 00:07:54 - mkk_pika - main.py:35 - INFO - 开始检查(COMIC1☆6) 爽やか風の吹かせ方 入門編 (スマイルプリキュア!)是否存在未下载章节
2026-07-24 00:07:55 - mkk_pika - main.py:45 - INFO - 正在下载:[(COMIC1☆6) 爽やか風の吹かせ方 入門編 (スマイルプリキュア!)]-[mon-petit (もんぷち)]-[['同人', '短篇']]-[total_pages:25]
2026-07-24 00:07:55 - mkk_pika - main.py:49 - INFO - [{'_id': '5c289d0a4946802aade64f0a', 'title': '第1集', 'order': 1, 'updated_at': '2018-12-30T03:10:28.303Z', 'id': '5c289d0a4946802aade64f0a'}]
2026-07-24 00:07:55 - mkk_pika - database.py:215 - INFO - 第一次下载该漫画，记录数据库中
2026-07-24 00:07:55 - mkk_pika - main.py:83 - INFO - 找到 25 张图片在:第1集
2026-07-24 00:07:56 - mkk_pika - main.py:112 - INFO - [episode:第1集       ] downloaded:    25, total:  25, progress:100%
2026-07-24 00:07:56 - mkk_pika - database.py:238 - INFO - 数据库更新已下载章节
2026-07-24 00:07:56 - mkk_pika - database.py:244 - INFO - 该漫画已下载章节如下
2026-07-24 00:07:56 - mkk_pika - database.py:245 - INFO - ['第1集']
2026-07-24 00:07:57 - mkk_pika - main.py:348 - INFO - ==================== 漫画信息 ====================
                                   漫画ID：5c289d0a4946802aade64f09
                                   标题：(COMIC1☆6) 爽やか風の吹かせ方 入門編 (スマイルプリキュア!)
                                   作者：mon-petit (もんぷち)
                                   是否完结：是
                                   总页数：25
                                   分类：同人,短篇
                                   章节数：1
                                   最后更新时间：2018-12-30T10:25:14.682Z
                                   =================================================
2026-07-24 00:07:57 - mkk_pika - database.py:101 - INFO - 保存成功：(COMIC1☆6) 爽やか風の吹かせ方 入門編 (スマイルプリキュア!)
2026-07-24 00:07:57 - mkk_pika - main.py:35 - INFO - 开始检查クロネコチョコアイス2是否存在未下载章节
2026-07-24 00:07:58 - mkk_pika - main.py:45 - INFO - 正在下载:[クロネコチョコアイス2]-[妄想美术部]-[['短篇', '妹妹系', 'SM']]-[total_pages:22]
2026-07-24 00:07:58 - mkk_pika - main.py:49 - INFO - [{'_id': '5c289d282bc53403b88552f3', 'title': '第1集', 'order': 1, 'updated_at': '2018-12-30T05:45:41.529Z', 'id': '5c289d282bc53403b88552f3'}]
2026-07-24 00:07:58 - mkk_pika - database.py:215 - INFO - 第一次下载该漫画，记录数据库中
2026-07-24 00:07:58 - mkk_pika - main.py:83 - INFO - 找到 22 张图片在:第1集
2026-07-24 00:07:59 - mkk_pika - main.py:112 - INFO - [episode:第1集       ] downloaded:    22, total:  22, progress:100%
2026-07-24 00:07:59 - mkk_pika - database.py:238 - INFO - 数据库更新已下载章节
2026-07-24 00:07:59 - mkk_pika - database.py:244 - INFO - 该漫画已下载章节如下
2026-07-24 00:07:59 - mkk_pika - database.py:245 - INFO - ['第1集']
2026-07-24 00:08:00 - mkk_pika - main.py:348 - INFO - ==================== 漫画信息 ====================
                                   漫画ID：5c289d282bc53403b88552f2
                                   标题：クロネコチョコアイス2
                                   作者：妄想美术部
                                   是否完结：否
                                   总页数：22
                                   分类：短篇,妹妹系,SM
                                   章节数：1
                                   最后更新时间：2018-12-30T10:25:44.610Z
                                   =================================================
2026-07-24 00:08:00 - mkk_pika - database.py:101 - INFO - 保存成功：クロネコチョコアイス2
2026-07-24 00:08:00 - mkk_pika - main.py:35 - INFO - 开始检查(C95)あっくんの日記帳 (すのはら荘の管理人さん)是否存在未下载章节
2026-07-24 00:08:00 - mkk_pika - main.py:45 - INFO - 正在下载:[(C95)あっくんの日記帳 (すのはら荘の管理人さん)]-[核座頭市 (核座頭)]-[['短篇', '同人', '純愛']]-[total_pages:29]
2026-07-24 00:08:00 - mkk_pika - main.py:49 - INFO - [{'_id': '5c289d3f5372532a7bfe269f', 'title': '第1集', 'order': 1, 'updated_at': '2018-12-30T01:55:24.411Z', 'id': '5c289d3f5372532a7bfe269f'}]
2026-07-24 00:08:00 - mkk_pika - database.py:215 - INFO - 第一次下载该漫画，记录数据库中
2026-07-24 00:08:01 - mkk_pika - main.py:83 - INFO - 找到 29 张图片在:第1集
2026-07-24 00:08:02 - mkk_pika - main.py:112 - INFO - [episode:第1集       ] downloaded:    29, total:  29, progress:100%
2026-07-24 00:08:02 - mkk_pika - database.py:238 - INFO - 数据库更新已下载章节
2026-07-24 00:08:02 - mkk_pika - database.py:244 - INFO - 该漫画已下载章节如下
2026-07-24 00:08:02 - mkk_pika - database.py:245 - INFO - ['第1集']
2026-07-24 00:08:03 - mkk_pika - main.py:348 - INFO - ==================== 漫画信息 ====================
                                   漫画ID：5c289d3f5372532a7bfe269e
                                   标题：(C95)あっくんの日記帳 (すのはら荘の管理人さん)
                                   作者：核座頭市 (核座頭)
                                   是否完结：是
                                   总页数：29
                                   分类：短篇,同人,純愛
                                   章节数：1
                                   最后更新时间：2018-12-30T10:26:07.789Z
                                   =================================================
2026-07-24 00:08:03 - mkk_pika - database.py:101 - INFO - 保存成功：(C95)あっくんの日記帳 (すのはら荘の管理人さん)
2026-07-24 00:08:03 - mkk_pika - main.py:35 - INFO - 开始检查モフパコ!是否存在未下载章节
2026-07-24 00:08:03 - mkk_pika - main.py:45 - INFO - 正在下载:[モフパコ!]-[ひなプリン (いくたたかのん)]-[['短篇', '東方', '非人類', '同人']]-[total_pages:19]
2026-07-24 00:08:03 - mkk_pika - main.py:49 - INFO - [{'_id': '5c289d504946802aade64f26', 'title': '第1集', 'order': 1, 'updated_at': '2018-12-29T20:34:05.698Z', 'id': '5c289d504946802aade64f26'}]
2026-07-24 00:08:03 - mkk_pika - database.py:215 - INFO - 第一次下载该漫画，记录数据库中
2026-07-24 00:08:04 - mkk_pika - main.py:83 - INFO - 找到 19 张图片在:第1集
2026-07-24 00:08:04 - mkk_pika - main.py:112 - INFO - [episode:第1集       ] downloaded:    19, total:  19, progress:100%
2026-07-24 00:08:04 - mkk_pika - database.py:238 - INFO - 数据库更新已下载章节
2026-07-24 00:08:04 - mkk_pika - database.py:244 - INFO - 该漫画已下载章节如下
2026-07-24 00:08:04 - mkk_pika - database.py:245 - INFO - ['第1集']
2026-07-24 00:08:06 - mkk_pika - main.py:348 - INFO - ==================== 漫画信息 ====================
                                   漫画ID：5c289d504946802aade64f25
                                   标题：モフパコ!
                                   作者：ひなプリン (いくたたかのん)
                                   是否完结：否
                                   总页数：19
                                   分类：短篇,東方,非人類,同人
                                   章节数：1
                                   最后更新时间：2018-12-30T10:26:24.333Z
                                   =================================================
2026-07-24 00:08:06 - mkk_pika - database.py:101 - INFO - 保存成功：モフパコ!
2026-07-24 00:08:06 - mkk_pika - main.py:35 - INFO - 开始检查となりの吸精鬼さん是否存在未下载章节
2026-07-24 00:08:06 - mkk_pika - main.py:45 - INFO - 正在下载:[となりの吸精鬼さん]-[おとうふ]-[['同人', '短篇', '全彩']]-[total_pages:8]
2026-07-24 00:08:06 - mkk_pika - main.py:49 - INFO - [{'_id': '5c289db916c229559f76ef1d', 'title': '第1集', 'order': 1, 'updated_at': '2018-12-29T12:45:49.551Z', 'id': '5c289db916c229559f76ef1d'}]
2026-07-24 00:08:06 - mkk_pika - database.py:215 - INFO - 第一次下载该漫画，记录数据库中
2026-07-24 00:08:06 - mkk_pika - main.py:83 - INFO - 找到 8 张图片在:第1集
2026-07-24 00:08:07 - mkk_pika - main.py:112 - INFO - [episode:第1集       ] downloaded:     8, total:   8, progress:100%
2026-07-24 00:08:07 - mkk_pika - database.py:238 - INFO - 数据库更新已下载章节
2026-07-24 00:08:07 - mkk_pika - database.py:244 - INFO - 该漫画已下载章节如下
2026-07-24 00:08:07 - mkk_pika - database.py:245 - INFO - ['第1集']
2026-07-24 00:08:08 - mkk_pika - main.py:348 - INFO - ==================== 漫画信息 ====================
                                   漫画ID：5c289db916c229559f76ef1c
                                   标题：となりの吸精鬼さん
                                   作者：おとうふ
                                   是否完结：是
                                   总页数：8
                                   分类：同人,短篇,全彩
                                   章节数：1
                                   最后更新时间：2018-12-30T10:28:09.415Z
                                   =================================================
2026-07-24 00:08:08 - mkk_pika - database.py:101 - INFO - 保存成功：となりの吸精鬼さん
2026-07-24 00:08:08 - mkk_pika - main.py:35 - INFO - 开始检查你若安好 便是晴天 All is well that ends well.是否存在未下载章节
2026-07-24 00:08:08 - mkk_pika - main.py:45 - INFO - 正在下载:[你若安好 便是晴天 All is well that ends well.]-[ワールドオブピュア (ネゴム)]-[['同人', '百合花園']]-[total_pages:24]
2026-07-24 00:08:08 - mkk_pika - main.py:49 - INFO - [{'_id': '5c289e0916c229559f76ef53', 'title': '第1集', 'order': 1, 'updated_at': '2018-12-31T10:06:28.356Z', 'id': '5c289e0916c229559f76ef53'}]
2026-07-24 00:08:08 - mkk_pika - database.py:215 - INFO - 第一次下载该漫画，记录数据库中
2026-07-24 00:08:09 - mkk_pika - main.py:83 - INFO - 找到 25 张图片在:第1集
2026-07-24 00:08:10 - mkk_pika - main.py:112 - INFO - [episode:第1集       ] downloaded:    25, total:  25, progress:100%
2026-07-24 00:08:10 - mkk_pika - database.py:238 - INFO - 数据库更新已下载章节
2026-07-24 00:08:10 - mkk_pika - database.py:244 - INFO - 该漫画已下载章节如下
2026-07-24 00:08:10 - mkk_pika - database.py:245 - INFO - ['第1集']
2026-07-24 00:08:11 - mkk_pika - main.py:348 - INFO - ==================== 漫画信息 ====================
                                   漫画ID：5c289e0816c229559f76ef52
                                   标题：你若安好 便是晴天 All is well that ends well.
                                   作者：ワールドオブピュア (ネゴム)
                                   是否完结：是
                                   总页数：24
                                   分类：同人,百合花園
                                   章节数：1
                                   最后更新时间：2018-12-30T10:29:28.987Z
                                   =================================================
2026-07-24 00:08:11 - mkk_pika - database.py:101 - INFO - 保存成功：你若安好 便是晴天 All is well that ends well.
2026-07-24 00:08:11 - mkk_pika - main.py:35 - INFO - 开始检查アイちゃんが徐々にギャル化NTRしてく本 是否存在未下载章节
2026-07-24 00:08:12 - mkk_pika - main.py:45 - INFO - 正在下载:[アイちゃんが徐々にギャル化NTRしてく本 ]-[スズネ屋にようこそ (送り萬都)]-[['短篇', '同人', 'NTR']]-[total_pages:15]
2026-07-24 00:08:12 - mkk_pika - main.py:49 - INFO - [{'_id': '5c289ea34946802aade64f4a', 'title': '第1集', 'order': 1, 'updated_at': '2018-12-29T04:50:09.651Z', 'id': '5c289ea34946802aade64f4a'}]
2026-07-24 00:08:12 - mkk_pika - database.py:215 - INFO - 第一次下载该漫画，记录数据库中
2026-07-24 00:08:13 - mkk_pika - main.py:83 - INFO - 找到 15 张图片在:第1集
2026-07-24 00:08:13 - mkk_pika - main.py:112 - INFO - [episode:第1集       ] downloaded:    15, total:  15, progress:100%
2026-07-24 00:08:13 - mkk_pika - database.py:238 - INFO - 数据库更新已下载章节
2026-07-24 00:08:13 - mkk_pika - database.py:244 - INFO - 该漫画已下载章节如下
2026-07-24 00:08:13 - mkk_pika - database.py:245 - INFO - ['第1集']
2026-07-24 00:08:14 - mkk_pika - main.py:348 - INFO - ==================== 漫画信息 ====================
                                   漫画ID：5c289ea34946802aade64f49
                                   标题：アイちゃんが徐々にギャル化NTRしてく本 
                                   作者：スズネ屋にようこそ (送り萬都)
                                   是否完结：是
                                   总页数：15
                                   分类：短篇,同人,NTR
                                   章节数：1
                                   最后更新时间：2018-12-30T10:32:03.819Z
                                   =================================================
2026-07-24 00:08:14 - mkk_pika - database.py:101 - INFO - 保存成功：アイちゃんが徐々にギャル化NTRしてく本 
2026-07-24 00:08:14 - mkk_pika - main.py:35 - INFO - 开始检查露出少女游戏  完结篇是否存在未下载章节
2026-07-24 00:08:14 - mkk_pika - main.py:45 - INFO - 正在下载:[露出少女游戏  完结篇]-[valssu (茶琉)]-[['短篇']]-[total_pages:70]
2026-07-24 00:08:14 - mkk_pika - main.py:49 - INFO - [{'_id': '5c289f4c46b7b155cf21b149', 'title': '第1集', 'order': 1, 'updated_at': '2018-12-24T06:42:10.125Z', 'id': '5c289f4c46b7b155cf21b149'}]
2026-07-24 00:08:14 - mkk_pika - database.py:215 - INFO - 第一次下载该漫画，记录数据库中
2026-07-24 00:08:15 - mkk_pika - main.py:83 - INFO - 找到 70 张图片在:第1集
2026-07-24 00:08:16 - mkk_pika - main.py:112 - INFO - [episode:第1集       ] downloaded:    70, total:  70, progress:100%
2026-07-24 00:08:16 - mkk_pika - database.py:238 - INFO - 数据库更新已下载章节
2026-07-24 00:08:16 - mkk_pika - database.py:244 - INFO - 该漫画已下载章节如下
2026-07-24 00:08:16 - mkk_pika - database.py:245 - INFO - ['第1集']
2026-07-24 00:08:18 - mkk_pika - main.py:348 - INFO - ==================== 漫画信息 ====================
                                   漫画ID：5c289f4c46b7b155cf21b148
                                   标题：露出少女游戏  完结篇
                                   作者：valssu (茶琉)
                                   是否完结：是
                                   总页数：70
                                   分类：短篇
                                   章节数：1
                                   最后更新时间：2018-12-30T10:34:52.228Z
                                   =================================================
2026-07-24 00:08:18 - mkk_pika - database.py:101 - INFO - 保存成功：露出少女游戏  完结篇
2026-07-24 00:08:18 - mkk_pika - main.py:35 - INFO - 开始检查天然恋色アルコール是否存在未下载章节
2026-07-24 00:08:18 - mkk_pika - main.py:45 - INFO - 正在下载:[天然恋色アルコール]-[有馬侭]-[['長篇', '純愛', '姐姐系']]-[total_pages:207]
2026-07-24 00:08:18 - mkk_pika - main.py:49 - INFO - [{'_id': '5c289f96758a9c55d533f2d9', 'title': '第1集', 'order': 1, 'updated_at': '2018-12-29T04:53:07.460Z', 'id': '5c289f96758a9c55d533f2d9'}]
2026-07-24 00:08:18 - mkk_pika - database.py:215 - INFO - 第一次下载该漫画，记录数据库中
2026-07-24 00:08:20 - mkk_pika - main.py:83 - INFO - 找到 207 张图片在:第1集
2026-07-24 00:08:24 - mkk_pika - main.py:112 - INFO - [episode:第1集       ] downloaded:   207, total: 207, progress:100%
2026-07-24 00:08:24 - mkk_pika - database.py:238 - INFO - 数据库更新已下载章节
2026-07-24 00:08:24 - mkk_pika - database.py:244 - INFO - 该漫画已下载章节如下
2026-07-24 00:08:24 - mkk_pika - database.py:245 - INFO - ['第1集']
2026-07-24 00:08:25 - mkk_pika - main.py:348 - INFO - ==================== 漫画信息 ====================
                                   漫画ID：5c289f96758a9c55d533f2d8
                                   标题：天然恋色アルコール
                                   作者：有馬侭
                                   是否完结：是
                                   总页数：207
                                   分类：長篇,純愛,姐姐系
                                   章节数：1
                                   最后更新时间：2018-12-30T10:36:06.068Z
                                   =================================================
2026-07-24 00:08:25 - mkk_pika - database.py:101 - INFO - 保存成功：天然恋色アルコール
2026-07-24 00:08:25 - mkk_pika - main.py:35 - INFO - 开始检查ダリフラのカユイトコロ是否存在未下载章节
2026-07-24 00:08:26 - mkk_pika - main.py:45 - INFO - 正在下载:[ダリフラのカユイトコロ]-[まごの亭 (夏庵)]-[['同人', '短篇', '強暴']]-[total_pages:8]
2026-07-24 00:08:26 - mkk_pika - main.py:49 - INFO - [{'_id': '5c289fbd4946802aade64f60', 'title': '第1集', 'order': 1, 'updated_at': '2018-12-29T04:33:14.302Z', 'id': '5c289fbd4946802aade64f60'}]
2026-07-24 00:08:26 - mkk_pika - database.py:215 - INFO - 第一次下载该漫画，记录数据库中
2026-07-24 00:08:26 - mkk_pika - main.py:83 - INFO - 找到 8 张图片在:第1集
2026-07-24 00:08:26 - mkk_pika - main.py:112 - INFO - [episode:第1集       ] downloaded:     8, total:   8, progress:100%
2026-07-24 00:08:26 - mkk_pika - database.py:238 - INFO - 数据库更新已下载章节
2026-07-24 00:08:26 - mkk_pika - database.py:244 - INFO - 该漫画已下载章节如下
2026-07-24 00:08:26 - mkk_pika - database.py:245 - INFO - ['第1集']
2026-07-24 00:08:28 - mkk_pika - main.py:348 - INFO - ==================== 漫画信息 ====================
                                   漫画ID：5c289fbd4946802aade64f5f
                                   标题：ダリフラのカユイトコロ
                                   作者：まごの亭 (夏庵)
                                   是否完结：是
                                   总页数：8
                                   分类：同人,短篇,強暴
                                   章节数：1
                                   最后更新时间：2018-12-30T10:36:45.168Z
                                   =================================================
2026-07-24 00:08:28 - mkk_pika - database.py:101 - INFO - 保存成功：ダリフラのカユイトコロ
2026-07-24 00:08:28 - mkk_pika - main.py:35 - INFO - 开始检查Taleroad传说之路（40P）是否存在未下载章节
2026-07-24 00:08:28 - mkk_pika - main.py:45 - INFO - 正在下载:[Taleroad传说之路（40P）]-[hioshiru]-[['全彩', '同人', '短篇', '非人類']]-[total_pages:40]
2026-07-24 00:08:28 - mkk_pika - main.py:49 - INFO - [{'_id': '5c28cc018f6a492aac047eb7', 'title': '第1集', 'order': 1, 'updated_at': '2018-12-30T11:11:31.382Z', 'id': '5c28cc018f6a492aac047eb7'}]
2026-07-24 00:08:28 - mkk_pika - database.py:215 - INFO - 第一次下载该漫画，记录数据库中
2026-07-24 00:08:29 - mkk_pika - main.py:83 - INFO - 找到 40 张图片在:第1集
2026-07-24 00:08:29 - mkk_pika - main.py:112 - INFO - [episode:第1集       ] downloaded:    40, total:  40, progress:100%
2026-07-24 00:08:29 - mkk_pika - database.py:238 - INFO - 数据库更新已下载章节
2026-07-24 00:08:29 - mkk_pika - database.py:244 - INFO - 该漫画已下载章节如下
2026-07-24 00:08:29 - mkk_pika - database.py:245 - INFO - ['第1集']
2026-07-24 00:08:31 - mkk_pika - main.py:348 - INFO - ==================== 漫画信息 ====================
                                   漫画ID：5c28cc018f6a492aac047eb6
                                   标题：Taleroad传说之路（40P）
                                   作者：hioshiru
                                   是否完结：是
                                   总页数：40
                                   分类：全彩,同人,短篇,非人類
                                   章节数：1
                                   最后更新时间：2018-12-30T13:45:37.654Z
                                   =================================================
2026-07-24 00:08:31 - mkk_pika - database.py:101 - INFO - 保存成功：Taleroad传说之路（40P）
2026-07-24 00:08:31 - mkk_pika - main.py:35 - INFO - 开始检查発情びーむ 發情光線是否存在未下载章节
2026-07-24 00:08:31 - mkk_pika - main.py:45 - INFO - 正在下载:[発情びーむ 發情光線]-[kakao]-[['長篇', '純愛', '姐姐系', '妹妹系']]-[total_pages:201]
2026-07-24 00:08:31 - mkk_pika - main.py:49 - INFO - [{'_id': '5c29e93c5372532a7bfe3178', 'title': '2018年最後最強射爆單行本', 'order': 1, 'updated_at': '2018-12-31T09:08:11.824Z', 'id': '5c29e93c5372532a7bfe3178'}]
2026-07-24 00:08:31 - mkk_pika - database.py:215 - INFO - 第一次下载该漫画，记录数据库中
2026-07-24 00:08:34 - mkk_pika - main.py:83 - INFO - 找到 201 张图片在:2018年最後最強射爆單行本
2026-07-24 00:08:37 - mkk_pika - main.py:112 - INFO - [episode:2018年最後最強射爆單行本] downloaded:   201, total: 201, progress:100%
2026-07-24 00:08:37 - mkk_pika - database.py:238 - INFO - 数据库更新已下载章节
2026-07-24 00:08:37 - mkk_pika - database.py:244 - INFO - 该漫画已下载章节如下
2026-07-24 00:08:37 - mkk_pika - database.py:245 - INFO - ['2018年最後最強射爆單行本']
2026-07-24 00:08:38 - mkk_pika - main.py:348 - INFO - ==================== 漫画信息 ====================
                                   漫画ID：5c28f7485372532a7bfe2b30
                                   标题：発情びーむ 發情光線
                                   作者：kakao
                                   是否完结：是
                                   总页数：201
                                   分类：長篇,純愛,姐姐系,妹妹系
                                   章节数：1
                                   最后更新时间：2018-12-30T16:50:16.444Z
                                   =================================================
2026-07-24 00:08:38 - mkk_pika - database.py:101 - INFO - 保存成功：発情びーむ 發情光線
2026-07-24 00:08:38 - mkk_pika - main.py:35 - INFO - 开始检查ショタ皇帝兄弟に捕われた爆乳女騎士是否存在未下载章节
2026-07-24 00:08:39 - mkk_pika - main.py:45 - INFO - 正在下载:[ショタ皇帝兄弟に捕われた爆乳女騎士]-[Gate of XIII (Kloah)]-[['短篇', '人妻', '強暴']]-[total_pages:30]
2026-07-24 00:08:39 - mkk_pika - main.py:49 - INFO - [{'_id': '5c2992ddf6217f6068ec8e39', 'title': '第1集', 'order': 1, 'updated_at': '2018-12-31T02:20:15.435Z', 'id': '5c2992ddf6217f6068ec8e39'}]
2026-07-24 00:08:39 - mkk_pika - database.py:215 - INFO - 第一次下载该漫画，记录数据库中
2026-07-24 00:08:39 - mkk_pika - main.py:83 - INFO - 找到 30 张图片在:第1集
2026-07-24 00:08:40 - mkk_pika - main.py:112 - INFO - [episode:第1集       ] downloaded:    30, total:  30, progress:100%
2026-07-24 00:08:40 - mkk_pika - database.py:238 - INFO - 数据库更新已下载章节
2026-07-24 00:08:40 - mkk_pika - database.py:244 - INFO - 该漫画已下载章节如下
2026-07-24 00:08:40 - mkk_pika - database.py:245 - INFO - ['第1集']
2026-07-24 00:08:41 - mkk_pika - main.py:348 - INFO - ==================== 漫画信息 ====================
                                   漫画ID：5c2992ddf6217f6068ec8e38
                                   标题：ショタ皇帝兄弟に捕われた爆乳女騎士
                                   作者：Gate of XIII (Kloah)
                                   是否完结：是
                                   总页数：30
                                   分类：短篇,人妻,強暴
                                   章节数：1
                                   最后更新时间：2018-12-31T03:54:05.760Z
                                   =================================================
2026-07-24 00:08:41 - mkk_pika - database.py:101 - INFO - 保存成功：ショタ皇帝兄弟に捕われた爆乳女騎士
2026-07-24 00:08:41 - mkk_pika - main.py:35 - INFO - 开始检查光の君のさがなき計画〈紫〉 是否存在未下载章节
2026-07-24 00:08:41 - mkk_pika - main.py:45 - INFO - 正在下载:[光の君のさがなき計画〈紫〉 ]-[ノラネコノタマ (雪野みなと)]-[['短篇']]-[total_pages:11]
2026-07-24 00:08:41 - mkk_pika - main.py:49 - INFO - [{'_id': '5c2994441bcb5a5599b169ef', 'title': '第1集', 'order': 1, 'updated_at': '2019-01-08T05:08:41.840Z', 'id': '5c2994441bcb5a5599b169ef'}]
2026-07-24 00:08:41 - mkk_pika - database.py:215 - INFO - 第一次下载该漫画，记录数据库中
2026-07-24 00:08:42 - mkk_pika - main.py:83 - INFO - 找到 29 张图片在:第1集
2026-07-24 00:08:43 - mkk_pika - main.py:112 - INFO - [episode:第1集       ] downloaded:    29, total:  29, progress:100%
2026-07-24 00:08:43 - mkk_pika - database.py:238 - INFO - 数据库更新已下载章节
2026-07-24 00:08:43 - mkk_pika - database.py:244 - INFO - 该漫画已下载章节如下
2026-07-24 00:08:43 - mkk_pika - database.py:245 - INFO - ['第1集']
2026-07-24 00:08:44 - mkk_pika - main.py:348 - INFO - ==================== 漫画信息 ====================
                                   漫画ID：5c2994441bcb5a5599b169ee
                                   标题：光の君のさがなき計画〈紫〉 
                                   作者：ノラネコノタマ (雪野みなと)
                                   是否完结：是
                                   总页数：11
                                   分类：短篇
                                   章节数：1
                                   最后更新时间：2018-12-31T04:00:04.098Z
                                   =================================================
2026-07-24 00:08:44 - mkk_pika - database.py:101 - INFO - 保存成功：光の君のさがなき計画〈紫〉 
2026-07-24 00:08:44 - mkk_pika - main.py:35 - INFO - 开始检查(C95) メグ姦 (ご注文はうさぎですか？)是否存在未下载章节
2026-07-24 00:08:44 - mkk_pika - main.py:45 - INFO - 正在下载:[(C95) メグ姦 (ご注文はうさぎですか？)]-[はんどぐりっぷ (nero)]-[['同人', '短篇', '強暴']]-[total_pages:29]
2026-07-24 00:08:44 - mkk_pika - main.py:49 - INFO - [{'_id': '5c2994583f609603b7843cdf', 'title': '第1集', 'order': 1, 'updated_at': '2018-12-30T22:56:37.363Z', 'id': '5c2994583f609603b7843cdf'}]
2026-07-24 00:08:44 - mkk_pika - database.py:215 - INFO - 第一次下载该漫画，记录数据库中
2026-07-24 00:08:45 - mkk_pika - main.py:83 - INFO - 找到 29 张图片在:第1集
2026-07-24 00:08:45 - mkk_pika - main.py:112 - INFO - [episode:第1集       ] downloaded:    29, total:  29, progress:100%
2026-07-24 00:08:45 - mkk_pika - database.py:238 - INFO - 数据库更新已下载章节
2026-07-24 00:08:45 - mkk_pika - database.py:244 - INFO - 该漫画已下载章节如下
2026-07-24 00:08:45 - mkk_pika - database.py:245 - INFO - ['第1集']
2026-07-24 00:08:47 - mkk_pika - main.py:348 - INFO - ==================== 漫画信息 ====================
                                   漫画ID：5c2994583f609603b7843cde
                                   标题：(C95) メグ姦 (ご注文はうさぎですか？)
                                   作者：はんどぐりっぷ (nero)
                                   是否完结：是
                                   总页数：29
                                   分类：同人,短篇,強暴
                                   章节数：1
                                   最后更新时间：2018-12-31T04:00:24.800Z
                                   =================================================
2026-07-24 00:08:47 - mkk_pika - database.py:101 - INFO - 保存成功：(C95) メグ姦 (ご注文はうさぎですか？)
2026-07-24 00:08:47 - mkk_pika - main.py:35 - INFO - 开始检查楓と鈴2是否存在未下载章节
2026-07-24 00:08:47 - mkk_pika - main.py:45 - INFO - 正在下载:[楓と鈴2]-[きょくちょ]-[['短篇', '純愛']]-[total_pages:25]
2026-07-24 00:08:47 - mkk_pika - main.py:49 - INFO - [{'_id': '5c2994a7c6645303849ba5ee', 'title': '第1集', 'order': 1, 'updated_at': '2018-12-30T11:25:33.710Z', 'id': '5c2994a7c6645303849ba5ee'}]
2026-07-24 00:08:47 - mkk_pika - database.py:215 - INFO - 第一次下载该漫画，记录数据库中
2026-07-24 00:08:48 - mkk_pika - main.py:83 - INFO - 找到 25 张图片在:第1集
2026-07-24 00:08:48 - mkk_pika - main.py:112 - INFO - [episode:第1集       ] downloaded:    25, total:  25, progress:100%
2026-07-24 00:08:48 - mkk_pika - database.py:238 - INFO - 数据库更新已下载章节
2026-07-24 00:08:48 - mkk_pika - database.py:244 - INFO - 该漫画已下载章节如下
2026-07-24 00:08:48 - mkk_pika - database.py:245 - INFO - ['第1集']
2026-07-24 00:08:49 - mkk_pika - main.py:348 - INFO - ==================== 漫画信息 ====================
                                   漫画ID：5c2994a7c6645303849ba5ed
                                   标题：楓と鈴2
                                   作者：きょくちょ
                                   是否完结：是
                                   总页数：25
                                   分类：短篇,純愛
                                   章节数：1
                                   最后更新时间：2018-12-31T04:01:43.487Z
                                   =================================================
2026-07-24 00:08:49 - mkk_pika - database.py:101 - INFO - 保存成功：楓と鈴2
2026-07-24 00:08:49 - mkk_pika - main.py:35 - INFO - 开始检查(C93) JK♥♥♥高雄ちゃん是否存在未下载章节
2026-07-24 00:08:50 - mkk_pika - main.py:45 - INFO - 正在下载:[(C93) JK♥♥♥高雄ちゃん]-[MUSES GARDEN (早川あかり)]-[['同人', '短篇', '艦隊收藏']]-[total_pages:15]
2026-07-24 00:08:50 - mkk_pika - main.py:49 - INFO - [{'_id': '5c2994d54946802aade65738', 'title': '第1集', 'order': 1, 'updated_at': '2018-12-31T02:37:33.735Z', 'id': '5c2994d54946802aade65738'}]
2026-07-24 00:08:50 - mkk_pika - database.py:215 - INFO - 第一次下载该漫画，记录数据库中
2026-07-24 00:08:50 - mkk_pika - main.py:83 - INFO - 找到 15 张图片在:第1集
2026-07-24 00:08:51 - mkk_pika - main.py:112 - INFO - [episode:第1集       ] downloaded:    15, total:  15, progress:100%
2026-07-24 00:08:51 - mkk_pika - database.py:238 - INFO - 数据库更新已下载章节
2026-07-24 00:08:51 - mkk_pika - database.py:244 - INFO - 该漫画已下载章节如下
2026-07-24 00:08:51 - mkk_pika - database.py:245 - INFO - ['第1集']
2026-07-24 00:08:52 - mkk_pika - main.py:348 - INFO - ==================== 漫画信息 ====================
                                   漫画ID：5c2994d54946802aade65737
                                   标题：(C93) JK♥♥♥高雄ちゃん
                                   作者：MUSES GARDEN (早川あかり)
                                   是否完结：是
                                   总页数：15
                                   分类：同人,短篇,艦隊收藏
                                   章节数：1
                                   最后更新时间：2018-12-31T04:02:29.517Z
                                   =================================================
2026-07-24 00:08:52 - mkk_pika - database.py:101 - INFO - 保存成功：(C93) JK♥♥♥高雄ちゃん
2026-07-24 00:08:52 - mkk_pika - main.py:35 - INFO - 开始检查いじめられっ子の恩返し ～僕のママとSEXしませんか～是否存在未下载章节
2026-07-24 00:08:52 - mkk_pika - main.py:45 - INFO - 正在下载:[いじめられっ子の恩返し ～僕のママとSEXしませんか～]-[絵援隊 (酒呑童子)]-[['短篇', '人妻', 'NTR', '全彩']]-[total_pages:42]
2026-07-24 00:08:52 - mkk_pika - main.py:49 - INFO - [{'_id': '5c2994fdf6217f6068ec8e61', 'title': '第1集', 'order': 1, 'updated_at': '2018-12-31T01:24:55.079Z', 'id': '5c2994fdf6217f6068ec8e61'}]
2026-07-24 00:08:52 - mkk_pika - database.py:215 - INFO - 第一次下载该漫画，记录数据库中
2026-07-24 00:08:53 - mkk_pika - main.py:83 - INFO - 找到 42 张图片在:第1集
2026-07-24 00:08:54 - mkk_pika - main.py:112 - INFO - [episode:第1集       ] downloaded:    42, total:  42, progress:100%
2026-07-24 00:08:54 - mkk_pika - database.py:238 - INFO - 数据库更新已下载章节
2026-07-24 00:08:54 - mkk_pika - database.py:244 - INFO - 该漫画已下载章节如下
2026-07-24 00:08:54 - mkk_pika - database.py:245 - INFO - ['第1集']
2026-07-24 00:08:55 - mkk_pika - main.py:348 - INFO - ==================== 漫画信息 ====================
                                   漫画ID：5c2994fdf6217f6068ec8e60
                                   标题：いじめられっ子の恩返し ～僕のママとSEXしませんか～
                                   作者：絵援隊 (酒呑童子)
                                   是否完结：是
                                   总页数：42
                                   分类：短篇,人妻,NTR,全彩
                                   章节数：1
                                   最后更新时间：2018-12-31T04:03:09.111Z
                                   =================================================
2026-07-24 00:08:55 - mkk_pika - database.py:101 - INFO - 保存成功：いじめられっ子の恩返し ～僕のママとSEXしませんか～
2026-07-24 00:08:55 - mkk_pika - main.py:35 - INFO - 开始检查(C95) フランちゃんとすけべする本 (東方Project)是否存在未下载章节
2026-07-24 00:08:55 - mkk_pika - main.py:45 - INFO - 正在下载:[(C95) フランちゃんとすけべする本 (東方Project)]-[ドットエイト (さわやか鮫肌)]-[['同人', '短篇', '東方']]-[total_pages:24]
2026-07-24 00:08:55 - mkk_pika - main.py:49 - INFO - [{'_id': '5c299512d92e016041f91cb0', 'title': '第1集', 'order': 1, 'updated_at': '2018-12-30T21:46:30.562Z', 'id': '5c299512d92e016041f91cb0'}]
2026-07-24 00:08:55 - mkk_pika - database.py:215 - INFO - 第一次下载该漫画，记录数据库中
2026-07-24 00:08:56 - mkk_pika - main.py:83 - INFO - 找到 24 张图片在:第1集
2026-07-24 00:08:57 - mkk_pika - main.py:112 - INFO - [episode:第1集       ] downloaded:    24, total:  24, progress:100%
2026-07-24 00:08:57 - mkk_pika - database.py:238 - INFO - 数据库更新已下载章节
2026-07-24 00:08:57 - mkk_pika - database.py:244 - INFO - 该漫画已下载章节如下
2026-07-24 00:08:57 - mkk_pika - database.py:245 - INFO - ['第1集']
2026-07-24 00:08:58 - mkk_pika - main.py:348 - INFO - ==================== 漫画信息 ====================
                                   漫画ID：5c299512d92e016041f91caf
                                   标题：(C95) フランちゃんとすけべする本 (東方Project)
                                   作者：ドットエイト (さわやか鮫肌)
                                   是否完结：是
                                   总页数：24
                                   分类：同人,短篇,東方
                                   章节数：1
                                   最后更新时间：2018-12-31T04:03:30.481Z
                                   =================================================
2026-07-24 00:08:58 - mkk_pika - database.py:101 - INFO - 保存成功：(C95) フランちゃんとすけべする本 (東方Project)
2026-07-24 00:08:58 - mkk_pika - main.py:35 - INFO - 开始检查Overlay Magic 3  是否存在未下载章节
2026-07-24 00:08:59 - mkk_pika - main.py:45 - INFO - 正在下载:[Overlay Magic 3  ]-[星夢亭 (星遥ゆめ)]-[['同人', '純愛', '後宮閃光']]-[total_pages:27]
2026-07-24 00:08:59 - mkk_pika - main.py:49 - INFO - [{'_id': '5c29952428f1ef2a757bb7d0', 'title': '第1集', 'order': 1, 'updated_at': '2018-12-29T04:32:37.069Z', 'id': '5c29952428f1ef2a757bb7d0'}]
2026-07-24 00:08:59 - mkk_pika - database.py:215 - INFO - 第一次下载该漫画，记录数据库中
2026-07-24 00:09:00 - mkk_pika - main.py:83 - INFO - 找到 27 张图片在:第1集
2026-07-24 00:09:01 - mkk_pika - main.py:112 - INFO - [episode:第1集       ] downloaded:    27, total:  27, progress:100%
2026-07-24 00:09:01 - mkk_pika - database.py:238 - INFO - 数据库更新已下载章节
2026-07-24 00:09:01 - mkk_pika - database.py:244 - INFO - 该漫画已下载章节如下
2026-07-24 00:09:01 - mkk_pika - database.py:245 - INFO - ['第1集']
2026-07-24 00:09:02 - mkk_pika - main.py:348 - INFO - ==================== 漫画信息 ====================
                                   漫画ID：5c29952428f1ef2a757bb7cf
                                   标题：Overlay Magic 3  
                                   作者：星夢亭 (星遥ゆめ)
                                   是否完结：否
                                   总页数：27
                                   分类：同人,純愛,後宮閃光
                                   章节数：1
                                   最后更新时间：2018-12-31T04:03:48.889Z
                                   =================================================
2026-07-24 00:09:02 - mkk_pika - database.py:101 - INFO - 保存成功：Overlay Magic 3  
2026-07-24 00:09:02 - mkk_pika - main.py:35 - INFO - 开始检查(C85) 先輩ちゃんと俺。是否存在未下载章节
2026-07-24 00:09:02 - mkk_pika - main.py:45 - INFO - 正在下载:[(C85) 先輩ちゃんと俺。]-[オタクビーム (大塚まひろ)]-[['短篇', '純愛']]-[total_pages:33]
2026-07-24 00:09:02 - mkk_pika - main.py:49 - INFO - [{'_id': '5c299550758a9c55d533f6bb', 'title': '第1集', 'order': 1, 'updated_at': '2018-12-30T21:43:01.636Z', 'id': '5c299550758a9c55d533f6bb'}]
2026-07-24 00:09:02 - mkk_pika - database.py:215 - INFO - 第一次下载该漫画，记录数据库中
2026-07-24 00:09:03 - mkk_pika - main.py:83 - INFO - 找到 33 张图片在:第1集
2026-07-24 00:09:04 - mkk_pika - main.py:112 - INFO - [episode:第1集       ] downloaded:    33, total:  33, progress:100%
2026-07-24 00:09:04 - mkk_pika - database.py:238 - INFO - 数据库更新已下载章节
2026-07-24 00:09:04 - mkk_pika - database.py:244 - INFO - 该漫画已下载章节如下
2026-07-24 00:09:04 - mkk_pika - database.py:245 - INFO - ['第1集']
2026-07-24 00:09:05 - mkk_pika - main.py:348 - INFO - ==================== 漫画信息 ====================
                                   漫画ID：5c299550758a9c55d533f6ba
                                   标题：(C85) 先輩ちゃんと俺。
                                   作者：オタクビーム (大塚まひろ)
                                   是否完结：是
                                   总页数：33
                                   分类：短篇,純愛
                                   章节数：1
                                   最后更新时间：2018-12-31T04:04:32.050Z
                                   =================================================
2026-07-24 00:09:05 - mkk_pika - database.py:101 - INFO - 保存成功：(C85) 先輩ちゃんと俺。
2026-07-24 00:09:05 - mkk_pika - main.py:35 - INFO - 开始检查(C87) 先輩ちゃんと俺。激是否存在未下载章节
2026-07-24 00:09:06 - mkk_pika - main.py:45 - INFO - 正在下载:[(C87) 先輩ちゃんと俺。激]-[オタクビーム (大塚まひろ)]-[['短篇', '純愛']]-[total_pages:33]
2026-07-24 00:09:06 - mkk_pika - main.py:49 - INFO - [{'_id': '5c29957b758a9c55d533f6f2', 'title': '第1集', 'order': 1, 'updated_at': '2018-12-30T21:37:31.970Z', 'id': '5c29957b758a9c55d533f6f2'}]
2026-07-24 00:09:06 - mkk_pika - database.py:215 - INFO - 第一次下载该漫画，记录数据库中
2026-07-24 00:09:06 - mkk_pika - main.py:83 - INFO - 找到 33 张图片在:第1集
2026-07-24 00:09:07 - mkk_pika - main.py:112 - INFO - [episode:第1集       ] downloaded:    33, total:  33, progress:100%
2026-07-24 00:09:07 - mkk_pika - database.py:238 - INFO - 数据库更新已下载章节
2026-07-24 00:09:07 - mkk_pika - database.py:244 - INFO - 该漫画已下载章节如下
2026-07-24 00:09:07 - mkk_pika - database.py:245 - INFO - ['第1集']
2026-07-24 00:09:08 - mkk_pika - main.py:348 - INFO - ==================== 漫画信息 ====================
                                   漫画ID：5c29957b758a9c55d533f6f1
                                   标题：(C87) 先輩ちゃんと俺。激
                                   作者：オタクビーム (大塚まひろ)
                                   是否完结：是
                                   总页数：33
                                   分类：短篇,純愛
                                   章节数：1
                                   最后更新时间：2018-12-31T04:05:15.843Z
                                   =================================================
2026-07-24 00:09:08 - mkk_pika - database.py:101 - INFO - 保存成功：(C87) 先輩ちゃんと俺。激
2026-07-24 00:09:08 - mkk_pika - main.py:35 - INFO - 开始检查 牝市場是否存在未下载章节
2026-07-24 00:09:09 - mkk_pika - main.py:45 - INFO - 正在下载:[ 牝市場]-[杉友カヅヒロ]-[['全彩', '短篇', '強暴']]-[total_pages:25]
2026-07-24 00:09:09 - mkk_pika - main.py:49 - INFO - [{'_id': '5c299586c6645303849ba647', 'title': '第1集', 'order': 1, 'updated_at': '2018-12-31T02:01:42.036Z', 'id': '5c299586c6645303849ba647'}]
2026-07-24 00:09:09 - mkk_pika - database.py:215 - INFO - 第一次下载该漫画，记录数据库中
2026-07-24 00:09:09 - mkk_pika - main.py:83 - INFO - 找到 25 张图片在:第1集
2026-07-24 00:09:10 - mkk_pika - main.py:112 - INFO - [episode:第1集       ] downloaded:    25, total:  25, progress:100%
2026-07-24 00:09:10 - mkk_pika - database.py:238 - INFO - 数据库更新已下载章节
2026-07-24 00:09:10 - mkk_pika - database.py:244 - INFO - 该漫画已下载章节如下
2026-07-24 00:09:10 - mkk_pika - database.py:245 - INFO - ['第1集']
2026-07-24 00:09:11 - mkk_pika - main.py:348 - INFO - ==================== 漫画信息 ====================
                                   漫画ID：5c299586c6645303849ba646
                                   标题： 牝市場
                                   作者：杉友カヅヒロ
                                   是否完结：是
                                   总页数：25
                                   分类：全彩,短篇,強暴
                                   章节数：1
                                   最后更新时间：2018-12-31T04:05:26.982Z
                                   =================================================
2026-07-24 00:09:11 - mkk_pika - database.py:101 - INFO - 保存成功： 牝市場
2026-07-24 00:09:11 - mkk_pika - main.py:35 - INFO - 开始检查(C93) さえちゃんの初体験2~勝手に悶絶睡眠姦~是否存在未下载章节
2026-07-24 00:09:11 - mkk_pika - main.py:45 - INFO - 正在下载:[(C93) さえちゃんの初体験2~勝手に悶絶睡眠姦~]-[りとるほっぱー+Ziggurat (橋広こう)]-[['短篇', '強暴']]-[total_pages:27]
2026-07-24 00:09:11 - mkk_pika - main.py:49 - INFO - [{'_id': '5c299594c6645303849ba662', 'title': '第1集', 'order': 1, 'updated_at': '2018-12-30T21:59:02.374Z', 'id': '5c299594c6645303849ba662'}]
2026-07-24 00:09:11 - mkk_pika - database.py:215 - INFO - 第一次下载该漫画，记录数据库中
2026-07-24 00:09:12 - mkk_pika - main.py:83 - INFO - 找到 27 张图片在:第1集
2026-07-24 00:09:12 - mkk_pika - main.py:112 - INFO - [episode:第1集       ] downloaded:    27, total:  27, progress:100%
2026-07-24 00:09:12 - mkk_pika - database.py:238 - INFO - 数据库更新已下载章节
2026-07-24 00:09:12 - mkk_pika - database.py:244 - INFO - 该漫画已下载章节如下
2026-07-24 00:09:12 - mkk_pika - database.py:245 - INFO - ['第1集']
2026-07-24 00:09:14 - mkk_pika - main.py:348 - INFO - ==================== 漫画信息 ====================
                                   漫画ID：5c299594c6645303849ba661
                                   标题：(C93) さえちゃんの初体験2~勝手に悶絶睡眠姦~
                                   作者：りとるほっぱー+Ziggurat (橋広こう)
                                   是否完结：是
                                   总页数：27
                                   分类：短篇,強暴
                                   章节数：1
                                   最后更新时间：2018-12-31T04:05:40.226Z
                                   =================================================
2026-07-24 00:09:14 - mkk_pika - database.py:101 - INFO - 保存成功：(C93) さえちゃんの初体験2~勝手に悶絶睡眠姦~
2026-07-24 00:09:14 - mkk_pika - main.py:35 - INFO - 开始检查(C95) 知りたくて、触れたくて、 (ラブライブ! サンシャイン!!)是否存在未下载章节
2026-07-24 00:09:14 - mkk_pika - main.py:45 - INFO - 正在下载:[(C95) 知りたくて、触れたくて、 (ラブライブ! サンシャイン!!)]-[すにぃる (シュウリン)]-[['同人', '短篇', 'Love Live', '百合花園']]-[total_pages:22]
2026-07-24 00:09:14 - mkk_pika - main.py:49 - INFO - [{'_id': '5c2995a23f609603b7843d1f', 'title': '第1集', 'order': 1, 'updated_at': '2018-12-30T21:53:32.445Z', 'id': '5c2995a23f609603b7843d1f'}]
2026-07-24 00:09:14 - mkk_pika - database.py:215 - INFO - 第一次下载该漫画，记录数据库中
2026-07-24 00:09:15 - mkk_pika - main.py:83 - INFO - 找到 22 张图片在:第1集
2026-07-24 00:09:15 - mkk_pika - main.py:112 - INFO - [episode:第1集       ] downloaded:    22, total:  22, progress:100%
2026-07-24 00:09:15 - mkk_pika - database.py:238 - INFO - 数据库更新已下载章节
2026-07-24 00:09:15 - mkk_pika - database.py:244 - INFO - 该漫画已下载章节如下
2026-07-24 00:09:15 - mkk_pika - database.py:245 - INFO - ['第1集']
2026-07-24 00:09:16 - mkk_pika - main.py:348 - INFO - ==================== 漫画信息 ====================
                                   漫画ID：5c2995a23f609603b7843d1e
                                   标题：(C95) 知りたくて、触れたくて、 (ラブライブ! サンシャイン!!)
                                   作者：すにぃる (シュウリン)
                                   是否完结：是
                                   总页数：22
                                   分类：同人,短篇,Love Live,百合花園
                                   章节数：1
                                   最后更新时间：2018-12-31T04:05:54.182Z
                                   =================================================
2026-07-24 00:09:16 - mkk_pika - database.py:101 - INFO - 保存成功：(C95) 知りたくて、触れたくて、 (ラブライブ! サンシャイン!!)
2026-07-24 00:09:16 - mkk_pika - main.py:35 - INFO - 开始检查(C86) 先輩ちゃんと俺。 烈是否存在未下载章节
2026-07-24 00:09:17 - mkk_pika - main.py:45 - INFO - 正在下载:[(C86) 先輩ちゃんと俺。 烈]-[オタクビーム (大塚まひろ)]-[['短篇', '純愛']]-[total_pages:31]
2026-07-24 00:09:17 - mkk_pika - main.py:49 - INFO - [{'_id': '5c2995b2b7d0ff038a80e30d', 'title': '第1集', 'order': 1, 'updated_at': '2018-12-30T21:40:13.769Z', 'id': '5c2995b2b7d0ff038a80e30d'}]
2026-07-24 00:09:17 - mkk_pika - database.py:215 - INFO - 第一次下载该漫画，记录数据库中
2026-07-24 00:09:17 - mkk_pika - main.py:83 - INFO - 找到 31 张图片在:第1集
2026-07-24 00:09:18 - mkk_pika - main.py:112 - INFO - [episode:第1集       ] downloaded:    31, total:  31, progress:100%
2026-07-24 00:09:18 - mkk_pika - database.py:238 - INFO - 数据库更新已下载章节
2026-07-24 00:09:18 - mkk_pika - database.py:244 - INFO - 该漫画已下载章节如下
2026-07-24 00:09:18 - mkk_pika - database.py:245 - INFO - ['第1集']
2026-07-24 00:09:19 - mkk_pika - main.py:348 - INFO - ==================== 漫画信息 ====================
                                   漫画ID：5c2995b2b7d0ff038a80e30c
                                   标题：(C86) 先輩ちゃんと俺。 烈
                                   作者：オタクビーム (大塚まひろ)
                                   是否完结：是
                                   总页数：31
                                   分类：短篇,純愛
                                   章节数：1
                                   最后更新时间：2018-12-31T04:06:10.561Z
                                   =================================================
2026-07-24 00:09:19 - mkk_pika - database.py:101 - INFO - 保存成功：(C86) 先輩ちゃんと俺。 烈
2026-07-24 00:09:19 - mkk_pika - main.py:35 - INFO - 开始检查(C95) めどぅえっち (グランブルーファンタジー)是否存在未下载章节
2026-07-24 00:09:19 - mkk_pika - main.py:45 - INFO - 正在下载:[(C95) めどぅえっち (グランブルーファンタジー)]-[ドットエイト (さわやか鮫肌)]-[['同人', '碧藍幻想', '短篇']]-[total_pages:20]
2026-07-24 00:09:19 - mkk_pika - main.py:49 - INFO - [{'_id': '5c2995df28f1ef2a757bb831', 'title': '第1集', 'order': 1, 'updated_at': '2018-12-30T21:18:33.441Z', 'id': '5c2995df28f1ef2a757bb831'}]
2026-07-24 00:09:19 - mkk_pika - database.py:215 - INFO - 第一次下载该漫画，记录数据库中
2026-07-24 00:09:20 - mkk_pika - main.py:83 - INFO - 找到 20 张图片在:第1集
2026-07-24 00:09:20 - mkk_pika - main.py:112 - INFO - [episode:第1集       ] downloaded:    20, total:  20, progress:100%
2026-07-24 00:09:20 - mkk_pika - database.py:238 - INFO - 数据库更新已下载章节
2026-07-24 00:09:20 - mkk_pika - database.py:244 - INFO - 该漫画已下载章节如下
2026-07-24 00:09:20 - mkk_pika - database.py:245 - INFO - ['第1集']
2026-07-24 00:09:22 - mkk_pika - main.py:348 - INFO - ==================== 漫画信息 ====================
                                   漫画ID：5c2995df28f1ef2a757bb830
                                   标题：(C95) めどぅえっち (グランブルーファンタジー)
                                   作者：ドットエイト (さわやか鮫肌)
                                   是否完结：是
                                   总页数：20
                                   分类：同人,碧藍幻想,短篇
                                   章节数：1
                                   最后更新时间：2018-12-31T04:06:55.977Z
                                   =================================================
2026-07-24 00:09:22 - mkk_pika - database.py:101 - INFO - 保存成功：(C95) めどぅえっち (グランブルーファンタジー)
2026-07-24 00:09:22 - mkk_pika - main.py:35 - INFO - 开始检查(C95) パチュリーちゃんとすけべする本 (東方Project)是否存在未下载章节
2026-07-24 00:09:22 - mkk_pika - main.py:45 - INFO - 正在下载:[(C95) パチュリーちゃんとすけべする本 (東方Project)]-[ドットエイト (さわやか鮫肌)]-[['同人', '短篇', '東方']]-[total_pages:21]
2026-07-24 00:09:22 - mkk_pika - main.py:49 - INFO - [{'_id': '5c2995f73f609603b7843d4c', 'title': '第1集', 'order': 1, 'updated_at': '2018-12-30T21:22:39.421Z', 'id': '5c2995f73f609603b7843d4c'}]
2026-07-24 00:09:22 - mkk_pika - database.py:215 - INFO - 第一次下载该漫画，记录数据库中
2026-07-24 00:09:23 - mkk_pika - main.py:83 - INFO - 找到 21 张图片在:第1集
2026-07-24 00:09:23 - mkk_pika - main.py:112 - INFO - [episode:第1集       ] downloaded:    21, total:  21, progress:100%
2026-07-24 00:09:23 - mkk_pika - database.py:238 - INFO - 数据库更新已下载章节
2026-07-24 00:09:23 - mkk_pika - database.py:244 - INFO - 该漫画已下载章节如下
2026-07-24 00:09:23 - mkk_pika - database.py:245 - INFO - ['第1集']
2026-07-24 00:09:24 - mkk_pika - main.py:348 - INFO - ==================== 漫画信息 ====================
                                   漫画ID：5c2995f73f609603b7843d4b
                                   标题：(C95) パチュリーちゃんとすけべする本 (東方Project)
                                   作者：ドットエイト (さわやか鮫肌)
                                   是否完结：是
                                   总页数：21
                                   分类：同人,短篇,東方
                                   章节数：1
                                   最后更新时间：2018-12-31T04:07:19.527Z
                                   =================================================
2026-07-24 00:09:24 - mkk_pika - database.py:101 - INFO - 保存成功：(C95) パチュリーちゃんとすけべする本 (東方Project)
2026-07-24 00:09:24 - mkk_pika - main.py:35 - INFO - 开始检查在西荻窪—西荻窪にて…是否存在未下载章节
2026-07-24 00:09:25 - mkk_pika - main.py:45 - INFO - 正在下载:[在西荻窪—西荻窪にて…]-[ホロナミンZ (ホロナミン)]-[['同人', '全彩', '短篇']]-[total_pages:9]
2026-07-24 00:09:25 - mkk_pika - main.py:49 - INFO - [{'_id': '5c29e9314946802aade65ab2', 'title': '第1集', 'order': 1, 'updated_at': '2018-12-31T06:58:26.970Z', 'id': '5c29e9314946802aade65ab2'}]
2026-07-24 00:09:25 - mkk_pika - database.py:215 - INFO - 第一次下载该漫画，记录数据库中
2026-07-24 00:09:25 - mkk_pika - main.py:83 - INFO - 找到 13 张图片在:第1集
2026-07-24 00:09:25 - mkk_pika - main.py:112 - INFO - [episode:第1集       ] downloaded:    13, total:  13, progress:100%
2026-07-24 00:09:25 - mkk_pika - database.py:238 - INFO - 数据库更新已下载章节
2026-07-24 00:09:25 - mkk_pika - database.py:244 - INFO - 该漫画已下载章节如下
2026-07-24 00:09:25 - mkk_pika - database.py:245 - INFO - ['第1集']
2026-07-24 00:09:27 - mkk_pika - main.py:348 - INFO - ==================== 漫画信息 ====================
                                   漫画ID：5c29e9314946802aade65ab1
                                   标题：在西荻窪—西荻窪にて…
                                   作者：ホロナミンZ (ホロナミン)
                                   是否完结：是
                                   总页数：9
                                   分类：同人,全彩,短篇
                                   章节数：1
                                   最后更新时间：2018-12-31T10:02:25.246Z
                                   =================================================
2026-07-24 00:09:27 - mkk_pika - database.py:101 - INFO - 保存成功：在西荻窪—西荻窪にて…
2026-07-24 00:09:27 - mkk_pika - main.py:35 - INFO - 开始检查 おひっクス!! 是否存在未下载章节
2026-07-24 00:09:27 - mkk_pika - main.py:45 - INFO - 正在下载:[ おひっクス!! ]-[んがむらさん (お久しぶり)]-[['全彩', '同人', '碧藍幻想']]-[total_pages:26]
2026-07-24 00:09:27 - mkk_pika - main.py:49 - INFO - [{'_id': '5c29ea7b2bc53403b885599a', 'title': '第1集', 'order': 1, 'updated_at': '2018-12-31T04:12:38.056Z', 'id': '5c29ea7b2bc53403b885599a'}]
2026-07-24 00:09:27 - mkk_pika - database.py:215 - INFO - 第一次下载该漫画，记录数据库中
2026-07-24 00:09:28 - mkk_pika - main.py:83 - INFO - 找到 26 张图片在:第1集
2026-07-24 00:09:28 - mkk_pika - main.py:112 - INFO - [episode:第1集       ] downloaded:    26, total:  26, progress:100%
2026-07-24 00:09:28 - mkk_pika - database.py:238 - INFO - 数据库更新已下载章节
2026-07-24 00:09:28 - mkk_pika - database.py:244 - INFO - 该漫画已下载章节如下
2026-07-24 00:09:28 - mkk_pika - database.py:245 - INFO - ['第1集']
2026-07-24 00:09:29 - mkk_pika - main.py:348 - INFO - ==================== 漫画信息 ====================
                                   漫画ID：5c29ea7b2bc53403b8855999
                                   标题： おひっクス!! 
                                   作者：んがむらさん (お久しぶり)
                                   是否完结：否
                                   总页数：26
                                   分类：全彩,同人,碧藍幻想
                                   章节数：1
                                   最后更新时间：2018-12-31T10:07:55.505Z
                                   =================================================
2026-07-24 00:09:29 - mkk_pika - database.py:101 - INFO - 保存成功： おひっクス!! 
2026-07-24 00:09:29 - mkk_pika - main.py:35 - INFO - 开始检查デリバリーフレンド是否存在未下载章节
2026-07-24 00:09:30 - mkk_pika - main.py:45 - INFO - 正在下载:[デリバリーフレンド]-[さんじゅうろう]-[['短篇']]-[total_pages:20]
2026-07-24 00:09:30 - mkk_pika - main.py:49 - INFO - [{'_id': '5c29ea8cc6645303849ba7ee', 'title': '第1集', 'order': 1, 'updated_at': '2018-12-31T04:13:28.611Z', 'id': '5c29ea8cc6645303849ba7ee'}]
2026-07-24 00:09:30 - mkk_pika - database.py:215 - INFO - 第一次下载该漫画，记录数据库中
2026-07-24 00:09:30 - mkk_pika - main.py:83 - INFO - 找到 20 张图片在:第1集
2026-07-24 00:09:31 - mkk_pika - main.py:112 - INFO - [episode:第1集       ] downloaded:    20, total:  20, progress:100%
2026-07-24 00:09:31 - mkk_pika - database.py:238 - INFO - 数据库更新已下载章节
2026-07-24 00:09:31 - mkk_pika - database.py:244 - INFO - 该漫画已下载章节如下
2026-07-24 00:09:31 - mkk_pika - database.py:245 - INFO - ['第1集']
2026-07-24 00:09:32 - mkk_pika - main.py:348 - INFO - ==================== 漫画信息 ====================
                                   漫画ID：5c29ea8cc6645303849ba7ed
                                   标题：デリバリーフレンド
                                   作者：さんじゅうろう
                                   是否完结：是
                                   总页数：20
                                   分类：短篇
                                   章节数：1
                                   最后更新时间：2018-12-31T10:08:12.250Z
                                   =================================================
2026-07-24 00:09:32 - mkk_pika - database.py:101 - INFO - 保存成功：デリバリーフレンド
2026-07-24 00:09:32 - mkk_pika - main.py:35 - INFO - 开始检查 イジメラレ～「女」の僕と飼い主3人～ 7是否存在未下载章节
2026-07-24 00:09:32 - mkk_pika - main.py:45 - INFO - 正在下载:[ イジメラレ～「女」の僕と飼い主3人～ 7]-[早乙女もこ乃]-[['短篇', '同人']]-[total_pages:41]
2026-07-24 00:09:32 - mkk_pika - main.py:49 - INFO - [{'_id': '5c2a47b81bcb5a5599b16d15', 'title': '第1集', 'order': 1, 'updated_at': '2018-12-31T15:34:55.723Z', 'id': '5c2a47b81bcb5a5599b16d15'}]
2026-07-24 00:09:32 - mkk_pika - database.py:215 - INFO - 第一次下载该漫画，记录数据库中
2026-07-24 00:09:33 - mkk_pika - main.py:83 - INFO - 找到 41 张图片在:第1集
2026-07-24 00:09:34 - mkk_pika - main.py:112 - INFO - [episode:第1集       ] downloaded:    41, total:  41, progress:100%
2026-07-24 00:09:34 - mkk_pika - database.py:238 - INFO - 数据库更新已下载章节
2026-07-24 00:09:34 - mkk_pika - database.py:244 - INFO - 该漫画已下载章节如下
2026-07-24 00:09:34 - mkk_pika - database.py:245 - INFO - ['第1集']
2026-07-24 00:09:35 - mkk_pika - main.py:348 - INFO - ==================== 漫画信息 ====================
                                   漫画ID：5c2a47b81bcb5a5599b16d14
                                   标题： イジメラレ～「女」の僕と飼い主3人～ 7
                                   作者：早乙女もこ乃
                                   是否完结：否
                                   总页数：41
                                   分类：短篇,同人
                                   章节数：1
                                   最后更新时间：2018-12-31T16:45:44.441Z
                                   =================================================
2026-07-24 00:09:35 - mkk_pika - database.py:101 - INFO - 保存成功： イジメラレ～「女」の僕と飼い主3人～ 7
2026-07-24 00:09:35 - mkk_pika - main.py:35 - INFO - 开始检查(C92) ヤれば占守もデキるっしゅ (艦隊これくしょん -艦これ-)是否存在未下载章节
2026-07-24 00:09:36 - mkk_pika - main.py:45 - INFO - 正在下载:[(C92) ヤれば占守もデキるっしゅ (艦隊これくしょん -艦これ-)]-[ ツキトコオリノ (双月氷雨)]-[['短篇', '同人']]-[total_pages:27]
2026-07-24 00:09:36 - mkk_pika - main.py:49 - INFO - [{'_id': '5c2a47da758a9c55d533f9d7', 'title': '第1集', 'order': 1, 'updated_at': '2018-12-31T15:28:50.095Z', 'id': '5c2a47da758a9c55d533f9d7'}]
2026-07-24 00:09:36 - mkk_pika - database.py:215 - INFO - 第一次下载该漫画，记录数据库中
2026-07-24 00:09:36 - mkk_pika - main.py:83 - INFO - 找到 27 张图片在:第1集
2026-07-24 00:09:37 - mkk_pika - main.py:112 - INFO - [episode:第1集       ] downloaded:    27, total:  27, progress:100%
2026-07-24 00:09:37 - mkk_pika - database.py:238 - INFO - 数据库更新已下载章节
2026-07-24 00:09:37 - mkk_pika - database.py:244 - INFO - 该漫画已下载章节如下
2026-07-24 00:09:37 - mkk_pika - database.py:245 - INFO - ['第1集']
2026-07-24 00:09:38 - mkk_pika - main.py:348 - INFO - ==================== 漫画信息 ====================
                                   漫画ID：5c2a47da758a9c55d533f9d6
                                   标题：(C92) ヤれば占守もデキるっしゅ (艦隊これくしょん -艦これ-)
                                   作者： ツキトコオリノ (双月氷雨)
                                   是否完结：否
                                   总页数：27
                                   分类：短篇,同人
                                   章节数：1
                                   最后更新时间：2018-12-31T16:46:18.024Z
                                   =================================================
2026-07-24 00:09:38 - mkk_pika - database.py:101 - INFO - 保存成功：(C92) ヤれば占守もデキるっしゅ (艦隊これくしょん -艦これ-)
2026-07-24 00:09:38 - mkk_pika - main.py:35 - INFO - 开始检查(C92)  春風とともに (艦隊これくしょん -艦これ-)是否存在未下载章节
2026-07-24 00:09:38 - mkk_pika - main.py:45 - INFO - 正在下载:[(C92)  春風とともに (艦隊これくしょん -艦これ-)]-[L5EX (カメーリエ)]-[['短篇', '同人']]-[total_pages:33]
2026-07-24 00:09:38 - mkk_pika - main.py:49 - INFO - [{'_id': '5c2a47f4758a9c55d533f9f5', 'title': '第1集', 'order': 1, 'updated_at': '2018-12-31T15:17:17.671Z', 'id': '5c2a47f4758a9c55d533f9f5'}]
2026-07-24 00:09:38 - mkk_pika - database.py:215 - INFO - 第一次下载该漫画，记录数据库中
2026-07-24 00:09:39 - mkk_pika - main.py:83 - INFO - 找到 33 张图片在:第1集
2026-07-24 00:09:39 - mkk_pika - main.py:112 - INFO - [episode:第1集       ] downloaded:    33, total:  33, progress:100%
2026-07-24 00:09:39 - mkk_pika - database.py:238 - INFO - 数据库更新已下载章节
2026-07-24 00:09:39 - mkk_pika - database.py:244 - INFO - 该漫画已下载章节如下
2026-07-24 00:09:39 - mkk_pika - database.py:245 - INFO - ['第1集']
2026-07-24 00:09:41 - mkk_pika - main.py:348 - INFO - ==================== 漫画信息 ====================
                                   漫画ID：5c2a47f4758a9c55d533f9f4
                                   标题：(C92)  春風とともに (艦隊これくしょん -艦これ-)
                                   作者：L5EX (カメーリエ)
                                   是否完结：否
                                   总页数：33
                                   分类：短篇,同人
                                   章节数：1
                                   最后更新时间：2018-12-31T16:46:44.723Z
                                   =================================================
2026-07-24 00:09:41 - mkk_pika - database.py:101 - INFO - 保存成功：(C92)  春風とともに (艦隊これくしょん -艦これ-)
2026-07-24 00:09:41 - mkk_pika - main.py:35 - INFO - 开始检查 (C85) 丸見え五十鈴 (艦隊これくしょん -艦これ-)是否存在未下载章节
2026-07-24 00:09:41 - mkk_pika - main.py:45 - INFO - 正在下载:[ (C85) 丸見え五十鈴 (艦隊これくしょん -艦これ-)]-[千段櫂船 (もくふう)]-[['短篇', '同人']]-[total_pages:31]
2026-07-24 00:09:41 - mkk_pika - main.py:49 - INFO - [{'_id': '5c2a480c758a9c55d533fa19', 'title': '第1集', 'order': 1, 'updated_at': '2018-12-31T14:53:41.996Z', 'id': '5c2a480c758a9c55d533fa19'}]
2026-07-24 00:09:41 - mkk_pika - database.py:215 - INFO - 第一次下载该漫画，记录数据库中
2026-07-24 00:09:42 - mkk_pika - main.py:83 - INFO - 找到 31 张图片在:第1集
2026-07-24 00:09:42 - mkk_pika - main.py:112 - INFO - [episode:第1集       ] downloaded:    31, total:  31, progress:100%
2026-07-24 00:09:42 - mkk_pika - database.py:238 - INFO - 数据库更新已下载章节
2026-07-24 00:09:42 - mkk_pika - database.py:244 - INFO - 该漫画已下载章节如下
2026-07-24 00:09:42 - mkk_pika - database.py:245 - INFO - ['第1集']
2026-07-24 00:09:44 - mkk_pika - main.py:348 - INFO - ==================== 漫画信息 ====================
                                   漫画ID：5c2a480c758a9c55d533fa18
                                   标题： (C85) 丸見え五十鈴 (艦隊これくしょん -艦これ-)
                                   作者：千段櫂船 (もくふう)
                                   是否完结：否
                                   总页数：31
                                   分类：短篇,同人
                                   章节数：1
                                   最后更新时间：2018-12-31T16:47:08.089Z
                                   =================================================
2026-07-24 00:09:44 - mkk_pika - database.py:101 - INFO - 保存成功： (C85) 丸見え五十鈴 (艦隊これくしょん -艦これ-)
2026-07-24 00:09:44 - mkk_pika - main.py:35 - INFO - 开始检查 (C91)  ボコ!ボコ!アリスちゃん (ガールズ&パンツァー)是否存在未下载章节
2026-07-24 00:09:44 - mkk_pika - main.py:45 - INFO - 正在下载:[ (C91)  ボコ!ボコ!アリスちゃん (ガールズ&パンツァー)]-[きつね屋 (リーフィ)]-[['短篇', '同人']]-[total_pages:23]
2026-07-24 00:09:44 - mkk_pika - main.py:49 - INFO - [{'_id': '5c2a48217a2fcb6039425b29', 'title': '第1集', 'order': 1, 'updated_at': '2018-12-31T15:08:35.804Z', 'id': '5c2a48217a2fcb6039425b29'}]
2026-07-24 00:09:44 - mkk_pika - database.py:215 - INFO - 第一次下载该漫画，记录数据库中
2026-07-24 00:09:45 - mkk_pika - main.py:83 - INFO - 找到 23 张图片在:第1集
2026-07-24 00:09:45 - mkk_pika - main.py:112 - INFO - [episode:第1集       ] downloaded:    23, total:  23, progress:100%
2026-07-24 00:09:45 - mkk_pika - database.py:238 - INFO - 数据库更新已下载章节
2026-07-24 00:09:45 - mkk_pika - database.py:244 - INFO - 该漫画已下载章节如下
2026-07-24 00:09:45 - mkk_pika - database.py:245 - INFO - ['第1集']
2026-07-24 00:09:46 - mkk_pika - main.py:348 - INFO - ==================== 漫画信息 ====================
                                   漫画ID：5c2a48217a2fcb6039425b28
                                   标题： (C91)  ボコ!ボコ!アリスちゃん (ガールズ&パンツァー)
                                   作者：きつね屋 (リーフィ)
                                   是否完结：否
                                   总页数：23
                                   分类：短篇,同人
                                   章节数：1
                                   最后更新时间：2018-12-31T16:47:29.375Z
                                   =================================================
2026-07-24 00:09:46 - mkk_pika - database.py:101 - INFO - 保存成功： (C91)  ボコ!ボコ!アリスちゃん (ガールズ&パンツァー)
2026-07-24 00:09:46 - mkk_pika - main.py:35 - INFO - 开始检查(C95)  Fate/Gentle Order 4「オルタ」是否存在未下载章节
2026-07-24 00:09:47 - mkk_pika - main.py:45 - INFO - 正在下载:[(C95)  Fate/Gentle Order 4「オルタ」]-[けんじゃたいむ (MANA)]-[['短篇', '全彩', '同人', 'NTR', 'Fate', '強暴']]-[total_pages:19]
2026-07-24 00:09:47 - mkk_pika - main.py:49 - INFO - [{'_id': '5c2a491c28f1ef2a757bbf43', 'title': '第1集', 'order': 1, 'updated_at': '2018-12-31T16:25:44.497Z', 'id': '5c2a491c28f1ef2a757bbf43'}]
2026-07-24 00:09:47 - mkk_pika - database.py:215 - INFO - 第一次下载该漫画，记录数据库中
2026-07-24 00:09:47 - mkk_pika - main.py:83 - INFO - 找到 19 张图片在:第1集
2026-07-24 00:09:48 - mkk_pika - main.py:112 - INFO - [episode:第1集       ] downloaded:    19, total:  19, progress:100%
2026-07-24 00:09:48 - mkk_pika - database.py:238 - INFO - 数据库更新已下载章节
2026-07-24 00:09:48 - mkk_pika - database.py:244 - INFO - 该漫画已下载章节如下
2026-07-24 00:09:48 - mkk_pika - database.py:245 - INFO - ['第1集']
2026-07-24 00:09:49 - mkk_pika - main.py:348 - INFO - ==================== 漫画信息 ====================
                                   漫画ID：5c2a491c28f1ef2a757bbf42
                                   标题：(C95)  Fate/Gentle Order 4「オルタ」
                                   作者：けんじゃたいむ (MANA)
                                   是否完结：是
                                   总页数：19
                                   分类：短篇,全彩,同人,NTR,Fate,強暴
                                   章节数：1
                                   最后更新时间：2018-12-31T16:51:40.875Z
                                   =================================================
2026-07-24 00:09:49 - mkk_pika - database.py:101 - INFO - 保存成功：(C95)  Fate/Gentle Order 4「オルタ」
2026-07-24 00:09:49 - mkk_pika - main.py:35 - INFO - 开始检查ジャンヌW (Fate/Grand Order)是否存在未下载章节
2026-07-24 00:09:49 - mkk_pika - main.py:45 - INFO - 正在下载:[ジャンヌW (Fate/Grand Order)]-[拡張パーツ (遠藤良危)]-[['同人', '短篇', 'Fate']]-[total_pages:39]
2026-07-24 00:09:49 - mkk_pika - main.py:49 - INFO - [{'_id': '5c2a4998d92e016041f91fea', 'title': '第1集', 'order': 1, 'updated_at': '2018-12-31T16:14:17.785Z', 'id': '5c2a4998d92e016041f91fea'}]
2026-07-24 00:09:49 - mkk_pika - database.py:215 - INFO - 第一次下载该漫画，记录数据库中
2026-07-24 00:09:50 - mkk_pika - main.py:83 - INFO - 找到 39 张图片在:第1集
2026-07-24 00:09:51 - mkk_pika - main.py:112 - INFO - [episode:第1集       ] downloaded:    39, total:  39, progress:100%
2026-07-24 00:09:51 - mkk_pika - database.py:238 - INFO - 数据库更新已下载章节
2026-07-24 00:09:51 - mkk_pika - database.py:244 - INFO - 该漫画已下载章节如下
2026-07-24 00:09:51 - mkk_pika - database.py:245 - INFO - ['第1集']
2026-07-24 00:09:52 - mkk_pika - main.py:348 - INFO - ==================== 漫画信息 ====================
                                   漫画ID：5c2a4998d92e016041f91fe9
                                   标题：ジャンヌW (Fate/Grand Order)
                                   作者：拡張パーツ (遠藤良危)
                                   是否完结：是
                                   总页数：39
                                   分类：同人,短篇,Fate
                                   章节数：1
                                   最后更新时间：2018-12-31T16:53:44.213Z
                                   =================================================
2026-07-24 00:09:52 - mkk_pika - database.py:101 - INFO - 保存成功：ジャンヌW (Fate/Grand Order)
2026-07-24 00:09:52 - mkk_pika - main.py:35 - INFO - 开始检查露出少女遊戯 乱 2是否存在未下载章节
2026-07-24 00:09:52 - mkk_pika - main.py:45 - INFO - 正在下载:[露出少女遊戯 乱 2]-[valssu (茶琉)]-[['短篇']]-[total_pages:39]
2026-07-24 00:09:52 - mkk_pika - main.py:49 - INFO - [{'_id': '5c2a49d3d92e016041f92013', 'title': '第1集', 'order': 1, 'updated_at': '2018-12-25T06:11:16.682Z', 'id': '5c2a49d3d92e016041f92013'}]
2026-07-24 00:09:52 - mkk_pika - database.py:215 - INFO - 第一次下载该漫画，记录数据库中
2026-07-24 00:09:53 - mkk_pika - main.py:83 - INFO - 找到 39 张图片在:第1集
2026-07-24 00:09:54 - mkk_pika - main.py:112 - INFO - [episode:第1集       ] downloaded:    39, total:  39, progress:100%
2026-07-24 00:09:54 - mkk_pika - database.py:238 - INFO - 数据库更新已下载章节
2026-07-24 00:09:54 - mkk_pika - database.py:244 - INFO - 该漫画已下载章节如下
2026-07-24 00:09:54 - mkk_pika - database.py:245 - INFO - ['第1集']
2026-07-24 00:09:55 - mkk_pika - main.py:348 - INFO - ==================== 漫画信息 ====================
                                   漫画ID：5c2a49d3d92e016041f92012
                                   标题：露出少女遊戯 乱 2
                                   作者：valssu (茶琉)
                                   是否完结：是
                                   总页数：39
                                   分类：短篇
                                   章节数：1
                                   最后更新时间：2018-12-31T16:54:43.031Z
                                   =================================================
2026-07-24 00:09:55 - mkk_pika - database.py:101 - INFO - 保存成功：露出少女遊戯 乱 2
2026-07-24 00:09:55 - mkk_pika - main.py:35 - INFO - 开始检查露出少女遊戯 乱 3是否存在未下载章节
2026-07-24 00:09:55 - mkk_pika - main.py:45 - INFO - 正在下载:[露出少女遊戯 乱 3]-[valssu (茶琉)]-[['短篇', '強暴']]-[total_pages:42]
2026-07-24 00:09:55 - mkk_pika - main.py:49 - INFO - [{'_id': '5c2a49dd16c229559f76f4d6', 'title': '第1集', 'order': 1, 'updated_at': '2018-12-25T06:16:45.335Z', 'id': '5c2a49dd16c229559f76f4d6'}]
2026-07-24 00:09:55 - mkk_pika - database.py:215 - INFO - 第一次下载该漫画，记录数据库中
2026-07-24 00:09:56 - mkk_pika - main.py:83 - INFO - 找到 42 张图片在:第1集
2026-07-24 00:09:57 - mkk_pika - main.py:112 - INFO - [episode:第1集       ] downloaded:    42, total:  42, progress:100%
2026-07-24 00:09:57 - mkk_pika - database.py:238 - INFO - 数据库更新已下载章节
2026-07-24 00:09:57 - mkk_pika - database.py:244 - INFO - 该漫画已下载章节如下
2026-07-24 00:09:57 - mkk_pika - database.py:245 - INFO - ['第1集']
2026-07-24 00:09:58 - mkk_pika - main.py:348 - INFO - ==================== 漫画信息 ====================
                                   漫画ID：5c2a49dd16c229559f76f4d5
                                   标题：露出少女遊戯 乱 3
                                   作者：valssu (茶琉)
                                   是否完结：是
                                   总页数：42
                                   分类：短篇,強暴
                                   章节数：1
                                   最后更新时间：2018-12-31T16:54:53.900Z
                                   =================================================
2026-07-24 00:09:58 - mkk_pika - database.py:101 - INFO - 保存成功：露出少女遊戯 乱 3
2026-07-24 00:09:58 - mkk_pika - main.py:35 - INFO - 开始检查(C95) 檻の中のイリヤちゃん～魔法少女～ (Fate／kaleid liner プリズマ☆イリヤ)是否存在未下载章节
2026-07-24 00:09:58 - mkk_pika - main.py:45 - INFO - 正在下载:[(C95) 檻の中のイリヤちゃん～魔法少女～ (Fate／kaleid liner プリズマ☆イリヤ)]-[しろくろうさ (スギユウ)]-[['同人', '短篇', 'Fate', '強暴']]-[total_pages:24]
2026-07-24 00:09:58 - mkk_pika - main.py:49 - INFO - [{'_id': '5c2b359b84147c7249646fbe', 'title': '第1集', 'order': 1, 'updated_at': '2019-01-01T06:25:30.249Z', 'id': '5c2b359b84147c7249646fbe'}]
2026-07-24 00:09:58 - mkk_pika - database.py:215 - INFO - 第一次下载该漫画，记录数据库中
2026-07-24 00:09:59 - mkk_pika - main.py:83 - INFO - 找到 24 张图片在:第1集
2026-07-24 00:10:00 - mkk_pika - main.py:112 - INFO - [episode:第1集       ] downloaded:    24, total:  24, progress:100%
2026-07-24 00:10:00 - mkk_pika - database.py:238 - INFO - 数据库更新已下载章节
2026-07-24 00:10:00 - mkk_pika - database.py:244 - INFO - 该漫画已下载章节如下
2026-07-24 00:10:00 - mkk_pika - database.py:245 - INFO - ['第1集']
2026-07-24 00:10:01 - mkk_pika - main.py:348 - INFO - ==================== 漫画信息 ====================
                                   漫画ID：5c2b359b84147c7249646fbd
                                   标题：(C95) 檻の中のイリヤちゃん～魔法少女～ (Fate／kaleid liner プリズマ☆イリヤ)
                                   作者：しろくろうさ (スギユウ)
                                   是否完结：是
                                   总页数：24
                                   分类：同人,短篇,Fate,強暴
                                   章节数：1
                                   最后更新时间：2019-01-01T09:40:43.054Z
                                   =================================================
2026-07-24 00:10:01 - mkk_pika - database.py:101 - INFO - 保存成功：(C95) 檻の中のイリヤちゃん～魔法少女～ (Fate／kaleid liner プリズマ☆イリヤ)
2026-07-24 00:10:01 - mkk_pika - main.py:35 - INFO - 开始检查(C95) いい子悪い子 (Fate/Grand Order) 是否存在未下载章节
2026-07-24 00:10:01 - mkk_pika - main.py:45 - INFO - 正在下载:[(C95) いい子悪い子 (Fate/Grand Order) ]-[Angel of Blue Sky (トイト)]-[['同人', '短篇', 'Fate']]-[total_pages:23]
2026-07-24 00:10:01 - mkk_pika - main.py:49 - INFO - [{'_id': '5c2b35daa660eb4466f1fd16', 'title': '第1集', 'order': 1, 'updated_at': '2019-01-01T03:08:43.713Z', 'id': '5c2b35daa660eb4466f1fd16'}]
2026-07-24 00:10:01 - mkk_pika - database.py:215 - INFO - 第一次下载该漫画，记录数据库中
2026-07-24 00:10:02 - mkk_pika - main.py:83 - INFO - 找到 23 张图片在:第1集
2026-07-24 00:10:03 - mkk_pika - main.py:112 - INFO - [episode:第1集       ] downloaded:    23, total:  23, progress:100%
2026-07-24 00:10:03 - mkk_pika - database.py:238 - INFO - 数据库更新已下载章节
2026-07-24 00:10:03 - mkk_pika - database.py:244 - INFO - 该漫画已下载章节如下
2026-07-24 00:10:03 - mkk_pika - database.py:245 - INFO - ['第1集']
2026-07-24 00:10:04 - mkk_pika - main.py:348 - INFO - ==================== 漫画信息 ====================
                                   漫画ID：5c2b35daa660eb4466f1fd15
                                   标题：(C95) いい子悪い子 (Fate/Grand Order) 
                                   作者：Angel of Blue Sky (トイト)
                                   是否完结：是
                                   总页数：23
                                   分类：同人,短篇,Fate
                                   章节数：1
                                   最后更新时间：2019-01-01T09:41:46.212Z
                                   =================================================
2026-07-24 00:10:04 - mkk_pika - database.py:101 - INFO - 保存成功：(C95) いい子悪い子 (Fate/Grand Order) 
2026-07-24 00:10:04 - mkk_pika - main.py:35 - INFO - 开始检查(C95) 淫乱学園ジャンヌ-打ち込め媚薬注射!!- (Fate/Grand Order)是否存在未下载章节
2026-07-24 00:10:04 - mkk_pika - main.py:45 - INFO - 正在下载:[(C95) 淫乱学園ジャンヌ-打ち込め媚薬注射!!- (Fate/Grand Order)]-[おほしさま堂 (GEKO)]-[['同人', '短篇', 'Fate', '強暴']]-[total_pages:25]
2026-07-24 00:10:04 - mkk_pika - main.py:49 - INFO - [{'_id': '5c2b3604124f371bc1b391e5', 'title': '第1集', 'order': 1, 'updated_at': '2019-01-01T03:21:50.851Z', 'id': '5c2b3604124f371bc1b391e5'}]
2026-07-24 00:10:04 - mkk_pika - database.py:215 - INFO - 第一次下载该漫画，记录数据库中
2026-07-24 00:10:05 - mkk_pika - main.py:83 - INFO - 找到 25 张图片在:第1集
2026-07-24 00:10:05 - mkk_pika - main.py:112 - INFO - [episode:第1集       ] downloaded:    25, total:  25, progress:100%
2026-07-24 00:10:05 - mkk_pika - database.py:238 - INFO - 数据库更新已下载章节
2026-07-24 00:10:05 - mkk_pika - database.py:244 - INFO - 该漫画已下载章节如下
2026-07-24 00:10:05 - mkk_pika - database.py:245 - INFO - ['第1集']
2026-07-24 00:10:07 - mkk_pika - main.py:348 - INFO - ==================== 漫画信息 ====================
                                   漫画ID：5c2b3604124f371bc1b391e4
                                   标题：(C95) 淫乱学園ジャンヌ-打ち込め媚薬注射!!- (Fate/Grand Order)
                                   作者：おほしさま堂 (GEKO)
                                   是否完结：是
                                   总页数：25
                                   分类：同人,短篇,Fate,強暴
                                   章节数：1
                                   最后更新时间：2019-01-01T09:42:28.662Z
                                   =================================================
2026-07-24 00:10:07 - mkk_pika - database.py:101 - INFO - 保存成功：(C95) 淫乱学園ジャンヌ-打ち込め媚薬注射!!- (Fate/Grand Order)
2026-07-24 00:10:07 - mkk_pika - main.py:35 - INFO - 开始检查(C95) 六花ちゃああぁあアあアァん!! (SSSS.GRIDMAN) 是否存在未下载章节
2026-07-24 00:10:07 - mkk_pika - main.py:45 - INFO - 正在下载:[(C95) 六花ちゃああぁあアあアァん!! (SSSS.GRIDMAN) ]-[ぶーち]-[['同人', '短篇']]-[total_pages:29]
2026-07-24 00:10:07 - mkk_pika - main.py:49 - INFO - [{'_id': '5c2b361f8929fe1bf05cb424', 'title': '第1集', 'order': 1, 'updated_at': '2019-01-01T02:19:30.234Z', 'id': '5c2b361f8929fe1bf05cb424'}]
2026-07-24 00:10:07 - mkk_pika - database.py:215 - INFO - 第一次下载该漫画，记录数据库中
2026-07-24 00:10:07 - mkk_pika - main.py:83 - INFO - 找到 29 张图片在:第1集
2026-07-24 00:10:08 - mkk_pika - main.py:112 - INFO - [episode:第1集       ] downloaded:    29, total:  29, progress:100%
2026-07-24 00:10:08 - mkk_pika - database.py:238 - INFO - 数据库更新已下载章节
2026-07-24 00:10:08 - mkk_pika - database.py:244 - INFO - 该漫画已下载章节如下
2026-07-24 00:10:08 - mkk_pika - database.py:245 - INFO - ['第1集']
2026-07-24 00:10:09 - mkk_pika - main.py:348 - INFO - ==================== 漫画信息 ====================
                                   漫画ID：5c2b361f8929fe1bf05cb423
                                   标题：(C95) 六花ちゃああぁあアあアァん!! (SSSS.GRIDMAN) 
                                   作者：ぶーち
                                   是否完结：是
                                   总页数：29
                                   分类：同人,短篇
                                   章节数：1
                                   最后更新时间：2019-01-01T09:42:55.002Z
                                   =================================================
2026-07-24 00:10:09 - mkk_pika - database.py:101 - INFO - 保存成功：(C95) 六花ちゃああぁあアあアァん!! (SSSS.GRIDMAN) 
2026-07-24 00:10:09 - mkk_pika - main.py:35 - INFO - 开始检查姬様と奴隸ちやん是否存在未下载章节
2026-07-24 00:10:10 - mkk_pika - main.py:45 - INFO - 正在下载:[姬様と奴隸ちやん]-[peachpulsar (みら)]-[['短篇', '純愛', '百合花園']]-[total_pages:68]
2026-07-24 00:10:10 - mkk_pika - main.py:49 - INFO - [{'_id': '5c2b36c6b82c2172518904c6', 'title': '第1集', 'order': 1, 'updated_at': '2019-01-01T05:45:58.890Z', 'id': '5c2b36c6b82c2172518904c6'}]
2026-07-24 00:10:10 - mkk_pika - database.py:215 - INFO - 第一次下载该漫画，记录数据库中
2026-07-24 00:10:10 - mkk_pika - main.py:83 - INFO - 找到 68 张图片在:第1集
2026-07-24 00:10:12 - mkk_pika - main.py:112 - INFO - [episode:第1集       ] downloaded:    68, total:  68, progress:100%
2026-07-24 00:10:12 - mkk_pika - database.py:238 - INFO - 数据库更新已下载章节
2026-07-24 00:10:12 - mkk_pika - database.py:244 - INFO - 该漫画已下载章节如下
2026-07-24 00:10:12 - mkk_pika - database.py:245 - INFO - ['第1集']
2026-07-24 00:10:13 - mkk_pika - main.py:348 - INFO - ==================== 漫画信息 ====================
                                   漫画ID：5c2b36c6b82c2172518904c5
                                   标题：姬様と奴隸ちやん
                                   作者：peachpulsar (みら)
                                   是否完结：是
                                   总页数：68
                                   分类：短篇,純愛,百合花園
                                   章节数：1
                                   最后更新时间：2019-01-01T09:45:42.584Z
                                   =================================================
2026-07-24 00:10:13 - mkk_pika - database.py:101 - INFO - 保存成功：姬様と奴隸ちやん
2026-07-24 00:10:13 - mkk_pika - main.py:35 - INFO - 开始检查露出少女遊戯 淫I （单独）是否存在未下载章节
2026-07-24 00:10:13 - mkk_pika - main.py:45 - INFO - 正在下载:[露出少女遊戯 淫I （单独）]-[valssu (茶琉)]-[['短篇', '強暴']]-[total_pages:41]
2026-07-24 00:10:13 - mkk_pika - main.py:49 - INFO - [{'_id': '5c2b3712f3c9c21befadacec', 'title': '第1集', 'order': 1, 'updated_at': '2018-12-25T06:31:09.194Z', 'id': '5c2b3712f3c9c21befadacec'}]
2026-07-24 00:10:13 - mkk_pika - database.py:215 - INFO - 第一次下载该漫画，记录数据库中
2026-07-24 00:10:14 - mkk_pika - main.py:83 - INFO - 找到 41 张图片在:第1集
2026-07-24 00:10:15 - mkk_pika - main.py:112 - INFO - [episode:第1集       ] downloaded:    41, total:  41, progress:100%
2026-07-24 00:10:15 - mkk_pika - database.py:238 - INFO - 数据库更新已下载章节
2026-07-24 00:10:15 - mkk_pika - database.py:244 - INFO - 该漫画已下载章节如下
2026-07-24 00:10:15 - mkk_pika - database.py:245 - INFO - ['第1集']
2026-07-24 00:10:16 - mkk_pika - main.py:348 - INFO - ==================== 漫画信息 ====================
                                   漫画ID：5c2b3712f3c9c21befadaceb
                                   标题：露出少女遊戯 淫I （单独）
                                   作者：valssu (茶琉)
                                   是否完结：是
                                   总页数：41
                                   分类：短篇,強暴
                                   章节数：1
                                   最后更新时间：2019-01-01T09:46:58.218Z
                                   =================================================
2026-07-24 00:10:16 - mkk_pika - database.py:101 - INFO - 保存成功：露出少女遊戯 淫I （单独）
2026-07-24 00:10:16 - mkk_pika - main.py:35 - INFO - 开始检查露出少女遊戯 みっくす是否存在未下载章节
2026-07-24 00:10:17 - mkk_pika - main.py:45 - INFO - 正在下载:[露出少女遊戯 みっくす]-[valssu (茶琉)]-[['短篇']]-[total_pages:42]
2026-07-24 00:10:17 - mkk_pika - main.py:49 - INFO - [{'_id': '5c2b37272ffd0b728a8461a0', 'title': '第1集', 'order': 1, 'updated_at': '2018-12-25T06:46:51.679Z', 'id': '5c2b37272ffd0b728a8461a0'}]
2026-07-24 00:10:17 - mkk_pika - database.py:215 - INFO - 第一次下载该漫画，记录数据库中
2026-07-24 00:10:18 - mkk_pika - main.py:83 - INFO - 找到 42 张图片在:第1集
2026-07-24 00:10:18 - mkk_pika - main.py:112 - INFO - [episode:第1集       ] downloaded:    42, total:  42, progress:100%
2026-07-24 00:10:18 - mkk_pika - database.py:238 - INFO - 数据库更新已下载章节
2026-07-24 00:10:18 - mkk_pika - database.py:244 - INFO - 该漫画已下载章节如下
2026-07-24 00:10:18 - mkk_pika - database.py:245 - INFO - ['第1集']
2026-07-24 00:10:20 - mkk_pika - main.py:348 - INFO - ==================== 漫画信息 ====================
                                   漫画ID：5c2b37272ffd0b728a84619f
                                   标题：露出少女遊戯 みっくす
                                   作者：valssu (茶琉)
                                   是否完结：是
                                   总页数：42
                                   分类：短篇
                                   章节数：1
                                   最后更新时间：2019-01-01T09:47:19.375Z
                                   =================================================
2026-07-24 00:10:20 - mkk_pika - database.py:101 - INFO - 保存成功：露出少女遊戯 みっくす
2026-07-24 00:10:20 - mkk_pika - main.py:35 - INFO - 开始检查(C93) 鬼の姉妹はヒトのオスと子づくりがしたい是否存在未下载章节
2026-07-24 00:10:20 - mkk_pika - main.py:45 - INFO - 正在下载:[(C93) 鬼の姉妹はヒトのオスと子づくりがしたい]-[百々ふぐり (しんどう)]-[['短篇']]-[total_pages:27]
2026-07-24 00:10:20 - mkk_pika - main.py:49 - INFO - [{'_id': '5c2b373e9063e71bb9ba03a0', 'title': '第1集', 'order': 1, 'updated_at': '2019-01-01T02:22:38.575Z', 'id': '5c2b373e9063e71bb9ba03a0'}]
2026-07-24 00:10:20 - mkk_pika - database.py:215 - INFO - 第一次下载该漫画，记录数据库中
2026-07-24 00:10:21 - mkk_pika - main.py:83 - INFO - 找到 27 张图片在:第1集
2026-07-24 00:10:21 - mkk_pika - main.py:112 - INFO - [episode:第1集       ] downloaded:    27, total:  27, progress:100%
2026-07-24 00:10:21 - mkk_pika - database.py:238 - INFO - 数据库更新已下载章节
2026-07-24 00:10:21 - mkk_pika - database.py:244 - INFO - 该漫画已下载章节如下
2026-07-24 00:10:21 - mkk_pika - database.py:245 - INFO - ['第1集']
2026-07-24 00:10:22 - mkk_pika - main.py:348 - INFO - ==================== 漫画信息 ====================
                                   漫画ID：5c2b373e9063e71bb9ba039f
                                   标题：(C93) 鬼の姉妹はヒトのオスと子づくりがしたい
                                   作者：百々ふぐり (しんどう)
                                   是否完结：是
                                   总页数：27
                                   分类：短篇
                                   章节数：1
                                   最后更新时间：2019-01-01T09:47:42.427Z
                                   =================================================
2026-07-24 00:10:22 - mkk_pika - database.py:101 - INFO - 保存成功：(C93) 鬼の姉妹はヒトのオスと子づくりがしたい
2026-07-24 00:10:22 - mkk_pika - main.py:35 - INFO - 开始检查(C95) 茜ハ摘マレ 染メラレル 弐是否存在未下载章节
2026-07-24 00:10:23 - mkk_pika - main.py:45 - INFO - 正在下载:[(C95) 茜ハ摘マレ 染メラレル 弐]-[真珠貝 (武田弘光)]-[['短篇', 'NTR']]-[total_pages:39]
2026-07-24 00:10:23 - mkk_pika - main.py:49 - INFO - [{'_id': '5c2b3753124f371bc1b39335', 'title': '第1集', 'order': 1, 'updated_at': '2019-01-01T02:25:53.645Z', 'id': '5c2b3753124f371bc1b39335'}]
2026-07-24 00:10:23 - mkk_pika - database.py:215 - INFO - 第一次下载该漫画，记录数据库中
2026-07-24 00:10:23 - mkk_pika - main.py:83 - INFO - 找到 39 张图片在:第1集
2026-07-24 00:10:24 - mkk_pika - main.py:112 - INFO - [episode:第1集       ] downloaded:    39, total:  39, progress:100%
2026-07-24 00:10:24 - mkk_pika - database.py:238 - INFO - 数据库更新已下载章节
2026-07-24 00:10:24 - mkk_pika - database.py:244 - INFO - 该漫画已下载章节如下
2026-07-24 00:10:24 - mkk_pika - database.py:245 - INFO - ['第1集']
2026-07-24 00:10:25 - mkk_pika - main.py:348 - INFO - ==================== 漫画信息 ====================
                                   漫画ID：5c2b3753124f371bc1b39334
                                   标题：(C95) 茜ハ摘マレ 染メラレル 弐
                                   作者：真珠貝 (武田弘光)
                                   是否完结：是
                                   总页数：39
                                   分类：短篇,NTR
                                   章节数：1
                                   最后更新时间：2019-01-01T09:48:03.756Z
                                   =================================================
2026-07-24 00:10:25 - mkk_pika - database.py:101 - INFO - 保存成功：(C95) 茜ハ摘マレ 染メラレル 弐
2026-07-24 00:10:25 - mkk_pika - main.py:35 - INFO - 开始检查(C95) わーちゃん素直になる本 (少女前線)是否存在未下载章节
2026-07-24 00:10:26 - mkk_pika - main.py:45 - INFO - 正在下载:[(C95) わーちゃん素直になる本 (少女前線)]-[J.D.World (文雅)]-[['同人', '短篇']]-[total_pages:29]
2026-07-24 00:10:26 - mkk_pika - main.py:49 - INFO - [{'_id': '5c2b3768f3c9c21befadad18', 'title': '第1集', 'order': 1, 'updated_at': '2019-01-01T02:28:57.499Z', 'id': '5c2b3768f3c9c21befadad18'}]
2026-07-24 00:10:26 - mkk_pika - database.py:215 - INFO - 第一次下载该漫画，记录数据库中
2026-07-24 00:10:27 - mkk_pika - main.py:83 - INFO - 找到 29 张图片在:第1集
2026-07-24 00:10:27 - mkk_pika - main.py:112 - INFO - [episode:第1集       ] downloaded:    29, total:  29, progress:100%
2026-07-24 00:10:27 - mkk_pika - database.py:238 - INFO - 数据库更新已下载章节
2026-07-24 00:10:27 - mkk_pika - database.py:244 - INFO - 该漫画已下载章节如下
2026-07-24 00:10:27 - mkk_pika - database.py:245 - INFO - ['第1集']
2026-07-24 00:10:29 - mkk_pika - main.py:348 - INFO - ==================== 漫画信息 ====================
                                   漫画ID：5c2b3768f3c9c21befadad17
                                   标题：(C95) わーちゃん素直になる本 (少女前線)
                                   作者：J.D.World (文雅)
                                   是否完结：是
                                   总页数：29
                                   分类：同人,短篇
                                   章节数：1
                                   最后更新时间：2019-01-01T09:48:24.231Z
                                   =================================================
2026-07-24 00:10:29 - mkk_pika - database.py:101 - INFO - 保存成功：(C95) わーちゃん素直になる本 (少女前線)
2026-07-24 00:10:29 - mkk_pika - main.py:35 - INFO - 开始检查けっきょくえっちがすきだった。是否存在未下载章节
2026-07-24 00:10:29 - mkk_pika - main.py:45 - INFO - 正在下载:[けっきょくえっちがすきだった。]-[X仮歯 (暗黒えむ将軍)]-[['同人']]-[total_pages:21]
2026-07-24 00:10:29 - mkk_pika - main.py:49 - INFO - [{'_id': '5c2b382d1c2dc42064e81e85', 'title': '第1集', 'order': 1, 'updated_at': '2018-12-31T17:19:33.699Z', 'id': '5c2b382d1c2dc42064e81e85'}]
2026-07-24 00:10:29 - mkk_pika - database.py:215 - INFO - 第一次下载该漫画，记录数据库中
2026-07-24 00:10:29 - mkk_pika - main.py:83 - INFO - 找到 21 张图片在:第1集
2026-07-24 00:10:30 - mkk_pika - main.py:112 - INFO - [episode:第1集       ] downloaded:    21, total:  21, progress:100%
2026-07-24 00:10:30 - mkk_pika - database.py:238 - INFO - 数据库更新已下载章节
2026-07-24 00:10:30 - mkk_pika - database.py:244 - INFO - 该漫画已下载章节如下
2026-07-24 00:10:30 - mkk_pika - database.py:245 - INFO - ['第1集']
2026-07-24 00:10:31 - mkk_pika - main.py:348 - INFO - ==================== 漫画信息 ====================
                                   漫画ID：5c2b382d1c2dc42064e81e84
                                   标题：けっきょくえっちがすきだった。
                                   作者：X仮歯 (暗黒えむ将軍)
                                   是否完结：否
                                   总页数：21
                                   分类：同人
                                   章节数：1
                                   最后更新时间：2019-01-01T09:51:41.568Z
                                   =================================================
2026-07-24 00:10:31 - mkk_pika - database.py:101 - INFO - 保存成功：けっきょくえっちがすきだった。
2026-07-24 00:10:31 - mkk_pika - main.py:35 - INFO - 开始检查(C95) ペット性活で人生勝ち組! & 天使学園の寮姦性活 ラフ画集：場外性交記録2是否存在未下载章节
2026-07-24 00:10:32 - mkk_pika - main.py:45 - INFO - 正在下载:[(C95) ペット性活で人生勝ち組! & 天使学園の寮姦性活 ラフ画集：場外性交記録2]-[バス停シャワー (桂井よしあき)]-[['短篇']]-[total_pages:18]
2026-07-24 00:10:32 - mkk_pika - main.py:49 - INFO - [{'_id': '5c2b3846124f371bc1b3935f', 'title': '第1集', 'order': 1, 'updated_at': '2019-01-01T02:32:19.568Z', 'id': '5c2b3846124f371bc1b3935f'}]
2026-07-24 00:10:32 - mkk_pika - database.py:215 - INFO - 第一次下载该漫画，记录数据库中
2026-07-24 00:10:32 - mkk_pika - main.py:83 - INFO - 找到 18 张图片在:第1集
2026-07-24 00:10:33 - mkk_pika - main.py:112 - INFO - [episode:第1集       ] downloaded:    18, total:  18, progress:100%
2026-07-24 00:10:33 - mkk_pika - database.py:238 - INFO - 数据库更新已下载章节
2026-07-24 00:10:33 - mkk_pika - database.py:244 - INFO - 该漫画已下载章节如下
2026-07-24 00:10:33 - mkk_pika - database.py:245 - INFO - ['第1集']
2026-07-24 00:10:34 - mkk_pika - main.py:348 - INFO - ==================== 漫画信息 ====================
                                   漫画ID：5c2b3846124f371bc1b3935e
                                   标题：(C95) ペット性活で人生勝ち組! & 天使学園の寮姦性活 ラフ画集：場外性交記録2
                                   作者：バス停シャワー (桂井よしあき)
                                   是否完结：是
                                   总页数：18
                                   分类：短篇
                                   章节数：1
                                   最后更新时间：2019-01-01T09:52:06.176Z
                                   =================================================
2026-07-24 00:10:34 - mkk_pika - database.py:101 - INFO - 保存成功：(C95) ペット性活で人生勝ち組! & 天使学園の寮姦性活 ラフ画集：場外性交記録2
2026-07-24 00:10:34 - mkk_pika - main.py:35 - INFO - 开始检查(C92) お気にの娘と片っ端からエロい事がしたい! (Fate/Grand Order)是否存在未下载章节
2026-07-24 00:10:34 - mkk_pika - main.py:45 - INFO - 正在下载:[(C92) お気にの娘と片っ端からエロい事がしたい! (Fate/Grand Order)]-[小判堂 (さめだ小判)]-[['同人', '短篇', 'Fate']]-[total_pages:28]
2026-07-24 00:10:34 - mkk_pika - main.py:49 - INFO - [{'_id': '5c2b385f124f371bc1b39375', 'title': '第1集', 'order': 1, 'updated_at': '2019-01-01T02:35:34.569Z', 'id': '5c2b385f124f371bc1b39375'}]
2026-07-24 00:10:34 - mkk_pika - database.py:215 - INFO - 第一次下载该漫画，记录数据库中
2026-07-24 00:10:35 - mkk_pika - main.py:83 - INFO - 找到 28 张图片在:第1集
2026-07-24 00:10:35 - mkk_pika - main.py:112 - INFO - [episode:第1集       ] downloaded:    28, total:  28, progress:100%
2026-07-24 00:10:35 - mkk_pika - database.py:238 - INFO - 数据库更新已下载章节
2026-07-24 00:10:35 - mkk_pika - database.py:244 - INFO - 该漫画已下载章节如下
2026-07-24 00:10:35 - mkk_pika - database.py:245 - INFO - ['第1集']
2026-07-24 00:10:37 - mkk_pika - main.py:348 - INFO - ==================== 漫画信息 ====================
                                   漫画ID：5c2b385f124f371bc1b39374
                                   标题：(C92) お気にの娘と片っ端からエロい事がしたい! (Fate/Grand Order)
                                   作者：小判堂 (さめだ小判)
                                   是否完结：是
                                   总页数：28
                                   分类：同人,短篇,Fate
                                   章节数：1
                                   最后更新时间：2019-01-01T09:52:31.027Z
                                   =================================================
2026-07-24 00:10:37 - mkk_pika - database.py:101 - INFO - 保存成功：(C92) お気にの娘と片っ端からエロい事がしたい! (Fate/Grand Order)
2026-07-24 00:10:37 - mkk_pika - main.py:35 - INFO - 开始检查あすなま6 (ソードアート・オンライン) 是否存在未下载章节
2026-07-24 00:10:37 - mkk_pika - main.py:45 - INFO - 正在下载:[あすなま6 (ソードアート・オンライン) ]-[Cior (Ken-1)]-[['同人', '短篇', 'SAO 刀劍神域', 'NTR', '強暴']]-[total_pages:19]
2026-07-24 00:10:37 - mkk_pika - main.py:49 - INFO - [{'_id': '5c2b38712ffd0b728a8461e9', 'title': '第1集', 'order': 1, 'updated_at': '2019-01-01T02:37:28.441Z', 'id': '5c2b38712ffd0b728a8461e9'}]
2026-07-24 00:10:37 - mkk_pika - database.py:215 - INFO - 第一次下载该漫画，记录数据库中
2026-07-24 00:10:37 - mkk_pika - main.py:83 - INFO - 找到 19 张图片在:第1集
2026-07-24 00:10:38 - mkk_pika - main.py:112 - INFO - [episode:第1集       ] downloaded:    19, total:  19, progress:100%
2026-07-24 00:10:38 - mkk_pika - database.py:238 - INFO - 数据库更新已下载章节
2026-07-24 00:10:38 - mkk_pika - database.py:244 - INFO - 该漫画已下载章节如下
2026-07-24 00:10:38 - mkk_pika - database.py:245 - INFO - ['第1集']
2026-07-24 00:10:39 - mkk_pika - main.py:348 - INFO - ==================== 漫画信息 ====================
                                   漫画ID：5c2b38712ffd0b728a8461e8
                                   标题：あすなま6 (ソードアート・オンライン) 
                                   作者：Cior (Ken-1)
                                   是否完结：是
                                   总页数：19
                                   分类：同人,短篇,SAO 刀劍神域,NTR,強暴
                                   章节数：1
                                   最后更新时间：2019-01-01T09:52:49.139Z
                                   =================================================
2026-07-24 00:10:39 - mkk_pika - database.py:101 - INFO - 保存成功：あすなま6 (ソードアート・オンライン) 
2026-07-24 00:10:39 - mkk_pika - main.py:380 - INFO - 本次任务下载完毕
2026-07-24 00:10:39 - mkk_pika - database.py:173 - INFO - 数据库连接已关闭
