2026-02-21 23:34:52 - mkk_pika - main.py:193 - INFO - =======================================================================
2026-02-21 23:34:52 - mkk_pika - database.py:61 - INFO - 表和索引初始化成功
2026-02-21 23:34:52 - mkk_pika - main.py:197 - INFO - 已经累计下载2383本漫画
2026-02-21 23:34:53 - mkk_pika - api.py:87 - INFO - 登录成功
2026-02-21 23:34:53 - mkk_pika - main.py:203 - INFO - 收藏夹共计0本漫画
2026-02-21 23:34:53 - mkk_pika - main.py:206 - INFO - 开始下载收藏夹内未下载内容
2026-02-21 23:34:53 - mkk_pika - main.py:266 - INFO - 收藏夹内容下载完毕
2026-02-21 23:34:53 - mkk_pika - main.py:268 - INFO - 开始下载订阅内容
2026-02-21 23:34:53 - mkk_pika - database.py:258 - INFO - 根据ID查询到标题：萝莉 -> (C106) cutie buds
2026-02-21 23:34:54 - mkk_pika - database.py:101 - INFO - 保存成功：(C106) cutie buds
2026-02-21 23:34:54 - mkk_pika - main.py:273 - INFO - 关键词萝莉找到0本漫画
2026-02-21 23:34:54 - mkk_pika - database.py:258 - INFO - 根据ID查询到标题：蘿莉 -> Shirabe Sukumizu（AI）
2026-02-21 23:34:54 - mkk_pika - database.py:101 - INFO - 保存成功：Artist - ショウ＠AIイラスト（AI）
2026-02-21 23:34:54 - mkk_pika - main.py:273 - INFO - 关键词蘿莉找到0本漫画
2026-02-21 23:34:54 - mkk_pika - main.py:275 - INFO - 订阅内容共计0本漫画
2026-02-21 23:34:54 - mkk_pika - main.py:323 - INFO - 订阅内容内容下载完毕
2026-02-21 23:34:54 - mkk_pika - main.py:324 - INFO - 开始分批下载全部章节
2026-02-21 23:34:54 - mkk_pika - database.py:280 - INFO - 表和索引初始化成功
2026-02-21 23:34:55 - mkk_pika - main.py:177 - INFO - 已经下载了119页，一共6754页，现在开始添加第120页
2026-02-21 23:34:55 - mkk_pika - database.py:318 - INFO - 保存成功
2026-02-21 23:34:56 - mkk_pika - main.py:177 - INFO - 已经下载了120页，一共6754页，现在开始添加第121页
2026-02-21 23:34:56 - mkk_pika - database.py:318 - INFO - 保存成功
2026-02-21 23:34:56 - mkk_pika - main.py:331 - INFO - 分批下载共计36本漫画
2026-02-21 23:34:56 - mkk_pika - main.py:35 - INFO - 开始检查COMIC 快楽天[Hisasi] 朝も、夜も、ふれてよ (COMIC 快楽天 BEAST 2012-02)是否存在未下载章节
2026-02-21 23:34:56 - mkk_pika - main.py:45 - INFO - 正在下载:[COMIC 快楽天[Hisasi] 朝も、夜も、ふれてよ (COMIC 快楽天 BEAST 2012-02)]-[Hisasi]-[['短篇', '純愛']]-[total_pages:21]
2026-02-21 23:34:56 - mkk_pika - main.py:49 - INFO - [{'_id': '5821939b5f6b9a4f93e641b5', 'title': '第1集', 'order': 1, 'updated_at': '2016-11-08T08:58:03.348Z', 'id': '5821939b5f6b9a4f93e641b5'}]
2026-02-21 23:34:56 - mkk_pika - database.py:215 - INFO - 第一次下载该漫画，记录数据库中
2026-02-21 23:34:57 - mkk_pika - main.py:83 - INFO - 找到 21 张图片在:第1集
2026-02-21 23:34:58 - mkk_pika - main.py:112 - INFO - [episode:第1集       ] downloaded:    21, total:  21, progress:100%
2026-02-21 23:34:58 - mkk_pika - database.py:238 - INFO - 数据库更新已下载章节
2026-02-21 23:34:58 - mkk_pika - database.py:244 - INFO - 该漫画已下载章节如下
2026-02-21 23:34:58 - mkk_pika - database.py:245 - INFO - ['第1集']
2026-02-21 23:34:59 - mkk_pika - main.py:348 - INFO - ==================== 漫画信息 ====================
                                   漫画ID：5821939b5f6b9a4f93e641b3
                                   标题：COMIC 快楽天[Hisasi] 朝も、夜も、ふれてよ (COMIC 快楽天 BEAST 2012-02)
                                   作者：Hisasi
                                   是否完结：是
                                   总页数：21
                                   分类：短篇,純愛
                                   章节数：1
                                   最后更新时间：2009-12-02T14:47:16.000Z
                                   =================================================
2026-02-21 23:34:59 - mkk_pika - database.py:101 - INFO - 保存成功：COMIC 快楽天[Hisasi] 朝も、夜も、ふれてよ (COMIC 快楽天 BEAST 2012-02)
2026-02-21 23:34:59 - mkk_pika - main.py:35 - INFO - 开始检查白百合是否存在未下载章节
2026-02-21 23:34:59 - mkk_pika - main.py:45 - INFO - 正在下载:[白百合]-[剛田ナギ]-[['長篇', '百合花園']]-[total_pages:161]
2026-02-21 23:34:59 - mkk_pika - main.py:49 - INFO - [{'_id': '5821939c5f6b9a4f93e641e3', 'title': '第1集', 'order': 1, 'updated_at': '2016-11-08T08:58:04.065Z', 'id': '5821939c5f6b9a4f93e641e3'}]
2026-02-21 23:34:59 - mkk_pika - database.py:215 - INFO - 第一次下载该漫画，记录数据库中
2026-02-21 23:35:01 - mkk_pika - main.py:83 - INFO - 找到 161 张图片在:第1集
2026-02-21 23:35:05 - mkk_pika - main.py:112 - INFO - [episode:第1集       ] downloaded:   161, total: 161, progress:100%
2026-02-21 23:35:05 - mkk_pika - database.py:238 - INFO - 数据库更新已下载章节
2026-02-21 23:35:05 - mkk_pika - database.py:244 - INFO - 该漫画已下载章节如下
2026-02-21 23:35:05 - mkk_pika - database.py:245 - INFO - ['第1集']
2026-02-21 23:35:06 - mkk_pika - main.py:348 - INFO - ==================== 漫画信息 ====================
                                   漫画ID：5821939b5f6b9a4f93e641e1
                                   标题：白百合
                                   作者：剛田ナギ
                                   是否完结：是
                                   总页数：161
                                   分类：長篇,百合花園
                                   章节数：1
                                   最后更新时间：2009-12-03T00:47:16.000Z
                                   =================================================
2026-02-21 23:35:06 - mkk_pika - database.py:101 - INFO - 保存成功：白百合
2026-02-21 23:35:06 - mkk_pika - main.py:35 - INFO - 开始检查[純愛K個人漢化][Hisasi]夏の向こうに是否存在未下载章节
2026-02-21 23:35:06 - mkk_pika - main.py:45 - INFO - 正在下载:[[純愛K個人漢化][Hisasi]夏の向こうに]-[Hisasi]-[['短篇']]-[total_pages:21]
2026-02-21 23:35:06 - mkk_pika - main.py:49 - INFO - [{'_id': '5821939d5f6b9a4f93e64329', 'title': '第1集', 'order': 1, 'updated_at': '2016-11-08T08:58:05.462Z', 'id': '5821939d5f6b9a4f93e64329'}]
2026-02-21 23:35:06 - mkk_pika - database.py:215 - INFO - 第一次下载该漫画，记录数据库中
2026-02-21 23:35:07 - mkk_pika - main.py:83 - INFO - 找到 21 张图片在:第1集
2026-02-21 23:35:07 - mkk_pika - main.py:112 - INFO - [episode:第1集       ] downloaded:    21, total:  21, progress:100%
2026-02-21 23:35:07 - mkk_pika - database.py:238 - INFO - 数据库更新已下载章节
2026-02-21 23:35:07 - mkk_pika - database.py:244 - INFO - 该漫画已下载章节如下
2026-02-21 23:35:07 - mkk_pika - database.py:245 - INFO - ['第1集']
2026-02-21 23:35:09 - mkk_pika - main.py:348 - INFO - ==================== 漫画信息 ====================
                                   漫画ID：5821939c5f6b9a4f93e64327
                                   标题：[純愛K個人漢化][Hisasi]夏の向こうに
                                   作者：Hisasi
                                   是否完结：是
                                   总页数：21
                                   分类：短篇
                                   章节数：1
                                   最后更新时间：2009-12-03T10:47:16.000Z
                                   =================================================
2026-02-21 23:35:09 - mkk_pika - database.py:101 - INFO - 保存成功：[純愛K個人漢化][Hisasi]夏の向こうに
2026-02-21 23:35:09 - mkk_pika - main.py:35 - INFO - 开始检查(C76)15513回目の長門有希 (涼宮ハルヒの憂鬱)是否存在未下载章节
2026-02-21 23:35:09 - mkk_pika - main.py:45 - INFO - 正在下载:[(C76)15513回目の長門有希 (涼宮ハルヒの憂鬱)]-[松本ドリル研究所]-[['同人', '短篇', 'NTR', '強暴', '純愛']]-[total_pages:32]
2026-02-21 23:35:09 - mkk_pika - main.py:49 - INFO - [{'_id': '5821939d5f6b9a4f93e64357', 'title': '第1集', 'order': 1, 'updated_at': '2016-11-08T08:58:05.956Z', 'id': '5821939d5f6b9a4f93e64357'}]
2026-02-21 23:35:09 - mkk_pika - database.py:215 - INFO - 第一次下载该漫画，记录数据库中
2026-02-21 23:35:10 - mkk_pika - main.py:83 - INFO - 找到 32 张图片在:第1集
2026-02-21 23:35:10 - mkk_pika - main.py:112 - INFO - [episode:第1集       ] downloaded:    32, total:  32, progress:100%
2026-02-21 23:35:10 - mkk_pika - database.py:238 - INFO - 数据库更新已下载章节
2026-02-21 23:35:10 - mkk_pika - database.py:244 - INFO - 该漫画已下载章节如下
2026-02-21 23:35:10 - mkk_pika - database.py:245 - INFO - ['第1集']
2026-02-21 23:35:12 - mkk_pika - main.py:348 - INFO - ==================== 漫画信息 ====================
                                   漫画ID：5821939d5f6b9a4f93e64355
                                   标题：(C76)15513回目の長門有希 (涼宮ハルヒの憂鬱)
                                   作者：松本ドリル研究所
                                   是否完结：是
                                   总页数：32
                                   分类：同人,短篇,NTR,強暴,純愛
                                   章节数：1
                                   最后更新时间：2009-12-03T20:47:16.000Z
                                   =================================================
2026-02-21 23:35:12 - mkk_pika - database.py:101 - INFO - 保存成功：(C76)15513回目の長門有希 (涼宮ハルヒの憂鬱)
2026-02-21 23:35:12 - mkk_pika - main.py:35 - INFO - 开始检查(COMIC1☆4)キョン子で消失 (涼宮ハルヒの憂鬱)是否存在未下载章节
2026-02-21 23:35:12 - mkk_pika - main.py:45 - INFO - 正在下载:[(COMIC1☆4)キョン子で消失 (涼宮ハルヒの憂鬱)]-[くれじっと]-[['同人', '短篇', '性轉換', '純愛']]-[total_pages:26]
2026-02-21 23:35:12 - mkk_pika - main.py:49 - INFO - [{'_id': '5821939e5f6b9a4f93e6439b', 'title': '第1集', 'order': 1, 'updated_at': '2016-11-08T08:58:06.742Z', 'id': '5821939e5f6b9a4f93e6439b'}]
2026-02-21 23:35:12 - mkk_pika - database.py:215 - INFO - 第一次下载该漫画，记录数据库中
2026-02-21 23:35:13 - mkk_pika - main.py:83 - INFO - 找到 26 张图片在:第1集
2026-02-21 23:35:14 - mkk_pika - main.py:112 - INFO - [episode:第1集       ] downloaded:    26, total:  26, progress:100%
2026-02-21 23:35:14 - mkk_pika - database.py:238 - INFO - 数据库更新已下载章节
2026-02-21 23:35:14 - mkk_pika - database.py:244 - INFO - 该漫画已下载章节如下
2026-02-21 23:35:14 - mkk_pika - database.py:245 - INFO - ['第1集']
2026-02-21 23:35:15 - mkk_pika - main.py:348 - INFO - ==================== 漫画信息 ====================
                                   漫画ID：5821939e5f6b9a4f93e64399
                                   标题：(COMIC1☆4)キョン子で消失 (涼宮ハルヒの憂鬱)
                                   作者：くれじっと
                                   是否完结：是
                                   总页数：26
                                   分类：同人,短篇,性轉換,純愛
                                   章节数：1
                                   最后更新时间：2009-12-04T06:47:16.000Z
                                   =================================================
2026-02-21 23:35:15 - mkk_pika - database.py:101 - INFO - 保存成功：(COMIC1☆4)キョン子で消失 (涼宮ハルヒの憂鬱)
2026-02-21 23:35:15 - mkk_pika - main.py:35 - INFO - 开始检查彩百合是否存在未下载章节
2026-02-21 23:35:15 - mkk_pika - main.py:45 - INFO - 正在下载:[彩百合]-[剛田ナギ]-[['長篇', '百合花園']]-[total_pages:177]
2026-02-21 23:35:15 - mkk_pika - main.py:49 - INFO - [{'_id': '5821939f5f6b9a4f93e643d3', 'title': '第1集', 'order': 1, 'updated_at': '2016-11-08T08:58:07.407Z', 'id': '5821939f5f6b9a4f93e643d3'}]
2026-02-21 23:35:15 - mkk_pika - database.py:215 - INFO - 第一次下载该漫画，记录数据库中
2026-02-21 23:35:17 - mkk_pika - main.py:83 - INFO - 找到 177 张图片在:第1集
2026-02-21 23:35:21 - mkk_pika - main.py:112 - INFO - [episode:第1集       ] downloaded:   177, total: 177, progress:100%
2026-02-21 23:35:21 - mkk_pika - database.py:238 - INFO - 数据库更新已下载章节
2026-02-21 23:35:21 - mkk_pika - database.py:244 - INFO - 该漫画已下载章节如下
2026-02-21 23:35:21 - mkk_pika - database.py:245 - INFO - ['第1集']
2026-02-21 23:35:22 - mkk_pika - main.py:348 - INFO - ==================== 漫画信息 ====================
                                   漫画ID：5821939e5f6b9a4f93e643d1
                                   标题：彩百合
                                   作者：剛田ナギ
                                   是否完结：是
                                   总页数：177
                                   分类：長篇,百合花園
                                   章节数：1
                                   最后更新时间：2009-12-04T16:47:16.000Z
                                   =================================================
2026-02-21 23:35:22 - mkk_pika - database.py:101 - INFO - 保存成功：彩百合
2026-02-21 23:35:22 - mkk_pika - main.py:35 - INFO - 开始检查桃百合是否存在未下载章节
2026-02-21 23:35:22 - mkk_pika - main.py:45 - INFO - 正在下载:[桃百合]-[剛田ナギ]-[['長篇', '百合花園']]-[total_pages:167]
2026-02-21 23:35:22 - mkk_pika - main.py:49 - INFO - [{'_id': '582193a05f6b9a4f93e64539', 'title': '第1集', 'order': 1, 'updated_at': '2016-11-08T08:58:08.552Z', 'id': '582193a05f6b9a4f93e64539'}]
2026-02-21 23:35:22 - mkk_pika - database.py:215 - INFO - 第一次下载该漫画，记录数据库中
2026-02-21 23:35:24 - mkk_pika - main.py:83 - INFO - 找到 167 张图片在:第1集
2026-02-21 23:35:28 - mkk_pika - main.py:112 - INFO - [episode:第1集       ] downloaded:   167, total: 167, progress:100%
2026-02-21 23:35:28 - mkk_pika - database.py:238 - INFO - 数据库更新已下载章节
2026-02-21 23:35:28 - mkk_pika - database.py:244 - INFO - 该漫画已下载章节如下
2026-02-21 23:35:28 - mkk_pika - database.py:245 - INFO - ['第1集']
2026-02-21 23:35:29 - mkk_pika - main.py:348 - INFO - ==================== 漫画信息 ====================
                                   漫画ID：582193a05f6b9a4f93e64537
                                   标题：桃百合
                                   作者：剛田ナギ
                                   是否完结：是
                                   总页数：167
                                   分类：長篇,百合花園
                                   章节数：1
                                   最后更新时间：2009-12-05T02:47:16.000Z
                                   =================================================
2026-02-21 23:35:29 - mkk_pika - database.py:101 - INFO - 保存成功：桃百合
2026-02-21 23:35:29 - mkk_pika - main.py:35 - INFO - 开始检查青百合是否存在未下载章节
2026-02-21 23:35:29 - mkk_pika - main.py:45 - INFO - 正在下载:[青百合]-[剛田ナギ]-[['長篇', '百合花園']]-[total_pages:102]
2026-02-21 23:35:29 - mkk_pika - main.py:49 - INFO - [{'_id': '582193a15f6b9a4f93e6468b', 'title': '第1集', 'order': 1, 'updated_at': '2016-11-08T08:58:09.598Z', 'id': '582193a15f6b9a4f93e6468b'}]
2026-02-21 23:35:29 - mkk_pika - database.py:215 - INFO - 第一次下载该漫画，记录数据库中
2026-02-21 23:35:31 - mkk_pika - main.py:83 - INFO - 找到 102 张图片在:第1集
2026-02-21 23:35:33 - mkk_pika - main.py:112 - INFO - [episode:第1集       ] downloaded:   102, total: 102, progress:100%
2026-02-21 23:35:33 - mkk_pika - database.py:238 - INFO - 数据库更新已下载章节
2026-02-21 23:35:33 - mkk_pika - database.py:244 - INFO - 该漫画已下载章节如下
2026-02-21 23:35:33 - mkk_pika - database.py:245 - INFO - ['第1集']
2026-02-21 23:35:34 - mkk_pika - main.py:348 - INFO - ==================== 漫画信息 ====================
                                   漫画ID：582193a15f6b9a4f93e64689
                                   标题：青百合
                                   作者：剛田ナギ
                                   是否完结：是
                                   总页数：102
                                   分类：長篇,百合花園
                                   章节数：1
                                   最后更新时间：2009-12-05T12:47:16.000Z
                                   =================================================
2026-02-21 23:35:34 - mkk_pika - database.py:101 - INFO - 保存成功：青百合
2026-02-21 23:35:34 - mkk_pika - main.py:35 - INFO - 开始检查[いとうえい] その唇で囁いて是否存在未下载章节
2026-02-21 23:35:34 - mkk_pika - main.py:45 - INFO - 正在下载:[[いとうえい] その唇で囁いて]-[いとうえい]-[['長篇']]-[total_pages:242]
2026-02-21 23:35:34 - mkk_pika - main.py:49 - INFO - [{'_id': '582193a25f6b9a4f93e6475b', 'title': '第1集', 'order': 1, 'updated_at': '2016-11-08T08:58:10.673Z', 'id': '582193a25f6b9a4f93e6475b'}]
2026-02-21 23:35:34 - mkk_pika - database.py:215 - INFO - 第一次下载该漫画，记录数据库中
2026-02-21 23:35:37 - mkk_pika - main.py:83 - INFO - 找到 242 张图片在:第1集
2026-02-21 23:35:42 - mkk_pika - main.py:112 - INFO - [episode:第1集       ] downloaded:   242, total: 242, progress:100%
2026-02-21 23:35:42 - mkk_pika - database.py:238 - INFO - 数据库更新已下载章节
2026-02-21 23:35:42 - mkk_pika - database.py:244 - INFO - 该漫画已下载章节如下
2026-02-21 23:35:42 - mkk_pika - database.py:245 - INFO - ['第1集']
2026-02-21 23:35:43 - mkk_pika - main.py:348 - INFO - ==================== 漫画信息 ====================
                                   漫画ID：582193a25f6b9a4f93e64759
                                   标题：[いとうえい] その唇で囁いて
                                   作者：いとうえい
                                   是否完结：是
                                   总页数：242
                                   分类：長篇
                                   章节数：1
                                   最后更新时间：2009-12-05T22:47:16.000Z
                                   =================================================
2026-02-21 23:35:43 - mkk_pika - database.py:101 - INFO - 保存成功：[いとうえい] その唇で囁いて
2026-02-21 23:35:43 - mkk_pika - main.py:35 - INFO - 开始检查アルタナSP -君がいる世界- (涼宮ハルヒの憂鬱)是否存在未下载章节
2026-02-21 23:35:44 - mkk_pika - main.py:45 - INFO - 正在下载:[アルタナSP -君がいる世界- (涼宮ハルヒの憂鬱)]-[はぽい処 (岡崎武士)]-[['同人', '短篇', '非人類', '純愛']]-[total_pages:17]
2026-02-21 23:35:44 - mkk_pika - main.py:49 - INFO - [{'_id': '582193a45f6b9a4f93e64943', 'title': '第1集', 'order': 1, 'updated_at': '2016-11-08T08:58:12.625Z', 'id': '582193a45f6b9a4f93e64943'}]
2026-02-21 23:35:44 - mkk_pika - database.py:215 - INFO - 第一次下载该漫画，记录数据库中
2026-02-21 23:35:44 - mkk_pika - main.py:83 - INFO - 找到 17 张图片在:第1集
2026-02-21 23:35:45 - mkk_pika - main.py:112 - INFO - [episode:第1集       ] downloaded:    17, total:  17, progress:100%
2026-02-21 23:35:45 - mkk_pika - database.py:238 - INFO - 数据库更新已下载章节
2026-02-21 23:35:45 - mkk_pika - database.py:244 - INFO - 该漫画已下载章节如下
2026-02-21 23:35:45 - mkk_pika - database.py:245 - INFO - ['第1集']
2026-02-21 23:35:46 - mkk_pika - main.py:348 - INFO - ==================== 漫画信息 ====================
                                   漫画ID：582193a45f6b9a4f93e64941
                                   标题：アルタナSP -君がいる世界- (涼宮ハルヒの憂鬱)
                                   作者：はぽい処 (岡崎武士)
                                   是否完结：是
                                   总页数：17
                                   分类：同人,短篇,非人類,純愛
                                   章节数：1
                                   最后更新时间：2009-12-06T08:47:16.000Z
                                   =================================================
2026-02-21 23:35:46 - mkk_pika - database.py:101 - INFO - 保存成功：アルタナSP -君がいる世界- (涼宮ハルヒの憂鬱)
2026-02-21 23:35:46 - mkk_pika - main.py:35 - INFO - 开始检查[いとうえい] 恋の涙と愛の蜜是否存在未下载章节
2026-02-21 23:35:46 - mkk_pika - main.py:45 - INFO - 正在下载:[[いとうえい] 恋の涙と愛の蜜]-[いとうえい]-[['長篇']]-[total_pages:233]
2026-02-21 23:35:46 - mkk_pika - main.py:49 - INFO - [{'_id': '582193a55f6b9a4f93e64969', 'title': '第1集', 'order': 1, 'updated_at': '2016-11-08T08:58:13.326Z', 'id': '582193a55f6b9a4f93e64969'}]
2026-02-21 23:35:46 - mkk_pika - database.py:215 - INFO - 第一次下载该漫画，记录数据库中
2026-02-21 23:35:48 - mkk_pika - main.py:83 - INFO - 找到 233 张图片在:第1集
2026-02-21 23:35:53 - mkk_pika - main.py:112 - INFO - [episode:第1集       ] downloaded:   233, total: 233, progress:100%
2026-02-21 23:35:53 - mkk_pika - database.py:238 - INFO - 数据库更新已下载章节
2026-02-21 23:35:53 - mkk_pika - database.py:244 - INFO - 该漫画已下载章节如下
2026-02-21 23:35:53 - mkk_pika - database.py:245 - INFO - ['第1集']
2026-02-21 23:35:55 - mkk_pika - main.py:348 - INFO - ==================== 漫画信息 ====================
                                   漫画ID：582193a45f6b9a4f93e64967
                                   标题：[いとうえい] 恋の涙と愛の蜜
                                   作者：いとうえい
                                   是否完结：是
                                   总页数：233
                                   分类：長篇
                                   章节数：1
                                   最后更新时间：2009-12-06T18:47:16.000Z
                                   =================================================
2026-02-21 23:35:55 - mkk_pika - database.py:101 - INFO - 保存成功：[いとうえい] 恋の涙と愛の蜜
2026-02-21 23:35:55 - mkk_pika - main.py:35 - INFO - 开始检查(C80)アスカるーと(新世紀エヴァンゲリオン)是否存在未下载章节
2026-02-21 23:35:55 - mkk_pika - main.py:45 - INFO - 正在下载:[(C80)アスカるーと(新世紀エヴァンゲリオン)]-[ReDrop(宮本スモーク,おつまみ)]-[['同人', '短篇', '全彩']]-[total_pages:16]
2026-02-21 23:35:55 - mkk_pika - main.py:49 - INFO - [{'_id': '582193a75f6b9a4f93e64b3f', 'title': '第1集', 'order': 1, 'updated_at': '2016-11-08T08:58:15.300Z', 'id': '582193a75f6b9a4f93e64b3f'}]
2026-02-21 23:35:55 - mkk_pika - database.py:215 - INFO - 第一次下载该漫画，记录数据库中
2026-02-21 23:35:56 - mkk_pika - main.py:83 - INFO - 找到 16 张图片在:第1集
2026-02-21 23:35:56 - mkk_pika - main.py:112 - INFO - [episode:第1集       ] downloaded:    16, total:  16, progress:100%
2026-02-21 23:35:56 - mkk_pika - database.py:238 - INFO - 数据库更新已下载章节
2026-02-21 23:35:56 - mkk_pika - database.py:244 - INFO - 该漫画已下载章节如下
2026-02-21 23:35:56 - mkk_pika - database.py:245 - INFO - ['第1集']
2026-02-21 23:35:57 - mkk_pika - main.py:348 - INFO - ==================== 漫画信息 ====================
                                   漫画ID：582193a65f6b9a4f93e64b3d
                                   标题：(C80)アスカるーと(新世紀エヴァンゲリオン)
                                   作者：ReDrop(宮本スモーク,おつまみ)
                                   是否完结：是
                                   总页数：16
                                   分类：同人,短篇,全彩
                                   章节数：1
                                   最后更新时间：2009-12-07T04:47:16.000Z
                                   =================================================
2026-02-21 23:35:57 - mkk_pika - database.py:101 - INFO - 保存成功：(C80)アスカるーと(新世紀エヴァンゲリオン)
2026-02-21 23:35:57 - mkk_pika - main.py:35 - INFO - 开始检查[風與黑暗掃圖][いとうえい] 花のさえずり 花之淫聲浪語.rar是否存在未下载章节
2026-02-21 23:35:58 - mkk_pika - main.py:45 - INFO - 正在下载:[[風與黑暗掃圖][いとうえい] 花のさえずり 花之淫聲浪語.rar]-[風與黑暗掃圖]-[['長篇']]-[total_pages:225]
2026-02-21 23:35:58 - mkk_pika - main.py:49 - INFO - [{'_id': '582193a75f6b9a4f93e64b63', 'title': '第1集', 'order': 1, 'updated_at': '2016-11-08T08:58:15.966Z', 'id': '582193a75f6b9a4f93e64b63'}]
2026-02-21 23:35:58 - mkk_pika - database.py:215 - INFO - 第一次下载该漫画，记录数据库中
2026-02-21 23:36:00 - mkk_pika - main.py:83 - INFO - 找到 225 张图片在:第1集
2026-02-21 23:36:05 - mkk_pika - main.py:112 - INFO - [episode:第1集       ] downloaded:   225, total: 225, progress:100%
2026-02-21 23:36:05 - mkk_pika - database.py:238 - INFO - 数据库更新已下载章节
2026-02-21 23:36:05 - mkk_pika - database.py:244 - INFO - 该漫画已下载章节如下
2026-02-21 23:36:05 - mkk_pika - database.py:245 - INFO - ['第1集']
2026-02-21 23:36:06 - mkk_pika - main.py:348 - INFO - ==================== 漫画信息 ====================
                                   漫画ID：582193a75f6b9a4f93e64b61
                                   标题：[風與黑暗掃圖][いとうえい] 花のさえずり 花之淫聲浪語.rar
                                   作者：風與黑暗掃圖
                                   是否完结：是
                                   总页数：225
                                   分类：長篇
                                   章节数：1
                                   最后更新时间：2009-12-07T14:47:16.000Z
                                   =================================================
2026-02-21 23:36:06 - mkk_pika - database.py:101 - INFO - 保存成功：[風與黑暗掃圖][いとうえい] 花のさえずり 花之淫聲浪語.rar
2026-02-21 23:36:06 - mkk_pika - main.py:35 - INFO - 开始检查 [いとうえい][貴方を吸ってもイイですか？][字圖坊][中漫]是否存在未下载章节
2026-02-21 23:36:06 - mkk_pika - main.py:45 - INFO - 正在下载:[ [いとうえい][貴方を吸ってもイイですか？][字圖坊][中漫]]-[いとうえい]-[['長篇', '後宮閃光']]-[total_pages:243]
2026-02-21 23:36:06 - mkk_pika - main.py:49 - INFO - [{'_id': '582193a95f6b9a4f93e64d29', 'title': '第1集', 'order': 1, 'updated_at': '2016-11-08T08:58:17.738Z', 'id': '582193a95f6b9a4f93e64d29'}]
2026-02-21 23:36:06 - mkk_pika - database.py:215 - INFO - 第一次下载该漫画，记录数据库中
2026-02-21 23:36:09 - mkk_pika - main.py:83 - INFO - 找到 243 张图片在:第1集
2026-02-21 23:36:14 - mkk_pika - main.py:112 - INFO - [episode:第1集       ] downloaded:   243, total: 243, progress:100%
2026-02-21 23:36:14 - mkk_pika - database.py:238 - INFO - 数据库更新已下载章节
2026-02-21 23:36:14 - mkk_pika - database.py:244 - INFO - 该漫画已下载章节如下
2026-02-21 23:36:14 - mkk_pika - database.py:245 - INFO - ['第1集']
2026-02-21 23:36:15 - mkk_pika - main.py:348 - INFO - ==================== 漫画信息 ====================
                                   漫画ID：582193a95f6b9a4f93e64d27
                                   标题： [いとうえい][貴方を吸ってもイイですか？][字圖坊][中漫]
                                   作者：いとうえい
                                   是否完结：是
                                   总页数：243
                                   分类：長篇,後宮閃光
                                   章节数：1
                                   最后更新时间：2009-12-08T00:47:16.000Z
                                   =================================================
2026-02-21 23:36:15 - mkk_pika - database.py:101 - INFO - 保存成功： [いとうえい][貴方を吸ってもイイですか？][字圖坊][中漫]
2026-02-21 23:36:15 - mkk_pika - main.py:35 - INFO - 开始检查(C78)レンタルアスカ (新世紀エヴァンゲリオン)是否存在未下载章节
2026-02-21 23:36:15 - mkk_pika - main.py:45 - INFO - 正在下载:[(C78)レンタルアスカ (新世紀エヴァンゲリオン)]-[なかよひ(いづるみ)]-[['同人', '短篇']]-[total_pages:21]
2026-02-21 23:36:15 - mkk_pika - main.py:49 - INFO - [{'_id': '582193ab5f6b9a4f93e64f13', 'title': '第1集', 'order': 1, 'updated_at': '2016-11-08T08:58:19.737Z', 'id': '582193ab5f6b9a4f93e64f13'}]
2026-02-21 23:36:15 - mkk_pika - database.py:215 - INFO - 第一次下载该漫画，记录数据库中
2026-02-21 23:36:16 - mkk_pika - main.py:83 - INFO - 找到 21 张图片在:第1集
2026-02-21 23:36:17 - mkk_pika - main.py:112 - INFO - [episode:第1集       ] downloaded:    21, total:  21, progress:100%
2026-02-21 23:36:17 - mkk_pika - database.py:238 - INFO - 数据库更新已下载章节
2026-02-21 23:36:17 - mkk_pika - database.py:244 - INFO - 该漫画已下载章节如下
2026-02-21 23:36:17 - mkk_pika - database.py:245 - INFO - ['第1集']
2026-02-21 23:36:18 - mkk_pika - main.py:348 - INFO - ==================== 漫画信息 ====================
                                   漫画ID：582193ab5f6b9a4f93e64f11
                                   标题：(C78)レンタルアスカ (新世紀エヴァンゲリオン)
                                   作者：なかよひ(いづるみ)
                                   是否完结：是
                                   总页数：21
                                   分类：同人,短篇
                                   章节数：1
                                   最后更新时间：2009-12-08T10:47:16.000Z
                                   =================================================
2026-02-21 23:36:18 - mkk_pika - database.py:101 - INFO - 保存成功：(C78)レンタルアスカ (新世紀エヴァンゲリオン)
2026-02-21 23:36:18 - mkk_pika - main.py:35 - INFO - 开始检查(C76)Sweet fragrance (ヱヴァンゲリヲン新劇場版)是否存在未下载章节
2026-02-21 23:36:18 - mkk_pika - main.py:45 - INFO - 正在下载:[(C76)Sweet fragrance (ヱヴァンゲリヲン新劇場版)]-[小糸創作所 (ひなた睦月)]-[['同人', '短篇']]-[total_pages:19]
2026-02-21 23:36:18 - mkk_pika - main.py:49 - INFO - [{'_id': '582193ac5f6b9a4f93e64f41', 'title': '第1集', 'order': 1, 'updated_at': '2016-11-08T08:58:20.402Z', 'id': '582193ac5f6b9a4f93e64f41'}]
2026-02-21 23:36:18 - mkk_pika - database.py:215 - INFO - 第一次下载该漫画，记录数据库中
2026-02-21 23:36:19 - mkk_pika - main.py:83 - INFO - 找到 19 张图片在:第1集
2026-02-21 23:36:19 - mkk_pika - main.py:112 - INFO - [episode:第1集       ] downloaded:    19, total:  19, progress:100%
2026-02-21 23:36:19 - mkk_pika - database.py:238 - INFO - 数据库更新已下载章节
2026-02-21 23:36:19 - mkk_pika - database.py:244 - INFO - 该漫画已下载章节如下
2026-02-21 23:36:19 - mkk_pika - database.py:245 - INFO - ['第1集']
2026-02-21 23:36:21 - mkk_pika - main.py:348 - INFO - ==================== 漫画信息 ====================
                                   漫画ID：582193ab5f6b9a4f93e64f3f
                                   标题：(C76)Sweet fragrance (ヱヴァンゲリヲン新劇場版)
                                   作者：小糸創作所 (ひなた睦月)
                                   是否完结：是
                                   总页数：19
                                   分类：同人,短篇
                                   章节数：1
                                   最后更新时间：2009-12-08T20:47:16.000Z
                                   =================================================
2026-02-21 23:36:21 - mkk_pika - database.py:101 - INFO - 保存成功：(C76)Sweet fragrance (ヱヴァンゲリヲン新劇場版)
2026-02-21 23:36:21 - mkk_pika - main.py:35 - INFO - 开始检查[单双汉化] [ぐら乳頭] 満員電車 (COMIC MUJIN 2011年9月号-無修正)是否存在未下载章节
2026-02-21 23:36:21 - mkk_pika - main.py:45 - INFO - 正在下载:[[单双汉化] [ぐら乳頭] 満員電車 (COMIC MUJIN 2011年9月号-無修正)]-[ぐら乳頭]-[['短篇', '扶他樂園']]-[total_pages:27]
2026-02-21 23:36:21 - mkk_pika - main.py:49 - INFO - [{'_id': '582193ae5f6b9a4f93e65117', 'title': '第1集', 'order': 1, 'updated_at': '2016-11-08T08:58:22.449Z', 'id': '582193ae5f6b9a4f93e65117'}]
2026-02-21 23:36:21 - mkk_pika - database.py:215 - INFO - 第一次下载该漫画，记录数据库中
2026-02-21 23:36:21 - mkk_pika - main.py:83 - INFO - 找到 27 张图片在:第1集
2026-02-21 23:36:22 - mkk_pika - main.py:112 - INFO - [episode:第1集       ] downloaded:    27, total:  27, progress:100%
2026-02-21 23:36:22 - mkk_pika - database.py:238 - INFO - 数据库更新已下载章节
2026-02-21 23:36:22 - mkk_pika - database.py:244 - INFO - 该漫画已下载章节如下
2026-02-21 23:36:22 - mkk_pika - database.py:245 - INFO - ['第1集']
2026-02-21 23:36:23 - mkk_pika - main.py:348 - INFO - ==================== 漫画信息 ====================
                                   漫画ID：582193ad5f6b9a4f93e65115
                                   标题：[单双汉化] [ぐら乳頭] 満員電車 (COMIC MUJIN 2011年9月号-無修正)
                                   作者：ぐら乳頭
                                   是否完结：是
                                   总页数：27
                                   分类：短篇,扶他樂園
                                   章节数：1
                                   最后更新时间：2009-12-09T16:47:16.000Z
                                   =================================================
2026-02-21 23:36:23 - mkk_pika - database.py:101 - INFO - 保存成功：[单双汉化] [ぐら乳頭] 満員電車 (COMIC MUJIN 2011年9月号-無修正)
2026-02-21 23:36:23 - mkk_pika - main.py:35 - INFO - 开始检查[渣佛个人汉化] [ぐら乳頭] 姉姉 (COMIC MUJIN 2013年3月号)是否存在未下载章节
2026-02-21 23:36:24 - mkk_pika - main.py:45 - INFO - 正在下载:[[渣佛个人汉化] [ぐら乳頭] 姉姉 (COMIC MUJIN 2013年3月号)]-[ぐら乳頭]-[['短篇', '扶他樂園']]-[total_pages:30]
2026-02-21 23:36:24 - mkk_pika - main.py:49 - INFO - [{'_id': '582193af5f6b9a4f93e65151', 'title': '第1集', 'order': 1, 'updated_at': '2016-11-08T08:58:23.317Z', 'id': '582193af5f6b9a4f93e65151'}]
2026-02-21 23:36:24 - mkk_pika - database.py:215 - INFO - 第一次下载该漫画，记录数据库中
2026-02-21 23:36:24 - mkk_pika - main.py:83 - INFO - 找到 30 张图片在:第1集
2026-02-21 23:36:25 - mkk_pika - main.py:112 - INFO - [episode:第1集       ] downloaded:    30, total:  30, progress:100%
2026-02-21 23:36:25 - mkk_pika - database.py:238 - INFO - 数据库更新已下载章节
2026-02-21 23:36:25 - mkk_pika - database.py:244 - INFO - 该漫画已下载章节如下
2026-02-21 23:36:25 - mkk_pika - database.py:245 - INFO - ['第1集']
2026-02-21 23:36:26 - mkk_pika - main.py:348 - INFO - ==================== 漫画信息 ====================
                                   漫画ID：582193ae5f6b9a4f93e6514f
                                   标题：[渣佛个人汉化] [ぐら乳頭] 姉姉 (COMIC MUJIN 2013年3月号)
                                   作者：ぐら乳頭
                                   是否完结：是
                                   总页数：30
                                   分类：短篇,扶他樂園
                                   章节数：1
                                   最后更新时间：2009-12-10T02:47:16.000Z
                                   =================================================
2026-02-21 23:36:26 - mkk_pika - database.py:101 - INFO - 保存成功：[渣佛个人汉化] [ぐら乳頭] 姉姉 (COMIC MUJIN 2013年3月号)
2026-02-21 23:36:26 - mkk_pika - main.py:35 - INFO - 开始检查アスカの処女的衝撃 (エヴァンゲリオン)是否存在未下载章节
2026-02-21 23:36:27 - mkk_pika - main.py:45 - INFO - 正在下载:[アスカの処女的衝撃 (エヴァンゲリオン)]-[伪MIDI泥の会(石惠)]-[['同人', '短篇', '全彩']]-[total_pages:16]
2026-02-21 23:36:27 - mkk_pika - main.py:49 - INFO - [{'_id': '582193af5f6b9a4f93e65191', 'title': '第1集', 'order': 1, 'updated_at': '2016-11-08T08:58:23.940Z', 'id': '582193af5f6b9a4f93e65191'}]
2026-02-21 23:36:27 - mkk_pika - database.py:215 - INFO - 第一次下载该漫画，记录数据库中
2026-02-21 23:36:27 - mkk_pika - main.py:83 - INFO - 找到 16 张图片在:第1集
2026-02-21 23:36:28 - mkk_pika - main.py:112 - INFO - [episode:第1集       ] downloaded:    16, total:  16, progress:100%
2026-02-21 23:36:28 - mkk_pika - database.py:238 - INFO - 数据库更新已下载章节
2026-02-21 23:36:28 - mkk_pika - database.py:244 - INFO - 该漫画已下载章节如下
2026-02-21 23:36:28 - mkk_pika - database.py:245 - INFO - ['第1集']
2026-02-21 23:36:29 - mkk_pika - main.py:348 - INFO - ==================== 漫画信息 ====================
                                   漫画ID：582193af5f6b9a4f93e6518f
                                   标题：アスカの処女的衝撃 (エヴァンゲリオン)
                                   作者：伪MIDI泥の会(石惠)
                                   是否完结：是
                                   总页数：16
                                   分类：同人,短篇,全彩
                                   章节数：1
                                   最后更新时间：2009-12-10T12:47:16.000Z
                                   =================================================
2026-02-21 23:36:29 - mkk_pika - database.py:101 - INFO - 保存成功：アスカの処女的衝撃 (エヴァンゲリオン)
2026-02-21 23:36:29 - mkk_pika - main.py:35 - INFO - 开始检查[Gomennasai] Rokkā no kamisama(chinese)(修正)是否存在未下载章节
2026-02-21 23:36:29 - mkk_pika - main.py:45 - INFO - 正在下载:[[Gomennasai] Rokkā no kamisama(chinese)(修正)]-[御兔]-[['短篇']]-[total_pages:29]
2026-02-21 23:36:29 - mkk_pika - main.py:49 - INFO - [{'_id': '582193b05f6b9a4f93e651b5', 'title': '第1集', 'order': 1, 'updated_at': '2016-11-08T08:58:24.509Z', 'id': '582193b05f6b9a4f93e651b5'}]
2026-02-21 23:36:29 - mkk_pika - database.py:215 - INFO - 第一次下载该漫画，记录数据库中
2026-02-21 23:36:30 - mkk_pika - main.py:83 - INFO - 找到 29 张图片在:第1集
2026-02-21 23:36:30 - mkk_pika - main.py:112 - INFO - [episode:第1集       ] downloaded:    29, total:  29, progress:100%
2026-02-21 23:36:30 - mkk_pika - database.py:238 - INFO - 数据库更新已下载章节
2026-02-21 23:36:30 - mkk_pika - database.py:244 - INFO - 该漫画已下载章节如下
2026-02-21 23:36:30 - mkk_pika - database.py:245 - INFO - ['第1集']
2026-02-21 23:36:32 - mkk_pika - main.py:348 - INFO - ==================== 漫画信息 ====================
                                   漫画ID：582193af5f6b9a4f93e651b3
                                   标题：[Gomennasai] Rokkā no kamisama(chinese)(修正)
                                   作者：御兔
                                   是否完结：是
                                   总页数：29
                                   分类：短篇
                                   章节数：1
                                   最后更新时间：2009-12-10T22:47:16.000Z
                                   =================================================
2026-02-21 23:36:32 - mkk_pika - database.py:101 - INFO - 保存成功：[Gomennasai] Rokkā no kamisama(chinese)(修正)
2026-02-21 23:36:32 - mkk_pika - main.py:35 - INFO - 开始检查[Hatch]Monster(COMIC Aun 2014-03)[Chinese]是否存在未下载章节
2026-02-21 23:36:32 - mkk_pika - main.py:45 - INFO - 正在下载:[[Hatch]Monster(COMIC Aun 2014-03)[Chinese]]-[Hatch]-[['短篇']]-[total_pages:24]
2026-02-21 23:36:32 - mkk_pika - main.py:49 - INFO - [{'_id': '582193b15f6b9a4f93e651f3', 'title': '第1集', 'order': 1, 'updated_at': '2016-11-08T08:58:25.287Z', 'id': '582193b15f6b9a4f93e651f3'}]
2026-02-21 23:36:32 - mkk_pika - database.py:215 - INFO - 第一次下载该漫画，记录数据库中
2026-02-21 23:36:33 - mkk_pika - main.py:83 - INFO - 找到 24 张图片在:第1集
2026-02-21 23:36:33 - mkk_pika - main.py:112 - INFO - [episode:第1集       ] downloaded:    24, total:  24, progress:100%
2026-02-21 23:36:33 - mkk_pika - database.py:238 - INFO - 数据库更新已下载章节
2026-02-21 23:36:33 - mkk_pika - database.py:244 - INFO - 该漫画已下载章节如下
2026-02-21 23:36:33 - mkk_pika - database.py:245 - INFO - ['第1集']
2026-02-21 23:36:35 - mkk_pika - main.py:348 - INFO - ==================== 漫画信息 ====================
                                   漫画ID：582193b05f6b9a4f93e651f1
                                   标题：[Hatch]Monster(COMIC Aun 2014-03)[Chinese]
                                   作者：Hatch
                                   是否完结：是
                                   总页数：24
                                   分类：短篇
                                   章节数：1
                                   最后更新时间：2009-12-11T08:47:16.000Z
                                   =================================================
2026-02-21 23:36:35 - mkk_pika - database.py:101 - INFO - 保存成功：[Hatch]Monster(COMIC Aun 2014-03)[Chinese]
2026-02-21 23:36:35 - mkk_pika - main.py:35 - INFO - 开始检查[Kuro汉化](C83) [雨蘭の館(雨蘭)] りあるJS是否存在未下载章节
2026-02-21 23:36:35 - mkk_pika - main.py:45 - INFO - 正在下载:[[Kuro汉化](C83) [雨蘭の館(雨蘭)] りあるJS]-[雨蘭の館(雨蘭)]-[['短篇']]-[total_pages:27]
2026-02-21 23:36:35 - mkk_pika - main.py:49 - INFO - [{'_id': '582193b15f6b9a4f93e65227', 'title': '第1集', 'order': 1, 'updated_at': '2016-11-08T08:58:25.766Z', 'id': '582193b15f6b9a4f93e65227'}]
2026-02-21 23:36:35 - mkk_pika - database.py:215 - INFO - 第一次下载该漫画，记录数据库中
2026-02-21 23:36:36 - mkk_pika - main.py:83 - INFO - 找到 27 张图片在:第1集
2026-02-21 23:36:36 - mkk_pika - main.py:112 - INFO - [episode:第1集       ] downloaded:    27, total:  27, progress:100%
2026-02-21 23:36:36 - mkk_pika - database.py:238 - INFO - 数据库更新已下载章节
2026-02-21 23:36:36 - mkk_pika - database.py:244 - INFO - 该漫画已下载章节如下
2026-02-21 23:36:36 - mkk_pika - database.py:245 - INFO - ['第1集']
2026-02-21 23:36:38 - mkk_pika - main.py:348 - INFO - ==================== 漫画信息 ====================
                                   漫画ID：582193b15f6b9a4f93e65225
                                   标题：[Kuro汉化](C83) [雨蘭の館(雨蘭)] りあるJS
                                   作者：雨蘭の館(雨蘭)
                                   是否完结：是
                                   总页数：27
                                   分类：短篇
                                   章节数：1
                                   最后更新时间：2009-12-11T18:47:16.000Z
                                   =================================================
2026-02-21 23:36:38 - mkk_pika - database.py:101 - INFO - 保存成功：[Kuro汉化](C83) [雨蘭の館(雨蘭)] りあるJS
2026-02-21 23:36:38 - mkk_pika - main.py:35 - INFO - 开始检查[LaoMeng (老孟)] VeryShy01 (お兄ちゃんだけど愛さえあれば関係ないよねっ) (FF21) [中文]是否存在未下载章节
2026-02-21 23:36:38 - mkk_pika - main.py:45 - INFO - 正在下载:[[LaoMeng (老孟)] VeryShy01 (お兄ちゃんだけど愛さえあれば関係ないよねっ) (FF21) [中文]]-[VeryShy01]-[['短篇']]-[total_pages:23]
2026-02-21 23:36:38 - mkk_pika - main.py:49 - INFO - [{'_id': '582193b25f6b9a4f93e65261', 'title': '第1集', 'order': 1, 'updated_at': '2016-11-08T08:58:26.289Z', 'id': '582193b25f6b9a4f93e65261'}]
2026-02-21 23:36:38 - mkk_pika - database.py:215 - INFO - 第一次下载该漫画，记录数据库中
2026-02-21 23:36:39 - mkk_pika - main.py:83 - INFO - 找到 23 张图片在:第1集
2026-02-21 23:36:39 - mkk_pika - main.py:112 - INFO - [episode:第1集       ] downloaded:    23, total:  23, progress:100%
2026-02-21 23:36:39 - mkk_pika - database.py:238 - INFO - 数据库更新已下载章节
2026-02-21 23:36:39 - mkk_pika - database.py:244 - INFO - 该漫画已下载章节如下
2026-02-21 23:36:39 - mkk_pika - database.py:245 - INFO - ['第1集']
2026-02-21 23:36:41 - mkk_pika - main.py:348 - INFO - ==================== 漫画信息 ====================
                                   漫画ID：582193b15f6b9a4f93e6525f
                                   标题：[LaoMeng (老孟)] VeryShy01 (お兄ちゃんだけど愛さえあれば関係ないよねっ) (FF21) [中文]
                                   作者：VeryShy01
                                   是否完结：否
                                   总页数：23
                                   分类：短篇
                                   章节数：1
                                   最后更新时间：2009-12-12T04:47:16.000Z
                                   =================================================
2026-02-21 23:36:41 - mkk_pika - database.py:101 - INFO - 保存成功：[LaoMeng (老孟)] VeryShy01 (お兄ちゃんだけど愛さえあれば関係ないよねっ) (FF21) [中文]
2026-02-21 23:36:41 - mkk_pika - main.py:35 - INFO - 开始检查(C65)アスカ服従日記(EVA同人誌)是否存在未下载章节
2026-02-21 23:36:41 - mkk_pika - main.py:45 - INFO - 正在下载:[(C65)アスカ服従日記(EVA同人誌)]-[なかよひ いづるみ]-[['同人', '短篇', 'NTR', '強暴']]-[total_pages:181]
2026-02-21 23:36:41 - mkk_pika - main.py:49 - INFO - [{'_id': '582193b35f6b9a4f93e65293', 'title': '第1集', 'order': 1, 'updated_at': '2016-11-08T08:58:27.095Z', 'id': '582193b35f6b9a4f93e65293'}, {'_id': '582193b35f6b9a4f93e652c1', 'title': '第2集', 'order': 2, 'updated_at': '2016-11-08T08:58:27.732Z', 'id': '582193b35f6b9a4f93e652c1'}, {'_id': '582193b45f6b9a4f93e652ef', 'title': '第3集', 'order': 3, 'updated_at': '2016-11-08T08:58:28.154Z', 'id': '582193b45f6b9a4f93e652ef'}, {'_id': '582193b45f6b9a4f93e65331', 'title': '第4集', 'order': 4, 'updated_at': '2016-11-08T08:58:28.852Z', 'id': '582193b45f6b9a4f93e65331'}, {'_id': '582193b55f6b9a4f93e65369', 'title': '第5集', 'order': 5, 'updated_at': '2016-11-08T08:58:29.444Z', 'id': '582193b55f6b9a4f93e65369'}, {'_id': '582193b55f6b9a4f93e6539d', 'title': '第6集', 'order': 6, 'updated_at': '2016-11-08T08:58:29.769Z', 'id': '582193b55f6b9a4f93e6539d'}, {'_id': '582193b65f6b9a4f93e653d5', 'title': '第7集', 'order': 7, 'updated_at': '2016-11-08T08:58:30.117Z', 'id': '582193b65f6b9a4f93e653d5'}]
2026-02-21 23:36:41 - mkk_pika - database.py:215 - INFO - 第一次下载该漫画，记录数据库中
2026-02-21 23:36:42 - mkk_pika - main.py:83 - INFO - 找到 22 张图片在:第1集
2026-02-21 23:36:42 - mkk_pika - main.py:112 - INFO - [episode:第1集       ] downloaded:    22, total:  22, progress:100%
2026-02-21 23:36:42 - mkk_pika - database.py:238 - INFO - 数据库更新已下载章节
2026-02-21 23:36:42 - mkk_pika - database.py:244 - INFO - 该漫画已下载章节如下
2026-02-21 23:36:42 - mkk_pika - database.py:245 - INFO - ['第1集']
2026-02-21 23:36:44 - mkk_pika - main.py:83 - INFO - 找到 22 张图片在:第2集
2026-02-21 23:36:44 - mkk_pika - main.py:112 - INFO - [episode:第2集       ] downloaded:    22, total:  22, progress:100%
2026-02-21 23:36:44 - mkk_pika - database.py:238 - INFO - 数据库更新已下载章节
2026-02-21 23:36:44 - mkk_pika - database.py:244 - INFO - 该漫画已下载章节如下
2026-02-21 23:36:44 - mkk_pika - database.py:245 - INFO - ['第1集', '第2集']
2026-02-21 23:36:46 - mkk_pika - main.py:83 - INFO - 找到 32 张图片在:第3集
2026-02-21 23:36:47 - mkk_pika - main.py:112 - INFO - [episode:第3集       ] downloaded:    32, total:  32, progress:100%
2026-02-21 23:36:47 - mkk_pika - database.py:238 - INFO - 数据库更新已下载章节
2026-02-21 23:36:47 - mkk_pika - database.py:244 - INFO - 该漫画已下载章节如下
2026-02-21 23:36:47 - mkk_pika - database.py:245 - INFO - ['第1集', '第2集', '第3集']
2026-02-21 23:36:48 - mkk_pika - main.py:83 - INFO - 找到 27 张图片在:第4集
2026-02-21 23:36:49 - mkk_pika - main.py:112 - INFO - [episode:第4集       ] downloaded:    27, total:  27, progress:100%
2026-02-21 23:36:49 - mkk_pika - database.py:238 - INFO - 数据库更新已下载章节
2026-02-21 23:36:49 - mkk_pika - database.py:244 - INFO - 该漫画已下载章节如下
2026-02-21 23:36:49 - mkk_pika - database.py:245 - INFO - ['第1集', '第2集', '第3集', '第4集']
2026-02-21 23:36:50 - mkk_pika - main.py:83 - INFO - 找到 25 张图片在:第5集
2026-02-21 23:36:51 - mkk_pika - main.py:112 - INFO - [episode:第5集       ] downloaded:    25, total:  25, progress:100%
2026-02-21 23:36:51 - mkk_pika - database.py:238 - INFO - 数据库更新已下载章节
2026-02-21 23:36:51 - mkk_pika - database.py:244 - INFO - 该漫画已下载章节如下
2026-02-21 23:36:51 - mkk_pika - database.py:245 - INFO - ['第1集', '第2集', '第3集', '第4集', '第5集']
2026-02-21 23:36:53 - mkk_pika - main.py:83 - INFO - 找到 27 张图片在:第6集
2026-02-21 23:36:53 - mkk_pika - main.py:112 - INFO - [episode:第6集       ] downloaded:    27, total:  27, progress:100%
2026-02-21 23:36:53 - mkk_pika - database.py:238 - INFO - 数据库更新已下载章节
2026-02-21 23:36:53 - mkk_pika - database.py:244 - INFO - 该漫画已下载章节如下
2026-02-21 23:36:53 - mkk_pika - database.py:245 - INFO - ['第1集', '第2集', '第3集', '第4集', '第5集', '第6集']
2026-02-21 23:36:55 - mkk_pika - main.py:83 - INFO - 找到 26 张图片在:第7集
2026-02-21 23:36:55 - mkk_pika - main.py:112 - INFO - [episode:第7集       ] downloaded:    26, total:  26, progress:100%
2026-02-21 23:36:55 - mkk_pika - database.py:238 - INFO - 数据库更新已下载章节
2026-02-21 23:36:55 - mkk_pika - database.py:244 - INFO - 该漫画已下载章节如下
2026-02-21 23:36:55 - mkk_pika - database.py:245 - INFO - ['第1集', '第2集', '第3集', '第4集', '第5集', '第6集', '第7集']
2026-02-21 23:36:57 - mkk_pika - main.py:348 - INFO - ==================== 漫画信息 ====================
                                   漫画ID：582193b25f6b9a4f93e65291
                                   标题：(C65)アスカ服従日記(EVA同人誌)
                                   作者：なかよひ いづるみ
                                   是否完结：是
                                   总页数：181
                                   分类：同人,短篇,NTR,強暴
                                   章节数：7
                                   最后更新时间：2009-12-12T14:47:16.000Z
                                   =================================================
2026-02-21 23:36:57 - mkk_pika - database.py:101 - INFO - 保存成功：(C65)アスカ服従日記(EVA同人誌)
2026-02-21 23:36:57 - mkk_pika - main.py:35 - INFO - 开始检查[アズマサワヨシ]あやかし館へようこそ(btboy12个人汉化)是否存在未下载章节
2026-02-21 23:36:57 - mkk_pika - main.py:45 - INFO - 正在下载:[[アズマサワヨシ]あやかし館へようこそ(btboy12个人汉化)]-[アズマサワヨシ]-[['短篇']]-[total_pages:20]
2026-02-21 23:36:57 - mkk_pika - main.py:49 - INFO - [{'_id': '582193b65f6b9a4f93e6540d', 'title': '第1集', 'order': 1, 'updated_at': '2016-11-08T08:58:30.593Z', 'id': '582193b65f6b9a4f93e6540d'}]
2026-02-21 23:36:57 - mkk_pika - database.py:215 - INFO - 第一次下载该漫画，记录数据库中
2026-02-21 23:36:59 - mkk_pika - main.py:83 - INFO - 找到 20 张图片在:第1集
2026-02-21 23:36:59 - mkk_pika - main.py:112 - INFO - [episode:第1集       ] downloaded:    20, total:  20, progress:100%
2026-02-21 23:36:59 - mkk_pika - database.py:238 - INFO - 数据库更新已下载章节
2026-02-21 23:36:59 - mkk_pika - database.py:244 - INFO - 该漫画已下载章节如下
2026-02-21 23:36:59 - mkk_pika - database.py:245 - INFO - ['第1集']
2026-02-21 23:37:01 - mkk_pika - main.py:348 - INFO - ==================== 漫画信息 ====================
                                   漫画ID：582193b65f6b9a4f93e6540b
                                   标题：[アズマサワヨシ]あやかし館へようこそ(btboy12个人汉化)
                                   作者：アズマサワヨシ
                                   是否完结：是
                                   总页数：20
                                   分类：短篇
                                   章节数：1
                                   最后更新时间：2009-12-13T00:47:16.000Z
                                   =================================================
2026-02-21 23:37:01 - mkk_pika - database.py:101 - INFO - 保存成功：[アズマサワヨシ]あやかし館へようこそ(btboy12个人汉化)
2026-02-21 23:37:01 - mkk_pika - main.py:35 - INFO - 开始检查SWORD FISH (新世紀エヴァンゲリオン)是否存在未下载章节
2026-02-21 23:37:01 - mkk_pika - main.py:45 - INFO - 正在下载:[SWORD FISH (新世紀エヴァンゲリオン)]-[なかよひ (いづるみ)]-[['同人', '短篇']]-[total_pages:19]
2026-02-21 23:37:01 - mkk_pika - main.py:49 - INFO - [{'_id': '582193b75f6b9a4f93e65439', 'title': '第1集', 'order': 1, 'updated_at': '2016-11-08T08:58:31.019Z', 'id': '582193b75f6b9a4f93e65439'}]
2026-02-21 23:37:01 - mkk_pika - database.py:215 - INFO - 第一次下载该漫画，记录数据库中
2026-02-21 23:37:02 - mkk_pika - main.py:83 - INFO - 找到 19 张图片在:第1集
2026-02-21 23:37:02 - mkk_pika - main.py:112 - INFO - [episode:第1集       ] downloaded:    19, total:  19, progress:100%
2026-02-21 23:37:02 - mkk_pika - database.py:238 - INFO - 数据库更新已下载章节
2026-02-21 23:37:02 - mkk_pika - database.py:244 - INFO - 该漫画已下载章节如下
2026-02-21 23:37:02 - mkk_pika - database.py:245 - INFO - ['第1集']
2026-02-21 23:37:03 - mkk_pika - main.py:348 - INFO - ==================== 漫画信息 ====================
                                   漫画ID：582193b65f6b9a4f93e65437
                                   标题：SWORD FISH (新世紀エヴァンゲリオン)
                                   作者：なかよひ (いづるみ)
                                   是否完结：是
                                   总页数：19
                                   分类：同人,短篇
                                   章节数：1
                                   最后更新时间：2009-12-13T10:47:16.000Z
                                   =================================================
2026-02-21 23:37:03 - mkk_pika - database.py:101 - INFO - 保存成功：SWORD FISH (新世紀エヴァンゲリオン)
2026-02-21 23:37:03 - mkk_pika - main.py:35 - INFO - 开始检查エッチなコスプレ アスカを召し上がれ (Evangelion)是否存在未下载章节
2026-02-21 23:37:04 - mkk_pika - main.py:45 - INFO - 正在下载:[エッチなコスプレ アスカを召し上がれ (Evangelion)]-[〆切り3分前 (月見大福)]-[['同人', '短篇', '純愛']]-[total_pages:30]
2026-02-21 23:37:04 - mkk_pika - main.py:49 - INFO - [{'_id': '582193b75f6b9a4f93e65463', 'title': '第1集', 'order': 1, 'updated_at': '2016-11-08T08:58:31.688Z', 'id': '582193b75f6b9a4f93e65463'}]
2026-02-21 23:37:04 - mkk_pika - database.py:215 - INFO - 第一次下载该漫画，记录数据库中
2026-02-21 23:37:04 - mkk_pika - main.py:83 - INFO - 找到 30 张图片在:第1集
2026-02-21 23:37:05 - mkk_pika - main.py:112 - INFO - [episode:第1集       ] downloaded:    30, total:  30, progress:100%
2026-02-21 23:37:05 - mkk_pika - database.py:238 - INFO - 数据库更新已下载章节
2026-02-21 23:37:05 - mkk_pika - database.py:244 - INFO - 该漫画已下载章节如下
2026-02-21 23:37:05 - mkk_pika - database.py:245 - INFO - ['第1集']
2026-02-21 23:37:06 - mkk_pika - main.py:348 - INFO - ==================== 漫画信息 ====================
                                   漫画ID：582193b75f6b9a4f93e65461
                                   标题：エッチなコスプレ アスカを召し上がれ (Evangelion)
                                   作者：〆切り3分前 (月見大福)
                                   是否完结：是
                                   总页数：30
                                   分类：同人,短篇,純愛
                                   章节数：1
                                   最后更新时间：2009-12-13T20:47:16.000Z
                                   =================================================
2026-02-21 23:37:06 - mkk_pika - database.py:101 - INFO - 保存成功：エッチなコスプレ アスカを召し上がれ (Evangelion)
2026-02-21 23:37:06 - mkk_pika - main.py:35 - INFO - 开始检查(C76)Poka² (エヴァ)是否存在未下载章节
2026-02-21 23:37:07 - mkk_pika - main.py:45 - INFO - 正在下载:[(C76)Poka² (エヴァ)]-[無限軌道A]-[['同人', '短篇', '後宮閃光']]-[total_pages:27]
2026-02-21 23:37:07 - mkk_pika - main.py:49 - INFO - [{'_id': '582193b85f6b9a4f93e654a3', 'title': '第1集', 'order': 1, 'updated_at': '2016-11-08T08:58:32.405Z', 'id': '582193b85f6b9a4f93e654a3'}]
2026-02-21 23:37:07 - mkk_pika - database.py:215 - INFO - 第一次下载该漫画，记录数据库中
2026-02-21 23:37:07 - mkk_pika - main.py:83 - INFO - 找到 27 张图片在:第1集
2026-02-21 23:37:08 - mkk_pika - main.py:112 - INFO - [episode:第1集       ] downloaded:    27, total:  27, progress:100%
2026-02-21 23:37:08 - mkk_pika - database.py:238 - INFO - 数据库更新已下载章节
2026-02-21 23:37:08 - mkk_pika - database.py:244 - INFO - 该漫画已下载章节如下
2026-02-21 23:37:08 - mkk_pika - database.py:245 - INFO - ['第1集']
2026-02-21 23:37:09 - mkk_pika - main.py:348 - INFO - ==================== 漫画信息 ====================
                                   漫画ID：582193b75f6b9a4f93e654a1
                                   标题：(C76)Poka² (エヴァ)
                                   作者：無限軌道A
                                   是否完结：是
                                   总页数：27
                                   分类：同人,短篇,後宮閃光
                                   章节数：1
                                   最后更新时间：2009-12-14T06:47:16.000Z
                                   =================================================
2026-02-21 23:37:09 - mkk_pika - database.py:101 - INFO - 保存成功：(C76)Poka² (エヴァ)
2026-02-21 23:37:09 - mkk_pika - main.py:35 - INFO - 开始检查CL-orz EVA同人2本是否存在未下载章节
2026-02-21 23:37:09 - mkk_pika - main.py:45 - INFO - 正在下载:[CL-orz EVA同人2本]-[クレスタ (呉マサヒロ)]-[['同人', '短篇', '全彩']]-[total_pages:32]
2026-02-21 23:37:09 - mkk_pika - main.py:49 - INFO - [{'_id': '582193b95f6b9a4f93e654dd', 'title': '第1集', 'order': 1, 'updated_at': '2016-11-08T08:58:33.110Z', 'id': '582193b95f6b9a4f93e654dd'}, {'_id': '582193b95f6b9a4f93e654ff', 'title': '第2集', 'order': 2, 'updated_at': '2016-11-08T08:58:33.435Z', 'id': '582193b95f6b9a4f93e654ff'}]
2026-02-21 23:37:09 - mkk_pika - database.py:215 - INFO - 第一次下载该漫画，记录数据库中
2026-02-21 23:37:10 - mkk_pika - main.py:83 - INFO - 找到 16 张图片在:第1集
2026-02-21 23:37:10 - mkk_pika - main.py:112 - INFO - [episode:第1集       ] downloaded:    16, total:  16, progress:100%
2026-02-21 23:37:10 - mkk_pika - database.py:238 - INFO - 数据库更新已下载章节
2026-02-21 23:37:10 - mkk_pika - database.py:244 - INFO - 该漫画已下载章节如下
2026-02-21 23:37:10 - mkk_pika - database.py:245 - INFO - ['第1集']
2026-02-21 23:37:12 - mkk_pika - main.py:83 - INFO - 找到 16 张图片在:第2集
2026-02-21 23:37:13 - mkk_pika - main.py:112 - INFO - [episode:第2集       ] downloaded:    16, total:  16, progress:100%
2026-02-21 23:37:13 - mkk_pika - database.py:238 - INFO - 数据库更新已下载章节
2026-02-21 23:37:13 - mkk_pika - database.py:244 - INFO - 该漫画已下载章节如下
2026-02-21 23:37:13 - mkk_pika - database.py:245 - INFO - ['第1集', '第2集']
2026-02-21 23:37:14 - mkk_pika - main.py:348 - INFO - ==================== 漫画信息 ====================
                                   漫画ID：582193b85f6b9a4f93e654db
                                   标题：CL-orz EVA同人2本
                                   作者：クレスタ (呉マサヒロ)
                                   是否完结：是
                                   总页数：32
                                   分类：同人,短篇,全彩
                                   章节数：2
                                   最后更新时间：2009-12-14T16:47:16.000Z
                                   =================================================
2026-02-21 23:37:14 - mkk_pika - database.py:101 - INFO - 保存成功：CL-orz EVA同人2本
2026-02-21 23:37:14 - mkk_pika - main.py:35 - INFO - 开始检查[LJY个人汉化][HANABi]放课后おなほ~る (Girls forM Vol. 10) [Chinese]是否存在未下载章节
2026-02-21 23:37:14 - mkk_pika - main.py:45 - INFO - 正在下载:[[LJY个人汉化][HANABi]放课后おなほ~る (Girls forM Vol. 10) [Chinese]]-[HANABi]-[['SM', '短篇', '足の恋']]-[total_pages:26]
2026-02-21 23:37:14 - mkk_pika - main.py:49 - INFO - [{'_id': '582193bb5f6b9a4f93e65731', 'title': '第1集', 'order': 1, 'updated_at': '2016-11-08T08:58:35.108Z', 'id': '582193bb5f6b9a4f93e65731'}]
2026-02-21 23:37:14 - mkk_pika - database.py:215 - INFO - 第一次下载该漫画，记录数据库中
2026-02-21 23:37:15 - mkk_pika - main.py:83 - INFO - 找到 26 张图片在:第1集
2026-02-21 23:37:15 - mkk_pika - main.py:112 - INFO - [episode:第1集       ] downloaded:    26, total:  26, progress:100%
2026-02-21 23:37:15 - mkk_pika - database.py:238 - INFO - 数据库更新已下载章节
2026-02-21 23:37:15 - mkk_pika - database.py:244 - INFO - 该漫画已下载章节如下
2026-02-21 23:37:15 - mkk_pika - database.py:245 - INFO - ['第1集']
2026-02-21 23:37:17 - mkk_pika - main.py:348 - INFO - ==================== 漫画信息 ====================
                                   漫画ID：582193ba5f6b9a4f93e6572f
                                   标题：[LJY个人汉化][HANABi]放课后おなほ~る (Girls forM Vol. 10) [Chinese]
                                   作者：HANABi
                                   是否完结：是
                                   总页数：26
                                   分类：SM,短篇,足の恋
                                   章节数：1
                                   最后更新时间：2009-12-15T22:47:16.000Z
                                   =================================================
2026-02-21 23:37:17 - mkk_pika - database.py:101 - INFO - 保存成功：[LJY个人汉化][HANABi]放课后おなほ~る (Girls forM Vol. 10) [Chinese]
2026-02-21 23:37:17 - mkk_pika - main.py:35 - INFO - 开始检查[無毒漢化組](C88) [冬扇草堂 (冬扇)] ばらにく! (ローゼンメイデン)是否存在未下载章节
2026-02-21 23:37:17 - mkk_pika - main.py:45 - INFO - 正在下载:[[無毒漢化組](C88) [冬扇草堂 (冬扇)] ばらにく! (ローゼンメイデン)]-[冬扇草堂 (冬扇)]-[['同人', '短篇', '百合花園', '扶他樂園']]-[total_pages:27]
2026-02-21 23:37:17 - mkk_pika - main.py:49 - INFO - [{'_id': '582193bb5f6b9a4f93e65769', 'title': '第1集', 'order': 1, 'updated_at': '2016-11-08T08:58:35.591Z', 'id': '582193bb5f6b9a4f93e65769'}]
2026-02-21 23:37:17 - mkk_pika - database.py:215 - INFO - 第一次下载该漫画，记录数据库中
2026-02-21 23:37:18 - mkk_pika - main.py:83 - INFO - 找到 27 张图片在:第1集
2026-02-21 23:37:18 - mkk_pika - main.py:112 - INFO - [episode:第1集       ] downloaded:    27, total:  27, progress:100%
2026-02-21 23:37:18 - mkk_pika - database.py:238 - INFO - 数据库更新已下载章节
2026-02-21 23:37:18 - mkk_pika - database.py:244 - INFO - 该漫画已下载章节如下
2026-02-21 23:37:18 - mkk_pika - database.py:245 - INFO - ['第1集']
2026-02-21 23:37:19 - mkk_pika - main.py:348 - INFO - ==================== 漫画信息 ====================
                                   漫画ID：582193bb5f6b9a4f93e65767
                                   标题：[無毒漢化組](C88) [冬扇草堂 (冬扇)] ばらにく! (ローゼンメイデン)
                                   作者：冬扇草堂 (冬扇)
                                   是否完结：是
                                   总页数：27
                                   分类：同人,短篇,百合花園,扶他樂園
                                   章节数：1
                                   最后更新时间：2009-12-16T08:47:16.000Z
                                   =================================================
2026-02-21 23:37:19 - mkk_pika - database.py:101 - INFO - 保存成功：[無毒漢化組](C88) [冬扇草堂 (冬扇)] ばらにく! (ローゼンメイデン)
2026-02-21 23:37:19 - mkk_pika - main.py:35 - INFO - 开始检查(砲雷撃戦!よーい!&軍令部酒保合同演習三戦目) [パンダが一匹。 (コミズミコ)] 北上サマーバケーション (艦隊これくしょん -艦これ-) [屏幕髒了漢化組]是否存在未下载章节
2026-02-21 23:37:20 - mkk_pika - main.py:45 - INFO - 正在下载:[(砲雷撃戦!よーい!&軍令部酒保合同演習三戦目) [パンダが一匹。 (コミズミコ)] 北上サマーバケーション (艦隊これくしょん -艦これ-) [屏幕髒了漢化組]]-[パンダが一匹。 (コミズミコ)]-[['同人', '短篇', '純愛']]-[total_pages:36]
2026-02-21 23:37:20 - mkk_pika - main.py:49 - INFO - [{'_id': '582193bc5f6b9a4f93e657a3', 'title': '第1集', 'order': 1, 'updated_at': '2016-11-08T08:58:36.311Z', 'id': '582193bc5f6b9a4f93e657a3'}]
2026-02-21 23:37:20 - mkk_pika - database.py:215 - INFO - 第一次下载该漫画，记录数据库中
2026-02-21 23:37:20 - mkk_pika - main.py:83 - INFO - 找到 36 张图片在:第1集
2026-02-21 23:37:21 - mkk_pika - main.py:112 - INFO - [episode:第1集       ] downloaded:    36, total:  36, progress:100%
2026-02-21 23:37:21 - mkk_pika - database.py:238 - INFO - 数据库更新已下载章节
2026-02-21 23:37:21 - mkk_pika - database.py:244 - INFO - 该漫画已下载章节如下
2026-02-21 23:37:21 - mkk_pika - database.py:245 - INFO - ['第1集']
2026-02-21 23:37:22 - mkk_pika - main.py:348 - INFO - ==================== 漫画信息 ====================
                                   漫画ID：582193bb5f6b9a4f93e657a1
                                   标题：(砲雷撃戦!よーい!&軍令部酒保合同演習三戦目) [パンダが一匹。 (コミズミコ)] 北上サマーバケーション (艦隊これくしょん -艦これ-) [屏幕髒了漢化組]
                                   作者：パンダが一匹。 (コミズミコ)
                                   是否完结：是
                                   总页数：36
                                   分类：同人,短篇,純愛
                                   章节数：1
                                   最后更新时间：2009-12-16T18:47:16.000Z
                                   =================================================
2026-02-21 23:37:22 - mkk_pika - database.py:101 - INFO - 保存成功：(砲雷撃戦!よーい!&軍令部酒保合同演習三戦目) [パンダが一匹。 (コミズミコ)] 北上サマーバケーション (艦隊これくしょん -艦これ-) [屏幕髒了漢化組]
2026-02-21 23:37:22 - mkk_pika - main.py:35 - INFO - 开始检查[板場広し] 肉食学園 痴女教師 [風的工房]是否存在未下载章节
2026-02-21 23:37:23 - mkk_pika - main.py:45 - INFO - 正在下载:[[板場広し] 肉食学園 痴女教師 [風的工房]]-[板場広し]-[['長篇']]-[total_pages:226]
2026-02-21 23:37:23 - mkk_pika - main.py:49 - INFO - [{'_id': '582193bc5f6b9a4f93e657ef', 'title': '第1集', 'order': 1, 'updated_at': '2016-11-08T08:58:36.858Z', 'id': '582193bc5f6b9a4f93e657ef'}]
2026-02-21 23:37:23 - mkk_pika - database.py:215 - INFO - 第一次下载该漫画，记录数据库中
2026-02-21 23:37:25 - mkk_pika - main.py:83 - INFO - 找到 226 张图片在:第1集
2026-02-21 23:37:30 - mkk_pika - main.py:112 - INFO - [episode:第1集       ] downloaded:   226, total: 226, progress:100%
2026-02-21 23:37:30 - mkk_pika - database.py:238 - INFO - 数据库更新已下载章节
2026-02-21 23:37:30 - mkk_pika - database.py:244 - INFO - 该漫画已下载章节如下
2026-02-21 23:37:30 - mkk_pika - database.py:245 - INFO - ['第1集']
2026-02-21 23:37:31 - mkk_pika - main.py:348 - INFO - ==================== 漫画信息 ====================
                                   漫画ID：582193bc5f6b9a4f93e657ed
                                   标题：[板場広し] 肉食学園 痴女教師 [風的工房]
                                   作者：板場広し
                                   是否完结：是
                                   总页数：226
                                   分类：長篇
                                   章节数：1
                                   最后更新时间：2009-12-17T04:47:16.000Z
                                   =================================================
2026-02-21 23:37:31 - mkk_pika - database.py:101 - INFO - 保存成功：[板場広し] 肉食学園 痴女教師 [風的工房]
2026-02-21 23:37:31 - mkk_pika - main.py:35 - INFO - 开始检查[汉化][ふたなるん (紅ゆーじ)] 無料配布是否存在未下载章节
2026-02-21 23:37:31 - mkk_pika - main.py:45 - INFO - 正在下载:[[汉化][ふたなるん (紅ゆーじ)] 無料配布]-[ふたなるん (紅ゆーじ)]-[['短篇', '扶他樂園']]-[total_pages:9]
2026-02-21 23:37:31 - mkk_pika - main.py:49 - INFO - [{'_id': '582193c45f6b9a4f93e66085', 'title': '第1集', 'order': 1, 'updated_at': '2016-11-08T08:58:44.866Z', 'id': '582193c45f6b9a4f93e66085'}]
2026-02-21 23:37:31 - mkk_pika - database.py:215 - INFO - 第一次下载该漫画，记录数据库中
2026-02-21 23:37:32 - mkk_pika - main.py:83 - INFO - 找到 9 张图片在:第1集
2026-02-21 23:37:32 - mkk_pika - main.py:112 - INFO - [episode:第1集       ] downloaded:     9, total:   9, progress:100%
2026-02-21 23:37:32 - mkk_pika - database.py:238 - INFO - 数据库更新已下载章节
2026-02-21 23:37:32 - mkk_pika - database.py:244 - INFO - 该漫画已下载章节如下
2026-02-21 23:37:32 - mkk_pika - database.py:245 - INFO - ['第1集']
2026-02-21 23:37:33 - mkk_pika - main.py:348 - INFO - ==================== 漫画信息 ====================
                                   漫画ID：582193c45f6b9a4f93e66083
                                   标题：[汉化][ふたなるん (紅ゆーじ)] 無料配布
                                   作者：ふたなるん (紅ゆーじ)
                                   是否完结：是
                                   总页数：9
                                   分类：短篇,扶他樂園
                                   章节数：1
                                   最后更新时间：2009-12-19T06:47:16.000Z
                                   =================================================
2026-02-21 23:37:33 - mkk_pika - database.py:101 - INFO - 保存成功：[汉化][ふたなるん (紅ゆーじ)] 無料配布
2026-02-21 23:37:33 - mkk_pika - main.py:35 - INFO - 开始检查(C81) [ふたなるん (紅ゆーじ)] 無料配布2是否存在未下载章节
2026-02-21 23:37:34 - mkk_pika - main.py:45 - INFO - 正在下载:[(C81) [ふたなるん (紅ゆーじ)] 無料配布2]-[ふたなるん (紅ゆーじ)]-[['短篇', '扶他樂園']]-[total_pages:9]
2026-02-21 23:37:34 - mkk_pika - main.py:49 - INFO - [{'_id': '582193c55f6b9a4f93e6609b', 'title': '第1集', 'order': 1, 'updated_at': '2016-11-08T08:58:45.214Z', 'id': '582193c55f6b9a4f93e6609b'}]
2026-02-21 23:37:34 - mkk_pika - database.py:215 - INFO - 第一次下载该漫画，记录数据库中
2026-02-21 23:37:34 - mkk_pika - main.py:83 - INFO - 找到 9 张图片在:第1集
2026-02-21 23:37:34 - mkk_pika - main.py:112 - INFO - [episode:第1集       ] downloaded:     9, total:   9, progress:100%
2026-02-21 23:37:34 - mkk_pika - database.py:238 - INFO - 数据库更新已下载章节
2026-02-21 23:37:34 - mkk_pika - database.py:244 - INFO - 该漫画已下载章节如下
2026-02-21 23:37:34 - mkk_pika - database.py:245 - INFO - ['第1集']
2026-02-21 23:37:36 - mkk_pika - main.py:348 - INFO - ==================== 漫画信息 ====================
                                   漫画ID：582193c45f6b9a4f93e66099
                                   标题：(C81) [ふたなるん (紅ゆーじ)] 無料配布2
                                   作者：ふたなるん (紅ゆーじ)
                                   是否完结：是
                                   总页数：9
                                   分类：短篇,扶他樂園
                                   章节数：1
                                   最后更新时间：2009-12-19T16:47:16.000Z
                                   =================================================
2026-02-21 23:37:36 - mkk_pika - database.py:101 - INFO - 保存成功：(C81) [ふたなるん (紅ゆーじ)] 無料配布2
2026-02-21 23:37:36 - mkk_pika - main.py:35 - INFO - 开始检查[ふたなるん (紅ゆーじ)] 無料配布4【八重ちゃん追加ミッション】是否存在未下载章节
2026-02-21 23:37:36 - mkk_pika - main.py:45 - INFO - 正在下载:[[ふたなるん (紅ゆーじ)] 無料配布4【八重ちゃん追加ミッション】]-[ふたなるん (紅ゆーじ)]-[['短篇', '扶他樂園']]-[total_pages:8]
2026-02-21 23:37:36 - mkk_pika - main.py:49 - INFO - [{'_id': '582193c55f6b9a4f93e660b1', 'title': '第1集', 'order': 1, 'updated_at': '2016-11-08T08:58:45.822Z', 'id': '582193c55f6b9a4f93e660b1'}]
2026-02-21 23:37:36 - mkk_pika - database.py:215 - INFO - 第一次下载该漫画，记录数据库中
2026-02-21 23:37:37 - mkk_pika - main.py:83 - INFO - 找到 8 张图片在:第1集
2026-02-21 23:37:37 - mkk_pika - main.py:112 - INFO - [episode:第1集       ] downloaded:     8, total:   8, progress:100%
2026-02-21 23:37:37 - mkk_pika - database.py:238 - INFO - 数据库更新已下载章节
2026-02-21 23:37:37 - mkk_pika - database.py:244 - INFO - 该漫画已下载章节如下
2026-02-21 23:37:37 - mkk_pika - database.py:245 - INFO - ['第1集']
2026-02-21 23:37:38 - mkk_pika - main.py:348 - INFO - ==================== 漫画信息 ====================
                                   漫画ID：582193c55f6b9a4f93e660af
                                   标题：[ふたなるん (紅ゆーじ)] 無料配布4【八重ちゃん追加ミッション】
                                   作者：ふたなるん (紅ゆーじ)
                                   是否完结：是
                                   总页数：8
                                   分类：短篇,扶他樂園
                                   章节数：1
                                   最后更新时间：2009-12-20T02:47:16.000Z
                                   =================================================
2026-02-21 23:37:38 - mkk_pika - database.py:101 - INFO - 保存成功：[ふたなるん (紅ゆーじ)] 無料配布4【八重ちゃん追加ミッション】
2026-02-21 23:37:38 - mkk_pika - main.py:380 - INFO - 本次任务下载完毕
2026-02-21 23:37:38 - mkk_pika - database.py:173 - INFO - 数据库连接已关闭
