2025-12-21 10:15:47 - mkk_pika - main.py:168 - INFO - =======================================================================
2025-12-21 10:15:47 - mkk_pika - database.py:61 - INFO - 表和索引初始化成功
2025-12-21 10:15:47 - mkk_pika - main.py:172 - INFO - 已经累计下载65本漫画
2025-12-21 10:15:47 - mkk_pika - api.py:87 - INFO - 登录成功
2025-12-21 10:15:48 - mkk_pika - main.py:178 - INFO - 收藏夹共计2本漫画
2025-12-21 10:15:48 - mkk_pika - main.py:181 - INFO - 开始下载收藏夹内未下载内容
2025-12-21 10:15:48 - mkk_pika - main.py:35 - INFO - 开始检查雷だって甘えたい!是否存在未下载章节
2025-12-21 10:15:48 - mkk_pika - database.py:203 - INFO - 查询数据库中是否已存在生肉
2025-12-21 10:15:48 - mkk_pika - database.py:203 - INFO - 查询数据库中是否已存在熟肉
2025-12-21 10:15:48 - mkk_pika - main.py:51 - INFO - 雷だって甘えたい!中没有可下载章节
2025-12-21 10:15:48 - mkk_pika - main.py:199 - INFO - ==================== 漫画信息 ====================
                漫画ID：64903f198782392d4dcd9f5b
                标题：雷だって甘えたい!
                作者：五月日和 (あずまさつき)
                是否完结：否
                总页数：45
                分类：短篇,同人,艦隊收藏
                章节数：2
                最后更新时间：2025-12-19T15:22:31.931Z
                =================================================
2025-12-21 10:15:48 - mkk_pika - database.py:101 - INFO - 保存成功：雷だって甘えたい!
2025-12-21 10:15:48 - mkk_pika - util.py:164 - INFO - 目标时间（UTC）：2025-12-19 15:22:31.931000+00:00
2025-12-21 10:15:48 - mkk_pika - util.py:165 - INFO - 当前UTC时间：2025-12-21 10:15:48.509022+00:00
2025-12-21 10:15:48 - mkk_pika - util.py:167 - INFO - 相差：1 天 18 小时 53 分钟
2025-12-21 10:15:48 - mkk_pika - main.py:35 - INFO - 开始检查[PIXIV] Komachan (31874437)（AI）是否存在未下载章节
2025-12-21 10:15:48 - mkk_pika - database.py:203 - INFO - 查询数据库中是否已存在第1話
2025-12-21 10:15:48 - mkk_pika - database.py:203 - INFO - 查询数据库中是否已存在蕾米莉亚酱的秘密-特殊性癖-被发现了♥
2025-12-21 10:15:48 - mkk_pika - database.py:203 - INFO - 查询数据库中是否已存在芙莉莲的大抉择（上）大意失策 沉溺于败北的快感♡
2025-12-21 10:15:48 - mkk_pika - database.py:203 - INFO - 查询数据库中是否已存在芙莉莲的大抉择（下）大意失策 沉溺于败北的快感♡
2025-12-21 10:15:48 - mkk_pika - main.py:51 - INFO - [PIXIV] Komachan (31874437)（AI）中没有可下载章节
2025-12-21 10:15:48 - mkk_pika - main.py:199 - INFO - ==================== 漫画信息 ====================
                漫画ID：683001fb6f0cd54536b05e16
                标题：[PIXIV] Komachan (31874437)（AI）
                作者：Komachan
                是否完结：否
                总页数：770
                分类：全彩,同人,CG雜圖,足の恋
                章节数：4
                最后更新时间：2025-12-18T15:38:24.129Z
                =================================================
2025-12-21 10:15:48 - mkk_pika - database.py:101 - INFO - 保存成功：[PIXIV] Komachan (31874437)（AI）
2025-12-21 10:15:48 - mkk_pika - util.py:164 - INFO - 目标时间（UTC）：2025-12-18 15:38:24.129000+00:00
2025-12-21 10:15:48 - mkk_pika - util.py:165 - INFO - 当前UTC时间：2025-12-21 10:15:48.964840+00:00
2025-12-21 10:15:48 - mkk_pika - util.py:167 - INFO - 相差：2 天 18 小时 37 分钟
2025-12-21 10:15:48 - mkk_pika - main.py:241 - INFO - 收藏夹内容下载完毕
2025-12-21 10:15:48 - mkk_pika - main.py:243 - INFO - 开始下载订阅内容
2025-12-21 10:15:48 - mkk_pika - database.py:257 - INFO - 根据ID查询到标题：萝莉 -> 星の輪姦☆皆のロリ肉便器、魔法少女ルアーちゃん
2025-12-21 10:15:49 - mkk_pika - database.py:101 - INFO - 保存成功：星の輪姦☆皆のロリ肉便器、魔法少女ルアーちゃん
2025-12-21 10:15:49 - mkk_pika - main.py:248 - INFO - 关键词萝莉找到0本漫画
2025-12-21 10:15:49 - mkk_pika - database.py:257 - INFO - 根据ID查询到标题：蘿莉 -> 嘘...雨伊正在体验第一次噢 【Trickcal Revive 穿越异世界恶作剧 嘟嘟脸恶作剧】(쉿, 우이는 지금 첫 경험 하는 중)
2025-12-21 10:15:50 - mkk_pika - database.py:101 - INFO - 保存成功：嘘...雨伊正在体验第一次噢 【Trickcal Revive 穿越异世界恶作剧 嘟嘟脸恶作剧】(쉿, 우이는 지금 첫 경험 하는 중)
2025-12-21 10:15:50 - mkk_pika - main.py:248 - INFO - 关键词蘿莉找到0本漫画
2025-12-21 10:15:50 - mkk_pika - main.py:250 - INFO - 订阅内容共计0本漫画
2025-12-21 10:15:50 - mkk_pika - main.py:298 - INFO - 订阅内容内容下载完毕
2025-12-21 10:15:50 - mkk_pika - database.py:173 - INFO - 数据库连接已关闭
