2026-06-21 00:18:06 - mkk_pika - main.py:193 - INFO - =======================================================================
2026-06-21 00:18:06 - mkk_pika - database.py:61 - INFO - 表和索引初始化成功
2026-06-21 00:18:06 - mkk_pika - main.py:197 - INFO - 已经累计下载15680本漫画
2026-06-21 00:18:07 - mkk_pika - api.py:87 - INFO - 登录成功
2026-06-21 00:18:07 - mkk_pika - main.py:203 - INFO - 收藏夹共计0本漫画
2026-06-21 00:18:07 - mkk_pika - main.py:206 - INFO - 开始下载收藏夹内未下载内容
2026-06-21 00:18:07 - mkk_pika - main.py:266 - INFO - 收藏夹内容下载完毕
2026-06-21 00:18:07 - mkk_pika - main.py:268 - INFO - 开始下载订阅内容
2026-06-21 00:18:07 - mkk_pika - database.py:258 - INFO - 根据ID查询到标题：萝莉 -> 満子の恋（リトルガールストライク Vol.39）[DL版]
2026-06-21 00:18:08 - mkk_pika - database.py:101 - INFO - 保存成功：満子の恋（リトルガールストライク Vol.39）[DL版]
2026-06-21 00:18:08 - mkk_pika - main.py:273 - INFO - 关键词萝莉找到0本漫画
2026-06-21 00:18:08 - mkk_pika - database.py:258 - INFO - 根据ID查询到标题：蘿莉 -> [Pixiv] Nyako (87118066) part.7（AI）
2026-06-21 00:18:09 - mkk_pika - database.py:101 - INFO - 保存成功：
2026-06-21 00:18:09 - mkk_pika - main.py:273 - INFO - 关键词蘿莉找到0本漫画
2026-06-21 00:18:09 - mkk_pika - main.py:275 - INFO - 订阅内容共计0本漫画
2026-06-21 00:18:09 - mkk_pika - main.py:323 - INFO - 订阅内容内容下载完毕
2026-06-21 00:18:09 - mkk_pika - main.py:324 - INFO - 开始分批下载全部章节
2026-06-21 00:18:09 - mkk_pika - database.py:280 - INFO - 表和索引初始化成功
2026-06-21 00:18:09 - mkk_pika - main.py:177 - INFO - 已经下载了1138页，一共6971页，现在开始添加第1139页
2026-06-21 00:18:10 - mkk_pika - database.py:318 - INFO - 保存成功
2026-06-21 00:18:10 - mkk_pika - main.py:177 - INFO - 已经下载了1139页，一共6971页，现在开始添加第1140页
2026-06-21 00:18:11 - mkk_pika - database.py:318 - INFO - 保存成功
2026-06-21 00:18:11 - mkk_pika - main.py:177 - INFO - 已经下载了1140页，一共6971页，现在开始添加第1141页
2026-06-21 00:18:12 - mkk_pika - database.py:318 - INFO - 保存成功
2026-06-21 00:18:12 - mkk_pika - main.py:177 - INFO - 已经下载了1141页，一共6971页，现在开始添加第1142页
2026-06-21 00:18:12 - mkk_pika - database.py:318 - INFO - 保存成功
2026-06-21 00:18:13 - mkk_pika - main.py:177 - INFO - 已经下载了1142页，一共6971页，现在开始添加第1143页
2026-06-21 00:18:13 - mkk_pika - database.py:318 - INFO - 保存成功
2026-06-21 00:18:13 - mkk_pika - main.py:331 - INFO - 分批下载共计45本漫画
2026-06-21 00:18:13 - mkk_pika - main.py:35 - INFO - 开始检查幸福のケモノ是否存在未下载章节
2026-06-21 00:18:14 - mkk_pika - main.py:45 - INFO - 正在下载:[幸福のケモノ]-[文雅]-[['短篇', '純愛']]-[total_pages:29]
2026-06-21 00:18:14 - mkk_pika - main.py:49 - INFO - [{'_id': '5b7bd1b384d29a65a1f0328f', 'title': '第1集', 'order': 1, 'updated_at': '2018-08-21T03:41:49.964Z', 'id': '5b7bd1b384d29a65a1f0328f'}]
2026-06-21 00:18:14 - mkk_pika - database.py:215 - INFO - 第一次下载该漫画，记录数据库中
2026-06-21 00:18:14 - mkk_pika - main.py:83 - INFO - 找到 29 张图片在:第1集
2026-06-21 00:18:15 - mkk_pika - main.py:112 - INFO - [episode:第1集       ] downloaded:    29, total:  29, progress:100%
2026-06-21 00:18:15 - mkk_pika - database.py:238 - INFO - 数据库更新已下载章节
2026-06-21 00:18:15 - mkk_pika - database.py:244 - INFO - 该漫画已下载章节如下
2026-06-21 00:18:15 - mkk_pika - database.py:245 - INFO - ['第1集']
2026-06-21 00:18:16 - mkk_pika - main.py:348 - INFO - ==================== 漫画信息 ====================
                                   漫画ID：5b7bd1b384d29a65a1f0328e
                                   标题：幸福のケモノ
                                   作者：文雅
                                   是否完结：否
                                   总页数：29
                                   分类：短篇,純愛
                                   章节数：1
                                   最后更新时间：2018-08-21T08:47:47.941Z
                                   =================================================
2026-06-21 00:18:16 - mkk_pika - database.py:101 - INFO - 保存成功：幸福のケモノ
2026-06-21 00:18:16 - mkk_pika - main.py:35 - INFO - 开始检查2piece是否存在未下载章节
2026-06-21 00:18:16 - mkk_pika - main.py:45 - INFO - 正在下载:[2piece]-[ななお]-[['純愛', '姐姐系', '短篇', '後宮閃光', '全彩']]-[total_pages:3]
2026-06-21 00:18:16 - mkk_pika - main.py:49 - INFO - [{'_id': '5b7bd1c820d65d51ae710ece', 'title': '第1集', 'order': 1, 'updated_at': '2018-08-21T03:46:10.555Z', 'id': '5b7bd1c820d65d51ae710ece'}]
2026-06-21 00:18:16 - mkk_pika - database.py:215 - INFO - 第一次下载该漫画，记录数据库中
2026-06-21 00:18:17 - mkk_pika - main.py:83 - INFO - 找到 3 张图片在:第1集
2026-06-21 00:18:17 - mkk_pika - main.py:112 - INFO - [episode:第1集       ] downloaded:     3, total:   3, progress:100%
2026-06-21 00:18:17 - mkk_pika - database.py:238 - INFO - 数据库更新已下载章节
2026-06-21 00:18:17 - mkk_pika - database.py:244 - INFO - 该漫画已下载章节如下
2026-06-21 00:18:17 - mkk_pika - database.py:245 - INFO - ['第1集']
2026-06-21 00:18:18 - mkk_pika - main.py:348 - INFO - ==================== 漫画信息 ====================
                                   漫画ID：5b7bd1c820d65d51ae710ecd
                                   标题：2piece
                                   作者：ななお
                                   是否完结：是
                                   总页数：3
                                   分类：純愛,姐姐系,短篇,後宮閃光,全彩
                                   章节数：1
                                   最后更新时间：2018-08-21T08:48:08.763Z
                                   =================================================
2026-06-21 00:18:18 - mkk_pika - database.py:101 - INFO - 保存成功：2piece
2026-06-21 00:18:18 - mkk_pika - main.py:35 - INFO - 开始检查(C94) Like Attracts Like (Fate/Grand Order) 是否存在未下载章节
2026-06-21 00:18:19 - mkk_pika - main.py:45 - INFO - 正在下载:[(C94) Like Attracts Like (Fate/Grand Order) ]-[ヒザトラ (カゲシオ)]-[['同人', '短篇', 'Fate']]-[total_pages:24]
2026-06-21 00:18:19 - mkk_pika - main.py:49 - INFO - [{'_id': '5b7bd20420d65d51ae710ed4', 'title': '第1集', 'order': 1, 'updated_at': '2018-08-20T05:43:44.533Z', 'id': '5b7bd20420d65d51ae710ed4'}]
2026-06-21 00:18:19 - mkk_pika - database.py:215 - INFO - 第一次下载该漫画，记录数据库中
2026-06-21 00:18:19 - mkk_pika - main.py:83 - INFO - 找到 24 张图片在:第1集
2026-06-21 00:18:20 - mkk_pika - main.py:112 - INFO - [episode:第1集       ] downloaded:    24, total:  24, progress:100%
2026-06-21 00:18:20 - mkk_pika - database.py:238 - INFO - 数据库更新已下载章节
2026-06-21 00:18:20 - mkk_pika - database.py:244 - INFO - 该漫画已下载章节如下
2026-06-21 00:18:20 - mkk_pika - database.py:245 - INFO - ['第1集']
2026-06-21 00:18:21 - mkk_pika - main.py:348 - INFO - ==================== 漫画信息 ====================
                                   漫画ID：5b7bd20420d65d51ae710ed3
                                   标题：(C94) Like Attracts Like (Fate/Grand Order) 
                                   作者：ヒザトラ (カゲシオ)
                                   是否完结：是
                                   总页数：24
                                   分类：同人,短篇,Fate
                                   章节数：1
                                   最后更新时间：2018-08-21T08:49:08.464Z
                                   =================================================
2026-06-21 00:18:21 - mkk_pika - database.py:101 - INFO - 保存成功：(C94) Like Attracts Like (Fate/Grand Order) 
2026-06-21 00:18:21 - mkk_pika - main.py:35 - INFO - 开始检查(C94) 弟の娘 是否存在未下载章节
2026-06-21 00:18:21 - mkk_pika - main.py:45 - INFO - 正在下载:[(C94) 弟の娘 ]-[666PROTECT (甚六)]-[['短篇']]-[total_pages:35]
2026-06-21 00:18:21 - mkk_pika - main.py:49 - INFO - [{'_id': '5b7bd26020d65d51ae710ef2', 'title': '第1集', 'order': 1, 'updated_at': '2018-08-21T05:16:10.125Z', 'id': '5b7bd26020d65d51ae710ef2'}]
2026-06-21 00:18:21 - mkk_pika - database.py:215 - INFO - 第一次下载该漫画，记录数据库中
2026-06-21 00:18:22 - mkk_pika - main.py:83 - INFO - 找到 35 张图片在:第1集
2026-06-21 00:18:23 - mkk_pika - main.py:112 - INFO - [episode:第1集       ] downloaded:    35, total:  35, progress:100%
2026-06-21 00:18:23 - mkk_pika - database.py:238 - INFO - 数据库更新已下载章节
2026-06-21 00:18:23 - mkk_pika - database.py:244 - INFO - 该漫画已下载章节如下
2026-06-21 00:18:23 - mkk_pika - database.py:245 - INFO - ['第1集']
2026-06-21 00:18:24 - mkk_pika - main.py:348 - INFO - ==================== 漫画信息 ====================
                                   漫画ID：5b7bd26020d65d51ae710ef1
                                   标题：(C94) 弟の娘 
                                   作者：666PROTECT (甚六)
                                   是否完结：是
                                   总页数：35
                                   分类：短篇
                                   章节数：1
                                   最后更新时间：2018-08-21T08:50:40.579Z
                                   =================================================
2026-06-21 00:18:24 - mkk_pika - database.py:101 - INFO - 保存成功：(C94) 弟の娘 
2026-06-21 00:18:24 - mkk_pika - main.py:35 - INFO - 开始检查あかちゃんひろば是否存在未下载章节
2026-06-21 00:18:24 - mkk_pika - main.py:45 - INFO - 正在下载:[あかちゃんひろば]-[ジャックとニコルソン (のりパチ)]-[['全彩', '短篇']]-[total_pages:19]
2026-06-21 00:18:24 - mkk_pika - main.py:49 - INFO - [{'_id': '5b7bd286377018153b707fd7', 'title': '第1集', 'order': 1, 'updated_at': '2018-08-21T05:19:06.995Z', 'id': '5b7bd286377018153b707fd7'}]
2026-06-21 00:18:24 - mkk_pika - database.py:215 - INFO - 第一次下载该漫画，记录数据库中
2026-06-21 00:18:25 - mkk_pika - main.py:83 - INFO - 找到 19 张图片在:第1集
2026-06-21 00:18:25 - mkk_pika - main.py:112 - INFO - [episode:第1集       ] downloaded:    19, total:  19, progress:100%
2026-06-21 00:18:25 - mkk_pika - database.py:238 - INFO - 数据库更新已下载章节
2026-06-21 00:18:25 - mkk_pika - database.py:244 - INFO - 该漫画已下载章节如下
2026-06-21 00:18:25 - mkk_pika - database.py:245 - INFO - ['第1集']
2026-06-21 00:18:27 - mkk_pika - main.py:348 - INFO - ==================== 漫画信息 ====================
                                   漫画ID：5b7bd286377018153b707fd6
                                   标题：あかちゃんひろば
                                   作者：ジャックとニコルソン (のりパチ)
                                   是否完结：是
                                   总页数：19
                                   分类：全彩,短篇
                                   章节数：1
                                   最后更新时间：2018-08-21T08:51:18.149Z
                                   =================================================
2026-06-21 00:18:27 - mkk_pika - database.py:101 - INFO - 保存成功：あかちゃんひろば
2026-06-21 00:18:27 - mkk_pika - main.py:35 - INFO - 开始检查淫水小巫女退魔行是否存在未下载章节
2026-06-21 00:18:27 - mkk_pika - main.py:45 - INFO - 正在下载:[淫水小巫女退魔行]-[ヤマモト月、葵抄]-[['全彩', '非人類', '單行本']]-[total_pages:620]
2026-06-21 00:18:27 - mkk_pika - main.py:49 - INFO - [{'_id': '5a50bc77d1cac931909da979', 'title': '第1卷', 'order': 1, 'updated_at': '2018-01-06T09:41:02.227Z', 'id': '5a50bc77d1cac931909da979'}, {'_id': '5b63f5ff473be51732d048bf', 'title': '第2卷', 'order': 2, 'updated_at': '2018-08-07T15:58:01.703Z', 'id': '5b63f5ff473be51732d048bf'}, {'_id': '5b69c18951452d172455771e', 'title': '第3卷', 'order': 3, 'updated_at': '2018-08-07T14:10:13.733Z', 'id': '5b69c18951452d172455771e'}, {'_id': '5b7bd314b9ec4965dd11707a', 'title': '第4卷', 'order': 4, 'updated_at': '2018-08-21T08:40:09.494Z', 'id': '5b7bd314b9ec4965dd11707a'}]
2026-06-21 00:18:27 - mkk_pika - database.py:215 - INFO - 第一次下载该漫画，记录数据库中
2026-06-21 00:18:29 - mkk_pika - main.py:83 - INFO - 找到 158 张图片在:第1卷
2026-06-21 00:18:32 - mkk_pika - main.py:112 - INFO - [episode:第1卷       ] downloaded:   158, total: 158, progress:100%
2026-06-21 00:18:32 - mkk_pika - database.py:238 - INFO - 数据库更新已下载章节
2026-06-21 00:18:32 - mkk_pika - database.py:244 - INFO - 该漫画已下载章节如下
2026-06-21 00:18:32 - mkk_pika - database.py:245 - INFO - ['第1卷']
2026-06-21 00:18:34 - mkk_pika - main.py:83 - INFO - 找到 156 张图片在:第2卷
2026-06-21 00:18:37 - mkk_pika - main.py:112 - INFO - [episode:第2卷       ] downloaded:   156, total: 156, progress:100%
2026-06-21 00:18:37 - mkk_pika - database.py:238 - INFO - 数据库更新已下载章节
2026-06-21 00:18:37 - mkk_pika - database.py:244 - INFO - 该漫画已下载章节如下
2026-06-21 00:18:37 - mkk_pika - database.py:245 - INFO - ['第1卷', '第2卷']
2026-06-21 00:18:40 - mkk_pika - main.py:83 - INFO - 找到 152 张图片在:第3卷
2026-06-21 00:18:43 - mkk_pika - main.py:112 - INFO - [episode:第3卷       ] downloaded:   152, total: 152, progress:100%
2026-06-21 00:18:43 - mkk_pika - database.py:238 - INFO - 数据库更新已下载章节
2026-06-21 00:18:43 - mkk_pika - database.py:244 - INFO - 该漫画已下载章节如下
2026-06-21 00:18:43 - mkk_pika - database.py:245 - INFO - ['第1卷', '第2卷', '第3卷']
2026-06-21 00:18:45 - mkk_pika - main.py:83 - INFO - 找到 154 张图片在:第4卷
2026-06-21 00:18:48 - mkk_pika - main.py:112 - INFO - [episode:第4卷       ] downloaded:   154, total: 154, progress:100%
2026-06-21 00:18:48 - mkk_pika - database.py:238 - INFO - 数据库更新已下载章节
2026-06-21 00:18:48 - mkk_pika - database.py:244 - INFO - 该漫画已下载章节如下
2026-06-21 00:18:48 - mkk_pika - database.py:245 - INFO - ['第1卷', '第2卷', '第3卷', '第4卷']
2026-06-21 00:18:50 - mkk_pika - main.py:348 - INFO - ==================== 漫画信息 ====================
                                   漫画ID：5a50bc77d1cac931909da978
                                   标题：淫水小巫女退魔行
                                   作者：ヤマモト月、葵抄
                                   是否完结：否
                                   总页数：620
                                   分类：全彩,非人類,單行本
                                   章节数：4
                                   最后更新时间：2018-08-21T08:53:40.600Z
                                   =================================================
2026-06-21 00:18:50 - mkk_pika - database.py:101 - INFO - 保存成功：淫水小巫女退魔行
2026-06-21 00:18:50 - mkk_pika - main.py:35 - INFO - 开始检查绝对领域【昨天七夕哦】是否存在未下载章节
2026-06-21 00:18:50 - mkk_pika - main.py:45 - INFO - 正在下载:[绝对领域【昨天七夕哦】]-[N/A]-[['全彩', '長篇']]-[total_pages:114]
2026-06-21 00:18:50 - mkk_pika - main.py:49 - INFO - [{'_id': '5b7cd1f1692c6765d1f82180', 'title': '仅一集（大家注意身体2333', 'order': 1, 'updated_at': '2018-08-18T11:24:03.341Z', 'id': '5b7cd1f1692c6765d1f82180'}]
2026-06-21 00:18:50 - mkk_pika - database.py:215 - INFO - 第一次下载该漫画，记录数据库中
2026-06-21 00:18:51 - mkk_pika - main.py:83 - INFO - 找到 116 张图片在:仅一集（大家注意身体2333
2026-06-21 00:18:53 - mkk_pika - main.py:112 - INFO - [episode:仅一集（大家注意身体2333] downloaded:   116, total: 116, progress:100%
2026-06-21 00:18:53 - mkk_pika - database.py:238 - INFO - 数据库更新已下载章节
2026-06-21 00:18:53 - mkk_pika - database.py:244 - INFO - 该漫画已下载章节如下
2026-06-21 00:18:53 - mkk_pika - database.py:245 - INFO - ['仅一集（大家注意身体2333']
2026-06-21 00:18:54 - mkk_pika - main.py:348 - INFO - ==================== 漫画信息 ====================
                                   漫画ID：5b7cd1f1692c6765d1f8217f
                                   标题：绝对领域【昨天七夕哦】
                                   作者：N/A
                                   是否完结：是
                                   总页数：114
                                   分类：全彩,長篇
                                   章节数：1
                                   最后更新时间：2018-08-22T03:01:05.945Z
                                   =================================================
2026-06-21 00:18:54 - mkk_pika - database.py:101 - INFO - 保存成功：绝对领域【昨天七夕哦】
2026-06-21 00:18:54 - mkk_pika - main.py:35 - INFO - 开始检查てんしのおと! (Angel Beats!) 是否存在未下载章节
2026-06-21 00:18:55 - mkk_pika - main.py:45 - INFO - 正在下载:[てんしのおと! (Angel Beats!) ]-[ぺろっぽい処 (ちょびぺろ)]-[['同人', '純愛']]-[total_pages:24]
2026-06-21 00:18:55 - mkk_pika - main.py:49 - INFO - [{'_id': '5b7cd32f6e7bfc14ebc5949b', 'title': '第1集', 'order': 1, 'updated_at': '2018-08-20T06:10:12.943Z', 'id': '5b7cd32f6e7bfc14ebc5949b'}]
2026-06-21 00:18:55 - mkk_pika - database.py:215 - INFO - 第一次下载该漫画，记录数据库中
2026-06-21 00:18:55 - mkk_pika - main.py:83 - INFO - 找到 25 张图片在:第1集
2026-06-21 00:18:56 - mkk_pika - main.py:112 - INFO - [episode:第1集       ] downloaded:    25, total:  25, progress:100%
2026-06-21 00:18:56 - mkk_pika - database.py:238 - INFO - 数据库更新已下载章节
2026-06-21 00:18:56 - mkk_pika - database.py:244 - INFO - 该漫画已下载章节如下
2026-06-21 00:18:56 - mkk_pika - database.py:245 - INFO - ['第1集']
2026-06-21 00:18:57 - mkk_pika - main.py:348 - INFO - ==================== 漫画信息 ====================
                                   漫画ID：5b7cd32f6e7bfc14ebc5949a
                                   标题：てんしのおと! (Angel Beats!) 
                                   作者：ぺろっぽい処 (ちょびぺろ)
                                   是否完结：否
                                   总页数：24
                                   分类：同人,純愛
                                   章节数：1
                                   最后更新时间：2018-08-22T03:06:23.643Z
                                   =================================================
2026-06-21 00:18:57 - mkk_pika - database.py:101 - INFO - 保存成功：てんしのおと! (Angel Beats!) 
2026-06-21 00:18:57 - mkk_pika - main.py:35 - INFO - 开始检查コマドリックス是否存在未下载章节
2026-06-21 00:18:57 - mkk_pika - main.py:45 - INFO - 正在下载:[コマドリックス]-[夢先案内回覧版 (ひろひろき)]-[['同人', '全彩', '短篇']]-[total_pages:12]
2026-06-21 00:18:57 - mkk_pika - main.py:49 - INFO - [{'_id': '5b7cd39120d65d51ae71141d', 'title': '第1集', 'order': 1, 'updated_at': '2018-08-20T14:42:01.680Z', 'id': '5b7cd39120d65d51ae71141d'}]
2026-06-21 00:18:57 - mkk_pika - database.py:215 - INFO - 第一次下载该漫画，记录数据库中
2026-06-21 00:18:58 - mkk_pika - main.py:83 - INFO - 找到 12 张图片在:第1集
2026-06-21 00:18:58 - mkk_pika - main.py:112 - INFO - [episode:第1集       ] downloaded:    12, total:  12, progress:100%
2026-06-21 00:18:58 - mkk_pika - database.py:238 - INFO - 数据库更新已下载章节
2026-06-21 00:18:58 - mkk_pika - database.py:244 - INFO - 该漫画已下载章节如下
2026-06-21 00:18:58 - mkk_pika - database.py:245 - INFO - ['第1集']
2026-06-21 00:19:00 - mkk_pika - main.py:348 - INFO - ==================== 漫画信息 ====================
                                   漫画ID：5b7cd39120d65d51ae71141c
                                   标题：コマドリックス
                                   作者：夢先案内回覧版 (ひろひろき)
                                   是否完结：否
                                   总页数：12
                                   分类：同人,全彩,短篇
                                   章节数：1
                                   最后更新时间：2018-08-22T03:08:01.401Z
                                   =================================================
2026-06-21 00:19:00 - mkk_pika - database.py:101 - INFO - 保存成功：コマドリックス
2026-06-21 00:19:00 - mkk_pika - main.py:35 - INFO - 开始检查嫌いな奴等の女を種付け調教 對討厭的傢伙們的女人播種的調教是否存在未下载章节
2026-06-21 00:19:00 - mkk_pika - main.py:45 - INFO - 正在下载:[嫌いな奴等の女を種付け調教 對討厭的傢伙們的女人播種的調教]-[成島ゴドー]-[['長篇', '後宮閃光', '單行本', '人妻', '強暴', 'NTR']]-[total_pages:209]
2026-06-21 00:19:00 - mkk_pika - main.py:49 - INFO - [{'_id': '5b7cd3bdb9ec4965dd117387', 'title': '第1集', 'order': 1, 'updated_at': '2018-08-21T09:35:22.279Z', 'id': '5b7cd3bdb9ec4965dd117387'}]
2026-06-21 00:19:00 - mkk_pika - database.py:215 - INFO - 第一次下载该漫画，记录数据库中
2026-06-21 00:19:02 - mkk_pika - main.py:83 - INFO - 找到 209 张图片在:第1集
2026-06-21 00:19:06 - mkk_pika - main.py:112 - INFO - [episode:第1集       ] downloaded:   209, total: 209, progress:100%
2026-06-21 00:19:06 - mkk_pika - database.py:238 - INFO - 数据库更新已下载章节
2026-06-21 00:19:06 - mkk_pika - database.py:244 - INFO - 该漫画已下载章节如下
2026-06-21 00:19:06 - mkk_pika - database.py:245 - INFO - ['第1集']
2026-06-21 00:19:07 - mkk_pika - main.py:348 - INFO - ==================== 漫画信息 ====================
                                   漫画ID：5b7cd3bdb9ec4965dd117386
                                   标题：嫌いな奴等の女を種付け調教 對討厭的傢伙們的女人播種的調教
                                   作者：成島ゴドー
                                   是否完结：是
                                   总页数：209
                                   分类：長篇,後宮閃光,單行本,人妻,強暴,NTR
                                   章节数：1
                                   最后更新时间：2018-08-22T03:08:45.486Z
                                   =================================================
2026-06-21 00:19:07 - mkk_pika - database.py:101 - INFO - 保存成功：嫌いな奴等の女を種付け調教 對討厭的傢伙們的女人播種的調教
2026-06-21 00:19:07 - mkk_pika - main.py:35 - INFO - 开始检查 (C94)  杏子とアレする本3 (魔法少女まどか☆マギカ)是否存在未下载章节
2026-06-21 00:19:08 - mkk_pika - main.py:45 - INFO - 正在下载:[ (C94)  杏子とアレする本3 (魔法少女まどか☆マギカ)]-[びちまる (bitibiti)]-[['短篇', '同人']]-[total_pages:39]
2026-06-21 00:19:08 - mkk_pika - main.py:49 - INFO - [{'_id': '5b7cd478c6daac1cc722a36c', 'title': '第1集', 'order': 1, 'updated_at': '2018-08-21T16:14:10.990Z', 'id': '5b7cd478c6daac1cc722a36c'}]
2026-06-21 00:19:08 - mkk_pika - database.py:215 - INFO - 第一次下载该漫画，记录数据库中
2026-06-21 00:19:08 - mkk_pika - main.py:83 - INFO - 找到 39 张图片在:第1集
2026-06-21 00:19:09 - mkk_pika - main.py:112 - INFO - [episode:第1集       ] downloaded:    39, total:  39, progress:100%
2026-06-21 00:19:09 - mkk_pika - database.py:238 - INFO - 数据库更新已下载章节
2026-06-21 00:19:09 - mkk_pika - database.py:244 - INFO - 该漫画已下载章节如下
2026-06-21 00:19:09 - mkk_pika - database.py:245 - INFO - ['第1集']
2026-06-21 00:19:11 - mkk_pika - main.py:348 - INFO - ==================== 漫画信息 ====================
                                   漫画ID：5b7cd478c6daac1cc722a36b
                                   标题： (C94)  杏子とアレする本3 (魔法少女まどか☆マギカ)
                                   作者：びちまる (bitibiti)
                                   是否完结：否
                                   总页数：39
                                   分类：短篇,同人
                                   章节数：1
                                   最后更新时间：2018-08-22T03:11:52.182Z
                                   =================================================
2026-06-21 00:19:11 - mkk_pika - database.py:101 - INFO - 保存成功： (C94)  杏子とアレする本3 (魔法少女まどか☆マギカ)
2026-06-21 00:19:11 - mkk_pika - main.py:35 - INFO - 开始检查魔女の残り香是否存在未下载章节
2026-06-21 00:19:11 - mkk_pika - main.py:45 - INFO - 正在下载:[魔女の残り香]-[Chelsea lip (湊良弘)]-[['同人', '短篇', '姐姐系', 'NTR']]-[total_pages:26]
2026-06-21 00:19:11 - mkk_pika - main.py:49 - INFO - [{'_id': '5b7cd55087d16b51c3c6183f', 'title': '第1集', 'order': 1, 'updated_at': '2018-08-21T15:55:41.677Z', 'id': '5b7cd55087d16b51c3c6183f'}]
2026-06-21 00:19:11 - mkk_pika - database.py:215 - INFO - 第一次下载该漫画，记录数据库中
2026-06-21 00:19:11 - mkk_pika - main.py:83 - INFO - 找到 26 张图片在:第1集
2026-06-21 00:19:12 - mkk_pika - main.py:112 - INFO - [episode:第1集       ] downloaded:    26, total:  26, progress:100%
2026-06-21 00:19:12 - mkk_pika - database.py:238 - INFO - 数据库更新已下载章节
2026-06-21 00:19:12 - mkk_pika - database.py:244 - INFO - 该漫画已下载章节如下
2026-06-21 00:19:12 - mkk_pika - database.py:245 - INFO - ['第1集']
2026-06-21 00:19:13 - mkk_pika - main.py:348 - INFO - ==================== 漫画信息 ====================
                                   漫画ID：5b7cd55087d16b51c3c6183e
                                   标题：魔女の残り香
                                   作者：Chelsea lip (湊良弘)
                                   是否完结：否
                                   总页数：26
                                   分类：同人,短篇,姐姐系,NTR
                                   章节数：1
                                   最后更新时间：2018-08-22T03:15:28.161Z
                                   =================================================
2026-06-21 00:19:13 - mkk_pika - database.py:101 - INFO - 保存成功：魔女の残り香
2026-06-21 00:19:13 - mkk_pika - main.py:35 - INFO - 开始检查(C94) おかえりの次は (アズールレーン) 是否存在未下载章节
2026-06-21 00:19:14 - mkk_pika - main.py:45 - INFO - 正在下载:[(C94) おかえりの次は (アズールレーン) ]-[カラメルマミレ (赤木リオ)]-[['同人', '短篇']]-[total_pages:42]
2026-06-21 00:19:14 - mkk_pika - main.py:49 - INFO - [{'_id': '5b7cd55e4c1322659abef451', 'title': '第1集', 'order': 1, 'updated_at': '2018-08-22T01:50:11.247Z', 'id': '5b7cd55e4c1322659abef451'}]
2026-06-21 00:19:14 - mkk_pika - database.py:215 - INFO - 第一次下载该漫画，记录数据库中
2026-06-21 00:19:15 - mkk_pika - main.py:83 - INFO - 找到 42 张图片在:第1集
2026-06-21 00:19:15 - mkk_pika - main.py:112 - INFO - [episode:第1集       ] downloaded:    42, total:  42, progress:100%
2026-06-21 00:19:15 - mkk_pika - database.py:238 - INFO - 数据库更新已下载章节
2026-06-21 00:19:15 - mkk_pika - database.py:244 - INFO - 该漫画已下载章节如下
2026-06-21 00:19:15 - mkk_pika - database.py:245 - INFO - ['第1集']
2026-06-21 00:19:17 - mkk_pika - main.py:348 - INFO - ==================== 漫画信息 ====================
                                   漫画ID：5b7cd55e4c1322659abef450
                                   标题：(C94) おかえりの次は (アズールレーン) 
                                   作者：カラメルマミレ (赤木リオ)
                                   是否完结：是
                                   总页数：42
                                   分类：同人,短篇
                                   章节数：1
                                   最后更新时间：2018-08-22T03:15:42.917Z
                                   =================================================
2026-06-21 00:19:17 - mkk_pika - database.py:101 - INFO - 保存成功：(C94) おかえりの次は (アズールレーン) 
2026-06-21 00:19:17 - mkk_pika - main.py:35 - INFO - 开始检查(C94) シンアイマックスマッタナシ!4 (アイドルマスター シンデレラガールズ)是否存在未下载章节
2026-06-21 00:19:17 - mkk_pika - main.py:45 - INFO - 正在下载:[(C94) シンアイマックスマッタナシ!4 (アイドルマスター シンデレラガールズ)]-[A極振り (Sian)]-[['同人', '短篇']]-[total_pages:45]
2026-06-21 00:19:17 - mkk_pika - main.py:49 - INFO - [{'_id': '5b7cd570c09fb8517dd47682', 'title': '第1集', 'order': 1, 'updated_at': '2018-08-22T02:02:00.698Z', 'id': '5b7cd570c09fb8517dd47682'}]
2026-06-21 00:19:17 - mkk_pika - database.py:215 - INFO - 第一次下载该漫画，记录数据库中
2026-06-21 00:19:18 - mkk_pika - main.py:83 - INFO - 找到 45 张图片在:第1集
2026-06-21 00:19:19 - mkk_pika - main.py:112 - INFO - [episode:第1集       ] downloaded:    45, total:  45, progress:100%
2026-06-21 00:19:19 - mkk_pika - database.py:238 - INFO - 数据库更新已下载章节
2026-06-21 00:19:19 - mkk_pika - database.py:244 - INFO - 该漫画已下载章节如下
2026-06-21 00:19:19 - mkk_pika - database.py:245 - INFO - ['第1集']
2026-06-21 00:19:20 - mkk_pika - main.py:348 - INFO - ==================== 漫画信息 ====================
                                   漫画ID：5b7cd570c09fb8517dd47681
                                   标题：(C94) シンアイマックスマッタナシ!4 (アイドルマスター シンデレラガールズ)
                                   作者：A極振り (Sian)
                                   是否完结：是
                                   总页数：45
                                   分类：同人,短篇
                                   章节数：1
                                   最后更新时间：2018-08-22T03:16:00.785Z
                                   =================================================
2026-06-21 00:19:20 - mkk_pika - database.py:101 - INFO - 保存成功：(C94) シンアイマックスマッタナシ!4 (アイドルマスター シンデレラガールズ)
2026-06-21 00:19:20 - mkk_pika - main.py:35 - INFO - 开始检查(FF32) ひなた！ひなた！夕飯はひなただ！ | 大吉大利晚上%貓宮(猫宮ひなた) 是否存在未下载章节
2026-06-21 00:19:20 - mkk_pika - main.py:45 - INFO - 正在下载:[(FF32) ひなた！ひなた！夕飯はひなただ！ | 大吉大利晚上%貓宮(猫宮ひなた) ]-[ウサギBOSS (神奈弥莎)]-[['同人', '短篇']]-[total_pages:22]
2026-06-21 00:19:20 - mkk_pika - main.py:49 - INFO - [{'_id': '5b7cd580b9ec4965dd11745d', 'title': '第1集', 'order': 1, 'updated_at': '2018-08-22T02:15:16.085Z', 'id': '5b7cd580b9ec4965dd11745d'}]
2026-06-21 00:19:20 - mkk_pika - database.py:215 - INFO - 第一次下载该漫画，记录数据库中
2026-06-21 00:19:21 - mkk_pika - main.py:83 - INFO - 找到 22 张图片在:第1集
2026-06-21 00:19:22 - mkk_pika - main.py:112 - INFO - [episode:第1集       ] downloaded:    22, total:  22, progress:100%
2026-06-21 00:19:22 - mkk_pika - database.py:238 - INFO - 数据库更新已下载章节
2026-06-21 00:19:22 - mkk_pika - database.py:244 - INFO - 该漫画已下载章节如下
2026-06-21 00:19:22 - mkk_pika - database.py:245 - INFO - ['第1集']
2026-06-21 00:19:23 - mkk_pika - main.py:348 - INFO - ==================== 漫画信息 ====================
                                   漫画ID：5b7cd580b9ec4965dd11745c
                                   标题：(FF32) ひなた！ひなた！夕飯はひなただ！ | 大吉大利晚上%貓宮(猫宮ひなた) 
                                   作者：ウサギBOSS (神奈弥莎)
                                   是否完结：是
                                   总页数：22
                                   分类：同人,短篇
                                   章节数：1
                                   最后更新时间：2018-08-22T03:16:16.855Z
                                   =================================================
2026-06-21 00:19:23 - mkk_pika - database.py:101 - INFO - 保存成功：(FF32) ひなた！ひなた！夕飯はひなただ！ | 大吉大利晚上%貓宮(猫宮ひなた) 
2026-06-21 00:19:23 - mkk_pika - main.py:35 - INFO - 开始检查酒は呑んでも (ガールズ&パンツァー)是否存在未下载章节
2026-06-21 00:19:23 - mkk_pika - main.py:45 - INFO - 正在下载:[酒は呑んでも (ガールズ&パンツァー)]-[手つかずの青。 (えみりお)]-[['純愛', '百合花園', '短篇', '同人']]-[total_pages:28]
2026-06-21 00:19:23 - mkk_pika - main.py:49 - INFO - [{'_id': '5b7e96d420d65d51ae711e95', 'title': '第1集', 'order': 1, 'updated_at': '2018-08-22T03:53:45.125Z', 'id': '5b7e96d420d65d51ae711e95'}]
2026-06-21 00:19:23 - mkk_pika - database.py:215 - INFO - 第一次下载该漫画，记录数据库中
2026-06-21 00:19:24 - mkk_pika - main.py:83 - INFO - 找到 28 张图片在:第1集
2026-06-21 00:19:24 - mkk_pika - main.py:112 - INFO - [episode:第1集       ] downloaded:    28, total:  28, progress:100%
2026-06-21 00:19:24 - mkk_pika - database.py:238 - INFO - 数据库更新已下载章节
2026-06-21 00:19:24 - mkk_pika - database.py:244 - INFO - 该漫画已下载章节如下
2026-06-21 00:19:24 - mkk_pika - database.py:245 - INFO - ['第1集']
2026-06-21 00:19:26 - mkk_pika - main.py:348 - INFO - ==================== 漫画信息 ====================
                                   漫画ID：5b7e96d420d65d51ae711e94
                                   标题：酒は呑んでも (ガールズ&パンツァー)
                                   作者：手つかずの青。 (えみりお)
                                   是否完结：是
                                   总页数：28
                                   分类：純愛,百合花園,短篇,同人
                                   章节数：1
                                   最后更新时间：2018-08-23T11:13:24.720Z
                                   =================================================
2026-06-21 00:19:26 - mkk_pika - database.py:101 - INFO - 保存成功：酒は呑んでも (ガールズ&パンツァー)
2026-06-21 00:19:26 - mkk_pika - main.py:35 - INFO - 开始检查Sevendays. (ガールズ&パンツァー)是否存在未下载章节
2026-06-21 00:19:26 - mkk_pika - main.py:45 - INFO - 正在下载:[Sevendays. (ガールズ&パンツァー)]-[手つかずの青。 (えみりお)]-[['同人', '短篇', '純愛', '百合花園']]-[total_pages:40]
2026-06-21 00:19:26 - mkk_pika - main.py:49 - INFO - [{'_id': '5b7e96ef87d16b51c3c62249', 'title': '第1集', 'order': 1, 'updated_at': '2018-08-22T03:58:03.755Z', 'id': '5b7e96ef87d16b51c3c62249'}]
2026-06-21 00:19:26 - mkk_pika - database.py:215 - INFO - 第一次下载该漫画，记录数据库中
2026-06-21 00:19:27 - mkk_pika - main.py:83 - INFO - 找到 40 张图片在:第1集
2026-06-21 00:19:27 - mkk_pika - main.py:112 - INFO - [episode:第1集       ] downloaded:    40, total:  40, progress:100%
2026-06-21 00:19:27 - mkk_pika - database.py:238 - INFO - 数据库更新已下载章节
2026-06-21 00:19:27 - mkk_pika - database.py:244 - INFO - 该漫画已下载章节如下
2026-06-21 00:19:27 - mkk_pika - database.py:245 - INFO - ['第1集']
2026-06-21 00:19:29 - mkk_pika - main.py:348 - INFO - ==================== 漫画信息 ====================
                                   漫画ID：5b7e96ef87d16b51c3c62248
                                   标题：Sevendays. (ガールズ&パンツァー)
                                   作者：手つかずの青。 (えみりお)
                                   是否完结：是
                                   总页数：40
                                   分类：同人,短篇,純愛,百合花園
                                   章节数：1
                                   最后更新时间：2018-08-23T11:13:51.976Z
                                   =================================================
2026-06-21 00:19:29 - mkk_pika - database.py:101 - INFO - 保存成功：Sevendays. (ガールズ&パンツァー)
2026-06-21 00:19:29 - mkk_pika - main.py:35 - INFO - 开始检查ボクの夢はママとえっちすることです 我的夢想是媽媽和我愛愛這種舒服的事是否存在未下载章节
2026-06-21 00:19:29 - mkk_pika - main.py:45 - INFO - 正在下载:[ボクの夢はママとえっちすることです 我的夢想是媽媽和我愛愛這種舒服的事]-[安原司]-[['長篇', '純愛', '單行本', '人妻']]-[total_pages:188]
2026-06-21 00:19:29 - mkk_pika - main.py:49 - INFO - [{'_id': '5b7e972620d65d51ae711f89', 'title': '第1集', 'order': 1, 'updated_at': '2018-08-22T09:42:19.582Z', 'id': '5b7e972620d65d51ae711f89'}]
2026-06-21 00:19:29 - mkk_pika - database.py:215 - INFO - 第一次下载该漫画，记录数据库中
2026-06-21 00:19:31 - mkk_pika - main.py:83 - INFO - 找到 188 张图片在:第1集
2026-06-21 00:19:35 - mkk_pika - main.py:112 - INFO - [episode:第1集       ] downloaded:   188, total: 188, progress:100%
2026-06-21 00:19:35 - mkk_pika - database.py:238 - INFO - 数据库更新已下载章节
2026-06-21 00:19:35 - mkk_pika - database.py:244 - INFO - 该漫画已下载章节如下
2026-06-21 00:19:35 - mkk_pika - database.py:245 - INFO - ['第1集']
2026-06-21 00:19:36 - mkk_pika - main.py:348 - INFO - ==================== 漫画信息 ====================
                                   漫画ID：5b7e972620d65d51ae711f88
                                   标题：ボクの夢はママとえっちすることです 我的夢想是媽媽和我愛愛這種舒服的事
                                   作者：安原司
                                   是否完结：是
                                   总页数：188
                                   分类：長篇,純愛,單行本,人妻
                                   章节数：1
                                   最后更新时间：2018-08-23T11:14:46.952Z
                                   =================================================
2026-06-21 00:19:36 - mkk_pika - database.py:101 - INFO - 保存成功：ボクの夢はママとえっちすることです 我的夢想是媽媽和我愛愛這種舒服的事
2026-06-21 00:19:36 - mkk_pika - main.py:35 - INFO - 开始检查 (COMIC1☆13)  みんなの団長ジータちゃんwithルリア (グランブルーファンタジー)是否存在未下载章节
2026-06-21 00:19:36 - mkk_pika - main.py:45 - INFO - 正在下载:[ (COMIC1☆13)  みんなの団長ジータちゃんwithルリア (グランブルーファンタジー)]-[一ノ瀬 (一ノ瀬ランド)]-[['同人', '短篇', '碧藍幻想']]-[total_pages:30]
2026-06-21 00:19:36 - mkk_pika - main.py:49 - INFO - [{'_id': '5b7e976b87d16b51c3c62275', 'title': '第1集', 'order': 1, 'updated_at': '2018-08-22T14:18:47.718Z', 'id': '5b7e976b87d16b51c3c62275'}]
2026-06-21 00:19:36 - mkk_pika - database.py:215 - INFO - 第一次下载该漫画，记录数据库中
2026-06-21 00:19:37 - mkk_pika - main.py:83 - INFO - 找到 30 张图片在:第1集
2026-06-21 00:19:38 - mkk_pika - main.py:112 - INFO - [episode:第1集       ] downloaded:    30, total:  30, progress:100%
2026-06-21 00:19:38 - mkk_pika - database.py:238 - INFO - 数据库更新已下载章节
2026-06-21 00:19:38 - mkk_pika - database.py:244 - INFO - 该漫画已下载章节如下
2026-06-21 00:19:38 - mkk_pika - database.py:245 - INFO - ['第1集']
2026-06-21 00:19:39 - mkk_pika - main.py:348 - INFO - ==================== 漫画信息 ====================
                                   漫画ID：5b7e976b87d16b51c3c62274
                                   标题： (COMIC1☆13)  みんなの団長ジータちゃんwithルリア (グランブルーファンタジー)
                                   作者：一ノ瀬 (一ノ瀬ランド)
                                   是否完结：是
                                   总页数：30
                                   分类：同人,短篇,碧藍幻想
                                   章节数：1
                                   最后更新时间：2018-08-23T11:15:55.689Z
                                   =================================================
2026-06-21 00:19:39 - mkk_pika - database.py:101 - INFO - 保存成功： (COMIC1☆13)  みんなの団長ジータちゃんwithルリア (グランブルーファンタジー)
2026-06-21 00:19:39 - mkk_pika - main.py:35 - INFO - 开始检查 DLO-05 カレと私の壊れたキズナ2 [DL版] [全彩]是否存在未下载章节
2026-06-21 00:19:39 - mkk_pika - main.py:45 - INFO - 正在下载:[ DLO-05 カレと私の壊れたキズナ2 [DL版] [全彩]]-[Digital Lover (なかじまゆか)]-[['短篇', '同人', '全彩', 'NTR']]-[total_pages:42]
2026-06-21 00:19:39 - mkk_pika - main.py:49 - INFO - [{'_id': '5b7e978e836a6151858cefc0', 'title': '第1集', 'order': 1, 'updated_at': '2018-08-22T14:50:35.030Z', 'id': '5b7e978e836a6151858cefc0'}]
2026-06-21 00:19:39 - mkk_pika - database.py:215 - INFO - 第一次下载该漫画，记录数据库中
2026-06-21 00:19:40 - mkk_pika - main.py:83 - INFO - 找到 72 张图片在:第1集
2026-06-21 00:19:41 - mkk_pika - main.py:112 - INFO - [episode:第1集       ] downloaded:    72, total:  72, progress:100%
2026-06-21 00:19:41 - mkk_pika - database.py:238 - INFO - 数据库更新已下载章节
2026-06-21 00:19:41 - mkk_pika - database.py:244 - INFO - 该漫画已下载章节如下
2026-06-21 00:19:41 - mkk_pika - database.py:245 - INFO - ['第1集']
2026-06-21 00:19:43 - mkk_pika - main.py:348 - INFO - ==================== 漫画信息 ====================
                                   漫画ID：5b7e978e836a6151858cefbf
                                   标题： DLO-05 カレと私の壊れたキズナ2 [DL版] [全彩]
                                   作者：Digital Lover (なかじまゆか)
                                   是否完结：否
                                   总页数：42
                                   分类：短篇,同人,全彩,NTR
                                   章节数：1
                                   最后更新时间：2018-08-23T11:16:30.083Z
                                   =================================================
2026-06-21 00:19:43 - mkk_pika - database.py:101 - INFO - 保存成功： DLO-05 カレと私の壊れたキズナ2 [DL版] [全彩]
2026-06-21 00:19:43 - mkk_pika - main.py:35 - INFO - 开始检查C94おまけ本 (ゲゲゲの鬼太郎)是否存在未下载章节
2026-06-21 00:19:43 - mkk_pika - main.py:45 - INFO - 正在下载:[C94おまけ本 (ゲゲゲの鬼太郎)]-[紺色ドロップス (森島コン)]-[['同人', '短篇']]-[total_pages:-36]
2026-06-21 00:19:43 - mkk_pika - main.py:49 - INFO - [{'_id': '5b7ee6624d179b08a18ddfbf', 'title': '第1集', 'order': 1, 'updated_at': '2018-08-23T16:51:20.862Z', 'id': '5b7ee6624d179b08a18ddfbf'}]
2026-06-21 00:19:43 - mkk_pika - database.py:215 - INFO - 第一次下载该漫画，记录数据库中
2026-06-21 00:19:44 - mkk_pika - main.py:83 - INFO - 找到 9 张图片在:第1集
2026-06-21 00:19:44 - mkk_pika - main.py:112 - INFO - [episode:第1集       ] downloaded:     9, total:   9, progress:100%
2026-06-21 00:19:44 - mkk_pika - database.py:238 - INFO - 数据库更新已下载章节
2026-06-21 00:19:44 - mkk_pika - database.py:244 - INFO - 该漫画已下载章节如下
2026-06-21 00:19:44 - mkk_pika - database.py:245 - INFO - ['第1集']
2026-06-21 00:19:45 - mkk_pika - main.py:348 - INFO - ==================== 漫画信息 ====================
                                   漫画ID：5b7e9881c09fb8517dd480ac
                                   标题：C94おまけ本 (ゲゲゲの鬼太郎)
                                   作者：紺色ドロップス (森島コン)
                                   是否完结：是
                                   总页数：-36
                                   分类：同人,短篇
                                   章节数：1
                                   最后更新时间：2018-08-23T11:20:33.820Z
                                   =================================================
2026-06-21 00:19:45 - mkk_pika - database.py:101 - INFO - 保存成功：C94おまけ本 (ゲゲゲの鬼太郎)
2026-06-21 00:19:45 - mkk_pika - main.py:35 - INFO - 开始检查義妹にダメ射精 對繼妹禁忌射精是否存在未下载章节
2026-06-21 00:19:45 - mkk_pika - main.py:45 - INFO - 正在下载:[義妹にダメ射精 對繼妹禁忌射精]-[志乃武丹英]-[['長篇', '純愛', '妹妹系', '單行本']]-[total_pages:195]
2026-06-21 00:19:45 - mkk_pika - main.py:49 - INFO - [{'_id': '5b7e989487d16b51c3c6229a', 'title': '第1集', 'order': 1, 'updated_at': '2018-08-23T08:37:27.473Z', 'id': '5b7e989487d16b51c3c6229a'}]
2026-06-21 00:19:45 - mkk_pika - database.py:215 - INFO - 第一次下载该漫画，记录数据库中
2026-06-21 00:19:47 - mkk_pika - main.py:83 - INFO - 找到 195 张图片在:第1集
2026-06-21 00:19:51 - mkk_pika - main.py:112 - INFO - [episode:第1集       ] downloaded:   195, total: 195, progress:100%
2026-06-21 00:19:51 - mkk_pika - database.py:238 - INFO - 数据库更新已下载章节
2026-06-21 00:19:51 - mkk_pika - database.py:244 - INFO - 该漫画已下载章节如下
2026-06-21 00:19:51 - mkk_pika - database.py:245 - INFO - ['第1集']
2026-06-21 00:19:52 - mkk_pika - main.py:348 - INFO - ==================== 漫画信息 ====================
                                   漫画ID：5b7e989487d16b51c3c62299
                                   标题：義妹にダメ射精 對繼妹禁忌射精
                                   作者：志乃武丹英
                                   是否完结：是
                                   总页数：195
                                   分类：長篇,純愛,妹妹系,單行本
                                   章节数：1
                                   最后更新时间：2018-08-23T11:20:52.539Z
                                   =================================================
2026-06-21 00:19:52 - mkk_pika - database.py:101 - INFO - 保存成功：義妹にダメ射精 對繼妹禁忌射精
2026-06-21 00:19:52 - mkk_pika - main.py:35 - INFO - 开始检查 (C94) 夜の秘書艦デイリー任務なのですっ雷電編 (艦隊これくしょん -艦これ-) v2是否存在未下载章节
2026-06-21 00:19:53 - mkk_pika - main.py:45 - INFO - 正在下载:[ (C94) 夜の秘書艦デイリー任務なのですっ雷電編 (艦隊これくしょん -艦これ-) v2]-[HANEKAZE (秋月つかさ)]-[['短篇', '同人', '艦隊收藏']]-[total_pages:87]
2026-06-21 00:19:53 - mkk_pika - main.py:49 - INFO - [{'_id': '5b7e993520d65d51ae712d8a', 'title': '第1集', 'order': 1, 'updated_at': '2018-08-22T14:03:56.741Z', 'id': '5b7e993520d65d51ae712d8a'}]
2026-06-21 00:19:53 - mkk_pika - database.py:215 - INFO - 第一次下载该漫画，记录数据库中
2026-06-21 00:19:53 - mkk_pika - main.py:83 - INFO - 找到 34 张图片在:第1集
2026-06-21 00:19:54 - mkk_pika - main.py:112 - INFO - [episode:第1集       ] downloaded:    34, total:  34, progress:100%
2026-06-21 00:19:54 - mkk_pika - database.py:238 - INFO - 数据库更新已下载章节
2026-06-21 00:19:54 - mkk_pika - database.py:244 - INFO - 该漫画已下载章节如下
2026-06-21 00:19:54 - mkk_pika - database.py:245 - INFO - ['第1集']
2026-06-21 00:19:55 - mkk_pika - main.py:348 - INFO - ==================== 漫画信息 ====================
                                   漫画ID：5b7e993520d65d51ae712d89
                                   标题： (C94) 夜の秘書艦デイリー任務なのですっ雷電編 (艦隊これくしょん -艦これ-) v2
                                   作者：HANEKAZE (秋月つかさ)
                                   是否完结：否
                                   总页数：87
                                   分类：短篇,同人,艦隊收藏
                                   章节数：1
                                   最后更新时间：2018-08-23T11:23:33.093Z
                                   =================================================
2026-06-21 00:19:55 - mkk_pika - database.py:101 - INFO - 保存成功： (C94) 夜の秘書艦デイリー任務なのですっ雷電編 (艦隊これくしょん -艦これ-) v2
2026-06-21 00:19:55 - mkk_pika - main.py:35 - INFO - 开始检查NPC姦 (Skyrim)是否存在未下载章节
2026-06-21 00:19:56 - mkk_pika - main.py:45 - INFO - 正在下载:[NPC姦 (Skyrim)]-[あぶぶ]-[['同人', '短篇']]-[total_pages:151]
2026-06-21 00:19:56 - mkk_pika - main.py:49 - INFO - [{'_id': '5c73ab79c49b251117a3937e', 'title': '生肉', 'order': 1, 'updated_at': '2019-02-24T20:01:18.471Z', 'id': '5c73ab79c49b251117a3937e'}, {'_id': '5b7eab8387d16b51c3c623a7', 'title': '汉化', 'order': 2, 'updated_at': '2019-02-27T03:59:33.131Z', 'id': '5b7eab8387d16b51c3c623a7'}]
2026-06-21 00:19:56 - mkk_pika - database.py:215 - INFO - 第一次下载该漫画，记录数据库中
2026-06-21 00:19:57 - mkk_pika - main.py:83 - INFO - 找到 76 张图片在:生肉
2026-06-21 00:19:59 - mkk_pika - main.py:112 - INFO - [episode:生肉        ] downloaded:    76, total:  76, progress:100%
2026-06-21 00:19:59 - mkk_pika - database.py:238 - INFO - 数据库更新已下载章节
2026-06-21 00:19:59 - mkk_pika - database.py:244 - INFO - 该漫画已下载章节如下
2026-06-21 00:19:59 - mkk_pika - database.py:245 - INFO - ['生肉']
2026-06-21 00:20:01 - mkk_pika - main.py:83 - INFO - 找到 75 张图片在:汉化
2026-06-21 00:20:02 - mkk_pika - main.py:112 - INFO - [episode:汉化        ] downloaded:    75, total:  75, progress:100%
2026-06-21 00:20:02 - mkk_pika - database.py:238 - INFO - 数据库更新已下载章节
2026-06-21 00:20:02 - mkk_pika - database.py:244 - INFO - 该漫画已下载章节如下
2026-06-21 00:20:02 - mkk_pika - database.py:245 - INFO - ['生肉', '汉化']
2026-06-21 00:20:03 - mkk_pika - main.py:348 - INFO - ==================== 漫画信息 ====================
                                   漫画ID：5b31dbb086b1145071281f1e
                                   标题：NPC姦 (Skyrim)
                                   作者：あぶぶ
                                   是否完结：是
                                   总页数：151
                                   分类：同人,短篇
                                   章节数：2
                                   最后更新时间：2018-08-23T12:41:39.226Z
                                   =================================================
2026-06-21 00:20:03 - mkk_pika - database.py:101 - INFO - 保存成功：NPC姦 (Skyrim)
2026-06-21 00:20:03 - mkk_pika - main.py:35 - INFO - 开始检查(C94) 魔女裁判 (Fate/Grand Order)是否存在未下载章节
2026-06-21 00:20:04 - mkk_pika - main.py:45 - INFO - 正在下载:[(C94) 魔女裁判 (Fate/Grand Order)]-[チデヂ (オヤヂ)]-[['同人', '短篇', 'Fate', '強暴']]-[total_pages:26]
2026-06-21 00:20:04 - mkk_pika - main.py:49 - INFO - [{'_id': '5b7eab9896b0861cf5085edf', 'title': '第1集', 'order': 1, 'updated_at': '2018-08-23T01:31:39.684Z', 'id': '5b7eab9896b0861cf5085edf'}]
2026-06-21 00:20:04 - mkk_pika - database.py:215 - INFO - 第一次下载该漫画，记录数据库中
2026-06-21 00:20:04 - mkk_pika - main.py:83 - INFO - 找到 26 张图片在:第1集
2026-06-21 00:20:05 - mkk_pika - main.py:112 - INFO - [episode:第1集       ] downloaded:    26, total:  26, progress:100%
2026-06-21 00:20:05 - mkk_pika - database.py:238 - INFO - 数据库更新已下载章节
2026-06-21 00:20:05 - mkk_pika - database.py:244 - INFO - 该漫画已下载章节如下
2026-06-21 00:20:05 - mkk_pika - database.py:245 - INFO - ['第1集']
2026-06-21 00:20:06 - mkk_pika - main.py:348 - INFO - ==================== 漫画信息 ====================
                                   漫画ID：5b7eab9896b0861cf5085ede
                                   标题：(C94) 魔女裁判 (Fate/Grand Order)
                                   作者：チデヂ (オヤヂ)
                                   是否完结：是
                                   总页数：26
                                   分类：同人,短篇,Fate,強暴
                                   章节数：1
                                   最后更新时间：2018-08-23T12:42:00.542Z
                                   =================================================
2026-06-21 00:20:06 - mkk_pika - database.py:101 - INFO - 保存成功：(C94) 魔女裁判 (Fate/Grand Order)
2026-06-21 00:20:06 - mkk_pika - main.py:35 - INFO - 开始检查(C94) 女子大生南ことりのヤリサー事件簿Case.3 (ラブライブ!)是否存在未下载章节
2026-06-21 00:20:07 - mkk_pika - main.py:45 - INFO - 正在下载:[(C94) 女子大生南ことりのヤリサー事件簿Case.3 (ラブライブ!)]-[第6基地 (キチロク)]-[['同人', '短篇', 'Love Live']]-[total_pages:40]
2026-06-21 00:20:07 - mkk_pika - main.py:49 - INFO - [{'_id': '5b7eabae836a6151858cf06f', 'title': '第1集', 'order': 1, 'updated_at': '2018-08-23T01:48:31.341Z', 'id': '5b7eabae836a6151858cf06f'}]
2026-06-21 00:20:07 - mkk_pika - database.py:215 - INFO - 第一次下载该漫画，记录数据库中
2026-06-21 00:20:07 - mkk_pika - main.py:83 - INFO - 找到 40 张图片在:第1集
2026-06-21 00:20:08 - mkk_pika - main.py:112 - INFO - [episode:第1集       ] downloaded:    40, total:  40, progress:100%
2026-06-21 00:20:08 - mkk_pika - database.py:238 - INFO - 数据库更新已下载章节
2026-06-21 00:20:08 - mkk_pika - database.py:244 - INFO - 该漫画已下载章节如下
2026-06-21 00:20:08 - mkk_pika - database.py:245 - INFO - ['第1集']
2026-06-21 00:20:09 - mkk_pika - main.py:348 - INFO - ==================== 漫画信息 ====================
                                   漫画ID：5b7eabae836a6151858cf06e
                                   标题：(C94) 女子大生南ことりのヤリサー事件簿Case.3 (ラブライブ!)
                                   作者：第6基地 (キチロク)
                                   是否完结：是
                                   总页数：40
                                   分类：同人,短篇,Love Live
                                   章节数：1
                                   最后更新时间：2018-08-23T12:42:22.353Z
                                   =================================================
2026-06-21 00:20:09 - mkk_pika - database.py:101 - INFO - 保存成功：(C94) 女子大生南ことりのヤリサー事件簿Case.3 (ラブライブ!)
2026-06-21 00:20:09 - mkk_pika - main.py:35 - INFO - 开始检查ゆっくりれみりあ育成日記 (東方Project)是否存在未下载章节
2026-06-21 00:20:10 - mkk_pika - main.py:45 - INFO - 正在下载:[ゆっくりれみりあ育成日記 (東方Project)]-[冬扇草堂 (冬扇)]-[['同人', '短篇', '東方']]-[total_pages:19]
2026-06-21 00:20:10 - mkk_pika - main.py:49 - INFO - [{'_id': '5b7eabc0371fc31cbf228004', 'title': '第1集', 'order': 1, 'updated_at': '2018-08-23T01:53:34.798Z', 'id': '5b7eabc0371fc31cbf228004'}]
2026-06-21 00:20:10 - mkk_pika - database.py:215 - INFO - 第一次下载该漫画，记录数据库中
2026-06-21 00:20:10 - mkk_pika - main.py:83 - INFO - 找到 19 张图片在:第1集
2026-06-21 00:20:11 - mkk_pika - main.py:112 - INFO - [episode:第1集       ] downloaded:    19, total:  19, progress:100%
2026-06-21 00:20:11 - mkk_pika - database.py:238 - INFO - 数据库更新已下载章节
2026-06-21 00:20:11 - mkk_pika - database.py:244 - INFO - 该漫画已下载章节如下
2026-06-21 00:20:11 - mkk_pika - database.py:245 - INFO - ['第1集']
2026-06-21 00:20:12 - mkk_pika - main.py:348 - INFO - ==================== 漫画信息 ====================
                                   漫画ID：5b7eabc0371fc31cbf228003
                                   标题：ゆっくりれみりあ育成日記 (東方Project)
                                   作者：冬扇草堂 (冬扇)
                                   是否完结：是
                                   总页数：19
                                   分类：同人,短篇,東方
                                   章节数：1
                                   最后更新时间：2018-08-23T12:42:40.092Z
                                   =================================================
2026-06-21 00:20:12 - mkk_pika - database.py:101 - INFO - 保存成功：ゆっくりれみりあ育成日記 (東方Project)
2026-06-21 00:20:12 - mkk_pika - main.py:35 - INFO - 开始检查(C94) present for you是否存在未下载章节
2026-06-21 00:20:12 - mkk_pika - main.py:45 - INFO - 正在下载:[(C94) present for you]-[MeltdoWN COmet (雪雨こん)]-[['短篇', '妹妹系']]-[total_pages:33]
2026-06-21 00:20:12 - mkk_pika - main.py:49 - INFO - [{'_id': '5b7eabd6b9ec4965dd1179f1', 'title': '第1集', 'order': 1, 'updated_at': '2018-08-23T01:57:35.622Z', 'id': '5b7eabd6b9ec4965dd1179f1'}]
2026-06-21 00:20:12 - mkk_pika - database.py:215 - INFO - 第一次下载该漫画，记录数据库中
2026-06-21 00:20:13 - mkk_pika - main.py:83 - INFO - 找到 33 张图片在:第1集
2026-06-21 00:20:14 - mkk_pika - main.py:112 - INFO - [episode:第1集       ] downloaded:    33, total:  33, progress:100%
2026-06-21 00:20:14 - mkk_pika - database.py:238 - INFO - 数据库更新已下载章节
2026-06-21 00:20:14 - mkk_pika - database.py:244 - INFO - 该漫画已下载章节如下
2026-06-21 00:20:14 - mkk_pika - database.py:245 - INFO - ['第1集']
2026-06-21 00:20:15 - mkk_pika - main.py:348 - INFO - ==================== 漫画信息 ====================
                                   漫画ID：5b7eabd6b9ec4965dd1179f0
                                   标题：(C94) present for you
                                   作者：MeltdoWN COmet (雪雨こん)
                                   是否完结：是
                                   总页数：33
                                   分类：短篇,妹妹系
                                   章节数：1
                                   最后更新时间：2018-08-23T12:43:02.889Z
                                   =================================================
2026-06-21 00:20:15 - mkk_pika - database.py:101 - INFO - 保存成功：(C94) present for you
2026-06-21 00:20:15 - mkk_pika - main.py:35 - INFO - 开始检查おふとんかしま (艦隊これくしょん -艦これ-)是否存在未下载章节
2026-06-21 00:20:15 - mkk_pika - main.py:45 - INFO - 正在下载:[おふとんかしま (艦隊これくしょん -艦これ-)]-[カステラたまご (ぴよぴよ)]-[['同人', '短篇', '艦隊收藏']]-[total_pages:22]
2026-06-21 00:20:15 - mkk_pika - main.py:49 - INFO - [{'_id': '5b7eac26c09fb8517dd48189', 'title': '第1集', 'order': 1, 'updated_at': '2018-08-23T02:03:07.722Z', 'id': '5b7eac26c09fb8517dd48189'}]
2026-06-21 00:20:15 - mkk_pika - database.py:215 - INFO - 第一次下载该漫画，记录数据库中
2026-06-21 00:20:16 - mkk_pika - main.py:83 - INFO - 找到 22 张图片在:第1集
2026-06-21 00:20:16 - mkk_pika - main.py:112 - INFO - [episode:第1集       ] downloaded:    22, total:  22, progress:100%
2026-06-21 00:20:16 - mkk_pika - database.py:238 - INFO - 数据库更新已下载章节
2026-06-21 00:20:16 - mkk_pika - database.py:244 - INFO - 该漫画已下载章节如下
2026-06-21 00:20:16 - mkk_pika - database.py:245 - INFO - ['第1集']
2026-06-21 00:20:18 - mkk_pika - main.py:348 - INFO - ==================== 漫画信息 ====================
                                   漫画ID：5b7eac26c09fb8517dd48188
                                   标题：おふとんかしま (艦隊これくしょん -艦これ-)
                                   作者：カステラたまご (ぴよぴよ)
                                   是否完结：是
                                   总页数：22
                                   分类：同人,短篇,艦隊收藏
                                   章节数：1
                                   最后更新时间：2018-08-23T12:44:22.821Z
                                   =================================================
2026-06-21 00:20:18 - mkk_pika - database.py:101 - INFO - 保存成功：おふとんかしま (艦隊これくしょん -艦これ-)
2026-06-21 00:20:18 - mkk_pika - main.py:35 - INFO - 开始检查赤を (キラキラ☆プリキュアアラモード)剑城晶☆【桃屋猫光之美少女系列】是否存在未下载章节
2026-06-21 00:20:18 - mkk_pika - main.py:45 - INFO - 正在下载:[赤を (キラキラ☆プリキュアアラモード)剑城晶☆【桃屋猫光之美少女系列】]-[桃屋しょう猫]-[['同人', '短篇', '強暴']]-[total_pages:30]
2026-06-21 00:20:18 - mkk_pika - main.py:49 - INFO - [{'_id': '5b7eac3ec09fb8517dd481a1', 'title': '☆巧克力旋涡☆~！', 'order': 1, 'updated_at': '2018-08-23T12:22:16.820Z', 'id': '5b7eac3ec09fb8517dd481a1'}]
2026-06-21 00:20:18 - mkk_pika - database.py:215 - INFO - 第一次下载该漫画，记录数据库中
2026-06-21 00:20:18 - mkk_pika - main.py:83 - INFO - 找到 30 张图片在:☆巧克力旋涡☆~！
2026-06-21 00:20:19 - mkk_pika - main.py:112 - INFO - [episode:☆巧克力旋涡☆~！ ] downloaded:    30, total:  30, progress:100%
2026-06-21 00:20:19 - mkk_pika - database.py:238 - INFO - 数据库更新已下载章节
2026-06-21 00:20:19 - mkk_pika - database.py:244 - INFO - 该漫画已下载章节如下
2026-06-21 00:20:19 - mkk_pika - database.py:245 - INFO - ['☆巧克力旋涡☆~！']
2026-06-21 00:20:20 - mkk_pika - main.py:348 - INFO - ==================== 漫画信息 ====================
                                   漫画ID：5b7eac3ec09fb8517dd481a0
                                   标题：赤を (キラキラ☆プリキュアアラモード)剑城晶☆【桃屋猫光之美少女系列】
                                   作者：桃屋しょう猫
                                   是否完结：是
                                   总页数：30
                                   分类：同人,短篇,強暴
                                   章节数：1
                                   最后更新时间：2018-08-23T12:44:46.285Z
                                   =================================================
2026-06-21 00:20:20 - mkk_pika - database.py:101 - INFO - 保存成功：赤を (キラキラ☆プリキュアアラモード)剑城晶☆【桃屋猫光之美少女系列】
2026-06-21 00:20:20 - mkk_pika - main.py:35 - INFO - 开始检查ちんちん先生のしゃぶられ日記  (COMIC快楽天 2018年5月号)是否存在未下载章节
2026-06-21 00:20:21 - mkk_pika - main.py:45 - INFO - 正在下载:[ちんちん先生のしゃぶられ日記  (COMIC快楽天 2018年5月号)]-[もじゃりん]-[['短篇', '人妻', '後宮閃光']]-[total_pages:23]
2026-06-21 00:20:21 - mkk_pika - main.py:49 - INFO - [{'_id': '5b7f8047df1c5e384cb9b76b', 'title': '第1集', 'order': 1, 'updated_at': '2018-08-23T17:20:21.663Z', 'id': '5b7f8047df1c5e384cb9b76b'}]
2026-06-21 00:20:21 - mkk_pika - database.py:215 - INFO - 第一次下载该漫画，记录数据库中
2026-06-21 00:20:21 - mkk_pika - main.py:83 - INFO - 找到 23 张图片在:第1集
2026-06-21 00:20:22 - mkk_pika - main.py:112 - INFO - [episode:第1集       ] downloaded:    23, total:  23, progress:100%
2026-06-21 00:20:22 - mkk_pika - database.py:238 - INFO - 数据库更新已下载章节
2026-06-21 00:20:22 - mkk_pika - database.py:244 - INFO - 该漫画已下载章节如下
2026-06-21 00:20:22 - mkk_pika - database.py:245 - INFO - ['第1集']
2026-06-21 00:20:23 - mkk_pika - main.py:348 - INFO - ==================== 漫画信息 ====================
                                   漫画ID：5b7f8047df1c5e384cb9b76a
                                   标题：ちんちん先生のしゃぶられ日記  (COMIC快楽天 2018年5月号)
                                   作者：もじゃりん
                                   是否完结：是
                                   总页数：23
                                   分类：短篇,人妻,後宮閃光
                                   章节数：1
                                   最后更新时间：2018-08-24T03:49:27.422Z
                                   =================================================
2026-06-21 00:20:23 - mkk_pika - database.py:101 - INFO - 保存成功：ちんちん先生のしゃぶられ日記  (COMIC快楽天 2018年5月号)
2026-06-21 00:20:23 - mkk_pika - main.py:35 - INFO - 开始检查(C94) 闇鍋2 (よろず)(FateGrand Order)是否存在未下载章节
2026-06-21 00:20:23 - mkk_pika - main.py:45 - INFO - 正在下载:[(C94) 闇鍋2 (よろず)(FateGrand Order)]-[いけちか (池下真上)]-[['同人', '短篇', '扶他樂園', 'Fate']]-[total_pages:14]
2026-06-21 00:20:23 - mkk_pika - main.py:49 - INFO - [{'_id': '5b7f80a22128940401aba886', 'title': '第1集', 'order': 1, 'updated_at': '2018-08-23T19:14:52.079Z', 'id': '5b7f80a22128940401aba886'}]
2026-06-21 00:20:23 - mkk_pika - database.py:215 - INFO - 第一次下载该漫画，记录数据库中
2026-06-21 00:20:24 - mkk_pika - main.py:83 - INFO - 找到 14 张图片在:第1集
2026-06-21 00:20:24 - mkk_pika - main.py:112 - INFO - [episode:第1集       ] downloaded:    14, total:  14, progress:100%
2026-06-21 00:20:24 - mkk_pika - database.py:238 - INFO - 数据库更新已下载章节
2026-06-21 00:20:24 - mkk_pika - database.py:244 - INFO - 该漫画已下载章节如下
2026-06-21 00:20:24 - mkk_pika - database.py:245 - INFO - ['第1集']
2026-06-21 00:20:26 - mkk_pika - main.py:348 - INFO - ==================== 漫画信息 ====================
                                   漫画ID：5b7f80a22128940401aba885
                                   标题：(C94) 闇鍋2 (よろず)(FateGrand Order)
                                   作者：いけちか (池下真上)
                                   是否完结：是
                                   总页数：14
                                   分类：同人,短篇,扶他樂園,Fate
                                   章节数：1
                                   最后更新时间：2018-08-24T03:50:58.364Z
                                   =================================================
2026-06-21 00:20:26 - mkk_pika - database.py:101 - INFO - 保存成功：(C94) 闇鍋2 (よろず)(FateGrand Order)
2026-06-21 00:20:26 - mkk_pika - main.py:35 - INFO - 开始检查(C94) ありすとアイドルの私 (アイドルマスター シンデレラガールズ)是否存在未下载章节
2026-06-21 00:20:26 - mkk_pika - main.py:45 - INFO - 正在下载:[(C94) ありすとアイドルの私 (アイドルマスター シンデレラガールズ)]-[木鈴亭 (木鈴カケル、コウリ)]-[['同人', '短篇']]-[total_pages:24]
2026-06-21 00:20:26 - mkk_pika - main.py:49 - INFO - [{'_id': '5b7f80b542720661fe2d7783', 'title': '第1集', 'order': 1, 'updated_at': '2018-08-24T01:45:18.828Z', 'id': '5b7f80b542720661fe2d7783'}]
2026-06-21 00:20:26 - mkk_pika - database.py:215 - INFO - 第一次下载该漫画，记录数据库中
2026-06-21 00:20:26 - mkk_pika - main.py:83 - INFO - 找到 24 张图片在:第1集
2026-06-21 00:20:27 - mkk_pika - main.py:112 - INFO - [episode:第1集       ] downloaded:    24, total:  24, progress:100%
2026-06-21 00:20:27 - mkk_pika - database.py:238 - INFO - 数据库更新已下载章节
2026-06-21 00:20:27 - mkk_pika - database.py:244 - INFO - 该漫画已下载章节如下
2026-06-21 00:20:27 - mkk_pika - database.py:245 - INFO - ['第1集']
2026-06-21 00:20:28 - mkk_pika - main.py:348 - INFO - ==================== 漫画信息 ====================
                                   漫画ID：5b7f80b542720661fe2d7782
                                   标题：(C94) ありすとアイドルの私 (アイドルマスター シンデレラガールズ)
                                   作者：木鈴亭 (木鈴カケル、コウリ)
                                   是否完结：是
                                   总页数：24
                                   分类：同人,短篇
                                   章节数：1
                                   最后更新时间：2018-08-24T03:51:17.055Z
                                   =================================================
2026-06-21 00:20:28 - mkk_pika - database.py:101 - INFO - 保存成功：(C94) ありすとアイドルの私 (アイドルマスター シンデレラガールズ)
2026-06-21 00:20:28 - mkk_pika - main.py:35 - INFO - 开始检查種無し夫と発情妻是否存在未下载章节
2026-06-21 00:20:29 - mkk_pika - main.py:45 - INFO - 正在下载:[種無し夫と発情妻]-[ネギネギ夫]-[['全彩', 'NTR', '人妻']]-[total_pages:74]
2026-06-21 00:20:29 - mkk_pika - main.py:49 - INFO - [{'_id': '5b7f80bfa1d1ff38604ab4ca', 'title': '第1集', 'order': 1, 'updated_at': '2018-08-24T01:53:41.001Z', 'id': '5b7f80bfa1d1ff38604ab4ca'}]
2026-06-21 00:20:29 - mkk_pika - database.py:215 - INFO - 第一次下载该漫画，记录数据库中
2026-06-21 00:20:29 - mkk_pika - main.py:83 - INFO - 找到 74 张图片在:第1集
2026-06-21 00:20:31 - mkk_pika - main.py:112 - INFO - [episode:第1集       ] downloaded:    74, total:  74, progress:100%
2026-06-21 00:20:31 - mkk_pika - database.py:238 - INFO - 数据库更新已下载章节
2026-06-21 00:20:31 - mkk_pika - database.py:244 - INFO - 该漫画已下载章节如下
2026-06-21 00:20:31 - mkk_pika - database.py:245 - INFO - ['第1集']
2026-06-21 00:20:32 - mkk_pika - main.py:348 - INFO - ==================== 漫画信息 ====================
                                   漫画ID：5b7f80bfa1d1ff38604ab4c9
                                   标题：種無し夫と発情妻
                                   作者：ネギネギ夫
                                   是否完结：是
                                   总页数：74
                                   分类：全彩,NTR,人妻
                                   章节数：1
                                   最后更新时间：2018-08-24T03:51:27.471Z
                                   =================================================
2026-06-21 00:20:32 - mkk_pika - database.py:101 - INFO - 保存成功：種無し夫と発情妻
2026-06-21 00:20:32 - mkk_pika - main.py:35 - INFO - 开始检查(C94) にじ卍 (にじさんじ)是否存在未下载章节
2026-06-21 00:20:32 - mkk_pika - main.py:45 - INFO - 正在下载:[(C94) にじ卍 (にじさんじ)]-[UU-ZONE (nuezou)]-[['同人', '短篇']]-[total_pages:33]
2026-06-21 00:20:32 - mkk_pika - main.py:49 - INFO - [{'_id': '5b7f80cfee9ec003fb721f79', 'title': '第1集', 'order': 1, 'updated_at': '2018-08-24T02:01:49.542Z', 'id': '5b7f80cfee9ec003fb721f79'}]
2026-06-21 00:20:32 - mkk_pika - database.py:215 - INFO - 第一次下载该漫画，记录数据库中
2026-06-21 00:20:33 - mkk_pika - main.py:83 - INFO - 找到 33 张图片在:第1集
2026-06-21 00:20:34 - mkk_pika - main.py:112 - INFO - [episode:第1集       ] downloaded:    33, total:  33, progress:100%
2026-06-21 00:20:34 - mkk_pika - database.py:238 - INFO - 数据库更新已下载章节
2026-06-21 00:20:34 - mkk_pika - database.py:244 - INFO - 该漫画已下载章节如下
2026-06-21 00:20:34 - mkk_pika - database.py:245 - INFO - ['第1集']
2026-06-21 00:20:35 - mkk_pika - main.py:348 - INFO - ==================== 漫画信息 ====================
                                   漫画ID：5b7f80cfee9ec003fb721f78
                                   标题：(C94) にじ卍 (にじさんじ)
                                   作者：UU-ZONE (nuezou)
                                   是否完结：是
                                   总页数：33
                                   分类：同人,短篇
                                   章节数：1
                                   最后更新时间：2018-08-24T03:51:43.661Z
                                   =================================================
2026-06-21 00:20:35 - mkk_pika - database.py:101 - INFO - 保存成功：(C94) にじ卍 (にじさんじ)
2026-06-21 00:20:35 - mkk_pika - main.py:35 - INFO - 开始检查(コミテァア122) Lust Ritual 性なる生贄是否存在未下载章节
2026-06-21 00:20:35 - mkk_pika - main.py:45 - INFO - 正在下载:[(コミテァア122) Lust Ritual 性なる生贄]-[V-SLASH (夕霧)]-[['短篇']]-[total_pages:24]
2026-06-21 00:20:35 - mkk_pika - main.py:49 - INFO - [{'_id': '5b7f80df09b511040f485a49', 'title': '第1集', 'order': 1, 'updated_at': '2018-08-24T02:05:17.785Z', 'id': '5b7f80df09b511040f485a49'}]
2026-06-21 00:20:35 - mkk_pika - database.py:215 - INFO - 第一次下载该漫画，记录数据库中
2026-06-21 00:20:36 - mkk_pika - main.py:83 - INFO - 找到 24 张图片在:第1集
2026-06-21 00:20:36 - mkk_pika - main.py:112 - INFO - [episode:第1集       ] downloaded:    24, total:  24, progress:100%
2026-06-21 00:20:36 - mkk_pika - database.py:238 - INFO - 数据库更新已下载章节
2026-06-21 00:20:36 - mkk_pika - database.py:244 - INFO - 该漫画已下载章节如下
2026-06-21 00:20:36 - mkk_pika - database.py:245 - INFO - ['第1集']
2026-06-21 00:20:38 - mkk_pika - main.py:348 - INFO - ==================== 漫画信息 ====================
                                   漫画ID：5b7f80df09b511040f485a48
                                   标题：(コミテァア122) Lust Ritual 性なる生贄
                                   作者：V-SLASH (夕霧)
                                   是否完结：是
                                   总页数：24
                                   分类：短篇
                                   章节数：1
                                   最后更新时间：2018-08-24T03:51:59.929Z
                                   =================================================
2026-06-21 00:20:38 - mkk_pika - database.py:101 - INFO - 保存成功：(コミテァア122) Lust Ritual 性なる生贄
2026-06-21 00:20:38 - mkk_pika - main.py:35 - INFO - 开始检查(C94) 渡辺の休日 (ラブライブ! サンシャイン!!)是否存在未下载章节
2026-06-21 00:20:38 - mkk_pika - main.py:45 - INFO - 正在下载:[(C94) 渡辺の休日 (ラブライブ! サンシャイン!!)]-[リンゴヤ (あるぷ)]-[['短篇', '同人', 'Love Live']]-[total_pages:36]
2026-06-21 00:20:38 - mkk_pika - main.py:49 - INFO - [{'_id': '5b7f80ef923a2161f8a7e3a6', 'title': '第1集', 'order': 1, 'updated_at': '2018-08-24T02:10:24.989Z', 'id': '5b7f80ef923a2161f8a7e3a6'}]
2026-06-21 00:20:38 - mkk_pika - database.py:215 - INFO - 第一次下载该漫画，记录数据库中
2026-06-21 00:20:39 - mkk_pika - main.py:83 - INFO - 找到 36 张图片在:第1集
2026-06-21 00:20:39 - mkk_pika - main.py:112 - INFO - [episode:第1集       ] downloaded:    36, total:  36, progress:100%
2026-06-21 00:20:39 - mkk_pika - database.py:238 - INFO - 数据库更新已下载章节
2026-06-21 00:20:39 - mkk_pika - database.py:244 - INFO - 该漫画已下载章节如下
2026-06-21 00:20:39 - mkk_pika - database.py:245 - INFO - ['第1集']
2026-06-21 00:20:41 - mkk_pika - main.py:348 - INFO - ==================== 漫画信息 ====================
                                   漫画ID：5b7f80ef923a2161f8a7e3a5
                                   标题：(C94) 渡辺の休日 (ラブライブ! サンシャイン!!)
                                   作者：リンゴヤ (あるぷ)
                                   是否完结：是
                                   总页数：36
                                   分类：短篇,同人,Love Live
                                   章节数：1
                                   最后更新时间：2018-08-24T03:52:15.723Z
                                   =================================================
2026-06-21 00:20:41 - mkk_pika - database.py:101 - INFO - 保存成功：(C94) 渡辺の休日 (ラブライブ! サンシャイン!!)
2026-06-21 00:20:41 - mkk_pika - main.py:35 - INFO - 开始检查 (C89) はじめての夜戦 (艦隊これくしょん -艦これ-)是否存在未下载章节
2026-06-21 00:20:41 - mkk_pika - main.py:45 - INFO - 正在下载:[ (C89) はじめての夜戦 (艦隊これくしょん -艦これ-)]-[ 夏色少女 (たかなしはると)]-[['短篇', '同人', '艦隊收藏']]-[total_pages:24]
2026-06-21 00:20:41 - mkk_pika - main.py:49 - INFO - [{'_id': '5b803ae0ee9ec003fb7227b7', 'title': '第1集', 'order': 1, 'updated_at': '2018-08-24T05:52:37.699Z', 'id': '5b803ae0ee9ec003fb7227b7'}]
2026-06-21 00:20:41 - mkk_pika - database.py:215 - INFO - 第一次下载该漫画，记录数据库中
2026-06-21 00:20:42 - mkk_pika - main.py:83 - INFO - 找到 24 张图片在:第1集
2026-06-21 00:20:42 - mkk_pika - main.py:112 - INFO - [episode:第1集       ] downloaded:    24, total:  24, progress:100%
2026-06-21 00:20:42 - mkk_pika - database.py:238 - INFO - 数据库更新已下载章节
2026-06-21 00:20:42 - mkk_pika - database.py:244 - INFO - 该漫画已下载章节如下
2026-06-21 00:20:42 - mkk_pika - database.py:245 - INFO - ['第1集']
2026-06-21 00:20:43 - mkk_pika - main.py:348 - INFO - ==================== 漫画信息 ====================
                                   漫画ID：5b803ae0ee9ec003fb7227b6
                                   标题： (C89) はじめての夜戦 (艦隊これくしょん -艦これ-)
                                   作者： 夏色少女 (たかなしはると)
                                   是否完结：否
                                   总页数：24
                                   分类：短篇,同人,艦隊收藏
                                   章节数：1
                                   最后更新时间：2018-08-24T17:05:36.823Z
                                   =================================================
2026-06-21 00:20:43 - mkk_pika - database.py:101 - INFO - 保存成功： (C89) はじめての夜戦 (艦隊これくしょん -艦これ-)
2026-06-21 00:20:43 - mkk_pika - main.py:35 - INFO - 开始检查エロマンガ日常 (エロマンガ先生)是否存在未下载章节
2026-06-21 00:20:44 - mkk_pika - main.py:45 - INFO - 正在下载:[エロマンガ日常 (エロマンガ先生)]-[水之色 (WaterRing)]-[['全彩', '同人', '妹妹系']]-[total_pages:25]
2026-06-21 00:20:44 - mkk_pika - main.py:49 - INFO - [{'_id': '5b804493ee9ec003fb72280b', 'title': '第1集', 'order': 1, 'updated_at': '2018-08-23T05:23:28.399Z', 'id': '5b804493ee9ec003fb72280b'}]
2026-06-21 00:20:44 - mkk_pika - database.py:215 - INFO - 第一次下载该漫画，记录数据库中
2026-06-21 00:20:44 - mkk_pika - main.py:83 - INFO - 找到 25 张图片在:第1集
2026-06-21 00:20:45 - mkk_pika - main.py:112 - INFO - [episode:第1集       ] downloaded:    25, total:  25, progress:100%
2026-06-21 00:20:45 - mkk_pika - database.py:238 - INFO - 数据库更新已下载章节
2026-06-21 00:20:45 - mkk_pika - database.py:244 - INFO - 该漫画已下载章节如下
2026-06-21 00:20:45 - mkk_pika - database.py:245 - INFO - ['第1集']
2026-06-21 00:20:46 - mkk_pika - main.py:348 - INFO - ==================== 漫画信息 ====================
                                   漫画ID：5b804493ee9ec003fb72280a
                                   标题：エロマンガ日常 (エロマンガ先生)
                                   作者：水之色 (WaterRing)
                                   是否完结：否
                                   总页数：25
                                   分类：全彩,同人,妹妹系
                                   章节数：1
                                   最后更新时间：2018-08-24T17:46:59.289Z
                                   =================================================
2026-06-21 00:20:46 - mkk_pika - database.py:101 - INFO - 保存成功：エロマンガ日常 (エロマンガ先生)
2026-06-21 00:20:46 - mkk_pika - main.py:35 - INFO - 开始检查 (C91) 給糧艦のおふろ (艦隊これくしょん -艦これ-)是否存在未下载章节
2026-06-21 00:20:46 - mkk_pika - main.py:45 - INFO - 正在下载:[ (C91) 給糧艦のおふろ (艦隊これくしょん -艦これ-)]-[ちぐら屋 (さばねこ)]-[['短篇', '同人', '艦隊收藏']]-[total_pages:23]
2026-06-21 00:20:46 - mkk_pika - main.py:49 - INFO - [{'_id': '5b8044c785ad7a385a31edb3', 'title': '第1集', 'order': 1, 'updated_at': '2018-08-24T07:52:43.519Z', 'id': '5b8044c785ad7a385a31edb3'}]
2026-06-21 00:20:46 - mkk_pika - database.py:215 - INFO - 第一次下载该漫画，记录数据库中
2026-06-21 00:20:47 - mkk_pika - main.py:83 - INFO - 找到 23 张图片在:第1集
2026-06-21 00:20:48 - mkk_pika - main.py:112 - INFO - [episode:第1集       ] downloaded:    23, total:  23, progress:100%
2026-06-21 00:20:48 - mkk_pika - database.py:238 - INFO - 数据库更新已下载章节
2026-06-21 00:20:48 - mkk_pika - database.py:244 - INFO - 该漫画已下载章节如下
2026-06-21 00:20:48 - mkk_pika - database.py:245 - INFO - ['第1集']
2026-06-21 00:20:49 - mkk_pika - main.py:348 - INFO - ==================== 漫画信息 ====================
                                   漫画ID：5b8044c785ad7a385a31edb2
                                   标题： (C91) 給糧艦のおふろ (艦隊これくしょん -艦これ-)
                                   作者：ちぐら屋 (さばねこ)
                                   是否完结：否
                                   总页数：23
                                   分类：短篇,同人,艦隊收藏
                                   章节数：1
                                   最后更新时间：2018-08-24T17:47:51.945Z
                                   =================================================
2026-06-21 00:20:49 - mkk_pika - database.py:101 - INFO - 保存成功： (C91) 給糧艦のおふろ (艦隊これくしょん -艦これ-)
2026-06-21 00:20:49 - mkk_pika - main.py:35 - INFO - 开始检查 (C93) 俺のエンタープライズ (アズールレーン)是否存在未下载章节
2026-06-21 00:20:49 - mkk_pika - main.py:45 - INFO - 正在下载:[ (C93) 俺のエンタープライズ (アズールレーン)]-[ スタジオKIMIGABUCHI (きみまる)]-[['短篇', '同人', '艦隊收藏']]-[total_pages:26]
2026-06-21 00:20:49 - mkk_pika - main.py:49 - INFO - [{'_id': '5b8044e385ad7a385a31edcd', 'title': '第1集', 'order': 1, 'updated_at': '2018-08-24T07:58:22.707Z', 'id': '5b8044e385ad7a385a31edcd'}]
2026-06-21 00:20:49 - mkk_pika - database.py:215 - INFO - 第一次下载该漫画，记录数据库中
2026-06-21 00:20:50 - mkk_pika - main.py:83 - INFO - 找到 26 张图片在:第1集
2026-06-21 00:20:50 - mkk_pika - main.py:112 - INFO - [episode:第1集       ] downloaded:    26, total:  26, progress:100%
2026-06-21 00:20:50 - mkk_pika - database.py:238 - INFO - 数据库更新已下载章节
2026-06-21 00:20:50 - mkk_pika - database.py:244 - INFO - 该漫画已下载章节如下
2026-06-21 00:20:50 - mkk_pika - database.py:245 - INFO - ['第1集']
2026-06-21 00:20:52 - mkk_pika - main.py:348 - INFO - ==================== 漫画信息 ====================
                                   漫画ID：5b8044e385ad7a385a31edcc
                                   标题： (C93) 俺のエンタープライズ (アズールレーン)
                                   作者： スタジオKIMIGABUCHI (きみまる)
                                   是否完结：否
                                   总页数：26
                                   分类：短篇,同人,艦隊收藏
                                   章节数：1
                                   最后更新时间：2018-08-24T17:48:19.274Z
                                   =================================================
2026-06-21 00:20:52 - mkk_pika - database.py:101 - INFO - 保存成功： (C93) 俺のエンタープライズ (アズールレーン)
2026-06-21 00:20:52 - mkk_pika - main.py:35 - INFO - 开始检查想思想愛是否存在未下载章节
2026-06-21 00:20:52 - mkk_pika - main.py:45 - INFO - 正在下载:[想思想愛]-[おろねこ]-[['長篇', '純愛', '單行本']]-[total_pages:201]
2026-06-21 00:20:52 - mkk_pika - main.py:49 - INFO - [{'_id': '5b804508ee9ec003fb72284a', 'title': '第1集', 'order': 1, 'updated_at': '2018-08-24T06:43:17.543Z', 'id': '5b804508ee9ec003fb72284a'}]
2026-06-21 00:20:52 - mkk_pika - database.py:215 - INFO - 第一次下载该漫画，记录数据库中
2026-06-21 00:20:54 - mkk_pika - main.py:83 - INFO - 找到 201 张图片在:第1集
2026-06-21 00:20:58 - mkk_pika - main.py:112 - INFO - [episode:第1集       ] downloaded:   201, total: 201, progress:100%
2026-06-21 00:20:58 - mkk_pika - database.py:238 - INFO - 数据库更新已下载章节
2026-06-21 00:20:58 - mkk_pika - database.py:244 - INFO - 该漫画已下载章节如下
2026-06-21 00:20:58 - mkk_pika - database.py:245 - INFO - ['第1集']
2026-06-21 00:20:59 - mkk_pika - main.py:348 - INFO - ==================== 漫画信息 ====================
                                   漫画ID：5b804508ee9ec003fb722849
                                   标题：想思想愛
                                   作者：おろねこ
                                   是否完结：是
                                   总页数：201
                                   分类：長篇,純愛,單行本
                                   章节数：1
                                   最后更新时间：2018-08-24T17:48:56.827Z
                                   =================================================
2026-06-21 00:20:59 - mkk_pika - database.py:101 - INFO - 保存成功：想思想愛
2026-06-21 00:20:59 - mkk_pika - main.py:35 - INFO - 开始检查2B - You Have Been Hacked! (NieRAutomata)是否存在未下载章节
2026-06-21 00:21:00 - mkk_pika - main.py:45 - INFO - 正在下载:[2B - You Have Been Hacked! (NieRAutomata)]-[Firolian]-[['全彩', '短篇']]-[total_pages:60]
2026-06-21 00:21:00 - mkk_pika - main.py:49 - INFO - [{'_id': '5b8045ddee9ec003fb72291a', 'title': '第1集', 'order': 1, 'updated_at': '2018-08-24T10:58:00.802Z', 'id': '5b8045ddee9ec003fb72291a'}]
2026-06-21 00:21:00 - mkk_pika - database.py:215 - INFO - 第一次下载该漫画，记录数据库中
2026-06-21 00:21:01 - mkk_pika - main.py:83 - INFO - 找到 60 张图片在:第1集
2026-06-21 00:21:02 - mkk_pika - main.py:112 - INFO - [episode:第1集       ] downloaded:    60, total:  60, progress:100%
2026-06-21 00:21:02 - mkk_pika - database.py:238 - INFO - 数据库更新已下载章节
2026-06-21 00:21:02 - mkk_pika - database.py:244 - INFO - 该漫画已下载章节如下
2026-06-21 00:21:02 - mkk_pika - database.py:245 - INFO - ['第1集']
2026-06-21 00:21:03 - mkk_pika - main.py:348 - INFO - ==================== 漫画信息 ====================
                                   漫画ID：5b8045ddee9ec003fb722919
                                   标题：2B - You Have Been Hacked! (NieRAutomata)
                                   作者：Firolian
                                   是否完结：是
                                   总页数：60
                                   分类：全彩,短篇
                                   章节数：1
                                   最后更新时间：2018-08-24T17:52:29.160Z
                                   =================================================
2026-06-21 00:21:03 - mkk_pika - database.py:101 - INFO - 保存成功：2B - You Have Been Hacked! (NieRAutomata)
2026-06-21 00:21:03 - mkk_pika - main.py:35 - INFO - 开始检查(C94)ダージリンと夏告白 (ガールズ&パンツァー)是否存在未下载章节
2026-06-21 00:21:03 - mkk_pika - main.py:45 - INFO - 正在下载:[(C94)ダージリンと夏告白 (ガールズ&パンツァー)]-[チャバシラチェーンソー (茶々らん)]-[['短篇', '姐姐系']]-[total_pages:26]
2026-06-21 00:21:03 - mkk_pika - main.py:49 - INFO - [{'_id': '5b80464660eaa708a7994c67', 'title': '第1集', 'order': 1, 'updated_at': '2018-08-24T13:21:19.043Z', 'id': '5b80464660eaa708a7994c67'}]
2026-06-21 00:21:03 - mkk_pika - database.py:215 - INFO - 第一次下载该漫画，记录数据库中
2026-06-21 00:21:04 - mkk_pika - main.py:83 - INFO - 找到 26 张图片在:第1集
2026-06-21 00:21:05 - mkk_pika - main.py:112 - INFO - [episode:第1集       ] downloaded:    26, total:  26, progress:100%
2026-06-21 00:21:05 - mkk_pika - database.py:238 - INFO - 数据库更新已下载章节
2026-06-21 00:21:05 - mkk_pika - database.py:244 - INFO - 该漫画已下载章节如下
2026-06-21 00:21:05 - mkk_pika - database.py:245 - INFO - ['第1集']
2026-06-21 00:21:06 - mkk_pika - main.py:348 - INFO - ==================== 漫画信息 ====================
                                   漫画ID：5b80464660eaa708a7994c66
                                   标题：(C94)ダージリンと夏告白 (ガールズ&パンツァー)
                                   作者：チャバシラチェーンソー (茶々らん)
                                   是否完结：否
                                   总页数：26
                                   分类：短篇,姐姐系
                                   章节数：1
                                   最后更新时间：2018-08-24T17:54:14.779Z
                                   =================================================
2026-06-21 00:21:06 - mkk_pika - database.py:101 - INFO - 保存成功：(C94)ダージリンと夏告白 (ガールズ&パンツァー)
2026-06-21 00:21:06 - mkk_pika - main.py:35 - INFO - 开始检查(COMIC1☆9) 【樱桃姐妹花（天才麻将少女）】CHERRY SISTER BLOSSOM (咲 -Saki-)是否存在未下载章节
2026-06-21 00:21:06 - mkk_pika - main.py:45 - INFO - 正在下载:[(COMIC1☆9) 【樱桃姐妹花（天才麻将少女）】CHERRY SISTER BLOSSOM (咲 -Saki-)]-[鴨川屋 (鴨川たぬき)]-[['全彩', '同人', '短篇', '強暴']]-[total_pages:26]
2026-06-21 00:21:06 - mkk_pika - main.py:49 - INFO - [{'_id': '5b8048432128940401abb167', 'title': '天才麻将少女', 'order': 1, 'updated_at': '2018-08-24T14:18:44.799Z', 'id': '5b8048432128940401abb167'}]
2026-06-21 00:21:06 - mkk_pika - database.py:215 - INFO - 第一次下载该漫画，记录数据库中
2026-06-21 00:21:07 - mkk_pika - main.py:83 - INFO - 找到 26 张图片在:天才麻将少女
2026-06-21 00:21:07 - mkk_pika - main.py:112 - INFO - [episode:天才麻将少女    ] downloaded:    26, total:  26, progress:100%
2026-06-21 00:21:07 - mkk_pika - database.py:238 - INFO - 数据库更新已下载章节
2026-06-21 00:21:07 - mkk_pika - database.py:244 - INFO - 该漫画已下载章节如下
2026-06-21 00:21:07 - mkk_pika - database.py:245 - INFO - ['天才麻将少女']
2026-06-21 00:21:09 - mkk_pika - main.py:348 - INFO - ==================== 漫画信息 ====================
                                   漫画ID：5b8048432128940401abb166
                                   标题：(COMIC1☆9) 【樱桃姐妹花（天才麻将少女）】CHERRY SISTER BLOSSOM (咲 -Saki-)
                                   作者：鴨川屋 (鴨川たぬき)
                                   是否完结：是
                                   总页数：26
                                   分类：全彩,同人,短篇,強暴
                                   章节数：1
                                   最后更新时间：2018-08-24T18:02:43.845Z
                                   =================================================
2026-06-21 00:21:09 - mkk_pika - database.py:101 - INFO - 保存成功：(COMIC1☆9) 【樱桃姐妹花（天才麻将少女）】CHERRY SISTER BLOSSOM (咲 -Saki-)
2026-06-21 00:21:09 - mkk_pika - main.py:380 - INFO - 本次任务下载完毕
2026-06-21 00:21:09 - mkk_pika - database.py:173 - INFO - 数据库连接已关闭
