2025-12-31 15:27:07 - mkk_pika - main.py:193 - INFO - =======================================================================
2025-12-31 15:27:07 - mkk_pika - database.py:61 - INFO - 表和索引初始化成功
2025-12-31 15:27:07 - mkk_pika - main.py:197 - INFO - 已经累计下载423本漫画
2025-12-31 15:27:07 - mkk_pika - api.py:87 - INFO - 登录成功
2025-12-31 15:27:08 - mkk_pika - main.py:203 - INFO - 收藏夹共计1本漫画
2025-12-31 15:27:08 - mkk_pika - main.py:206 - INFO - 开始下载收藏夹内未下载内容
2025-12-31 15:27:08 - mkk_pika - main.py:35 - INFO - 开始检查[Artist] BBStaff（AI）是否存在未下载章节
2025-12-31 15:27:08 - mkk_pika - database.py:203 - INFO - 查询数据库中是否已存在伊蕾娜
2025-12-31 15:27:08 - mkk_pika - database.py:203 - INFO - 查询数据库中是否已存在金色暗影
2025-12-31 15:27:08 - mkk_pika - database.py:203 - INFO - 查询数据库中是否已存在惠惠
2025-12-31 15:27:08 - mkk_pika - database.py:203 - INFO - 查询数据库中是否已存在结城美柑
2025-12-31 15:27:08 - mkk_pika - database.py:203 - INFO - 查询数据库中是否已存在贝尔泽古·斯黛莉休·索德·爱丽丝
2025-12-31 15:27:08 - mkk_pika - database.py:203 - INFO - 查询数据库中是否已存在板柳有栖
2025-12-31 15:27:08 - mkk_pika - database.py:203 - INFO - 查询数据库中是否已存在尤菲莉亚·玛泽塔
2025-12-31 15:27:08 - mkk_pika - database.py:203 - INFO - 查询数据库中是否已存在椎名日和
2025-12-31 15:27:08 - mkk_pika - database.py:203 - INFO - 查询数据库中是否已存在高町奈叶
2025-12-31 15:27:08 - mkk_pika - database.py:203 - INFO - 查询数据库中是否已存在星野瑠美衣
2025-12-31 15:27:08 - mkk_pika - database.py:203 - INFO - 查询数据库中是否已存在小柳香穗
2025-12-31 15:27:08 - mkk_pika - database.py:203 - INFO - 查询数据库中是否已存在甘织玲奈子
2025-12-31 15:27:08 - mkk_pika - database.py:203 - INFO - 查询数据库中是否已存在伊地知虹夏
2025-12-31 15:27:08 - mkk_pika - database.py:203 - INFO - 查询数据库中是否已存在芙兰达·塞维伦
2025-12-31 15:27:08 - mkk_pika - database.py:203 - INFO - 查询数据库中是否已存在小美浪爱澄
2025-12-31 15:27:08 - mkk_pika - database.py:203 - INFO - 查询数据库中是否已存在有马加奈
2025-12-31 15:27:08 - mkk_pika - database.py:203 - INFO - 查询数据库中是否已存在白银圭
2025-12-31 15:27:08 - mkk_pika - database.py:203 - INFO - 查询数据库中是否已存在鹿目圆香
2025-12-31 15:27:08 - mkk_pika - main.py:51 - INFO - [Artist] BBStaff（AI）中没有可下载章节
2025-12-31 15:27:09 - mkk_pika - main.py:224 - INFO - ==================== 漫画信息 ====================
                漫画ID：687a1b80ecd86823a404aa48
                标题：[Artist] BBStaff（AI）
                作者：BBStaff
                是否完结：否
                总页数：3596
                分类：全彩,同人,CG雜圖
                章节数：18
                最后更新时间：2025-12-26T15:24:03.944Z
                =================================================
2025-12-31 15:27:09 - mkk_pika - database.py:101 - INFO - 保存成功：[Artist] BBStaff（AI）
2025-12-31 15:27:09 - mkk_pika - util.py:164 - INFO - 目标时间（UTC）：2025-12-26 15:24:03.944000+00:00
2025-12-31 15:27:09 - mkk_pika - util.py:165 - INFO - 当前UTC时间：2025-12-31 15:27:09.167695+00:00
2025-12-31 15:27:09 - mkk_pika - util.py:167 - INFO - 相差：5 天 0 小时 3 分钟
2025-12-31 15:27:09 - mkk_pika - main.py:266 - INFO - 收藏夹内容下载完毕
2025-12-31 15:27:09 - mkk_pika - main.py:268 - INFO - 开始下载订阅内容
2025-12-31 15:27:09 - mkk_pika - database.py:258 - INFO - 根据ID查询到标题：萝莉 -> [原神萝莉同人]圣诞节特摄（鹿铃）[无修正]
2025-12-31 15:27:09 - mkk_pika - database.py:101 - INFO - 保存成功：[原神萝莉同人]圣诞节特摄（鹿铃）[无修正]
2025-12-31 15:27:09 - mkk_pika - main.py:273 - INFO - 关键词萝莉找到0本漫画
2025-12-31 15:27:09 - mkk_pika - database.py:258 - INFO - 根据ID查询到标题：蘿莉 -> カヤにかわいいを分からせる本 (ブルーアーカイブ)
2025-12-31 15:27:10 - mkk_pika - database.py:101 - INFO - 保存成功：カヤにかわいいを分からせる本 (ブルーアーカイブ)
2025-12-31 15:27:10 - mkk_pika - main.py:273 - INFO - 关键词蘿莉找到0本漫画
2025-12-31 15:27:10 - mkk_pika - main.py:275 - INFO - 订阅内容共计0本漫画
2025-12-31 15:27:10 - mkk_pika - main.py:323 - INFO - 订阅内容内容下载完毕
2025-12-31 15:27:10 - mkk_pika - main.py:324 - INFO - 开始分批下载全部章节
2025-12-31 15:27:10 - mkk_pika - database.py:280 - INFO - 表和索引初始化成功
2025-12-31 15:27:10 - mkk_pika - main.py:177 - INFO - 已经下载了17页，一共6651页，现在开始添加第18页
2025-12-31 15:27:11 - mkk_pika - database.py:318 - INFO - 保存成功
2025-12-31 15:27:12 - mkk_pika - main.py:177 - INFO - 已经下载了18页，一共6651页，现在开始添加第19页
2025-12-31 15:27:12 - mkk_pika - database.py:318 - INFO - 保存成功
2025-12-31 15:27:12 - mkk_pika - main.py:331 - INFO - 分批下载共计39本漫画
2025-12-31 15:27:12 - mkk_pika - main.py:35 - INFO - 开始检查露出少女遊戲『5-9』是否存在未下载章节
2025-12-31 15:27:12 - mkk_pika - main.py:45 - INFO - 正在下载:[露出少女遊戲『5-9』]-[valssu / 茶琉 / 表紙著色 / 白玉]-[['長篇']]-[total_pages:223]
2025-12-31 15:27:12 - mkk_pika - main.py:49 - INFO - [{'_id': '582187f75f6b9a4f93dd9f3f', 'title': '第1集', 'order': 1, 'updated_at': '2016-11-08T08:08:23.335Z', 'id': '582187f75f6b9a4f93dd9f3f'}]
2025-12-31 15:27:12 - mkk_pika - database.py:215 - INFO - 第一次下载该漫画，记录数据库中
2025-12-31 15:27:15 - mkk_pika - main.py:83 - INFO - 找到 223 张图片在:第1集
2025-12-31 15:27:21 - mkk_pika - main.py:112 - INFO - [episode:第1集       ] downloaded:   223, total: 223, progress:100%
2025-12-31 15:27:21 - mkk_pika - database.py:238 - INFO - 数据库更新已下载章节
2025-12-31 15:27:21 - mkk_pika - database.py:244 - INFO - 该漫画已下载章节如下
2025-12-31 15:27:21 - mkk_pika - database.py:245 - INFO - ['第1集']
2025-12-31 15:27:23 - mkk_pika - main.py:348 - INFO - ==================== 漫画信息 ====================
                                   漫画ID：582187f65f6b9a4f93dd9f3d
                                   标题：露出少女遊戲『5-9』
                                   作者：valssu / 茶琉 / 表紙著色 / 白玉
                                   是否完结：是
                                   总页数：223
                                   分类：長篇
                                   章节数：1
                                   最后更新时间：2007-01-27T04:47:30.000Z
                                   =================================================
2025-12-31 15:27:23 - mkk_pika - database.py:101 - INFO - 保存成功：露出少女遊戲『5-9』
2025-12-31 15:27:23 - mkk_pika - main.py:35 - INFO - 开始检查露出少女遊戲『番外』是否存在未下载章节
2025-12-31 15:27:23 - mkk_pika - main.py:45 - INFO - 正在下载:[露出少女遊戲『番外』]-[valssu / 茶琉 / 表紙著色 / 白玉]-[['短篇']]-[total_pages:23]
2025-12-31 15:27:23 - mkk_pika - main.py:49 - INFO - [{'_id': '582187f85f6b9a4f93dda101', 'title': '第1集', 'order': 1, 'updated_at': '2016-11-08T08:08:24.234Z', 'id': '582187f85f6b9a4f93dda101'}]
2025-12-31 15:27:23 - mkk_pika - database.py:215 - INFO - 第一次下载该漫画，记录数据库中
2025-12-31 15:27:23 - mkk_pika - main.py:83 - INFO - 找到 23 张图片在:第1集
2025-12-31 15:27:24 - mkk_pika - main.py:112 - INFO - [episode:第1集       ] downloaded:    23, total:  23, progress:100%
2025-12-31 15:27:24 - mkk_pika - database.py:238 - INFO - 数据库更新已下载章节
2025-12-31 15:27:24 - mkk_pika - database.py:244 - INFO - 该漫画已下载章节如下
2025-12-31 15:27:24 - mkk_pika - database.py:245 - INFO - ['第1集']
2025-12-31 15:27:26 - mkk_pika - main.py:348 - INFO - ==================== 漫画信息 ====================
                                   漫画ID：582187f75f6b9a4f93dda0ff
                                   标题：露出少女遊戲『番外』
                                   作者：valssu / 茶琉 / 表紙著色 / 白玉
                                   是否完结：是
                                   总页数：23
                                   分类：短篇
                                   章节数：1
                                   最后更新时间：2007-01-27T14:47:29.000Z
                                   =================================================
2025-12-31 15:27:26 - mkk_pika - database.py:101 - INFO - 保存成功：露出少女遊戲『番外』
2025-12-31 15:27:26 - mkk_pika - main.py:35 - INFO - 开始检查いま❤りあ是否存在未下载章节
2025-12-31 15:27:26 - mkk_pika - main.py:45 - INFO - 正在下载:[いま❤りあ]-[武田弘光]-[['長篇', 'NTR']]-[total_pages:204]
2025-12-31 15:27:26 - mkk_pika - main.py:49 - INFO - [{'_id': '582187f95f6b9a4f93dda169', 'title': '第1集', 'order': 1, 'updated_at': '2016-11-08T08:08:25.421Z', 'id': '582187f95f6b9a4f93dda169'}]
2025-12-31 15:27:26 - mkk_pika - database.py:215 - INFO - 第一次下载该漫画，记录数据库中
2025-12-31 15:27:29 - mkk_pika - main.py:83 - INFO - 找到 204 张图片在:第1集
2025-12-31 15:27:35 - mkk_pika - main.py:112 - INFO - [episode:第1集       ] downloaded:   204, total: 204, progress:100%
2025-12-31 15:27:35 - mkk_pika - database.py:238 - INFO - 数据库更新已下载章节
2025-12-31 15:27:35 - mkk_pika - database.py:244 - INFO - 该漫画已下载章节如下
2025-12-31 15:27:35 - mkk_pika - database.py:245 - INFO - ['第1集']
2025-12-31 15:27:36 - mkk_pika - main.py:348 - INFO - ==================== 漫画信息 ====================
                                   漫画ID：582187f85f6b9a4f93dda167
                                   标题：いま❤りあ
                                   作者：武田弘光
                                   是否完结：是
                                   总页数：204
                                   分类：長篇,NTR
                                   章节数：1
                                   最后更新时间：2007-01-28T10:47:29.000Z
                                   =================================================
2025-12-31 15:27:36 - mkk_pika - database.py:101 - INFO - 保存成功：いま❤りあ
2025-12-31 15:27:36 - mkk_pika - main.py:35 - INFO - 开始检查cloudy是否存在未下载章节
2025-12-31 15:27:36 - mkk_pika - main.py:45 - INFO - 正在下载:[cloudy]-[Cuvie]-[['長篇', '強暴', '純愛']]-[total_pages:177]
2025-12-31 15:27:36 - mkk_pika - main.py:49 - INFO - [{'_id': '582187fa5f6b9a4f93dda305', 'title': '第1集', 'order': 1, 'updated_at': '2016-11-08T08:08:26.217Z', 'id': '582187fa5f6b9a4f93dda305'}]
2025-12-31 15:27:36 - mkk_pika - database.py:215 - INFO - 第一次下载该漫画，记录数据库中
2025-12-31 15:27:38 - mkk_pika - main.py:83 - INFO - 找到 177 张图片在:第1集
2025-12-31 15:27:43 - mkk_pika - main.py:112 - INFO - [episode:第1集       ] downloaded:   177, total: 177, progress:100%
2025-12-31 15:27:43 - mkk_pika - database.py:238 - INFO - 数据库更新已下载章节
2025-12-31 15:27:43 - mkk_pika - database.py:244 - INFO - 该漫画已下载章节如下
2025-12-31 15:27:43 - mkk_pika - database.py:245 - INFO - ['第1集']
2025-12-31 15:27:44 - mkk_pika - main.py:348 - INFO - ==================== 漫画信息 ====================
                                   漫画ID：582187f95f6b9a4f93dda303
                                   标题：cloudy
                                   作者：Cuvie
                                   是否完结：是
                                   总页数：177
                                   分类：長篇,強暴,純愛
                                   章节数：1
                                   最后更新时间：2007-01-28T20:47:29.000Z
                                   =================================================
2025-12-31 15:27:44 - mkk_pika - database.py:101 - INFO - 保存成功：cloudy
2025-12-31 15:27:44 - mkk_pika - main.py:35 - INFO - 开始检查キミイロデイズ ～おんなのこのカラダになったらナニをする？～ [中国翻訳]是否存在未下载章节
2025-12-31 15:27:44 - mkk_pika - main.py:45 - INFO - 正在下载:[キミイロデイズ ～おんなのこのカラダになったらナニをする？～ [中国翻訳]]-[谷口さん]-[['同人', '長篇', '性轉換', '百合花園']]-[total_pages:192]
2025-12-31 15:27:44 - mkk_pika - main.py:49 - INFO - [{'_id': '582187fb5f6b9a4f93dda46b', 'title': '第1集', 'order': 1, 'updated_at': '2016-11-08T08:08:27.207Z', 'id': '582187fb5f6b9a4f93dda46b'}]
2025-12-31 15:27:44 - mkk_pika - database.py:215 - INFO - 第一次下载该漫画，记录数据库中
2025-12-31 15:27:46 - mkk_pika - main.py:83 - INFO - 找到 192 张图片在:第1集
2025-12-31 15:27:52 - mkk_pika - main.py:112 - INFO - [episode:第1集       ] downloaded:   192, total: 192, progress:100%
2025-12-31 15:27:52 - mkk_pika - database.py:238 - INFO - 数据库更新已下载章节
2025-12-31 15:27:52 - mkk_pika - database.py:244 - INFO - 该漫画已下载章节如下
2025-12-31 15:27:52 - mkk_pika - database.py:245 - INFO - ['第1集']
2025-12-31 15:27:54 - mkk_pika - main.py:348 - INFO - ==================== 漫画信息 ====================
                                   漫画ID：582187fa5f6b9a4f93dda469
                                   标题：キミイロデイズ ～おんなのこのカラダになったらナニをする？～ [中国翻訳]
                                   作者：谷口さん
                                   是否完结：是
                                   总页数：192
                                   分类：同人,長篇,性轉換,百合花園
                                   章节数：1
                                   最后更新时间：2007-01-29T06:47:29.000Z
                                   =================================================
2025-12-31 15:27:54 - mkk_pika - database.py:101 - INFO - 保存成功：キミイロデイズ ～おんなのこのカラダになったらナニをする？～ [中国翻訳]
2025-12-31 15:27:54 - mkk_pika - main.py:35 - INFO - 开始检查ジーノくんの…是否存在未下载章节
2025-12-31 15:27:54 - mkk_pika - main.py:45 - INFO - 正在下载:[ジーノくんの…]-[あらいぐま]-[['同人', '短篇']]-[total_pages:27]
2025-12-31 15:27:54 - mkk_pika - main.py:49 - INFO - [{'_id': '582187fc5f6b9a4f93dda5ef', 'title': '第1集', 'order': 1, 'updated_at': '2016-11-08T08:08:28.151Z', 'id': '582187fc5f6b9a4f93dda5ef'}]
2025-12-31 15:27:54 - mkk_pika - database.py:215 - INFO - 第一次下载该漫画，记录数据库中
2025-12-31 15:27:55 - mkk_pika - main.py:83 - INFO - 找到 27 张图片在:第1集
2025-12-31 15:27:55 - mkk_pika - main.py:112 - INFO - [episode:第1集       ] downloaded:    27, total:  27, progress:100%
2025-12-31 15:27:55 - mkk_pika - database.py:238 - INFO - 数据库更新已下载章节
2025-12-31 15:27:55 - mkk_pika - database.py:244 - INFO - 该漫画已下载章节如下
2025-12-31 15:27:55 - mkk_pika - database.py:245 - INFO - ['第1集']
2025-12-31 15:27:57 - mkk_pika - main.py:348 - INFO - ==================== 漫画信息 ====================
                                   漫画ID：582187fb5f6b9a4f93dda5ed
                                   标题：ジーノくんの…
                                   作者：あらいぐま
                                   是否完结：是
                                   总页数：27
                                   分类：同人,短篇
                                   章节数：1
                                   最后更新时间：2007-01-29T16:47:29.000Z
                                   =================================================
2025-12-31 15:27:57 - mkk_pika - database.py:101 - INFO - 保存成功：ジーノくんの…
2025-12-31 15:27:57 - mkk_pika - main.py:35 - INFO - 开始检查ぼくのペットが少女是否存在未下载章节
2025-12-31 15:27:57 - mkk_pika - main.py:45 - INFO - 正在下载:[ぼくのペットが少女]-[本纸]-[['同人', '短篇', '後宮閃光', '非人類', '純愛']]-[total_pages:13]
2025-12-31 15:27:57 - mkk_pika - main.py:49 - INFO - [{'_id': '582187fc5f6b9a4f93dda629', 'title': '第1集', 'order': 1, 'updated_at': '2016-11-08T08:08:28.764Z', 'id': '582187fc5f6b9a4f93dda629'}]
2025-12-31 15:27:57 - mkk_pika - database.py:215 - INFO - 第一次下载该漫画，记录数据库中
2025-12-31 15:27:58 - mkk_pika - main.py:83 - INFO - 找到 13 张图片在:第1集
2025-12-31 15:27:58 - mkk_pika - main.py:112 - INFO - [episode:第1集       ] downloaded:    13, total:  13, progress:100%
2025-12-31 15:27:58 - mkk_pika - database.py:238 - INFO - 数据库更新已下载章节
2025-12-31 15:27:58 - mkk_pika - database.py:244 - INFO - 该漫画已下载章节如下
2025-12-31 15:27:58 - mkk_pika - database.py:245 - INFO - ['第1集']
2025-12-31 15:27:59 - mkk_pika - main.py:348 - INFO - ==================== 漫画信息 ====================
                                   漫画ID：582187fc5f6b9a4f93dda627
                                   标题：ぼくのペットが少女
                                   作者：本纸
                                   是否完结：是
                                   总页数：13
                                   分类：同人,短篇,後宮閃光,非人類,純愛
                                   章节数：1
                                   最后更新时间：2007-01-30T02:47:29.000Z
                                   =================================================
2025-12-31 15:27:59 - mkk_pika - database.py:101 - INFO - 保存成功：ぼくのペットが少女
2025-12-31 15:27:59 - mkk_pika - main.py:35 - INFO - 开始检查せんせいあのね是否存在未下载章节
2025-12-31 15:28:00 - mkk_pika - main.py:45 - INFO - 正在下载:[せんせいあのね]-[不明]-[['同人', '短篇', '後宮閃光', '妹妹系', '純愛']]-[total_pages:28]
2025-12-31 15:28:00 - mkk_pika - main.py:49 - INFO - [{'_id': '582187fd5f6b9a4f93dda647', 'title': '第1集', 'order': 1, 'updated_at': '2016-11-08T08:08:29.078Z', 'id': '582187fd5f6b9a4f93dda647'}]
2025-12-31 15:28:00 - mkk_pika - database.py:215 - INFO - 第一次下载该漫画，记录数据库中
2025-12-31 15:28:00 - mkk_pika - main.py:83 - INFO - 找到 28 张图片在:第1集
2025-12-31 15:28:01 - mkk_pika - main.py:112 - INFO - [episode:第1集       ] downloaded:    28, total:  28, progress:100%
2025-12-31 15:28:01 - mkk_pika - database.py:238 - INFO - 数据库更新已下载章节
2025-12-31 15:28:01 - mkk_pika - database.py:244 - INFO - 该漫画已下载章节如下
2025-12-31 15:28:01 - mkk_pika - database.py:245 - INFO - ['第1集']
2025-12-31 15:28:02 - mkk_pika - main.py:348 - INFO - ==================== 漫画信息 ====================
                                   漫画ID：582187fc5f6b9a4f93dda645
                                   标题：せんせいあのね
                                   作者：不明
                                   是否完结：是
                                   总页数：28
                                   分类：同人,短篇,後宮閃光,妹妹系,純愛
                                   章节数：1
                                   最后更新时间：2007-01-30T12:47:29.000Z
                                   =================================================
2025-12-31 15:28:02 - mkk_pika - database.py:101 - INFO - 保存成功：せんせいあのね
2025-12-31 15:28:02 - mkk_pika - main.py:35 - INFO - 开始检查スクミミ是否存在未下载章节
2025-12-31 15:28:03 - mkk_pika - main.py:45 - INFO - 正在下载:[スクミミ]-[へるるん]-[['同人', '短篇', '全彩', '妹妹系']]-[total_pages:18]
2025-12-31 15:28:03 - mkk_pika - main.py:49 - INFO - [{'_id': '582187fd5f6b9a4f93dda683', 'title': '第1集', 'order': 1, 'updated_at': '2016-11-08T08:08:29.678Z', 'id': '582187fd5f6b9a4f93dda683'}]
2025-12-31 15:28:03 - mkk_pika - database.py:215 - INFO - 第一次下载该漫画，记录数据库中
2025-12-31 15:28:03 - mkk_pika - main.py:83 - INFO - 找到 18 张图片在:第1集
2025-12-31 15:28:04 - mkk_pika - main.py:112 - INFO - [episode:第1集       ] downloaded:    18, total:  18, progress:100%
2025-12-31 15:28:04 - mkk_pika - database.py:238 - INFO - 数据库更新已下载章节
2025-12-31 15:28:04 - mkk_pika - database.py:244 - INFO - 该漫画已下载章节如下
2025-12-31 15:28:04 - mkk_pika - database.py:245 - INFO - ['第1集']
2025-12-31 15:28:05 - mkk_pika - main.py:348 - INFO - ==================== 漫画信息 ====================
                                   漫画ID：582187fd5f6b9a4f93dda681
                                   标题：スクミミ
                                   作者：へるるん
                                   是否完结：是
                                   总页数：18
                                   分类：同人,短篇,全彩,妹妹系
                                   章节数：1
                                   最后更新时间：2007-01-30T22:47:29.000Z
                                   =================================================
2025-12-31 15:28:05 - mkk_pika - database.py:101 - INFO - 保存成功：スクミミ
2025-12-31 15:28:05 - mkk_pika - main.py:35 - INFO - 开始检查KYOU MANIA是否存在未下载章节
2025-12-31 15:28:05 - mkk_pika - main.py:45 - INFO - 正在下载:[KYOU MANIA]-[風舞結界]-[['同人', '短篇', '後宮閃光', '純愛']]-[total_pages:21]
2025-12-31 15:28:05 - mkk_pika - main.py:49 - INFO - [{'_id': '582187fe5f6b9a4f93dda6ab', 'title': '第1集', 'order': 1, 'updated_at': '2016-11-08T08:08:30.340Z', 'id': '582187fe5f6b9a4f93dda6ab'}]
2025-12-31 15:28:05 - mkk_pika - database.py:215 - INFO - 第一次下载该漫画，记录数据库中
2025-12-31 15:28:06 - mkk_pika - main.py:83 - INFO - 找到 21 张图片在:第1集
2025-12-31 15:28:07 - mkk_pika - main.py:112 - INFO - [episode:第1集       ] downloaded:    21, total:  21, progress:100%
2025-12-31 15:28:07 - mkk_pika - database.py:238 - INFO - 数据库更新已下载章节
2025-12-31 15:28:07 - mkk_pika - database.py:244 - INFO - 该漫画已下载章节如下
2025-12-31 15:28:07 - mkk_pika - database.py:245 - INFO - ['第1集']
2025-12-31 15:28:08 - mkk_pika - main.py:348 - INFO - ==================== 漫画信息 ====================
                                   漫画ID：582187fd5f6b9a4f93dda6a9
                                   标题：KYOU MANIA
                                   作者：風舞結界
                                   是否完结：是
                                   总页数：21
                                   分类：同人,短篇,後宮閃光,純愛
                                   章节数：1
                                   最后更新时间：2007-01-31T08:47:29.000Z
                                   =================================================
2025-12-31 15:28:08 - mkk_pika - database.py:101 - INFO - 保存成功：KYOU MANIA
2025-12-31 15:28:08 - mkk_pika - main.py:35 - INFO - 开始检查フロハイル·ゼロ是否存在未下载章节
2025-12-31 15:28:08 - mkk_pika - main.py:45 - INFO - 正在下载:[フロハイル·ゼロ]-[鬼月あるちゅ]-[['同人', '短篇', '全彩', '後宮閃光', '純愛']]-[total_pages:29]
2025-12-31 15:28:08 - mkk_pika - main.py:49 - INFO - [{'_id': '582187fe5f6b9a4f93dda6d9', 'title': '第1集', 'order': 1, 'updated_at': '2016-11-08T08:08:30.977Z', 'id': '582187fe5f6b9a4f93dda6d9'}]
2025-12-31 15:28:08 - mkk_pika - database.py:215 - INFO - 第一次下载该漫画，记录数据库中
2025-12-31 15:28:09 - mkk_pika - main.py:83 - INFO - 找到 29 张图片在:第1集
2025-12-31 15:28:10 - mkk_pika - main.py:112 - INFO - [episode:第1集       ] downloaded:    29, total:  29, progress:100%
2025-12-31 15:28:10 - mkk_pika - database.py:238 - INFO - 数据库更新已下载章节
2025-12-31 15:28:10 - mkk_pika - database.py:244 - INFO - 该漫画已下载章节如下
2025-12-31 15:28:10 - mkk_pika - database.py:245 - INFO - ['第1集']
2025-12-31 15:28:11 - mkk_pika - main.py:348 - INFO - ==================== 漫画信息 ====================
                                   漫画ID：582187fe5f6b9a4f93dda6d7
                                   标题：フロハイル·ゼロ
                                   作者：鬼月あるちゅ
                                   是否完结：是
                                   总页数：29
                                   分类：同人,短篇,全彩,後宮閃光,純愛
                                   章节数：1
                                   最后更新时间：2007-01-31T18:47:29.000Z
                                   =================================================
2025-12-31 15:28:11 - mkk_pika - database.py:101 - INFO - 保存成功：フロハイル·ゼロ
2025-12-31 15:28:11 - mkk_pika - main.py:35 - INFO - 开始检查ちーちゃん魔王を押し倒す 是否存在未下载章节
2025-12-31 15:28:11 - mkk_pika - main.py:45 - INFO - 正在下载:[ちーちゃん魔王を押し倒す ]-[えかきびと]-[['同人', '短篇', '後宮閃光', '純愛']]-[total_pages:23]
2025-12-31 15:28:11 - mkk_pika - main.py:49 - INFO - [{'_id': '582187ff5f6b9a4f93dda757', 'title': '第1集', 'order': 1, 'updated_at': '2016-11-08T08:08:31.977Z', 'id': '582187ff5f6b9a4f93dda757'}]
2025-12-31 15:28:11 - mkk_pika - database.py:215 - INFO - 第一次下载该漫画，记录数据库中
2025-12-31 15:28:12 - mkk_pika - main.py:83 - INFO - 找到 23 张图片在:第1集
2025-12-31 15:28:13 - mkk_pika - main.py:112 - INFO - [episode:第1集       ] downloaded:    23, total:  23, progress:100%
2025-12-31 15:28:13 - mkk_pika - database.py:238 - INFO - 数据库更新已下载章节
2025-12-31 15:28:13 - mkk_pika - database.py:244 - INFO - 该漫画已下载章节如下
2025-12-31 15:28:13 - mkk_pika - database.py:245 - INFO - ['第1集']
2025-12-31 15:28:14 - mkk_pika - main.py:348 - INFO - ==================== 漫画信息 ====================
                                   漫画ID：582187ff5f6b9a4f93dda755
                                   标题：ちーちゃん魔王を押し倒す 
                                   作者：えかきびと
                                   是否完结：是
                                   总页数：23
                                   分类：同人,短篇,後宮閃光,純愛
                                   章节数：1
                                   最后更新时间：2007-02-01T14:47:29.000Z
                                   =================================================
2025-12-31 15:28:14 - mkk_pika - database.py:101 - INFO - 保存成功：ちーちゃん魔王を押し倒す 
2025-12-31 15:28:14 - mkk_pika - main.py:35 - INFO - 开始检查ミニマム☆ハニ是否存在未下载章节
2025-12-31 15:28:14 - mkk_pika - main.py:45 - INFO - 正在下载:[ミニマム☆ハニ]-[本纸]-[['同人', '短篇', '後宮閃光', '姐姐系', '純愛']]-[total_pages:20]
2025-12-31 15:28:14 - mkk_pika - main.py:49 - INFO - [{'_id': '582188005f6b9a4f93dda789', 'title': '第1集', 'order': 1, 'updated_at': '2016-11-08T08:08:32.567Z', 'id': '582188005f6b9a4f93dda789'}]
2025-12-31 15:28:14 - mkk_pika - database.py:215 - INFO - 第一次下载该漫画，记录数据库中
2025-12-31 15:28:15 - mkk_pika - main.py:83 - INFO - 找到 20 张图片在:第1集
2025-12-31 15:28:16 - mkk_pika - main.py:112 - INFO - [episode:第1集       ] downloaded:    20, total:  20, progress:100%
2025-12-31 15:28:16 - mkk_pika - database.py:238 - INFO - 数据库更新已下载章节
2025-12-31 15:28:16 - mkk_pika - database.py:244 - INFO - 该漫画已下载章节如下
2025-12-31 15:28:16 - mkk_pika - database.py:245 - INFO - ['第1集']
2025-12-31 15:28:17 - mkk_pika - main.py:348 - INFO - ==================== 漫画信息 ====================
                                   漫画ID：582188005f6b9a4f93dda787
                                   标题：ミニマム☆ハニ
                                   作者：本纸
                                   是否完结：是
                                   总页数：20
                                   分类：同人,短篇,後宮閃光,姐姐系,純愛
                                   章节数：1
                                   最后更新时间：2007-02-02T00:47:29.000Z
                                   =================================================
2025-12-31 15:28:17 - mkk_pika - database.py:101 - INFO - 保存成功：ミニマム☆ハニ
2025-12-31 15:28:17 - mkk_pika - main.py:35 - INFO - 开始检查ヒメゴト外伝・弐 是否存在未下载章节
2025-12-31 15:28:18 - mkk_pika - main.py:45 - INFO - 正在下载:[ヒメゴト外伝・弐 ]-[かろちー]-[['同人', '短篇', '後宮閃光', '純愛']]-[total_pages:17]
2025-12-31 15:28:18 - mkk_pika - main.py:49 - INFO - [{'_id': '582188015f6b9a4f93dda7b5', 'title': '第1集', 'order': 1, 'updated_at': '2016-11-08T08:08:33.068Z', 'id': '582188015f6b9a4f93dda7b5'}]
2025-12-31 15:28:18 - mkk_pika - database.py:215 - INFO - 第一次下载该漫画，记录数据库中
2025-12-31 15:28:18 - mkk_pika - main.py:83 - INFO - 找到 17 张图片在:第1集
2025-12-31 15:28:19 - mkk_pika - main.py:112 - INFO - [episode:第1集       ] downloaded:    17, total:  17, progress:100%
2025-12-31 15:28:19 - mkk_pika - database.py:238 - INFO - 数据库更新已下载章节
2025-12-31 15:28:19 - mkk_pika - database.py:244 - INFO - 该漫画已下载章节如下
2025-12-31 15:28:19 - mkk_pika - database.py:245 - INFO - ['第1集']
2025-12-31 15:28:20 - mkk_pika - main.py:348 - INFO - ==================== 漫画信息 ====================
                                   漫画ID：582188005f6b9a4f93dda7b3
                                   标题：ヒメゴト外伝・弐 
                                   作者：かろちー
                                   是否完结：是
                                   总页数：17
                                   分类：同人,短篇,後宮閃光,純愛
                                   章节数：1
                                   最后更新时间：2007-02-02T10:47:29.000Z
                                   =================================================
2025-12-31 15:28:20 - mkk_pika - database.py:101 - INFO - 保存成功：ヒメゴト外伝・弐 
2025-12-31 15:28:20 - mkk_pika - main.py:35 - INFO - 开始检查sweet__ DARKNESS 是否存在未下载章节
2025-12-31 15:28:20 - mkk_pika - main.py:45 - INFO - 正在下载:[sweet__ DARKNESS ]-[不明]-[['同人', '短篇', '後宮閃光', '純愛']]-[total_pages:27]
2025-12-31 15:28:20 - mkk_pika - main.py:49 - INFO - [{'_id': '582188015f6b9a4f93dda7db', 'title': '第1集', 'order': 1, 'updated_at': '2016-11-08T08:08:33.726Z', 'id': '582188015f6b9a4f93dda7db'}]
2025-12-31 15:28:20 - mkk_pika - database.py:215 - INFO - 第一次下载该漫画，记录数据库中
2025-12-31 15:28:21 - mkk_pika - main.py:83 - INFO - 找到 27 张图片在:第1集
2025-12-31 15:28:22 - mkk_pika - main.py:112 - INFO - [episode:第1集       ] downloaded:    27, total:  27, progress:100%
2025-12-31 15:28:22 - mkk_pika - database.py:238 - INFO - 数据库更新已下载章节
2025-12-31 15:28:22 - mkk_pika - database.py:244 - INFO - 该漫画已下载章节如下
2025-12-31 15:28:22 - mkk_pika - database.py:245 - INFO - ['第1集']
2025-12-31 15:28:23 - mkk_pika - main.py:348 - INFO - ==================== 漫画信息 ====================
                                   漫画ID：582188015f6b9a4f93dda7d9
                                   标题：sweet__ DARKNESS 
                                   作者：不明
                                   是否完结：是
                                   总页数：27
                                   分类：同人,短篇,後宮閃光,純愛
                                   章节数：1
                                   最后更新时间：2007-02-02T20:47:29.000Z
                                   =================================================
2025-12-31 15:28:23 - mkk_pika - database.py:101 - INFO - 保存成功：sweet__ DARKNESS 
2025-12-31 15:28:23 - mkk_pika - main.py:35 - INFO - 开始检查Daisy是否存在未下载章节
2025-12-31 15:28:24 - mkk_pika - main.py:45 - INFO - 正在下载:[Daisy]-[天太郎]-[['長篇', '姐姐系']]-[total_pages:212]
2025-12-31 15:28:24 - mkk_pika - main.py:49 - INFO - [{'_id': '582188025f6b9a4f93dda815', 'title': '第1集', 'order': 1, 'updated_at': '2016-11-08T08:08:34.109Z', 'id': '582188025f6b9a4f93dda815'}]
2025-12-31 15:28:24 - mkk_pika - database.py:215 - INFO - 第一次下载该漫画，记录数据库中
2025-12-31 15:28:27 - mkk_pika - main.py:83 - INFO - 找到 212 张图片在:第1集
2025-12-31 15:28:33 - mkk_pika - main.py:112 - INFO - [episode:第1集       ] downloaded:   212, total: 212, progress:100%
2025-12-31 15:28:33 - mkk_pika - database.py:238 - INFO - 数据库更新已下载章节
2025-12-31 15:28:33 - mkk_pika - database.py:244 - INFO - 该漫画已下载章节如下
2025-12-31 15:28:33 - mkk_pika - database.py:245 - INFO - ['第1集']
2025-12-31 15:28:34 - mkk_pika - main.py:348 - INFO - ==================== 漫画信息 ====================
                                   漫画ID：582188015f6b9a4f93dda813
                                   标题：Daisy
                                   作者：天太郎
                                   是否完结：是
                                   总页数：212
                                   分类：長篇,姐姐系
                                   章节数：1
                                   最后更新时间：2007-02-03T06:47:29.000Z
                                   =================================================
2025-12-31 15:28:34 - mkk_pika - database.py:101 - INFO - 保存成功：Daisy
2025-12-31 15:28:34 - mkk_pika - main.py:35 - INFO - 开始检查死なずの姫君 [中国翻訳]是否存在未下载章节
2025-12-31 15:28:34 - mkk_pika - main.py:45 - INFO - 正在下载:[死なずの姫君 [中国翻訳]]-[モチ]-[['長篇', '百合花園', '後宮閃光']]-[total_pages:282]
2025-12-31 15:28:34 - mkk_pika - main.py:49 - INFO - [{'_id': '582188035f6b9a4f93dda9c1', 'title': '第1集', 'order': 1, 'updated_at': '2016-11-08T08:08:35.198Z', 'id': '582188035f6b9a4f93dda9c1'}]
2025-12-31 15:28:34 - mkk_pika - database.py:215 - INFO - 第一次下载该漫画，记录数据库中
2025-12-31 15:28:38 - mkk_pika - main.py:83 - INFO - 找到 282 张图片在:第1集
2025-12-31 15:28:47 - mkk_pika - main.py:112 - INFO - [episode:第1集       ] downloaded:   282, total: 282, progress:100%
2025-12-31 15:28:47 - mkk_pika - database.py:238 - INFO - 数据库更新已下载章节
2025-12-31 15:28:47 - mkk_pika - database.py:244 - INFO - 该漫画已下载章节如下
2025-12-31 15:28:47 - mkk_pika - database.py:245 - INFO - ['第1集']
2025-12-31 15:28:48 - mkk_pika - main.py:348 - INFO - ==================== 漫画信息 ====================
                                   漫画ID：582188025f6b9a4f93dda9bf
                                   标题：死なずの姫君 [中国翻訳]
                                   作者：モチ
                                   是否完结：是
                                   总页数：282
                                   分类：長篇,百合花園,後宮閃光
                                   章节数：1
                                   最后更新时间：2007-02-03T16:47:29.000Z
                                   =================================================
2025-12-31 15:28:48 - mkk_pika - database.py:101 - INFO - 保存成功：死なずの姫君 [中国翻訳]
2025-12-31 15:28:48 - mkk_pika - main.py:35 - INFO - 开始检查ぐらっちぇぐらっちぇ是否存在未下载章节
2025-12-31 15:28:48 - mkk_pika - main.py:45 - INFO - 正在下载:[ぐらっちぇぐらっちぇ]-[水瀬るるう]-[['短篇', '百合花園']]-[total_pages:18]
2025-12-31 15:28:48 - mkk_pika - main.py:49 - INFO - [{'_id': '582188045f6b9a4f93ddabf9', 'title': '第1集', 'order': 1, 'updated_at': '2016-11-08T08:08:36.650Z', 'id': '582188045f6b9a4f93ddabf9'}]
2025-12-31 15:28:48 - mkk_pika - database.py:215 - INFO - 第一次下载该漫画，记录数据库中
2025-12-31 15:28:49 - mkk_pika - main.py:83 - INFO - 找到 18 张图片在:第1集
2025-12-31 15:28:49 - mkk_pika - main.py:112 - INFO - [episode:第1集       ] downloaded:    18, total:  18, progress:100%
2025-12-31 15:28:49 - mkk_pika - database.py:238 - INFO - 数据库更新已下载章节
2025-12-31 15:28:49 - mkk_pika - database.py:244 - INFO - 该漫画已下载章节如下
2025-12-31 15:28:49 - mkk_pika - database.py:245 - INFO - ['第1集']
2025-12-31 15:28:50 - mkk_pika - main.py:348 - INFO - ==================== 漫画信息 ====================
                                   漫画ID：582188045f6b9a4f93ddabf7
                                   标题：ぐらっちぇぐらっちぇ
                                   作者：水瀬るるう
                                   是否完结：是
                                   总页数：18
                                   分类：短篇,百合花園
                                   章节数：1
                                   最后更新时间：2007-02-04T02:47:29.000Z
                                   =================================================
2025-12-31 15:28:50 - mkk_pika - database.py:101 - INFO - 保存成功：ぐらっちぇぐらっちぇ
2025-12-31 15:28:50 - mkk_pika - main.py:35 - INFO - 开始检查 [渣渣汉化组](C79)[]ひたぎヴァンプス 前編(化物語)V2是否存在未下载章节
2025-12-31 15:28:51 - mkk_pika - main.py:45 - INFO - 正在下载:[ [渣渣汉化组](C79)[]ひたぎヴァンプス 前編(化物語)V2]-[Bloody Okojo]-[['同人', '後宮閃光', '妹妹系']]-[total_pages:44]
2025-12-31 15:28:51 - mkk_pika - main.py:49 - INFO - [{'_id': '582188055f6b9a4f93ddac21', 'title': '第1集', 'order': 1, 'updated_at': '2016-11-08T08:08:37.292Z', 'id': '582188055f6b9a4f93ddac21'}]
2025-12-31 15:28:51 - mkk_pika - database.py:215 - INFO - 第一次下载该漫画，记录数据库中
2025-12-31 15:28:52 - mkk_pika - main.py:83 - INFO - 找到 44 张图片在:第1集
2025-12-31 15:28:53 - mkk_pika - main.py:112 - INFO - [episode:第1集       ] downloaded:    44, total:  44, progress:100%
2025-12-31 15:28:53 - mkk_pika - database.py:238 - INFO - 数据库更新已下载章节
2025-12-31 15:28:53 - mkk_pika - database.py:244 - INFO - 该漫画已下载章节如下
2025-12-31 15:28:53 - mkk_pika - database.py:245 - INFO - ['第1集']
2025-12-31 15:28:54 - mkk_pika - main.py:348 - INFO - ==================== 漫画信息 ====================
                                   漫画ID：582188045f6b9a4f93ddac1f
                                   标题： [渣渣汉化组](C79)[]ひたぎヴァンプス 前編(化物語)V2
                                   作者：Bloody Okojo
                                   是否完结：否
                                   总页数：44
                                   分类：同人,後宮閃光,妹妹系
                                   章节数：1
                                   最后更新时间：2007-02-04T12:47:29.000Z
                                   =================================================
2025-12-31 15:28:54 - mkk_pika - database.py:101 - INFO - 保存成功： [渣渣汉化组](C79)[]ひたぎヴァンプス 前編(化物語)V2
2025-12-31 15:28:54 - mkk_pika - main.py:35 - INFO - 开始检查（渣渣汉化组](C82)[Bloody Okojo]ひたぎヴァンプス 後編(化物語)V2是否存在未下载章节
2025-12-31 15:28:55 - mkk_pika - main.py:45 - INFO - 正在下载:[（渣渣汉化组](C82)[Bloody Okojo]ひたぎヴァンプス 後編(化物語)V2]-[芥川まんぼう]-[['同人']]-[total_pages:52]
2025-12-31 15:28:55 - mkk_pika - main.py:49 - INFO - [{'_id': '582188055f6b9a4f93ddac7d', 'title': '第1集', 'order': 1, 'updated_at': '2016-11-08T08:08:37.749Z', 'id': '582188055f6b9a4f93ddac7d'}]
2025-12-31 15:28:55 - mkk_pika - database.py:215 - INFO - 第一次下载该漫画，记录数据库中
2025-12-31 15:28:56 - mkk_pika - main.py:83 - INFO - 找到 52 张图片在:第1集
2025-12-31 15:28:58 - mkk_pika - main.py:112 - INFO - [episode:第1集       ] downloaded:    52, total:  52, progress:100%
2025-12-31 15:28:58 - mkk_pika - database.py:238 - INFO - 数据库更新已下载章节
2025-12-31 15:28:58 - mkk_pika - database.py:244 - INFO - 该漫画已下载章节如下
2025-12-31 15:28:58 - mkk_pika - database.py:245 - INFO - ['第1集']
2025-12-31 15:28:59 - mkk_pika - main.py:348 - INFO - ==================== 漫画信息 ====================
                                   漫画ID：582188055f6b9a4f93ddac7b
                                   标题：（渣渣汉化组](C82)[Bloody Okojo]ひたぎヴァンプス 後編(化物語)V2
                                   作者：芥川まんぼう
                                   是否完结：是
                                   总页数：52
                                   分类：同人
                                   章节数：1
                                   最后更新时间：2007-02-04T22:47:29.000Z
                                   =================================================
2025-12-31 15:28:59 - mkk_pika - database.py:101 - INFO - 保存成功：（渣渣汉化组](C82)[Bloody Okojo]ひたぎヴァンプス 後編(化物語)V2
2025-12-31 15:28:59 - mkk_pika - main.py:35 - INFO - 开始检查 ちっちゃいがいっぱい! 【中国翻訳】是否存在未下载章节
2025-12-31 15:28:59 - mkk_pika - main.py:45 - INFO - 正在下载:[ ちっちゃいがいっぱい! 【中国翻訳】]-[なかじまゆか]-[['長篇', '妹妹系', '純愛', '足の恋']]-[total_pages:215]
2025-12-31 15:28:59 - mkk_pika - main.py:49 - INFO - [{'_id': '582188065f6b9a4f93ddace9', 'title': '第1集', 'order': 1, 'updated_at': '2016-11-08T08:08:38.667Z', 'id': '582188065f6b9a4f93ddace9'}]
2025-12-31 15:28:59 - mkk_pika - database.py:215 - INFO - 第一次下载该漫画，记录数据库中
2025-12-31 15:29:01 - mkk_pika - main.py:83 - INFO - 找到 215 张图片在:第1集
2025-12-31 15:29:08 - mkk_pika - main.py:112 - INFO - [episode:第1集       ] downloaded:   215, total: 215, progress:100%
2025-12-31 15:29:08 - mkk_pika - database.py:238 - INFO - 数据库更新已下载章节
2025-12-31 15:29:08 - mkk_pika - database.py:244 - INFO - 该漫画已下载章节如下
2025-12-31 15:29:08 - mkk_pika - database.py:245 - INFO - ['第1集']
2025-12-31 15:29:09 - mkk_pika - main.py:348 - INFO - ==================== 漫画信息 ====================
                                   漫画ID：582188065f6b9a4f93ddace7
                                   标题： ちっちゃいがいっぱい! 【中国翻訳】
                                   作者：なかじまゆか
                                   是否完结：是
                                   总页数：215
                                   分类：長篇,妹妹系,純愛,足の恋
                                   章节数：1
                                   最后更新时间：2007-02-05T08:47:29.000Z
                                   =================================================
2025-12-31 15:29:09 - mkk_pika - database.py:101 - INFO - 保存成功： ちっちゃいがいっぱい! 【中国翻訳】
2025-12-31 15:29:09 - mkk_pika - main.py:35 - INFO - 开始检查ネズミネコカム是否存在未下载章节
2025-12-31 15:29:09 - mkk_pika - main.py:45 - INFO - 正在下载:[ネズミネコカム]-[どタギリ]-[['短篇']]-[total_pages:20]
2025-12-31 15:29:09 - mkk_pika - main.py:49 - INFO - [{'_id': '582188075f6b9a4f93ddae9b', 'title': '第1集', 'order': 1, 'updated_at': '2016-11-08T08:08:39.582Z', 'id': '582188075f6b9a4f93ddae9b'}]
2025-12-31 15:29:09 - mkk_pika - database.py:215 - INFO - 第一次下载该漫画，记录数据库中
2025-12-31 15:29:10 - mkk_pika - main.py:83 - INFO - 找到 20 张图片在:第1集
2025-12-31 15:29:11 - mkk_pika - main.py:112 - INFO - [episode:第1集       ] downloaded:    20, total:  20, progress:100%
2025-12-31 15:29:11 - mkk_pika - database.py:238 - INFO - 数据库更新已下载章节
2025-12-31 15:29:11 - mkk_pika - database.py:244 - INFO - 该漫画已下载章节如下
2025-12-31 15:29:11 - mkk_pika - database.py:245 - INFO - ['第1集']
2025-12-31 15:29:12 - mkk_pika - main.py:348 - INFO - ==================== 漫画信息 ====================
                                   漫画ID：582188075f6b9a4f93ddae99
                                   标题：ネズミネコカム
                                   作者：どタギリ
                                   是否完结：是
                                   总页数：20
                                   分类：短篇
                                   章节数：1
                                   最后更新时间：2007-02-05T18:47:29.000Z
                                   =================================================
2025-12-31 15:29:12 - mkk_pika - database.py:101 - INFO - 保存成功：ネズミネコカム
2025-12-31 15:29:12 - mkk_pika - main.py:35 - INFO - 开始检查濃いの注入！是否存在未下载章节
2025-12-31 15:29:12 - mkk_pika - main.py:45 - INFO - 正在下载:[濃いの注入！]-[左橋レンヤ]-[['純愛']]-[total_pages:233]
2025-12-31 15:29:12 - mkk_pika - main.py:49 - INFO - [{'_id': '582188085f6b9a4f93ddaec7', 'title': '第1集', 'order': 1, 'updated_at': '2016-11-08T08:08:40.163Z', 'id': '582188085f6b9a4f93ddaec7'}]
2025-12-31 15:29:12 - mkk_pika - database.py:215 - INFO - 第一次下载该漫画，记录数据库中
2025-12-31 15:29:15 - mkk_pika - main.py:83 - INFO - 找到 233 张图片在:第1集
2025-12-31 15:29:22 - mkk_pika - main.py:112 - INFO - [episode:第1集       ] downloaded:   233, total: 233, progress:100%
2025-12-31 15:29:22 - mkk_pika - database.py:238 - INFO - 数据库更新已下载章节
2025-12-31 15:29:22 - mkk_pika - database.py:244 - INFO - 该漫画已下载章节如下
2025-12-31 15:29:22 - mkk_pika - database.py:245 - INFO - ['第1集']
2025-12-31 15:29:23 - mkk_pika - main.py:348 - INFO - ==================== 漫画信息 ====================
                                   漫画ID：582188075f6b9a4f93ddaec5
                                   标题：濃いの注入！
                                   作者：左橋レンヤ
                                   是否完结：是
                                   总页数：233
                                   分类：純愛
                                   章节数：1
                                   最后更新时间：2007-02-06T04:47:29.000Z
                                   =================================================
2025-12-31 15:29:23 - mkk_pika - database.py:101 - INFO - 保存成功：濃いの注入！
2025-12-31 15:29:23 - mkk_pika - main.py:35 - INFO - 开始检查ちよの大冒険☆是否存在未下载章节
2025-12-31 15:29:23 - mkk_pika - main.py:45 - INFO - 正在下载:[ちよの大冒険☆]-[宵野コタロー]-[['短篇']]-[total_pages:17]
2025-12-31 15:29:23 - mkk_pika - main.py:49 - INFO - [{'_id': '582188095f6b9a4f93ddb09d', 'title': '第1集', 'order': 1, 'updated_at': '2016-11-08T08:08:41.288Z', 'id': '582188095f6b9a4f93ddb09d'}]
2025-12-31 15:29:23 - mkk_pika - database.py:215 - INFO - 第一次下载该漫画，记录数据库中
2025-12-31 15:29:24 - mkk_pika - main.py:83 - INFO - 找到 17 张图片在:第1集
2025-12-31 15:29:24 - mkk_pika - main.py:112 - INFO - [episode:第1集       ] downloaded:    17, total:  17, progress:100%
2025-12-31 15:29:24 - mkk_pika - database.py:238 - INFO - 数据库更新已下载章节
2025-12-31 15:29:24 - mkk_pika - database.py:244 - INFO - 该漫画已下载章节如下
2025-12-31 15:29:24 - mkk_pika - database.py:245 - INFO - ['第1集']
2025-12-31 15:29:26 - mkk_pika - main.py:348 - INFO - ==================== 漫画信息 ====================
                                   漫画ID：582188085f6b9a4f93ddb09b
                                   标题：ちよの大冒険☆
                                   作者：宵野コタロー
                                   是否完结：是
                                   总页数：17
                                   分类：短篇
                                   章节数：1
                                   最后更新时间：2007-02-06T14:47:29.000Z
                                   =================================================
2025-12-31 15:29:26 - mkk_pika - database.py:101 - INFO - 保存成功：ちよの大冒険☆
2025-12-31 15:29:26 - mkk_pika - main.py:35 - INFO - 开始检查JCエッチ是否存在未下载章节
2025-12-31 15:29:26 - mkk_pika - main.py:45 - INFO - 正在下载:[JCエッチ]-[師走の翁]-[['長篇', '後宮閃光']]-[total_pages:249]
2025-12-31 15:29:26 - mkk_pika - main.py:49 - INFO - [{'_id': '582188095f6b9a4f93ddb0c3', 'title': '第1集', 'order': 1, 'updated_at': '2016-11-08T08:08:41.897Z', 'id': '582188095f6b9a4f93ddb0c3'}]
2025-12-31 15:29:26 - mkk_pika - database.py:215 - INFO - 第一次下载该漫画，记录数据库中
2025-12-31 15:29:28 - mkk_pika - main.py:83 - INFO - 找到 249 张图片在:第1集
2025-12-31 15:29:35 - mkk_pika - main.py:112 - INFO - [episode:第1集       ] downloaded:   249, total: 249, progress:100%
2025-12-31 15:29:35 - mkk_pika - database.py:238 - INFO - 数据库更新已下载章节
2025-12-31 15:29:35 - mkk_pika - database.py:244 - INFO - 该漫画已下载章节如下
2025-12-31 15:29:35 - mkk_pika - database.py:245 - INFO - ['第1集']
2025-12-31 15:29:37 - mkk_pika - main.py:348 - INFO - ==================== 漫画信息 ====================
                                   漫画ID：582188095f6b9a4f93ddb0c1
                                   标题：JCエッチ
                                   作者：師走の翁
                                   是否完结：是
                                   总页数：249
                                   分类：長篇,後宮閃光
                                   章节数：1
                                   最后更新时间：2007-02-07T00:47:29.000Z
                                   =================================================
2025-12-31 15:29:37 - mkk_pika - database.py:101 - INFO - 保存成功：JCエッチ
2025-12-31 15:29:37 - mkk_pika - main.py:35 - INFO - 开始检查めざめのあさにみるゆめ是否存在未下载章节
2025-12-31 15:29:37 - mkk_pika - main.py:45 - INFO - 正在下载:[めざめのあさにみるゆめ]-[ハートキャッチプリキュア]-[['短篇', '百合花園', '妹妹系']]-[total_pages:60]
2025-12-31 15:29:37 - mkk_pika - main.py:49 - INFO - [{'_id': '5821880b5f6b9a4f93ddb383', 'title': '第1集', 'order': 1, 'updated_at': '2016-11-08T08:08:43.752Z', 'id': '5821880b5f6b9a4f93ddb383'}]
2025-12-31 15:29:37 - mkk_pika - database.py:215 - INFO - 第一次下载该漫画，记录数据库中
2025-12-31 15:29:38 - mkk_pika - main.py:83 - INFO - 找到 60 张图片在:第1集
2025-12-31 15:29:40 - mkk_pika - main.py:112 - INFO - [episode:第1集       ] downloaded:    60, total:  60, progress:100%
2025-12-31 15:29:40 - mkk_pika - database.py:238 - INFO - 数据库更新已下载章节
2025-12-31 15:29:40 - mkk_pika - database.py:244 - INFO - 该漫画已下载章节如下
2025-12-31 15:29:40 - mkk_pika - database.py:245 - INFO - ['第1集']
2025-12-31 15:29:41 - mkk_pika - main.py:348 - INFO - ==================== 漫画信息 ====================
                                   漫画ID：5821880b5f6b9a4f93ddb381
                                   标题：めざめのあさにみるゆめ
                                   作者：ハートキャッチプリキュア
                                   是否完结：是
                                   总页数：60
                                   分类：短篇,百合花園,妹妹系
                                   章节数：1
                                   最后更新时间：2007-02-07T10:47:29.000Z
                                   =================================================
2025-12-31 15:29:41 - mkk_pika - database.py:101 - INFO - 保存成功：めざめのあさにみるゆめ
2025-12-31 15:29:41 - mkk_pika - main.py:35 - INFO - 开始检查ユーちゅうぶ是否存在未下载章节
2025-12-31 15:29:41 - mkk_pika - main.py:45 - INFO - 正在下载:[ユーちゅうぶ]-[蜜キング]-[['短篇']]-[total_pages:16]
2025-12-31 15:29:41 - mkk_pika - main.py:49 - INFO - [{'_id': '5821880c5f6b9a4f93ddb3ff', 'title': '第1集', 'order': 1, 'updated_at': '2016-11-08T08:08:44.438Z', 'id': '5821880c5f6b9a4f93ddb3ff'}]
2025-12-31 15:29:41 - mkk_pika - database.py:215 - INFO - 第一次下载该漫画，记录数据库中
2025-12-31 15:29:42 - mkk_pika - main.py:83 - INFO - 找到 16 张图片在:第1集
2025-12-31 15:29:42 - mkk_pika - main.py:112 - INFO - [episode:第1集       ] downloaded:    16, total:  16, progress:100%
2025-12-31 15:29:42 - mkk_pika - database.py:238 - INFO - 数据库更新已下载章节
2025-12-31 15:29:42 - mkk_pika - database.py:244 - INFO - 该漫画已下载章节如下
2025-12-31 15:29:42 - mkk_pika - database.py:245 - INFO - ['第1集']
2025-12-31 15:29:43 - mkk_pika - main.py:348 - INFO - ==================== 漫画信息 ====================
                                   漫画ID：5821880b5f6b9a4f93ddb3fd
                                   标题：ユーちゅうぶ
                                   作者：蜜キング
                                   是否完结：是
                                   总页数：16
                                   分类：短篇
                                   章节数：1
                                   最后更新时间：2007-02-07T20:47:29.000Z
                                   =================================================
2025-12-31 15:29:43 - mkk_pika - database.py:101 - INFO - 保存成功：ユーちゅうぶ
2025-12-31 15:29:43 - mkk_pika - main.py:35 - INFO - 开始检查先輩はミニマムガール [中国翻訳]是否存在未下载章节
2025-12-31 15:29:44 - mkk_pika - main.py:45 - INFO - 正在下载:[先輩はミニマムガール [中国翻訳]]-[アズマサワヨシ]-[['長篇', '百合花園', '後宮閃光', '姐姐系']]-[total_pages:212]
2025-12-31 15:29:44 - mkk_pika - main.py:49 - INFO - [{'_id': '5821880d5f6b9a4f93ddb423', 'title': '第1集', 'order': 1, 'updated_at': '2016-11-08T08:08:45.025Z', 'id': '5821880d5f6b9a4f93ddb423'}]
2025-12-31 15:29:44 - mkk_pika - database.py:215 - INFO - 第一次下载该漫画，记录数据库中
2025-12-31 15:29:46 - mkk_pika - main.py:83 - INFO - 找到 212 张图片在:第1集
2025-12-31 15:29:53 - mkk_pika - main.py:112 - INFO - [episode:第1集       ] downloaded:   212, total: 212, progress:100%
2025-12-31 15:29:53 - mkk_pika - database.py:238 - INFO - 数据库更新已下载章节
2025-12-31 15:29:53 - mkk_pika - database.py:244 - INFO - 该漫画已下载章节如下
2025-12-31 15:29:53 - mkk_pika - database.py:245 - INFO - ['第1集']
2025-12-31 15:29:54 - mkk_pika - main.py:348 - INFO - ==================== 漫画信息 ====================
                                   漫画ID：5821880c5f6b9a4f93ddb421
                                   标题：先輩はミニマムガール [中国翻訳]
                                   作者：アズマサワヨシ
                                   是否完结：是
                                   总页数：212
                                   分类：長篇,百合花園,後宮閃光,姐姐系
                                   章节数：1
                                   最后更新时间：2007-02-08T06:47:29.000Z
                                   =================================================
2025-12-31 15:29:54 - mkk_pika - database.py:101 - INFO - 保存成功：先輩はミニマムガール [中国翻訳]
2025-12-31 15:29:54 - mkk_pika - main.py:35 - INFO - 开始检查ライダーさんと試着室是否存在未下载章节
2025-12-31 15:29:54 - mkk_pika - main.py:45 - INFO - 正在下载:[ライダーさんと試着室]-[柳]-[['同人', '短篇', 'Fate']]-[total_pages:22]
2025-12-31 15:29:54 - mkk_pika - main.py:49 - INFO - [{'_id': '5821880e5f6b9a4f93ddb5cf', 'title': '第1集', 'order': 1, 'updated_at': '2016-11-08T08:08:46.524Z', 'id': '5821880e5f6b9a4f93ddb5cf'}]
2025-12-31 15:29:54 - mkk_pika - database.py:215 - INFO - 第一次下载该漫画，记录数据库中
2025-12-31 15:29:55 - mkk_pika - main.py:83 - INFO - 找到 22 张图片在:第1集
2025-12-31 15:29:56 - mkk_pika - main.py:112 - INFO - [episode:第1集       ] downloaded:    22, total:  22, progress:100%
2025-12-31 15:29:56 - mkk_pika - database.py:238 - INFO - 数据库更新已下载章节
2025-12-31 15:29:56 - mkk_pika - database.py:244 - INFO - 该漫画已下载章节如下
2025-12-31 15:29:56 - mkk_pika - database.py:245 - INFO - ['第1集']
2025-12-31 15:29:57 - mkk_pika - main.py:348 - INFO - ==================== 漫画信息 ====================
                                   漫画ID：5821880e5f6b9a4f93ddb5cd
                                   标题：ライダーさんと試着室
                                   作者：柳
                                   是否完结：是
                                   总页数：22
                                   分类：同人,短篇,Fate
                                   章节数：1
                                   最后更新时间：2007-02-08T16:47:29.000Z
                                   =================================================
2025-12-31 15:29:57 - mkk_pika - database.py:101 - INFO - 保存成功：ライダーさんと試着室
2025-12-31 15:29:57 - mkk_pika - main.py:35 - INFO - 开始检查ラブ ・イズ・マネー是否存在未下载章节
2025-12-31 15:29:57 - mkk_pika - main.py:45 - INFO - 正在下载:[ラブ ・イズ・マネー]-[雪雨こん]-[['短篇']]-[total_pages:20]
2025-12-31 15:29:57 - mkk_pika - main.py:49 - INFO - [{'_id': '5821880f5f6b9a4f93ddb5ff', 'title': '第1集', 'order': 1, 'updated_at': '2016-11-08T08:08:47.113Z', 'id': '5821880f5f6b9a4f93ddb5ff'}]
2025-12-31 15:29:57 - mkk_pika - database.py:215 - INFO - 第一次下载该漫画，记录数据库中
2025-12-31 15:29:58 - mkk_pika - main.py:83 - INFO - 找到 20 张图片在:第1集
2025-12-31 15:29:59 - mkk_pika - main.py:112 - INFO - [episode:第1集       ] downloaded:    20, total:  20, progress:100%
2025-12-31 15:29:59 - mkk_pika - database.py:238 - INFO - 数据库更新已下载章节
2025-12-31 15:29:59 - mkk_pika - database.py:244 - INFO - 该漫画已下载章节如下
2025-12-31 15:29:59 - mkk_pika - database.py:245 - INFO - ['第1集']
2025-12-31 15:30:01 - mkk_pika - main.py:348 - INFO - ==================== 漫画信息 ====================
                                   漫画ID：5821880e5f6b9a4f93ddb5fd
                                   标题：ラブ ・イズ・マネー
                                   作者：雪雨こん
                                   是否完结：是
                                   总页数：20
                                   分类：短篇
                                   章节数：1
                                   最后更新时间：2007-02-09T02:47:29.000Z
                                   =================================================
2025-12-31 15:30:01 - mkk_pika - database.py:101 - INFO - 保存成功：ラブ ・イズ・マネー
2025-12-31 15:30:01 - mkk_pika - main.py:35 - INFO - 开始检查(C87) [RUBBISH選別隊 ] RE21 (Fate/stay night) [中国翻訳]是否存在未下载章节
2025-12-31 15:30:01 - mkk_pika - main.py:45 - INFO - 正在下载:[(C87) [RUBBISH選別隊 ] RE21 (Fate/stay night) [中国翻訳]]-[無望菜志]-[['同人', '短篇', '純愛', 'Fate']]-[total_pages:36]
2025-12-31 15:30:01 - mkk_pika - main.py:49 - INFO - [{'_id': '5821880f5f6b9a4f93ddb62b', 'title': '第1集', 'order': 1, 'updated_at': '2016-11-08T08:08:47.786Z', 'id': '5821880f5f6b9a4f93ddb62b'}]
2025-12-31 15:30:01 - mkk_pika - database.py:215 - INFO - 第一次下载该漫画，记录数据库中
2025-12-31 15:30:01 - mkk_pika - main.py:83 - INFO - 找到 36 张图片在:第1集
2025-12-31 15:30:03 - mkk_pika - main.py:112 - INFO - [episode:第1集       ] downloaded:    36, total:  36, progress:100%
2025-12-31 15:30:03 - mkk_pika - database.py:238 - INFO - 数据库更新已下载章节
2025-12-31 15:30:03 - mkk_pika - database.py:244 - INFO - 该漫画已下载章节如下
2025-12-31 15:30:03 - mkk_pika - database.py:245 - INFO - ['第1集']
2025-12-31 15:30:04 - mkk_pika - main.py:348 - INFO - ==================== 漫画信息 ====================
                                   漫画ID：5821880f5f6b9a4f93ddb629
                                   标题：(C87) [RUBBISH選別隊 ] RE21 (Fate/stay night) [中国翻訳]
                                   作者：無望菜志
                                   是否完结：是
                                   总页数：36
                                   分类：同人,短篇,純愛,Fate
                                   章节数：1
                                   最后更新时间：2007-02-09T12:47:29.000Z
                                   =================================================
2025-12-31 15:30:04 - mkk_pika - database.py:101 - INFO - 保存成功：(C87) [RUBBISH選別隊 ] RE21 (Fate/stay night) [中国翻訳]
2025-12-31 15:30:04 - mkk_pika - main.py:35 - INFO - 开始检查: [Bloomer Hogero]  鮮嫩蜜桃的溶化現象 [Chinese]是否存在未下载章节
2025-12-31 15:30:04 - mkk_pika - main.py:45 - INFO - 正在下载:[: [Bloomer Hogero]  鮮嫩蜜桃的溶化現象 [Chinese]]-[[ぶるマほげろー]-[['長篇', '百合花園', '後宮閃光', '純愛']]-[total_pages:185]
2025-12-31 15:30:04 - mkk_pika - main.py:49 - INFO - [{'_id': '582188115f6b9a4f93ddb80f', 'title': '第1集', 'order': 1, 'updated_at': '2016-11-08T08:08:49.691Z', 'id': '582188115f6b9a4f93ddb80f'}]
2025-12-31 15:30:04 - mkk_pika - database.py:215 - INFO - 第一次下载该漫画，记录数据库中
2025-12-31 15:30:06 - mkk_pika - main.py:83 - INFO - 找到 185 张图片在:第1集
2025-12-31 15:30:12 - mkk_pika - main.py:112 - INFO - [episode:第1集       ] downloaded:   185, total: 185, progress:100%
2025-12-31 15:30:12 - mkk_pika - database.py:238 - INFO - 数据库更新已下载章节
2025-12-31 15:30:12 - mkk_pika - database.py:244 - INFO - 该漫画已下载章节如下
2025-12-31 15:30:12 - mkk_pika - database.py:245 - INFO - ['第1集']
2025-12-31 15:30:13 - mkk_pika - main.py:348 - INFO - ==================== 漫画信息 ====================
                                   漫画ID：582188115f6b9a4f93ddb80d
                                   标题：: [Bloomer Hogero]  鮮嫩蜜桃的溶化現象 [Chinese]
                                   作者：[ぶるマほげろー
                                   是否完结：是
                                   总页数：185
                                   分类：長篇,百合花園,後宮閃光,純愛
                                   章节数：1
                                   最后更新时间：2007-02-10T08:47:29.000Z
                                   =================================================
2025-12-31 15:30:13 - mkk_pika - database.py:101 - INFO - 保存成功：: [Bloomer Hogero]  鮮嫩蜜桃的溶化現象 [Chinese]
2025-12-31 15:30:13 - mkk_pika - main.py:35 - INFO - 开始检查 [PH部] 拡がっちゃうのがイイの8 [中国翻訳]是否存在未下载章节
2025-12-31 15:30:13 - mkk_pika - main.py:45 - INFO - 正在下载:[ [PH部] 拡がっちゃうのがイイの8 [中国翻訳]]-[午前]-[['短篇', '妹妹系']]-[total_pages:18]
2025-12-31 15:30:13 - mkk_pika - main.py:49 - INFO - [{'_id': '582188125f6b9a4f93ddb985', 'title': '第1集', 'order': 1, 'updated_at': '2016-11-08T08:08:50.459Z', 'id': '582188125f6b9a4f93ddb985'}]
2025-12-31 15:30:13 - mkk_pika - database.py:215 - INFO - 第一次下载该漫画，记录数据库中
2025-12-31 15:30:14 - mkk_pika - main.py:83 - INFO - 找到 18 张图片在:第1集
2025-12-31 15:30:15 - mkk_pika - main.py:112 - INFO - [episode:第1集       ] downloaded:    18, total:  18, progress:100%
2025-12-31 15:30:15 - mkk_pika - database.py:238 - INFO - 数据库更新已下载章节
2025-12-31 15:30:15 - mkk_pika - database.py:244 - INFO - 该漫画已下载章节如下
2025-12-31 15:30:15 - mkk_pika - database.py:245 - INFO - ['第1集']
2025-12-31 15:30:16 - mkk_pika - main.py:348 - INFO - ==================== 漫画信息 ====================
                                   漫画ID：582188125f6b9a4f93ddb983
                                   标题： [PH部] 拡がっちゃうのがイイの8 [中国翻訳]
                                   作者：午前
                                   是否完结：是
                                   总页数：18
                                   分类：短篇,妹妹系
                                   章节数：1
                                   最后更新时间：2007-02-10T18:47:29.000Z
                                   =================================================
2025-12-31 15:30:16 - mkk_pika - database.py:101 - INFO - 保存成功： [PH部] 拡がっちゃうのがイイの8 [中国翻訳]
2025-12-31 15:30:16 - mkk_pika - main.py:35 - INFO - 开始检查COMIC1☆4)  Melt Flower (ハートキャッチプリキュア！) [中国翻訳]是否存在未下载章节
2025-12-31 15:30:16 - mkk_pika - main.py:45 - INFO - 正在下载:[COMIC1☆4)  Melt Flower (ハートキャッチプリキュア！) [中国翻訳]]-[稲瀬信也]-[['短篇', '百合花園', '後宮閃光']]-[total_pages:33]
2025-12-31 15:30:16 - mkk_pika - main.py:49 - INFO - [{'_id': '582188125f6b9a4f93ddb9ad', 'title': '第1集', 'order': 1, 'updated_at': '2016-11-08T08:08:50.840Z', 'id': '582188125f6b9a4f93ddb9ad'}]
2025-12-31 15:30:16 - mkk_pika - database.py:215 - INFO - 第一次下载该漫画，记录数据库中
2025-12-31 15:30:17 - mkk_pika - main.py:83 - INFO - 找到 33 张图片在:第1集
2025-12-31 15:30:18 - mkk_pika - main.py:112 - INFO - [episode:第1集       ] downloaded:    33, total:  33, progress:100%
2025-12-31 15:30:18 - mkk_pika - database.py:238 - INFO - 数据库更新已下载章节
2025-12-31 15:30:18 - mkk_pika - database.py:244 - INFO - 该漫画已下载章节如下
2025-12-31 15:30:18 - mkk_pika - database.py:245 - INFO - ['第1集']
2025-12-31 15:30:19 - mkk_pika - main.py:348 - INFO - ==================== 漫画信息 ====================
                                   漫画ID：582188125f6b9a4f93ddb9ab
                                   标题：COMIC1☆4)  Melt Flower (ハートキャッチプリキュア！) [中国翻訳]
                                   作者：稲瀬信也
                                   是否完结：是
                                   总页数：33
                                   分类：短篇,百合花園,後宮閃光
                                   章节数：1
                                   最后更新时间：2007-02-11T04:47:29.000Z
                                   =================================================
2025-12-31 15:30:19 - mkk_pika - database.py:101 - INFO - 保存成功：COMIC1☆4)  Melt Flower (ハートキャッチプリキュア！) [中国翻訳]
2025-12-31 15:30:19 - mkk_pika - main.py:35 - INFO - 开始检查 (C84) [kuma-puro] ふたりの開放日 [中国翻訳]是否存在未下载章节
2025-12-31 15:30:19 - mkk_pika - main.py:45 - INFO - 正在下载:[ (C84) [kuma-puro] ふたりの開放日 [中国翻訳]]-[小路あゆむ]-[['短篇', '妹妹系']]-[total_pages:27]
2025-12-31 15:30:19 - mkk_pika - main.py:49 - INFO - [{'_id': '582188135f6b9a4f93ddb9f3', 'title': '第1集', 'order': 1, 'updated_at': '2016-11-08T08:08:51.556Z', 'id': '582188135f6b9a4f93ddb9f3'}]
2025-12-31 15:30:19 - mkk_pika - database.py:215 - INFO - 第一次下载该漫画，记录数据库中
2025-12-31 15:30:22 - mkk_pika - main.py:83 - INFO - 找到 27 张图片在:第1集
2025-12-31 15:30:23 - mkk_pika - main.py:112 - INFO - [episode:第1集       ] downloaded:    27, total:  27, progress:100%
2025-12-31 15:30:23 - mkk_pika - database.py:238 - INFO - 数据库更新已下载章节
2025-12-31 15:30:23 - mkk_pika - database.py:244 - INFO - 该漫画已下载章节如下
2025-12-31 15:30:23 - mkk_pika - database.py:245 - INFO - ['第1集']
2025-12-31 15:30:24 - mkk_pika - main.py:348 - INFO - ==================== 漫画信息 ====================
                                   漫画ID：582188135f6b9a4f93ddb9f1
                                   标题： (C84) [kuma-puro] ふたりの開放日 [中国翻訳]
                                   作者：小路あゆむ
                                   是否完结：是
                                   总页数：27
                                   分类：短篇,妹妹系
                                   章节数：1
                                   最后更新时间：2007-02-11T14:47:29.000Z
                                   =================================================
2025-12-31 15:30:24 - mkk_pika - database.py:101 - INFO - 保存成功： (C84) [kuma-puro] ふたりの開放日 [中国翻訳]
2025-12-31 15:30:24 - mkk_pika - main.py:35 - INFO - 开始检查ほうかご会いましょう 是否存在未下载章节
2025-12-31 15:30:24 - mkk_pika - main.py:45 - INFO - 正在下载:[ほうかご会いましょう ]-[無限軌道]-[['同人', '短篇', '後宮閃光', '純愛']]-[total_pages:22]
2025-12-31 15:30:24 - mkk_pika - main.py:49 - INFO - [{'_id': '582188145f6b9a4f93ddba2d', 'title': '第1集', 'order': 1, 'updated_at': '2016-11-08T08:08:52.151Z', 'id': '582188145f6b9a4f93ddba2d'}]
2025-12-31 15:30:24 - mkk_pika - database.py:215 - INFO - 第一次下载该漫画，记录数据库中
2025-12-31 15:30:25 - mkk_pika - main.py:83 - INFO - 找到 22 张图片在:第1集
2025-12-31 15:30:26 - mkk_pika - main.py:112 - INFO - [episode:第1集       ] downloaded:    22, total:  22, progress:100%
2025-12-31 15:30:26 - mkk_pika - database.py:238 - INFO - 数据库更新已下载章节
2025-12-31 15:30:26 - mkk_pika - database.py:244 - INFO - 该漫画已下载章节如下
2025-12-31 15:30:26 - mkk_pika - database.py:245 - INFO - ['第1集']
2025-12-31 15:30:27 - mkk_pika - main.py:348 - INFO - ==================== 漫画信息 ====================
                                   漫画ID：582188135f6b9a4f93ddba2b
                                   标题：ほうかご会いましょう 
                                   作者：無限軌道
                                   是否完结：是
                                   总页数：22
                                   分类：同人,短篇,後宮閃光,純愛
                                   章节数：1
                                   最后更新时间：2007-02-12T00:47:29.000Z
                                   =================================================
2025-12-31 15:30:27 - mkk_pika - database.py:101 - INFO - 保存成功：ほうかご会いましょう 
2025-12-31 15:30:27 - mkk_pika - main.py:35 - INFO - 开始检查HIGHSCHOOL OF THE DATE是否存在未下载章节
2025-12-31 15:30:27 - mkk_pika - main.py:45 - INFO - 正在下载:[HIGHSCHOOL OF THE DATE]-[神無月元史]-[['同人', '短篇', '後宮閃光', '純愛']]-[total_pages:37]
2025-12-31 15:30:27 - mkk_pika - main.py:49 - INFO - [{'_id': '582188145f6b9a4f93ddba5d', 'title': '第1集', 'order': 1, 'updated_at': '2016-11-08T08:08:52.740Z', 'id': '582188145f6b9a4f93ddba5d'}]
2025-12-31 15:30:27 - mkk_pika - database.py:215 - INFO - 第一次下载该漫画，记录数据库中
2025-12-31 15:30:28 - mkk_pika - main.py:83 - INFO - 找到 37 张图片在:第1集
2025-12-31 15:30:29 - mkk_pika - main.py:112 - INFO - [episode:第1集       ] downloaded:    37, total:  37, progress:100%
2025-12-31 15:30:29 - mkk_pika - database.py:238 - INFO - 数据库更新已下载章节
2025-12-31 15:30:29 - mkk_pika - database.py:244 - INFO - 该漫画已下载章节如下
2025-12-31 15:30:29 - mkk_pika - database.py:245 - INFO - ['第1集']
2025-12-31 15:30:30 - mkk_pika - main.py:348 - INFO - ==================== 漫画信息 ====================
                                   漫画ID：582188145f6b9a4f93ddba5b
                                   标题：HIGHSCHOOL OF THE DATE
                                   作者：神無月元史
                                   是否完结：是
                                   总页数：37
                                   分类：同人,短篇,後宮閃光,純愛
                                   章节数：1
                                   最后更新时间：2007-02-12T10:47:29.000Z
                                   =================================================
2025-12-31 15:30:30 - mkk_pika - database.py:101 - INFO - 保存成功：HIGHSCHOOL OF THE DATE
2025-12-31 15:30:30 - mkk_pika - main.py:35 - INFO - 开始检查幻想郷攻略作戦-魂魄妖夢編 是否存在未下载章节
2025-12-31 15:30:31 - mkk_pika - main.py:45 - INFO - 正在下载:[幻想郷攻略作戦-魂魄妖夢編 ]-[春雛紫]-[['同人', '短篇', '後宮閃光', '東方', '純愛']]-[total_pages:22]
2025-12-31 15:30:31 - mkk_pika - main.py:49 - INFO - [{'_id': '582188155f6b9a4f93ddbaab', 'title': '第1集', 'order': 1, 'updated_at': '2016-11-08T08:08:53.162Z', 'id': '582188155f6b9a4f93ddbaab'}]
2025-12-31 15:30:31 - mkk_pika - database.py:215 - INFO - 第一次下载该漫画，记录数据库中
2025-12-31 15:30:31 - mkk_pika - main.py:83 - INFO - 找到 22 张图片在:第1集
2025-12-31 15:30:32 - mkk_pika - main.py:112 - INFO - [episode:第1集       ] downloaded:    22, total:  22, progress:100%
2025-12-31 15:30:32 - mkk_pika - database.py:238 - INFO - 数据库更新已下载章节
2025-12-31 15:30:32 - mkk_pika - database.py:244 - INFO - 该漫画已下载章节如下
2025-12-31 15:30:32 - mkk_pika - database.py:245 - INFO - ['第1集']
2025-12-31 15:30:33 - mkk_pika - main.py:348 - INFO - ==================== 漫画信息 ====================
                                   漫画ID：582188145f6b9a4f93ddbaa9
                                   标题：幻想郷攻略作戦-魂魄妖夢編 
                                   作者：春雛紫
                                   是否完结：是
                                   总页数：22
                                   分类：同人,短篇,後宮閃光,東方,純愛
                                   章节数：1
                                   最后更新时间：2007-02-12T20:47:29.000Z
                                   =================================================
2025-12-31 15:30:33 - mkk_pika - database.py:101 - INFO - 保存成功：幻想郷攻略作戦-魂魄妖夢編 
2025-12-31 15:30:33 - mkk_pika - main.py:35 - INFO - 开始检查はたらくちー鎌是否存在未下载章节
2025-12-31 15:30:34 - mkk_pika - main.py:45 - INFO - 正在下载:[はたらくちー鎌]-[23.4ド(イチリ)]-[['同人', '短篇', '後宮閃光', 'NTR', '強暴', '純愛']]-[total_pages:31]
2025-12-31 15:30:34 - mkk_pika - main.py:49 - INFO - [{'_id': '582188155f6b9a4f93ddbadb', 'title': '第1集', 'order': 1, 'updated_at': '2016-11-08T08:08:53.801Z', 'id': '582188155f6b9a4f93ddbadb'}]
2025-12-31 15:30:34 - mkk_pika - database.py:215 - INFO - 第一次下载该漫画，记录数据库中
2025-12-31 15:30:35 - mkk_pika - main.py:83 - INFO - 找到 31 张图片在:第1集
2025-12-31 15:30:36 - mkk_pika - main.py:112 - INFO - [episode:第1集       ] downloaded:    31, total:  31, progress:100%
2025-12-31 15:30:36 - mkk_pika - database.py:238 - INFO - 数据库更新已下载章节
2025-12-31 15:30:36 - mkk_pika - database.py:244 - INFO - 该漫画已下载章节如下
2025-12-31 15:30:36 - mkk_pika - database.py:245 - INFO - ['第1集']
2025-12-31 15:30:37 - mkk_pika - main.py:348 - INFO - ==================== 漫画信息 ====================
                                   漫画ID：582188155f6b9a4f93ddbad9
                                   标题：はたらくちー鎌
                                   作者：23.4ド(イチリ)
                                   是否完结：是
                                   总页数：31
                                   分类：同人,短篇,後宮閃光,NTR,強暴,純愛
                                   章节数：1
                                   最后更新时间：2007-02-13T06:47:29.000Z
                                   =================================================
2025-12-31 15:30:37 - mkk_pika - database.py:101 - INFO - 保存成功：はたらくちー鎌
2025-12-31 15:30:37 - mkk_pika - main.py:380 - INFO - 本次任务下载完毕
2025-12-31 15:30:37 - mkk_pika - database.py:173 - INFO - 数据库连接已关闭
