2025-12-22 23:28:34 - mkk_pika - main.py:168 - INFO - =======================================================================
2025-12-22 23:28:34 - mkk_pika - database.py:61 - INFO - 表和索引初始化成功
2025-12-22 23:28:34 - mkk_pika - main.py:172 - INFO - 已经累计下载70本漫画
2025-12-22 23:28:34 - mkk_pika - api.py:87 - INFO - 登录成功
2025-12-22 23:28:35 - mkk_pika - main.py:178 - INFO - 收藏夹共计2本漫画
2025-12-22 23:28:35 - mkk_pika - main.py:181 - INFO - 开始下载收藏夹内未下载内容
2025-12-22 23:28:35 - mkk_pika - main.py:35 - INFO - 开始检查雷だって甘えたい!是否存在未下载章节
2025-12-22 23:28:35 - mkk_pika - database.py:203 - INFO - 查询数据库中是否已存在生肉
2025-12-22 23:28:35 - mkk_pika - database.py:203 - INFO - 查询数据库中是否已存在熟肉
2025-12-22 23:28:35 - mkk_pika - main.py:51 - INFO - 雷だって甘えたい!中没有可下载章节
2025-12-22 23:28:35 - mkk_pika - main.py:199 - INFO - ==================== 漫画信息 ====================
                漫画ID：64903f198782392d4dcd9f5b
                标题：雷だって甘えたい!
                作者：五月日和 (あずまさつき)
                是否完结：否
                总页数：45
                分类：短篇,同人,艦隊收藏
                章节数：2
                最后更新时间：2025-12-19T15:22:31.931Z
                =================================================
2025-12-22 23:28:35 - mkk_pika - database.py:101 - INFO - 保存成功：雷だって甘えたい!
2025-12-22 23:28:35 - mkk_pika - util.py:164 - INFO - 目标时间（UTC）：2025-12-19 15:22:31.931000+00:00
2025-12-22 23:28:35 - mkk_pika - util.py:165 - INFO - 当前UTC时间：2025-12-22 23:28:35.706186+00:00
2025-12-22 23:28:35 - mkk_pika - util.py:167 - INFO - 相差：3 天 8 小时 6 分钟
2025-12-22 23:28:35 - mkk_pika - main.py:35 - INFO - 开始检查[PIXIV] Komachan (31874437)（AI）是否存在未下载章节
2025-12-22 23:28:35 - mkk_pika - database.py:203 - INFO - 查询数据库中是否已存在第1話
2025-12-22 23:28:35 - mkk_pika - database.py:203 - INFO - 查询数据库中是否已存在蕾米莉亚酱的秘密-特殊性癖-被发现了♥
2025-12-22 23:28:35 - mkk_pika - database.py:203 - INFO - 查询数据库中是否已存在芙莉莲的大抉择（上）大意失策 沉溺于败北的快感♡
2025-12-22 23:28:35 - mkk_pika - database.py:203 - INFO - 查询数据库中是否已存在芙莉莲的大抉择（下）大意失策 沉溺于败北的快感♡
2025-12-22 23:28:35 - mkk_pika - main.py:51 - INFO - [PIXIV] Komachan (31874437)（AI）中没有可下载章节
2025-12-22 23:28:36 - mkk_pika - main.py:199 - INFO - ==================== 漫画信息 ====================
                漫画ID：683001fb6f0cd54536b05e16
                标题：[PIXIV] Komachan (31874437)（AI）
                作者：Komachan
                是否完结：否
                总页数：770
                分类：全彩,同人,CG雜圖,足の恋
                章节数：4
                最后更新时间：2025-12-18T15:38:24.129Z
                =================================================
2025-12-22 23:28:36 - mkk_pika - database.py:101 - INFO - 保存成功：[PIXIV] Komachan (31874437)（AI）
2025-12-22 23:28:36 - mkk_pika - util.py:164 - INFO - 目标时间（UTC）：2025-12-18 15:38:24.129000+00:00
2025-12-22 23:28:36 - mkk_pika - util.py:165 - INFO - 当前UTC时间：2025-12-22 23:28:36.273990+00:00
2025-12-22 23:28:36 - mkk_pika - util.py:167 - INFO - 相差：4 天 7 小时 50 分钟
2025-12-22 23:28:36 - mkk_pika - main.py:241 - INFO - 收藏夹内容下载完毕
2025-12-22 23:28:36 - mkk_pika - main.py:243 - INFO - 开始下载订阅内容
2025-12-22 23:28:36 - mkk_pika - database.py:257 - INFO - 根据ID查询到标题：萝莉 -> 星の輪姦☆皆のロリ肉便器、魔法少女ルアーちゃん
2025-12-22 23:28:36 - mkk_pika - database.py:101 - INFO - 保存成功：大鳳アナルオナニー
2025-12-22 23:28:36 - mkk_pika - main.py:248 - INFO - 关键词萝莉找到0本漫画
2025-12-22 23:28:36 - mkk_pika - database.py:257 - INFO - 根据ID查询到标题：蘿莉 -> 逸脱天使#01
2025-12-22 23:28:37 - mkk_pika - database.py:101 - INFO - 保存成功：誘惑するセイアと生ハメ♥ (ブルーアーカイブ)
2025-12-22 23:28:37 - mkk_pika - main.py:248 - INFO - 关键词蘿莉找到4本漫画
2025-12-22 23:28:37 - mkk_pika - main.py:250 - INFO - 订阅内容共计4本漫画
2025-12-22 23:28:37 - mkk_pika - main.py:35 - INFO - 开始检查魔道具屋さんのなんでもない日常2 | 魔导屋酱的无奇日常二三事2是否存在未下载章节
2025-12-22 23:28:37 - mkk_pika - main.py:45 - INFO - 正在下载:[魔道具屋さんのなんでもない日常2 | 魔导屋酱的无奇日常二三事2]-[Lilac Garden (ろしー)]-[['短篇']]-[total_pages:-1]
2025-12-22 23:28:37 - mkk_pika - main.py:49 - INFO - [{'_id': '694972fe832fb54bf40daba0', 'title': '第1話', 'order': 1, 'updated_at': '2025-12-22T11:58:24.513Z', 'id': '694972fe832fb54bf40daba0'}]
2025-12-22 23:28:37 - mkk_pika - database.py:215 - INFO - 第一次下载该漫画，记录数据库中
2025-12-22 23:28:38 - mkk_pika - main.py:83 - INFO - 找到 17 张图片在:第1話
2025-12-22 23:28:39 - mkk_pika - main.py:112 - INFO - [episode:第1話       ] downloaded:    17, total:  17, progress:100%
2025-12-22 23:28:39 - mkk_pika - database.py:237 - INFO - 数据库更新已下载章节
2025-12-22 23:28:39 - mkk_pika - database.py:243 - INFO - 该漫画已下载章节如下
2025-12-22 23:28:39 - mkk_pika - database.py:244 - INFO - ['第1話']
2025-12-22 23:28:40 - mkk_pika - main.py:267 - INFO - ==================== 漫画信息 ====================
                                漫画ID：694972fe832fb54bf40dab9f
                                标题：魔道具屋さんのなんでもない日常2 | 魔导屋酱的无奇日常二三事2
                                作者：Lilac Garden (ろしー)
                                是否完结：否
                                总页数：17
                                分类：短篇
                                章节数：1
                                最后更新时间：2025-12-22T16:34:06.512Z
                                =================================================
2025-12-22 23:28:40 - mkk_pika - database.py:101 - INFO - 保存成功：魔道具屋さんのなんでもない日常2 | 魔导屋酱的无奇日常二三事2
2025-12-22 23:28:40 - mkk_pika - main.py:35 - INFO - 开始检查誘惑するセイアと生ハメ♥ (ブルーアーカイブ)是否存在未下载章节
2025-12-22 23:28:40 - mkk_pika - main.py:45 - INFO - 正在下载:[誘惑するセイアと生ハメ♥ (ブルーアーカイブ)]-[Leonat]-[['同人', '長篇']]-[total_pages:-1]
2025-12-22 23:28:40 - mkk_pika - main.py:49 - INFO - [{'_id': '694972800e28be4be495e606', 'title': '第1話', 'order': 1, 'updated_at': '2025-12-22T11:08:04.382Z', 'id': '694972800e28be4be495e606'}]
2025-12-22 23:28:40 - mkk_pika - database.py:215 - INFO - 第一次下载该漫画，记录数据库中
2025-12-22 23:28:41 - mkk_pika - main.py:83 - INFO - 找到 69 张图片在:第1話
2025-12-22 23:28:43 - mkk_pika - main.py:112 - INFO - [episode:第1話       ] downloaded:    69, total:  69, progress:100%
2025-12-22 23:28:43 - mkk_pika - database.py:237 - INFO - 数据库更新已下载章节
2025-12-22 23:28:43 - mkk_pika - database.py:243 - INFO - 该漫画已下载章节如下
2025-12-22 23:28:43 - mkk_pika - database.py:244 - INFO - ['第1話']
2025-12-22 23:28:45 - mkk_pika - main.py:267 - INFO - ==================== 漫画信息 ====================
                                漫画ID：68d534f7568fbd1dea963418
                                标题：誘惑するセイアと生ハメ♥ (ブルーアーカイブ)
                                作者：Leonat
                                是否完结：是
                                总页数：69
                                分类：同人,長篇
                                章节数：1
                                最后更新时间：2025-09-25T12:26:31.756Z
                                =================================================
2025-12-22 23:28:45 - mkk_pika - database.py:101 - INFO - 保存成功：誘惑するセイアと生ハメ♥ (ブルーアーカイブ)
2025-12-22 23:28:45 - mkk_pika - main.py:35 - INFO - 开始检查【纳西妲x希格雯】好色的摄影师（原神）[无修正]是否存在未下载章节
2025-12-22 23:28:45 - mkk_pika - main.py:45 - INFO - 正在下载:[【纳西妲x希格雯】好色的摄影师（原神）[无修正]]-[鹿铃]-[['全彩', '短篇', '同人', '百合花園']]-[total_pages:-1]
2025-12-22 23:28:45 - mkk_pika - main.py:49 - INFO - [{'_id': '6949723c68ff321b09ca05ca', 'title': '全彩', 'order': 1, 'updated_at': '2025-12-22T07:01:52.327Z', 'id': '6949723c68ff321b09ca05ca'}]
2025-12-22 23:28:45 - mkk_pika - database.py:215 - INFO - 第一次下载该漫画，记录数据库中
2025-12-22 23:28:45 - mkk_pika - main.py:83 - INFO - 找到 28 张图片在:全彩
2025-12-22 23:28:47 - mkk_pika - main.py:112 - INFO - [episode:全彩        ] downloaded:    28, total:  28, progress:100%
2025-12-22 23:28:47 - mkk_pika - database.py:237 - INFO - 数据库更新已下载章节
2025-12-22 23:28:47 - mkk_pika - database.py:243 - INFO - 该漫画已下载章节如下
2025-12-22 23:28:47 - mkk_pika - database.py:244 - INFO - ['全彩']
2025-12-22 23:28:48 - mkk_pika - main.py:267 - INFO - ==================== 漫画信息 ====================
                                漫画ID：6949723c68ff321b09ca05c9
                                标题：【纳西妲x希格雯】好色的摄影师（原神）[无修正]
                                作者：鹿铃
                                是否完结：是
                                总页数：28
                                分类：全彩,短篇,同人,百合花園
                                章节数：1
                                最后更新时间：2025-12-22T16:30:52.084Z
                                =================================================
2025-12-22 23:28:48 - mkk_pika - database.py:101 - INFO - 保存成功：【纳西妲x希格雯】好色的摄影师（原神）[无修正]
2025-12-22 23:28:48 - mkk_pika - main.py:35 - INFO - 开始检查医学生交谈会（原神,崩壞：星穹鐵道）[无修正]是否存在未下载章节
2025-12-22 23:28:49 - mkk_pika - main.py:45 - INFO - 正在下载:[医学生交谈会（原神,崩壞：星穹鐵道）[无修正]]-[鹿铃]-[['全彩', '短篇', '同人', '百合花園']]-[total_pages:-1]
2025-12-22 23:28:49 - mkk_pika - main.py:49 - INFO - [{'_id': '6949722568ff321b09ca058b', 'title': '全彩熟肉', 'order': 1, 'updated_at': '2025-12-22T06:37:49.909Z', 'id': '6949722568ff321b09ca058b'}]
2025-12-22 23:28:49 - mkk_pika - database.py:215 - INFO - 第一次下载该漫画，记录数据库中
2025-12-22 23:28:49 - mkk_pika - main.py:83 - INFO - 找到 23 张图片在:全彩熟肉
2025-12-22 23:28:51 - mkk_pika - main.py:112 - INFO - [episode:全彩熟肉      ] downloaded:    23, total:  23, progress:100%
2025-12-22 23:28:51 - mkk_pika - database.py:237 - INFO - 数据库更新已下载章节
2025-12-22 23:28:51 - mkk_pika - database.py:243 - INFO - 该漫画已下载章节如下
2025-12-22 23:28:51 - mkk_pika - database.py:244 - INFO - ['全彩熟肉']
2025-12-22 23:28:52 - mkk_pika - main.py:267 - INFO - ==================== 漫画信息 ====================
                                漫画ID：6949722568ff321b09ca058a
                                标题：医学生交谈会（原神,崩壞：星穹鐵道）[无修正]
                                作者：鹿铃
                                是否完结：是
                                总页数：23
                                分类：全彩,短篇,同人,百合花園
                                章节数：1
                                最后更新时间：2025-12-22T16:30:29.158Z
                                =================================================
2025-12-22 23:28:52 - mkk_pika - database.py:101 - INFO - 保存成功：医学生交谈会（原神,崩壞：星穹鐵道）[无修正]
2025-12-22 23:28:52 - mkk_pika - main.py:298 - INFO - 订阅内容内容下载完毕
2025-12-22 23:28:52 - mkk_pika - database.py:173 - INFO - 数据库连接已关闭
