2026-03-10 23:37:32 - mkk_pika - main.py:193 - INFO - =======================================================================
2026-03-10 23:37:32 - mkk_pika - database.py:61 - INFO - 表和索引初始化成功
2026-03-10 23:37:32 - mkk_pika - main.py:197 - INFO - 已经累计下载3529本漫画
2026-03-10 23:37:33 - mkk_pika - api.py:87 - INFO - 登录成功
2026-03-10 23:37:33 - mkk_pika - main.py:203 - INFO - 收藏夹共计0本漫画
2026-03-10 23:37:33 - mkk_pika - main.py:206 - INFO - 开始下载收藏夹内未下载内容
2026-03-10 23:37:33 - mkk_pika - main.py:266 - INFO - 收藏夹内容下载完毕
2026-03-10 23:37:33 - mkk_pika - main.py:268 - INFO - 开始下载订阅内容
2026-03-10 23:37:33 - mkk_pika - database.py:258 - INFO - 根据ID查询到标题：萝莉 -> できたらはさんであげます!る
2026-03-10 23:37:34 - mkk_pika - database.py:101 - INFO - 保存成功：できたらはさんであげます!る
2026-03-10 23:37:34 - mkk_pika - main.py:273 - INFO - 关键词萝莉找到1本漫画
2026-03-10 23:37:34 - mkk_pika - database.py:258 - INFO - 根据ID查询到标题：蘿莉 -> キヴォトス性活日誌 | 基沃托斯色色日记
2026-03-10 23:37:34 - mkk_pika - database.py:101 - INFO - 保存成功：催眠にかかった兄は妹のオナ棒になりました (COMIC LO 2026年4月号)
2026-03-10 23:37:34 - mkk_pika - main.py:273 - INFO - 关键词蘿莉找到5本漫画
2026-03-10 23:37:34 - mkk_pika - main.py:275 - INFO - 订阅内容共计6本漫画
2026-03-10 23:37:34 - mkk_pika - main.py:35 - INFO - 开始检查双子堕とし～アナタをマゾにしてあげる～是否存在未下载章节
2026-03-10 23:37:35 - mkk_pika - database.py:203 - INFO - 查询数据库中是否已存在第1話
2026-03-10 23:37:35 - mkk_pika - main.py:51 - INFO - 双子堕とし～アナタをマゾにしてあげる～中没有可下载章节
2026-03-10 23:37:35 - mkk_pika - main.py:292 - INFO - ==================== 漫画信息 ====================
                                漫画ID：69af026ea818ea79e53dd35f
                                标题：双子堕とし～アナタをマゾにしてあげる～
                                作者：サケイチバ (左門しう)
                                是否完结：是
                                总页数：57
                                分类：短篇,同人,SM
                                章节数：1
                                最后更新时间：2026-03-09T17:25:02.388Z
                                =================================================
2026-03-10 23:37:35 - mkk_pika - database.py:101 - INFO - 保存成功：双子堕とし～アナタをマゾにしてあげる～
2026-03-10 23:37:35 - mkk_pika - main.py:35 - INFO - 开始检查催眠にかかった兄は妹のオナ棒になりました (COMIC LO 2026年4月号)是否存在未下载章节
2026-03-10 23:37:35 - mkk_pika - main.py:45 - INFO - 正在下载:[催眠にかかった兄は妹のオナ棒になりました (COMIC LO 2026年4月号)]-[あるま]-[['短篇', '妹妹系']]-[total_pages:-1]
2026-03-10 23:37:35 - mkk_pika - main.py:49 - INFO - [{'_id': '69b052cae4d8bc32bffd852c', 'title': '第1話', 'order': 1, 'updated_at': '2026-03-10T07:48:24.627Z', 'id': '69b052cae4d8bc32bffd852c'}]
2026-03-10 23:37:35 - mkk_pika - database.py:215 - INFO - 第一次下载该漫画，记录数据库中
2026-03-10 23:37:36 - mkk_pika - main.py:83 - INFO - 找到 24 张图片在:第1話
2026-03-10 23:37:36 - mkk_pika - main.py:112 - INFO - [episode:第1話       ] downloaded:    24, total:  24, progress:100%
2026-03-10 23:37:36 - mkk_pika - database.py:238 - INFO - 数据库更新已下载章节
2026-03-10 23:37:36 - mkk_pika - database.py:244 - INFO - 该漫画已下载章节如下
2026-03-10 23:37:36 - mkk_pika - database.py:245 - INFO - ['第1話']
2026-03-10 23:37:38 - mkk_pika - main.py:292 - INFO - ==================== 漫画信息 ====================
                                漫画ID：69b052cae4d8bc32bffd852b
                                标题：催眠にかかった兄は妹のオナ棒になりました (COMIC LO 2026年4月号)
                                作者：あるま
                                是否完结：是
                                总页数：24
                                分类：短篇,妹妹系
                                章节数：1
                                最后更新时间：2026-03-10T17:20:10.179Z
                                =================================================
2026-03-10 23:37:38 - mkk_pika - database.py:101 - INFO - 保存成功：催眠にかかった兄は妹のオナ棒になりました (COMIC LO 2026年4月号)
2026-03-10 23:37:38 - mkk_pika - main.py:35 - INFO - 开始检查苦しいのが好きなマイアちゃん [无修正]是否存在未下载章节
2026-03-10 23:37:38 - mkk_pika - database.py:203 - INFO - 查询数据库中是否已存在第1話
2026-03-10 23:37:38 - mkk_pika - main.py:51 - INFO - 苦しいのが好きなマイアちゃん [无修正]中没有可下载章节
2026-03-10 23:37:38 - mkk_pika - main.py:292 - INFO - ==================== 漫画信息 ====================
                                漫画ID：69a7138385d3634a6b8ac772
                                标题：苦しいのが好きなマイアちゃん [无修正]
                                作者：ねこてゐ
                                是否完结：是
                                总页数：20
                                分类：短篇,同人
                                章节数：1
                                最后更新时间：2026-03-03T16:59:47.634Z
                                =================================================
2026-03-10 23:37:38 - mkk_pika - database.py:101 - INFO - 保存成功：苦しいのが好きなマイアちゃん [无修正]
2026-03-10 23:37:38 - mkk_pika - main.py:35 - INFO - 开始检查きりたんとえっちしたい!是否存在未下载章节
2026-03-10 23:37:39 - mkk_pika - main.py:45 - INFO - 正在下载:[きりたんとえっちしたい!]-[マッシュたけ]-[['短篇', '同人']]-[total_pages:-1]
2026-03-10 23:37:39 - mkk_pika - main.py:49 - INFO - [{'_id': '65f7f9d0a169a039db4f4722', 'title': '生肉', 'order': 1, 'updated_at': '2026-03-10T17:16:34.934Z', 'id': '65f7f9d0a169a039db4f4722'}, {'_id': '69b051f2e4d8bc32bffd8375', 'title': '熟肉', 'order': 2, 'updated_at': '2026-03-09T14:17:30.353Z', 'id': '69b051f2e4d8bc32bffd8375'}]
2026-03-10 23:37:39 - mkk_pika - database.py:215 - INFO - 第一次下载该漫画，记录数据库中
2026-03-10 23:37:39 - mkk_pika - main.py:83 - INFO - 找到 20 张图片在:生肉
2026-03-10 23:37:40 - mkk_pika - main.py:112 - INFO - [episode:生肉        ] downloaded:    20, total:  20, progress:100%
2026-03-10 23:37:40 - mkk_pika - database.py:238 - INFO - 数据库更新已下载章节
2026-03-10 23:37:40 - mkk_pika - database.py:244 - INFO - 该漫画已下载章节如下
2026-03-10 23:37:40 - mkk_pika - database.py:245 - INFO - ['生肉']
2026-03-10 23:37:42 - mkk_pika - main.py:83 - INFO - 找到 18 张图片在:熟肉
2026-03-10 23:37:43 - mkk_pika - main.py:112 - INFO - [episode:熟肉        ] downloaded:    18, total:  18, progress:100%
2026-03-10 23:37:43 - mkk_pika - database.py:238 - INFO - 数据库更新已下载章节
2026-03-10 23:37:43 - mkk_pika - database.py:244 - INFO - 该漫画已下载章节如下
2026-03-10 23:37:43 - mkk_pika - database.py:245 - INFO - ['生肉', '熟肉']
2026-03-10 23:37:45 - mkk_pika - main.py:292 - INFO - ==================== 漫画信息 ====================
                                漫画ID：65f7f9d0a169a039db4f4721
                                标题：きりたんとえっちしたい!
                                作者：マッシュたけ
                                是否完结：否
                                总页数：38
                                分类：短篇,同人
                                章节数：2
                                最后更新时间：2026-03-10T17:16:34.925Z
                                =================================================
2026-03-10 23:37:45 - mkk_pika - database.py:101 - INFO - 保存成功：きりたんとえっちしたい!
2026-03-10 23:37:45 - mkk_pika - main.py:35 - INFO - 开始检查そこのお兄ちゃんサポありであたしと遊ばない? | 那邊那位小哥哥可以求援要不要跟我一起玩?是否存在未下载章节
2026-03-10 23:37:45 - mkk_pika - main.py:45 - INFO - 正在下载:[そこのお兄ちゃんサポありであたしと遊ばない? | 那邊那位小哥哥可以求援要不要跟我一起玩?]-[ぴるぽろー (廃狼)]-[['短篇', '妹妹系']]-[total_pages:-1]
2026-03-10 23:37:45 - mkk_pika - main.py:49 - INFO - [{'_id': '69b051e9e4d8bc32bffd8369', 'title': '第1話', 'order': 1, 'updated_at': '2026-03-09T14:11:18.517Z', 'id': '69b051e9e4d8bc32bffd8369'}]
2026-03-10 23:37:45 - mkk_pika - database.py:215 - INFO - 第一次下载该漫画，记录数据库中
2026-03-10 23:37:45 - mkk_pika - main.py:83 - INFO - 找到 8 张图片在:第1話
2026-03-10 23:37:46 - mkk_pika - main.py:112 - INFO - [episode:第1話       ] downloaded:     8, total:   8, progress:100%
2026-03-10 23:37:46 - mkk_pika - database.py:238 - INFO - 数据库更新已下载章节
2026-03-10 23:37:46 - mkk_pika - database.py:244 - INFO - 该漫画已下载章节如下
2026-03-10 23:37:46 - mkk_pika - database.py:245 - INFO - ['第1話']
2026-03-10 23:37:47 - mkk_pika - main.py:292 - INFO - ==================== 漫画信息 ====================
                                漫画ID：69b051e9e4d8bc32bffd8368
                                标题：そこのお兄ちゃんサポありであたしと遊ばない? | 那邊那位小哥哥可以求援要不要跟我一起玩?
                                作者：ぴるぽろー (廃狼)
                                是否完结：否
                                总页数：8
                                分类：短篇,妹妹系
                                章节数：1
                                最后更新时间：2026-03-10T17:16:25.761Z
                                =================================================
2026-03-10 23:37:47 - mkk_pika - database.py:101 - INFO - 保存成功：そこのお兄ちゃんサポありであたしと遊ばない? | 那邊那位小哥哥可以求援要不要跟我一起玩?
2026-03-10 23:37:47 - mkk_pika - main.py:35 - INFO - 开始检查嫉妬ホルスといちゃいちゃお家えっち♥ | 和吃醋的荷鲁斯在家里卿卿我我♥是否存在未下载章节
2026-03-10 23:37:47 - mkk_pika - main.py:45 - INFO - 正在下载:[嫉妬ホルスといちゃいちゃお家えっち♥ | 和吃醋的荷鲁斯在家里卿卿我我♥]-[やみめ□]-[['全彩', '短篇', '同人']]-[total_pages:-1]
2026-03-10 23:37:47 - mkk_pika - main.py:49 - INFO - [{'_id': '69b0517efa8177322ab9a1f8', 'title': '第1話', 'order': 1, 'updated_at': '2026-03-09T12:50:35.916Z', 'id': '69b0517efa8177322ab9a1f8'}]
2026-03-10 23:37:47 - mkk_pika - database.py:215 - INFO - 第一次下载该漫画，记录数据库中
2026-03-10 23:37:48 - mkk_pika - main.py:83 - INFO - 找到 7 张图片在:第1話
2026-03-10 23:37:49 - mkk_pika - main.py:112 - INFO - [episode:第1話       ] downloaded:     7, total:   7, progress:100%
2026-03-10 23:37:49 - mkk_pika - database.py:238 - INFO - 数据库更新已下载章节
2026-03-10 23:37:49 - mkk_pika - database.py:244 - INFO - 该漫画已下载章节如下
2026-03-10 23:37:49 - mkk_pika - database.py:245 - INFO - ['第1話']
2026-03-10 23:37:50 - mkk_pika - main.py:292 - INFO - ==================== 漫画信息 ====================
                                漫画ID：69b0517efa8177322ab9a1f7
                                标题：嫉妬ホルスといちゃいちゃお家えっち♥ | 和吃醋的荷鲁斯在家里卿卿我我♥
                                作者：やみめ□
                                是否完结：否
                                总页数：7
                                分类：全彩,短篇,同人
                                章节数：1
                                最后更新时间：2026-03-10T17:14:38.383Z
                                =================================================
2026-03-10 23:37:50 - mkk_pika - database.py:101 - INFO - 保存成功：嫉妬ホルスといちゃいちゃお家えっち♥ | 和吃醋的荷鲁斯在家里卿卿我我♥
2026-03-10 23:37:50 - mkk_pika - main.py:323 - INFO - 订阅内容内容下载完毕
2026-03-10 23:37:50 - mkk_pika - main.py:324 - INFO - 开始分批下载全部章节
2026-03-10 23:37:50 - mkk_pika - database.py:280 - INFO - 表和索引初始化成功
2026-03-10 23:37:50 - mkk_pika - main.py:177 - INFO - 已经下载了189页，一共6783页，现在开始添加第190页
2026-03-10 23:37:51 - mkk_pika - database.py:318 - INFO - 保存成功
2026-03-10 23:37:51 - mkk_pika - main.py:177 - INFO - 已经下载了190页，一共6783页，现在开始添加第191页
2026-03-10 23:37:52 - mkk_pika - database.py:318 - INFO - 保存成功
2026-03-10 23:37:52 - mkk_pika - main.py:177 - INFO - 已经下载了191页，一共6783页，现在开始添加第192页
2026-03-10 23:37:52 - mkk_pika - database.py:318 - INFO - 保存成功
2026-03-10 23:37:53 - mkk_pika - main.py:177 - INFO - 已经下载了192页，一共6783页，现在开始添加第193页
2026-03-10 23:37:53 - mkk_pika - database.py:318 - INFO - 保存成功
2026-03-10 23:37:53 - mkk_pika - main.py:331 - INFO - 分批下载共计44本漫画
2026-03-10 23:37:53 - mkk_pika - main.py:35 - INFO - 开始检查(C74) [Archetype (あかざ)] ウォーアイニーソ4 (コードギアス 反逆のルルーシュ) [渣渣漢化組]是否存在未下载章节
2026-03-10 23:37:53 - mkk_pika - main.py:45 - INFO - 正在下载:[(C74) [Archetype (あかざ)] ウォーアイニーソ4 (コードギアス 反逆のルルーシュ) [渣渣漢化組]]-[Archetype (あかざ)]-[['同人', '短篇', '足の恋']]-[total_pages:27]
2026-03-10 23:37:53 - mkk_pika - main.py:49 - INFO - [{'_id': '58219c215f6b9a4f93eb8f7d', 'title': '第1集', 'order': 1, 'updated_at': '2016-11-08T09:34:25.905Z', 'id': '58219c215f6b9a4f93eb8f7d'}]
2026-03-10 23:37:53 - mkk_pika - database.py:215 - INFO - 第一次下载该漫画，记录数据库中
2026-03-10 23:37:54 - mkk_pika - main.py:83 - INFO - 找到 27 张图片在:第1集
2026-03-10 23:37:55 - mkk_pika - main.py:112 - INFO - [episode:第1集       ] downloaded:    27, total:  27, progress:100%
2026-03-10 23:37:55 - mkk_pika - database.py:238 - INFO - 数据库更新已下载章节
2026-03-10 23:37:55 - mkk_pika - database.py:244 - INFO - 该漫画已下载章节如下
2026-03-10 23:37:55 - mkk_pika - database.py:245 - INFO - ['第1集']
2026-03-10 23:37:56 - mkk_pika - main.py:348 - INFO - ==================== 漫画信息 ====================
                                   漫画ID：58219c215f6b9a4f93eb8f7b
                                   标题：(C74) [Archetype (あかざ)] ウォーアイニーソ4 (コードギアス 反逆のルルーシュ) [渣渣漢化組]
                                   作者：Archetype (あかざ)
                                   是否完结：是
                                   总页数：27
                                   分类：同人,短篇,足の恋
                                   章节数：1
                                   最后更新时间：2011-08-31T06:47:09.000Z
                                   =================================================
2026-03-10 23:37:56 - mkk_pika - database.py:101 - INFO - 保存成功：(C74) [Archetype (あかざ)] ウォーアイニーソ4 (コードギアス 反逆のルルーシュ) [渣渣漢化組]
2026-03-10 23:37:56 - mkk_pika - main.py:35 - INFO - 开始检查(C76) [Archetype (あかざ)] ウォーアイニーソ5+P (けいおん!) [漫の漢化組]是否存在未下载章节
2026-03-10 23:37:56 - mkk_pika - main.py:45 - INFO - 正在下载:[(C76) [Archetype (あかざ)] ウォーアイニーソ5+P (けいおん!) [漫の漢化組]]-[Archetype (あかざ)]-[['同人', '短篇', '足の恋']]-[total_pages:29]
2026-03-10 23:37:56 - mkk_pika - main.py:49 - INFO - [{'_id': '58219c225f6b9a4f93eb8fb7', 'title': '第1集', 'order': 1, 'updated_at': '2016-11-08T09:34:26.357Z', 'id': '58219c225f6b9a4f93eb8fb7'}]
2026-03-10 23:37:56 - mkk_pika - database.py:215 - INFO - 第一次下载该漫画，记录数据库中
2026-03-10 23:37:57 - mkk_pika - main.py:83 - INFO - 找到 29 张图片在:第1集
2026-03-10 23:37:57 - mkk_pika - main.py:112 - INFO - [episode:第1集       ] downloaded:    29, total:  29, progress:100%
2026-03-10 23:37:57 - mkk_pika - database.py:238 - INFO - 数据库更新已下载章节
2026-03-10 23:37:57 - mkk_pika - database.py:244 - INFO - 该漫画已下载章节如下
2026-03-10 23:37:57 - mkk_pika - database.py:245 - INFO - ['第1集']
2026-03-10 23:37:59 - mkk_pika - main.py:348 - INFO - ==================== 漫画信息 ====================
                                   漫画ID：58219c225f6b9a4f93eb8fb5
                                   标题：(C76) [Archetype (あかざ)] ウォーアイニーソ5+P (けいおん!) [漫の漢化組]
                                   作者：Archetype (あかざ)
                                   是否完结：是
                                   总页数：29
                                   分类：同人,短篇,足の恋
                                   章节数：1
                                   最后更新时间：2011-08-31T16:47:09.000Z
                                   =================================================
2026-03-10 23:37:59 - mkk_pika - database.py:101 - INFO - 保存成功：(C76) [Archetype (あかざ)] ウォーアイニーソ5+P (けいおん!) [漫の漢化組]
2026-03-10 23:37:59 - mkk_pika - main.py:35 - INFO - 开始检查(C78) [Archetype (あかざ)] Angel Kneeso! (Angel Beats!) [楓色系漢化]是否存在未下载章节
2026-03-10 23:37:59 - mkk_pika - main.py:45 - INFO - 正在下载:[(C78) [Archetype (あかざ)] Angel Kneeso! (Angel Beats!) [楓色系漢化]]-[Archetype (あかざ)]-[['同人', '短篇', '足の恋']]-[total_pages:30]
2026-03-10 23:37:59 - mkk_pika - main.py:49 - INFO - [{'_id': '58219c235f6b9a4f93eb8ff5', 'title': '第1集', 'order': 1, 'updated_at': '2016-11-08T09:34:27.173Z', 'id': '58219c235f6b9a4f93eb8ff5'}]
2026-03-10 23:37:59 - mkk_pika - database.py:215 - INFO - 第一次下载该漫画，记录数据库中
2026-03-10 23:38:00 - mkk_pika - main.py:83 - INFO - 找到 30 张图片在:第1集
2026-03-10 23:38:00 - mkk_pika - main.py:112 - INFO - [episode:第1集       ] downloaded:    30, total:  30, progress:100%
2026-03-10 23:38:00 - mkk_pika - database.py:238 - INFO - 数据库更新已下载章节
2026-03-10 23:38:00 - mkk_pika - database.py:244 - INFO - 该漫画已下载章节如下
2026-03-10 23:38:00 - mkk_pika - database.py:245 - INFO - ['第1集']
2026-03-10 23:38:02 - mkk_pika - main.py:348 - INFO - ==================== 漫画信息 ====================
                                   漫画ID：58219c225f6b9a4f93eb8ff3
                                   标题：(C78) [Archetype (あかざ)] Angel Kneeso! (Angel Beats!) [楓色系漢化]
                                   作者：Archetype (あかざ)
                                   是否完结：是
                                   总页数：30
                                   分类：同人,短篇,足の恋
                                   章节数：1
                                   最后更新时间：2011-09-01T02:47:09.000Z
                                   =================================================
2026-03-10 23:38:02 - mkk_pika - database.py:101 - INFO - 保存成功：(C78) [Archetype (あかざ)] Angel Kneeso! (Angel Beats!) [楓色系漢化]
2026-03-10 23:38:02 - mkk_pika - main.py:35 - INFO - 开始检查(C80) [Archetype (あかざ)] KneeShocks!! (オリジナル) [空気系漢化]是否存在未下载章节
2026-03-10 23:38:02 - mkk_pika - main.py:45 - INFO - 正在下载:[(C80) [Archetype (あかざ)] KneeShocks!! (オリジナル) [空気系漢化]]-[Archetype (あかざ)]-[['同人', '短篇', '足の恋']]-[total_pages:28]
2026-03-10 23:38:02 - mkk_pika - main.py:49 - INFO - [{'_id': '58219c235f6b9a4f93eb9035', 'title': '第1集', 'order': 1, 'updated_at': '2016-11-08T09:34:27.639Z', 'id': '58219c235f6b9a4f93eb9035'}]
2026-03-10 23:38:02 - mkk_pika - database.py:215 - INFO - 第一次下载该漫画，记录数据库中
2026-03-10 23:38:02 - mkk_pika - main.py:83 - INFO - 找到 28 张图片在:第1集
2026-03-10 23:38:03 - mkk_pika - main.py:112 - INFO - [episode:第1集       ] downloaded:    28, total:  28, progress:100%
2026-03-10 23:38:03 - mkk_pika - database.py:238 - INFO - 数据库更新已下载章节
2026-03-10 23:38:03 - mkk_pika - database.py:244 - INFO - 该漫画已下载章节如下
2026-03-10 23:38:03 - mkk_pika - database.py:245 - INFO - ['第1集']
2026-03-10 23:38:04 - mkk_pika - main.py:348 - INFO - ==================== 漫画信息 ====================
                                   漫画ID：58219c235f6b9a4f93eb9033
                                   标题：(C80) [Archetype (あかざ)] KneeShocks!! (オリジナル) [空気系漢化]
                                   作者：Archetype (あかざ)
                                   是否完结：是
                                   总页数：28
                                   分类：同人,短篇,足の恋
                                   章节数：1
                                   最后更新时间：2011-09-01T12:47:09.000Z
                                   =================================================
2026-03-10 23:38:04 - mkk_pika - database.py:101 - INFO - 保存成功：(C80) [Archetype (あかざ)] KneeShocks!! (オリジナル) [空気系漢化]
2026-03-10 23:38:04 - mkk_pika - main.py:35 - INFO - 开始检查(C84) [Archetype (あかざ)] はたらいた後のニーソさまー!～Foot Job & Good Smell !～[空気系☆漢化]是否存在未下载章节
2026-03-10 23:38:05 - mkk_pika - main.py:45 - INFO - 正在下载:[(C84) [Archetype (あかざ)] はたらいた後のニーソさまー!～Foot Job & Good Smell !～[空気系☆漢化]]-[Archetype (あかざ)]-[['同人', '短篇', '足の恋']]-[total_pages:27]
2026-03-10 23:38:05 - mkk_pika - main.py:49 - INFO - [{'_id': '58219c245f6b9a4f93eb9071', 'title': '第1集', 'order': 1, 'updated_at': '2016-11-08T09:34:28.108Z', 'id': '58219c245f6b9a4f93eb9071'}]
2026-03-10 23:38:05 - mkk_pika - database.py:215 - INFO - 第一次下载该漫画，记录数据库中
2026-03-10 23:38:05 - mkk_pika - main.py:83 - INFO - 找到 27 张图片在:第1集
2026-03-10 23:38:06 - mkk_pika - main.py:112 - INFO - [episode:第1集       ] downloaded:    27, total:  27, progress:100%
2026-03-10 23:38:06 - mkk_pika - database.py:238 - INFO - 数据库更新已下载章节
2026-03-10 23:38:06 - mkk_pika - database.py:244 - INFO - 该漫画已下载章节如下
2026-03-10 23:38:06 - mkk_pika - database.py:245 - INFO - ['第1集']
2026-03-10 23:38:07 - mkk_pika - main.py:348 - INFO - ==================== 漫画信息 ====================
                                   漫画ID：58219c235f6b9a4f93eb906f
                                   标题：(C84) [Archetype (あかざ)] はたらいた後のニーソさまー!～Foot Job & Good Smell !～[空気系☆漢化]
                                   作者：Archetype (あかざ)
                                   是否完结：是
                                   总页数：27
                                   分类：同人,短篇,足の恋
                                   章节数：1
                                   最后更新时间：2011-09-01T22:47:09.000Z
                                   =================================================
2026-03-10 23:38:07 - mkk_pika - database.py:101 - INFO - 保存成功：(C84) [Archetype (あかざ)] はたらいた後のニーソさまー!～Foot Job & Good Smell !～[空気系☆漢化]
2026-03-10 23:38:07 - mkk_pika - main.py:35 - INFO - 开始检查(C86) [Archetype (あかざ)] ヲ級ちゃんカ·ツ·コ·カ·リ(艦隊これくしょん-艦これ-)【CE家族社】是否存在未下载章节
2026-03-10 23:38:07 - mkk_pika - main.py:45 - INFO - 正在下载:[(C86) [Archetype (あかざ)] ヲ級ちゃんカ·ツ·コ·カ·リ(艦隊これくしょん-艦これ-)【CE家族社】]-[Archetype (あかざ)]-[['同人', '短篇', '艦隊收藏', '純愛', '足の恋']]-[total_pages:28]
2026-03-10 23:38:07 - mkk_pika - main.py:49 - INFO - [{'_id': '58219c245f6b9a4f93eb90ab', 'title': '第1集', 'order': 1, 'updated_at': '2016-11-08T09:34:28.548Z', 'id': '58219c245f6b9a4f93eb90ab'}]
2026-03-10 23:38:07 - mkk_pika - database.py:215 - INFO - 第一次下载该漫画，记录数据库中
2026-03-10 23:38:08 - mkk_pika - main.py:83 - INFO - 找到 28 张图片在:第1集
2026-03-10 23:38:08 - mkk_pika - main.py:112 - INFO - [episode:第1集       ] downloaded:    28, total:  28, progress:100%
2026-03-10 23:38:08 - mkk_pika - database.py:238 - INFO - 数据库更新已下载章节
2026-03-10 23:38:08 - mkk_pika - database.py:244 - INFO - 该漫画已下载章节如下
2026-03-10 23:38:08 - mkk_pika - database.py:245 - INFO - ['第1集']
2026-03-10 23:38:10 - mkk_pika - main.py:348 - INFO - ==================== 漫画信息 ====================
                                   漫画ID：58219c245f6b9a4f93eb90a9
                                   标题：(C86) [Archetype (あかざ)] ヲ級ちゃんカ·ツ·コ·カ·リ(艦隊これくしょん-艦これ-)【CE家族社】
                                   作者：Archetype (あかざ)
                                   是否完结：是
                                   总页数：28
                                   分类：同人,短篇,艦隊收藏,純愛,足の恋
                                   章节数：1
                                   最后更新时间：2011-09-02T08:47:09.000Z
                                   =================================================
2026-03-10 23:38:10 - mkk_pika - database.py:101 - INFO - 保存成功：(C86) [Archetype (あかざ)] ヲ級ちゃんカ·ツ·コ·カ·リ(艦隊これくしょん-艦これ-)【CE家族社】
2026-03-10 23:38:10 - mkk_pika - main.py:35 - INFO - 开始检查 [よろず] しりまに是否存在未下载章节
2026-03-10 23:38:10 - mkk_pika - main.py:45 - INFO - 正在下载:[ [よろず] しりまに]-[よろず]-[['全彩']]-[total_pages:94]
2026-03-10 23:38:10 - mkk_pika - main.py:49 - INFO - [{'_id': '58219c255f6b9a4f93eb90e7', 'title': '第1集', 'order': 1, 'updated_at': '2016-11-08T09:34:29.278Z', 'id': '58219c255f6b9a4f93eb90e7'}]
2026-03-10 23:38:10 - mkk_pika - database.py:215 - INFO - 第一次下载该漫画，记录数据库中
2026-03-10 23:38:12 - mkk_pika - main.py:83 - INFO - 找到 94 张图片在:第1集
2026-03-10 23:38:14 - mkk_pika - main.py:112 - INFO - [episode:第1集       ] downloaded:    94, total:  94, progress:100%
2026-03-10 23:38:14 - mkk_pika - database.py:238 - INFO - 数据库更新已下载章节
2026-03-10 23:38:14 - mkk_pika - database.py:244 - INFO - 该漫画已下载章节如下
2026-03-10 23:38:14 - mkk_pika - database.py:245 - INFO - ['第1集']
2026-03-10 23:38:15 - mkk_pika - main.py:348 - INFO - ==================== 漫画信息 ====================
                                   漫画ID：58219c245f6b9a4f93eb90e5
                                   标题： [よろず] しりまに
                                   作者：よろず
                                   是否完结：是
                                   总页数：94
                                   分类：全彩
                                   章节数：1
                                   最后更新时间：2011-09-02T18:47:09.000Z
                                   =================================================
2026-03-10 23:38:15 - mkk_pika - database.py:101 - INFO - 保存成功： [よろず] しりまに
2026-03-10 23:38:15 - mkk_pika - main.py:35 - INFO - 开始检查[壊人卡個人漢化] (C88) [MoonPhase (ゆらん)] 西木野真姫の悪い夢 (ラブライブ!)是否存在未下载章节
2026-03-10 23:38:15 - mkk_pika - main.py:45 - INFO - 正在下载:[[壊人卡個人漢化] (C88) [MoonPhase (ゆらん)] 西木野真姫の悪い夢 (ラブライブ!)]-[MoonPhase (ゆらん)]-[['同人', '短篇', 'Love Live']]-[total_pages:29]
2026-03-10 23:38:15 - mkk_pika - main.py:49 - INFO - [{'_id': '58219c285f6b9a4f93eb94bb', 'title': '第1集', 'order': 1, 'updated_at': '2016-11-08T09:34:32.504Z', 'id': '58219c285f6b9a4f93eb94bb'}]
2026-03-10 23:38:15 - mkk_pika - database.py:215 - INFO - 第一次下载该漫画，记录数据库中
2026-03-10 23:38:16 - mkk_pika - main.py:83 - INFO - 找到 29 张图片在:第1集
2026-03-10 23:38:16 - mkk_pika - main.py:112 - INFO - [episode:第1集       ] downloaded:    29, total:  29, progress:100%
2026-03-10 23:38:16 - mkk_pika - database.py:238 - INFO - 数据库更新已下载章节
2026-03-10 23:38:16 - mkk_pika - database.py:244 - INFO - 该漫画已下载章节如下
2026-03-10 23:38:16 - mkk_pika - database.py:245 - INFO - ['第1集']
2026-03-10 23:38:18 - mkk_pika - main.py:348 - INFO - ==================== 漫画信息 ====================
                                   漫画ID：58219c275f6b9a4f93eb94b9
                                   标题：[壊人卡個人漢化] (C88) [MoonPhase (ゆらん)] 西木野真姫の悪い夢 (ラブライブ!)
                                   作者：MoonPhase (ゆらん)
                                   是否完结：是
                                   总页数：29
                                   分类：同人,短篇,Love Live
                                   章节数：1
                                   最后更新时间：2011-09-03T14:47:09.000Z
                                   =================================================
2026-03-10 23:38:18 - mkk_pika - database.py:101 - INFO - 保存成功：[壊人卡個人漢化] (C88) [MoonPhase (ゆらん)] 西木野真姫の悪い夢 (ラブライブ!)
2026-03-10 23:38:18 - mkk_pika - main.py:35 - INFO - 开始检查(C78)(全彩汉化) ヴィータさんと一緒 総集編プラス(魔法少女奈叶)是否存在未下载章节
2026-03-10 23:38:18 - mkk_pika - main.py:45 - INFO - 正在下载:[(C78)(全彩汉化) ヴィータさんと一緒 総集編プラス(魔法少女奈叶)]-[日向恭介]-[['同人', '短篇', '全彩']]-[total_pages:32]
2026-03-10 23:38:18 - mkk_pika - main.py:49 - INFO - [{'_id': '58219c2e5f6b9a4f93eb98b1', 'title': '第1集', 'order': 1, 'updated_at': '2016-11-08T09:34:38.373Z', 'id': '58219c2e5f6b9a4f93eb98b1'}]
2026-03-10 23:38:18 - mkk_pika - database.py:215 - INFO - 第一次下载该漫画，记录数据库中
2026-03-10 23:38:18 - mkk_pika - main.py:83 - INFO - 找到 32 张图片在:第1集
2026-03-10 23:38:19 - mkk_pika - main.py:112 - INFO - [episode:第1集       ] downloaded:    32, total:  32, progress:100%
2026-03-10 23:38:19 - mkk_pika - database.py:238 - INFO - 数据库更新已下载章节
2026-03-10 23:38:19 - mkk_pika - database.py:244 - INFO - 该漫画已下载章节如下
2026-03-10 23:38:19 - mkk_pika - database.py:245 - INFO - ['第1集']
2026-03-10 23:38:20 - mkk_pika - main.py:348 - INFO - ==================== 漫画信息 ====================
                                   漫画ID：58219c2d5f6b9a4f93eb98af
                                   标题：(C78)(全彩汉化) ヴィータさんと一緒 総集編プラス(魔法少女奈叶)
                                   作者：日向恭介
                                   是否完结：是
                                   总页数：32
                                   分类：同人,短篇,全彩
                                   章节数：1
                                   最后更新时间：2011-09-05T06:47:09.000Z
                                   =================================================
2026-03-10 23:38:20 - mkk_pika - database.py:101 - INFO - 保存成功：(C78)(全彩汉化) ヴィータさんと一緒 総集編プラス(魔法少女奈叶)
2026-03-10 23:38:20 - mkk_pika - main.py:35 - INFO - 开始检查[脸肿汉化组] (C88) [AliceCreation (るく)] かしこまサービスタイム (プリパラ)是否存在未下载章节
2026-03-10 23:38:21 - mkk_pika - main.py:45 - INFO - 正在下载:[[脸肿汉化组] (C88) [AliceCreation (るく)] かしこまサービスタイム (プリパラ)]-[AliceCreation (るく)]-[['同人', '短篇']]-[total_pages:30]
2026-03-10 23:38:21 - mkk_pika - main.py:49 - INFO - [{'_id': '58219c2f5f6b9a4f93eb9a77', 'title': '第1集', 'order': 1, 'updated_at': '2016-11-08T09:34:39.539Z', 'id': '58219c2f5f6b9a4f93eb9a77'}]
2026-03-10 23:38:21 - mkk_pika - database.py:215 - INFO - 第一次下载该漫画，记录数据库中
2026-03-10 23:38:21 - mkk_pika - main.py:83 - INFO - 找到 30 张图片在:第1集
2026-03-10 23:38:22 - mkk_pika - main.py:112 - INFO - [episode:第1集       ] downloaded:    30, total:  30, progress:100%
2026-03-10 23:38:22 - mkk_pika - database.py:238 - INFO - 数据库更新已下载章节
2026-03-10 23:38:22 - mkk_pika - database.py:244 - INFO - 该漫画已下载章节如下
2026-03-10 23:38:22 - mkk_pika - database.py:245 - INFO - ['第1集']
2026-03-10 23:38:23 - mkk_pika - main.py:348 - INFO - ==================== 漫画信息 ====================
                                   漫画ID：58219c2f5f6b9a4f93eb9a75
                                   标题：[脸肿汉化组] (C88) [AliceCreation (るく)] かしこまサービスタイム (プリパラ)
                                   作者：AliceCreation (るく)
                                   是否完结：是
                                   总页数：30
                                   分类：同人,短篇
                                   章节数：1
                                   最后更新时间：2011-09-06T02:47:09.000Z
                                   =================================================
2026-03-10 23:38:23 - mkk_pika - database.py:101 - INFO - 保存成功：[脸肿汉化组] (C88) [AliceCreation (るく)] かしこまサービスタイム (プリパラ)
2026-03-10 23:38:23 - mkk_pika - main.py:35 - INFO - 开始检查【無邪気漢化組】[タケ] 森ノ中 (コミックアンリアル 2015年6月号)是否存在未下载章节
2026-03-10 23:38:26 - mkk_pika - main.py:45 - INFO - 正在下载:[【無邪気漢化組】[タケ] 森ノ中 (コミックアンリアル 2015年6月号)]-[タケ]-[['短篇']]-[total_pages:20]
2026-03-10 23:38:26 - mkk_pika - main.py:49 - INFO - [{'_id': '58219c305f6b9a4f93eb9ab7', 'title': '第1集', 'order': 1, 'updated_at': '2016-11-08T09:34:40.012Z', 'id': '58219c305f6b9a4f93eb9ab7'}]
2026-03-10 23:38:26 - mkk_pika - database.py:215 - INFO - 第一次下载该漫画，记录数据库中
2026-03-10 23:38:27 - mkk_pika - main.py:83 - INFO - 找到 20 张图片在:第1集
2026-03-10 23:38:27 - mkk_pika - main.py:112 - INFO - [episode:第1集       ] downloaded:    20, total:  20, progress:100%
2026-03-10 23:38:27 - mkk_pika - database.py:238 - INFO - 数据库更新已下载章节
2026-03-10 23:38:27 - mkk_pika - database.py:244 - INFO - 该漫画已下载章节如下
2026-03-10 23:38:27 - mkk_pika - database.py:245 - INFO - ['第1集']
2026-03-10 23:38:29 - mkk_pika - main.py:348 - INFO - ==================== 漫画信息 ====================
                                   漫画ID：58219c2f5f6b9a4f93eb9ab5
                                   标题：【無邪気漢化組】[タケ] 森ノ中 (コミックアンリアル 2015年6月号)
                                   作者：タケ
                                   是否完结：是
                                   总页数：20
                                   分类：短篇
                                   章节数：1
                                   最后更新时间：2011-09-06T12:47:09.000Z
                                   =================================================
2026-03-10 23:38:29 - mkk_pika - database.py:101 - INFO - 保存成功：【無邪気漢化組】[タケ] 森ノ中 (コミックアンリアル 2015年6月号)
2026-03-10 23:38:29 - mkk_pika - main.py:35 - INFO - 开始检查[补丁布丁汉化组E][peachpulsar (みら)]コドモの理論(彩百合 Vol.5)是否存在未下载章节
2026-03-10 23:38:29 - mkk_pika - main.py:45 - INFO - 正在下载:[[补丁布丁汉化组E][peachpulsar (みら)]コドモの理論(彩百合 Vol.5)]-[peachpulsar (みら)]-[['短篇', '百合花園']]-[total_pages:18]
2026-03-10 23:38:29 - mkk_pika - main.py:49 - INFO - [{'_id': '58219c315f6b9a4f93eb9b49', 'title': '第1集', 'order': 1, 'updated_at': '2016-11-08T09:34:41.468Z', 'id': '58219c315f6b9a4f93eb9b49'}]
2026-03-10 23:38:29 - mkk_pika - database.py:215 - INFO - 第一次下载该漫画，记录数据库中
2026-03-10 23:38:29 - mkk_pika - main.py:83 - INFO - 找到 18 张图片在:第1集
2026-03-10 23:38:30 - mkk_pika - main.py:112 - INFO - [episode:第1集       ] downloaded:    18, total:  18, progress:100%
2026-03-10 23:38:30 - mkk_pika - database.py:238 - INFO - 数据库更新已下载章节
2026-03-10 23:38:30 - mkk_pika - database.py:244 - INFO - 该漫画已下载章节如下
2026-03-10 23:38:30 - mkk_pika - database.py:245 - INFO - ['第1集']
2026-03-10 23:38:31 - mkk_pika - main.py:348 - INFO - ==================== 漫画信息 ====================
                                   漫画ID：58219c315f6b9a4f93eb9b47
                                   标题：[补丁布丁汉化组E][peachpulsar (みら)]コドモの理論(彩百合 Vol.5)
                                   作者：peachpulsar (みら)
                                   是否完结：是
                                   总页数：18
                                   分类：短篇,百合花園
                                   章节数：1
                                   最后更新时间：2011-09-07T18:47:09.000Z
                                   =================================================
2026-03-10 23:38:31 - mkk_pika - database.py:101 - INFO - 保存成功：[补丁布丁汉化组E][peachpulsar (みら)]コドモの理論(彩百合 Vol.5)
2026-03-10 23:38:31 - mkk_pika - main.py:35 - INFO - 开始检查(C84)  Ikujinashi no Fetishist (Ikujinashi no Fetishist)  Okaerinasai Welco.zip是否存在未下载章节
2026-03-10 23:38:31 - mkk_pika - main.py:45 - INFO - 正在下载:[(C84)  Ikujinashi no Fetishist (Ikujinashi no Fetishist)  Okaerinasai Welco.zip]-[不明]-[['同人', '短篇']]-[total_pages:25]
2026-03-10 23:38:31 - mkk_pika - main.py:49 - INFO - [{'_id': '58219c315f6b9a4f93eb9b71', 'title': '第1集', 'order': 1, 'updated_at': '2016-11-08T09:34:41.863Z', 'id': '58219c315f6b9a4f93eb9b71'}]
2026-03-10 23:38:31 - mkk_pika - database.py:215 - INFO - 第一次下载该漫画，记录数据库中
2026-03-10 23:38:32 - mkk_pika - main.py:83 - INFO - 找到 25 张图片在:第1集
2026-03-10 23:38:32 - mkk_pika - main.py:112 - INFO - [episode:第1集       ] downloaded:    25, total:  25, progress:100%
2026-03-10 23:38:32 - mkk_pika - database.py:238 - INFO - 数据库更新已下载章节
2026-03-10 23:38:32 - mkk_pika - database.py:244 - INFO - 该漫画已下载章节如下
2026-03-10 23:38:32 - mkk_pika - database.py:245 - INFO - ['第1集']
2026-03-10 23:38:34 - mkk_pika - main.py:348 - INFO - ==================== 漫画信息 ====================
                                   漫画ID：58219c315f6b9a4f93eb9b6f
                                   标题：(C84)  Ikujinashi no Fetishist (Ikujinashi no Fetishist)  Okaerinasai Welco.zip
                                   作者：不明
                                   是否完结：是
                                   总页数：25
                                   分类：同人,短篇
                                   章节数：1
                                   最后更新时间：2011-09-08T04:47:09.000Z
                                   =================================================
2026-03-10 23:38:34 - mkk_pika - database.py:101 - INFO - 保存成功：(C84)  Ikujinashi no Fetishist (Ikujinashi no Fetishist)  Okaerinasai Welco.zip
2026-03-10 23:38:34 - mkk_pika - main.py:35 - INFO - 开始检查その唇で囁いて是否存在未下载章节
2026-03-10 23:38:34 - mkk_pika - main.py:45 - INFO - 正在下载:[その唇で囁いて]-[いとうえい]-[['同人', '長篇', '姐姐系', '純愛']]-[total_pages:241]
2026-03-10 23:38:34 - mkk_pika - main.py:49 - INFO - [{'_id': '58219c365f6b9a4f93eb9dff', 'title': '第1集', 'order': 1, 'updated_at': '2016-11-08T09:34:46.580Z', 'id': '58219c365f6b9a4f93eb9dff'}]
2026-03-10 23:38:34 - mkk_pika - database.py:215 - INFO - 第一次下载该漫画，记录数据库中
2026-03-10 23:38:36 - mkk_pika - main.py:83 - INFO - 找到 241 张图片在:第1集
2026-03-10 23:38:41 - mkk_pika - main.py:112 - INFO - [episode:第1集       ] downloaded:   241, total: 241, progress:100%
2026-03-10 23:38:41 - mkk_pika - database.py:238 - INFO - 数据库更新已下载章节
2026-03-10 23:38:42 - mkk_pika - database.py:244 - INFO - 该漫画已下载章节如下
2026-03-10 23:38:42 - mkk_pika - database.py:245 - INFO - ['第1集']
2026-03-10 23:38:43 - mkk_pika - main.py:348 - INFO - ==================== 漫画信息 ====================
                                   漫画ID：58219c365f6b9a4f93eb9dfd
                                   标题：その唇で囁いて
                                   作者：いとうえい
                                   是否完结：是
                                   总页数：241
                                   分类：同人,長篇,姐姐系,純愛
                                   章节数：1
                                   最后更新时间：2011-09-11T02:47:09.000Z
                                   =================================================
2026-03-10 23:38:43 - mkk_pika - database.py:101 - INFO - 保存成功：その唇で囁いて
2026-03-10 23:38:43 - mkk_pika - main.py:35 - INFO - 开始检查淫花白濁是否存在未下载章节
2026-03-10 23:38:43 - mkk_pika - main.py:45 - INFO - 正在下载:[淫花白濁]-[ジャンキー]-[['同人', '長篇', '姐姐系', '純愛']]-[total_pages:151]
2026-03-10 23:38:43 - mkk_pika - main.py:49 - INFO - [{'_id': '58219c385f6b9a4f93eb9fe5', 'title': '第1集', 'order': 1, 'updated_at': '2016-11-08T09:34:48.272Z', 'id': '58219c385f6b9a4f93eb9fe5'}]
2026-03-10 23:38:43 - mkk_pika - database.py:215 - INFO - 第一次下载该漫画，记录数据库中
2026-03-10 23:38:44 - mkk_pika - main.py:83 - INFO - 找到 151 张图片在:第1集
2026-03-10 23:38:48 - mkk_pika - main.py:112 - INFO - [episode:第1集       ] downloaded:   151, total: 151, progress:100%
2026-03-10 23:38:48 - mkk_pika - database.py:238 - INFO - 数据库更新已下载章节
2026-03-10 23:38:48 - mkk_pika - database.py:244 - INFO - 该漫画已下载章节如下
2026-03-10 23:38:48 - mkk_pika - database.py:245 - INFO - ['第1集']
2026-03-10 23:38:49 - mkk_pika - main.py:348 - INFO - ==================== 漫画信息 ====================
                                   漫画ID：58219c375f6b9a4f93eb9fe3
                                   标题：淫花白濁
                                   作者：ジャンキー
                                   是否完结：是
                                   总页数：151
                                   分类：同人,長篇,姐姐系,純愛
                                   章节数：1
                                   最后更新时间：2011-09-11T12:47:09.000Z
                                   =================================================
2026-03-10 23:38:49 - mkk_pika - database.py:101 - INFO - 保存成功：淫花白濁
2026-03-10 23:38:49 - mkk_pika - main.py:35 - INFO - 开始检查 禁忌淫慾是否存在未下载章节
2026-03-10 23:38:49 - mkk_pika - main.py:45 - INFO - 正在下载:[ 禁忌淫慾]-[竹内冷於奈]-[['同人']]-[total_pages:83]
2026-03-10 23:38:49 - mkk_pika - main.py:49 - INFO - [{'_id': '58219c395f6b9a4f93eba117', 'title': '第1集', 'order': 1, 'updated_at': '2016-11-08T09:34:49.608Z', 'id': '58219c395f6b9a4f93eba117'}]
2026-03-10 23:38:49 - mkk_pika - database.py:215 - INFO - 第一次下载该漫画，记录数据库中
2026-03-10 23:38:50 - mkk_pika - main.py:83 - INFO - 找到 83 张图片在:第1集
2026-03-10 23:38:52 - mkk_pika - main.py:112 - INFO - [episode:第1集       ] downloaded:    83, total:  83, progress:100%
2026-03-10 23:38:52 - mkk_pika - database.py:238 - INFO - 数据库更新已下载章节
2026-03-10 23:38:52 - mkk_pika - database.py:244 - INFO - 该漫画已下载章节如下
2026-03-10 23:38:52 - mkk_pika - database.py:245 - INFO - ['第1集']
2026-03-10 23:38:54 - mkk_pika - main.py:348 - INFO - ==================== 漫画信息 ====================
                                   漫画ID：58219c395f6b9a4f93eba115
                                   标题： 禁忌淫慾
                                   作者：竹内冷於奈
                                   是否完结：是
                                   总页数：83
                                   分类：同人
                                   章节数：1
                                   最后更新时间：2011-09-11T22:47:09.000Z
                                   =================================================
2026-03-10 23:38:54 - mkk_pika - database.py:101 - INFO - 保存成功： 禁忌淫慾
2026-03-10 23:38:54 - mkk_pika - main.py:35 - INFO - 开始检查人妻アラカルト 是否存在未下载章节
2026-03-10 23:38:54 - mkk_pika - main.py:45 - INFO - 正在下载:[人妻アラカルト ]-[尾山泰永]-[['同人', '人妻', '長篇']]-[total_pages:201]
2026-03-10 23:38:54 - mkk_pika - main.py:49 - INFO - [{'_id': '58219c3a5f6b9a4f93eba1c1', 'title': '第1集', 'order': 1, 'updated_at': '2016-11-08T09:34:50.666Z', 'id': '58219c3a5f6b9a4f93eba1c1'}]
2026-03-10 23:38:54 - mkk_pika - database.py:215 - INFO - 第一次下载该漫画，记录数据库中
2026-03-10 23:38:56 - mkk_pika - main.py:83 - INFO - 找到 201 张图片在:第1集
2026-03-10 23:39:00 - mkk_pika - main.py:112 - INFO - [episode:第1集       ] downloaded:   201, total: 201, progress:100%
2026-03-10 23:39:00 - mkk_pika - database.py:238 - INFO - 数据库更新已下载章节
2026-03-10 23:39:00 - mkk_pika - database.py:244 - INFO - 该漫画已下载章节如下
2026-03-10 23:39:00 - mkk_pika - database.py:245 - INFO - ['第1集']
2026-03-10 23:39:02 - mkk_pika - main.py:348 - INFO - ==================== 漫画信息 ====================
                                   漫画ID：58219c3a5f6b9a4f93eba1bf
                                   标题：人妻アラカルト 
                                   作者：尾山泰永
                                   是否完结：是
                                   总页数：201
                                   分类：同人,人妻,長篇
                                   章节数：1
                                   最后更新时间：2011-09-12T08:47:09.000Z
                                   =================================================
2026-03-10 23:39:02 - mkk_pika - database.py:101 - INFO - 保存成功：人妻アラカルト 
2026-03-10 23:39:02 - mkk_pika - main.py:35 - INFO - 开始检查スウィーツガール是否存在未下载章节
2026-03-10 23:39:02 - mkk_pika - main.py:45 - INFO - 正在下载:[スウィーツガール]-[池松 ]-[['同人', '長篇', '純愛']]-[total_pages:212]
2026-03-10 23:39:02 - mkk_pika - main.py:49 - INFO - [{'_id': '58219c3c5f6b9a4f93eba357', 'title': '第1集', 'order': 1, 'updated_at': '2016-11-08T09:34:52.001Z', 'id': '58219c3c5f6b9a4f93eba357'}]
2026-03-10 23:39:02 - mkk_pika - database.py:215 - INFO - 第一次下载该漫画，记录数据库中
2026-03-10 23:39:04 - mkk_pika - main.py:83 - INFO - 找到 212 张图片在:第1集
2026-03-10 23:39:09 - mkk_pika - main.py:112 - INFO - [episode:第1集       ] downloaded:   212, total: 212, progress:100%
2026-03-10 23:39:09 - mkk_pika - database.py:238 - INFO - 数据库更新已下载章节
2026-03-10 23:39:09 - mkk_pika - database.py:244 - INFO - 该漫画已下载章节如下
2026-03-10 23:39:09 - mkk_pika - database.py:245 - INFO - ['第1集']
2026-03-10 23:39:10 - mkk_pika - main.py:348 - INFO - ==================== 漫画信息 ====================
                                   漫画ID：58219c3b5f6b9a4f93eba355
                                   标题：スウィーツガール
                                   作者：池松 
                                   是否完结：是
                                   总页数：212
                                   分类：同人,長篇,純愛
                                   章节数：1
                                   最后更新时间：2011-09-12T18:47:09.000Z
                                   =================================================
2026-03-10 23:39:10 - mkk_pika - database.py:101 - INFO - 保存成功：スウィーツガール
2026-03-10 23:39:10 - mkk_pika - main.py:35 - INFO - 开始检查撃弍針 (進撃の巨人)是否存在未下载章节
2026-03-10 23:39:10 - mkk_pika - main.py:45 - INFO - 正在下载:[撃弍針 (進撃の巨人)]-[清炭ハリケーン]-[['同人', '強暴']]-[total_pages:37]
2026-03-10 23:39:10 - mkk_pika - main.py:49 - INFO - [{'_id': '58219c3d5f6b9a4f93eba503', 'title': '第1集', 'order': 1, 'updated_at': '2016-11-08T09:34:53.414Z', 'id': '58219c3d5f6b9a4f93eba503'}]
2026-03-10 23:39:10 - mkk_pika - database.py:215 - INFO - 第一次下载该漫画，记录数据库中
2026-03-10 23:39:11 - mkk_pika - main.py:83 - INFO - 找到 37 张图片在:第1集
2026-03-10 23:39:12 - mkk_pika - main.py:112 - INFO - [episode:第1集       ] downloaded:    37, total:  37, progress:100%
2026-03-10 23:39:12 - mkk_pika - database.py:238 - INFO - 数据库更新已下载章节
2026-03-10 23:39:12 - mkk_pika - database.py:244 - INFO - 该漫画已下载章节如下
2026-03-10 23:39:12 - mkk_pika - database.py:245 - INFO - ['第1集']
2026-03-10 23:39:13 - mkk_pika - main.py:348 - INFO - ==================== 漫画信息 ====================
                                   漫画ID：58219c3d5f6b9a4f93eba501
                                   标题：撃弍針 (進撃の巨人)
                                   作者：清炭ハリケーン
                                   是否完结：是
                                   总页数：37
                                   分类：同人,強暴
                                   章节数：1
                                   最后更新时间：2011-09-13T04:47:09.000Z
                                   =================================================
2026-03-10 23:39:13 - mkk_pika - database.py:101 - INFO - 保存成功：撃弍針 (進撃の巨人)
2026-03-10 23:39:13 - mkk_pika - main.py:35 - INFO - 开始检查小鸠的饲育方法是否存在未下载章节
2026-03-10 23:39:13 - mkk_pika - main.py:45 - INFO - 正在下载:[小鸠的饲育方法]-[不明]-[['同人', '短篇', '全彩', '妹妹系', '純愛']]-[total_pages:12]
2026-03-10 23:39:13 - mkk_pika - main.py:49 - INFO - [{'_id': '58219c3e5f6b9a4f93eba551', 'title': '第1集', 'order': 1, 'updated_at': '2016-11-08T09:34:54.190Z', 'id': '58219c3e5f6b9a4f93eba551'}]
2026-03-10 23:39:13 - mkk_pika - database.py:215 - INFO - 第一次下载该漫画，记录数据库中
2026-03-10 23:39:14 - mkk_pika - main.py:83 - INFO - 找到 12 张图片在:第1集
2026-03-10 23:39:14 - mkk_pika - main.py:112 - INFO - [episode:第1集       ] downloaded:    12, total:  12, progress:100%
2026-03-10 23:39:14 - mkk_pika - database.py:238 - INFO - 数据库更新已下载章节
2026-03-10 23:39:14 - mkk_pika - database.py:244 - INFO - 该漫画已下载章节如下
2026-03-10 23:39:14 - mkk_pika - database.py:245 - INFO - ['第1集']
2026-03-10 23:39:15 - mkk_pika - main.py:348 - INFO - ==================== 漫画信息 ====================
                                   漫画ID：58219c3d5f6b9a4f93eba54f
                                   标题：小鸠的饲育方法
                                   作者：不明
                                   是否完结：是
                                   总页数：12
                                   分类：同人,短篇,全彩,妹妹系,純愛
                                   章节数：1
                                   最后更新时间：2011-09-13T14:47:09.000Z
                                   =================================================
2026-03-10 23:39:15 - mkk_pika - database.py:101 - INFO - 保存成功：小鸠的饲育方法
2026-03-10 23:39:15 - mkk_pika - main.py:35 - INFO - 开始检查（C81)(全彩汉化)さとり様の飼い方 と～ほ～☆ブリーダー是否存在未下载章节
2026-03-10 23:39:16 - mkk_pika - main.py:45 - INFO - 正在下载:[（C81)(全彩汉化)さとり様の飼い方 と～ほ～☆ブリーダー]-[ りとる☆はむれっと]-[['同人', '短篇', '全彩', '妹妹系', '純愛']]-[total_pages:14]
2026-03-10 23:39:16 - mkk_pika - main.py:49 - INFO - [{'_id': '58219c3e5f6b9a4f93eba56d', 'title': '第1集', 'order': 1, 'updated_at': '2016-11-08T09:34:54.584Z', 'id': '58219c3e5f6b9a4f93eba56d'}]
2026-03-10 23:39:16 - mkk_pika - database.py:215 - INFO - 第一次下载该漫画，记录数据库中
2026-03-10 23:39:16 - mkk_pika - main.py:83 - INFO - 找到 14 张图片在:第1集
2026-03-10 23:39:17 - mkk_pika - main.py:112 - INFO - [episode:第1集       ] downloaded:    14, total:  14, progress:100%
2026-03-10 23:39:17 - mkk_pika - database.py:238 - INFO - 数据库更新已下载章节
2026-03-10 23:39:17 - mkk_pika - database.py:244 - INFO - 该漫画已下载章节如下
2026-03-10 23:39:17 - mkk_pika - database.py:245 - INFO - ['第1集']
2026-03-10 23:39:18 - mkk_pika - main.py:348 - INFO - ==================== 漫画信息 ====================
                                   漫画ID：58219c3e5f6b9a4f93eba56b
                                   标题：（C81)(全彩汉化)さとり様の飼い方 と～ほ～☆ブリーダー
                                   作者： りとる☆はむれっと
                                   是否完结：是
                                   总页数：14
                                   分类：同人,短篇,全彩,妹妹系,純愛
                                   章节数：1
                                   最后更新时间：2011-09-14T00:47:09.000Z
                                   =================================================
2026-03-10 23:39:18 - mkk_pika - database.py:101 - INFO - 保存成功：（C81)(全彩汉化)さとり様の飼い方 と～ほ～☆ブリーダー
2026-03-10 23:39:18 - mkk_pika - main.py:35 - INFO - 开始检查贫乏之国的爱丽丝是否存在未下载章节
2026-03-10 23:39:18 - mkk_pika - main.py:45 - INFO - 正在下载:[贫乏之国的爱丽丝]-[夏媛柚阑]-[['短篇', '妹妹系']]-[total_pages:20]
2026-03-10 23:39:18 - mkk_pika - main.py:49 - INFO - [{'_id': '58219c3e5f6b9a4f93eba58d', 'title': '第1集', 'order': 1, 'updated_at': '2016-11-08T09:34:54.957Z', 'id': '58219c3e5f6b9a4f93eba58d'}]
2026-03-10 23:39:18 - mkk_pika - database.py:215 - INFO - 第一次下载该漫画，记录数据库中
2026-03-10 23:39:19 - mkk_pika - main.py:83 - INFO - 找到 20 张图片在:第1集
2026-03-10 23:39:19 - mkk_pika - main.py:112 - INFO - [episode:第1集       ] downloaded:    20, total:  20, progress:100%
2026-03-10 23:39:19 - mkk_pika - database.py:238 - INFO - 数据库更新已下载章节
2026-03-10 23:39:19 - mkk_pika - database.py:244 - INFO - 该漫画已下载章节如下
2026-03-10 23:39:19 - mkk_pika - database.py:245 - INFO - ['第1集']
2026-03-10 23:39:20 - mkk_pika - main.py:348 - INFO - ==================== 漫画信息 ====================
                                   漫画ID：58219c3e5f6b9a4f93eba58b
                                   标题：贫乏之国的爱丽丝
                                   作者：夏媛柚阑
                                   是否完结：是
                                   总页数：20
                                   分类：短篇,妹妹系
                                   章节数：1
                                   最后更新时间：2011-09-14T10:47:09.000Z
                                   =================================================
2026-03-10 23:39:20 - mkk_pika - database.py:101 - INFO - 保存成功：贫乏之国的爱丽丝
2026-03-10 23:39:20 - mkk_pika - main.py:35 - INFO - 开始检查幻想生物图鉴12+13补完是否存在未下载章节
2026-03-10 23:39:21 - mkk_pika - main.py:45 - INFO - 正在下载:[幻想生物图鉴12+13补完]-[人丸]-[['短篇', '全彩', '非人類']]-[total_pages:43]
2026-03-10 23:39:21 - mkk_pika - main.py:49 - INFO - [{'_id': '58219c445f6b9a4f93eba727', 'title': '第1集', 'order': 1, 'updated_at': '2016-11-08T09:35:00.031Z', 'id': '58219c445f6b9a4f93eba727'}, {'_id': '58219c445f6b9a4f93eba755', 'title': '第2集', 'order': 2, 'updated_at': '2016-11-08T09:35:00.425Z', 'id': '58219c445f6b9a4f93eba755'}]
2026-03-10 23:39:21 - mkk_pika - database.py:215 - INFO - 第一次下载该漫画，记录数据库中
2026-03-10 23:39:21 - mkk_pika - main.py:83 - INFO - 找到 22 张图片在:第1集
2026-03-10 23:39:22 - mkk_pika - main.py:112 - INFO - [episode:第1集       ] downloaded:    22, total:  22, progress:100%
2026-03-10 23:39:22 - mkk_pika - database.py:238 - INFO - 数据库更新已下载章节
2026-03-10 23:39:22 - mkk_pika - database.py:244 - INFO - 该漫画已下载章节如下
2026-03-10 23:39:22 - mkk_pika - database.py:245 - INFO - ['第1集']
2026-03-10 23:39:23 - mkk_pika - main.py:83 - INFO - 找到 21 张图片在:第2集
2026-03-10 23:39:24 - mkk_pika - main.py:112 - INFO - [episode:第2集       ] downloaded:    21, total:  21, progress:100%
2026-03-10 23:39:24 - mkk_pika - database.py:238 - INFO - 数据库更新已下载章节
2026-03-10 23:39:24 - mkk_pika - database.py:244 - INFO - 该漫画已下载章节如下
2026-03-10 23:39:24 - mkk_pika - database.py:245 - INFO - ['第1集', '第2集']
2026-03-10 23:39:25 - mkk_pika - main.py:348 - INFO - ==================== 漫画信息 ====================
                                   漫画ID：58219c425f6b9a4f93eba725
                                   标题：幻想生物图鉴12+13补完
                                   作者：人丸
                                   是否完结：是
                                   总页数：43
                                   分类：短篇,全彩,非人類
                                   章节数：2
                                   最后更新时间：2011-09-15T06:47:09.000Z
                                   =================================================
2026-03-10 23:39:25 - mkk_pika - database.py:101 - INFO - 保存成功：幻想生物图鉴12+13补完
2026-03-10 23:39:25 - mkk_pika - main.py:35 - INFO - 开始检查[清純突破漢化] [NCP] 感染 (DL版)是否存在未下载章节
2026-03-10 23:39:25 - mkk_pika - main.py:45 - INFO - 正在下载:[[清純突破漢化] [NCP] 感染 (DL版)]-[NCP]-[['短篇', '全彩']]-[total_pages:26]
2026-03-10 23:39:25 - mkk_pika - main.py:49 - INFO - [{'_id': '58219c455f6b9a4f93eba7cd', 'title': '第1集', 'order': 1, 'updated_at': '2016-11-08T09:35:01.604Z', 'id': '58219c455f6b9a4f93eba7cd'}]
2026-03-10 23:39:25 - mkk_pika - database.py:215 - INFO - 第一次下载该漫画，记录数据库中
2026-03-10 23:39:26 - mkk_pika - main.py:83 - INFO - 找到 26 张图片在:第1集
2026-03-10 23:39:27 - mkk_pika - main.py:112 - INFO - [episode:第1集       ] downloaded:    26, total:  26, progress:100%
2026-03-10 23:39:27 - mkk_pika - database.py:238 - INFO - 数据库更新已下载章节
2026-03-10 23:39:27 - mkk_pika - database.py:244 - INFO - 该漫画已下载章节如下
2026-03-10 23:39:27 - mkk_pika - database.py:245 - INFO - ['第1集']
2026-03-10 23:39:28 - mkk_pika - main.py:348 - INFO - ==================== 漫画信息 ====================
                                   漫画ID：58219c455f6b9a4f93eba7cb
                                   标题：[清純突破漢化] [NCP] 感染 (DL版)
                                   作者：NCP
                                   是否完结：是
                                   总页数：26
                                   分类：短篇,全彩
                                   章节数：1
                                   最后更新时间：2011-09-16T02:47:09.000Z
                                   =================================================
2026-03-10 23:39:28 - mkk_pika - database.py:101 - INFO - 保存成功：[清純突破漢化] [NCP] 感染 (DL版)
2026-03-10 23:39:28 - mkk_pika - main.py:35 - INFO - 开始检查[皐月芋網] step child swapping是否存在未下载章节
2026-03-10 23:39:28 - mkk_pika - main.py:45 - INFO - 正在下载:[[皐月芋網] step child swapping]-[皐月芋網]-[['同人', '人妻', '短篇', '姐姐系']]-[total_pages:26]
2026-03-10 23:39:28 - mkk_pika - main.py:49 - INFO - [{'_id': '58219c485f6b9a4f93eba9ab', 'title': '第1集', 'order': 1, 'updated_at': '2016-11-08T09:35:04.828Z', 'id': '58219c485f6b9a4f93eba9ab'}]
2026-03-10 23:39:28 - mkk_pika - database.py:215 - INFO - 第一次下载该漫画，记录数据库中
2026-03-10 23:39:29 - mkk_pika - main.py:83 - INFO - 找到 26 张图片在:第1集
2026-03-10 23:39:29 - mkk_pika - main.py:112 - INFO - [episode:第1集       ] downloaded:    26, total:  26, progress:100%
2026-03-10 23:39:29 - mkk_pika - database.py:238 - INFO - 数据库更新已下载章节
2026-03-10 23:39:29 - mkk_pika - database.py:244 - INFO - 该漫画已下载章节如下
2026-03-10 23:39:29 - mkk_pika - database.py:245 - INFO - ['第1集']
2026-03-10 23:39:31 - mkk_pika - main.py:348 - INFO - ==================== 漫画信息 ====================
                                   漫画ID：58219c485f6b9a4f93eba9a9
                                   标题：[皐月芋網] step child swapping
                                   作者：皐月芋網
                                   是否完结：是
                                   总页数：26
                                   分类：同人,人妻,短篇,姐姐系
                                   章节数：1
                                   最后更新时间：2011-09-17T08:47:09.000Z
                                   =================================================
2026-03-10 23:39:31 - mkk_pika - database.py:101 - INFO - 保存成功：[皐月芋網] step child swapping
2026-03-10 23:39:31 - mkk_pika - main.py:35 - INFO - 开始检查[ばーるん] メガネの処方箋 [中国翻訳]是否存在未下载章节
2026-03-10 23:39:31 - mkk_pika - main.py:45 - INFO - 正在下载:[[ばーるん] メガネの処方箋 [中国翻訳]]-[ばーるん]-[['長篇', '後宮閃光']]-[total_pages:204]
2026-03-10 23:39:31 - mkk_pika - main.py:49 - INFO - [{'_id': '58219c4b5f6b9a4f93ebab93', 'title': '第1集', 'order': 1, 'updated_at': '2016-11-08T09:35:07.212Z', 'id': '58219c4b5f6b9a4f93ebab93'}]
2026-03-10 23:39:31 - mkk_pika - database.py:215 - INFO - 第一次下载该漫画，记录数据库中
2026-03-10 23:39:33 - mkk_pika - main.py:83 - INFO - 找到 204 张图片在:第1集
2026-03-10 23:39:37 - mkk_pika - main.py:112 - INFO - [episode:第1集       ] downloaded:   204, total: 204, progress:100%
2026-03-10 23:39:37 - mkk_pika - database.py:238 - INFO - 数据库更新已下载章节
2026-03-10 23:39:37 - mkk_pika - database.py:244 - INFO - 该漫画已下载章节如下
2026-03-10 23:39:37 - mkk_pika - database.py:245 - INFO - ['第1集']
2026-03-10 23:39:38 - mkk_pika - main.py:348 - INFO - ==================== 漫画信息 ====================
                                   漫画ID：58219c4a5f6b9a4f93ebab91
                                   标题：[ばーるん] メガネの処方箋 [中国翻訳]
                                   作者：ばーるん
                                   是否完结：是
                                   总页数：204
                                   分类：長篇,後宮閃光
                                   章节数：1
                                   最后更新时间：2011-09-18T04:47:09.000Z
                                   =================================================
2026-03-10 23:39:38 - mkk_pika - database.py:101 - INFO - 保存成功：[ばーるん] メガネの処方箋 [中国翻訳]
2026-03-10 23:39:38 - mkk_pika - main.py:35 - INFO - 开始检查[无毒汉化组](C88) [海通信 (なまもななせ)] 田舎少女2是否存在未下载章节
2026-03-10 23:39:38 - mkk_pika - main.py:45 - INFO - 正在下载:[[无毒汉化组](C88) [海通信 (なまもななせ)] 田舎少女2]-[海通信 (なまもななせ)]-[['同人', '短篇']]-[total_pages:19]
2026-03-10 23:39:38 - mkk_pika - main.py:49 - INFO - [{'_id': '58219c4c5f6b9a4f93ebad2f', 'title': '第1集', 'order': 1, 'updated_at': '2016-11-08T09:35:08.582Z', 'id': '58219c4c5f6b9a4f93ebad2f'}]
2026-03-10 23:39:38 - mkk_pika - database.py:215 - INFO - 第一次下载该漫画，记录数据库中
2026-03-10 23:39:39 - mkk_pika - main.py:83 - INFO - 找到 19 张图片在:第1集
2026-03-10 23:39:39 - mkk_pika - main.py:112 - INFO - [episode:第1集       ] downloaded:    19, total:  19, progress:100%
2026-03-10 23:39:39 - mkk_pika - database.py:238 - INFO - 数据库更新已下载章节
2026-03-10 23:39:39 - mkk_pika - database.py:244 - INFO - 该漫画已下载章节如下
2026-03-10 23:39:39 - mkk_pika - database.py:245 - INFO - ['第1集']
2026-03-10 23:39:41 - mkk_pika - main.py:348 - INFO - ==================== 漫画信息 ====================
                                   漫画ID：58219c4c5f6b9a4f93ebad2d
                                   标题：[无毒汉化组](C88) [海通信 (なまもななせ)] 田舎少女2
                                   作者：海通信 (なまもななせ)
                                   是否完结：是
                                   总页数：19
                                   分类：同人,短篇
                                   章节数：1
                                   最后更新时间：2011-09-18T14:47:09.000Z
                                   =================================================
2026-03-10 23:39:41 - mkk_pika - database.py:101 - INFO - 保存成功：[无毒汉化组](C88) [海通信 (なまもななせ)] 田舎少女2
2026-03-10 23:39:41 - mkk_pika - main.py:35 - INFO - 开始检查[无毒汉化组][彦馬ヒロユキ]クロエちゃんのいるお店[Fatekaleid linerプリズマ☆イリヤ]是否存在未下载章节
2026-03-10 23:39:41 - mkk_pika - main.py:45 - INFO - 正在下载:[[无毒汉化组][彦馬ヒロユキ]クロエちゃんのいるお店[Fatekaleid linerプリズマ☆イリヤ]]-[彦馬ヒロユキ]-[['同人', '短篇']]-[total_pages:29]
2026-03-10 23:39:41 - mkk_pika - main.py:49 - INFO - [{'_id': '58219c4d5f6b9a4f93ebad59', 'title': '第1集', 'order': 1, 'updated_at': '2016-11-08T09:35:09.049Z', 'id': '58219c4d5f6b9a4f93ebad59'}]
2026-03-10 23:39:41 - mkk_pika - database.py:215 - INFO - 第一次下载该漫画，记录数据库中
2026-03-10 23:39:42 - mkk_pika - main.py:83 - INFO - 找到 29 张图片在:第1集
2026-03-10 23:39:42 - mkk_pika - main.py:112 - INFO - [episode:第1集       ] downloaded:    29, total:  29, progress:100%
2026-03-10 23:39:42 - mkk_pika - database.py:238 - INFO - 数据库更新已下载章节
2026-03-10 23:39:42 - mkk_pika - database.py:244 - INFO - 该漫画已下载章节如下
2026-03-10 23:39:42 - mkk_pika - database.py:245 - INFO - ['第1集']
2026-03-10 23:39:44 - mkk_pika - main.py:348 - INFO - ==================== 漫画信息 ====================
                                   漫画ID：58219c4c5f6b9a4f93ebad57
                                   标题：[无毒汉化组][彦馬ヒロユキ]クロエちゃんのいるお店[Fatekaleid linerプリズマ☆イリヤ]
                                   作者：彦馬ヒロユキ
                                   是否完结：是
                                   总页数：29
                                   分类：同人,短篇
                                   章节数：1
                                   最后更新时间：2011-09-19T00:47:09.000Z
                                   =================================================
2026-03-10 23:39:44 - mkk_pika - database.py:101 - INFO - 保存成功：[无毒汉化组][彦馬ヒロユキ]クロエちゃんのいるお店[Fatekaleid linerプリズマ☆イリヤ]
2026-03-10 23:39:44 - mkk_pika - main.py:35 - INFO - 开始检查Q彈美乳！ [風與黑暗掃圖]是否存在未下载章节
2026-03-10 23:39:44 - mkk_pika - main.py:45 - INFO - 正在下载:[Q彈美乳！ [風與黑暗掃圖]]-[[\FCT]-[['長篇', '純愛']]-[total_pages:188]
2026-03-10 23:39:44 - mkk_pika - main.py:49 - INFO - [{'_id': '58219c4d5f6b9a4f93ebad97', 'title': '第1集', 'order': 1, 'updated_at': '2016-11-08T09:35:09.879Z', 'id': '58219c4d5f6b9a4f93ebad97'}]
2026-03-10 23:39:44 - mkk_pika - database.py:215 - INFO - 第一次下载该漫画，记录数据库中
2026-03-10 23:39:46 - mkk_pika - main.py:83 - INFO - 找到 188 张图片在:第1集
2026-03-10 23:39:50 - mkk_pika - main.py:112 - INFO - [episode:第1集       ] downloaded:   188, total: 188, progress:100%
2026-03-10 23:39:50 - mkk_pika - database.py:238 - INFO - 数据库更新已下载章节
2026-03-10 23:39:50 - mkk_pika - database.py:244 - INFO - 该漫画已下载章节如下
2026-03-10 23:39:50 - mkk_pika - database.py:245 - INFO - ['第1集']
2026-03-10 23:39:51 - mkk_pika - main.py:348 - INFO - ==================== 漫画信息 ====================
                                   漫画ID：58219c4d5f6b9a4f93ebad95
                                   标题：Q彈美乳！ [風與黑暗掃圖]
                                   作者：[\FCT
                                   是否完结：是
                                   总页数：188
                                   分类：長篇,純愛
                                   章节数：1
                                   最后更新时间：2011-09-19T10:47:09.000Z
                                   =================================================
2026-03-10 23:39:51 - mkk_pika - database.py:101 - INFO - 保存成功：Q彈美乳！ [風與黑暗掃圖]
2026-03-10 23:39:51 - mkk_pika - main.py:35 - INFO - 开始检查罪悪姦 孕ませ家族交尾是否存在未下载章节
2026-03-10 23:39:51 - mkk_pika - main.py:45 - INFO - 正在下载:[罪悪姦 孕ませ家族交尾]-[零狸]-[['人妻', '長篇', '姐姐系']]-[total_pages:183]
2026-03-10 23:39:51 - mkk_pika - main.py:49 - INFO - [{'_id': '58219c515f6b9a4f93ebb0c1', 'title': '第1集', 'order': 1, 'updated_at': '2016-11-08T09:35:13.394Z', 'id': '58219c515f6b9a4f93ebb0c1'}]
2026-03-10 23:39:51 - mkk_pika - database.py:215 - INFO - 第一次下载该漫画，记录数据库中
2026-03-10 23:39:53 - mkk_pika - main.py:83 - INFO - 找到 183 张图片在:第1集
2026-03-10 23:39:57 - mkk_pika - main.py:112 - INFO - [episode:第1集       ] downloaded:   183, total: 183, progress:100%
2026-03-10 23:39:57 - mkk_pika - database.py:238 - INFO - 数据库更新已下载章节
2026-03-10 23:39:57 - mkk_pika - database.py:244 - INFO - 该漫画已下载章节如下
2026-03-10 23:39:57 - mkk_pika - database.py:245 - INFO - ['第1集']
2026-03-10 23:39:58 - mkk_pika - main.py:348 - INFO - ==================== 漫画信息 ====================
                                   漫画ID：58219c505f6b9a4f93ebb0bf
                                   标题：罪悪姦 孕ませ家族交尾
                                   作者：零狸
                                   是否完结：是
                                   总页数：183
                                   分类：人妻,長篇,姐姐系
                                   章节数：1
                                   最后更新时间：2011-09-20T06:47:09.000Z
                                   =================================================
2026-03-10 23:39:58 - mkk_pika - database.py:101 - INFO - 保存成功：罪悪姦 孕ませ家族交尾
2026-03-10 23:39:58 - mkk_pika - main.py:35 - INFO - 开始检查(C88) [偽MIDI泥の会 (石恵)] Rubit (ご注文はうさぎですか？)是否存在未下载章节
2026-03-10 23:39:58 - mkk_pika - main.py:45 - INFO - 正在下载:[(C88) [偽MIDI泥の会 (石恵)] Rubit (ご注文はうさぎですか？)]-[偽MIDI泥の会 (石恵)]-[['同人', '短篇', '全彩']]-[total_pages:16]
2026-03-10 23:39:58 - mkk_pika - main.py:49 - INFO - [{'_id': '58219c615f6b9a4f93ebbee5', 'title': '第1集', 'order': 1, 'updated_at': '2016-11-08T09:35:29.612Z', 'id': '58219c615f6b9a4f93ebbee5'}]
2026-03-10 23:39:58 - mkk_pika - database.py:215 - INFO - 第一次下载该漫画，记录数据库中
2026-03-10 23:39:59 - mkk_pika - main.py:83 - INFO - 找到 16 张图片在:第1集
2026-03-10 23:39:59 - mkk_pika - main.py:112 - INFO - [episode:第1集       ] downloaded:    16, total:  16, progress:100%
2026-03-10 23:39:59 - mkk_pika - database.py:238 - INFO - 数据库更新已下载章节
2026-03-10 23:39:59 - mkk_pika - database.py:244 - INFO - 该漫画已下载章节如下
2026-03-10 23:39:59 - mkk_pika - database.py:245 - INFO - ['第1集']
2026-03-10 23:40:00 - mkk_pika - main.py:348 - INFO - ==================== 漫画信息 ====================
                                   漫画ID：58219c615f6b9a4f93ebbee3
                                   标题：(C88) [偽MIDI泥の会 (石恵)] Rubit (ご注文はうさぎですか？)
                                   作者：偽MIDI泥の会 (石恵)
                                   是否完结：是
                                   总页数：16
                                   分类：同人,短篇,全彩
                                   章节数：1
                                   最后更新时间：2011-09-25T16:47:09.000Z
                                   =================================================
2026-03-10 23:40:00 - mkk_pika - database.py:101 - INFO - 保存成功：(C88) [偽MIDI泥の会 (石恵)] Rubit (ご注文はうさぎですか？)
2026-03-10 23:40:00 - mkk_pika - main.py:35 - INFO - 开始检查东方-妖梦本子合集-例大祭篇是否存在未下载章节
2026-03-10 23:40:01 - mkk_pika - main.py:45 - INFO - 正在下载:[东方-妖梦本子合集-例大祭篇]-[好多]-[['同人', '短篇', '東方']]-[total_pages:79]
2026-03-10 23:40:01 - mkk_pika - main.py:49 - INFO - [{'_id': '58219c625f6b9a4f93ebbf09', 'title': '第1集', 'order': 1, 'updated_at': '2016-11-08T09:35:30.225Z', 'id': '58219c625f6b9a4f93ebbf09'}, {'_id': '58219c625f6b9a4f93ebbf2d', 'title': '第2集', 'order': 2, 'updated_at': '2016-11-08T09:35:30.793Z', 'id': '58219c625f6b9a4f93ebbf2d'}, {'_id': '58219c635f6b9a4f93ebbf53', 'title': '第3集', 'order': 3, 'updated_at': '2016-11-08T09:35:31.112Z', 'id': '58219c635f6b9a4f93ebbf53'}, {'_id': '58219c635f6b9a4f93ebbf83', 'title': '第4集', 'order': 4, 'updated_at': '2016-11-08T09:35:31.708Z', 'id': '58219c635f6b9a4f93ebbf83'}]
2026-03-10 23:40:01 - mkk_pika - database.py:215 - INFO - 第一次下载该漫画，记录数据库中
2026-03-10 23:40:01 - mkk_pika - main.py:83 - INFO - 找到 17 张图片在:第1集
2026-03-10 23:40:02 - mkk_pika - main.py:112 - INFO - [episode:第1集       ] downloaded:    17, total:  17, progress:100%
2026-03-10 23:40:02 - mkk_pika - database.py:238 - INFO - 数据库更新已下载章节
2026-03-10 23:40:02 - mkk_pika - database.py:244 - INFO - 该漫画已下载章节如下
2026-03-10 23:40:02 - mkk_pika - database.py:245 - INFO - ['第1集']
2026-03-10 23:40:03 - mkk_pika - main.py:83 - INFO - 找到 18 张图片在:第2集
2026-03-10 23:40:04 - mkk_pika - main.py:112 - INFO - [episode:第2集       ] downloaded:    18, total:  18, progress:100%
2026-03-10 23:40:04 - mkk_pika - database.py:238 - INFO - 数据库更新已下载章节
2026-03-10 23:40:04 - mkk_pika - database.py:244 - INFO - 该漫画已下载章节如下
2026-03-10 23:40:04 - mkk_pika - database.py:245 - INFO - ['第1集', '第2集']
2026-03-10 23:40:05 - mkk_pika - main.py:83 - INFO - 找到 23 张图片在:第3集
2026-03-10 23:40:06 - mkk_pika - main.py:112 - INFO - [episode:第3集       ] downloaded:    23, total:  23, progress:100%
2026-03-10 23:40:06 - mkk_pika - database.py:238 - INFO - 数据库更新已下载章节
2026-03-10 23:40:06 - mkk_pika - database.py:244 - INFO - 该漫画已下载章节如下
2026-03-10 23:40:06 - mkk_pika - database.py:245 - INFO - ['第1集', '第2集', '第3集']
2026-03-10 23:40:07 - mkk_pika - main.py:83 - INFO - 找到 21 张图片在:第4集
2026-03-10 23:40:08 - mkk_pika - main.py:112 - INFO - [episode:第4集       ] downloaded:    21, total:  21, progress:100%
2026-03-10 23:40:08 - mkk_pika - database.py:238 - INFO - 数据库更新已下载章节
2026-03-10 23:40:08 - mkk_pika - database.py:244 - INFO - 该漫画已下载章节如下
2026-03-10 23:40:08 - mkk_pika - database.py:245 - INFO - ['第1集', '第2集', '第3集', '第4集']
2026-03-10 23:40:09 - mkk_pika - main.py:348 - INFO - ==================== 漫画信息 ====================
                                   漫画ID：58219c615f6b9a4f93ebbf07
                                   标题：东方-妖梦本子合集-例大祭篇
                                   作者：好多
                                   是否完结：是
                                   总页数：79
                                   分类：同人,短篇,東方
                                   章节数：4
                                   最后更新时间：2011-09-26T02:47:09.000Z
                                   =================================================
2026-03-10 23:40:09 - mkk_pika - database.py:101 - INFO - 保存成功：东方-妖梦本子合集-例大祭篇
2026-03-10 23:40:09 - mkk_pika - main.py:35 - INFO - 开始检查东方-妖梦本子合集-COMIC MARK篇1是否存在未下载章节
2026-03-10 23:40:09 - mkk_pika - main.py:45 - INFO - 正在下载:[东方-妖梦本子合集-COMIC MARK篇1]-[好多]-[['同人', '短篇', '東方']]-[total_pages:87]
2026-03-10 23:40:09 - mkk_pika - main.py:49 - INFO - [{'_id': '58219c645f6b9a4f93ebbfb1', 'title': '第1集', 'order': 1, 'updated_at': '2016-11-08T09:35:32.149Z', 'id': '58219c645f6b9a4f93ebbfb1'}, {'_id': '58219c645f6b9a4f93ebbfe3', 'title': '第2集', 'order': 2, 'updated_at': '2016-11-08T09:35:32.540Z', 'id': '58219c645f6b9a4f93ebbfe3'}, {'_id': '58219c645f6b9a4f93ebc007', 'title': '第3集', 'order': 3, 'updated_at': '2016-11-08T09:35:32.930Z', 'id': '58219c645f6b9a4f93ebc007'}, {'_id': '58219c655f6b9a4f93ebc027', 'title': '第4集', 'order': 4, 'updated_at': '2016-11-08T09:35:33.277Z', 'id': '58219c655f6b9a4f93ebc027'}]
2026-03-10 23:40:09 - mkk_pika - database.py:215 - INFO - 第一次下载该漫画，记录数据库中
2026-03-10 23:40:10 - mkk_pika - main.py:83 - INFO - 找到 24 张图片在:第1集
2026-03-10 23:40:10 - mkk_pika - main.py:112 - INFO - [episode:第1集       ] downloaded:    24, total:  24, progress:100%
2026-03-10 23:40:10 - mkk_pika - database.py:238 - INFO - 数据库更新已下载章节
2026-03-10 23:40:10 - mkk_pika - database.py:244 - INFO - 该漫画已下载章节如下
2026-03-10 23:40:10 - mkk_pika - database.py:245 - INFO - ['第1集']
2026-03-10 23:40:12 - mkk_pika - main.py:83 - INFO - 找到 17 张图片在:第2集
2026-03-10 23:40:12 - mkk_pika - main.py:112 - INFO - [episode:第2集       ] downloaded:    17, total:  17, progress:100%
2026-03-10 23:40:12 - mkk_pika - database.py:238 - INFO - 数据库更新已下载章节
2026-03-10 23:40:12 - mkk_pika - database.py:244 - INFO - 该漫画已下载章节如下
2026-03-10 23:40:12 - mkk_pika - database.py:245 - INFO - ['第1集', '第2集']
2026-03-10 23:40:14 - mkk_pika - main.py:83 - INFO - 找到 15 张图片在:第3集
2026-03-10 23:40:14 - mkk_pika - main.py:112 - INFO - [episode:第3集       ] downloaded:    15, total:  15, progress:100%
2026-03-10 23:40:14 - mkk_pika - database.py:238 - INFO - 数据库更新已下载章节
2026-03-10 23:40:14 - mkk_pika - database.py:244 - INFO - 该漫画已下载章节如下
2026-03-10 23:40:14 - mkk_pika - database.py:245 - INFO - ['第1集', '第2集', '第3集']
2026-03-10 23:40:16 - mkk_pika - main.py:83 - INFO - 找到 31 张图片在:第4集
2026-03-10 23:40:17 - mkk_pika - main.py:112 - INFO - [episode:第4集       ] downloaded:    31, total:  31, progress:100%
2026-03-10 23:40:17 - mkk_pika - database.py:238 - INFO - 数据库更新已下载章节
2026-03-10 23:40:17 - mkk_pika - database.py:244 - INFO - 该漫画已下载章节如下
2026-03-10 23:40:17 - mkk_pika - database.py:245 - INFO - ['第1集', '第2集', '第3集', '第4集']
2026-03-10 23:40:18 - mkk_pika - main.py:348 - INFO - ==================== 漫画信息 ====================
                                   漫画ID：58219c635f6b9a4f93ebbfaf
                                   标题：东方-妖梦本子合集-COMIC MARK篇1
                                   作者：好多
                                   是否完结：是
                                   总页数：87
                                   分类：同人,短篇,東方
                                   章节数：4
                                   最后更新时间：2011-09-26T12:47:09.000Z
                                   =================================================
2026-03-10 23:40:18 - mkk_pika - database.py:101 - INFO - 保存成功：东方-妖梦本子合集-COMIC MARK篇1
2026-03-10 23:40:18 - mkk_pika - main.py:35 - INFO - 开始检查东方-妖梦本子合集-COMIC MARK篇2是否存在未下载章节
2026-03-10 23:40:18 - mkk_pika - main.py:45 - INFO - 正在下载:[东方-妖梦本子合集-COMIC MARK篇2]-[好多]-[['同人', '短篇', '東方']]-[total_pages:55]
2026-03-10 23:40:18 - mkk_pika - main.py:49 - INFO - [{'_id': '58219c665f6b9a4f93ebc069', 'title': '第1集', 'order': 1, 'updated_at': '2016-11-08T09:35:34.032Z', 'id': '58219c665f6b9a4f93ebc069'}, {'_id': '58219c665f6b9a4f93ebc08d', 'title': '第2集', 'order': 2, 'updated_at': '2016-11-08T09:35:34.636Z', 'id': '58219c665f6b9a4f93ebc08d'}, {'_id': '58219c665f6b9a4f93ebc0b9', 'title': '第3集', 'order': 3, 'updated_at': '2016-11-08T09:35:34.984Z', 'id': '58219c665f6b9a4f93ebc0b9'}]
2026-03-10 23:40:18 - mkk_pika - database.py:215 - INFO - 第一次下载该漫画，记录数据库中
2026-03-10 23:40:19 - mkk_pika - main.py:83 - INFO - 找到 17 张图片在:第1集
2026-03-10 23:40:19 - mkk_pika - main.py:112 - INFO - [episode:第1集       ] downloaded:    17, total:  17, progress:100%
2026-03-10 23:40:19 - mkk_pika - database.py:238 - INFO - 数据库更新已下载章节
2026-03-10 23:40:19 - mkk_pika - database.py:244 - INFO - 该漫画已下载章节如下
2026-03-10 23:40:19 - mkk_pika - database.py:245 - INFO - ['第1集']
2026-03-10 23:40:21 - mkk_pika - main.py:83 - INFO - 找到 21 张图片在:第2集
2026-03-10 23:40:21 - mkk_pika - main.py:112 - INFO - [episode:第2集       ] downloaded:    21, total:  21, progress:100%
2026-03-10 23:40:21 - mkk_pika - database.py:238 - INFO - 数据库更新已下载章节
2026-03-10 23:40:21 - mkk_pika - database.py:244 - INFO - 该漫画已下载章节如下
2026-03-10 23:40:21 - mkk_pika - database.py:245 - INFO - ['第1集', '第2集']
2026-03-10 23:40:23 - mkk_pika - main.py:83 - INFO - 找到 17 张图片在:第3集
2026-03-10 23:40:23 - mkk_pika - main.py:112 - INFO - [episode:第3集       ] downloaded:    17, total:  17, progress:100%
2026-03-10 23:40:23 - mkk_pika - database.py:238 - INFO - 数据库更新已下载章节
2026-03-10 23:40:23 - mkk_pika - database.py:244 - INFO - 该漫画已下载章节如下
2026-03-10 23:40:23 - mkk_pika - database.py:245 - INFO - ['第1集', '第2集', '第3集']
2026-03-10 23:40:25 - mkk_pika - main.py:348 - INFO - ==================== 漫画信息 ====================
                                   漫画ID：58219c655f6b9a4f93ebc067
                                   标题：东方-妖梦本子合集-COMIC MARK篇2
                                   作者：好多
                                   是否完结：是
                                   总页数：55
                                   分类：同人,短篇,東方
                                   章节数：3
                                   最后更新时间：2011-09-26T22:47:09.000Z
                                   =================================================
2026-03-10 23:40:25 - mkk_pika - database.py:101 - INFO - 保存成功：东方-妖梦本子合集-COMIC MARK篇2
2026-03-10 23:40:25 - mkk_pika - main.py:35 - INFO - 开始检查[柳田史太] 比那名居天子の困惑？是否存在未下载章节
2026-03-10 23:40:25 - mkk_pika - main.py:45 - INFO - 正在下载:[[柳田史太] 比那名居天子の困惑？]-[柳田史太]-[['同人', '短篇', '全彩', '東方']]-[total_pages:23]
2026-03-10 23:40:25 - mkk_pika - main.py:49 - INFO - [{'_id': '58219c675f6b9a4f93ebc0df', 'title': '第1集', 'order': 1, 'updated_at': '2016-11-08T09:35:35.355Z', 'id': '58219c675f6b9a4f93ebc0df'}]
2026-03-10 23:40:25 - mkk_pika - database.py:215 - INFO - 第一次下载该漫画，记录数据库中
2026-03-10 23:40:25 - mkk_pika - main.py:83 - INFO - 找到 23 张图片在:第1集
2026-03-10 23:40:26 - mkk_pika - main.py:112 - INFO - [episode:第1集       ] downloaded:    23, total:  23, progress:100%
2026-03-10 23:40:26 - mkk_pika - database.py:238 - INFO - 数据库更新已下载章节
2026-03-10 23:40:26 - mkk_pika - database.py:244 - INFO - 该漫画已下载章节如下
2026-03-10 23:40:26 - mkk_pika - database.py:245 - INFO - ['第1集']
2026-03-10 23:40:27 - mkk_pika - main.py:348 - INFO - ==================== 漫画信息 ====================
                                   漫画ID：58219c675f6b9a4f93ebc0dd
                                   标题：[柳田史太] 比那名居天子の困惑？
                                   作者：柳田史太
                                   是否完结：是
                                   总页数：23
                                   分类：同人,短篇,全彩,東方
                                   章节数：1
                                   最后更新时间：2011-09-27T08:47:09.000Z
                                   =================================================
2026-03-10 23:40:27 - mkk_pika - database.py:101 - INFO - 保存成功：[柳田史太] 比那名居天子の困惑？
2026-03-10 23:40:27 - mkk_pika - main.py:35 - INFO - 开始检查(C74) [Luft Forst (KAZAMI澪)] 萌東方幻想郷 - 緋想天賦 (東方Project)是否存在未下载章节
2026-03-10 23:40:27 - mkk_pika - main.py:45 - INFO - 正在下载:[(C74) [Luft Forst (KAZAMI澪)] 萌東方幻想郷 - 緋想天賦 (東方Project)]-[[Luft Forst (KAZAMI澪)]-[['同人', '短篇', '全彩', '東方']]-[total_pages:7]
2026-03-10 23:40:27 - mkk_pika - main.py:49 - INFO - [{'_id': '58219ca25f6b9a4f93ebce33', 'title': '第1集', 'order': 1, 'updated_at': '2016-11-08T09:36:34.781Z', 'id': '58219ca25f6b9a4f93ebce33'}]
2026-03-10 23:40:27 - mkk_pika - database.py:215 - INFO - 第一次下载该漫画，记录数据库中
2026-03-10 23:40:28 - mkk_pika - main.py:83 - INFO - 找到 7 张图片在:第1集
2026-03-10 23:40:28 - mkk_pika - main.py:112 - INFO - [episode:第1集       ] downloaded:     7, total:   7, progress:100%
2026-03-10 23:40:28 - mkk_pika - database.py:238 - INFO - 数据库更新已下载章节
2026-03-10 23:40:28 - mkk_pika - database.py:244 - INFO - 该漫画已下载章节如下
2026-03-10 23:40:28 - mkk_pika - database.py:245 - INFO - ['第1集']
2026-03-10 23:40:30 - mkk_pika - main.py:348 - INFO - ==================== 漫画信息 ====================
                                   漫画ID：58219ca25f6b9a4f93ebce31
                                   标题：(C74) [Luft Forst (KAZAMI澪)] 萌東方幻想郷 - 緋想天賦 (東方Project)
                                   作者：[Luft Forst (KAZAMI澪)
                                   是否完结：是
                                   总页数：7
                                   分类：同人,短篇,全彩,東方
                                   章节数：1
                                   最后更新时间：2011-09-28T14:47:09.000Z
                                   =================================================
2026-03-10 23:40:30 - mkk_pika - database.py:101 - INFO - 保存成功：(C74) [Luft Forst (KAZAMI澪)] 萌東方幻想郷 - 緋想天賦 (東方Project)
2026-03-10 23:40:30 - mkk_pika - main.py:35 - INFO - 开始检查(例大祭10) [風道屋 (まもウィリアムズ)] 絶対変なことしないでよ! (東方Project)是否存在未下载章节
2026-03-10 23:40:30 - mkk_pika - main.py:45 - INFO - 正在下载:[(例大祭10) [風道屋 (まもウィリアムズ)] 絶対変なことしないでよ! (東方Project)]-[風道屋 (まもウィリアムズ)]-[['同人', '短篇', '全彩', '東方']]-[total_pages:14]
2026-03-10 23:40:30 - mkk_pika - main.py:49 - INFO - [{'_id': '58219ca35f6b9a4f93ebce45', 'title': '第1集', 'order': 1, 'updated_at': '2016-11-08T09:36:35.326Z', 'id': '58219ca35f6b9a4f93ebce45'}]
2026-03-10 23:40:30 - mkk_pika - database.py:215 - INFO - 第一次下载该漫画，记录数据库中
2026-03-10 23:40:30 - mkk_pika - main.py:83 - INFO - 找到 14 张图片在:第1集
2026-03-10 23:40:31 - mkk_pika - main.py:112 - INFO - [episode:第1集       ] downloaded:    14, total:  14, progress:100%
2026-03-10 23:40:31 - mkk_pika - database.py:238 - INFO - 数据库更新已下载章节
2026-03-10 23:40:31 - mkk_pika - database.py:244 - INFO - 该漫画已下载章节如下
2026-03-10 23:40:31 - mkk_pika - database.py:245 - INFO - ['第1集']
2026-03-10 23:40:32 - mkk_pika - main.py:348 - INFO - ==================== 漫画信息 ====================
                                   漫画ID：58219ca25f6b9a4f93ebce43
                                   标题：(例大祭10) [風道屋 (まもウィリアムズ)] 絶対変なことしないでよ! (東方Project)
                                   作者：風道屋 (まもウィリアムズ)
                                   是否完结：是
                                   总页数：14
                                   分类：同人,短篇,全彩,東方
                                   章节数：1
                                   最后更新时间：2011-09-29T00:47:09.000Z
                                   =================================================
2026-03-10 23:40:32 - mkk_pika - database.py:101 - INFO - 保存成功：(例大祭10) [風道屋 (まもウィリアムズ)] 絶対変なことしないでよ! (東方Project)
2026-03-10 23:40:32 - mkk_pika - main.py:35 - INFO - 开始检查(例大祭10) [たこ焼き畑 (たこ焼き)] 傲岸不遜の報い (東方Project)是否存在未下载章节
2026-03-10 23:40:32 - mkk_pika - main.py:45 - INFO - 正在下载:[(例大祭10) [たこ焼き畑 (たこ焼き)] 傲岸不遜の報い (東方Project)]-[たこ焼き畑 (たこ焼き]-[['同人', '短篇', '強暴', '東方']]-[total_pages:23]
2026-03-10 23:40:32 - mkk_pika - main.py:49 - INFO - [{'_id': '58219ca35f6b9a4f93ebce65', 'title': '第1集', 'order': 1, 'updated_at': '2016-11-08T09:36:35.945Z', 'id': '58219ca35f6b9a4f93ebce65'}]
2026-03-10 23:40:32 - mkk_pika - database.py:215 - INFO - 第一次下载该漫画，记录数据库中
2026-03-10 23:40:33 - mkk_pika - main.py:83 - INFO - 找到 23 张图片在:第1集
2026-03-10 23:40:33 - mkk_pika - main.py:112 - INFO - [episode:第1集       ] downloaded:    23, total:  23, progress:100%
2026-03-10 23:40:33 - mkk_pika - database.py:238 - INFO - 数据库更新已下载章节
2026-03-10 23:40:33 - mkk_pika - database.py:244 - INFO - 该漫画已下载章节如下
2026-03-10 23:40:33 - mkk_pika - database.py:245 - INFO - ['第1集']
2026-03-10 23:40:35 - mkk_pika - main.py:348 - INFO - ==================== 漫画信息 ====================
                                   漫画ID：58219ca35f6b9a4f93ebce63
                                   标题：(例大祭10) [たこ焼き畑 (たこ焼き)] 傲岸不遜の報い (東方Project)
                                   作者：たこ焼き畑 (たこ焼き
                                   是否完结：是
                                   总页数：23
                                   分类：同人,短篇,強暴,東方
                                   章节数：1
                                   最后更新时间：2011-09-29T10:47:09.000Z
                                   =================================================
2026-03-10 23:40:35 - mkk_pika - database.py:101 - INFO - 保存成功：(例大祭10) [たこ焼き畑 (たこ焼き)] 傲岸不遜の報い (東方Project)
2026-03-10 23:40:35 - mkk_pika - main.py:35 - INFO - 开始检查(C85)[こーひーめーかー(TEL)]秘書艦瑞鳳の何気ない一日(艦隊これくしょん -艦これ-)是否存在未下载章节
2026-03-10 23:40:35 - mkk_pika - main.py:45 - INFO - 正在下载:[(C85)[こーひーめーかー(TEL)]秘書艦瑞鳳の何気ない一日(艦隊これくしょん -艦これ-)]-[TEL]-[['同人', '短篇', '艦隊收藏', '純愛']]-[total_pages:35]
2026-03-10 23:40:35 - mkk_pika - main.py:49 - INFO - [{'_id': '58219ca45f6b9a4f93ebce97', 'title': '第1集', 'order': 1, 'updated_at': '2016-11-08T09:36:36.345Z', 'id': '58219ca45f6b9a4f93ebce97'}]
2026-03-10 23:40:35 - mkk_pika - database.py:215 - INFO - 第一次下载该漫画，记录数据库中
2026-03-10 23:40:36 - mkk_pika - main.py:83 - INFO - 找到 35 张图片在:第1集
2026-03-10 23:40:36 - mkk_pika - main.py:112 - INFO - [episode:第1集       ] downloaded:    35, total:  35, progress:100%
2026-03-10 23:40:36 - mkk_pika - database.py:238 - INFO - 数据库更新已下载章节
2026-03-10 23:40:36 - mkk_pika - database.py:244 - INFO - 该漫画已下载章节如下
2026-03-10 23:40:36 - mkk_pika - database.py:245 - INFO - ['第1集']
2026-03-10 23:40:38 - mkk_pika - main.py:348 - INFO - ==================== 漫画信息 ====================
                                   漫画ID：58219ca45f6b9a4f93ebce95
                                   标题：(C85)[こーひーめーかー(TEL)]秘書艦瑞鳳の何気ない一日(艦隊これくしょん -艦これ-)
                                   作者：TEL
                                   是否完结：是
                                   总页数：35
                                   分类：同人,短篇,艦隊收藏,純愛
                                   章节数：1
                                   最后更新时间：2011-09-29T20:47:09.000Z
                                   =================================================
2026-03-10 23:40:38 - mkk_pika - database.py:101 - INFO - 保存成功：(C85)[こーひーめーかー(TEL)]秘書艦瑞鳳の何気ない一日(艦隊これくしょん -艦これ-)
2026-03-10 23:40:38 - mkk_pika - main.py:35 - INFO - 开始检查(C84) [スサノアラシ (竹森真太郎)] 総領娘様と僕。 (東方Project)是否存在未下载章节
2026-03-10 23:40:38 - mkk_pika - main.py:45 - INFO - 正在下载:[(C84) [スサノアラシ (竹森真太郎)] 総領娘様と僕。 (東方Project)]-[スサノアラシ (竹森真太郎)]-[['同人', '短篇', '東方']]-[total_pages:23]
2026-03-10 23:40:38 - mkk_pika - main.py:49 - INFO - [{'_id': '58219ca55f6b9a4f93ebcee1', 'title': '第1集', 'order': 1, 'updated_at': '2016-11-08T09:36:37.478Z', 'id': '58219ca55f6b9a4f93ebcee1'}]
2026-03-10 23:40:38 - mkk_pika - database.py:215 - INFO - 第一次下载该漫画，记录数据库中
2026-03-10 23:40:38 - mkk_pika - main.py:83 - INFO - 找到 23 张图片在:第1集
2026-03-10 23:40:39 - mkk_pika - main.py:112 - INFO - [episode:第1集       ] downloaded:    23, total:  23, progress:100%
2026-03-10 23:40:39 - mkk_pika - database.py:238 - INFO - 数据库更新已下载章节
2026-03-10 23:40:39 - mkk_pika - database.py:244 - INFO - 该漫画已下载章节如下
2026-03-10 23:40:39 - mkk_pika - database.py:245 - INFO - ['第1集']
2026-03-10 23:40:40 - mkk_pika - main.py:348 - INFO - ==================== 漫画信息 ====================
                                   漫画ID：58219ca45f6b9a4f93ebcedf
                                   标题：(C84) [スサノアラシ (竹森真太郎)] 総領娘様と僕。 (東方Project)
                                   作者：スサノアラシ (竹森真太郎)
                                   是否完结：是
                                   总页数：23
                                   分类：同人,短篇,東方
                                   章节数：1
                                   最后更新时间：2011-09-30T06:47:09.000Z
                                   =================================================
2026-03-10 23:40:40 - mkk_pika - database.py:101 - INFO - 保存成功：(C84) [スサノアラシ (竹森真太郎)] 総領娘様と僕。 (東方Project)
2026-03-10 23:40:40 - mkk_pika - main.py:35 - INFO - 开始检查(C76) [アビオン村F (ふぇっちー)] 絶対教育 (東方Project)是否存在未下载章节
2026-03-10 23:40:40 - mkk_pika - main.py:45 - INFO - 正在下载:[(C76) [アビオン村F (ふぇっちー)] 絶対教育 (東方Project)]-[アビオン村F (ふぇっちー)]-[['同人', '短篇', '強暴', '東方']]-[total_pages:16]
2026-03-10 23:40:40 - mkk_pika - main.py:49 - INFO - [{'_id': '58219ca65f6b9a4f93ebcf13', 'title': '第1集', 'order': 1, 'updated_at': '2016-11-08T09:36:38.163Z', 'id': '58219ca65f6b9a4f93ebcf13'}]
2026-03-10 23:40:40 - mkk_pika - database.py:215 - INFO - 第一次下载该漫画，记录数据库中
2026-03-10 23:40:41 - mkk_pika - main.py:83 - INFO - 找到 16 张图片在:第1集
2026-03-10 23:40:41 - mkk_pika - main.py:112 - INFO - [episode:第1集       ] downloaded:    16, total:  16, progress:100%
2026-03-10 23:40:41 - mkk_pika - database.py:238 - INFO - 数据库更新已下载章节
2026-03-10 23:40:41 - mkk_pika - database.py:244 - INFO - 该漫画已下载章节如下
2026-03-10 23:40:41 - mkk_pika - database.py:245 - INFO - ['第1集']
2026-03-10 23:40:43 - mkk_pika - main.py:348 - INFO - ==================== 漫画信息 ====================
                                   漫画ID：58219ca55f6b9a4f93ebcf11
                                   标题：(C76) [アビオン村F (ふぇっちー)] 絶対教育 (東方Project)
                                   作者：アビオン村F (ふぇっちー)
                                   是否完结：是
                                   总页数：16
                                   分类：同人,短篇,強暴,東方
                                   章节数：1
                                   最后更新时间：2011-09-30T16:47:09.000Z
                                   =================================================
2026-03-10 23:40:43 - mkk_pika - database.py:101 - INFO - 保存成功：(C76) [アビオン村F (ふぇっちー)] 絶対教育 (東方Project)
2026-03-10 23:40:43 - mkk_pika - main.py:35 - INFO - 开始检查(COMIC1☆8) [二次性徴 (掃除朋具)] 彼シャツ×カノジョ (ウィッチクラフトワークス) [夢之行蹤漢化組]是否存在未下载章节
2026-03-10 23:40:43 - mkk_pika - main.py:45 - INFO - 正在下载:[(COMIC1☆8) [二次性徴 (掃除朋具)] 彼シャツ×カノジョ (ウィッチクラフトワークス) [夢之行蹤漢化組]]-[二次性徴 (掃除朋具)]-[['同人', '短篇', '純愛']]-[total_pages:20]
2026-03-10 23:40:43 - mkk_pika - main.py:49 - INFO - [{'_id': '58219cb05f6b9a4f93ebd447', 'title': '第1集', 'order': 1, 'updated_at': '2016-11-08T09:36:48.481Z', 'id': '58219cb05f6b9a4f93ebd447'}]
2026-03-10 23:40:43 - mkk_pika - database.py:215 - INFO - 第一次下载该漫画，记录数据库中
2026-03-10 23:40:43 - mkk_pika - main.py:83 - INFO - 找到 20 张图片在:第1集
2026-03-10 23:40:44 - mkk_pika - main.py:112 - INFO - [episode:第1集       ] downloaded:    20, total:  20, progress:100%
2026-03-10 23:40:44 - mkk_pika - database.py:238 - INFO - 数据库更新已下载章节
2026-03-10 23:40:44 - mkk_pika - database.py:244 - INFO - 该漫画已下载章节如下
2026-03-10 23:40:44 - mkk_pika - database.py:245 - INFO - ['第1集']
2026-03-10 23:40:45 - mkk_pika - main.py:348 - INFO - ==================== 漫画信息 ====================
                                   漫画ID：58219caf5f6b9a4f93ebd445
                                   标题：(COMIC1☆8) [二次性徴 (掃除朋具)] 彼シャツ×カノジョ (ウィッチクラフトワークス) [夢之行蹤漢化組]
                                   作者：二次性徴 (掃除朋具)
                                   是否完结：是
                                   总页数：20
                                   分类：同人,短篇,純愛
                                   章节数：1
                                   最后更新时间：2011-10-01T12:47:09.000Z
                                   =================================================
2026-03-10 23:40:45 - mkk_pika - database.py:101 - INFO - 保存成功：(COMIC1☆8) [二次性徴 (掃除朋具)] 彼シャツ×カノジョ (ウィッチクラフトワークス) [夢之行蹤漢化組]
2026-03-10 23:40:45 - mkk_pika - main.py:35 - INFO - 开始检查 色母是否存在未下载章节
2026-03-10 23:40:46 - mkk_pika - main.py:45 - INFO - 正在下载:[ 色母]-[もんぷち]-[['人妻', '短篇', 'NTR']]-[total_pages:16]
2026-03-10 23:40:46 - mkk_pika - main.py:49 - INFO - [{'_id': '58219cb15f6b9a4f93ebd48f', 'title': '第1集', 'order': 1, 'updated_at': '2016-11-08T09:36:49.241Z', 'id': '58219cb15f6b9a4f93ebd48f'}]
2026-03-10 23:40:46 - mkk_pika - database.py:215 - INFO - 第一次下载该漫画，记录数据库中
2026-03-10 23:40:46 - mkk_pika - main.py:83 - INFO - 找到 16 张图片在:第1集
2026-03-10 23:40:46 - mkk_pika - main.py:112 - INFO - [episode:第1集       ] downloaded:    16, total:  16, progress:100%
2026-03-10 23:40:46 - mkk_pika - database.py:238 - INFO - 数据库更新已下载章节
2026-03-10 23:40:46 - mkk_pika - database.py:244 - INFO - 该漫画已下载章节如下
2026-03-10 23:40:46 - mkk_pika - database.py:245 - INFO - ['第1集']
2026-03-10 23:40:48 - mkk_pika - main.py:348 - INFO - ==================== 漫画信息 ====================
                                   漫画ID：58219cb05f6b9a4f93ebd48d
                                   标题： 色母
                                   作者：もんぷち
                                   是否完结：否
                                   总页数：16
                                   分类：人妻,短篇,NTR
                                   章节数：1
                                   最后更新时间：2011-10-02T08:47:09.000Z
                                   =================================================
2026-03-10 23:40:48 - mkk_pika - database.py:101 - INFO - 保存成功： 色母
2026-03-10 23:40:48 - mkk_pika - main.py:35 - INFO - 开始检查[宵野コタロー] 正值美味性感小美人 是否存在未下载章节
2026-03-10 23:40:48 - mkk_pika - main.py:45 - INFO - 正在下载:[[宵野コタロー] 正值美味性感小美人 ]-[宵野コタロー]-[['長篇', '純愛']]-[total_pages:208]
2026-03-10 23:40:48 - mkk_pika - main.py:49 - INFO - [{'_id': '58219cb75f6b9a4f93ebd79f', 'title': '第1集', 'order': 1, 'updated_at': '2016-11-08T09:36:55.838Z', 'id': '58219cb75f6b9a4f93ebd79f'}]
2026-03-10 23:40:48 - mkk_pika - database.py:215 - INFO - 第一次下载该漫画，记录数据库中
2026-03-10 23:40:50 - mkk_pika - main.py:83 - INFO - 找到 208 张图片在:第1集
2026-03-10 23:40:54 - mkk_pika - main.py:112 - INFO - [episode:第1集       ] downloaded:   208, total: 208, progress:100%
2026-03-10 23:40:54 - mkk_pika - database.py:238 - INFO - 数据库更新已下载章节
2026-03-10 23:40:54 - mkk_pika - database.py:244 - INFO - 该漫画已下载章节如下
2026-03-10 23:40:54 - mkk_pika - database.py:245 - INFO - ['第1集']
2026-03-10 23:40:56 - mkk_pika - main.py:348 - INFO - ==================== 漫画信息 ====================
                                   漫画ID：58219cb75f6b9a4f93ebd79d
                                   标题：[宵野コタロー] 正值美味性感小美人 
                                   作者：宵野コタロー
                                   是否完结：是
                                   总页数：208
                                   分类：長篇,純愛
                                   章节数：1
                                   最后更新时间：2011-10-06T02:47:09.000Z
                                   =================================================
2026-03-10 23:40:56 - mkk_pika - database.py:101 - INFO - 保存成功：[宵野コタロー] 正值美味性感小美人 
2026-03-10 23:40:56 - mkk_pika - main.py:380 - INFO - 本次任务下载完毕
2026-03-10 23:40:56 - mkk_pika - database.py:173 - INFO - 数据库连接已关闭
