2025-12-28 03:45:41 - mkk_pika - main.py:193 - INFO - =======================================================================
2025-12-28 03:45:41 - mkk_pika - database.py:61 - INFO - 表和索引初始化成功
2025-12-28 03:45:41 - mkk_pika - main.py:197 - INFO - 已经累计下载265本漫画
2025-12-28 03:45:42 - mkk_pika - api.py:87 - INFO - 登录成功
2025-12-28 03:45:42 - mkk_pika - main.py:203 - INFO - 收藏夹共计1本漫画
2025-12-28 03:45:42 - mkk_pika - main.py:206 - INFO - 开始下载收藏夹内未下载内容
2025-12-28 03:45:42 - mkk_pika - main.py:35 - INFO - 开始检查[Artist] BBStaff（AI）是否存在未下载章节
2025-12-28 03:45:43 - mkk_pika - database.py:203 - INFO - 查询数据库中是否已存在伊蕾娜
2025-12-28 03:45:43 - mkk_pika - database.py:203 - INFO - 查询数据库中是否已存在金色暗影
2025-12-28 03:45:43 - mkk_pika - database.py:203 - INFO - 查询数据库中是否已存在惠惠
2025-12-28 03:45:43 - mkk_pika - database.py:203 - INFO - 查询数据库中是否已存在结城美柑
2025-12-28 03:45:43 - mkk_pika - database.py:203 - INFO - 查询数据库中是否已存在贝尔泽古·斯黛莉休·索德·爱丽丝
2025-12-28 03:45:43 - mkk_pika - database.py:203 - INFO - 查询数据库中是否已存在板柳有栖
2025-12-28 03:45:43 - mkk_pika - database.py:203 - INFO - 查询数据库中是否已存在尤菲莉亚·玛泽塔
2025-12-28 03:45:43 - mkk_pika - database.py:203 - INFO - 查询数据库中是否已存在椎名日和
2025-12-28 03:45:43 - mkk_pika - database.py:203 - INFO - 查询数据库中是否已存在高町奈叶
2025-12-28 03:45:43 - mkk_pika - database.py:203 - INFO - 查询数据库中是否已存在星野瑠美衣
2025-12-28 03:45:43 - mkk_pika - database.py:203 - INFO - 查询数据库中是否已存在小柳香穗
2025-12-28 03:45:43 - mkk_pika - database.py:203 - INFO - 查询数据库中是否已存在甘织玲奈子
2025-12-28 03:45:43 - mkk_pika - database.py:203 - INFO - 查询数据库中是否已存在伊地知虹夏
2025-12-28 03:45:43 - mkk_pika - database.py:203 - INFO - 查询数据库中是否已存在芙兰达·塞维伦
2025-12-28 03:45:43 - mkk_pika - database.py:203 - INFO - 查询数据库中是否已存在小美浪爱澄
2025-12-28 03:45:43 - mkk_pika - database.py:203 - INFO - 查询数据库中是否已存在有马加奈
2025-12-28 03:45:43 - mkk_pika - database.py:203 - INFO - 查询数据库中是否已存在白银圭
2025-12-28 03:45:43 - mkk_pika - database.py:203 - INFO - 查询数据库中是否已存在鹿目圆香
2025-12-28 03:45:43 - mkk_pika - main.py:45 - INFO - 正在下载:[[Artist] BBStaff（AI）]-[BBStaff]-[['全彩', '同人', 'CG雜圖']]-[total_pages:3596]
2025-12-28 03:45:43 - mkk_pika - main.py:49 - INFO - [{'_id': '694ea893373aba2369f347ab', 'title': '鹿目圆香', 'order': 18, 'updated_at': '2025-12-26T11:16:18.305Z', 'id': '694ea893373aba2369f347ab'}]
2025-12-28 03:45:44 - mkk_pika - main.py:83 - INFO - 找到 116 张图片在:鹿目圆香
2025-12-28 03:45:49 - mkk_pika - main.py:112 - INFO - [episode:鹿目圆香      ] downloaded:   116, total: 116, progress:100%
2025-12-28 03:45:49 - mkk_pika - database.py:238 - INFO - 数据库更新已下载章节
2025-12-28 03:45:49 - mkk_pika - database.py:244 - INFO - 该漫画已下载章节如下
2025-12-28 03:45:49 - mkk_pika - database.py:245 - INFO - ['伊蕾娜', '金色暗影', '惠惠', '结城美柑', '贝尔泽古·斯黛莉休·索德·爱丽丝', '板柳有栖', '尤菲莉亚·玛泽塔', '椎名日和', '高町奈叶', '星野瑠美衣', '小柳香穗', '甘织玲奈子', '伊地知虹夏', '芙兰达·塞维伦', '小美浪爱澄', '有马加奈', '白银圭', '鹿目圆香']
2025-12-28 03:45:50 - mkk_pika - main.py:224 - INFO - ==================== 漫画信息 ====================
                漫画ID：687a1b80ecd86823a404aa48
                标题：[Artist] BBStaff（AI）
                作者：BBStaff
                是否完结：否
                总页数：3596
                分类：全彩,同人,CG雜圖
                章节数：18
                最后更新时间：2025-12-26T15:24:03.944Z
                =================================================
2025-12-28 03:45:50 - mkk_pika - database.py:101 - INFO - 保存成功：[Artist] BBStaff（AI）
2025-12-28 03:45:50 - mkk_pika - util.py:164 - INFO - 目标时间（UTC）：2025-12-26 15:24:03.944000+00:00
2025-12-28 03:45:50 - mkk_pika - util.py:165 - INFO - 当前UTC时间：2025-12-28 03:45:50.466923+00:00
2025-12-28 03:45:50 - mkk_pika - util.py:167 - INFO - 相差：1 天 12 小时 21 分钟
2025-12-28 03:45:50 - mkk_pika - main.py:266 - INFO - 收藏夹内容下载完毕
2025-12-28 03:45:50 - mkk_pika - main.py:268 - INFO - 开始下载订阅内容
2025-12-28 03:45:50 - mkk_pika - database.py:258 - INFO - 根据ID查询到标题：萝莉 -> 即堕落萝莉永远娘
2025-12-28 03:45:50 - mkk_pika - database.py:101 - INFO - 保存成功：[原神萝莉同人]圣诞节特摄（鹿铃）[无修正]
2025-12-28 03:45:50 - mkk_pika - main.py:273 - INFO - 关键词萝莉找到0本漫画
2025-12-28 03:45:50 - mkk_pika - database.py:258 - INFO - 根据ID查询到标题：蘿莉 -> [pixiv] Xerganea (90281477)（AI）
2025-12-28 03:45:51 - mkk_pika - database.py:101 - INFO - 保存成功：小さな姫は×××に夢中です
2025-12-28 03:45:51 - mkk_pika - main.py:273 - INFO - 关键词蘿莉找到3本漫画
2025-12-28 03:45:51 - mkk_pika - main.py:275 - INFO - 订阅内容共计3本漫画
2025-12-28 03:45:51 - mkk_pika - main.py:35 - INFO - 开始检查悪魔娘監禁日誌/恶魔娘监禁日志7-30[中国翻译]是否存在未下载章节
2025-12-28 03:45:51 - mkk_pika - main.py:45 - INFO - 正在下载:[悪魔娘監禁日誌/恶魔娘监禁日志7-30[中国翻译]]-[はせ☆裕]-[['長篇', '非人類']]-[total_pages:-1]
2025-12-28 03:45:51 - mkk_pika - main.py:49 - INFO - [{'_id': '6782b4b885fed532ac622ac0', 'title': '第7話', 'order': 1, 'updated_at': '2025-01-11T04:50:58.083Z', 'id': '6782b4b885fed532ac622ac0'}, {'_id': '6782b4b885fed532ac622ac1', 'title': '第8話', 'order': 2, 'updated_at': '2025-01-11T04:50:30.382Z', 'id': '6782b4b885fed532ac622ac1'}, {'_id': '6782b4b885fed532ac622ac2', 'title': '第9話', 'order': 3, 'updated_at': '2025-01-11T04:49:35.317Z', 'id': '6782b4b885fed532ac622ac2'}, {'_id': '6782b4b885fed532ac622ac3', 'title': '第10話', 'order': 4, 'updated_at': '2025-01-11T04:49:15.925Z', 'id': '6782b4b885fed532ac622ac3'}, {'_id': '6782b4b885fed532ac622ac4', 'title': '第11話', 'order': 5, 'updated_at': '2025-01-11T04:48:55.319Z', 'id': '6782b4b885fed532ac622ac4'}, {'_id': '679273a7de7dbb19fb732c43', 'title': '第12話', 'order': 6, 'updated_at': '2025-01-22T13:48:27.097Z', 'id': '679273a7de7dbb19fb732c43'}, {'_id': '67ab76d68c3c50428a91da9f', 'title': '第13話', 'order': 7, 'updated_at': '2025-02-10T15:06:15.577Z', 'id': '67ab76d68c3c50428a91da9f'}, {'_id': '67baa13b32bdd872b2708929', 'title': '第14話', 'order': 8, 'updated_at': '2025-02-22T11:16:38.518Z', 'id': '67baa13b32bdd872b2708929'}, {'_id': '680785e19a5cb00fe2c98673', 'title': '第15話', 'order': 9, 'updated_at': '2025-04-21T13:52:04.204Z', 'id': '680785e19a5cb00fe2c98673'}, {'_id': '68276bb3c29b9f686744c874', 'title': '第16話', 'order': 10, 'updated_at': '2025-05-16T07:35:41.909Z', 'id': '68276bb3c29b9f686744c874'}, {'_id': '68d69dc0700d871dff89a4bc', 'title': '第17話', 'order': 11, 'updated_at': '2025-09-25T11:03:26.425Z', 'id': '68d69dc0700d871dff89a4bc'}, {'_id': '68d69dc0700d871dff89a4bd', 'title': '第18話', 'order': 12, 'updated_at': '2025-09-25T11:03:52.326Z', 'id': '68d69dc0700d871dff89a4bd'}, {'_id': '68ee79f4a45b484867081065', 'title': '第19話', 'order': 13, 'updated_at': '2025-10-13T15:27:57.725Z', 'id': '68ee79f4a45b484867081065'}, {'_id': '68ee79f4a45b484867081066', 'title': '第20話', 'order': 14, 'updated_at': '2025-10-13T15:29:45.691Z', 'id': '68ee79f4a45b484867081066'}, {'_id': '68fa4f291a09805ce5b0b5bc', 'title': '第21話', 'order': 15, 'updated_at': '2025-10-22T12:58:53.632Z', 'id': '68fa4f291a09805ce5b0b5bc'}, {'_id': '690a2d70c35d4c0f78c9b489', 'title': '第22話v2', 'order': 16, 'updated_at': '2025-11-04T03:29:01.462Z', 'id': '690a2d70c35d4c0f78c9b489'}, {'_id': '68fe500edc98846b87fe79fd', 'title': '第23話', 'order': 17, 'updated_at': '2025-10-25T13:35:17.403Z', 'id': '68fe500edc98846b87fe79fd'}, {'_id': '690a2d70c35d4c0f78c9b48a', 'title': '第24話', 'order': 18, 'updated_at': '2025-11-04T02:21:34.174Z', 'id': '690a2d70c35d4c0f78c9b48a'}, {'_id': '690a2d70c35d4c0f78c9b48b', 'title': '第25話', 'order': 19, 'updated_at': '2025-11-04T03:26:04.517Z', 'id': '690a2d70c35d4c0f78c9b48b'}, {'_id': '69120e1e62ed5044e916e3fe', 'title': '第26話', 'order': 20, 'updated_at': '2025-11-09T18:05:50.498Z', 'id': '69120e1e62ed5044e916e3fe'}, {'_id': '6914d80ca4f4e3728212f0f3', 'title': '第27話', 'order': 21, 'updated_at': '2025-11-12T12:01:01.448Z', 'id': '6914d80ca4f4e3728212f0f3'}, {'_id': '691f5623e0c5bc16c3ebc571', 'title': '第28話', 'order': 22, 'updated_at': '2025-11-20T10:19:06.561Z', 'id': '691f5623e0c5bc16c3ebc571'}, {'_id': '692b1ebacef3d648234c3a72', 'title': '第29話', 'order': 23, 'updated_at': '2025-11-28T15:26:12.404Z', 'id': '692b1ebacef3d648234c3a72'}, {'_id': '694ea8794fb1246071ee8c90', 'title': '第30話', 'order': 24, 'updated_at': '2025-12-26T10:44:35.087Z', 'id': '694ea8794fb1246071ee8c90'}]
2025-12-28 03:45:51 - mkk_pika - database.py:215 - INFO - 第一次下载该漫画，记录数据库中
2025-12-28 03:45:52 - mkk_pika - main.py:83 - INFO - 找到 18 张图片在:第7話
2025-12-28 03:45:53 - mkk_pika - main.py:112 - INFO - [episode:第7話       ] downloaded:    18, total:  18, progress:100%
2025-12-28 03:45:53 - mkk_pika - database.py:238 - INFO - 数据库更新已下载章节
2025-12-28 03:45:53 - mkk_pika - database.py:244 - INFO - 该漫画已下载章节如下
2025-12-28 03:45:53 - mkk_pika - database.py:245 - INFO - ['第7話']
2025-12-28 03:45:54 - mkk_pika - main.py:83 - INFO - 找到 19 张图片在:第8話
2025-12-28 03:45:55 - mkk_pika - main.py:112 - INFO - [episode:第8話       ] downloaded:    19, total:  19, progress:100%
2025-12-28 03:45:55 - mkk_pika - database.py:238 - INFO - 数据库更新已下载章节
2025-12-28 03:45:55 - mkk_pika - database.py:244 - INFO - 该漫画已下载章节如下
2025-12-28 03:45:55 - mkk_pika - database.py:245 - INFO - ['第7話', '第8話']
2025-12-28 03:45:57 - mkk_pika - main.py:83 - INFO - 找到 23 张图片在:第9話
2025-12-28 03:45:58 - mkk_pika - main.py:112 - INFO - [episode:第9話       ] downloaded:    23, total:  23, progress:100%
2025-12-28 03:45:58 - mkk_pika - database.py:238 - INFO - 数据库更新已下载章节
2025-12-28 03:45:58 - mkk_pika - database.py:244 - INFO - 该漫画已下载章节如下
2025-12-28 03:45:58 - mkk_pika - database.py:245 - INFO - ['第7話', '第8話', '第9話']
2025-12-28 03:45:59 - mkk_pika - main.py:83 - INFO - 找到 17 张图片在:第10話
2025-12-28 03:46:00 - mkk_pika - main.py:112 - INFO - [episode:第10話      ] downloaded:    17, total:  17, progress:100%
2025-12-28 03:46:00 - mkk_pika - database.py:238 - INFO - 数据库更新已下载章节
2025-12-28 03:46:00 - mkk_pika - database.py:244 - INFO - 该漫画已下载章节如下
2025-12-28 03:46:00 - mkk_pika - database.py:245 - INFO - ['第7話', '第8話', '第9話', '第10話']
2025-12-28 03:46:02 - mkk_pika - main.py:83 - INFO - 找到 19 张图片在:第11話
2025-12-28 03:46:03 - mkk_pika - main.py:112 - INFO - [episode:第11話      ] downloaded:    19, total:  19, progress:100%
2025-12-28 03:46:03 - mkk_pika - database.py:238 - INFO - 数据库更新已下载章节
2025-12-28 03:46:03 - mkk_pika - database.py:244 - INFO - 该漫画已下载章节如下
2025-12-28 03:46:03 - mkk_pika - database.py:245 - INFO - ['第7話', '第8話', '第9話', '第10話', '第11話']
2025-12-28 03:46:04 - mkk_pika - main.py:83 - INFO - 找到 33 张图片在:第12話
2025-12-28 03:46:06 - mkk_pika - main.py:112 - INFO - [episode:第12話      ] downloaded:    33, total:  33, progress:100%
2025-12-28 03:46:06 - mkk_pika - database.py:238 - INFO - 数据库更新已下载章节
2025-12-28 03:46:06 - mkk_pika - database.py:244 - INFO - 该漫画已下载章节如下
2025-12-28 03:46:06 - mkk_pika - database.py:245 - INFO - ['第7話', '第8話', '第9話', '第10話', '第11話', '第12話']
2025-12-28 03:46:07 - mkk_pika - main.py:83 - INFO - 找到 14 张图片在:第13話
2025-12-28 03:46:08 - mkk_pika - main.py:112 - INFO - [episode:第13話      ] downloaded:    14, total:  14, progress:100%
2025-12-28 03:46:08 - mkk_pika - database.py:238 - INFO - 数据库更新已下载章节
2025-12-28 03:46:08 - mkk_pika - database.py:244 - INFO - 该漫画已下载章节如下
2025-12-28 03:46:08 - mkk_pika - database.py:245 - INFO - ['第7話', '第8話', '第9話', '第10話', '第11話', '第12話', '第13話']
2025-12-28 03:46:09 - mkk_pika - main.py:83 - INFO - 找到 18 张图片在:第14話
2025-12-28 03:46:10 - mkk_pika - main.py:112 - INFO - [episode:第14話      ] downloaded:    18, total:  18, progress:100%
2025-12-28 03:46:10 - mkk_pika - database.py:238 - INFO - 数据库更新已下载章节
2025-12-28 03:46:10 - mkk_pika - database.py:244 - INFO - 该漫画已下载章节如下
2025-12-28 03:46:10 - mkk_pika - database.py:245 - INFO - ['第7話', '第8話', '第9話', '第10話', '第11話', '第12話', '第13話', '第14話']
2025-12-28 03:46:12 - mkk_pika - main.py:83 - INFO - 找到 30 张图片在:第15話
2025-12-28 03:46:13 - mkk_pika - main.py:112 - INFO - [episode:第15話      ] downloaded:    30, total:  30, progress:100%
2025-12-28 03:46:13 - mkk_pika - database.py:238 - INFO - 数据库更新已下载章节
2025-12-28 03:46:13 - mkk_pika - database.py:244 - INFO - 该漫画已下载章节如下
2025-12-28 03:46:13 - mkk_pika - database.py:245 - INFO - ['第7話', '第8話', '第9話', '第10話', '第11話', '第12話', '第13話', '第14話', '第15話']
2025-12-28 03:46:14 - mkk_pika - main.py:83 - INFO - 找到 20 张图片在:第16話
2025-12-28 03:46:15 - mkk_pika - main.py:112 - INFO - [episode:第16話      ] downloaded:    20, total:  20, progress:100%
2025-12-28 03:46:15 - mkk_pika - database.py:238 - INFO - 数据库更新已下载章节
2025-12-28 03:46:15 - mkk_pika - database.py:244 - INFO - 该漫画已下载章节如下
2025-12-28 03:46:15 - mkk_pika - database.py:245 - INFO - ['第7話', '第8話', '第9話', '第10話', '第11話', '第12話', '第13話', '第14話', '第15話', '第16話']
2025-12-28 03:46:17 - mkk_pika - main.py:83 - INFO - 找到 24 张图片在:第17話
2025-12-28 03:46:18 - mkk_pika - main.py:112 - INFO - [episode:第17話      ] downloaded:    24, total:  24, progress:100%
2025-12-28 03:46:18 - mkk_pika - database.py:238 - INFO - 数据库更新已下载章节
2025-12-28 03:46:18 - mkk_pika - database.py:244 - INFO - 该漫画已下载章节如下
2025-12-28 03:46:18 - mkk_pika - database.py:245 - INFO - ['第7話', '第8話', '第9話', '第10話', '第11話', '第12話', '第13話', '第14話', '第15話', '第16話', '第17話']
2025-12-28 03:46:19 - mkk_pika - main.py:83 - INFO - 找到 25 张图片在:第18話
2025-12-28 03:46:20 - mkk_pika - main.py:112 - INFO - [episode:第18話      ] downloaded:    25, total:  25, progress:100%
2025-12-28 03:46:20 - mkk_pika - database.py:238 - INFO - 数据库更新已下载章节
2025-12-28 03:46:20 - mkk_pika - database.py:244 - INFO - 该漫画已下载章节如下
2025-12-28 03:46:20 - mkk_pika - database.py:245 - INFO - ['第7話', '第8話', '第9話', '第10話', '第11話', '第12話', '第13話', '第14話', '第15話', '第16話', '第17話', '第18話']
2025-12-28 03:46:22 - mkk_pika - main.py:83 - INFO - 找到 19 张图片在:第19話
2025-12-28 03:46:23 - mkk_pika - main.py:112 - INFO - [episode:第19話      ] downloaded:    19, total:  19, progress:100%
2025-12-28 03:46:23 - mkk_pika - database.py:238 - INFO - 数据库更新已下载章节
2025-12-28 03:46:23 - mkk_pika - database.py:244 - INFO - 该漫画已下载章节如下
2025-12-28 03:46:23 - mkk_pika - database.py:245 - INFO - ['第7話', '第8話', '第9話', '第10話', '第11話', '第12話', '第13話', '第14話', '第15話', '第16話', '第17話', '第18話', '第19話']
2025-12-28 03:46:25 - mkk_pika - main.py:83 - INFO - 找到 26 张图片在:第20話
2025-12-28 03:46:26 - mkk_pika - main.py:112 - INFO - [episode:第20話      ] downloaded:    26, total:  26, progress:100%
2025-12-28 03:46:26 - mkk_pika - database.py:238 - INFO - 数据库更新已下载章节
2025-12-28 03:46:26 - mkk_pika - database.py:244 - INFO - 该漫画已下载章节如下
2025-12-28 03:46:26 - mkk_pika - database.py:245 - INFO - ['第7話', '第8話', '第9話', '第10話', '第11話', '第12話', '第13話', '第14話', '第15話', '第16話', '第17話', '第18話', '第19話', '第20話']
2025-12-28 03:46:27 - mkk_pika - main.py:83 - INFO - 找到 19 张图片在:第21話
2025-12-28 03:46:28 - mkk_pika - main.py:112 - INFO - [episode:第21話      ] downloaded:    19, total:  19, progress:100%
2025-12-28 03:46:28 - mkk_pika - database.py:238 - INFO - 数据库更新已下载章节
2025-12-28 03:46:28 - mkk_pika - database.py:244 - INFO - 该漫画已下载章节如下
2025-12-28 03:46:28 - mkk_pika - database.py:245 - INFO - ['第7話', '第8話', '第9話', '第10話', '第11話', '第12話', '第13話', '第14話', '第15話', '第16話', '第17話', '第18話', '第19話', '第20話', '第21話']
2025-12-28 03:46:30 - mkk_pika - main.py:83 - INFO - 找到 17 张图片在:第22話v2
2025-12-28 03:46:31 - mkk_pika - main.py:112 - INFO - [episode:第22話v2    ] downloaded:    17, total:  17, progress:100%
2025-12-28 03:46:31 - mkk_pika - database.py:238 - INFO - 数据库更新已下载章节
2025-12-28 03:46:31 - mkk_pika - database.py:244 - INFO - 该漫画已下载章节如下
2025-12-28 03:46:31 - mkk_pika - database.py:245 - INFO - ['第7話', '第8話', '第9話', '第10話', '第11話', '第12話', '第13話', '第14話', '第15話', '第16話', '第17話', '第18話', '第19話', '第20話', '第21話', '第22話v2']
2025-12-28 03:46:32 - mkk_pika - main.py:83 - INFO - 找到 10 张图片在:第23話
2025-12-28 03:46:33 - mkk_pika - main.py:112 - INFO - [episode:第23話      ] downloaded:    10, total:  10, progress:100%
2025-12-28 03:46:33 - mkk_pika - database.py:238 - INFO - 数据库更新已下载章节
2025-12-28 03:46:33 - mkk_pika - database.py:244 - INFO - 该漫画已下载章节如下
2025-12-28 03:46:33 - mkk_pika - database.py:245 - INFO - ['第7話', '第8話', '第9話', '第10話', '第11話', '第12話', '第13話', '第14話', '第15話', '第16話', '第17話', '第18話', '第19話', '第20話', '第21話', '第22話v2', '第23話']
2025-12-28 03:46:34 - mkk_pika - main.py:83 - INFO - 找到 15 张图片在:第24話
2025-12-28 03:46:35 - mkk_pika - main.py:112 - INFO - [episode:第24話      ] downloaded:    15, total:  15, progress:100%
2025-12-28 03:46:35 - mkk_pika - database.py:238 - INFO - 数据库更新已下载章节
2025-12-28 03:46:35 - mkk_pika - database.py:244 - INFO - 该漫画已下载章节如下
2025-12-28 03:46:35 - mkk_pika - database.py:245 - INFO - ['第7話', '第8話', '第9話', '第10話', '第11話', '第12話', '第13話', '第14話', '第15話', '第16話', '第17話', '第18話', '第19話', '第20話', '第21話', '第22話v2', '第23話', '第24話']
2025-12-28 03:46:36 - mkk_pika - main.py:83 - INFO - 找到 14 张图片在:第25話
2025-12-28 03:46:37 - mkk_pika - main.py:112 - INFO - [episode:第25話      ] downloaded:    14, total:  14, progress:100%
2025-12-28 03:46:37 - mkk_pika - database.py:238 - INFO - 数据库更新已下载章节
2025-12-28 03:46:37 - mkk_pika - database.py:244 - INFO - 该漫画已下载章节如下
2025-12-28 03:46:37 - mkk_pika - database.py:245 - INFO - ['第7話', '第8話', '第9話', '第10話', '第11話', '第12話', '第13話', '第14話', '第15話', '第16話', '第17話', '第18話', '第19話', '第20話', '第21話', '第22話v2', '第23話', '第24話', '第25話']
2025-12-28 03:46:39 - mkk_pika - main.py:83 - INFO - 找到 36 张图片在:第26話
2025-12-28 03:46:40 - mkk_pika - main.py:112 - INFO - [episode:第26話      ] downloaded:    36, total:  36, progress:100%
2025-12-28 03:46:40 - mkk_pika - database.py:238 - INFO - 数据库更新已下载章节
2025-12-28 03:46:40 - mkk_pika - database.py:244 - INFO - 该漫画已下载章节如下
2025-12-28 03:46:40 - mkk_pika - database.py:245 - INFO - ['第7話', '第8話', '第9話', '第10話', '第11話', '第12話', '第13話', '第14話', '第15話', '第16話', '第17話', '第18話', '第19話', '第20話', '第21話', '第22話v2', '第23話', '第24話', '第25話', '第26話']
2025-12-28 03:46:42 - mkk_pika - main.py:83 - INFO - 找到 23 张图片在:第27話
2025-12-28 03:46:43 - mkk_pika - main.py:112 - INFO - [episode:第27話      ] downloaded:    23, total:  23, progress:100%
2025-12-28 03:46:43 - mkk_pika - database.py:238 - INFO - 数据库更新已下载章节
2025-12-28 03:46:43 - mkk_pika - database.py:244 - INFO - 该漫画已下载章节如下
2025-12-28 03:46:43 - mkk_pika - database.py:245 - INFO - ['第7話', '第8話', '第9話', '第10話', '第11話', '第12話', '第13話', '第14話', '第15話', '第16話', '第17話', '第18話', '第19話', '第20話', '第21話', '第22話v2', '第23話', '第24話', '第25話', '第26話', '第27話']
2025-12-28 03:46:44 - mkk_pika - main.py:83 - INFO - 找到 21 张图片在:第28話
2025-12-28 03:46:45 - mkk_pika - main.py:112 - INFO - [episode:第28話      ] downloaded:    21, total:  21, progress:100%
2025-12-28 03:46:45 - mkk_pika - database.py:238 - INFO - 数据库更新已下载章节
2025-12-28 03:46:45 - mkk_pika - database.py:244 - INFO - 该漫画已下载章节如下
2025-12-28 03:46:45 - mkk_pika - database.py:245 - INFO - ['第7話', '第8話', '第9話', '第10話', '第11話', '第12話', '第13話', '第14話', '第15話', '第16話', '第17話', '第18話', '第19話', '第20話', '第21話', '第22話v2', '第23話', '第24話', '第25話', '第26話', '第27話', '第28話']
2025-12-28 03:46:47 - mkk_pika - main.py:83 - INFO - 找到 33 张图片在:第29話
2025-12-28 03:46:48 - mkk_pika - main.py:112 - INFO - [episode:第29話      ] downloaded:    33, total:  33, progress:100%
2025-12-28 03:46:48 - mkk_pika - database.py:238 - INFO - 数据库更新已下载章节
2025-12-28 03:46:48 - mkk_pika - database.py:244 - INFO - 该漫画已下载章节如下
2025-12-28 03:46:48 - mkk_pika - database.py:245 - INFO - ['第7話', '第8話', '第9話', '第10話', '第11話', '第12話', '第13話', '第14話', '第15話', '第16話', '第17話', '第18話', '第19話', '第20話', '第21話', '第22話v2', '第23話', '第24話', '第25話', '第26話', '第27話', '第28話', '第29話']
2025-12-28 03:46:50 - mkk_pika - main.py:83 - INFO - 找到 24 张图片在:第30話
2025-12-28 03:46:51 - mkk_pika - main.py:112 - INFO - [episode:第30話      ] downloaded:    24, total:  24, progress:100%
2025-12-28 03:46:51 - mkk_pika - database.py:238 - INFO - 数据库更新已下载章节
2025-12-28 03:46:51 - mkk_pika - database.py:244 - INFO - 该漫画已下载章节如下
2025-12-28 03:46:51 - mkk_pika - database.py:245 - INFO - ['第7話', '第8話', '第9話', '第10話', '第11話', '第12話', '第13話', '第14話', '第15話', '第16話', '第17話', '第18話', '第19話', '第20話', '第21話', '第22話v2', '第23話', '第24話', '第25話', '第26話', '第27話', '第28話', '第29話', '第30話']
2025-12-28 03:46:52 - mkk_pika - main.py:292 - INFO - ==================== 漫画信息 ====================
                                漫画ID：673b6d4fd86b410bfcd1a9ac
                                标题：悪魔娘監禁日誌/恶魔娘监禁日志7-30[中国翻译]
                                作者：はせ☆裕
                                是否完结：否
                                总页数：517
                                分类：長篇,非人類
                                章节数：24
                                最后更新时间：2025-12-26T15:23:37.790Z
                                =================================================
2025-12-28 03:46:52 - mkk_pika - database.py:101 - INFO - 保存成功：悪魔娘監禁日誌/恶魔娘监禁日志7-30[中国翻译]
2025-12-28 03:46:52 - mkk_pika - main.py:35 - INFO - 开始检查妹ちゃんは洗われたい!! 是否存在未下载章节
2025-12-28 03:46:52 - mkk_pika - main.py:45 - INFO - 正在下载:[妹ちゃんは洗われたい!! ]-[まな板工場 (みぎなー)]-[['妹妹系', '長篇']]-[total_pages:-1]
2025-12-28 03:46:52 - mkk_pika - main.py:49 - INFO - [{'_id': '627e55af98b8503d90bdae47', 'title': '第1話生肉', 'order': 1, 'updated_at': '2022-11-28T15:54:33.010Z', 'id': '627e55af98b8503d90bdae47'}, {'_id': '62ba1ba1b0d3dc60dfea4f17', 'title': '第1話熟肉', 'order': 2, 'updated_at': '2022-11-28T15:54:33.010Z', 'id': '62ba1ba1b0d3dc60dfea4f17'}, {'_id': '63629301e94b8a23ea5e70ca', 'title': '第2話生肉', 'order': 3, 'updated_at': '2022-11-28T15:54:33.010Z', 'id': '63629301e94b8a23ea5e70ca'}, {'_id': '6384d9b9a22c3d2d5b1e1d90', 'title': '第2話熟肉', 'order': 4, 'updated_at': '2022-11-28T13:18:40.520Z', 'id': '6384d9b9a22c3d2d5b1e1d90'}, {'_id': '649da1cda34eee5d7cbf6b6b', 'title': '第3話', 'order': 5, 'updated_at': '2023-06-29T11:37:35.448Z', 'id': '649da1cda34eee5d7cbf6b6b'}, {'_id': '694ea5b8373aba2369f33db7', 'title': '第4話', 'order': 6, 'updated_at': '2025-12-25T13:28:04.181Z', 'id': '694ea5b8373aba2369f33db7'}]
2025-12-28 03:46:52 - mkk_pika - database.py:215 - INFO - 第一次下载该漫画，记录数据库中
2025-12-28 03:46:53 - mkk_pika - main.py:83 - INFO - 找到 26 张图片在:第1話生肉
2025-12-28 03:46:54 - mkk_pika - main.py:112 - INFO - [episode:第1話生肉     ] downloaded:    26, total:  26, progress:100%
2025-12-28 03:46:54 - mkk_pika - database.py:238 - INFO - 数据库更新已下载章节
2025-12-28 03:46:54 - mkk_pika - database.py:244 - INFO - 该漫画已下载章节如下
2025-12-28 03:46:54 - mkk_pika - database.py:245 - INFO - ['第1話生肉']
2025-12-28 03:46:55 - mkk_pika - main.py:83 - INFO - 找到 26 张图片在:第1話熟肉
2025-12-28 03:46:57 - mkk_pika - main.py:112 - INFO - [episode:第1話熟肉     ] downloaded:    26, total:  26, progress:100%
2025-12-28 03:46:57 - mkk_pika - database.py:238 - INFO - 数据库更新已下载章节
2025-12-28 03:46:57 - mkk_pika - database.py:244 - INFO - 该漫画已下载章节如下
2025-12-28 03:46:57 - mkk_pika - database.py:245 - INFO - ['第1話生肉', '第1話熟肉']
2025-12-28 03:46:58 - mkk_pika - main.py:83 - INFO - 找到 34 张图片在:第2話生肉
2025-12-28 03:47:00 - mkk_pika - main.py:112 - INFO - [episode:第2話生肉     ] downloaded:    34, total:  34, progress:100%
2025-12-28 03:47:00 - mkk_pika - database.py:238 - INFO - 数据库更新已下载章节
2025-12-28 03:47:00 - mkk_pika - database.py:244 - INFO - 该漫画已下载章节如下
2025-12-28 03:47:00 - mkk_pika - database.py:245 - INFO - ['第1話生肉', '第1話熟肉', '第2話生肉']
2025-12-28 03:47:02 - mkk_pika - main.py:83 - INFO - 找到 36 张图片在:第2話熟肉
2025-12-28 03:47:03 - mkk_pika - main.py:112 - INFO - [episode:第2話熟肉     ] downloaded:    36, total:  36, progress:100%
2025-12-28 03:47:03 - mkk_pika - database.py:238 - INFO - 数据库更新已下载章节
2025-12-28 03:47:03 - mkk_pika - database.py:244 - INFO - 该漫画已下载章节如下
2025-12-28 03:47:03 - mkk_pika - database.py:245 - INFO - ['第1話生肉', '第1話熟肉', '第2話生肉', '第2話熟肉']
2025-12-28 03:47:05 - mkk_pika - main.py:83 - INFO - 找到 24 张图片在:第3話
2025-12-28 03:47:06 - mkk_pika - main.py:112 - INFO - [episode:第3話       ] downloaded:    24, total:  24, progress:100%
2025-12-28 03:47:06 - mkk_pika - database.py:238 - INFO - 数据库更新已下载章节
2025-12-28 03:47:06 - mkk_pika - database.py:244 - INFO - 该漫画已下载章节如下
2025-12-28 03:47:06 - mkk_pika - database.py:245 - INFO - ['第1話生肉', '第1話熟肉', '第2話生肉', '第2話熟肉', '第3話']
2025-12-28 03:47:07 - mkk_pika - main.py:83 - INFO - 找到 24 张图片在:第4話
2025-12-28 03:47:08 - mkk_pika - main.py:112 - INFO - [episode:第4話       ] downloaded:    24, total:  24, progress:100%
2025-12-28 03:47:08 - mkk_pika - database.py:238 - INFO - 数据库更新已下载章节
2025-12-28 03:47:08 - mkk_pika - database.py:244 - INFO - 该漫画已下载章节如下
2025-12-28 03:47:08 - mkk_pika - database.py:245 - INFO - ['第1話生肉', '第1話熟肉', '第2話生肉', '第2話熟肉', '第3話', '第4話']
2025-12-28 03:47:10 - mkk_pika - main.py:292 - INFO - ==================== 漫画信息 ====================
                                漫画ID：627e55af98b8503d90bdae46
                                标题：妹ちゃんは洗われたい!! 
                                作者：まな板工場 (みぎなー)
                                是否完结：否
                                总页数：170
                                分类：妹妹系,長篇
                                章节数：6
                                最后更新时间：2025-12-26T15:11:52.761Z
                                =================================================
2025-12-28 03:47:10 - mkk_pika - database.py:101 - INFO - 保存成功：妹ちゃんは洗われたい!! 
2025-12-28 03:47:10 - mkk_pika - main.py:35 - INFO - 开始检查ぼくたちのスーパーアプリ是否存在未下载章节
2025-12-28 03:47:10 - mkk_pika - main.py:45 - INFO - 正在下载:[ぼくたちのスーパーアプリ]-[stereorange (○蜜柑)]-[['長篇']]-[total_pages:-1]
2025-12-28 03:47:10 - mkk_pika - main.py:49 - INFO - [{'_id': '65f023f32daabb45fba8a91d', 'title': '第3-4話', 'order': 1, 'updated_at': '2025-12-02T18:22:01.822Z', 'id': '65f023f32daabb45fba8a91d'}, {'_id': '692f2e49826fcf58fd65cfd0', 'title': '第5話 無理やりなのにバイブ責めセックスでマジイキさせられちゃう編', 'order': 2, 'updated_at': '2025-12-26T15:09:37.552Z', 'id': '692f2e49826fcf58fd65cfd0'}, {'_id': '694ea531824e68238c786aa6', 'title': '第6話 処女だったのにクラスメートに輪姦されてイきまくり編', 'order': 3, 'updated_at': '2025-12-25T12:52:10.078Z', 'id': '694ea531824e68238c786aa6'}]
2025-12-28 03:47:10 - mkk_pika - database.py:215 - INFO - 第一次下载该漫画，记录数据库中
2025-12-28 03:47:11 - mkk_pika - main.py:83 - INFO - 找到 54 张图片在:第3－4話
2025-12-28 03:47:13 - mkk_pika - main.py:112 - INFO - [episode:第3-4話     ] downloaded:    54, total:  54, progress:100%
2025-12-28 03:47:13 - mkk_pika - database.py:238 - INFO - 数据库更新已下载章节
2025-12-28 03:47:13 - mkk_pika - database.py:244 - INFO - 该漫画已下载章节如下
2025-12-28 03:47:13 - mkk_pika - database.py:245 - INFO - ['第3-4話']
2025-12-28 03:47:14 - mkk_pika - main.py:83 - INFO - 找到 38 张图片在:第5話無理やりなのにバイブ責めセックスでマジイキさせられちゃう編
2025-12-28 03:47:16 - mkk_pika - main.py:112 - INFO - [episode:第5話 無理やりなのにバイブ責めセックスでマジイキさせられちゃう編] downloaded:    38, total:  38, progress:100%
2025-12-28 03:47:16 - mkk_pika - database.py:238 - INFO - 数据库更新已下载章节
2025-12-28 03:47:16 - mkk_pika - database.py:244 - INFO - 该漫画已下载章节如下
2025-12-28 03:47:16 - mkk_pika - database.py:245 - INFO - ['第3-4話', '第5話 無理やりなのにバイブ責めセックスでマジイキさせられちゃう編']
2025-12-28 03:47:18 - mkk_pika - main.py:83 - INFO - 找到 42 张图片在:第6話処女だったのにクラスメートに輪姦されてイきまくり編
2025-12-28 03:47:20 - mkk_pika - main.py:112 - INFO - [episode:第6話 処女だったのにクラスメートに輪姦されてイきまくり編] downloaded:    42, total:  42, progress:100%
2025-12-28 03:47:20 - mkk_pika - database.py:238 - INFO - 数据库更新已下载章节
2025-12-28 03:47:20 - mkk_pika - database.py:244 - INFO - 该漫画已下载章节如下
2025-12-28 03:47:20 - mkk_pika - database.py:245 - INFO - ['第3-4話', '第5話 無理やりなのにバイブ責めセックスでマジイキさせられちゃう編', '第6話 処女だったのにクラスメートに輪姦されてイきまくり編']
2025-12-28 03:47:21 - mkk_pika - main.py:292 - INFO - ==================== 漫画信息 ====================
                                漫画ID：65f023f32daabb45fba8a91c
                                标题：ぼくたちのスーパーアプリ
                                作者：stereorange (○蜜柑)
                                是否完结：否
                                总页数：134
                                分类：長篇
                                章节数：3
                                最后更新时间：2025-12-26T15:09:37.543Z
                                =================================================
2025-12-28 03:47:21 - mkk_pika - database.py:101 - INFO - 保存成功：ぼくたちのスーパーアプリ
2025-12-28 03:47:21 - mkk_pika - main.py:323 - INFO - 订阅内容内容下载完毕
2025-12-28 03:47:21 - mkk_pika - main.py:324 - INFO - 开始分批下载全部章节
2025-12-28 03:47:21 - mkk_pika - database.py:280 - INFO - 表和索引初始化成功
2025-12-28 03:47:21 - mkk_pika - main.py:331 - INFO - 分批下载共计0本漫画
2025-12-28 03:47:21 - mkk_pika - main.py:380 - INFO - 本次任务下载完毕
2025-12-28 03:47:21 - mkk_pika - database.py:173 - INFO - 数据库连接已关闭
