2026-05-30 00:15:53 - mkk_pika - main.py:193 - INFO - =======================================================================
2026-05-30 00:15:53 - mkk_pika - database.py:61 - INFO - 表和索引初始化成功
2026-05-30 00:15:53 - mkk_pika - main.py:197 - INFO - 已经累计下载12127本漫画
2026-05-30 00:15:53 - mkk_pika - api.py:87 - INFO - 登录成功
2026-05-30 00:15:54 - mkk_pika - main.py:203 - INFO - 收藏夹共计0本漫画
2026-05-30 00:15:54 - mkk_pika - main.py:206 - INFO - 开始下载收藏夹内未下载内容
2026-05-30 00:15:54 - mkk_pika - main.py:266 - INFO - 收藏夹内容下载完毕
2026-05-30 00:15:54 - mkk_pika - main.py:268 - INFO - 开始下载订阅内容
2026-05-30 00:15:54 - mkk_pika - database.py:258 - INFO - 根据ID查询到标题：萝莉 -> 傘のお手入れ | 伞的保养
2026-05-30 00:15:55 - mkk_pika - database.py:101 - INFO - 保存成功： おしっこのところでしたいの![中文机翻]
2026-05-30 00:15:55 - mkk_pika - main.py:273 - INFO - 关键词萝莉找到0本漫画
2026-05-30 00:15:55 - mkk_pika - database.py:258 - INFO - 根据ID查询到标题：蘿莉 -> Anya Forger（AI）
2026-05-30 00:15:55 - mkk_pika - database.py:101 - INFO - 保存成功：魔法少女たちの内なるほとばしり 第1章 - トレス・マギアの崩壊 (AI)
2026-05-30 00:15:55 - mkk_pika - main.py:273 - INFO - 关键词蘿莉找到7本漫画
2026-05-30 00:15:55 - mkk_pika - main.py:275 - INFO - 订阅内容共计7本漫画
2026-05-30 00:15:55 - mkk_pika - main.py:35 - INFO - 开始检查連れ子をオナホにしてる養父の話 [中国翻訳]是否存在未下载章节
2026-05-30 00:15:56 - mkk_pika - main.py:45 - INFO - 正在下载:[連れ子をオナホにしてる養父の話 [中国翻訳]]-[元気太郎]-[['短篇']]-[total_pages:-1]
2026-05-30 00:15:56 - mkk_pika - main.py:49 - INFO - [{'_id': '6a19d8867e0898541be9667e', 'title': '熟肉', 'order': 1, 'updated_at': '2026-05-29T11:56:29.472Z', 'id': '6a19d8867e0898541be9667e'}]
2026-05-30 00:15:56 - mkk_pika - database.py:215 - INFO - 第一次下载该漫画，记录数据库中
2026-05-30 00:15:56 - mkk_pika - main.py:83 - INFO - 找到 35 张图片在:熟肉
2026-05-30 00:15:57 - mkk_pika - main.py:112 - INFO - [episode:熟肉        ] downloaded:    35, total:  35, progress:100%
2026-05-30 00:15:57 - mkk_pika - database.py:238 - INFO - 数据库更新已下载章节
2026-05-30 00:15:57 - mkk_pika - database.py:244 - INFO - 该漫画已下载章节如下
2026-05-30 00:15:57 - mkk_pika - database.py:245 - INFO - ['熟肉']
2026-05-30 00:15:59 - mkk_pika - main.py:292 - INFO - ==================== 漫画信息 ====================
                                漫画ID：6a19d8867e0898541be9667d
                                标题：連れ子をオナホにしてる養父の話 [中国翻訳]
                                作者：元気太郎
                                是否完结：是
                                总页数：35
                                分类：短篇
                                章节数：1
                                最后更新时间：2026-05-29T18:18:46.442Z
                                =================================================
2026-05-30 00:15:59 - mkk_pika - database.py:101 - INFO - 保存成功：連れ子をオナホにしてる養父の話 [中国翻訳]
2026-05-30 00:15:59 - mkk_pika - main.py:35 - INFO - 开始检查少女飼育教室 [中国翻訳] [2019年8月30日]是否存在未下载章节
2026-05-30 00:15:59 - mkk_pika - main.py:45 - INFO - 正在下载:[少女飼育教室 [中国翻訳] [2019年8月30日]]-[ホロナミンZ (ホロナミン)]-[['短篇', '強暴']]-[total_pages:-1]
2026-05-30 00:15:59 - mkk_pika - main.py:49 - INFO - [{'_id': '6a19d71e64106c79122e809d', 'title': '熟肉', 'order': 1, 'updated_at': '2026-05-29T09:13:07.389Z', 'id': '6a19d71e64106c79122e809d'}]
2026-05-30 00:15:59 - mkk_pika - database.py:215 - INFO - 第一次下载该漫画，记录数据库中
2026-05-30 00:16:00 - mkk_pika - main.py:83 - INFO - 找到 47 张图片在:熟肉
2026-05-30 00:16:01 - mkk_pika - main.py:112 - INFO - [episode:熟肉        ] downloaded:    47, total:  47, progress:100%
2026-05-30 00:16:01 - mkk_pika - database.py:238 - INFO - 数据库更新已下载章节
2026-05-30 00:16:01 - mkk_pika - database.py:244 - INFO - 该漫画已下载章节如下
2026-05-30 00:16:01 - mkk_pika - database.py:245 - INFO - ['熟肉']
2026-05-30 00:16:03 - mkk_pika - main.py:292 - INFO - ==================== 漫画信息 ====================
                                漫画ID：6a19d71e64106c79122e809c
                                标题：少女飼育教室 [中国翻訳] [2019年8月30日]
                                作者：ホロナミンZ (ホロナミン)
                                是否完结：是
                                总页数：47
                                分类：短篇,強暴
                                章节数：1
                                最后更新时间：2026-05-29T18:12:46.305Z
                                =================================================
2026-05-30 00:16:03 - mkk_pika - database.py:101 - INFO - 保存成功：少女飼育教室 [中国翻訳] [2019年8月30日]
2026-05-30 00:16:03 - mkk_pika - main.py:35 - INFO - 开始检查さいみんこうびだいさくせん1+2 / 催眠配种大作战1+2 (SPY×FAMILY)[中国翻译]是否存在未下载章节
2026-05-30 00:16:03 - mkk_pika - main.py:45 - INFO - 正在下载:[さいみんこうびだいさくせん1+2 / 催眠配种大作战1+2 (SPY×FAMILY)[中国翻译]]-[HellDevice (nalvas)]-[['短篇', '同人']]-[total_pages:-1]
2026-05-30 00:16:03 - mkk_pika - main.py:49 - INFO - [{'_id': '6a19d5f73b26ec78e1b9bb46', 'title': '第1+2話熟肉', 'order': 1, 'updated_at': '2026-05-29T04:10:10.739Z', 'id': '6a19d5f73b26ec78e1b9bb46'}]
2026-05-30 00:16:03 - mkk_pika - database.py:215 - INFO - 第一次下载该漫画，记录数据库中
2026-05-30 00:16:04 - mkk_pika - main.py:83 - INFO - 找到 42 张图片在:第1+2話熟肉
2026-05-30 00:16:05 - mkk_pika - main.py:112 - INFO - [episode:第1+2話熟肉   ] downloaded:    42, total:  42, progress:100%
2026-05-30 00:16:05 - mkk_pika - database.py:238 - INFO - 数据库更新已下载章节
2026-05-30 00:16:05 - mkk_pika - database.py:244 - INFO - 该漫画已下载章节如下
2026-05-30 00:16:05 - mkk_pika - database.py:245 - INFO - ['第1+2話熟肉']
2026-05-30 00:16:07 - mkk_pika - main.py:292 - INFO - ==================== 漫画信息 ====================
                                漫画ID：6a19d5f73b26ec78e1b9bb45
                                标题：さいみんこうびだいさくせん1+2 / 催眠配种大作战1+2 (SPY×FAMILY)[中国翻译]
                                作者：HellDevice (nalvas)
                                是否完结：是
                                总页数：42
                                分类：短篇,同人
                                章节数：1
                                最后更新时间：2026-05-29T18:07:51.448Z
                                =================================================
2026-05-30 00:16:07 - mkk_pika - database.py:101 - INFO - 保存成功：さいみんこうびだいさくせん1+2 / 催眠配种大作战1+2 (SPY×FAMILY)[中国翻译]
2026-05-30 00:16:07 - mkk_pika - main.py:35 - INFO - 开始检查満開開花劇場100回連載記念本 [無修正] [中国翻訳] [進行中]是否存在未下载章节
2026-05-30 00:16:07 - mkk_pika - database.py:203 - INFO - 查询数据库中是否已存在第1話共131P
2026-05-30 00:16:07 - mkk_pika - database.py:203 - INFO - 查询数据库中是否已存在第2話共156P
2026-05-30 00:16:07 - mkk_pika - main.py:45 - INFO - 正在下载:[満開開花劇場100回連載記念本 [無修正] [中国翻訳] [進行中]]-[満開開花]-[['長篇']]-[total_pages:-1]
2026-05-30 00:16:07 - mkk_pika - main.py:49 - INFO - [{'_id': '69f241d6ca34e1558e936379', 'title': '第1話共131P', 'order': 1, 'updated_at': '2026-05-29T18:06:05.984Z', 'id': '69f241d6ca34e1558e936379'}, {'_id': '6a19d58d7e0898541be960a0', 'title': '第2話共156P', 'order': 2, 'updated_at': '2026-05-29T03:30:09.735Z', 'id': '6a19d58d7e0898541be960a0'}]
2026-05-30 00:16:09 - mkk_pika - main.py:83 - INFO - 找到 131 张图片在:第1話共131P
2026-05-30 00:16:13 - mkk_pika - main.py:112 - INFO - [episode:第1話共131P  ] downloaded:   131, total: 131, progress:100%
2026-05-30 00:16:13 - mkk_pika - database.py:238 - INFO - 数据库更新已下载章节
2026-05-30 00:16:13 - mkk_pika - database.py:244 - INFO - 该漫画已下载章节如下
2026-05-30 00:16:13 - mkk_pika - database.py:245 - INFO - ['第1話上+下 共131P', '第1話共131P']
2026-05-30 00:16:15 - mkk_pika - main.py:83 - INFO - 找到 156 张图片在:第2話共156P
2026-05-30 00:16:20 - mkk_pika - main.py:112 - INFO - [episode:第2話共156P  ] downloaded:   156, total: 156, progress:100%
2026-05-30 00:16:20 - mkk_pika - database.py:238 - INFO - 数据库更新已下载章节
2026-05-30 00:16:20 - mkk_pika - database.py:244 - INFO - 该漫画已下载章节如下
2026-05-30 00:16:20 - mkk_pika - database.py:245 - INFO - ['第1話上+下 共131P', '第1話共131P', '第2話共156P']
2026-05-30 00:16:21 - mkk_pika - main.py:292 - INFO - ==================== 漫画信息 ====================
                                漫画ID：68d91999fc147260b1b7be92
                                标题：満開開花劇場100回連載記念本 [無修正] [中国翻訳] [進行中]
                                作者：満開開花
                                是否完结：否
                                总页数：287
                                分类：長篇
                                章节数：2
                                最后更新时间：2026-05-29T18:06:05.976Z
                                =================================================
2026-05-30 00:16:21 - mkk_pika - database.py:101 - INFO - 保存成功：満開開花劇場100回連載記念本 [無修正] [中国翻訳] [進行中]
2026-05-30 00:16:21 - mkk_pika - main.py:35 - INFO - 开始检查莉兹的秘密修炼 [真真普通的热心莫纳蒂姆VDV一般兵机翻润色] [ふたつのピーナツ]【트릭컬 Trickcal Revive 穿越异世界恶作剧 嘟嘟脸恶作剧 トリッカル】(リッツとひみつの鍛錬)是否存在未下载章节
2026-05-30 00:16:22 - mkk_pika - main.py:45 - INFO - 正在下载:[莉兹的秘密修炼 [真真普通的热心莫纳蒂姆VDV一般兵机翻润色] [ふたつのピーナツ]【트릭컬 Trickcal Revive 穿越异世界恶作剧 嘟嘟脸恶作剧 トリッカル】(リッツとひみつの鍛錬)]-[ふたつのピーナツ]-[['短篇', '純愛']]-[total_pages:-1]
2026-05-30 00:16:22 - mkk_pika - main.py:49 - INFO - [{'_id': '6a19d57d64106c79122e8014', 'title': '第1話', 'order': 1, 'updated_at': '2026-05-28T19:47:17.073Z', 'id': '6a19d57d64106c79122e8014'}]
2026-05-30 00:16:22 - mkk_pika - database.py:215 - INFO - 第一次下载该漫画，记录数据库中
2026-05-30 00:16:22 - mkk_pika - main.py:83 - INFO - 找到 20 张图片在:第1話
2026-05-30 00:16:23 - mkk_pika - main.py:112 - INFO - [episode:第1話       ] downloaded:    20, total:  20, progress:100%
2026-05-30 00:16:23 - mkk_pika - database.py:238 - INFO - 数据库更新已下载章节
2026-05-30 00:16:23 - mkk_pika - database.py:244 - INFO - 该漫画已下载章节如下
2026-05-30 00:16:23 - mkk_pika - database.py:245 - INFO - ['第1話']
2026-05-30 00:16:24 - mkk_pika - main.py:292 - INFO - ==================== 漫画信息 ====================
                                漫画ID：6a19d57d64106c79122e8013
                                标题：莉兹的秘密修炼 [真真普通的热心莫纳蒂姆VDV一般兵机翻润色] [ふたつのピーナツ]【트릭컬 Trickcal Revive 穿越异世界恶作剧 嘟嘟脸恶作剧 トリッカル】(リッツとひみつの鍛錬)
                                作者：ふたつのピーナツ
                                是否完结：是
                                总页数：20
                                分类：短篇,純愛
                                章节数：1
                                最后更新时间：2026-05-29T18:05:49.398Z
                                =================================================
2026-05-30 00:16:24 - mkk_pika - database.py:101 - INFO - 保存成功：莉兹的秘密修炼 [真真普通的热心莫纳蒂姆VDV一般兵机翻润色] [ふたつのピーナツ]【트릭컬 Trickcal Revive 穿越异世界恶作剧 嘟嘟脸恶作剧 トリッカル】(リッツとひみつの鍛錬)
2026-05-30 00:16:24 - mkk_pika - main.py:35 - INFO - 开始检查ペットな妹 (コミック Mate legend Vol.68 2026年4月号)是否存在未下载章节
2026-05-30 00:16:25 - mkk_pika - main.py:45 - INFO - 正在下载:[ペットな妹 (コミック Mate legend Vol.68 2026年4月号)]-[Stpen]-[['短篇', '妹妹系']]-[total_pages:-1]
2026-05-30 00:16:25 - mkk_pika - main.py:49 - INFO - [{'_id': '6a19d56c64106c79122e7fa5', 'title': '第1話', 'order': 1, 'updated_at': '2026-05-28T17:35:17.783Z', 'id': '6a19d56c64106c79122e7fa5'}]
2026-05-30 00:16:25 - mkk_pika - database.py:215 - INFO - 第一次下载该漫画，记录数据库中
2026-05-30 00:16:25 - mkk_pika - main.py:83 - INFO - 找到 16 张图片在:第1話
2026-05-30 00:16:26 - mkk_pika - main.py:112 - INFO - [episode:第1話       ] downloaded:    16, total:  16, progress:100%
2026-05-30 00:16:26 - mkk_pika - database.py:238 - INFO - 数据库更新已下载章节
2026-05-30 00:16:26 - mkk_pika - database.py:244 - INFO - 该漫画已下载章节如下
2026-05-30 00:16:26 - mkk_pika - database.py:245 - INFO - ['第1話']
2026-05-30 00:16:27 - mkk_pika - main.py:292 - INFO - ==================== 漫画信息 ====================
                                漫画ID：6a19d56c64106c79122e7fa4
                                标题：ペットな妹 (コミック Mate legend Vol.68 2026年4月号)
                                作者：Stpen
                                是否完结：是
                                总页数：16
                                分类：短篇,妹妹系
                                章节数：1
                                最后更新时间：2026-05-29T18:05:32.633Z
                                =================================================
2026-05-30 00:16:27 - mkk_pika - database.py:101 - INFO - 保存成功：ペットな妹 (コミック Mate legend Vol.68 2026年4月号)
2026-05-30 00:16:27 - mkk_pika - main.py:35 - INFO - 开始检查イリヤスフィール×バーサーカー性処理3p漫画是否存在未下载章节
2026-05-30 00:16:27 - mkk_pika - main.py:45 - INFO - 正在下载:[イリヤスフィール×バーサーカー性処理3p漫画]-[元気太郎]-[['短篇', '同人', 'Fate']]-[total_pages:-1]
2026-05-30 00:16:27 - mkk_pika - main.py:49 - INFO - [{'_id': '6a19d4497e0898541be95c08', 'title': '第1話', 'order': 1, 'updated_at': '2026-05-28T13:27:58.814Z', 'id': '6a19d4497e0898541be95c08'}]
2026-05-30 00:16:27 - mkk_pika - database.py:215 - INFO - 第一次下载该漫画，记录数据库中
2026-05-30 00:16:28 - mkk_pika - main.py:83 - INFO - 找到 8 张图片在:第1話
2026-05-30 00:16:28 - mkk_pika - main.py:112 - INFO - [episode:第1話       ] downloaded:     8, total:   8, progress:100%
2026-05-30 00:16:28 - mkk_pika - database.py:238 - INFO - 数据库更新已下载章节
2026-05-30 00:16:28 - mkk_pika - database.py:244 - INFO - 该漫画已下载章节如下
2026-05-30 00:16:28 - mkk_pika - database.py:245 - INFO - ['第1話']
2026-05-30 00:16:30 - mkk_pika - main.py:292 - INFO - ==================== 漫画信息 ====================
                                漫画ID：6a19d4497e0898541be95c07
                                标题：イリヤスフィール×バーサーカー性処理3p漫画
                                作者：元気太郎
                                是否完结：否
                                总页数：8
                                分类：短篇,同人,Fate
                                章节数：1
                                最后更新时间：2026-05-29T18:00:41.755Z
                                =================================================
2026-05-30 00:16:30 - mkk_pika - database.py:101 - INFO - 保存成功：イリヤスフィール×バーサーカー性処理3p漫画
2026-05-30 00:16:30 - mkk_pika - main.py:323 - INFO - 订阅内容内容下载完毕
2026-05-30 00:16:30 - mkk_pika - main.py:324 - INFO - 开始分批下载全部章节
2026-05-30 00:16:30 - mkk_pika - database.py:280 - INFO - 表和索引初始化成功
2026-05-30 00:16:30 - mkk_pika - main.py:177 - INFO - 已经下载了843页，一共6933页，现在开始添加第844页
2026-05-30 00:16:31 - mkk_pika - database.py:318 - INFO - 保存成功
2026-05-30 00:16:31 - mkk_pika - main.py:177 - INFO - 已经下载了844页，一共6933页，现在开始添加第845页
2026-05-30 00:16:31 - mkk_pika - database.py:318 - INFO - 保存成功
2026-05-30 00:16:32 - mkk_pika - main.py:177 - INFO - 已经下载了845页，一共6933页，现在开始添加第846页
2026-05-30 00:16:32 - mkk_pika - database.py:318 - INFO - 保存成功
2026-05-30 00:16:32 - mkk_pika - main.py:177 - INFO - 已经下载了846页，一共6933页，现在开始添加第847页
2026-05-30 00:16:33 - mkk_pika - database.py:318 - INFO - 保存成功
2026-05-30 00:16:33 - mkk_pika - main.py:177 - INFO - 已经下载了847页，一共6933页，现在开始添加第848页
2026-05-30 00:16:34 - mkk_pika - database.py:318 - INFO - 保存成功
2026-05-30 00:16:34 - mkk_pika - main.py:331 - INFO - 分批下载共计49本漫画
2026-05-30 00:16:34 - mkk_pika - main.py:35 - INFO - 开始检查純情トライ淫奔録 [中国翻訳]是否存在未下载章节
2026-05-30 00:16:34 - mkk_pika - main.py:45 - INFO - 正在下载:[純情トライ淫奔録 [中国翻訳]]-[雪國おまる]-[['長篇', '姐姐系', '人妻', 'NTR', '強暴', 'SM', '後宮閃光']]-[total_pages:214]
2026-05-30 00:16:34 - mkk_pika - main.py:49 - INFO - [{'_id': '5a0ee819ed8afd31d9ea4f14', 'title': '漢化單行本', 'order': 1, 'updated_at': '2017-11-17T13:09:41.458Z', 'id': '5a0ee819ed8afd31d9ea4f14'}]
2026-05-30 00:16:34 - mkk_pika - database.py:215 - INFO - 第一次下载该漫画，记录数据库中
2026-05-30 00:16:36 - mkk_pika - main.py:83 - INFO - 找到 214 张图片在:漢化單行本
2026-05-30 00:16:42 - mkk_pika - main.py:112 - INFO - [episode:漢化單行本     ] downloaded:   214, total: 214, progress:100%
2026-05-30 00:16:42 - mkk_pika - database.py:238 - INFO - 数据库更新已下载章节
2026-05-30 00:16:42 - mkk_pika - database.py:244 - INFO - 该漫画已下载章节如下
2026-05-30 00:16:42 - mkk_pika - database.py:245 - INFO - ['漢化單行本']
2026-05-30 00:16:43 - mkk_pika - main.py:348 - INFO - ==================== 漫画信息 ====================
                                   漫画ID：5a0ee819ed8afd31d9ea4f13
                                   标题：純情トライ淫奔録 [中国翻訳]
                                   作者：雪國おまる
                                   是否完结：是
                                   总页数：214
                                   分类：長篇,姐姐系,人妻,NTR,強暴,SM,後宮閃光
                                   章节数：1
                                   最后更新时间：2017-11-17T13:46:01.279Z
                                   =================================================
2026-05-30 00:16:43 - mkk_pika - database.py:101 - INFO - 保存成功：純情トライ淫奔録 [中国翻訳]
2026-05-30 00:16:43 - mkk_pika - main.py:35 - INFO - 开始检查ヒメゴト送迎 (COMIC 失楽天 2017年9月号)是否存在未下载章节
2026-05-30 00:16:43 - mkk_pika - main.py:45 - INFO - 正在下载:[ヒメゴト送迎 (COMIC 失楽天 2017年9月号)]-[旅烏]-[['短篇', '純愛', '姐姐系']]-[total_pages:21]
2026-05-30 00:16:43 - mkk_pika - main.py:49 - INFO - [{'_id': '5a0f0d2980f2da3216525784', 'title': '第1集', 'order': 1, 'updated_at': '2017-11-17T14:56:19.694Z', 'id': '5a0f0d2980f2da3216525784'}]
2026-05-30 00:16:43 - mkk_pika - database.py:215 - INFO - 第一次下载该漫画，记录数据库中
2026-05-30 00:16:44 - mkk_pika - main.py:83 - INFO - 找到 21 张图片在:第1集
2026-05-30 00:16:45 - mkk_pika - main.py:112 - INFO - [episode:第1集       ] downloaded:    21, total:  21, progress:100%
2026-05-30 00:16:45 - mkk_pika - database.py:238 - INFO - 数据库更新已下载章节
2026-05-30 00:16:45 - mkk_pika - database.py:244 - INFO - 该漫画已下载章节如下
2026-05-30 00:16:45 - mkk_pika - database.py:245 - INFO - ['第1集']
2026-05-30 00:16:46 - mkk_pika - main.py:348 - INFO - ==================== 漫画信息 ====================
                                   漫画ID：5a0f0d2980f2da3216525783
                                   标题：ヒメゴト送迎 (COMIC 失楽天 2017年9月号)
                                   作者：旅烏
                                   是否完结：是
                                   总页数：21
                                   分类：短篇,純愛,姐姐系
                                   章节数：1
                                   最后更新时间：2017-11-17T16:24:09.486Z
                                   =================================================
2026-05-30 00:16:46 - mkk_pika - database.py:101 - INFO - 保存成功：ヒメゴト送迎 (COMIC 失楽天 2017年9月号)
2026-05-30 00:16:46 - mkk_pika - main.py:35 - INFO - 开始检查えっちなま◯んクラフト ごあんないぼん是否存在未下载章节
2026-05-30 00:16:46 - mkk_pika - main.py:45 - INFO - 正在下载:[えっちなま◯んクラフト ごあんないぼん]-[Dr.VERMILION (ペテン師)]-[['同人', '短篇', '非人類']]-[total_pages:20]
2026-05-30 00:16:46 - mkk_pika - main.py:49 - INFO - [{'_id': '5a0f0d3ce8b0085cc8ab575a', 'title': '第1集', 'order': 1, 'updated_at': '2017-11-17T15:55:25.015Z', 'id': '5a0f0d3ce8b0085cc8ab575a'}]
2026-05-30 00:16:46 - mkk_pika - database.py:215 - INFO - 第一次下载该漫画，记录数据库中
2026-05-30 00:16:47 - mkk_pika - main.py:83 - INFO - 找到 20 张图片在:第1集
2026-05-30 00:16:47 - mkk_pika - main.py:112 - INFO - [episode:第1集       ] downloaded:    20, total:  20, progress:100%
2026-05-30 00:16:47 - mkk_pika - database.py:238 - INFO - 数据库更新已下载章节
2026-05-30 00:16:47 - mkk_pika - database.py:244 - INFO - 该漫画已下载章节如下
2026-05-30 00:16:47 - mkk_pika - database.py:245 - INFO - ['第1集']
2026-05-30 00:16:49 - mkk_pika - main.py:348 - INFO - ==================== 漫画信息 ====================
                                   漫画ID：5a0f0d3ce8b0085cc8ab5759
                                   标题：えっちなま◯んクラフト ごあんないぼん
                                   作者：Dr.VERMILION (ペテン師)
                                   是否完结：是
                                   总页数：20
                                   分类：同人,短篇,非人類
                                   章节数：1
                                   最后更新时间：2017-11-17T16:24:28.421Z
                                   =================================================
2026-05-30 00:16:49 - mkk_pika - database.py:101 - INFO - 保存成功：えっちなま◯んクラフト ごあんないぼん
2026-05-30 00:16:49 - mkk_pika - main.py:35 - INFO - 开始检查シャッターチャンス是否存在未下载章节
2026-05-30 00:16:49 - mkk_pika - main.py:45 - INFO - 正在下载:[シャッターチャンス]-[旅烏]-[['短篇', '純愛']]-[total_pages:17]
2026-05-30 00:16:49 - mkk_pika - main.py:49 - INFO - [{'_id': '5a0fa51c0021e0671be9cd14', 'title': '第1集', 'order': 1, 'updated_at': '2017-11-17T16:08:25.255Z', 'id': '5a0fa51c0021e0671be9cd14'}]
2026-05-30 00:16:49 - mkk_pika - database.py:215 - INFO - 第一次下载该漫画，记录数据库中
2026-05-30 00:16:50 - mkk_pika - main.py:83 - INFO - 找到 17 张图片在:第1集
2026-05-30 00:16:50 - mkk_pika - main.py:112 - INFO - [episode:第1集       ] downloaded:    17, total:  17, progress:100%
2026-05-30 00:16:50 - mkk_pika - database.py:238 - INFO - 数据库更新已下载章节
2026-05-30 00:16:50 - mkk_pika - database.py:244 - INFO - 该漫画已下载章节如下
2026-05-30 00:16:50 - mkk_pika - database.py:245 - INFO - ['第1集']
2026-05-30 00:16:51 - mkk_pika - main.py:348 - INFO - ==================== 漫画信息 ====================
                                   漫画ID：5a0fa51c0021e0671be9cd13
                                   标题：シャッターチャンス
                                   作者：旅烏
                                   是否完结：是
                                   总页数：17
                                   分类：短篇,純愛
                                   章节数：1
                                   最后更新时间：2017-11-18T03:12:28.452Z
                                   =================================================
2026-05-30 00:16:51 - mkk_pika - database.py:101 - INFO - 保存成功：シャッターチャンス
2026-05-30 00:16:51 - mkk_pika - main.py:35 - INFO - 开始检查妹のおま◯こ是否存在未下载章节
2026-05-30 00:16:52 - mkk_pika - main.py:45 - INFO - 正在下载:[妹のおま◯こ]-[潮風サンゴ]-[['長篇', '妹妹系']]-[total_pages:198]
2026-05-30 00:16:52 - mkk_pika - main.py:49 - INFO - [{'_id': '5a0fa5d124436654713f00fc', 'title': '第1集', 'order': 1, 'updated_at': '2017-11-18T00:39:55.014Z', 'id': '5a0fa5d124436654713f00fc'}]
2026-05-30 00:16:52 - mkk_pika - database.py:215 - INFO - 第一次下载该漫画，记录数据库中
2026-05-30 00:16:54 - mkk_pika - main.py:83 - INFO - 找到 198 张图片在:第1集
2026-05-30 00:16:59 - mkk_pika - main.py:112 - INFO - [episode:第1集       ] downloaded:   198, total: 198, progress:100%
2026-05-30 00:16:59 - mkk_pika - database.py:238 - INFO - 数据库更新已下载章节
2026-05-30 00:16:59 - mkk_pika - database.py:244 - INFO - 该漫画已下载章节如下
2026-05-30 00:16:59 - mkk_pika - database.py:245 - INFO - ['第1集']
2026-05-30 00:17:00 - mkk_pika - main.py:348 - INFO - ==================== 漫画信息 ====================
                                   漫画ID：5a0fa5d124436654713f00fb
                                   标题：妹のおま◯こ
                                   作者：潮風サンゴ
                                   是否完结：是
                                   总页数：198
                                   分类：長篇,妹妹系
                                   章节数：1
                                   最后更新时间：2017-11-18T03:15:29.610Z
                                   =================================================
2026-05-30 00:17:00 - mkk_pika - database.py:101 - INFO - 保存成功：妹のおま◯こ
2026-05-30 00:17:00 - mkk_pika - main.py:35 - INFO - 开始检查好きのサインは是否存在未下载章节
2026-05-30 00:17:00 - mkk_pika - main.py:45 - INFO - 正在下载:[好きのサインは]-[うえかん]-[['長篇']]-[total_pages:202]
2026-05-30 00:17:00 - mkk_pika - main.py:49 - INFO - [{'_id': '5a0fa5e0baf15654a78a31e3', 'title': '第1集', 'order': 1, 'updated_at': '2017-11-18T02:08:24.254Z', 'id': '5a0fa5e0baf15654a78a31e3'}]
2026-05-30 00:17:00 - mkk_pika - database.py:215 - INFO - 第一次下载该漫画，记录数据库中
2026-05-30 00:17:03 - mkk_pika - main.py:83 - INFO - 找到 202 张图片在:第1集
2026-05-30 00:17:08 - mkk_pika - main.py:112 - INFO - [episode:第1集       ] downloaded:   202, total: 202, progress:100%
2026-05-30 00:17:08 - mkk_pika - database.py:238 - INFO - 数据库更新已下载章节
2026-05-30 00:17:08 - mkk_pika - database.py:244 - INFO - 该漫画已下载章节如下
2026-05-30 00:17:08 - mkk_pika - database.py:245 - INFO - ['第1集']
2026-05-30 00:17:09 - mkk_pika - main.py:348 - INFO - ==================== 漫画信息 ====================
                                   漫画ID：5a0fa5e0baf15654a78a31e2
                                   标题：好きのサインは
                                   作者：うえかん
                                   是否完结：是
                                   总页数：202
                                   分类：長篇
                                   章节数：1
                                   最后更新时间：2017-11-18T03:15:44.733Z
                                   =================================================
2026-05-30 00:17:09 - mkk_pika - database.py:101 - INFO - 保存成功：好きのサインは
2026-05-30 00:17:09 - mkk_pika - main.py:35 - INFO - 开始检查 [ROC_1112出品] 猥婦乳情是否存在未下载章节
2026-05-30 00:17:09 - mkk_pika - main.py:45 - INFO - 正在下载:[ [ROC_1112出品] 猥婦乳情]-[大林森]-[['長篇', '人妻']]-[total_pages:249]
2026-05-30 00:17:09 - mkk_pika - main.py:49 - INFO - [{'_id': '5a0fa698e17e966752f55831', 'title': '第1集', 'order': 1, 'updated_at': '2017-11-18T02:22:46.020Z', 'id': '5a0fa698e17e966752f55831'}]
2026-05-30 00:17:09 - mkk_pika - database.py:215 - INFO - 第一次下载该漫画，记录数据库中
2026-05-30 00:17:12 - mkk_pika - main.py:83 - INFO - 找到 249 张图片在:第1集
2026-05-30 00:17:18 - mkk_pika - main.py:112 - INFO - [episode:第1集       ] downloaded:   249, total: 249, progress:100%
2026-05-30 00:17:18 - mkk_pika - database.py:238 - INFO - 数据库更新已下载章节
2026-05-30 00:17:18 - mkk_pika - database.py:244 - INFO - 该漫画已下载章节如下
2026-05-30 00:17:18 - mkk_pika - database.py:245 - INFO - ['第1集']
2026-05-30 00:17:20 - mkk_pika - main.py:348 - INFO - ==================== 漫画信息 ====================
                                   漫画ID：5a0fa698e17e966752f55830
                                   标题： [ROC_1112出品] 猥婦乳情
                                   作者：大林森
                                   是否完结：是
                                   总页数：249
                                   分类：長篇,人妻
                                   章节数：1
                                   最后更新时间：2017-11-18T03:18:48.642Z
                                   =================================================
2026-05-30 00:17:20 - mkk_pika - database.py:101 - INFO - 保存成功： [ROC_1112出品] 猥婦乳情
2026-05-30 00:17:20 - mkk_pika - main.py:35 - INFO - 开始检查おいでよ! くのいちの里是否存在未下载章节
2026-05-30 00:17:20 - mkk_pika - main.py:45 - INFO - 正在下载:[おいでよ! くのいちの里]-[公儀あんみつ (一煉托生)]-[['短篇', '後宮閃光']]-[total_pages:25]
2026-05-30 00:17:20 - mkk_pika - main.py:49 - INFO - [{'_id': '5a0fb7f53cf5a03c559ed584', 'title': '第1集', 'order': 1, 'updated_at': '2017-11-18T02:46:36.423Z', 'id': '5a0fb7f53cf5a03c559ed584'}]
2026-05-30 00:17:20 - mkk_pika - database.py:215 - INFO - 第一次下载该漫画，记录数据库中
2026-05-30 00:17:20 - mkk_pika - main.py:83 - INFO - 找到 25 张图片在:第1集
2026-05-30 00:17:21 - mkk_pika - main.py:112 - INFO - [episode:第1集       ] downloaded:    25, total:  25, progress:100%
2026-05-30 00:17:21 - mkk_pika - database.py:238 - INFO - 数据库更新已下载章节
2026-05-30 00:17:21 - mkk_pika - database.py:244 - INFO - 该漫画已下载章节如下
2026-05-30 00:17:21 - mkk_pika - database.py:245 - INFO - ['第1集']
2026-05-30 00:17:22 - mkk_pika - main.py:348 - INFO - ==================== 漫画信息 ====================
                                   漫画ID：5a0fb7f53cf5a03c559ed583
                                   标题：おいでよ! くのいちの里
                                   作者：公儀あんみつ (一煉托生)
                                   是否完结：是
                                   总页数：25
                                   分类：短篇,後宮閃光
                                   章节数：1
                                   最后更新时间：2017-11-18T04:32:53.363Z
                                   =================================================
2026-05-30 00:17:22 - mkk_pika - database.py:101 - INFO - 保存成功：おいでよ! くのいちの里
2026-05-30 00:17:22 - mkk_pika - main.py:35 - INFO - 开始检查がーるねくすとどあ (SCANDAL! Limited Edition) 是否存在未下载章节
2026-05-30 00:17:23 - mkk_pika - main.py:45 - INFO - 正在下载:[がーるねくすとどあ (SCANDAL! Limited Edition) ]-[掃除朋具]-[['長篇']]-[total_pages:167]
2026-05-30 00:17:23 - mkk_pika - main.py:49 - INFO - [{'_id': '5a0fb80e5011123c2924f89a', 'title': '第1集', 'order': 1, 'updated_at': '2017-11-18T03:21:52.587Z', 'id': '5a0fb80e5011123c2924f89a'}]
2026-05-30 00:17:23 - mkk_pika - database.py:215 - INFO - 第一次下载该漫画，记录数据库中
2026-05-30 00:17:25 - mkk_pika - main.py:83 - INFO - 找到 167 张图片在:第1集
2026-05-30 00:17:28 - mkk_pika - main.py:112 - INFO - [episode:第1集       ] downloaded:   167, total: 167, progress:100%
2026-05-30 00:17:28 - mkk_pika - database.py:238 - INFO - 数据库更新已下载章节
2026-05-30 00:17:28 - mkk_pika - database.py:244 - INFO - 该漫画已下载章节如下
2026-05-30 00:17:28 - mkk_pika - database.py:245 - INFO - ['第1集']
2026-05-30 00:17:30 - mkk_pika - main.py:348 - INFO - ==================== 漫画信息 ====================
                                   漫画ID：5a0fb80e5011123c2924f899
                                   标题：がーるねくすとどあ (SCANDAL! Limited Edition) 
                                   作者：掃除朋具
                                   是否完结：是
                                   总页数：167
                                   分类：長篇
                                   章节数：1
                                   最后更新时间：2017-11-18T04:33:18.121Z
                                   =================================================
2026-05-30 00:17:30 - mkk_pika - database.py:101 - INFO - 保存成功：がーるねくすとどあ (SCANDAL! Limited Edition) 
2026-05-30 00:17:30 - mkk_pika - main.py:35 - INFO - 开始检查新人従騎士の一日是否存在未下载章节
2026-05-30 00:17:30 - mkk_pika - main.py:45 - INFO - 正在下载:[新人従騎士の一日]-[色点屋]-[['短篇', '全彩']]-[total_pages:39]
2026-05-30 00:17:30 - mkk_pika - main.py:49 - INFO - [{'_id': '5a0fb82088a9f33c754f8117', 'title': '第1集', 'order': 1, 'updated_at': '2017-11-18T03:28:16.348Z', 'id': '5a0fb82088a9f33c754f8117'}]
2026-05-30 00:17:30 - mkk_pika - database.py:215 - INFO - 第一次下载该漫画，记录数据库中
2026-05-30 00:17:31 - mkk_pika - main.py:83 - INFO - 找到 39 张图片在:第1集
2026-05-30 00:17:32 - mkk_pika - main.py:112 - INFO - [episode:第1集       ] downloaded:    39, total:  39, progress:100%
2026-05-30 00:17:32 - mkk_pika - database.py:238 - INFO - 数据库更新已下载章节
2026-05-30 00:17:32 - mkk_pika - database.py:244 - INFO - 该漫画已下载章节如下
2026-05-30 00:17:32 - mkk_pika - database.py:245 - INFO - ['第1集']
2026-05-30 00:17:33 - mkk_pika - main.py:348 - INFO - ==================== 漫画信息 ====================
                                   漫画ID：5a0fb82088a9f33c754f8116
                                   标题：新人従騎士の一日
                                   作者：色点屋
                                   是否完结：是
                                   总页数：39
                                   分类：短篇,全彩
                                   章节数：1
                                   最后更新时间：2017-11-18T04:33:36.734Z
                                   =================================================
2026-05-30 00:17:33 - mkk_pika - database.py:101 - INFO - 保存成功：新人従騎士の一日
2026-05-30 00:17:33 - mkk_pika - main.py:35 - INFO - 开始检查 [ROC_1112出品]果蜜痴態是否存在未下载章节
2026-05-30 00:17:33 - mkk_pika - main.py:45 - INFO - 正在下载:[ [ROC_1112出品]果蜜痴態]-[天竺浪人]-[['長篇']]-[total_pages:218]
2026-05-30 00:17:33 - mkk_pika - main.py:49 - INFO - [{'_id': '5a0fb8751ae16e54bbc422e9', 'title': '第1集', 'order': 1, 'updated_at': '2017-11-18T03:58:27.176Z', 'id': '5a0fb8751ae16e54bbc422e9'}]
2026-05-30 00:17:33 - mkk_pika - database.py:215 - INFO - 第一次下载该漫画，记录数据库中
2026-05-30 00:17:36 - mkk_pika - main.py:83 - INFO - 找到 218 张图片在:第1集
2026-05-30 00:17:41 - mkk_pika - main.py:112 - INFO - [episode:第1集       ] downloaded:   218, total: 218, progress:100%
2026-05-30 00:17:41 - mkk_pika - database.py:238 - INFO - 数据库更新已下载章节
2026-05-30 00:17:41 - mkk_pika - database.py:244 - INFO - 该漫画已下载章节如下
2026-05-30 00:17:41 - mkk_pika - database.py:245 - INFO - ['第1集']
2026-05-30 00:17:43 - mkk_pika - main.py:348 - INFO - ==================== 漫画信息 ====================
                                   漫画ID：5a0fb8751ae16e54bbc422e8
                                   标题： [ROC_1112出品]果蜜痴態
                                   作者：天竺浪人
                                   是否完结：是
                                   总页数：218
                                   分类：長篇
                                   章节数：1
                                   最后更新时间：2017-11-18T04:35:01.466Z
                                   =================================================
2026-05-30 00:17:43 - mkk_pika - database.py:101 - INFO - 保存成功： [ROC_1112出品]果蜜痴態
2026-05-30 00:17:43 - mkk_pika - main.py:35 - INFO - 开始检查白雪妻 (战舰少女) 是否存在未下载章节
2026-05-30 00:17:43 - mkk_pika - main.py:45 - INFO - 正在下载:[白雪妻 (战舰少女) ]-[Breakrabbit]-[['短篇', '同人']]-[total_pages:7]
2026-05-30 00:17:43 - mkk_pika - main.py:49 - INFO - [{'_id': '5a0ffaf32fc56867052bc4cf', 'title': '第1集', 'order': 1, 'updated_at': '2017-11-18T05:01:37.671Z', 'id': '5a0ffaf32fc56867052bc4cf'}]
2026-05-30 00:17:43 - mkk_pika - database.py:215 - INFO - 第一次下载该漫画，记录数据库中
2026-05-30 00:17:44 - mkk_pika - main.py:83 - INFO - 找到 7 张图片在:第1集
2026-05-30 00:17:44 - mkk_pika - main.py:112 - INFO - [episode:第1集       ] downloaded:     7, total:   7, progress:100%
2026-05-30 00:17:44 - mkk_pika - database.py:238 - INFO - 数据库更新已下载章节
2026-05-30 00:17:44 - mkk_pika - database.py:244 - INFO - 该漫画已下载章节如下
2026-05-30 00:17:44 - mkk_pika - database.py:245 - INFO - ['第1集']
2026-05-30 00:17:45 - mkk_pika - main.py:348 - INFO - ==================== 漫画信息 ====================
                                   漫画ID：5a0ffaf32fc56867052bc4ce
                                   标题：白雪妻 (战舰少女) 
                                   作者：Breakrabbit
                                   是否完结：否
                                   总页数：7
                                   分类：短篇,同人
                                   章节数：1
                                   最后更新时间：2017-11-18T09:18:43.611Z
                                   =================================================
2026-05-30 00:17:45 - mkk_pika - database.py:101 - INFO - 保存成功：白雪妻 (战舰少女) 
2026-05-30 00:17:45 - mkk_pika - main.py:35 - INFO - 开始检查不順た義妹の性活指導 (COMIC 高 2017年11月号)是否存在未下载章节
2026-05-30 00:17:46 - mkk_pika - main.py:45 - INFO - 正在下载:[不順た義妹の性活指導 (COMIC 高 2017年11月号)]-[むねしち]-[['短篇', '妹妹系']]-[total_pages:18]
2026-05-30 00:17:46 - mkk_pika - main.py:49 - INFO - [{'_id': '5a0ffb17e4b6fd3c3838a3bc', 'title': '第1集', 'order': 1, 'updated_at': '2017-11-18T05:19:06.975Z', 'id': '5a0ffb17e4b6fd3c3838a3bc'}]
2026-05-30 00:17:46 - mkk_pika - database.py:215 - INFO - 第一次下载该漫画，记录数据库中
2026-05-30 00:17:46 - mkk_pika - main.py:83 - INFO - 找到 18 张图片在:第1集
2026-05-30 00:17:47 - mkk_pika - main.py:112 - INFO - [episode:第1集       ] downloaded:    18, total:  18, progress:100%
2026-05-30 00:17:47 - mkk_pika - database.py:238 - INFO - 数据库更新已下载章节
2026-05-30 00:17:47 - mkk_pika - database.py:244 - INFO - 该漫画已下载章节如下
2026-05-30 00:17:47 - mkk_pika - database.py:245 - INFO - ['第1集']
2026-05-30 00:17:48 - mkk_pika - main.py:348 - INFO - ==================== 漫画信息 ====================
                                   漫画ID：5a0ffb17e4b6fd3c3838a3bb
                                   标题：不順た義妹の性活指導 (COMIC 高 2017年11月号)
                                   作者：むねしち
                                   是否完结：是
                                   总页数：18
                                   分类：短篇,妹妹系
                                   章节数：1
                                   最后更新时间：2017-11-18T09:19:19.898Z
                                   =================================================
2026-05-30 00:17:48 - mkk_pika - database.py:101 - INFO - 保存成功：不順た義妹の性活指導 (COMIC 高 2017年11月号)
2026-05-30 00:17:48 - mkk_pika - main.py:35 - INFO - 开始检查フェロモン (COMlC 快楽天 2017年9月号)[無修正]是否存在未下载章节
2026-05-30 00:17:48 - mkk_pika - main.py:45 - INFO - 正在下载:[フェロモン (COMlC 快楽天 2017年9月号)[無修正]]-[もじゃりん]-[['短篇']]-[total_pages:19]
2026-05-30 00:17:48 - mkk_pika - main.py:49 - INFO - [{'_id': '5a0ffb77e17e966752f55b15', 'title': '第1集', 'order': 1, 'updated_at': '2017-11-18T05:41:35.594Z', 'id': '5a0ffb77e17e966752f55b15'}]
2026-05-30 00:17:48 - mkk_pika - database.py:215 - INFO - 第一次下载该漫画，记录数据库中
2026-05-30 00:17:49 - mkk_pika - main.py:83 - INFO - 找到 19 张图片在:第1集
2026-05-30 00:17:51 - mkk_pika - main.py:112 - INFO - [episode:第1集       ] downloaded:    19, total:  19, progress:100%
2026-05-30 00:17:51 - mkk_pika - database.py:238 - INFO - 数据库更新已下载章节
2026-05-30 00:17:51 - mkk_pika - database.py:244 - INFO - 该漫画已下载章节如下
2026-05-30 00:17:51 - mkk_pika - database.py:245 - INFO - ['第1集']
2026-05-30 00:17:52 - mkk_pika - main.py:348 - INFO - ==================== 漫画信息 ====================
                                   漫画ID：5a0ffb77e17e966752f55b14
                                   标题：フェロモン (COMlC 快楽天 2017年9月号)[無修正]
                                   作者：もじゃりん
                                   是否完结：是
                                   总页数：19
                                   分类：短篇
                                   章节数：1
                                   最后更新时间：2017-11-18T09:20:55.241Z
                                   =================================================
2026-05-30 00:17:52 - mkk_pika - database.py:101 - INFO - 保存成功：フェロモン (COMlC 快楽天 2017年9月号)[無修正]
2026-05-30 00:17:52 - mkk_pika - main.py:35 - INFO - 开始检查 しれーかんがわんこになっちゃった!!是否存在未下载章节
2026-05-30 00:17:52 - mkk_pika - main.py:45 - INFO - 正在下载:[ しれーかんがわんこになっちゃった!!]-[ぷりたにあ (ぷり)]-[['短篇', '同人', '艦隊收藏']]-[total_pages:18]
2026-05-30 00:17:52 - mkk_pika - main.py:49 - INFO - [{'_id': '5a0ffba688a9f33c754f82f6', 'title': '第1集', 'order': 1, 'updated_at': '2017-11-18T05:49:33.077Z', 'id': '5a0ffba688a9f33c754f82f6'}]
2026-05-30 00:17:52 - mkk_pika - database.py:215 - INFO - 第一次下载该漫画，记录数据库中
2026-05-30 00:17:53 - mkk_pika - main.py:83 - INFO - 找到 18 张图片在:第1集
2026-05-30 00:17:53 - mkk_pika - main.py:112 - INFO - [episode:第1集       ] downloaded:    18, total:  18, progress:100%
2026-05-30 00:17:53 - mkk_pika - database.py:238 - INFO - 数据库更新已下载章节
2026-05-30 00:17:53 - mkk_pika - database.py:244 - INFO - 该漫画已下载章节如下
2026-05-30 00:17:53 - mkk_pika - database.py:245 - INFO - ['第1集']
2026-05-30 00:17:55 - mkk_pika - main.py:348 - INFO - ==================== 漫画信息 ====================
                                   漫画ID：5a0ffba688a9f33c754f82f5
                                   标题： しれーかんがわんこになっちゃった!!
                                   作者：ぷりたにあ (ぷり)
                                   是否完结：否
                                   总页数：18
                                   分类：短篇,同人,艦隊收藏
                                   章节数：1
                                   最后更新时间：2017-11-18T09:21:42.890Z
                                   =================================================
2026-05-30 00:17:55 - mkk_pika - database.py:101 - INFO - 保存成功： しれーかんがわんこになっちゃった!!
2026-05-30 00:17:55 - mkk_pika - main.py:35 - INFO - 开始检查エクストリームプライベートティーチャー (コミックメガストアα 2014年6月号)是否存在未下载章节
2026-05-30 00:17:55 - mkk_pika - main.py:45 - INFO - 正在下载:[エクストリームプライベートティーチャー (コミックメガストアα 2014年6月号)]-[皿成高味]-[['短篇', 'NTR', '人妻', '姐姐系']]-[total_pages:20]
2026-05-30 00:17:55 - mkk_pika - main.py:49 - INFO - [{'_id': '5a1044100021e0671be9d174', 'title': '第1集', 'order': 1, 'updated_at': '2017-11-18T11:00:33.563Z', 'id': '5a1044100021e0671be9d174'}]
2026-05-30 00:17:55 - mkk_pika - database.py:215 - INFO - 第一次下载该漫画，记录数据库中
2026-05-30 00:17:56 - mkk_pika - main.py:83 - INFO - 找到 20 张图片在:第1集
2026-05-30 00:17:56 - mkk_pika - main.py:112 - INFO - [episode:第1集       ] downloaded:    20, total:  20, progress:100%
2026-05-30 00:17:56 - mkk_pika - database.py:238 - INFO - 数据库更新已下载章节
2026-05-30 00:17:56 - mkk_pika - database.py:244 - INFO - 该漫画已下载章节如下
2026-05-30 00:17:56 - mkk_pika - database.py:245 - INFO - ['第1集']
2026-05-30 00:17:58 - mkk_pika - main.py:348 - INFO - ==================== 漫画信息 ====================
                                   漫画ID：5a1044100021e0671be9d173
                                   标题：エクストリームプライベートティーチャー (コミックメガストアα 2014年6月号)
                                   作者：皿成高味
                                   是否完结：是
                                   总页数：20
                                   分类：短篇,NTR,人妻,姐姐系
                                   章节数：1
                                   最后更新时间：2017-11-18T14:30:40.801Z
                                   =================================================
2026-05-30 00:17:58 - mkk_pika - database.py:101 - INFO - 保存成功：エクストリームプライベートティーチャー (コミックメガストアα 2014年6月号)
2026-05-30 00:17:58 - mkk_pika - main.py:35 - INFO - 开始检查気になる姉乳 (コミックホットミルク 2017年7月号)是否存在未下载章节
2026-05-30 00:17:58 - mkk_pika - main.py:45 - INFO - 正在下载:[気になる姉乳 (コミックホットミルク 2017年7月号)]-[破壊神]-[['短篇', '純愛', '姐姐系']]-[total_pages:22]
2026-05-30 00:17:58 - mkk_pika - main.py:49 - INFO - [{'_id': '5a106bed21f17e547e10a898', 'title': '第1集', 'order': 1, 'updated_at': '2017-11-18T16:10:19.788Z', 'id': '5a106bed21f17e547e10a898'}]
2026-05-30 00:17:58 - mkk_pika - database.py:215 - INFO - 第一次下载该漫画，记录数据库中
2026-05-30 00:17:58 - mkk_pika - main.py:83 - INFO - 找到 22 张图片在:第1集
2026-05-30 00:17:59 - mkk_pika - main.py:112 - INFO - [episode:第1集       ] downloaded:    22, total:  22, progress:100%
2026-05-30 00:17:59 - mkk_pika - database.py:238 - INFO - 数据库更新已下载章节
2026-05-30 00:17:59 - mkk_pika - database.py:244 - INFO - 该漫画已下载章节如下
2026-05-30 00:17:59 - mkk_pika - database.py:245 - INFO - ['第1集']
2026-05-30 00:18:00 - mkk_pika - main.py:348 - INFO - ==================== 漫画信息 ====================
                                   漫画ID：5a106bed21f17e547e10a897
                                   标题：気になる姉乳 (コミックホットミルク 2017年7月号)
                                   作者：破壊神
                                   是否完结：是
                                   总页数：22
                                   分类：短篇,純愛,姐姐系
                                   章节数：1
                                   最后更新时间：2017-11-18T17:20:45.293Z
                                   =================================================
2026-05-30 00:18:00 - mkk_pika - database.py:101 - INFO - 保存成功：気になる姉乳 (コミックホットミルク 2017年7月号)
2026-05-30 00:18:00 - mkk_pika - main.py:35 - INFO - 开始检查おじさんといっしょ 是否存在未下载章节
2026-05-30 00:18:01 - mkk_pika - main.py:45 - INFO - 正在下载:[おじさんといっしょ ]-[成田コウ]-[['長篇']]-[total_pages:208]
2026-05-30 00:18:01 - mkk_pika - main.py:49 - INFO - [{'_id': '5a11896516f147080812233a', 'title': '第1集', 'order': 1, 'updated_at': '2017-11-19T03:47:43.773Z', 'id': '5a11896516f147080812233a'}]
2026-05-30 00:18:01 - mkk_pika - database.py:215 - INFO - 第一次下载该漫画，记录数据库中
2026-05-30 00:18:03 - mkk_pika - main.py:83 - INFO - 找到 208 张图片在:第1集
2026-05-30 00:18:08 - mkk_pika - main.py:112 - INFO - [episode:第1集       ] downloaded:   208, total: 208, progress:100%
2026-05-30 00:18:08 - mkk_pika - database.py:238 - INFO - 数据库更新已下载章节
2026-05-30 00:18:08 - mkk_pika - database.py:244 - INFO - 该漫画已下载章节如下
2026-05-30 00:18:08 - mkk_pika - database.py:245 - INFO - ['第1集']
2026-05-30 00:18:09 - mkk_pika - main.py:348 - INFO - ==================== 漫画信息 ====================
                                   漫画ID：5a11896516f1470808122339
                                   标题：おじさんといっしょ 
                                   作者：成田コウ
                                   是否完结：是
                                   总页数：208
                                   分类：長篇
                                   章节数：1
                                   最后更新时间：2017-11-19T13:38:45.264Z
                                   =================================================
2026-05-30 00:18:09 - mkk_pika - database.py:101 - INFO - 保存成功：おじさんといっしょ 
2026-05-30 00:18:09 - mkk_pika - main.py:35 - INFO - 开始检查すいーとびっち！ | 甜美~的淫蕩女！是否存在未下载章节
2026-05-30 00:18:09 - mkk_pika - main.py:45 - INFO - 正在下载:[すいーとびっち！ | 甜美~的淫蕩女！]-[しでん晶]-[['長篇']]-[total_pages:199]
2026-05-30 00:18:09 - mkk_pika - main.py:49 - INFO - [{'_id': '5a11899fa1753a07ee1e5b1d', 'title': '第1集', 'order': 1, 'updated_at': '2017-11-19T04:05:14.754Z', 'id': '5a11899fa1753a07ee1e5b1d'}]
2026-05-30 00:18:09 - mkk_pika - database.py:215 - INFO - 第一次下载该漫画，记录数据库中
2026-05-30 00:18:11 - mkk_pika - main.py:83 - INFO - 找到 199 张图片在:第1集
2026-05-30 00:18:16 - mkk_pika - main.py:112 - INFO - [episode:第1集       ] downloaded:   199, total: 199, progress:100%
2026-05-30 00:18:16 - mkk_pika - database.py:238 - INFO - 数据库更新已下载章节
2026-05-30 00:18:16 - mkk_pika - database.py:244 - INFO - 该漫画已下载章节如下
2026-05-30 00:18:16 - mkk_pika - database.py:245 - INFO - ['第1集']
2026-05-30 00:18:17 - mkk_pika - main.py:348 - INFO - ==================== 漫画信息 ====================
                                   漫画ID：5a11899fa1753a07ee1e5b1c
                                   标题：すいーとびっち！ | 甜美~的淫蕩女！
                                   作者：しでん晶
                                   是否完结：是
                                   总页数：199
                                   分类：長篇
                                   章节数：1
                                   最后更新时间：2017-11-19T13:39:43.047Z
                                   =================================================
2026-05-30 00:18:17 - mkk_pika - database.py:101 - INFO - 保存成功：すいーとびっち！ | 甜美~的淫蕩女！
2026-05-30 00:18:17 - mkk_pika - main.py:35 - INFO - 开始检查POWとエッチ詰め合わせ (アズールレーン)是否存在未下载章节
2026-05-30 00:18:17 - mkk_pika - main.py:45 - INFO - 正在下载:[POWとエッチ詰め合わせ (アズールレーン)]-[新屋敷]-[['全彩', '同人', '短篇', '姐姐系']]-[total_pages:29]
2026-05-30 00:18:17 - mkk_pika - main.py:49 - INFO - [{'_id': '5a118a26863156073942dfc9', 'title': '第1集', 'order': 1, 'updated_at': '2017-11-19T05:17:33.414Z', 'id': '5a118a26863156073942dfc9'}]
2026-05-30 00:18:17 - mkk_pika - database.py:215 - INFO - 第一次下载该漫画，记录数据库中
2026-05-30 00:18:18 - mkk_pika - main.py:83 - INFO - 找到 29 张图片在:第1集
2026-05-30 00:18:19 - mkk_pika - main.py:112 - INFO - [episode:第1集       ] downloaded:    29, total:  29, progress:100%
2026-05-30 00:18:19 - mkk_pika - database.py:238 - INFO - 数据库更新已下载章节
2026-05-30 00:18:19 - mkk_pika - database.py:244 - INFO - 该漫画已下载章节如下
2026-05-30 00:18:19 - mkk_pika - database.py:245 - INFO - ['第1集']
2026-05-30 00:18:20 - mkk_pika - main.py:348 - INFO - ==================== 漫画信息 ====================
                                   漫画ID：5a118a26863156073942dfc8
                                   标题：POWとエッチ詰め合わせ (アズールレーン)
                                   作者：新屋敷
                                   是否完结：是
                                   总页数：29
                                   分类：全彩,同人,短篇,姐姐系
                                   章节数：1
                                   最后更新时间：2017-11-19T13:41:58.107Z
                                   =================================================
2026-05-30 00:18:20 - mkk_pika - database.py:101 - INFO - 保存成功：POWとエッチ詰め合わせ (アズールレーン)
2026-05-30 00:18:20 - mkk_pika - main.py:35 - INFO - 开始检查マスターのたしなみ (Fate Grand Order)是否存在未下载章节
2026-05-30 00:18:20 - mkk_pika - main.py:45 - INFO - 正在下载:[マスターのたしなみ (Fate Grand Order)]-[Rip@Lip (水原優)]-[['全彩', '同人', '短篇', 'Fate']]-[total_pages:19]
2026-05-30 00:18:20 - mkk_pika - main.py:49 - INFO - [{'_id': '5a118a39e1aa7c0729482770', 'title': '第1集', 'order': 1, 'updated_at': '2017-11-19T08:45:27.902Z', 'id': '5a118a39e1aa7c0729482770'}]
2026-05-30 00:18:20 - mkk_pika - database.py:215 - INFO - 第一次下载该漫画，记录数据库中
2026-05-30 00:18:21 - mkk_pika - main.py:83 - INFO - 找到 19 张图片在:第1集
2026-05-30 00:18:22 - mkk_pika - main.py:112 - INFO - [episode:第1集       ] downloaded:    19, total:  19, progress:100%
2026-05-30 00:18:22 - mkk_pika - database.py:238 - INFO - 数据库更新已下载章节
2026-05-30 00:18:22 - mkk_pika - database.py:244 - INFO - 该漫画已下载章节如下
2026-05-30 00:18:22 - mkk_pika - database.py:245 - INFO - ['第1集']
2026-05-30 00:18:23 - mkk_pika - main.py:348 - INFO - ==================== 漫画信息 ====================
                                   漫画ID：5a118a39e1aa7c072948276f
                                   标题：マスターのたしなみ (Fate Grand Order)
                                   作者：Rip@Lip (水原優)
                                   是否完结：是
                                   总页数：19
                                   分类：全彩,同人,短篇,Fate
                                   章节数：1
                                   最后更新时间：2017-11-19T13:42:17.492Z
                                   =================================================
2026-05-30 00:18:23 - mkk_pika - database.py:101 - INFO - 保存成功：マスターのたしなみ (Fate Grand Order)
2026-05-30 00:18:23 - mkk_pika - main.py:35 - INFO - 开始检查母さんの性教育是否存在未下载章节
2026-05-30 00:18:23 - mkk_pika - main.py:45 - INFO - 正在下载:[母さんの性教育]-[あとり秋尚 (あとりK]-[['人妻']]-[total_pages:26]
2026-05-30 00:18:23 - mkk_pika - main.py:49 - INFO - [{'_id': '5a118c1ca1753a07ee1e5bf6', 'title': '第1集', 'order': 1, 'updated_at': '2017-11-19T11:54:28.272Z', 'id': '5a118c1ca1753a07ee1e5bf6'}]
2026-05-30 00:18:23 - mkk_pika - database.py:215 - INFO - 第一次下载该漫画，记录数据库中
2026-05-30 00:18:24 - mkk_pika - main.py:83 - INFO - 找到 26 张图片在:第1集
2026-05-30 00:18:25 - mkk_pika - main.py:112 - INFO - [episode:第1集       ] downloaded:    26, total:  26, progress:100%
2026-05-30 00:18:25 - mkk_pika - database.py:238 - INFO - 数据库更新已下载章节
2026-05-30 00:18:25 - mkk_pika - database.py:244 - INFO - 该漫画已下载章节如下
2026-05-30 00:18:25 - mkk_pika - database.py:245 - INFO - ['第1集']
2026-05-30 00:18:26 - mkk_pika - main.py:348 - INFO - ==================== 漫画信息 ====================
                                   漫画ID：5a118c1ca1753a07ee1e5bf5
                                   标题：母さんの性教育
                                   作者：あとり秋尚 (あとりK
                                   是否完结：否
                                   总页数：26
                                   分类：人妻
                                   章节数：1
                                   最后更新时间：2017-11-19T13:50:20.254Z
                                   =================================================
2026-05-30 00:18:26 - mkk_pika - database.py:101 - INFO - 保存成功：母さんの性教育
2026-05-30 00:18:26 - mkk_pika - main.py:35 - INFO - 开始检查家政婦とSEXする是否存在未下载章节
2026-05-30 00:18:26 - mkk_pika - main.py:45 - INFO - 正在下载:[家政婦とSEXする]-[アルマロッソ]-[['全彩', '人妻']]-[total_pages:28]
2026-05-30 00:18:26 - mkk_pika - main.py:49 - INFO - [{'_id': '5a118c78a1753a07ee1e5c13', 'title': '第1集', 'order': 1, 'updated_at': '2017-11-19T12:33:20.727Z', 'id': '5a118c78a1753a07ee1e5c13'}]
2026-05-30 00:18:26 - mkk_pika - database.py:215 - INFO - 第一次下载该漫画，记录数据库中
2026-05-30 00:18:27 - mkk_pika - main.py:83 - INFO - 找到 28 张图片在:第1集
2026-05-30 00:18:27 - mkk_pika - main.py:112 - INFO - [episode:第1集       ] downloaded:    28, total:  28, progress:100%
2026-05-30 00:18:27 - mkk_pika - database.py:238 - INFO - 数据库更新已下载章节
2026-05-30 00:18:27 - mkk_pika - database.py:244 - INFO - 该漫画已下载章节如下
2026-05-30 00:18:27 - mkk_pika - database.py:245 - INFO - ['第1集']
2026-05-30 00:18:29 - mkk_pika - main.py:348 - INFO - ==================== 漫画信息 ====================
                                   漫画ID：5a118c78a1753a07ee1e5c12
                                   标题：家政婦とSEXする
                                   作者：アルマロッソ
                                   是否完结：否
                                   总页数：28
                                   分类：全彩,人妻
                                   章节数：1
                                   最后更新时间：2017-11-19T13:51:52.922Z
                                   =================================================
2026-05-30 00:18:29 - mkk_pika - database.py:101 - INFO - 保存成功：家政婦とSEXする
2026-05-30 00:18:29 - mkk_pika - main.py:35 - INFO - 开始检查万引GメンとSEXする是否存在未下载章节
2026-05-30 00:18:29 - mkk_pika - main.py:45 - INFO - 正在下载:[万引GメンとSEXする]-[アルマロッソ]-[['全彩', '人妻']]-[total_pages:25]
2026-05-30 00:18:29 - mkk_pika - main.py:49 - INFO - [{'_id': '5a118c90a1753a07ee1e5c31', 'title': '第1集', 'order': 1, 'updated_at': '2017-11-19T12:46:59.893Z', 'id': '5a118c90a1753a07ee1e5c31'}]
2026-05-30 00:18:29 - mkk_pika - database.py:215 - INFO - 第一次下载该漫画，记录数据库中
2026-05-30 00:18:30 - mkk_pika - main.py:83 - INFO - 找到 25 张图片在:第1集
2026-05-30 00:18:30 - mkk_pika - main.py:112 - INFO - [episode:第1集       ] downloaded:    25, total:  25, progress:100%
2026-05-30 00:18:30 - mkk_pika - database.py:238 - INFO - 数据库更新已下载章节
2026-05-30 00:18:30 - mkk_pika - database.py:244 - INFO - 该漫画已下载章节如下
2026-05-30 00:18:30 - mkk_pika - database.py:245 - INFO - ['第1集']
2026-05-30 00:18:32 - mkk_pika - main.py:348 - INFO - ==================== 漫画信息 ====================
                                   漫画ID：5a118c90a1753a07ee1e5c30
                                   标题：万引GメンとSEXする
                                   作者：アルマロッソ
                                   是否完结：否
                                   总页数：25
                                   分类：全彩,人妻
                                   章节数：1
                                   最后更新时间：2017-11-19T13:52:16.399Z
                                   =================================================
2026-05-30 00:18:32 - mkk_pika - database.py:101 - INFO - 保存成功：万引GメンとSEXする
2026-05-30 00:18:32 - mkk_pika - main.py:35 - INFO - 开始检查ママヌキ是否存在未下载章节
2026-05-30 00:18:32 - mkk_pika - main.py:45 - INFO - 正在下载:[ママヌキ]-[BitchMaker (くずかご]-[['人妻']]-[total_pages:21]
2026-05-30 00:18:32 - mkk_pika - main.py:49 - INFO - [{'_id': '5a118ca7104b0107bc09beac', 'title': '第1集', 'order': 1, 'updated_at': '2017-11-19T13:03:50.510Z', 'id': '5a118ca7104b0107bc09beac'}]
2026-05-30 00:18:32 - mkk_pika - database.py:215 - INFO - 第一次下载该漫画，记录数据库中
2026-05-30 00:18:32 - mkk_pika - main.py:83 - INFO - 找到 21 张图片在:第1集
2026-05-30 00:18:33 - mkk_pika - main.py:112 - INFO - [episode:第1集       ] downloaded:    21, total:  21, progress:100%
2026-05-30 00:18:33 - mkk_pika - database.py:238 - INFO - 数据库更新已下载章节
2026-05-30 00:18:33 - mkk_pika - database.py:244 - INFO - 该漫画已下载章节如下
2026-05-30 00:18:33 - mkk_pika - database.py:245 - INFO - ['第1集']
2026-05-30 00:18:34 - mkk_pika - main.py:348 - INFO - ==================== 漫画信息 ====================
                                   漫画ID：5a118ca7104b0107bc09beab
                                   标题：ママヌキ
                                   作者：BitchMaker (くずかご
                                   是否完结：否
                                   总页数：21
                                   分类：人妻
                                   章节数：1
                                   最后更新时间：2017-11-19T13:52:39.480Z
                                   =================================================
2026-05-30 00:18:34 - mkk_pika - database.py:101 - INFO - 保存成功：ママヌキ
2026-05-30 00:18:34 - mkk_pika - main.py:35 - INFO - 开始检查咲夜vsエロトラップ (東方Project)是否存在未下载章节
2026-05-30 00:18:35 - mkk_pika - main.py:45 - INFO - 正在下载:[咲夜vsエロトラップ (東方Project)]-[やむっ]-[['短篇', '非人類', '東方']]-[total_pages:11]
2026-05-30 00:18:35 - mkk_pika - main.py:49 - INFO - [{'_id': '5a11bd79bfd08c07c61341c3', 'title': '第1集', 'order': 1, 'updated_at': '2017-11-19T14:45:16.332Z', 'id': '5a11bd79bfd08c07c61341c3'}]
2026-05-30 00:18:35 - mkk_pika - database.py:215 - INFO - 第一次下载该漫画，记录数据库中
2026-05-30 00:18:35 - mkk_pika - main.py:83 - INFO - 找到 11 张图片在:第1集
2026-05-30 00:18:36 - mkk_pika - main.py:112 - INFO - [episode:第1集       ] downloaded:    11, total:  11, progress:100%
2026-05-30 00:18:36 - mkk_pika - database.py:238 - INFO - 数据库更新已下载章节
2026-05-30 00:18:36 - mkk_pika - database.py:244 - INFO - 该漫画已下载章节如下
2026-05-30 00:18:36 - mkk_pika - database.py:245 - INFO - ['第1集']
2026-05-30 00:18:37 - mkk_pika - main.py:348 - INFO - ==================== 漫画信息 ====================
                                   漫画ID：5a11bd79bfd08c07c61341c2
                                   标题：咲夜vsエロトラップ (東方Project)
                                   作者：やむっ
                                   是否完结：否
                                   总页数：11
                                   分类：短篇,非人類,東方
                                   章节数：1
                                   最后更新时间：2017-11-19T17:20:57.563Z
                                   =================================================
2026-05-30 00:18:37 - mkk_pika - database.py:101 - INFO - 保存成功：咲夜vsエロトラップ (東方Project)
2026-05-30 00:18:37 - mkk_pika - main.py:35 - INFO - 开始检查異形姦是否存在未下载章节
2026-05-30 00:18:37 - mkk_pika - main.py:45 - INFO - 正在下载:[異形姦]-[Cauldron]-[['全彩', '短篇', '非人類']]-[total_pages:11]
2026-05-30 00:18:37 - mkk_pika - main.py:49 - INFO - [{'_id': '5a11bd8d16f1470808122688', 'title': '第1集', 'order': 1, 'updated_at': '2017-11-19T14:55:46.442Z', 'id': '5a11bd8d16f1470808122688'}]
2026-05-30 00:18:37 - mkk_pika - database.py:215 - INFO - 第一次下载该漫画，记录数据库中
2026-05-30 00:18:38 - mkk_pika - main.py:83 - INFO - 找到 11 张图片在:第1集
2026-05-30 00:18:38 - mkk_pika - main.py:112 - INFO - [episode:第1集       ] downloaded:    11, total:  11, progress:100%
2026-05-30 00:18:38 - mkk_pika - database.py:238 - INFO - 数据库更新已下载章节
2026-05-30 00:18:38 - mkk_pika - database.py:244 - INFO - 该漫画已下载章节如下
2026-05-30 00:18:38 - mkk_pika - database.py:245 - INFO - ['第1集']
2026-05-30 00:18:39 - mkk_pika - main.py:348 - INFO - ==================== 漫画信息 ====================
                                   漫画ID：5a11bd8d16f1470808122687
                                   标题：異形姦
                                   作者：Cauldron
                                   是否完结：否
                                   总页数：11
                                   分类：全彩,短篇,非人類
                                   章节数：1
                                   最后更新时间：2017-11-19T17:21:17.668Z
                                   =================================================
2026-05-30 00:18:39 - mkk_pika - database.py:101 - INFO - 保存成功：異形姦
2026-05-30 00:18:39 - mkk_pika - main.py:35 - INFO - 开始检查触手に絡まるお仕事是否存在未下载章节
2026-05-30 00:18:40 - mkk_pika - main.py:45 - INFO - 正在下载:[触手に絡まるお仕事]-[Cauldron]-[['全彩', '短篇', '非人類']]-[total_pages:11]
2026-05-30 00:18:40 - mkk_pika - main.py:49 - INFO - [{'_id': '5a11bda0e171223e6350d958', 'title': '第1集', 'order': 1, 'updated_at': '2017-11-19T15:01:54.632Z', 'id': '5a11bda0e171223e6350d958'}]
2026-05-30 00:18:40 - mkk_pika - database.py:215 - INFO - 第一次下载该漫画，记录数据库中
2026-05-30 00:18:40 - mkk_pika - main.py:83 - INFO - 找到 11 张图片在:第1集
2026-05-30 00:18:41 - mkk_pika - main.py:112 - INFO - [episode:第1集       ] downloaded:    11, total:  11, progress:100%
2026-05-30 00:18:41 - mkk_pika - database.py:238 - INFO - 数据库更新已下载章节
2026-05-30 00:18:41 - mkk_pika - database.py:244 - INFO - 该漫画已下载章节如下
2026-05-30 00:18:41 - mkk_pika - database.py:245 - INFO - ['第1集']
2026-05-30 00:18:42 - mkk_pika - main.py:348 - INFO - ==================== 漫画信息 ====================
                                   漫画ID：5a11bda0e171223e6350d957
                                   标题：触手に絡まるお仕事
                                   作者：Cauldron
                                   是否完结：否
                                   总页数：11
                                   分类：全彩,短篇,非人類
                                   章节数：1
                                   最后更新时间：2017-11-19T17:21:36.322Z
                                   =================================================
2026-05-30 00:18:42 - mkk_pika - database.py:101 - INFO - 保存成功：触手に絡まるお仕事
2026-05-30 00:18:42 - mkk_pika - main.py:35 - INFO - 开始检查ローレライ是否存在未下载章节
2026-05-30 00:18:42 - mkk_pika - main.py:45 - INFO - 正在下载:[ローレライ]-[witch’s marionette (井藤ななみ)]-[['短篇', '純愛']]-[total_pages:24]
2026-05-30 00:18:42 - mkk_pika - main.py:49 - INFO - [{'_id': '5a11bdf32cc30d3e5dad7b08', 'title': '第1集', 'order': 1, 'updated_at': '2017-11-19T16:57:01.407Z', 'id': '5a11bdf32cc30d3e5dad7b08'}]
2026-05-30 00:18:42 - mkk_pika - database.py:215 - INFO - 第一次下载该漫画，记录数据库中
2026-05-30 00:18:43 - mkk_pika - main.py:83 - INFO - 找到 28 张图片在:第1集
2026-05-30 00:18:44 - mkk_pika - main.py:112 - INFO - [episode:第1集       ] downloaded:    28, total:  28, progress:100%
2026-05-30 00:18:44 - mkk_pika - database.py:238 - INFO - 数据库更新已下载章节
2026-05-30 00:18:44 - mkk_pika - database.py:244 - INFO - 该漫画已下载章节如下
2026-05-30 00:18:44 - mkk_pika - database.py:245 - INFO - ['第1集']
2026-05-30 00:18:45 - mkk_pika - main.py:348 - INFO - ==================== 漫画信息 ====================
                                   漫画ID：5a11bdf32cc30d3e5dad7b07
                                   标题：ローレライ
                                   作者：witch’s marionette (井藤ななみ)
                                   是否完结：否
                                   总页数：24
                                   分类：短篇,純愛
                                   章节数：1
                                   最后更新时间：2017-11-19T17:22:59.293Z
                                   =================================================
2026-05-30 00:18:45 - mkk_pika - database.py:101 - INFO - 保存成功：ローレライ
2026-05-30 00:18:45 - mkk_pika - main.py:35 - INFO - 开始检查お燐ちゃんに懐かれたい (東方Project)是否存在未下载章节
2026-05-30 00:18:45 - mkk_pika - main.py:45 - INFO - 正在下载:[お燐ちゃんに懐かれたい (東方Project)]-[まるごし]-[['同人', '純愛', '東方']]-[total_pages:31]
2026-05-30 00:18:45 - mkk_pika - main.py:49 - INFO - [{'_id': '5a12991833ee573193808b05', 'title': '第1集', 'order': 1, 'updated_at': '2017-11-20T02:56:44.268Z', 'id': '5a12991833ee573193808b05'}]
2026-05-30 00:18:45 - mkk_pika - database.py:215 - INFO - 第一次下载该漫画，记录数据库中
2026-05-30 00:18:46 - mkk_pika - main.py:83 - INFO - 找到 31 张图片在:第1集
2026-05-30 00:18:47 - mkk_pika - main.py:112 - INFO - [episode:第1集       ] downloaded:    31, total:  31, progress:100%
2026-05-30 00:18:47 - mkk_pika - database.py:238 - INFO - 数据库更新已下载章节
2026-05-30 00:18:47 - mkk_pika - database.py:244 - INFO - 该漫画已下载章节如下
2026-05-30 00:18:47 - mkk_pika - database.py:245 - INFO - ['第1集']
2026-05-30 00:18:48 - mkk_pika - main.py:348 - INFO - ==================== 漫画信息 ====================
                                   漫画ID：5a12991833ee573193808b04
                                   标题：お燐ちゃんに懐かれたい (東方Project)
                                   作者：まるごし
                                   是否完结：是
                                   总页数：31
                                   分类：同人,純愛,東方
                                   章节数：1
                                   最后更新时间：2017-11-20T08:58:00.482Z
                                   =================================================
2026-05-30 00:18:48 - mkk_pika - database.py:101 - INFO - 保存成功：お燐ちゃんに懐かれたい (東方Project)
2026-05-30 00:18:48 - mkk_pika - main.py:35 - INFO - 开始检查おねえちゃんと交尾ること。是否存在未下载章节
2026-05-30 00:18:48 - mkk_pika - main.py:45 - INFO - 正在下载:[おねえちゃんと交尾ること。]-[桜湯ハル]-[['長篇', '姐姐系']]-[total_pages:195]
2026-05-30 00:18:48 - mkk_pika - main.py:49 - INFO - [{'_id': '5a1299277282d06ca2535611', 'title': '第1集', 'order': 1, 'updated_at': '2017-11-20T04:19:12.261Z', 'id': '5a1299277282d06ca2535611'}]
2026-05-30 00:18:48 - mkk_pika - database.py:215 - INFO - 第一次下载该漫画，记录数据库中
2026-05-30 00:18:50 - mkk_pika - main.py:83 - INFO - 找到 195 张图片在:第1集
2026-05-30 00:18:55 - mkk_pika - main.py:112 - INFO - [episode:第1集       ] downloaded:   195, total: 195, progress:100%
2026-05-30 00:18:55 - mkk_pika - database.py:238 - INFO - 数据库更新已下载章节
2026-05-30 00:18:55 - mkk_pika - database.py:244 - INFO - 该漫画已下载章节如下
2026-05-30 00:18:55 - mkk_pika - database.py:245 - INFO - ['第1集']
2026-05-30 00:18:56 - mkk_pika - main.py:348 - INFO - ==================== 漫画信息 ====================
                                   漫画ID：5a1299277282d06ca2535610
                                   标题：おねえちゃんと交尾ること。
                                   作者：桜湯ハル
                                   是否完结：是
                                   总页数：195
                                   分类：長篇,姐姐系
                                   章节数：1
                                   最后更新时间：2017-11-20T08:58:15.556Z
                                   =================================================
2026-05-30 00:18:56 - mkk_pika - database.py:101 - INFO - 保存成功：おねえちゃんと交尾ること。
2026-05-30 00:18:56 - mkk_pika - main.py:35 - INFO - 开始检查(C91) 鬼の棲む家是否存在未下载章节
2026-05-30 00:18:56 - mkk_pika - main.py:45 - INFO - 正在下载:[(C91) 鬼の棲む家]-[おぶまんじゅう (obmas)]-[['短篇']]-[total_pages:42]
2026-05-30 00:18:56 - mkk_pika - main.py:49 - INFO - [{'_id': '5a12993e640b4b6ebb28b1de', 'title': '第1集', 'order': 1, 'updated_at': '2017-11-20T04:23:29.439Z', 'id': '5a12993e640b4b6ebb28b1de'}]
2026-05-30 00:18:56 - mkk_pika - database.py:215 - INFO - 第一次下载该漫画，记录数据库中
2026-05-30 00:18:58 - mkk_pika - main.py:83 - INFO - 找到 42 张图片在:第1集
2026-05-30 00:18:59 - mkk_pika - main.py:112 - INFO - [episode:第1集       ] downloaded:    42, total:  42, progress:100%
2026-05-30 00:18:59 - mkk_pika - database.py:238 - INFO - 数据库更新已下载章节
2026-05-30 00:18:59 - mkk_pika - database.py:244 - INFO - 该漫画已下载章节如下
2026-05-30 00:18:59 - mkk_pika - database.py:245 - INFO - ['第1集']
2026-05-30 00:19:00 - mkk_pika - main.py:348 - INFO - ==================== 漫画信息 ====================
                                   漫画ID：5a12993e640b4b6ebb28b1dd
                                   标题：(C91) 鬼の棲む家
                                   作者：おぶまんじゅう (obmas)
                                   是否完结：是
                                   总页数：42
                                   分类：短篇
                                   章节数：1
                                   最后更新时间：2017-11-20T08:58:38.083Z
                                   =================================================
2026-05-30 00:19:00 - mkk_pika - database.py:101 - INFO - 保存成功：(C91) 鬼の棲む家
2026-05-30 00:19:00 - mkk_pika - main.py:35 - INFO - 开始检查Cauldron是否存在未下载章节
2026-05-30 00:19:00 - mkk_pika - main.py:45 - INFO - 正在下载:[Cauldron]-[Cauldron]-[['全彩', '短篇', '非人類']]-[total_pages:10]
2026-05-30 00:19:00 - mkk_pika - main.py:49 - INFO - [{'_id': '5a12994e53069e31a6146cd1', 'title': 'vol.4', 'order': 1, 'updated_at': '2017-11-19T15:08:56.758Z', 'id': '5a12994e53069e31a6146cd1'}]
2026-05-30 00:19:00 - mkk_pika - database.py:215 - INFO - 第一次下载该漫画，记录数据库中
2026-05-30 00:19:01 - mkk_pika - main.py:83 - INFO - 找到 10 张图片在:vol.4
2026-05-30 00:19:01 - mkk_pika - main.py:112 - INFO - [episode:vol.4     ] downloaded:    10, total:  10, progress:100%
2026-05-30 00:19:01 - mkk_pika - database.py:238 - INFO - 数据库更新已下载章节
2026-05-30 00:19:01 - mkk_pika - database.py:244 - INFO - 该漫画已下载章节如下
2026-05-30 00:19:01 - mkk_pika - database.py:245 - INFO - ['vol.4']
2026-05-30 00:19:03 - mkk_pika - main.py:348 - INFO - ==================== 漫画信息 ====================
                                   漫画ID：5a12994e53069e31a6146cd0
                                   标题：Cauldron
                                   作者：Cauldron
                                   是否完结：否
                                   总页数：10
                                   分类：全彩,短篇,非人類
                                   章节数：1
                                   最后更新时间：2017-11-20T08:58:54.382Z
                                   =================================================
2026-05-30 00:19:03 - mkk_pika - database.py:101 - INFO - 保存成功：Cauldron
2026-05-30 00:19:03 - mkk_pika - main.py:35 - INFO - 开始检查Bound By Tentacles!是否存在未下载章节
2026-05-30 00:19:03 - mkk_pika - main.py:45 - INFO - 正在下载:[Bound By Tentacles!]-[Cauldron]-[['全彩', '短篇', '非人類']]-[total_pages:10]
2026-05-30 00:19:03 - mkk_pika - main.py:49 - INFO - [{'_id': '5a12995ccd302f31dfc57b58', 'title': '第1集', 'order': 1, 'updated_at': '2017-11-19T15:18:03.399Z', 'id': '5a12995ccd302f31dfc57b58'}]
2026-05-30 00:19:03 - mkk_pika - database.py:215 - INFO - 第一次下载该漫画，记录数据库中
2026-05-30 00:19:04 - mkk_pika - main.py:83 - INFO - 找到 10 张图片在:第1集
2026-05-30 00:19:04 - mkk_pika - main.py:112 - INFO - [episode:第1集       ] downloaded:    10, total:  10, progress:100%
2026-05-30 00:19:04 - mkk_pika - database.py:238 - INFO - 数据库更新已下载章节
2026-05-30 00:19:04 - mkk_pika - database.py:244 - INFO - 该漫画已下载章节如下
2026-05-30 00:19:04 - mkk_pika - database.py:245 - INFO - ['第1集']
2026-05-30 00:19:05 - mkk_pika - main.py:348 - INFO - ==================== 漫画信息 ====================
                                   漫画ID：5a12995ccd302f31dfc57b57
                                   标题：Bound By Tentacles!
                                   作者：Cauldron
                                   是否完结：否
                                   总页数：10
                                   分类：全彩,短篇,非人類
                                   章节数：1
                                   最后更新时间：2017-11-20T08:59:08.300Z
                                   =================================================
2026-05-30 00:19:05 - mkk_pika - database.py:101 - INFO - 保存成功：Bound By Tentacles!
2026-05-30 00:19:05 - mkk_pika - main.py:35 - INFO - 开始检查ジャンヌオルタちゃんの泥酔聖杯 (Fate/Grand Order)是否存在未下载章节
2026-05-30 00:19:06 - mkk_pika - main.py:45 - INFO - 正在下载:[ジャンヌオルタちゃんの泥酔聖杯 (Fate/Grand Order)]-[焼肉食べたい (でらうえあ)]-[['同人', '短篇', 'Fate', '強暴']]-[total_pages:27]
2026-05-30 00:19:06 - mkk_pika - main.py:49 - INFO - [{'_id': '5a1299a153069e31a6146cdd', 'title': '第1集', 'order': 1, 'updated_at': '2017-11-20T04:46:05.816Z', 'id': '5a1299a153069e31a6146cdd'}]
2026-05-30 00:19:06 - mkk_pika - database.py:215 - INFO - 第一次下载该漫画，记录数据库中
2026-05-30 00:19:06 - mkk_pika - main.py:83 - INFO - 找到 27 张图片在:第1集
2026-05-30 00:19:07 - mkk_pika - main.py:112 - INFO - [episode:第1集       ] downloaded:    27, total:  27, progress:100%
2026-05-30 00:19:07 - mkk_pika - database.py:238 - INFO - 数据库更新已下载章节
2026-05-30 00:19:07 - mkk_pika - database.py:244 - INFO - 该漫画已下载章节如下
2026-05-30 00:19:07 - mkk_pika - database.py:245 - INFO - ['第1集']
2026-05-30 00:19:08 - mkk_pika - main.py:348 - INFO - ==================== 漫画信息 ====================
                                   漫画ID：5a1299a053069e31a6146cdc
                                   标题：ジャンヌオルタちゃんの泥酔聖杯 (Fate/Grand Order)
                                   作者：焼肉食べたい (でらうえあ)
                                   是否完结：是
                                   总页数：27
                                   分类：同人,短篇,Fate,強暴
                                   章节数：1
                                   最后更新时间：2017-11-20T09:00:16.971Z
                                   =================================================
2026-05-30 00:19:08 - mkk_pika - database.py:101 - INFO - 保存成功：ジャンヌオルタちゃんの泥酔聖杯 (Fate/Grand Order)
2026-05-30 00:19:08 - mkk_pika - main.py:35 - INFO - 开始检查FAP/GEHIN ORDER (Fate/Grand Order)是否存在未下载章节
2026-05-30 00:19:09 - mkk_pika - main.py:45 - INFO - 正在下载:[FAP/GEHIN ORDER (Fate/Grand Order)]-[黑輪]-[['同人', '短篇', 'Fate']]-[total_pages:18]
2026-05-30 00:19:09 - mkk_pika - main.py:49 - INFO - [{'_id': '5a1299b1cd302f31dfc57b64', 'title': '第1集', 'order': 1, 'updated_at': '2017-11-20T04:52:47.555Z', 'id': '5a1299b1cd302f31dfc57b64'}]
2026-05-30 00:19:09 - mkk_pika - database.py:215 - INFO - 第一次下载该漫画，记录数据库中
2026-05-30 00:19:09 - mkk_pika - main.py:83 - INFO - 找到 18 张图片在:第1集
2026-05-30 00:19:10 - mkk_pika - main.py:112 - INFO - [episode:第1集       ] downloaded:    18, total:  18, progress:100%
2026-05-30 00:19:10 - mkk_pika - database.py:238 - INFO - 数据库更新已下载章节
2026-05-30 00:19:10 - mkk_pika - database.py:244 - INFO - 该漫画已下载章节如下
2026-05-30 00:19:10 - mkk_pika - database.py:245 - INFO - ['第1集']
2026-05-30 00:19:11 - mkk_pika - main.py:348 - INFO - ==================== 漫画信息 ====================
                                   漫画ID：5a1299b1cd302f31dfc57b63
                                   标题：FAP/GEHIN ORDER (Fate/Grand Order)
                                   作者：黑輪
                                   是否完结：是
                                   总页数：18
                                   分类：同人,短篇,Fate
                                   章节数：1
                                   最后更新时间：2017-11-20T09:00:33.403Z
                                   =================================================
2026-05-30 00:19:11 - mkk_pika - database.py:101 - INFO - 保存成功：FAP/GEHIN ORDER (Fate/Grand Order)
2026-05-30 00:19:11 - mkk_pika - main.py:35 - INFO - 开始检查With My Wild Honey (Fate Grand Order)是否存在未下载章节
2026-05-30 00:19:11 - mkk_pika - main.py:45 - INFO - 正在下载:[With My Wild Honey (Fate Grand Order)]-[Peθ (もず)]-[['同人', '短篇']]-[total_pages:21]
2026-05-30 00:19:11 - mkk_pika - main.py:49 - INFO - [{'_id': '5a138c3ff0a7926c5405ad31', 'title': '第1集', 'order': 1, 'updated_at': '2017-11-20T14:57:16.313Z', 'id': '5a138c3ff0a7926c5405ad31'}]
2026-05-30 00:19:11 - mkk_pika - database.py:215 - INFO - 第一次下载该漫画，记录数据库中
2026-05-30 00:19:12 - mkk_pika - main.py:83 - INFO - 找到 21 张图片在:第1集
2026-05-30 00:19:12 - mkk_pika - main.py:112 - INFO - [episode:第1集       ] downloaded:    21, total:  21, progress:100%
2026-05-30 00:19:12 - mkk_pika - database.py:238 - INFO - 数据库更新已下载章节
2026-05-30 00:19:12 - mkk_pika - database.py:244 - INFO - 该漫画已下载章节如下
2026-05-30 00:19:12 - mkk_pika - database.py:245 - INFO - ['第1集']
2026-05-30 00:19:14 - mkk_pika - main.py:348 - INFO - ==================== 漫画信息 ====================
                                   漫画ID：5a12e946921ac16eaaa5c43b
                                   标题：With My Wild Honey (Fate Grand Order)
                                   作者：Peθ (もず)
                                   是否完结：是
                                   总页数：21
                                   分类：同人,短篇
                                   章节数：1
                                   最后更新时间：2017-11-20T14:40:06.167Z
                                   =================================================
2026-05-30 00:19:14 - mkk_pika - database.py:101 - INFO - 保存成功：With My Wild Honey (Fate Grand Order)
2026-05-30 00:19:14 - mkk_pika - main.py:35 - INFO - 开始检查ラノベ展開のエロマンガはお好きですか (エロマンガ先生)是否存在未下载章节
2026-05-30 00:19:14 - mkk_pika - main.py:45 - INFO - 正在下载:[ラノベ展開のエロマンガはお好きですか (エロマンガ先生)]-[ぴこぴこ亭&うさぎあめ (いのうえみたん, 伊予原勘助)]-[['短篇', '同人', '妹妹系']]-[total_pages:28]
2026-05-30 00:19:14 - mkk_pika - main.py:49 - INFO - [{'_id': '5a138c4b2714b631c5f91c66', 'title': '第1集', 'order': 1, 'updated_at': '2017-11-20T15:00:00.196Z', 'id': '5a138c4b2714b631c5f91c66'}]
2026-05-30 00:19:14 - mkk_pika - database.py:215 - INFO - 第一次下载该漫画，记录数据库中
2026-05-30 00:19:15 - mkk_pika - main.py:83 - INFO - 找到 28 张图片在:第1集
2026-05-30 00:19:15 - mkk_pika - main.py:112 - INFO - [episode:第1集       ] downloaded:    28, total:  28, progress:100%
2026-05-30 00:19:15 - mkk_pika - database.py:238 - INFO - 数据库更新已下载章节
2026-05-30 00:19:15 - mkk_pika - database.py:244 - INFO - 该漫画已下载章节如下
2026-05-30 00:19:15 - mkk_pika - database.py:245 - INFO - ['第1集']
2026-05-30 00:19:17 - mkk_pika - main.py:348 - INFO - ==================== 漫画信息 ====================
                                   漫画ID：5a12e94c99a5996c8cc3869a
                                   标题：ラノベ展開のエロマンガはお好きですか (エロマンガ先生)
                                   作者：ぴこぴこ亭&うさぎあめ (いのうえみたん, 伊予原勘助)
                                   是否完结：是
                                   总页数：28
                                   分类：短篇,同人,妹妹系
                                   章节数：1
                                   最后更新时间：2017-11-20T14:40:12.250Z
                                   =================================================
2026-05-30 00:19:17 - mkk_pika - database.py:101 - INFO - 保存成功：ラノベ展開のエロマンガはお好きですか (エロマンガ先生)
2026-05-30 00:19:17 - mkk_pika - main.py:35 - INFO - 开始检查 ElfHunt触手編是否存在未下载章节
2026-05-30 00:19:17 - mkk_pika - main.py:45 - INFO - 正在下载:[ ElfHunt触手編]-[Cauldron]-[['全彩', '短篇', '非人類']]-[total_pages:11]
2026-05-30 00:19:17 - mkk_pika - main.py:49 - INFO - [{'_id': '5a12e9624b77286c5c596c98', 'title': '第1集', 'order': 1, 'updated_at': '2017-11-19T15:24:20.546Z', 'id': '5a12e9624b77286c5c596c98'}]
2026-05-30 00:19:17 - mkk_pika - database.py:215 - INFO - 第一次下载该漫画，记录数据库中
2026-05-30 00:19:17 - mkk_pika - main.py:83 - INFO - 找到 11 张图片在:第1集
2026-05-30 00:19:18 - mkk_pika - main.py:112 - INFO - [episode:第1集       ] downloaded:    11, total:  11, progress:100%
2026-05-30 00:19:18 - mkk_pika - database.py:238 - INFO - 数据库更新已下载章节
2026-05-30 00:19:18 - mkk_pika - database.py:244 - INFO - 该漫画已下载章节如下
2026-05-30 00:19:18 - mkk_pika - database.py:245 - INFO - ['第1集']
2026-05-30 00:19:19 - mkk_pika - main.py:348 - INFO - ==================== 漫画信息 ====================
                                   漫画ID：5a12e9624b77286c5c596c97
                                   标题： ElfHunt触手編
                                   作者：Cauldron
                                   是否完结：否
                                   总页数：11
                                   分类：全彩,短篇,非人類
                                   章节数：1
                                   最后更新时间：2017-11-20T14:40:34.233Z
                                   =================================================
2026-05-30 00:19:19 - mkk_pika - database.py:101 - INFO - 保存成功： ElfHunt触手編
2026-05-30 00:19:19 - mkk_pika - main.py:35 - INFO - 开始检查捕掳の掟是否存在未下载章节
2026-05-30 00:19:19 - mkk_pika - main.py:45 - INFO - 正在下载:[捕掳の掟]-[F·S]-[['長篇', '扶他樂園', '強暴']]-[total_pages:134]
2026-05-30 00:19:19 - mkk_pika - main.py:49 - INFO - [{'_id': '5a12e98b2714b631c5f919bb', 'title': '第1集', 'order': 1, 'updated_at': '2017-11-20T14:24:23.488Z', 'id': '5a12e98b2714b631c5f919bb'}]
2026-05-30 00:19:19 - mkk_pika - database.py:215 - INFO - 第一次下载该漫画，记录数据库中
2026-05-30 00:19:21 - mkk_pika - main.py:83 - INFO - 找到 174 张图片在:第1集
2026-05-30 00:19:25 - mkk_pika - main.py:112 - INFO - [episode:第1集       ] downloaded:   174, total: 174, progress:100%
2026-05-30 00:19:25 - mkk_pika - database.py:238 - INFO - 数据库更新已下载章节
2026-05-30 00:19:25 - mkk_pika - database.py:244 - INFO - 该漫画已下载章节如下
2026-05-30 00:19:25 - mkk_pika - database.py:245 - INFO - ['第1集']
2026-05-30 00:19:27 - mkk_pika - main.py:348 - INFO - ==================== 漫画信息 ====================
                                   漫画ID：5a12e98b2714b631c5f919ba
                                   标题：捕掳の掟
                                   作者：F·S
                                   是否完结：是
                                   总页数：134
                                   分类：長篇,扶他樂園,強暴
                                   章节数：1
                                   最后更新时间：2017-11-20T14:41:15.748Z
                                   =================================================
2026-05-30 00:19:27 - mkk_pika - database.py:101 - INFO - 保存成功：捕掳の掟
2026-05-30 00:19:27 - mkk_pika - main.py:35 - INFO - 开始检查 Sexy School Infirmary (コミックメガストアα 2013年9月号) 是否存在未下载章节
2026-05-30 00:19:27 - mkk_pika - main.py:45 - INFO - 正在下载:[ Sexy School Infirmary (コミックメガストアα 2013年9月号) ]-[皿成高味]-[['短篇', '姐姐系', 'NTR']]-[total_pages:20]
2026-05-30 00:19:27 - mkk_pika - main.py:49 - INFO - [{'_id': '5a138d1c99a5996c8cc38888', 'title': '第1集', 'order': 1, 'updated_at': '2017-11-20T15:21:03.913Z', 'id': '5a138d1c99a5996c8cc38888'}]
2026-05-30 00:19:27 - mkk_pika - database.py:215 - INFO - 第一次下载该漫画，记录数据库中
2026-05-30 00:19:28 - mkk_pika - main.py:83 - INFO - 找到 20 张图片在:第1集
2026-05-30 00:19:28 - mkk_pika - main.py:112 - INFO - [episode:第1集       ] downloaded:    20, total:  20, progress:100%
2026-05-30 00:19:28 - mkk_pika - database.py:238 - INFO - 数据库更新已下载章节
2026-05-30 00:19:28 - mkk_pika - database.py:244 - INFO - 该漫画已下载章节如下
2026-05-30 00:19:28 - mkk_pika - database.py:245 - INFO - ['第1集']
2026-05-30 00:19:29 - mkk_pika - main.py:348 - INFO - ==================== 漫画信息 ====================
                                   漫画ID：5a138d1c99a5996c8cc38887
                                   标题： Sexy School Infirmary (コミックメガストアα 2013年9月号) 
                                   作者：皿成高味
                                   是否完结：是
                                   总页数：20
                                   分类：短篇,姐姐系,NTR
                                   章节数：1
                                   最后更新时间：2017-11-21T02:19:08.070Z
                                   =================================================
2026-05-30 00:19:29 - mkk_pika - database.py:101 - INFO - 保存成功： Sexy School Infirmary (コミックメガストアα 2013年9月号) 
2026-05-30 00:19:29 - mkk_pika - main.py:35 - INFO - 开始检查クラリスママのほんとのきもち是否存在未下载章节
2026-05-30 00:19:30 - mkk_pika - main.py:45 - INFO - 正在下载:[クラリスママのほんとのきもち]-[粒子系 (タジマ粒子)]-[['碧藍幻想', '同人']]-[total_pages:14]
2026-05-30 00:19:30 - mkk_pika - main.py:49 - INFO - [{'_id': '5a138f27cd302f31dfc57fb5', 'title': '第1集', 'order': 1, 'updated_at': '2017-11-20T15:46:13.693Z', 'id': '5a138f27cd302f31dfc57fb5'}]
2026-05-30 00:19:30 - mkk_pika - database.py:215 - INFO - 第一次下载该漫画，记录数据库中
2026-05-30 00:19:30 - mkk_pika - main.py:83 - INFO - 找到 22 张图片在:第1集
2026-05-30 00:19:31 - mkk_pika - main.py:112 - INFO - [episode:第1集       ] downloaded:    22, total:  22, progress:100%
2026-05-30 00:19:31 - mkk_pika - database.py:238 - INFO - 数据库更新已下载章节
2026-05-30 00:19:31 - mkk_pika - database.py:244 - INFO - 该漫画已下载章节如下
2026-05-30 00:19:31 - mkk_pika - database.py:245 - INFO - ['第1集']
2026-05-30 00:19:32 - mkk_pika - main.py:348 - INFO - ==================== 漫画信息 ====================
                                   漫画ID：5a138f27cd302f31dfc57fb4
                                   标题：クラリスママのほんとのきもち
                                   作者：粒子系 (タジマ粒子)
                                   是否完结：是
                                   总页数：14
                                   分类：碧藍幻想,同人
                                   章节数：1
                                   最后更新时间：2017-11-21T02:27:51.701Z
                                   =================================================
2026-05-30 00:19:32 - mkk_pika - database.py:101 - INFO - 保存成功：クラリスママのほんとのきもち
2026-05-30 00:19:32 - mkk_pika - main.py:35 - INFO - 开始检查しろうさ珈房 (ご注文はうさぎですか?)是否存在未下载章节
2026-05-30 00:19:33 - mkk_pika - main.py:45 - INFO - 正在下载:[しろうさ珈房 (ご注文はうさぎですか?)]-[70年式悠久機関 (おはぎさん)]-[['同人', '短篇', '百合花園']]-[total_pages:35]
2026-05-30 00:19:33 - mkk_pika - main.py:49 - INFO - [{'_id': '5a138f3a921ac16eaaa5c5f2', 'title': '第1集', 'order': 1, 'updated_at': '2017-11-20T17:55:03.248Z', 'id': '5a138f3a921ac16eaaa5c5f2'}]
2026-05-30 00:19:33 - mkk_pika - database.py:215 - INFO - 第一次下载该漫画，记录数据库中
2026-05-30 00:19:33 - mkk_pika - main.py:83 - INFO - 找到 35 张图片在:第1集
2026-05-30 00:19:34 - mkk_pika - main.py:112 - INFO - [episode:第1集       ] downloaded:    35, total:  35, progress:100%
2026-05-30 00:19:34 - mkk_pika - database.py:238 - INFO - 数据库更新已下载章节
2026-05-30 00:19:34 - mkk_pika - database.py:244 - INFO - 该漫画已下载章节如下
2026-05-30 00:19:34 - mkk_pika - database.py:245 - INFO - ['第1集']
2026-05-30 00:19:35 - mkk_pika - main.py:348 - INFO - ==================== 漫画信息 ====================
                                   漫画ID：5a138f3a921ac16eaaa5c5f1
                                   标题：しろうさ珈房 (ご注文はうさぎですか?)
                                   作者：70年式悠久機関 (おはぎさん)
                                   是否完结：是
                                   总页数：35
                                   分类：同人,短篇,百合花園
                                   章节数：1
                                   最后更新时间：2017-11-21T02:28:10.845Z
                                   =================================================
2026-05-30 00:19:35 - mkk_pika - database.py:101 - INFO - 保存成功：しろうさ珈房 (ご注文はうさぎですか?)
2026-05-30 00:19:35 - mkk_pika - main.py:35 - INFO - 开始检查清姫とイチャラブ無人島開拓 (Fate/Grand Order)是否存在未下载章节
2026-05-30 00:19:36 - mkk_pika - main.py:45 - INFO - 正在下载:[清姫とイチャラブ無人島開拓 (Fate/Grand Order)]-[23.4ド (イチリ)]-[['同人', '短篇']]-[total_pages:26]
2026-05-30 00:19:36 - mkk_pika - main.py:49 - INFO - [{'_id': '5a13b74bf0a7926c5405adc9', 'title': '第1集', 'order': 1, 'updated_at': '2017-11-21T03:50:47.394Z', 'id': '5a13b74bf0a7926c5405adc9'}]
2026-05-30 00:19:36 - mkk_pika - database.py:215 - INFO - 第一次下载该漫画，记录数据库中
2026-05-30 00:19:36 - mkk_pika - main.py:83 - INFO - 找到 26 张图片在:第1集
2026-05-30 00:19:37 - mkk_pika - main.py:112 - INFO - [episode:第1集       ] downloaded:    26, total:  26, progress:100%
2026-05-30 00:19:37 - mkk_pika - database.py:238 - INFO - 数据库更新已下载章节
2026-05-30 00:19:37 - mkk_pika - database.py:244 - INFO - 该漫画已下载章节如下
2026-05-30 00:19:37 - mkk_pika - database.py:245 - INFO - ['第1集']
2026-05-30 00:19:38 - mkk_pika - main.py:348 - INFO - ==================== 漫画信息 ====================
                                   漫画ID：5a13b74bf0a7926c5405adc8
                                   标题：清姫とイチャラブ無人島開拓 (Fate/Grand Order)
                                   作者：23.4ド (イチリ)
                                   是否完结：是
                                   总页数：26
                                   分类：同人,短篇
                                   章节数：1
                                   最后更新时间：2017-11-21T05:19:07.903Z
                                   =================================================
2026-05-30 00:19:38 - mkk_pika - database.py:101 - INFO - 保存成功：清姫とイチャラブ無人島開拓 (Fate/Grand Order)
2026-05-30 00:19:38 - mkk_pika - main.py:35 - INFO - 开始检查イラストリアスとひみつの夜戦 (アズールレーン)是否存在未下载章节
2026-05-30 00:19:39 - mkk_pika - main.py:45 - INFO - 正在下载:[イラストリアスとひみつの夜戦 (アズールレーン)]-[ぅさぎのぉゃっ (天使ちな)]-[['同人', '短篇', '全彩']]-[total_pages:14]
2026-05-30 00:19:39 - mkk_pika - main.py:49 - INFO - [{'_id': '5a13b75933ee573193808f74', 'title': '第1集', 'order': 1, 'updated_at': '2017-11-21T03:42:23.597Z', 'id': '5a13b75933ee573193808f74'}]
2026-05-30 00:19:39 - mkk_pika - database.py:215 - INFO - 第一次下载该漫画，记录数据库中
2026-05-30 00:19:40 - mkk_pika - main.py:83 - INFO - 找到 14 张图片在:第1集
2026-05-30 00:19:40 - mkk_pika - main.py:112 - INFO - [episode:第1集       ] downloaded:    14, total:  14, progress:100%
2026-05-30 00:19:40 - mkk_pika - database.py:238 - INFO - 数据库更新已下载章节
2026-05-30 00:19:40 - mkk_pika - database.py:244 - INFO - 该漫画已下载章节如下
2026-05-30 00:19:40 - mkk_pika - database.py:245 - INFO - ['第1集']
2026-05-30 00:19:42 - mkk_pika - main.py:348 - INFO - ==================== 漫画信息 ====================
                                   漫画ID：5a13b75933ee573193808f73
                                   标题：イラストリアスとひみつの夜戦 (アズールレーン)
                                   作者：ぅさぎのぉゃっ (天使ちな)
                                   是否完结：是
                                   总页数：14
                                   分类：同人,短篇,全彩
                                   章节数：1
                                   最后更新时间：2017-11-21T05:19:21.154Z
                                   =================================================
2026-05-30 00:19:42 - mkk_pika - database.py:101 - INFO - 保存成功：イラストリアスとひみつの夜戦 (アズールレーン)
2026-05-30 00:19:42 - mkk_pika - main.py:35 - INFO - 开始检查ドリタマMR2 (ドリームクラブ)是否存在未下载章节
2026-05-30 00:19:42 - mkk_pika - main.py:45 - INFO - 正在下载:[ドリタマMR2 (ドリームクラブ)]-[武田弘光]-[['短篇']]-[total_pages:30]
2026-05-30 00:19:42 - mkk_pika - main.py:49 - INFO - [{'_id': '5a14dc548ce35555b81fd932', 'title': '第1集', 'order': 1, 'updated_at': '2017-11-21T14:24:02.776Z', 'id': '5a14dc548ce35555b81fd932'}]
2026-05-30 00:19:42 - mkk_pika - database.py:215 - INFO - 第一次下载该漫画，记录数据库中
2026-05-30 00:19:43 - mkk_pika - main.py:83 - INFO - 找到 30 张图片在:第1集
2026-05-30 00:19:43 - mkk_pika - main.py:112 - INFO - [episode:第1集       ] downloaded:    30, total:  30, progress:100%
2026-05-30 00:19:43 - mkk_pika - database.py:238 - INFO - 数据库更新已下载章节
2026-05-30 00:19:43 - mkk_pika - database.py:244 - INFO - 该漫画已下载章节如下
2026-05-30 00:19:43 - mkk_pika - database.py:245 - INFO - ['第1集']
2026-05-30 00:19:45 - mkk_pika - main.py:348 - INFO - ==================== 漫画信息 ====================
                                   漫画ID：5a14dc548ce35555b81fd931
                                   标题：ドリタマMR2 (ドリームクラブ)
                                   作者：武田弘光
                                   是否完结：是
                                   总页数：30
                                   分类：短篇
                                   章节数：1
                                   最后更新时间：2017-11-22T02:09:24.206Z
                                   =================================================
2026-05-30 00:19:45 - mkk_pika - database.py:101 - INFO - 保存成功：ドリタマMR2 (ドリームクラブ)
2026-05-30 00:19:45 - mkk_pika - main.py:35 - INFO - 开始检查媚薬でリベンジ 是否存在未下载章节
2026-05-30 00:19:45 - mkk_pika - main.py:45 - INFO - 正在下载:[媚薬でリベンジ ]-[伴カズヤス]-[['短篇']]-[total_pages:17]
2026-05-30 00:19:45 - mkk_pika - main.py:49 - INFO - [{'_id': '5a14dc689c4be9556bb8e091', 'title': '第1集', 'order': 1, 'updated_at': '2017-11-21T16:27:29.023Z', 'id': '5a14dc689c4be9556bb8e091'}]
2026-05-30 00:19:45 - mkk_pika - database.py:215 - INFO - 第一次下载该漫画，记录数据库中
2026-05-30 00:19:46 - mkk_pika - main.py:83 - INFO - 找到 20 张图片在:第1集
2026-05-30 00:19:46 - mkk_pika - main.py:112 - INFO - [episode:第1集       ] downloaded:    20, total:  20, progress:100%
2026-05-30 00:19:46 - mkk_pika - database.py:238 - INFO - 数据库更新已下载章节
2026-05-30 00:19:46 - mkk_pika - database.py:244 - INFO - 该漫画已下载章节如下
2026-05-30 00:19:46 - mkk_pika - database.py:245 - INFO - ['第1集']
2026-05-30 00:19:47 - mkk_pika - main.py:348 - INFO - ==================== 漫画信息 ====================
                                   漫画ID：5a14dc689c4be9556bb8e090
                                   标题：媚薬でリベンジ 
                                   作者：伴カズヤス
                                   是否完结：否
                                   总页数：17
                                   分类：短篇
                                   章节数：1
                                   最后更新时间：2017-11-22T02:09:44.420Z
                                   =================================================
2026-05-30 00:19:47 - mkk_pika - database.py:101 - INFO - 保存成功：媚薬でリベンジ 
2026-05-30 00:19:47 - mkk_pika - main.py:35 - INFO - 开始检查ジャンヌオルタにおねがいしたい？+おまけ色紙 (Fate/Grand Order)是否存在未下载章节
2026-05-30 00:19:48 - mkk_pika - main.py:45 - INFO - 正在下载:[ジャンヌオルタにおねがいしたい？+おまけ色紙 (Fate/Grand Order)]-[関西漁業協同組合 (丸新)]-[['同人', '短篇', 'Fate']]-[total_pages:22]
2026-05-30 00:19:48 - mkk_pika - main.py:49 - INFO - [{'_id': '5a14dc9b9c4be9556bb8e0a7', 'title': '第1集', 'order': 1, 'updated_at': '2017-11-22T00:32:35.632Z', 'id': '5a14dc9b9c4be9556bb8e0a7'}]
2026-05-30 00:19:48 - mkk_pika - database.py:215 - INFO - 第一次下载该漫画，记录数据库中
2026-05-30 00:19:48 - mkk_pika - main.py:83 - INFO - 找到 22 张图片在:第1集
2026-05-30 00:19:49 - mkk_pika - main.py:112 - INFO - [episode:第1集       ] downloaded:    22, total:  22, progress:100%
2026-05-30 00:19:49 - mkk_pika - database.py:238 - INFO - 数据库更新已下载章节
2026-05-30 00:19:49 - mkk_pika - database.py:244 - INFO - 该漫画已下载章节如下
2026-05-30 00:19:49 - mkk_pika - database.py:245 - INFO - ['第1集']
2026-05-30 00:19:50 - mkk_pika - main.py:348 - INFO - ==================== 漫画信息 ====================
                                   漫画ID：5a14dc9b9c4be9556bb8e0a6
                                   标题：ジャンヌオルタにおねがいしたい？+おまけ色紙 (Fate/Grand Order)
                                   作者：関西漁業協同組合 (丸新)
                                   是否完结：是
                                   总页数：22
                                   分类：同人,短篇,Fate
                                   章节数：1
                                   最后更新时间：2017-11-22T02:10:35.558Z
                                   =================================================
2026-05-30 00:19:50 - mkk_pika - database.py:101 - INFO - 保存成功：ジャンヌオルタにおねがいしたい？+おまけ色紙 (Fate/Grand Order)
2026-05-30 00:19:50 - mkk_pika - main.py:35 - INFO - 开始检查愛で満たして (Fate/Grand Order)是否存在未下载章节
2026-05-30 00:19:51 - mkk_pika - main.py:45 - INFO - 正在下载:[愛で満たして (Fate/Grand Order)]-[ぱんどらぼっくす (箱。)]-[['同人', '短篇', 'Fate']]-[total_pages:41]
2026-05-30 00:19:51 - mkk_pika - main.py:49 - INFO - [{'_id': '5a14dcab259a5641fdf913a5', 'title': '第1集', 'order': 1, 'updated_at': '2017-11-22T00:37:53.362Z', 'id': '5a14dcab259a5641fdf913a5'}]
2026-05-30 00:19:51 - mkk_pika - database.py:215 - INFO - 第一次下载该漫画，记录数据库中
2026-05-30 00:19:51 - mkk_pika - main.py:83 - INFO - 找到 41 张图片在:第1集
2026-05-30 00:19:52 - mkk_pika - main.py:112 - INFO - [episode:第1集       ] downloaded:    41, total:  41, progress:100%
2026-05-30 00:19:52 - mkk_pika - database.py:238 - INFO - 数据库更新已下载章节
2026-05-30 00:19:52 - mkk_pika - database.py:244 - INFO - 该漫画已下载章节如下
2026-05-30 00:19:52 - mkk_pika - database.py:245 - INFO - ['第1集']
2026-05-30 00:19:54 - mkk_pika - main.py:348 - INFO - ==================== 漫画信息 ====================
                                   漫画ID：5a14dcab259a5641fdf913a4
                                   标题：愛で満たして (Fate/Grand Order)
                                   作者：ぱんどらぼっくす (箱。)
                                   是否完结：是
                                   总页数：41
                                   分类：同人,短篇,Fate
                                   章节数：1
                                   最后更新时间：2017-11-22T02:10:51.863Z
                                   =================================================
2026-05-30 00:19:54 - mkk_pika - database.py:101 - INFO - 保存成功：愛で満たして (Fate/Grand Order)
2026-05-30 00:19:54 - mkk_pika - main.py:380 - INFO - 本次任务下载完毕
2026-05-30 00:19:54 - mkk_pika - database.py:173 - INFO - 数据库连接已关闭
