2026-03-18 23:38:41 - mkk_pika - main.py:193 - INFO - =======================================================================
2026-03-18 23:38:41 - mkk_pika - database.py:61 - INFO - 表和索引初始化成功
2026-03-18 23:38:41 - mkk_pika - main.py:197 - INFO - 已经累计下载4073本漫画
2026-03-18 23:38:42 - mkk_pika - api.py:87 - INFO - 登录成功
2026-03-18 23:38:42 - mkk_pika - main.py:203 - INFO - 收藏夹共计0本漫画
2026-03-18 23:38:42 - mkk_pika - main.py:206 - INFO - 开始下载收藏夹内未下载内容
2026-03-18 23:38:42 - mkk_pika - main.py:266 - INFO - 收藏夹内容下载完毕
2026-03-18 23:38:42 - mkk_pika - main.py:268 - INFO - 开始下载订阅内容
2026-03-18 23:38:42 - mkk_pika - database.py:258 - INFO - 根据ID查询到标题：萝莉 -> 双子堕とし～アナタをマゾにしてあげる～
2026-03-18 23:38:43 - mkk_pika - database.py:101 - INFO - 保存成功：結局メスガキは大人に勝てない [DL版]
2026-03-18 23:38:43 - mkk_pika - main.py:273 - INFO - 关键词萝莉找到1本漫画
2026-03-18 23:38:43 - mkk_pika - database.py:258 - INFO - 根据ID查询到标题：蘿莉 -> 妹はお兄ちゃんとえっちがしたい
2026-03-18 23:38:43 - mkk_pika - database.py:101 - INFO - 保存成功：狐娘リコのアナルレストラン 面接編 |  | 狐娘莉可的肛门餐厅 面试篇
2026-03-18 23:38:43 - mkk_pika - main.py:273 - INFO - 关键词蘿莉找到5本漫画
2026-03-18 23:38:43 - mkk_pika - main.py:275 - INFO - 订阅内容共计6本漫画
2026-03-18 23:38:43 - mkk_pika - main.py:35 - INFO - 开始检查狐娘リコのアナルレストラン 面接編 |  | 狐娘莉可的肛门餐厅 面试篇是否存在未下载章节
2026-03-18 23:38:43 - mkk_pika - main.py:45 - INFO - 正在下载:[狐娘リコのアナルレストラン 面接編 |  | 狐娘莉可的肛门餐厅 面试篇]-[NO相撲KING (吸斬)]-[['短篇']]-[total_pages:-1]
2026-03-18 23:38:43 - mkk_pika - main.py:49 - INFO - [{'_id': '610bc1f957e22a2102c626fd', 'title': '生肉', 'order': 1, 'updated_at': '2026-03-18T17:25:43.358Z', 'id': '610bc1f957e22a2102c626fd'}, {'_id': '69bae017b7fa2219787c8c1c', 'title': '熟肉', 'order': 2, 'updated_at': '2026-03-18T12:58:33.597Z', 'id': '69bae017b7fa2219787c8c1c'}]
2026-03-18 23:38:43 - mkk_pika - database.py:215 - INFO - 第一次下载该漫画，记录数据库中
2026-03-18 23:38:44 - mkk_pika - main.py:83 - INFO - 找到 22 张图片在:生肉
2026-03-18 23:38:45 - mkk_pika - main.py:112 - INFO - [episode:生肉        ] downloaded:    22, total:  22, progress:100%
2026-03-18 23:38:45 - mkk_pika - database.py:238 - INFO - 数据库更新已下载章节
2026-03-18 23:38:45 - mkk_pika - database.py:244 - INFO - 该漫画已下载章节如下
2026-03-18 23:38:45 - mkk_pika - database.py:245 - INFO - ['生肉']
2026-03-18 23:38:46 - mkk_pika - main.py:83 - INFO - 找到 22 张图片在:熟肉
2026-03-18 23:38:48 - mkk_pika - main.py:112 - INFO - [episode:熟肉        ] downloaded:    22, total:  22, progress:100%
2026-03-18 23:38:48 - mkk_pika - database.py:238 - INFO - 数据库更新已下载章节
2026-03-18 23:38:48 - mkk_pika - database.py:244 - INFO - 该漫画已下载章节如下
2026-03-18 23:38:48 - mkk_pika - database.py:245 - INFO - ['生肉', '熟肉']
2026-03-18 23:38:49 - mkk_pika - main.py:292 - INFO - ==================== 漫画信息 ====================
                                漫画ID：610bc1f957e22a2102c626fc
                                标题：狐娘リコのアナルレストラン 面接編 |  | 狐娘莉可的肛门餐厅 面试篇
                                作者：NO相撲KING (吸斬)
                                是否完结：否
                                总页数：44
                                分类：短篇
                                章节数：2
                                最后更新时间：2026-03-18T17:25:43.349Z
                                =================================================
2026-03-18 23:38:49 - mkk_pika - database.py:101 - INFO - 保存成功：狐娘リコのアナルレストラン 面接編 |  | 狐娘莉可的肛门餐厅 面试篇
2026-03-18 23:38:49 - mkk_pika - main.py:35 - INFO - 开始检查狐娘リコのアナルレストラン 面接編 |  | 狐娘莉可的肛门餐厅 面试篇是否存在未下载章节
2026-03-18 23:38:49 - mkk_pika - database.py:203 - INFO - 查询数据库中是否已存在生肉
2026-03-18 23:38:49 - mkk_pika - database.py:203 - INFO - 查询数据库中是否已存在熟肉
2026-03-18 23:38:49 - mkk_pika - main.py:51 - INFO - 狐娘リコのアナルレストラン 面接編 |  | 狐娘莉可的肛门餐厅 面试篇中没有可下载章节
2026-03-18 23:38:49 - mkk_pika - main.py:292 - INFO - ==================== 漫画信息 ====================
                                漫画ID：610bc1f957e22a2102c626fc
                                标题：狐娘リコのアナルレストラン 面接編 |  | 狐娘莉可的肛门餐厅 面试篇
                                作者：NO相撲KING (吸斬)
                                是否完结：否
                                总页数：44
                                分类：短篇
                                章节数：2
                                最后更新时间：2026-03-18T17:25:43.349Z
                                =================================================
2026-03-18 23:38:49 - mkk_pika - database.py:101 - INFO - 保存成功：狐娘リコのアナルレストラン 面接編 |  | 狐娘莉可的肛门餐厅 面试篇
2026-03-18 23:38:49 - mkk_pika - main.py:35 - INFO - 开始检查マコと秘密の悪戯 (いたずら) #3-5 [中国翻译]是否存在未下载章节
2026-03-18 23:38:50 - mkk_pika - database.py:203 - INFO - 查询数据库中是否已存在第3話熟肉マコと学ぼう
2026-03-18 23:38:50 - mkk_pika - database.py:203 - INFO - 查询数据库中是否已存在第4話熟肉マコのお悩み相談室
2026-03-18 23:38:50 - mkk_pika - database.py:203 - INFO - 查询数据库中是否已存在第5話熟肉マコの想い出運動会
2026-03-18 23:38:50 - mkk_pika - main.py:45 - INFO - 正在下载:[マコと秘密の悪戯 (いたずら) #3-5 [中国翻译]]-[えろり屋 (たまちゆき)]-[['長篇']]-[total_pages:-1]
2026-03-18 23:38:50 - mkk_pika - main.py:49 - INFO - [{'_id': '69badfd00828ef198c5eb380', 'title': '第5話熟肉マコの想い出運動会', 'order': 3, 'updated_at': '2026-03-18T12:03:49.987Z', 'id': '69badfd00828ef198c5eb380'}]
2026-03-18 23:38:50 - mkk_pika - main.py:83 - INFO - 找到 40 张图片在:第5話熟肉マコの想い出運動会
2026-03-18 23:38:53 - mkk_pika - main.py:112 - INFO - [episode:第5話熟肉マコの想い出運動会] downloaded:    40, total:  40, progress:100%
2026-03-18 23:38:53 - mkk_pika - database.py:238 - INFO - 数据库更新已下载章节
2026-03-18 23:38:53 - mkk_pika - database.py:244 - INFO - 该漫画已下载章节如下
2026-03-18 23:38:53 - mkk_pika - database.py:245 - INFO - ['第3話熟肉マコと学ぼう', '第4話熟肉マコのお悩み相談室', '第5話熟肉マコの想い出運動会']
2026-03-18 23:38:54 - mkk_pika - main.py:292 - INFO - ==================== 漫画信息 ====================
                                漫画ID：68a46dae133f122d47832d21
                                标题：マコと秘密の悪戯 (いたずら) #3-5 [中国翻译]
                                作者：えろり屋 (たまちゆき)
                                是否完结：是
                                总页数：108
                                分类：長篇
                                章节数：3
                                最后更新时间：2026-03-18T17:24:32.154Z
                                =================================================
2026-03-18 23:38:54 - mkk_pika - database.py:101 - INFO - 保存成功：マコと秘密の悪戯 (いたずら) #3-5 [中国翻译]
2026-03-18 23:38:54 - mkk_pika - main.py:35 - INFO - 开始检查消毒！ペロなめ療法 (COMIC LOE VOL.23 Maniacs)是否存在未下载章节
2026-03-18 23:38:54 - mkk_pika - main.py:45 - INFO - 正在下载:[消毒！ペロなめ療法 (COMIC LOE VOL.23 Maniacs)]-[よしきちゃん]-[['短篇']]-[total_pages:-1]
2026-03-18 23:38:54 - mkk_pika - main.py:49 - INFO - [{'_id': '69badf0cb7fa2219787c8a9d', 'title': '第1話', 'order': 1, 'updated_at': '2026-03-18T08:09:58.632Z', 'id': '69badf0cb7fa2219787c8a9d'}]
2026-03-18 23:38:54 - mkk_pika - database.py:215 - INFO - 第一次下载该漫画，记录数据库中
2026-03-18 23:38:55 - mkk_pika - main.py:83 - INFO - 找到 22 张图片在:第1話
2026-03-18 23:38:56 - mkk_pika - main.py:112 - INFO - [episode:第1話       ] downloaded:    22, total:  22, progress:100%
2026-03-18 23:38:56 - mkk_pika - database.py:238 - INFO - 数据库更新已下载章节
2026-03-18 23:38:56 - mkk_pika - database.py:244 - INFO - 该漫画已下载章节如下
2026-03-18 23:38:56 - mkk_pika - database.py:245 - INFO - ['第1話']
2026-03-18 23:38:57 - mkk_pika - main.py:292 - INFO - ==================== 漫画信息 ====================
                                漫画ID：69badf0cb7fa2219787c8a9c
                                标题：消毒！ペロなめ療法 (COMIC LOE VOL.23 Maniacs)
                                作者：よしきちゃん
                                是否完结：是
                                总页数：22
                                分类：短篇
                                章节数：1
                                最后更新时间：2026-03-18T17:21:16.092Z
                                =================================================
2026-03-18 23:38:57 - mkk_pika - database.py:101 - INFO - 保存成功：消毒！ペロなめ療法 (COMIC LOE VOL.23 Maniacs)
2026-03-18 23:38:57 - mkk_pika - main.py:35 - INFO - 开始检查マイ・ビーラブド・ドッグ 前編+後編是否存在未下载章节
2026-03-18 23:38:58 - mkk_pika - database.py:203 - INFO - 查询数据库中是否已存在第1話
2026-03-18 23:38:58 - mkk_pika - database.py:203 - INFO - 查询数据库中是否已存在第2話
2026-03-18 23:38:58 - mkk_pika - main.py:45 - INFO - 正在下载:[マイ・ビーラブド・ドッグ 前編+後編]-[きゃらだいん]-[['短篇']]-[total_pages:-1]
2026-03-18 23:38:58 - mkk_pika - main.py:49 - INFO - [{'_id': '69badf050828ef198c5eb178', 'title': '第2話', 'order': 2, 'updated_at': '2026-03-18T07:53:59.129Z', 'id': '69badf050828ef198c5eb178'}]
2026-03-18 23:38:58 - mkk_pika - main.py:83 - INFO - 找到 28 张图片在:第2話
2026-03-18 23:39:00 - mkk_pika - main.py:112 - INFO - [episode:第2話       ] downloaded:    28, total:  28, progress:100%
2026-03-18 23:39:00 - mkk_pika - database.py:238 - INFO - 数据库更新已下载章节
2026-03-18 23:39:00 - mkk_pika - database.py:244 - INFO - 该漫画已下载章节如下
2026-03-18 23:39:00 - mkk_pika - database.py:245 - INFO - ['第1話', '第2話']
2026-03-18 23:39:01 - mkk_pika - main.py:292 - INFO - ==================== 漫画信息 ====================
                                漫画ID：69593be5efd3a177b41c3aab
                                标题：マイ・ビーラブド・ドッグ 前編+後編
                                作者：きゃらだいん
                                是否完结：是
                                总页数：60
                                分类：短篇
                                章节数：2
                                最后更新时间：2026-03-18T17:21:09.016Z
                                =================================================
2026-03-18 23:39:01 - mkk_pika - database.py:101 - INFO - 保存成功：マイ・ビーラブド・ドッグ 前編+後編
2026-03-18 23:39:01 - mkk_pika - main.py:35 - INFO - 开始检查敗北王女 ～高貴な生意気王女が大衆のオナホにされちゃう話～是否存在未下载章节
2026-03-18 23:39:01 - mkk_pika - database.py:203 - INFO - 查询数据库中是否已存在第1話
2026-03-18 23:39:01 - mkk_pika - main.py:51 - INFO - 敗北王女 ～高貴な生意気王女が大衆のオナホにされちゃう話～中没有可下载章节
2026-03-18 23:39:02 - mkk_pika - main.py:292 - INFO - ==================== 漫画信息 ====================
                                漫画ID：69b99668c61b721eb69a3f85
                                标题：敗北王女 ～高貴な生意気王女が大衆のオナホにされちゃう話～
                                作者：拘束研究所 (黒山有)
                                是否完结：是
                                总页数：68
                                分类：全彩,長篇,強暴
                                章节数：1
                                最后更新时间：2026-03-17T17:59:04.238Z
                                =================================================
2026-03-18 23:39:02 - mkk_pika - database.py:101 - INFO - 保存成功：敗北王女 ～高貴な生意気王女が大衆のオナホにされちゃう話～
2026-03-18 23:39:02 - mkk_pika - main.py:323 - INFO - 订阅内容内容下载完毕
2026-03-18 23:39:02 - mkk_pika - main.py:324 - INFO - 开始分批下载全部章节
2026-03-18 23:39:02 - mkk_pika - database.py:280 - INFO - 表和索引初始化成功
2026-03-18 23:39:02 - mkk_pika - main.py:177 - INFO - 已经下载了229页，一共6797页，现在开始添加第230页
2026-03-18 23:39:03 - mkk_pika - database.py:318 - INFO - 保存成功
2026-03-18 23:39:03 - mkk_pika - main.py:177 - INFO - 已经下载了230页，一共6797页，现在开始添加第231页
2026-03-18 23:39:04 - mkk_pika - database.py:318 - INFO - 保存成功
2026-03-18 23:39:04 - mkk_pika - main.py:177 - INFO - 已经下载了231页，一共6797页，现在开始添加第232页
2026-03-18 23:39:05 - mkk_pika - database.py:318 - INFO - 保存成功
2026-03-18 23:39:05 - mkk_pika - main.py:177 - INFO - 已经下载了232页，一共6797页，现在开始添加第233页
2026-03-18 23:39:05 - mkk_pika - database.py:318 - INFO - 保存成功
2026-03-18 23:39:05 - mkk_pika - main.py:331 - INFO - 分批下载共计48本漫画
2026-03-18 23:39:05 - mkk_pika - main.py:35 - INFO - 开始检查(C88) [Alemateorema (Kobayashi Youkoh)] GARIGARI73 (Dagashi Kashi) [Chinese] [屏幕髒了漢化組]是否存在未下载章节
2026-03-18 23:39:06 - mkk_pika - main.py:45 - INFO - 正在下载:[(C88) [Alemateorema (Kobayashi Youkoh)] GARIGARI73 (Dagashi Kashi) [Chinese] [屏幕髒了漢化組]]-[Alemateorema (Kobayashi Youkoh)]-[['同人', '短篇']]-[total_pages:19]
2026-03-18 23:39:06 - mkk_pika - main.py:49 - INFO - [{'_id': '5821a2d65f6b9a4f93efde7b', 'title': '第1集', 'order': 1, 'updated_at': '2016-11-08T10:03:02.058Z', 'id': '5821a2d65f6b9a4f93efde7b'}]
2026-03-18 23:39:06 - mkk_pika - database.py:215 - INFO - 第一次下载该漫画，记录数据库中
2026-03-18 23:39:06 - mkk_pika - main.py:83 - INFO - 找到 19 张图片在:第1集
2026-03-18 23:39:07 - mkk_pika - main.py:112 - INFO - [episode:第1集       ] downloaded:    19, total:  19, progress:100%
2026-03-18 23:39:07 - mkk_pika - database.py:238 - INFO - 数据库更新已下载章节
2026-03-18 23:39:07 - mkk_pika - database.py:244 - INFO - 该漫画已下载章节如下
2026-03-18 23:39:07 - mkk_pika - database.py:245 - INFO - ['第1集']
2026-03-18 23:39:08 - mkk_pika - main.py:348 - INFO - ==================== 漫画信息 ====================
                                   漫画ID：5821a2d55f6b9a4f93efde79
                                   标题：(C88) [Alemateorema (Kobayashi Youkoh)] GARIGARI73 (Dagashi Kashi) [Chinese] [屏幕髒了漢化組]
                                   作者：Alemateorema (Kobayashi Youkoh)
                                   是否完结：否
                                   总页数：19
                                   分类：同人,短篇
                                   章节数：1
                                   最后更新时间：2012-10-29T16:47:04.000Z
                                   =================================================
2026-03-18 23:39:08 - mkk_pika - database.py:101 - INFO - 保存成功：(C88) [Alemateorema (Kobayashi Youkoh)] GARIGARI73 (Dagashi Kashi) [Chinese] [屏幕髒了漢化組]
2026-03-18 23:39:08 - mkk_pika - main.py:35 - INFO - 开始检查(C89) [SEQMED (ユメのオワリ)] over QMR 16 (艦隊これくしょん -艦これ-)[屏幕髒了漢化]是否存在未下载章节
2026-03-18 23:39:08 - mkk_pika - main.py:45 - INFO - 正在下载:[(C89) [SEQMED (ユメのオワリ)] over QMR 16 (艦隊これくしょん -艦これ-)[屏幕髒了漢化]]-[SEQMED (ユメのオワリ)]-[['同人', '短篇', '艦隊收藏', '全彩']]-[total_pages:19]
2026-03-18 23:39:08 - mkk_pika - main.py:49 - INFO - [{'_id': '5821a2d75f6b9a4f93efdecd', 'title': '第1集', 'order': 1, 'updated_at': '2016-11-08T10:03:03.072Z', 'id': '5821a2d75f6b9a4f93efdecd'}]
2026-03-18 23:39:08 - mkk_pika - database.py:215 - INFO - 第一次下载该漫画，记录数据库中
2026-03-18 23:39:09 - mkk_pika - main.py:83 - INFO - 找到 19 张图片在:第1集
2026-03-18 23:39:09 - mkk_pika - main.py:112 - INFO - [episode:第1集       ] downloaded:    19, total:  19, progress:100%
2026-03-18 23:39:09 - mkk_pika - database.py:238 - INFO - 数据库更新已下载章节
2026-03-18 23:39:09 - mkk_pika - database.py:244 - INFO - 该漫画已下载章节如下
2026-03-18 23:39:09 - mkk_pika - database.py:245 - INFO - ['第1集']
2026-03-18 23:39:10 - mkk_pika - main.py:348 - INFO - ==================== 漫画信息 ====================
                                   漫画ID：5821a2d65f6b9a4f93efdecb
                                   标题：(C89) [SEQMED (ユメのオワリ)] over QMR 16 (艦隊これくしょん -艦これ-)[屏幕髒了漢化]
                                   作者：SEQMED (ユメのオワリ)
                                   是否完结：否
                                   总页数：19
                                   分类：同人,短篇,艦隊收藏,全彩
                                   章节数：1
                                   最后更新时间：2012-10-30T12:47:04.000Z
                                   =================================================
2026-03-18 23:39:10 - mkk_pika - database.py:101 - INFO - 保存成功：(C89) [SEQMED (ユメのオワリ)] over QMR 16 (艦隊これくしょん -艦これ-)[屏幕髒了漢化]
2026-03-18 23:39:10 - mkk_pika - main.py:35 - INFO - 开始检查ソラのおもちゃ是否存在未下载章节
2026-03-18 23:39:11 - mkk_pika - main.py:45 - INFO - 正在下载:[ソラのおもちゃ]-[影法師通訊協定(飛天御姉流)]-[['同人', '短篇', '妹妹系', '純愛']]-[total_pages:26]
2026-03-18 23:39:11 - mkk_pika - main.py:49 - INFO - [{'_id': '5821a2d75f6b9a4f93efdef7', 'title': '第1集', 'order': 1, 'updated_at': '2016-11-08T10:03:03.517Z', 'id': '5821a2d75f6b9a4f93efdef7'}]
2026-03-18 23:39:11 - mkk_pika - database.py:215 - INFO - 第一次下载该漫画，记录数据库中
2026-03-18 23:39:11 - mkk_pika - main.py:83 - INFO - 找到 26 张图片在:第1集
2026-03-18 23:39:12 - mkk_pika - main.py:112 - INFO - [episode:第1集       ] downloaded:    26, total:  26, progress:100%
2026-03-18 23:39:12 - mkk_pika - database.py:238 - INFO - 数据库更新已下载章节
2026-03-18 23:39:12 - mkk_pika - database.py:244 - INFO - 该漫画已下载章节如下
2026-03-18 23:39:12 - mkk_pika - database.py:245 - INFO - ['第1集']
2026-03-18 23:39:13 - mkk_pika - main.py:348 - INFO - ==================== 漫画信息 ====================
                                   漫画ID：5821a2d75f6b9a4f93efdef5
                                   标题：ソラのおもちゃ
                                   作者：影法師通訊協定(飛天御姉流)
                                   是否完结：否
                                   总页数：26
                                   分类：同人,短篇,妹妹系,純愛
                                   章节数：1
                                   最后更新时间：2012-10-30T22:47:04.000Z
                                   =================================================
2026-03-18 23:39:13 - mkk_pika - database.py:101 - INFO - 保存成功：ソラのおもちゃ
2026-03-18 23:39:13 - mkk_pika - main.py:35 - INFO - 开始检查(C84) [アトリエ丸和 (丸和太郎)] 奥さまは事務員 -音無小鳥編- (アイドルマスター)[光年汉化组]是否存在未下载章节
2026-03-18 23:39:13 - mkk_pika - main.py:45 - INFO - 正在下载:[(C84) [アトリエ丸和 (丸和太郎)] 奥さまは事務員 -音無小鳥編- (アイドルマスター)[光年汉化组]]-[丸和太郎]-[['同人', '短篇', '全彩', '純愛']]-[total_pages:20]
2026-03-18 23:39:13 - mkk_pika - main.py:49 - INFO - [{'_id': '5821a2dc5f6b9a4f93efe0b7', 'title': '第1集', 'order': 1, 'updated_at': '2016-11-08T10:03:08.486Z', 'id': '5821a2dc5f6b9a4f93efe0b7'}]
2026-03-18 23:39:13 - mkk_pika - database.py:215 - INFO - 第一次下载该漫画，记录数据库中
2026-03-18 23:39:14 - mkk_pika - main.py:83 - INFO - 找到 20 张图片在:第1集
2026-03-18 23:39:14 - mkk_pika - main.py:112 - INFO - [episode:第1集       ] downloaded:    20, total:  20, progress:100%
2026-03-18 23:39:14 - mkk_pika - database.py:238 - INFO - 数据库更新已下载章节
2026-03-18 23:39:14 - mkk_pika - database.py:244 - INFO - 该漫画已下载章节如下
2026-03-18 23:39:14 - mkk_pika - database.py:245 - INFO - ['第1集']
2026-03-18 23:39:16 - mkk_pika - main.py:348 - INFO - ==================== 漫画信息 ====================
                                   漫画ID：5821a2dc5f6b9a4f93efe0b5
                                   标题：(C84) [アトリエ丸和 (丸和太郎)] 奥さまは事務員 -音無小鳥編- (アイドルマスター)[光年汉化组]
                                   作者：丸和太郎
                                   是否完结：是
                                   总页数：20
                                   分类：同人,短篇,全彩,純愛
                                   章节数：1
                                   最后更新时间：2012-11-01T04:47:04.000Z
                                   =================================================
2026-03-18 23:39:16 - mkk_pika - database.py:101 - INFO - 保存成功：(C84) [アトリエ丸和 (丸和太郎)] 奥さまは事務員 -音無小鳥編- (アイドルマスター)[光年汉化组]
2026-03-18 23:39:16 - mkk_pika - main.py:35 - INFO - 开始检查(C88) [SAKURAWHITE (結城リカ)] いろはごのみ～夏のやきもち憑き女の怪～[G&南音的女子力研究]是否存在未下载章节
2026-03-18 23:39:16 - mkk_pika - main.py:45 - INFO - 正在下载:[(C88) [SAKURAWHITE (結城リカ)] いろはごのみ～夏のやきもち憑き女の怪～[G&南音的女子力研究]]-[結城リカ]-[['短篇', '全彩']]-[total_pages:30]
2026-03-18 23:39:16 - mkk_pika - main.py:49 - INFO - [{'_id': '5821a2dd5f6b9a4f93efe0e3', 'title': '第1集', 'order': 1, 'updated_at': '2016-11-08T10:03:09.186Z', 'id': '5821a2dd5f6b9a4f93efe0e3'}]
2026-03-18 23:39:16 - mkk_pika - database.py:215 - INFO - 第一次下载该漫画，记录数据库中
2026-03-18 23:39:16 - mkk_pika - main.py:83 - INFO - 找到 30 张图片在:第1集
2026-03-18 23:39:17 - mkk_pika - main.py:112 - INFO - [episode:第1集       ] downloaded:    30, total:  30, progress:100%
2026-03-18 23:39:17 - mkk_pika - database.py:238 - INFO - 数据库更新已下载章节
2026-03-18 23:39:17 - mkk_pika - database.py:244 - INFO - 该漫画已下载章节如下
2026-03-18 23:39:17 - mkk_pika - database.py:245 - INFO - ['第1集']
2026-03-18 23:39:18 - mkk_pika - main.py:348 - INFO - ==================== 漫画信息 ====================
                                   漫画ID：5821a2dc5f6b9a4f93efe0e1
                                   标题：(C88) [SAKURAWHITE (結城リカ)] いろはごのみ～夏のやきもち憑き女の怪～[G&南音的女子力研究]
                                   作者：結城リカ
                                   是否完结：是
                                   总页数：30
                                   分类：短篇,全彩
                                   章节数：1
                                   最后更新时间：2012-11-01T14:47:04.000Z
                                   =================================================
2026-03-18 23:39:18 - mkk_pika - database.py:101 - INFO - 保存成功：(C88) [SAKURAWHITE (結城リカ)] いろはごのみ～夏のやきもち憑き女の怪～[G&南音的女子力研究]
2026-03-18 23:39:18 - mkk_pika - main.py:35 - INFO - 开始检查[脸肿汉化组] (C89) [出席番号26 (にろ)] 磯風浜風にえっちなお願いしてみた (艦隊これくしょん -艦これ-)是否存在未下载章节
2026-03-18 23:39:19 - mkk_pika - main.py:45 - INFO - 正在下载:[[脸肿汉化组] (C89) [出席番号26 (にろ)] 磯風浜風にえっちなお願いしてみた (艦隊これくしょん -艦これ-)]-[出席番号26 (にろ)]-[['同人', '短篇', '艦隊收藏', '全彩', '後宮閃光']]-[total_pages:19]
2026-03-18 23:39:19 - mkk_pika - main.py:49 - INFO - [{'_id': '5821a2dd5f6b9a4f93efe123', 'title': '第1集', 'order': 1, 'updated_at': '2016-11-08T10:03:09.657Z', 'id': '5821a2dd5f6b9a4f93efe123'}]
2026-03-18 23:39:19 - mkk_pika - database.py:215 - INFO - 第一次下载该漫画，记录数据库中
2026-03-18 23:39:19 - mkk_pika - main.py:83 - INFO - 找到 19 张图片在:第1集
2026-03-18 23:39:20 - mkk_pika - main.py:112 - INFO - [episode:第1集       ] downloaded:    19, total:  19, progress:100%
2026-03-18 23:39:20 - mkk_pika - database.py:238 - INFO - 数据库更新已下载章节
2026-03-18 23:39:20 - mkk_pika - database.py:244 - INFO - 该漫画已下载章节如下
2026-03-18 23:39:20 - mkk_pika - database.py:245 - INFO - ['第1集']
2026-03-18 23:39:21 - mkk_pika - main.py:348 - INFO - ==================== 漫画信息 ====================
                                   漫画ID：5821a2dd5f6b9a4f93efe121
                                   标题：[脸肿汉化组] (C89) [出席番号26 (にろ)] 磯風浜風にえっちなお願いしてみた (艦隊これくしょん -艦これ-)
                                   作者：出席番号26 (にろ)
                                   是否完结：是
                                   总页数：19
                                   分类：同人,短篇,艦隊收藏,全彩,後宮閃光
                                   章节数：1
                                   最后更新时间：2012-11-02T00:47:04.000Z
                                   =================================================
2026-03-18 23:39:21 - mkk_pika - database.py:101 - INFO - 保存成功：[脸肿汉化组] (C89) [出席番号26 (にろ)] 磯風浜風にえっちなお願いしてみた (艦隊これくしょん -艦これ-)
2026-03-18 23:39:21 - mkk_pika - main.py:35 - INFO - 开始检查[犬星]月见庄的灯里(月見荘のあかり)是否存在未下载章节
2026-03-18 23:39:21 - mkk_pika - main.py:45 - INFO - 正在下载:[[犬星]月见庄的灯里(月見荘のあかり)]-[犬星]-[['長篇', '妹妹系', '純愛']]-[total_pages:138]
2026-03-18 23:39:21 - mkk_pika - main.py:49 - INFO - [{'_id': '5821a2df5f6b9a4f93efe219', 'title': '第1集', 'order': 1, 'updated_at': '2016-11-08T10:03:11.785Z', 'id': '5821a2df5f6b9a4f93efe219'}, {'_id': '5821a2e05f6b9a4f93efe24d', 'title': '第2集', 'order': 2, 'updated_at': '2016-11-08T10:03:12.443Z', 'id': '5821a2e05f6b9a4f93efe24d'}, {'_id': '5821a2e05f6b9a4f93efe277', 'title': '第3集', 'order': 3, 'updated_at': '2016-11-08T10:03:12.853Z', 'id': '5821a2e05f6b9a4f93efe277'}, {'_id': '5821a2e15f6b9a4f93efe2a5', 'title': '第4集', 'order': 4, 'updated_at': '2016-11-08T10:03:13.498Z', 'id': '5821a2e15f6b9a4f93efe2a5'}, {'_id': '5821a2e25f6b9a4f93efe2d7', 'title': '第5集', 'order': 5, 'updated_at': '2016-11-08T10:03:14.153Z', 'id': '5821a2e25f6b9a4f93efe2d7'}, {'_id': '5821a2e25f6b9a4f93efe305', 'title': '第6集', 'order': 6, 'updated_at': '2016-11-08T10:03:14.654Z', 'id': '5821a2e25f6b9a4f93efe305'}]
2026-03-18 23:39:21 - mkk_pika - database.py:215 - INFO - 第一次下载该漫画，记录数据库中
2026-03-18 23:39:22 - mkk_pika - main.py:83 - INFO - 找到 25 张图片在:第1集
2026-03-18 23:39:22 - mkk_pika - main.py:112 - INFO - [episode:第1集       ] downloaded:    25, total:  25, progress:100%
2026-03-18 23:39:22 - mkk_pika - database.py:238 - INFO - 数据库更新已下载章节
2026-03-18 23:39:22 - mkk_pika - database.py:244 - INFO - 该漫画已下载章节如下
2026-03-18 23:39:22 - mkk_pika - database.py:245 - INFO - ['第1集']
2026-03-18 23:39:24 - mkk_pika - main.py:83 - INFO - 找到 20 张图片在:第2集
2026-03-18 23:39:24 - mkk_pika - main.py:112 - INFO - [episode:第2集       ] downloaded:    20, total:  20, progress:100%
2026-03-18 23:39:24 - mkk_pika - database.py:238 - INFO - 数据库更新已下载章节
2026-03-18 23:39:24 - mkk_pika - database.py:244 - INFO - 该漫画已下载章节如下
2026-03-18 23:39:24 - mkk_pika - database.py:245 - INFO - ['第1集', '第2集']
2026-03-18 23:39:26 - mkk_pika - main.py:83 - INFO - 找到 22 张图片在:第3集
2026-03-18 23:39:27 - mkk_pika - main.py:112 - INFO - [episode:第3集       ] downloaded:    22, total:  22, progress:100%
2026-03-18 23:39:27 - mkk_pika - database.py:238 - INFO - 数据库更新已下载章节
2026-03-18 23:39:27 - mkk_pika - database.py:244 - INFO - 该漫画已下载章节如下
2026-03-18 23:39:27 - mkk_pika - database.py:245 - INFO - ['第1集', '第2集', '第3集']
2026-03-18 23:39:28 - mkk_pika - main.py:83 - INFO - 找到 24 张图片在:第4集
2026-03-18 23:39:29 - mkk_pika - main.py:112 - INFO - [episode:第4集       ] downloaded:    24, total:  24, progress:100%
2026-03-18 23:39:29 - mkk_pika - database.py:238 - INFO - 数据库更新已下载章节
2026-03-18 23:39:29 - mkk_pika - database.py:244 - INFO - 该漫画已下载章节如下
2026-03-18 23:39:29 - mkk_pika - database.py:245 - INFO - ['第1集', '第2集', '第3集', '第4集']
2026-03-18 23:39:30 - mkk_pika - main.py:83 - INFO - 找到 22 张图片在:第5集
2026-03-18 23:39:31 - mkk_pika - main.py:112 - INFO - [episode:第5集       ] downloaded:    22, total:  22, progress:100%
2026-03-18 23:39:31 - mkk_pika - database.py:238 - INFO - 数据库更新已下载章节
2026-03-18 23:39:31 - mkk_pika - database.py:244 - INFO - 该漫画已下载章节如下
2026-03-18 23:39:31 - mkk_pika - database.py:245 - INFO - ['第1集', '第2集', '第3集', '第4集', '第5集']
2026-03-18 23:39:32 - mkk_pika - main.py:83 - INFO - 找到 25 张图片在:第6集
2026-03-18 23:39:33 - mkk_pika - main.py:112 - INFO - [episode:第6集       ] downloaded:    25, total:  25, progress:100%
2026-03-18 23:39:33 - mkk_pika - database.py:238 - INFO - 数据库更新已下载章节
2026-03-18 23:39:33 - mkk_pika - database.py:244 - INFO - 该漫画已下载章节如下
2026-03-18 23:39:33 - mkk_pika - database.py:245 - INFO - ['第1集', '第2集', '第3集', '第4集', '第5集', '第6集']
2026-03-18 23:39:34 - mkk_pika - main.py:348 - INFO - ==================== 漫画信息 ====================
                                   漫画ID：5821a2df5f6b9a4f93efe217
                                   标题：[犬星]月见庄的灯里(月見荘のあかり)
                                   作者：犬星
                                   是否完结：是
                                   总页数：138
                                   分类：長篇,妹妹系,純愛
                                   章节数：6
                                   最后更新时间：2012-11-03T06:47:04.000Z
                                   =================================================
2026-03-18 23:39:34 - mkk_pika - database.py:101 - INFO - 保存成功：[犬星]月见庄的灯里(月見荘のあかり)
2026-03-18 23:39:34 - mkk_pika - main.py:35 - INFO - 开始检查(C88) [あめ のち ゆき (あめとゆき)] MIKU-M@S (アイドルマスター シンデレラガールズ)[CE汉化]是否存在未下载章节
2026-03-18 23:39:34 - mkk_pika - main.py:45 - INFO - 正在下载:[(C88) [あめ のち ゆき (あめとゆき)] MIKU-M@S (アイドルマスター シンデレラガールズ)[CE汉化]]-[MIKU-M@S （雪雨）]-[['短篇', '全彩', '純愛']]-[total_pages:16]
2026-03-18 23:39:34 - mkk_pika - main.py:49 - INFO - [{'_id': '5821a2e35f6b9a4f93efe33b', 'title': '第1集', 'order': 1, 'updated_at': '2016-11-08T10:03:15.316Z', 'id': '5821a2e35f6b9a4f93efe33b'}]
2026-03-18 23:39:34 - mkk_pika - database.py:215 - INFO - 第一次下载该漫画，记录数据库中
2026-03-18 23:39:35 - mkk_pika - main.py:83 - INFO - 找到 16 张图片在:第1集
2026-03-18 23:39:35 - mkk_pika - main.py:112 - INFO - [episode:第1集       ] downloaded:    16, total:  16, progress:100%
2026-03-18 23:39:35 - mkk_pika - database.py:238 - INFO - 数据库更新已下载章节
2026-03-18 23:39:35 - mkk_pika - database.py:244 - INFO - 该漫画已下载章节如下
2026-03-18 23:39:35 - mkk_pika - database.py:245 - INFO - ['第1集']
2026-03-18 23:39:37 - mkk_pika - main.py:348 - INFO - ==================== 漫画信息 ====================
                                   漫画ID：5821a2e25f6b9a4f93efe339
                                   标题：(C88) [あめ のち ゆき (あめとゆき)] MIKU-M@S (アイドルマスター シンデレラガールズ)[CE汉化]
                                   作者：MIKU-M@S （雪雨）
                                   是否完结：否
                                   总页数：16
                                   分类：短篇,全彩,純愛
                                   章节数：1
                                   最后更新时间：2012-11-03T16:47:04.000Z
                                   =================================================
2026-03-18 23:39:37 - mkk_pika - database.py:101 - INFO - 保存成功：(C88) [あめ のち ゆき (あめとゆき)] MIKU-M@S (アイドルマスター シンデレラガールズ)[CE汉化]
2026-03-18 23:39:37 - mkk_pika - main.py:35 - INFO - 开始检查(C88)  幼馴染との過ごし方～雨の日編～（超越青梅竹馬的方法~下雨篇）[夢之行蹤漢化組]是否存在未下载章节
2026-03-18 23:39:37 - mkk_pika - main.py:45 - INFO - 正在下载:[(C88)  幼馴染との過ごし方～雨の日編～（超越青梅竹馬的方法~下雨篇）[夢之行蹤漢化組]]-[stripe orange (住咲ゆづな)]-[['短篇', '純愛']]-[total_pages:20]
2026-03-18 23:39:37 - mkk_pika - main.py:49 - INFO - [{'_id': '5821a2e35f6b9a4f93efe35f', 'title': '第1集', 'order': 1, 'updated_at': '2016-11-08T10:03:15.711Z', 'id': '5821a2e35f6b9a4f93efe35f'}]
2026-03-18 23:39:37 - mkk_pika - database.py:215 - INFO - 第一次下载该漫画，记录数据库中
2026-03-18 23:39:38 - mkk_pika - main.py:83 - INFO - 找到 20 张图片在:第1集
2026-03-18 23:39:38 - mkk_pika - main.py:112 - INFO - [episode:第1集       ] downloaded:    20, total:  20, progress:100%
2026-03-18 23:39:38 - mkk_pika - database.py:238 - INFO - 数据库更新已下载章节
2026-03-18 23:39:38 - mkk_pika - database.py:244 - INFO - 该漫画已下载章节如下
2026-03-18 23:39:38 - mkk_pika - database.py:245 - INFO - ['第1集']
2026-03-18 23:39:39 - mkk_pika - main.py:348 - INFO - ==================== 漫画信息 ====================
                                   漫画ID：5821a2e35f6b9a4f93efe35d
                                   标题：(C88)  幼馴染との過ごし方～雨の日編～（超越青梅竹馬的方法~下雨篇）[夢之行蹤漢化組]
                                   作者：stripe orange (住咲ゆづな)
                                   是否完结：否
                                   总页数：20
                                   分类：短篇,純愛
                                   章节数：1
                                   最后更新时间：2012-11-04T02:47:04.000Z
                                   =================================================
2026-03-18 23:39:39 - mkk_pika - database.py:101 - INFO - 保存成功：(C88)  幼馴染との過ごし方～雨の日編～（超越青梅竹馬的方法~下雨篇）[夢之行蹤漢化組]
2026-03-18 23:39:39 - mkk_pika - main.py:35 - INFO - 开始检查[个人汉化] (ふぁーすと) [KEMONERS FUREST (岸辺)] こやぎ! (よつあし)是否存在未下载章节
2026-03-18 23:39:40 - mkk_pika - main.py:45 - INFO - 正在下载:[[个人汉化] (ふぁーすと) [KEMONERS FUREST (岸辺)] こやぎ! (よつあし)]-[KEMONERS FUREST (岸辺)]-[['同人', '短篇', '非人類']]-[total_pages:6]
2026-03-18 23:39:40 - mkk_pika - main.py:49 - INFO - [{'_id': '5821a2e45f6b9a4f93efe38b', 'title': '第1集', 'order': 1, 'updated_at': '2016-11-08T10:03:16.414Z', 'id': '5821a2e45f6b9a4f93efe38b'}]
2026-03-18 23:39:40 - mkk_pika - database.py:215 - INFO - 第一次下载该漫画，记录数据库中
2026-03-18 23:39:40 - mkk_pika - main.py:83 - INFO - 找到 6 张图片在:第1集
2026-03-18 23:39:40 - mkk_pika - main.py:112 - INFO - [episode:第1集       ] downloaded:     6, total:   6, progress:100%
2026-03-18 23:39:40 - mkk_pika - database.py:238 - INFO - 数据库更新已下载章节
2026-03-18 23:39:40 - mkk_pika - database.py:244 - INFO - 该漫画已下载章节如下
2026-03-18 23:39:40 - mkk_pika - database.py:245 - INFO - ['第1集']
2026-03-18 23:39:42 - mkk_pika - main.py:348 - INFO - ==================== 漫画信息 ====================
                                   漫画ID：5821a2e35f6b9a4f93efe389
                                   标题：[个人汉化] (ふぁーすと) [KEMONERS FUREST (岸辺)] こやぎ! (よつあし)
                                   作者：KEMONERS FUREST (岸辺)
                                   是否完结：是
                                   总页数：6
                                   分类：同人,短篇,非人類
                                   章节数：1
                                   最后更新时间：2012-11-04T12:47:04.000Z
                                   =================================================
2026-03-18 23:39:42 - mkk_pika - database.py:101 - INFO - 保存成功：[个人汉化] (ふぁーすと) [KEMONERS FUREST (岸辺)] こやぎ! (よつあし)
2026-03-18 23:39:42 - mkk_pika - main.py:35 - INFO - 开始检查[拉提法汉化] (C89) [暗中模索] 姪っこな少女の絵本6(前編)是否存在未下载章节
2026-03-18 23:39:42 - mkk_pika - main.py:45 - INFO - 正在下载:[[拉提法汉化] (C89) [暗中模索] 姪っこな少女の絵本6(前編)]-[暗中模索]-[['同人', '短篇']]-[total_pages:35]
2026-03-18 23:39:42 - mkk_pika - main.py:49 - INFO - [{'_id': '5821a2e55f6b9a4f93efe39b', 'title': '第1集', 'order': 1, 'updated_at': '2016-11-08T10:03:17.196Z', 'id': '5821a2e55f6b9a4f93efe39b'}]
2026-03-18 23:39:42 - mkk_pika - database.py:215 - INFO - 第一次下载该漫画，记录数据库中
2026-03-18 23:39:43 - mkk_pika - main.py:83 - INFO - 找到 35 张图片在:第1集
2026-03-18 23:39:43 - mkk_pika - main.py:112 - INFO - [episode:第1集       ] downloaded:    35, total:  35, progress:100%
2026-03-18 23:39:43 - mkk_pika - database.py:238 - INFO - 数据库更新已下载章节
2026-03-18 23:39:43 - mkk_pika - database.py:244 - INFO - 该漫画已下载章节如下
2026-03-18 23:39:43 - mkk_pika - database.py:245 - INFO - ['第1集']
2026-03-18 23:39:45 - mkk_pika - main.py:348 - INFO - ==================== 漫画信息 ====================
                                   漫画ID：5821a2e45f6b9a4f93efe399
                                   标题：[拉提法汉化] (C89) [暗中模索] 姪っこな少女の絵本6(前編)
                                   作者：暗中模索
                                   是否完结：是
                                   总页数：35
                                   分类：同人,短篇
                                   章节数：1
                                   最后更新时间：2012-11-04T22:47:04.000Z
                                   =================================================
2026-03-18 23:39:45 - mkk_pika - database.py:101 - INFO - 保存成功：[拉提法汉化] (C89) [暗中模索] 姪っこな少女の絵本6(前編)
2026-03-18 23:39:45 - mkk_pika - main.py:35 - INFO - 开始检查[空気系☆漢化] (C88) [拡張パーツ (YOSHIKI)] SBRN (アイドルマスター シンデレラガールズ)是否存在未下载章节
2026-03-18 23:39:45 - mkk_pika - main.py:45 - INFO - 正在下载:[[空気系☆漢化] (C88) [拡張パーツ (YOSHIKI)] SBRN (アイドルマスター シンデレラガールズ)]-[拡張パーツ (YOSHIKI)]-[['同人', '短篇', '純愛']]-[total_pages:24]
2026-03-18 23:39:45 - mkk_pika - main.py:49 - INFO - [{'_id': '5821a2e65f6b9a4f93efe43d', 'title': '第1集', 'order': 1, 'updated_at': '2016-11-08T10:03:18.714Z', 'id': '5821a2e65f6b9a4f93efe43d'}]
2026-03-18 23:39:45 - mkk_pika - database.py:215 - INFO - 第一次下载该漫画，记录数据库中
2026-03-18 23:39:45 - mkk_pika - main.py:83 - INFO - 找到 24 张图片在:第1集
2026-03-18 23:39:46 - mkk_pika - main.py:112 - INFO - [episode:第1集       ] downloaded:    24, total:  24, progress:100%
2026-03-18 23:39:46 - mkk_pika - database.py:238 - INFO - 数据库更新已下载章节
2026-03-18 23:39:46 - mkk_pika - database.py:244 - INFO - 该漫画已下载章节如下
2026-03-18 23:39:46 - mkk_pika - database.py:245 - INFO - ['第1集']
2026-03-18 23:39:47 - mkk_pika - main.py:348 - INFO - ==================== 漫画信息 ====================
                                   漫画ID：5821a2e65f6b9a4f93efe43b
                                   标题：[空気系☆漢化] (C88) [拡張パーツ (YOSHIKI)] SBRN (アイドルマスター シンデレラガールズ)
                                   作者：拡張パーツ (YOSHIKI)
                                   是否完结：是
                                   总页数：24
                                   分类：同人,短篇,純愛
                                   章节数：1
                                   最后更新时间：2012-11-05T18:47:04.000Z
                                   =================================================
2026-03-18 23:39:47 - mkk_pika - database.py:101 - INFO - 保存成功：[空気系☆漢化] (C88) [拡張パーツ (YOSHIKI)] SBRN (アイドルマスター シンデレラガールズ)
2026-03-18 23:39:47 - mkk_pika - main.py:35 - INFO - 开始检查(COMIC1☆9) [アトリエ丸和 (丸和太郎)] 奥さまはiDOL -高垣楓編- (アイドルマスター シンデレラガールズ)[无毒汉化组]是否存在未下载章节
2026-03-18 23:39:48 - mkk_pika - main.py:45 - INFO - 正在下载:[(COMIC1☆9) [アトリエ丸和 (丸和太郎)] 奥さまはiDOL -高垣楓編- (アイドルマスター シンデレラガールズ)[无毒汉化组]]-[丸和太郎]-[['短篇', '全彩', '純愛']]-[total_pages:18]
2026-03-18 23:39:48 - mkk_pika - main.py:49 - INFO - [{'_id': '5821a2e75f6b9a4f93efe471', 'title': '第1集', 'order': 1, 'updated_at': '2016-11-08T10:03:19.146Z', 'id': '5821a2e75f6b9a4f93efe471'}]
2026-03-18 23:39:48 - mkk_pika - database.py:215 - INFO - 第一次下载该漫画，记录数据库中
2026-03-18 23:39:48 - mkk_pika - main.py:83 - INFO - 找到 18 张图片在:第1集
2026-03-18 23:39:49 - mkk_pika - main.py:112 - INFO - [episode:第1集       ] downloaded:    18, total:  18, progress:100%
2026-03-18 23:39:49 - mkk_pika - database.py:238 - INFO - 数据库更新已下载章节
2026-03-18 23:39:49 - mkk_pika - database.py:244 - INFO - 该漫画已下载章节如下
2026-03-18 23:39:49 - mkk_pika - database.py:245 - INFO - ['第1集']
2026-03-18 23:39:50 - mkk_pika - main.py:348 - INFO - ==================== 漫画信息 ====================
                                   漫画ID：5821a2e65f6b9a4f93efe46f
                                   标题：(COMIC1☆9) [アトリエ丸和 (丸和太郎)] 奥さまはiDOL -高垣楓編- (アイドルマスター シンデレラガールズ)[无毒汉化组]
                                   作者：丸和太郎
                                   是否完结：是
                                   总页数：18
                                   分类：短篇,全彩,純愛
                                   章节数：1
                                   最后更新时间：2012-11-06T04:47:04.000Z
                                   =================================================
2026-03-18 23:39:50 - mkk_pika - database.py:101 - INFO - 保存成功：(COMIC1☆9) [アトリエ丸和 (丸和太郎)] 奥さまはiDOL -高垣楓編- (アイドルマスター シンデレラガールズ)[无毒汉化组]
2026-03-18 23:39:50 - mkk_pika - main.py:35 - INFO - 开始检查[脸肿汉化组] (C89) [むげん@WORKS (秋月秋名)] 鹿島 装備と練度は十分です (艦隊これくしょん-艦これ-)是否存在未下载章节
2026-03-18 23:39:50 - mkk_pika - main.py:45 - INFO - 正在下载:[[脸肿汉化组] (C89) [むげん@WORKS (秋月秋名)] 鹿島 装備と練度は十分です (艦隊これくしょん-艦これ-)]-[秋月秋名]-[['同人', '短篇', '艦隊收藏']]-[total_pages:24]
2026-03-18 23:39:50 - mkk_pika - main.py:49 - INFO - [{'_id': '5821a2e75f6b9a4f93efe499', 'title': '第1集', 'order': 1, 'updated_at': '2016-11-08T10:03:19.804Z', 'id': '5821a2e75f6b9a4f93efe499'}]
2026-03-18 23:39:50 - mkk_pika - database.py:215 - INFO - 第一次下载该漫画，记录数据库中
2026-03-18 23:39:51 - mkk_pika - main.py:83 - INFO - 找到 24 张图片在:第1集
2026-03-18 23:39:51 - mkk_pika - main.py:112 - INFO - [episode:第1集       ] downloaded:    24, total:  24, progress:100%
2026-03-18 23:39:51 - mkk_pika - database.py:238 - INFO - 数据库更新已下载章节
2026-03-18 23:39:51 - mkk_pika - database.py:244 - INFO - 该漫画已下载章节如下
2026-03-18 23:39:51 - mkk_pika - database.py:245 - INFO - ['第1集']
2026-03-18 23:39:52 - mkk_pika - main.py:348 - INFO - ==================== 漫画信息 ====================
                                   漫画ID：5821a2e75f6b9a4f93efe497
                                   标题：[脸肿汉化组] (C89) [むげん@WORKS (秋月秋名)] 鹿島 装備と練度は十分です (艦隊これくしょん-艦これ-)
                                   作者：秋月秋名
                                   是否完结：是
                                   总页数：24
                                   分类：同人,短篇,艦隊收藏
                                   章节数：1
                                   最后更新时间：2012-11-06T14:47:04.000Z
                                   =================================================
2026-03-18 23:39:52 - mkk_pika - database.py:101 - INFO - 保存成功：[脸肿汉化组] (C89) [むげん@WORKS (秋月秋名)] 鹿島 装備と練度は十分です (艦隊これくしょん-艦これ-)
2026-03-18 23:39:52 - mkk_pika - main.py:35 - INFO - 开始检查(C89) [はくせん] こいしちゃんのえっちな毎日 (東方Project) [無毒漢化組]是否存在未下载章节
2026-03-18 23:39:53 - mkk_pika - main.py:45 - INFO - 正在下载:[(C89) [はくせん] こいしちゃんのえっちな毎日 (東方Project) [無毒漢化組]]-[はくせん]-[['同人', '短篇', '東方']]-[total_pages:25]
2026-03-18 23:39:53 - mkk_pika - main.py:49 - INFO - [{'_id': '5821a2e85f6b9a4f93efe4cd', 'title': '第1集', 'order': 1, 'updated_at': '2016-11-08T10:03:20.216Z', 'id': '5821a2e85f6b9a4f93efe4cd'}]
2026-03-18 23:39:53 - mkk_pika - database.py:215 - INFO - 第一次下载该漫画，记录数据库中
2026-03-18 23:39:53 - mkk_pika - main.py:83 - INFO - 找到 25 张图片在:第1集
2026-03-18 23:39:54 - mkk_pika - main.py:112 - INFO - [episode:第1集       ] downloaded:    25, total:  25, progress:100%
2026-03-18 23:39:54 - mkk_pika - database.py:238 - INFO - 数据库更新已下载章节
2026-03-18 23:39:54 - mkk_pika - database.py:244 - INFO - 该漫画已下载章节如下
2026-03-18 23:39:54 - mkk_pika - database.py:245 - INFO - ['第1集']
2026-03-18 23:39:55 - mkk_pika - main.py:348 - INFO - ==================== 漫画信息 ====================
                                   漫画ID：5821a2e75f6b9a4f93efe4cb
                                   标题：(C89) [はくせん] こいしちゃんのえっちな毎日 (東方Project) [無毒漢化組]
                                   作者：はくせん
                                   是否完结：是
                                   总页数：25
                                   分类：同人,短篇,東方
                                   章节数：1
                                   最后更新时间：2012-11-07T00:47:04.000Z
                                   =================================================
2026-03-18 23:39:55 - mkk_pika - database.py:101 - INFO - 保存成功：(C89) [はくせん] こいしちゃんのえっちな毎日 (東方Project) [無毒漢化組]
2026-03-18 23:39:55 - mkk_pika - main.py:35 - INFO - 开始检查(C89)[あばらんち (チマQ)] 淫乱クラウンピース (東方Project)[無毒漢化組]是否存在未下载章节
2026-03-18 23:39:55 - mkk_pika - main.py:45 - INFO - 正在下载:[(C89)[あばらんち (チマQ)] 淫乱クラウンピース (東方Project)[無毒漢化組]]-[あばらんち (チマQ)]-[['同人', '短篇', '妹妹系', '東方']]-[total_pages:23]
2026-03-18 23:39:55 - mkk_pika - main.py:49 - INFO - [{'_id': '5821a2e85f6b9a4f93efe503', 'title': '第1集', 'order': 1, 'updated_at': '2016-11-08T10:03:20.882Z', 'id': '5821a2e85f6b9a4f93efe503'}]
2026-03-18 23:39:55 - mkk_pika - database.py:215 - INFO - 第一次下载该漫画，记录数据库中
2026-03-18 23:39:56 - mkk_pika - main.py:83 - INFO - 找到 23 张图片在:第1集
2026-03-18 23:39:57 - mkk_pika - main.py:112 - INFO - [episode:第1集       ] downloaded:    23, total:  23, progress:100%
2026-03-18 23:39:57 - mkk_pika - database.py:238 - INFO - 数据库更新已下载章节
2026-03-18 23:39:57 - mkk_pika - database.py:244 - INFO - 该漫画已下载章节如下
2026-03-18 23:39:57 - mkk_pika - database.py:245 - INFO - ['第1集']
2026-03-18 23:39:58 - mkk_pika - main.py:348 - INFO - ==================== 漫画信息 ====================
                                   漫画ID：5821a2e85f6b9a4f93efe501
                                   标题：(C89)[あばらんち (チマQ)] 淫乱クラウンピース (東方Project)[無毒漢化組]
                                   作者：あばらんち (チマQ)
                                   是否完结：是
                                   总页数：23
                                   分类：同人,短篇,妹妹系,東方
                                   章节数：1
                                   最后更新时间：2012-11-07T10:47:04.000Z
                                   =================================================
2026-03-18 23:39:58 - mkk_pika - database.py:101 - INFO - 保存成功：(C89)[あばらんち (チマQ)] 淫乱クラウンピース (東方Project)[無毒漢化組]
2026-03-18 23:39:58 - mkk_pika - main.py:35 - INFO - 开始检查[脸肿汉化组] (C89) [少女騎士団 (大槍葦人)] OFF SHOt2 (アイドルマスター シンデレラガールズ)是否存在未下载章节
2026-03-18 23:39:58 - mkk_pika - main.py:45 - INFO - 正在下载:[[脸肿汉化组] (C89) [少女騎士団 (大槍葦人)] OFF SHOt2 (アイドルマスター シンデレラガールズ)]-[大槍葦人]-[['同人', '短篇', '全彩', '後宮閃光']]-[total_pages:29]
2026-03-18 23:39:58 - mkk_pika - main.py:49 - INFO - [{'_id': '5821a2e95f6b9a4f93efe535', 'title': '第1集', 'order': 1, 'updated_at': '2016-11-08T10:03:21.302Z', 'id': '5821a2e95f6b9a4f93efe535'}]
2026-03-18 23:39:58 - mkk_pika - database.py:215 - INFO - 第一次下载该漫画，记录数据库中
2026-03-18 23:39:59 - mkk_pika - main.py:83 - INFO - 找到 29 张图片在:第1集
2026-03-18 23:39:59 - mkk_pika - main.py:112 - INFO - [episode:第1集       ] downloaded:    29, total:  29, progress:100%
2026-03-18 23:39:59 - mkk_pika - database.py:238 - INFO - 数据库更新已下载章节
2026-03-18 23:39:59 - mkk_pika - database.py:244 - INFO - 该漫画已下载章节如下
2026-03-18 23:39:59 - mkk_pika - database.py:245 - INFO - ['第1集']
2026-03-18 23:40:01 - mkk_pika - main.py:348 - INFO - ==================== 漫画信息 ====================
                                   漫画ID：5821a2e95f6b9a4f93efe533
                                   标题：[脸肿汉化组] (C89) [少女騎士団 (大槍葦人)] OFF SHOt2 (アイドルマスター シンデレラガールズ)
                                   作者：大槍葦人
                                   是否完结：是
                                   总页数：29
                                   分类：同人,短篇,全彩,後宮閃光
                                   章节数：1
                                   最后更新时间：2012-11-07T20:47:04.000Z
                                   =================================================
2026-03-18 23:40:01 - mkk_pika - database.py:101 - INFO - 保存成功：[脸肿汉化组] (C89) [少女騎士団 (大槍葦人)] OFF SHOt2 (アイドルマスター シンデレラガールズ)
2026-03-18 23:40:01 - mkk_pika - main.py:35 - INFO - 开始检查(C89) [ありすの宝箱 (水龍敬)] マリア様がみてる売春8 (マリア様がみてる)是否存在未下载章节
2026-03-18 23:40:01 - mkk_pika - main.py:45 - INFO - 正在下载:[(C89) [ありすの宝箱 (水龍敬)] マリア様がみてる売春8 (マリア様がみてる)]-[水龍敬 (ありすの宝箱)]-[['短篇']]-[total_pages:23]
2026-03-18 23:40:01 - mkk_pika - main.py:49 - INFO - [{'_id': '5821a2e95f6b9a4f93efe573', 'title': '第1集', 'order': 1, 'updated_at': '2016-11-08T10:03:21.742Z', 'id': '5821a2e95f6b9a4f93efe573'}]
2026-03-18 23:40:01 - mkk_pika - database.py:215 - INFO - 第一次下载该漫画，记录数据库中
2026-03-18 23:40:02 - mkk_pika - main.py:83 - INFO - 找到 23 张图片在:第1集
2026-03-18 23:40:02 - mkk_pika - main.py:112 - INFO - [episode:第1集       ] downloaded:    23, total:  23, progress:100%
2026-03-18 23:40:02 - mkk_pika - database.py:238 - INFO - 数据库更新已下载章节
2026-03-18 23:40:02 - mkk_pika - database.py:244 - INFO - 该漫画已下载章节如下
2026-03-18 23:40:02 - mkk_pika - database.py:245 - INFO - ['第1集']
2026-03-18 23:40:03 - mkk_pika - main.py:348 - INFO - ==================== 漫画信息 ====================
                                   漫画ID：5821a2e95f6b9a4f93efe571
                                   标题：(C89) [ありすの宝箱 (水龍敬)] マリア様がみてる売春8 (マリア様がみてる)
                                   作者：水龍敬 (ありすの宝箱)
                                   是否完结：否
                                   总页数：23
                                   分类：短篇
                                   章节数：1
                                   最后更新时间：2012-11-08T06:47:04.000Z
                                   =================================================
2026-03-18 23:40:03 - mkk_pika - database.py:101 - INFO - 保存成功：(C89) [ありすの宝箱 (水龍敬)] マリア様がみてる売春8 (マリア様がみてる)
2026-03-18 23:40:03 - mkk_pika - main.py:35 - INFO - 开始检查[脸肿汉化组] (C89) [たこ焼き畑 (たこ焼き)] いかずちの特効薬 (艦隊これくしょん -艦これ-)是否存在未下载章节
2026-03-18 23:40:04 - mkk_pika - main.py:45 - INFO - 正在下载:[[脸肿汉化组] (C89) [たこ焼き畑 (たこ焼き)] いかずちの特効薬 (艦隊これくしょん -艦これ-)]-[たこ焼き畑 (たこ焼き)]-[['同人', '短篇', '艦隊收藏', '純愛']]-[total_pages:27]
2026-03-18 23:40:04 - mkk_pika - main.py:49 - INFO - [{'_id': '5821a2ea5f6b9a4f93efe5a5', 'title': '第1集', 'order': 1, 'updated_at': '2016-11-08T10:03:22.425Z', 'id': '5821a2ea5f6b9a4f93efe5a5'}]
2026-03-18 23:40:04 - mkk_pika - database.py:215 - INFO - 第一次下载该漫画，记录数据库中
2026-03-18 23:40:04 - mkk_pika - main.py:83 - INFO - 找到 27 张图片在:第1集
2026-03-18 23:40:05 - mkk_pika - main.py:112 - INFO - [episode:第1集       ] downloaded:    27, total:  27, progress:100%
2026-03-18 23:40:05 - mkk_pika - database.py:238 - INFO - 数据库更新已下载章节
2026-03-18 23:40:05 - mkk_pika - database.py:244 - INFO - 该漫画已下载章节如下
2026-03-18 23:40:05 - mkk_pika - database.py:245 - INFO - ['第1集']
2026-03-18 23:40:06 - mkk_pika - main.py:348 - INFO - ==================== 漫画信息 ====================
                                   漫画ID：5821a2e95f6b9a4f93efe5a3
                                   标题：[脸肿汉化组] (C89) [たこ焼き畑 (たこ焼き)] いかずちの特効薬 (艦隊これくしょん -艦これ-)
                                   作者：たこ焼き畑 (たこ焼き)
                                   是否完结：是
                                   总页数：27
                                   分类：同人,短篇,艦隊收藏,純愛
                                   章节数：1
                                   最后更新时间：2012-11-08T16:47:04.000Z
                                   =================================================
2026-03-18 23:40:06 - mkk_pika - database.py:101 - INFO - 保存成功：[脸肿汉化组] (C89) [たこ焼き畑 (たこ焼き)] いかずちの特効薬 (艦隊これくしょん -艦これ-)
2026-03-18 23:40:06 - mkk_pika - main.py:35 - INFO - 开始检查(C89) [23.4Do (Ichiri)] お兄ちゃんがソーシャルゲームにハマってしまったようです (Fate kaleid liner Prisma Illya) [中国翻译] [無毒漢化組]是否存在未下载章节
2026-03-18 23:40:06 - mkk_pika - main.py:45 - INFO - 正在下载:[(C89) [23.4Do (Ichiri)] お兄ちゃんがソーシャルゲームにハマってしまったようです (Fate kaleid liner Prisma Illya) [中国翻译] [無毒漢化組]]-[Ichiri]-[['同人', '短篇', '後宮閃光', 'Fate']]-[total_pages:19]
2026-03-18 23:40:06 - mkk_pika - main.py:49 - INFO - [{'_id': '5821a2eb5f6b9a4f93efe5df', 'title': '第1集', 'order': 1, 'updated_at': '2016-11-08T10:03:23.143Z', 'id': '5821a2eb5f6b9a4f93efe5df'}]
2026-03-18 23:40:06 - mkk_pika - database.py:215 - INFO - 第一次下载该漫画，记录数据库中
2026-03-18 23:40:07 - mkk_pika - main.py:83 - INFO - 找到 19 张图片在:第1集
2026-03-18 23:40:08 - mkk_pika - main.py:112 - INFO - [episode:第1集       ] downloaded:    19, total:  19, progress:100%
2026-03-18 23:40:08 - mkk_pika - database.py:238 - INFO - 数据库更新已下载章节
2026-03-18 23:40:08 - mkk_pika - database.py:244 - INFO - 该漫画已下载章节如下
2026-03-18 23:40:08 - mkk_pika - database.py:245 - INFO - ['第1集']
2026-03-18 23:40:09 - mkk_pika - main.py:348 - INFO - ==================== 漫画信息 ====================
                                   漫画ID：5821a2ea5f6b9a4f93efe5dd
                                   标题：(C89) [23.4Do (Ichiri)] お兄ちゃんがソーシャルゲームにハマってしまったようです (Fate kaleid liner Prisma Illya) [中国翻译] [無毒漢化組]
                                   作者：Ichiri
                                   是否完结：是
                                   总页数：19
                                   分类：同人,短篇,後宮閃光,Fate
                                   章节数：1
                                   最后更新时间：2012-11-09T02:47:04.000Z
                                   =================================================
2026-03-18 23:40:09 - mkk_pika - database.py:101 - INFO - 保存成功：(C89) [23.4Do (Ichiri)] お兄ちゃんがソーシャルゲームにハマってしまったようです (Fate kaleid liner Prisma Illya) [中国翻译] [無毒漢化組]
2026-03-18 23:40:09 - mkk_pika - main.py:35 - INFO - 开始检查[脸肿汉化组] (C89) [ねちょらぽっど (なんぷぅ)] 雷が傍にいる日常 (艦隊これくしょん-艦これ-)是否存在未下载章节
2026-03-18 23:40:09 - mkk_pika - main.py:45 - INFO - 正在下载:[[脸肿汉化组] (C89) [ねちょらぽっど (なんぷぅ)] 雷が傍にいる日常 (艦隊これくしょん-艦これ-)]-[ねちょらぽっど (なんぷぅ)]-[['同人', '短篇', '艦隊收藏', '純愛']]-[total_pages:24]
2026-03-18 23:40:09 - mkk_pika - main.py:49 - INFO - [{'_id': '5821a2eb5f6b9a4f93efe609', 'title': '第1集', 'order': 1, 'updated_at': '2016-11-08T10:03:23.787Z', 'id': '5821a2eb5f6b9a4f93efe609'}]
2026-03-18 23:40:09 - mkk_pika - database.py:215 - INFO - 第一次下载该漫画，记录数据库中
2026-03-18 23:40:10 - mkk_pika - main.py:83 - INFO - 找到 24 张图片在:第1集
2026-03-18 23:40:11 - mkk_pika - main.py:112 - INFO - [episode:第1集       ] downloaded:    24, total:  24, progress:100%
2026-03-18 23:40:11 - mkk_pika - database.py:238 - INFO - 数据库更新已下载章节
2026-03-18 23:40:11 - mkk_pika - database.py:244 - INFO - 该漫画已下载章节如下
2026-03-18 23:40:11 - mkk_pika - database.py:245 - INFO - ['第1集']
2026-03-18 23:40:12 - mkk_pika - main.py:348 - INFO - ==================== 漫画信息 ====================
                                   漫画ID：5821a2eb5f6b9a4f93efe607
                                   标题：[脸肿汉化组] (C89) [ねちょらぽっど (なんぷぅ)] 雷が傍にいる日常 (艦隊これくしょん-艦これ-)
                                   作者：ねちょらぽっど (なんぷぅ)
                                   是否完结：是
                                   总页数：24
                                   分类：同人,短篇,艦隊收藏,純愛
                                   章节数：1
                                   最后更新时间：2012-11-09T12:47:04.000Z
                                   =================================================
2026-03-18 23:40:12 - mkk_pika - database.py:101 - INFO - 保存成功：[脸肿汉化组] (C89) [ねちょらぽっど (なんぷぅ)] 雷が傍にいる日常 (艦隊これくしょん-艦これ-)
2026-03-18 23:40:12 - mkk_pika - main.py:35 - INFO - 开始检查[脸肿汉化组] (C89) [ろ～たり～Engine (神無月元史)] チマハメ (ご注文はうさぎですか)是否存在未下载章节
2026-03-18 23:40:12 - mkk_pika - main.py:45 - INFO - 正在下载:[[脸肿汉化组] (C89) [ろ～たり～Engine (神無月元史)] チマハメ (ご注文はうさぎですか)]-[神無月元史]-[['同人', '短篇', '後宮閃光']]-[total_pages:34]
2026-03-18 23:40:12 - mkk_pika - main.py:49 - INFO - [{'_id': '5821a2ec5f6b9a4f93efe63d', 'title': '第1集', 'order': 1, 'updated_at': '2016-11-08T10:03:24.416Z', 'id': '5821a2ec5f6b9a4f93efe63d'}]
2026-03-18 23:40:12 - mkk_pika - database.py:215 - INFO - 第一次下载该漫画，记录数据库中
2026-03-18 23:40:13 - mkk_pika - main.py:83 - INFO - 找到 34 张图片在:第1集
2026-03-18 23:40:14 - mkk_pika - main.py:112 - INFO - [episode:第1集       ] downloaded:    34, total:  34, progress:100%
2026-03-18 23:40:14 - mkk_pika - database.py:238 - INFO - 数据库更新已下载章节
2026-03-18 23:40:14 - mkk_pika - database.py:244 - INFO - 该漫画已下载章节如下
2026-03-18 23:40:14 - mkk_pika - database.py:245 - INFO - ['第1集']
2026-03-18 23:40:15 - mkk_pika - main.py:348 - INFO - ==================== 漫画信息 ====================
                                   漫画ID：5821a2eb5f6b9a4f93efe63b
                                   标题：[脸肿汉化组] (C89) [ろ～たり～Engine (神無月元史)] チマハメ (ご注文はうさぎですか)
                                   作者：神無月元史
                                   是否完结：是
                                   总页数：34
                                   分类：同人,短篇,後宮閃光
                                   章节数：1
                                   最后更新时间：2012-11-09T22:47:04.000Z
                                   =================================================
2026-03-18 23:40:15 - mkk_pika - database.py:101 - INFO - 保存成功：[脸肿汉化组] (C89) [ろ～たり～Engine (神無月元史)] チマハメ (ご注文はうさぎですか)
2026-03-18 23:40:15 - mkk_pika - main.py:35 - INFO - 开始检查[脸肿汉化组] (C89) [モノクロモミジ (由那)] かんばにガール ハマカゼ (艦隊これくしょん-艦これ-)是否存在未下载章节
2026-03-18 23:40:15 - mkk_pika - main.py:45 - INFO - 正在下载:[[脸肿汉化组] (C89) [モノクロモミジ (由那)] かんばにガール ハマカゼ (艦隊これくしょん-艦これ-)]-[由那]-[['同人', '短篇', '艦隊收藏']]-[total_pages:27]
2026-03-18 23:40:15 - mkk_pika - main.py:49 - INFO - [{'_id': '5821a2ec5f6b9a4f93efe685', 'title': '第1集', 'order': 1, 'updated_at': '2016-11-08T10:03:24.855Z', 'id': '5821a2ec5f6b9a4f93efe685'}]
2026-03-18 23:40:15 - mkk_pika - database.py:215 - INFO - 第一次下载该漫画，记录数据库中
2026-03-18 23:40:16 - mkk_pika - main.py:83 - INFO - 找到 27 张图片在:第1集
2026-03-18 23:40:16 - mkk_pika - main.py:112 - INFO - [episode:第1集       ] downloaded:    27, total:  27, progress:100%
2026-03-18 23:40:16 - mkk_pika - database.py:238 - INFO - 数据库更新已下载章节
2026-03-18 23:40:16 - mkk_pika - database.py:244 - INFO - 该漫画已下载章节如下
2026-03-18 23:40:16 - mkk_pika - database.py:245 - INFO - ['第1集']
2026-03-18 23:40:18 - mkk_pika - main.py:348 - INFO - ==================== 漫画信息 ====================
                                   漫画ID：5821a2ec5f6b9a4f93efe683
                                   标题：[脸肿汉化组] (C89) [モノクロモミジ (由那)] かんばにガール ハマカゼ (艦隊これくしょん-艦これ-)
                                   作者：由那
                                   是否完结：是
                                   总页数：27
                                   分类：同人,短篇,艦隊收藏
                                   章节数：1
                                   最后更新时间：2012-11-10T08:47:04.000Z
                                   =================================================
2026-03-18 23:40:18 - mkk_pika - database.py:101 - INFO - 保存成功：[脸肿汉化组] (C89) [モノクロモミジ (由那)] かんばにガール ハマカゼ (艦隊これくしょん-艦これ-)
2026-03-18 23:40:18 - mkk_pika - main.py:35 - INFO - 开始检查[无毒汉化组] (C89) 吸わせてくださいっうどんげママ！ (東方Project)是否存在未下载章节
2026-03-18 23:40:18 - mkk_pika - main.py:45 - INFO - 正在下载:[[无毒汉化组] (C89) 吸わせてくださいっうどんげママ！ (東方Project)]-[ [あんみつよもぎ亭 (みちきんぐ)]]-[['短篇', '姐姐系', '東方']]-[total_pages:28]
2026-03-18 23:40:18 - mkk_pika - main.py:49 - INFO - [{'_id': '5821a2f05f6b9a4f93efe99f', 'title': '第1集', 'order': 1, 'updated_at': '2016-11-08T10:03:28.714Z', 'id': '5821a2f05f6b9a4f93efe99f'}]
2026-03-18 23:40:18 - mkk_pika - database.py:215 - INFO - 第一次下载该漫画，记录数据库中
2026-03-18 23:40:18 - mkk_pika - main.py:83 - INFO - 找到 28 张图片在:第1集
2026-03-18 23:40:19 - mkk_pika - main.py:112 - INFO - [episode:第1集       ] downloaded:    28, total:  28, progress:100%
2026-03-18 23:40:19 - mkk_pika - database.py:238 - INFO - 数据库更新已下载章节
2026-03-18 23:40:19 - mkk_pika - database.py:244 - INFO - 该漫画已下载章节如下
2026-03-18 23:40:19 - mkk_pika - database.py:245 - INFO - ['第1集']
2026-03-18 23:40:20 - mkk_pika - main.py:348 - INFO - ==================== 漫画信息 ====================
                                   漫画ID：5821a2f05f6b9a4f93efe99d
                                   标题：[无毒汉化组] (C89) 吸わせてくださいっうどんげママ！ (東方Project)
                                   作者： [あんみつよもぎ亭 (みちきんぐ)]
                                   是否完结：否
                                   总页数：28
                                   分类：短篇,姐姐系,東方
                                   章节数：1
                                   最后更新时间：2012-11-12T10:47:04.000Z
                                   =================================================
2026-03-18 23:40:20 - mkk_pika - database.py:101 - INFO - 保存成功：[无毒汉化组] (C89) 吸わせてくださいっうどんげママ！ (東方Project)
2026-03-18 23:40:20 - mkk_pika - main.py:35 - INFO - 开始检查秘密 The Great Escape是否存在未下载章节
2026-03-18 23:40:21 - mkk_pika - main.py:45 - INFO - 正在下载:[秘密 The Great Escape]-[尾崎未来]-[['長篇', 'NTR']]-[total_pages:218]
2026-03-18 23:40:21 - mkk_pika - main.py:49 - INFO - [{'_id': '5821a2f55f6b9a4f93efebeb', 'title': '第1集', 'order': 1, 'updated_at': '2016-11-08T10:03:33.662Z', 'id': '5821a2f55f6b9a4f93efebeb'}]
2026-03-18 23:40:21 - mkk_pika - database.py:215 - INFO - 第一次下载该漫画，记录数据库中
2026-03-18 23:40:23 - mkk_pika - main.py:83 - INFO - 找到 218 张图片在:第1集
2026-03-18 23:40:27 - mkk_pika - main.py:112 - INFO - [episode:第1集       ] downloaded:   218, total: 218, progress:100%
2026-03-18 23:40:27 - mkk_pika - database.py:238 - INFO - 数据库更新已下载章节
2026-03-18 23:40:27 - mkk_pika - database.py:244 - INFO - 该漫画已下载章节如下
2026-03-18 23:40:27 - mkk_pika - database.py:245 - INFO - ['第1集']
2026-03-18 23:40:28 - mkk_pika - main.py:348 - INFO - ==================== 漫画信息 ====================
                                   漫画ID：5821a2f55f6b9a4f93efebe9
                                   标题：秘密 The Great Escape
                                   作者：尾崎未来
                                   是否完结：是
                                   总页数：218
                                   分类：長篇,NTR
                                   章节数：1
                                   最后更新时间：2012-11-15T18:47:04.000Z
                                   =================================================
2026-03-18 23:40:28 - mkk_pika - database.py:101 - INFO - 保存成功：秘密 The Great Escape
2026-03-18 23:40:28 - mkk_pika - main.py:35 - INFO - 开始检查妊娠×5是否存在未下载章节
2026-03-18 23:40:29 - mkk_pika - main.py:45 - INFO - 正在下载:[妊娠×5]-[樺島あきら]-[['長篇', '後宮閃光', '強暴', '單行本']]-[total_pages:178]
2026-03-18 23:40:29 - mkk_pika - main.py:49 - INFO - [{'_id': '5fe0b294a9f3e14073d7a35d', 'title': '第1話', 'order': 1, 'updated_at': '2020-12-21T14:16:59.972Z', 'id': '5fe0b294a9f3e14073d7a35d'}]
2026-03-18 23:40:29 - mkk_pika - database.py:215 - INFO - 第一次下载该漫画，记录数据库中
2026-03-18 23:40:30 - mkk_pika - main.py:83 - INFO - 找到 178 张图片在:第1話
2026-03-18 23:40:34 - mkk_pika - main.py:112 - INFO - [episode:第1話       ] downloaded:   178, total: 178, progress:100%
2026-03-18 23:40:34 - mkk_pika - database.py:238 - INFO - 数据库更新已下载章节
2026-03-18 23:40:34 - mkk_pika - database.py:244 - INFO - 该漫画已下载章节如下
2026-03-18 23:40:34 - mkk_pika - database.py:245 - INFO - ['第1話']
2026-03-18 23:40:36 - mkk_pika - main.py:348 - INFO - ==================== 漫画信息 ====================
                                   漫画ID：5821a2f65f6b9a4f93efeda1
                                   标题：妊娠×5
                                   作者：樺島あきら
                                   是否完结：是
                                   总页数：178
                                   分类：長篇,後宮閃光,強暴,單行本
                                   章节数：1
                                   最后更新时间：2012-11-16T04:47:04.000Z
                                   =================================================
2026-03-18 23:40:36 - mkk_pika - database.py:101 - INFO - 保存成功：妊娠×5
2026-03-18 23:40:36 - mkk_pika - main.py:35 - INFO - 开始检查今日も寝かせないから是否存在未下载章节
2026-03-18 23:40:36 - mkk_pika - main.py:45 - INFO - 正在下载:[今日も寝かせないから]-[源五郎]-[['長篇', '後宮閃光', '單行本', '妹妹系']]-[total_pages:207]
2026-03-18 23:40:36 - mkk_pika - main.py:49 - INFO - [{'_id': '5fa6c3d86298f35a6693a9d6', 'title': '第1話', 'order': 1, 'updated_at': '2020-11-07T15:55:38.749Z', 'id': '5fa6c3d86298f35a6693a9d6'}]
2026-03-18 23:40:36 - mkk_pika - database.py:215 - INFO - 第一次下载该漫画，记录数据库中
2026-03-18 23:40:38 - mkk_pika - main.py:83 - INFO - 找到 207 张图片在:第1話
2026-03-18 23:40:42 - mkk_pika - main.py:112 - INFO - [episode:第1話       ] downloaded:   207, total: 207, progress:100%
2026-03-18 23:40:42 - mkk_pika - database.py:238 - INFO - 数据库更新已下载章节
2026-03-18 23:40:42 - mkk_pika - database.py:244 - INFO - 该漫画已下载章节如下
2026-03-18 23:40:42 - mkk_pika - database.py:245 - INFO - ['第1話']
2026-03-18 23:40:44 - mkk_pika - main.py:348 - INFO - ==================== 漫画信息 ====================
                                   漫画ID：5821a2f85f6b9a4f93efef09
                                   标题：今日も寝かせないから
                                   作者：源五郎
                                   是否完结：是
                                   总页数：207
                                   分类：長篇,後宮閃光,單行本,妹妹系
                                   章节数：1
                                   最后更新时间：2012-11-16T14:47:04.000Z
                                   =================================================
2026-03-18 23:40:44 - mkk_pika - database.py:101 - INFO - 保存成功：今日も寝かせないから
2026-03-18 23:40:44 - mkk_pika - main.py:35 - INFO - 开始检查さくらデモクラシー!是否存在未下载章节
2026-03-18 23:40:44 - mkk_pika - main.py:45 - INFO - 正在下载:[さくらデモクラシー!]-[高津]-[['人妻', '長篇', '後宮閃光', '非人類', '妹妹系', '單行本']]-[total_pages:204]
2026-03-18 23:40:44 - mkk_pika - main.py:49 - INFO - [{'_id': '5f0565fb59cf441c546f25fc', 'title': '第1話', 'order': 1, 'updated_at': '2020-07-07T16:19:07.587Z', 'id': '5f0565fb59cf441c546f25fc'}]
2026-03-18 23:40:44 - mkk_pika - database.py:215 - INFO - 第一次下载该漫画，记录数据库中
2026-03-18 23:40:46 - mkk_pika - main.py:83 - INFO - 找到 204 张图片在:第1話
2026-03-18 23:40:50 - mkk_pika - main.py:112 - INFO - [episode:第1話       ] downloaded:   204, total: 204, progress:100%
2026-03-18 23:40:50 - mkk_pika - database.py:238 - INFO - 数据库更新已下载章节
2026-03-18 23:40:50 - mkk_pika - database.py:244 - INFO - 该漫画已下载章节如下
2026-03-18 23:40:50 - mkk_pika - database.py:245 - INFO - ['第1話']
2026-03-18 23:40:51 - mkk_pika - main.py:348 - INFO - ==================== 漫画信息 ====================
                                   漫画ID：5821a2fa5f6b9a4f93eff0ab
                                   标题：さくらデモクラシー!
                                   作者：高津
                                   是否完结：是
                                   总页数：204
                                   分类：人妻,長篇,後宮閃光,非人類,妹妹系,單行本
                                   章节数：1
                                   最后更新时间：2012-11-17T00:47:04.000Z
                                   =================================================
2026-03-18 23:40:51 - mkk_pika - database.py:101 - INFO - 保存成功：さくらデモクラシー!
2026-03-18 23:40:51 - mkk_pika - main.py:35 - INFO - 开始检查おいでよ！水龍敬ランド the 3rd Day是否存在未下载章节
2026-03-18 23:40:52 - mkk_pika - main.py:45 - INFO - 正在下载:[おいでよ！水龍敬ランド the 3rd Day]-[水龍敬 (ありすの宝箱)]-[['短篇']]-[total_pages:45]
2026-03-18 23:40:52 - mkk_pika - main.py:49 - INFO - [{'_id': '5821a2fc5f6b9a4f93eff249', 'title': '第1集', 'order': 1, 'updated_at': '2016-11-08T10:03:40.028Z', 'id': '5821a2fc5f6b9a4f93eff249'}]
2026-03-18 23:40:52 - mkk_pika - database.py:215 - INFO - 第一次下载该漫画，记录数据库中
2026-03-18 23:40:53 - mkk_pika - main.py:83 - INFO - 找到 45 张图片在:第1集
2026-03-18 23:40:54 - mkk_pika - main.py:112 - INFO - [episode:第1集       ] downloaded:    45, total:  45, progress:100%
2026-03-18 23:40:54 - mkk_pika - database.py:238 - INFO - 数据库更新已下载章节
2026-03-18 23:40:54 - mkk_pika - database.py:244 - INFO - 该漫画已下载章节如下
2026-03-18 23:40:54 - mkk_pika - database.py:245 - INFO - ['第1集']
2026-03-18 23:40:55 - mkk_pika - main.py:348 - INFO - ==================== 漫画信息 ====================
                                   漫画ID：5821a2fb5f6b9a4f93eff247
                                   标题：おいでよ！水龍敬ランド the 3rd Day
                                   作者：水龍敬 (ありすの宝箱)
                                   是否完结：是
                                   总页数：45
                                   分类：短篇
                                   章节数：1
                                   最后更新时间：2012-11-17T10:47:04.000Z
                                   =================================================
2026-03-18 23:40:55 - mkk_pika - database.py:101 - INFO - 保存成功：おいでよ！水龍敬ランド the 3rd Day
2026-03-18 23:40:55 - mkk_pika - main.py:35 - INFO - 开始检查[脸肿汉化组] (C89) [アニマルマシーン (40原)]嫌な顔されながらおパンツ見せてもらいたい本是否存在未下载章节
2026-03-18 23:40:55 - mkk_pika - main.py:45 - INFO - 正在下载:[[脸肿汉化组] (C89) [アニマルマシーン (40原)]嫌な顔されながらおパンツ見せてもらいたい本]-[アニマルマシーン (40原)]-[['同人', '短篇', '全彩']]-[total_pages:25]
2026-03-18 23:40:55 - mkk_pika - main.py:49 - INFO - [{'_id': '5821a2fd5f6b9a4f93eff2ed', 'title': '第1集', 'order': 1, 'updated_at': '2016-11-08T10:03:41.355Z', 'id': '5821a2fd5f6b9a4f93eff2ed'}]
2026-03-18 23:40:55 - mkk_pika - database.py:215 - INFO - 第一次下载该漫画，记录数据库中
2026-03-18 23:40:56 - mkk_pika - main.py:83 - INFO - 找到 25 张图片在:第1集
2026-03-18 23:40:56 - mkk_pika - main.py:112 - INFO - [episode:第1集       ] downloaded:    25, total:  25, progress:100%
2026-03-18 23:40:56 - mkk_pika - database.py:238 - INFO - 数据库更新已下载章节
2026-03-18 23:40:56 - mkk_pika - database.py:244 - INFO - 该漫画已下载章节如下
2026-03-18 23:40:56 - mkk_pika - database.py:245 - INFO - ['第1集']
2026-03-18 23:40:58 - mkk_pika - main.py:348 - INFO - ==================== 漫画信息 ====================
                                   漫画ID：5821a2fc5f6b9a4f93eff2eb
                                   标题：[脸肿汉化组] (C89) [アニマルマシーン (40原)]嫌な顔されながらおパンツ見せてもらいたい本
                                   作者：アニマルマシーン (40原)
                                   是否完结：是
                                   总页数：25
                                   分类：同人,短篇,全彩
                                   章节数：1
                                   最后更新时间：2012-11-18T06:47:04.000Z
                                   =================================================
2026-03-18 23:40:58 - mkk_pika - database.py:101 - INFO - 保存成功：[脸肿汉化组] (C89) [アニマルマシーン (40原)]嫌な顔されながらおパンツ見せてもらいたい本
2026-03-18 23:40:58 - mkk_pika - main.py:35 - INFO - 开始检查-七宮つぐ実- クロッカス是否存在未下载章节
2026-03-18 23:40:58 - mkk_pika - main.py:45 - INFO - 正在下载:[-七宮つぐ実- クロッカス]-[未知]-[['同人', '短篇', '姐姐系', '純愛']]-[total_pages:22]
2026-03-18 23:40:58 - mkk_pika - main.py:49 - INFO - [{'_id': '5821a3025f6b9a4f93eff687', 'title': '第1集', 'order': 1, 'updated_at': '2016-11-08T10:03:46.958Z', 'id': '5821a3025f6b9a4f93eff687'}]
2026-03-18 23:40:58 - mkk_pika - database.py:215 - INFO - 第一次下载该漫画，记录数据库中
2026-03-18 23:40:58 - mkk_pika - main.py:83 - INFO - 找到 22 张图片在:第1集
2026-03-18 23:40:59 - mkk_pika - main.py:112 - INFO - [episode:第1集       ] downloaded:    22, total:  22, progress:100%
2026-03-18 23:40:59 - mkk_pika - database.py:238 - INFO - 数据库更新已下载章节
2026-03-18 23:40:59 - mkk_pika - database.py:244 - INFO - 该漫画已下载章节如下
2026-03-18 23:40:59 - mkk_pika - database.py:245 - INFO - ['第1集']
2026-03-18 23:41:00 - mkk_pika - main.py:348 - INFO - ==================== 漫画信息 ====================
                                   漫画ID：5821a3025f6b9a4f93eff685
                                   标题：-七宮つぐ実- クロッカス
                                   作者：未知
                                   是否完结：是
                                   总页数：22
                                   分类：同人,短篇,姐姐系,純愛
                                   章节数：1
                                   最后更新时间：2012-11-20T08:47:04.000Z
                                   =================================================
2026-03-18 23:41:00 - mkk_pika - database.py:101 - INFO - 保存成功：-七宮つぐ実- クロッカス
2026-03-18 23:41:00 - mkk_pika - main.py:35 - INFO - 开始检查デレラク (THE IDOLM@STER CINDERELLA GIRLS)是否存在未下载章节
2026-03-18 23:41:00 - mkk_pika - main.py:45 - INFO - 正在下载:[デレラク (THE IDOLM@STER CINDERELLA GIRLS)]-[翁計画 (師走の翁)]-[['同人', '短篇']]-[total_pages:48]
2026-03-18 23:41:00 - mkk_pika - main.py:49 - INFO - [{'_id': '5821a3035f6b9a4f93eff6b7', 'title': '第1集', 'order': 1, 'updated_at': '2016-11-08T10:03:47.371Z', 'id': '5821a3035f6b9a4f93eff6b7'}]
2026-03-18 23:41:00 - mkk_pika - database.py:215 - INFO - 第一次下载该漫画，记录数据库中
2026-03-18 23:41:01 - mkk_pika - main.py:83 - INFO - 找到 48 张图片在:第1集
2026-03-18 23:41:02 - mkk_pika - main.py:112 - INFO - [episode:第1集       ] downloaded:    48, total:  48, progress:100%
2026-03-18 23:41:02 - mkk_pika - database.py:238 - INFO - 数据库更新已下载章节
2026-03-18 23:41:02 - mkk_pika - database.py:244 - INFO - 该漫画已下载章节如下
2026-03-18 23:41:02 - mkk_pika - database.py:245 - INFO - ['第1集']
2026-03-18 23:41:03 - mkk_pika - main.py:348 - INFO - ==================== 漫画信息 ====================
                                   漫画ID：5821a3035f6b9a4f93eff6b5
                                   标题：デレラク (THE IDOLM@STER CINDERELLA GIRLS)
                                   作者：翁計画 (師走の翁)
                                   是否完结：是
                                   总页数：48
                                   分类：同人,短篇
                                   章节数：1
                                   最后更新时间：2012-11-20T18:47:04.000Z
                                   =================================================
2026-03-18 23:41:03 - mkk_pika - database.py:101 - INFO - 保存成功：デレラク (THE IDOLM@STER CINDERELLA GIRLS)
2026-03-18 23:41:03 - mkk_pika - main.py:35 - INFO - 开始检查王妃様はっちゃけあそばす (ToLOVEる -とらぶる-)是否存在未下载章节
2026-03-18 23:41:04 - mkk_pika - main.py:45 - INFO - 正在下载:[王妃様はっちゃけあそばす (ToLOVEる -とらぶる-)]-[日日楽楽 (青木幹治)]-[['同人', '人妻', '短篇']]-[total_pages:24]
2026-03-18 23:41:04 - mkk_pika - main.py:49 - INFO - [{'_id': '604ce0976916831e1ec1e94d', 'title': '第1話', 'order': 1, 'updated_at': '2021-03-13T15:48:51.225Z', 'id': '604ce0976916831e1ec1e94d'}]
2026-03-18 23:41:04 - mkk_pika - database.py:215 - INFO - 第一次下载该漫画，记录数据库中
2026-03-18 23:41:04 - mkk_pika - main.py:83 - INFO - 找到 24 张图片在:第1話
2026-03-18 23:41:05 - mkk_pika - main.py:112 - INFO - [episode:第1話       ] downloaded:    24, total:  24, progress:100%
2026-03-18 23:41:05 - mkk_pika - database.py:238 - INFO - 数据库更新已下载章节
2026-03-18 23:41:05 - mkk_pika - database.py:244 - INFO - 该漫画已下载章节如下
2026-03-18 23:41:05 - mkk_pika - database.py:245 - INFO - ['第1話']
2026-03-18 23:41:06 - mkk_pika - main.py:348 - INFO - ==================== 漫画信息 ====================
                                   漫画ID：5821a3055f6b9a4f93eff859
                                   标题：王妃様はっちゃけあそばす (ToLOVEる -とらぶる-)
                                   作者：日日楽楽 (青木幹治)
                                   是否完结：是
                                   总页数：24
                                   分类：同人,人妻,短篇
                                   章节数：1
                                   最后更新时间：2012-11-22T00:47:04.000Z
                                   =================================================
2026-03-18 23:41:06 - mkk_pika - database.py:101 - INFO - 保存成功：王妃様はっちゃけあそばす (ToLOVEる -とらぶる-)
2026-03-18 23:41:06 - mkk_pika - main.py:35 - INFO - 开始检查よんP! (Free!)是否存在未下载章节
2026-03-18 23:41:06 - mkk_pika - main.py:45 - INFO - 正在下载:[よんP! (Free!)]-[sashilot (天井しお)]-[['同人', '短篇', '性轉換']]-[total_pages:34]
2026-03-18 23:41:06 - mkk_pika - main.py:49 - INFO - [{'_id': '5821a30a5f6b9a4f93effa67', 'title': '第1集', 'order': 1, 'updated_at': '2016-11-08T10:03:54.757Z', 'id': '5821a30a5f6b9a4f93effa67'}]
2026-03-18 23:41:06 - mkk_pika - database.py:215 - INFO - 第一次下载该漫画，记录数据库中
2026-03-18 23:41:07 - mkk_pika - main.py:83 - INFO - 找到 34 张图片在:第1集
2026-03-18 23:41:08 - mkk_pika - main.py:112 - INFO - [episode:第1集       ] downloaded:    34, total:  34, progress:100%
2026-03-18 23:41:08 - mkk_pika - database.py:238 - INFO - 数据库更新已下载章节
2026-03-18 23:41:08 - mkk_pika - database.py:244 - INFO - 该漫画已下载章节如下
2026-03-18 23:41:08 - mkk_pika - database.py:245 - INFO - ['第1集']
2026-03-18 23:41:09 - mkk_pika - main.py:348 - INFO - ==================== 漫画信息 ====================
                                   漫画ID：5821a30a5f6b9a4f93effa65
                                   标题：よんP! (Free!)
                                   作者：sashilot (天井しお)
                                   是否完结：是
                                   总页数：34
                                   分类：同人,短篇,性轉換
                                   章节数：1
                                   最后更新时间：2012-11-25T08:47:04.000Z
                                   =================================================
2026-03-18 23:41:09 - mkk_pika - database.py:101 - INFO - 保存成功：よんP! (Free!)
2026-03-18 23:41:09 - mkk_pika - main.py:35 - INFO - 开始检查ありなま (噬神者)是否存在未下载章节
2026-03-18 23:41:09 - mkk_pika - main.py:45 - INFO - 正在下载:[ありなま (噬神者)]-[Cior (Ken-1)]-[['同人', '短篇', '強暴']]-[total_pages:27]
2026-03-18 23:41:09 - mkk_pika - main.py:49 - INFO - [{'_id': '5821a30b5f6b9a4f93effaaf', 'title': '第1集', 'order': 1, 'updated_at': '2016-11-08T10:03:55.507Z', 'id': '5821a30b5f6b9a4f93effaaf'}]
2026-03-18 23:41:09 - mkk_pika - database.py:215 - INFO - 第一次下载该漫画，记录数据库中
2026-03-18 23:41:10 - mkk_pika - main.py:83 - INFO - 找到 27 张图片在:第1集
2026-03-18 23:41:11 - mkk_pika - main.py:112 - INFO - [episode:第1集       ] downloaded:    27, total:  27, progress:100%
2026-03-18 23:41:11 - mkk_pika - database.py:238 - INFO - 数据库更新已下载章节
2026-03-18 23:41:11 - mkk_pika - database.py:244 - INFO - 该漫画已下载章节如下
2026-03-18 23:41:11 - mkk_pika - database.py:245 - INFO - ['第1集']
2026-03-18 23:41:12 - mkk_pika - main.py:348 - INFO - ==================== 漫画信息 ====================
                                   漫画ID：5821a30a5f6b9a4f93effaad
                                   标题：ありなま (噬神者)
                                   作者：Cior (Ken-1)
                                   是否完结：是
                                   总页数：27
                                   分类：同人,短篇,強暴
                                   章节数：1
                                   最后更新时间：2012-11-25T18:47:04.000Z
                                   =================================================
2026-03-18 23:41:12 - mkk_pika - database.py:101 - INFO - 保存成功：ありなま (噬神者)
2026-03-18 23:41:12 - mkk_pika - main.py:35 - INFO - 开始检查蜜室是否存在未下载章节
2026-03-18 23:41:12 - mkk_pika - main.py:45 - INFO - 正在下载:[蜜室]-[ビューティ·ヘア]-[['長篇']]-[total_pages:146]
2026-03-18 23:41:12 - mkk_pika - main.py:49 - INFO - [{'_id': '5821a30d5f6b9a4f93effb87', 'title': '第1集', 'order': 1, 'updated_at': '2016-11-08T10:03:57.924Z', 'id': '5821a30d5f6b9a4f93effb87'}]
2026-03-18 23:41:12 - mkk_pika - database.py:215 - INFO - 第一次下载该漫画，记录数据库中
2026-03-18 23:41:13 - mkk_pika - main.py:83 - INFO - 找到 146 张图片在:第1集
2026-03-18 23:41:17 - mkk_pika - main.py:112 - INFO - [episode:第1集       ] downloaded:   146, total: 146, progress:100%
2026-03-18 23:41:17 - mkk_pika - database.py:238 - INFO - 数据库更新已下载章节
2026-03-18 23:41:17 - mkk_pika - database.py:244 - INFO - 该漫画已下载章节如下
2026-03-18 23:41:17 - mkk_pika - database.py:245 - INFO - ['第1集']
2026-03-18 23:41:18 - mkk_pika - main.py:348 - INFO - ==================== 漫画信息 ====================
                                   漫画ID：5821a30d5f6b9a4f93effb85
                                   标题：蜜室
                                   作者：ビューティ·ヘア
                                   是否完结：是
                                   总页数：146
                                   分类：長篇
                                   章节数：1
                                   最后更新时间：2012-11-27T10:47:04.000Z
                                   =================================================
2026-03-18 23:41:18 - mkk_pika - database.py:101 - INFO - 保存成功：蜜室
2026-03-18 23:41:18 - mkk_pika - main.py:35 - INFO - 开始检查鈴谷とどうする？ナニしちゃう?6是否存在未下载章节
2026-03-18 23:41:18 - mkk_pika - main.py:45 - INFO - 正在下载:[鈴谷とどうする？ナニしちゃう?6]-[水鏡想]-[['同人', '短篇']]-[total_pages:18]
2026-03-18 23:41:18 - mkk_pika - main.py:49 - INFO - [{'_id': '5821a30e5f6b9a4f93effcaf', 'title': '第1集', 'order': 1, 'updated_at': '2016-11-08T10:03:58.941Z', 'id': '5821a30e5f6b9a4f93effcaf'}]
2026-03-18 23:41:18 - mkk_pika - database.py:215 - INFO - 第一次下载该漫画，记录数据库中
2026-03-18 23:41:19 - mkk_pika - main.py:83 - INFO - 找到 18 张图片在:第1集
2026-03-18 23:41:19 - mkk_pika - main.py:112 - INFO - [episode:第1集       ] downloaded:    18, total:  18, progress:100%
2026-03-18 23:41:19 - mkk_pika - database.py:238 - INFO - 数据库更新已下载章节
2026-03-18 23:41:19 - mkk_pika - database.py:244 - INFO - 该漫画已下载章节如下
2026-03-18 23:41:19 - mkk_pika - database.py:245 - INFO - ['第1集']
2026-03-18 23:41:20 - mkk_pika - main.py:348 - INFO - ==================== 漫画信息 ====================
                                   漫画ID：5821a30e5f6b9a4f93effcad
                                   标题：鈴谷とどうする？ナニしちゃう?6
                                   作者：水鏡想
                                   是否完结：是
                                   总页数：18
                                   分类：同人,短篇
                                   章节数：1
                                   最后更新时间：2012-11-27T20:47:04.000Z
                                   =================================================
2026-03-18 23:41:20 - mkk_pika - database.py:101 - INFO - 保存成功：鈴谷とどうする？ナニしちゃう?6
2026-03-18 23:41:20 - mkk_pika - main.py:35 - INFO - 开始检查まほ熱! (ロウきゅーぶ!)是否存在未下载章节
2026-03-18 23:41:21 - mkk_pika - main.py:45 - INFO - 正在下载:[まほ熱! (ロウきゅーぶ!)]-[じどー筆記 (こけこっこ☆こま)]-[['同人', '短篇']]-[total_pages:30]
2026-03-18 23:41:21 - mkk_pika - main.py:49 - INFO - [{'_id': '5f089610f0a3d42e7d0bd3f8', 'title': '第1話', 'order': 1, 'updated_at': '2020-07-10T15:36:21.981Z', 'id': '5f089610f0a3d42e7d0bd3f8'}]
2026-03-18 23:41:21 - mkk_pika - database.py:215 - INFO - 第一次下载该漫画，记录数据库中
2026-03-18 23:41:21 - mkk_pika - main.py:83 - INFO - 找到 30 张图片在:第1話
2026-03-18 23:41:22 - mkk_pika - main.py:112 - INFO - [episode:第1話       ] downloaded:    30, total:  30, progress:100%
2026-03-18 23:41:22 - mkk_pika - database.py:238 - INFO - 数据库更新已下载章节
2026-03-18 23:41:22 - mkk_pika - database.py:244 - INFO - 该漫画已下载章节如下
2026-03-18 23:41:22 - mkk_pika - database.py:245 - INFO - ['第1話']
2026-03-18 23:41:23 - mkk_pika - main.py:348 - INFO - ==================== 漫画信息 ====================
                                   漫画ID：5821a30f5f6b9a4f93effcd5
                                   标题：まほ熱! (ロウきゅーぶ!)
                                   作者：じどー筆記 (こけこっこ☆こま)
                                   是否完结：是
                                   总页数：30
                                   分类：同人,短篇
                                   章节数：1
                                   最后更新时间：2012-11-28T06:47:04.000Z
                                   =================================================
2026-03-18 23:41:23 - mkk_pika - database.py:101 - INFO - 保存成功：まほ熱! (ロウきゅーぶ!)
2026-03-18 23:41:23 - mkk_pika - main.py:35 - INFO - 开始检查良い子のご褒美是否存在未下载章节
2026-03-18 23:41:24 - mkk_pika - main.py:45 - INFO - 正在下载:[良い子のご褒美]-[鰻丸]-[['人妻', '長篇', '姐姐系', '純愛']]-[total_pages:201]
2026-03-18 23:41:24 - mkk_pika - main.py:49 - INFO - [{'_id': '5821a3115f6b9a4f93effd59', 'title': '第1集', 'order': 1, 'updated_at': '2016-11-08T10:04:01.047Z', 'id': '5821a3115f6b9a4f93effd59'}]
2026-03-18 23:41:24 - mkk_pika - database.py:215 - INFO - 第一次下载该漫画，记录数据库中
2026-03-18 23:41:26 - mkk_pika - main.py:83 - INFO - 找到 201 张图片在:第1集
2026-03-18 23:41:30 - mkk_pika - main.py:112 - INFO - [episode:第1集       ] downloaded:   201, total: 201, progress:100%
2026-03-18 23:41:30 - mkk_pika - database.py:238 - INFO - 数据库更新已下载章节
2026-03-18 23:41:30 - mkk_pika - database.py:244 - INFO - 该漫画已下载章节如下
2026-03-18 23:41:30 - mkk_pika - database.py:245 - INFO - ['第1集']
2026-03-18 23:41:31 - mkk_pika - main.py:348 - INFO - ==================== 漫画信息 ====================
                                   漫画ID：5821a3105f6b9a4f93effd57
                                   标题：良い子のご褒美
                                   作者：鰻丸
                                   是否完结：是
                                   总页数：201
                                   分类：人妻,長篇,姐姐系,純愛
                                   章节数：1
                                   最后更新时间：2012-11-29T02:47:04.000Z
                                   =================================================
2026-03-18 23:41:31 - mkk_pika - database.py:101 - INFO - 保存成功：良い子のご褒美
2026-03-18 23:41:31 - mkk_pika - main.py:35 - INFO - 开始检查発情でいず是否存在未下载章节
2026-03-18 23:41:31 - mkk_pika - main.py:45 - INFO - 正在下载:[発情でいず]-[しんどう]-[['長篇', '強暴', '純愛']]-[total_pages:192]
2026-03-18 23:41:31 - mkk_pika - main.py:49 - INFO - [{'_id': '5821a3135f6b9a4f93effeef', 'title': '第1集', 'order': 1, 'updated_at': '2016-11-08T10:04:03.198Z', 'id': '5821a3135f6b9a4f93effeef'}]
2026-03-18 23:41:31 - mkk_pika - database.py:215 - INFO - 第一次下载该漫画，记录数据库中
2026-03-18 23:41:33 - mkk_pika - main.py:83 - INFO - 找到 192 张图片在:第1集
2026-03-18 23:41:37 - mkk_pika - main.py:112 - INFO - [episode:第1集       ] downloaded:   192, total: 192, progress:100%
2026-03-18 23:41:37 - mkk_pika - database.py:238 - INFO - 数据库更新已下载章节
2026-03-18 23:41:37 - mkk_pika - database.py:244 - INFO - 该漫画已下载章节如下
2026-03-18 23:41:37 - mkk_pika - database.py:245 - INFO - ['第1集']
2026-03-18 23:41:38 - mkk_pika - main.py:348 - INFO - ==================== 漫画信息 ====================
                                   漫画ID：5821a3125f6b9a4f93effeed
                                   标题：発情でいず
                                   作者：しんどう
                                   是否完结：是
                                   总页数：192
                                   分类：長篇,強暴,純愛
                                   章节数：1
                                   最后更新时间：2012-11-29T12:47:04.000Z
                                   =================================================
2026-03-18 23:41:38 - mkk_pika - database.py:101 - INFO - 保存成功：発情でいず
2026-03-18 23:41:38 - mkk_pika - main.py:35 - INFO - 开始检查ナマイキ少女是否存在未下载章节
2026-03-18 23:41:39 - mkk_pika - main.py:45 - INFO - 正在下载:[ナマイキ少女]-[ポンスケ]-[['長篇', '妹妹系', '純愛']]-[total_pages:196]
2026-03-18 23:41:39 - mkk_pika - main.py:49 - INFO - [{'_id': '5821a3145f6b9a4f93f00073', 'title': '第1集', 'order': 1, 'updated_at': '2016-11-08T10:04:04.304Z', 'id': '5821a3145f6b9a4f93f00073'}]
2026-03-18 23:41:39 - mkk_pika - database.py:215 - INFO - 第一次下载该漫画，记录数据库中
2026-03-18 23:41:40 - mkk_pika - main.py:83 - INFO - 找到 196 张图片在:第1集
2026-03-18 23:41:44 - mkk_pika - main.py:112 - INFO - [episode:第1集       ] downloaded:   196, total: 196, progress:100%
2026-03-18 23:41:44 - mkk_pika - database.py:238 - INFO - 数据库更新已下载章节
2026-03-18 23:41:44 - mkk_pika - database.py:244 - INFO - 该漫画已下载章节如下
2026-03-18 23:41:44 - mkk_pika - database.py:245 - INFO - ['第1集']
2026-03-18 23:41:45 - mkk_pika - main.py:348 - INFO - ==================== 漫画信息 ====================
                                   漫画ID：5821a3135f6b9a4f93f00071
                                   标题：ナマイキ少女
                                   作者：ポンスケ
                                   是否完结：是
                                   总页数：196
                                   分类：長篇,妹妹系,純愛
                                   章节数：1
                                   最后更新时间：2012-11-29T22:47:04.000Z
                                   =================================================
2026-03-18 23:41:45 - mkk_pika - database.py:101 - INFO - 保存成功：ナマイキ少女
2026-03-18 23:41:45 - mkk_pika - main.py:35 - INFO - 开始检查年上上等是否存在未下载章节
2026-03-18 23:41:46 - mkk_pika - main.py:45 - INFO - 正在下载:[年上上等]-[綾枷ちよこ]-[['長篇', '姐姐系', '純愛']]-[total_pages:192]
2026-03-18 23:41:46 - mkk_pika - main.py:49 - INFO - [{'_id': '5821a3155f6b9a4f93f001ff', 'title': '第1集', 'order': 1, 'updated_at': '2016-11-08T10:04:05.676Z', 'id': '5821a3155f6b9a4f93f001ff'}]
2026-03-18 23:41:46 - mkk_pika - database.py:215 - INFO - 第一次下载该漫画，记录数据库中
2026-03-18 23:41:47 - mkk_pika - main.py:83 - INFO - 找到 192 张图片在:第1集
2026-03-18 23:41:52 - mkk_pika - main.py:112 - INFO - [episode:第1集       ] downloaded:   192, total: 192, progress:100%
2026-03-18 23:41:52 - mkk_pika - database.py:238 - INFO - 数据库更新已下载章节
2026-03-18 23:41:52 - mkk_pika - database.py:244 - INFO - 该漫画已下载章节如下
2026-03-18 23:41:52 - mkk_pika - database.py:245 - INFO - ['第1集']
2026-03-18 23:41:53 - mkk_pika - main.py:348 - INFO - ==================== 漫画信息 ====================
                                   漫画ID：5821a3155f6b9a4f93f001fd
                                   标题：年上上等
                                   作者：綾枷ちよこ
                                   是否完结：是
                                   总页数：192
                                   分类：長篇,姐姐系,純愛
                                   章节数：1
                                   最后更新时间：2012-11-30T08:47:04.000Z
                                   =================================================
2026-03-18 23:41:53 - mkk_pika - database.py:101 - INFO - 保存成功：年上上等
2026-03-18 23:41:53 - mkk_pika - main.py:35 - INFO - 开始检查キミが孕むまで何度も愛してる是否存在未下载章节
2026-03-18 23:41:53 - mkk_pika - main.py:45 - INFO - 正在下载:[キミが孕むまで何度も愛してる]-[ねくたー]-[['長篇', '純愛']]-[total_pages:199]
2026-03-18 23:41:53 - mkk_pika - main.py:49 - INFO - [{'_id': '5821a3175f6b9a4f93f00383', 'title': '第1集', 'order': 1, 'updated_at': '2016-11-08T10:04:07.162Z', 'id': '5821a3175f6b9a4f93f00383'}]
2026-03-18 23:41:53 - mkk_pika - database.py:215 - INFO - 第一次下载该漫画，记录数据库中
2026-03-18 23:41:55 - mkk_pika - main.py:83 - INFO - 找到 199 张图片在:第1集
2026-03-18 23:41:59 - mkk_pika - main.py:112 - INFO - [episode:第1集       ] downloaded:   199, total: 199, progress:100%
2026-03-18 23:41:59 - mkk_pika - database.py:238 - INFO - 数据库更新已下载章节
2026-03-18 23:41:59 - mkk_pika - database.py:244 - INFO - 该漫画已下载章节如下
2026-03-18 23:41:59 - mkk_pika - database.py:245 - INFO - ['第1集']
2026-03-18 23:42:00 - mkk_pika - main.py:348 - INFO - ==================== 漫画信息 ====================
                                   漫画ID：5821a3165f6b9a4f93f00381
                                   标题：キミが孕むまで何度も愛してる
                                   作者：ねくたー
                                   是否完结：是
                                   总页数：199
                                   分类：長篇,純愛
                                   章节数：1
                                   最后更新时间：2012-11-30T18:47:04.000Z
                                   =================================================
2026-03-18 23:42:00 - mkk_pika - database.py:101 - INFO - 保存成功：キミが孕むまで何度も愛してる
2026-03-18 23:42:00 - mkk_pika - main.py:35 - INFO - 开始检查長身で無口の彼女が発情してきたらエロいよね是否存在未下载章节
2026-03-18 23:42:01 - mkk_pika - main.py:45 - INFO - 正在下载:[長身で無口の彼女が発情してきたらエロいよね]-[MARUTA]-[['長篇', '純愛']]-[total_pages:199]
2026-03-18 23:42:01 - mkk_pika - main.py:49 - INFO - [{'_id': '5821a3185f6b9a4f93f00515', 'title': '第1集', 'order': 1, 'updated_at': '2016-11-08T10:04:08.604Z', 'id': '5821a3185f6b9a4f93f00515'}]
2026-03-18 23:42:01 - mkk_pika - database.py:215 - INFO - 第一次下载该漫画，记录数据库中
2026-03-18 23:42:02 - mkk_pika - main.py:83 - INFO - 找到 199 张图片在:第1集
2026-03-18 23:42:07 - mkk_pika - main.py:112 - INFO - [episode:第1集       ] downloaded:   199, total: 199, progress:100%
2026-03-18 23:42:07 - mkk_pika - database.py:238 - INFO - 数据库更新已下载章节
2026-03-18 23:42:07 - mkk_pika - database.py:244 - INFO - 该漫画已下载章节如下
2026-03-18 23:42:07 - mkk_pika - database.py:245 - INFO - ['第1集']
2026-03-18 23:42:08 - mkk_pika - main.py:348 - INFO - ==================== 漫画信息 ====================
                                   漫画ID：5821a3185f6b9a4f93f00513
                                   标题：長身で無口の彼女が発情してきたらエロいよね
                                   作者：MARUTA
                                   是否完结：是
                                   总页数：199
                                   分类：長篇,純愛
                                   章节数：1
                                   最后更新时间：2012-12-01T04:47:04.000Z
                                   =================================================
2026-03-18 23:42:08 - mkk_pika - database.py:101 - INFO - 保存成功：長身で無口の彼女が発情してきたらエロいよね
2026-03-18 23:42:08 - mkk_pika - main.py:35 - INFO - 开始检查(C83) [お嬢の浴室(AYA, 鉄人)] 拳法家でも恋がしたい！ (中二病でも恋がしたい！)是否存在未下载章节
2026-03-18 23:42:08 - mkk_pika - main.py:45 - INFO - 正在下载:[(C83) [お嬢の浴室(AYA, 鉄人)] 拳法家でも恋がしたい！ (中二病でも恋がしたい！)]-[お嬢の浴室(AYA, 鉄人)]-[['同人', '短篇']]-[total_pages:26]
2026-03-18 23:42:08 - mkk_pika - main.py:49 - INFO - [{'_id': '5821a31b5f6b9a4f93f00867', 'title': '第1集', 'order': 1, 'updated_at': '2016-11-08T10:04:11.641Z', 'id': '5821a31b5f6b9a4f93f00867'}]
2026-03-18 23:42:08 - mkk_pika - database.py:215 - INFO - 第一次下载该漫画，记录数据库中
2026-03-18 23:42:09 - mkk_pika - main.py:83 - INFO - 找到 26 张图片在:第1集
2026-03-18 23:42:09 - mkk_pika - main.py:112 - INFO - [episode:第1集       ] downloaded:    26, total:  26, progress:100%
2026-03-18 23:42:09 - mkk_pika - database.py:238 - INFO - 数据库更新已下载章节
2026-03-18 23:42:09 - mkk_pika - database.py:244 - INFO - 该漫画已下载章节如下
2026-03-18 23:42:09 - mkk_pika - database.py:245 - INFO - ['第1集']
2026-03-18 23:42:11 - mkk_pika - main.py:348 - INFO - ==================== 漫画信息 ====================
                                   漫画ID：5821a31b5f6b9a4f93f00865
                                   标题：(C83) [お嬢の浴室(AYA, 鉄人)] 拳法家でも恋がしたい！ (中二病でも恋がしたい！)
                                   作者：お嬢の浴室(AYA, 鉄人)
                                   是否完结：是
                                   总页数：26
                                   分类：同人,短篇
                                   章节数：1
                                   最后更新时间：2012-12-02T10:47:04.000Z
                                   =================================================
2026-03-18 23:42:11 - mkk_pika - database.py:101 - INFO - 保存成功：(C83) [お嬢の浴室(AYA, 鉄人)] 拳法家でも恋がしたい！ (中二病でも恋がしたい！)
2026-03-18 23:42:11 - mkk_pika - main.py:35 - INFO - 开始检查[小叶后宫汉化组][花巻かえる]妖精さんにお願い！？(にょたいか！パラダイズ 02)是否存在未下载章节
2026-03-18 23:42:11 - mkk_pika - main.py:45 - INFO - 正在下载:[[小叶后宫汉化组][花巻かえる]妖精さんにお願い！？(にょたいか！パラダイズ 02)]-[花巻かえる]-[['短篇', '性轉換']]-[total_pages:19]
2026-03-18 23:42:11 - mkk_pika - main.py:49 - INFO - [{'_id': '5821a31c5f6b9a4f93f008bd', 'title': '第1集', 'order': 1, 'updated_at': '2016-11-08T10:04:12.658Z', 'id': '5821a31c5f6b9a4f93f008bd'}]
2026-03-18 23:42:11 - mkk_pika - database.py:215 - INFO - 第一次下载该漫画，记录数据库中
2026-03-18 23:42:11 - mkk_pika - main.py:83 - INFO - 找到 19 张图片在:第1集
2026-03-18 23:42:12 - mkk_pika - main.py:112 - INFO - [episode:第1集       ] downloaded:    19, total:  19, progress:100%
2026-03-18 23:42:12 - mkk_pika - database.py:238 - INFO - 数据库更新已下载章节
2026-03-18 23:42:12 - mkk_pika - database.py:244 - INFO - 该漫画已下载章节如下
2026-03-18 23:42:12 - mkk_pika - database.py:245 - INFO - ['第1集']
2026-03-18 23:42:13 - mkk_pika - main.py:348 - INFO - ==================== 漫画信息 ====================
                                   漫画ID：5821a31c5f6b9a4f93f008bb
                                   标题：[小叶后宫汉化组][花巻かえる]妖精さんにお願い！？(にょたいか！パラダイズ 02)
                                   作者：花巻かえる
                                   是否完结：是
                                   总页数：19
                                   分类：短篇,性轉換
                                   章节数：1
                                   最后更新时间：2012-12-03T06:47:04.000Z
                                   =================================================
2026-03-18 23:42:13 - mkk_pika - database.py:101 - INFO - 保存成功：[小叶后宫汉化组][花巻かえる]妖精さんにお願い！？(にょたいか！パラダイズ 02)
2026-03-18 23:42:13 - mkk_pika - main.py:35 - INFO - 开始检查[渣渣汉化组][さわらの五庵]しゃぶってよ お義母さん(ANGEL倶楽部 2012年01月号)是否存在未下载章节
2026-03-18 23:42:13 - mkk_pika - main.py:45 - INFO - 正在下载:[[渣渣汉化组][さわらの五庵]しゃぶってよ お義母さん(ANGEL倶楽部 2012年01月号)]-[さわらの五庵]-[['人妻', '短篇']]-[total_pages:19]
2026-03-18 23:42:13 - mkk_pika - main.py:49 - INFO - [{'_id': '5821a31e5f6b9a4f93f00a7f', 'title': '第1集', 'order': 1, 'updated_at': '2016-11-08T10:04:14.627Z', 'id': '5821a31e5f6b9a4f93f00a7f'}]
2026-03-18 23:42:13 - mkk_pika - database.py:215 - INFO - 第一次下载该漫画，记录数据库中
2026-03-18 23:42:14 - mkk_pika - main.py:83 - INFO - 找到 19 张图片在:第1集
2026-03-18 23:42:14 - mkk_pika - main.py:112 - INFO - [episode:第1集       ] downloaded:    19, total:  19, progress:100%
2026-03-18 23:42:14 - mkk_pika - database.py:238 - INFO - 数据库更新已下载章节
2026-03-18 23:42:14 - mkk_pika - database.py:244 - INFO - 该漫画已下载章节如下
2026-03-18 23:42:14 - mkk_pika - database.py:245 - INFO - ['第1集']
2026-03-18 23:42:16 - mkk_pika - main.py:348 - INFO - ==================== 漫画信息 ====================
                                   漫画ID：5821a31e5f6b9a4f93f00a7d
                                   标题：[渣渣汉化组][さわらの五庵]しゃぶってよ お義母さん(ANGEL倶楽部 2012年01月号)
                                   作者：さわらの五庵
                                   是否完结：是
                                   总页数：19
                                   分类：人妻,短篇
                                   章节数：1
                                   最后更新时间：2012-12-04T02:47:04.000Z
                                   =================================================
2026-03-18 23:42:16 - mkk_pika - database.py:101 - INFO - 保存成功：[渣渣汉化组][さわらの五庵]しゃぶってよ お義母さん(ANGEL倶楽部 2012年01月号)
2026-03-18 23:42:16 - mkk_pika - main.py:35 - INFO - 开始检查 Tohka BEDEND 夜刀神十香 [Chinese] [脸肿汉化组]是否存在未下载章节
2026-03-18 23:42:16 - mkk_pika - main.py:45 - INFO - 正在下载:[ Tohka BEDEND 夜刀神十香 [Chinese] [脸肿汉化组]]-[不知]-[['純愛']]-[total_pages:23]
2026-03-18 23:42:16 - mkk_pika - main.py:49 - INFO - [{'_id': '5821a32d5f6b9a4f93f01971', 'title': '第1集', 'order': 1, 'updated_at': '2016-11-08T10:04:29.501Z', 'id': '5821a32d5f6b9a4f93f01971'}]
2026-03-18 23:42:16 - mkk_pika - database.py:215 - INFO - 第一次下载该漫画，记录数据库中
2026-03-18 23:42:17 - mkk_pika - main.py:83 - INFO - 找到 23 张图片在:第1集
2026-03-18 23:42:17 - mkk_pika - main.py:112 - INFO - [episode:第1集       ] downloaded:    23, total:  23, progress:100%
2026-03-18 23:42:17 - mkk_pika - database.py:238 - INFO - 数据库更新已下载章节
2026-03-18 23:42:17 - mkk_pika - database.py:244 - INFO - 该漫画已下载章节如下
2026-03-18 23:42:17 - mkk_pika - database.py:245 - INFO - ['第1集']
2026-03-18 23:42:19 - mkk_pika - main.py:348 - INFO - ==================== 漫画信息 ====================
                                   漫画ID：5821a32d5f6b9a4f93f0196f
                                   标题： Tohka BEDEND 夜刀神十香 [Chinese] [脸肿汉化组]
                                   作者：不知
                                   是否完结：是
                                   总页数：23
                                   分类：純愛
                                   章节数：1
                                   最后更新时间：2012-12-08T06:47:04.000Z
                                   =================================================
2026-03-18 23:42:19 - mkk_pika - database.py:101 - INFO - 保存成功： Tohka BEDEND 夜刀神十香 [Chinese] [脸肿汉化组]
2026-03-18 23:42:19 - mkk_pika - main.py:380 - INFO - 本次任务下载完毕
2026-03-18 23:42:19 - mkk_pika - database.py:173 - INFO - 数据库连接已关闭
