2026-01-07 23:30:17 - mkk_pika - main.py:193 - INFO - =======================================================================
2026-01-07 23:30:17 - mkk_pika - database.py:61 - INFO - 表和索引初始化成功
2026-01-07 23:30:17 - mkk_pika - main.py:197 - INFO - 已经累计下载778本漫画
2026-01-07 23:30:17 - mkk_pika - api.py:87 - INFO - 登录成功
2026-01-07 23:30:18 - mkk_pika - main.py:203 - INFO - 收藏夹共计1本漫画
2026-01-07 23:30:18 - mkk_pika - main.py:206 - INFO - 开始下载收藏夹内未下载内容
2026-01-07 23:30:18 - mkk_pika - main.py:35 - INFO - 开始检查[Artist] BBStaff（AI）是否存在未下载章节
2026-01-07 23:30:18 - mkk_pika - database.py:203 - INFO - 查询数据库中是否已存在伊蕾娜
2026-01-07 23:30:18 - mkk_pika - database.py:203 - INFO - 查询数据库中是否已存在金色暗影
2026-01-07 23:30:18 - mkk_pika - database.py:203 - INFO - 查询数据库中是否已存在惠惠
2026-01-07 23:30:18 - mkk_pika - database.py:203 - INFO - 查询数据库中是否已存在结城美柑
2026-01-07 23:30:18 - mkk_pika - database.py:203 - INFO - 查询数据库中是否已存在贝尔泽古·斯黛莉休·索德·爱丽丝
2026-01-07 23:30:18 - mkk_pika - database.py:203 - INFO - 查询数据库中是否已存在板柳有栖
2026-01-07 23:30:18 - mkk_pika - database.py:203 - INFO - 查询数据库中是否已存在尤菲莉亚·玛泽塔
2026-01-07 23:30:18 - mkk_pika - database.py:203 - INFO - 查询数据库中是否已存在椎名日和
2026-01-07 23:30:18 - mkk_pika - database.py:203 - INFO - 查询数据库中是否已存在高町奈叶
2026-01-07 23:30:18 - mkk_pika - database.py:203 - INFO - 查询数据库中是否已存在星野瑠美衣
2026-01-07 23:30:18 - mkk_pika - database.py:203 - INFO - 查询数据库中是否已存在小柳香穗
2026-01-07 23:30:18 - mkk_pika - database.py:203 - INFO - 查询数据库中是否已存在甘织玲奈子
2026-01-07 23:30:18 - mkk_pika - database.py:203 - INFO - 查询数据库中是否已存在伊地知虹夏
2026-01-07 23:30:18 - mkk_pika - database.py:203 - INFO - 查询数据库中是否已存在芙兰达·塞维伦
2026-01-07 23:30:18 - mkk_pika - database.py:203 - INFO - 查询数据库中是否已存在小美浪爱澄
2026-01-07 23:30:18 - mkk_pika - database.py:203 - INFO - 查询数据库中是否已存在有马加奈
2026-01-07 23:30:18 - mkk_pika - database.py:203 - INFO - 查询数据库中是否已存在白银圭
2026-01-07 23:30:18 - mkk_pika - database.py:203 - INFO - 查询数据库中是否已存在鹿目圆香
2026-01-07 23:30:18 - mkk_pika - database.py:203 - INFO - 查询数据库中是否已存在莉赛萝黛·库雷提雅
2026-01-07 23:30:18 - mkk_pika - database.py:203 - INFO - 查询数据库中是否已存在空银子
2026-01-07 23:30:18 - mkk_pika - database.py:203 - INFO - 查询数据库中是否已存在谷地仁花
2026-01-07 23:30:18 - mkk_pika - main.py:51 - INFO - [Artist] BBStaff（AI）中没有可下载章节
2026-01-07 23:30:19 - mkk_pika - main.py:224 - INFO - ==================== 漫画信息 ====================
                漫画ID：687a1b80ecd86823a404aa48
                标题：[Artist] BBStaff（AI）
                作者：BBStaff
                是否完结：否
                总页数：4149
                分类：全彩,同人,CG雜圖
                章节数：21
                最后更新时间：2026-01-05T15:24:08.585Z
                =================================================
2026-01-07 23:30:19 - mkk_pika - database.py:101 - INFO - 保存成功：[Artist] BBStaff（AI）
2026-01-07 23:30:19 - mkk_pika - util.py:164 - INFO - 目标时间（UTC）：2026-01-05 15:24:08.585000+00:00
2026-01-07 23:30:19 - mkk_pika - util.py:165 - INFO - 当前UTC时间：2026-01-07 23:30:19.116660+00:00
2026-01-07 23:30:19 - mkk_pika - util.py:167 - INFO - 相差：2 天 8 小时 6 分钟
2026-01-07 23:30:19 - mkk_pika - main.py:266 - INFO - 收藏夹内容下载完毕
2026-01-07 23:30:19 - mkk_pika - main.py:268 - INFO - 开始下载订阅内容
2026-01-07 23:30:19 - mkk_pika - database.py:258 - INFO - 根据ID查询到标题：萝莉 -> 発情ネコのお世話の仕方2 | 发情的猫猫悉心照料方法 2
2026-01-07 23:30:19 - mkk_pika - database.py:101 - INFO - 保存成功：ロリっ娘アンドロイド ママになる!?
2026-01-07 23:30:19 - mkk_pika - main.py:273 - INFO - 关键词萝莉找到2本漫画
2026-01-07 23:30:19 - mkk_pika - database.py:258 - INFO - 根据ID查询到标题：蘿莉 -> 宿敵の鬼ガキが寝取られた挙げ句ハメ撮りみせつけつつ足コキ搾精しながら別れを告げてきた
2026-01-07 23:30:20 - mkk_pika - database.py:101 - INFO - 保存成功：僕のことスキだよね? (COMIC LO 2026年2月号)
2026-01-07 23:30:20 - mkk_pika - main.py:273 - INFO - 关键词蘿莉找到6本漫画
2026-01-07 23:30:20 - mkk_pika - main.py:275 - INFO - 订阅内容共计8本漫画
2026-01-07 23:30:20 - mkk_pika - main.py:35 - INFO - 开始检查妹・姪っ子発情中♥[中国翻译]是否存在未下载章节
2026-01-07 23:30:21 - mkk_pika - main.py:45 - INFO - 正在下载:[妹・姪っ子発情中♥[中国翻译]]-[西川康]-[['長篇', '單行本', '妹妹系']]-[total_pages:-1]
2026-01-07 23:30:21 - mkk_pika - main.py:49 - INFO - [{'_id': '695e84444fe5f4427642a3e3', 'title': '熟肉', 'order': 1, 'updated_at': '2026-01-06T16:55:11.328Z', 'id': '695e84444fe5f4427642a3e3'}]
2026-01-07 23:30:21 - mkk_pika - database.py:215 - INFO - 第一次下载该漫画，记录数据库中
2026-01-07 23:30:23 - mkk_pika - main.py:83 - INFO - 找到 197 张图片在:熟肉
2026-01-07 23:30:30 - mkk_pika - main.py:112 - INFO - [episode:熟肉        ] downloaded:   197, total: 197, progress:100%
2026-01-07 23:30:30 - mkk_pika - database.py:238 - INFO - 数据库更新已下载章节
2026-01-07 23:30:30 - mkk_pika - database.py:244 - INFO - 该漫画已下载章节如下
2026-01-07 23:30:30 - mkk_pika - database.py:245 - INFO - ['熟肉']
2026-01-07 23:30:31 - mkk_pika - main.py:292 - INFO - ==================== 漫画信息 ====================
                                漫画ID：695e84444fe5f4427642a3e2
                                标题：妹・姪っ子発情中♥[中国翻译]
                                作者：西川康
                                是否完结：是
                                总页数：197
                                分类：長篇,單行本,妹妹系
                                章节数：1
                                最后更新时间：2026-01-07T16:05:24.461Z
                                =================================================
2026-01-07 23:30:31 - mkk_pika - database.py:101 - INFO - 保存成功：妹・姪っ子発情中♥[中国翻译]
2026-01-07 23:30:31 - mkk_pika - main.py:35 - INFO - 开始检查ロリっ娘アンドロイド ママになる!?是否存在未下载章节
2026-01-07 23:30:31 - mkk_pika - database.py:203 - INFO - 查询数据库中是否已存在第1話
2026-01-07 23:30:31 - mkk_pika - main.py:51 - INFO - ロリっ娘アンドロイド ママになる!?中没有可下载章节
2026-01-07 23:30:32 - mkk_pika - main.py:292 - INFO - ==================== 漫画信息 ====================
                                漫画ID：695a8b399f68a5779fbfcbe3
                                标题：ロリっ娘アンドロイド ママになる!?
                                作者：ちりめんなおゆき (なおゆき)
                                是否完结：是
                                总页数：29
                                分类：短篇
                                章节数：1
                                最后更新时间：2026-01-04T15:46:01.891Z
                                =================================================
2026-01-07 23:30:32 - mkk_pika - database.py:101 - INFO - 保存成功：ロリっ娘アンドロイド ママになる!?
2026-01-07 23:30:32 - mkk_pika - main.py:35 - INFO - 开始检查存在しない学マスうすい本の本番シーン直前の1ページbot (学園アイドルマスター)是否存在未下载章节
2026-01-07 23:30:32 - mkk_pika - main.py:45 - INFO - 正在下载:[存在しない学マスうすい本の本番シーン直前の1ページbot (学園アイドルマスター)]-[ココアホリック (ユイザキカズヤ)]-[['同人', '短篇']]-[total_pages:-1]
2026-01-07 23:30:32 - mkk_pika - main.py:49 - INFO - [{'_id': '695e86e645a4b07052724675', 'title': '第1話', 'order': 1, 'updated_at': '2026-01-07T10:57:47.775Z', 'id': '695e86e645a4b07052724675'}]
2026-01-07 23:30:32 - mkk_pika - database.py:215 - INFO - 第一次下载该漫画，记录数据库中
2026-01-07 23:30:33 - mkk_pika - main.py:83 - INFO - 找到 9 张图片在:第1話
2026-01-07 23:30:33 - mkk_pika - main.py:112 - INFO - [episode:第1話       ] downloaded:     9, total:   9, progress:100%
2026-01-07 23:30:33 - mkk_pika - database.py:238 - INFO - 数据库更新已下载章节
2026-01-07 23:30:33 - mkk_pika - database.py:244 - INFO - 该漫画已下载章节如下
2026-01-07 23:30:33 - mkk_pika - database.py:245 - INFO - ['第1話']
2026-01-07 23:30:34 - mkk_pika - main.py:292 - INFO - ==================== 漫画信息 ====================
                                漫画ID：695e86e645a4b07052724674
                                标题：存在しない学マスうすい本の本番シーン直前の1ページbot (学園アイドルマスター)
                                作者：ココアホリック (ユイザキカズヤ)
                                是否完结：是
                                总页数：9
                                分类：同人,短篇
                                章节数：1
                                最后更新时间：2026-01-07T16:16:38.643Z
                                =================================================
2026-01-07 23:30:34 - mkk_pika - database.py:101 - INFO - 保存成功：存在しない学マスうすい本の本番シーン直前の1ページbot (学園アイドルマスター)
2026-01-07 23:30:34 - mkk_pika - main.py:35 - INFO - 开始检查僕のことスキだよね? (COMIC LO 2026年2月号)是否存在未下载章节
2026-01-07 23:30:35 - mkk_pika - main.py:45 - INFO - 正在下载:[僕のことスキだよね? (COMIC LO 2026年2月号)]-[無道叡智]-[['短篇']]-[total_pages:-1]
2026-01-07 23:30:35 - mkk_pika - main.py:49 - INFO - [{'_id': '695e86df45a4b07052724650', 'title': '第1話', 'order': 1, 'updated_at': '2026-01-07T09:29:38.854Z', 'id': '695e86df45a4b07052724650'}]
2026-01-07 23:30:35 - mkk_pika - database.py:215 - INFO - 第一次下载该漫画，记录数据库中
2026-01-07 23:30:35 - mkk_pika - main.py:83 - INFO - 找到 32 张图片在:第1話
2026-01-07 23:30:36 - mkk_pika - main.py:112 - INFO - [episode:第1話       ] downloaded:    32, total:  32, progress:100%
2026-01-07 23:30:36 - mkk_pika - database.py:238 - INFO - 数据库更新已下载章节
2026-01-07 23:30:36 - mkk_pika - database.py:244 - INFO - 该漫画已下载章节如下
2026-01-07 23:30:36 - mkk_pika - database.py:245 - INFO - ['第1話']
2026-01-07 23:30:38 - mkk_pika - main.py:292 - INFO - ==================== 漫画信息 ====================
                                漫画ID：695e86df45a4b0705272464f
                                标题：僕のことスキだよね? (COMIC LO 2026年2月号)
                                作者：無道叡智
                                是否完结：是
                                总页数：32
                                分类：短篇
                                章节数：1
                                最后更新时间：2026-01-07T16:16:31.630Z
                                =================================================
2026-01-07 23:30:38 - mkk_pika - database.py:101 - INFO - 保存成功：僕のことスキだよね? (COMIC LO 2026年2月号)
2026-01-07 23:30:38 - mkk_pika - main.py:35 - INFO - 开始检查恋人ホシノとあまとろえっちする本 (ブルーアーカイブ)是否存在未下载章节
2026-01-07 23:30:38 - mkk_pika - main.py:45 - INFO - 正在下载:[恋人ホシノとあまとろえっちする本 (ブルーアーカイブ)]-[糖分過多 (やみめ□)]-[['同人', '短篇']]-[total_pages:-1]
2026-01-07 23:30:38 - mkk_pika - main.py:49 - INFO - [{'_id': '695e86d2aa121142665d9e78', 'title': '第1話', 'order': 1, 'updated_at': '2026-01-07T09:23:11.517Z', 'id': '695e86d2aa121142665d9e78'}]
2026-01-07 23:30:38 - mkk_pika - database.py:215 - INFO - 第一次下载该漫画，记录数据库中
2026-01-07 23:30:39 - mkk_pika - main.py:83 - INFO - 找到 27 张图片在:第1話
2026-01-07 23:30:39 - mkk_pika - main.py:112 - INFO - [episode:第1話       ] downloaded:    27, total:  27, progress:100%
2026-01-07 23:30:39 - mkk_pika - database.py:238 - INFO - 数据库更新已下载章节
2026-01-07 23:30:39 - mkk_pika - database.py:244 - INFO - 该漫画已下载章节如下
2026-01-07 23:30:39 - mkk_pika - database.py:245 - INFO - ['第1話']
2026-01-07 23:30:41 - mkk_pika - main.py:292 - INFO - ==================== 漫画信息 ====================
                                漫画ID：695e86d2aa121142665d9e77
                                标题：恋人ホシノとあまとろえっちする本 (ブルーアーカイブ)
                                作者：糖分過多 (やみめ□)
                                是否完结：是
                                总页数：27
                                分类：同人,短篇
                                章节数：1
                                最后更新时间：2026-01-07T16:16:18.145Z
                                =================================================
2026-01-07 23:30:41 - mkk_pika - database.py:101 - INFO - 保存成功：恋人ホシノとあまとろえっちする本 (ブルーアーカイブ)
2026-01-07 23:30:41 - mkk_pika - main.py:35 - INFO - 开始检查妹・姪っ子発情中♥[中国翻译]是否存在未下载章节
2026-01-07 23:30:41 - mkk_pika - database.py:203 - INFO - 查询数据库中是否已存在熟肉
2026-01-07 23:30:41 - mkk_pika - main.py:51 - INFO - 妹・姪っ子発情中♥[中国翻译]中没有可下载章节
2026-01-07 23:30:41 - mkk_pika - main.py:292 - INFO - ==================== 漫画信息 ====================
                                漫画ID：695e84444fe5f4427642a3e2
                                标题：妹・姪っ子発情中♥[中国翻译]
                                作者：西川康
                                是否完结：是
                                总页数：197
                                分类：長篇,單行本,妹妹系
                                章节数：1
                                最后更新时间：2026-01-07T16:05:24.461Z
                                =================================================
2026-01-07 23:30:41 - mkk_pika - database.py:101 - INFO - 保存成功：妹・姪っ子発情中♥[中国翻译]
2026-01-07 23:30:41 - mkk_pika - main.py:35 - INFO - 开始检查辱玩の媚び手 (灼眼のシャナ)是否存在未下载章节
2026-01-07 23:30:42 - mkk_pika - main.py:45 - INFO - 正在下载:[辱玩の媚び手 (灼眼のシャナ)]-[俎上の空欄 (有魚)]-[['同人', '短篇', '非人類']]-[total_pages:-1]
2026-01-07 23:30:42 - mkk_pika - main.py:49 - INFO - [{'_id': '695e82e4aa121142665d9b14', 'title': '第1話', 'order': 1, 'updated_at': '2026-01-06T13:47:04.449Z', 'id': '695e82e4aa121142665d9b14'}]
2026-01-07 23:30:42 - mkk_pika - database.py:215 - INFO - 第一次下载该漫画，记录数据库中
2026-01-07 23:30:42 - mkk_pika - main.py:83 - INFO - 找到 37 张图片在:第1話
2026-01-07 23:30:44 - mkk_pika - main.py:112 - INFO - [episode:第1話       ] downloaded:    37, total:  37, progress:100%
2026-01-07 23:30:44 - mkk_pika - database.py:238 - INFO - 数据库更新已下载章节
2026-01-07 23:30:44 - mkk_pika - database.py:244 - INFO - 该漫画已下载章节如下
2026-01-07 23:30:44 - mkk_pika - database.py:245 - INFO - ['第1話']
2026-01-07 23:30:45 - mkk_pika - main.py:292 - INFO - ==================== 漫画信息 ====================
                                漫画ID：695e82e4aa121142665d9b13
                                标题：辱玩の媚び手 (灼眼のシャナ)
                                作者：俎上の空欄 (有魚)
                                是否完结：是
                                总页数：37
                                分类：同人,短篇,非人類
                                章节数：1
                                最后更新时间：2026-01-07T15:59:32.967Z
                                =================================================
2026-01-07 23:30:45 - mkk_pika - database.py:101 - INFO - 保存成功：辱玩の媚び手 (灼眼のシャナ)
2026-01-07 23:30:45 - mkk_pika - main.py:35 - INFO - 开始检查ぺどテスト (COMIC LO 2025年12月号)是否存在未下载章节
2026-01-07 23:30:45 - mkk_pika - database.py:203 - INFO - 查询数据库中是否已存在第1話
2026-01-07 23:30:45 - mkk_pika - main.py:51 - INFO - ぺどテスト (COMIC LO 2025年12月号)中没有可下载章节
2026-01-07 23:30:45 - mkk_pika - main.py:292 - INFO - ==================== 漫画信息 ====================
                                漫画ID：695d277a2115ef56d73a333c
                                标题：ぺどテスト (COMIC LO 2025年12月号)
                                作者：氏家もく
                                是否完结：是
                                总页数：18
                                分类：短篇
                                章节数：1
                                最后更新时间：2026-01-06T15:17:14.827Z
                                =================================================
2026-01-07 23:30:45 - mkk_pika - database.py:101 - INFO - 保存成功：ぺどテスト (COMIC LO 2025年12月号)
2026-01-07 23:30:45 - mkk_pika - main.py:323 - INFO - 订阅内容内容下载完毕
2026-01-07 23:30:45 - mkk_pika - main.py:324 - INFO - 开始分批下载全部章节
2026-01-07 23:30:45 - mkk_pika - database.py:280 - INFO - 表和索引初始化成功
2026-01-07 23:30:46 - mkk_pika - main.py:177 - INFO - 已经下载了35页，一共6667页，现在开始添加第36页
2026-01-07 23:30:47 - mkk_pika - database.py:318 - INFO - 保存成功
2026-01-07 23:30:47 - mkk_pika - main.py:177 - INFO - 已经下载了36页，一共6667页，现在开始添加第37页
2026-01-07 23:30:48 - mkk_pika - database.py:318 - INFO - 保存成功
2026-01-07 23:30:48 - mkk_pika - main.py:331 - INFO - 分批下载共计38本漫画
2026-01-07 23:30:48 - mkk_pika - main.py:35 - INFO - 开始检查ヒルダさんの良い子の性教育是否存在未下载章节
2026-01-07 23:30:48 - mkk_pika - main.py:45 - INFO - 正在下载:[ヒルダさんの良い子の性教育]-[ぢただばのし]-[['同人', '短篇']]-[total_pages:16]
2026-01-07 23:30:48 - mkk_pika - main.py:49 - INFO - [{'_id': '58218a3b5f6b9a4f93df53ed', 'title': '第1集', 'order': 1, 'updated_at': '2016-11-08T08:18:03.644Z', 'id': '58218a3b5f6b9a4f93df53ed'}]
2026-01-07 23:30:48 - mkk_pika - database.py:215 - INFO - 第一次下载该漫画，记录数据库中
2026-01-07 23:30:49 - mkk_pika - main.py:83 - INFO - 找到 16 张图片在:第1集
2026-01-07 23:30:50 - mkk_pika - main.py:112 - INFO - [episode:第1集       ] downloaded:    16, total:  16, progress:100%
2026-01-07 23:30:50 - mkk_pika - database.py:238 - INFO - 数据库更新已下载章节
2026-01-07 23:30:50 - mkk_pika - database.py:244 - INFO - 该漫画已下载章节如下
2026-01-07 23:30:50 - mkk_pika - database.py:245 - INFO - ['第1集']
2026-01-07 23:30:51 - mkk_pika - main.py:348 - INFO - ==================== 漫画信息 ====================
                                   漫画ID：58218a3b5f6b9a4f93df53eb
                                   标题：ヒルダさんの良い子の性教育
                                   作者：ぢただばのし
                                   是否完结：是
                                   总页数：16
                                   分类：同人,短篇
                                   章节数：1
                                   最后更新时间：2007-08-27T16:47:27.000Z
                                   =================================================
2026-01-07 23:30:51 - mkk_pika - database.py:101 - INFO - 保存成功：ヒルダさんの良い子の性教育
2026-01-07 23:30:51 - mkk_pika - main.py:35 - INFO - 开始检查White knight是否存在未下载章节
2026-01-07 23:30:51 - mkk_pika - main.py:45 - INFO - 正在下载:[White knight]-[Runway(Louis&Visee)]-[['同人', '短篇']]-[total_pages:19]
2026-01-07 23:30:51 - mkk_pika - main.py:49 - INFO - [{'_id': '58218a3c5f6b9a4f93df5411', 'title': '第1集', 'order': 1, 'updated_at': '2016-11-08T08:18:04.343Z', 'id': '58218a3c5f6b9a4f93df5411'}]
2026-01-07 23:30:51 - mkk_pika - database.py:215 - INFO - 第一次下载该漫画，记录数据库中
2026-01-07 23:30:52 - mkk_pika - main.py:83 - INFO - 找到 19 张图片在:第1集
2026-01-07 23:30:52 - mkk_pika - main.py:112 - INFO - [episode:第1集       ] downloaded:    19, total:  19, progress:100%
2026-01-07 23:30:52 - mkk_pika - database.py:238 - INFO - 数据库更新已下载章节
2026-01-07 23:30:52 - mkk_pika - database.py:244 - INFO - 该漫画已下载章节如下
2026-01-07 23:30:52 - mkk_pika - database.py:245 - INFO - ['第1集']
2026-01-07 23:30:54 - mkk_pika - main.py:348 - INFO - ==================== 漫画信息 ====================
                                   漫画ID：58218a3b5f6b9a4f93df540f
                                   标题：White knight
                                   作者：Runway(Louis&Visee)
                                   是否完结：是
                                   总页数：19
                                   分类：同人,短篇
                                   章节数：1
                                   最后更新时间：2007-08-28T02:47:27.000Z
                                   =================================================
2026-01-07 23:30:54 - mkk_pika - database.py:101 - INFO - 保存成功：White knight
2026-01-07 23:30:54 - mkk_pika - main.py:35 - INFO - 开始检查study room是否存在未下载章节
2026-01-07 23:30:54 - mkk_pika - main.py:45 - INFO - 正在下载:[study room]-[99mg(九重)]-[['短篇']]-[total_pages:40]
2026-01-07 23:30:54 - mkk_pika - main.py:49 - INFO - [{'_id': '58218a3c5f6b9a4f93df543b', 'title': '第1集', 'order': 1, 'updated_at': '2016-11-08T08:18:04.784Z', 'id': '58218a3c5f6b9a4f93df543b'}]
2026-01-07 23:30:54 - mkk_pika - database.py:215 - INFO - 第一次下载该漫画，记录数据库中
2026-01-07 23:30:55 - mkk_pika - main.py:83 - INFO - 找到 40 张图片在:第1集
2026-01-07 23:30:56 - mkk_pika - main.py:112 - INFO - [episode:第1集       ] downloaded:    40, total:  40, progress:100%
2026-01-07 23:30:56 - mkk_pika - database.py:238 - INFO - 数据库更新已下载章节
2026-01-07 23:30:56 - mkk_pika - database.py:244 - INFO - 该漫画已下载章节如下
2026-01-07 23:30:56 - mkk_pika - database.py:245 - INFO - ['第1集']
2026-01-07 23:30:57 - mkk_pika - main.py:348 - INFO - ==================== 漫画信息 ====================
                                   漫画ID：58218a3c5f6b9a4f93df5439
                                   标题：study room
                                   作者：99mg(九重)
                                   是否完结：是
                                   总页数：40
                                   分类：短篇
                                   章节数：1
                                   最后更新时间：2007-08-28T12:47:27.000Z
                                   =================================================
2026-01-07 23:30:57 - mkk_pika - database.py:101 - INFO - 保存成功：study room
2026-01-07 23:30:57 - mkk_pika - main.py:35 - INFO - 开始检查BRULEE是否存在未下载章节
2026-01-07 23:30:57 - mkk_pika - main.py:45 - INFO - 正在下载:[BRULEE]-[SledgehammerOut!(よしじまあたる)]-[['同人', '短篇', '純愛']]-[total_pages:14]
2026-01-07 23:30:57 - mkk_pika - main.py:49 - INFO - [{'_id': '58218a3d5f6b9a4f93df548f', 'title': '第1集', 'order': 1, 'updated_at': '2016-11-08T08:18:05.563Z', 'id': '58218a3d5f6b9a4f93df548f'}]
2026-01-07 23:30:57 - mkk_pika - database.py:215 - INFO - 第一次下载该漫画，记录数据库中
2026-01-07 23:30:58 - mkk_pika - main.py:83 - INFO - 找到 14 张图片在:第1集
2026-01-07 23:30:58 - mkk_pika - main.py:112 - INFO - [episode:第1集       ] downloaded:    14, total:  14, progress:100%
2026-01-07 23:30:58 - mkk_pika - database.py:238 - INFO - 数据库更新已下载章节
2026-01-07 23:30:58 - mkk_pika - database.py:244 - INFO - 该漫画已下载章节如下
2026-01-07 23:30:58 - mkk_pika - database.py:245 - INFO - ['第1集']
2026-01-07 23:31:00 - mkk_pika - main.py:348 - INFO - ==================== 漫画信息 ====================
                                   漫画ID：58218a3d5f6b9a4f93df548d
                                   标题：BRULEE
                                   作者：SledgehammerOut!(よしじまあたる)
                                   是否完结：是
                                   总页数：14
                                   分类：同人,短篇,純愛
                                   章节数：1
                                   最后更新时间：2007-08-28T22:47:27.000Z
                                   =================================================
2026-01-07 23:31:00 - mkk_pika - database.py:101 - INFO - 保存成功：BRULEE
2026-01-07 23:31:00 - mkk_pika - main.py:35 - INFO - 开始检查S-Chun是否存在未下载章节
2026-01-07 23:31:00 - mkk_pika - main.py:45 - INFO - 正在下载:[S-Chun]-[爆乳フルネルソン(こくりう)]-[['同人', '短篇', '姐姐系', '足の恋']]-[total_pages:24]
2026-01-07 23:31:00 - mkk_pika - main.py:49 - INFO - [{'_id': '58218a3d5f6b9a4f93df54af', 'title': '第1集', 'order': 1, 'updated_at': '2016-11-08T08:18:05.902Z', 'id': '58218a3d5f6b9a4f93df54af'}]
2026-01-07 23:31:00 - mkk_pika - database.py:215 - INFO - 第一次下载该漫画，记录数据库中
2026-01-07 23:31:01 - mkk_pika - main.py:83 - INFO - 找到 24 张图片在:第1集
2026-01-07 23:31:01 - mkk_pika - main.py:112 - INFO - [episode:第1集       ] downloaded:    24, total:  24, progress:100%
2026-01-07 23:31:01 - mkk_pika - database.py:238 - INFO - 数据库更新已下载章节
2026-01-07 23:31:01 - mkk_pika - database.py:244 - INFO - 该漫画已下载章节如下
2026-01-07 23:31:01 - mkk_pika - database.py:245 - INFO - ['第1集']
2026-01-07 23:31:03 - mkk_pika - main.py:348 - INFO - ==================== 漫画信息 ====================
                                   漫画ID：58218a3d5f6b9a4f93df54ad
                                   标题：S-Chun
                                   作者：爆乳フルネルソン(こくりう)
                                   是否完结：是
                                   总页数：24
                                   分类：同人,短篇,姐姐系,足の恋
                                   章节数：1
                                   最后更新时间：2007-08-29T08:47:27.000Z
                                   =================================================
2026-01-07 23:31:03 - mkk_pika - database.py:101 - INFO - 保存成功：S-Chun
2026-01-07 23:31:03 - mkk_pika - main.py:35 - INFO - 开始检查D★C2是否存在未下载章节
2026-01-07 23:31:03 - mkk_pika - main.py:45 - INFO - 正在下载:[D★C2]-[UNDER CONTROL(zunta)]-[['同人', '短篇', '扶他樂園', '非人類', 'NTR']]-[total_pages:38]
2026-01-07 23:31:03 - mkk_pika - main.py:49 - INFO - [{'_id': '58218a3e5f6b9a4f93df54e3', 'title': '第1集', 'order': 1, 'updated_at': '2016-11-08T08:18:06.375Z', 'id': '58218a3e5f6b9a4f93df54e3'}]
2026-01-07 23:31:03 - mkk_pika - database.py:215 - INFO - 第一次下载该漫画，记录数据库中
2026-01-07 23:31:04 - mkk_pika - main.py:83 - INFO - 找到 38 张图片在:第1集
2026-01-07 23:31:05 - mkk_pika - main.py:112 - INFO - [episode:第1集       ] downloaded:    38, total:  38, progress:100%
2026-01-07 23:31:05 - mkk_pika - database.py:238 - INFO - 数据库更新已下载章节
2026-01-07 23:31:05 - mkk_pika - database.py:244 - INFO - 该漫画已下载章节如下
2026-01-07 23:31:05 - mkk_pika - database.py:245 - INFO - ['第1集']
2026-01-07 23:31:06 - mkk_pika - main.py:348 - INFO - ==================== 漫画信息 ====================
                                   漫画ID：58218a3e5f6b9a4f93df54e1
                                   标题：D★C2
                                   作者：UNDER CONTROL(zunta)
                                   是否完结：否
                                   总页数：38
                                   分类：同人,短篇,扶他樂園,非人類,NTR
                                   章节数：1
                                   最后更新时间：2007-08-29T18:47:27.000Z
                                   =================================================
2026-01-07 23:31:06 - mkk_pika - database.py:101 - INFO - 保存成功：D★C2
2026-01-07 23:31:06 - mkk_pika - main.py:35 - INFO - 开始检查るりるり～双子の事情～是否存在未下载章节
2026-01-07 23:31:06 - mkk_pika - main.py:45 - INFO - 正在下载:[るりるり～双子の事情～]-[唯登詩樹]-[['長篇', '姐姐系']]-[total_pages:214]
2026-01-07 23:31:06 - mkk_pika - main.py:49 - INFO - [{'_id': '58218a3e5f6b9a4f93df5533', 'title': '第1集', 'order': 1, 'updated_at': '2016-11-08T08:18:06.935Z', 'id': '58218a3e5f6b9a4f93df5533'}]
2026-01-07 23:31:06 - mkk_pika - database.py:215 - INFO - 第一次下载该漫画，记录数据库中
2026-01-07 23:31:09 - mkk_pika - main.py:83 - INFO - 找到 214 张图片在:第1集
2026-01-07 23:31:13 - mkk_pika - main.py:112 - INFO - [episode:第1集       ] downloaded:   214, total: 214, progress:100%
2026-01-07 23:31:13 - mkk_pika - database.py:238 - INFO - 数据库更新已下载章节
2026-01-07 23:31:13 - mkk_pika - database.py:244 - INFO - 该漫画已下载章节如下
2026-01-07 23:31:13 - mkk_pika - database.py:245 - INFO - ['第1集']
2026-01-07 23:31:15 - mkk_pika - main.py:348 - INFO - ==================== 漫画信息 ====================
                                   漫画ID：58218a3e5f6b9a4f93df5531
                                   标题：るりるり～双子の事情～
                                   作者：唯登詩樹
                                   是否完结：是
                                   总页数：214
                                   分类：長篇,姐姐系
                                   章节数：1
                                   最后更新时间：2007-08-30T04:47:27.000Z
                                   =================================================
2026-01-07 23:31:15 - mkk_pika - database.py:101 - INFO - 保存成功：るりるり～双子の事情～
2026-01-07 23:31:15 - mkk_pika - main.py:35 - INFO - 开始检查ママごと是否存在未下载章节
2026-01-07 23:31:15 - mkk_pika - main.py:45 - INFO - 正在下载:[ママごと]-[昇龍亭圓楽]-[['人妻', '長篇']]-[total_pages:175]
2026-01-07 23:31:15 - mkk_pika - main.py:49 - INFO - [{'_id': '58218a405f6b9a4f93df56e3', 'title': '第1集', 'order': 1, 'updated_at': '2016-11-08T08:18:08.518Z', 'id': '58218a405f6b9a4f93df56e3'}]
2026-01-07 23:31:15 - mkk_pika - database.py:215 - INFO - 第一次下载该漫画，记录数据库中
2026-01-07 23:31:17 - mkk_pika - main.py:83 - INFO - 找到 175 张图片在:第1集
2026-01-07 23:31:21 - mkk_pika - main.py:112 - INFO - [episode:第1集       ] downloaded:   175, total: 175, progress:100%
2026-01-07 23:31:21 - mkk_pika - database.py:238 - INFO - 数据库更新已下载章节
2026-01-07 23:31:21 - mkk_pika - database.py:244 - INFO - 该漫画已下载章节如下
2026-01-07 23:31:21 - mkk_pika - database.py:245 - INFO - ['第1集']
2026-01-07 23:31:22 - mkk_pika - main.py:348 - INFO - ==================== 漫画信息 ====================
                                   漫画ID：58218a405f6b9a4f93df56e1
                                   标题：ママごと
                                   作者：昇龍亭圓楽
                                   是否完结：是
                                   总页数：175
                                   分类：人妻,長篇
                                   章节数：1
                                   最后更新时间：2007-08-30T14:47:27.000Z
                                   =================================================
2026-01-07 23:31:22 - mkk_pika - database.py:101 - INFO - 保存成功：ママごと
2026-01-07 23:31:22 - mkk_pika - main.py:35 - INFO - 开始检查ミクスチャー (VOCALOID)是否存在未下载章节
2026-01-07 23:31:22 - mkk_pika - main.py:45 - INFO - 正在下载:[ミクスチャー (VOCALOID)]-[Medical Berry (ha-ru)]-[['同人', '短篇']]-[total_pages:18]
2026-01-07 23:31:22 - mkk_pika - main.py:49 - INFO - [{'_id': '6001bb6172e5533ddc1d78f1', 'title': '第1話', 'order': 1, 'updated_at': '2021-01-15T15:55:24.468Z', 'id': '6001bb6172e5533ddc1d78f1'}]
2026-01-07 23:31:22 - mkk_pika - database.py:215 - INFO - 第一次下载该漫画，记录数据库中
2026-01-07 23:31:23 - mkk_pika - main.py:83 - INFO - 找到 18 张图片在:第1話
2026-01-07 23:31:24 - mkk_pika - main.py:112 - INFO - [episode:第1話       ] downloaded:    18, total:  18, progress:100%
2026-01-07 23:31:24 - mkk_pika - database.py:238 - INFO - 数据库更新已下载章节
2026-01-07 23:31:24 - mkk_pika - database.py:244 - INFO - 该漫画已下载章节如下
2026-01-07 23:31:24 - mkk_pika - database.py:245 - INFO - ['第1話']
2026-01-07 23:31:25 - mkk_pika - main.py:348 - INFO - ==================== 漫画信息 ====================
                                   漫画ID：58218a455f6b9a4f93df5b9f
                                   标题：ミクスチャー (VOCALOID)
                                   作者：Medical Berry (ha-ru)
                                   是否完结：是
                                   总页数：18
                                   分类：同人,短篇
                                   章节数：1
                                   最后更新时间：2007-08-31T20:47:27.000Z
                                   =================================================
2026-01-07 23:31:25 - mkk_pika - database.py:101 - INFO - 保存成功：ミクスチャー (VOCALOID)
2026-01-07 23:31:25 - mkk_pika - main.py:35 - INFO - 开始检查今晚不來點MIKU嗎是否存在未下载章节
2026-01-07 23:31:25 - mkk_pika - main.py:45 - INFO - 正在下载:[今晚不來點MIKU嗎]-[463 Li]-[['同人', '短篇', 'NTR', '強暴']]-[total_pages:12]
2026-01-07 23:31:25 - mkk_pika - main.py:49 - INFO - [{'_id': '58218a465f6b9a4f93df5bc9', 'title': '第1集', 'order': 1, 'updated_at': '2016-11-08T08:18:14.094Z', 'id': '58218a465f6b9a4f93df5bc9'}]
2026-01-07 23:31:25 - mkk_pika - database.py:215 - INFO - 第一次下载该漫画，记录数据库中
2026-01-07 23:31:26 - mkk_pika - main.py:83 - INFO - 找到 12 张图片在:第1集
2026-01-07 23:31:26 - mkk_pika - main.py:112 - INFO - [episode:第1集       ] downloaded:    12, total:  12, progress:100%
2026-01-07 23:31:26 - mkk_pika - database.py:238 - INFO - 数据库更新已下载章节
2026-01-07 23:31:26 - mkk_pika - database.py:244 - INFO - 该漫画已下载章节如下
2026-01-07 23:31:26 - mkk_pika - database.py:245 - INFO - ['第1集']
2026-01-07 23:31:28 - mkk_pika - main.py:348 - INFO - ==================== 漫画信息 ====================
                                   漫画ID：58218a455f6b9a4f93df5bc7
                                   标题：今晚不來點MIKU嗎
                                   作者：463 Li
                                   是否完结：是
                                   总页数：12
                                   分类：同人,短篇,NTR,強暴
                                   章节数：1
                                   最后更新时间：2007-09-01T06:47:27.000Z
                                   =================================================
2026-01-07 23:31:28 - mkk_pika - database.py:101 - INFO - 保存成功：今晚不來點MIKU嗎
2026-01-07 23:31:28 - mkk_pika - main.py:35 - INFO - 开始检查ドーナツ「過」現象!？是否存在未下载章节
2026-01-07 23:31:28 - mkk_pika - main.py:45 - INFO - 正在下载:[ドーナツ「過」現象!？]-[P.P.P(心野ありか)]-[['同人', '短篇', '純愛']]-[total_pages:17]
2026-01-07 23:31:28 - mkk_pika - main.py:49 - INFO - [{'_id': '58218a475f6b9a4f93df5c7b', 'title': '第1集', 'order': 1, 'updated_at': '2016-11-08T08:18:15.915Z', 'id': '58218a475f6b9a4f93df5c7b'}]
2026-01-07 23:31:28 - mkk_pika - database.py:215 - INFO - 第一次下载该漫画，记录数据库中
2026-01-07 23:31:29 - mkk_pika - main.py:83 - INFO - 找到 17 张图片在:第1集
2026-01-07 23:31:29 - mkk_pika - main.py:112 - INFO - [episode:第1集       ] downloaded:    17, total:  17, progress:100%
2026-01-07 23:31:29 - mkk_pika - database.py:238 - INFO - 数据库更新已下载章节
2026-01-07 23:31:29 - mkk_pika - database.py:244 - INFO - 该漫画已下载章节如下
2026-01-07 23:31:29 - mkk_pika - database.py:245 - INFO - ['第1集']
2026-01-07 23:31:31 - mkk_pika - main.py:348 - INFO - ==================== 漫画信息 ====================
                                   漫画ID：58218a475f6b9a4f93df5c79
                                   标题：ドーナツ「過」現象!？
                                   作者：P.P.P(心野ありか)
                                   是否完结：否
                                   总页数：17
                                   分类：同人,短篇,純愛
                                   章节数：1
                                   最后更新时间：2007-09-02T12:47:27.000Z
                                   =================================================
2026-01-07 23:31:31 - mkk_pika - database.py:101 - INFO - 保存成功：ドーナツ「過」現象!？
2026-01-07 23:31:31 - mkk_pika - main.py:35 - INFO - 开始检查放課後みかん是否存在未下载章节
2026-01-07 23:31:31 - mkk_pika - main.py:45 - INFO - 正在下载:[放課後みかん]-[たくみなむち(たくみなむち)]-[['同人', '短篇']]-[total_pages:43]
2026-01-07 23:31:31 - mkk_pika - main.py:49 - INFO - [{'_id': '58218a485f6b9a4f93df5ca1', 'title': '第1集', 'order': 1, 'updated_at': '2016-11-08T08:18:16.249Z', 'id': '58218a485f6b9a4f93df5ca1'}]
2026-01-07 23:31:31 - mkk_pika - database.py:215 - INFO - 第一次下载该漫画，记录数据库中
2026-01-07 23:31:32 - mkk_pika - main.py:83 - INFO - 找到 43 张图片在:第1集
2026-01-07 23:31:33 - mkk_pika - main.py:112 - INFO - [episode:第1集       ] downloaded:    43, total:  43, progress:100%
2026-01-07 23:31:33 - mkk_pika - database.py:238 - INFO - 数据库更新已下载章节
2026-01-07 23:31:33 - mkk_pika - database.py:244 - INFO - 该漫画已下载章节如下
2026-01-07 23:31:33 - mkk_pika - database.py:245 - INFO - ['第1集']
2026-01-07 23:31:34 - mkk_pika - main.py:348 - INFO - ==================== 漫画信息 ====================
                                   漫画ID：58218a475f6b9a4f93df5c9f
                                   标题：放課後みかん
                                   作者：たくみなむち(たくみなむち)
                                   是否完结：是
                                   总页数：43
                                   分类：同人,短篇
                                   章节数：1
                                   最后更新时间：2007-09-02T22:47:27.000Z
                                   =================================================
2026-01-07 23:31:34 - mkk_pika - database.py:101 - INFO - 保存成功：放課後みかん
2026-01-07 23:31:34 - mkk_pika - main.py:35 - INFO - 开始检查(C83) [furuike (スミヤ)] ASUKA2.8 (新世紀エヴァンゲリオン)[中国翻訳]是否存在未下载章节
2026-01-07 23:31:34 - mkk_pika - main.py:45 - INFO - 正在下载:[(C83) [furuike (スミヤ)] ASUKA2.8 (新世紀エヴァンゲリオン)[中国翻訳]]-[furuike]-[['同人', '短篇', '純愛']]-[total_pages:21]
2026-01-07 23:31:34 - mkk_pika - main.py:49 - INFO - [{'_id': '58218a4b5f6b9a4f93df5e95', 'title': '第1集', 'order': 1, 'updated_at': '2016-11-08T08:18:19.214Z', 'id': '58218a4b5f6b9a4f93df5e95'}]
2026-01-07 23:31:34 - mkk_pika - database.py:215 - INFO - 第一次下载该漫画，记录数据库中
2026-01-07 23:31:35 - mkk_pika - main.py:83 - INFO - 找到 21 张图片在:第1集
2026-01-07 23:31:36 - mkk_pika - main.py:112 - INFO - [episode:第1集       ] downloaded:    21, total:  21, progress:100%
2026-01-07 23:31:36 - mkk_pika - database.py:238 - INFO - 数据库更新已下载章节
2026-01-07 23:31:36 - mkk_pika - database.py:244 - INFO - 该漫画已下载章节如下
2026-01-07 23:31:36 - mkk_pika - database.py:245 - INFO - ['第1集']
2026-01-07 23:31:37 - mkk_pika - main.py:348 - INFO - ==================== 漫画信息 ====================
                                   漫画ID：58218a4a5f6b9a4f93df5e93
                                   标题：(C83) [furuike (スミヤ)] ASUKA2.8 (新世紀エヴァンゲリオン)[中国翻訳]
                                   作者：furuike
                                   是否完结：是
                                   总页数：21
                                   分类：同人,短篇,純愛
                                   章节数：1
                                   最后更新时间：2007-09-04T04:47:27.000Z
                                   =================================================
2026-01-07 23:31:37 - mkk_pika - database.py:101 - INFO - 保存成功：(C83) [furuike (スミヤ)] ASUKA2.8 (新世紀エヴァンゲリオン)[中国翻訳]
2026-01-07 23:31:37 - mkk_pika - main.py:35 - INFO - 开始检查[shimikondoru (Miso Cha)] Yoyuu no Nai Kimi ga Mite Mitai (Kantai Collection -KanColle-)[二航战汉化组]是否存在未下载章节
2026-01-07 23:31:38 - mkk_pika - main.py:45 - INFO - 正在下载:[[shimikondoru (Miso Cha)] Yoyuu no Nai Kimi ga Mite Mitai (Kantai Collection -KanColle-)[二航战汉化组]]-[shimikondoru]-[['同人', '短篇', '艦隊收藏', '百合花園', '非人類', '姐姐系', '純愛']]-[total_pages:50]
2026-01-07 23:31:38 - mkk_pika - main.py:49 - INFO - [{'_id': '58218a4b5f6b9a4f93df5ec3', 'title': '第1集', 'order': 1, 'updated_at': '2016-11-08T08:18:19.918Z', 'id': '58218a4b5f6b9a4f93df5ec3'}]
2026-01-07 23:31:38 - mkk_pika - database.py:215 - INFO - 第一次下载该漫画，记录数据库中
2026-01-07 23:31:39 - mkk_pika - main.py:83 - INFO - 找到 50 张图片在:第1集
2026-01-07 23:31:40 - mkk_pika - main.py:112 - INFO - [episode:第1集       ] downloaded:    50, total:  50, progress:100%
2026-01-07 23:31:40 - mkk_pika - database.py:238 - INFO - 数据库更新已下载章节
2026-01-07 23:31:40 - mkk_pika - database.py:244 - INFO - 该漫画已下载章节如下
2026-01-07 23:31:40 - mkk_pika - database.py:245 - INFO - ['第1集']
2026-01-07 23:31:41 - mkk_pika - main.py:348 - INFO - ==================== 漫画信息 ====================
                                   漫画ID：58218a4b5f6b9a4f93df5ec1
                                   标题：[shimikondoru (Miso Cha)] Yoyuu no Nai Kimi ga Mite Mitai (Kantai Collection -KanColle-)[二航战汉化组]
                                   作者：shimikondoru
                                   是否完结：是
                                   总页数：50
                                   分类：同人,短篇,艦隊收藏,百合花園,非人類,姐姐系,純愛
                                   章节数：1
                                   最后更新时间：2007-09-04T14:47:27.000Z
                                   =================================================
2026-01-07 23:31:41 - mkk_pika - database.py:101 - INFO - 保存成功：[shimikondoru (Miso Cha)] Yoyuu no Nai Kimi ga Mite Mitai (Kantai Collection -KanColle-)[二航战汉化组]
2026-01-07 23:31:41 - mkk_pika - main.py:35 - INFO - 开始检查(CT25) [Kashiwa-ya] KanColle -SEX FLEET COLLECTION- Kan-musu Catalog (Kantai Collection)[CE家族社]是否存在未下载章节
2026-01-07 23:31:41 - mkk_pika - main.py:45 - INFO - 正在下载:[(CT25) [Kashiwa-ya] KanColle -SEX FLEET COLLECTION- Kan-musu Catalog (Kantai Collection)[CE家族社]]-[Kashiwa-ya]-[['同人', '艦隊收藏', '後宮閃光', '非人類', '強暴', '姐姐系', '妹妹系', '純愛']]-[total_pages:86]
2026-01-07 23:31:41 - mkk_pika - main.py:49 - INFO - [{'_id': '58218a4e5f6b9a4f93df60b1', 'title': '第1集', 'order': 1, 'updated_at': '2016-11-08T08:18:22.075Z', 'id': '58218a4e5f6b9a4f93df60b1'}]
2026-01-07 23:31:41 - mkk_pika - database.py:215 - INFO - 第一次下载该漫画，记录数据库中
2026-01-07 23:31:43 - mkk_pika - main.py:83 - INFO - 找到 86 张图片在:第1集
2026-01-07 23:31:45 - mkk_pika - main.py:112 - INFO - [episode:第1集       ] downloaded:    86, total:  86, progress:100%
2026-01-07 23:31:45 - mkk_pika - database.py:238 - INFO - 数据库更新已下载章节
2026-01-07 23:31:45 - mkk_pika - database.py:244 - INFO - 该漫画已下载章节如下
2026-01-07 23:31:45 - mkk_pika - database.py:245 - INFO - ['第1集']
2026-01-07 23:31:46 - mkk_pika - main.py:348 - INFO - ==================== 漫画信息 ====================
                                   漫画ID：58218a4d5f6b9a4f93df60af
                                   标题：(CT25) [Kashiwa-ya] KanColle -SEX FLEET COLLECTION- Kan-musu Catalog (Kantai Collection)[CE家族社]
                                   作者：Kashiwa-ya
                                   是否完结：是
                                   总页数：86
                                   分类：同人,艦隊收藏,後宮閃光,非人類,強暴,姐姐系,妹妹系,純愛
                                   章节数：1
                                   最后更新时间：2007-09-05T10:47:27.000Z
                                   =================================================
2026-01-07 23:31:46 - mkk_pika - database.py:101 - INFO - 保存成功：(CT25) [Kashiwa-ya] KanColle -SEX FLEET COLLECTION- Kan-musu Catalog (Kantai Collection)[CE家族社]
2026-01-07 23:31:46 - mkk_pika - main.py:35 - INFO - 开始检查八宝備仁短篇+畫集是否存在未下载章节
2026-01-07 23:31:46 - mkk_pika - main.py:45 - INFO - 正在下载:[八宝備仁短篇+畫集]-[八宝備仁]-[['短篇', '全彩', '純愛']]-[total_pages:176]
2026-01-07 23:31:46 - mkk_pika - main.py:49 - INFO - [{'_id': '58218a545f6b9a4f93df64e7', 'title': '第1集', 'order': 1, 'updated_at': '2016-11-08T08:18:28.061Z', 'id': '58218a545f6b9a4f93df64e7'}, {'_id': '58218a545f6b9a4f93df64f5', 'title': '第2集', 'order': 2, 'updated_at': '2016-11-08T08:18:28.369Z', 'id': '58218a545f6b9a4f93df64f5'}, {'_id': '58218a545f6b9a4f93df64ff', 'title': '第3集', 'order': 3, 'updated_at': '2016-11-08T08:18:28.913Z', 'id': '58218a545f6b9a4f93df64ff'}, {'_id': '58218a555f6b9a4f93df6509', 'title': '第4集', 'order': 4, 'updated_at': '2016-11-08T08:18:29.211Z', 'id': '58218a555f6b9a4f93df6509'}, {'_id': '58218a555f6b9a4f93df6515', 'title': '第5集', 'order': 5, 'updated_at': '2016-11-08T08:18:29.536Z', 'id': '58218a555f6b9a4f93df6515'}, {'_id': '58218a565f6b9a4f93df6521', 'title': '第6集', 'order': 6, 'updated_at': '2016-11-08T08:18:30.093Z', 'id': '58218a565f6b9a4f93df6521'}, {'_id': '58218a565f6b9a4f93df652b', 'title': '第7集', 'order': 7, 'updated_at': '2016-11-08T08:18:30.372Z', 'id': '58218a565f6b9a4f93df652b'}, {'_id': '58218a565f6b9a4f93df6535', 'title': '第8集', 'order': 8, 'updated_at': '2016-11-08T08:18:30.666Z', 'id': '58218a565f6b9a4f93df6535'}]
2026-01-07 23:31:46 - mkk_pika - database.py:215 - INFO - 第一次下载该漫画，记录数据库中
2026-01-07 23:31:47 - mkk_pika - main.py:83 - INFO - 找到 6 张图片在:第1集
2026-01-07 23:31:47 - mkk_pika - main.py:112 - INFO - [episode:第1集       ] downloaded:     6, total:   6, progress:100%
2026-01-07 23:31:47 - mkk_pika - database.py:238 - INFO - 数据库更新已下载章节
2026-01-07 23:31:47 - mkk_pika - database.py:244 - INFO - 该漫画已下载章节如下
2026-01-07 23:31:47 - mkk_pika - database.py:245 - INFO - ['第1集']
2026-01-07 23:31:49 - mkk_pika - main.py:83 - INFO - 找到 4 张图片在:第2集
2026-01-07 23:31:49 - mkk_pika - main.py:112 - INFO - [episode:第2集       ] downloaded:     4, total:   4, progress:100%
2026-01-07 23:31:49 - mkk_pika - database.py:238 - INFO - 数据库更新已下载章节
2026-01-07 23:31:49 - mkk_pika - database.py:244 - INFO - 该漫画已下载章节如下
2026-01-07 23:31:49 - mkk_pika - database.py:245 - INFO - ['第1集', '第2集']
2026-01-07 23:31:51 - mkk_pika - main.py:83 - INFO - 找到 4 张图片在:第3集
2026-01-07 23:31:51 - mkk_pika - main.py:112 - INFO - [episode:第3集       ] downloaded:     4, total:   4, progress:100%
2026-01-07 23:31:51 - mkk_pika - database.py:238 - INFO - 数据库更新已下载章节
2026-01-07 23:31:51 - mkk_pika - database.py:244 - INFO - 该漫画已下载章节如下
2026-01-07 23:31:51 - mkk_pika - database.py:245 - INFO - ['第1集', '第2集', '第3集']
2026-01-07 23:31:53 - mkk_pika - main.py:83 - INFO - 找到 5 张图片在:第4集
2026-01-07 23:31:53 - mkk_pika - main.py:112 - INFO - [episode:第4集       ] downloaded:     5, total:   5, progress:100%
2026-01-07 23:31:53 - mkk_pika - database.py:238 - INFO - 数据库更新已下载章节
2026-01-07 23:31:53 - mkk_pika - database.py:244 - INFO - 该漫画已下载章节如下
2026-01-07 23:31:53 - mkk_pika - database.py:245 - INFO - ['第1集', '第2集', '第3集', '第4集']
2026-01-07 23:31:54 - mkk_pika - main.py:83 - INFO - 找到 5 张图片在:第5集
2026-01-07 23:31:55 - mkk_pika - main.py:112 - INFO - [episode:第5集       ] downloaded:     5, total:   5, progress:100%
2026-01-07 23:31:55 - mkk_pika - database.py:238 - INFO - 数据库更新已下载章节
2026-01-07 23:31:55 - mkk_pika - database.py:244 - INFO - 该漫画已下载章节如下
2026-01-07 23:31:55 - mkk_pika - database.py:245 - INFO - ['第1集', '第2集', '第3集', '第4集', '第5集']
2026-01-07 23:31:56 - mkk_pika - main.py:83 - INFO - 找到 4 张图片在:第6集
2026-01-07 23:31:56 - mkk_pika - main.py:112 - INFO - [episode:第6集       ] downloaded:     4, total:   4, progress:100%
2026-01-07 23:31:56 - mkk_pika - database.py:238 - INFO - 数据库更新已下载章节
2026-01-07 23:31:56 - mkk_pika - database.py:244 - INFO - 该漫画已下载章节如下
2026-01-07 23:31:56 - mkk_pika - database.py:245 - INFO - ['第1集', '第2集', '第3集', '第4集', '第5集', '第6集']
2026-01-07 23:31:58 - mkk_pika - main.py:83 - INFO - 找到 4 张图片在:第7集
2026-01-07 23:31:58 - mkk_pika - main.py:112 - INFO - [episode:第7集       ] downloaded:     4, total:   4, progress:100%
2026-01-07 23:31:58 - mkk_pika - database.py:238 - INFO - 数据库更新已下载章节
2026-01-07 23:31:58 - mkk_pika - database.py:244 - INFO - 该漫画已下载章节如下
2026-01-07 23:31:58 - mkk_pika - database.py:245 - INFO - ['第1集', '第2集', '第3集', '第4集', '第5集', '第6集', '第7集']
2026-01-07 23:32:01 - mkk_pika - main.py:83 - INFO - 找到 144 张图片在:第8集
2026-01-07 23:32:04 - mkk_pika - main.py:112 - INFO - [episode:第8集       ] downloaded:   144, total: 144, progress:100%
2026-01-07 23:32:04 - mkk_pika - database.py:238 - INFO - 数据库更新已下载章节
2026-01-07 23:32:04 - mkk_pika - database.py:244 - INFO - 该漫画已下载章节如下
2026-01-07 23:32:04 - mkk_pika - database.py:245 - INFO - ['第1集', '第2集', '第3集', '第4集', '第5集', '第6集', '第7集', '第8集']
2026-01-07 23:32:05 - mkk_pika - main.py:348 - INFO - ==================== 漫画信息 ====================
                                   漫画ID：58218a535f6b9a4f93df64e5
                                   标题：八宝備仁短篇+畫集
                                   作者：八宝備仁
                                   是否完结：是
                                   总页数：176
                                   分类：短篇,全彩,純愛
                                   章节数：8
                                   最后更新时间：2007-09-08T08:47:27.000Z
                                   =================================================
2026-01-07 23:32:05 - mkk_pika - database.py:101 - INFO - 保存成功：八宝備仁短篇+畫集
2026-01-07 23:32:05 - mkk_pika - main.py:35 - INFO - 开始检查放課後の三月ウサギたち是否存在未下载章节
2026-01-07 23:32:05 - mkk_pika - main.py:45 - INFO - 正在下载:[放課後の三月ウサギたち]-[なるさわ景]-[['同人', '長篇', '後宮閃光', '純愛']]-[total_pages:214]
2026-01-07 23:32:05 - mkk_pika - main.py:49 - INFO - [{'_id': '58218a585f6b9a4f93df6659', 'title': '第1集', 'order': 1, 'updated_at': '2016-11-08T08:18:32.085Z', 'id': '58218a585f6b9a4f93df6659'}]
2026-01-07 23:32:05 - mkk_pika - database.py:215 - INFO - 第一次下载该漫画，记录数据库中
2026-01-07 23:32:08 - mkk_pika - main.py:83 - INFO - 找到 214 张图片在:第1集
2026-01-07 23:32:12 - mkk_pika - main.py:112 - INFO - [episode:第1集       ] downloaded:   214, total: 214, progress:100%
2026-01-07 23:32:12 - mkk_pika - database.py:238 - INFO - 数据库更新已下载章节
2026-01-07 23:32:12 - mkk_pika - database.py:244 - INFO - 该漫画已下载章节如下
2026-01-07 23:32:12 - mkk_pika - database.py:245 - INFO - ['第1集']
2026-01-07 23:32:14 - mkk_pika - main.py:348 - INFO - ==================== 漫画信息 ====================
                                   漫画ID：58218a575f6b9a4f93df6657
                                   标题：放課後の三月ウサギたち
                                   作者：なるさわ景
                                   是否完结：是
                                   总页数：214
                                   分类：同人,長篇,後宮閃光,純愛
                                   章节数：1
                                   最后更新时间：2007-09-08T18:47:27.000Z
                                   =================================================
2026-01-07 23:32:14 - mkk_pika - database.py:101 - INFO - 保存成功：放課後の三月ウサギたち
2026-01-07 23:32:14 - mkk_pika - main.py:35 - INFO - 开始检查孫娘ハメ爺とママ輪姦し是否存在未下载章节
2026-01-07 23:32:14 - mkk_pika - main.py:45 - INFO - 正在下载:[孫娘ハメ爺とママ輪姦し]-[蛙子丁字]-[['同人', '人妻', '長篇', '強暴', '純愛']]-[total_pages:202]
2026-01-07 23:32:14 - mkk_pika - main.py:49 - INFO - [{'_id': '58218a5a5f6b9a4f93df68d1', 'title': '第1集', 'order': 1, 'updated_at': '2016-11-08T08:18:34.830Z', 'id': '58218a5a5f6b9a4f93df68d1'}]
2026-01-07 23:32:14 - mkk_pika - database.py:215 - INFO - 第一次下载该漫画，记录数据库中
2026-01-07 23:32:16 - mkk_pika - main.py:83 - INFO - 找到 202 张图片在:第1集
2026-01-07 23:32:20 - mkk_pika - main.py:112 - INFO - [episode:第1集       ] downloaded:   202, total: 202, progress:100%
2026-01-07 23:32:20 - mkk_pika - database.py:238 - INFO - 数据库更新已下载章节
2026-01-07 23:32:20 - mkk_pika - database.py:244 - INFO - 该漫画已下载章节如下
2026-01-07 23:32:20 - mkk_pika - database.py:245 - INFO - ['第1集']
2026-01-07 23:32:22 - mkk_pika - main.py:348 - INFO - ==================== 漫画信息 ====================
                                   漫画ID：58218a5a5f6b9a4f93df68cf
                                   标题：孫娘ハメ爺とママ輪姦し
                                   作者：蛙子丁字
                                   是否完结：是
                                   总页数：202
                                   分类：同人,人妻,長篇,強暴,純愛
                                   章节数：1
                                   最后更新时间：2007-09-09T14:47:27.000Z
                                   =================================================
2026-01-07 23:32:22 - mkk_pika - database.py:101 - INFO - 保存成功：孫娘ハメ爺とママ輪姦し
2026-01-07 23:32:22 - mkk_pika - main.py:35 - INFO - 开始检查はげませっ！エッチアガール是否存在未下载章节
2026-01-07 23:32:22 - mkk_pika - main.py:45 - INFO - 正在下载:[はげませっ！エッチアガール]-[なるさわ景]-[['同人', '長篇', '後宮閃光', '純愛']]-[total_pages:193]
2026-01-07 23:32:22 - mkk_pika - main.py:49 - INFO - [{'_id': '58218a5c5f6b9a4f93df6a69', 'title': '第1集', 'order': 1, 'updated_at': '2016-11-08T08:18:36.237Z', 'id': '58218a5c5f6b9a4f93df6a69'}]
2026-01-07 23:32:22 - mkk_pika - database.py:215 - INFO - 第一次下载该漫画，记录数据库中
2026-01-07 23:32:24 - mkk_pika - main.py:83 - INFO - 找到 193 张图片在:第1集
2026-01-07 23:32:30 - mkk_pika - main.py:112 - INFO - [episode:第1集       ] downloaded:   193, total: 193, progress:100%
2026-01-07 23:32:30 - mkk_pika - database.py:238 - INFO - 数据库更新已下载章节
2026-01-07 23:32:30 - mkk_pika - database.py:244 - INFO - 该漫画已下载章节如下
2026-01-07 23:32:30 - mkk_pika - database.py:245 - INFO - ['第1集']
2026-01-07 23:32:31 - mkk_pika - main.py:348 - INFO - ==================== 漫画信息 ====================
                                   漫画ID：58218a5b5f6b9a4f93df6a67
                                   标题：はげませっ！エッチアガール
                                   作者：なるさわ景
                                   是否完结：是
                                   总页数：193
                                   分类：同人,長篇,後宮閃光,純愛
                                   章节数：1
                                   最后更新时间：2007-09-10T00:47:27.000Z
                                   =================================================
2026-01-07 23:32:31 - mkk_pika - database.py:101 - INFO - 保存成功：はげませっ！エッチアガール
2026-01-07 23:32:31 - mkk_pika - main.py:35 - INFO - 开始检查産卵 アンソロジーコミックス 是否存在未下载章节
2026-01-07 23:32:32 - mkk_pika - main.py:45 - INFO - 正在下载:[産卵 アンソロジーコミックス ]-[アンソロジー]-[['同人', 'SM', '長篇', '非人類', '強暴']]-[total_pages:141]
2026-01-07 23:32:32 - mkk_pika - main.py:49 - INFO - [{'_id': '58218a5d5f6b9a4f93df6bef', 'title': '第1集', 'order': 1, 'updated_at': '2016-11-08T08:18:37.247Z', 'id': '58218a5d5f6b9a4f93df6bef'}, {'_id': '58218a5e5f6b9a4f93df6c6f', 'title': '第2集', 'order': 2, 'updated_at': '2016-11-08T08:18:38.098Z', 'id': '58218a5e5f6b9a4f93df6c6f'}]
2026-01-07 23:32:32 - mkk_pika - database.py:215 - INFO - 第一次下载该漫画，记录数据库中
2026-01-07 23:32:32 - mkk_pika - main.py:83 - INFO - 找到 63 张图片在:第1集
2026-01-07 23:32:34 - mkk_pika - main.py:112 - INFO - [episode:第1集       ] downloaded:    63, total:  63, progress:100%
2026-01-07 23:32:34 - mkk_pika - database.py:238 - INFO - 数据库更新已下载章节
2026-01-07 23:32:34 - mkk_pika - database.py:244 - INFO - 该漫画已下载章节如下
2026-01-07 23:32:34 - mkk_pika - database.py:245 - INFO - ['第1集']
2026-01-07 23:32:36 - mkk_pika - main.py:83 - INFO - 找到 78 张图片在:第2集
2026-01-07 23:32:38 - mkk_pika - main.py:112 - INFO - [episode:第2集       ] downloaded:    78, total:  78, progress:100%
2026-01-07 23:32:38 - mkk_pika - database.py:238 - INFO - 数据库更新已下载章节
2026-01-07 23:32:38 - mkk_pika - database.py:244 - INFO - 该漫画已下载章节如下
2026-01-07 23:32:38 - mkk_pika - database.py:245 - INFO - ['第1集', '第2集']
2026-01-07 23:32:39 - mkk_pika - main.py:348 - INFO - ==================== 漫画信息 ====================
                                   漫画ID：58218a5c5f6b9a4f93df6bed
                                   标题：産卵 アンソロジーコミックス 
                                   作者：アンソロジー
                                   是否完结：是
                                   总页数：141
                                   分类：同人,SM,長篇,非人類,強暴
                                   章节数：2
                                   最后更新时间：2007-09-10T10:47:27.000Z
                                   =================================================
2026-01-07 23:32:39 - mkk_pika - database.py:101 - INFO - 保存成功：産卵 アンソロジーコミックス 
2026-01-07 23:32:39 - mkk_pika - main.py:35 - INFO - 开始检查PURE GIRL是否存在未下载章节
2026-01-07 23:32:39 - mkk_pika - main.py:45 - INFO - 正在下载:[PURE GIRL]-[牧野坂シンイチ]-[['同人', '長篇', '純愛']]-[total_pages:213]
2026-01-07 23:32:39 - mkk_pika - main.py:49 - INFO - [{'_id': '58218a5f5f6b9a4f93df6d0f', 'title': '第1集', 'order': 1, 'updated_at': '2016-11-08T08:18:39.053Z', 'id': '58218a5f5f6b9a4f93df6d0f'}]
2026-01-07 23:32:39 - mkk_pika - database.py:215 - INFO - 第一次下载该漫画，记录数据库中
2026-01-07 23:32:42 - mkk_pika - main.py:83 - INFO - 找到 213 张图片在:第1集
2026-01-07 23:32:46 - mkk_pika - main.py:112 - INFO - [episode:第1集       ] downloaded:   213, total: 213, progress:100%
2026-01-07 23:32:46 - mkk_pika - database.py:238 - INFO - 数据库更新已下载章节
2026-01-07 23:32:46 - mkk_pika - database.py:244 - INFO - 该漫画已下载章节如下
2026-01-07 23:32:46 - mkk_pika - database.py:245 - INFO - ['第1集']
2026-01-07 23:32:47 - mkk_pika - main.py:348 - INFO - ==================== 漫画信息 ====================
                                   漫画ID：58218a5e5f6b9a4f93df6d0d
                                   标题：PURE GIRL
                                   作者：牧野坂シンイチ
                                   是否完结：是
                                   总页数：213
                                   分类：同人,長篇,純愛
                                   章节数：1
                                   最后更新时间：2007-09-10T20:47:27.000Z
                                   =================================================
2026-01-07 23:32:47 - mkk_pika - database.py:101 - INFO - 保存成功：PURE GIRL
2026-01-07 23:32:47 - mkk_pika - main.py:35 - INFO - 开始检查flower是否存在未下载章节
2026-01-07 23:32:48 - mkk_pika - main.py:45 - INFO - 正在下载:[flower]-[天太郎]-[['同人', '長篇', '純愛']]-[total_pages:199]
2026-01-07 23:32:48 - mkk_pika - main.py:49 - INFO - [{'_id': '58218a605f6b9a4f93df6ebd', 'title': '第1集', 'order': 1, 'updated_at': '2016-11-08T08:18:40.396Z', 'id': '58218a605f6b9a4f93df6ebd'}]
2026-01-07 23:32:48 - mkk_pika - database.py:215 - INFO - 第一次下载该漫画，记录数据库中
2026-01-07 23:32:50 - mkk_pika - main.py:83 - INFO - 找到 199 张图片在:第1集
2026-01-07 23:32:54 - mkk_pika - main.py:112 - INFO - [episode:第1集       ] downloaded:   199, total: 199, progress:100%
2026-01-07 23:32:54 - mkk_pika - database.py:238 - INFO - 数据库更新已下载章节
2026-01-07 23:32:54 - mkk_pika - database.py:244 - INFO - 该漫画已下载章节如下
2026-01-07 23:32:54 - mkk_pika - database.py:245 - INFO - ['第1集']
2026-01-07 23:32:55 - mkk_pika - main.py:348 - INFO - ==================== 漫画信息 ====================
                                   漫画ID：58218a605f6b9a4f93df6ebb
                                   标题：flower
                                   作者：天太郎
                                   是否完结：是
                                   总页数：199
                                   分类：同人,長篇,純愛
                                   章节数：1
                                   最后更新时间：2007-09-11T06:47:27.000Z
                                   =================================================
2026-01-07 23:32:55 - mkk_pika - database.py:101 - INFO - 保存成功：flower
2026-01-07 23:32:55 - mkk_pika - main.py:35 - INFO - 开始检查オルガムスメ是否存在未下载章节
2026-01-07 23:32:55 - mkk_pika - main.py:45 - INFO - 正在下载:[オルガムスメ]-[シュガーミルク]-[['同人', '人妻', '長篇', '後宮閃光', '純愛']]-[total_pages:212]
2026-01-07 23:32:55 - mkk_pika - main.py:49 - INFO - [{'_id': '58218a615f6b9a4f93df704f', 'title': '第1集', 'order': 1, 'updated_at': '2016-11-08T08:18:41.788Z', 'id': '58218a615f6b9a4f93df704f'}]
2026-01-07 23:32:55 - mkk_pika - database.py:215 - INFO - 第一次下载该漫画，记录数据库中
2026-01-07 23:32:58 - mkk_pika - main.py:83 - INFO - 找到 212 张图片在:第1集
2026-01-07 23:33:02 - mkk_pika - main.py:112 - INFO - [episode:第1集       ] downloaded:   212, total: 212, progress:100%
2026-01-07 23:33:02 - mkk_pika - database.py:238 - INFO - 数据库更新已下载章节
2026-01-07 23:33:02 - mkk_pika - database.py:244 - INFO - 该漫画已下载章节如下
2026-01-07 23:33:02 - mkk_pika - database.py:245 - INFO - ['第1集']
2026-01-07 23:33:03 - mkk_pika - main.py:348 - INFO - ==================== 漫画信息 ====================
                                   漫画ID：58218a615f6b9a4f93df704d
                                   标题：オルガムスメ
                                   作者：シュガーミルク
                                   是否完结：是
                                   总页数：212
                                   分类：同人,人妻,長篇,後宮閃光,純愛
                                   章节数：1
                                   最后更新时间：2007-09-11T16:47:27.000Z
                                   =================================================
2026-01-07 23:33:03 - mkk_pika - database.py:101 - INFO - 保存成功：オルガムスメ
2026-01-07 23:33:03 - mkk_pika - main.py:35 - INFO - 开始检查無慈悲！ 絶対種つけ謝肉祭是否存在未下载章节
2026-01-07 23:33:04 - mkk_pika - main.py:45 - INFO - 正在下载:[無慈悲！ 絶対種つけ謝肉祭]-[巻貝一ヶ]-[['同人', '人妻', '長篇', '強暴']]-[total_pages:193]
2026-01-07 23:33:04 - mkk_pika - main.py:49 - INFO - [{'_id': '58218a635f6b9a4f93df71fb', 'title': '第1集', 'order': 1, 'updated_at': '2016-11-08T08:18:43.483Z', 'id': '58218a635f6b9a4f93df71fb'}]
2026-01-07 23:33:04 - mkk_pika - database.py:215 - INFO - 第一次下载该漫画，记录数据库中
2026-01-07 23:33:06 - mkk_pika - main.py:83 - INFO - 找到 193 张图片在:第1集
2026-01-07 23:33:10 - mkk_pika - main.py:112 - INFO - [episode:第1集       ] downloaded:   193, total: 193, progress:100%
2026-01-07 23:33:10 - mkk_pika - database.py:238 - INFO - 数据库更新已下载章节
2026-01-07 23:33:10 - mkk_pika - database.py:244 - INFO - 该漫画已下载章节如下
2026-01-07 23:33:10 - mkk_pika - database.py:245 - INFO - ['第1集']
2026-01-07 23:33:11 - mkk_pika - main.py:348 - INFO - ==================== 漫画信息 ====================
                                   漫画ID：58218a635f6b9a4f93df71f9
                                   标题：無慈悲！ 絶対種つけ謝肉祭
                                   作者：巻貝一ヶ
                                   是否完结：是
                                   总页数：193
                                   分类：同人,人妻,長篇,強暴
                                   章节数：1
                                   最后更新时间：2007-09-12T02:47:27.000Z
                                   =================================================
2026-01-07 23:33:11 - mkk_pika - database.py:101 - INFO - 保存成功：無慈悲！ 絶対種つけ謝肉祭
2026-01-07 23:33:11 - mkk_pika - main.py:35 - INFO - 开始检查HOLE IN LOVE是否存在未下载章节
2026-01-07 23:33:12 - mkk_pika - main.py:45 - INFO - 正在下载:[HOLE IN LOVE]-[八宝備仁]-[['短篇', '純愛']]-[total_pages:34]
2026-01-07 23:33:12 - mkk_pika - main.py:49 - INFO - [{'_id': '58218a655f6b9a4f93df73a9', 'title': '第1集', 'order': 1, 'updated_at': '2016-11-08T08:18:45.693Z', 'id': '58218a655f6b9a4f93df73a9'}]
2026-01-07 23:33:12 - mkk_pika - database.py:215 - INFO - 第一次下载该漫画，记录数据库中
2026-01-07 23:33:12 - mkk_pika - main.py:83 - INFO - 找到 34 张图片在:第1集
2026-01-07 23:33:13 - mkk_pika - main.py:112 - INFO - [episode:第1集       ] downloaded:    34, total:  34, progress:100%
2026-01-07 23:33:13 - mkk_pika - database.py:238 - INFO - 数据库更新已下载章节
2026-01-07 23:33:13 - mkk_pika - database.py:244 - INFO - 该漫画已下载章节如下
2026-01-07 23:33:13 - mkk_pika - database.py:245 - INFO - ['第1集']
2026-01-07 23:33:14 - mkk_pika - main.py:348 - INFO - ==================== 漫画信息 ====================
                                   漫画ID：58218a655f6b9a4f93df73a7
                                   标题：HOLE IN LOVE
                                   作者：八宝備仁
                                   是否完结：是
                                   总页数：34
                                   分类：短篇,純愛
                                   章节数：1
                                   最后更新时间：2007-09-12T22:47:27.000Z
                                   =================================================
2026-01-07 23:33:14 - mkk_pika - database.py:101 - INFO - 保存成功：HOLE IN LOVE
2026-01-07 23:33:14 - mkk_pika - main.py:35 - INFO - 开始检查(成年コミック)[tosh] ハーレムタイム [沒蛋蛋漢化]是否存在未下载章节
2026-01-07 23:33:15 - mkk_pika - main.py:45 - INFO - 正在下载:[(成年コミック)[tosh] ハーレムタイム [沒蛋蛋漢化]]-[tosh]-[['人妻', '長篇', '全彩', '後宮閃光', '姐姐系', '純愛']]-[total_pages:225]
2026-01-07 23:33:15 - mkk_pika - main.py:49 - INFO - [{'_id': '58218a665f6b9a4f93df73f1', 'title': '第1集', 'order': 1, 'updated_at': '2016-11-08T08:18:46.206Z', 'id': '58218a665f6b9a4f93df73f1'}]
2026-01-07 23:33:15 - mkk_pika - database.py:215 - INFO - 第一次下载该漫画，记录数据库中
2026-01-07 23:33:17 - mkk_pika - main.py:83 - INFO - 找到 225 张图片在:第1集
2026-01-07 23:33:22 - mkk_pika - main.py:112 - INFO - [episode:第1集       ] downloaded:   225, total: 225, progress:100%
2026-01-07 23:33:22 - mkk_pika - database.py:238 - INFO - 数据库更新已下载章节
2026-01-07 23:33:22 - mkk_pika - database.py:244 - INFO - 该漫画已下载章节如下
2026-01-07 23:33:22 - mkk_pika - database.py:245 - INFO - ['第1集']
2026-01-07 23:33:23 - mkk_pika - main.py:348 - INFO - ==================== 漫画信息 ====================
                                   漫画ID：58218a655f6b9a4f93df73ef
                                   标题：(成年コミック)[tosh] ハーレムタイム [沒蛋蛋漢化]
                                   作者：tosh
                                   是否完结：是
                                   总页数：225
                                   分类：人妻,長篇,全彩,後宮閃光,姐姐系,純愛
                                   章节数：1
                                   最后更新时间：2007-09-13T08:47:27.000Z
                                   =================================================
2026-01-07 23:33:23 - mkk_pika - database.py:101 - INFO - 保存成功：(成年コミック)[tosh] ハーレムタイム [沒蛋蛋漢化]
2026-01-07 23:33:23 - mkk_pika - main.py:35 - INFO - 开始检查らきら新學期是否存在未下载章节
2026-01-07 23:33:23 - mkk_pika - main.py:45 - INFO - 正在下载:[らきら新學期]-[らきら新學期]-[['同人', '長篇', '妹妹系', '純愛']]-[total_pages:214]
2026-01-07 23:33:23 - mkk_pika - main.py:49 - INFO - [{'_id': '58218a695f6b9a4f93df773d', 'title': '第1集', 'order': 1, 'updated_at': '2016-11-08T08:18:49.147Z', 'id': '58218a695f6b9a4f93df773d'}]
2026-01-07 23:33:23 - mkk_pika - database.py:215 - INFO - 第一次下载该漫画，记录数据库中
2026-01-07 23:33:26 - mkk_pika - main.py:83 - INFO - 找到 214 张图片在:第1集
2026-01-07 23:33:30 - mkk_pika - main.py:112 - INFO - [episode:第1集       ] downloaded:   214, total: 214, progress:100%
2026-01-07 23:33:30 - mkk_pika - database.py:238 - INFO - 数据库更新已下载章节
2026-01-07 23:33:30 - mkk_pika - database.py:244 - INFO - 该漫画已下载章节如下
2026-01-07 23:33:30 - mkk_pika - database.py:245 - INFO - ['第1集']
2026-01-07 23:33:32 - mkk_pika - main.py:348 - INFO - ==================== 漫画信息 ====================
                                   漫画ID：58218a685f6b9a4f93df773b
                                   标题：らきら新學期
                                   作者：らきら新學期
                                   是否完结：是
                                   总页数：214
                                   分类：同人,長篇,妹妹系,純愛
                                   章节数：1
                                   最后更新时间：2007-09-14T04:47:27.000Z
                                   =================================================
2026-01-07 23:33:32 - mkk_pika - database.py:101 - INFO - 保存成功：らきら新學期
2026-01-07 23:33:32 - mkk_pika - main.py:35 - INFO - 开始检查[Hamao] きらきら[天鹅之恋汉化]是否存在未下载章节
2026-01-07 23:33:32 - mkk_pika - main.py:45 - INFO - 正在下载:[[Hamao] きらきら[天鹅之恋汉化]]-[Hamao]-[['短篇', '純愛']]-[total_pages:16]
2026-01-07 23:33:32 - mkk_pika - main.py:49 - INFO - [{'_id': '58218a6c5f6b9a4f93df7ab1', 'title': '第1集', 'order': 1, 'updated_at': '2016-11-08T08:18:52.048Z', 'id': '58218a6c5f6b9a4f93df7ab1'}]
2026-01-07 23:33:32 - mkk_pika - database.py:215 - INFO - 第一次下载该漫画，记录数据库中
2026-01-07 23:33:33 - mkk_pika - main.py:83 - INFO - 找到 16 张图片在:第1集
2026-01-07 23:33:33 - mkk_pika - main.py:112 - INFO - [episode:第1集       ] downloaded:    16, total:  16, progress:100%
2026-01-07 23:33:33 - mkk_pika - database.py:238 - INFO - 数据库更新已下载章节
2026-01-07 23:33:33 - mkk_pika - database.py:244 - INFO - 该漫画已下载章节如下
2026-01-07 23:33:33 - mkk_pika - database.py:245 - INFO - ['第1集']
2026-01-07 23:33:34 - mkk_pika - main.py:348 - INFO - ==================== 漫画信息 ====================
                                   漫画ID：58218a6b5f6b9a4f93df7aaf
                                   标题：[Hamao] きらきら[天鹅之恋汉化]
                                   作者：Hamao
                                   是否完结：是
                                   总页数：16
                                   分类：短篇,純愛
                                   章节数：1
                                   最后更新时间：2007-09-15T00:47:27.000Z
                                   =================================================
2026-01-07 23:33:34 - mkk_pika - database.py:101 - INFO - 保存成功：[Hamao] きらきら[天鹅之恋汉化]
2026-01-07 23:33:34 - mkk_pika - main.py:35 - INFO - 开始检查Admired beautiful flower. (プリンセスラバー!)是否存在未下载章节
2026-01-07 23:33:35 - mkk_pika - main.py:45 - INFO - 正在下载:[Admired beautiful flower. (プリンセスラバー!)]-[ひとのふんどし (ゆきよし真水)]-[['長篇', '同人', 'NTR']]-[total_pages:55]
2026-01-07 23:33:35 - mkk_pika - main.py:49 - INFO - [{'_id': '5d4b013b79f8d4028e63876e', 'title': '第1話', 'order': 1, 'updated_at': '2019-08-07T16:16:25.311Z', 'id': '5d4b013b79f8d4028e63876e'}, {'_id': '5d4b013b79f8d4028e63876f', 'title': '第2話', 'order': 2, 'updated_at': '2019-08-07T16:16:34.227Z', 'id': '5d4b013b79f8d4028e63876f'}, {'_id': '5d4b013b79f8d4028e638770', 'title': '第3話', 'order': 3, 'updated_at': '2019-08-07T16:16:48.157Z', 'id': '5d4b013b79f8d4028e638770'}, {'_id': '5d4b013b79f8d4028e638771', 'title': '第4話', 'order': 4, 'updated_at': '2019-08-07T16:16:52.768Z', 'id': '5d4b013b79f8d4028e638771'}]
2026-01-07 23:33:35 - mkk_pika - database.py:215 - INFO - 第一次下载该漫画，记录数据库中
2026-01-07 23:33:35 - mkk_pika - main.py:83 - INFO - 找到 26 张图片在:第1話
2026-01-07 23:33:36 - mkk_pika - main.py:112 - INFO - [episode:第1話       ] downloaded:    26, total:  26, progress:100%
2026-01-07 23:33:36 - mkk_pika - database.py:238 - INFO - 数据库更新已下载章节
2026-01-07 23:33:36 - mkk_pika - database.py:244 - INFO - 该漫画已下载章节如下
2026-01-07 23:33:36 - mkk_pika - database.py:245 - INFO - ['第1話']
2026-01-07 23:33:38 - mkk_pika - main.py:83 - INFO - 找到 26 张图片在:第2話
2026-01-07 23:33:38 - mkk_pika - main.py:112 - INFO - [episode:第2話       ] downloaded:    26, total:  26, progress:100%
2026-01-07 23:33:38 - mkk_pika - database.py:238 - INFO - 数据库更新已下载章节
2026-01-07 23:33:38 - mkk_pika - database.py:244 - INFO - 该漫画已下载章节如下
2026-01-07 23:33:38 - mkk_pika - database.py:245 - INFO - ['第1話', '第2話']
2026-01-07 23:33:40 - mkk_pika - main.py:83 - INFO - 找到 21 张图片在:第3話
2026-01-07 23:33:40 - mkk_pika - main.py:112 - INFO - [episode:第3話       ] downloaded:    21, total:  21, progress:100%
2026-01-07 23:33:40 - mkk_pika - database.py:238 - INFO - 数据库更新已下载章节
2026-01-07 23:33:40 - mkk_pika - database.py:244 - INFO - 该漫画已下载章节如下
2026-01-07 23:33:40 - mkk_pika - database.py:245 - INFO - ['第1話', '第2話', '第3話']
2026-01-07 23:33:42 - mkk_pika - main.py:83 - INFO - 找到 18 张图片在:第4話
2026-01-07 23:33:43 - mkk_pika - main.py:112 - INFO - [episode:第4話       ] downloaded:    18, total:  18, progress:100%
2026-01-07 23:33:43 - mkk_pika - database.py:238 - INFO - 数据库更新已下载章节
2026-01-07 23:33:43 - mkk_pika - database.py:244 - INFO - 该漫画已下载章节如下
2026-01-07 23:33:43 - mkk_pika - database.py:245 - INFO - ['第1話', '第2話', '第3話', '第4話']
2026-01-07 23:33:44 - mkk_pika - main.py:348 - INFO - ==================== 漫画信息 ====================
                                   漫画ID：58218a6c5f6b9a4f93df7ad3
                                   标题：Admired beautiful flower. (プリンセスラバー!)
                                   作者：ひとのふんどし (ゆきよし真水)
                                   是否完结：是
                                   总页数：55
                                   分类：長篇,同人,NTR
                                   章节数：4
                                   最后更新时间：2007-09-15T10:47:27.000Z
                                   =================================================
2026-01-07 23:33:44 - mkk_pika - database.py:101 - INFO - 保存成功：Admired beautiful flower. (プリンセスラバー!)
2026-01-07 23:33:44 - mkk_pika - main.py:35 - INFO - 开始检查露出オトメVoice comic「校内全裸は校則違反～日比野みき～」是否存在未下载章节
2026-01-07 23:33:45 - mkk_pika - main.py:45 - INFO - 正在下载:[露出オトメVoice comic「校内全裸は校則違反～日比野みき～」]-[ACTIVA]-[['短篇', '全彩']]-[total_pages:47]
2026-01-07 23:33:45 - mkk_pika - main.py:49 - INFO - [{'_id': '58218a6e5f6b9a4f93df7b95', 'title': '第1集', 'order': 1, 'updated_at': '2016-11-08T08:18:54.742Z', 'id': '58218a6e5f6b9a4f93df7b95'}]
2026-01-07 23:33:45 - mkk_pika - database.py:215 - INFO - 第一次下载该漫画，记录数据库中
2026-01-07 23:33:45 - mkk_pika - main.py:83 - INFO - 找到 47 张图片在:第1集
2026-01-07 23:33:47 - mkk_pika - main.py:112 - INFO - [episode:第1集       ] downloaded:    47, total:  47, progress:100%
2026-01-07 23:33:47 - mkk_pika - database.py:238 - INFO - 数据库更新已下载章节
2026-01-07 23:33:47 - mkk_pika - database.py:244 - INFO - 该漫画已下载章节如下
2026-01-07 23:33:47 - mkk_pika - database.py:245 - INFO - ['第1集']
2026-01-07 23:33:48 - mkk_pika - main.py:348 - INFO - ==================== 漫画信息 ====================
                                   漫画ID：58218a6e5f6b9a4f93df7b93
                                   标题：露出オトメVoice comic「校内全裸は校則違反～日比野みき～」
                                   作者：ACTIVA
                                   是否完结：否
                                   总页数：47
                                   分类：短篇,全彩
                                   章节数：1
                                   最后更新时间：2007-09-15T20:47:27.000Z
                                   =================================================
2026-01-07 23:33:48 - mkk_pika - database.py:101 - INFO - 保存成功：露出オトメVoice comic「校内全裸は校則違反～日比野みき～」
2026-01-07 23:33:48 - mkk_pika - main.py:35 - INFO - 开始检查大河の小さな足に踏まれたい！是否存在未下载章节
2026-01-07 23:33:48 - mkk_pika - main.py:45 - INFO - 正在下载:[大河の小さな足に踏まれたい！]-[丸田道場(MARUTA)]-[['同人', '短篇', '足の恋']]-[total_pages:30]
2026-01-07 23:33:48 - mkk_pika - main.py:49 - INFO - [{'_id': '58218a6f5f6b9a4f93df7bf7', 'title': '第1集', 'order': 1, 'updated_at': '2016-11-08T08:18:55.577Z', 'id': '58218a6f5f6b9a4f93df7bf7'}]
2026-01-07 23:33:48 - mkk_pika - database.py:215 - INFO - 第一次下载该漫画，记录数据库中
2026-01-07 23:33:49 - mkk_pika - main.py:83 - INFO - 找到 30 张图片在:第1集
2026-01-07 23:33:50 - mkk_pika - main.py:112 - INFO - [episode:第1集       ] downloaded:    30, total:  30, progress:100%
2026-01-07 23:33:50 - mkk_pika - database.py:238 - INFO - 数据库更新已下载章节
2026-01-07 23:33:50 - mkk_pika - database.py:244 - INFO - 该漫画已下载章节如下
2026-01-07 23:33:50 - mkk_pika - database.py:245 - INFO - ['第1集']
2026-01-07 23:33:51 - mkk_pika - main.py:348 - INFO - ==================== 漫画信息 ====================
                                   漫画ID：58218a6f5f6b9a4f93df7bf5
                                   标题：大河の小さな足に踏まれたい！
                                   作者：丸田道場(MARUTA)
                                   是否完结：是
                                   总页数：30
                                   分类：同人,短篇,足の恋
                                   章节数：1
                                   最后更新时间：2007-09-16T06:47:27.000Z
                                   =================================================
2026-01-07 23:33:51 - mkk_pika - database.py:101 - INFO - 保存成功：大河の小さな足に踏まれたい！
2026-01-07 23:33:51 - mkk_pika - main.py:35 - INFO - 开始检查僕には幸村が足りない 準備号是否存在未下载章节
2026-01-07 23:33:51 - mkk_pika - main.py:45 - INFO - 正在下载:[僕には幸村が足りない 準備号]-[VISTA(オダワラハコネ)]-[['同人', '短篇', '純愛']]-[total_pages:11]
2026-01-07 23:33:51 - mkk_pika - main.py:49 - INFO - [{'_id': '58218a705f6b9a4f93df7c37', 'title': '第1集', 'order': 1, 'updated_at': '2016-11-08T08:18:56.082Z', 'id': '58218a705f6b9a4f93df7c37'}]
2026-01-07 23:33:51 - mkk_pika - database.py:215 - INFO - 第一次下载该漫画，记录数据库中
2026-01-07 23:33:52 - mkk_pika - main.py:83 - INFO - 找到 11 张图片在:第1集
2026-01-07 23:33:52 - mkk_pika - main.py:112 - INFO - [episode:第1集       ] downloaded:    11, total:  11, progress:100%
2026-01-07 23:33:52 - mkk_pika - database.py:238 - INFO - 数据库更新已下载章节
2026-01-07 23:33:52 - mkk_pika - database.py:244 - INFO - 该漫画已下载章节如下
2026-01-07 23:33:52 - mkk_pika - database.py:245 - INFO - ['第1集']
2026-01-07 23:33:54 - mkk_pika - main.py:348 - INFO - ==================== 漫画信息 ====================
                                   漫画ID：58218a6f5f6b9a4f93df7c35
                                   标题：僕には幸村が足りない 準備号
                                   作者：VISTA(オダワラハコネ)
                                   是否完结：否
                                   总页数：11
                                   分类：同人,短篇,純愛
                                   章节数：1
                                   最后更新时间：2007-09-16T16:47:27.000Z
                                   =================================================
2026-01-07 23:33:54 - mkk_pika - database.py:101 - INFO - 保存成功：僕には幸村が足りない 準備号
2026-01-07 23:33:54 - mkk_pika - main.py:35 - INFO - 开始检查理奈様の美しいおみ足に踏まれたいッッ!!是否存在未下载章节
2026-01-07 23:33:54 - mkk_pika - main.py:45 - INFO - 正在下载:[理奈様の美しいおみ足に踏まれたいッッ!!]-[丸田道場(MARUTA)]-[['同人', '短篇', '純愛', '足の恋']]-[total_pages:28]
2026-01-07 23:33:54 - mkk_pika - main.py:49 - INFO - [{'_id': '58218a705f6b9a4f93df7c51', 'title': '第1集', 'order': 1, 'updated_at': '2016-11-08T08:18:56.554Z', 'id': '58218a705f6b9a4f93df7c51'}]
2026-01-07 23:33:54 - mkk_pika - database.py:215 - INFO - 第一次下载该漫画，记录数据库中
2026-01-07 23:33:55 - mkk_pika - main.py:83 - INFO - 找到 28 张图片在:第1集
2026-01-07 23:33:55 - mkk_pika - main.py:112 - INFO - [episode:第1集       ] downloaded:    28, total:  28, progress:100%
2026-01-07 23:33:55 - mkk_pika - database.py:238 - INFO - 数据库更新已下载章节
2026-01-07 23:33:55 - mkk_pika - database.py:244 - INFO - 该漫画已下载章节如下
2026-01-07 23:33:55 - mkk_pika - database.py:245 - INFO - ['第1集']
2026-01-07 23:33:57 - mkk_pika - main.py:348 - INFO - ==================== 漫画信息 ====================
                                   漫画ID：58218a705f6b9a4f93df7c4f
                                   标题：理奈様の美しいおみ足に踏まれたいッッ!!
                                   作者：丸田道場(MARUTA)
                                   是否完结：是
                                   总页数：28
                                   分类：同人,短篇,純愛,足の恋
                                   章节数：1
                                   最后更新时间：2007-09-17T02:47:27.000Z
                                   =================================================
2026-01-07 23:33:57 - mkk_pika - database.py:101 - INFO - 保存成功：理奈様の美しいおみ足に踏まれたいッッ!!
2026-01-07 23:33:57 - mkk_pika - main.py:35 - INFO - 开始检查知っているかニートの足腰の弱さを決してなめてはいけない是否存在未下载章节
2026-01-07 23:33:57 - mkk_pika - main.py:45 - INFO - 正在下载:[知っているかニートの足腰の弱さを決してなめてはいけない]-[Azure(かごのとり)]-[['同人', '短篇']]-[total_pages:28]
2026-01-07 23:33:57 - mkk_pika - main.py:49 - INFO - [{'_id': '58218a715f6b9a4f93df7c8d', 'title': '第1集', 'order': 1, 'updated_at': '2016-11-08T08:18:57.298Z', 'id': '58218a715f6b9a4f93df7c8d'}]
2026-01-07 23:33:57 - mkk_pika - database.py:215 - INFO - 第一次下载该漫画，记录数据库中
2026-01-07 23:33:58 - mkk_pika - main.py:83 - INFO - 找到 28 张图片在:第1集
2026-01-07 23:33:58 - mkk_pika - main.py:112 - INFO - [episode:第1集       ] downloaded:    28, total:  28, progress:100%
2026-01-07 23:33:58 - mkk_pika - database.py:238 - INFO - 数据库更新已下载章节
2026-01-07 23:33:58 - mkk_pika - database.py:244 - INFO - 该漫画已下载章节如下
2026-01-07 23:33:58 - mkk_pika - database.py:245 - INFO - ['第1集']
2026-01-07 23:34:00 - mkk_pika - main.py:348 - INFO - ==================== 漫画信息 ====================
                                   漫画ID：58218a705f6b9a4f93df7c8b
                                   标题：知っているかニートの足腰の弱さを決してなめてはいけない
                                   作者：Azure(かごのとり)
                                   是否完结：是
                                   总页数：28
                                   分类：同人,短篇
                                   章节数：1
                                   最后更新时间：2007-09-17T12:47:26.000Z
                                   =================================================
2026-01-07 23:34:00 - mkk_pika - database.py:101 - INFO - 保存成功：知っているかニートの足腰の弱さを決してなめてはいけない
2026-01-07 23:34:00 - mkk_pika - main.py:35 - INFO - 开始检查私の足裏が性的なのはどう考えてもお前らのタメ!改是否存在未下载章节
2026-01-07 23:34:00 - mkk_pika - main.py:45 - INFO - 正在下载:[私の足裏が性的なのはどう考えてもお前らのタメ!改]-[みならい本舗(皆素人)]-[['同人', '短篇', '足の恋']]-[total_pages:25]
2026-01-07 23:34:00 - mkk_pika - main.py:49 - INFO - [{'_id': '58218a715f6b9a4f93df7cc9', 'title': '第1集', 'order': 1, 'updated_at': '2016-11-08T08:18:57.859Z', 'id': '58218a715f6b9a4f93df7cc9'}]
2026-01-07 23:34:00 - mkk_pika - database.py:215 - INFO - 第一次下载该漫画，记录数据库中
2026-01-07 23:34:01 - mkk_pika - main.py:83 - INFO - 找到 25 张图片在:第1集
2026-01-07 23:34:01 - mkk_pika - main.py:112 - INFO - [episode:第1集       ] downloaded:    25, total:  25, progress:100%
2026-01-07 23:34:01 - mkk_pika - database.py:238 - INFO - 数据库更新已下载章节
2026-01-07 23:34:01 - mkk_pika - database.py:244 - INFO - 该漫画已下载章节如下
2026-01-07 23:34:01 - mkk_pika - database.py:245 - INFO - ['第1集']
2026-01-07 23:34:03 - mkk_pika - main.py:348 - INFO - ==================== 漫画信息 ====================
                                   漫画ID：58218a715f6b9a4f93df7cc7
                                   标题：私の足裏が性的なのはどう考えてもお前らのタメ!改
                                   作者：みならい本舗(皆素人)
                                   是否完结：是
                                   总页数：25
                                   分类：同人,短篇,足の恋
                                   章节数：1
                                   最后更新时间：2007-09-17T22:47:26.000Z
                                   =================================================
2026-01-07 23:34:03 - mkk_pika - database.py:101 - INFO - 保存成功：私の足裏が性的なのはどう考えてもお前らのタメ!改
2026-01-07 23:34:03 - mkk_pika - main.py:35 - INFO - 开始检查超満足デリバリー是否存在未下载章节
2026-01-07 23:34:03 - mkk_pika - main.py:45 - INFO - 正在下载:[超満足デリバリー]-[ホーミング]-[['長篇', '妹妹系', '純愛']]-[total_pages:162]
2026-01-07 23:34:03 - mkk_pika - main.py:49 - INFO - [{'_id': '58218a725f6b9a4f93df7cff', 'title': '第1集', 'order': 1, 'updated_at': '2016-11-08T08:18:58.365Z', 'id': '58218a725f6b9a4f93df7cff'}]
2026-01-07 23:34:03 - mkk_pika - database.py:215 - INFO - 第一次下载该漫画，记录数据库中
2026-01-07 23:34:05 - mkk_pika - main.py:83 - INFO - 找到 162 张图片在:第1集
2026-01-07 23:34:08 - mkk_pika - main.py:112 - INFO - [episode:第1集       ] downloaded:   162, total: 162, progress:100%
2026-01-07 23:34:08 - mkk_pika - database.py:238 - INFO - 数据库更新已下载章节
2026-01-07 23:34:08 - mkk_pika - database.py:244 - INFO - 该漫画已下载章节如下
2026-01-07 23:34:08 - mkk_pika - database.py:245 - INFO - ['第1集']
2026-01-07 23:34:10 - mkk_pika - main.py:348 - INFO - ==================== 漫画信息 ====================
                                   漫画ID：58218a725f6b9a4f93df7cfd
                                   标题：超満足デリバリー
                                   作者：ホーミング
                                   是否完结：是
                                   总页数：162
                                   分类：長篇,妹妹系,純愛
                                   章节数：1
                                   最后更新时间：2007-09-18T08:47:26.000Z
                                   =================================================
2026-01-07 23:34:10 - mkk_pika - database.py:101 - INFO - 保存成功：超満足デリバリー
2026-01-07 23:34:10 - mkk_pika - main.py:35 - INFO - 开始检查パチュリーと足ばかりの同人 (東方Project) 是否存在未下载章节
2026-01-07 23:34:10 - mkk_pika - main.py:45 - INFO - 正在下载:[パチュリーと足ばかりの同人 (東方Project) ]-[みならい本舗 (皆素人)]-[['同人', '短篇', '東方', '足の恋']]-[total_pages:26]
2026-01-07 23:34:10 - mkk_pika - main.py:49 - INFO - [{'_id': '58218a735f6b9a4f93df7e47', 'title': '第1集', 'order': 1, 'updated_at': '2016-11-08T08:18:59.651Z', 'id': '58218a735f6b9a4f93df7e47'}]
2026-01-07 23:34:10 - mkk_pika - database.py:215 - INFO - 第一次下载该漫画，记录数据库中
2026-01-07 23:34:11 - mkk_pika - main.py:83 - INFO - 找到 26 张图片在:第1集
2026-01-07 23:34:12 - mkk_pika - main.py:112 - INFO - [episode:第1集       ] downloaded:    26, total:  26, progress:100%
2026-01-07 23:34:12 - mkk_pika - database.py:238 - INFO - 数据库更新已下载章节
2026-01-07 23:34:12 - mkk_pika - database.py:244 - INFO - 该漫画已下载章节如下
2026-01-07 23:34:12 - mkk_pika - database.py:245 - INFO - ['第1集']
2026-01-07 23:34:13 - mkk_pika - main.py:348 - INFO - ==================== 漫画信息 ====================
                                   漫画ID：58218a735f6b9a4f93df7e45
                                   标题：パチュリーと足ばかりの同人 (東方Project) 
                                   作者：みならい本舗 (皆素人)
                                   是否完结：是
                                   总页数：26
                                   分类：同人,短篇,東方,足の恋
                                   章节数：1
                                   最后更新时间：2007-09-18T18:47:26.000Z
                                   =================================================
2026-01-07 23:34:13 - mkk_pika - database.py:101 - INFO - 保存成功：パチュリーと足ばかりの同人 (東方Project) 
2026-01-07 23:34:13 - mkk_pika - main.py:35 - INFO - 开始检查母づくし是否存在未下载章节
2026-01-07 23:34:14 - mkk_pika - main.py:45 - INFO - 正在下载:[母づくし]-[少女架刑(Inkey)]-[['同人', '人妻', '短篇']]-[total_pages:18]
2026-01-07 23:34:14 - mkk_pika - main.py:49 - INFO - [{'_id': '58218a745f6b9a4f93df7e7f', 'title': '第1集', 'order': 1, 'updated_at': '2016-11-08T08:19:00.006Z', 'id': '58218a745f6b9a4f93df7e7f'}]
2026-01-07 23:34:14 - mkk_pika - database.py:215 - INFO - 第一次下载该漫画，记录数据库中
2026-01-07 23:34:14 - mkk_pika - main.py:83 - INFO - 找到 18 张图片在:第1集
2026-01-07 23:34:15 - mkk_pika - main.py:112 - INFO - [episode:第1集       ] downloaded:    18, total:  18, progress:100%
2026-01-07 23:34:15 - mkk_pika - database.py:238 - INFO - 数据库更新已下载章节
2026-01-07 23:34:15 - mkk_pika - database.py:244 - INFO - 该漫画已下载章节如下
2026-01-07 23:34:15 - mkk_pika - database.py:245 - INFO - ['第1集']
2026-01-07 23:34:16 - mkk_pika - main.py:348 - INFO - ==================== 漫画信息 ====================
                                   漫画ID：58218a735f6b9a4f93df7e7d
                                   标题：母づくし
                                   作者：少女架刑(Inkey)
                                   是否完结：是
                                   总页数：18
                                   分类：同人,人妻,短篇
                                   章节数：1
                                   最后更新时间：2007-09-19T04:47:26.000Z
                                   =================================================
2026-01-07 23:34:16 - mkk_pika - database.py:101 - INFO - 保存成功：母づくし
2026-01-07 23:34:16 - mkk_pika - main.py:380 - INFO - 本次任务下载完毕
2026-01-07 23:34:16 - mkk_pika - database.py:173 - INFO - 数据库连接已关闭
