2026-01-01 12:36:39 - mkk_pika - main.py:193 - INFO - =======================================================================
2026-01-01 12:36:39 - mkk_pika - database.py:61 - INFO - 表和索引初始化成功
2026-01-01 12:36:39 - mkk_pika - main.py:197 - INFO - 已经累计下载494本漫画
2026-01-01 12:36:40 - mkk_pika - api.py:87 - INFO - 登录成功
2026-01-01 12:36:40 - mkk_pika - main.py:203 - INFO - 收藏夹共计1本漫画
2026-01-01 12:36:40 - mkk_pika - main.py:206 - INFO - 开始下载收藏夹内未下载内容
2026-01-01 12:36:40 - mkk_pika - main.py:35 - INFO - 开始检查[Artist] BBStaff（AI）是否存在未下载章节
2026-01-01 12:36:41 - mkk_pika - database.py:203 - INFO - 查询数据库中是否已存在伊蕾娜
2026-01-01 12:36:41 - mkk_pika - database.py:203 - INFO - 查询数据库中是否已存在金色暗影
2026-01-01 12:36:41 - mkk_pika - database.py:203 - INFO - 查询数据库中是否已存在惠惠
2026-01-01 12:36:41 - mkk_pika - database.py:203 - INFO - 查询数据库中是否已存在结城美柑
2026-01-01 12:36:41 - mkk_pika - database.py:203 - INFO - 查询数据库中是否已存在贝尔泽古·斯黛莉休·索德·爱丽丝
2026-01-01 12:36:41 - mkk_pika - database.py:203 - INFO - 查询数据库中是否已存在板柳有栖
2026-01-01 12:36:41 - mkk_pika - database.py:203 - INFO - 查询数据库中是否已存在尤菲莉亚·玛泽塔
2026-01-01 12:36:41 - mkk_pika - database.py:203 - INFO - 查询数据库中是否已存在椎名日和
2026-01-01 12:36:41 - mkk_pika - database.py:203 - INFO - 查询数据库中是否已存在高町奈叶
2026-01-01 12:36:41 - mkk_pika - database.py:203 - INFO - 查询数据库中是否已存在星野瑠美衣
2026-01-01 12:36:41 - mkk_pika - database.py:203 - INFO - 查询数据库中是否已存在小柳香穗
2026-01-01 12:36:41 - mkk_pika - database.py:203 - INFO - 查询数据库中是否已存在甘织玲奈子
2026-01-01 12:36:41 - mkk_pika - database.py:203 - INFO - 查询数据库中是否已存在伊地知虹夏
2026-01-01 12:36:41 - mkk_pika - database.py:203 - INFO - 查询数据库中是否已存在芙兰达·塞维伦
2026-01-01 12:36:41 - mkk_pika - database.py:203 - INFO - 查询数据库中是否已存在小美浪爱澄
2026-01-01 12:36:41 - mkk_pika - database.py:203 - INFO - 查询数据库中是否已存在有马加奈
2026-01-01 12:36:41 - mkk_pika - database.py:203 - INFO - 查询数据库中是否已存在白银圭
2026-01-01 12:36:41 - mkk_pika - database.py:203 - INFO - 查询数据库中是否已存在鹿目圆香
2026-01-01 12:36:41 - mkk_pika - database.py:203 - INFO - 查询数据库中是否已存在莉赛萝黛·库雷提雅
2026-01-01 12:36:41 - mkk_pika - main.py:51 - INFO - [Artist] BBStaff（AI）中没有可下载章节
2026-01-01 12:36:41 - mkk_pika - main.py:224 - INFO - ==================== 漫画信息 ====================
                漫画ID：687a1b80ecd86823a404aa48
                标题：[Artist] BBStaff（AI）
                作者：BBStaff
                是否完结：否
                总页数：3828
                分类：全彩,同人,CG雜圖
                章节数：19
                最后更新时间：2025-12-31T16:04:39.509Z
                =================================================
2026-01-01 12:36:41 - mkk_pika - database.py:101 - INFO - 保存成功：[Artist] BBStaff（AI）
2026-01-01 12:36:41 - mkk_pika - util.py:164 - INFO - 目标时间（UTC）：2025-12-31 16:04:39.509000+00:00
2026-01-01 12:36:41 - mkk_pika - util.py:165 - INFO - 当前UTC时间：2026-01-01 12:36:41.450108+00:00
2026-01-01 12:36:41 - mkk_pika - util.py:167 - INFO - 相差：0 天 20 小时 32 分钟
2026-01-01 12:36:41 - mkk_pika - main.py:266 - INFO - 收藏夹内容下载完毕
2026-01-01 12:36:41 - mkk_pika - main.py:268 - INFO - 开始下载订阅内容
2026-01-01 12:36:41 - mkk_pika - database.py:258 - INFO - 根据ID查询到标题：萝莉 -> つぼみは開くまえに、【デジタル特装版】【FANZA限定】[DL版]
2026-01-01 12:36:42 - mkk_pika - database.py:101 - INFO - 保存成功：つぼみは開くまえに、【デジタル特装版】【FANZA限定】[DL版]
2026-01-01 12:36:42 - mkk_pika - main.py:273 - INFO - 关键词萝莉找到1本漫画
2026-01-01 12:36:42 - mkk_pika - database.py:258 - INFO - 根据ID查询到标题：蘿莉 -> 女の子のむだづかい
2026-01-01 12:36:42 - mkk_pika - database.py:101 - INFO - 保存成功：女の子のむだづかい
2026-01-01 12:36:42 - mkk_pika - main.py:273 - INFO - 关键词蘿莉找到1本漫画
2026-01-01 12:36:42 - mkk_pika - main.py:275 - INFO - 订阅内容共计2本漫画
2026-01-01 12:36:42 - mkk_pika - main.py:35 - INFO - 开始检查発情ネコのお世話の仕方2 | 发情的猫猫悉心照料方法 2是否存在未下载章节
2026-01-01 12:36:42 - mkk_pika - database.py:203 - INFO - 查询数据库中是否已存在第1話
2026-01-01 12:36:42 - mkk_pika - main.py:51 - INFO - 発情ネコのお世話の仕方2 | 发情的猫猫悉心照料方法 2中没有可下载章节
2026-01-01 12:36:43 - mkk_pika - main.py:292 - INFO - ==================== 漫画信息 ====================
                                漫画ID：69554ae821b891596a317e05
                                标题：発情ネコのお世話の仕方2 | 发情的猫猫悉心照料方法 2
                                作者：ももちあ教 (桃稚ちあ)
                                是否完结：是
                                总页数：25
                                分类：短篇
                                章节数：1
                                最后更新时间：2025-12-31T16:10:16.702Z
                                =================================================
2026-01-01 12:36:43 - mkk_pika - database.py:101 - INFO - 保存成功：発情ネコのお世話の仕方2 | 发情的猫猫悉心照料方法 2
2026-01-01 12:36:43 - mkk_pika - main.py:35 - INFO - 开始检查全部思い出させてあげるよぉ (ブルーアーカイブ)是否存在未下载章节
2026-01-01 12:36:43 - mkk_pika - database.py:203 - INFO - 查询数据库中是否已存在第1話
2026-01-01 12:36:43 - mkk_pika - main.py:51 - INFO - 全部思い出させてあげるよぉ (ブルーアーカイブ)中没有可下载章节
2026-01-01 12:36:43 - mkk_pika - main.py:292 - INFO - ==================== 漫画信息 ====================
                                漫画ID：69554bff21b891596a317edd
                                标题：全部思い出させてあげるよぉ (ブルーアーカイブ)
                                作者：こもりきり。 (卯林)
                                是否完结：是
                                总页数：35
                                分类：同人,短篇
                                章节数：1
                                最后更新时间：2025-12-31T16:14:55.049Z
                                =================================================
2026-01-01 12:36:43 - mkk_pika - database.py:101 - INFO - 保存成功：全部思い出させてあげるよぉ (ブルーアーカイブ)
2026-01-01 12:36:43 - mkk_pika - main.py:323 - INFO - 订阅内容内容下载完毕
2026-01-01 12:36:43 - mkk_pika - main.py:324 - INFO - 开始分批下载全部章节
2026-01-01 12:36:43 - mkk_pika - database.py:280 - INFO - 表和索引初始化成功
2026-01-01 12:36:44 - mkk_pika - main.py:177 - INFO - 已经下载了21页，一共6654页，现在开始添加第22页
2026-01-01 12:36:44 - mkk_pika - database.py:318 - INFO - 保存成功
2026-01-01 12:36:45 - mkk_pika - main.py:177 - INFO - 已经下载了22页，一共6654页，现在开始添加第23页
2026-01-01 12:36:45 - mkk_pika - database.py:318 - INFO - 保存成功
2026-01-01 12:36:45 - mkk_pika - main.py:331 - INFO - 分批下载共计33本漫画
2026-01-01 12:36:45 - mkk_pika - main.py:35 - INFO - 开始检查 (C87) [ますらいおん。] にこちゃんえろい (ラブライブ!) [中国翻訳] 是否存在未下载章节
2026-01-01 12:36:45 - mkk_pika - main.py:45 - INFO - 正在下载:[ (C87) [ますらいおん。] にこちゃんえろい (ラブライブ!) [中国翻訳] ]-[ヒラサト]-[['同人', '短篇', 'Love Live', '強暴']]-[total_pages:21]
2026-01-01 12:36:45 - mkk_pika - main.py:49 - INFO - [{'_id': '582188375f6b9a4f93ddd263', 'title': '第1集', 'order': 1, 'updated_at': '2016-11-08T08:09:27.908Z', 'id': '582188375f6b9a4f93ddd263'}]
2026-01-01 12:36:45 - mkk_pika - database.py:215 - INFO - 第一次下载该漫画，记录数据库中
2026-01-01 12:36:46 - mkk_pika - main.py:83 - INFO - 找到 21 张图片在:第1集
2026-01-01 12:36:47 - mkk_pika - main.py:112 - INFO - [episode:第1集       ] downloaded:    21, total:  21, progress:100%
2026-01-01 12:36:47 - mkk_pika - database.py:238 - INFO - 数据库更新已下载章节
2026-01-01 12:36:47 - mkk_pika - database.py:244 - INFO - 该漫画已下载章节如下
2026-01-01 12:36:47 - mkk_pika - database.py:245 - INFO - ['第1集']
2026-01-01 12:36:48 - mkk_pika - main.py:348 - INFO - ==================== 漫画信息 ====================
                                   漫画ID：582188375f6b9a4f93ddd261
                                   标题： (C87) [ますらいおん。] にこちゃんえろい (ラブライブ!) [中国翻訳] 
                                   作者：ヒラサト
                                   是否完结：是
                                   总页数：21
                                   分类：同人,短篇,Love Live,強暴
                                   章节数：1
                                   最后更新时间：2007-03-04T20:47:29.000Z
                                   =================================================
2026-01-01 12:36:48 - mkk_pika - database.py:101 - INFO - 保存成功： (C87) [ますらいおん。] にこちゃんえろい (ラブライブ!) [中国翻訳] 
2026-01-01 12:36:48 - mkk_pika - main.py:35 - INFO - 开始检查(C87) [きのこのみ] いじわる鈴谷 (艦隊これくしょん -艦これ-) [中国翻訳]是否存在未下载章节
2026-01-01 12:36:48 - mkk_pika - main.py:45 - INFO - 正在下载:[(C87) [きのこのみ] いじわる鈴谷 (艦隊これくしょん -艦これ-) [中国翻訳]]-[konomi]-[['同人', '短篇', '艦隊收藏', '姐姐系', '純愛', '足の恋']]-[total_pages:22]
2026-01-01 12:36:48 - mkk_pika - main.py:49 - INFO - [{'_id': '582188385f6b9a4f93ddd291', 'title': '第1集', 'order': 1, 'updated_at': '2016-11-08T08:09:28.341Z', 'id': '582188385f6b9a4f93ddd291'}]
2026-01-01 12:36:48 - mkk_pika - database.py:215 - INFO - 第一次下载该漫画，记录数据库中
2026-01-01 12:36:49 - mkk_pika - main.py:83 - INFO - 找到 22 张图片在:第1集
2026-01-01 12:36:50 - mkk_pika - main.py:112 - INFO - [episode:第1集       ] downloaded:    22, total:  22, progress:100%
2026-01-01 12:36:50 - mkk_pika - database.py:238 - INFO - 数据库更新已下载章节
2026-01-01 12:36:50 - mkk_pika - database.py:244 - INFO - 该漫画已下载章节如下
2026-01-01 12:36:50 - mkk_pika - database.py:245 - INFO - ['第1集']
2026-01-01 12:36:51 - mkk_pika - main.py:348 - INFO - ==================== 漫画信息 ====================
                                   漫画ID：582188385f6b9a4f93ddd28f
                                   标题：(C87) [きのこのみ] いじわる鈴谷 (艦隊これくしょん -艦これ-) [中国翻訳]
                                   作者：konomi
                                   是否完结：是
                                   总页数：22
                                   分类：同人,短篇,艦隊收藏,姐姐系,純愛,足の恋
                                   章节数：1
                                   最后更新时间：2007-03-05T06:47:29.000Z
                                   =================================================
2026-01-01 12:36:51 - mkk_pika - database.py:101 - INFO - 保存成功：(C87) [きのこのみ] いじわる鈴谷 (艦隊これくしょん -艦これ-) [中国翻訳]
2026-01-01 12:36:51 - mkk_pika - main.py:35 - INFO - 开始检查カゴノトリ [中国翻訳]是否存在未下载章节
2026-01-01 12:36:51 - mkk_pika - main.py:45 - INFO - 正在下载:[カゴノトリ [中国翻訳]]-[鷹勢優]-[['長篇', '後宮閃光', '姐姐系']]-[total_pages:202]
2026-01-01 12:36:51 - mkk_pika - main.py:49 - INFO - [{'_id': '5821883a5f6b9a4f93ddd3f7', 'title': '第1集', 'order': 1, 'updated_at': '2016-11-08T08:09:30.087Z', 'id': '5821883a5f6b9a4f93ddd3f7'}]
2026-01-01 12:36:51 - mkk_pika - database.py:215 - INFO - 第一次下载该漫画，记录数据库中
2026-01-01 12:36:53 - mkk_pika - main.py:83 - INFO - 找到 202 张图片在:第1集
2026-01-01 12:37:00 - mkk_pika - main.py:112 - INFO - [episode:第1集       ] downloaded:   202, total: 202, progress:100%
2026-01-01 12:37:00 - mkk_pika - database.py:238 - INFO - 数据库更新已下载章节
2026-01-01 12:37:00 - mkk_pika - database.py:244 - INFO - 该漫画已下载章节如下
2026-01-01 12:37:00 - mkk_pika - database.py:245 - INFO - ['第1集']
2026-01-01 12:37:01 - mkk_pika - main.py:348 - INFO - ==================== 漫画信息 ====================
                                   漫画ID：582188395f6b9a4f93ddd3f5
                                   标题：カゴノトリ [中国翻訳]
                                   作者：鷹勢優
                                   是否完结：是
                                   总页数：202
                                   分类：長篇,後宮閃光,姐姐系
                                   章节数：1
                                   最后更新时间：2007-03-06T12:47:29.000Z
                                   =================================================
2026-01-01 12:37:01 - mkk_pika - database.py:101 - INFO - 保存成功：カゴノトリ [中国翻訳]
2026-01-01 12:37:01 - mkk_pika - main.py:35 - INFO - 开始检查あにまる・あそーと | 受男慾女．強制交配是否存在未下载章节
2026-01-01 12:37:01 - mkk_pika - main.py:45 - INFO - 正在下载:[あにまる・あそーと | 受男慾女．強制交配]-[チバトシロウ]-[['長篇', '單行本', '後宮閃光', '姐姐系', 'SM']]-[total_pages:240]
2026-01-01 12:37:01 - mkk_pika - main.py:49 - INFO - [{'_id': '61a3a73054701b36fd9cb403', 'title': '第1話', 'order': 1, 'updated_at': '2021-11-27T13:30:33.788Z', 'id': '61a3a73054701b36fd9cb403'}]
2026-01-01 12:37:01 - mkk_pika - database.py:215 - INFO - 第一次下载该漫画，记录数据库中
2026-01-01 12:37:03 - mkk_pika - main.py:83 - INFO - 找到 240 张图片在:第1話
2026-01-01 12:37:13 - mkk_pika - main.py:112 - INFO - [episode:第1話       ] downloaded:   240, total: 240, progress:100%
2026-01-01 12:37:13 - mkk_pika - database.py:238 - INFO - 数据库更新已下载章节
2026-01-01 12:37:13 - mkk_pika - database.py:244 - INFO - 该漫画已下载章节如下
2026-01-01 12:37:13 - mkk_pika - database.py:245 - INFO - ['第1話']
2026-01-01 12:37:14 - mkk_pika - main.py:348 - INFO - ==================== 漫画信息 ====================
                                   漫画ID：582188465f6b9a4f93dde5f1
                                   标题：あにまる・あそーと | 受男慾女．強制交配
                                   作者：チバトシロウ
                                   是否完结：是
                                   总页数：240
                                   分类：長篇,單行本,後宮閃光,姐姐系,SM
                                   章节数：1
                                   最后更新时间：2007-03-11T12:47:29.000Z
                                   =================================================
2026-01-01 12:37:14 - mkk_pika - database.py:101 - INFO - 保存成功：あにまる・あそーと | 受男慾女．強制交配
2026-01-01 12:37:14 - mkk_pika - main.py:35 - INFO - 开始检查かがほん是否存在未下载章节
2026-01-01 12:37:15 - mkk_pika - main.py:45 - INFO - 正在下载:[かがほん]-[シべ☆超]-[['同人', '短篇', '百合花園']]-[total_pages:30]
2026-01-01 12:37:15 - mkk_pika - main.py:49 - INFO - [{'_id': '5821885d5f6b9a4f93de046b', 'title': '第1集', 'order': 1, 'updated_at': '2016-11-08T08:10:05.795Z', 'id': '5821885d5f6b9a4f93de046b'}]
2026-01-01 12:37:15 - mkk_pika - database.py:215 - INFO - 第一次下载该漫画，记录数据库中
2026-01-01 12:37:15 - mkk_pika - main.py:83 - INFO - 找到 30 张图片在:第1集
2026-01-01 12:37:16 - mkk_pika - main.py:112 - INFO - [episode:第1集       ] downloaded:    30, total:  30, progress:100%
2026-01-01 12:37:16 - mkk_pika - database.py:238 - INFO - 数据库更新已下载章节
2026-01-01 12:37:16 - mkk_pika - database.py:244 - INFO - 该漫画已下载章节如下
2026-01-01 12:37:16 - mkk_pika - database.py:245 - INFO - ['第1集']
2026-01-01 12:37:17 - mkk_pika - main.py:348 - INFO - ==================== 漫画信息 ====================
                                   漫画ID：5821885d5f6b9a4f93de0469
                                   标题：かがほん
                                   作者：シべ☆超
                                   是否完结：是
                                   总页数：30
                                   分类：同人,短篇,百合花園
                                   章节数：1
                                   最后更新时间：2007-03-17T18:47:29.000Z
                                   =================================================
2026-01-01 12:37:17 - mkk_pika - database.py:101 - INFO - 保存成功：かがほん
2026-01-01 12:37:17 - mkk_pika - main.py:35 - INFO - 开始检查おいでませこなた喫茶是否存在未下载章节
2026-01-01 12:37:18 - mkk_pika - main.py:45 - INFO - 正在下载:[おいでませこなた喫茶]-[不明]-[['同人', '短篇', '全彩']]-[total_pages:16]
2026-01-01 12:37:18 - mkk_pika - main.py:49 - INFO - [{'_id': '5821885e5f6b9a4f93de04ab', 'title': '第1集', 'order': 1, 'updated_at': '2016-11-08T08:10:06.423Z', 'id': '5821885e5f6b9a4f93de04ab'}]
2026-01-01 12:37:18 - mkk_pika - database.py:215 - INFO - 第一次下载该漫画，记录数据库中
2026-01-01 12:37:18 - mkk_pika - main.py:83 - INFO - 找到 16 张图片在:第1集
2026-01-01 12:37:19 - mkk_pika - main.py:112 - INFO - [episode:第1集       ] downloaded:    16, total:  16, progress:100%
2026-01-01 12:37:19 - mkk_pika - database.py:238 - INFO - 数据库更新已下载章节
2026-01-01 12:37:19 - mkk_pika - database.py:244 - INFO - 该漫画已下载章节如下
2026-01-01 12:37:19 - mkk_pika - database.py:245 - INFO - ['第1集']
2026-01-01 12:37:20 - mkk_pika - main.py:348 - INFO - ==================== 漫画信息 ====================
                                   漫画ID：5821885d5f6b9a4f93de04a9
                                   标题：おいでませこなた喫茶
                                   作者：不明
                                   是否完结：是
                                   总页数：16
                                   分类：同人,短篇,全彩
                                   章节数：1
                                   最后更新时间：2007-03-18T04:47:29.000Z
                                   =================================================
2026-01-01 12:37:20 - mkk_pika - database.py:101 - INFO - 保存成功：おいでませこなた喫茶
2026-01-01 12:37:20 - mkk_pika - main.py:35 - INFO - 开始检查Girls forM Vol. 01 [Chinese] [M系資源聚合汉化组是否存在未下载章节
2026-01-01 12:37:20 - mkk_pika - main.py:45 - INFO - 正在下载:[Girls forM Vol. 01 [Chinese] [M系資源聚合汉化组]-[ 不明]-[['SM', '長篇', '姐姐系', '妹妹系', '純愛', '足の恋']]-[total_pages:402]
2026-01-01 12:37:20 - mkk_pika - main.py:49 - INFO - [{'_id': '5821885f5f6b9a4f93de04cf', 'title': '第1集', 'order': 1, 'updated_at': '2016-11-08T08:10:07.068Z', 'id': '5821885f5f6b9a4f93de04cf'}]
2026-01-01 12:37:20 - mkk_pika - database.py:215 - INFO - 第一次下载该漫画，记录数据库中
2026-01-01 12:37:23 - mkk_pika - main.py:83 - INFO - 找到 402 张图片在:第1集
2026-01-01 12:37:36 - mkk_pika - main.py:112 - INFO - [episode:第1集       ] downloaded:   402, total: 402, progress:100%
2026-01-01 12:37:36 - mkk_pika - database.py:238 - INFO - 数据库更新已下载章节
2026-01-01 12:37:36 - mkk_pika - database.py:244 - INFO - 该漫画已下载章节如下
2026-01-01 12:37:36 - mkk_pika - database.py:245 - INFO - ['第1集']
2026-01-01 12:37:37 - mkk_pika - main.py:348 - INFO - ==================== 漫画信息 ====================
                                   漫画ID：5821885e5f6b9a4f93de04cd
                                   标题：Girls forM Vol. 01 [Chinese] [M系資源聚合汉化组
                                   作者： 不明
                                   是否完结：是
                                   总页数：402
                                   分类：SM,長篇,姐姐系,妹妹系,純愛,足の恋
                                   章节数：1
                                   最后更新时间：2007-03-18T14:47:29.000Z
                                   =================================================
2026-01-01 12:37:37 - mkk_pika - database.py:101 - INFO - 保存成功：Girls forM Vol. 01 [Chinese] [M系資源聚合汉化组
2026-01-01 12:37:37 - mkk_pika - main.py:35 - INFO - 开始检查Girls forM Vol.02 [chinese]是否存在未下载章节
2026-01-01 12:37:37 - mkk_pika - main.py:45 - INFO - 正在下载:[Girls forM Vol.02 [chinese]]-[不明]-[['SM', '長篇', '姐姐系', '妹妹系', '純愛', '足の恋']]-[total_pages:379]
2026-01-01 12:37:37 - mkk_pika - main.py:49 - INFO - [{'_id': '582188615f6b9a4f93de07f7', 'title': '第1集', 'order': 1, 'updated_at': '2016-11-08T08:10:09.416Z', 'id': '582188615f6b9a4f93de07f7'}]
2026-01-01 12:37:37 - mkk_pika - database.py:215 - INFO - 第一次下载该漫画，记录数据库中
2026-01-01 12:37:40 - mkk_pika - main.py:83 - INFO - 找到 379 张图片在:第1集
2026-01-01 12:37:52 - mkk_pika - main.py:112 - INFO - [episode:第1集       ] downloaded:   379, total: 379, progress:100%
2026-01-01 12:37:52 - mkk_pika - database.py:238 - INFO - 数据库更新已下载章节
2026-01-01 12:37:52 - mkk_pika - database.py:244 - INFO - 该漫画已下载章节如下
2026-01-01 12:37:52 - mkk_pika - database.py:245 - INFO - ['第1集']
2026-01-01 12:37:53 - mkk_pika - main.py:348 - INFO - ==================== 漫画信息 ====================
                                   漫画ID：582188605f6b9a4f93de07f5
                                   标题：Girls forM Vol.02 [chinese]
                                   作者：不明
                                   是否完结：是
                                   总页数：379
                                   分类：SM,長篇,姐姐系,妹妹系,純愛,足の恋
                                   章节数：1
                                   最后更新时间：2007-03-19T00:47:29.000Z
                                   =================================================
2026-01-01 12:37:53 - mkk_pika - database.py:101 - INFO - 保存成功：Girls forM Vol.02 [chinese]
2026-01-01 12:37:53 - mkk_pika - main.py:35 - INFO - 开始检查SAN值直葬是否存在未下载章节
2026-01-01 12:37:53 - mkk_pika - main.py:45 - INFO - 正在下载:[SAN值直葬]-[たかねのはな]-[['同人', '短篇', '非人類']]-[total_pages:27]
2026-01-01 12:37:53 - mkk_pika - main.py:49 - INFO - [{'_id': '5821886e5f6b9a4f93de134b', 'title': '第1集', 'order': 1, 'updated_at': '2016-11-08T08:10:22.421Z', 'id': '5821886e5f6b9a4f93de134b'}]
2026-01-01 12:37:53 - mkk_pika - database.py:215 - INFO - 第一次下载该漫画，记录数据库中
2026-01-01 12:37:54 - mkk_pika - main.py:83 - INFO - 找到 27 张图片在:第1集
2026-01-01 12:37:54 - mkk_pika - main.py:112 - INFO - [episode:第1集       ] downloaded:    27, total:  27, progress:100%
2026-01-01 12:37:54 - mkk_pika - database.py:238 - INFO - 数据库更新已下载章节
2026-01-01 12:37:54 - mkk_pika - database.py:244 - INFO - 该漫画已下载章节如下
2026-01-01 12:37:54 - mkk_pika - database.py:245 - INFO - ['第1集']
2026-01-01 12:37:56 - mkk_pika - main.py:348 - INFO - ==================== 漫画信息 ====================
                                   漫画ID：5821886d5f6b9a4f93de1349
                                   标题：SAN值直葬
                                   作者：たかねのはな
                                   是否完结：是
                                   总页数：27
                                   分类：同人,短篇,非人類
                                   章节数：1
                                   最后更新时间：2007-03-21T02:47:29.000Z
                                   =================================================
2026-01-01 12:37:56 - mkk_pika - database.py:101 - INFO - 保存成功：SAN值直葬
2026-01-01 12:37:56 - mkk_pika - main.py:35 - INFO - 开始检查名状しがたいニャル子さん エロ嫁本のようなもの是否存在未下载章节
2026-01-01 12:37:56 - mkk_pika - main.py:45 - INFO - 正在下载:[名状しがたいニャル子さん エロ嫁本のようなもの]-[左倉チル]-[['同人', '短篇']]-[total_pages:20]
2026-01-01 12:37:56 - mkk_pika - main.py:49 - INFO - [{'_id': '5821886f5f6b9a4f93de1385', 'title': '第1集', 'order': 1, 'updated_at': '2016-11-08T08:10:23.102Z', 'id': '5821886f5f6b9a4f93de1385'}]
2026-01-01 12:37:56 - mkk_pika - database.py:215 - INFO - 第一次下载该漫画，记录数据库中
2026-01-01 12:37:57 - mkk_pika - main.py:83 - INFO - 找到 20 张图片在:第1集
2026-01-01 12:37:58 - mkk_pika - main.py:112 - INFO - [episode:第1集       ] downloaded:    20, total:  20, progress:100%
2026-01-01 12:37:58 - mkk_pika - database.py:238 - INFO - 数据库更新已下载章节
2026-01-01 12:37:58 - mkk_pika - database.py:244 - INFO - 该漫画已下载章节如下
2026-01-01 12:37:58 - mkk_pika - database.py:245 - INFO - ['第1集']
2026-01-01 12:37:59 - mkk_pika - main.py:348 - INFO - ==================== 漫画信息 ====================
                                   漫画ID：5821886e5f6b9a4f93de1383
                                   标题：名状しがたいニャル子さん エロ嫁本のようなもの
                                   作者：左倉チル
                                   是否完结：是
                                   总页数：20
                                   分类：同人,短篇
                                   章节数：1
                                   最后更新时间：2007-03-21T12:47:29.000Z
                                   =================================================
2026-01-01 12:37:59 - mkk_pika - database.py:101 - INFO - 保存成功：名状しがたいニャル子さん エロ嫁本のようなもの
2026-01-01 12:37:59 - mkk_pika - main.py:35 - INFO - 开始检查lovely storm!是否存在未下载章节
2026-01-01 12:37:59 - mkk_pika - main.py:45 - INFO - 正在下载:[lovely storm!]-[広瀨まどか]-[['同人', '短篇']]-[total_pages:19]
2026-01-01 12:37:59 - mkk_pika - main.py:49 - INFO - [{'_id': '5821886f5f6b9a4f93de13b1', 'title': '第1集', 'order': 1, 'updated_at': '2016-11-08T08:10:23.455Z', 'id': '5821886f5f6b9a4f93de13b1'}]
2026-01-01 12:37:59 - mkk_pika - database.py:215 - INFO - 第一次下载该漫画，记录数据库中
2026-01-01 12:38:00 - mkk_pika - main.py:83 - INFO - 找到 19 张图片在:第1集
2026-01-01 12:38:00 - mkk_pika - main.py:112 - INFO - [episode:第1集       ] downloaded:    19, total:  19, progress:100%
2026-01-01 12:38:00 - mkk_pika - database.py:238 - INFO - 数据库更新已下载章节
2026-01-01 12:38:00 - mkk_pika - database.py:244 - INFO - 该漫画已下载章节如下
2026-01-01 12:38:00 - mkk_pika - database.py:245 - INFO - ['第1集']
2026-01-01 12:38:02 - mkk_pika - main.py:348 - INFO - ==================== 漫画信息 ====================
                                   漫画ID：5821886f5f6b9a4f93de13af
                                   标题：lovely storm!
                                   作者：広瀨まどか
                                   是否完结：是
                                   总页数：19
                                   分类：同人,短篇
                                   章节数：1
                                   最后更新时间：2007-03-21T22:47:29.000Z
                                   =================================================
2026-01-01 12:38:02 - mkk_pika - database.py:101 - INFO - 保存成功：lovely storm!
2026-01-01 12:38:02 - mkk_pika - main.py:35 - INFO - 开始检查hollie是否存在未下载章节
2026-01-01 12:38:02 - mkk_pika - main.py:45 - INFO - 正在下载:[hollie]-[okiura]-[['同人', '短篇', 'NTR']]-[total_pages:18]
2026-01-01 12:38:02 - mkk_pika - main.py:49 - INFO - [{'_id': '582188865f6b9a4f93de22ad', 'title': '第1集', 'order': 1, 'updated_at': '2016-11-08T08:10:46.686Z', 'id': '582188865f6b9a4f93de22ad'}]
2026-01-01 12:38:02 - mkk_pika - database.py:215 - INFO - 第一次下载该漫画，记录数据库中
2026-01-01 12:38:02 - mkk_pika - main.py:83 - INFO - 找到 18 张图片在:第1集
2026-01-01 12:38:03 - mkk_pika - main.py:112 - INFO - [episode:第1集       ] downloaded:    18, total:  18, progress:100%
2026-01-01 12:38:03 - mkk_pika - database.py:238 - INFO - 数据库更新已下载章节
2026-01-01 12:38:03 - mkk_pika - database.py:244 - INFO - 该漫画已下载章节如下
2026-01-01 12:38:03 - mkk_pika - database.py:245 - INFO - ['第1集']
2026-01-01 12:38:04 - mkk_pika - main.py:348 - INFO - ==================== 漫画信息 ====================
                                   漫画ID：582188865f6b9a4f93de22ab
                                   标题：hollie
                                   作者：okiura
                                   是否完结：是
                                   总页数：18
                                   分类：同人,短篇,NTR
                                   章节数：1
                                   最后更新时间：2007-03-28T04:47:29.000Z
                                   =================================================
2026-01-01 12:38:04 - mkk_pika - database.py:101 - INFO - 保存成功：hollie
2026-01-01 12:38:04 - mkk_pika - main.py:35 - INFO - 开始检查狂三と放課後ラブラブH 是否存在未下载章节
2026-01-01 12:38:04 - mkk_pika - main.py:45 - INFO - 正在下载:[狂三と放課後ラブラブH ]-[岡虎屋]-[['同人', '短篇']]-[total_pages:27]
2026-01-01 12:38:04 - mkk_pika - main.py:49 - INFO - [{'_id': '5821888c5f6b9a4f93de2517', 'title': '第1集', 'order': 1, 'updated_at': '2016-11-08T08:10:52.095Z', 'id': '5821888c5f6b9a4f93de2517'}]
2026-01-01 12:38:04 - mkk_pika - database.py:215 - INFO - 第一次下载该漫画，记录数据库中
2026-01-01 12:38:05 - mkk_pika - main.py:83 - INFO - 找到 27 张图片在:第1集
2026-01-01 12:38:06 - mkk_pika - main.py:112 - INFO - [episode:第1集       ] downloaded:    27, total:  27, progress:100%
2026-01-01 12:38:06 - mkk_pika - database.py:238 - INFO - 数据库更新已下载章节
2026-01-01 12:38:06 - mkk_pika - database.py:244 - INFO - 该漫画已下载章节如下
2026-01-01 12:38:06 - mkk_pika - database.py:245 - INFO - ['第1集']
2026-01-01 12:38:07 - mkk_pika - main.py:348 - INFO - ==================== 漫画信息 ====================
                                   漫画ID：5821888b5f6b9a4f93de2515
                                   标题：狂三と放課後ラブラブH 
                                   作者：岡虎屋
                                   是否完结：是
                                   总页数：27
                                   分类：同人,短篇
                                   章节数：1
                                   最后更新时间：2007-03-29T10:47:29.000Z
                                   =================================================
2026-01-01 12:38:07 - mkk_pika - database.py:101 - INFO - 保存成功：狂三と放課後ラブラブH 
2026-01-01 12:38:07 - mkk_pika - main.py:35 - INFO - 开始检查Yoshino date after是否存在未下载章节
2026-01-01 12:38:08 - mkk_pika - main.py:45 - INFO - 正在下载:[Yoshino date after]-[ASIANBOY]-[['同人', '短篇', '純愛']]-[total_pages:23]
2026-01-01 12:38:08 - mkk_pika - main.py:49 - INFO - [{'_id': '5821888c5f6b9a4f93de2551', 'title': '第1集', 'order': 1, 'updated_at': '2016-11-08T08:10:52.446Z', 'id': '5821888c5f6b9a4f93de2551'}]
2026-01-01 12:38:08 - mkk_pika - database.py:215 - INFO - 第一次下载该漫画，记录数据库中
2026-01-01 12:38:08 - mkk_pika - main.py:83 - INFO - 找到 23 张图片在:第1集
2026-01-01 12:38:09 - mkk_pika - main.py:112 - INFO - [episode:第1集       ] downloaded:    23, total:  23, progress:100%
2026-01-01 12:38:09 - mkk_pika - database.py:238 - INFO - 数据库更新已下载章节
2026-01-01 12:38:09 - mkk_pika - database.py:244 - INFO - 该漫画已下载章节如下
2026-01-01 12:38:09 - mkk_pika - database.py:245 - INFO - ['第1集']
2026-01-01 12:38:10 - mkk_pika - main.py:348 - INFO - ==================== 漫画信息 ====================
                                   漫画ID：5821888c5f6b9a4f93de254f
                                   标题：Yoshino date after
                                   作者：ASIANBOY
                                   是否完结：是
                                   总页数：23
                                   分类：同人,短篇,純愛
                                   章节数：1
                                   最后更新时间：2007-03-29T20:47:29.000Z
                                   =================================================
2026-01-01 12:38:10 - mkk_pika - database.py:101 - INFO - 保存成功：Yoshino date after
2026-01-01 12:38:10 - mkk_pika - main.py:35 - INFO - 开始检查MUSA 1+2卷是否存在未下载章节
2026-01-01 12:38:11 - mkk_pika - main.py:45 - INFO - 正在下载:[MUSA 1+2卷]-[猿駕アキ]-[['長篇', 'NTR']]-[total_pages:173]
2026-01-01 12:38:11 - mkk_pika - main.py:49 - INFO - [{'_id': '5821888d5f6b9a4f93de2583', 'title': '第1集', 'order': 1, 'updated_at': '2016-11-08T08:10:53.090Z', 'id': '5821888d5f6b9a4f93de2583'}, {'_id': '5821888d5f6b9a4f93de2607', 'title': '第2集', 'order': 2, 'updated_at': '2016-11-08T08:10:53.734Z', 'id': '5821888d5f6b9a4f93de2607'}]
2026-01-01 12:38:11 - mkk_pika - database.py:215 - INFO - 第一次下载该漫画，记录数据库中
2026-01-01 12:38:11 - mkk_pika - main.py:83 - INFO - 找到 65 张图片在:第1集
2026-01-01 12:38:14 - mkk_pika - main.py:112 - INFO - [episode:第1集       ] downloaded:    65, total:  65, progress:100%
2026-01-01 12:38:14 - mkk_pika - database.py:238 - INFO - 数据库更新已下载章节
2026-01-01 12:38:14 - mkk_pika - database.py:244 - INFO - 该漫画已下载章节如下
2026-01-01 12:38:14 - mkk_pika - database.py:245 - INFO - ['第1集']
2026-01-01 12:38:16 - mkk_pika - main.py:83 - INFO - 找到 108 张图片在:第2集
2026-01-01 12:38:19 - mkk_pika - main.py:112 - INFO - [episode:第2集       ] downloaded:   108, total: 108, progress:100%
2026-01-01 12:38:19 - mkk_pika - database.py:238 - INFO - 数据库更新已下载章节
2026-01-01 12:38:19 - mkk_pika - database.py:244 - INFO - 该漫画已下载章节如下
2026-01-01 12:38:19 - mkk_pika - database.py:245 - INFO - ['第1集', '第2集']
2026-01-01 12:38:20 - mkk_pika - main.py:348 - INFO - ==================== 漫画信息 ====================
                                   漫画ID：5821888c5f6b9a4f93de2581
                                   标题：MUSA 1+2卷
                                   作者：猿駕アキ
                                   是否完结：是
                                   总页数：173
                                   分类：長篇,NTR
                                   章节数：2
                                   最后更新时间：2007-03-30T06:47:29.000Z
                                   =================================================
2026-01-01 12:38:20 - mkk_pika - database.py:101 - INFO - 保存成功：MUSA 1+2卷
2026-01-01 12:38:20 - mkk_pika - main.py:35 - INFO - 开始检查Nudism Zone是否存在未下载章节
2026-01-01 12:38:21 - mkk_pika - main.py:45 - INFO - 正在下载:[Nudism Zone]-[[みうらたけひろ]-[['人妻', 'NTR']]-[total_pages:181]
2026-01-01 12:38:21 - mkk_pika - main.py:49 - INFO - [{'_id': '5821888e5f6b9a4f93de26e3', 'title': '第1集', 'order': 1, 'updated_at': '2016-11-08T08:10:54.865Z', 'id': '5821888e5f6b9a4f93de26e3'}]
2026-01-01 12:38:21 - mkk_pika - database.py:215 - INFO - 第一次下载该漫画，记录数据库中
2026-01-01 12:38:22 - mkk_pika - main.py:83 - INFO - 找到 181 张图片在:第1集
2026-01-01 12:38:28 - mkk_pika - main.py:112 - INFO - [episode:第1集       ] downloaded:   181, total: 181, progress:100%
2026-01-01 12:38:28 - mkk_pika - database.py:238 - INFO - 数据库更新已下载章节
2026-01-01 12:38:28 - mkk_pika - database.py:244 - INFO - 该漫画已下载章节如下
2026-01-01 12:38:28 - mkk_pika - database.py:245 - INFO - ['第1集']
2026-01-01 12:38:29 - mkk_pika - main.py:348 - INFO - ==================== 漫画信息 ====================
                                   漫画ID：5821888e5f6b9a4f93de26e1
                                   标题：Nudism Zone
                                   作者：[みうらたけひろ
                                   是否完结：是
                                   总页数：181
                                   分类：人妻,NTR
                                   章节数：1
                                   最后更新时间：2007-03-30T16:47:29.000Z
                                   =================================================
2026-01-01 12:38:29 - mkk_pika - database.py:101 - INFO - 保存成功：Nudism Zone
2026-01-01 12:38:29 - mkk_pika - main.py:35 - INFO - 开始检查BUST UP SCHOOL是否存在未下载章节
2026-01-01 12:38:30 - mkk_pika - main.py:45 - INFO - 正在下载:[BUST UP SCHOOL]-[[みうらたけひろ]-[['人妻', 'NTR']]-[total_pages:224]
2026-01-01 12:38:30 - mkk_pika - main.py:49 - INFO - [{'_id': '582188905f6b9a4f93de2851', 'title': '第1集', 'order': 1, 'updated_at': '2016-11-08T08:10:56.660Z', 'id': '582188905f6b9a4f93de2851'}]
2026-01-01 12:38:30 - mkk_pika - database.py:215 - INFO - 第一次下载该漫画，记录数据库中
2026-01-01 12:38:32 - mkk_pika - main.py:83 - INFO - 找到 224 张图片在:第1集
2026-01-01 12:38:39 - mkk_pika - main.py:112 - INFO - [episode:第1集       ] downloaded:   224, total: 224, progress:100%
2026-01-01 12:38:39 - mkk_pika - database.py:238 - INFO - 数据库更新已下载章节
2026-01-01 12:38:39 - mkk_pika - database.py:244 - INFO - 该漫画已下载章节如下
2026-01-01 12:38:39 - mkk_pika - database.py:245 - INFO - ['第1集']
2026-01-01 12:38:40 - mkk_pika - main.py:348 - INFO - ==================== 漫画信息 ====================
                                   漫画ID：5821888f5f6b9a4f93de284f
                                   标题：BUST UP SCHOOL
                                   作者：[みうらたけひろ
                                   是否完结：是
                                   总页数：224
                                   分类：人妻,NTR
                                   章节数：1
                                   最后更新时间：2007-03-31T02:47:29.000Z
                                   =================================================
2026-01-01 12:38:40 - mkk_pika - database.py:101 - INFO - 保存成功：BUST UP SCHOOL
2026-01-01 12:38:40 - mkk_pika - main.py:35 - INFO - 开始检查フェイトちゃんはそれでもしあわせ (魔法少女リリカルなのは)是否存在未下载章节
2026-01-01 12:38:40 - mkk_pika - main.py:45 - INFO - 正在下载:[フェイトちゃんはそれでもしあわせ (魔法少女リリカルなのは)]-[40010壱号 (40010試作型)]-[['同人', '百合花園', '非人類', '長篇']]-[total_pages:55]
2026-01-01 12:38:40 - mkk_pika - main.py:49 - INFO - [{'_id': '5fba87222651d67233b8de61', 'title': '第1話', 'order': 1, 'updated_at': '2020-11-22T09:25:22.915Z', 'id': '5fba87222651d67233b8de61'}, {'_id': '5fba87222651d67233b8de62', 'title': '第2話', 'order': 2, 'updated_at': '2020-11-22T09:25:34.749Z', 'id': '5fba87222651d67233b8de62'}, {'_id': '5fba87222651d67233b8de63', 'title': '第3話', 'order': 3, 'updated_at': '2020-11-22T09:27:09.429Z', 'id': '5fba87222651d67233b8de63'}]
2026-01-01 12:38:40 - mkk_pika - database.py:215 - INFO - 第一次下载该漫画，记录数据库中
2026-01-01 12:38:41 - mkk_pika - main.py:83 - INFO - 找到 29 张图片在:第1話
2026-01-01 12:38:42 - mkk_pika - main.py:112 - INFO - [episode:第1話       ] downloaded:    29, total:  29, progress:100%
2026-01-01 12:38:42 - mkk_pika - database.py:238 - INFO - 数据库更新已下载章节
2026-01-01 12:38:42 - mkk_pika - database.py:244 - INFO - 该漫画已下载章节如下
2026-01-01 12:38:42 - mkk_pika - database.py:245 - INFO - ['第1話']
2026-01-01 12:38:44 - mkk_pika - main.py:83 - INFO - 找到 26 张图片在:第2話
2026-01-01 12:38:45 - mkk_pika - main.py:112 - INFO - [episode:第2話       ] downloaded:    26, total:  26, progress:100%
2026-01-01 12:38:45 - mkk_pika - database.py:238 - INFO - 数据库更新已下载章节
2026-01-01 12:38:45 - mkk_pika - database.py:244 - INFO - 该漫画已下载章节如下
2026-01-01 12:38:45 - mkk_pika - database.py:245 - INFO - ['第1話', '第2話']
2026-01-01 12:38:46 - mkk_pika - main.py:83 - INFO - 找到 37 张图片在:第3話
2026-01-01 12:38:48 - mkk_pika - main.py:112 - INFO - [episode:第3話       ] downloaded:    37, total:  37, progress:100%
2026-01-01 12:38:48 - mkk_pika - database.py:238 - INFO - 数据库更新已下载章节
2026-01-01 12:38:48 - mkk_pika - database.py:244 - INFO - 该漫画已下载章节如下
2026-01-01 12:38:48 - mkk_pika - database.py:245 - INFO - ['第1話', '第2話', '第3話']
2026-01-01 12:38:49 - mkk_pika - main.py:348 - INFO - ==================== 漫画信息 ====================
                                   漫画ID：582188a95f6b9a4f93de3a8f
                                   标题：フェイトちゃんはそれでもしあわせ (魔法少女リリカルなのは)
                                   作者：40010壱号 (40010試作型)
                                   是否完结：是
                                   总页数：55
                                   分类：同人,百合花園,非人類,長篇
                                   章节数：3
                                   最后更新时间：2007-04-04T16:47:29.000Z
                                   =================================================
2026-01-01 12:38:49 - mkk_pika - database.py:101 - INFO - 保存成功：フェイトちゃんはそれでもしあわせ (魔法少女リリカルなのは)
2026-01-01 12:38:49 - mkk_pika - main.py:35 - INFO - 开始检查CE Family 偷懒的惩罚+CE娘生病特典 是否存在未下载章节
2026-01-01 12:38:49 - mkk_pika - main.py:45 - INFO - 正在下载:[CE Family 偷懒的惩罚+CE娘生病特典 ]-[雲軒,多蘑菇]-[['同人', '短篇', '全彩', '強暴']]-[total_pages:18]
2026-01-01 12:38:49 - mkk_pika - main.py:49 - INFO - [{'_id': '582188bc5f6b9a4f93de43cf', 'title': '第1集', 'order': 1, 'updated_at': '2016-11-08T08:11:40.572Z', 'id': '582188bc5f6b9a4f93de43cf'}]
2026-01-01 12:38:49 - mkk_pika - database.py:215 - INFO - 第一次下载该漫画，记录数据库中
2026-01-01 12:38:50 - mkk_pika - main.py:83 - INFO - 找到 18 张图片在:第1集
2026-01-01 12:38:51 - mkk_pika - main.py:112 - INFO - [episode:第1集       ] downloaded:    18, total:  18, progress:100%
2026-01-01 12:38:51 - mkk_pika - database.py:238 - INFO - 数据库更新已下载章节
2026-01-01 12:38:51 - mkk_pika - database.py:244 - INFO - 该漫画已下载章节如下
2026-01-01 12:38:51 - mkk_pika - database.py:245 - INFO - ['第1集']
2026-01-01 12:38:52 - mkk_pika - main.py:348 - INFO - ==================== 漫画信息 ====================
                                   漫画ID：582188bc5f6b9a4f93de43cd
                                   标题：CE Family 偷懒的惩罚+CE娘生病特典 
                                   作者：雲軒,多蘑菇
                                   是否完结：是
                                   总页数：18
                                   分类：同人,短篇,全彩,強暴
                                   章节数：1
                                   最后更新时间：2007-04-07T04:47:29.000Z
                                   =================================================
2026-01-01 12:38:52 - mkk_pika - database.py:101 - INFO - 保存成功：CE Family 偷懒的惩罚+CE娘生病特典 
2026-01-01 12:38:52 - mkk_pika - main.py:35 - INFO - 开始检查Girls forM Vol. 03 [Chinese] [M系資源聚合汉化组 (已完)是否存在未下载章节
2026-01-01 12:38:52 - mkk_pika - main.py:45 - INFO - 正在下载:[Girls forM Vol. 03 [Chinese] [M系資源聚合汉化组 (已完)]-[不明]-[['SM', '長篇', '扶他樂園', '姐姐系', '純愛', '足の恋']]-[total_pages:337]
2026-01-01 12:38:52 - mkk_pika - main.py:49 - INFO - [{'_id': '582188bc5f6b9a4f93de43f7', 'title': '第1集', 'order': 1, 'updated_at': '2016-11-08T08:11:41.000Z', 'id': '582188bc5f6b9a4f93de43f7'}]
2026-01-01 12:38:52 - mkk_pika - database.py:215 - INFO - 第一次下载该漫画，记录数据库中
2026-01-01 12:38:55 - mkk_pika - main.py:83 - INFO - 找到 337 张图片在:第1集
2026-01-01 12:39:06 - mkk_pika - main.py:112 - INFO - [episode:第1集       ] downloaded:   337, total: 337, progress:100%
2026-01-01 12:39:06 - mkk_pika - database.py:238 - INFO - 数据库更新已下载章节
2026-01-01 12:39:06 - mkk_pika - database.py:244 - INFO - 该漫画已下载章节如下
2026-01-01 12:39:06 - mkk_pika - database.py:245 - INFO - ['第1集']
2026-01-01 12:39:07 - mkk_pika - main.py:348 - INFO - ==================== 漫画信息 ====================
                                   漫画ID：582188bc5f6b9a4f93de43f5
                                   标题：Girls forM Vol. 03 [Chinese] [M系資源聚合汉化组 (已完)
                                   作者：不明
                                   是否完结：是
                                   总页数：337
                                   分类：SM,長篇,扶他樂園,姐姐系,純愛,足の恋
                                   章节数：1
                                   最后更新时间：2007-04-07T14:47:29.000Z
                                   =================================================
2026-01-01 12:39:07 - mkk_pika - database.py:101 - INFO - 保存成功：Girls forM Vol. 03 [Chinese] [M系資源聚合汉化组 (已完)
2026-01-01 12:39:07 - mkk_pika - main.py:35 - INFO - 开始检查(C87) [grand-nauts] Candy☆ (beatmania IIDX) [中国翻訳]是否存在未下载章节
2026-01-01 12:39:07 - mkk_pika - main.py:45 - INFO - 正在下载:[(C87) [grand-nauts] Candy☆ (beatmania IIDX) [中国翻訳]]-[広瀬 まどか]-[['同人', '短篇', '後宮閃光', '純愛']]-[total_pages:18]
2026-01-01 12:39:07 - mkk_pika - main.py:49 - INFO - [{'_id': '582188bf5f6b9a4f93de469d', 'title': '第1集', 'order': 1, 'updated_at': '2016-11-08T08:11:43.324Z', 'id': '582188bf5f6b9a4f93de469d'}]
2026-01-01 12:39:07 - mkk_pika - database.py:215 - INFO - 第一次下载该漫画，记录数据库中
2026-01-01 12:39:08 - mkk_pika - main.py:83 - INFO - 找到 18 张图片在:第1集
2026-01-01 12:39:09 - mkk_pika - main.py:112 - INFO - [episode:第1集       ] downloaded:    18, total:  18, progress:100%
2026-01-01 12:39:09 - mkk_pika - database.py:238 - INFO - 数据库更新已下载章节
2026-01-01 12:39:09 - mkk_pika - database.py:244 - INFO - 该漫画已下载章节如下
2026-01-01 12:39:09 - mkk_pika - database.py:245 - INFO - ['第1集']
2026-01-01 12:39:10 - mkk_pika - main.py:348 - INFO - ==================== 漫画信息 ====================
                                   漫画ID：582188be5f6b9a4f93de469b
                                   标题：(C87) [grand-nauts] Candy☆ (beatmania IIDX) [中国翻訳]
                                   作者：広瀬 まどか
                                   是否完结：是
                                   总页数：18
                                   分类：同人,短篇,後宮閃光,純愛
                                   章节数：1
                                   最后更新时间：2007-04-08T00:47:29.000Z
                                   =================================================
2026-01-01 12:39:10 - mkk_pika - database.py:101 - INFO - 保存成功：(C87) [grand-nauts] Candy☆ (beatmania IIDX) [中国翻訳]
2026-01-01 12:39:10 - mkk_pika - main.py:35 - INFO - 开始检查Girls forM Vol. 04 [Chinese] [M系資源聚合汉化组] (已完)是否存在未下载章节
2026-01-01 12:39:10 - mkk_pika - main.py:45 - INFO - 正在下载:[Girls forM Vol. 04 [Chinese] [M系資源聚合汉化组] (已完)]-[不明]-[['SM', '長篇', '後宮閃光', '姐姐系', '純愛', '足の恋']]-[total_pages:372]
2026-01-01 12:39:10 - mkk_pika - main.py:49 - INFO - [{'_id': '582188bf5f6b9a4f93de46c5', 'title': '第1集', 'order': 1, 'updated_at': '2016-11-08T08:11:43.985Z', 'id': '582188bf5f6b9a4f93de46c5'}]
2026-01-01 12:39:10 - mkk_pika - database.py:215 - INFO - 第一次下载该漫画，记录数据库中
2026-01-01 12:39:13 - mkk_pika - main.py:83 - INFO - 找到 372 张图片在:第1集
2026-01-01 12:39:25 - mkk_pika - main.py:112 - INFO - [episode:第1集       ] downloaded:   372, total: 372, progress:100%
2026-01-01 12:39:25 - mkk_pika - database.py:238 - INFO - 数据库更新已下载章节
2026-01-01 12:39:25 - mkk_pika - database.py:244 - INFO - 该漫画已下载章节如下
2026-01-01 12:39:25 - mkk_pika - database.py:245 - INFO - ['第1集']
2026-01-01 12:39:26 - mkk_pika - main.py:348 - INFO - ==================== 漫画信息 ====================
                                   漫画ID：582188bf5f6b9a4f93de46c3
                                   标题：Girls forM Vol. 04 [Chinese] [M系資源聚合汉化组] (已完)
                                   作者：不明
                                   是否完结：是
                                   总页数：372
                                   分类：SM,長篇,後宮閃光,姐姐系,純愛,足の恋
                                   章节数：1
                                   最后更新时间：2007-04-08T10:47:29.000Z
                                   =================================================
2026-01-01 12:39:26 - mkk_pika - database.py:101 - INFO - 保存成功：Girls forM Vol. 04 [Chinese] [M系資源聚合汉化组] (已完)
2026-01-01 12:39:26 - mkk_pika - main.py:35 - INFO - 开始检查(C80) [CHILLED HOUSE] Bibon Vol 6.0 (そらのおとしもの) [中国翻訳是否存在未下载章节
2026-01-01 12:39:26 - mkk_pika - main.py:45 - INFO - 正在下载:[(C80) [CHILLED HOUSE] Bibon Vol 6.0 (そらのおとしもの) [中国翻訳]-[葵久美子]-[['同人', '短篇', '妹妹系', '純愛']]-[total_pages:15]
2026-01-01 12:39:26 - mkk_pika - main.py:49 - INFO - [{'_id': '582188c15f6b9a4f93de49b1', 'title': '第1集', 'order': 1, 'updated_at': '2016-11-08T08:11:45.708Z', 'id': '582188c15f6b9a4f93de49b1'}]
2026-01-01 12:39:26 - mkk_pika - database.py:215 - INFO - 第一次下载该漫画，记录数据库中
2026-01-01 12:39:27 - mkk_pika - main.py:83 - INFO - 找到 15 张图片在:第1集
2026-01-01 12:39:27 - mkk_pika - main.py:112 - INFO - [episode:第1集       ] downloaded:    15, total:  15, progress:100%
2026-01-01 12:39:27 - mkk_pika - database.py:238 - INFO - 数据库更新已下载章节
2026-01-01 12:39:27 - mkk_pika - database.py:244 - INFO - 该漫画已下载章节如下
2026-01-01 12:39:27 - mkk_pika - database.py:245 - INFO - ['第1集']
2026-01-01 12:39:29 - mkk_pika - main.py:348 - INFO - ==================== 漫画信息 ====================
                                   漫画ID：582188c15f6b9a4f93de49af
                                   标题：(C80) [CHILLED HOUSE] Bibon Vol 6.0 (そらのおとしもの) [中国翻訳
                                   作者：葵久美子
                                   是否完结：是
                                   总页数：15
                                   分类：同人,短篇,妹妹系,純愛
                                   章节数：1
                                   最后更新时间：2007-04-08T20:47:29.000Z
                                   =================================================
2026-01-01 12:39:29 - mkk_pika - database.py:101 - INFO - 保存成功：(C80) [CHILLED HOUSE] Bibon Vol 6.0 (そらのおとしもの) [中国翻訳
2026-01-01 12:39:29 - mkk_pika - main.py:35 - INFO - 开始检查: (軍令部酒保 & 砲雷撃戦!よーい! 合同演習弐戦目) [セニマンカルタン] ナース鈴谷にしぼりとられる本 (艦隊これくしょん -艦これ-) [中国翻訳]是否存在未下载章节
2026-01-01 12:39:29 - mkk_pika - main.py:45 - INFO - 正在下载:[: (軍令部酒保 & 砲雷撃戦!よーい! 合同演習弐戦目) [セニマンカルタン] ナース鈴谷にしぼりとられる本 (艦隊これくしょん -艦これ-) [中国翻訳]]-[虎助遥人]-[['同人', 'SM', '短篇', '艦隊收藏', '姐姐系']]-[total_pages:24]
2026-01-01 12:39:29 - mkk_pika - main.py:49 - INFO - [{'_id': '582188c25f6b9a4f93de49d3', 'title': '第1集', 'order': 1, 'updated_at': '2016-11-08T08:11:46.274Z', 'id': '582188c25f6b9a4f93de49d3'}]
2026-01-01 12:39:29 - mkk_pika - database.py:215 - INFO - 第一次下载该漫画，记录数据库中
2026-01-01 12:39:29 - mkk_pika - main.py:83 - INFO - 找到 24 张图片在:第1集
2026-01-01 12:39:30 - mkk_pika - main.py:112 - INFO - [episode:第1集       ] downloaded:    24, total:  24, progress:100%
2026-01-01 12:39:30 - mkk_pika - database.py:238 - INFO - 数据库更新已下载章节
2026-01-01 12:39:30 - mkk_pika - database.py:244 - INFO - 该漫画已下载章节如下
2026-01-01 12:39:30 - mkk_pika - database.py:245 - INFO - ['第1集']
2026-01-01 12:39:31 - mkk_pika - main.py:348 - INFO - ==================== 漫画信息 ====================
                                   漫画ID：582188c15f6b9a4f93de49d1
                                   标题：: (軍令部酒保 & 砲雷撃戦!よーい! 合同演習弐戦目) [セニマンカルタン] ナース鈴谷にしぼりとられる本 (艦隊これくしょん -艦これ-) [中国翻訳]
                                   作者：虎助遥人
                                   是否完结：是
                                   总页数：24
                                   分类：同人,SM,短篇,艦隊收藏,姐姐系
                                   章节数：1
                                   最后更新时间：2007-04-09T06:47:29.000Z
                                   =================================================
2026-01-01 12:39:31 - mkk_pika - database.py:101 - INFO - 保存成功：: (軍令部酒保 & 砲雷撃戦!よーい! 合同演習弐戦目) [セニマンカルタン] ナース鈴谷にしぼりとられる本 (艦隊これくしょん -艦これ-) [中国翻訳]
2026-01-01 12:39:31 - mkk_pika - main.py:35 - INFO - 开始检查(C85) [共月邸] 島風戦時日誌 其の弐 (艦隊これくしょん -艦これ-) [中国翻訳]是否存在未下载章节
2026-01-01 12:39:32 - mkk_pika - main.py:45 - INFO - 正在下载:[(C85) [共月邸] 島風戦時日誌 其の弐 (艦隊これくしょん -艦これ-) [中国翻訳]]-[宮下未紀]-[['同人', '短篇', '扶他樂園', '妹妹系', '純愛']]-[total_pages:18]
2026-01-01 12:39:32 - mkk_pika - main.py:49 - INFO - [{'_id': '582188c25f6b9a4f93de4a07', 'title': '第1集', 'order': 1, 'updated_at': '2016-11-08T08:11:46.652Z', 'id': '582188c25f6b9a4f93de4a07'}]
2026-01-01 12:39:32 - mkk_pika - database.py:215 - INFO - 第一次下载该漫画，记录数据库中
2026-01-01 12:39:32 - mkk_pika - main.py:83 - INFO - 找到 18 张图片在:第1集
2026-01-01 12:39:33 - mkk_pika - main.py:112 - INFO - [episode:第1集       ] downloaded:    18, total:  18, progress:100%
2026-01-01 12:39:33 - mkk_pika - database.py:238 - INFO - 数据库更新已下载章节
2026-01-01 12:39:33 - mkk_pika - database.py:244 - INFO - 该漫画已下载章节如下
2026-01-01 12:39:33 - mkk_pika - database.py:245 - INFO - ['第1集']
2026-01-01 12:39:34 - mkk_pika - main.py:348 - INFO - ==================== 漫画信息 ====================
                                   漫画ID：582188c25f6b9a4f93de4a05
                                   标题：(C85) [共月邸] 島風戦時日誌 其の弐 (艦隊これくしょん -艦これ-) [中国翻訳]
                                   作者：宮下未紀
                                   是否完结：是
                                   总页数：18
                                   分类：同人,短篇,扶他樂園,妹妹系,純愛
                                   章节数：1
                                   最后更新时间：2007-04-09T16:47:29.000Z
                                   =================================================
2026-01-01 12:39:34 - mkk_pika - database.py:101 - INFO - 保存成功：(C85) [共月邸] 島風戦時日誌 其の弐 (艦隊これくしょん -艦これ-) [中国翻訳]
2026-01-01 12:39:34 - mkk_pika - main.py:35 - INFO - 开始检查アクアドロップ] てーとくの遅漏っ！(艦隊これくしょん-艦これ-) [中国翻訳] [DL版]是否存在未下载章节
2026-01-01 12:39:34 - mkk_pika - main.py:45 - INFO - 正在下载:[アクアドロップ] てーとくの遅漏っ！(艦隊これくしょん-艦これ-) [中国翻訳] [DL版]]-[三上ミカ]-[['同人', '短篇', '艦隊收藏', '全彩', '妹妹系', '純愛']]-[total_pages:15]
2026-01-01 12:39:34 - mkk_pika - main.py:49 - INFO - [{'_id': '582188c35f6b9a4f93de4a2f', 'title': '第1集', 'order': 1, 'updated_at': '2016-11-08T08:11:47.290Z', 'id': '582188c35f6b9a4f93de4a2f'}]
2026-01-01 12:39:34 - mkk_pika - database.py:215 - INFO - 第一次下载该漫画，记录数据库中
2026-01-01 12:39:35 - mkk_pika - main.py:83 - INFO - 找到 15 张图片在:第1集
2026-01-01 12:39:35 - mkk_pika - main.py:112 - INFO - [episode:第1集       ] downloaded:    15, total:  15, progress:100%
2026-01-01 12:39:35 - mkk_pika - database.py:238 - INFO - 数据库更新已下载章节
2026-01-01 12:39:35 - mkk_pika - database.py:244 - INFO - 该漫画已下载章节如下
2026-01-01 12:39:35 - mkk_pika - database.py:245 - INFO - ['第1集']
2026-01-01 12:39:37 - mkk_pika - main.py:348 - INFO - ==================== 漫画信息 ====================
                                   漫画ID：582188c25f6b9a4f93de4a2d
                                   标题：アクアドロップ] てーとくの遅漏っ！(艦隊これくしょん-艦これ-) [中国翻訳] [DL版]
                                   作者：三上ミカ
                                   是否完结：是
                                   总页数：15
                                   分类：同人,短篇,艦隊收藏,全彩,妹妹系,純愛
                                   章节数：1
                                   最后更新时间：2007-04-10T02:47:29.000Z
                                   =================================================
2026-01-01 12:39:37 - mkk_pika - database.py:101 - INFO - 保存成功：アクアドロップ] てーとくの遅漏っ！(艦隊これくしょん-艦これ-) [中国翻訳] [DL版]
2026-01-01 12:39:37 - mkk_pika - main.py:35 - INFO - 开始检查 (C87) [Archetype] 艦娘×ニーソ (艦隊これくしょん -艦これ-) [中国翻訳]是否存在未下载章节
2026-01-01 12:39:37 - mkk_pika - main.py:45 - INFO - 正在下载:[ (C87) [Archetype] 艦娘×ニーソ (艦隊これくしょん -艦これ-) [中国翻訳]]-[あかざ]-[['同人', '短篇', '艦隊收藏', '後宮閃光', '姐姐系', '足の恋']]-[total_pages:28]
2026-01-01 12:39:37 - mkk_pika - main.py:49 - INFO - [{'_id': '582188c35f6b9a4f93de4a51', 'title': '第1集', 'order': 1, 'updated_at': '2016-11-08T08:11:47.933Z', 'id': '582188c35f6b9a4f93de4a51'}]
2026-01-01 12:39:37 - mkk_pika - database.py:215 - INFO - 第一次下载该漫画，记录数据库中
2026-01-01 12:39:37 - mkk_pika - main.py:83 - INFO - 找到 28 张图片在:第1集
2026-01-01 12:39:38 - mkk_pika - main.py:112 - INFO - [episode:第1集       ] downloaded:    28, total:  28, progress:100%
2026-01-01 12:39:38 - mkk_pika - database.py:238 - INFO - 数据库更新已下载章节
2026-01-01 12:39:38 - mkk_pika - database.py:244 - INFO - 该漫画已下载章节如下
2026-01-01 12:39:38 - mkk_pika - database.py:245 - INFO - ['第1集']
2026-01-01 12:39:40 - mkk_pika - main.py:348 - INFO - ==================== 漫画信息 ====================
                                   漫画ID：582188c35f6b9a4f93de4a4f
                                   标题： (C87) [Archetype] 艦娘×ニーソ (艦隊これくしょん -艦これ-) [中国翻訳]
                                   作者：あかざ
                                   是否完结：是
                                   总页数：28
                                   分类：同人,短篇,艦隊收藏,後宮閃光,姐姐系,足の恋
                                   章节数：1
                                   最后更新时间：2007-04-10T12:47:29.000Z
                                   =================================================
2026-01-01 12:39:40 - mkk_pika - database.py:101 - INFO - 保存成功： (C87) [Archetype] 艦娘×ニーソ (艦隊これくしょん -艦これ-) [中国翻訳]
2026-01-01 12:39:40 - mkk_pika - main.py:35 - INFO - 开始检查紫陽花風味亭] 恋色模様9 (艦隊これくしょん -艦これ-) [中国翻訳] [DL版]是否存在未下载章节
2026-01-01 12:39:40 - mkk_pika - main.py:45 - INFO - 正在下载:[紫陽花風味亭] 恋色模様9 (艦隊これくしょん -艦これ-) [中国翻訳] [DL版]]-[舞猫ルル]-[['同人', '短篇', '艦隊收藏', '後宮閃光', '妹妹系']]-[total_pages:24]
2026-01-01 12:39:40 - mkk_pika - main.py:49 - INFO - [{'_id': '582188c45f6b9a4f93de4a8d', 'title': '第1集', 'order': 1, 'updated_at': '2016-11-08T08:11:48.411Z', 'id': '582188c45f6b9a4f93de4a8d'}]
2026-01-01 12:39:40 - mkk_pika - database.py:215 - INFO - 第一次下载该漫画，记录数据库中
2026-01-01 12:39:41 - mkk_pika - main.py:83 - INFO - 找到 24 张图片在:第1集
2026-01-01 12:39:42 - mkk_pika - main.py:112 - INFO - [episode:第1集       ] downloaded:    24, total:  24, progress:100%
2026-01-01 12:39:42 - mkk_pika - database.py:238 - INFO - 数据库更新已下载章节
2026-01-01 12:39:42 - mkk_pika - database.py:244 - INFO - 该漫画已下载章节如下
2026-01-01 12:39:42 - mkk_pika - database.py:245 - INFO - ['第1集']
2026-01-01 12:39:43 - mkk_pika - main.py:348 - INFO - ==================== 漫画信息 ====================
                                   漫画ID：582188c45f6b9a4f93de4a8b
                                   标题：紫陽花風味亭] 恋色模様9 (艦隊これくしょん -艦これ-) [中国翻訳] [DL版]
                                   作者：舞猫ルル
                                   是否完结：是
                                   总页数：24
                                   分类：同人,短篇,艦隊收藏,後宮閃光,妹妹系
                                   章节数：1
                                   最后更新时间：2007-04-10T22:47:29.000Z
                                   =================================================
2026-01-01 12:39:43 - mkk_pika - database.py:101 - INFO - 保存成功：紫陽花風味亭] 恋色模様9 (艦隊これくしょん -艦これ-) [中国翻訳] [DL版]
2026-01-01 12:39:43 - mkk_pika - main.py:35 - INFO - 开始检查ぴすていがーる(btboy12個人漢化)是否存在未下载章节
2026-01-01 12:39:43 - mkk_pika - main.py:45 - INFO - 正在下载:[ぴすていがーる(btboy12個人漢化)]-[モチ]-[['短篇', '妹妹系', '純愛']]-[total_pages:22]
2026-01-01 12:39:43 - mkk_pika - main.py:49 - INFO - [{'_id': '582188c75f6b9a4f93de4ba3', 'title': '第1集', 'order': 1, 'updated_at': '2016-11-08T08:11:51.082Z', 'id': '582188c75f6b9a4f93de4ba3'}]
2026-01-01 12:39:43 - mkk_pika - database.py:215 - INFO - 第一次下载该漫画，记录数据库中
2026-01-01 12:39:44 - mkk_pika - main.py:83 - INFO - 找到 22 张图片在:第1集
2026-01-01 12:39:44 - mkk_pika - main.py:112 - INFO - [episode:第1集       ] downloaded:    22, total:  22, progress:100%
2026-01-01 12:39:44 - mkk_pika - database.py:238 - INFO - 数据库更新已下载章节
2026-01-01 12:39:44 - mkk_pika - database.py:244 - INFO - 该漫画已下载章节如下
2026-01-01 12:39:44 - mkk_pika - database.py:245 - INFO - ['第1集']
2026-01-01 12:39:46 - mkk_pika - main.py:348 - INFO - ==================== 漫画信息 ====================
                                   漫画ID：582188c65f6b9a4f93de4ba1
                                   标题：ぴすていがーる(btboy12個人漢化)
                                   作者：モチ
                                   是否完结：是
                                   总页数：22
                                   分类：短篇,妹妹系,純愛
                                   章节数：1
                                   最后更新时间：2007-04-11T08:47:29.000Z
                                   =================================================
2026-01-01 12:39:46 - mkk_pika - database.py:101 - INFO - 保存成功：ぴすていがーる(btboy12個人漢化)
2026-01-01 12:39:46 - mkk_pika - main.py:35 - INFO - 开始检查なのです！肆 (艦隊これくしょん -艦これ-)是否存在未下载章节
2026-01-01 12:39:47 - mkk_pika - database.py:203 - INFO - 查询数据库中是否已存在第1話
2026-01-01 12:39:47 - mkk_pika - main.py:51 - INFO - なのです！肆 (艦隊これくしょん -艦これ-)中没有可下载章节
2026-01-01 12:39:47 - mkk_pika - main.py:348 - INFO - ==================== 漫画信息 ====================
                                   漫画ID：582188c75f6b9a4f93de4bd1
                                   标题：なのです！肆 (艦隊これくしょん -艦これ-)
                                   作者：チェシャ猫の館、触安 (わざきた、触手さん)
                                   是否完结：是
                                   总页数：40
                                   分类：同人,短篇,艦隊收藏,後宮閃光,妹妹系,純愛,全彩
                                   章节数：1
                                   最后更新时间：2007-04-11T18:47:29.000Z
                                   =================================================
2026-01-01 12:39:47 - mkk_pika - database.py:101 - INFO - 保存成功：なのです！肆 (艦隊これくしょん -艦これ-)
2026-01-01 12:39:47 - mkk_pika - main.py:35 - INFO - 开始检查借り恋 (やわはだおとめ) [中國翻訳] [無修正]是否存在未下载章节
2026-01-01 12:39:47 - mkk_pika - main.py:45 - INFO - 正在下载:[借り恋 (やわはだおとめ) [中國翻訳] [無修正]]-[いーむす・アキ]-[['姐姐系', '純愛']]-[total_pages:19]
2026-01-01 12:39:47 - mkk_pika - main.py:49 - INFO - [{'_id': '582188c75f6b9a4f93de4bd7', 'title': '第1集', 'order': 1, 'updated_at': '2016-11-08T08:11:51.830Z', 'id': '582188c75f6b9a4f93de4bd7'}]
2026-01-01 12:39:47 - mkk_pika - database.py:215 - INFO - 第一次下载该漫画，记录数据库中
2026-01-01 12:39:48 - mkk_pika - main.py:83 - INFO - 找到 19 张图片在:第1集
2026-01-01 12:39:48 - mkk_pika - main.py:112 - INFO - [episode:第1集       ] downloaded:    19, total:  19, progress:100%
2026-01-01 12:39:48 - mkk_pika - database.py:238 - INFO - 数据库更新已下载章节
2026-01-01 12:39:48 - mkk_pika - database.py:244 - INFO - 该漫画已下载章节如下
2026-01-01 12:39:48 - mkk_pika - database.py:245 - INFO - ['第1集']
2026-01-01 12:39:49 - mkk_pika - main.py:348 - INFO - ==================== 漫画信息 ====================
                                   漫画ID：582188c75f6b9a4f93de4bd5
                                   标题：借り恋 (やわはだおとめ) [中國翻訳] [無修正]
                                   作者：いーむす・アキ
                                   是否完结：是
                                   总页数：19
                                   分类：姐姐系,純愛
                                   章节数：1
                                   最后更新时间：2007-04-12T04:47:29.000Z
                                   =================================================
2026-01-01 12:39:49 - mkk_pika - database.py:101 - INFO - 保存成功：借り恋 (やわはだおとめ) [中國翻訳] [無修正]
2026-01-01 12:39:49 - mkk_pika - main.py:35 - INFO - 开始检查  ハーピー2 ～催眠調教携帯～ (コミック グレープ Vol.19) [中国翻訳] [DL版]是否存在未下载章节
2026-01-01 12:39:50 - mkk_pika - main.py:45 - INFO - 正在下载:[  ハーピー2 ～催眠調教携帯～ (コミック グレープ Vol.19) [中国翻訳] [DL版]]-[よこやまなおき]-[['短篇', '妹妹系', '純愛']]-[total_pages:24]
2026-01-01 12:39:50 - mkk_pika - main.py:49 - INFO - [{'_id': '582188c85f6b9a4f93de4c01', 'title': '第1集', 'order': 1, 'updated_at': '2016-11-08T08:11:52.508Z', 'id': '582188c85f6b9a4f93de4c01'}]
2026-01-01 12:39:50 - mkk_pika - database.py:215 - INFO - 第一次下载该漫画，记录数据库中
2026-01-01 12:39:50 - mkk_pika - main.py:83 - INFO - 找到 24 张图片在:第1集
2026-01-01 12:39:51 - mkk_pika - main.py:112 - INFO - [episode:第1集       ] downloaded:    24, total:  24, progress:100%
2026-01-01 12:39:51 - mkk_pika - database.py:238 - INFO - 数据库更新已下载章节
2026-01-01 12:39:51 - mkk_pika - database.py:244 - INFO - 该漫画已下载章节如下
2026-01-01 12:39:51 - mkk_pika - database.py:245 - INFO - ['第1集']
2026-01-01 12:39:52 - mkk_pika - main.py:348 - INFO - ==================== 漫画信息 ====================
                                   漫画ID：582188c75f6b9a4f93de4bff
                                   标题：  ハーピー2 ～催眠調教携帯～ (コミック グレープ Vol.19) [中国翻訳] [DL版]
                                   作者：よこやまなおき
                                   是否完结：否
                                   总页数：24
                                   分类：短篇,妹妹系,純愛
                                   章节数：1
                                   最后更新时间：2007-04-12T14:47:29.000Z
                                   =================================================
2026-01-01 12:39:52 - mkk_pika - database.py:101 - INFO - 保存成功：  ハーピー2 ～催眠調教携帯～ (コミック グレープ Vol.19) [中国翻訳] [DL版]
2026-01-01 12:39:52 - mkk_pika - main.py:35 - INFO - 开始检查: (C87) [KEY TRASH] RINGBELL01 (side-B) [中国翻訳]是否存在未下载章节
2026-01-01 12:39:52 - mkk_pika - main.py:45 - INFO - 正在下载:[: (C87) [KEY TRASH] RINGBELL01 (side-B) [中国翻訳]]-[緋鍵龍彦]-[['短篇', '妹妹系', '純愛', '足の恋']]-[total_pages:28]
2026-01-01 12:39:52 - mkk_pika - main.py:49 - INFO - [{'_id': '582188c95f6b9a4f93de4c35', 'title': '第1集', 'order': 1, 'updated_at': '2016-11-08T08:11:53.281Z', 'id': '582188c95f6b9a4f93de4c35'}]
2026-01-01 12:39:52 - mkk_pika - database.py:215 - INFO - 第一次下载该漫画，记录数据库中
2026-01-01 12:39:53 - mkk_pika - main.py:83 - INFO - 找到 28 张图片在:第1集
2026-01-01 12:39:54 - mkk_pika - main.py:112 - INFO - [episode:第1集       ] downloaded:    28, total:  28, progress:100%
2026-01-01 12:39:54 - mkk_pika - database.py:238 - INFO - 数据库更新已下载章节
2026-01-01 12:39:54 - mkk_pika - database.py:244 - INFO - 该漫画已下载章节如下
2026-01-01 12:39:54 - mkk_pika - database.py:245 - INFO - ['第1集']
2026-01-01 12:39:55 - mkk_pika - main.py:348 - INFO - ==================== 漫画信息 ====================
                                   漫画ID：582188c85f6b9a4f93de4c33
                                   标题：: (C87) [KEY TRASH] RINGBELL01 (side-B) [中国翻訳]
                                   作者：緋鍵龍彦
                                   是否完结：是
                                   总页数：28
                                   分类：短篇,妹妹系,純愛,足の恋
                                   章节数：1
                                   最后更新时间：2007-04-13T00:47:29.000Z
                                   =================================================
2026-01-01 12:39:55 - mkk_pika - database.py:101 - INFO - 保存成功：: (C87) [KEY TRASH] RINGBELL01 (side-B) [中国翻訳]
2026-01-01 12:39:55 - mkk_pika - main.py:380 - INFO - 本次任务下载完毕
2026-01-01 12:39:55 - mkk_pika - database.py:173 - INFO - 数据库连接已关闭
