2025-12-23 15:16:35 - mkk_pika - main.py:193 - INFO - =======================================================================
2025-12-23 15:16:35 - mkk_pika - database.py:61 - INFO - 表和索引初始化成功
2025-12-23 15:16:35 - mkk_pika - main.py:197 - INFO - 已经累计下载74本漫画
2025-12-23 15:16:35 - mkk_pika - api.py:87 - INFO - 登录成功
2025-12-23 15:16:36 - mkk_pika - main.py:203 - INFO - 收藏夹共计2本漫画
2025-12-23 15:16:36 - mkk_pika - main.py:206 - INFO - 开始下载收藏夹内未下载内容
2025-12-23 15:16:36 - mkk_pika - main.py:35 - INFO - 开始检查雷だって甘えたい!是否存在未下载章节
2025-12-23 15:16:36 - mkk_pika - database.py:203 - INFO - 查询数据库中是否已存在生肉
2025-12-23 15:16:36 - mkk_pika - database.py:203 - INFO - 查询数据库中是否已存在熟肉
2025-12-23 15:16:36 - mkk_pika - main.py:51 - INFO - 雷だって甘えたい!中没有可下载章节
2025-12-23 15:16:37 - mkk_pika - main.py:224 - INFO - ==================== 漫画信息 ====================
                漫画ID：64903f198782392d4dcd9f5b
                标题：雷だって甘えたい!
                作者：五月日和 (あずまさつき)
                是否完结：否
                总页数：45
                分类：短篇,同人,艦隊收藏
                章节数：2
                最后更新时间：2025-12-19T15:22:31.931Z
                =================================================
2025-12-23 15:16:37 - mkk_pika - database.py:101 - INFO - 保存成功：雷だって甘えたい!
2025-12-23 15:16:37 - mkk_pika - util.py:164 - INFO - 目标时间（UTC）：2025-12-19 15:22:31.931000+00:00
2025-12-23 15:16:37 - mkk_pika - util.py:165 - INFO - 当前UTC时间：2025-12-23 15:16:37.210738+00:00
2025-12-23 15:16:37 - mkk_pika - util.py:167 - INFO - 相差：3 天 23 小时 54 分钟
2025-12-23 15:16:37 - mkk_pika - main.py:35 - INFO - 开始检查[PIXIV] Komachan (31874437)（AI）是否存在未下载章节
2025-12-23 15:16:37 - mkk_pika - database.py:203 - INFO - 查询数据库中是否已存在第1話
2025-12-23 15:16:37 - mkk_pika - database.py:203 - INFO - 查询数据库中是否已存在蕾米莉亚酱的秘密-特殊性癖-被发现了♥
2025-12-23 15:16:37 - mkk_pika - database.py:203 - INFO - 查询数据库中是否已存在芙莉莲的大抉择（上）大意失策 沉溺于败北的快感♡
2025-12-23 15:16:37 - mkk_pika - database.py:203 - INFO - 查询数据库中是否已存在芙莉莲的大抉择（下）大意失策 沉溺于败北的快感♡
2025-12-23 15:16:37 - mkk_pika - main.py:51 - INFO - [PIXIV] Komachan (31874437)（AI）中没有可下载章节
2025-12-23 15:16:37 - mkk_pika - main.py:224 - INFO - ==================== 漫画信息 ====================
                漫画ID：683001fb6f0cd54536b05e16
                标题：[PIXIV] Komachan (31874437)（AI）
                作者：Komachan
                是否完结：否
                总页数：770
                分类：全彩,同人,CG雜圖,足の恋
                章节数：4
                最后更新时间：2025-12-18T15:38:24.129Z
                =================================================
2025-12-23 15:16:37 - mkk_pika - database.py:101 - INFO - 保存成功：[PIXIV] Komachan (31874437)（AI）
2025-12-23 15:16:37 - mkk_pika - util.py:164 - INFO - 目标时间（UTC）：2025-12-18 15:38:24.129000+00:00
2025-12-23 15:16:37 - mkk_pika - util.py:165 - INFO - 当前UTC时间：2025-12-23 15:16:37.847268+00:00
2025-12-23 15:16:37 - mkk_pika - util.py:167 - INFO - 相差：4 天 23 小时 38 分钟
2025-12-23 15:16:37 - mkk_pika - main.py:266 - INFO - 收藏夹内容下载完毕
2025-12-23 15:16:37 - mkk_pika - main.py:268 - INFO - 开始下载订阅内容
2025-12-23 15:16:37 - mkk_pika - database.py:258 - INFO - 根据ID查询到标题：萝莉 -> 大鳳アナルオナニー
2025-12-23 15:16:38 - mkk_pika - database.py:101 - INFO - 保存成功：即堕落萝莉永远娘
2025-12-23 15:16:38 - mkk_pika - main.py:273 - INFO - 关键词萝莉找到0本漫画
2025-12-23 15:16:38 - mkk_pika - database.py:258 - INFO - 根据ID查询到标题：蘿莉 -> 誘惑するセイアと生ハメ♥ (ブルーアーカイブ)
2025-12-23 15:16:39 - mkk_pika - database.py:101 - INFO - 保存成功：ピアッシング択捉
2025-12-23 15:16:39 - mkk_pika - main.py:273 - INFO - 关键词蘿莉找到4本漫画
2025-12-23 15:16:39 - mkk_pika - main.py:275 - INFO - 订阅内容共计4本漫画
2025-12-23 15:16:39 - mkk_pika - main.py:35 - INFO - 开始检查ピアッシング択捉是否存在未下载章节
2025-12-23 15:16:39 - mkk_pika - main.py:45 - INFO - 正在下载:[ピアッシング択捉]-[m2230 (はく雲)]-[['短篇', '同人', '艦隊收藏']]-[total_pages:-1]
2025-12-23 15:16:39 - mkk_pika - main.py:49 - INFO - [{'_id': '694ab00a01131d11da333596', 'title': '第1話', 'order': 1, 'updated_at': '2025-12-22T13:39:37.959Z', 'id': '694ab00a01131d11da333596'}]
2025-12-23 15:16:39 - mkk_pika - database.py:215 - INFO - 第一次下载该漫画，记录数据库中
2025-12-23 15:16:40 - mkk_pika - main.py:83 - INFO - 找到 23 张图片在:第1話
2025-12-23 15:16:41 - mkk_pika - main.py:112 - INFO - [episode:第1話       ] downloaded:    23, total:  23, progress:100%
2025-12-23 15:16:41 - mkk_pika - database.py:238 - INFO - 数据库更新已下载章节
2025-12-23 15:16:41 - mkk_pika - database.py:244 - INFO - 该漫画已下载章节如下
2025-12-23 15:16:41 - mkk_pika - database.py:245 - INFO - ['第1話']
2025-12-23 15:16:42 - mkk_pika - main.py:292 - INFO - ==================== 漫画信息 ====================
                                漫画ID：694ab00a01131d11da333595
                                标题：ピアッシング択捉
                                作者：m2230 (はく雲)
                                是否完结：否
                                总页数：23
                                分类：短篇,同人,艦隊收藏
                                章节数：1
                                最后更新时间：2025-12-23T15:06:50.891Z
                                =================================================
2025-12-23 15:16:42 - mkk_pika - database.py:101 - INFO - 保存成功：ピアッシング択捉
2025-12-23 15:16:42 - mkk_pika - main.py:35 - INFO - 开始检查やっぱりママがすき | 果然还是喜欢妈妈是否存在未下载章节
2025-12-23 15:16:43 - mkk_pika - main.py:45 - INFO - 正在下载:[やっぱりママがすき | 果然还是喜欢妈妈]-[たいにぃプラネット(りん)]-[['短篇', 'SM']]-[total_pages:-1]
2025-12-23 15:16:43 - mkk_pika - main.py:49 - INFO - [{'_id': '694aafe768ff321b09ca0ed0', 'title': '第1話', 'order': 1, 'updated_at': '2025-12-22T13:16:56.431Z', 'id': '694aafe768ff321b09ca0ed0'}, {'_id': '6837f4b7a5420e3b6c80d92f', 'title': '第2話～ 桜色のおもいで～ | ～樱色回忆～', 'order': 2, 'updated_at': '2025-12-23T15:06:15.230Z', 'id': '6837f4b7a5420e3b6c80d92f'}]
2025-12-23 15:16:43 - mkk_pika - database.py:215 - INFO - 第一次下载该漫画，记录数据库中
2025-12-23 15:16:43 - mkk_pika - main.py:83 - INFO - 找到 21 张图片在:第1話
2025-12-23 15:16:44 - mkk_pika - main.py:112 - INFO - [episode:第1話       ] downloaded:    21, total:  21, progress:100%
2025-12-23 15:16:44 - mkk_pika - database.py:238 - INFO - 数据库更新已下载章节
2025-12-23 15:16:44 - mkk_pika - database.py:244 - INFO - 该漫画已下载章节如下
2025-12-23 15:16:44 - mkk_pika - database.py:245 - INFO - ['第1話']
2025-12-23 15:16:46 - mkk_pika - main.py:83 - INFO - 找到 22 张图片在:第2話～桜色のおもいで～︱～樱色回忆～
2025-12-23 15:16:47 - mkk_pika - main.py:112 - INFO - [episode:第2話～ 桜色のおもいで～ | ～樱色回忆～] downloaded:    22, total:  22, progress:100%
2025-12-23 15:16:47 - mkk_pika - database.py:238 - INFO - 数据库更新已下载章节
2025-12-23 15:16:47 - mkk_pika - database.py:244 - INFO - 该漫画已下载章节如下
2025-12-23 15:16:47 - mkk_pika - database.py:245 - INFO - ['第1話', '第2話～ 桜色のおもいで～ | ～樱色回忆～']
2025-12-23 15:16:48 - mkk_pika - main.py:292 - INFO - ==================== 漫画信息 ====================
                                漫画ID：6837f4b7a5420e3b6c80d92e
                                标题：やっぱりママがすき(2)～ 桜色のおもいで～ |果然还是喜欢妈妈(2)～樱色回忆～
                                作者：たいにぃプラネット(りん)
                                是否完结：否
                                总页数：22
                                分类：短篇
                                章节数：1
                                最后更新时间：2025-05-29T05:46:31.181Z
                                =================================================
2025-12-23 15:16:48 - mkk_pika - database.py:101 - INFO - 保存成功：やっぱりママがすき(2)～ 桜色のおもいで～ |果然还是喜欢妈妈(2)～樱色回忆～
2025-12-23 15:16:48 - mkk_pika - main.py:35 - INFO - 开始检查魔道具屋さんのなんでもない日常2 | 魔导屋酱的无奇日常二三事2是否存在未下载章节
2025-12-23 15:16:49 - mkk_pika - database.py:203 - INFO - 查询数据库中是否已存在第1話
2025-12-23 15:16:49 - mkk_pika - main.py:51 - INFO - 魔道具屋さんのなんでもない日常2 | 魔导屋酱的无奇日常二三事2中没有可下载章节
2025-12-23 15:16:49 - mkk_pika - main.py:292 - INFO - ==================== 漫画信息 ====================
                                漫画ID：694972fe832fb54bf40dab9f
                                标题：魔道具屋さんのなんでもない日常2 | 魔导屋酱的无奇日常二三事2
                                作者：Lilac Garden (ろしー)
                                是否完结：否
                                总页数：17
                                分类：短篇
                                章节数：1
                                最后更新时间：2025-12-22T16:34:06.512Z
                                =================================================
2025-12-23 15:16:49 - mkk_pika - database.py:101 - INFO - 保存成功：魔道具屋さんのなんでもない日常2 | 魔导屋酱的无奇日常二三事2
2025-12-23 15:16:49 - mkk_pika - main.py:35 - INFO - 开始检查逸脱天使#01是否存在未下载章节
2025-12-23 15:16:49 - mkk_pika - database.py:203 - INFO - 查询数据库中是否已存在第1話
2025-12-23 15:16:49 - mkk_pika - main.py:51 - INFO - 逸脱天使#01中没有可下载章节
2025-12-23 15:16:50 - mkk_pika - main.py:292 - INFO - ==================== 漫画信息 ====================
                                漫画ID：6948152aea4bdb34d63a7eba
                                标题：逸脱天使#01
                                作者：極彩色 (彩社長)
                                是否完结：否
                                总页数：35
                                分类：短篇
                                章节数：1
                                最后更新时间：2025-12-21T15:41:30.805Z
                                =================================================
2025-12-23 15:16:50 - mkk_pika - database.py:101 - INFO - 保存成功：逸脱天使#01
2025-12-23 15:16:50 - mkk_pika - main.py:323 - INFO - 订阅内容内容下载完毕
2025-12-23 15:16:50 - mkk_pika - main.py:324 - INFO - 开始分批下载全部章节
2025-12-23 15:16:50 - mkk_pika - database.py:280 - INFO - 表和索引初始化成功
2025-12-23 15:16:50 - mkk_pika - database.py:340 - INFO - 第一次下载全部漫画，记录数据库中
2025-12-23 15:16:50 - mkk_pika - main.py:177 - INFO - 已经下载了0页，一共6639页，现在开始添加第1页
2025-12-23 15:16:50 - mkk_pika - database.py:318 - INFO - 保存成功
2025-12-23 15:16:51 - mkk_pika - main.py:177 - INFO - 已经下载了1页，一共6639页，现在开始添加第2页
2025-12-23 15:16:51 - mkk_pika - database.py:318 - INFO - 保存成功
2025-12-23 15:16:51 - mkk_pika - main.py:330 - INFO - 分批下载共计26本漫画
2025-12-23 15:16:51 - mkk_pika - main.py:35 - INFO - 开始检查脱☆妹宣言2是否存在未下载章节
2025-12-23 15:16:52 - mkk_pika - main.py:45 - INFO - 正在下载:[脱☆妹宣言2]-[EBA]-[['長篇', '妹妹系']]-[total_pages:106]
2025-12-23 15:16:52 - mkk_pika - main.py:49 - INFO - [{'_id': '582185c35f6b9a4f93dc0a27', 'title': '第1集', 'order': 1, 'updated_at': '2016-11-08T07:58:59.569Z', 'id': '582185c35f6b9a4f93dc0a27'}]
2025-12-23 15:16:52 - mkk_pika - database.py:215 - INFO - 第一次下载该漫画，记录数据库中
2025-12-23 15:16:53 - mkk_pika - main.py:83 - INFO - 找到 106 张图片在:第1集
2025-12-23 15:16:56 - mkk_pika - main.py:112 - INFO - [episode:第1集       ] downloaded:   106, total: 106, progress:100%
2025-12-23 15:16:56 - mkk_pika - database.py:238 - INFO - 数据库更新已下载章节
2025-12-23 15:16:56 - mkk_pika - database.py:244 - INFO - 该漫画已下载章节如下
2025-12-23 15:16:56 - mkk_pika - database.py:245 - INFO - ['第1集']
2025-12-23 15:16:57 - mkk_pika - main.py:347 - INFO - ==================== 漫画信息 ====================
                                   漫画ID：582185c35f6b9a4f93dc0a25
                                   标题：脱☆妹宣言2
                                   作者：EBA
                                   是否完结：是
                                   总页数：106
                                   分类：長篇,妹妹系
                                   章节数：1
                                   最后更新时间：2006-06-27T20:47:32.000Z
                                   =================================================
2025-12-23 15:16:57 - mkk_pika - database.py:101 - INFO - 保存成功：脱☆妹宣言2
2025-12-23 15:16:57 - mkk_pika - main.py:35 - INFO - 开始检查橘さん家ノ男性事情是否存在未下载章节
2025-12-23 15:16:57 - mkk_pika - main.py:45 - INFO - 正在下载:[橘さん家ノ男性事情]-[MSTP]-[['人妻', '長篇', 'NTR', '姐姐系', '妹妹系']]-[total_pages:154]
2025-12-23 15:16:57 - mkk_pika - main.py:49 - INFO - [{'_id': '582185c45f6b9a4f93dc0aff', 'title': '第1集', 'order': 1, 'updated_at': '2016-11-08T07:59:00.664Z', 'id': '582185c45f6b9a4f93dc0aff'}]
2025-12-23 15:16:57 - mkk_pika - database.py:215 - INFO - 第一次下载该漫画，记录数据库中
2025-12-23 15:16:59 - mkk_pika - main.py:83 - INFO - 找到 154 张图片在:第1集
2025-12-23 15:17:03 - mkk_pika - main.py:112 - INFO - [episode:第1集       ] downloaded:   154, total: 154, progress:100%
2025-12-23 15:17:03 - mkk_pika - database.py:238 - INFO - 数据库更新已下载章节
2025-12-23 15:17:03 - mkk_pika - database.py:244 - INFO - 该漫画已下载章节如下
2025-12-23 15:17:03 - mkk_pika - database.py:245 - INFO - ['第1集']
2025-12-23 15:17:04 - mkk_pika - main.py:347 - INFO - ==================== 漫画信息 ====================
                                   漫画ID：582185c45f6b9a4f93dc0afd
                                   标题：橘さん家ノ男性事情
                                   作者：MSTP
                                   是否完结：是
                                   总页数：154
                                   分类：人妻,長篇,NTR,姐姐系,妹妹系
                                   章节数：1
                                   最后更新时间：2006-06-28T06:47:32.000Z
                                   =================================================
2025-12-23 15:17:04 - mkk_pika - database.py:101 - INFO - 保存成功：橘さん家ノ男性事情
2025-12-23 15:17:04 - mkk_pika - main.py:35 - INFO - 开始检查遠坂家ノ家計事情是否存在未下载章节
2025-12-23 15:17:05 - mkk_pika - main.py:45 - INFO - 正在下载:[遠坂家ノ家計事情]-[MTSP (Jin)]-[['同人', '短篇', 'NTR', '姐姐系', 'Fate']]-[total_pages:251]
2025-12-23 15:17:05 - mkk_pika - main.py:49 - INFO - [{'_id': '582185c65f6b9a4f93dc0c37', 'title': '第1集', 'order': 1, 'updated_at': '2016-11-08T07:59:02.153Z', 'id': '582185c65f6b9a4f93dc0c37'}, {'_id': '582185c65f6b9a4f93dc0c65', 'title': '第2集', 'order': 2, 'updated_at': '2016-11-08T07:59:02.527Z', 'id': '582185c65f6b9a4f93dc0c65'}, {'_id': '582185c75f6b9a4f93dc0c8f', 'title': '第3集', 'order': 3, 'updated_at': '2016-11-08T07:59:03.105Z', 'id': '582185c75f6b9a4f93dc0c8f'}, {'_id': '582185c75f6b9a4f93dc0ccf', 'title': '第4集', 'order': 4, 'updated_at': '2016-11-08T07:59:03.446Z', 'id': '582185c75f6b9a4f93dc0ccf'}, {'_id': '582185c85f6b9a4f93dc0d0f', 'title': '第5集', 'order': 5, 'updated_at': '2016-11-08T07:59:04.182Z', 'id': '582185c85f6b9a4f93dc0d0f'}, {'_id': '582185c85f6b9a4f93dc0d45', 'title': '第6集', 'order': 6, 'updated_at': '2016-11-08T07:59:04.519Z', 'id': '582185c85f6b9a4f93dc0d45'}, {'_id': '582185c95f6b9a4f93dc0d85', 'title': '第7集', 'order': 7, 'updated_at': '2016-11-08T07:59:05.146Z', 'id': '582185c95f6b9a4f93dc0d85'}, {'_id': '582185c95f6b9a4f93dc0dd5', 'title': '第8集', 'order': 8, 'updated_at': '2016-11-08T07:59:05.593Z', 'id': '582185c95f6b9a4f93dc0dd5'}]
2025-12-23 15:17:05 - mkk_pika - database.py:215 - INFO - 第一次下载该漫画，记录数据库中
2025-12-23 15:17:05 - mkk_pika - main.py:83 - INFO - 找到 22 张图片在:第1集
2025-12-23 15:17:06 - mkk_pika - main.py:112 - INFO - [episode:第1集       ] downloaded:    22, total:  22, progress:100%
2025-12-23 15:17:06 - mkk_pika - database.py:238 - INFO - 数据库更新已下载章节
2025-12-23 15:17:06 - mkk_pika - database.py:244 - INFO - 该漫画已下载章节如下
2025-12-23 15:17:06 - mkk_pika - database.py:245 - INFO - ['第1集']
2025-12-23 15:17:08 - mkk_pika - main.py:83 - INFO - 找到 20 张图片在:第2集
2025-12-23 15:17:08 - mkk_pika - main.py:112 - INFO - [episode:第2集       ] downloaded:    20, total:  20, progress:100%
2025-12-23 15:17:08 - mkk_pika - database.py:238 - INFO - 数据库更新已下载章节
2025-12-23 15:17:08 - mkk_pika - database.py:244 - INFO - 该漫画已下载章节如下
2025-12-23 15:17:08 - mkk_pika - database.py:245 - INFO - ['第1集', '第2集']
2025-12-23 15:17:10 - mkk_pika - main.py:83 - INFO - 找到 31 张图片在:第3集
2025-12-23 15:17:11 - mkk_pika - main.py:112 - INFO - [episode:第3集       ] downloaded:    31, total:  31, progress:100%
2025-12-23 15:17:11 - mkk_pika - database.py:238 - INFO - 数据库更新已下载章节
2025-12-23 15:17:11 - mkk_pika - database.py:244 - INFO - 该漫画已下载章节如下
2025-12-23 15:17:11 - mkk_pika - database.py:245 - INFO - ['第1集', '第2集', '第3集']
2025-12-23 15:17:12 - mkk_pika - main.py:83 - INFO - 找到 31 张图片在:第4集
2025-12-23 15:17:13 - mkk_pika - main.py:112 - INFO - [episode:第4集       ] downloaded:    31, total:  31, progress:100%
2025-12-23 15:17:13 - mkk_pika - database.py:238 - INFO - 数据库更新已下载章节
2025-12-23 15:17:13 - mkk_pika - database.py:244 - INFO - 该漫画已下载章节如下
2025-12-23 15:17:13 - mkk_pika - database.py:245 - INFO - ['第1集', '第2集', '第3集', '第4集']
2025-12-23 15:17:15 - mkk_pika - main.py:83 - INFO - 找到 26 张图片在:第5集
2025-12-23 15:17:15 - mkk_pika - main.py:112 - INFO - [episode:第5集       ] downloaded:    26, total:  26, progress:100%
2025-12-23 15:17:15 - mkk_pika - database.py:238 - INFO - 数据库更新已下载章节
2025-12-23 15:17:15 - mkk_pika - database.py:244 - INFO - 该漫画已下载章节如下
2025-12-23 15:17:15 - mkk_pika - database.py:245 - INFO - ['第1集', '第2集', '第3集', '第4集', '第5集']
2025-12-23 15:17:17 - mkk_pika - main.py:83 - INFO - 找到 31 张图片在:第6集
2025-12-23 15:17:18 - mkk_pika - main.py:112 - INFO - [episode:第6集       ] downloaded:    31, total:  31, progress:100%
2025-12-23 15:17:18 - mkk_pika - database.py:238 - INFO - 数据库更新已下载章节
2025-12-23 15:17:18 - mkk_pika - database.py:244 - INFO - 该漫画已下载章节如下
2025-12-23 15:17:18 - mkk_pika - database.py:245 - INFO - ['第1集', '第2集', '第3集', '第4集', '第5集', '第6集']
2025-12-23 15:17:20 - mkk_pika - main.py:83 - INFO - 找到 39 张图片在:第7集
2025-12-23 15:17:21 - mkk_pika - main.py:112 - INFO - [episode:第7集       ] downloaded:    39, total:  39, progress:100%
2025-12-23 15:17:21 - mkk_pika - database.py:238 - INFO - 数据库更新已下载章节
2025-12-23 15:17:21 - mkk_pika - database.py:244 - INFO - 该漫画已下载章节如下
2025-12-23 15:17:21 - mkk_pika - database.py:245 - INFO - ['第1集', '第2集', '第3集', '第4集', '第5集', '第6集', '第7集']
2025-12-23 15:17:23 - mkk_pika - main.py:83 - INFO - 找到 51 张图片在:第8集
2025-12-23 15:17:25 - mkk_pika - main.py:112 - INFO - [episode:第8集       ] downloaded:    51, total:  51, progress:100%
2025-12-23 15:17:25 - mkk_pika - database.py:238 - INFO - 数据库更新已下载章节
2025-12-23 15:17:25 - mkk_pika - database.py:244 - INFO - 该漫画已下载章节如下
2025-12-23 15:17:25 - mkk_pika - database.py:245 - INFO - ['第1集', '第2集', '第3集', '第4集', '第5集', '第6集', '第7集', '第8集']
2025-12-23 15:17:26 - mkk_pika - main.py:347 - INFO - ==================== 漫画信息 ====================
                                   漫画ID：582185c55f6b9a4f93dc0c35
                                   标题：遠坂家ノ家計事情
                                   作者：MTSP (Jin)
                                   是否完结：是
                                   总页数：251
                                   分类：同人,短篇,NTR,姐姐系,Fate
                                   章节数：8
                                   最后更新时间：2006-06-28T16:47:32.000Z
                                   =================================================
2025-12-23 15:17:26 - mkk_pika - database.py:101 - INFO - 保存成功：遠坂家ノ家計事情
2025-12-23 15:17:26 - mkk_pika - main.py:35 - INFO - 开始检查[゙ンデン] Harvest (狼と香辛料)是否存在未下载章节
2025-12-23 15:17:27 - mkk_pika - main.py:45 - INFO - 正在下载:[[゙ンデン] Harvest (狼と香辛料)]-[アジサイデンデン]-[['同人', '短篇']]-[total_pages:23]
2025-12-23 15:17:27 - mkk_pika - main.py:49 - INFO - [{'_id': '582185fb5f6b9a4f93dc2f1f', 'title': '第1集', 'order': 1, 'updated_at': '2016-11-08T07:59:55.348Z', 'id': '582185fb5f6b9a4f93dc2f1f'}]
2025-12-23 15:17:27 - mkk_pika - database.py:215 - INFO - 第一次下载该漫画，记录数据库中
2025-12-23 15:17:27 - mkk_pika - main.py:83 - INFO - 找到 23 张图片在:第1集
2025-12-23 15:17:28 - mkk_pika - main.py:112 - INFO - [episode:第1集       ] downloaded:    23, total:  23, progress:100%
2025-12-23 15:17:28 - mkk_pika - database.py:238 - INFO - 数据库更新已下载章节
2025-12-23 15:17:28 - mkk_pika - database.py:244 - INFO - 该漫画已下载章节如下
2025-12-23 15:17:28 - mkk_pika - database.py:245 - INFO - ['第1集']
2025-12-23 15:17:29 - mkk_pika - main.py:347 - INFO - ==================== 漫画信息 ====================
                                   漫画ID：582185fb5f6b9a4f93dc2f1d
                                   标题：[゙ンデン] Harvest (狼と香辛料)
                                   作者：アジサイデンデン
                                   是否完结：是
                                   总页数：23
                                   分类：同人,短篇
                                   章节数：1
                                   最后更新时间：2006-07-07T10:47:32.000Z
                                   =================================================
2025-12-23 15:17:29 - mkk_pika - database.py:101 - INFO - 保存成功：[゙ンデン] Harvest (狼と香辛料)
2025-12-23 15:17:29 - mkk_pika - main.py:35 - INFO - 开始检查デレのちトラレ是否存在未下载章节
2025-12-23 15:17:30 - mkk_pika - main.py:45 - INFO - 正在下载:[デレのちトラレ]-[夏庵]-[['長篇', 'NTR']]-[total_pages:205]
2025-12-23 15:17:30 - mkk_pika - main.py:49 - INFO - [{'_id': '5821860c5f6b9a4f93dc3d63', 'title': '第1集', 'order': 1, 'updated_at': '2016-11-08T08:00:12.397Z', 'id': '5821860c5f6b9a4f93dc3d63'}]
2025-12-23 15:17:30 - mkk_pika - database.py:215 - INFO - 第一次下载该漫画，记录数据库中
2025-12-23 15:17:32 - mkk_pika - main.py:83 - INFO - 找到 205 张图片在:第1集
2025-12-23 15:17:37 - mkk_pika - main.py:112 - INFO - [episode:第1集       ] downloaded:   205, total: 205, progress:100%
2025-12-23 15:17:37 - mkk_pika - database.py:238 - INFO - 数据库更新已下载章节
2025-12-23 15:17:37 - mkk_pika - database.py:244 - INFO - 该漫画已下载章节如下
2025-12-23 15:17:37 - mkk_pika - database.py:245 - INFO - ['第1集']
2025-12-23 15:17:38 - mkk_pika - main.py:347 - INFO - ==================== 漫画信息 ====================
                                   漫画ID：5821860b5f6b9a4f93dc3d61
                                   标题：デレのちトラレ
                                   作者：夏庵
                                   是否完结：是
                                   总页数：205
                                   分类：長篇,NTR
                                   章节数：1
                                   最后更新时间：2006-07-13T16:47:32.000Z
                                   =================================================
2025-12-23 15:17:38 - mkk_pika - database.py:101 - INFO - 保存成功：デレのちトラレ
2025-12-23 15:17:38 - mkk_pika - main.py:35 - INFO - 开始检查相姦恋愛是否存在未下载章节
2025-12-23 15:17:39 - mkk_pika - main.py:45 - INFO - 正在下载:[相姦恋愛]-[舞原マツゲ]-[['長篇', '後宮閃光', '姐姐系']]-[total_pages:203]
2025-12-23 15:17:39 - mkk_pika - main.py:49 - INFO - [{'_id': '5821860e5f6b9a4f93dc40f7', 'title': '第1集', 'order': 1, 'updated_at': '2016-11-08T08:00:14.759Z', 'id': '5821860e5f6b9a4f93dc40f7'}]
2025-12-23 15:17:39 - mkk_pika - database.py:215 - INFO - 第一次下载该漫画，记录数据库中
2025-12-23 15:17:41 - mkk_pika - main.py:83 - INFO - 找到 203 张图片在:第1集
2025-12-23 15:17:46 - mkk_pika - main.py:112 - INFO - [episode:第1集       ] downloaded:   203, total: 203, progress:100%
2025-12-23 15:17:46 - mkk_pika - database.py:238 - INFO - 数据库更新已下载章节
2025-12-23 15:17:46 - mkk_pika - database.py:244 - INFO - 该漫画已下载章节如下
2025-12-23 15:17:46 - mkk_pika - database.py:245 - INFO - ['第1集']
2025-12-23 15:17:47 - mkk_pika - main.py:347 - INFO - ==================== 漫画信息 ====================
                                   漫画ID：5821860e5f6b9a4f93dc40f5
                                   标题：相姦恋愛
                                   作者：舞原マツゲ
                                   是否完结：是
                                   总页数：203
                                   分类：長篇,後宮閃光,姐姐系
                                   章节数：1
                                   最后更新时间：2006-07-14T12:47:32.000Z
                                   =================================================
2025-12-23 15:17:47 - mkk_pika - database.py:101 - INFO - 保存成功：相姦恋愛
2025-12-23 15:17:47 - mkk_pika - main.py:35 - INFO - 开始检查幻想乡乐园计划1-5是否存在未下载章节
2025-12-23 15:17:48 - mkk_pika - main.py:45 - INFO - 正在下载:[幻想乡乐园计划1-5]-[不明]-[['同人', '短篇', '全彩', '東方']]-[total_pages:115]
2025-12-23 15:17:48 - mkk_pika - main.py:49 - INFO - [{'_id': '582186125f6b9a4f93dc4439', 'title': '第1集', 'order': 1, 'updated_at': '2016-11-08T08:00:18.050Z', 'id': '582186125f6b9a4f93dc4439'}, {'_id': '582186125f6b9a4f93dc4485', 'title': '第2集', 'order': 2, 'updated_at': '2016-11-08T08:00:18.841Z', 'id': '582186125f6b9a4f93dc4485'}, {'_id': '582186135f6b9a4f93dc44ad', 'title': '第3集', 'order': 3, 'updated_at': '2016-11-08T08:00:19.385Z', 'id': '582186135f6b9a4f93dc44ad'}, {'_id': '582186135f6b9a4f93dc44d3', 'title': '第4集', 'order': 4, 'updated_at': '2016-11-08T08:00:19.704Z', 'id': '582186135f6b9a4f93dc44d3'}, {'_id': '582186145f6b9a4f93dc44f9', 'title': '第5集', 'order': 5, 'updated_at': '2016-11-08T08:00:20.015Z', 'id': '582186145f6b9a4f93dc44f9'}]
2025-12-23 15:17:48 - mkk_pika - database.py:215 - INFO - 第一次下载该漫画，记录数据库中
2025-12-23 15:17:48 - mkk_pika - main.py:83 - INFO - 找到 37 张图片在:第1集
2025-12-23 15:17:49 - mkk_pika - main.py:112 - INFO - [episode:第1集       ] downloaded:    37, total:  37, progress:100%
2025-12-23 15:17:49 - mkk_pika - database.py:238 - INFO - 数据库更新已下载章节
2025-12-23 15:17:49 - mkk_pika - database.py:244 - INFO - 该漫画已下载章节如下
2025-12-23 15:17:49 - mkk_pika - database.py:245 - INFO - ['第1集']
2025-12-23 15:17:51 - mkk_pika - main.py:83 - INFO - 找到 19 张图片在:第2集
2025-12-23 15:17:52 - mkk_pika - main.py:112 - INFO - [episode:第2集       ] downloaded:    19, total:  19, progress:100%
2025-12-23 15:17:52 - mkk_pika - database.py:238 - INFO - 数据库更新已下载章节
2025-12-23 15:17:52 - mkk_pika - database.py:244 - INFO - 该漫画已下载章节如下
2025-12-23 15:17:52 - mkk_pika - database.py:245 - INFO - ['第1集', '第2集']
2025-12-23 15:17:53 - mkk_pika - main.py:83 - INFO - 找到 18 张图片在:第3集
2025-12-23 15:17:54 - mkk_pika - main.py:112 - INFO - [episode:第3集       ] downloaded:    18, total:  18, progress:100%
2025-12-23 15:17:54 - mkk_pika - database.py:238 - INFO - 数据库更新已下载章节
2025-12-23 15:17:54 - mkk_pika - database.py:244 - INFO - 该漫画已下载章节如下
2025-12-23 15:17:54 - mkk_pika - database.py:245 - INFO - ['第1集', '第2集', '第3集']
2025-12-23 15:17:55 - mkk_pika - main.py:83 - INFO - 找到 18 张图片在:第4集
2025-12-23 15:17:56 - mkk_pika - main.py:112 - INFO - [episode:第4集       ] downloaded:    18, total:  18, progress:100%
2025-12-23 15:17:56 - mkk_pika - database.py:238 - INFO - 数据库更新已下载章节
2025-12-23 15:17:56 - mkk_pika - database.py:244 - INFO - 该漫画已下载章节如下
2025-12-23 15:17:56 - mkk_pika - database.py:245 - INFO - ['第1集', '第2集', '第3集', '第4集']
2025-12-23 15:17:58 - mkk_pika - main.py:83 - INFO - 找到 23 张图片在:第5集
2025-12-23 15:17:59 - mkk_pika - main.py:112 - INFO - [episode:第5集       ] downloaded:    23, total:  23, progress:100%
2025-12-23 15:17:59 - mkk_pika - database.py:238 - INFO - 数据库更新已下载章节
2025-12-23 15:17:59 - mkk_pika - database.py:244 - INFO - 该漫画已下载章节如下
2025-12-23 15:17:59 - mkk_pika - database.py:245 - INFO - ['第1集', '第2集', '第3集', '第4集', '第5集']
2025-12-23 15:18:00 - mkk_pika - main.py:347 - INFO - ==================== 漫画信息 ====================
                                   漫画ID：582186115f6b9a4f93dc4437
                                   标题：幻想乡乐园计划1-5
                                   作者：不明
                                   是否完结：是
                                   总页数：115
                                   分类：同人,短篇,全彩,東方
                                   章节数：5
                                   最后更新时间：2006-07-15T08:47:32.000Z
                                   =================================================
2025-12-23 15:18:00 - mkk_pika - database.py:101 - INFO - 保存成功：幻想乡乐园计划1-5
2025-12-23 15:18:00 - mkk_pika - main.py:35 - INFO - 开始检查幻想乡乐园计划6-10是否存在未下载章节
2025-12-23 15:18:00 - mkk_pika - main.py:45 - INFO - 正在下载:[幻想乡乐园计划6-10]-[不明]-[['同人', '短篇', '全彩', '東方']]-[total_pages:122]
2025-12-23 15:18:00 - mkk_pika - main.py:49 - INFO - [{'_id': '582186155f6b9a4f93dc458d', 'title': '第1集', 'order': 1, 'updated_at': '2016-11-08T08:00:21.823Z', 'id': '582186155f6b9a4f93dc458d'}, {'_id': '582186165f6b9a4f93dc45bf', 'title': '第2集', 'order': 2, 'updated_at': '2016-11-08T08:00:22.277Z', 'id': '582186165f6b9a4f93dc45bf'}, {'_id': '582186165f6b9a4f93dc45f1', 'title': '第3集', 'order': 3, 'updated_at': '2016-11-08T08:00:22.948Z', 'id': '582186165f6b9a4f93dc45f1'}, {'_id': '582186175f6b9a4f93dc4625', 'title': '第4集', 'order': 4, 'updated_at': '2016-11-08T08:00:23.634Z', 'id': '582186175f6b9a4f93dc4625'}, {'_id': '582186185f6b9a4f93dc4659', 'title': '第5集', 'order': 5, 'updated_at': '2016-11-08T08:00:24.385Z', 'id': '582186185f6b9a4f93dc4659'}]
2025-12-23 15:18:00 - mkk_pika - database.py:215 - INFO - 第一次下载该漫画，记录数据库中
2025-12-23 15:18:01 - mkk_pika - main.py:83 - INFO - 找到 24 张图片在:第1集
2025-12-23 15:18:02 - mkk_pika - main.py:112 - INFO - [episode:第1集       ] downloaded:    24, total:  24, progress:100%
2025-12-23 15:18:02 - mkk_pika - database.py:238 - INFO - 数据库更新已下载章节
2025-12-23 15:18:02 - mkk_pika - database.py:244 - INFO - 该漫画已下载章节如下
2025-12-23 15:18:02 - mkk_pika - database.py:245 - INFO - ['第1集']
2025-12-23 15:18:03 - mkk_pika - main.py:83 - INFO - 找到 24 张图片在:第2集
2025-12-23 15:18:04 - mkk_pika - main.py:112 - INFO - [episode:第2集       ] downloaded:    24, total:  24, progress:100%
2025-12-23 15:18:04 - mkk_pika - database.py:238 - INFO - 数据库更新已下载章节
2025-12-23 15:18:04 - mkk_pika - database.py:244 - INFO - 该漫画已下载章节如下
2025-12-23 15:18:04 - mkk_pika - database.py:245 - INFO - ['第1集', '第2集']
2025-12-23 15:18:06 - mkk_pika - main.py:83 - INFO - 找到 25 张图片在:第3集
2025-12-23 15:18:06 - mkk_pika - main.py:112 - INFO - [episode:第3集       ] downloaded:    25, total:  25, progress:100%
2025-12-23 15:18:06 - mkk_pika - database.py:238 - INFO - 数据库更新已下载章节
2025-12-23 15:18:06 - mkk_pika - database.py:244 - INFO - 该漫画已下载章节如下
2025-12-23 15:18:06 - mkk_pika - database.py:245 - INFO - ['第1集', '第2集', '第3集']
2025-12-23 15:18:08 - mkk_pika - main.py:83 - INFO - 找到 25 张图片在:第4集
2025-12-23 15:18:09 - mkk_pika - main.py:112 - INFO - [episode:第4集       ] downloaded:    25, total:  25, progress:100%
2025-12-23 15:18:09 - mkk_pika - database.py:238 - INFO - 数据库更新已下载章节
2025-12-23 15:18:09 - mkk_pika - database.py:244 - INFO - 该漫画已下载章节如下
2025-12-23 15:18:09 - mkk_pika - database.py:245 - INFO - ['第1集', '第2集', '第3集', '第4集']
2025-12-23 15:18:10 - mkk_pika - main.py:83 - INFO - 找到 24 张图片在:第5集
2025-12-23 15:18:11 - mkk_pika - main.py:112 - INFO - [episode:第5集       ] downloaded:    24, total:  24, progress:100%
2025-12-23 15:18:11 - mkk_pika - database.py:238 - INFO - 数据库更新已下载章节
2025-12-23 15:18:11 - mkk_pika - database.py:244 - INFO - 该漫画已下载章节如下
2025-12-23 15:18:11 - mkk_pika - database.py:245 - INFO - ['第1集', '第2集', '第3集', '第4集', '第5集']
2025-12-23 15:18:12 - mkk_pika - main.py:347 - INFO - ==================== 漫画信息 ====================
                                   漫画ID：582186155f6b9a4f93dc458b
                                   标题：幻想乡乐园计划6-10
                                   作者：不明
                                   是否完结：是
                                   总页数：122
                                   分类：同人,短篇,全彩,東方
                                   章节数：5
                                   最后更新时间：2006-07-16T14:47:32.000Z
                                   =================================================
2025-12-23 15:18:12 - mkk_pika - database.py:101 - INFO - 保存成功：幻想乡乐园计划6-10
2025-12-23 15:18:12 - mkk_pika - main.py:35 - INFO - 开始检查凌辱祭是否存在未下载章节
2025-12-23 15:18:13 - mkk_pika - main.py:45 - INFO - 正在下载:[凌辱祭]-[断華ナオキ]-[['人妻', '長篇', '強暴']]-[total_pages:181]
2025-12-23 15:18:13 - mkk_pika - main.py:49 - INFO - [{'_id': '5821861c5f6b9a4f93dc49e1', 'title': '第1集', 'order': 1, 'updated_at': '2016-11-08T08:00:28.997Z', 'id': '5821861c5f6b9a4f93dc49e1'}]
2025-12-23 15:18:13 - mkk_pika - database.py:215 - INFO - 第一次下载该漫画，记录数据库中
2025-12-23 15:18:15 - mkk_pika - main.py:83 - INFO - 找到 181 张图片在:第1集
2025-12-23 15:18:19 - mkk_pika - main.py:112 - INFO - [episode:第1集       ] downloaded:   181, total: 181, progress:100%
2025-12-23 15:18:19 - mkk_pika - database.py:238 - INFO - 数据库更新已下载章节
2025-12-23 15:18:19 - mkk_pika - database.py:244 - INFO - 该漫画已下载章节如下
2025-12-23 15:18:19 - mkk_pika - database.py:245 - INFO - ['第1集']
2025-12-23 15:18:20 - mkk_pika - main.py:347 - INFO - ==================== 漫画信息 ====================
                                   漫画ID：5821861c5f6b9a4f93dc49df
                                   标题：凌辱祭
                                   作者：断華ナオキ
                                   是否完结：是
                                   总页数：181
                                   分类：人妻,長篇,強暴
                                   章节数：1
                                   最后更新时间：2006-07-17T20:47:32.000Z
                                   =================================================
2025-12-23 15:18:20 - mkk_pika - database.py:101 - INFO - 保存成功：凌辱祭
2025-12-23 15:18:20 - mkk_pika - main.py:35 - INFO - 开始检查【CE汉化组】(C84) (同人誌) [NEK WKs (さより)] ネコぱら01 (オリジナル)是否存在未下载章节
2025-12-23 15:18:21 - mkk_pika - main.py:45 - INFO - 正在下载:[【CE汉化组】(C84) (同人誌) [NEK WKs (さより)] ネコぱら01 (オリジナル)]-[SAYORI]-[['同人', '短篇', '全彩', '非人類']]-[total_pages:47]
2025-12-23 15:18:21 - mkk_pika - main.py:49 - INFO - [{'_id': '582186205f6b9a4f93dc4e27', 'title': '第1集', 'order': 1, 'updated_at': '2016-11-08T08:00:32.398Z', 'id': '582186205f6b9a4f93dc4e27'}, {'_id': '582186205f6b9a4f93dc4e4d', 'title': '第2集', 'order': 2, 'updated_at': '2016-11-08T08:00:32.751Z', 'id': '582186205f6b9a4f93dc4e4d'}]
2025-12-23 15:18:21 - mkk_pika - database.py:215 - INFO - 第一次下载该漫画，记录数据库中
2025-12-23 15:18:21 - mkk_pika - main.py:83 - INFO - 找到 18 张图片在:第1集
2025-12-23 15:18:22 - mkk_pika - main.py:112 - INFO - [episode:第1集       ] downloaded:    18, total:  18, progress:100%
2025-12-23 15:18:22 - mkk_pika - database.py:238 - INFO - 数据库更新已下载章节
2025-12-23 15:18:22 - mkk_pika - database.py:244 - INFO - 该漫画已下载章节如下
2025-12-23 15:18:22 - mkk_pika - database.py:245 - INFO - ['第1集']
2025-12-23 15:18:24 - mkk_pika - main.py:83 - INFO - 找到 29 张图片在:第2集
2025-12-23 15:18:24 - mkk_pika - main.py:112 - INFO - [episode:第2集       ] downloaded:    29, total:  29, progress:100%
2025-12-23 15:18:24 - mkk_pika - database.py:238 - INFO - 数据库更新已下载章节
2025-12-23 15:18:24 - mkk_pika - database.py:244 - INFO - 该漫画已下载章节如下
2025-12-23 15:18:24 - mkk_pika - database.py:245 - INFO - ['第1集', '第2集']
2025-12-23 15:18:26 - mkk_pika - main.py:347 - INFO - ==================== 漫画信息 ====================
                                   漫画ID：582186205f6b9a4f93dc4e25
                                   标题：【CE汉化组】(C84) (同人誌) [NEK WKs (さより)] ネコぱら01 (オリジナル)
                                   作者：SAYORI
                                   是否完结：是
                                   总页数：47
                                   分类：同人,短篇,全彩,非人類
                                   章节数：2
                                   最后更新时间：2006-07-19T02:47:32.000Z
                                   =================================================
2025-12-23 15:18:26 - mkk_pika - database.py:101 - INFO - 保存成功：【CE汉化组】(C84) (同人誌) [NEK WKs (さより)] ネコぱら01 (オリジナル)
2025-12-23 15:18:26 - mkk_pika - main.py:35 - INFO - 开始检查【无毒汉化组】(C84) (同人誌) [竹とんぼ ()] てるもこすわっぷ (東方Project) [DL版]是否存在未下载章节
2025-12-23 15:18:26 - mkk_pika - main.py:45 - INFO - 正在下载:[【无毒汉化组】(C84) (同人誌) [竹とんぼ ()] てるもこすわっぷ (東方Project) [DL版]]-[菜葉]-[['百合花園', '東方']]-[total_pages:25]
2025-12-23 15:18:26 - mkk_pika - main.py:49 - INFO - [{'_id': '582186215f6b9a4f93dc4ebd', 'title': '第1集', 'order': 1, 'updated_at': '2016-11-08T08:00:33.807Z', 'id': '582186215f6b9a4f93dc4ebd'}]
2025-12-23 15:18:26 - mkk_pika - database.py:215 - INFO - 第一次下载该漫画，记录数据库中
2025-12-23 15:18:27 - mkk_pika - main.py:83 - INFO - 找到 25 张图片在:第1集
2025-12-23 15:18:27 - mkk_pika - main.py:112 - INFO - [episode:第1集       ] downloaded:    25, total:  25, progress:100%
2025-12-23 15:18:27 - mkk_pika - database.py:238 - INFO - 数据库更新已下载章节
2025-12-23 15:18:27 - mkk_pika - database.py:244 - INFO - 该漫画已下载章节如下
2025-12-23 15:18:27 - mkk_pika - database.py:245 - INFO - ['第1集']
2025-12-23 15:18:29 - mkk_pika - main.py:347 - INFO - ==================== 漫画信息 ====================
                                   漫画ID：582186215f6b9a4f93dc4ebb
                                   标题：【无毒汉化组】(C84) (同人誌) [竹とんぼ ()] てるもこすわっぷ (東方Project) [DL版]
                                   作者：菜葉
                                   是否完结：是
                                   总页数：25
                                   分类：百合花園,東方
                                   章节数：1
                                   最后更新时间：2006-07-19T22:47:32.000Z
                                   =================================================
2025-12-23 15:18:29 - mkk_pika - database.py:101 - INFO - 保存成功：【无毒汉化组】(C84) (同人誌) [竹とんぼ ()] てるもこすわっぷ (東方Project) [DL版]
2025-12-23 15:18:29 - mkk_pika - main.py:35 - INFO - 开始检查綾香の共有性活是否存在未下载章节
2025-12-23 15:18:29 - mkk_pika - main.py:45 - INFO - 正在下载:[綾香の共有性活]-[KOJIROU]-[['長篇', 'NTR']]-[total_pages:184]
2025-12-23 15:18:29 - mkk_pika - main.py:49 - INFO - [{'_id': '582186225f6b9a4f93dc4ef3', 'title': '第1集', 'order': 1, 'updated_at': '2016-11-08T08:00:34.514Z', 'id': '582186225f6b9a4f93dc4ef3'}]
2025-12-23 15:18:29 - mkk_pika - database.py:215 - INFO - 第一次下载该漫画，记录数据库中
2025-12-23 15:18:31 - mkk_pika - main.py:83 - INFO - 找到 184 张图片在:第1集
2025-12-23 15:18:36 - mkk_pika - main.py:112 - INFO - [episode:第1集       ] downloaded:   184, total: 184, progress:100%
2025-12-23 15:18:36 - mkk_pika - database.py:238 - INFO - 数据库更新已下载章节
2025-12-23 15:18:36 - mkk_pika - database.py:244 - INFO - 该漫画已下载章节如下
2025-12-23 15:18:36 - mkk_pika - database.py:245 - INFO - ['第1集']
2025-12-23 15:18:37 - mkk_pika - main.py:347 - INFO - ==================== 漫画信息 ====================
                                   漫画ID：582186215f6b9a4f93dc4ef1
                                   标题：綾香の共有性活
                                   作者：KOJIROU
                                   是否完结：是
                                   总页数：184
                                   分类：長篇,NTR
                                   章节数：1
                                   最后更新时间：2006-07-20T08:47:32.000Z
                                   =================================================
2025-12-23 15:18:37 - mkk_pika - database.py:101 - INFO - 保存成功：綾香の共有性活
2025-12-23 15:18:37 - mkk_pika - main.py:35 - INFO - 开始检查幽靈抓迷藏是否存在未下载章节
2025-12-23 15:18:37 - mkk_pika - main.py:45 - INFO - 正在下载:[幽靈抓迷藏]-[alansmithee]-[['長篇', '強暴']]-[total_pages:111]
2025-12-23 15:18:37 - mkk_pika - main.py:49 - INFO - [{'_id': '582186235f6b9a4f93dc5067', 'title': '第1集', 'order': 1, 'updated_at': '2016-11-08T08:00:35.833Z', 'id': '582186235f6b9a4f93dc5067'}]
2025-12-23 15:18:37 - mkk_pika - database.py:215 - INFO - 第一次下载该漫画，记录数据库中
2025-12-23 15:18:39 - mkk_pika - main.py:83 - INFO - 找到 111 张图片在:第1集
2025-12-23 15:18:41 - mkk_pika - main.py:112 - INFO - [episode:第1集       ] downloaded:   111, total: 111, progress:100%
2025-12-23 15:18:41 - mkk_pika - database.py:238 - INFO - 数据库更新已下载章节
2025-12-23 15:18:41 - mkk_pika - database.py:244 - INFO - 该漫画已下载章节如下
2025-12-23 15:18:41 - mkk_pika - database.py:245 - INFO - ['第1集']
2025-12-23 15:18:43 - mkk_pika - main.py:347 - INFO - ==================== 漫画信息 ====================
                                   漫画ID：582186235f6b9a4f93dc5065
                                   标题：幽靈抓迷藏
                                   作者：alansmithee
                                   是否完结：是
                                   总页数：111
                                   分类：長篇,強暴
                                   章节数：1
                                   最后更新时间：2006-07-20T18:47:32.000Z
                                   =================================================
2025-12-23 15:18:43 - mkk_pika - database.py:101 - INFO - 保存成功：幽靈抓迷藏
2025-12-23 15:18:43 - mkk_pika - main.py:35 - INFO - 开始检查白玉楼で御休憩是否存在未下载章节
2025-12-23 15:18:43 - mkk_pika - main.py:45 - INFO - 正在下载:[白玉楼で御休憩]-[逢魔刻壱]-[['同人', '東方']]-[total_pages:15]
2025-12-23 15:18:43 - mkk_pika - main.py:49 - INFO - [{'_id': '582186255f6b9a4f93dc5149', 'title': '第1集', 'order': 1, 'updated_at': '2016-11-08T08:00:37.165Z', 'id': '582186255f6b9a4f93dc5149'}]
2025-12-23 15:18:43 - mkk_pika - database.py:215 - INFO - 第一次下载该漫画，记录数据库中
2025-12-23 15:18:44 - mkk_pika - main.py:83 - INFO - 找到 15 张图片在:第1集
2025-12-23 15:18:45 - mkk_pika - main.py:112 - INFO - [episode:第1集       ] downloaded:    15, total:  15, progress:100%
2025-12-23 15:18:45 - mkk_pika - database.py:238 - INFO - 数据库更新已下载章节
2025-12-23 15:18:45 - mkk_pika - database.py:244 - INFO - 该漫画已下载章节如下
2025-12-23 15:18:45 - mkk_pika - database.py:245 - INFO - ['第1集']
2025-12-23 15:18:46 - mkk_pika - main.py:347 - INFO - ==================== 漫画信息 ====================
                                   漫画ID：582186245f6b9a4f93dc5147
                                   标题：白玉楼で御休憩
                                   作者：逢魔刻壱
                                   是否完结：是
                                   总页数：15
                                   分类：同人,東方
                                   章节数：1
                                   最后更新时间：2006-07-21T04:47:32.000Z
                                   =================================================
2025-12-23 15:18:46 - mkk_pika - database.py:101 - INFO - 保存成功：白玉楼で御休憩
2025-12-23 15:18:46 - mkk_pika - main.py:35 - INFO - 开始检查恋をするのが仕事です1是否存在未下载章节
2025-12-23 15:18:46 - mkk_pika - main.py:45 - INFO - 正在下载:[恋をするのが仕事です1]-[晴见千寻（ハルミチヒロ）]-[['長篇', '姐姐系']]-[total_pages:205]
2025-12-23 15:18:46 - mkk_pika - main.py:49 - INFO - [{'_id': '582186295f6b9a4f93dc53c5', 'title': '第1集', 'order': 1, 'updated_at': '2016-11-08T08:00:41.550Z', 'id': '582186295f6b9a4f93dc53c5'}]
2025-12-23 15:18:46 - mkk_pika - database.py:215 - INFO - 第一次下载该漫画，记录数据库中
2025-12-23 15:18:49 - mkk_pika - main.py:83 - INFO - 找到 205 张图片在:第1集
2025-12-23 15:18:54 - mkk_pika - main.py:112 - INFO - [episode:第1集       ] downloaded:   205, total: 205, progress:100%
2025-12-23 15:18:54 - mkk_pika - database.py:238 - INFO - 数据库更新已下载章节
2025-12-23 15:18:54 - mkk_pika - database.py:244 - INFO - 该漫画已下载章节如下
2025-12-23 15:18:54 - mkk_pika - database.py:245 - INFO - ['第1集']
2025-12-23 15:18:55 - mkk_pika - main.py:347 - INFO - ==================== 漫画信息 ====================
                                   漫画ID：582186285f6b9a4f93dc53c3
                                   标题：恋をするのが仕事です1
                                   作者：晴见千寻（ハルミチヒロ）
                                   是否完结：是
                                   总页数：205
                                   分类：長篇,姐姐系
                                   章节数：1
                                   最后更新时间：2006-07-22T10:47:32.000Z
                                   =================================================
2025-12-23 15:18:55 - mkk_pika - database.py:101 - INFO - 保存成功：恋をするのが仕事です1
2025-12-23 15:18:55 - mkk_pika - main.py:35 - INFO - 开始检查恋をするのが仕事です2是否存在未下载章节
2025-12-23 15:18:55 - mkk_pika - main.py:45 - INFO - 正在下载:[恋をするのが仕事です2]-[晴见千寻（ハルミチヒロ）]-[['長篇']]-[total_pages:195]
2025-12-23 15:18:55 - mkk_pika - main.py:49 - INFO - [{'_id': '5821862a5f6b9a4f93dc5563', 'title': '第1集', 'order': 1, 'updated_at': '2016-11-08T08:00:42.583Z', 'id': '5821862a5f6b9a4f93dc5563'}]
2025-12-23 15:18:55 - mkk_pika - database.py:215 - INFO - 第一次下载该漫画，记录数据库中
2025-12-23 15:18:57 - mkk_pika - main.py:83 - INFO - 找到 195 张图片在:第1集
2025-12-23 15:19:02 - mkk_pika - main.py:112 - INFO - [episode:第1集       ] downloaded:   195, total: 195, progress:100%
2025-12-23 15:19:02 - mkk_pika - database.py:238 - INFO - 数据库更新已下载章节
2025-12-23 15:19:02 - mkk_pika - database.py:244 - INFO - 该漫画已下载章节如下
2025-12-23 15:19:02 - mkk_pika - database.py:245 - INFO - ['第1集']
2025-12-23 15:19:04 - mkk_pika - main.py:347 - INFO - ==================== 漫画信息 ====================
                                   漫画ID：5821862a5f6b9a4f93dc5561
                                   标题：恋をするのが仕事です2
                                   作者：晴见千寻（ハルミチヒロ）
                                   是否完结：是
                                   总页数：195
                                   分类：長篇
                                   章节数：1
                                   最后更新时间：2006-07-22T20:47:32.000Z
                                   =================================================
2025-12-23 15:19:04 - mkk_pika - database.py:101 - INFO - 保存成功：恋をするのが仕事です2
2025-12-23 15:19:04 - mkk_pika - main.py:35 - INFO - 开始检查恋をするのが仕事です3是否存在未下载章节
2025-12-23 15:19:04 - mkk_pika - main.py:45 - INFO - 正在下载:[恋をするのが仕事です3]-[晴见千寻（ハルミチヒロ）]-[['長篇']]-[total_pages:196]
2025-12-23 15:19:04 - mkk_pika - main.py:49 - INFO - [{'_id': '5821862b5f6b9a4f93dc56ed', 'title': '第1集', 'order': 1, 'updated_at': '2016-11-08T08:00:43.903Z', 'id': '5821862b5f6b9a4f93dc56ed'}]
2025-12-23 15:19:04 - mkk_pika - database.py:215 - INFO - 第一次下载该漫画，记录数据库中
2025-12-23 15:19:06 - mkk_pika - main.py:83 - INFO - 找到 196 张图片在:第1集
2025-12-23 15:19:11 - mkk_pika - main.py:112 - INFO - [episode:第1集       ] downloaded:   196, total: 196, progress:100%
2025-12-23 15:19:11 - mkk_pika - database.py:238 - INFO - 数据库更新已下载章节
2025-12-23 15:19:11 - mkk_pika - database.py:244 - INFO - 该漫画已下载章节如下
2025-12-23 15:19:11 - mkk_pika - database.py:245 - INFO - ['第1集']
2025-12-23 15:19:12 - mkk_pika - main.py:347 - INFO - ==================== 漫画信息 ====================
                                   漫画ID：5821862b5f6b9a4f93dc56eb
                                   标题：恋をするのが仕事です3
                                   作者：晴见千寻（ハルミチヒロ）
                                   是否完结：是
                                   总页数：196
                                   分类：長篇
                                   章节数：1
                                   最后更新时间：2006-07-23T06:47:32.000Z
                                   =================================================
2025-12-23 15:19:12 - mkk_pika - database.py:101 - INFO - 保存成功：恋をするのが仕事です3
2025-12-23 15:19:12 - mkk_pika - main.py:35 - INFO - 开始检查小悪魔カノジョ是否存在未下载章节
2025-12-23 15:19:13 - mkk_pika - main.py:45 - INFO - 正在下载:[小悪魔カノジョ]-[Hisasi]-[['長篇', '妹妹系']]-[total_pages:186]
2025-12-23 15:19:13 - mkk_pika - main.py:49 - INFO - [{'_id': '5821862e5f6b9a4f93dc5afb', 'title': '第1集', 'order': 1, 'updated_at': '2016-11-08T08:00:46.555Z', 'id': '5821862e5f6b9a4f93dc5afb'}]
2025-12-23 15:19:13 - mkk_pika - database.py:215 - INFO - 第一次下载该漫画，记录数据库中
2025-12-23 15:19:15 - mkk_pika - main.py:83 - INFO - 找到 186 张图片在:第1集
2025-12-23 15:19:20 - mkk_pika - main.py:112 - INFO - [episode:第1集       ] downloaded:   186, total: 186, progress:100%
2025-12-23 15:19:20 - mkk_pika - database.py:238 - INFO - 数据库更新已下载章节
2025-12-23 15:19:20 - mkk_pika - database.py:244 - INFO - 该漫画已下载章节如下
2025-12-23 15:19:20 - mkk_pika - database.py:245 - INFO - ['第1集']
2025-12-23 15:19:21 - mkk_pika - main.py:347 - INFO - ==================== 漫画信息 ====================
                                   漫画ID：5821862e5f6b9a4f93dc5af9
                                   标题：小悪魔カノジョ
                                   作者：Hisasi
                                   是否完结：是
                                   总页数：186
                                   分类：長篇,妹妹系
                                   章节数：1
                                   最后更新时间：2006-07-24T12:47:32.000Z
                                   =================================================
2025-12-23 15:19:21 - mkk_pika - database.py:101 - INFO - 保存成功：小悪魔カノジョ
2025-12-23 15:19:21 - mkk_pika - main.py:35 - INFO - 开始检查百度娘是否存在未下载章节
2025-12-23 15:19:21 - mkk_pika - main.py:45 - INFO - 正在下载:[百度娘]-[不明]-[['同人', '非人類']]-[total_pages:45]
2025-12-23 15:19:21 - mkk_pika - main.py:49 - INFO - [{'_id': '582186315f6b9a4f93dc5de9', 'title': '第1集', 'order': 1, 'updated_at': '2016-11-08T08:00:49.365Z', 'id': '582186315f6b9a4f93dc5de9'}, {'_id': '582186315f6b9a4f93dc5e21', 'title': '第2集', 'order': 2, 'updated_at': '2016-11-08T08:00:49.943Z', 'id': '582186315f6b9a4f93dc5e21'}]
2025-12-23 15:19:21 - mkk_pika - database.py:215 - INFO - 第一次下载该漫画，记录数据库中
2025-12-23 15:19:22 - mkk_pika - main.py:83 - INFO - 找到 27 张图片在:第1集
2025-12-23 15:19:23 - mkk_pika - main.py:112 - INFO - [episode:第1集       ] downloaded:    27, total:  27, progress:100%
2025-12-23 15:19:23 - mkk_pika - database.py:238 - INFO - 数据库更新已下载章节
2025-12-23 15:19:23 - mkk_pika - database.py:244 - INFO - 该漫画已下载章节如下
2025-12-23 15:19:23 - mkk_pika - database.py:245 - INFO - ['第1集']
2025-12-23 15:19:24 - mkk_pika - main.py:83 - INFO - 找到 18 张图片在:第2集
2025-12-23 15:19:25 - mkk_pika - main.py:112 - INFO - [episode:第2集       ] downloaded:    18, total:  18, progress:100%
2025-12-23 15:19:25 - mkk_pika - database.py:238 - INFO - 数据库更新已下载章节
2025-12-23 15:19:25 - mkk_pika - database.py:244 - INFO - 该漫画已下载章节如下
2025-12-23 15:19:25 - mkk_pika - database.py:245 - INFO - ['第1集', '第2集']
2025-12-23 15:19:26 - mkk_pika - main.py:347 - INFO - ==================== 漫画信息 ====================
                                   漫画ID：582186305f6b9a4f93dc5de7
                                   标题：百度娘
                                   作者：不明
                                   是否完结：是
                                   总页数：45
                                   分类：同人,非人類
                                   章节数：2
                                   最后更新时间：2006-07-25T08:47:32.000Z
                                   =================================================
2025-12-23 15:19:26 - mkk_pika - database.py:101 - INFO - 保存成功：百度娘
2025-12-23 15:19:26 - mkk_pika - main.py:35 - INFO - 开始检查ファーストタッチ フルカラー 初次體驗的接觸是否存在未下载章节
2025-12-23 15:19:27 - mkk_pika - main.py:45 - INFO - 正在下载:[ファーストタッチ フルカラー 初次體驗的接觸]-[筱冢醸二]-[['長篇', '全彩']]-[total_pages:126]
2025-12-23 15:19:27 - mkk_pika - main.py:49 - INFO - [{'_id': '5821863a5f6b9a4f93dc63ff', 'title': '第1集', 'order': 1, 'updated_at': '2016-11-08T08:00:58.642Z', 'id': '5821863a5f6b9a4f93dc63ff'}]
2025-12-23 15:19:27 - mkk_pika - database.py:215 - INFO - 第一次下载该漫画，记录数据库中
2025-12-23 15:19:28 - mkk_pika - main.py:83 - INFO - 找到 126 张图片在:第1集
2025-12-23 15:19:32 - mkk_pika - main.py:112 - INFO - [episode:第1集       ] downloaded:   126, total: 126, progress:100%
2025-12-23 15:19:32 - mkk_pika - database.py:238 - INFO - 数据库更新已下载章节
2025-12-23 15:19:32 - mkk_pika - database.py:244 - INFO - 该漫画已下载章节如下
2025-12-23 15:19:32 - mkk_pika - database.py:245 - INFO - ['第1集']
2025-12-23 15:19:33 - mkk_pika - main.py:347 - INFO - ==================== 漫画信息 ====================
                                   漫画ID：5821863a5f6b9a4f93dc63fd
                                   标题：ファーストタッチ フルカラー 初次體驗的接觸
                                   作者：筱冢醸二
                                   是否完结：是
                                   总页数：126
                                   分类：長篇,全彩
                                   章节数：1
                                   最后更新时间：2006-07-28T16:47:32.000Z
                                   =================================================
2025-12-23 15:19:33 - mkk_pika - database.py:101 - INFO - 保存成功：ファーストタッチ フルカラー 初次體驗的接觸
2025-12-23 15:19:33 - mkk_pika - main.py:35 - INFO - 开始检查 め是否存在未下载章节
2025-12-23 15:19:33 - mkk_pika - main.py:45 - INFO - 正在下载:[ め]-[とろしお]-[['長篇', '全彩']]-[total_pages:117]
2025-12-23 15:19:33 - mkk_pika - main.py:49 - INFO - [{'_id': '5821863b5f6b9a4f93dc64ff', 'title': '第1集', 'order': 1, 'updated_at': '2016-11-08T08:00:59.287Z', 'id': '5821863b5f6b9a4f93dc64ff'}]
2025-12-23 15:19:33 - mkk_pika - database.py:215 - INFO - 第一次下载该漫画，记录数据库中
2025-12-23 15:19:34 - mkk_pika - main.py:83 - INFO - 找到 117 张图片在:第1集
2025-12-23 15:19:37 - mkk_pika - main.py:112 - INFO - [episode:第1集       ] downloaded:   117, total: 117, progress:100%
2025-12-23 15:19:37 - mkk_pika - database.py:238 - INFO - 数据库更新已下载章节
2025-12-23 15:19:37 - mkk_pika - database.py:244 - INFO - 该漫画已下载章节如下
2025-12-23 15:19:37 - mkk_pika - database.py:245 - INFO - ['第1集']
2025-12-23 15:19:39 - mkk_pika - main.py:347 - INFO - ==================== 漫画信息 ====================
                                   漫画ID：5821863b5f6b9a4f93dc64fd
                                   标题： め
                                   作者：とろしお
                                   是否完结：是
                                   总页数：117
                                   分类：長篇,全彩
                                   章节数：1
                                   最后更新时间：2006-07-29T02:47:32.000Z
                                   =================================================
2025-12-23 15:19:39 - mkk_pika - database.py:101 - INFO - 保存成功： め
2025-12-23 15:19:39 - mkk_pika - main.py:35 - INFO - 开始检查加賀さんの気分が高揚する素敵な飲料 (艦隊これくしょん-艦これ-)是否存在未下载章节
2025-12-23 15:19:39 - mkk_pika - main.py:45 - INFO - 正在下载:[加賀さんの気分が高揚する素敵な飲料 (艦隊これくしょん-艦これ-)]-[FRAC]-[['同人', '短篇', '艦隊收藏']]-[total_pages:10]
2025-12-23 15:19:39 - mkk_pika - main.py:49 - INFO - [{'_id': '5821863c5f6b9a4f93dc6617', 'title': '第1集', 'order': 1, 'updated_at': '2016-11-08T08:01:00.512Z', 'id': '5821863c5f6b9a4f93dc6617'}]
2025-12-23 15:19:39 - mkk_pika - database.py:215 - INFO - 第一次下载该漫画，记录数据库中
2025-12-23 15:19:40 - mkk_pika - main.py:83 - INFO - 找到 10 张图片在:第1集
2025-12-23 15:19:40 - mkk_pika - main.py:112 - INFO - [episode:第1集       ] downloaded:    10, total:  10, progress:100%
2025-12-23 15:19:40 - mkk_pika - database.py:238 - INFO - 数据库更新已下载章节
2025-12-23 15:19:40 - mkk_pika - database.py:244 - INFO - 该漫画已下载章节如下
2025-12-23 15:19:40 - mkk_pika - database.py:245 - INFO - ['第1集']
2025-12-23 15:19:41 - mkk_pika - main.py:347 - INFO - ==================== 漫画信息 ====================
                                   漫画ID：5821863b5f6b9a4f93dc6615
                                   标题：加賀さんの気分が高揚する素敵な飲料 (艦隊これくしょん-艦これ-)
                                   作者：FRAC
                                   是否完结：是
                                   总页数：10
                                   分类：同人,短篇,艦隊收藏
                                   章节数：1
                                   最后更新时间：2006-07-29T22:47:32.000Z
                                   =================================================
2025-12-23 15:19:41 - mkk_pika - database.py:101 - INFO - 保存成功：加賀さんの気分が高揚する素敵な飲料 (艦隊これくしょん-艦これ-)
2025-12-23 15:19:41 - mkk_pika - main.py:35 - INFO - 开始检查提督！私が一番よねっ! (艦隊これくしょん -艦これ-)是否存在未下载章节
2025-12-23 15:19:42 - mkk_pika - main.py:45 - INFO - 正在下载:[提督！私が一番よねっ! (艦隊これくしょん -艦これ-)]-[サンクリ64]-[['同人', '短篇', '艦隊收藏', '全彩']]-[total_pages:17]
2025-12-23 15:19:42 - mkk_pika - main.py:49 - INFO - [{'_id': '5821863c5f6b9a4f93dc662f', 'title': '第1集', 'order': 1, 'updated_at': '2016-11-08T08:01:00.842Z', 'id': '5821863c5f6b9a4f93dc662f'}]
2025-12-23 15:19:42 - mkk_pika - database.py:215 - INFO - 第一次下载该漫画，记录数据库中
2025-12-23 15:19:42 - mkk_pika - main.py:83 - INFO - 找到 17 张图片在:第1集
2025-12-23 15:19:43 - mkk_pika - main.py:112 - INFO - [episode:第1集       ] downloaded:    17, total:  17, progress:100%
2025-12-23 15:19:43 - mkk_pika - database.py:238 - INFO - 数据库更新已下载章节
2025-12-23 15:19:43 - mkk_pika - database.py:244 - INFO - 该漫画已下载章节如下
2025-12-23 15:19:43 - mkk_pika - database.py:245 - INFO - ['第1集']
2025-12-23 15:19:44 - mkk_pika - main.py:347 - INFO - ==================== 漫画信息 ====================
                                   漫画ID：5821863c5f6b9a4f93dc662d
                                   标题：提督！私が一番よねっ! (艦隊これくしょん -艦これ-)
                                   作者：サンクリ64
                                   是否完结：是
                                   总页数：17
                                   分类：同人,短篇,艦隊收藏,全彩
                                   章节数：1
                                   最后更新时间：2006-07-30T08:47:32.000Z
                                   =================================================
2025-12-23 15:19:44 - mkk_pika - database.py:101 - INFO - 保存成功：提督！私が一番よねっ! (艦隊これくしょん -艦これ-)
2025-12-23 15:19:44 - mkk_pika - main.py:35 - INFO - 开始检查Glty是否存在未下载章节
2025-12-23 15:19:44 - mkk_pika - main.py:45 - INFO - 正在下载:[Glty]-[Cuvie]-[['短篇']]-[total_pages:205]
2025-12-23 15:19:44 - mkk_pika - main.py:49 - INFO - [{'_id': '5821863d5f6b9a4f93dc6655', 'title': '第1集', 'order': 1, 'updated_at': '2016-11-08T08:01:01.258Z', 'id': '5821863d5f6b9a4f93dc6655'}]
2025-12-23 15:19:44 - mkk_pika - database.py:215 - INFO - 第一次下载该漫画，记录数据库中
2025-12-23 15:19:47 - mkk_pika - main.py:83 - INFO - 找到 205 张图片在:第1集
2025-12-23 15:19:52 - mkk_pika - main.py:112 - INFO - [episode:第1集       ] downloaded:   205, total: 205, progress:100%
2025-12-23 15:19:52 - mkk_pika - database.py:238 - INFO - 数据库更新已下载章节
2025-12-23 15:19:52 - mkk_pika - database.py:244 - INFO - 该漫画已下载章节如下
2025-12-23 15:19:52 - mkk_pika - database.py:245 - INFO - ['第1集']
2025-12-23 15:19:54 - mkk_pika - main.py:347 - INFO - ==================== 漫画信息 ====================
                                   漫画ID：5821863c5f6b9a4f93dc6653
                                   标题：Glty
                                   作者：Cuvie
                                   是否完结：是
                                   总页数：205
                                   分类：短篇
                                   章节数：1
                                   最后更新时间：2006-07-30T18:47:32.000Z
                                   =================================================
2025-12-23 15:19:54 - mkk_pika - database.py:101 - INFO - 保存成功：Glty
2025-12-23 15:19:54 - mkk_pika - main.py:35 - INFO - 开始检查鄰居的大姐姐是否存在未下载章节
2025-12-23 15:19:54 - mkk_pika - main.py:45 - INFO - 正在下载:[鄰居的大姐姐]-[不明]-[['人妻', '後宮閃光', '姐姐系']]-[total_pages:50]
2025-12-23 15:19:54 - mkk_pika - main.py:49 - INFO - [{'_id': '582186405f6b9a4f93dc69a9', 'title': '第1集', 'order': 1, 'updated_at': '2016-11-08T08:01:04.393Z', 'id': '582186405f6b9a4f93dc69a9'}]
2025-12-23 15:19:54 - mkk_pika - database.py:215 - INFO - 第一次下载该漫画，记录数据库中
2025-12-23 15:19:55 - mkk_pika - main.py:83 - INFO - 找到 50 张图片在:第1集
2025-12-23 15:19:56 - mkk_pika - main.py:112 - INFO - [episode:第1集       ] downloaded:    50, total:  50, progress:100%
2025-12-23 15:19:56 - mkk_pika - database.py:238 - INFO - 数据库更新已下载章节
2025-12-23 15:19:56 - mkk_pika - database.py:244 - INFO - 该漫画已下载章节如下
2025-12-23 15:19:56 - mkk_pika - database.py:245 - INFO - ['第1集']
2025-12-23 15:19:58 - mkk_pika - main.py:347 - INFO - ==================== 漫画信息 ====================
                                   漫画ID：5821863f5f6b9a4f93dc69a7
                                   标题：鄰居的大姐姐
                                   作者：不明
                                   是否完结：是
                                   总页数：50
                                   分类：人妻,後宮閃光,姐姐系
                                   章节数：1
                                   最后更新时间：2006-08-01T00:47:32.000Z
                                   =================================================
2025-12-23 15:19:58 - mkk_pika - database.py:101 - INFO - 保存成功：鄰居的大姐姐
2025-12-23 15:19:58 - mkk_pika - main.py:35 - INFO - 开始检查欲情 (COMIC BAVEL 2015年4月号) Yokujou是否存在未下载章节
2025-12-23 15:19:58 - mkk_pika - main.py:45 - INFO - 正在下载:[欲情 (COMIC BAVEL 2015年4月号) Yokujou]-[美矢火]-[['短篇']]-[total_pages:16]
2025-12-23 15:19:58 - mkk_pika - main.py:49 - INFO - [{'_id': '582186415f6b9a4f93dc6a4b', 'title': '第1集', 'order': 1, 'updated_at': '2016-11-08T08:01:05.855Z', 'id': '582186415f6b9a4f93dc6a4b'}]
2025-12-23 15:19:58 - mkk_pika - database.py:215 - INFO - 第一次下载该漫画，记录数据库中
2025-12-23 15:19:58 - mkk_pika - main.py:83 - INFO - 找到 16 张图片在:第1集
2025-12-23 15:19:59 - mkk_pika - main.py:112 - INFO - [episode:第1集       ] downloaded:    16, total:  16, progress:100%
2025-12-23 15:19:59 - mkk_pika - database.py:238 - INFO - 数据库更新已下载章节
2025-12-23 15:19:59 - mkk_pika - database.py:244 - INFO - 该漫画已下载章节如下
2025-12-23 15:19:59 - mkk_pika - database.py:245 - INFO - ['第1集']
2025-12-23 15:20:00 - mkk_pika - main.py:347 - INFO - ==================== 漫画信息 ====================
                                   漫画ID：582186415f6b9a4f93dc6a49
                                   标题：欲情 (COMIC BAVEL 2015年4月号) Yokujou
                                   作者：美矢火
                                   是否完结：是
                                   总页数：16
                                   分类：短篇
                                   章节数：1
                                   最后更新时间：2006-08-01T20:47:32.000Z
                                   =================================================
2025-12-23 15:20:00 - mkk_pika - database.py:101 - INFO - 保存成功：欲情 (COMIC BAVEL 2015年4月号) Yokujou
2025-12-23 15:20:00 - mkk_pika - main.py:379 - INFO - 本次任务下载完毕
2025-12-23 15:20:00 - mkk_pika - database.py:173 - INFO - 数据库连接已关闭
