2026-06-23 00:16:37 - mkk_pika - main.py:193 - INFO - =======================================================================
2026-06-23 00:16:37 - mkk_pika - database.py:61 - INFO - 表和索引初始化成功
2026-06-23 00:16:37 - mkk_pika - main.py:197 - INFO - 已经累计下载15763本漫画
2026-06-23 00:16:37 - mkk_pika - api.py:87 - INFO - 登录成功
2026-06-23 00:16:38 - mkk_pika - main.py:203 - INFO - 收藏夹共计0本漫画
2026-06-23 00:16:38 - mkk_pika - main.py:206 - INFO - 开始下载收藏夹内未下载内容
2026-06-23 00:16:38 - mkk_pika - main.py:266 - INFO - 收藏夹内容下载完毕
2026-06-23 00:16:38 - mkk_pika - main.py:268 - INFO - 开始下载订阅内容
2026-06-23 00:16:38 - mkk_pika - database.py:258 - INFO - 根据ID查询到标题：萝莉 -> 満子の恋（リトルガールストライク Vol.39）[DL版]
2026-06-23 00:16:38 - mkk_pika - database.py:101 - INFO - 保存成功：少女組曲 36
2026-06-23 00:16:38 - mkk_pika - main.py:273 - INFO - 关键词萝莉找到0本漫画
2026-06-23 00:16:38 - mkk_pika - database.py:258 - INFO - 根据ID查询到标题：蘿莉 -> sakura+tomoyo2.0（AI）
2026-06-23 00:16:39 - mkk_pika - database.py:101 - INFO - 保存成功：[Patreon] Oishi Okaze（AI）
2026-06-23 00:16:39 - mkk_pika - main.py:273 - INFO - 关键词蘿莉找到4本漫画
2026-06-23 00:16:39 - mkk_pika - main.py:275 - INFO - 订阅内容共计4本漫画
2026-06-23 00:16:39 - mkk_pika - main.py:35 - INFO - 开始检查そらちゃんとナイショの特典会是否存在未下载章节
2026-06-23 00:16:39 - mkk_pika - main.py:45 - INFO - 正在下载:[そらちゃんとナイショの特典会]-[ピピンピ (ピワワ)]-[['短篇']]-[total_pages:-1]
2026-06-23 00:16:39 - mkk_pika - main.py:49 - INFO - [{'_id': '6a3980c1a973053d8e6a7fab', 'title': '第1話', 'order': 1, 'updated_at': '2026-06-22T15:13:27.859Z', 'id': '6a3980c1a973053d8e6a7fab'}]
2026-06-23 00:16:39 - mkk_pika - database.py:215 - INFO - 第一次下载该漫画，记录数据库中
2026-06-23 00:16:39 - mkk_pika - main.py:83 - INFO - 找到 29 张图片在:第1話
2026-06-23 00:16:40 - mkk_pika - main.py:112 - INFO - [episode:第1話       ] downloaded:    29, total:  29, progress:100%
2026-06-23 00:16:40 - mkk_pika - database.py:238 - INFO - 数据库更新已下载章节
2026-06-23 00:16:40 - mkk_pika - database.py:244 - INFO - 该漫画已下载章节如下
2026-06-23 00:16:40 - mkk_pika - database.py:245 - INFO - ['第1話']
2026-06-23 00:16:42 - mkk_pika - main.py:292 - INFO - ==================== 漫画信息 ====================
                                漫画ID：6a3980c1a973053d8e6a7faa
                                标题：そらちゃんとナイショの特典会
                                作者：ピピンピ (ピワワ)
                                是否完结：是
                                总页数：29
                                分类：短篇
                                章节数：1
                                最后更新时间：2026-06-22T18:36:49.063Z
                                =================================================
2026-06-23 00:16:42 - mkk_pika - database.py:101 - INFO - 保存成功：そらちゃんとナイショの特典会
2026-06-23 00:16:42 - mkk_pika - main.py:35 - INFO - 开始检查やみめ□Fanbox汉化合集是否存在未下载章节
2026-06-23 00:16:42 - mkk_pika - database.py:203 - INFO - 查询数据库中是否已存在2025.9.20—2026.6.1
2026-06-23 00:16:42 - mkk_pika - database.py:203 - INFO - 查询数据库中是否已存在2025.8.23
2026-06-23 00:16:42 - mkk_pika - main.py:45 - INFO - 正在下载:[やみめ□Fanbox汉化合集]-[やみめ□]-[['同人']]-[total_pages:-1]
2026-06-23 00:16:42 - mkk_pika - main.py:49 - INFO - [{'_id': '6a3980d5f352073e97580256', 'title': '2025.8.23', 'order': 2, 'updated_at': '2026-06-22T11:23:16.437Z', 'id': '6a3980d5f352073e97580256'}]
2026-06-23 00:16:43 - mkk_pika - main.py:83 - INFO - 找到 8 张图片在:2025.8.23
2026-06-23 00:16:43 - mkk_pika - main.py:112 - INFO - [episode:2025.8.23 ] downloaded:     8, total:   8, progress:100%
2026-06-23 00:16:43 - mkk_pika - database.py:238 - INFO - 数据库更新已下载章节
2026-06-23 00:16:43 - mkk_pika - database.py:244 - INFO - 该漫画已下载章节如下
2026-06-23 00:16:43 - mkk_pika - database.py:245 - INFO - ['2025.9.20—2026.6.1', '2025.8.23']
2026-06-23 00:16:44 - mkk_pika - main.py:292 - INFO - ==================== 漫画信息 ====================
                                漫画ID：6a2ece7b2bed481535e089d0
                                标题：やみめ□Fanbox汉化合集
                                作者：やみめ□
                                是否完结：否
                                总页数：57
                                分类：同人
                                章节数：2
                                最后更新时间：2026-06-22T18:37:09.532Z
                                =================================================
2026-06-23 00:16:44 - mkk_pika - database.py:101 - INFO - 保存成功：やみめ□Fanbox汉化合集
2026-06-23 00:16:44 - mkk_pika - main.py:35 - INFO - 开始检查ねこはまんまがうつくしいまとめ本2 (よろず)是否存在未下载章节
2026-06-23 00:16:45 - mkk_pika - main.py:45 - INFO - 正在下载:[ねこはまんまがうつくしいまとめ本2 (よろず)]-[ねこはまんまがうつくしい (Hisasi)]-[['同人']]-[total_pages:-1]
2026-06-23 00:16:45 - mkk_pika - main.py:49 - INFO - [{'_id': '6a39803fa8d5815c4f846878', 'title': '第1話', 'order': 1, 'updated_at': '2026-06-21T17:35:01.500Z', 'id': '6a39803fa8d5815c4f846878'}]
2026-06-23 00:16:45 - mkk_pika - database.py:215 - INFO - 第一次下载该漫画，记录数据库中
2026-06-23 00:16:46 - mkk_pika - main.py:83 - INFO - 找到 187 张图片在:第1話
2026-06-23 00:16:53 - mkk_pika - main.py:112 - INFO - [episode:第1話       ] downloaded:   187, total: 187, progress:100%
2026-06-23 00:16:53 - mkk_pika - database.py:238 - INFO - 数据库更新已下载章节
2026-06-23 00:16:53 - mkk_pika - database.py:244 - INFO - 该漫画已下载章节如下
2026-06-23 00:16:53 - mkk_pika - database.py:245 - INFO - ['第1話']
2026-06-23 00:16:54 - mkk_pika - main.py:292 - INFO - ==================== 漫画信息 ====================
                                漫画ID：6a39803fa8d5815c4f846877
                                标题：ねこはまんまがうつくしいまとめ本2 (よろず)
                                作者：ねこはまんまがうつくしい (Hisasi)
                                是否完结：是
                                总页数：187
                                分类：同人
                                章节数：1
                                最后更新时间：2026-06-22T18:34:39.405Z
                                =================================================
2026-06-23 00:16:54 - mkk_pika - database.py:101 - INFO - 保存成功：ねこはまんまがうつくしいまとめ本2 (よろず)
2026-06-23 00:16:54 - mkk_pika - main.py:35 - INFO - 开始检查可愛い過keyる (ブルーアーカイブ)是否存在未下载章节
2026-06-23 00:16:54 - mkk_pika - database.py:203 - INFO - 查询数据库中是否已存在第1話
2026-06-23 00:16:54 - mkk_pika - main.py:51 - INFO - 可愛い過keyる (ブルーアーカイブ)中没有可下载章节
2026-06-23 00:16:55 - mkk_pika - main.py:292 - INFO - ==================== 漫画信息 ====================
                                漫画ID：6a38168c1c4c745c0d901dec
                                标题：可愛い過keyる (ブルーアーカイブ)
                                作者：Beret_Cat
                                是否完结：是
                                总页数：28
                                分类：同人,短篇
                                章节数：1
                                最后更新时间：2026-06-21T16:51:24.650Z
                                =================================================
2026-06-23 00:16:55 - mkk_pika - database.py:101 - INFO - 保存成功：可愛い過keyる (ブルーアーカイブ)
2026-06-23 00:16:55 - mkk_pika - main.py:323 - INFO - 订阅内容内容下载完毕
2026-06-23 00:16:55 - mkk_pika - main.py:324 - INFO - 开始分批下载全部章节
2026-06-23 00:16:55 - mkk_pika - database.py:280 - INFO - 表和索引初始化成功
2026-06-23 00:16:55 - mkk_pika - main.py:177 - INFO - 已经下载了1148页，一共6975页，现在开始添加第1149页
2026-06-23 00:16:55 - mkk_pika - database.py:318 - INFO - 保存成功
2026-06-23 00:16:56 - mkk_pika - main.py:177 - INFO - 已经下载了1149页，一共6975页，现在开始添加第1150页
2026-06-23 00:16:56 - mkk_pika - database.py:318 - INFO - 保存成功
2026-06-23 00:16:56 - mkk_pika - main.py:177 - INFO - 已经下载了1150页，一共6975页，现在开始添加第1151页
2026-06-23 00:16:57 - mkk_pika - database.py:318 - INFO - 保存成功
2026-06-23 00:16:57 - mkk_pika - main.py:177 - INFO - 已经下载了1151页，一共6975页，现在开始添加第1152页
2026-06-23 00:16:58 - mkk_pika - database.py:318 - INFO - 保存成功
2026-06-23 00:16:58 - mkk_pika - main.py:177 - INFO - 已经下载了1152页，一共6975页，现在开始添加第1153页
2026-06-23 00:16:58 - mkk_pika - database.py:318 - INFO - 保存成功
2026-06-23 00:16:58 - mkk_pika - main.py:331 - INFO - 分批下载共计19本漫画
2026-06-23 00:16:58 - mkk_pika - main.py:35 - INFO - 开始检查援助交配4是否存在未下载章节
2026-06-23 00:16:59 - mkk_pika - main.py:45 - INFO - 正在下载:[援助交配4]-[たくのみ (アットホーム酒家)]-[['短篇', '後宮閃光', '嗶咔漢化']]-[total_pages:15]
2026-06-23 00:16:59 - mkk_pika - main.py:49 - INFO - [{'_id': '5b8381e695e52040eaff5786', 'title': '第1集', 'order': 1, 'updated_at': '2018-08-25T12:12:57.918Z', 'id': '5b8381e695e52040eaff5786'}]
2026-06-23 00:16:59 - mkk_pika - database.py:215 - INFO - 第一次下载该漫画，记录数据库中
2026-06-23 00:16:59 - mkk_pika - main.py:83 - INFO - 找到 35 张图片在:第1集
2026-06-23 00:17:00 - mkk_pika - main.py:112 - INFO - [episode:第1集       ] downloaded:    35, total:  35, progress:100%
2026-06-23 00:17:00 - mkk_pika - database.py:238 - INFO - 数据库更新已下载章节
2026-06-23 00:17:00 - mkk_pika - database.py:244 - INFO - 该漫画已下载章节如下
2026-06-23 00:17:00 - mkk_pika - database.py:245 - INFO - ['第1集']
2026-06-23 00:17:01 - mkk_pika - main.py:348 - INFO - ==================== 漫画信息 ====================
                                   漫画ID：5b8381e695e52040eaff5785
                                   标题：援助交配4
                                   作者：たくのみ (アットホーム酒家)
                                   是否完结：否
                                   总页数：15
                                   分类：短篇,後宮閃光,嗶咔漢化
                                   章节数：1
                                   最后更新时间：2018-08-27T04:45:26.353Z
                                   =================================================
2026-06-23 00:17:01 - mkk_pika - database.py:101 - INFO - 保存成功：援助交配4
2026-06-23 00:17:01 - mkk_pika - main.py:35 - INFO - 开始检查援助交配5+if是否存在未下载章节
2026-06-23 00:17:02 - mkk_pika - main.py:45 - INFO - 正在下载:[援助交配5+if]-[たくのみ (アットホーム酒家)]-[['短篇', '後宮閃光']]-[total_pages:39]
2026-06-23 00:17:02 - mkk_pika - main.py:49 - INFO - [{'_id': '5b838256436adf2c686ee016', 'title': '本篇', 'order': 1, 'updated_at': '2018-08-25T12:23:51.172Z', 'id': '5b838256436adf2c686ee016'}, {'_id': '5b838256436adf2c686ee017', 'title': '外传if', 'order': 2, 'updated_at': '2018-08-25T12:22:44.901Z', 'id': '5b838256436adf2c686ee017'}]
2026-06-23 00:17:02 - mkk_pika - database.py:215 - INFO - 第一次下载该漫画，记录数据库中
2026-06-23 00:17:02 - mkk_pika - main.py:83 - INFO - 找到 30 张图片在:本篇
2026-06-23 00:17:03 - mkk_pika - main.py:112 - INFO - [episode:本篇        ] downloaded:    30, total:  30, progress:100%
2026-06-23 00:17:03 - mkk_pika - database.py:238 - INFO - 数据库更新已下载章节
2026-06-23 00:17:03 - mkk_pika - database.py:244 - INFO - 该漫画已下载章节如下
2026-06-23 00:17:03 - mkk_pika - database.py:245 - INFO - ['本篇']
2026-06-23 00:17:05 - mkk_pika - main.py:83 - INFO - 找到 9 张图片在:外传if
2026-06-23 00:17:05 - mkk_pika - main.py:112 - INFO - [episode:外传if      ] downloaded:     9, total:   9, progress:100%
2026-06-23 00:17:05 - mkk_pika - database.py:238 - INFO - 数据库更新已下载章节
2026-06-23 00:17:05 - mkk_pika - database.py:244 - INFO - 该漫画已下载章节如下
2026-06-23 00:17:05 - mkk_pika - database.py:245 - INFO - ['本篇', '外传if']
2026-06-23 00:17:06 - mkk_pika - main.py:348 - INFO - ==================== 漫画信息 ====================
                                   漫画ID：5b838256436adf2c686ee015
                                   标题：援助交配5+if
                                   作者：たくのみ (アットホーム酒家)
                                   是否完结：否
                                   总页数：39
                                   分类：短篇,後宮閃光
                                   章节数：2
                                   最后更新时间：2018-08-27T04:47:18.057Z
                                   =================================================
2026-06-23 00:17:06 - mkk_pika - database.py:101 - INFO - 保存成功：援助交配5+if
2026-06-23 00:17:06 - mkk_pika - main.py:35 - INFO - 开始检查航海総集编2是否存在未下载章节
2026-06-23 00:17:06 - mkk_pika - main.py:45 - INFO - 正在下载:[航海総集编2]-[クリムゾン]-[['長篇', '同人', '強暴', '單行本']]-[total_pages:125]
2026-06-23 00:17:06 - mkk_pika - main.py:49 - INFO - [{'_id': '5b83833017edd92c317b6d0c', 'title': '第1集', 'order': 1, 'updated_at': '2018-08-25T12:50:02.192Z', 'id': '5b83833017edd92c317b6d0c'}]
2026-06-23 00:17:06 - mkk_pika - database.py:215 - INFO - 第一次下载该漫画，记录数据库中
2026-06-23 00:17:08 - mkk_pika - main.py:83 - INFO - 找到 125 张图片在:第1集
2026-06-23 00:17:11 - mkk_pika - main.py:112 - INFO - [episode:第1集       ] downloaded:   125, total: 125, progress:100%
2026-06-23 00:17:11 - mkk_pika - database.py:238 - INFO - 数据库更新已下载章节
2026-06-23 00:17:11 - mkk_pika - database.py:244 - INFO - 该漫画已下载章节如下
2026-06-23 00:17:11 - mkk_pika - database.py:245 - INFO - ['第1集']
2026-06-23 00:17:12 - mkk_pika - main.py:348 - INFO - ==================== 漫画信息 ====================
                                   漫画ID：5b83833017edd92c317b6d0b
                                   标题：航海総集编2
                                   作者：クリムゾン
                                   是否完结：否
                                   总页数：125
                                   分类：長篇,同人,強暴,單行本
                                   章节数：1
                                   最后更新时间：2018-08-27T04:50:56.804Z
                                   =================================================
2026-06-23 00:17:12 - mkk_pika - database.py:101 - INFO - 保存成功：航海総集编2
2026-06-23 00:17:12 - mkk_pika - main.py:35 - INFO - 开始检查最後の夜の非虚構レンアイ。(ダンガンロンパV3)是否存在未下载章节
2026-06-23 00:17:12 - mkk_pika - main.py:45 - INFO - 正在下载:[最後の夜の非虚構レンアイ。(ダンガンロンパV3)]-[HONEY*CRUNCH (タマキ結)]-[['短篇', '同人']]-[total_pages:57]
2026-06-23 00:17:12 - mkk_pika - main.py:49 - INFO - [{'_id': '5b83836095e52040eaff581f', 'title': '漢化', 'order': 1, 'updated_at': '2018-08-25T13:19:56.482Z', 'id': '5b83836095e52040eaff581f'}, {'_id': '5b83836095e52040eaff5820', 'title': '生肉', 'order': 2, 'updated_at': '2018-08-25T13:13:28.806Z', 'id': '5b83836095e52040eaff5820'}]
2026-06-23 00:17:12 - mkk_pika - database.py:215 - INFO - 第一次下载该漫画，记录数据库中
2026-06-23 00:17:13 - mkk_pika - main.py:83 - INFO - 找到 33 张图片在:漢化
2026-06-23 00:17:13 - mkk_pika - main.py:112 - INFO - [episode:漢化        ] downloaded:    33, total:  33, progress:100%
2026-06-23 00:17:13 - mkk_pika - database.py:238 - INFO - 数据库更新已下载章节
2026-06-23 00:17:13 - mkk_pika - database.py:244 - INFO - 该漫画已下载章节如下
2026-06-23 00:17:13 - mkk_pika - database.py:245 - INFO - ['漢化']
2026-06-23 00:17:15 - mkk_pika - main.py:83 - INFO - 找到 33 张图片在:生肉
2026-06-23 00:17:16 - mkk_pika - main.py:112 - INFO - [episode:生肉        ] downloaded:    33, total:  33, progress:100%
2026-06-23 00:17:16 - mkk_pika - database.py:238 - INFO - 数据库更新已下载章节
2026-06-23 00:17:16 - mkk_pika - database.py:244 - INFO - 该漫画已下载章节如下
2026-06-23 00:17:16 - mkk_pika - database.py:245 - INFO - ['漢化', '生肉']
2026-06-23 00:17:17 - mkk_pika - main.py:348 - INFO - ==================== 漫画信息 ====================
                                   漫画ID：5b83836095e52040eaff581e
                                   标题：最後の夜の非虚構レンアイ。(ダンガンロンパV3)
                                   作者：HONEY*CRUNCH (タマキ結)
                                   是否完结：是
                                   总页数：57
                                   分类：短篇,同人
                                   章节数：2
                                   最后更新时间：2018-08-27T04:51:44.290Z
                                   =================================================
2026-06-23 00:17:17 - mkk_pika - database.py:101 - INFO - 保存成功：最後の夜の非虚構レンアイ。(ダンガンロンパV3)
2026-06-23 00:17:17 - mkk_pika - main.py:35 - INFO - 开始检查朽ち果てた箱の中 腐朽破爛的箱の中是否存在未下载章节
2026-06-23 00:17:17 - mkk_pika - main.py:45 - INFO - 正在下载:[朽ち果てた箱の中 腐朽破爛的箱の中]-[神楽もろみ]-[['長篇', '單行本', '人妻', 'SM', '後宮閃光']]-[total_pages:209]
2026-06-23 00:17:17 - mkk_pika - main.py:49 - INFO - [{'_id': '5b838377f443be2c614ef7d6', 'title': '第1集', 'order': 1, 'updated_at': '2018-08-25T13:18:49.202Z', 'id': '5b838377f443be2c614ef7d6'}]
2026-06-23 00:17:17 - mkk_pika - database.py:215 - INFO - 第一次下载该漫画，记录数据库中
2026-06-23 00:17:19 - mkk_pika - main.py:83 - INFO - 找到 209 张图片在:第1集
2026-06-23 00:17:25 - mkk_pika - main.py:112 - INFO - [episode:第1集       ] downloaded:   209, total: 209, progress:100%
2026-06-23 00:17:25 - mkk_pika - database.py:238 - INFO - 数据库更新已下载章节
2026-06-23 00:17:25 - mkk_pika - database.py:244 - INFO - 该漫画已下载章节如下
2026-06-23 00:17:25 - mkk_pika - database.py:245 - INFO - ['第1集']
2026-06-23 00:17:26 - mkk_pika - main.py:348 - INFO - ==================== 漫画信息 ====================
                                   漫画ID：5b838377f443be2c614ef7d5
                                   标题：朽ち果てた箱の中 腐朽破爛的箱の中
                                   作者：神楽もろみ
                                   是否完结：是
                                   总页数：209
                                   分类：長篇,單行本,人妻,SM,後宮閃光
                                   章节数：1
                                   最后更新时间：2018-08-27T04:52:07.993Z
                                   =================================================
2026-06-23 00:17:26 - mkk_pika - database.py:101 - INFO - 保存成功：朽ち果てた箱の中 腐朽破爛的箱の中
2026-06-23 00:17:26 - mkk_pika - main.py:35 - INFO - 开始检查Another Personality (Fate/Grand Order) 是否存在未下载章节
2026-06-23 00:17:26 - mkk_pika - main.py:45 - INFO - 正在下载:[Another Personality (Fate/Grand Order) ]-[こーひーめーかー (朝峰テル)]-[['同人', '短篇', 'Fate']]-[total_pages:31]
2026-06-23 00:17:26 - mkk_pika - main.py:49 - INFO - [{'_id': '5b8383da95e52040eaff5866', 'title': '第1集', 'order': 1, 'updated_at': '2018-08-26T03:15:32.959Z', 'id': '5b8383da95e52040eaff5866'}]
2026-06-23 00:17:26 - mkk_pika - database.py:215 - INFO - 第一次下载该漫画，记录数据库中
2026-06-23 00:17:27 - mkk_pika - main.py:83 - INFO - 找到 31 张图片在:第1集
2026-06-23 00:17:28 - mkk_pika - main.py:112 - INFO - [episode:第1集       ] downloaded:    31, total:  31, progress:100%
2026-06-23 00:17:28 - mkk_pika - database.py:238 - INFO - 数据库更新已下载章节
2026-06-23 00:17:28 - mkk_pika - database.py:244 - INFO - 该漫画已下载章节如下
2026-06-23 00:17:28 - mkk_pika - database.py:245 - INFO - ['第1集']
2026-06-23 00:17:29 - mkk_pika - main.py:348 - INFO - ==================== 漫画信息 ====================
                                   漫画ID：5b8383da95e52040eaff5865
                                   标题：Another Personality (Fate/Grand Order) 
                                   作者：こーひーめーかー (朝峰テル)
                                   是否完结：是
                                   总页数：31
                                   分类：同人,短篇,Fate
                                   章节数：1
                                   最后更新时间：2018-08-27T04:53:46.221Z
                                   =================================================
2026-06-23 00:17:29 - mkk_pika - database.py:101 - INFO - 保存成功：Another Personality (Fate/Grand Order) 
2026-06-23 00:17:29 - mkk_pika - main.py:35 - INFO - 开始检查タカシ君のママとかくれんぼえっち是否存在未下载章节
2026-06-23 00:17:29 - mkk_pika - main.py:45 - INFO - 正在下载:[タカシ君のママとかくれんぼえっち]-[南田U助]-[['全彩', '人妻']]-[total_pages:32]
2026-06-23 00:17:29 - mkk_pika - main.py:49 - INFO - [{'_id': '5b838543f443be2c614ef8ac', 'title': '第1集', 'order': 1, 'updated_at': '2018-08-26T03:00:17.630Z', 'id': '5b838543f443be2c614ef8ac'}]
2026-06-23 00:17:29 - mkk_pika - database.py:215 - INFO - 第一次下载该漫画，记录数据库中
2026-06-23 00:17:30 - mkk_pika - main.py:83 - INFO - 找到 32 张图片在:第1集
2026-06-23 00:17:30 - mkk_pika - main.py:112 - INFO - [episode:第1集       ] downloaded:    32, total:  32, progress:100%
2026-06-23 00:17:30 - mkk_pika - database.py:238 - INFO - 数据库更新已下载章节
2026-06-23 00:17:30 - mkk_pika - database.py:244 - INFO - 该漫画已下载章节如下
2026-06-23 00:17:30 - mkk_pika - database.py:245 - INFO - ['第1集']
2026-06-23 00:17:32 - mkk_pika - main.py:348 - INFO - ==================== 漫画信息 ====================
                                   漫画ID：5b838543f443be2c614ef8ab
                                   标题：タカシ君のママとかくれんぼえっち
                                   作者：南田U助
                                   是否完结：是
                                   总页数：32
                                   分类：全彩,人妻
                                   章节数：1
                                   最后更新时间：2018-08-27T04:59:47.637Z
                                   =================================================
2026-06-23 00:17:32 - mkk_pika - database.py:101 - INFO - 保存成功：タカシ君のママとかくれんぼえっち
2026-06-23 00:17:32 - mkk_pika - main.py:35 - INFO - 开始检查(C94) この温泉は無限の肉で出来ている (Fate/Grand Order)是否存在未下载章节
2026-06-23 00:17:32 - mkk_pika - main.py:45 - INFO - 正在下载:[(C94) この温泉は無限の肉で出来ている (Fate/Grand Order)]-[Circle Eden (ヂイスケ)]-[['同人', '短篇', 'Fate']]-[total_pages:30]
2026-06-23 00:17:32 - mkk_pika - main.py:49 - INFO - [{'_id': '5b838568f443be2c614ef8ce', 'title': '第1集', 'order': 1, 'updated_at': '2018-08-26T03:05:39.447Z', 'id': '5b838568f443be2c614ef8ce'}]
2026-06-23 00:17:32 - mkk_pika - database.py:215 - INFO - 第一次下载该漫画，记录数据库中
2026-06-23 00:17:32 - mkk_pika - main.py:83 - INFO - 找到 30 张图片在:第1集
2026-06-23 00:17:33 - mkk_pika - main.py:112 - INFO - [episode:第1集       ] downloaded:    30, total:  30, progress:100%
2026-06-23 00:17:33 - mkk_pika - database.py:238 - INFO - 数据库更新已下载章节
2026-06-23 00:17:33 - mkk_pika - database.py:244 - INFO - 该漫画已下载章节如下
2026-06-23 00:17:33 - mkk_pika - database.py:245 - INFO - ['第1集']
2026-06-23 00:17:34 - mkk_pika - main.py:348 - INFO - ==================== 漫画信息 ====================
                                   漫画ID：5b838567f443be2c614ef8cd
                                   标题：(C94) この温泉は無限の肉で出来ている (Fate/Grand Order)
                                   作者：Circle Eden (ヂイスケ)
                                   是否完结：是
                                   总页数：30
                                   分类：同人,短篇,Fate
                                   章节数：1
                                   最后更新时间：2018-08-27T05:00:23.989Z
                                   =================================================
2026-06-23 00:17:34 - mkk_pika - database.py:101 - INFO - 保存成功：(C94) この温泉は無限の肉で出来ている (Fate/Grand Order)
2026-06-23 00:17:34 - mkk_pika - main.py:35 - INFO - 开始检查C2lemon@EX 2是否存在未下载章节
2026-06-23 00:17:35 - mkk_pika - main.py:45 - INFO - 正在下载:[C2lemon@EX 2]-[ぶるーびーん (要青豆)]-[['同人', '短篇']]-[total_pages:40]
2026-06-23 00:17:35 - mkk_pika - main.py:49 - INFO - [{'_id': '5b851f9095e52040eaff6560', 'title': '第1集', 'order': 1, 'updated_at': '2018-08-25T13:05:17.257Z', 'id': '5b851f9095e52040eaff6560'}]
2026-06-23 00:17:35 - mkk_pika - database.py:215 - INFO - 第一次下载该漫画，记录数据库中
2026-06-23 00:17:35 - mkk_pika - main.py:83 - INFO - 找到 40 张图片在:第1集
2026-06-23 00:17:36 - mkk_pika - main.py:112 - INFO - [episode:第1集       ] downloaded:    40, total:  40, progress:100%
2026-06-23 00:17:36 - mkk_pika - database.py:238 - INFO - 数据库更新已下载章节
2026-06-23 00:17:36 - mkk_pika - database.py:244 - INFO - 该漫画已下载章节如下
2026-06-23 00:17:36 - mkk_pika - database.py:245 - INFO - ['第1集']
2026-06-23 00:17:38 - mkk_pika - main.py:348 - INFO - ==================== 漫画信息 ====================
                                   漫画ID：5b851f9095e52040eaff655f
                                   标题：C2lemon@EX 2
                                   作者：ぶるーびーん (要青豆)
                                   是否完结：否
                                   总页数：40
                                   分类：同人,短篇
                                   章节数：1
                                   最后更新时间：2018-08-28T10:10:24.943Z
                                   =================================================
2026-06-23 00:17:38 - mkk_pika - database.py:101 - INFO - 保存成功：C2lemon@EX 2
2026-06-23 00:17:38 - mkk_pika - main.py:35 - INFO - 开始检查Fate/Gentle Order 3「オルタ」是否存在未下载章节
2026-06-23 00:17:38 - mkk_pika - main.py:45 - INFO - 正在下载:[Fate/Gentle Order 3「オルタ」]-[けんじゃたいむ (MANA)]-[['全彩', '同人', '短篇']]-[total_pages:21]
2026-06-23 00:17:38 - mkk_pika - main.py:49 - INFO - [{'_id': '5b8520b4a966ab47b2721324', 'title': '第1集', 'order': 1, 'updated_at': '2018-08-25T19:34:38.336Z', 'id': '5b8520b4a966ab47b2721324'}]
2026-06-23 00:17:38 - mkk_pika - database.py:215 - INFO - 第一次下载该漫画，记录数据库中
2026-06-23 00:17:38 - mkk_pika - main.py:83 - INFO - 找到 21 张图片在:第1集
2026-06-23 00:17:39 - mkk_pika - main.py:112 - INFO - [episode:第1集       ] downloaded:    21, total:  21, progress:100%
2026-06-23 00:17:39 - mkk_pika - database.py:238 - INFO - 数据库更新已下载章节
2026-06-23 00:17:39 - mkk_pika - database.py:244 - INFO - 该漫画已下载章节如下
2026-06-23 00:17:39 - mkk_pika - database.py:245 - INFO - ['第1集']
2026-06-23 00:17:40 - mkk_pika - main.py:348 - INFO - ==================== 漫画信息 ====================
                                   漫画ID：5b8520b4a966ab47b2721323
                                   标题：Fate/Gentle Order 3「オルタ」
                                   作者：けんじゃたいむ (MANA)
                                   是否完结：是
                                   总页数：21
                                   分类：全彩,同人,短篇
                                   章节数：1
                                   最后更新时间：2018-08-28T10:15:16.329Z
                                   =================================================
2026-06-23 00:17:40 - mkk_pika - database.py:101 - INFO - 保存成功：Fate/Gentle Order 3「オルタ」
2026-06-23 00:17:40 - mkk_pika - main.py:35 - INFO - 开始检查(c93)猫が鬼たりて(汉化)是否存在未下载章节
2026-06-23 00:17:40 - mkk_pika - main.py:45 - INFO - 正在下载:[(c93)猫が鬼たりて(汉化)]-[greone]-[['短篇', '非人類']]-[total_pages:32]
2026-06-23 00:17:40 - mkk_pika - main.py:49 - INFO - [{'_id': '5b8520e196eb8f47e9a1e17d', 'title': '第1集', 'order': 1, 'updated_at': '2018-08-26T14:51:59.545Z', 'id': '5b8520e196eb8f47e9a1e17d'}]
2026-06-23 00:17:40 - mkk_pika - database.py:215 - INFO - 第一次下载该漫画，记录数据库中
2026-06-23 00:17:41 - mkk_pika - main.py:83 - INFO - 找到 32 张图片在:第1集
2026-06-23 00:17:42 - mkk_pika - main.py:112 - INFO - [episode:第1集       ] downloaded:    32, total:  32, progress:100%
2026-06-23 00:17:42 - mkk_pika - database.py:238 - INFO - 数据库更新已下载章节
2026-06-23 00:17:42 - mkk_pika - database.py:244 - INFO - 该漫画已下载章节如下
2026-06-23 00:17:42 - mkk_pika - database.py:245 - INFO - ['第1集']
2026-06-23 00:17:43 - mkk_pika - main.py:348 - INFO - ==================== 漫画信息 ====================
                                   漫画ID：5b8520e196eb8f47e9a1e17c
                                   标题：(c93)猫が鬼たりて(汉化)
                                   作者：greone
                                   是否完结：是
                                   总页数：32
                                   分类：短篇,非人類
                                   章节数：1
                                   最后更新时间：2018-08-28T10:16:01.214Z
                                   =================================================
2026-06-23 00:17:43 - mkk_pika - database.py:101 - INFO - 保存成功：(c93)猫が鬼たりて(汉化)
2026-06-23 00:17:43 - mkk_pika - main.py:35 - INFO - 开始检查绝对领域【欢迎大佬观摩提意见】是否存在未下载章节
2026-06-23 00:17:43 - mkk_pika - main.py:45 - INFO - 正在下载:[绝对领域【欢迎大佬观摩提意见】]-[N/A]-[['全彩', '長篇']]-[total_pages:132]
2026-06-23 00:17:43 - mkk_pika - main.py:49 - INFO - [{'_id': '5b8521089da9dd40b887ec3a', 'title': '第1集', 'order': 1, 'updated_at': '2018-08-27T16:24:14.495Z', 'id': '5b8521089da9dd40b887ec3a'}]
2026-06-23 00:17:43 - mkk_pika - database.py:215 - INFO - 第一次下载该漫画，记录数据库中
2026-06-23 00:17:45 - mkk_pika - main.py:83 - INFO - 找到 133 张图片在:第1集
2026-06-23 00:17:47 - mkk_pika - main.py:112 - INFO - [episode:第1集       ] downloaded:   133, total: 133, progress:100%
2026-06-23 00:17:47 - mkk_pika - database.py:238 - INFO - 数据库更新已下载章节
2026-06-23 00:17:47 - mkk_pika - database.py:244 - INFO - 该漫画已下载章节如下
2026-06-23 00:17:47 - mkk_pika - database.py:245 - INFO - ['第1集']
2026-06-23 00:17:49 - mkk_pika - main.py:348 - INFO - ==================== 漫画信息 ====================
                                   漫画ID：5b8521089da9dd40b887ec39
                                   标题：绝对领域【欢迎大佬观摩提意见】
                                   作者：N/A
                                   是否完结：是
                                   总页数：132
                                   分类：全彩,長篇
                                   章节数：1
                                   最后更新时间：2018-08-28T10:16:40.790Z
                                   =================================================
2026-06-23 00:17:49 - mkk_pika - database.py:101 - INFO - 保存成功：绝对领域【欢迎大佬观摩提意见】
2026-06-23 00:17:49 - mkk_pika - main.py:35 - INFO - 开始检查べろまん 少女美鮑是否存在未下载章节
2026-06-23 00:17:49 - mkk_pika - main.py:45 - INFO - 正在下载:[べろまん 少女美鮑]-[べろせ]-[['純愛', '單行本', '長篇']]-[total_pages:193]
2026-06-23 00:17:49 - mkk_pika - main.py:49 - INFO - [{'_id': '5b85213f38457775306ac7a9', 'title': '第1集', 'order': 1, 'updated_at': '2018-08-27T12:38:00.431Z', 'id': '5b85213f38457775306ac7a9'}]
2026-06-23 00:17:49 - mkk_pika - database.py:215 - INFO - 第一次下载该漫画，记录数据库中
2026-06-23 00:17:51 - mkk_pika - main.py:83 - INFO - 找到 193 张图片在:第1集
2026-06-23 00:17:55 - mkk_pika - main.py:112 - INFO - [episode:第1集       ] downloaded:   193, total: 193, progress:100%
2026-06-23 00:17:55 - mkk_pika - database.py:238 - INFO - 数据库更新已下载章节
2026-06-23 00:17:55 - mkk_pika - database.py:244 - INFO - 该漫画已下载章节如下
2026-06-23 00:17:55 - mkk_pika - database.py:245 - INFO - ['第1集']
2026-06-23 00:17:56 - mkk_pika - main.py:348 - INFO - ==================== 漫画信息 ====================
                                   漫画ID：5b85213f38457775306ac7a8
                                   标题：べろまん 少女美鮑
                                   作者：べろせ
                                   是否完结：是
                                   总页数：193
                                   分类：純愛,單行本,長篇
                                   章节数：1
                                   最后更新时间：2018-08-28T10:17:35.167Z
                                   =================================================
2026-06-23 00:17:56 - mkk_pika - database.py:101 - INFO - 保存成功：べろまん 少女美鮑
2026-06-23 00:17:56 - mkk_pika - main.py:35 - INFO - 开始检查(C94) 電光石火 + おまけ本 (宇崎ちゃんは遊びたい!)是否存在未下载章节
2026-06-23 00:17:57 - mkk_pika - main.py:45 - INFO - 正在下载:[(C94) 電光石火 + おまけ本 (宇崎ちゃんは遊びたい!)]-[Fountain's Square (はぎやまさかげ)]-[['同人', '短篇', '全彩']]-[total_pages:40]
2026-06-23 00:17:57 - mkk_pika - main.py:49 - INFO - [{'_id': '5b85216996eb8f47e9a1e1a0', 'title': '第1集', 'order': 1, 'updated_at': '2018-08-27T22:18:35.412Z', 'id': '5b85216996eb8f47e9a1e1a0'}]
2026-06-23 00:17:57 - mkk_pika - database.py:215 - INFO - 第一次下载该漫画，记录数据库中
2026-06-23 00:17:57 - mkk_pika - main.py:83 - INFO - 找到 40 张图片在:第1集
2026-06-23 00:17:58 - mkk_pika - main.py:112 - INFO - [episode:第1集       ] downloaded:    40, total:  40, progress:100%
2026-06-23 00:17:58 - mkk_pika - database.py:238 - INFO - 数据库更新已下载章节
2026-06-23 00:17:58 - mkk_pika - database.py:244 - INFO - 该漫画已下载章节如下
2026-06-23 00:17:58 - mkk_pika - database.py:245 - INFO - ['第1集']
2026-06-23 00:17:59 - mkk_pika - main.py:348 - INFO - ==================== 漫画信息 ====================
                                   漫画ID：5b85216996eb8f47e9a1e19f
                                   标题：(C94) 電光石火 + おまけ本 (宇崎ちゃんは遊びたい!)
                                   作者：Fountain's Square (はぎやまさかげ)
                                   是否完结：是
                                   总页数：40
                                   分类：同人,短篇,全彩
                                   章节数：1
                                   最后更新时间：2018-08-28T10:18:17.834Z
                                   =================================================
2026-06-23 00:17:59 - mkk_pika - database.py:101 - INFO - 保存成功：(C94) 電光石火 + おまけ本 (宇崎ちゃんは遊びたい!)
2026-06-23 00:17:59 - mkk_pika - main.py:35 - INFO - 开始检查(C94) ウヅキのヒミツ (アイドルマスター シンデレラガールズ) 是否存在未下载章节
2026-06-23 00:18:00 - mkk_pika - main.py:45 - INFO - 正在下载:[(C94) ウヅキのヒミツ (アイドルマスター シンデレラガールズ) ]-[メガボックス (メガねぃ)]-[['同人', '短篇']]-[total_pages:32]
2026-06-23 00:18:00 - mkk_pika - main.py:49 - INFO - [{'_id': '5b852182a966ab47b272133d', 'title': '第1集', 'order': 1, 'updated_at': '2018-08-28T00:53:25.104Z', 'id': '5b852182a966ab47b272133d'}]
2026-06-23 00:18:00 - mkk_pika - database.py:215 - INFO - 第一次下载该漫画，记录数据库中
2026-06-23 00:18:00 - mkk_pika - main.py:83 - INFO - 找到 32 张图片在:第1集
2026-06-23 00:18:01 - mkk_pika - main.py:112 - INFO - [episode:第1集       ] downloaded:    32, total:  32, progress:100%
2026-06-23 00:18:01 - mkk_pika - database.py:238 - INFO - 数据库更新已下载章节
2026-06-23 00:18:01 - mkk_pika - database.py:244 - INFO - 该漫画已下载章节如下
2026-06-23 00:18:01 - mkk_pika - database.py:245 - INFO - ['第1集']
2026-06-23 00:18:02 - mkk_pika - main.py:348 - INFO - ==================== 漫画信息 ====================
                                   漫画ID：5b852182a966ab47b272133c
                                   标题：(C94) ウヅキのヒミツ (アイドルマスター シンデレラガールズ) 
                                   作者：メガボックス (メガねぃ)
                                   是否完结：是
                                   总页数：32
                                   分类：同人,短篇
                                   章节数：1
                                   最后更新时间：2018-08-28T10:18:42.851Z
                                   =================================================
2026-06-23 00:18:02 - mkk_pika - database.py:101 - INFO - 保存成功：(C94) ウヅキのヒミツ (アイドルマスター シンデレラガールズ) 
2026-06-23 00:18:02 - mkk_pika - main.py:35 - INFO - 开始检查(C94) しゅーこさまー～周子ちゃんと初めてえっち～ (アイドルマスター シンデレラガールズ)是否存在未下载章节
2026-06-23 00:18:03 - mkk_pika - main.py:45 - INFO - 正在下载:[(C94) しゅーこさまー～周子ちゃんと初めてえっち～ (アイドルマスター シンデレラガールズ)]-[江☆浪漫工房 (江戸川浪漫)]-[['短篇', '同人']]-[total_pages:35]
2026-06-23 00:18:03 - mkk_pika - main.py:49 - INFO - [{'_id': '5b85219c64fe7547baac8db2', 'title': '第1集', 'order': 1, 'updated_at': '2018-08-28T00:58:05.798Z', 'id': '5b85219c64fe7547baac8db2'}]
2026-06-23 00:18:03 - mkk_pika - database.py:215 - INFO - 第一次下载该漫画，记录数据库中
2026-06-23 00:18:03 - mkk_pika - main.py:83 - INFO - 找到 35 张图片在:第1集
2026-06-23 00:18:04 - mkk_pika - main.py:112 - INFO - [episode:第1集       ] downloaded:    35, total:  35, progress:100%
2026-06-23 00:18:04 - mkk_pika - database.py:238 - INFO - 数据库更新已下载章节
2026-06-23 00:18:04 - mkk_pika - database.py:244 - INFO - 该漫画已下载章节如下
2026-06-23 00:18:04 - mkk_pika - database.py:245 - INFO - ['第1集']
2026-06-23 00:18:05 - mkk_pika - main.py:348 - INFO - ==================== 漫画信息 ====================
                                   漫画ID：5b85219c64fe7547baac8db1
                                   标题：(C94) しゅーこさまー～周子ちゃんと初めてえっち～ (アイドルマスター シンデレラガールズ)
                                   作者：江☆浪漫工房 (江戸川浪漫)
                                   是否完结：是
                                   总页数：35
                                   分类：短篇,同人
                                   章节数：1
                                   最后更新时间：2018-08-28T10:19:08.450Z
                                   =================================================
2026-06-23 00:18:05 - mkk_pika - database.py:101 - INFO - 保存成功：(C94) しゅーこさまー～周子ちゃんと初めてえっち～ (アイドルマスター シンデレラガールズ)
2026-06-23 00:18:05 - mkk_pika - main.py:35 - INFO - 开始检查真夏のレティさん (東方Project) 是否存在未下载章节
2026-06-23 00:18:05 - mkk_pika - main.py:45 - INFO - 正在下载:[真夏のレティさん (東方Project) ]-[110-GROOVE (イトウゆーじ)]-[['同人', '短篇', '東方']]-[total_pages:26]
2026-06-23 00:18:05 - mkk_pika - main.py:49 - INFO - [{'_id': '5b8521a795e52040eaff65b0', 'title': '第1集', 'order': 1, 'updated_at': '2018-08-28T01:01:20.723Z', 'id': '5b8521a795e52040eaff65b0'}]
2026-06-23 00:18:05 - mkk_pika - database.py:215 - INFO - 第一次下载该漫画，记录数据库中
2026-06-23 00:18:06 - mkk_pika - main.py:83 - INFO - 找到 26 张图片在:第1集
2026-06-23 00:18:07 - mkk_pika - main.py:112 - INFO - [episode:第1集       ] downloaded:    26, total:  26, progress:100%
2026-06-23 00:18:07 - mkk_pika - database.py:238 - INFO - 数据库更新已下载章节
2026-06-23 00:18:07 - mkk_pika - database.py:244 - INFO - 该漫画已下载章节如下
2026-06-23 00:18:07 - mkk_pika - database.py:245 - INFO - ['第1集']
2026-06-23 00:18:08 - mkk_pika - main.py:348 - INFO - ==================== 漫画信息 ====================
                                   漫画ID：5b8521a795e52040eaff65af
                                   标题：真夏のレティさん (東方Project) 
                                   作者：110-GROOVE (イトウゆーじ)
                                   是否完结：是
                                   总页数：26
                                   分类：同人,短篇,東方
                                   章节数：1
                                   最后更新时间：2018-08-28T10:19:19.215Z
                                   =================================================
2026-06-23 00:18:08 - mkk_pika - database.py:101 - INFO - 保存成功：真夏のレティさん (東方Project) 
2026-06-23 00:18:08 - mkk_pika - main.py:35 - INFO - 开始检查ツマイキ　妻のイキ顔が見たくて…。 + 哈密瓜特典 人妻洩出好想看人妻的高潮表情… V2是否存在未下载章节
2026-06-23 00:18:08 - mkk_pika - main.py:45 - INFO - 正在下载:[ツマイキ　妻のイキ顔が見たくて…。 + 哈密瓜特典 人妻洩出好想看人妻的高潮表情… V2]-[葛籠くずかご]-[['長篇', '單行本', '人妻', 'NTR', 'SM']]-[total_pages:202]
2026-06-23 00:18:08 - mkk_pika - main.py:49 - INFO - [{'_id': '5b8d536896eb8f47e9a20726', 'title': '第2集', 'order': 1, 'updated_at': '2018-09-03T08:53:51.820Z', 'id': '5b8d536896eb8f47e9a20726'}]
2026-06-23 00:18:08 - mkk_pika - database.py:215 - INFO - 第一次下载该漫画，记录数据库中
2026-06-23 00:18:10 - mkk_pika - main.py:83 - INFO - 找到 202 张图片在:第2集
2026-06-23 00:18:15 - mkk_pika - main.py:112 - INFO - [episode:第2集       ] downloaded:   202, total: 202, progress:100%
2026-06-23 00:18:15 - mkk_pika - database.py:238 - INFO - 数据库更新已下载章节
2026-06-23 00:18:15 - mkk_pika - database.py:244 - INFO - 该漫画已下载章节如下
2026-06-23 00:18:15 - mkk_pika - database.py:245 - INFO - ['第2集']
2026-06-23 00:18:16 - mkk_pika - main.py:348 - INFO - ==================== 漫画信息 ====================
                                   漫画ID：5b8521e796eb8f47e9a1e1cb
                                   标题：ツマイキ　妻のイキ顔が見たくて…。 + 哈密瓜特典 人妻洩出好想看人妻的高潮表情… V2
                                   作者：葛籠くずかご
                                   是否完结：是
                                   总页数：202
                                   分类：長篇,單行本,人妻,NTR,SM
                                   章节数：1
                                   最后更新时间：2018-08-28T10:20:23.546Z
                                   =================================================
2026-06-23 00:18:16 - mkk_pika - database.py:101 - INFO - 保存成功：ツマイキ　妻のイキ顔が見たくて…。 + 哈密瓜特典 人妻洩出好想看人妻的高潮表情… V2
2026-06-23 00:18:16 - mkk_pika - main.py:35 - INFO - 开始检查この素晴らしい魔法使いに魔力補給を! (この素晴らしい世界に祝福を!) [DL版]是否存在未下载章节
2026-06-23 00:18:16 - mkk_pika - main.py:45 - INFO - 正在下载:[この素晴らしい魔法使いに魔力補給を! (この素晴らしい世界に祝福を!) [DL版]]-[蜂巢 (Apoidea)]-[['全彩', '同人']]-[total_pages:24]
2026-06-23 00:18:16 - mkk_pika - main.py:49 - INFO - [{'_id': '5b8d53b257ed5440e9702251', 'title': '第1集', 'order': 1, 'updated_at': '2018-09-03T14:47:30.297Z', 'id': '5b8d53b257ed5440e9702251'}]
2026-06-23 00:18:16 - mkk_pika - database.py:215 - INFO - 第一次下载该漫画，记录数据库中
2026-06-23 00:18:17 - mkk_pika - main.py:83 - INFO - 找到 30 张图片在:第1集
2026-06-23 00:18:17 - mkk_pika - main.py:112 - INFO - [episode:第1集       ] downloaded:    30, total:  30, progress:100%
2026-06-23 00:18:17 - mkk_pika - database.py:238 - INFO - 数据库更新已下载章节
2026-06-23 00:18:17 - mkk_pika - database.py:244 - INFO - 该漫画已下载章节如下
2026-06-23 00:18:17 - mkk_pika - database.py:245 - INFO - ['第1集']
2026-06-23 00:18:19 - mkk_pika - main.py:348 - INFO - ==================== 漫画信息 ====================
                                   漫画ID：5b875f9057ed5440e96ff21c
                                   标题：この素晴らしい魔法使いに魔力補給を! (この素晴らしい世界に祝福を!) [DL版]
                                   作者：蜂巢 (Apoidea)
                                   是否完结：否
                                   总页数：24
                                   分类：全彩,同人
                                   章节数：1
                                   最后更新时间：2018-08-30T03:08:00.696Z
                                   =================================================
2026-06-23 00:18:19 - mkk_pika - database.py:101 - INFO - 保存成功：この素晴らしい魔法使いに魔力補給を! (この素晴らしい世界に祝福を!) [DL版]
2026-06-23 00:18:19 - mkk_pika - main.py:380 - INFO - 本次任务下载完毕
2026-06-23 00:18:19 - mkk_pika - database.py:173 - INFO - 数据库连接已关闭
2026-06-23 07:29:22 - mkk_pika - main.py:193 - INFO - =======================================================================
2026-06-23 07:29:22 - mkk_pika - database.py:61 - INFO - 表和索引初始化成功
2026-06-23 07:29:22 - mkk_pika - main.py:197 - INFO - 已经累计下载15784本漫画
2026-06-23 07:29:22 - mkk_pika - api.py:87 - INFO - 登录成功
2026-06-23 07:29:23 - mkk_pika - main.py:203 - INFO - 收藏夹共计0本漫画
2026-06-23 07:29:23 - mkk_pika - main.py:206 - INFO - 开始下载收藏夹内未下载内容
2026-06-23 07:29:23 - mkk_pika - main.py:266 - INFO - 收藏夹内容下载完毕
2026-06-23 07:29:23 - mkk_pika - main.py:268 - INFO - 开始下载订阅内容
2026-06-23 07:29:23 - mkk_pika - database.py:258 - INFO - 根据ID查询到标题：萝莉 -> 少女組曲 36
2026-06-23 07:29:23 - mkk_pika - database.py:101 - INFO - 保存成功：少女組曲 36
2026-06-23 07:29:23 - mkk_pika - main.py:273 - INFO - 关键词萝莉找到0本漫画
2026-06-23 07:29:23 - mkk_pika - database.py:258 - INFO - 根据ID查询到标题：蘿莉 -> [Patreon] Oishi Okaze（AI）
2026-06-23 07:29:24 - mkk_pika - database.py:101 - INFO - 保存成功：[Patreon] Oishi Okaze（AI）
2026-06-23 07:29:24 - mkk_pika - main.py:273 - INFO - 关键词蘿莉找到1本漫画
2026-06-23 07:29:24 - mkk_pika - main.py:275 - INFO - 订阅内容共计1本漫画
2026-06-23 07:29:24 - mkk_pika - main.py:35 - INFO - 开始检查そらちゃんとナイショの特典会是否存在未下载章节
2026-06-23 07:29:24 - mkk_pika - database.py:203 - INFO - 查询数据库中是否已存在第1話
2026-06-23 07:29:24 - mkk_pika - main.py:51 - INFO - そらちゃんとナイショの特典会中没有可下载章节
2026-06-23 07:29:25 - mkk_pika - main.py:292 - INFO - ==================== 漫画信息 ====================
                                漫画ID：6a3980c1a973053d8e6a7faa
                                标题：そらちゃんとナイショの特典会
                                作者：ピピンピ (ピワワ)
                                是否完结：是
                                总页数：29
                                分类：短篇
                                章节数：1
                                最后更新时间：2026-06-22T18:36:49.063Z
                                =================================================
2026-06-23 07:29:25 - mkk_pika - database.py:101 - INFO - 保存成功：そらちゃんとナイショの特典会
2026-06-23 07:29:25 - mkk_pika - main.py:323 - INFO - 订阅内容内容下载完毕
2026-06-23 07:29:25 - mkk_pika - main.py:324 - INFO - 开始分批下载全部章节
2026-06-23 07:29:25 - mkk_pika - database.py:280 - INFO - 表和索引初始化成功
2026-06-23 07:29:25 - mkk_pika - main.py:177 - INFO - 已经下载了1153页，一共6975页，现在开始添加第1154页
2026-06-23 07:29:25 - mkk_pika - database.py:318 - INFO - 保存成功
2026-06-23 07:29:26 - mkk_pika - main.py:177 - INFO - 已经下载了1154页，一共6975页，现在开始添加第1155页
2026-06-23 07:29:26 - mkk_pika - database.py:318 - INFO - 保存成功
2026-06-23 07:29:27 - mkk_pika - main.py:177 - INFO - 已经下载了1155页，一共6975页，现在开始添加第1156页
2026-06-23 07:29:27 - mkk_pika - database.py:318 - INFO - 保存成功
2026-06-23 07:29:28 - mkk_pika - main.py:177 - INFO - 已经下载了1156页，一共6975页，现在开始添加第1157页
2026-06-23 07:29:28 - mkk_pika - database.py:318 - INFO - 保存成功
2026-06-23 07:29:28 - mkk_pika - main.py:177 - INFO - 已经下载了1157页，一共6975页，现在开始添加第1158页
2026-06-23 07:29:29 - mkk_pika - database.py:318 - INFO - 保存成功
2026-06-23 07:29:29 - mkk_pika - main.py:331 - INFO - 分批下载共计37本漫画
2026-06-23 07:29:29 - mkk_pika - main.py:35 - INFO - 开始检查TSF物語アペンド2.0是否存在未下载章节
2026-06-23 07:29:29 - mkk_pika - main.py:45 - INFO - 正在下载:[TSF物語アペンド2.0]-[Da Hootch (新堂エル)]-[['長篇', '性轉換', '扶他樂園']]-[total_pages:81]
2026-06-23 07:29:29 - mkk_pika - main.py:49 - INFO - [{'_id': '5b8764c74ed86540b0b24bac', 'title': '第1集', 'order': 1, 'updated_at': '2018-08-26T12:41:09.813Z', 'id': '5b8764c74ed86540b0b24bac'}]
2026-06-23 07:29:29 - mkk_pika - database.py:215 - INFO - 第一次下载该漫画，记录数据库中
2026-06-23 07:29:31 - mkk_pika - main.py:83 - INFO - 找到 81 张图片在:第1集
2026-06-23 07:29:34 - mkk_pika - main.py:112 - INFO - [episode:第1集       ] downloaded:    81, total:  81, progress:100%
2026-06-23 07:29:34 - mkk_pika - database.py:238 - INFO - 数据库更新已下载章节
2026-06-23 07:29:34 - mkk_pika - database.py:244 - INFO - 该漫画已下载章节如下
2026-06-23 07:29:34 - mkk_pika - database.py:245 - INFO - ['第1集']
2026-06-23 07:29:36 - mkk_pika - main.py:348 - INFO - ==================== 漫画信息 ====================
                                   漫画ID：5b8764c74ed86540b0b24bab
                                   标题：TSF物語アペンド2.0
                                   作者：Da Hootch (新堂エル)
                                   是否完结：否
                                   总页数：81
                                   分类：長篇,性轉換,扶他樂園
                                   章节数：1
                                   最后更新时间：2018-08-30T03:30:15.024Z
                                   =================================================
2026-06-23 07:29:36 - mkk_pika - database.py:101 - INFO - 保存成功：TSF物語アペンド2.0
2026-06-23 07:29:36 - mkk_pika - main.py:35 - INFO - 开始检查269進撃○巨人はぁはぁCG集是否存在未下载章节
2026-06-23 07:29:36 - mkk_pika - main.py:45 - INFO - 正在下载:[269進撃○巨人はぁはぁCG集]-[Lolitachannel]-[['全彩', '同人']]-[total_pages:11]
2026-06-23 07:29:36 - mkk_pika - main.py:49 - INFO - [{'_id': '5b87669cf443be2c614f06ec', 'title': '第1集', 'order': 1, 'updated_at': '2018-12-14T03:08:10.838Z', 'id': '5b87669cf443be2c614f06ec'}]
2026-06-23 07:29:36 - mkk_pika - database.py:215 - INFO - 第一次下载该漫画，记录数据库中
2026-06-23 07:29:37 - mkk_pika - main.py:83 - INFO - 找到 11 张图片在:第1集
2026-06-23 07:29:37 - mkk_pika - main.py:112 - INFO - [episode:第1集       ] downloaded:    11, total:  11, progress:100%
2026-06-23 07:29:37 - mkk_pika - database.py:238 - INFO - 数据库更新已下载章节
2026-06-23 07:29:37 - mkk_pika - database.py:244 - INFO - 该漫画已下载章节如下
2026-06-23 07:29:37 - mkk_pika - database.py:245 - INFO - ['第1集']
2026-06-23 07:29:39 - mkk_pika - main.py:348 - INFO - ==================== 漫画信息 ====================
                                   漫画ID：5b87669cf443be2c614f06eb
                                   标题：269進撃○巨人はぁはぁCG集
                                   作者：Lolitachannel
                                   是否完结：否
                                   总页数：11
                                   分类：全彩,同人
                                   章节数：1
                                   最后更新时间：2018-08-30T03:38:04.934Z
                                   =================================================
2026-06-23 07:29:39 - mkk_pika - database.py:101 - INFO - 保存成功：269進撃○巨人はぁはぁCG集
2026-06-23 07:29:39 - mkk_pika - main.py:35 - INFO - 开始检查姐妹是否存在未下载章节
2026-06-23 07:29:39 - mkk_pika - main.py:45 - INFO - 正在下载:[姐妹]-[DLme]-[['全彩', '長篇', '百合花園', 'SM']]-[total_pages:122]
2026-06-23 07:29:39 - mkk_pika - main.py:49 - INFO - [{'_id': '5b8769f995e52040eaff742d', 'title': '第1集', 'order': 1, 'updated_at': '2018-08-29T06:34:57.517Z', 'id': '5b8769f995e52040eaff742d'}]
2026-06-23 07:29:39 - mkk_pika - database.py:215 - INFO - 第一次下载该漫画，记录数据库中
2026-06-23 07:29:41 - mkk_pika - main.py:83 - INFO - 找到 122 张图片在:第1集
2026-06-23 07:29:46 - mkk_pika - main.py:112 - INFO - [episode:第1集       ] downloaded:   122, total: 122, progress:100%
2026-06-23 07:29:46 - mkk_pika - database.py:238 - INFO - 数据库更新已下载章节
2026-06-23 07:29:46 - mkk_pika - database.py:244 - INFO - 该漫画已下载章节如下
2026-06-23 07:29:46 - mkk_pika - database.py:245 - INFO - ['第1集']
2026-06-23 07:29:48 - mkk_pika - main.py:348 - INFO - ==================== 漫画信息 ====================
                                   漫画ID：5b8769f995e52040eaff742c
                                   标题：姐妹
                                   作者：DLme
                                   是否完结：否
                                   总页数：122
                                   分类：全彩,長篇,百合花園,SM
                                   章节数：1
                                   最后更新时间：2018-08-30T03:52:25.857Z
                                   =================================================
2026-06-23 07:29:48 - mkk_pika - database.py:101 - INFO - 保存成功：姐妹
2026-06-23 07:29:48 - mkk_pika - main.py:35 - INFO - 开始检查苦战是否存在未下载章节
2026-06-23 07:29:48 - mkk_pika - main.py:45 - INFO - 正在下载:[苦战]-[DLme]-[['全彩', '姐姐系', '妹妹系', 'SM', '強暴']]-[total_pages:44]
2026-06-23 07:29:48 - mkk_pika - main.py:49 - INFO - [{'_id': '5b876a0b9da9dd40b887fa63', 'title': '第1集', 'order': 1, 'updated_at': '2018-08-29T06:37:48.082Z', 'id': '5b876a0b9da9dd40b887fa63'}]
2026-06-23 07:29:48 - mkk_pika - database.py:215 - INFO - 第一次下载该漫画，记录数据库中
2026-06-23 07:29:49 - mkk_pika - main.py:83 - INFO - 找到 44 张图片在:第1集
2026-06-23 07:29:51 - mkk_pika - main.py:112 - INFO - [episode:第1集       ] downloaded:    44, total:  44, progress:100%
2026-06-23 07:29:51 - mkk_pika - database.py:238 - INFO - 数据库更新已下载章节
2026-06-23 07:29:51 - mkk_pika - database.py:244 - INFO - 该漫画已下载章节如下
2026-06-23 07:29:51 - mkk_pika - database.py:245 - INFO - ['第1集']
2026-06-23 07:29:53 - mkk_pika - main.py:348 - INFO - ==================== 漫画信息 ====================
                                   漫画ID：5b876a0b9da9dd40b887fa62
                                   标题：苦战
                                   作者：DLme
                                   是否完结：否
                                   总页数：44
                                   分类：全彩,姐姐系,妹妹系,SM,強暴
                                   章节数：1
                                   最后更新时间：2018-08-30T03:52:43.573Z
                                   =================================================
2026-06-23 07:29:53 - mkk_pika - database.py:101 - INFO - 保存成功：苦战
2026-06-23 07:29:53 - mkk_pika - main.py:35 - INFO - 开始检查艳尸是否存在未下载章节
2026-06-23 07:29:53 - mkk_pika - main.py:45 - INFO - 正在下载:[艳尸]-[DLme]-[['全彩', '百合花園', 'SM']]-[total_pages:38]
2026-06-23 07:29:53 - mkk_pika - main.py:49 - INFO - [{'_id': '5b876a1f95e52040eaff74aa', 'title': '第1集', 'order': 1, 'updated_at': '2018-08-29T06:40:27.442Z', 'id': '5b876a1f95e52040eaff74aa'}]
2026-06-23 07:29:53 - mkk_pika - database.py:215 - INFO - 第一次下载该漫画，记录数据库中
2026-06-23 07:29:54 - mkk_pika - main.py:83 - INFO - 找到 38 张图片在:第1集
2026-06-23 07:29:56 - mkk_pika - main.py:112 - INFO - [episode:第1集       ] downloaded:    38, total:  38, progress:100%
2026-06-23 07:29:56 - mkk_pika - database.py:238 - INFO - 数据库更新已下载章节
2026-06-23 07:29:56 - mkk_pika - database.py:244 - INFO - 该漫画已下载章节如下
2026-06-23 07:29:56 - mkk_pika - database.py:245 - INFO - ['第1集']
2026-06-23 07:29:57 - mkk_pika - main.py:348 - INFO - ==================== 漫画信息 ====================
                                   漫画ID：5b876a1f95e52040eaff74a9
                                   标题：艳尸
                                   作者：DLme
                                   是否完结：否
                                   总页数：38
                                   分类：全彩,百合花園,SM
                                   章节数：1
                                   最后更新时间：2018-08-30T03:53:03.148Z
                                   =================================================
2026-06-23 07:29:57 - mkk_pika - database.py:101 - INFO - 保存成功：艳尸
2026-06-23 07:29:57 - mkk_pika - main.py:35 - INFO - 开始检查ベルファストとケッコン初夜是否存在未下载章节
2026-06-23 07:29:57 - mkk_pika - main.py:45 - INFO - 正在下载:[ベルファストとケッコン初夜]-[タケユウ]-[['同人', '純愛', '短篇']]-[total_pages:23]
2026-06-23 07:29:57 - mkk_pika - main.py:49 - INFO - [{'_id': '5b876a7395e52040eaff74d4', 'title': '第1集', 'order': 1, 'updated_at': '2018-08-27T13:11:09.133Z', 'id': '5b876a7395e52040eaff74d4'}]
2026-06-23 07:29:57 - mkk_pika - database.py:215 - INFO - 第一次下载该漫画，记录数据库中
2026-06-23 07:29:58 - mkk_pika - main.py:83 - INFO - 找到 23 张图片在:第1集
2026-06-23 07:29:59 - mkk_pika - main.py:112 - INFO - [episode:第1集       ] downloaded:    23, total:  23, progress:100%
2026-06-23 07:29:59 - mkk_pika - database.py:238 - INFO - 数据库更新已下载章节
2026-06-23 07:29:59 - mkk_pika - database.py:244 - INFO - 该漫画已下载章节如下
2026-06-23 07:29:59 - mkk_pika - database.py:245 - INFO - ['第1集']
2026-06-23 07:30:01 - mkk_pika - main.py:348 - INFO - ==================== 漫画信息 ====================
                                   漫画ID：5b876a7395e52040eaff74d3
                                   标题：ベルファストとケッコン初夜
                                   作者：タケユウ
                                   是否完结：是
                                   总页数：23
                                   分类：同人,純愛,短篇
                                   章节数：1
                                   最后更新时间：2018-08-30T03:54:27.065Z
                                   =================================================
2026-06-23 07:30:01 - mkk_pika - database.py:101 - INFO - 保存成功：ベルファストとケッコン初夜
2026-06-23 07:30:01 - mkk_pika - main.py:35 - INFO - 开始检查クリーブランドとえっちなお世話是否存在未下载章节
2026-06-23 07:30:01 - mkk_pika - main.py:45 - INFO - 正在下载:[クリーブランドとえっちなお世話]-[タケユウ]-[['同人', '純愛', '短篇']]-[total_pages:27]
2026-06-23 07:30:01 - mkk_pika - main.py:49 - INFO - [{'_id': '5b876a7f17edd92c317b8453', 'title': '第1集', 'order': 1, 'updated_at': '2018-08-27T13:19:35.165Z', 'id': '5b876a7f17edd92c317b8453'}]
2026-06-23 07:30:01 - mkk_pika - database.py:215 - INFO - 第一次下载该漫画，记录数据库中
2026-06-23 07:30:02 - mkk_pika - main.py:83 - INFO - 找到 27 张图片在:第1集
2026-06-23 07:30:03 - mkk_pika - main.py:112 - INFO - [episode:第1集       ] downloaded:    27, total:  27, progress:100%
2026-06-23 07:30:03 - mkk_pika - database.py:238 - INFO - 数据库更新已下载章节
2026-06-23 07:30:03 - mkk_pika - database.py:244 - INFO - 该漫画已下载章节如下
2026-06-23 07:30:03 - mkk_pika - database.py:245 - INFO - ['第1集']
2026-06-23 07:30:04 - mkk_pika - main.py:348 - INFO - ==================== 漫画信息 ====================
                                   漫画ID：5b876a7f17edd92c317b8452
                                   标题：クリーブランドとえっちなお世話
                                   作者：タケユウ
                                   是否完结：是
                                   总页数：27
                                   分类：同人,純愛,短篇
                                   章节数：1
                                   最后更新时间：2018-08-30T03:54:39.749Z
                                   =================================================
2026-06-23 07:30:04 - mkk_pika - database.py:101 - INFO - 保存成功：クリーブランドとえっちなお世話
2026-06-23 07:30:04 - mkk_pika - main.py:35 - INFO - 开始检查あたしとお姉ちゃんどっちにするの？是否存在未下载章节
2026-06-23 07:30:05 - mkk_pika - main.py:45 - INFO - 正在下载:[あたしとお姉ちゃんどっちにするの？]-[P P (おりょう)]-[['短篇', '後宮閃光', '妹妹系', '姐姐系']]-[total_pages:12]
2026-06-23 07:30:05 - mkk_pika - main.py:49 - INFO - [{'_id': '5b876a8d57ed5440e96ff891', 'title': '第1集', 'order': 1, 'updated_at': '2018-08-27T14:04:25.620Z', 'id': '5b876a8d57ed5440e96ff891'}]
2026-06-23 07:30:05 - mkk_pika - database.py:215 - INFO - 第一次下载该漫画，记录数据库中
2026-06-23 07:30:05 - mkk_pika - main.py:83 - INFO - 找到 12 张图片在:第1集
2026-06-23 07:30:06 - mkk_pika - main.py:112 - INFO - [episode:第1集       ] downloaded:    12, total:  12, progress:100%
2026-06-23 07:30:06 - mkk_pika - database.py:238 - INFO - 数据库更新已下载章节
2026-06-23 07:30:06 - mkk_pika - database.py:244 - INFO - 该漫画已下载章节如下
2026-06-23 07:30:06 - mkk_pika - database.py:245 - INFO - ['第1集']
2026-06-23 07:30:07 - mkk_pika - main.py:348 - INFO - ==================== 漫画信息 ====================
                                   漫画ID：5b876a8d57ed5440e96ff890
                                   标题：あたしとお姉ちゃんどっちにするの？
                                   作者：P P (おりょう)
                                   是否完结：否
                                   总页数：12
                                   分类：短篇,後宮閃光,妹妹系,姐姐系
                                   章节数：1
                                   最后更新时间：2018-08-30T03:54:53.346Z
                                   =================================================
2026-06-23 07:30:07 - mkk_pika - database.py:101 - INFO - 保存成功：あたしとお姉ちゃんどっちにするの？
2026-06-23 07:30:07 - mkk_pika - main.py:35 - INFO - 开始检查X是否存在未下载章节
2026-06-23 07:30:08 - mkk_pika - main.py:45 - INFO - 正在下载:[X]-[虎猫亭 (アイモ)]-[['同人', '短篇', '百合花園']]-[total_pages:34]
2026-06-23 07:30:08 - mkk_pika - main.py:49 - INFO - [{'_id': '5b876a9895e52040eaff74ed', 'title': '第1集', 'order': 1, 'updated_at': '2018-08-27T15:01:44.546Z', 'id': '5b876a9895e52040eaff74ed'}]
2026-06-23 07:30:08 - mkk_pika - database.py:215 - INFO - 第一次下载该漫画，记录数据库中
2026-06-23 07:30:08 - mkk_pika - main.py:83 - INFO - 找到 34 张图片在:第1集
2026-06-23 07:30:10 - mkk_pika - main.py:112 - INFO - [episode:第1集       ] downloaded:    34, total:  34, progress:100%
2026-06-23 07:30:10 - mkk_pika - database.py:238 - INFO - 数据库更新已下载章节
2026-06-23 07:30:10 - mkk_pika - database.py:244 - INFO - 该漫画已下载章节如下
2026-06-23 07:30:10 - mkk_pika - database.py:245 - INFO - ['第1集']
2026-06-23 07:30:11 - mkk_pika - main.py:348 - INFO - ==================== 漫画信息 ====================
                                   漫画ID：5b876a9895e52040eaff74ec
                                   标题：X
                                   作者：虎猫亭 (アイモ)
                                   是否完结：否
                                   总页数：34
                                   分类：同人,短篇,百合花園
                                   章节数：1
                                   最后更新时间：2018-08-30T03:55:04.870Z
                                   =================================================
2026-06-23 07:30:11 - mkk_pika - database.py:101 - INFO - 保存成功：X
2026-06-23 07:30:11 - mkk_pika - main.py:35 - INFO - 开始检查エルマと幻の花是否存在未下载章节
2026-06-23 07:30:12 - mkk_pika - main.py:45 - INFO - 正在下载:[エルマと幻の花]-[魂神]-[['短篇', '百合花園', '非人類']]-[total_pages:17]
2026-06-23 07:30:12 - mkk_pika - main.py:49 - INFO - [{'_id': '5b876adb95e52040eaff7514', 'title': '第1集', 'order': 1, 'updated_at': '2018-08-28T14:16:51.286Z', 'id': '5b876adb95e52040eaff7514'}]
2026-06-23 07:30:12 - mkk_pika - database.py:215 - INFO - 第一次下载该漫画，记录数据库中
2026-06-23 07:30:12 - mkk_pika - main.py:83 - INFO - 找到 17 张图片在:第1集
2026-06-23 07:30:13 - mkk_pika - main.py:112 - INFO - [episode:第1集       ] downloaded:    17, total:  17, progress:100%
2026-06-23 07:30:13 - mkk_pika - database.py:238 - INFO - 数据库更新已下载章节
2026-06-23 07:30:13 - mkk_pika - database.py:244 - INFO - 该漫画已下载章节如下
2026-06-23 07:30:13 - mkk_pika - database.py:245 - INFO - ['第1集']
2026-06-23 07:30:15 - mkk_pika - main.py:348 - INFO - ==================== 漫画信息 ====================
                                   漫画ID：5b876adb95e52040eaff7513
                                   标题：エルマと幻の花
                                   作者：魂神
                                   是否完结：是
                                   总页数：17
                                   分类：短篇,百合花園,非人類
                                   章节数：1
                                   最后更新时间：2018-08-30T03:56:11.482Z
                                   =================================================
2026-06-23 07:30:15 - mkk_pika - database.py:101 - INFO - 保存成功：エルマと幻の花
2026-06-23 07:30:15 - mkk_pika - main.py:35 - INFO - 开始检查赤い木の実のなる森で 是否存在未下载章节
2026-06-23 07:30:15 - mkk_pika - main.py:45 - INFO - 正在下载:[赤い木の実のなる森で ]-[魂神]-[['短篇', '非人類']]-[total_pages:22]
2026-06-23 07:30:15 - mkk_pika - main.py:49 - INFO - [{'_id': '5b876ae538457775306ad1ea', 'title': '第1集', 'order': 1, 'updated_at': '2018-08-28T14:42:20.333Z', 'id': '5b876ae538457775306ad1ea'}]
2026-06-23 07:30:15 - mkk_pika - database.py:215 - INFO - 第一次下载该漫画，记录数据库中
2026-06-23 07:30:16 - mkk_pika - main.py:83 - INFO - 找到 22 张图片在:第1集
2026-06-23 07:30:17 - mkk_pika - main.py:112 - INFO - [episode:第1集       ] downloaded:    22, total:  22, progress:100%
2026-06-23 07:30:17 - mkk_pika - database.py:238 - INFO - 数据库更新已下载章节
2026-06-23 07:30:17 - mkk_pika - database.py:244 - INFO - 该漫画已下载章节如下
2026-06-23 07:30:17 - mkk_pika - database.py:245 - INFO - ['第1集']
2026-06-23 07:30:18 - mkk_pika - main.py:348 - INFO - ==================== 漫画信息 ====================
                                   漫画ID：5b876ae538457775306ad1e9
                                   标题：赤い木の実のなる森で 
                                   作者：魂神
                                   是否完结：是
                                   总页数：22
                                   分类：短篇,非人類
                                   章节数：1
                                   最后更新时间：2018-08-30T03:56:21.611Z
                                   =================================================
2026-06-23 07:30:18 - mkk_pika - database.py:101 - INFO - 保存成功：赤い木の実のなる森で 
2026-06-23 07:30:18 - mkk_pika - main.py:35 - INFO - 开始检查凱特琳壞壞 (League of Legends)是否存在未下载章节
2026-06-23 07:30:19 - mkk_pika - main.py:45 - INFO - 正在下载:[凱特琳壞壞 (League of Legends)]-[拉基師]-[['同人', '短篇']]-[total_pages:26]
2026-06-23 07:30:19 - mkk_pika - main.py:49 - INFO - [{'_id': '5b876af09da9dd40b887fa9b', 'title': '第1集', 'order': 1, 'updated_at': '2018-08-29T02:39:10.924Z', 'id': '5b876af09da9dd40b887fa9b'}]
2026-06-23 07:30:19 - mkk_pika - database.py:215 - INFO - 第一次下载该漫画，记录数据库中
2026-06-23 07:30:19 - mkk_pika - main.py:83 - INFO - 找到 26 张图片在:第1集
2026-06-23 07:30:20 - mkk_pika - main.py:112 - INFO - [episode:第1集       ] downloaded:    26, total:  26, progress:100%
2026-06-23 07:30:20 - mkk_pika - database.py:238 - INFO - 数据库更新已下载章节
2026-06-23 07:30:20 - mkk_pika - database.py:244 - INFO - 该漫画已下载章节如下
2026-06-23 07:30:20 - mkk_pika - database.py:245 - INFO - ['第1集']
2026-06-23 07:30:22 - mkk_pika - main.py:348 - INFO - ==================== 漫画信息 ====================
                                   漫画ID：5b876af09da9dd40b887fa9a
                                   标题：凱特琳壞壞 (League of Legends)
                                   作者：拉基師
                                   是否完结：否
                                   总页数：26
                                   分类：同人,短篇
                                   章节数：1
                                   最后更新时间：2018-08-30T03:56:32.919Z
                                   =================================================
2026-06-23 07:30:22 - mkk_pika - database.py:101 - INFO - 保存成功：凱特琳壞壞 (League of Legends)
2026-06-23 07:30:22 - mkk_pika - main.py:35 - INFO - 开始检查 (C94) ベルちゃんの恩返し (アズールレーン)是否存在未下载章节
2026-06-23 07:30:22 - mkk_pika - main.py:45 - INFO - 正在下载:[ (C94) ベルちゃんの恩返し (アズールレーン)]-[P-POINT (Pikazo)]-[['短篇', '同人']]-[total_pages:31]
2026-06-23 07:30:22 - mkk_pika - main.py:49 - INFO - [{'_id': '5b876b0757ed5440e96ff8c6', 'title': '第1集', 'order': 1, 'updated_at': '2018-08-29T06:17:41.394Z', 'id': '5b876b0757ed5440e96ff8c6'}]
2026-06-23 07:30:22 - mkk_pika - database.py:215 - INFO - 第一次下载该漫画，记录数据库中
2026-06-23 07:30:23 - mkk_pika - main.py:83 - INFO - 找到 31 张图片在:第1集
2026-06-23 07:30:24 - mkk_pika - main.py:112 - INFO - [episode:第1集       ] downloaded:    31, total:  31, progress:100%
2026-06-23 07:30:24 - mkk_pika - database.py:238 - INFO - 数据库更新已下载章节
2026-06-23 07:30:24 - mkk_pika - database.py:244 - INFO - 该漫画已下载章节如下
2026-06-23 07:30:24 - mkk_pika - database.py:245 - INFO - ['第1集']
2026-06-23 07:30:26 - mkk_pika - main.py:348 - INFO - ==================== 漫画信息 ====================
                                   漫画ID：5b876b0757ed5440e96ff8c5
                                   标题： (C94) ベルちゃんの恩返し (アズールレーン)
                                   作者：P-POINT (Pikazo)
                                   是否完结：否
                                   总页数：31
                                   分类：短篇,同人
                                   章节数：1
                                   最后更新时间：2018-08-30T03:56:55.305Z
                                   =================================================
2026-06-23 07:30:26 - mkk_pika - database.py:101 - INFO - 保存成功： (C94) ベルちゃんの恩返し (アズールレーン)
2026-06-23 07:30:26 - mkk_pika - main.py:35 - INFO - 开始检查 (C94)  JC緊縛調教是否存在未下载章节
2026-06-23 07:30:26 - mkk_pika - main.py:45 - INFO - 正在下载:[ (C94)  JC緊縛調教]-[たまかけ屋 (たまかけ)]-[['短篇', '同人', '人妻']]-[total_pages:35]
2026-06-23 07:30:26 - mkk_pika - main.py:49 - INFO - [{'_id': '5b876b1395e52040eaff752a', 'title': '第1集', 'order': 1, 'updated_at': '2018-08-29T06:28:00.893Z', 'id': '5b876b1395e52040eaff752a'}]
2026-06-23 07:30:26 - mkk_pika - database.py:215 - INFO - 第一次下载该漫画，记录数据库中
2026-06-23 07:30:27 - mkk_pika - main.py:83 - INFO - 找到 35 张图片在:第1集
2026-06-23 07:30:28 - mkk_pika - main.py:112 - INFO - [episode:第1集       ] downloaded:    35, total:  35, progress:100%
2026-06-23 07:30:28 - mkk_pika - database.py:238 - INFO - 数据库更新已下载章节
2026-06-23 07:30:28 - mkk_pika - database.py:244 - INFO - 该漫画已下载章节如下
2026-06-23 07:30:28 - mkk_pika - database.py:245 - INFO - ['第1集']
2026-06-23 07:30:30 - mkk_pika - main.py:348 - INFO - ==================== 漫画信息 ====================
                                   漫画ID：5b876b1395e52040eaff7529
                                   标题： (C94)  JC緊縛調教
                                   作者：たまかけ屋 (たまかけ)
                                   是否完结：否
                                   总页数：35
                                   分类：短篇,同人,人妻
                                   章节数：1
                                   最后更新时间：2018-08-30T03:57:07.061Z
                                   =================================================
2026-06-23 07:30:30 - mkk_pika - database.py:101 - INFO - 保存成功： (C94)  JC緊縛調教
2026-06-23 07:30:30 - mkk_pika - main.py:35 - INFO - 开始检查 (COMIC1☆13) 幼女のダ・ヴィンチちゃんは持て余す (FateGrand Order)是否存在未下载章节
2026-06-23 07:30:30 - mkk_pika - main.py:45 - INFO - 正在下载:[ (COMIC1☆13) 幼女のダ・ヴィンチちゃんは持て余す (FateGrand Order)]-[ Part K (羊羽忍)]-[['短篇', '同人', 'Fate']]-[total_pages:21]
2026-06-23 07:30:30 - mkk_pika - main.py:49 - INFO - [{'_id': '5b876b47f443be2c614f091b', 'title': '第1集', 'order': 1, 'updated_at': '2018-08-29T06:52:11.691Z', 'id': '5b876b47f443be2c614f091b'}]
2026-06-23 07:30:30 - mkk_pika - database.py:215 - INFO - 第一次下载该漫画，记录数据库中
2026-06-23 07:30:31 - mkk_pika - main.py:83 - INFO - 找到 21 张图片在:第1集
2026-06-23 07:30:32 - mkk_pika - main.py:112 - INFO - [episode:第1集       ] downloaded:    21, total:  21, progress:100%
2026-06-23 07:30:32 - mkk_pika - database.py:238 - INFO - 数据库更新已下载章节
2026-06-23 07:30:32 - mkk_pika - database.py:244 - INFO - 该漫画已下载章节如下
2026-06-23 07:30:32 - mkk_pika - database.py:245 - INFO - ['第1集']
2026-06-23 07:30:33 - mkk_pika - main.py:348 - INFO - ==================== 漫画信息 ====================
                                   漫画ID：5b876b47f443be2c614f091a
                                   标题： (COMIC1☆13) 幼女のダ・ヴィンチちゃんは持て余す (FateGrand Order)
                                   作者： Part K (羊羽忍)
                                   是否完结：否
                                   总页数：21
                                   分类：短篇,同人,Fate
                                   章节数：1
                                   最后更新时间：2018-08-30T03:57:59.412Z
                                   =================================================
2026-06-23 07:30:33 - mkk_pika - database.py:101 - INFO - 保存成功： (COMIC1☆13) 幼女のダ・ヴィンチちゃんは持て余す (FateGrand Order)
2026-06-23 07:30:33 - mkk_pika - main.py:35 - INFO - 开始检查エルフの国の宮廷魔導師になれたので姫様に性的な悪戯をしてみた 當上精靈國的宮廷魔導 師所以偷偷的對公主她性愛的惡戲了一下試試是否存在未下载章节
2026-06-23 07:30:33 - mkk_pika - main.py:45 - INFO - 正在下载:[エルフの国の宮廷魔導師になれたので姫様に性的な悪戯をしてみた 當上精靈國的宮廷魔導 師所以偷偷的對公主她性愛的惡戲了一下試試]-[時丸佳久 原作：磯貝武連]-[['長篇', '純愛', '後宮閃光', '單行本', 'SM', '非人類']]-[total_pages:182]
2026-06-23 07:30:33 - mkk_pika - main.py:49 - INFO - [{'_id': '5b876b679da9dd40b887faba', 'title': '第1集', 'order': 1, 'updated_at': '2018-08-29T09:10:14.159Z', 'id': '5b876b679da9dd40b887faba'}]
2026-06-23 07:30:33 - mkk_pika - database.py:215 - INFO - 第一次下载该漫画，记录数据库中
2026-06-23 07:30:35 - mkk_pika - main.py:83 - INFO - 找到 182 张图片在:第1集
2026-06-23 07:30:45 - mkk_pika - main.py:112 - INFO - [episode:第1集       ] downloaded:   182, total: 182, progress:100%
2026-06-23 07:30:45 - mkk_pika - database.py:238 - INFO - 数据库更新已下载章节
2026-06-23 07:30:45 - mkk_pika - database.py:244 - INFO - 该漫画已下载章节如下
2026-06-23 07:30:45 - mkk_pika - database.py:245 - INFO - ['第1集']
2026-06-23 07:30:46 - mkk_pika - main.py:348 - INFO - ==================== 漫画信息 ====================
                                   漫画ID：5b876b679da9dd40b887fab9
                                   标题：エルフの国の宮廷魔導師になれたので姫様に性的な悪戯をしてみた 當上精靈國的宮廷魔導 師所以偷偷的對公主她性愛的惡戲了一下試試
                                   作者：時丸佳久 原作：磯貝武連
                                   是否完结：是
                                   总页数：182
                                   分类：長篇,純愛,後宮閃光,單行本,SM,非人類
                                   章节数：1
                                   最后更新时间：2018-08-30T03:58:31.964Z
                                   =================================================
2026-06-23 07:30:46 - mkk_pika - database.py:101 - INFO - 保存成功：エルフの国の宮廷魔導師になれたので姫様に性的な悪戯をしてみた 當上精靈國的宮廷魔導 師所以偷偷的對公主她性愛的惡戲了一下試試
2026-06-23 07:30:46 - mkk_pika - main.py:35 - INFO - 开始检查ふたり、そのまま、あとすこし。是否存在未下载章节
2026-06-23 07:30:47 - mkk_pika - main.py:45 - INFO - 正在下载:[ふたり、そのまま、あとすこし。]-[なし蔦]-[['同人', '短篇', '純愛', '百合花園']]-[total_pages:22]
2026-06-23 07:30:47 - mkk_pika - main.py:49 - INFO - [{'_id': '5b876b801bb78c47ed290fde', 'title': '第1集', 'order': 1, 'updated_at': '2018-08-29T11:46:57.292Z', 'id': '5b876b801bb78c47ed290fde'}]
2026-06-23 07:30:47 - mkk_pika - database.py:215 - INFO - 第一次下载该漫画，记录数据库中
2026-06-23 07:30:47 - mkk_pika - main.py:83 - INFO - 找到 22 张图片在:第1集
2026-06-23 07:30:48 - mkk_pika - main.py:112 - INFO - [episode:第1集       ] downloaded:    22, total:  22, progress:100%
2026-06-23 07:30:48 - mkk_pika - database.py:238 - INFO - 数据库更新已下载章节
2026-06-23 07:30:48 - mkk_pika - database.py:244 - INFO - 该漫画已下载章节如下
2026-06-23 07:30:48 - mkk_pika - database.py:245 - INFO - ['第1集']
2026-06-23 07:30:50 - mkk_pika - main.py:348 - INFO - ==================== 漫画信息 ====================
                                   漫画ID：5b876b801bb78c47ed290fdd
                                   标题：ふたり、そのまま、あとすこし。
                                   作者：なし蔦
                                   是否完结：是
                                   总页数：22
                                   分类：同人,短篇,純愛,百合花園
                                   章节数：1
                                   最后更新时间：2018-08-30T03:58:56.483Z
                                   =================================================
2026-06-23 07:30:50 - mkk_pika - database.py:101 - INFO - 保存成功：ふたり、そのまま、あとすこし。
2026-06-23 07:30:50 - mkk_pika - main.py:35 - INFO - 开始检查ゆうゆう、しずしず。是否存在未下载章节
2026-06-23 07:30:50 - mkk_pika - main.py:45 - INFO - 正在下载:[ゆうゆう、しずしず。]-[Sleeping farm (三牛)]-[['短篇', '純愛', '百合花園']]-[total_pages:22]
2026-06-23 07:30:50 - mkk_pika - main.py:49 - INFO - [{'_id': '5b876b8d4ed86540b0b250ec', 'title': '第1集', 'order': 1, 'updated_at': '2018-08-29T11:58:38.603Z', 'id': '5b876b8d4ed86540b0b250ec'}]
2026-06-23 07:30:50 - mkk_pika - database.py:215 - INFO - 第一次下载该漫画，记录数据库中
2026-06-23 07:30:51 - mkk_pika - main.py:83 - INFO - 找到 22 张图片在:第1集
2026-06-23 07:30:52 - mkk_pika - main.py:112 - INFO - [episode:第1集       ] downloaded:    22, total:  22, progress:100%
2026-06-23 07:30:52 - mkk_pika - database.py:238 - INFO - 数据库更新已下载章节
2026-06-23 07:30:52 - mkk_pika - database.py:244 - INFO - 该漫画已下载章节如下
2026-06-23 07:30:52 - mkk_pika - database.py:245 - INFO - ['第1集']
2026-06-23 07:30:53 - mkk_pika - main.py:348 - INFO - ==================== 漫画信息 ====================
                                   漫画ID：5b876b8d4ed86540b0b250eb
                                   标题：ゆうゆう、しずしず。
                                   作者：Sleeping farm (三牛)
                                   是否完结：是
                                   总页数：22
                                   分类：短篇,純愛,百合花園
                                   章节数：1
                                   最后更新时间：2018-08-30T03:59:09.953Z
                                   =================================================
2026-06-23 07:30:53 - mkk_pika - database.py:101 - INFO - 保存成功：ゆうゆう、しずしず。
2026-06-23 07:30:53 - mkk_pika - main.py:35 - INFO - 开始检查Don't stop my pure love是否存在未下载章节
2026-06-23 07:30:54 - mkk_pika - main.py:45 - INFO - 正在下载:[Don't stop my pure love]-[40デニール (篠岡ほまれ)]-[['同人', '短篇']]-[total_pages:27]
2026-06-23 07:30:54 - mkk_pika - main.py:49 - INFO - [{'_id': '5b876baa9da9dd40b887fb73', 'title': '第1集', 'order': 1, 'updated_at': '2018-08-29T12:10:01.095Z', 'id': '5b876baa9da9dd40b887fb73'}]
2026-06-23 07:30:54 - mkk_pika - database.py:215 - INFO - 第一次下载该漫画，记录数据库中
2026-06-23 07:30:54 - mkk_pika - main.py:83 - INFO - 找到 27 张图片在:第1集
2026-06-23 07:30:56 - mkk_pika - main.py:112 - INFO - [episode:第1集       ] downloaded:    27, total:  27, progress:100%
2026-06-23 07:30:56 - mkk_pika - database.py:238 - INFO - 数据库更新已下载章节
2026-06-23 07:30:56 - mkk_pika - database.py:244 - INFO - 该漫画已下载章节如下
2026-06-23 07:30:56 - mkk_pika - database.py:245 - INFO - ['第1集']
2026-06-23 07:30:57 - mkk_pika - main.py:348 - INFO - ==================== 漫画信息 ====================
                                   漫画ID：5b876baa9da9dd40b887fb72
                                   标题：Don't stop my pure love
                                   作者：40デニール (篠岡ほまれ)
                                   是否完结：否
                                   总页数：27
                                   分类：同人,短篇
                                   章节数：1
                                   最后更新时间：2018-08-30T03:59:38.572Z
                                   =================================================
2026-06-23 07:30:57 - mkk_pika - database.py:101 - INFO - 保存成功：Don't stop my pure love
2026-06-23 07:30:57 - mkk_pika - main.py:35 - INFO - 开始检查(C94) オナニーだけなら大丈夫? (Fate/Grand Order)是否存在未下载章节
2026-06-23 07:30:57 - mkk_pika - main.py:45 - INFO - 正在下载:[(C94) オナニーだけなら大丈夫? (Fate/Grand Order)]-[TRY & 方言二人社会 (方言)]-[['同人', '短篇', 'Fate']]-[total_pages:28]
2026-06-23 07:30:57 - mkk_pika - main.py:49 - INFO - [{'_id': '5b876c41436adf2c686eef54', 'title': '第1集', 'order': 1, 'updated_at': '2018-08-30T02:07:44.229Z', 'id': '5b876c41436adf2c686eef54'}]
2026-06-23 07:30:57 - mkk_pika - database.py:215 - INFO - 第一次下载该漫画，记录数据库中
2026-06-23 07:30:58 - mkk_pika - main.py:83 - INFO - 找到 28 张图片在:第1集
2026-06-23 07:30:59 - mkk_pika - main.py:112 - INFO - [episode:第1集       ] downloaded:    28, total:  28, progress:100%
2026-06-23 07:30:59 - mkk_pika - database.py:238 - INFO - 数据库更新已下载章节
2026-06-23 07:30:59 - mkk_pika - database.py:244 - INFO - 该漫画已下载章节如下
2026-06-23 07:30:59 - mkk_pika - database.py:245 - INFO - ['第1集']
2026-06-23 07:31:01 - mkk_pika - main.py:348 - INFO - ==================== 漫画信息 ====================
                                   漫画ID：5b876c41436adf2c686eef53
                                   标题：(C94) オナニーだけなら大丈夫? (Fate/Grand Order)
                                   作者：TRY & 方言二人社会 (方言)
                                   是否完结：是
                                   总页数：28
                                   分类：同人,短篇,Fate
                                   章节数：1
                                   最后更新时间：2018-08-30T04:02:09.879Z
                                   =================================================
2026-06-23 07:31:01 - mkk_pika - database.py:101 - INFO - 保存成功：(C94) オナニーだけなら大丈夫? (Fate/Grand Order)
2026-06-23 07:31:01 - mkk_pika - main.py:35 - INFO - 开始检查集会エリアの受付嬢 (Monster Hunter World)是否存在未下载章节
2026-06-23 07:31:01 - mkk_pika - main.py:45 - INFO - 正在下载:[集会エリアの受付嬢 (Monster Hunter World)]-[320BPM (BLASTBEAT)]-[['全彩', '同人', '短篇']]-[total_pages:21]
2026-06-23 07:31:01 - mkk_pika - main.py:49 - INFO - [{'_id': '5b876c76603a74752f0242c6', 'title': '第1集', 'order': 1, 'updated_at': '2018-08-29T18:00:17.866Z', 'id': '5b876c76603a74752f0242c6'}]
2026-06-23 07:31:01 - mkk_pika - database.py:215 - INFO - 第一次下载该漫画，记录数据库中
2026-06-23 07:31:02 - mkk_pika - main.py:83 - INFO - 找到 21 张图片在:第1集
2026-06-23 07:31:03 - mkk_pika - main.py:112 - INFO - [episode:第1集       ] downloaded:    21, total:  21, progress:100%
2026-06-23 07:31:03 - mkk_pika - database.py:238 - INFO - 数据库更新已下载章节
2026-06-23 07:31:03 - mkk_pika - database.py:244 - INFO - 该漫画已下载章节如下
2026-06-23 07:31:03 - mkk_pika - database.py:245 - INFO - ['第1集']
2026-06-23 07:31:04 - mkk_pika - main.py:348 - INFO - ==================== 漫画信息 ====================
                                   漫画ID：5b876c76603a74752f0242c5
                                   标题：集会エリアの受付嬢 (Monster Hunter World)
                                   作者：320BPM (BLASTBEAT)
                                   是否完结：是
                                   总页数：21
                                   分类：全彩,同人,短篇
                                   章节数：1
                                   最后更新时间：2018-08-30T04:03:02.840Z
                                   =================================================
2026-06-23 07:31:04 - mkk_pika - database.py:101 - INFO - 保存成功：集会エリアの受付嬢 (Monster Hunter World)
2026-06-23 07:31:04 - mkk_pika - main.py:35 - INFO - 开始检查FGOのあしぼん 7 (Fate/Grand Order)是否存在未下载章节
2026-06-23 07:31:04 - mkk_pika - main.py:45 - INFO - 正在下载:[FGOのあしぼん 7 (Fate/Grand Order)]-[ちゅらる庵 (なちゅらるとん)]-[['全彩', '同人', '短篇', '足の恋', 'Fate']]-[total_pages:14]
2026-06-23 07:31:04 - mkk_pika - main.py:49 - INFO - [{'_id': '5b876c8764fe7547baac9870', 'title': '第1集', 'order': 1, 'updated_at': '2018-08-29T18:28:51.934Z', 'id': '5b876c8764fe7547baac9870'}]
2026-06-23 07:31:04 - mkk_pika - database.py:215 - INFO - 第一次下载该漫画，记录数据库中
2026-06-23 07:31:05 - mkk_pika - main.py:83 - INFO - 找到 14 张图片在:第1集
2026-06-23 07:31:06 - mkk_pika - main.py:112 - INFO - [episode:第1集       ] downloaded:    14, total:  14, progress:100%
2026-06-23 07:31:06 - mkk_pika - database.py:238 - INFO - 数据库更新已下载章节
2026-06-23 07:31:06 - mkk_pika - database.py:244 - INFO - 该漫画已下载章节如下
2026-06-23 07:31:06 - mkk_pika - database.py:245 - INFO - ['第1集']
2026-06-23 07:31:07 - mkk_pika - main.py:348 - INFO - ==================== 漫画信息 ====================
                                   漫画ID：5b876c8764fe7547baac986f
                                   标题：FGOのあしぼん 7 (Fate/Grand Order)
                                   作者：ちゅらる庵 (なちゅらるとん)
                                   是否完结：是
                                   总页数：14
                                   分类：全彩,同人,短篇,足の恋,Fate
                                   章节数：1
                                   最后更新时间：2018-08-30T04:03:19.940Z
                                   =================================================
2026-06-23 07:31:07 - mkk_pika - database.py:101 - INFO - 保存成功：FGOのあしぼん 7 (Fate/Grand Order)
2026-06-23 07:31:07 - mkk_pika - main.py:35 - INFO - 开始检查いんぴお！ (COMIC LO 2013年12月号)是否存在未下载章节
2026-06-23 07:31:07 - mkk_pika - main.py:45 - INFO - 正在下载:[いんぴお！ (COMIC LO 2013年12月号)]-[中村カンコ]-[['短篇']]-[total_pages:26]
2026-06-23 07:31:07 - mkk_pika - main.py:49 - INFO - [{'_id': '5b876c90f443be2c614f09e8', 'title': '第1集', 'order': 1, 'updated_at': '2018-08-29T18:35:04.218Z', 'id': '5b876c90f443be2c614f09e8'}]
2026-06-23 07:31:07 - mkk_pika - database.py:215 - INFO - 第一次下载该漫画，记录数据库中
2026-06-23 07:31:08 - mkk_pika - main.py:83 - INFO - 找到 26 张图片在:第1集
2026-06-23 07:31:10 - mkk_pika - main.py:112 - INFO - [episode:第1集       ] downloaded:    26, total:  26, progress:100%
2026-06-23 07:31:10 - mkk_pika - database.py:238 - INFO - 数据库更新已下载章节
2026-06-23 07:31:10 - mkk_pika - database.py:244 - INFO - 该漫画已下载章节如下
2026-06-23 07:31:10 - mkk_pika - database.py:245 - INFO - ['第1集']
2026-06-23 07:31:11 - mkk_pika - main.py:348 - INFO - ==================== 漫画信息 ====================
                                   漫画ID：582188a85f6b9a4f93de3a17
                                   标题：いんぴお！ (COMIC LO 2013年12月号)
                                   作者：中村カンコ
                                   是否完结：是
                                   总页数：26
                                   分类：短篇
                                   章节数：1
                                   最后更新时间：2018-08-30T04:03:28.168Z
                                   =================================================
2026-06-23 07:31:11 - mkk_pika - database.py:101 - INFO - 保存成功：いんぴお！ (COMIC LO 2013年12月号)
2026-06-23 07:31:11 - mkk_pika - main.py:35 - INFO - 开始检查ゆめのあと (Fate/Grand Order)是否存在未下载章节
2026-06-23 07:31:11 - mkk_pika - main.py:45 - INFO - 正在下载:[ゆめのあと (Fate/Grand Order)]-[アーシアン (消火器)]-[['同人', '短篇', 'Fate', '扶他樂園', '純愛']]-[total_pages:44]
2026-06-23 07:31:11 - mkk_pika - main.py:49 - INFO - [{'_id': '5b876c991bb78c47ed290ffe', 'title': '第1集', 'order': 1, 'updated_at': '2018-08-29T18:14:56.305Z', 'id': '5b876c991bb78c47ed290ffe'}]
2026-06-23 07:31:11 - mkk_pika - database.py:215 - INFO - 第一次下载该漫画，记录数据库中
2026-06-23 07:31:12 - mkk_pika - main.py:83 - INFO - 找到 44 张图片在:第1集
2026-06-23 07:31:14 - mkk_pika - main.py:112 - INFO - [episode:第1集       ] downloaded:    44, total:  44, progress:100%
2026-06-23 07:31:14 - mkk_pika - database.py:238 - INFO - 数据库更新已下载章节
2026-06-23 07:31:14 - mkk_pika - database.py:244 - INFO - 该漫画已下载章节如下
2026-06-23 07:31:14 - mkk_pika - database.py:245 - INFO - ['第1集']
2026-06-23 07:31:16 - mkk_pika - main.py:348 - INFO - ==================== 漫画信息 ====================
                                   漫画ID：5b876c991bb78c47ed290ffd
                                   标题：ゆめのあと (Fate/Grand Order)
                                   作者：アーシアン (消火器)
                                   是否完结：是
                                   总页数：44
                                   分类：同人,短篇,Fate,扶他樂園,純愛
                                   章节数：1
                                   最后更新时间：2018-08-30T04:03:37.425Z
                                   =================================================
2026-06-23 07:31:16 - mkk_pika - database.py:101 - INFO - 保存成功：ゆめのあと (Fate/Grand Order)
2026-06-23 07:31:16 - mkk_pika - main.py:35 - INFO - 开始检查おいでよ!水龍敬ランド the1stDay是否存在未下载章节
2026-06-23 07:31:16 - mkk_pika - main.py:45 - INFO - 正在下载:[おいでよ!水龍敬ランド the1stDay]-[ありすの宝箱 (水龍敬)]-[['短篇']]-[total_pages:43]
2026-06-23 07:31:16 - mkk_pika - main.py:49 - INFO - [{'_id': '5b876c9f38457775306ad245', 'title': '第1集', 'order': 1, 'updated_at': '2018-08-29T18:06:28.352Z', 'id': '5b876c9f38457775306ad245'}]
2026-06-23 07:31:16 - mkk_pika - database.py:215 - INFO - 第一次下载该漫画，记录数据库中
2026-06-23 07:31:17 - mkk_pika - main.py:83 - INFO - 找到 43 张图片在:第1集
2026-06-23 07:31:19 - mkk_pika - main.py:112 - INFO - [episode:第1集       ] downloaded:    43, total:  43, progress:100%
2026-06-23 07:31:19 - mkk_pika - database.py:238 - INFO - 数据库更新已下载章节
2026-06-23 07:31:19 - mkk_pika - database.py:244 - INFO - 该漫画已下载章节如下
2026-06-23 07:31:19 - mkk_pika - database.py:245 - INFO - ['第1集']
2026-06-23 07:31:20 - mkk_pika - main.py:348 - INFO - ==================== 漫画信息 ====================
                                   漫画ID：582188a75f6b9a4f93de39bd
                                   标题：おいでよ!水龍敬ランド the1stDay
                                   作者：ありすの宝箱 (水龍敬)
                                   是否完结：否
                                   总页数：43
                                   分类：短篇
                                   章节数：1
                                   最后更新时间：2018-08-30T04:03:43.093Z
                                   =================================================
2026-06-23 07:31:20 - mkk_pika - database.py:101 - INFO - 保存成功：おいでよ!水龍敬ランド the1stDay
2026-06-23 07:31:20 - mkk_pika - main.py:35 - INFO - 开始检查童年破壊_大紅帽&小野狼是否存在未下载章节
2026-06-23 07:31:21 - mkk_pika - main.py:45 - INFO - 正在下载:[童年破壊_大紅帽&小野狼]-[比目魚]-[['同人', '短篇', '非人類']]-[total_pages:24]
2026-06-23 07:31:21 - mkk_pika - main.py:49 - INFO - [{'_id': '5b876cb357ed5440e96ff8ee', 'title': '第1集', 'order': 1, 'updated_at': '2018-08-29T17:53:12.160Z', 'id': '5b876cb357ed5440e96ff8ee'}]
2026-06-23 07:31:21 - mkk_pika - database.py:215 - INFO - 第一次下载该漫画，记录数据库中
2026-06-23 07:31:21 - mkk_pika - main.py:83 - INFO - 找到 24 张图片在:第1集
2026-06-23 07:31:22 - mkk_pika - main.py:112 - INFO - [episode:第1集       ] downloaded:    24, total:  24, progress:100%
2026-06-23 07:31:22 - mkk_pika - database.py:238 - INFO - 数据库更新已下载章节
2026-06-23 07:31:22 - mkk_pika - database.py:244 - INFO - 该漫画已下载章节如下
2026-06-23 07:31:22 - mkk_pika - database.py:245 - INFO - ['第1集']
2026-06-23 07:31:24 - mkk_pika - main.py:348 - INFO - ==================== 漫画信息 ====================
                                   漫画ID：582188a65f6b9a4f93de394f
                                   标题：童年破壊_大紅帽&小野狼
                                   作者：比目魚
                                   是否完结：是
                                   总页数：24
                                   分类：同人,短篇,非人類
                                   章节数：1
                                   最后更新时间：2018-08-30T04:04:03.050Z
                                   =================================================
2026-06-23 07:31:24 - mkk_pika - database.py:101 - INFO - 保存成功：童年破壊_大紅帽&小野狼
2026-06-23 07:31:24 - mkk_pika - main.py:35 - INFO - 开始检查桃尻女学生性春白書是否存在未下载章节
2026-06-23 07:31:24 - mkk_pika - main.py:45 - INFO - 正在下载:[桃尻女学生性春白書]-[空色かなた]-[['純愛', '單行本', '長篇']]-[total_pages:230]
2026-06-23 07:31:24 - mkk_pika - main.py:49 - INFO - [{'_id': '5b881ee5436adf2c686ef313', 'title': '第1集', 'order': 1, 'updated_at': '2018-08-30T08:35:49.665Z', 'id': '5b881ee5436adf2c686ef313'}]
2026-06-23 07:31:24 - mkk_pika - database.py:215 - INFO - 第一次下载该漫画，记录数据库中
2026-06-23 07:31:26 - mkk_pika - main.py:83 - INFO - 找到 230 张图片在:第1集
2026-06-23 07:31:39 - mkk_pika - main.py:112 - INFO - [episode:第1集       ] downloaded:   230, total: 230, progress:100%
2026-06-23 07:31:39 - mkk_pika - database.py:238 - INFO - 数据库更新已下载章节
2026-06-23 07:31:39 - mkk_pika - database.py:244 - INFO - 该漫画已下载章节如下
2026-06-23 07:31:39 - mkk_pika - database.py:245 - INFO - ['第1集']
2026-06-23 07:31:41 - mkk_pika - main.py:348 - INFO - ==================== 漫画信息 ====================
                                   漫画ID：5b881ee5436adf2c686ef312
                                   标题：桃尻女学生性春白書
                                   作者：空色かなた
                                   是否完结：是
                                   总页数：230
                                   分类：純愛,單行本,長篇
                                   章节数：1
                                   最后更新时间：2018-08-30T16:44:21.119Z
                                   =================================================
2026-06-23 07:31:41 - mkk_pika - database.py:101 - INFO - 保存成功：桃尻女学生性春白書
2026-06-23 07:31:41 - mkk_pika - main.py:35 - INFO - 开始检查けものの館是否存在未下载章节
2026-06-23 07:31:41 - mkk_pika - main.py:45 - INFO - 正在下载:[けものの館]-[えりあ7 (葵奈太)]-[['同人', '短篇', '後宮閃光']]-[total_pages:28]
2026-06-23 07:31:41 - mkk_pika - main.py:49 - INFO - [{'_id': '5b88320b17edd92c317b8830', 'title': '第1集', 'order': 1, 'updated_at': '2018-08-30T14:40:24.172Z', 'id': '5b88320b17edd92c317b8830'}]
2026-06-23 07:31:41 - mkk_pika - database.py:215 - INFO - 第一次下载该漫画，记录数据库中
2026-06-23 07:31:42 - mkk_pika - main.py:83 - INFO - 找到 28 张图片在:第1集
2026-06-23 07:31:43 - mkk_pika - main.py:112 - INFO - [episode:第1集       ] downloaded:    28, total:  28, progress:100%
2026-06-23 07:31:43 - mkk_pika - database.py:238 - INFO - 数据库更新已下载章节
2026-06-23 07:31:43 - mkk_pika - database.py:244 - INFO - 该漫画已下载章节如下
2026-06-23 07:31:43 - mkk_pika - database.py:245 - INFO - ['第1集']
2026-06-23 07:31:44 - mkk_pika - main.py:348 - INFO - ==================== 漫画信息 ====================
                                   漫画ID：5b88320b17edd92c317b882f
                                   标题：けものの館
                                   作者：えりあ7 (葵奈太)
                                   是否完结：否
                                   总页数：28
                                   分类：同人,短篇,後宮閃光
                                   章节数：1
                                   最后更新时间：2018-08-30T18:06:03.827Z
                                   =================================================
2026-06-23 07:31:44 - mkk_pika - database.py:101 - INFO - 保存成功：けものの館
2026-06-23 07:31:44 - mkk_pika - main.py:35 - INFO - 开始检查傀儡师是否存在未下载章节
2026-06-23 07:31:44 - mkk_pika - main.py:45 - INFO - 正在下载:[傀儡师]-[DLme]-[['全彩', '百合花園', '姐姐系', '妹妹系', 'SM', '強暴']]-[total_pages:80]
2026-06-23 07:31:44 - mkk_pika - main.py:49 - INFO - [{'_id': '5b896564baf94f74f595e660', 'title': '第1集', 'order': 1, 'updated_at': '2018-08-30T03:56:56.414Z', 'id': '5b896564baf94f74f595e660'}]
2026-06-23 07:31:44 - mkk_pika - database.py:215 - INFO - 第一次下载该漫画，记录数据库中
2026-06-23 07:31:46 - mkk_pika - main.py:83 - INFO - 找到 80 张图片在:第1集
2026-06-23 07:31:50 - mkk_pika - main.py:112 - INFO - [episode:第1集       ] downloaded:    80, total:  80, progress:100%
2026-06-23 07:31:50 - mkk_pika - database.py:238 - INFO - 数据库更新已下载章节
2026-06-23 07:31:50 - mkk_pika - database.py:244 - INFO - 该漫画已下载章节如下
2026-06-23 07:31:50 - mkk_pika - database.py:245 - INFO - ['第1集']
2026-06-23 07:31:51 - mkk_pika - main.py:348 - INFO - ==================== 漫画信息 ====================
                                   漫画ID：5b896564baf94f74f595e65f
                                   标题：傀儡师
                                   作者：DLme
                                   是否完结：否
                                   总页数：80
                                   分类：全彩,百合花園,姐姐系,妹妹系,SM,強暴
                                   章节数：1
                                   最后更新时间：2018-08-31T15:57:24.965Z
                                   =================================================
2026-06-23 07:31:51 - mkk_pika - database.py:101 - INFO - 保存成功：傀儡师
2026-06-23 07:31:51 - mkk_pika - main.py:35 - INFO - 开始检查(C94) 魔性の甘体2 (艦隊これくしょん -艦これ-)是否存在未下载章节
2026-06-23 07:31:51 - mkk_pika - main.py:45 - INFO - 正在下载:[(C94) 魔性の甘体2 (艦隊これくしょん -艦これ-)]-[榎屋 (eno)]-[['同人', '短篇', '艦隊收藏']]-[total_pages:23]
2026-06-23 07:31:51 - mkk_pika - main.py:49 - INFO - [{'_id': '5b89fb0795e52040eaff83ec', 'title': '第1集', 'order': 1, 'updated_at': '2018-08-31T02:35:38.555Z', 'id': '5b89fb0795e52040eaff83ec'}]
2026-06-23 07:31:51 - mkk_pika - database.py:215 - INFO - 第一次下载该漫画，记录数据库中
2026-06-23 07:31:52 - mkk_pika - main.py:83 - INFO - 找到 23 张图片在:第1集
2026-06-23 07:31:53 - mkk_pika - main.py:112 - INFO - [episode:第1集       ] downloaded:    23, total:  23, progress:100%
2026-06-23 07:31:53 - mkk_pika - database.py:238 - INFO - 数据库更新已下载章节
2026-06-23 07:31:53 - mkk_pika - database.py:244 - INFO - 该漫画已下载章节如下
2026-06-23 07:31:53 - mkk_pika - database.py:245 - INFO - ['第1集']
2026-06-23 07:31:54 - mkk_pika - main.py:348 - INFO - ==================== 漫画信息 ====================
                                   漫画ID：5b89fb0795e52040eaff83eb
                                   标题：(C94) 魔性の甘体2 (艦隊これくしょん -艦これ-)
                                   作者：榎屋 (eno)
                                   是否完结：是
                                   总页数：23
                                   分类：同人,短篇,艦隊收藏
                                   章节数：1
                                   最后更新时间：2018-09-01T02:35:51.517Z
                                   =================================================
2026-06-23 07:31:54 - mkk_pika - database.py:101 - INFO - 保存成功：(C94) 魔性の甘体2 (艦隊これくしょん -艦これ-)
2026-06-23 07:31:54 - mkk_pika - main.py:35 - INFO - 开始检查artist（Firolian）是否存在未下载章节
2026-06-23 07:31:55 - mkk_pika - main.py:45 - INFO - 正在下载:[artist（Firolian）]-[Firolian]-[['全彩', '長篇', '同人']]-[total_pages:119]
2026-06-23 07:31:55 - mkk_pika - main.py:49 - INFO - [{'_id': '5b89fb4f9da9dd40b8880a44', 'title': '第1集', 'order': 1, 'updated_at': '2018-08-30T13:52:56.101Z', 'id': '5b89fb4f9da9dd40b8880a44'}]
2026-06-23 07:31:55 - mkk_pika - database.py:215 - INFO - 第一次下载该漫画，记录数据库中
2026-06-23 07:31:56 - mkk_pika - main.py:83 - INFO - 找到 119 张图片在:第1集
2026-06-23 07:32:01 - mkk_pika - main.py:112 - INFO - [episode:第1集       ] downloaded:   119, total: 119, progress:100%
2026-06-23 07:32:01 - mkk_pika - database.py:238 - INFO - 数据库更新已下载章节
2026-06-23 07:32:01 - mkk_pika - database.py:244 - INFO - 该漫画已下载章节如下
2026-06-23 07:32:01 - mkk_pika - database.py:245 - INFO - ['第1集']
2026-06-23 07:32:02 - mkk_pika - main.py:348 - INFO - ==================== 漫画信息 ====================
                                   漫画ID：5b89fb4f9da9dd40b8880a43
                                   标题：artist（Firolian）
                                   作者：Firolian
                                   是否完结：是
                                   总页数：119
                                   分类：全彩,長篇,同人
                                   章节数：1
                                   最后更新时间：2018-09-01T02:37:03.828Z
                                   =================================================
2026-06-23 07:32:02 - mkk_pika - database.py:101 - INFO - 保存成功：artist（Firolian）
2026-06-23 07:32:02 - mkk_pika - main.py:35 - INFO - 开始检查激撮！JSコレクション是否存在未下载章节
2026-06-23 07:32:02 - mkk_pika - main.py:45 - INFO - 正在下载:[激撮！JSコレクション]-[魔訶不思議]-[['長篇', '單行本']]-[total_pages:198]
2026-06-23 07:32:02 - mkk_pika - main.py:49 - INFO - [{'_id': '5b89fb74a966ab47b27222ca', 'title': '第1集', 'order': 1, 'updated_at': '2018-08-31T04:01:28.673Z', 'id': '5b89fb74a966ab47b27222ca'}]
2026-06-23 07:32:02 - mkk_pika - database.py:215 - INFO - 第一次下载该漫画，记录数据库中
2026-06-23 07:32:04 - mkk_pika - main.py:83 - INFO - 找到 198 张图片在:第1集
2026-06-23 07:32:12 - mkk_pika - main.py:112 - INFO - [episode:第1集       ] downloaded:   198, total: 198, progress:100%
2026-06-23 07:32:12 - mkk_pika - database.py:238 - INFO - 数据库更新已下载章节
2026-06-23 07:32:12 - mkk_pika - database.py:244 - INFO - 该漫画已下载章节如下
2026-06-23 07:32:12 - mkk_pika - database.py:245 - INFO - ['第1集']
2026-06-23 07:32:14 - mkk_pika - main.py:348 - INFO - ==================== 漫画信息 ====================
                                   漫画ID：5b89fb74a966ab47b27222c9
                                   标题：激撮！JSコレクション
                                   作者：魔訶不思議
                                   是否完结：否
                                   总页数：198
                                   分类：長篇,單行本
                                   章节数：1
                                   最后更新时间：2018-09-01T02:37:40.859Z
                                   =================================================
2026-06-23 07:32:14 - mkk_pika - database.py:101 - INFO - 保存成功：激撮！JSコレクション
2026-06-23 07:32:14 - mkk_pika - main.py:35 - INFO - 开始检查母さんが、女の良さを教えてあげる是否存在未下载章节
2026-06-23 07:32:14 - mkk_pika - main.py:45 - INFO - 正在下载:[母さんが、女の良さを教えてあげる]-[葛籠くずかご]-[['短篇', '人妻', 'NTR']]-[total_pages:20]
2026-06-23 07:32:14 - mkk_pika - main.py:49 - INFO - [{'_id': '5b89fb8c603a74752f024b66', 'title': '第1集', 'order': 1, 'updated_at': '2018-08-31T04:18:51.892Z', 'id': '5b89fb8c603a74752f024b66'}]
2026-06-23 07:32:14 - mkk_pika - database.py:215 - INFO - 第一次下载该漫画，记录数据库中
2026-06-23 07:32:15 - mkk_pika - main.py:83 - INFO - 找到 20 张图片在:第1集
2026-06-23 07:32:16 - mkk_pika - main.py:112 - INFO - [episode:第1集       ] downloaded:    20, total:  20, progress:100%
2026-06-23 07:32:16 - mkk_pika - database.py:238 - INFO - 数据库更新已下载章节
2026-06-23 07:32:16 - mkk_pika - database.py:244 - INFO - 该漫画已下载章节如下
2026-06-23 07:32:16 - mkk_pika - database.py:245 - INFO - ['第1集']
2026-06-23 07:32:17 - mkk_pika - main.py:348 - INFO - ==================== 漫画信息 ====================
                                   漫画ID：5b89fb8c603a74752f024b65
                                   标题：母さんが、女の良さを教えてあげる
                                   作者：葛籠くずかご
                                   是否完结：否
                                   总页数：20
                                   分类：短篇,人妻,NTR
                                   章节数：1
                                   最后更新时间：2018-09-01T02:38:04.155Z
                                   =================================================
2026-06-23 07:32:17 - mkk_pika - database.py:101 - INFO - 保存成功：母さんが、女の良さを教えてあげる
2026-06-23 07:32:17 - mkk_pika - main.py:35 - INFO - 开始检查母娘とOL (アイドルマスター ディアリースターズ)是否存在未下载章节
2026-06-23 07:32:17 - mkk_pika - main.py:45 - INFO - 正在下载:[母娘とOL (アイドルマスター ディアリースターズ)]-[ツパン]-[['同人', '全彩', '短篇']]-[total_pages:37]
2026-06-23 07:32:17 - mkk_pika - main.py:49 - INFO - [{'_id': '5b89fc1bf443be2c614f12ac', 'title': '第1集', 'order': 1, 'updated_at': '2018-09-01T01:42:30.835Z', 'id': '5b89fc1bf443be2c614f12ac'}]
2026-06-23 07:32:17 - mkk_pika - database.py:215 - INFO - 第一次下载该漫画，记录数据库中
2026-06-23 07:32:18 - mkk_pika - main.py:83 - INFO - 找到 37 张图片在:第1集
2026-06-23 07:32:19 - mkk_pika - main.py:112 - INFO - [episode:第1集       ] downloaded:    37, total:  37, progress:100%
2026-06-23 07:32:19 - mkk_pika - database.py:238 - INFO - 数据库更新已下载章节
2026-06-23 07:32:19 - mkk_pika - database.py:244 - INFO - 该漫画已下载章节如下
2026-06-23 07:32:19 - mkk_pika - database.py:245 - INFO - ['第1集']
2026-06-23 07:32:21 - mkk_pika - main.py:348 - INFO - ==================== 漫画信息 ====================
                                   漫画ID：5b89fc1bf443be2c614f12ab
                                   标题：母娘とOL (アイドルマスター ディアリースターズ)
                                   作者：ツパン
                                   是否完结：是
                                   总页数：37
                                   分类：同人,全彩,短篇
                                   章节数：1
                                   最后更新时间：2018-09-01T02:40:27.761Z
                                   =================================================
2026-06-23 07:32:21 - mkk_pika - database.py:101 - INFO - 保存成功：母娘とOL (アイドルマスター ディアリースターズ)
2026-06-23 07:32:21 - mkk_pika - main.py:35 - INFO - 开始检查(C94) TSF物語 APPEND5.0是否存在未下载章节
2026-06-23 07:32:21 - mkk_pika - main.py:45 - INFO - 正在下载:[(C94) TSF物語 APPEND5.0]-[DA HOOTCH (新堂エル)]-[['短篇', '扶他樂園']]-[total_pages:129]
2026-06-23 07:32:21 - mkk_pika - main.py:49 - INFO - [{'_id': '5b89fc349da9dd40b8880abe', 'title': '第1集', 'order': 1, 'updated_at': '2018-09-01T02:07:40.294Z', 'id': '5b89fc349da9dd40b8880abe'}]
2026-06-23 07:32:21 - mkk_pika - database.py:215 - INFO - 第一次下载该漫画，记录数据库中
2026-06-23 07:32:23 - mkk_pika - main.py:83 - INFO - 找到 129 张图片在:第1集
2026-06-23 07:32:29 - mkk_pika - main.py:112 - INFO - [episode:第1集       ] downloaded:   129, total: 129, progress:100%
2026-06-23 07:32:29 - mkk_pika - database.py:238 - INFO - 数据库更新已下载章节
2026-06-23 07:32:29 - mkk_pika - database.py:244 - INFO - 该漫画已下载章节如下
2026-06-23 07:32:29 - mkk_pika - database.py:245 - INFO - ['第1集']
2026-06-23 07:32:30 - mkk_pika - main.py:348 - INFO - ==================== 漫画信息 ====================
                                   漫画ID：5b89fc349da9dd40b8880abd
                                   标题：(C94) TSF物語 APPEND5.0
                                   作者：DA HOOTCH (新堂エル)
                                   是否完结：是
                                   总页数：129
                                   分类：短篇,扶他樂園
                                   章节数：1
                                   最后更新时间：2018-09-01T02:40:52.288Z
                                   =================================================
2026-06-23 07:32:30 - mkk_pika - database.py:101 - INFO - 保存成功：(C94) TSF物語 APPEND5.0
2026-06-23 07:32:30 - mkk_pika - main.py:35 - INFO - 开始检查(C94) 呼ばれて飛び出て かるであ風俗 (Fate/Grand Order)是否存在未下载章节
2026-06-23 07:32:30 - mkk_pika - main.py:45 - INFO - 正在下载:[(C94) 呼ばれて飛び出て かるであ風俗 (Fate/Grand Order)]-[ボトルシップボトラー (夏桜)]-[['同人', '短篇', 'Fate']]-[total_pages:24]
2026-06-23 07:32:30 - mkk_pika - main.py:49 - INFO - [{'_id': '5b8a617c17edd92c317b8e60', 'title': '第1集', 'order': 1, 'updated_at': '2018-09-01T07:07:29.621Z', 'id': '5b8a617c17edd92c317b8e60'}]
2026-06-23 07:32:30 - mkk_pika - database.py:215 - INFO - 第一次下载该漫画，记录数据库中
2026-06-23 07:32:31 - mkk_pika - main.py:83 - INFO - 找到 24 张图片在:第1集
2026-06-23 07:32:32 - mkk_pika - main.py:112 - INFO - [episode:第1集       ] downloaded:    24, total:  24, progress:100%
2026-06-23 07:32:32 - mkk_pika - database.py:238 - INFO - 数据库更新已下载章节
2026-06-23 07:32:32 - mkk_pika - database.py:244 - INFO - 该漫画已下载章节如下
2026-06-23 07:32:32 - mkk_pika - database.py:245 - INFO - ['第1集']
2026-06-23 07:32:34 - mkk_pika - main.py:348 - INFO - ==================== 漫画信息 ====================
                                   漫画ID：5b8a617c17edd92c317b8e5f
                                   标题：(C94) 呼ばれて飛び出て かるであ風俗 (Fate/Grand Order)
                                   作者：ボトルシップボトラー (夏桜)
                                   是否完结：是
                                   总页数：24
                                   分类：同人,短篇,Fate
                                   章节数：1
                                   最后更新时间：2018-09-01T09:53:00.118Z
                                   =================================================
2026-06-23 07:32:34 - mkk_pika - database.py:101 - INFO - 保存成功：(C94) 呼ばれて飛び出て かるであ風俗 (Fate/Grand Order)
2026-06-23 07:32:34 - mkk_pika - main.py:35 - INFO - 开始检查凋零是否存在未下载章节
2026-06-23 07:32:34 - mkk_pika - main.py:45 - INFO - 正在下载:[凋零]-[DLme]-[['全彩', '百合花園', '妹妹系', '姐姐系', 'SM', '強暴']]-[total_pages:43]
2026-06-23 07:32:34 - mkk_pika - main.py:49 - INFO - [{'_id': '5b8b6a755da6d474fecbd48b', 'title': '第1集', 'order': 1, 'updated_at': '2018-08-30T03:59:50.575Z', 'id': '5b8b6a755da6d474fecbd48b'}]
2026-06-23 07:32:34 - mkk_pika - database.py:215 - INFO - 第一次下载该漫画，记录数据库中
2026-06-23 07:32:35 - mkk_pika - main.py:83 - INFO - 找到 43 张图片在:第1集
2026-06-23 07:32:37 - mkk_pika - main.py:112 - INFO - [episode:第1集       ] downloaded:    43, total:  43, progress:100%
2026-06-23 07:32:37 - mkk_pika - database.py:238 - INFO - 数据库更新已下载章节
2026-06-23 07:32:37 - mkk_pika - database.py:244 - INFO - 该漫画已下载章节如下
2026-06-23 07:32:37 - mkk_pika - database.py:245 - INFO - ['第1集']
2026-06-23 07:32:39 - mkk_pika - main.py:348 - INFO - ==================== 漫画信息 ====================
                                   漫画ID：5b8b6a755da6d474fecbd48a
                                   标题：凋零
                                   作者：DLme
                                   是否完结：否
                                   总页数：43
                                   分类：全彩,百合花園,妹妹系,姐姐系,SM,強暴
                                   章节数：1
                                   最后更新时间：2018-09-02T04:43:33.102Z
                                   =================================================
2026-06-23 07:32:39 - mkk_pika - database.py:101 - INFO - 保存成功：凋零
2026-06-23 07:32:39 - mkk_pika - main.py:380 - INFO - 本次任务下载完毕
2026-06-23 07:32:39 - mkk_pika - database.py:173 - INFO - 数据库连接已关闭
