2026-06-09 00:13:11 - mkk_pika - main.py:193 - INFO - =======================================================================
2026-06-09 00:13:11 - mkk_pika - database.py:61 - INFO - 表和索引初始化成功
2026-06-09 00:13:11 - mkk_pika - main.py:197 - INFO - 已经累计下载14116本漫画
2026-06-09 00:13:11 - mkk_pika - api.py:87 - INFO - 登录成功
2026-06-09 00:13:11 - mkk_pika - main.py:203 - INFO - 收藏夹共计0本漫画
2026-06-09 00:13:11 - mkk_pika - main.py:206 - INFO - 开始下载收藏夹内未下载内容
2026-06-09 00:13:11 - mkk_pika - main.py:266 - INFO - 收藏夹内容下载完毕
2026-06-09 00:13:11 - mkk_pika - main.py:268 - INFO - 开始下载订阅内容
2026-06-09 00:13:11 - mkk_pika - database.py:258 - INFO - 根据ID查询到标题：萝莉 -> 尿道がーるずコレクション[中国翻译]
2026-06-09 00:13:12 - mkk_pika - database.py:101 - INFO - 保存成功：尿道がーるずコレクション[中国翻译]
2026-06-09 00:13:12 - mkk_pika - main.py:273 - INFO - 关键词萝莉找到1本漫画
2026-06-09 00:13:12 - mkk_pika - database.py:258 - INFO - 根据ID查询到标题：蘿莉 -> ナナグレ！―えっちなお薬のテストプレイ編―
2026-06-09 00:13:12 - mkk_pika - database.py:101 - INFO - 保存成功：なまいきJSとイチャラブSEXしたい！
2026-06-09 00:13:12 - mkk_pika - main.py:273 - INFO - 关键词蘿莉找到4本漫画
2026-06-09 00:13:12 - mkk_pika - main.py:275 - INFO - 订阅内容共计5本漫画
2026-06-09 00:13:12 - mkk_pika - main.py:35 - INFO - 开始检查ロリート幻想 | 萝莉幻想是否存在未下载章节
2026-06-09 00:13:13 - mkk_pika - database.py:203 - INFO - 查询数据库中是否已存在第1話
2026-06-09 00:13:13 - mkk_pika - main.py:51 - INFO - ロリート幻想 | 萝莉幻想中没有可下载章节
2026-06-09 00:13:13 - mkk_pika - main.py:292 - INFO - ==================== 漫画信息 ====================
                                漫画ID：6a1da9a284e0e027e9687b55
                                标题：ロリート幻想 | 萝莉幻想
                                作者：サンセットビーチ (ハマー)
                                是否完结：否
                                总页数：26
                                分类：全彩,短篇,同人,東方
                                章节数：1
                                最后更新时间：2026-06-01T15:47:46.381Z
                                =================================================
2026-06-09 00:13:13 - mkk_pika - database.py:101 - INFO - 保存成功：ロリート幻想 | 萝莉幻想
2026-06-09 00:13:13 - mkk_pika - main.py:35 - INFO - 开始检查桃華の誘惑 (アイドルマスター シンデレラガールズ)是否存在未下载章节
2026-06-09 00:13:13 - mkk_pika - main.py:45 - INFO - 正在下载:[桃華の誘惑 (アイドルマスター シンデレラガールズ)]-[ラビットレーフル(ゆいあずなのは)]-[['同人', '短篇']]-[total_pages:-1]
2026-06-09 00:13:13 - mkk_pika - main.py:49 - INFO - [{'_id': '6a270280caca857581305270', 'title': '第1話', 'order': 1, 'updated_at': '2026-06-08T08:30:19.491Z', 'id': '6a270280caca857581305270'}]
2026-06-09 00:13:13 - mkk_pika - database.py:215 - INFO - 第一次下载该漫画，记录数据库中
2026-06-09 00:13:14 - mkk_pika - main.py:83 - INFO - 找到 26 张图片在:第1話
2026-06-09 00:13:14 - mkk_pika - main.py:112 - INFO - [episode:第1話       ] downloaded:    26, total:  26, progress:100%
2026-06-09 00:13:14 - mkk_pika - database.py:238 - INFO - 数据库更新已下载章节
2026-06-09 00:13:14 - mkk_pika - database.py:244 - INFO - 该漫画已下载章节如下
2026-06-09 00:13:14 - mkk_pika - database.py:245 - INFO - ['第1話']
2026-06-09 00:13:16 - mkk_pika - main.py:292 - INFO - ==================== 漫画信息 ====================
                                漫画ID：6a270280caca85758130526f
                                标题：桃華の誘惑 (アイドルマスター シンデレラガールズ)
                                作者：ラビットレーフル(ゆいあずなのは)
                                是否完结：是
                                总页数：26
                                分类：同人,短篇
                                章节数：1
                                最后更新时间：2026-06-08T17:57:20.163Z
                                =================================================
2026-06-09 00:13:16 - mkk_pika - database.py:101 - INFO - 保存成功：桃華の誘惑 (アイドルマスター シンデレラガールズ)
2026-06-09 00:13:16 - mkk_pika - main.py:35 - INFO - 开始检查なまいきJSとイチャラブSEXしたい！是否存在未下载章节
2026-06-09 00:13:16 - mkk_pika - database.py:203 - INFO - 查询数据库中是否已存在第1話
2026-06-09 00:13:16 - mkk_pika - main.py:51 - INFO - なまいきJSとイチャラブSEXしたい！中没有可下载章节
2026-06-09 00:13:16 - mkk_pika - main.py:292 - INFO - ==================== 漫画信息 ====================
                                漫画ID：6a1dab6784e0e027e9688111
                                标题：なまいきJSとイチャラブSEXしたい！
                                作者：Regnenshower (しばあめ)
                                是否完结：是
                                总页数：29
                                分类：短篇
                                章节数：1
                                最后更新时间：2026-06-01T15:55:19.438Z
                                =================================================
2026-06-09 00:13:16 - mkk_pika - database.py:101 - INFO - 保存成功：なまいきJSとイチャラブSEXしたい！
2026-06-09 00:13:16 - mkk_pika - main.py:35 - INFO - 开始检查星の辰る夜のその後で... | 在星辰之夜的余韵中 …是否存在未下载章节
2026-06-09 00:13:16 - mkk_pika - main.py:45 - INFO - 正在下载:[星の辰る夜のその後で... | 在星辰之夜的余韵中 …]-[カリーバーグディッシュ (未影)]-[['短篇', '同人', 'Fate']]-[total_pages:-1]
2026-06-09 00:13:16 - mkk_pika - main.py:49 - INFO - [{'_id': '5eb89f942be38813188a88b6', 'title': '生肉', 'order': 1, 'updated_at': '2026-06-08T17:53:32.214Z', 'id': '5eb89f942be38813188a88b6'}, {'_id': '6a27019c7057f1756620fa10', 'title': '熟肉', 'order': 2, 'updated_at': '2026-06-07T13:31:26.048Z', 'id': '6a27019c7057f1756620fa10'}]
2026-06-09 00:13:16 - mkk_pika - database.py:215 - INFO - 第一次下载该漫画，记录数据库中
2026-06-09 00:13:17 - mkk_pika - main.py:83 - INFO - 找到 26 张图片在:生肉
2026-06-09 00:13:17 - mkk_pika - main.py:112 - INFO - [episode:生肉        ] downloaded:    26, total:  26, progress:100%
2026-06-09 00:13:17 - mkk_pika - database.py:238 - INFO - 数据库更新已下载章节
2026-06-09 00:13:17 - mkk_pika - database.py:244 - INFO - 该漫画已下载章节如下
2026-06-09 00:13:17 - mkk_pika - database.py:245 - INFO - ['生肉']
2026-06-09 00:13:19 - mkk_pika - main.py:83 - INFO - 找到 26 张图片在:熟肉
2026-06-09 00:13:20 - mkk_pika - main.py:112 - INFO - [episode:熟肉        ] downloaded:    26, total:  26, progress:100%
2026-06-09 00:13:20 - mkk_pika - database.py:238 - INFO - 数据库更新已下载章节
2026-06-09 00:13:20 - mkk_pika - database.py:244 - INFO - 该漫画已下载章节如下
2026-06-09 00:13:20 - mkk_pika - database.py:245 - INFO - ['生肉', '熟肉']
2026-06-09 00:13:21 - mkk_pika - main.py:292 - INFO - ==================== 漫画信息 ====================
                                漫画ID：5eb89f942be38813188a88b5
                                标题：星の辰る夜のその後で... | 在星辰之夜的余韵中 …
                                作者：カリーバーグディッシュ (未影)
                                是否完结：否
                                总页数：52
                                分类：短篇,同人,Fate
                                章节数：2
                                最后更新时间：2026-06-08T17:53:32.199Z
                                =================================================
2026-06-09 00:13:21 - mkk_pika - database.py:101 - INFO - 保存成功：星の辰る夜のその後で... | 在星辰之夜的余韵中 …
2026-06-09 00:13:21 - mkk_pika - main.py:35 - INFO - 开始检查千枝ちゃん合法チャレンジ! (アイドルマスター シンデレラガールズ) 是否存在未下载章节
2026-06-09 00:13:21 - mkk_pika - database.py:203 - INFO - 查询数据库中是否已存在第1話
2026-06-09 00:13:21 - mkk_pika - main.py:51 - INFO - 千枝ちゃん合法チャレンジ! (アイドルマスター シンデレラガールズ) 中没有可下载章节
2026-06-09 00:13:21 - mkk_pika - main.py:292 - INFO - ==================== 漫画信息 ====================
                                漫画ID：6a25990ac1fdaa6bd556cc32
                                标题：千枝ちゃん合法チャレンジ! (アイドルマスター シンデレラガールズ) 
                                作者：よわみどり (佐伯)
                                是否完结：是
                                总页数：32
                                分类：同人,短篇
                                章节数：1
                                最后更新时间：2026-06-07T16:15:06.051Z
                                =================================================
2026-06-09 00:13:21 - mkk_pika - database.py:101 - INFO - 保存成功：千枝ちゃん合法チャレンジ! (アイドルマスター シンデレラガールズ) 
2026-06-09 00:13:21 - mkk_pika - main.py:323 - INFO - 订阅内容内容下载完毕
2026-06-09 00:13:21 - mkk_pika - main.py:324 - INFO - 开始分批下载全部章节
2026-06-09 00:13:21 - mkk_pika - database.py:280 - INFO - 表和索引初始化成功
2026-06-09 00:13:22 - mkk_pika - main.py:177 - INFO - 已经下载了993页，一共6949页，现在开始添加第994页
2026-06-09 00:13:22 - mkk_pika - database.py:318 - INFO - 保存成功
2026-06-09 00:13:23 - mkk_pika - main.py:177 - INFO - 已经下载了994页，一共6949页，现在开始添加第995页
2026-06-09 00:13:23 - mkk_pika - database.py:318 - INFO - 保存成功
2026-06-09 00:13:24 - mkk_pika - main.py:177 - INFO - 已经下载了995页，一共6949页，现在开始添加第996页
2026-06-09 00:13:24 - mkk_pika - database.py:318 - INFO - 保存成功
2026-06-09 00:13:24 - mkk_pika - main.py:177 - INFO - 已经下载了996页，一共6949页，现在开始添加第997页
2026-06-09 00:13:25 - mkk_pika - database.py:318 - INFO - 保存成功
2026-06-09 00:13:25 - mkk_pika - main.py:177 - INFO - 已经下载了997页，一共6949页，现在开始添加第998页
2026-06-09 00:13:25 - mkk_pika - database.py:318 - INFO - 保存成功
2026-06-09 00:13:25 - mkk_pika - main.py:331 - INFO - 分批下载共计49本漫画
2026-06-09 00:13:25 - mkk_pika - main.py:35 - INFO - 开始检查女子肛性是否存在未下载章节
2026-06-09 00:13:26 - mkk_pika - main.py:45 - INFO - 正在下载:[女子肛性]-[バクシーシAT]-[['長篇']]-[total_pages:214]
2026-06-09 00:13:26 - mkk_pika - main.py:49 - INFO - [{'_id': '5acf5535757ea420d9a24931', 'title': '第1集', 'order': 1, 'updated_at': '2018-04-12T02:29:25.320Z', 'id': '5acf5535757ea420d9a24931'}]
2026-06-09 00:13:26 - mkk_pika - database.py:215 - INFO - 第一次下载该漫画，记录数据库中
2026-06-09 00:13:27 - mkk_pika - main.py:83 - INFO - 找到 214 张图片在:第1集
2026-06-09 00:13:34 - mkk_pika - main.py:112 - INFO - [episode:第1集       ] downloaded:   214, total: 214, progress:100%
2026-06-09 00:13:34 - mkk_pika - database.py:238 - INFO - 数据库更新已下载章节
2026-06-09 00:13:34 - mkk_pika - database.py:244 - INFO - 该漫画已下载章节如下
2026-06-09 00:13:34 - mkk_pika - database.py:245 - INFO - ['第1集']
2026-06-09 00:13:36 - mkk_pika - main.py:348 - INFO - ==================== 漫画信息 ====================
                                   漫画ID：5acf5535757ea420d9a24930
                                   标题：女子肛性
                                   作者：バクシーシAT
                                   是否完结：是
                                   总页数：214
                                   分类：長篇
                                   章节数：1
                                   最后更新时间：2018-04-12T12:46:45.500Z
                                   =================================================
2026-06-09 00:13:36 - mkk_pika - database.py:101 - INFO - 保存成功：女子肛性
2026-06-09 00:13:36 - mkk_pika - main.py:35 - INFO - 开始检查姉弟が大人になる時是否存在未下载章节
2026-06-09 00:13:36 - mkk_pika - main.py:45 - INFO - 正在下载:[姉弟が大人になる時]-[音音]-[['短篇', '純愛', '姐姐系']]-[total_pages:23]
2026-06-09 00:13:36 - mkk_pika - main.py:49 - INFO - [{'_id': '5acf558946157e542a04d15a', 'title': '第1集', 'order': 1, 'updated_at': '2018-04-12T08:55:02.872Z', 'id': '5acf558946157e542a04d15a'}]
2026-06-09 00:13:36 - mkk_pika - database.py:215 - INFO - 第一次下载该漫画，记录数据库中
2026-06-09 00:13:36 - mkk_pika - main.py:83 - INFO - 找到 23 张图片在:第1集
2026-06-09 00:13:37 - mkk_pika - main.py:112 - INFO - [episode:第1集       ] downloaded:    23, total:  23, progress:100%
2026-06-09 00:13:37 - mkk_pika - database.py:238 - INFO - 数据库更新已下载章节
2026-06-09 00:13:37 - mkk_pika - database.py:244 - INFO - 该漫画已下载章节如下
2026-06-09 00:13:37 - mkk_pika - database.py:245 - INFO - ['第1集']
2026-06-09 00:13:39 - mkk_pika - main.py:348 - INFO - ==================== 漫画信息 ====================
                                   漫画ID：5acf558946157e542a04d159
                                   标题：姉弟が大人になる時
                                   作者：音音
                                   是否完结：是
                                   总页数：23
                                   分类：短篇,純愛,姐姐系
                                   章节数：1
                                   最后更新时间：2018-04-12T12:48:09.730Z
                                   =================================================
2026-06-09 00:13:39 - mkk_pika - database.py:101 - INFO - 保存成功：姉弟が大人になる時
2026-06-09 00:13:39 - mkk_pika - main.py:35 - INFO - 开始检查姉弟デートのススメ是否存在未下载章节
2026-06-09 00:13:39 - mkk_pika - main.py:45 - INFO - 正在下载:[姉弟デートのススメ]-[音音]-[['短篇', '純愛', '姐姐系']]-[total_pages:26]
2026-06-09 00:13:39 - mkk_pika - main.py:49 - INFO - [{'_id': '5acf55beea520e53f1dfd274', 'title': '第1集', 'order': 1, 'updated_at': '2018-04-12T08:58:51.547Z', 'id': '5acf55beea520e53f1dfd274'}]
2026-06-09 00:13:39 - mkk_pika - database.py:215 - INFO - 第一次下载该漫画，记录数据库中
2026-06-09 00:13:39 - mkk_pika - main.py:83 - INFO - 找到 26 张图片在:第1集
2026-06-09 00:13:40 - mkk_pika - main.py:112 - INFO - [episode:第1集       ] downloaded:    26, total:  26, progress:100%
2026-06-09 00:13:40 - mkk_pika - database.py:238 - INFO - 数据库更新已下载章节
2026-06-09 00:13:40 - mkk_pika - database.py:244 - INFO - 该漫画已下载章节如下
2026-06-09 00:13:40 - mkk_pika - database.py:245 - INFO - ['第1集']
2026-06-09 00:13:42 - mkk_pika - main.py:348 - INFO - ==================== 漫画信息 ====================
                                   漫画ID：5acf55beea520e53f1dfd273
                                   标题：姉弟デートのススメ
                                   作者：音音
                                   是否完结：是
                                   总页数：26
                                   分类：短篇,純愛,姐姐系
                                   章节数：1
                                   最后更新时间：2018-04-12T12:49:02.763Z
                                   =================================================
2026-06-09 00:13:42 - mkk_pika - database.py:101 - INFO - 保存成功：姉弟デートのススメ
2026-06-09 00:13:42 - mkk_pika - main.py:35 - INFO - 开始检查あまみドコロ是否存在未下载章节
2026-06-09 00:13:42 - mkk_pika - main.py:45 - INFO - 正在下载:[あまみドコロ]-[睦茸]-[['長篇', '純愛', '單行本']]-[total_pages:207]
2026-06-09 00:13:42 - mkk_pika - main.py:49 - INFO - [{'_id': '5acf55ca331c6954323205ad', 'title': '第1集', 'order': 1, 'updated_at': '2018-04-12T09:28:38.659Z', 'id': '5acf55ca331c6954323205ad'}]
2026-06-09 00:13:42 - mkk_pika - database.py:215 - INFO - 第一次下载该漫画，记录数据库中
2026-06-09 00:13:44 - mkk_pika - main.py:83 - INFO - 找到 207 张图片在:第1集
2026-06-09 00:13:48 - mkk_pika - main.py:112 - INFO - [episode:第1集       ] downloaded:   207, total: 207, progress:100%
2026-06-09 00:13:48 - mkk_pika - database.py:238 - INFO - 数据库更新已下载章节
2026-06-09 00:13:48 - mkk_pika - database.py:244 - INFO - 该漫画已下载章节如下
2026-06-09 00:13:48 - mkk_pika - database.py:245 - INFO - ['第1集']
2026-06-09 00:13:49 - mkk_pika - main.py:348 - INFO - ==================== 漫画信息 ====================
                                   漫画ID：5acf55ca331c6954323205ac
                                   标题：あまみドコロ
                                   作者：睦茸
                                   是否完结：是
                                   总页数：207
                                   分类：長篇,純愛,單行本
                                   章节数：1
                                   最后更新时间：2018-04-12T12:49:14.908Z
                                   =================================================
2026-06-09 00:13:49 - mkk_pika - database.py:101 - INFO - 保存成功：あまみドコロ
2026-06-09 00:13:49 - mkk_pika - main.py:35 - INFO - 开始检查たぷりこ是否存在未下载章节
2026-06-09 00:13:49 - mkk_pika - main.py:45 - INFO - 正在下载:[たぷりこ]-[睦茸]-[['長篇', '純愛', '妹妹系', '強暴']]-[total_pages:187]
2026-06-09 00:13:49 - mkk_pika - main.py:49 - INFO - [{'_id': '5acf55d816e99f0542514bbb', 'title': '第1集', 'order': 1, 'updated_at': '2018-04-12T10:25:23.650Z', 'id': '5acf55d816e99f0542514bbb'}, {'_id': '5acf55d816e99f0542514bbc', 'title': '第2集', 'order': 2, 'updated_at': '2018-04-12T10:26:37.302Z', 'id': '5acf55d816e99f0542514bbc'}]
2026-06-09 00:13:49 - mkk_pika - database.py:215 - INFO - 第一次下载该漫画，记录数据库中
2026-06-09 00:13:51 - mkk_pika - main.py:83 - INFO - 找到 184 张图片在:第1集
2026-06-09 00:13:57 - mkk_pika - main.py:112 - INFO - [episode:第1集       ] downloaded:   184, total: 184, progress:100%
2026-06-09 00:13:57 - mkk_pika - database.py:238 - INFO - 数据库更新已下载章节
2026-06-09 00:13:57 - mkk_pika - database.py:244 - INFO - 该漫画已下载章节如下
2026-06-09 00:13:57 - mkk_pika - database.py:245 - INFO - ['第1集']
2026-06-09 00:13:58 - mkk_pika - main.py:83 - INFO - 找到 3 张图片在:第2集
2026-06-09 00:13:58 - mkk_pika - main.py:112 - INFO - [episode:第2集       ] downloaded:     3, total:   3, progress:100%
2026-06-09 00:13:58 - mkk_pika - database.py:238 - INFO - 数据库更新已下载章节
2026-06-09 00:13:58 - mkk_pika - database.py:244 - INFO - 该漫画已下载章节如下
2026-06-09 00:13:58 - mkk_pika - database.py:245 - INFO - ['第1集', '第2集']
2026-06-09 00:13:59 - mkk_pika - main.py:348 - INFO - ==================== 漫画信息 ====================
                                   漫画ID：5acf55d816e99f0542514bba
                                   标题：たぷりこ
                                   作者：睦茸
                                   是否完结：是
                                   总页数：187
                                   分类：長篇,純愛,妹妹系,強暴
                                   章节数：2
                                   最后更新时间：2018-04-12T12:49:28.614Z
                                   =================================================
2026-06-09 00:13:59 - mkk_pika - database.py:101 - INFO - 保存成功：たぷりこ
2026-06-09 00:13:59 - mkk_pika - main.py:35 - INFO - 开始检查あやかし館へようこそ！ 1-10話是否存在未下载章节
2026-06-09 00:14:00 - mkk_pika - main.py:45 - INFO - 正在下载:[あやかし館へようこそ！ 1-10話]-[アズマサワヨシ]-[['長篇', '後宮閃光', '單行本', '純愛']]-[total_pages:647]
2026-06-09 00:14:00 - mkk_pika - main.py:49 - INFO - [{'_id': '5aa20f3778f1cc4fc59c0f76', 'title': '第1集', 'order': 1, 'updated_at': '2018-03-08T11:21:10.352Z', 'id': '5aa20f3778f1cc4fc59c0f76'}, {'_id': '5aa20f3778f1cc4fc59c0f77', 'title': '第2集', 'order': 2, 'updated_at': '2018-03-08T11:23:21.491Z', 'id': '5aa20f3778f1cc4fc59c0f77'}, {'_id': '5aa20f3778f1cc4fc59c0f78', 'title': '第3集', 'order': 3, 'updated_at': '2018-03-08T11:25:45.675Z', 'id': '5aa20f3778f1cc4fc59c0f78'}, {'_id': '5aa20f3778f1cc4fc59c0f79', 'title': '第4集', 'order': 4, 'updated_at': '2018-03-08T13:44:16.529Z', 'id': '5aa20f3778f1cc4fc59c0f79'}, {'_id': '5aa20f3778f1cc4fc59c0f7a', 'title': '第5集', 'order': 5, 'updated_at': '2018-03-08T13:44:44.989Z', 'id': '5aa20f3778f1cc4fc59c0f7a'}, {'_id': '5aa20f3778f1cc4fc59c0f7b', 'title': '第6集', 'order': 6, 'updated_at': '2018-03-08T13:45:17.562Z', 'id': '5aa20f3778f1cc4fc59c0f7b'}, {'_id': '5aa20f3778f1cc4fc59c0f7c', 'title': '第7集', 'order': 7, 'updated_at': '2018-03-08T13:45:54.175Z', 'id': '5aa20f3778f1cc4fc59c0f7c'}, {'_id': '5aa20f3778f1cc4fc59c0f7d', 'title': '第8集', 'order': 8, 'updated_at': '2018-04-12T15:47:29.944Z', 'id': '5aa20f3778f1cc4fc59c0f7d'}, {'_id': '5ab1ac90ca26001bb9f6a79b', 'title': '日文10集+后日谈', 'order': 9, 'updated_at': '2018-03-20T12:30:32.441Z', 'id': '5ab1ac90ca26001bb9f6a79b'}, {'_id': '5acf7f9145b4e220d33b3ab2', 'title': '4k扫图组完整汉化', 'order': 10, 'updated_at': '2018-04-12T14:30:03.925Z', 'id': '5acf7f9145b4e220d33b3ab2'}]
2026-06-09 00:14:00 - mkk_pika - database.py:215 - INFO - 第一次下载该漫画，记录数据库中
2026-06-09 00:14:00 - mkk_pika - main.py:83 - INFO - 找到 20 张图片在:第1集
2026-06-09 00:14:01 - mkk_pika - main.py:112 - INFO - [episode:第1集       ] downloaded:    20, total:  20, progress:100%
2026-06-09 00:14:01 - mkk_pika - database.py:238 - INFO - 数据库更新已下载章节
2026-06-09 00:14:01 - mkk_pika - database.py:244 - INFO - 该漫画已下载章节如下
2026-06-09 00:14:01 - mkk_pika - database.py:245 - INFO - ['第1集']
2026-06-09 00:14:02 - mkk_pika - main.py:83 - INFO - 找到 20 张图片在:第2集
2026-06-09 00:14:03 - mkk_pika - main.py:112 - INFO - [episode:第2集       ] downloaded:    20, total:  20, progress:100%
2026-06-09 00:14:03 - mkk_pika - database.py:238 - INFO - 数据库更新已下载章节
2026-06-09 00:14:03 - mkk_pika - database.py:244 - INFO - 该漫画已下载章节如下
2026-06-09 00:14:03 - mkk_pika - database.py:245 - INFO - ['第1集', '第2集']
2026-06-09 00:14:04 - mkk_pika - main.py:83 - INFO - 找到 22 张图片在:第3集
2026-06-09 00:14:05 - mkk_pika - main.py:112 - INFO - [episode:第3集       ] downloaded:    22, total:  22, progress:100%
2026-06-09 00:14:05 - mkk_pika - database.py:238 - INFO - 数据库更新已下载章节
2026-06-09 00:14:05 - mkk_pika - database.py:244 - INFO - 该漫画已下载章节如下
2026-06-09 00:14:05 - mkk_pika - database.py:245 - INFO - ['第1集', '第2集', '第3集']
2026-06-09 00:14:07 - mkk_pika - main.py:83 - INFO - 找到 24 张图片在:第4集
2026-06-09 00:14:08 - mkk_pika - main.py:112 - INFO - [episode:第4集       ] downloaded:    24, total:  24, progress:100%
2026-06-09 00:14:08 - mkk_pika - database.py:238 - INFO - 数据库更新已下载章节
2026-06-09 00:14:08 - mkk_pika - database.py:244 - INFO - 该漫画已下载章节如下
2026-06-09 00:14:08 - mkk_pika - database.py:245 - INFO - ['第1集', '第2集', '第3集', '第4集']
2026-06-09 00:14:09 - mkk_pika - main.py:83 - INFO - 找到 20 张图片在:第5集
2026-06-09 00:14:10 - mkk_pika - main.py:112 - INFO - [episode:第5集       ] downloaded:    20, total:  20, progress:100%
2026-06-09 00:14:10 - mkk_pika - database.py:238 - INFO - 数据库更新已下载章节
2026-06-09 00:14:10 - mkk_pika - database.py:244 - INFO - 该漫画已下载章节如下
2026-06-09 00:14:10 - mkk_pika - database.py:245 - INFO - ['第1集', '第2集', '第3集', '第4集', '第5集']
2026-06-09 00:14:11 - mkk_pika - main.py:83 - INFO - 找到 26 张图片在:第6集
2026-06-09 00:14:12 - mkk_pika - main.py:112 - INFO - [episode:第6集       ] downloaded:    26, total:  26, progress:100%
2026-06-09 00:14:12 - mkk_pika - database.py:238 - INFO - 数据库更新已下载章节
2026-06-09 00:14:12 - mkk_pika - database.py:244 - INFO - 该漫画已下载章节如下
2026-06-09 00:14:12 - mkk_pika - database.py:245 - INFO - ['第1集', '第2集', '第3集', '第4集', '第5集', '第6集']
2026-06-09 00:14:14 - mkk_pika - main.py:83 - INFO - 找到 25 张图片在:第7集
2026-06-09 00:14:15 - mkk_pika - main.py:112 - INFO - [episode:第7集       ] downloaded:    25, total:  25, progress:100%
2026-06-09 00:14:15 - mkk_pika - database.py:238 - INFO - 数据库更新已下载章节
2026-06-09 00:14:15 - mkk_pika - database.py:244 - INFO - 该漫画已下载章节如下
2026-06-09 00:14:15 - mkk_pika - database.py:245 - INFO - ['第1集', '第2集', '第3集', '第4集', '第5集', '第6集', '第7集']
2026-06-09 00:14:16 - mkk_pika - main.py:83 - INFO - 找到 19 张图片在:第8集
2026-06-09 00:14:17 - mkk_pika - main.py:112 - INFO - [episode:第8集       ] downloaded:    19, total:  19, progress:100%
2026-06-09 00:14:17 - mkk_pika - database.py:238 - INFO - 数据库更新已下载章节
2026-06-09 00:14:17 - mkk_pika - database.py:244 - INFO - 该漫画已下载章节如下
2026-06-09 00:14:17 - mkk_pika - database.py:245 - INFO - ['第1集', '第2集', '第3集', '第4集', '第5集', '第6集', '第7集', '第8集']
2026-06-09 00:14:20 - mkk_pika - main.py:83 - INFO - 找到 237 张图片在:日文10集+后日谈
2026-06-09 00:14:27 - mkk_pika - main.py:112 - INFO - [episode:日文10集+后日谈 ] downloaded:   237, total: 237, progress:100%
2026-06-09 00:14:27 - mkk_pika - database.py:238 - INFO - 数据库更新已下载章节
2026-06-09 00:14:27 - mkk_pika - database.py:244 - INFO - 该漫画已下载章节如下
2026-06-09 00:14:27 - mkk_pika - database.py:245 - INFO - ['第1集', '第2集', '第3集', '第4集', '第5集', '第6集', '第7集', '第8集', '日文10集+后日谈']
2026-06-09 00:14:29 - mkk_pika - main.py:83 - INFO - 找到 234 张图片在:4k扫图组完整汉化
2026-06-09 00:14:38 - mkk_pika - main.py:112 - INFO - [episode:4k扫图组完整汉化 ] downloaded:   234, total: 234, progress:100%
2026-06-09 00:14:38 - mkk_pika - database.py:238 - INFO - 数据库更新已下载章节
2026-06-09 00:14:38 - mkk_pika - database.py:244 - INFO - 该漫画已下载章节如下
2026-06-09 00:14:38 - mkk_pika - database.py:245 - INFO - ['第1集', '第2集', '第3集', '第4集', '第5集', '第6集', '第7集', '第8集', '日文10集+后日谈', '4k扫图组完整汉化']
2026-06-09 00:14:39 - mkk_pika - main.py:348 - INFO - ==================== 漫画信息 ====================
                                   漫画ID：5aa20f3778f1cc4fc59c0f75
                                   标题：あやかし館へようこそ！ 1-10話
                                   作者：アズマサワヨシ
                                   是否完结：否
                                   总页数：647
                                   分类：長篇,後宮閃光,單行本,純愛
                                   章节数：10
                                   最后更新时间：2018-04-12T15:47:29.907Z
                                   =================================================
2026-06-09 00:14:39 - mkk_pika - database.py:101 - INFO - 保存成功：あやかし館へようこそ！ 1-10話
2026-06-09 00:14:39 - mkk_pika - main.py:35 - INFO - 开始检查ソードオブアスナ (ソードアート・オンライン)（刀剑神域）是否存在未下载章节
2026-06-09 00:14:39 - mkk_pika - main.py:45 - INFO - 正在下载:[ソードオブアスナ (ソードアート・オンライン)（刀剑神域）]-[おしるこ缶 (ぴりりねぎ)]-[['同人', '短篇', '扶他樂園', 'SAO 刀劍神域']]-[total_pages:23]
2026-06-09 00:14:39 - mkk_pika - main.py:49 - INFO - [{'_id': '5acf7faf45b4e220d33b3b9e', 'title': '第1集', 'order': 1, 'updated_at': '2018-04-12T14:46:32.549Z', 'id': '5acf7faf45b4e220d33b3b9e'}]
2026-06-09 00:14:39 - mkk_pika - database.py:215 - INFO - 第一次下载该漫画，记录数据库中
2026-06-09 00:14:40 - mkk_pika - main.py:83 - INFO - 找到 23 张图片在:第1集
2026-06-09 00:14:41 - mkk_pika - main.py:112 - INFO - [episode:第1集       ] downloaded:    23, total:  23, progress:100%
2026-06-09 00:14:41 - mkk_pika - database.py:238 - INFO - 数据库更新已下载章节
2026-06-09 00:14:41 - mkk_pika - database.py:244 - INFO - 该漫画已下载章节如下
2026-06-09 00:14:41 - mkk_pika - database.py:245 - INFO - ['第1集']
2026-06-09 00:14:42 - mkk_pika - main.py:348 - INFO - ==================== 漫画信息 ====================
                                   漫画ID：5acf7faf45b4e220d33b3b9d
                                   标题：ソードオブアスナ (ソードアート・オンライン)（刀剑神域）
                                   作者：おしるこ缶 (ぴりりねぎ)
                                   是否完结：是
                                   总页数：23
                                   分类：同人,短篇,扶他樂園,SAO 刀劍神域
                                   章节数：1
                                   最后更新时间：2018-04-12T15:47:59.794Z
                                   =================================================
2026-06-09 00:14:42 - mkk_pika - database.py:101 - INFO - 保存成功：ソードオブアスナ (ソードアート・オンライン)（刀剑神域）
2026-06-09 00:14:42 - mkk_pika - main.py:35 - INFO - 开始检查Sex Education是否存在未下载章节
2026-06-09 00:14:42 - mkk_pika - main.py:45 - INFO - 正在下载:[Sex Education]-[いのまる]-[['長篇', '人妻', '強暴', 'NTR']]-[total_pages:217]
2026-06-09 00:14:42 - mkk_pika - main.py:49 - INFO - [{'_id': '5ad0140a71bacd53f789f888', 'title': '第1集', 'order': 1, 'updated_at': '2018-04-12T15:44:31.724Z', 'id': '5ad0140a71bacd53f789f888'}]
2026-06-09 00:14:42 - mkk_pika - database.py:215 - INFO - 第一次下载该漫画，记录数据库中
2026-06-09 00:14:44 - mkk_pika - main.py:83 - INFO - 找到 215 张图片在:第1集
2026-06-09 00:14:52 - mkk_pika - main.py:112 - INFO - [episode:第1集       ] downloaded:   215, total: 215, progress:100%
2026-06-09 00:14:52 - mkk_pika - database.py:238 - INFO - 数据库更新已下载章节
2026-06-09 00:14:52 - mkk_pika - database.py:244 - INFO - 该漫画已下载章节如下
2026-06-09 00:14:52 - mkk_pika - database.py:245 - INFO - ['第1集']
2026-06-09 00:14:53 - mkk_pika - main.py:348 - INFO - ==================== 漫画信息 ====================
                                   漫画ID：5ad0140a71bacd53f789f887
                                   标题：Sex Education
                                   作者：いのまる
                                   是否完结：是
                                   总页数：217
                                   分类：長篇,人妻,強暴,NTR
                                   章节数：1
                                   最后更新时间：2018-04-13T02:20:58.290Z
                                   =================================================
2026-06-09 00:14:53 - mkk_pika - database.py:101 - INFO - 保存成功：Sex Education
2026-06-09 00:14:53 - mkk_pika - main.py:35 - INFO - 开始检查(C91) 娘に成る日 | 成為他女兒的那天是否存在未下载章节
2026-06-09 00:14:53 - mkk_pika - main.py:45 - INFO - 正在下载:[(C91) 娘に成る日 | 成為他女兒的那天]-[飯食って寝る。 (あたげ)]-[['短篇']]-[total_pages:27]
2026-06-09 00:14:53 - mkk_pika - main.py:49 - INFO - [{'_id': '5ad0143e331c69543232092a', 'title': '第1集', 'order': 1, 'updated_at': '2018-04-13T01:51:56.079Z', 'id': '5ad0143e331c69543232092a'}]
2026-06-09 00:14:53 - mkk_pika - database.py:215 - INFO - 第一次下载该漫画，记录数据库中
2026-06-09 00:14:54 - mkk_pika - main.py:83 - INFO - 找到 27 张图片在:第1集
2026-06-09 00:14:54 - mkk_pika - main.py:112 - INFO - [episode:第1集       ] downloaded:    27, total:  27, progress:100%
2026-06-09 00:14:54 - mkk_pika - database.py:238 - INFO - 数据库更新已下载章节
2026-06-09 00:14:54 - mkk_pika - database.py:244 - INFO - 该漫画已下载章节如下
2026-06-09 00:14:54 - mkk_pika - database.py:245 - INFO - ['第1集']
2026-06-09 00:14:56 - mkk_pika - main.py:348 - INFO - ==================== 漫画信息 ====================
                                   漫画ID：5ad0143e331c695432320929
                                   标题：(C91) 娘に成る日 | 成為他女兒的那天
                                   作者：飯食って寝る。 (あたげ)
                                   是否完结：是
                                   总页数：27
                                   分类：短篇
                                   章节数：1
                                   最后更新时间：2018-04-13T02:21:50.855Z
                                   =================================================
2026-06-09 00:14:56 - mkk_pika - database.py:101 - INFO - 保存成功：(C91) 娘に成る日 | 成為他女兒的那天
2026-06-09 00:14:56 - mkk_pika - main.py:35 - INFO - 开始检查(ふたけっと13) ふたなりダークエルフ即堕ち不様アクメ是否存在未下载章节
2026-06-09 00:14:56 - mkk_pika - main.py:45 - INFO - 正在下载:[(ふたけっと13) ふたなりダークエルフ即堕ち不様アクメ]-[覇娘。 (猫耳花音)]-[['短篇', '扶他樂園']]-[total_pages:24]
2026-06-09 00:14:56 - mkk_pika - main.py:49 - INFO - [{'_id': '5ad0144b71bacd53f789f961', 'title': '第1集', 'order': 1, 'updated_at': '2018-04-13T01:58:22.236Z', 'id': '5ad0144b71bacd53f789f961'}]
2026-06-09 00:14:56 - mkk_pika - database.py:215 - INFO - 第一次下载该漫画，记录数据库中
2026-06-09 00:14:56 - mkk_pika - main.py:83 - INFO - 找到 24 张图片在:第1集
2026-06-09 00:14:57 - mkk_pika - main.py:112 - INFO - [episode:第1集       ] downloaded:    24, total:  24, progress:100%
2026-06-09 00:14:57 - mkk_pika - database.py:238 - INFO - 数据库更新已下载章节
2026-06-09 00:14:57 - mkk_pika - database.py:244 - INFO - 该漫画已下载章节如下
2026-06-09 00:14:57 - mkk_pika - database.py:245 - INFO - ['第1集']
2026-06-09 00:14:59 - mkk_pika - main.py:348 - INFO - ==================== 漫画信息 ====================
                                   漫画ID：5ad0144b71bacd53f789f960
                                   标题：(ふたけっと13) ふたなりダークエルフ即堕ち不様アクメ
                                   作者：覇娘。 (猫耳花音)
                                   是否完结：是
                                   总页数：24
                                   分类：短篇,扶他樂園
                                   章节数：1
                                   最后更新时间：2018-04-13T02:22:03.963Z
                                   =================================================
2026-06-09 00:14:59 - mkk_pika - database.py:101 - INFO - 保存成功：(ふたけっと13) ふたなりダークエルフ即堕ち不様アクメ
2026-06-09 00:14:59 - mkk_pika - main.py:35 - INFO - 开始检查おふろば♨大問題行動 (コミックゼロス #65)是否存在未下载章节
2026-06-09 00:14:59 - mkk_pika - main.py:45 - INFO - 正在下载:[おふろば♨大問題行動 (コミックゼロス #65)]-[ぐりえるも]-[['短篇', '足の恋']]-[total_pages:29]
2026-06-09 00:14:59 - mkk_pika - main.py:49 - INFO - [{'_id': '5ad18986331c695432320db4', 'title': '第1集', 'order': 1, 'updated_at': '2018-04-13T16:57:36.851Z', 'id': '5ad18986331c695432320db4'}]
2026-06-09 00:14:59 - mkk_pika - database.py:215 - INFO - 第一次下载该漫画，记录数据库中
2026-06-09 00:14:59 - mkk_pika - main.py:83 - INFO - 找到 29 张图片在:第1集
2026-06-09 00:15:00 - mkk_pika - main.py:112 - INFO - [episode:第1集       ] downloaded:    29, total:  29, progress:100%
2026-06-09 00:15:00 - mkk_pika - database.py:238 - INFO - 数据库更新已下载章节
2026-06-09 00:15:00 - mkk_pika - database.py:244 - INFO - 该漫画已下载章节如下
2026-06-09 00:15:00 - mkk_pika - database.py:245 - INFO - ['第1集']
2026-06-09 00:15:02 - mkk_pika - main.py:348 - INFO - ==================== 漫画信息 ====================
                                   漫画ID：5ad18986331c695432320db3
                                   标题：おふろば♨大問題行動 (コミックゼロス #65)
                                   作者：ぐりえるも
                                   是否完结：是
                                   总页数：29
                                   分类：短篇,足の恋
                                   章节数：1
                                   最后更新时间：2018-04-14T04:54:30.456Z
                                   =================================================
2026-06-09 00:15:02 - mkk_pika - database.py:101 - INFO - 保存成功：おふろば♨大問題行動 (コミックゼロス #65)
2026-06-09 00:15:02 - mkk_pika - main.py:35 - INFO - 开始检查(C92) じぇいえす学援2是否存在未下载章节
2026-06-09 00:15:02 - mkk_pika - main.py:45 - INFO - 正在下载:[(C92) じぇいえす学援2]-[絶望しろむじ (しょうさん坊主)]-[['短篇']]-[total_pages:36]
2026-06-09 00:15:02 - mkk_pika - main.py:49 - INFO - [{'_id': '5ad1899b303200054a852c70', 'title': '第1集', 'order': 1, 'updated_at': '2018-04-14T02:03:08.623Z', 'id': '5ad1899b303200054a852c70'}]
2026-06-09 00:15:02 - mkk_pika - database.py:215 - INFO - 第一次下载该漫画，记录数据库中
2026-06-09 00:15:02 - mkk_pika - main.py:83 - INFO - 找到 36 张图片在:第1集
2026-06-09 00:15:04 - mkk_pika - main.py:112 - INFO - [episode:第1集       ] downloaded:    36, total:  36, progress:100%
2026-06-09 00:15:04 - mkk_pika - database.py:238 - INFO - 数据库更新已下载章节
2026-06-09 00:15:04 - mkk_pika - database.py:244 - INFO - 该漫画已下载章节如下
2026-06-09 00:15:04 - mkk_pika - database.py:245 - INFO - ['第1集']
2026-06-09 00:15:05 - mkk_pika - main.py:348 - INFO - ==================== 漫画信息 ====================
                                   漫画ID：5ad1899b303200054a852c6f
                                   标题：(C92) じぇいえす学援2
                                   作者：絶望しろむじ (しょうさん坊主)
                                   是否完结：是
                                   总页数：36
                                   分类：短篇
                                   章节数：1
                                   最后更新时间：2018-04-14T04:54:51.348Z
                                   =================================================
2026-06-09 00:15:05 - mkk_pika - database.py:101 - INFO - 保存成功：(C92) じぇいえす学援2
2026-06-09 00:15:05 - mkk_pika - main.py:35 - INFO - 开始检查(C93) 古姫ちゃんそこまでヤるのかい?? (艦隊これくしょん -艦これ-)是否存在未下载章节
2026-06-09 00:15:05 - mkk_pika - main.py:45 - INFO - 正在下载:[(C93) 古姫ちゃんそこまでヤるのかい?? (艦隊これくしょん -艦これ-)]-[だむlabo (だむ)]-[['同人', '短篇', '艦隊收藏']]-[total_pages:27]
2026-06-09 00:15:05 - mkk_pika - main.py:49 - INFO - [{'_id': '5ad189a1331c695432320dd3', 'title': '第1集', 'order': 1, 'updated_at': '2018-04-14T02:11:43.712Z', 'id': '5ad189a1331c695432320dd3'}]
2026-06-09 00:15:05 - mkk_pika - database.py:215 - INFO - 第一次下载该漫画，记录数据库中
2026-06-09 00:15:06 - mkk_pika - main.py:83 - INFO - 找到 27 张图片在:第1集
2026-06-09 00:15:07 - mkk_pika - main.py:112 - INFO - [episode:第1集       ] downloaded:    27, total:  27, progress:100%
2026-06-09 00:15:07 - mkk_pika - database.py:238 - INFO - 数据库更新已下载章节
2026-06-09 00:15:07 - mkk_pika - database.py:244 - INFO - 该漫画已下载章节如下
2026-06-09 00:15:07 - mkk_pika - database.py:245 - INFO - ['第1集']
2026-06-09 00:15:08 - mkk_pika - main.py:348 - INFO - ==================== 漫画信息 ====================
                                   漫画ID：5ad189a1331c695432320dd2
                                   标题：(C93) 古姫ちゃんそこまでヤるのかい?? (艦隊これくしょん -艦これ-)
                                   作者：だむlabo (だむ)
                                   是否完结：是
                                   总页数：27
                                   分类：同人,短篇,艦隊收藏
                                   章节数：1
                                   最后更新时间：2018-04-14T04:54:57.634Z
                                   =================================================
2026-06-09 00:15:08 - mkk_pika - database.py:101 - INFO - 保存成功：(C93) 古姫ちゃんそこまでヤるのかい?? (艦隊これくしょん -艦これ-)
2026-06-09 00:15:08 - mkk_pika - main.py:35 - INFO - 开始检查(C87) ガールセックスフレンド 2是否存在未下载章节
2026-06-09 00:15:08 - mkk_pika - main.py:45 - INFO - 正在下载:[(C87) ガールセックスフレンド 2]-[絶望しろむじ (しょうさん坊主)]-[['短篇']]-[total_pages:36]
2026-06-09 00:15:08 - mkk_pika - main.py:49 - INFO - [{'_id': '5ad189fe757ea420d9a250e3', 'title': '第1集', 'order': 1, 'updated_at': '2018-04-14T02:48:12.285Z', 'id': '5ad189fe757ea420d9a250e3'}]
2026-06-09 00:15:08 - mkk_pika - database.py:215 - INFO - 第一次下载该漫画，记录数据库中
2026-06-09 00:15:09 - mkk_pika - main.py:83 - INFO - 找到 37 张图片在:第1集
2026-06-09 00:15:10 - mkk_pika - main.py:112 - INFO - [episode:第1集       ] downloaded:    37, total:  37, progress:100%
2026-06-09 00:15:10 - mkk_pika - database.py:238 - INFO - 数据库更新已下载章节
2026-06-09 00:15:10 - mkk_pika - database.py:244 - INFO - 该漫画已下载章节如下
2026-06-09 00:15:10 - mkk_pika - database.py:245 - INFO - ['第1集']
2026-06-09 00:15:11 - mkk_pika - main.py:348 - INFO - ==================== 漫画信息 ====================
                                   漫画ID：5ad189fe757ea420d9a250e2
                                   标题：(C87) ガールセックスフレンド 2
                                   作者：絶望しろむじ (しょうさん坊主)
                                   是否完结：是
                                   总页数：36
                                   分类：短篇
                                   章节数：1
                                   最后更新时间：2018-04-14T04:56:30.658Z
                                   =================================================
2026-06-09 00:15:11 - mkk_pika - database.py:101 - INFO - 保存成功：(C87) ガールセックスフレンド 2
2026-06-09 00:15:11 - mkk_pika - main.py:35 - INFO - 开始检查(C85) 密着!鎮守府24時 (艦隊これくしょん -艦これ-)是否存在未下载章节
2026-06-09 00:15:12 - mkk_pika - main.py:45 - INFO - 正在下载:[(C85) 密着!鎮守府24時 (艦隊これくしょん -艦これ-)]-[麻雀有限会社58 (旅烏)]-[['同人', '短篇', '後宮閃光', '非人類', '艦隊收藏', '純愛']]-[total_pages:29]
2026-06-09 00:15:12 - mkk_pika - main.py:49 - INFO - [{'_id': '5ad18a1a16e99f054251535c', 'title': '第1集', 'order': 1, 'updated_at': '2018-04-14T04:30:09.802Z', 'id': '5ad18a1a16e99f054251535c'}]
2026-06-09 00:15:12 - mkk_pika - database.py:215 - INFO - 第一次下载该漫画，记录数据库中
2026-06-09 00:15:12 - mkk_pika - main.py:83 - INFO - 找到 29 张图片在:第1集
2026-06-09 00:15:13 - mkk_pika - main.py:112 - INFO - [episode:第1集       ] downloaded:    29, total:  29, progress:100%
2026-06-09 00:15:13 - mkk_pika - database.py:238 - INFO - 数据库更新已下载章节
2026-06-09 00:15:13 - mkk_pika - database.py:244 - INFO - 该漫画已下载章节如下
2026-06-09 00:15:13 - mkk_pika - database.py:245 - INFO - ['第1集']
2026-06-09 00:15:15 - mkk_pika - main.py:348 - INFO - ==================== 漫画信息 ====================
                                   漫画ID：5ad18a1a16e99f054251535b
                                   标题：(C85) 密着!鎮守府24時 (艦隊これくしょん -艦これ-)
                                   作者：麻雀有限会社58 (旅烏)
                                   是否完结：是
                                   总页数：29
                                   分类：同人,短篇,後宮閃光,非人類,艦隊收藏,純愛
                                   章节数：1
                                   最后更新时间：2018-04-14T04:56:58.330Z
                                   =================================================
2026-06-09 00:15:15 - mkk_pika - database.py:101 - INFO - 保存成功：(C85) 密着!鎮守府24時 (艦隊これくしょん -艦これ-)
2026-06-09 00:15:15 - mkk_pika - main.py:35 - INFO - 开始检查Lingerie Trap (コミックメガストアα 2016年6月号)是否存在未下载章节
2026-06-09 00:15:15 - mkk_pika - main.py:45 - INFO - 正在下载:[Lingerie Trap (コミックメガストアα 2016年6月号)]-[皿成高味]-[['短篇', '純愛', '姐姐系']]-[total_pages:89]
2026-06-09 00:15:15 - mkk_pika - main.py:49 - INFO - [{'_id': '5ad22df816e99f0542515741', 'title': '第1集', 'order': 1, 'updated_at': '2018-04-14T10:40:38.487Z', 'id': '5ad22df816e99f0542515741'}]
2026-06-09 00:15:15 - mkk_pika - database.py:215 - INFO - 第一次下载该漫画，记录数据库中
2026-06-09 00:15:15 - mkk_pika - main.py:83 - INFO - 找到 29 张图片在:第1集
2026-06-09 00:15:17 - mkk_pika - main.py:112 - INFO - [episode:第1集       ] downloaded:    29, total:  29, progress:100%
2026-06-09 00:15:17 - mkk_pika - database.py:238 - INFO - 数据库更新已下载章节
2026-06-09 00:15:17 - mkk_pika - database.py:244 - INFO - 该漫画已下载章节如下
2026-06-09 00:15:17 - mkk_pika - database.py:245 - INFO - ['第1集']
2026-06-09 00:15:18 - mkk_pika - main.py:348 - INFO - ==================== 漫画信息 ====================
                                   漫画ID：5ad1c29945b4e220d33b43ef
                                   标题：Lingerie Trap (コミックメガストアα 2016年6月号)
                                   作者：皿成高味
                                   是否完结：是
                                   总页数：89
                                   分类：短篇,純愛,姐姐系
                                   章节数：1
                                   最后更新时间：2018-04-14T08:58:01.317Z
                                   =================================================
2026-06-09 00:15:18 - mkk_pika - database.py:101 - INFO - 保存成功：Lingerie Trap (コミックメガストアα 2016年6月号)
2026-06-09 00:15:18 - mkk_pika - main.py:35 - INFO - 开始检查さんぴー♥ 3P性愛是否存在未下载章节
2026-06-09 00:15:18 - mkk_pika - main.py:45 - INFO - 正在下载:[さんぴー♥ 3P性愛]-[ささちん]-[['長篇', '純愛', '單行本']]-[total_pages:212]
2026-06-09 00:15:18 - mkk_pika - main.py:49 - INFO - [{'_id': '5ad1c2ad45b4e220d33b441a', 'title': '第1集', 'order': 1, 'updated_at': '2018-04-14T07:22:37.435Z', 'id': '5ad1c2ad45b4e220d33b441a'}]
2026-06-09 00:15:18 - mkk_pika - database.py:215 - INFO - 第一次下载该漫画，记录数据库中
2026-06-09 00:15:20 - mkk_pika - main.py:83 - INFO - 找到 212 张图片在:第1集
2026-06-09 00:15:26 - mkk_pika - main.py:112 - INFO - [episode:第1集       ] downloaded:   212, total: 212, progress:100%
2026-06-09 00:15:26 - mkk_pika - database.py:238 - INFO - 数据库更新已下载章节
2026-06-09 00:15:26 - mkk_pika - database.py:244 - INFO - 该漫画已下载章节如下
2026-06-09 00:15:26 - mkk_pika - database.py:245 - INFO - ['第1集']
2026-06-09 00:15:27 - mkk_pika - main.py:348 - INFO - ==================== 漫画信息 ====================
                                   漫画ID：5ad1c2ad45b4e220d33b4419
                                   标题：さんぴー♥ 3P性愛
                                   作者：ささちん
                                   是否完结：是
                                   总页数：212
                                   分类：長篇,純愛,單行本
                                   章节数：1
                                   最后更新时间：2018-04-14T08:58:21.448Z
                                   =================================================
2026-06-09 00:15:27 - mkk_pika - database.py:101 - INFO - 保存成功：さんぴー♥ 3P性愛
2026-06-09 00:15:27 - mkk_pika - main.py:35 - INFO - 开始检查 ひみつのデコレイション 是否存在未下载章节
2026-06-09 00:15:28 - mkk_pika - main.py:45 - INFO - 正在下载:[ ひみつのデコレイション ]-[らま]-[['長篇', '純愛', '單行本']]-[total_pages:201]
2026-06-09 00:15:28 - mkk_pika - main.py:49 - INFO - [{'_id': '5ad1c2bb3001a220a258a7eb', 'title': '第1集', 'order': 1, 'updated_at': '2018-04-14T07:29:45.111Z', 'id': '5ad1c2bb3001a220a258a7eb'}]
2026-06-09 00:15:28 - mkk_pika - database.py:215 - INFO - 第一次下载该漫画，记录数据库中
2026-06-09 00:15:29 - mkk_pika - main.py:83 - INFO - 找到 201 张图片在:第1集
2026-06-09 00:15:36 - mkk_pika - main.py:112 - INFO - [episode:第1集       ] downloaded:   201, total: 201, progress:100%
2026-06-09 00:15:36 - mkk_pika - database.py:238 - INFO - 数据库更新已下载章节
2026-06-09 00:15:36 - mkk_pika - database.py:244 - INFO - 该漫画已下载章节如下
2026-06-09 00:15:36 - mkk_pika - database.py:245 - INFO - ['第1集']
2026-06-09 00:15:37 - mkk_pika - main.py:348 - INFO - ==================== 漫画信息 ====================
                                   漫画ID：5ad1c2bb3001a220a258a7ea
                                   标题： ひみつのデコレイション 
                                   作者：らま
                                   是否完结：是
                                   总页数：201
                                   分类：長篇,純愛,單行本
                                   章节数：1
                                   最后更新时间：2018-04-14T08:58:35.626Z
                                   =================================================
2026-06-09 00:15:37 - mkk_pika - database.py:101 - INFO - 保存成功： ひみつのデコレイション 
2026-06-09 00:15:37 - mkk_pika - main.py:35 - INFO - 开始检查少女M -ep3-是否存在未下载章节
2026-06-09 00:15:38 - mkk_pika - main.py:45 - INFO - 正在下载:[少女M -ep3-]-[なごみやさん (鈴木和)]-[['短篇']]-[total_pages:5]
2026-06-09 00:15:38 - mkk_pika - main.py:49 - INFO - [{'_id': '5ad1c33b757ea420d9a2533f', 'title': '第1集', 'order': 1, 'updated_at': '2018-04-14T08:53:44.117Z', 'id': '5ad1c33b757ea420d9a2533f'}]
2026-06-09 00:15:38 - mkk_pika - database.py:215 - INFO - 第一次下载该漫画，记录数据库中
2026-06-09 00:15:38 - mkk_pika - main.py:83 - INFO - 找到 67 张图片在:第1集
2026-06-09 00:15:41 - mkk_pika - main.py:112 - INFO - [episode:第1集       ] downloaded:    67, total:  67, progress:100%
2026-06-09 00:15:41 - mkk_pika - database.py:238 - INFO - 数据库更新已下载章节
2026-06-09 00:15:41 - mkk_pika - database.py:244 - INFO - 该漫画已下载章节如下
2026-06-09 00:15:41 - mkk_pika - database.py:245 - INFO - ['第1集']
2026-06-09 00:15:43 - mkk_pika - main.py:348 - INFO - ==================== 漫画信息 ====================
                                   漫画ID：5ad1c33b757ea420d9a2533e
                                   标题：少女M -ep3-
                                   作者：なごみやさん (鈴木和)
                                   是否完结：否
                                   总页数：5
                                   分类：短篇
                                   章节数：1
                                   最后更新时间：2018-04-14T09:00:43.304Z
                                   =================================================
2026-06-09 00:15:43 - mkk_pika - database.py:101 - INFO - 保存成功：少女M -ep3-
2026-06-09 00:15:43 - mkk_pika - main.py:35 - INFO - 开始检查(C93)OL小姐撿到貓的故事。(OLさんが猫を拾う話。)是否存在未下载章节
2026-06-09 00:15:43 - mkk_pika - main.py:45 - INFO - 正在下载:[(C93)OL小姐撿到貓的故事。(OLさんが猫を拾う話。)]-[Waterfall(嵩乃朔)]-[['短篇', '百合花園', '非人類']]-[total_pages:26]
2026-06-09 00:15:43 - mkk_pika - main.py:49 - INFO - [{'_id': '5ad22ce971bacd53f78a0431', 'title': '全1话', 'order': 1, 'updated_at': '2018-04-13T12:01:11.288Z', 'id': '5ad22ce971bacd53f78a0431'}]
2026-06-09 00:15:43 - mkk_pika - database.py:215 - INFO - 第一次下载该漫画，记录数据库中
2026-06-09 00:15:43 - mkk_pika - main.py:83 - INFO - 找到 26 张图片在:全1话
2026-06-09 00:15:44 - mkk_pika - main.py:112 - INFO - [episode:全1话       ] downloaded:    26, total:  26, progress:100%
2026-06-09 00:15:44 - mkk_pika - database.py:238 - INFO - 数据库更新已下载章节
2026-06-09 00:15:44 - mkk_pika - database.py:244 - INFO - 该漫画已下载章节如下
2026-06-09 00:15:44 - mkk_pika - database.py:245 - INFO - ['全1话']
2026-06-09 00:15:45 - mkk_pika - main.py:348 - INFO - ==================== 漫画信息 ====================
                                   漫画ID：5ad22ce971bacd53f78a0430
                                   标题：(C93)OL小姐撿到貓的故事。(OLさんが猫を拾う話。)
                                   作者：Waterfall(嵩乃朔)
                                   是否完结：是
                                   总页数：26
                                   分类：短篇,百合花園,非人類
                                   章节数：1
                                   最后更新时间：2018-04-14T16:31:37.485Z
                                   =================================================
2026-06-09 00:15:45 - mkk_pika - database.py:101 - INFO - 保存成功：(C93)OL小姐撿到貓的故事。(OLさんが猫を拾う話。)
2026-06-09 00:15:45 - mkk_pika - main.py:35 - INFO - 开始检查少女M -Another- (オリジナル)是否存在未下载章节
2026-06-09 00:15:46 - mkk_pika - main.py:45 - INFO - 正在下载:[少女M -Another- (オリジナル)]-[なごみやさん (鈴木和)]-[['短篇']]-[total_pages:33]
2026-06-09 00:15:46 - mkk_pika - main.py:49 - INFO - [{'_id': '5ad22dd716e99f0542515718', 'title': '第1集', 'order': 1, 'updated_at': '2018-04-14T09:16:45.804Z', 'id': '5ad22dd716e99f0542515718'}]
2026-06-09 00:15:46 - mkk_pika - database.py:215 - INFO - 第一次下载该漫画，记录数据库中
2026-06-09 00:15:46 - mkk_pika - main.py:83 - INFO - 找到 39 张图片在:第1集
2026-06-09 00:15:47 - mkk_pika - main.py:112 - INFO - [episode:第1集       ] downloaded:    39, total:  39, progress:100%
2026-06-09 00:15:47 - mkk_pika - database.py:238 - INFO - 数据库更新已下载章节
2026-06-09 00:15:47 - mkk_pika - database.py:244 - INFO - 该漫画已下载章节如下
2026-06-09 00:15:47 - mkk_pika - database.py:245 - INFO - ['第1集']
2026-06-09 00:15:49 - mkk_pika - main.py:348 - INFO - ==================== 漫画信息 ====================
                                   漫画ID：5ad22dd716e99f0542515717
                                   标题：少女M -Another- (オリジナル)
                                   作者：なごみやさん (鈴木和)
                                   是否完结：否
                                   总页数：33
                                   分类：短篇
                                   章节数：1
                                   最后更新时间：2018-04-14T16:35:35.543Z
                                   =================================================
2026-06-09 00:15:49 - mkk_pika - database.py:101 - INFO - 保存成功：少女M -Another- (オリジナル)
2026-06-09 00:15:49 - mkk_pika - main.py:35 - INFO - 开始检查甘艶母 ～もっとママに甘えていいのよ～ Vol,2 是否存在未下载章节
2026-06-09 00:15:49 - mkk_pika - main.py:45 - INFO - 正在下载:[甘艶母 ～もっとママに甘えていいのよ～ Vol,2 ]-[アンソロジー]-[['人妻']]-[total_pages:31]
2026-06-09 00:15:49 - mkk_pika - main.py:49 - INFO - [{'_id': '5ad22e2e16e99f0542515761', 'title': '第1集', 'order': 1, 'updated_at': '2018-04-11T17:44:06.503Z', 'id': '5ad22e2e16e99f0542515761'}]
2026-06-09 00:15:49 - mkk_pika - database.py:215 - INFO - 第一次下载该漫画，记录数据库中
2026-06-09 00:15:49 - mkk_pika - main.py:83 - INFO - 找到 31 张图片在:第1集
2026-06-09 00:15:51 - mkk_pika - main.py:112 - INFO - [episode:第1集       ] downloaded:    31, total:  31, progress:100%
2026-06-09 00:15:51 - mkk_pika - database.py:238 - INFO - 数据库更新已下载章节
2026-06-09 00:15:51 - mkk_pika - database.py:244 - INFO - 该漫画已下载章节如下
2026-06-09 00:15:51 - mkk_pika - database.py:245 - INFO - ['第1集']
2026-06-09 00:15:52 - mkk_pika - main.py:348 - INFO - ==================== 漫画信息 ====================
                                   漫画ID：5ad22e2e16e99f0542515760
                                   标题：甘艶母 ～もっとママに甘えていいのよ～ Vol,2 
                                   作者：アンソロジー
                                   是否完结：否
                                   总页数：31
                                   分类：人妻
                                   章节数：1
                                   最后更新时间：2018-04-14T16:37:02.850Z
                                   =================================================
2026-06-09 00:15:52 - mkk_pika - database.py:101 - INFO - 保存成功：甘艶母 ～もっとママに甘えていいのよ～ Vol,2 
2026-06-09 00:15:52 - mkk_pika - main.py:35 - INFO - 开始检查少女M -ep.4-是否存在未下载章节
2026-06-09 00:15:52 - mkk_pika - main.py:45 - INFO - 正在下载:[少女M -ep.4-]-[なごみやさん (鈴木和)]-[['嗶咔漢化', '短篇']]-[total_pages:17]
2026-06-09 00:15:52 - mkk_pika - main.py:49 - INFO - [{'_id': '5ad22e5aea520e53f1dfde84', 'title': '第1集', 'order': 1, 'updated_at': '2018-04-14T14:38:46.026Z', 'id': '5ad22e5aea520e53f1dfde84'}]
2026-06-09 00:15:52 - mkk_pika - database.py:215 - INFO - 第一次下载该漫画，记录数据库中
2026-06-09 00:15:53 - mkk_pika - main.py:83 - INFO - 找到 69 张图片在:第1集
2026-06-09 00:15:56 - mkk_pika - main.py:112 - INFO - [episode:第1集       ] downloaded:    69, total:  69, progress:100%
2026-06-09 00:15:56 - mkk_pika - database.py:238 - INFO - 数据库更新已下载章节
2026-06-09 00:15:56 - mkk_pika - database.py:244 - INFO - 该漫画已下载章节如下
2026-06-09 00:15:56 - mkk_pika - database.py:245 - INFO - ['第1集']
2026-06-09 00:15:57 - mkk_pika - main.py:348 - INFO - ==================== 漫画信息 ====================
                                   漫画ID：5ad22e5aea520e53f1dfde83
                                   标题：少女M -ep.4-
                                   作者：なごみやさん (鈴木和)
                                   是否完结：否
                                   总页数：17
                                   分类：嗶咔漢化,短篇
                                   章节数：1
                                   最后更新时间：2018-04-14T16:37:46.700Z
                                   =================================================
2026-06-09 00:15:57 - mkk_pika - database.py:101 - INFO - 保存成功：少女M -ep.4-
2026-06-09 00:15:57 - mkk_pika - main.py:35 - INFO - 开始检查少女m -ep.5- (オリジナル)是否存在未下载章节
2026-06-09 00:15:57 - mkk_pika - main.py:45 - INFO - 正在下载:[少女m -ep.5- (オリジナル)]-[なごみやさん (鈴木和)]-[['嗶咔漢化', '長篇', '強暴']]-[total_pages:-9]
2026-06-09 00:15:57 - mkk_pika - main.py:49 - INFO - [{'_id': '5ad2b08cc964bf0523b16171', 'title': '第1集', 'order': 1, 'updated_at': '2018-04-14T17:11:27.928Z', 'id': '5ad2b08cc964bf0523b16171'}]
2026-06-09 00:15:57 - mkk_pika - database.py:215 - INFO - 第一次下载该漫画，记录数据库中
2026-06-09 00:15:58 - mkk_pika - main.py:83 - INFO - 找到 87 张图片在:第1集
2026-06-09 00:16:02 - mkk_pika - main.py:112 - INFO - [episode:第1集       ] downloaded:    87, total:  87, progress:100%
2026-06-09 00:16:02 - mkk_pika - database.py:238 - INFO - 数据库更新已下载章节
2026-06-09 00:16:02 - mkk_pika - database.py:244 - INFO - 该漫画已下载章节如下
2026-06-09 00:16:02 - mkk_pika - database.py:245 - INFO - ['第1集']
2026-06-09 00:16:03 - mkk_pika - main.py:348 - INFO - ==================== 漫画信息 ====================
                                   漫画ID：5ad2b08cc964bf0523b16170
                                   标题：少女m -ep.5- (オリジナル)
                                   作者：なごみやさん (鈴木和)
                                   是否完结：是
                                   总页数：-9
                                   分类：嗶咔漢化,長篇,強暴
                                   章节数：1
                                   最后更新时间：2018-04-15T01:53:16.700Z
                                   =================================================
2026-06-09 00:16:03 - mkk_pika - database.py:101 - INFO - 保存成功：少女m -ep.5- (オリジナル)
2026-06-09 00:16:03 - mkk_pika - main.py:35 - INFO - 开始检查Brandish4是否存在未下载章节
2026-06-09 00:16:04 - mkk_pika - main.py:45 - INFO - 正在下载:[Brandish4]-[或 十せねか]-[['單行本', '非人類']]-[total_pages:184]
2026-06-09 00:16:04 - mkk_pika - main.py:49 - INFO - [{'_id': '5ad373c83001a220a258af55', 'title': '第1集', 'order': 1, 'updated_at': '2018-04-15T08:13:55.339Z', 'id': '5ad373c83001a220a258af55'}]
2026-06-09 00:16:04 - mkk_pika - database.py:215 - INFO - 第一次下载该漫画，记录数据库中
2026-06-09 00:16:05 - mkk_pika - main.py:83 - INFO - 找到 184 张图片在:第1集
2026-06-09 00:16:11 - mkk_pika - main.py:112 - INFO - [episode:第1集       ] downloaded:   184, total: 184, progress:100%
2026-06-09 00:16:11 - mkk_pika - database.py:238 - INFO - 数据库更新已下载章节
2026-06-09 00:16:11 - mkk_pika - database.py:244 - INFO - 该漫画已下载章节如下
2026-06-09 00:16:11 - mkk_pika - database.py:245 - INFO - ['第1集']
2026-06-09 00:16:12 - mkk_pika - main.py:348 - INFO - ==================== 漫画信息 ====================
                                   漫画ID：5ad373c83001a220a258af54
                                   标题：Brandish4
                                   作者：或 十せねか
                                   是否完结：否
                                   总页数：184
                                   分类：單行本,非人類
                                   章节数：1
                                   最后更新时间：2018-04-15T15:46:16.294Z
                                   =================================================
2026-06-09 00:16:12 - mkk_pika - database.py:101 - INFO - 保存成功：Brandish4
2026-06-09 00:16:12 - mkk_pika - main.py:35 - INFO - 开始检查アイコン是否存在未下载章节
2026-06-09 00:16:13 - mkk_pika - main.py:45 - INFO - 正在下载:[アイコン]-[NOSEBLEED (宮元一佐)]-[['短篇', '純愛']]-[total_pages:31]
2026-06-09 00:16:13 - mkk_pika - main.py:49 - INFO - [{'_id': '5ad373fb978553050eb5884c', 'title': '第1集', 'order': 1, 'updated_at': '2018-04-15T08:58:14.957Z', 'id': '5ad373fb978553050eb5884c'}]
2026-06-09 00:16:13 - mkk_pika - database.py:215 - INFO - 第一次下载该漫画，记录数据库中
2026-06-09 00:16:13 - mkk_pika - main.py:83 - INFO - 找到 31 张图片在:第1集
2026-06-09 00:16:14 - mkk_pika - main.py:112 - INFO - [episode:第1集       ] downloaded:    31, total:  31, progress:100%
2026-06-09 00:16:14 - mkk_pika - database.py:238 - INFO - 数据库更新已下载章节
2026-06-09 00:16:14 - mkk_pika - database.py:244 - INFO - 该漫画已下载章节如下
2026-06-09 00:16:14 - mkk_pika - database.py:245 - INFO - ['第1集']
2026-06-09 00:16:15 - mkk_pika - main.py:348 - INFO - ==================== 漫画信息 ====================
                                   漫画ID：5ad373fb978553050eb5884b
                                   标题：アイコン
                                   作者：NOSEBLEED (宮元一佐)
                                   是否完结：是
                                   总页数：31
                                   分类：短篇,純愛
                                   章节数：1
                                   最后更新时间：2018-04-15T15:47:07.538Z
                                   =================================================
2026-06-09 00:16:15 - mkk_pika - database.py:101 - INFO - 保存成功：アイコン
2026-06-09 00:16:15 - mkk_pika - main.py:35 - INFO - 开始检查 そにコン (すーぱーそに子)是否存在未下载章节
2026-06-09 00:16:16 - mkk_pika - main.py:45 - INFO - 正在下载:[ そにコン (すーぱーそに子)]-[NOSEBLEED (宮元一佐)]-[['短篇', '純愛']]-[total_pages:22]
2026-06-09 00:16:16 - mkk_pika - main.py:49 - INFO - [{'_id': '5ad37416978553050eb5886d', 'title': '第1集', 'order': 1, 'updated_at': '2018-04-15T09:09:50.134Z', 'id': '5ad37416978553050eb5886d'}]
2026-06-09 00:16:16 - mkk_pika - database.py:215 - INFO - 第一次下载该漫画，记录数据库中
2026-06-09 00:16:16 - mkk_pika - main.py:83 - INFO - 找到 22 张图片在:第1集
2026-06-09 00:16:17 - mkk_pika - main.py:112 - INFO - [episode:第1集       ] downloaded:    22, total:  22, progress:100%
2026-06-09 00:16:17 - mkk_pika - database.py:238 - INFO - 数据库更新已下载章节
2026-06-09 00:16:17 - mkk_pika - database.py:244 - INFO - 该漫画已下载章节如下
2026-06-09 00:16:17 - mkk_pika - database.py:245 - INFO - ['第1集']
2026-06-09 00:16:18 - mkk_pika - main.py:348 - INFO - ==================== 漫画信息 ====================
                                   漫画ID：5ad37416978553050eb5886c
                                   标题： そにコン (すーぱーそに子)
                                   作者：NOSEBLEED (宮元一佐)
                                   是否完结：是
                                   总页数：22
                                   分类：短篇,純愛
                                   章节数：1
                                   最后更新时间：2018-04-15T15:47:34.753Z
                                   =================================================
2026-06-09 00:16:18 - mkk_pika - database.py:101 - INFO - 保存成功： そにコン (すーぱーそに子)
2026-06-09 00:16:18 - mkk_pika - main.py:35 - INFO - 开始检查日陰の園へようこそ (ガールズフォーム Vol.12) [中国翻訳]是否存在未下载章节
2026-06-09 00:16:18 - mkk_pika - main.py:45 - INFO - 正在下载:[日陰の園へようこそ (ガールズフォーム Vol.12) [中国翻訳]]-[NOSEBLEED (宮元一佐)]-[['短篇', '同人', '純愛', '後宮閃光']]-[total_pages:22]
2026-06-09 00:16:18 - mkk_pika - main.py:49 - INFO - [{'_id': '5ad3742c978553050eb58885', 'title': '第1集', 'order': 1, 'updated_at': '2018-04-15T13:55:28.558Z', 'id': '5ad3742c978553050eb58885'}]
2026-06-09 00:16:18 - mkk_pika - database.py:215 - INFO - 第一次下载该漫画，记录数据库中
2026-06-09 00:16:19 - mkk_pika - main.py:83 - INFO - 找到 22 张图片在:第1集
2026-06-09 00:16:20 - mkk_pika - main.py:112 - INFO - [episode:第1集       ] downloaded:    22, total:  22, progress:100%
2026-06-09 00:16:20 - mkk_pika - database.py:238 - INFO - 数据库更新已下载章节
2026-06-09 00:16:20 - mkk_pika - database.py:244 - INFO - 该漫画已下载章节如下
2026-06-09 00:16:20 - mkk_pika - database.py:245 - INFO - ['第1集']
2026-06-09 00:16:21 - mkk_pika - main.py:348 - INFO - ==================== 漫画信息 ====================
                                   漫画ID：5ad3742c978553050eb58884
                                   标题：日陰の園へようこそ (ガールズフォーム Vol.12) [中国翻訳]
                                   作者：NOSEBLEED (宮元一佐)
                                   是否完结：是
                                   总页数：22
                                   分类：短篇,同人,純愛,後宮閃光
                                   章节数：1
                                   最后更新时间：2018-04-15T15:47:56.639Z
                                   =================================================
2026-06-09 00:16:21 - mkk_pika - database.py:101 - INFO - 保存成功：日陰の園へようこそ (ガールズフォーム Vol.12) [中国翻訳]
2026-06-09 00:16:21 - mkk_pika - main.py:35 - INFO - 开始检查 (C93)  わたしが寝ているあいだに是否存在未下载章节
2026-06-09 00:16:21 - mkk_pika - main.py:45 - INFO - 正在下载:[ (C93)  わたしが寝ているあいだに]-[おかだ亭 (岡田コウ)]-[['短篇', '妹妹系']]-[total_pages:34]
2026-06-09 00:16:21 - mkk_pika - main.py:49 - INFO - [{'_id': '5ad3744a757ea420d9a259b7', 'title': '第1集', 'order': 1, 'updated_at': '2018-04-15T14:20:27.980Z', 'id': '5ad3744a757ea420d9a259b7'}]
2026-06-09 00:16:21 - mkk_pika - database.py:215 - INFO - 第一次下载该漫画，记录数据库中
2026-06-09 00:16:22 - mkk_pika - main.py:83 - INFO - 找到 34 张图片在:第1集
2026-06-09 00:16:23 - mkk_pika - main.py:112 - INFO - [episode:第1集       ] downloaded:    34, total:  34, progress:100%
2026-06-09 00:16:23 - mkk_pika - database.py:238 - INFO - 数据库更新已下载章节
2026-06-09 00:16:23 - mkk_pika - database.py:244 - INFO - 该漫画已下载章节如下
2026-06-09 00:16:23 - mkk_pika - database.py:245 - INFO - ['第1集']
2026-06-09 00:16:25 - mkk_pika - main.py:348 - INFO - ==================== 漫画信息 ====================
                                   漫画ID：5ad3744a757ea420d9a259b6
                                   标题： (C93)  わたしが寝ているあいだに
                                   作者：おかだ亭 (岡田コウ)
                                   是否完结：否
                                   总页数：34
                                   分类：短篇,妹妹系
                                   章节数：1
                                   最后更新时间：2018-04-15T15:48:26.088Z
                                   =================================================
2026-06-09 00:16:25 - mkk_pika - database.py:101 - INFO - 保存成功： (C93)  わたしが寝ているあいだに
2026-06-09 00:16:25 - mkk_pika - main.py:35 - INFO - 开始检查加賀さんは開発に失敗しました 改十三 (艦隊これくしょん -艦これ-) [DL版]是否存在未下载章节
2026-06-09 00:16:25 - mkk_pika - main.py:45 - INFO - 正在下载:[加賀さんは開発に失敗しました 改十三 (艦隊これくしょん -艦これ-) [DL版]]-[よつみわーくす (tamago)]-[['短篇', '同人', '艦隊收藏']]-[total_pages:31]
2026-06-09 00:16:25 - mkk_pika - main.py:49 - INFO - [{'_id': '5ad374b2303200054a8536c4', 'title': '第1集', 'order': 1, 'updated_at': '2018-04-15T14:27:41.144Z', 'id': '5ad374b2303200054a8536c4'}]
2026-06-09 00:16:25 - mkk_pika - database.py:215 - INFO - 第一次下载该漫画，记录数据库中
2026-06-09 00:16:25 - mkk_pika - main.py:83 - INFO - 找到 31 张图片在:第1集
2026-06-09 00:16:26 - mkk_pika - main.py:112 - INFO - [episode:第1集       ] downloaded:    31, total:  31, progress:100%
2026-06-09 00:16:26 - mkk_pika - database.py:238 - INFO - 数据库更新已下载章节
2026-06-09 00:16:26 - mkk_pika - database.py:244 - INFO - 该漫画已下载章节如下
2026-06-09 00:16:26 - mkk_pika - database.py:245 - INFO - ['第1集']
2026-06-09 00:16:28 - mkk_pika - main.py:348 - INFO - ==================== 漫画信息 ====================
                                   漫画ID：5ad374b2303200054a8536c3
                                   标题：加賀さんは開発に失敗しました 改十三 (艦隊これくしょん -艦これ-) [DL版]
                                   作者：よつみわーくす (tamago)
                                   是否完结：否
                                   总页数：31
                                   分类：短篇,同人,艦隊收藏
                                   章节数：1
                                   最后更新时间：2018-04-15T15:50:10.680Z
                                   =================================================
2026-06-09 00:16:28 - mkk_pika - database.py:101 - INFO - 保存成功：加賀さんは開発に失敗しました 改十三 (艦隊これくしょん -艦これ-) [DL版]
2026-06-09 00:16:28 - mkk_pika - main.py:35 - INFO - 开始检查 (うさぎの宴0次会) ナカよしあそび (VOICEROID) [DL版]是否存在未下载章节
2026-06-09 00:16:28 - mkk_pika - main.py:45 - INFO - 正在下载:[ (うさぎの宴0次会) ナカよしあそび (VOICEROID) [DL版]]-[Dr.VERMILION (ペテン師、けたま)]-[['短篇', '全彩']]-[total_pages:29]
2026-06-09 00:16:28 - mkk_pika - main.py:49 - INFO - [{'_id': '5ad374ed49b05373fbfd8782', 'title': '第1集', 'order': 1, 'updated_at': '2018-04-15T14:33:27.526Z', 'id': '5ad374ed49b05373fbfd8782'}]
2026-06-09 00:16:28 - mkk_pika - database.py:215 - INFO - 第一次下载该漫画，记录数据库中
2026-06-09 00:16:28 - mkk_pika - main.py:83 - INFO - 找到 29 张图片在:第1集
2026-06-09 00:16:29 - mkk_pika - main.py:112 - INFO - [episode:第1集       ] downloaded:    29, total:  29, progress:100%
2026-06-09 00:16:29 - mkk_pika - database.py:238 - INFO - 数据库更新已下载章节
2026-06-09 00:16:29 - mkk_pika - database.py:244 - INFO - 该漫画已下载章节如下
2026-06-09 00:16:29 - mkk_pika - database.py:245 - INFO - ['第1集']
2026-06-09 00:16:31 - mkk_pika - main.py:348 - INFO - ==================== 漫画信息 ====================
                                   漫画ID：5ad374ed49b05373fbfd8781
                                   标题： (うさぎの宴0次会) ナカよしあそび (VOICEROID) [DL版]
                                   作者：Dr.VERMILION (ペテン師、けたま)
                                   是否完结：否
                                   总页数：29
                                   分类：短篇,全彩
                                   章节数：1
                                   最后更新时间：2018-04-15T15:51:09.235Z
                                   =================================================
2026-06-09 00:16:31 - mkk_pika - database.py:101 - INFO - 保存成功： (うさぎの宴0次会) ナカよしあそび (VOICEROID) [DL版]
2026-06-09 00:16:31 - mkk_pika - main.py:35 - INFO - 开始检查メイドインナナチ (メイドインアビス)是否存在未下载章节
2026-06-09 00:16:31 - mkk_pika - main.py:45 - INFO - 正在下载:[メイドインナナチ (メイドインアビス)]-[すぐそこ (ゆま亮平)]-[['同人', '短篇', '非人類']]-[total_pages:27]
2026-06-09 00:16:31 - mkk_pika - main.py:49 - INFO - [{'_id': '5ad41f32c964bf0523b16696', 'title': '第1集', 'order': 1, 'updated_at': '2018-04-15T16:51:19.950Z', 'id': '5ad41f32c964bf0523b16696'}]
2026-06-09 00:16:31 - mkk_pika - database.py:215 - INFO - 第一次下载该漫画，记录数据库中
2026-06-09 00:16:31 - mkk_pika - main.py:83 - INFO - 找到 27 张图片在:第1集
2026-06-09 00:16:32 - mkk_pika - main.py:112 - INFO - [episode:第1集       ] downloaded:    27, total:  27, progress:100%
2026-06-09 00:16:32 - mkk_pika - database.py:238 - INFO - 数据库更新已下载章节
2026-06-09 00:16:32 - mkk_pika - database.py:244 - INFO - 该漫画已下载章节如下
2026-06-09 00:16:32 - mkk_pika - database.py:245 - INFO - ['第1集']
2026-06-09 00:16:33 - mkk_pika - main.py:348 - INFO - ==================== 漫画信息 ====================
                                   漫画ID：5ad41f32c964bf0523b16695
                                   标题：メイドインナナチ (メイドインアビス)
                                   作者：すぐそこ (ゆま亮平)
                                   是否完结：是
                                   总页数：27
                                   分类：同人,短篇,非人類
                                   章节数：1
                                   最后更新时间：2018-04-16T03:57:38.922Z
                                   =================================================
2026-06-09 00:16:33 - mkk_pika - database.py:101 - INFO - 保存成功：メイドインナナチ (メイドインアビス)
2026-06-09 00:16:33 - mkk_pika - main.py:35 - INFO - 开始检查こんなオッサンの相手なんかしてないで青春しろよ!!!是否存在未下载章节
2026-06-09 00:16:34 - mkk_pika - main.py:45 - INFO - 正在下载:[こんなオッサンの相手なんかしてないで青春しろよ!!!]-[サルノコシカケ]-[['全彩', '短篇']]-[total_pages:32]
2026-06-09 00:16:34 - mkk_pika - main.py:49 - INFO - [{'_id': '5ad41f3a757ea420d9a25b1f', 'title': '第1集', 'order': 1, 'updated_at': '2018-04-15T17:01:36.524Z', 'id': '5ad41f3a757ea420d9a25b1f'}]
2026-06-09 00:16:34 - mkk_pika - database.py:215 - INFO - 第一次下载该漫画，记录数据库中
2026-06-09 00:16:34 - mkk_pika - main.py:83 - INFO - 找到 32 张图片在:第1集
2026-06-09 00:16:35 - mkk_pika - main.py:112 - INFO - [episode:第1集       ] downloaded:    32, total:  32, progress:100%
2026-06-09 00:16:35 - mkk_pika - database.py:238 - INFO - 数据库更新已下载章节
2026-06-09 00:16:35 - mkk_pika - database.py:244 - INFO - 该漫画已下载章节如下
2026-06-09 00:16:35 - mkk_pika - database.py:245 - INFO - ['第1集']
2026-06-09 00:16:37 - mkk_pika - main.py:348 - INFO - ==================== 漫画信息 ====================
                                   漫画ID：5ad41f3a757ea420d9a25b1e
                                   标题：こんなオッサンの相手なんかしてないで青春しろよ!!!
                                   作者：サルノコシカケ
                                   是否完结：是
                                   总页数：32
                                   分类：全彩,短篇
                                   章节数：1
                                   最后更新时间：2018-04-16T03:57:46.695Z
                                   =================================================
2026-06-09 00:16:37 - mkk_pika - database.py:101 - INFO - 保存成功：こんなオッサンの相手なんかしてないで青春しろよ!!!
2026-06-09 00:16:37 - mkk_pika - main.py:35 - INFO - 开始检查お母さんといっしょ♡ (コミック・マショウ 2006年12月号) 是否存在未下载章节
2026-06-09 00:16:37 - mkk_pika - main.py:45 - INFO - 正在下载:[お母さんといっしょ♡ (コミック・マショウ 2006年12月号) ]-[後藤寿庵]-[['短篇', '人妻']]-[total_pages:18]
2026-06-09 00:16:37 - mkk_pika - main.py:49 - INFO - [{'_id': '5ad41f41757ea420d9a25b41', 'title': '第1集', 'order': 1, 'updated_at': '2018-04-15T17:22:04.510Z', 'id': '5ad41f41757ea420d9a25b41'}]
2026-06-09 00:16:37 - mkk_pika - database.py:215 - INFO - 第一次下载该漫画，记录数据库中
2026-06-09 00:16:37 - mkk_pika - main.py:83 - INFO - 找到 18 张图片在:第1集
2026-06-09 00:16:38 - mkk_pika - main.py:112 - INFO - [episode:第1集       ] downloaded:    18, total:  18, progress:100%
2026-06-09 00:16:38 - mkk_pika - database.py:238 - INFO - 数据库更新已下载章节
2026-06-09 00:16:38 - mkk_pika - database.py:244 - INFO - 该漫画已下载章节如下
2026-06-09 00:16:38 - mkk_pika - database.py:245 - INFO - ['第1集']
2026-06-09 00:16:39 - mkk_pika - main.py:348 - INFO - ==================== 漫画信息 ====================
                                   漫画ID：5ad41f40757ea420d9a25b40
                                   标题：お母さんといっしょ♡ (コミック・マショウ 2006年12月号) 
                                   作者：後藤寿庵
                                   是否完结：是
                                   总页数：18
                                   分类：短篇,人妻
                                   章节数：1
                                   最后更新时间：2018-04-16T03:57:52.994Z
                                   =================================================
2026-06-09 00:16:39 - mkk_pika - database.py:101 - INFO - 保存成功：お母さんといっしょ♡ (コミック・マショウ 2006年12月号) 
2026-06-09 00:16:39 - mkk_pika - main.py:35 - INFO - 开始检查きっと夢中になる是否存在未下载章节
2026-06-09 00:16:39 - mkk_pika - main.py:45 - INFO - 正在下载:[きっと夢中になる]-[秋月伊槻]-[['長篇', '單行本']]-[total_pages:223]
2026-06-09 00:16:39 - mkk_pika - main.py:49 - INFO - [{'_id': '5ad41f4f45b4e220d33b4f3c', 'title': '第1集', 'order': 1, 'updated_at': '2018-04-16T03:08:25.681Z', 'id': '5ad41f4f45b4e220d33b4f3c'}]
2026-06-09 00:16:39 - mkk_pika - database.py:215 - INFO - 第一次下载该漫画，记录数据库中
2026-06-09 00:16:41 - mkk_pika - main.py:83 - INFO - 找到 223 张图片在:第1集
2026-06-09 00:16:49 - mkk_pika - main.py:112 - INFO - [episode:第1集       ] downloaded:   223, total: 223, progress:100%
2026-06-09 00:16:49 - mkk_pika - database.py:238 - INFO - 数据库更新已下载章节
2026-06-09 00:16:49 - mkk_pika - database.py:244 - INFO - 该漫画已下载章节如下
2026-06-09 00:16:49 - mkk_pika - database.py:245 - INFO - ['第1集']
2026-06-09 00:16:50 - mkk_pika - main.py:348 - INFO - ==================== 漫画信息 ====================
                                   漫画ID：5ad41f4f45b4e220d33b4f3b
                                   标题：きっと夢中になる
                                   作者：秋月伊槻
                                   是否完结：是
                                   总页数：223
                                   分类：長篇,單行本
                                   章节数：1
                                   最后更新时间：2018-04-16T03:58:07.852Z
                                   =================================================
2026-06-09 00:16:50 - mkk_pika - database.py:101 - INFO - 保存成功：きっと夢中になる
2026-06-09 00:16:50 - mkk_pika - main.py:35 - INFO - 开始检查姉友させックス是否存在未下载章节
2026-06-09 00:16:50 - mkk_pika - main.py:45 - INFO - 正在下载:[姉友させックス]-[FCT]-[['長篇', '單行本', '姐姐系']]-[total_pages:186]
2026-06-09 00:16:50 - mkk_pika - main.py:49 - INFO - [{'_id': '5ad5584a45b4e220d33b5363', 'title': '第1集', 'order': 1, 'updated_at': '2018-04-16T04:48:46.037Z', 'id': '5ad5584a45b4e220d33b5363'}]
2026-06-09 00:16:50 - mkk_pika - database.py:215 - INFO - 第一次下载该漫画，记录数据库中
2026-06-09 00:16:52 - mkk_pika - main.py:83 - INFO - 找到 186 张图片在:第1集
2026-06-09 00:16:58 - mkk_pika - main.py:112 - INFO - [episode:第1集       ] downloaded:   186, total: 186, progress:100%
2026-06-09 00:16:58 - mkk_pika - database.py:238 - INFO - 数据库更新已下载章节
2026-06-09 00:16:58 - mkk_pika - database.py:244 - INFO - 该漫画已下载章节如下
2026-06-09 00:16:58 - mkk_pika - database.py:245 - INFO - ['第1集']
2026-06-09 00:16:59 - mkk_pika - main.py:348 - INFO - ==================== 漫画信息 ====================
                                   漫画ID：5ad5584a45b4e220d33b5362
                                   标题：姉友させックス
                                   作者：FCT
                                   是否完结：是
                                   总页数：186
                                   分类：長篇,單行本,姐姐系
                                   章节数：1
                                   最后更新时间：2018-04-17T02:13:30.696Z
                                   =================================================
2026-06-09 00:16:59 - mkk_pika - database.py:101 - INFO - 保存成功：姉友させックス
2026-06-09 00:16:59 - mkk_pika - main.py:35 - INFO - 开始检查エッチな蚊にご注意を！ - 新幹線編 -是否存在未下载章节
2026-06-09 00:17:00 - mkk_pika - main.py:45 - INFO - 正在下载:[エッチな蚊にご注意を！ - 新幹線編 -]-[あるぱかくらぶ]-[['短篇', '純愛']]-[total_pages:20]
2026-06-09 00:17:00 - mkk_pika - main.py:49 - INFO - [{'_id': '5ad558c83001a220a258b5c2', 'title': '狗头，吾辈的信仰！！！', 'order': 1, 'updated_at': '2018-04-16T15:56:53.150Z', 'id': '5ad558c83001a220a258b5c2'}]
2026-06-09 00:17:00 - mkk_pika - database.py:215 - INFO - 第一次下载该漫画，记录数据库中
2026-06-09 00:17:00 - mkk_pika - main.py:83 - INFO - 找到 20 张图片在:狗头，吾辈的信仰！！！
2026-06-09 00:17:01 - mkk_pika - main.py:112 - INFO - [episode:狗头，吾辈的信仰！！！] downloaded:    20, total:  20, progress:100%
2026-06-09 00:17:01 - mkk_pika - database.py:238 - INFO - 数据库更新已下载章节
2026-06-09 00:17:01 - mkk_pika - database.py:244 - INFO - 该漫画已下载章节如下
2026-06-09 00:17:01 - mkk_pika - database.py:245 - INFO - ['狗头，吾辈的信仰！！！']
2026-06-09 00:17:02 - mkk_pika - main.py:348 - INFO - ==================== 漫画信息 ====================
                                   漫画ID：5ad558c83001a220a258b5c1
                                   标题：エッチな蚊にご注意を！ - 新幹線編 -
                                   作者：あるぱかくらぶ
                                   是否完结：是
                                   总页数：20
                                   分类：短篇,純愛
                                   章节数：1
                                   最后更新时间：2018-04-17T02:15:36.873Z
                                   =================================================
2026-06-09 00:17:02 - mkk_pika - database.py:101 - INFO - 保存成功：エッチな蚊にご注意を！ - 新幹線編 -
2026-06-09 00:17:02 - mkk_pika - main.py:35 - INFO - 开始检查魅了騎空団 (グランブルーファンタジー)是否存在未下载章节
2026-06-09 00:17:02 - mkk_pika - main.py:45 - INFO - 正在下载:[魅了騎空団 (グランブルーファンタジー)]-[マグカップ (馬克杯)]-[['同人', '短篇', '碧藍幻想']]-[total_pages:26]
2026-06-09 00:17:02 - mkk_pika - main.py:49 - INFO - [{'_id': '5ad558d8c964bf0523b16a06', 'title': '第1集', 'order': 1, 'updated_at': '2018-04-17T01:38:52.711Z', 'id': '5ad558d8c964bf0523b16a06'}]
2026-06-09 00:17:02 - mkk_pika - database.py:215 - INFO - 第一次下载该漫画，记录数据库中
2026-06-09 00:17:03 - mkk_pika - main.py:83 - INFO - 找到 26 张图片在:第1集
2026-06-09 00:17:04 - mkk_pika - main.py:112 - INFO - [episode:第1集       ] downloaded:    26, total:  26, progress:100%
2026-06-09 00:17:04 - mkk_pika - database.py:238 - INFO - 数据库更新已下载章节
2026-06-09 00:17:04 - mkk_pika - database.py:244 - INFO - 该漫画已下载章节如下
2026-06-09 00:17:04 - mkk_pika - database.py:245 - INFO - ['第1集']
2026-06-09 00:17:05 - mkk_pika - main.py:348 - INFO - ==================== 漫画信息 ====================
                                   漫画ID：5ad558d8c964bf0523b16a05
                                   标题：魅了騎空団 (グランブルーファンタジー)
                                   作者：マグカップ (馬克杯)
                                   是否完结：是
                                   总页数：26
                                   分类：同人,短篇,碧藍幻想
                                   章节数：1
                                   最后更新时间：2018-04-17T02:15:52.492Z
                                   =================================================
2026-06-09 00:17:05 - mkk_pika - database.py:101 - INFO - 保存成功：魅了騎空団 (グランブルーファンタジー)
2026-06-09 00:17:05 - mkk_pika - main.py:35 - INFO - 开始检查ほてる人妻 | 火熱的人妻是否存在未下载章节
2026-06-09 00:17:05 - mkk_pika - main.py:45 - INFO - 正在下载:[ほてる人妻 | 火熱的人妻]-[久水あるた]-[['長篇', '單行本', '人妻']]-[total_pages:198]
2026-06-09 00:17:05 - mkk_pika - main.py:49 - INFO - [{'_id': '5ad5c6a7303200054a853c60', 'title': '第1集', 'order': 1, 'updated_at': '2018-04-17T02:29:46.269Z', 'id': '5ad5c6a7303200054a853c60'}]
2026-06-09 00:17:05 - mkk_pika - database.py:215 - INFO - 第一次下载该漫画，记录数据库中
2026-06-09 00:17:06 - mkk_pika - main.py:83 - INFO - 找到 198 张图片在:第1集
2026-06-09 00:17:14 - mkk_pika - main.py:112 - INFO - [episode:第1集       ] downloaded:   198, total: 198, progress:100%
2026-06-09 00:17:14 - mkk_pika - database.py:238 - INFO - 数据库更新已下载章节
2026-06-09 00:17:14 - mkk_pika - database.py:244 - INFO - 该漫画已下载章节如下
2026-06-09 00:17:14 - mkk_pika - database.py:245 - INFO - ['第1集']
2026-06-09 00:17:15 - mkk_pika - main.py:348 - INFO - ==================== 漫画信息 ====================
                                   漫画ID：5ad5c6a7303200054a853c5f
                                   标题：ほてる人妻 | 火熱的人妻
                                   作者：久水あるた
                                   是否完结：是
                                   总页数：198
                                   分类：長篇,單行本,人妻
                                   章节数：1
                                   最后更新时间：2018-04-17T10:04:23.800Z
                                   =================================================
2026-06-09 00:17:15 - mkk_pika - database.py:101 - INFO - 保存成功：ほてる人妻 | 火熱的人妻
2026-06-09 00:17:15 - mkk_pika - main.py:35 - INFO - 开始检查妻が獣に還る時是否存在未下载章节
2026-06-09 00:17:15 - mkk_pika - main.py:45 - INFO - 正在下载:[妻が獣に還る時]-[榊歌丸]-[['長篇', '單行本', '人妻']]-[total_pages:205]
2026-06-09 00:17:15 - mkk_pika - main.py:49 - INFO - [{'_id': '5ad5c6b245b4e220d33b55e6', 'title': '第1集', 'order': 1, 'updated_at': '2018-04-17T02:47:23.278Z', 'id': '5ad5c6b245b4e220d33b55e6'}]
2026-06-09 00:17:15 - mkk_pika - database.py:215 - INFO - 第一次下载该漫画，记录数据库中
2026-06-09 00:17:17 - mkk_pika - main.py:83 - INFO - 找到 205 张图片在:第1集
2026-06-09 00:17:24 - mkk_pika - main.py:112 - INFO - [episode:第1集       ] downloaded:   205, total: 205, progress:100%
2026-06-09 00:17:24 - mkk_pika - database.py:238 - INFO - 数据库更新已下载章节
2026-06-09 00:17:24 - mkk_pika - database.py:244 - INFO - 该漫画已下载章节如下
2026-06-09 00:17:24 - mkk_pika - database.py:245 - INFO - ['第1集']
2026-06-09 00:17:26 - mkk_pika - main.py:348 - INFO - ==================== 漫画信息 ====================
                                   漫画ID：5ad5c6b245b4e220d33b55e5
                                   标题：妻が獣に還る時
                                   作者：榊歌丸
                                   是否完结：是
                                   总页数：205
                                   分类：長篇,單行本,人妻
                                   章节数：1
                                   最后更新时间：2018-04-17T10:04:34.233Z
                                   =================================================
2026-06-09 00:17:26 - mkk_pika - database.py:101 - INFO - 保存成功：妻が獣に還る時
2026-06-09 00:17:26 - mkk_pika - main.py:35 - INFO - 开始检查 (C93) さいてだくしぐれ是否存在未下载章节
2026-06-09 00:17:26 - mkk_pika - main.py:45 - INFO - 正在下载:[ (C93) さいてだくしぐれ]-[ hariwata (石蕗らいし)]-[['短篇']]-[total_pages:27]
2026-06-09 00:17:26 - mkk_pika - main.py:49 - INFO - [{'_id': '5ad61e2a3001a220a258b8a3', 'title': '第1集', 'order': 1, 'updated_at': '2018-04-17T14:41:35.247Z', 'id': '5ad61e2a3001a220a258b8a3'}]
2026-06-09 00:17:26 - mkk_pika - database.py:215 - INFO - 第一次下载该漫画，记录数据库中
2026-06-09 00:17:26 - mkk_pika - main.py:83 - INFO - 找到 27 张图片在:第1集
2026-06-09 00:17:27 - mkk_pika - main.py:112 - INFO - [episode:第1集       ] downloaded:    27, total:  27, progress:100%
2026-06-09 00:17:27 - mkk_pika - database.py:238 - INFO - 数据库更新已下载章节
2026-06-09 00:17:27 - mkk_pika - database.py:244 - INFO - 该漫画已下载章节如下
2026-06-09 00:17:27 - mkk_pika - database.py:245 - INFO - ['第1集']
2026-06-09 00:17:29 - mkk_pika - main.py:348 - INFO - ==================== 漫画信息 ====================
                                   漫画ID：5ad61e2a3001a220a258b8a2
                                   标题： (C93) さいてだくしぐれ
                                   作者： hariwata (石蕗らいし)
                                   是否完结：否
                                   总页数：27
                                   分类：短篇
                                   章节数：1
                                   最后更新时间：2018-04-17T16:17:46.620Z
                                   =================================================
2026-06-09 00:17:29 - mkk_pika - database.py:101 - INFO - 保存成功： (C93) さいてだくしぐれ
2026-06-09 00:17:29 - mkk_pika - main.py:35 - INFO - 开始检查(C93)  小さな性のメロディ (オリジナル) [DL版]是否存在未下载章节
2026-06-09 00:17:29 - mkk_pika - main.py:45 - INFO - 正在下载:[(C93)  小さな性のメロディ (オリジナル) [DL版]]-[綺堂館 (綺堂無一)]-[['短篇']]-[total_pages:31]
2026-06-09 00:17:29 - mkk_pika - main.py:49 - INFO - [{'_id': '5ad61e3f16e99f054251632c', 'title': '第1集', 'order': 1, 'updated_at': '2018-04-17T14:48:18.640Z', 'id': '5ad61e3f16e99f054251632c'}]
2026-06-09 00:17:29 - mkk_pika - database.py:215 - INFO - 第一次下载该漫画，记录数据库中
2026-06-09 00:17:29 - mkk_pika - main.py:83 - INFO - 找到 31 张图片在:第1集
2026-06-09 00:17:31 - mkk_pika - main.py:112 - INFO - [episode:第1集       ] downloaded:    31, total:  31, progress:100%
2026-06-09 00:17:31 - mkk_pika - database.py:238 - INFO - 数据库更新已下载章节
2026-06-09 00:17:31 - mkk_pika - database.py:244 - INFO - 该漫画已下载章节如下
2026-06-09 00:17:31 - mkk_pika - database.py:245 - INFO - ['第1集']
2026-06-09 00:17:32 - mkk_pika - main.py:348 - INFO - ==================== 漫画信息 ====================
                                   漫画ID：5ad61e3e16e99f054251632b
                                   标题：(C93)  小さな性のメロディ (オリジナル) [DL版]
                                   作者：綺堂館 (綺堂無一)
                                   是否完结：否
                                   总页数：31
                                   分类：短篇
                                   章节数：1
                                   最后更新时间：2018-04-17T16:18:06.906Z
                                   =================================================
2026-06-09 00:17:32 - mkk_pika - database.py:101 - INFO - 保存成功：(C93)  小さな性のメロディ (オリジナル) [DL版]
2026-06-09 00:17:32 - mkk_pika - main.py:35 - INFO - 开始检查(C93)小悪魔せつこの秘密 vol.3是否存在未下载章节
2026-06-09 00:17:32 - mkk_pika - main.py:45 - INFO - 正在下载:[(C93)小悪魔せつこの秘密 vol.3]-[ちょこれーとらんど (kakao)]-[['短篇', '純愛']]-[total_pages:27]
2026-06-09 00:17:32 - mkk_pika - main.py:49 - INFO - [{'_id': '5ad6da62c964bf0523b16e38', 'title': '第1集', 'order': 1, 'updated_at': '2018-04-18T01:22:04.741Z', 'id': '5ad6da62c964bf0523b16e38'}]
2026-06-09 00:17:32 - mkk_pika - database.py:215 - INFO - 第一次下载该漫画，记录数据库中
2026-06-09 00:17:32 - mkk_pika - main.py:83 - INFO - 找到 27 张图片在:第1集
2026-06-09 00:17:34 - mkk_pika - main.py:112 - INFO - [episode:第1集       ] downloaded:    27, total:  27, progress:100%
2026-06-09 00:17:34 - mkk_pika - database.py:238 - INFO - 数据库更新已下载章节
2026-06-09 00:17:34 - mkk_pika - database.py:244 - INFO - 该漫画已下载章节如下
2026-06-09 00:17:34 - mkk_pika - database.py:245 - INFO - ['第1集']
2026-06-09 00:17:35 - mkk_pika - main.py:348 - INFO - ==================== 漫画信息 ====================
                                   漫画ID：5ad6da62c964bf0523b16e37
                                   标题：(C93)小悪魔せつこの秘密 vol.3
                                   作者：ちょこれーとらんど (kakao)
                                   是否完结：是
                                   总页数：27
                                   分类：短篇,純愛
                                   章节数：1
                                   最后更新时间：2018-04-18T05:40:50.125Z
                                   =================================================
2026-06-09 00:17:35 - mkk_pika - database.py:101 - INFO - 保存成功：(C93)小悪魔せつこの秘密 vol.3
2026-06-09 00:17:35 - mkk_pika - main.py:35 - INFO - 开始检查(C93)×××しないと出られない国 (キノの旅)是否存在未下载章节
2026-06-09 00:17:35 - mkk_pika - main.py:45 - INFO - 正在下载:[(C93)×××しないと出られない国 (キノの旅)]-[黒ミサ会場 (池咲ミサ)]-[['短篇']]-[total_pages:40]
2026-06-09 00:17:35 - mkk_pika - main.py:49 - INFO - [{'_id': '5ad6daa749b05373fbfd902a', 'title': '第1集', 'order': 1, 'updated_at': '2018-04-18T01:25:29.175Z', 'id': '5ad6daa749b05373fbfd902a'}]
2026-06-09 00:17:35 - mkk_pika - database.py:215 - INFO - 第一次下载该漫画，记录数据库中
2026-06-09 00:17:36 - mkk_pika - main.py:83 - INFO - 找到 40 张图片在:第1集
2026-06-09 00:17:37 - mkk_pika - main.py:112 - INFO - [episode:第1集       ] downloaded:    40, total:  40, progress:100%
2026-06-09 00:17:37 - mkk_pika - database.py:238 - INFO - 数据库更新已下载章节
2026-06-09 00:17:37 - mkk_pika - database.py:244 - INFO - 该漫画已下载章节如下
2026-06-09 00:17:37 - mkk_pika - database.py:245 - INFO - ['第1集']
2026-06-09 00:17:38 - mkk_pika - main.py:348 - INFO - ==================== 漫画信息 ====================
                                   漫画ID：5ad6daa749b05373fbfd9029
                                   标题：(C93)×××しないと出られない国 (キノの旅)
                                   作者：黒ミサ会場 (池咲ミサ)
                                   是否完结：是
                                   总页数：40
                                   分类：短篇
                                   章节数：1
                                   最后更新时间：2018-04-18T05:41:59.362Z
                                   =================================================
2026-06-09 00:17:38 - mkk_pika - database.py:101 - INFO - 保存成功：(C93)×××しないと出られない国 (キノの旅)
2026-06-09 00:17:38 - mkk_pika - main.py:35 - INFO - 开始检查おっぱいマーチ是否存在未下载章节
2026-06-09 00:17:39 - mkk_pika - main.py:45 - INFO - 正在下载:[おっぱいマーチ]-[冬みかん]-[['長篇', '純愛', '單行本']]-[total_pages:207]
2026-06-09 00:17:39 - mkk_pika - main.py:49 - INFO - [{'_id': '5ad6daf9303200054a854070', 'title': '第1集', 'order': 1, 'updated_at': '2018-04-18T01:31:25.533Z', 'id': '5ad6daf9303200054a854070'}]
2026-06-09 00:17:39 - mkk_pika - database.py:215 - INFO - 第一次下载该漫画，记录数据库中
2026-06-09 00:17:40 - mkk_pika - main.py:83 - INFO - 找到 207 张图片在:第1集
2026-06-09 00:17:47 - mkk_pika - main.py:112 - INFO - [episode:第1集       ] downloaded:   207, total: 207, progress:100%
2026-06-09 00:17:47 - mkk_pika - database.py:238 - INFO - 数据库更新已下载章节
2026-06-09 00:17:47 - mkk_pika - database.py:244 - INFO - 该漫画已下载章节如下
2026-06-09 00:17:47 - mkk_pika - database.py:245 - INFO - ['第1集']
2026-06-09 00:17:48 - mkk_pika - main.py:348 - INFO - ==================== 漫画信息 ====================
                                   漫画ID：5ad6daf9303200054a85406f
                                   标题：おっぱいマーチ
                                   作者：冬みかん
                                   是否完结：是
                                   总页数：207
                                   分类：長篇,純愛,單行本
                                   章节数：1
                                   最后更新时间：2018-04-18T05:43:21.534Z
                                   =================================================
2026-06-09 00:17:48 - mkk_pika - database.py:101 - INFO - 保存成功：おっぱいマーチ
2026-06-09 00:17:48 - mkk_pika - main.py:35 - INFO - 开始检查(C93) 千夜一夜好物語 (Fate/Grand Order)是否存在未下载章节
2026-06-09 00:17:48 - mkk_pika - main.py:45 - INFO - 正在下载:[(C93) 千夜一夜好物語 (Fate/Grand Order)]-[STUDIO TIAMAT (TANABE)]-[['同人', '短篇', 'Fate']]-[total_pages:31]
2026-06-09 00:17:48 - mkk_pika - main.py:49 - INFO - [{'_id': '5ad6db15303200054a854141', 'title': '第1集', 'order': 1, 'updated_at': '2018-04-18T01:50:54.254Z', 'id': '5ad6db15303200054a854141'}]
2026-06-09 00:17:48 - mkk_pika - database.py:215 - INFO - 第一次下载该漫画，记录数据库中
2026-06-09 00:17:49 - mkk_pika - main.py:83 - INFO - 找到 31 张图片在:第1集
2026-06-09 00:17:50 - mkk_pika - main.py:112 - INFO - [episode:第1集       ] downloaded:    31, total:  31, progress:100%
2026-06-09 00:17:50 - mkk_pika - database.py:238 - INFO - 数据库更新已下载章节
2026-06-09 00:17:50 - mkk_pika - database.py:244 - INFO - 该漫画已下载章节如下
2026-06-09 00:17:50 - mkk_pika - database.py:245 - INFO - ['第1集']
2026-06-09 00:17:51 - mkk_pika - main.py:348 - INFO - ==================== 漫画信息 ====================
                                   漫画ID：5ad6db15303200054a854140
                                   标题：(C93) 千夜一夜好物語 (Fate/Grand Order)
                                   作者：STUDIO TIAMAT (TANABE)
                                   是否完结：是
                                   总页数：31
                                   分类：同人,短篇,Fate
                                   章节数：1
                                   最后更新时间：2018-04-18T05:43:49.015Z
                                   =================================================
2026-06-09 00:17:51 - mkk_pika - database.py:101 - INFO - 保存成功：(C93) 千夜一夜好物語 (Fate/Grand Order)
2026-06-09 00:17:51 - mkk_pika - main.py:35 - INFO - 开始检查(C90) 亜熱体 (艦隊これくしょん -艦これ-) 是否存在未下载章节
2026-06-09 00:17:51 - mkk_pika - main.py:45 - INFO - 正在下载:[(C90) 亜熱体 (艦隊これくしょん -艦これ-) ]-[TUKIBUTO (氷樹一世)]-[['同人', '短篇', '艦隊收藏']]-[total_pages:28]
2026-06-09 00:17:51 - mkk_pika - main.py:49 - INFO - [{'_id': '5ad6db1cc964bf0523b16e5b', 'title': '第1集', 'order': 1, 'updated_at': '2018-04-18T02:01:31.950Z', 'id': '5ad6db1cc964bf0523b16e5b'}]
2026-06-09 00:17:51 - mkk_pika - database.py:215 - INFO - 第一次下载该漫画，记录数据库中
2026-06-09 00:17:52 - mkk_pika - main.py:83 - INFO - 找到 28 张图片在:第1集
2026-06-09 00:17:53 - mkk_pika - main.py:112 - INFO - [episode:第1集       ] downloaded:    28, total:  28, progress:100%
2026-06-09 00:17:53 - mkk_pika - database.py:238 - INFO - 数据库更新已下载章节
2026-06-09 00:17:53 - mkk_pika - database.py:244 - INFO - 该漫画已下载章节如下
2026-06-09 00:17:53 - mkk_pika - database.py:245 - INFO - ['第1集']
2026-06-09 00:17:54 - mkk_pika - main.py:348 - INFO - ==================== 漫画信息 ====================
                                   漫画ID：5ad6db1cc964bf0523b16e5a
                                   标题：(C90) 亜熱体 (艦隊これくしょん -艦これ-) 
                                   作者：TUKIBUTO (氷樹一世)
                                   是否完结：是
                                   总页数：28
                                   分类：同人,短篇,艦隊收藏
                                   章节数：1
                                   最后更新时间：2018-04-18T05:43:56.955Z
                                   =================================================
2026-06-09 00:17:54 - mkk_pika - database.py:101 - INFO - 保存成功：(C90) 亜熱体 (艦隊これくしょん -艦これ-) 
2026-06-09 00:17:54 - mkk_pika - main.py:35 - INFO - 开始检查(C93) メイドと後輩どちらがお好み？ (Fate/Grand Order)是否存在未下载章节
2026-06-09 00:17:54 - mkk_pika - main.py:45 - INFO - 正在下载:[(C93) メイドと後輩どちらがお好み？ (Fate/Grand Order)]-[LOFLAT (Prime)]-[['同人', '短篇', 'Fate', '純愛', '後宮閃光']]-[total_pages:25]
2026-06-09 00:17:54 - mkk_pika - main.py:49 - INFO - [{'_id': '5ad77447978553050eb592ec', 'title': '狗头，是我们的意志！！！', 'order': 1, 'updated_at': '2018-04-18T14:43:17.810Z', 'id': '5ad77447978553050eb592ec'}]
2026-06-09 00:17:54 - mkk_pika - database.py:215 - INFO - 第一次下载该漫画，记录数据库中
2026-06-09 00:17:55 - mkk_pika - main.py:83 - INFO - 找到 25 张图片在:狗头，是我们的意志！！！
2026-06-09 00:17:56 - mkk_pika - main.py:112 - INFO - [episode:狗头，是我们的意志！！！] downloaded:    25, total:  25, progress:100%
2026-06-09 00:17:56 - mkk_pika - database.py:238 - INFO - 数据库更新已下载章节
2026-06-09 00:17:56 - mkk_pika - database.py:244 - INFO - 该漫画已下载章节如下
2026-06-09 00:17:56 - mkk_pika - database.py:245 - INFO - ['狗头，是我们的意志！！！']
2026-06-09 00:17:57 - mkk_pika - main.py:348 - INFO - ==================== 漫画信息 ====================
                                   漫画ID：5ad77447978553050eb592eb
                                   标题：(C93) メイドと後輩どちらがお好み？ (Fate/Grand Order)
                                   作者：LOFLAT (Prime)
                                   是否完结：是
                                   总页数：25
                                   分类：同人,短篇,Fate,純愛,後宮閃光
                                   章节数：1
                                   最后更新时间：2018-04-18T16:37:27.971Z
                                   =================================================
2026-06-09 00:17:57 - mkk_pika - database.py:101 - INFO - 保存成功：(C93) メイドと後輩どちらがお好み？ (Fate/Grand Order)
2026-06-09 00:17:57 - mkk_pika - main.py:35 - INFO - 开始检查ノルルさんが仏頂面しながらおっぱいで慰めてくれる本 (アズールレーン)是否存在未下载章节
2026-06-09 00:17:57 - mkk_pika - main.py:45 - INFO - 正在下载:[ノルルさんが仏頂面しながらおっぱいで慰めてくれる本 (アズールレーン)]-[C.R's NEST (しーあーる)]-[['短篇', '純愛', '同人']]-[total_pages:20]
2026-06-09 00:17:57 - mkk_pika - main.py:49 - INFO - [{'_id': '5ad8204249b05373fbfd9365', 'title': '第1集', 'order': 1, 'updated_at': '2018-04-19T04:10:20.036Z', 'id': '5ad8204249b05373fbfd9365'}]
2026-06-09 00:17:57 - mkk_pika - database.py:215 - INFO - 第一次下载该漫画，记录数据库中
2026-06-09 00:17:58 - mkk_pika - main.py:83 - INFO - 找到 20 张图片在:第1集
2026-06-09 00:17:58 - mkk_pika - main.py:112 - INFO - [episode:第1集       ] downloaded:    20, total:  20, progress:100%
2026-06-09 00:17:58 - mkk_pika - database.py:238 - INFO - 数据库更新已下载章节
2026-06-09 00:17:58 - mkk_pika - database.py:244 - INFO - 该漫画已下载章节如下
2026-06-09 00:17:58 - mkk_pika - database.py:245 - INFO - ['第1集']
2026-06-09 00:18:00 - mkk_pika - main.py:348 - INFO - ==================== 漫画信息 ====================
                                   漫画ID：5ad8204249b05373fbfd9364
                                   标题：ノルルさんが仏頂面しながらおっぱいで慰めてくれる本 (アズールレーン)
                                   作者：C.R's NEST (しーあーる)
                                   是否完结：是
                                   总页数：20
                                   分类：短篇,純愛,同人
                                   章节数：1
                                   最后更新时间：2018-04-19T04:51:14.033Z
                                   =================================================
2026-06-09 00:18:00 - mkk_pika - database.py:101 - INFO - 保存成功：ノルルさんが仏頂面しながらおっぱいで慰めてくれる本 (アズールレーン)
2026-06-09 00:18:00 - mkk_pika - main.py:380 - INFO - 本次任务下载完毕
2026-06-09 00:18:00 - mkk_pika - database.py:173 - INFO - 数据库连接已关闭
