2026-05-15 00:06:24 - mkk_pika - main.py:193 - INFO - =======================================================================
2026-05-15 00:06:24 - mkk_pika - database.py:61 - INFO - 表和索引初始化成功
2026-05-15 00:06:24 - mkk_pika - main.py:197 - INFO - 已经累计下载9741本漫画
2026-05-15 00:06:25 - mkk_pika - api.py:87 - INFO - 登录成功
2026-05-15 00:06:25 - mkk_pika - main.py:203 - INFO - 收藏夹共计0本漫画
2026-05-15 00:06:25 - mkk_pika - main.py:206 - INFO - 开始下载收藏夹内未下载内容
2026-05-15 00:06:25 - mkk_pika - main.py:266 - INFO - 收藏夹内容下载完毕
2026-05-15 00:06:25 - mkk_pika - main.py:268 - INFO - 开始下载订阅内容
2026-05-15 00:06:25 - mkk_pika - database.py:258 - INFO - 根据ID查询到标题：萝莉 -> 陽菜ちゃん調教日記|阳菜酱的调教日记 [中国翻译][進行中]
2026-05-15 00:06:26 - mkk_pika - database.py:101 - INFO - 保存成功：陽菜ちゃん調教日記|阳菜酱的调教日记 [中国翻译][進行中]
2026-05-15 00:06:26 - mkk_pika - main.py:273 - INFO - 关键词萝莉找到1本漫画
2026-05-15 00:06:26 - mkk_pika - database.py:258 - INFO - 根据ID查询到标题：蘿莉 -> [Artist] formalaut7699（AI）
2026-05-15 00:06:26 - mkk_pika - database.py:101 - INFO - 保存成功：[Artist] Laoyeh（AI）
2026-05-15 00:06:26 - mkk_pika - main.py:273 - INFO - 关键词蘿莉找到0本漫画
2026-05-15 00:06:26 - mkk_pika - main.py:275 - INFO - 订阅内容共计1本漫画
2026-05-15 00:06:26 - mkk_pika - main.py:35 - INFO - 开始检查私たちが153cmだった時のこと [DL版][中国翻译]是否存在未下载章节
2026-05-15 00:06:26 - mkk_pika - database.py:203 - INFO - 查询数据库中是否已存在生肉
2026-05-15 00:06:26 - mkk_pika - database.py:203 - INFO - 查询数据库中是否已存在熟肉8618整合
2026-05-15 00:06:26 - mkk_pika - database.py:203 - INFO - 查询数据库中是否已存在熟肉revolving整合&重嵌
2026-05-15 00:06:26 - mkk_pika - database.py:203 - INFO - 查询数据库中是否已存在熟肉aaaeeeo个人机翻汉化
2026-05-15 00:06:26 - mkk_pika - main.py:51 - INFO - 私たちが153cmだった時のこと [DL版][中国翻译]中没有可下载章节
2026-05-15 00:06:26 - mkk_pika - main.py:292 - INFO - ==================== 漫画信息 ====================
                                漫画ID：69f642a965d95803a0837473
                                标题：私たちが153cmだった時のこと [DL版][中国翻译]
                                作者：鳥居ヨシツナ
                                是否完结：是
                                总页数：737
                                分类：長篇,單行本
                                章节数：4
                                最后更新时间：2026-05-09T15:40:52.495Z
                                =================================================
2026-05-15 00:06:26 - mkk_pika - database.py:101 - INFO - 保存成功：私たちが153cmだった時のこと [DL版][中国翻译]
2026-05-15 00:06:26 - mkk_pika - main.py:323 - INFO - 订阅内容内容下载完毕
2026-05-15 00:06:26 - mkk_pika - main.py:324 - INFO - 开始分批下载全部章节
2026-05-15 00:06:26 - mkk_pika - database.py:280 - INFO - 表和索引初始化成功
2026-05-15 00:06:27 - mkk_pika - main.py:177 - INFO - 已经下载了648页，一共6901页，现在开始添加第649页
2026-05-15 00:06:27 - mkk_pika - database.py:318 - INFO - 保存成功
2026-05-15 00:06:27 - mkk_pika - main.py:177 - INFO - 已经下载了649页，一共6901页，现在开始添加第650页
2026-05-15 00:06:28 - mkk_pika - database.py:318 - INFO - 保存成功
2026-05-15 00:06:28 - mkk_pika - main.py:177 - INFO - 已经下载了650页，一共6901页，现在开始添加第651页
2026-05-15 00:06:28 - mkk_pika - database.py:318 - INFO - 保存成功
2026-05-15 00:06:29 - mkk_pika - main.py:177 - INFO - 已经下载了651页，一共6901页，现在开始添加第652页
2026-05-15 00:06:29 - mkk_pika - database.py:318 - INFO - 保存成功
2026-05-15 00:06:29 - mkk_pika - main.py:177 - INFO - 已经下载了652页，一共6901页，现在开始添加第653页
2026-05-15 00:06:30 - mkk_pika - database.py:318 - INFO - 保存成功
2026-05-15 00:06:30 - mkk_pika - main.py:331 - INFO - 分批下载共计51本漫画
2026-05-15 00:06:30 - mkk_pika - main.py:35 - INFO - 开始检查クロッカス是否存在未下载章节
2026-05-15 00:06:30 - mkk_pika - main.py:45 - INFO - 正在下载:[クロッカス]-[七宮つぐ実]-[['短篇', '同人']]-[total_pages:22]
2026-05-15 00:06:30 - mkk_pika - main.py:49 - INFO - [{'_id': '59467f3a77674957f04fbb72', 'title': '第1集', 'order': 1, 'updated_at': '2017-06-18T11:33:12.933Z', 'id': '59467f3a77674957f04fbb72'}]
2026-05-15 00:06:30 - mkk_pika - database.py:215 - INFO - 第一次下载该漫画，记录数据库中
2026-05-15 00:06:30 - mkk_pika - main.py:83 - INFO - 找到 22 张图片在:第1集
2026-05-15 00:06:32 - mkk_pika - main.py:112 - INFO - [episode:第1集       ] downloaded:    22, total:  22, progress:100%
2026-05-15 00:06:32 - mkk_pika - database.py:238 - INFO - 数据库更新已下载章节
2026-05-15 00:06:32 - mkk_pika - database.py:244 - INFO - 该漫画已下载章节如下
2026-05-15 00:06:32 - mkk_pika - database.py:245 - INFO - ['第1集']
2026-05-15 00:06:33 - mkk_pika - main.py:348 - INFO - ==================== 漫画信息 ====================
                                   漫画ID：59467f3a77674957f04fbb71
                                   标题：クロッカス
                                   作者：七宮つぐ実
                                   是否完结：是
                                   总页数：22
                                   分类：短篇,同人
                                   章节数：1
                                   最后更新时间：2017-06-18T13:25:14.641Z
                                   =================================================
2026-05-15 00:06:33 - mkk_pika - database.py:101 - INFO - 保存成功：クロッカス
2026-05-15 00:06:33 - mkk_pika - main.py:35 - INFO - 开始检查 Safe Artwork是否存在未下载章节
2026-05-15 00:06:33 - mkk_pika - main.py:45 - INFO - 正在下载:[ Safe Artwork]-[Inaba Sunimi]-[['全彩', '短篇', '同人']]-[total_pages:21]
2026-05-15 00:06:33 - mkk_pika - main.py:49 - INFO - [{'_id': '59467f4a46be1e2ab515f81e', 'title': '第1集', 'order': 1, 'updated_at': '2017-06-18T11:13:36.800Z', 'id': '59467f4a46be1e2ab515f81e'}]
2026-05-15 00:06:33 - mkk_pika - database.py:215 - INFO - 第一次下载该漫画，记录数据库中
2026-05-15 00:06:34 - mkk_pika - main.py:83 - INFO - 找到 21 张图片在:第1集
2026-05-15 00:06:36 - mkk_pika - main.py:112 - INFO - [episode:第1集       ] downloaded:    21, total:  21, progress:100%
2026-05-15 00:06:36 - mkk_pika - database.py:238 - INFO - 数据库更新已下载章节
2026-05-15 00:06:36 - mkk_pika - database.py:244 - INFO - 该漫画已下载章节如下
2026-05-15 00:06:36 - mkk_pika - database.py:245 - INFO - ['第1集']
2026-05-15 00:06:37 - mkk_pika - main.py:348 - INFO - ==================== 漫画信息 ====================
                                   漫画ID：59467f4946be1e2ab515f81d
                                   标题： Safe Artwork
                                   作者：Inaba Sunimi
                                   是否完结：否
                                   总页数：21
                                   分类：全彩,短篇,同人
                                   章节数：1
                                   最后更新时间：2017-06-18T13:25:29.959Z
                                   =================================================
2026-05-15 00:06:37 - mkk_pika - database.py:101 - INFO - 保存成功： Safe Artwork
2026-05-15 00:06:37 - mkk_pika - main.py:35 - INFO - 开始检查病房少女馆是否存在未下载章节
2026-05-15 00:06:37 - mkk_pika - main.py:45 - INFO - 正在下载:[病房少女馆]-[叶月翼]-[['短篇', '百合花園']]-[total_pages:58]
2026-05-15 00:06:37 - mkk_pika - main.py:49 - INFO - [{'_id': '59467fcff82aae2a9c8f8b76', 'title': '全1话', 'order': 1, 'updated_at': '2017-06-18T11:28:34.326Z', 'id': '59467fcff82aae2a9c8f8b76'}]
2026-05-15 00:06:37 - mkk_pika - database.py:215 - INFO - 第一次下载该漫画，记录数据库中
2026-05-15 00:06:38 - mkk_pika - main.py:83 - INFO - 找到 58 张图片在:全1话
2026-05-15 00:06:41 - mkk_pika - main.py:112 - INFO - [episode:全1话       ] downloaded:    58, total:  58, progress:100%
2026-05-15 00:06:41 - mkk_pika - database.py:238 - INFO - 数据库更新已下载章节
2026-05-15 00:06:41 - mkk_pika - database.py:244 - INFO - 该漫画已下载章节如下
2026-05-15 00:06:41 - mkk_pika - database.py:245 - INFO - ['全1话']
2026-05-15 00:06:42 - mkk_pika - main.py:348 - INFO - ==================== 漫画信息 ====================
                                   漫画ID：59467fcff82aae2a9c8f8b75
                                   标题：病房少女馆
                                   作者：叶月翼
                                   是否完结：是
                                   总页数：58
                                   分类：短篇,百合花園
                                   章节数：1
                                   最后更新时间：2017-06-18T13:27:43.722Z
                                   =================================================
2026-05-15 00:06:42 - mkk_pika - database.py:101 - INFO - 保存成功：病房少女馆
2026-05-15 00:06:42 - mkk_pika - main.py:35 - INFO - 开始检查妹らぶ!是否存在未下载章节
2026-05-15 00:06:42 - mkk_pika - main.py:45 - INFO - 正在下载:[妹らぶ!]-[祭社 (ななろば華)]-[['短篇', '全彩', '純愛', '妹妹系']]-[total_pages:18]
2026-05-15 00:06:42 - mkk_pika - main.py:49 - INFO - [{'_id': '59468017f89bdf57f63fb773', 'title': '第1集', 'order': 1, 'updated_at': '2017-06-18T11:58:15.436Z', 'id': '59468017f89bdf57f63fb773'}]
2026-05-15 00:06:42 - mkk_pika - database.py:215 - INFO - 第一次下载该漫画，记录数据库中
2026-05-15 00:06:42 - mkk_pika - main.py:83 - INFO - 找到 18 张图片在:第1集
2026-05-15 00:06:43 - mkk_pika - main.py:112 - INFO - [episode:第1集       ] downloaded:    18, total:  18, progress:100%
2026-05-15 00:06:43 - mkk_pika - database.py:238 - INFO - 数据库更新已下载章节
2026-05-15 00:06:43 - mkk_pika - database.py:244 - INFO - 该漫画已下载章节如下
2026-05-15 00:06:43 - mkk_pika - database.py:245 - INFO - ['第1集']
2026-05-15 00:06:45 - mkk_pika - main.py:348 - INFO - ==================== 漫画信息 ====================
                                   漫画ID：59468017f89bdf57f63fb772
                                   标题：妹らぶ!
                                   作者：祭社 (ななろば華)
                                   是否完结：否
                                   总页数：18
                                   分类：短篇,全彩,純愛,妹妹系
                                   章节数：1
                                   最后更新时间：2017-06-18T13:28:55.602Z
                                   =================================================
2026-05-15 00:06:45 - mkk_pika - database.py:101 - INFO - 保存成功：妹らぶ!
2026-05-15 00:06:45 - mkk_pika - main.py:35 - INFO - 开始检查進撃の欲女 (進撃の巨人)是否存在未下载章节
2026-05-15 00:06:45 - mkk_pika - main.py:45 - INFO - 正在下载:[進撃の欲女 (進撃の巨人)]-[火山之楊 (火山之楊)]-[['同人', '短篇']]-[total_pages:24]
2026-05-15 00:06:45 - mkk_pika - main.py:49 - INFO - [{'_id': '5946ba4a6d20f0322428370c', 'title': '第1集', 'order': 1, 'updated_at': '2017-06-17T18:02:57.804Z', 'id': '5946ba4a6d20f0322428370c'}]
2026-05-15 00:06:45 - mkk_pika - database.py:215 - INFO - 第一次下载该漫画，记录数据库中
2026-05-15 00:06:45 - mkk_pika - main.py:83 - INFO - 找到 24 张图片在:第1集
2026-05-15 00:06:46 - mkk_pika - main.py:112 - INFO - [episode:第1集       ] downloaded:    24, total:  24, progress:100%
2026-05-15 00:06:46 - mkk_pika - database.py:238 - INFO - 数据库更新已下载章节
2026-05-15 00:06:46 - mkk_pika - database.py:244 - INFO - 该漫画已下载章节如下
2026-05-15 00:06:46 - mkk_pika - database.py:245 - INFO - ['第1集']
2026-05-15 00:06:48 - mkk_pika - main.py:348 - INFO - ==================== 漫画信息 ====================
                                   漫画ID：5946ba4a6d20f0322428370b
                                   标题：進撃の欲女 (進撃の巨人)
                                   作者：火山之楊 (火山之楊)
                                   是否完结：是
                                   总页数：24
                                   分类：同人,短篇
                                   章节数：1
                                   最后更新时间：2017-06-18T17:37:14.231Z
                                   =================================================
2026-05-15 00:06:48 - mkk_pika - database.py:101 - INFO - 保存成功：進撃の欲女 (進撃の巨人)
2026-05-15 00:06:48 - mkk_pika - main.py:35 - INFO - 开始检查隷母美咲～金髪息子とオナホ母～是否存在未下载章节
2026-05-15 00:06:48 - mkk_pika - main.py:45 - INFO - 正在下载:[隷母美咲～金髪息子とオナホ母～]-[子豚の館]-[['人妻', '強暴']]-[total_pages:67]
2026-05-15 00:06:48 - mkk_pika - main.py:49 - INFO - [{'_id': '5946ba7e6d20f03224283726', 'title': '第1集', 'order': 1, 'updated_at': '2017-06-18T16:34:03.392Z', 'id': '5946ba7e6d20f03224283726'}]
2026-05-15 00:06:48 - mkk_pika - database.py:215 - INFO - 第一次下载该漫画，记录数据库中
2026-05-15 00:06:49 - mkk_pika - main.py:83 - INFO - 找到 67 张图片在:第1集
2026-05-15 00:06:50 - mkk_pika - main.py:112 - INFO - [episode:第1集       ] downloaded:    67, total:  67, progress:100%
2026-05-15 00:06:50 - mkk_pika - database.py:238 - INFO - 数据库更新已下载章节
2026-05-15 00:06:50 - mkk_pika - database.py:244 - INFO - 该漫画已下载章节如下
2026-05-15 00:06:50 - mkk_pika - database.py:245 - INFO - ['第1集']
2026-05-15 00:06:51 - mkk_pika - main.py:348 - INFO - ==================== 漫画信息 ====================
                                   漫画ID：5946ba7e6d20f03224283725
                                   标题：隷母美咲～金髪息子とオナホ母～
                                   作者：子豚の館
                                   是否完结：是
                                   总页数：67
                                   分类：人妻,強暴
                                   章节数：1
                                   最后更新时间：2017-06-18T17:38:06.969Z
                                   =================================================
2026-05-15 00:06:51 - mkk_pika - database.py:101 - INFO - 保存成功：隷母美咲～金髪息子とオナホ母～
2026-05-15 00:06:51 - mkk_pika - main.py:35 - INFO - 开始检查もっと気持ちよくして (グランブルーファンタジー)是否存在未下载章节
2026-05-15 00:06:52 - mkk_pika - main.py:45 - INFO - 正在下载:[もっと気持ちよくして (グランブルーファンタジー)]-[鳩小屋 (駿河りぬ)]-[['同人', '短篇', '碧藍幻想']]-[total_pages:29]
2026-05-15 00:06:52 - mkk_pika - main.py:49 - INFO - [{'_id': '59474da00a178831e4dda294', 'title': '第1集', 'order': 1, 'updated_at': '2017-06-18T17:39:34.449Z', 'id': '59474da00a178831e4dda294'}]
2026-05-15 00:06:52 - mkk_pika - database.py:215 - INFO - 第一次下载该漫画，记录数据库中
2026-05-15 00:06:52 - mkk_pika - main.py:83 - INFO - 找到 29 张图片在:第1集
2026-05-15 00:06:53 - mkk_pika - main.py:112 - INFO - [episode:第1集       ] downloaded:    29, total:  29, progress:100%
2026-05-15 00:06:53 - mkk_pika - database.py:238 - INFO - 数据库更新已下载章节
2026-05-15 00:06:53 - mkk_pika - database.py:244 - INFO - 该漫画已下载章节如下
2026-05-15 00:06:53 - mkk_pika - database.py:245 - INFO - ['第1集']
2026-05-15 00:06:55 - mkk_pika - main.py:348 - INFO - ==================== 漫画信息 ====================
                                   漫画ID：59474da00a178831e4dda293
                                   标题：もっと気持ちよくして (グランブルーファンタジー)
                                   作者：鳩小屋 (駿河りぬ)
                                   是否完结：是
                                   总页数：29
                                   分类：同人,短篇,碧藍幻想
                                   章节数：1
                                   最后更新时间：2017-06-19T04:05:52.744Z
                                   =================================================
2026-05-15 00:06:55 - mkk_pika - database.py:101 - INFO - 保存成功：もっと気持ちよくして (グランブルーファンタジー)
2026-05-15 00:06:55 - mkk_pika - main.py:35 - INFO - 开始检查性玩具拘束人形是否存在未下载章节
2026-05-15 00:06:55 - mkk_pika - main.py:45 - INFO - 正在下载:[性玩具拘束人形]-[野原ひろみ]-[['長篇', 'SM']]-[total_pages:198]
2026-05-15 00:06:55 - mkk_pika - main.py:49 - INFO - [{'_id': '59474dac0a178831e4dda2b3', 'title': '第1集', 'order': 1, 'updated_at': '2017-06-18T13:30:15.848Z', 'id': '59474dac0a178831e4dda2b3'}]
2026-05-15 00:06:55 - mkk_pika - database.py:215 - INFO - 第一次下载该漫画，记录数据库中
2026-05-15 00:06:56 - mkk_pika - main.py:83 - INFO - 找到 198 张图片在:第1集
2026-05-15 00:07:06 - mkk_pika - main.py:112 - INFO - [episode:第1集       ] downloaded:   198, total: 198, progress:100%
2026-05-15 00:07:06 - mkk_pika - database.py:238 - INFO - 数据库更新已下载章节
2026-05-15 00:07:06 - mkk_pika - database.py:244 - INFO - 该漫画已下载章节如下
2026-05-15 00:07:06 - mkk_pika - database.py:245 - INFO - ['第1集']
2026-05-15 00:07:07 - mkk_pika - main.py:348 - INFO - ==================== 漫画信息 ====================
                                   漫画ID：59474dac0a178831e4dda2b2
                                   标题：性玩具拘束人形
                                   作者：野原ひろみ
                                   是否完结：否
                                   总页数：198
                                   分类：長篇,SM
                                   章节数：1
                                   最后更新时间：2017-06-19T04:06:04.795Z
                                   =================================================
2026-05-15 00:07:07 - mkk_pika - database.py:101 - INFO - 保存成功：性玩具拘束人形
2026-05-15 00:07:07 - mkk_pika - main.py:35 - INFO - 开始检查堕天使の余韻。是否存在未下载章节
2026-05-15 00:07:07 - mkk_pika - main.py:45 - INFO - 正在下载:[堕天使の余韻。]-[モレリークス (モレ)]-[['短篇']]-[total_pages:20]
2026-05-15 00:07:07 - mkk_pika - main.py:49 - INFO - [{'_id': '59474dc757dd262a6a888c88', 'title': '第1集', 'order': 1, 'updated_at': '2017-06-19T02:21:16.106Z', 'id': '59474dc757dd262a6a888c88'}]
2026-05-15 00:07:07 - mkk_pika - database.py:215 - INFO - 第一次下载该漫画，记录数据库中
2026-05-15 00:07:08 - mkk_pika - main.py:83 - INFO - 找到 20 张图片在:第1集
2026-05-15 00:07:10 - mkk_pika - main.py:112 - INFO - [episode:第1集       ] downloaded:    20, total:  20, progress:100%
2026-05-15 00:07:10 - mkk_pika - database.py:238 - INFO - 数据库更新已下载章节
2026-05-15 00:07:10 - mkk_pika - database.py:244 - INFO - 该漫画已下载章节如下
2026-05-15 00:07:10 - mkk_pika - database.py:245 - INFO - ['第1集']
2026-05-15 00:07:11 - mkk_pika - main.py:348 - INFO - ==================== 漫画信息 ====================
                                   漫画ID：59474dc757dd262a6a888c87
                                   标题：堕天使の余韻。
                                   作者：モレリークス (モレ)
                                   是否完结：是
                                   总页数：20
                                   分类：短篇
                                   章节数：1
                                   最后更新时间：2017-06-19T04:06:31.365Z
                                   =================================================
2026-05-15 00:07:11 - mkk_pika - database.py:101 - INFO - 保存成功：堕天使の余韻。
2026-05-15 00:07:11 - mkk_pika - main.py:35 - INFO - 开始检查存在消失!無抵抗な同級生達を授業中にハメまくる!是否存在未下载章节
2026-05-15 00:07:11 - mkk_pika - main.py:45 - INFO - 正在下载:[存在消失!無抵抗な同級生達を授業中にハメまくる!]-[MC]-[['全彩', '短篇']]-[total_pages:45]
2026-05-15 00:07:11 - mkk_pika - main.py:49 - INFO - [{'_id': '59474dd4f82aae2a9c8f8e3c', 'title': '第1集', 'order': 1, 'updated_at': '2017-06-19T18:49:36.336Z', 'id': '59474dd4f82aae2a9c8f8e3c'}]
2026-05-15 00:07:11 - mkk_pika - database.py:215 - INFO - 第一次下载该漫画，记录数据库中
2026-05-15 00:07:12 - mkk_pika - main.py:83 - INFO - 找到 45 张图片在:第1集
2026-05-15 00:07:14 - mkk_pika - main.py:112 - INFO - [episode:第1集       ] downloaded:    45, total:  45, progress:100%
2026-05-15 00:07:14 - mkk_pika - database.py:238 - INFO - 数据库更新已下载章节
2026-05-15 00:07:14 - mkk_pika - database.py:244 - INFO - 该漫画已下载章节如下
2026-05-15 00:07:14 - mkk_pika - database.py:245 - INFO - ['第1集']
2026-05-15 00:07:15 - mkk_pika - main.py:348 - INFO - ==================== 漫画信息 ====================
                                   漫画ID：59474dd4f82aae2a9c8f8e3b
                                   标题：存在消失!無抵抗な同級生達を授業中にハメまくる!
                                   作者：MC
                                   是否完结：是
                                   总页数：45
                                   分类：全彩,短篇
                                   章节数：1
                                   最后更新时间：2017-06-19T04:06:44.162Z
                                   =================================================
2026-05-15 00:07:15 - mkk_pika - database.py:101 - INFO - 保存成功：存在消失!無抵抗な同級生達を授業中にハメまくる!
2026-05-15 00:07:15 - mkk_pika - main.py:35 - INFO - 开始检查タイムストッぴゅ! ～時間を止めてリア充ハメハメ～是否存在未下载章节
2026-05-15 00:07:15 - mkk_pika - main.py:45 - INFO - 正在下载:[タイムストッぴゅ! ～時間を止めてリア充ハメハメ～]-[motaro]-[['長篇']]-[total_pages:124]
2026-05-15 00:07:15 - mkk_pika - main.py:49 - INFO - [{'_id': '59474e036bf5b757bab9dbc1', 'title': '第1集', 'order': 1, 'updated_at': '2017-06-19T18:50:01.485Z', 'id': '59474e036bf5b757bab9dbc1'}]
2026-05-15 00:07:15 - mkk_pika - database.py:215 - INFO - 第一次下载该漫画，记录数据库中
2026-05-15 00:07:16 - mkk_pika - main.py:83 - INFO - 找到 124 张图片在:第1集
2026-05-15 00:07:22 - mkk_pika - main.py:112 - INFO - [episode:第1集       ] downloaded:   124, total: 124, progress:100%
2026-05-15 00:07:22 - mkk_pika - database.py:238 - INFO - 数据库更新已下载章节
2026-05-15 00:07:22 - mkk_pika - database.py:244 - INFO - 该漫画已下载章节如下
2026-05-15 00:07:22 - mkk_pika - database.py:245 - INFO - ['第1集']
2026-05-15 00:07:23 - mkk_pika - main.py:348 - INFO - ==================== 漫画信息 ====================
                                   漫画ID：59474e036bf5b757bab9dbc0
                                   标题：タイムストッぴゅ! ～時間を止めてリア充ハメハメ～
                                   作者：motaro
                                   是否完结：是
                                   总页数：124
                                   分类：長篇
                                   章节数：1
                                   最后更新时间：2017-06-19T04:07:31.313Z
                                   =================================================
2026-05-15 00:07:23 - mkk_pika - database.py:101 - INFO - 保存成功：タイムストッぴゅ! ～時間を止めてリア充ハメハメ～
2026-05-15 00:07:23 - mkk_pika - main.py:35 - INFO - 开始检查少女のトゲ 是否存在未下载章节
2026-05-15 00:07:24 - mkk_pika - main.py:45 - INFO - 正在下载:[少女のトゲ ]-[Hisasi]-[['長篇', '妹妹系', '姐姐系']]-[total_pages:217]
2026-05-15 00:07:24 - mkk_pika - main.py:49 - INFO - [{'_id': '5947e7466d20f03224283b3c', 'title': '第1集', 'order': 1, 'updated_at': '2017-06-19T06:12:36.464Z', 'id': '5947e7466d20f03224283b3c'}]
2026-05-15 00:07:24 - mkk_pika - database.py:215 - INFO - 第一次下载该漫画，记录数据库中
2026-05-15 00:07:25 - mkk_pika - main.py:83 - INFO - 找到 217 张图片在:第1集
2026-05-15 00:07:36 - mkk_pika - main.py:112 - INFO - [episode:第1集       ] downloaded:   217, total: 217, progress:100%
2026-05-15 00:07:36 - mkk_pika - database.py:238 - INFO - 数据库更新已下载章节
2026-05-15 00:07:36 - mkk_pika - database.py:244 - INFO - 该漫画已下载章节如下
2026-05-15 00:07:36 - mkk_pika - database.py:245 - INFO - ['第1集']
2026-05-15 00:07:37 - mkk_pika - main.py:348 - INFO - ==================== 漫画信息 ====================
                                   漫画ID：5947e7456d20f03224283b3b
                                   标题：少女のトゲ 
                                   作者：Hisasi
                                   是否完结：是
                                   总页数：217
                                   分类：長篇,妹妹系,姐姐系
                                   章节数：1
                                   最后更新时间：2017-06-19T15:01:25.998Z
                                   =================================================
2026-05-15 00:07:37 - mkk_pika - database.py:101 - INFO - 保存成功：少女のトゲ 
2026-05-15 00:07:37 - mkk_pika - main.py:35 - INFO - 开始检查SxM 按钮是否存在未下载章节
2026-05-15 00:07:37 - mkk_pika - main.py:45 - INFO - 正在下载:[SxM 按钮]-[车谷晴子]-[['長篇', 'SM']]-[total_pages:147]
2026-05-15 00:07:37 - mkk_pika - main.py:49 - INFO - [{'_id': '5947e77077674957f04fc1b7', 'title': '捆绑-前篇', 'order': 1, 'updated_at': '2017-06-19T07:42:56.645Z', 'id': '5947e77077674957f04fc1b7'}, {'_id': '5947e77077674957f04fc1b8', 'title': '捆绑-后篇', 'order': 2, 'updated_at': '2017-06-19T07:47:59.758Z', 'id': '5947e77077674957f04fc1b8'}, {'_id': '5947e77077674957f04fc1b9', 'title': '塑料瓶', 'order': 3, 'updated_at': '2017-06-19T07:53:53.122Z', 'id': '5947e77077674957f04fc1b9'}, {'_id': '5947e77077674957f04fc1ba', 'title': '语言凌辱-前篇', 'order': 4, 'updated_at': '2017-06-19T08:01:11.132Z', 'id': '5947e77077674957f04fc1ba'}, {'_id': '5947e77077674957f04fc1bb', 'title': '语言凌辱-后篇', 'order': 5, 'updated_at': '2017-06-19T08:08:31.459Z', 'id': '5947e77077674957f04fc1bb'}]
2026-05-15 00:07:37 - mkk_pika - database.py:215 - INFO - 第一次下载该漫画，记录数据库中
2026-05-15 00:07:38 - mkk_pika - main.py:83 - INFO - 找到 33 张图片在:捆绑－前篇
2026-05-15 00:07:39 - mkk_pika - main.py:112 - INFO - [episode:捆绑-前篇     ] downloaded:    33, total:  33, progress:100%
2026-05-15 00:07:39 - mkk_pika - database.py:238 - INFO - 数据库更新已下载章节
2026-05-15 00:07:39 - mkk_pika - database.py:244 - INFO - 该漫画已下载章节如下
2026-05-15 00:07:39 - mkk_pika - database.py:245 - INFO - ['捆绑-前篇']
2026-05-15 00:07:40 - mkk_pika - main.py:83 - INFO - 找到 24 张图片在:捆绑－后篇
2026-05-15 00:07:42 - mkk_pika - main.py:112 - INFO - [episode:捆绑-后篇     ] downloaded:    24, total:  24, progress:100%
2026-05-15 00:07:42 - mkk_pika - database.py:238 - INFO - 数据库更新已下载章节
2026-05-15 00:07:42 - mkk_pika - database.py:244 - INFO - 该漫画已下载章节如下
2026-05-15 00:07:42 - mkk_pika - database.py:245 - INFO - ['捆绑-前篇', '捆绑-后篇']
2026-05-15 00:07:43 - mkk_pika - main.py:83 - INFO - 找到 38 张图片在:塑料瓶
2026-05-15 00:07:45 - mkk_pika - main.py:112 - INFO - [episode:塑料瓶       ] downloaded:    38, total:  38, progress:100%
2026-05-15 00:07:45 - mkk_pika - database.py:238 - INFO - 数据库更新已下载章节
2026-05-15 00:07:45 - mkk_pika - database.py:244 - INFO - 该漫画已下载章节如下
2026-05-15 00:07:45 - mkk_pika - database.py:245 - INFO - ['捆绑-前篇', '捆绑-后篇', '塑料瓶']
2026-05-15 00:07:46 - mkk_pika - main.py:83 - INFO - 找到 23 张图片在:语言凌辱－前篇
2026-05-15 00:07:54 - mkk_pika - main.py:112 - INFO - [episode:语言凌辱-前篇   ] downloaded:    23, total:  23, progress:100%
2026-05-15 00:07:54 - mkk_pika - database.py:238 - INFO - 数据库更新已下载章节
2026-05-15 00:07:54 - mkk_pika - database.py:244 - INFO - 该漫画已下载章节如下
2026-05-15 00:07:54 - mkk_pika - database.py:245 - INFO - ['捆绑-前篇', '捆绑-后篇', '塑料瓶', '语言凌辱-前篇']
2026-05-15 00:07:56 - mkk_pika - main.py:83 - INFO - 找到 29 张图片在:语言凌辱－后篇
2026-05-15 00:08:02 - mkk_pika - main.py:112 - INFO - [episode:语言凌辱-后篇   ] downloaded:    29, total:  29, progress:100%
2026-05-15 00:08:02 - mkk_pika - database.py:238 - INFO - 数据库更新已下载章节
2026-05-15 00:08:02 - mkk_pika - database.py:244 - INFO - 该漫画已下载章节如下
2026-05-15 00:08:02 - mkk_pika - database.py:245 - INFO - ['捆绑-前篇', '捆绑-后篇', '塑料瓶', '语言凌辱-前篇', '语言凌辱-后篇']
2026-05-15 00:08:03 - mkk_pika - main.py:348 - INFO - ==================== 漫画信息 ====================
                                   漫画ID：5947e77077674957f04fc1b6
                                   标题：SxM 按钮
                                   作者：车谷晴子
                                   是否完结：否
                                   总页数：147
                                   分类：長篇,SM
                                   章节数：5
                                   最后更新时间：2017-06-19T15:02:08.922Z
                                   =================================================
2026-05-15 00:08:03 - mkk_pika - database.py:101 - INFO - 保存成功：SxM 按钮
2026-05-15 00:08:03 - mkk_pika - main.py:35 - INFO - 开始检查 ラブトリップ (艦隊これくしょん -艦これ-)是否存在未下载章节
2026-05-15 00:08:03 - mkk_pika - main.py:45 - INFO - 正在下载:[ ラブトリップ (艦隊これくしょん -艦これ-)]-[くまたんFlash! (はなぉ。)]-[['短篇', '同人', '艦隊收藏']]-[total_pages:34]
2026-05-15 00:08:03 - mkk_pika - main.py:49 - INFO - [{'_id': '5947e792f89bdf57f63fbe9c', 'title': '全1话', 'order': 1, 'updated_at': '2017-06-19T08:29:33.393Z', 'id': '5947e792f89bdf57f63fbe9c'}]
2026-05-15 00:08:03 - mkk_pika - database.py:215 - INFO - 第一次下载该漫画，记录数据库中
2026-05-15 00:08:04 - mkk_pika - main.py:83 - INFO - 找到 34 张图片在:全1话
2026-05-15 00:08:05 - mkk_pika - main.py:112 - INFO - [episode:全1话       ] downloaded:    34, total:  34, progress:100%
2026-05-15 00:08:05 - mkk_pika - database.py:238 - INFO - 数据库更新已下载章节
2026-05-15 00:08:05 - mkk_pika - database.py:244 - INFO - 该漫画已下载章节如下
2026-05-15 00:08:05 - mkk_pika - database.py:245 - INFO - ['全1话']
2026-05-15 00:08:06 - mkk_pika - main.py:348 - INFO - ==================== 漫画信息 ====================
                                   漫画ID：5947e792f89bdf57f63fbe9b
                                   标题： ラブトリップ (艦隊これくしょん -艦これ-)
                                   作者：くまたんFlash! (はなぉ。)
                                   是否完结：是
                                   总页数：34
                                   分类：短篇,同人,艦隊收藏
                                   章节数：1
                                   最后更新时间：2017-06-19T15:02:42.258Z
                                   =================================================
2026-05-15 00:08:06 - mkk_pika - database.py:101 - INFO - 保存成功： ラブトリップ (艦隊これくしょん -艦これ-)
2026-05-15 00:08:06 - mkk_pika - main.py:35 - INFO - 开始检查あるバレエ教室のスーパーＹＳＪ特訓とやら是否存在未下载章节
2026-05-15 00:08:06 - mkk_pika - main.py:45 - INFO - 正在下载:[あるバレエ教室のスーパーＹＳＪ特訓とやら]-[ZOAL (LENA[A-7])]-[['短篇']]-[total_pages:15]
2026-05-15 00:08:06 - mkk_pika - main.py:49 - INFO - [{'_id': '5947e7dd77674957f04fc255', 'title': '第1集', 'order': 1, 'updated_at': '2017-06-19T11:16:15.961Z', 'id': '5947e7dd77674957f04fc255'}]
2026-05-15 00:08:06 - mkk_pika - database.py:215 - INFO - 第一次下载该漫画，记录数据库中
2026-05-15 00:08:07 - mkk_pika - main.py:83 - INFO - 找到 15 张图片在:第1集
2026-05-15 00:08:07 - mkk_pika - main.py:112 - INFO - [episode:第1集       ] downloaded:    15, total:  15, progress:100%
2026-05-15 00:08:07 - mkk_pika - database.py:238 - INFO - 数据库更新已下载章节
2026-05-15 00:08:07 - mkk_pika - database.py:244 - INFO - 该漫画已下载章节如下
2026-05-15 00:08:07 - mkk_pika - database.py:245 - INFO - ['第1集']
2026-05-15 00:08:09 - mkk_pika - main.py:348 - INFO - ==================== 漫画信息 ====================
                                   漫画ID：5947e7dd77674957f04fc254
                                   标题：あるバレエ教室のスーパーＹＳＪ特訓とやら
                                   作者：ZOAL (LENA[A-7])
                                   是否完结：否
                                   总页数：15
                                   分类：短篇
                                   章节数：1
                                   最后更新时间：2017-06-19T15:03:57.570Z
                                   =================================================
2026-05-15 00:08:09 - mkk_pika - database.py:101 - INFO - 保存成功：あるバレエ教室のスーパーＹＳＪ特訓とやら
2026-05-15 00:08:09 - mkk_pika - main.py:35 - INFO - 开始检查人妻レッスン (失楽天2013年11號)是否存在未下载章节
2026-05-15 00:08:09 - mkk_pika - main.py:45 - INFO - 正在下载:[人妻レッスン (失楽天2013年11號)]-[もんぷち]-[['短篇']]-[total_pages:17]
2026-05-15 00:08:09 - mkk_pika - main.py:49 - INFO - [{'_id': '59488e6c6bf5b757bab9e16a', 'title': '第1集', 'order': 1, 'updated_at': '2017-06-14T19:24:57.820Z', 'id': '59488e6c6bf5b757bab9e16a'}]
2026-05-15 00:08:09 - mkk_pika - database.py:215 - INFO - 第一次下载该漫画，记录数据库中
2026-05-15 00:08:09 - mkk_pika - main.py:83 - INFO - 找到 17 张图片在:第1集
2026-05-15 00:08:12 - mkk_pika - main.py:112 - INFO - [episode:第1集       ] downloaded:    17, total:  17, progress:100%
2026-05-15 00:08:12 - mkk_pika - database.py:238 - INFO - 数据库更新已下载章节
2026-05-15 00:08:12 - mkk_pika - database.py:244 - INFO - 该漫画已下载章节如下
2026-05-15 00:08:12 - mkk_pika - database.py:245 - INFO - ['第1集']
2026-05-15 00:08:14 - mkk_pika - main.py:348 - INFO - ==================== 漫画信息 ====================
                                   漫画ID：59488e6c6bf5b757bab9e169
                                   标题：人妻レッスン (失楽天2013年11號)
                                   作者：もんぷち
                                   是否完结：否
                                   总页数：17
                                   分类：短篇
                                   章节数：1
                                   最后更新时间：2017-06-20T02:54:36.764Z
                                   =================================================
2026-05-15 00:08:14 - mkk_pika - database.py:101 - INFO - 保存成功：人妻レッスン (失楽天2013年11號)
2026-05-15 00:08:14 - mkk_pika - main.py:35 - INFO - 开始检查マリッジ×トラブル是否存在未下载章节
2026-05-15 00:08:14 - mkk_pika - main.py:45 - INFO - 正在下载:[マリッジ×トラブル]-[もんぷち]-[['短篇']]-[total_pages:18]
2026-05-15 00:08:14 - mkk_pika - main.py:49 - INFO - [{'_id': '59488e8e57dd262a6a8890b2', 'title': '第1集', 'order': 1, 'updated_at': '2017-06-14T19:24:47.906Z', 'id': '59488e8e57dd262a6a8890b2'}]
2026-05-15 00:08:14 - mkk_pika - database.py:215 - INFO - 第一次下载该漫画，记录数据库中
2026-05-15 00:08:14 - mkk_pika - main.py:83 - INFO - 找到 18 张图片在:第1集
2026-05-15 00:08:15 - mkk_pika - main.py:112 - INFO - [episode:第1集       ] downloaded:    18, total:  18, progress:100%
2026-05-15 00:08:15 - mkk_pika - database.py:238 - INFO - 数据库更新已下载章节
2026-05-15 00:08:15 - mkk_pika - database.py:244 - INFO - 该漫画已下载章节如下
2026-05-15 00:08:15 - mkk_pika - database.py:245 - INFO - ['第1集']
2026-05-15 00:08:16 - mkk_pika - main.py:348 - INFO - ==================== 漫画信息 ====================
                                   漫画ID：59488e8e57dd262a6a8890b1
                                   标题：マリッジ×トラブル
                                   作者：もんぷち
                                   是否完结：否
                                   总页数：18
                                   分类：短篇
                                   章节数：1
                                   最后更新时间：2017-06-20T02:55:10.273Z
                                   =================================================
2026-05-15 00:08:16 - mkk_pika - database.py:101 - INFO - 保存成功：マリッジ×トラブル
2026-05-15 00:08:16 - mkk_pika - main.py:35 - INFO - 开始检查西游记~新世纪了哦！全员集合！是否存在未下载章节
2026-05-15 00:08:17 - mkk_pika - main.py:45 - INFO - 正在下载:[西游记~新世纪了哦！全员集合！]-[お嬢の浴室]-[['同人', '短篇']]-[total_pages:31]
2026-05-15 00:08:17 - mkk_pika - main.py:49 - INFO - [{'_id': '59488eb86bf5b757bab9e17d', 'title': '全1话', 'order': 1, 'updated_at': '2017-06-20T02:49:10.773Z', 'id': '59488eb86bf5b757bab9e17d'}]
2026-05-15 00:08:17 - mkk_pika - database.py:215 - INFO - 第一次下载该漫画，记录数据库中
2026-05-15 00:08:17 - mkk_pika - main.py:83 - INFO - 找到 31 张图片在:全1话
2026-05-15 00:08:18 - mkk_pika - main.py:112 - INFO - [episode:全1话       ] downloaded:    31, total:  31, progress:100%
2026-05-15 00:08:18 - mkk_pika - database.py:238 - INFO - 数据库更新已下载章节
2026-05-15 00:08:18 - mkk_pika - database.py:244 - INFO - 该漫画已下载章节如下
2026-05-15 00:08:18 - mkk_pika - database.py:245 - INFO - ['全1话']
2026-05-15 00:08:19 - mkk_pika - main.py:348 - INFO - ==================== 漫画信息 ====================
                                   漫画ID：59488eb86bf5b757bab9e17c
                                   标题：西游记~新世纪了哦！全员集合！
                                   作者：お嬢の浴室
                                   是否完结：是
                                   总页数：31
                                   分类：同人,短篇
                                   章节数：1
                                   最后更新时间：2017-06-20T02:55:52.577Z
                                   =================================================
2026-05-15 00:08:19 - mkk_pika - database.py:101 - INFO - 保存成功：西游记~新世纪了哦！全员集合！
2026-05-15 00:08:19 - mkk_pika - main.py:35 - INFO - 开始检查拳法少女奈霸是否存在未下载章节
2026-05-15 00:08:20 - mkk_pika - main.py:45 - INFO - 正在下载:[拳法少女奈霸]-[お嬢の浴室]-[['同人', '短篇']]-[total_pages:26]
2026-05-15 00:08:20 - mkk_pika - main.py:49 - INFO - [{'_id': '594895b90a178831e4dda7a3', 'title': '全1话', 'order': 1, 'updated_at': '2017-06-20T02:57:12.677Z', 'id': '594895b90a178831e4dda7a3'}]
2026-05-15 00:08:20 - mkk_pika - database.py:215 - INFO - 第一次下载该漫画，记录数据库中
2026-05-15 00:08:20 - mkk_pika - main.py:83 - INFO - 找到 26 张图片在:全1话
2026-05-15 00:08:21 - mkk_pika - main.py:112 - INFO - [episode:全1话       ] downloaded:    26, total:  26, progress:100%
2026-05-15 00:08:21 - mkk_pika - database.py:238 - INFO - 数据库更新已下载章节
2026-05-15 00:08:21 - mkk_pika - database.py:244 - INFO - 该漫画已下载章节如下
2026-05-15 00:08:21 - mkk_pika - database.py:245 - INFO - ['全1话']
2026-05-15 00:08:22 - mkk_pika - main.py:348 - INFO - ==================== 漫画信息 ====================
                                   漫画ID：594895b90a178831e4dda7a2
                                   标题：拳法少女奈霸
                                   作者：お嬢の浴室
                                   是否完结：是
                                   总页数：26
                                   分类：同人,短篇
                                   章节数：1
                                   最后更新时间：2017-06-20T03:25:45.838Z
                                   =================================================
2026-05-15 00:08:22 - mkk_pika - database.py:101 - INFO - 保存成功：拳法少女奈霸
2026-05-15 00:08:22 - mkk_pika - main.py:35 - INFO - 开始检查某拳法家的地狱默示录是否存在未下载章节
2026-05-15 00:08:23 - mkk_pika - main.py:45 - INFO - 正在下载:[某拳法家的地狱默示录]-[お嬢の浴室]-[['同人', '短篇']]-[total_pages:74]
2026-05-15 00:08:23 - mkk_pika - main.py:49 - INFO - [{'_id': '5948c7fdf82aae2a9c8f93ae', 'title': '全1话', 'order': 1, 'updated_at': '2017-06-20T03:15:39.801Z', 'id': '5948c7fdf82aae2a9c8f93ae'}]
2026-05-15 00:08:23 - mkk_pika - database.py:215 - INFO - 第一次下载该漫画，记录数据库中
2026-05-15 00:08:23 - mkk_pika - main.py:83 - INFO - 找到 74 张图片在:全1话
2026-05-15 00:08:28 - mkk_pika - main.py:112 - INFO - [episode:全1话       ] downloaded:    74, total:  74, progress:100%
2026-05-15 00:08:28 - mkk_pika - database.py:238 - INFO - 数据库更新已下载章节
2026-05-15 00:08:28 - mkk_pika - database.py:244 - INFO - 该漫画已下载章节如下
2026-05-15 00:08:28 - mkk_pika - database.py:245 - INFO - ['全1话']
2026-05-15 00:08:29 - mkk_pika - main.py:348 - INFO - ==================== 漫画信息 ====================
                                   漫画ID：5948c7fdf82aae2a9c8f93ad
                                   标题：某拳法家的地狱默示录
                                   作者：お嬢の浴室
                                   是否完结：是
                                   总页数：74
                                   分类：同人,短篇
                                   章节数：1
                                   最后更新时间：2017-06-20T07:00:13.324Z
                                   =================================================
2026-05-15 00:08:29 - mkk_pika - database.py:101 - INFO - 保存成功：某拳法家的地狱默示录
2026-05-15 00:08:29 - mkk_pika - main.py:35 - INFO - 开始检查凉宫春拳的YOU讨是否存在未下载章节
2026-05-15 00:08:29 - mkk_pika - main.py:45 - INFO - 正在下载:[凉宫春拳的YOU讨]-[お嬢の浴室]-[['同人', '短篇']]-[total_pages:22]
2026-05-15 00:08:29 - mkk_pika - main.py:49 - INFO - [{'_id': '5948c810f89bdf57f63fc19d', 'title': '全1话', 'order': 1, 'updated_at': '2017-06-20T04:42:12.416Z', 'id': '5948c810f89bdf57f63fc19d'}]
2026-05-15 00:08:29 - mkk_pika - database.py:215 - INFO - 第一次下载该漫画，记录数据库中
2026-05-15 00:08:30 - mkk_pika - main.py:83 - INFO - 找到 22 张图片在:全1话
2026-05-15 00:08:31 - mkk_pika - main.py:112 - INFO - [episode:全1话       ] downloaded:    22, total:  22, progress:100%
2026-05-15 00:08:31 - mkk_pika - database.py:238 - INFO - 数据库更新已下载章节
2026-05-15 00:08:31 - mkk_pika - database.py:244 - INFO - 该漫画已下载章节如下
2026-05-15 00:08:31 - mkk_pika - database.py:245 - INFO - ['全1话']
2026-05-15 00:08:32 - mkk_pika - main.py:348 - INFO - ==================== 漫画信息 ====================
                                   漫画ID：5948c810f89bdf57f63fc19c
                                   标题：凉宫春拳的YOU讨
                                   作者：お嬢の浴室
                                   是否完结：是
                                   总页数：22
                                   分类：同人,短篇
                                   章节数：1
                                   最后更新时间：2017-06-20T07:00:32.321Z
                                   =================================================
2026-05-15 00:08:32 - mkk_pika - database.py:101 - INFO - 保存成功：凉宫春拳的YOU讨
2026-05-15 00:08:32 - mkk_pika - main.py:35 - INFO - 开始检查Nozan Maiden是否存在未下载章节
2026-05-15 00:08:32 - mkk_pika - main.py:45 - INFO - 正在下载:[Nozan Maiden]-[お嬢の浴室]-[['同人', '短篇']]-[total_pages:30]
2026-05-15 00:08:32 - mkk_pika - main.py:49 - INFO - [{'_id': '5948c820074c2631fde40a27', 'title': '全1话', 'order': 1, 'updated_at': '2017-06-20T04:54:55.978Z', 'id': '5948c820074c2631fde40a27'}]
2026-05-15 00:08:32 - mkk_pika - database.py:215 - INFO - 第一次下载该漫画，记录数据库中
2026-05-15 00:08:33 - mkk_pika - main.py:83 - INFO - 找到 30 张图片在:全1话
2026-05-15 00:08:34 - mkk_pika - main.py:112 - INFO - [episode:全1话       ] downloaded:    30, total:  30, progress:100%
2026-05-15 00:08:34 - mkk_pika - database.py:238 - INFO - 数据库更新已下载章节
2026-05-15 00:08:34 - mkk_pika - database.py:244 - INFO - 该漫画已下载章节如下
2026-05-15 00:08:34 - mkk_pika - database.py:245 - INFO - ['全1话']
2026-05-15 00:08:35 - mkk_pika - main.py:348 - INFO - ==================== 漫画信息 ====================
                                   漫画ID：5948c820074c2631fde40a26
                                   标题：Nozan Maiden
                                   作者：お嬢の浴室
                                   是否完结：是
                                   总页数：30
                                   分类：同人,短篇
                                   章节数：1
                                   最后更新时间：2017-06-20T07:00:48.313Z
                                   =================================================
2026-05-15 00:08:35 - mkk_pika - database.py:101 - INFO - 保存成功：Nozan Maiden
2026-05-15 00:08:35 - mkk_pika - main.py:35 - INFO - 开始检查北斗方神拳  无想録是否存在未下载章节
2026-05-15 00:08:35 - mkk_pika - main.py:45 - INFO - 正在下载:[北斗方神拳  无想録]-[お嬢の浴室]-[['同人', '短篇', '東方']]-[total_pages:27]
2026-05-15 00:08:35 - mkk_pika - main.py:49 - INFO - [{'_id': '5948c83054335457c278341b', 'title': '全1话', 'order': 1, 'updated_at': '2017-06-20T04:51:45.165Z', 'id': '5948c83054335457c278341b'}]
2026-05-15 00:08:35 - mkk_pika - database.py:215 - INFO - 第一次下载该漫画，记录数据库中
2026-05-15 00:08:36 - mkk_pika - main.py:83 - INFO - 找到 27 张图片在:全1话
2026-05-15 00:08:37 - mkk_pika - main.py:112 - INFO - [episode:全1话       ] downloaded:    27, total:  27, progress:100%
2026-05-15 00:08:37 - mkk_pika - database.py:238 - INFO - 数据库更新已下载章节
2026-05-15 00:08:37 - mkk_pika - database.py:244 - INFO - 该漫画已下载章节如下
2026-05-15 00:08:37 - mkk_pika - database.py:245 - INFO - ['全1话']
2026-05-15 00:08:38 - mkk_pika - main.py:348 - INFO - ==================== 漫画信息 ====================
                                   漫画ID：5948c83054335457c278341a
                                   标题：北斗方神拳  无想録
                                   作者：お嬢の浴室
                                   是否完结：是
                                   总页数：27
                                   分类：同人,短篇,東方
                                   章节数：1
                                   最后更新时间：2017-06-20T07:01:04.815Z
                                   =================================================
2026-05-15 00:08:38 - mkk_pika - database.py:101 - INFO - 保存成功：北斗方神拳  无想録
2026-05-15 00:08:38 - mkk_pika - main.py:35 - INFO - 开始检查NORTHAN M@STER是否存在未下载章节
2026-05-15 00:08:38 - mkk_pika - main.py:45 - INFO - 正在下载:[NORTHAN M@STER]-[お嬢の浴室]-[['同人', '短篇']]-[total_pages:29]
2026-05-15 00:08:38 - mkk_pika - main.py:49 - INFO - [{'_id': '5948fa7e77674957f04fc56d', 'title': '全1话', 'order': 1, 'updated_at': '2017-06-20T05:02:14.412Z', 'id': '5948fa7e77674957f04fc56d'}]
2026-05-15 00:08:38 - mkk_pika - database.py:215 - INFO - 第一次下载该漫画，记录数据库中
2026-05-15 00:08:39 - mkk_pika - main.py:83 - INFO - 找到 29 张图片在:全1话
2026-05-15 00:08:40 - mkk_pika - main.py:112 - INFO - [episode:全1话       ] downloaded:    29, total:  29, progress:100%
2026-05-15 00:08:40 - mkk_pika - database.py:238 - INFO - 数据库更新已下载章节
2026-05-15 00:08:40 - mkk_pika - database.py:244 - INFO - 该漫画已下载章节如下
2026-05-15 00:08:40 - mkk_pika - database.py:245 - INFO - ['全1话']
2026-05-15 00:08:41 - mkk_pika - main.py:348 - INFO - ==================== 漫画信息 ====================
                                   漫画ID：5948fa7e77674957f04fc56c
                                   标题：NORTHAN M@STER
                                   作者：お嬢の浴室
                                   是否完结：是
                                   总页数：29
                                   分类：同人,短篇
                                   章节数：1
                                   最后更新时间：2017-06-20T10:35:42.330Z
                                   =================================================
2026-05-15 00:08:41 - mkk_pika - database.py:101 - INFO - 保存成功：NORTHAN M@STER
2026-05-15 00:08:41 - mkk_pika - main.py:35 - INFO - 开始检查拳音！THE MOVIE是否存在未下载章节
2026-05-15 00:08:41 - mkk_pika - main.py:45 - INFO - 正在下载:[拳音！THE MOVIE]-[お嬢の浴室]-[['同人', '短篇']]-[total_pages:25]
2026-05-15 00:08:41 - mkk_pika - main.py:49 - INFO - [{'_id': '5948fa8bf89bdf57f63fc2e0', 'title': '全1话', 'order': 1, 'updated_at': '2017-06-20T05:07:54.557Z', 'id': '5948fa8bf89bdf57f63fc2e0'}]
2026-05-15 00:08:41 - mkk_pika - database.py:215 - INFO - 第一次下载该漫画，记录数据库中
2026-05-15 00:08:42 - mkk_pika - main.py:83 - INFO - 找到 25 张图片在:全1话
2026-05-15 00:08:43 - mkk_pika - main.py:112 - INFO - [episode:全1话       ] downloaded:    25, total:  25, progress:100%
2026-05-15 00:08:43 - mkk_pika - database.py:238 - INFO - 数据库更新已下载章节
2026-05-15 00:08:43 - mkk_pika - database.py:244 - INFO - 该漫画已下载章节如下
2026-05-15 00:08:43 - mkk_pika - database.py:245 - INFO - ['全1话']
2026-05-15 00:08:44 - mkk_pika - main.py:348 - INFO - ==================== 漫画信息 ====================
                                   漫画ID：5948fa8bf89bdf57f63fc2df
                                   标题：拳音！THE MOVIE
                                   作者：お嬢の浴室
                                   是否完结：是
                                   总页数：25
                                   分类：同人,短篇
                                   章节数：1
                                   最后更新时间：2017-06-20T10:35:55.167Z
                                   =================================================
2026-05-15 00:08:44 - mkk_pika - database.py:101 - INFO - 保存成功：拳音！THE MOVIE
2026-05-15 00:08:44 - mkk_pika - main.py:35 - INFO - 开始检查Vorpal love (Undertale)是否存在未下载章节
2026-05-15 00:08:44 - mkk_pika - main.py:45 - INFO - 正在下载:[Vorpal love (Undertale)]-[磊落神社 (小石ちかさ)]-[['非人類', '同人', '短篇']]-[total_pages:24]
2026-05-15 00:08:44 - mkk_pika - main.py:49 - INFO - [{'_id': '5948fa97f89bdf57f63fc2fb', 'title': '全1话', 'order': 1, 'updated_at': '2017-06-20T06:00:52.619Z', 'id': '5948fa97f89bdf57f63fc2fb'}]
2026-05-15 00:08:44 - mkk_pika - database.py:215 - INFO - 第一次下载该漫画，记录数据库中
2026-05-15 00:08:45 - mkk_pika - main.py:83 - INFO - 找到 24 张图片在:全1话
2026-05-15 00:08:47 - mkk_pika - main.py:112 - INFO - [episode:全1话       ] downloaded:    24, total:  24, progress:100%
2026-05-15 00:08:47 - mkk_pika - database.py:238 - INFO - 数据库更新已下载章节
2026-05-15 00:08:47 - mkk_pika - database.py:244 - INFO - 该漫画已下载章节如下
2026-05-15 00:08:47 - mkk_pika - database.py:245 - INFO - ['全1话']
2026-05-15 00:08:48 - mkk_pika - main.py:348 - INFO - ==================== 漫画信息 ====================
                                   漫画ID：5948fa97f89bdf57f63fc2fa
                                   标题：Vorpal love (Undertale)
                                   作者：磊落神社 (小石ちかさ)
                                   是否完结：是
                                   总页数：24
                                   分类：非人類,同人,短篇
                                   章节数：1
                                   最后更新时间：2017-06-20T10:36:07.426Z
                                   =================================================
2026-05-15 00:08:48 - mkk_pika - database.py:101 - INFO - 保存成功：Vorpal love (Undertale)
2026-05-15 00:08:48 - mkk_pika - main.py:35 - INFO - 开始检查pixiv-ズッキーニ是否存在未下载章节
2026-05-15 00:08:48 - mkk_pika - main.py:45 - INFO - 正在下载:[pixiv-ズッキーニ]-[ズッキーニ]-[['長篇', '同人']]-[total_pages:258]
2026-05-15 00:08:48 - mkk_pika - main.py:49 - INFO - [{'_id': '5948fb0c54335457c27836c5', 'title': '第1集', 'order': 1, 'updated_at': '2017-06-20T10:33:20.366Z', 'id': '5948fb0c54335457c27836c5'}]
2026-05-15 00:08:48 - mkk_pika - database.py:215 - INFO - 第一次下载该漫画，记录数据库中
2026-05-15 00:08:50 - mkk_pika - main.py:83 - INFO - 找到 258 张图片在:第1集
2026-05-15 00:09:01 - mkk_pika - main.py:112 - INFO - [episode:第1集       ] downloaded:   258, total: 258, progress:100%
2026-05-15 00:09:01 - mkk_pika - database.py:238 - INFO - 数据库更新已下载章节
2026-05-15 00:09:01 - mkk_pika - database.py:244 - INFO - 该漫画已下载章节如下
2026-05-15 00:09:01 - mkk_pika - database.py:245 - INFO - ['第1集']
2026-05-15 00:09:02 - mkk_pika - main.py:348 - INFO - ==================== 漫画信息 ====================
                                   漫画ID：5948fb0c54335457c27836c4
                                   标题：pixiv-ズッキーニ
                                   作者：ズッキーニ
                                   是否完结：否
                                   总页数：258
                                   分类：長篇,同人
                                   章节数：1
                                   最后更新时间：2017-06-20T10:38:04.108Z
                                   =================================================
2026-05-15 00:09:02 - mkk_pika - database.py:101 - INFO - 保存成功：pixiv-ズッキーニ
2026-05-15 00:09:02 - mkk_pika - main.py:35 - INFO - 开始检查肉妻_ネトラレマニアックス 肉妻_偷情奪愛偏執狂熱症是否存在未下载章节
2026-05-15 00:09:02 - mkk_pika - main.py:45 - INFO - 正在下载:[肉妻_ネトラレマニアックス 肉妻_偷情奪愛偏執狂熱症]-[葵ヒトリ]-[['長篇', 'NTR']]-[total_pages:201]
2026-05-15 00:09:02 - mkk_pika - main.py:49 - INFO - [{'_id': '594917330a178831e4ddaa3f', 'title': '第1集', 'order': 1, 'updated_at': '2017-06-20T11:08:01.605Z', 'id': '594917330a178831e4ddaa3f'}]
2026-05-15 00:09:02 - mkk_pika - database.py:215 - INFO - 第一次下载该漫画，记录数据库中
2026-05-15 00:09:04 - mkk_pika - main.py:83 - INFO - 找到 201 张图片在:第1集
2026-05-15 00:09:14 - mkk_pika - main.py:112 - INFO - [episode:第1集       ] downloaded:   201, total: 201, progress:100%
2026-05-15 00:09:14 - mkk_pika - database.py:238 - INFO - 数据库更新已下载章节
2026-05-15 00:09:14 - mkk_pika - database.py:244 - INFO - 该漫画已下载章节如下
2026-05-15 00:09:14 - mkk_pika - database.py:245 - INFO - ['第1集']
2026-05-15 00:09:15 - mkk_pika - main.py:348 - INFO - ==================== 漫画信息 ====================
                                   漫画ID：594917330a178831e4ddaa3e
                                   标题：肉妻_ネトラレマニアックス 肉妻_偷情奪愛偏執狂熱症
                                   作者：葵ヒトリ
                                   是否完结：否
                                   总页数：201
                                   分类：長篇,NTR
                                   章节数：1
                                   最后更新时间：2017-06-20T12:38:11.370Z
                                   =================================================
2026-05-15 00:09:15 - mkk_pika - database.py:101 - INFO - 保存成功：肉妻_ネトラレマニアックス 肉妻_偷情奪愛偏執狂熱症
2026-05-15 00:09:15 - mkk_pika - main.py:35 - INFO - 开始检查当主な俺と×××な彼女是否存在未下载章节
2026-05-15 00:09:15 - mkk_pika - main.py:45 - INFO - 正在下载:[当主な俺と×××な彼女]-[高崎たけまる]-[['長篇', '同人', '純愛', '足の恋']]-[total_pages:207]
2026-05-15 00:09:15 - mkk_pika - main.py:49 - INFO - [{'_id': '5949174ba7820631d8d9070d', 'title': '第1集', 'order': 1, 'updated_at': '2017-06-20T11:30:51.005Z', 'id': '5949174ba7820631d8d9070d'}]
2026-05-15 00:09:15 - mkk_pika - database.py:215 - INFO - 第一次下载该漫画，记录数据库中
2026-05-15 00:09:17 - mkk_pika - main.py:83 - INFO - 找到 207 张图片在:第1集
2026-05-15 00:09:27 - mkk_pika - main.py:112 - INFO - [episode:第1集       ] downloaded:   207, total: 207, progress:100%
2026-05-15 00:09:27 - mkk_pika - database.py:238 - INFO - 数据库更新已下载章节
2026-05-15 00:09:27 - mkk_pika - database.py:244 - INFO - 该漫画已下载章节如下
2026-05-15 00:09:27 - mkk_pika - database.py:245 - INFO - ['第1集']
2026-05-15 00:09:29 - mkk_pika - main.py:348 - INFO - ==================== 漫画信息 ====================
                                   漫画ID：5949174ba7820631d8d9070c
                                   标题：当主な俺と×××な彼女
                                   作者：高崎たけまる
                                   是否完结：是
                                   总页数：207
                                   分类：長篇,同人,純愛,足の恋
                                   章节数：1
                                   最后更新时间：2017-06-20T12:38:35.735Z
                                   =================================================
2026-05-15 00:09:29 - mkk_pika - database.py:101 - INFO - 保存成功：当主な俺と×××な彼女
2026-05-15 00:09:29 - mkk_pika - main.py:35 - INFO - 开始检查ライバルは女体化させて孕ませる是否存在未下载章节
2026-05-15 00:09:29 - mkk_pika - main.py:45 - INFO - 正在下载:[ライバルは女体化させて孕ませる]-[じゃがうさ]-[['短篇', '強暴', '性轉換']]-[total_pages:20]
2026-05-15 00:09:29 - mkk_pika - main.py:49 - INFO - [{'_id': '594917a46d20f0322428407a', 'title': '第1集', 'order': 1, 'updated_at': '2017-06-20T11:40:18.540Z', 'id': '594917a46d20f0322428407a'}]
2026-05-15 00:09:29 - mkk_pika - database.py:215 - INFO - 第一次下载该漫画，记录数据库中
2026-05-15 00:09:29 - mkk_pika - main.py:83 - INFO - 找到 20 张图片在:第1集
2026-05-15 00:09:30 - mkk_pika - main.py:112 - INFO - [episode:第1集       ] downloaded:    20, total:  20, progress:100%
2026-05-15 00:09:30 - mkk_pika - database.py:238 - INFO - 数据库更新已下载章节
2026-05-15 00:09:30 - mkk_pika - database.py:244 - INFO - 该漫画已下载章节如下
2026-05-15 00:09:30 - mkk_pika - database.py:245 - INFO - ['第1集']
2026-05-15 00:09:32 - mkk_pika - main.py:348 - INFO - ==================== 漫画信息 ====================
                                   漫画ID：594917a46d20f03224284079
                                   标题：ライバルは女体化させて孕ませる
                                   作者：じゃがうさ
                                   是否完结：是
                                   总页数：20
                                   分类：短篇,強暴,性轉換
                                   章节数：1
                                   最后更新时间：2017-06-20T12:40:04.765Z
                                   =================================================
2026-05-15 00:09:32 - mkk_pika - database.py:101 - INFO - 保存成功：ライバルは女体化させて孕ませる
2026-05-15 00:09:32 - mkk_pika - main.py:35 - INFO - 开始检查CL-ev 20是否存在未下载章节
2026-05-15 00:09:32 - mkk_pika - main.py:45 - INFO - 正在下载:[CL-ev 20]-[クレスタ (呉マサヒロ)]-[['短篇', '全彩', '足の恋']]-[total_pages:10]
2026-05-15 00:09:32 - mkk_pika - main.py:49 - INFO - [{'_id': '594917b80a178831e4ddab20', 'title': '第1集', 'order': 1, 'updated_at': '2017-06-20T12:35:22.801Z', 'id': '594917b80a178831e4ddab20'}]
2026-05-15 00:09:32 - mkk_pika - database.py:215 - INFO - 第一次下载该漫画，记录数据库中
2026-05-15 00:09:32 - mkk_pika - main.py:83 - INFO - 找到 10 张图片在:第1集
2026-05-15 00:09:33 - mkk_pika - main.py:112 - INFO - [episode:第1集       ] downloaded:    10, total:  10, progress:100%
2026-05-15 00:09:33 - mkk_pika - database.py:238 - INFO - 数据库更新已下载章节
2026-05-15 00:09:33 - mkk_pika - database.py:244 - INFO - 该漫画已下载章节如下
2026-05-15 00:09:33 - mkk_pika - database.py:245 - INFO - ['第1集']
2026-05-15 00:09:34 - mkk_pika - main.py:348 - INFO - ==================== 漫画信息 ====================
                                   漫画ID：594917b80a178831e4ddab1f
                                   标题：CL-ev 20
                                   作者：クレスタ (呉マサヒロ)
                                   是否完结：否
                                   总页数：10
                                   分类：短篇,全彩,足の恋
                                   章节数：1
                                   最后更新时间：2017-06-20T12:40:24.173Z
                                   =================================================
2026-05-15 00:09:34 - mkk_pika - database.py:101 - INFO - 保存成功：CL-ev 20
2026-05-15 00:09:34 - mkk_pika - main.py:35 - INFO - 开始检查ズップリしちゃう是否存在未下载章节
2026-05-15 00:09:34 - mkk_pika - main.py:45 - INFO - 正在下载:[ズップリしちゃう]-[asahina hikage]-[['長篇', '姐姐系']]-[total_pages:201]
2026-05-15 00:09:34 - mkk_pika - main.py:49 - INFO - [{'_id': '594953e477674957f04fc807', 'title': '第1集', 'order': 1, 'updated_at': '2017-06-20T14:37:35.802Z', 'id': '594953e477674957f04fc807'}]
2026-05-15 00:09:34 - mkk_pika - database.py:215 - INFO - 第一次下载该漫画，记录数据库中
2026-05-15 00:09:36 - mkk_pika - main.py:83 - INFO - 找到 201 张图片在:第1集
2026-05-15 00:09:44 - mkk_pika - main.py:112 - INFO - [episode:第1集       ] downloaded:   201, total: 201, progress:100%
2026-05-15 00:09:44 - mkk_pika - database.py:238 - INFO - 数据库更新已下载章节
2026-05-15 00:09:44 - mkk_pika - database.py:244 - INFO - 该漫画已下载章节如下
2026-05-15 00:09:44 - mkk_pika - database.py:245 - INFO - ['第1集']
2026-05-15 00:09:45 - mkk_pika - main.py:348 - INFO - ==================== 漫画信息 ====================
                                   漫画ID：594953e477674957f04fc806
                                   标题：ズップリしちゃう
                                   作者：asahina hikage
                                   是否完结：是
                                   总页数：201
                                   分类：長篇,姐姐系
                                   章节数：1
                                   最后更新时间：2017-06-20T16:57:08.498Z
                                   =================================================
2026-05-15 00:09:45 - mkk_pika - database.py:101 - INFO - 保存成功：ズップリしちゃう
2026-05-15 00:09:45 - mkk_pika - main.py:35 - INFO - 开始检查瞳ちやん家のお風呂に入ったら是否存在未下载章节
2026-05-15 00:09:45 - mkk_pika - main.py:45 - INFO - 正在下载:[瞳ちやん家のお風呂に入ったら]-[asahina hikage]-[['短篇']]-[total_pages:19]
2026-05-15 00:09:45 - mkk_pika - main.py:49 - INFO - [{'_id': '594953f0a7820631d8d909c2', 'title': '第1集', 'order': 1, 'updated_at': '2017-06-20T14:41:50.812Z', 'id': '594953f0a7820631d8d909c2'}]
2026-05-15 00:09:45 - mkk_pika - database.py:215 - INFO - 第一次下载该漫画，记录数据库中
2026-05-15 00:09:46 - mkk_pika - main.py:83 - INFO - 找到 19 张图片在:第1集
2026-05-15 00:09:46 - mkk_pika - main.py:112 - INFO - [episode:第1集       ] downloaded:    19, total:  19, progress:100%
2026-05-15 00:09:46 - mkk_pika - database.py:238 - INFO - 数据库更新已下载章节
2026-05-15 00:09:46 - mkk_pika - database.py:244 - INFO - 该漫画已下载章节如下
2026-05-15 00:09:46 - mkk_pika - database.py:245 - INFO - ['第1集']
2026-05-15 00:09:48 - mkk_pika - main.py:348 - INFO - ==================== 漫画信息 ====================
                                   漫画ID：594953f0a7820631d8d909c1
                                   标题：瞳ちやん家のお風呂に入ったら
                                   作者：asahina hikage
                                   是否完结：是
                                   总页数：19
                                   分类：短篇
                                   章节数：1
                                   最后更新时间：2017-06-20T16:57:20.640Z
                                   =================================================
2026-05-15 00:09:48 - mkk_pika - database.py:101 - INFO - 保存成功：瞳ちやん家のお風呂に入ったら
2026-05-15 00:09:48 - mkk_pika - main.py:35 - INFO - 开始检查フォール・イン・ミライ (COMIC アンスリウム 2017年1月号)是否存在未下载章节
2026-05-15 00:09:48 - mkk_pika - main.py:45 - INFO - 正在下载:[フォール・イン・ミライ (COMIC アンスリウム 2017年1月号)]-[TwinBox]-[['全彩', '短篇', '純愛']]-[total_pages:9]
2026-05-15 00:09:48 - mkk_pika - main.py:49 - INFO - [{'_id': '594957dca7820631d8d909e4', 'title': '第1集', 'order': 1, 'updated_at': '2017-06-20T17:11:50.903Z', 'id': '594957dca7820631d8d909e4'}]
2026-05-15 00:09:48 - mkk_pika - database.py:215 - INFO - 第一次下载该漫画，记录数据库中
2026-05-15 00:09:48 - mkk_pika - main.py:83 - INFO - 找到 9 张图片在:第1集
2026-05-15 00:09:49 - mkk_pika - main.py:112 - INFO - [episode:第1集       ] downloaded:     9, total:   9, progress:100%
2026-05-15 00:09:49 - mkk_pika - database.py:238 - INFO - 数据库更新已下载章节
2026-05-15 00:09:49 - mkk_pika - database.py:244 - INFO - 该漫画已下载章节如下
2026-05-15 00:09:49 - mkk_pika - database.py:245 - INFO - ['第1集']
2026-05-15 00:09:50 - mkk_pika - main.py:348 - INFO - ==================== 漫画信息 ====================
                                   漫画ID：594957dca7820631d8d909e3
                                   标题：フォール・イン・ミライ (COMIC アンスリウム 2017年1月号)
                                   作者：TwinBox
                                   是否完结：是
                                   总页数：9
                                   分类：全彩,短篇,純愛
                                   章节数：1
                                   最后更新时间：2017-06-20T17:14:04.018Z
                                   =================================================
2026-05-15 00:09:50 - mkk_pika - database.py:101 - INFO - 保存成功：フォール・イン・ミライ (COMIC アンスリウム 2017年1月号)
2026-05-15 00:09:50 - mkk_pika - main.py:35 - INFO - 开始检查対決瑞穂VS鹿島(性的な意味で) (艦隊これくしょん -艦これ-)是否存在未下载章节
2026-05-15 00:09:50 - mkk_pika - main.py:45 - INFO - 正在下载:[対決瑞穂VS鹿島(性的な意味で) (艦隊これくしょん -艦これ-)]-[昭和最終戦線 (はなうな)]-[['短篇', '艦隊收藏']]-[total_pages:28]
2026-05-15 00:09:50 - mkk_pika - main.py:49 - INFO - [{'_id': '59495b3af82aae2a9c8f9989', 'title': '第1集', 'order': 1, 'updated_at': '2017-06-20T17:24:25.578Z', 'id': '59495b3af82aae2a9c8f9989'}]
2026-05-15 00:09:50 - mkk_pika - database.py:215 - INFO - 第一次下载该漫画，记录数据库中
2026-05-15 00:09:51 - mkk_pika - main.py:83 - INFO - 找到 28 张图片在:第1集
2026-05-15 00:09:52 - mkk_pika - main.py:112 - INFO - [episode:第1集       ] downloaded:    28, total:  28, progress:100%
2026-05-15 00:09:52 - mkk_pika - database.py:238 - INFO - 数据库更新已下载章节
2026-05-15 00:09:52 - mkk_pika - database.py:244 - INFO - 该漫画已下载章节如下
2026-05-15 00:09:52 - mkk_pika - database.py:245 - INFO - ['第1集']
2026-05-15 00:09:53 - mkk_pika - main.py:348 - INFO - ==================== 漫画信息 ====================
                                   漫画ID：59495b3af82aae2a9c8f9988
                                   标题：対決瑞穂VS鹿島(性的な意味で) (艦隊これくしょん -艦これ-)
                                   作者：昭和最終戦線 (はなうな)
                                   是否完结：是
                                   总页数：28
                                   分类：短篇,艦隊收藏
                                   章节数：1
                                   最后更新时间：2017-06-20T17:28:26.472Z
                                   =================================================
2026-05-15 00:09:53 - mkk_pika - database.py:101 - INFO - 保存成功：対決瑞穂VS鹿島(性的な意味で) (艦隊これくしょん -艦これ-)
2026-05-15 00:09:53 - mkk_pika - main.py:35 - INFO - 开始检查うちの可愛い可愛いわんこちゃん是否存在未下载章节
2026-05-15 00:09:54 - mkk_pika - main.py:45 - INFO - 正在下载:[うちの可愛い可愛いわんこちゃん]-[ZOAL (LENA[A-7])]-[['短篇', '非人類']]-[total_pages:23]
2026-05-15 00:09:54 - mkk_pika - main.py:49 - INFO - [{'_id': '5949e4e857dd262a6a889757', 'title': '第1集', 'order': 1, 'updated_at': '2017-06-20T17:07:06.942Z', 'id': '5949e4e857dd262a6a889757'}]
2026-05-15 00:09:54 - mkk_pika - database.py:215 - INFO - 第一次下载该漫画，记录数据库中
2026-05-15 00:09:54 - mkk_pika - main.py:83 - INFO - 找到 23 张图片在:第1集
2026-05-15 00:09:55 - mkk_pika - main.py:112 - INFO - [episode:第1集       ] downloaded:    23, total:  23, progress:100%
2026-05-15 00:09:55 - mkk_pika - database.py:238 - INFO - 数据库更新已下载章节
2026-05-15 00:09:55 - mkk_pika - database.py:244 - INFO - 该漫画已下载章节如下
2026-05-15 00:09:55 - mkk_pika - database.py:245 - INFO - ['第1集']
2026-05-15 00:09:56 - mkk_pika - main.py:348 - INFO - ==================== 漫画信息 ====================
                                   漫画ID：5949e4e857dd262a6a889756
                                   标题：うちの可愛い可愛いわんこちゃん
                                   作者：ZOAL (LENA[A-7])
                                   是否完结：是
                                   总页数：23
                                   分类：短篇,非人類
                                   章节数：1
                                   最后更新时间：2017-06-21T03:15:52.199Z
                                   =================================================
2026-05-15 00:09:56 - mkk_pika - database.py:101 - INFO - 保存成功：うちの可愛い可愛いわんこちゃん
2026-05-15 00:09:56 - mkk_pika - main.py:35 - INFO - 开始检查ヤる気スイッチの入れ方 (コミックホットミルク 2017年5月号)是否存在未下载章节
2026-05-15 00:09:56 - mkk_pika - main.py:45 - INFO - 正在下载:[ヤる気スイッチの入れ方 (コミックホットミルク 2017年5月号)]-[みずゆき]-[['短篇', '純愛']]-[total_pages:25]
2026-05-15 00:09:56 - mkk_pika - main.py:49 - INFO - [{'_id': '5949e4f4f82aae2a9c8f9b12', 'title': '第1集', 'order': 1, 'updated_at': '2017-06-20T17:25:14.015Z', 'id': '5949e4f4f82aae2a9c8f9b12'}]
2026-05-15 00:09:56 - mkk_pika - database.py:215 - INFO - 第一次下载该漫画，记录数据库中
2026-05-15 00:09:57 - mkk_pika - main.py:83 - INFO - 找到 25 张图片在:第1集
2026-05-15 00:09:58 - mkk_pika - main.py:112 - INFO - [episode:第1集       ] downloaded:    25, total:  25, progress:100%
2026-05-15 00:09:58 - mkk_pika - database.py:238 - INFO - 数据库更新已下载章节
2026-05-15 00:09:58 - mkk_pika - database.py:244 - INFO - 该漫画已下载章节如下
2026-05-15 00:09:58 - mkk_pika - database.py:245 - INFO - ['第1集']
2026-05-15 00:09:59 - mkk_pika - main.py:348 - INFO - ==================== 漫画信息 ====================
                                   漫画ID：5949e4f4f82aae2a9c8f9b11
                                   标题：ヤる気スイッチの入れ方 (コミックホットミルク 2017年5月号)
                                   作者：みずゆき
                                   是否完结：是
                                   总页数：25
                                   分类：短篇,純愛
                                   章节数：1
                                   最后更新时间：2017-06-21T03:16:04.543Z
                                   =================================================
2026-05-15 00:09:59 - mkk_pika - database.py:101 - INFO - 保存成功：ヤる気スイッチの入れ方 (コミックホットミルク 2017年5月号)
2026-05-15 00:09:59 - mkk_pika - main.py:35 - INFO - 开始检查Pixiv Artist - Stormcow (update)是否存在未下载章节
2026-05-15 00:10:00 - mkk_pika - main.py:45 - INFO - 正在下载:[Pixiv Artist - Stormcow (update)]-[Stormcow (update)]-[['長篇', '全彩', '同人']]-[total_pages:114]
2026-05-15 00:10:00 - mkk_pika - main.py:49 - INFO - [{'_id': '5949e52957dd262a6a889770', 'title': '第1集', 'order': 1, 'updated_at': '2017-06-20T12:28:23.764Z', 'id': '5949e52957dd262a6a889770'}]
2026-05-15 00:10:00 - mkk_pika - database.py:215 - INFO - 第一次下载该漫画，记录数据库中
2026-05-15 00:10:01 - mkk_pika - main.py:83 - INFO - 找到 114 张图片在:第1集
2026-05-15 00:10:05 - mkk_pika - main.py:112 - INFO - [episode:第1集       ] downloaded:   114, total: 114, progress:100%
2026-05-15 00:10:05 - mkk_pika - database.py:238 - INFO - 数据库更新已下载章节
2026-05-15 00:10:05 - mkk_pika - database.py:244 - INFO - 该漫画已下载章节如下
2026-05-15 00:10:05 - mkk_pika - database.py:245 - INFO - ['第1集']
2026-05-15 00:10:06 - mkk_pika - main.py:348 - INFO - ==================== 漫画信息 ====================
                                   漫画ID：5949e52957dd262a6a88976f
                                   标题：Pixiv Artist - Stormcow (update)
                                   作者：Stormcow (update)
                                   是否完结：否
                                   总页数：114
                                   分类：長篇,全彩,同人
                                   章节数：1
                                   最后更新时间：2017-06-21T03:16:57.370Z
                                   =================================================
2026-05-15 00:10:06 - mkk_pika - database.py:101 - INFO - 保存成功：Pixiv Artist - Stormcow (update)
2026-05-15 00:10:06 - mkk_pika - main.py:35 - INFO - 开始检查Hunter farm 2 (Monster Hunter)是否存在未下载章节
2026-05-15 00:10:06 - mkk_pika - main.py:45 - INFO - 正在下载:[Hunter farm 2 (Monster Hunter)]-[青豆腐 (ねろましん)]-[['短篇']]-[total_pages:34]
2026-05-15 00:10:06 - mkk_pika - main.py:49 - INFO - [{'_id': '5949e56e0c3bfb2a7fea5821', 'title': '第1集', 'order': 1, 'updated_at': '2017-06-15T18:23:22.554Z', 'id': '5949e56e0c3bfb2a7fea5821'}]
2026-05-15 00:10:06 - mkk_pika - database.py:215 - INFO - 第一次下载该漫画，记录数据库中
2026-05-15 00:10:07 - mkk_pika - main.py:83 - INFO - 找到 34 张图片在:第1集
2026-05-15 00:10:09 - mkk_pika - main.py:112 - INFO - [episode:第1集       ] downloaded:    34, total:  34, progress:100%
2026-05-15 00:10:09 - mkk_pika - database.py:238 - INFO - 数据库更新已下载章节
2026-05-15 00:10:09 - mkk_pika - database.py:244 - INFO - 该漫画已下载章节如下
2026-05-15 00:10:09 - mkk_pika - database.py:245 - INFO - ['第1集']
2026-05-15 00:10:10 - mkk_pika - main.py:348 - INFO - ==================== 漫画信息 ====================
                                   漫画ID：5949e56e0c3bfb2a7fea5820
                                   标题：Hunter farm 2 (Monster Hunter)
                                   作者：青豆腐 (ねろましん)
                                   是否完结：否
                                   总页数：34
                                   分类：短篇
                                   章节数：1
                                   最后更新时间：2017-06-21T03:18:06.896Z
                                   =================================================
2026-05-15 00:10:10 - mkk_pika - database.py:101 - INFO - 保存成功：Hunter farm 2 (Monster Hunter)
2026-05-15 00:10:10 - mkk_pika - main.py:35 - INFO - 开始检查Artist Houtengeki (方天戟)是否存在未下载章节
2026-05-15 00:10:10 - mkk_pika - main.py:45 - INFO - 正在下载:[Artist Houtengeki (方天戟)]-[方天戟]-[['長篇', '全彩']]-[total_pages:719]
2026-05-15 00:10:10 - mkk_pika - main.py:49 - INFO - [{'_id': '5949e5acf82aae2a9c8f9ccf', 'title': '第1集', 'order': 1, 'updated_at': '2017-06-20T12:58:45.906Z', 'id': '5949e5acf82aae2a9c8f9ccf'}]
2026-05-15 00:10:10 - mkk_pika - database.py:215 - INFO - 第一次下载该漫画，记录数据库中
2026-05-15 00:10:15 - mkk_pika - main.py:83 - INFO - 找到 719 张图片在:第1集
2026-05-15 00:10:41 - mkk_pika - main.py:112 - INFO - [episode:第1集       ] downloaded:   719, total: 719, progress:100%
2026-05-15 00:10:41 - mkk_pika - database.py:238 - INFO - 数据库更新已下载章节
2026-05-15 00:10:41 - mkk_pika - database.py:244 - INFO - 该漫画已下载章节如下
2026-05-15 00:10:41 - mkk_pika - database.py:245 - INFO - ['第1集']
2026-05-15 00:10:43 - mkk_pika - main.py:348 - INFO - ==================== 漫画信息 ====================
                                   漫画ID：5949e5acf82aae2a9c8f9cce
                                   标题：Artist Houtengeki (方天戟)
                                   作者：方天戟
                                   是否完结：否
                                   总页数：719
                                   分类：長篇,全彩
                                   章节数：1
                                   最后更新时间：2017-06-21T03:19:08.614Z
                                   =================================================
2026-05-15 00:10:43 - mkk_pika - database.py:101 - INFO - 保存成功：Artist Houtengeki (方天戟)
2026-05-15 00:10:43 - mkk_pika - main.py:35 - INFO - 开始检查ごっこ (COMIC メガストア 2013年1月号)是否存在未下载章节
2026-05-15 00:10:43 - mkk_pika - main.py:45 - INFO - 正在下载:[ごっこ (COMIC メガストア 2013年1月号)]-[青豆腐 (ねろましん)]-[['短篇']]-[total_pages:24]
2026-05-15 00:10:43 - mkk_pika - main.py:49 - INFO - [{'_id': '5949e60d0a178831e4ddaeb6', 'title': '第1集', 'order': 1, 'updated_at': '2017-06-15T18:18:25.261Z', 'id': '5949e60d0a178831e4ddaeb6'}]
2026-05-15 00:10:43 - mkk_pika - database.py:215 - INFO - 第一次下载该漫画，记录数据库中
2026-05-15 00:10:43 - mkk_pika - main.py:83 - INFO - 找到 24 张图片在:第1集
2026-05-15 00:10:46 - mkk_pika - main.py:112 - INFO - [episode:第1集       ] downloaded:    24, total:  24, progress:100%
2026-05-15 00:10:46 - mkk_pika - database.py:238 - INFO - 数据库更新已下载章节
2026-05-15 00:10:46 - mkk_pika - database.py:244 - INFO - 该漫画已下载章节如下
2026-05-15 00:10:46 - mkk_pika - database.py:245 - INFO - ['第1集']
2026-05-15 00:10:47 - mkk_pika - main.py:348 - INFO - ==================== 漫画信息 ====================
                                   漫画ID：5949e60d0a178831e4ddaeb5
                                   标题：ごっこ (COMIC メガストア 2013年1月号)
                                   作者：青豆腐 (ねろましん)
                                   是否完结：否
                                   总页数：24
                                   分类：短篇
                                   章节数：1
                                   最后更新时间：2017-06-21T03:20:45.720Z
                                   =================================================
2026-05-15 00:10:47 - mkk_pika - database.py:101 - INFO - 保存成功：ごっこ (COMIC メガストア 2013年1月号)
2026-05-15 00:10:47 - mkk_pika - main.py:35 - INFO - 开始检查someoneeros (WORKING!!)是否存在未下载章节
2026-05-15 00:10:47 - mkk_pika - main.py:45 - INFO - 正在下载:[someoneeros (WORKING!!)]-[青豆腐 (ねろましん)]-[['短篇']]-[total_pages:46]
2026-05-15 00:10:47 - mkk_pika - main.py:49 - INFO - [{'_id': '5949e6210c3bfb2a7fea59a5', 'title': '第1集', 'order': 1, 'updated_at': '2017-06-15T18:23:43.796Z', 'id': '5949e6210c3bfb2a7fea59a5'}]
2026-05-15 00:10:47 - mkk_pika - database.py:215 - INFO - 第一次下载该漫画，记录数据库中
2026-05-15 00:10:48 - mkk_pika - main.py:83 - INFO - 找到 46 张图片在:第1集
2026-05-15 00:10:50 - mkk_pika - main.py:112 - INFO - [episode:第1集       ] downloaded:    46, total:  46, progress:100%
2026-05-15 00:10:50 - mkk_pika - database.py:238 - INFO - 数据库更新已下载章节
2026-05-15 00:10:50 - mkk_pika - database.py:244 - INFO - 该漫画已下载章节如下
2026-05-15 00:10:50 - mkk_pika - database.py:245 - INFO - ['第1集']
2026-05-15 00:10:51 - mkk_pika - main.py:348 - INFO - ==================== 漫画信息 ====================
                                   漫画ID：5949e6210c3bfb2a7fea59a4
                                   标题：someoneeros (WORKING!!)
                                   作者：青豆腐 (ねろましん)
                                   是否完结：否
                                   总页数：46
                                   分类：短篇
                                   章节数：1
                                   最后更新时间：2017-06-21T03:21:05.813Z
                                   =================================================
2026-05-15 00:10:51 - mkk_pika - database.py:101 - INFO - 保存成功：someoneeros (WORKING!!)
2026-05-15 00:10:51 - mkk_pika - main.py:35 - INFO - 开始检查俺妹三重奏 (俺の妹がこんなに可愛いわけがない)是否存在未下载章节
2026-05-15 00:10:52 - mkk_pika - main.py:45 - INFO - 正在下载:[俺妹三重奏 (俺の妹がこんなに可愛いわけがない)]-[青豆腐 (ねろましん)]-[['短篇']]-[total_pages:34]
2026-05-15 00:10:52 - mkk_pika - main.py:49 - INFO - [{'_id': '5949e62e57dd262a6a889834', 'title': '第1集', 'order': 1, 'updated_at': '2017-06-15T18:28:19.255Z', 'id': '5949e62e57dd262a6a889834'}]
2026-05-15 00:10:52 - mkk_pika - database.py:215 - INFO - 第一次下载该漫画，记录数据库中
2026-05-15 00:10:52 - mkk_pika - main.py:83 - INFO - 找到 34 张图片在:第1集
2026-05-15 00:10:54 - mkk_pika - main.py:112 - INFO - [episode:第1集       ] downloaded:    34, total:  34, progress:100%
2026-05-15 00:10:54 - mkk_pika - database.py:238 - INFO - 数据库更新已下载章节
2026-05-15 00:10:54 - mkk_pika - database.py:244 - INFO - 该漫画已下载章节如下
2026-05-15 00:10:54 - mkk_pika - database.py:245 - INFO - ['第1集']
2026-05-15 00:10:55 - mkk_pika - main.py:348 - INFO - ==================== 漫画信息 ====================
                                   漫画ID：5949e62e57dd262a6a889833
                                   标题：俺妹三重奏 (俺の妹がこんなに可愛いわけがない)
                                   作者：青豆腐 (ねろましん)
                                   是否完结：否
                                   总页数：34
                                   分类：短篇
                                   章节数：1
                                   最后更新时间：2017-06-21T03:21:18.002Z
                                   =================================================
2026-05-15 00:10:55 - mkk_pika - database.py:101 - INFO - 保存成功：俺妹三重奏 (俺の妹がこんなに可愛いわけがない)
2026-05-15 00:10:55 - mkk_pika - main.py:35 - INFO - 开始检查2017.01.02.03.04月H散图集合是否存在未下载章节
2026-05-15 00:10:55 - mkk_pika - main.py:45 - INFO - 正在下载:[2017.01.02.03.04月H散图集合]-[NanoCore（纳米核心）]-[['全彩', '同人']]-[total_pages:82]
2026-05-15 00:10:55 - mkk_pika - main.py:49 - INFO - [{'_id': '5949e64846be1e2ab51604e5', 'title': '第1集', 'order': 1, 'updated_at': '2017-06-20T13:09:53.591Z', 'id': '5949e64846be1e2ab51604e5'}]
2026-05-15 00:10:55 - mkk_pika - database.py:215 - INFO - 第一次下载该漫画，记录数据库中
2026-05-15 00:10:56 - mkk_pika - main.py:83 - INFO - 找到 82 张图片在:第1集
2026-05-15 00:10:59 - mkk_pika - main.py:112 - INFO - [episode:第1集       ] downloaded:    82, total:  82, progress:100%
2026-05-15 00:10:59 - mkk_pika - database.py:238 - INFO - 数据库更新已下载章节
2026-05-15 00:10:59 - mkk_pika - database.py:244 - INFO - 该漫画已下载章节如下
2026-05-15 00:10:59 - mkk_pika - database.py:245 - INFO - ['第1集']
2026-05-15 00:11:00 - mkk_pika - main.py:348 - INFO - ==================== 漫画信息 ====================
                                   漫画ID：5949e64846be1e2ab51604e4
                                   标题：2017.01.02.03.04月H散图集合
                                   作者：NanoCore（纳米核心）
                                   是否完结：否
                                   总页数：82
                                   分类：全彩,同人
                                   章节数：1
                                   最后更新时间：2017-06-21T03:21:44.412Z
                                   =================================================
2026-05-15 00:11:00 - mkk_pika - database.py:101 - INFO - 保存成功：2017.01.02.03.04月H散图集合
2026-05-15 00:11:00 - mkk_pika - main.py:35 - INFO - 开始检查黒マグロの魔王さま! (はたらく魔王さま!)是否存在未下载章节
2026-05-15 00:11:01 - mkk_pika - main.py:45 - INFO - 正在下载:[黒マグロの魔王さま! (はたらく魔王さま!)]-[青豆腐 (ねろましん)]-[['短篇']]-[total_pages:35]
2026-05-15 00:11:01 - mkk_pika - main.py:49 - INFO - [{'_id': '5949e659a7820631d8d90ba3', 'title': '第1集', 'order': 1, 'updated_at': '2017-06-15T18:29:44.835Z', 'id': '5949e659a7820631d8d90ba3'}]
2026-05-15 00:11:01 - mkk_pika - database.py:215 - INFO - 第一次下载该漫画，记录数据库中
2026-05-15 00:11:01 - mkk_pika - main.py:83 - INFO - 找到 35 张图片在:第1集
2026-05-15 00:11:02 - mkk_pika - main.py:112 - INFO - [episode:第1集       ] downloaded:    35, total:  35, progress:100%
2026-05-15 00:11:02 - mkk_pika - database.py:238 - INFO - 数据库更新已下载章节
2026-05-15 00:11:02 - mkk_pika - database.py:244 - INFO - 该漫画已下载章节如下
2026-05-15 00:11:02 - mkk_pika - database.py:245 - INFO - ['第1集']
2026-05-15 00:11:04 - mkk_pika - main.py:348 - INFO - ==================== 漫画信息 ====================
                                   漫画ID：5949e659a7820631d8d90ba2
                                   标题：黒マグロの魔王さま! (はたらく魔王さま!)
                                   作者：青豆腐 (ねろましん)
                                   是否完结：否
                                   总页数：35
                                   分类：短篇
                                   章节数：1
                                   最后更新时间：2017-06-21T03:22:01.533Z
                                   =================================================
2026-05-15 00:11:04 - mkk_pika - database.py:101 - INFO - 保存成功：黒マグロの魔王さま! (はたらく魔王さま!)
2026-05-15 00:11:04 - mkk_pika - main.py:35 - INFO - 开始检查ママの孤軍奮闘記是否存在未下载章节
2026-05-15 00:11:04 - mkk_pika - main.py:45 - INFO - 正在下载:[ママの孤軍奮闘記]-[もんぷち]-[['短篇']]-[total_pages:16]
2026-05-15 00:11:04 - mkk_pika - main.py:49 - INFO - [{'_id': '5949e66546be1e2ab516053a', 'title': '第1集', 'order': 1, 'updated_at': '2017-06-14T19:23:42.919Z', 'id': '5949e66546be1e2ab516053a'}]
2026-05-15 00:11:04 - mkk_pika - database.py:215 - INFO - 第一次下载该漫画，记录数据库中
2026-05-15 00:11:04 - mkk_pika - main.py:83 - INFO - 找到 16 张图片在:第1集
2026-05-15 00:11:05 - mkk_pika - main.py:112 - INFO - [episode:第1集       ] downloaded:    16, total:  16, progress:100%
2026-05-15 00:11:05 - mkk_pika - database.py:238 - INFO - 数据库更新已下载章节
2026-05-15 00:11:05 - mkk_pika - database.py:244 - INFO - 该漫画已下载章节如下
2026-05-15 00:11:05 - mkk_pika - database.py:245 - INFO - ['第1集']
2026-05-15 00:11:06 - mkk_pika - main.py:348 - INFO - ==================== 漫画信息 ====================
                                   漫画ID：5949e66546be1e2ab5160539
                                   标题：ママの孤軍奮闘記
                                   作者：もんぷち
                                   是否完结：否
                                   总页数：16
                                   分类：短篇
                                   章节数：1
                                   最后更新时间：2017-06-21T03:22:13.210Z
                                   =================================================
2026-05-15 00:11:06 - mkk_pika - database.py:101 - INFO - 保存成功：ママの孤軍奮闘記
2026-05-15 00:11:06 - mkk_pika - main.py:35 - INFO - 开始检查Pixiv Artist - Pocari66是否存在未下载章节
2026-05-15 00:11:06 - mkk_pika - main.py:45 - INFO - 正在下载:[Pixiv Artist - Pocari66]-[Pocari66]-[['全彩', '同人']]-[total_pages:62]
2026-05-15 00:11:06 - mkk_pika - main.py:49 - INFO - [{'_id': '5949e68146be1e2ab516057a', 'title': '第1集', 'order': 1, 'updated_at': '2017-06-20T13:18:43.742Z', 'id': '5949e68146be1e2ab516057a'}]
2026-05-15 00:11:06 - mkk_pika - database.py:215 - INFO - 第一次下载该漫画，记录数据库中
2026-05-15 00:11:07 - mkk_pika - main.py:83 - INFO - 找到 62 张图片在:第1集
2026-05-15 00:11:09 - mkk_pika - main.py:112 - INFO - [episode:第1集       ] downloaded:    62, total:  62, progress:100%
2026-05-15 00:11:09 - mkk_pika - database.py:238 - INFO - 数据库更新已下载章节
2026-05-15 00:11:09 - mkk_pika - database.py:244 - INFO - 该漫画已下载章节如下
2026-05-15 00:11:09 - mkk_pika - database.py:245 - INFO - ['第1集']
2026-05-15 00:11:10 - mkk_pika - main.py:348 - INFO - ==================== 漫画信息 ====================
                                   漫画ID：5949e68146be1e2ab5160579
                                   标题：Pixiv Artist - Pocari66
                                   作者：Pocari66
                                   是否完结：否
                                   总页数：62
                                   分类：全彩,同人
                                   章节数：1
                                   最后更新时间：2017-06-21T03:22:41.900Z
                                   =================================================
2026-05-15 00:11:10 - mkk_pika - database.py:101 - INFO - 保存成功：Pixiv Artist - Pocari66
2026-05-15 00:11:10 - mkk_pika - main.py:35 - INFO - 开始检查寝撮られ妻~夫の知らない痴態~是否存在未下载章节
2026-05-15 00:11:11 - mkk_pika - main.py:45 - INFO - 正在下载:[寝撮られ妻~夫の知らない痴態~]-[龍河しん]-[['長篇', 'NTR']]-[total_pages:193]
2026-05-15 00:11:11 - mkk_pika - main.py:49 - INFO - [{'_id': '5949e76154335457c2783e01', 'title': '第1集', 'order': 1, 'updated_at': '2017-06-20T13:30:47.003Z', 'id': '5949e76154335457c2783e01'}]
2026-05-15 00:11:11 - mkk_pika - database.py:215 - INFO - 第一次下载该漫画，记录数据库中
2026-05-15 00:11:12 - mkk_pika - main.py:83 - INFO - 找到 193 张图片在:第1集
2026-05-15 00:11:20 - mkk_pika - main.py:112 - INFO - [episode:第1集       ] downloaded:   193, total: 193, progress:100%
2026-05-15 00:11:20 - mkk_pika - database.py:238 - INFO - 数据库更新已下载章节
2026-05-15 00:11:20 - mkk_pika - database.py:244 - INFO - 该漫画已下载章节如下
2026-05-15 00:11:20 - mkk_pika - database.py:245 - INFO - ['第1集']
2026-05-15 00:11:21 - mkk_pika - main.py:348 - INFO - ==================== 漫画信息 ====================
                                   漫画ID：5949e76154335457c2783e00
                                   标题：寝撮られ妻~夫の知らない痴態~
                                   作者：龍河しん
                                   是否完结：否
                                   总页数：193
                                   分类：長篇,NTR
                                   章节数：1
                                   最后更新时间：2017-06-21T03:26:25.193Z
                                   =================================================
2026-05-15 00:11:21 - mkk_pika - database.py:101 - INFO - 保存成功：寝撮られ妻~夫の知らない痴態~
2026-05-15 00:11:21 - mkk_pika - main.py:35 - INFO - 开始检查ハツジョウ日和是否存在未下载章节
2026-05-15 00:11:21 - mkk_pika - main.py:45 - INFO - 正在下载:[ハツジョウ日和]-[もんぷち]-[['短篇']]-[total_pages:4]
2026-05-15 00:11:21 - mkk_pika - main.py:49 - INFO - [{'_id': '5949e76af89bdf57f63fc7c8', 'title': '第1集', 'order': 1, 'updated_at': '2017-06-14T19:22:27.865Z', 'id': '5949e76af89bdf57f63fc7c8'}]
2026-05-15 00:11:21 - mkk_pika - database.py:215 - INFO - 第一次下载该漫画，记录数据库中
2026-05-15 00:11:22 - mkk_pika - main.py:83 - INFO - 找到 4 张图片在:第1集
2026-05-15 00:11:22 - mkk_pika - main.py:112 - INFO - [episode:第1集       ] downloaded:     4, total:   4, progress:100%
2026-05-15 00:11:22 - mkk_pika - database.py:238 - INFO - 数据库更新已下载章节
2026-05-15 00:11:22 - mkk_pika - database.py:244 - INFO - 该漫画已下载章节如下
2026-05-15 00:11:22 - mkk_pika - database.py:245 - INFO - ['第1集']
2026-05-15 00:11:23 - mkk_pika - main.py:348 - INFO - ==================== 漫画信息 ====================
                                   漫画ID：5949e76af89bdf57f63fc7c7
                                   标题：ハツジョウ日和
                                   作者：もんぷち
                                   是否完结：否
                                   总页数：4
                                   分类：短篇
                                   章节数：1
                                   最后更新时间：2017-06-21T03:26:34.573Z
                                   =================================================
2026-05-15 00:11:23 - mkk_pika - database.py:101 - INFO - 保存成功：ハツジョウ日和
2026-05-15 00:11:23 - mkk_pika - main.py:35 - INFO - 开始检查Wheel of Fortune (ハピネスチャージプリキュア！)是否存在未下载章节
2026-05-15 00:11:23 - mkk_pika - main.py:45 - INFO - 正在下载:[Wheel of Fortune (ハピネスチャージプリキュア！)]-[もんぷち]-[['短篇']]-[total_pages:27]
2026-05-15 00:11:23 - mkk_pika - main.py:49 - INFO - [{'_id': '5949e7750c3bfb2a7fea59d7', 'title': '第1集', 'order': 1, 'updated_at': '2017-06-14T19:24:03.461Z', 'id': '5949e7750c3bfb2a7fea59d7'}]
2026-05-15 00:11:23 - mkk_pika - database.py:215 - INFO - 第一次下载该漫画，记录数据库中
2026-05-15 00:11:24 - mkk_pika - main.py:83 - INFO - 找到 27 张图片在:第1集
2026-05-15 00:11:25 - mkk_pika - main.py:112 - INFO - [episode:第1集       ] downloaded:    27, total:  27, progress:100%
2026-05-15 00:11:25 - mkk_pika - database.py:238 - INFO - 数据库更新已下载章节
2026-05-15 00:11:25 - mkk_pika - database.py:244 - INFO - 该漫画已下载章节如下
2026-05-15 00:11:25 - mkk_pika - database.py:245 - INFO - ['第1集']
2026-05-15 00:11:26 - mkk_pika - main.py:348 - INFO - ==================== 漫画信息 ====================
                                   漫画ID：5949e7750c3bfb2a7fea59d6
                                   标题：Wheel of Fortune (ハピネスチャージプリキュア！)
                                   作者：もんぷち
                                   是否完结：否
                                   总页数：27
                                   分类：短篇
                                   章节数：1
                                   最后更新时间：2017-06-21T03:26:45.595Z
                                   =================================================
2026-05-15 00:11:26 - mkk_pika - database.py:101 - INFO - 保存成功：Wheel of Fortune (ハピネスチャージプリキュア！)
2026-05-15 00:11:26 - mkk_pika - main.py:35 - INFO - 开始检查Pixiv Artist - ふわり是否存在未下载章节
2026-05-15 00:11:26 - mkk_pika - main.py:45 - INFO - 正在下载:[Pixiv Artist - ふわり]-[ふわり]-[['全彩', '短篇', '同人']]-[total_pages:19]
2026-05-15 00:11:26 - mkk_pika - main.py:49 - INFO - [{'_id': '5949e7b7f89bdf57f63fc7cf', 'title': '第1集', 'order': 1, 'updated_at': '2017-06-21T01:24:59.516Z', 'id': '5949e7b7f89bdf57f63fc7cf'}]
2026-05-15 00:11:26 - mkk_pika - database.py:215 - INFO - 第一次下载该漫画，记录数据库中
2026-05-15 00:11:27 - mkk_pika - main.py:83 - INFO - 找到 19 张图片在:第1集
2026-05-15 00:11:27 - mkk_pika - main.py:112 - INFO - [episode:第1集       ] downloaded:    19, total:  19, progress:100%
2026-05-15 00:11:27 - mkk_pika - database.py:238 - INFO - 数据库更新已下载章节
2026-05-15 00:11:27 - mkk_pika - database.py:244 - INFO - 该漫画已下载章节如下
2026-05-15 00:11:27 - mkk_pika - database.py:245 - INFO - ['第1集']
2026-05-15 00:11:29 - mkk_pika - main.py:348 - INFO - ==================== 漫画信息 ====================
                                   漫画ID：5949e7b7f89bdf57f63fc7ce
                                   标题：Pixiv Artist - ふわり
                                   作者：ふわり
                                   是否完结：否
                                   总页数：19
                                   分类：全彩,短篇,同人
                                   章节数：1
                                   最后更新时间：2017-06-21T03:27:51.914Z
                                   =================================================
2026-05-15 00:11:29 - mkk_pika - database.py:101 - INFO - 保存成功：Pixiv Artist - ふわり
2026-05-15 00:11:29 - mkk_pika - main.py:380 - INFO - 本次任务下载完毕
2026-05-15 00:11:29 - mkk_pika - database.py:173 - INFO - 数据库连接已关闭
