2026-01-20 23:32:40 - mkk_pika - main.py:193 - INFO - =======================================================================
2026-01-20 23:32:40 - mkk_pika - database.py:61 - INFO - 表和索引初始化成功
2026-01-20 23:32:40 - mkk_pika - main.py:197 - INFO - 已经累计下载1297本漫画
2026-01-20 23:32:40 - mkk_pika - api.py:87 - INFO - 登录成功
2026-01-20 23:32:41 - mkk_pika - main.py:203 - INFO - 收藏夹共计1本漫画
2026-01-20 23:32:41 - mkk_pika - main.py:206 - INFO - 开始下载收藏夹内未下载内容
2026-01-20 23:32:41 - mkk_pika - main.py:35 - INFO - 开始检查[Artist] BBStaff（AI）是否存在未下载章节
2026-01-20 23:32:41 - mkk_pika - database.py:203 - INFO - 查询数据库中是否已存在伊蕾娜
2026-01-20 23:32:41 - mkk_pika - database.py:203 - INFO - 查询数据库中是否已存在金色暗影
2026-01-20 23:32:41 - mkk_pika - database.py:203 - INFO - 查询数据库中是否已存在惠惠
2026-01-20 23:32:41 - mkk_pika - database.py:203 - INFO - 查询数据库中是否已存在结城美柑
2026-01-20 23:32:41 - mkk_pika - database.py:203 - INFO - 查询数据库中是否已存在贝尔泽古·斯黛莉休·索德·爱丽丝
2026-01-20 23:32:41 - mkk_pika - database.py:203 - INFO - 查询数据库中是否已存在板柳有栖
2026-01-20 23:32:41 - mkk_pika - database.py:203 - INFO - 查询数据库中是否已存在尤菲莉亚·玛泽塔
2026-01-20 23:32:41 - mkk_pika - database.py:203 - INFO - 查询数据库中是否已存在椎名日和
2026-01-20 23:32:41 - mkk_pika - database.py:203 - INFO - 查询数据库中是否已存在高町奈叶
2026-01-20 23:32:41 - mkk_pika - database.py:203 - INFO - 查询数据库中是否已存在星野瑠美衣
2026-01-20 23:32:41 - mkk_pika - database.py:203 - INFO - 查询数据库中是否已存在小柳香穗
2026-01-20 23:32:41 - mkk_pika - database.py:203 - INFO - 查询数据库中是否已存在甘织玲奈子
2026-01-20 23:32:41 - mkk_pika - database.py:203 - INFO - 查询数据库中是否已存在伊地知虹夏
2026-01-20 23:32:41 - mkk_pika - database.py:203 - INFO - 查询数据库中是否已存在芙兰达·塞维伦
2026-01-20 23:32:41 - mkk_pika - database.py:203 - INFO - 查询数据库中是否已存在小美浪爱澄
2026-01-20 23:32:41 - mkk_pika - database.py:203 - INFO - 查询数据库中是否已存在有马加奈
2026-01-20 23:32:41 - mkk_pika - database.py:203 - INFO - 查询数据库中是否已存在白银圭
2026-01-20 23:32:41 - mkk_pika - database.py:203 - INFO - 查询数据库中是否已存在鹿目圆香
2026-01-20 23:32:41 - mkk_pika - database.py:203 - INFO - 查询数据库中是否已存在莉赛萝黛·库雷提雅
2026-01-20 23:32:41 - mkk_pika - database.py:203 - INFO - 查询数据库中是否已存在空银子
2026-01-20 23:32:41 - mkk_pika - database.py:203 - INFO - 查询数据库中是否已存在谷地仁花
2026-01-20 23:32:41 - mkk_pika - main.py:51 - INFO - [Artist] BBStaff（AI）中没有可下载章节
2026-01-20 23:32:41 - mkk_pika - main.py:224 - INFO - ==================== 漫画信息 ====================
                漫画ID：687a1b80ecd86823a404aa48
                标题：[Artist] BBStaff（AI）
                作者：BBStaff
                是否完结：否
                总页数：4149
                分类：全彩,同人,CG雜圖
                章节数：21
                最后更新时间：2026-01-05T15:24:08.585Z
                =================================================
2026-01-20 23:32:41 - mkk_pika - database.py:101 - INFO - 保存成功：[Artist] BBStaff（AI）
2026-01-20 23:32:41 - mkk_pika - util.py:164 - INFO - 目标时间（UTC）：2026-01-05 15:24:08.585000+00:00
2026-01-20 23:32:41 - mkk_pika - util.py:165 - INFO - 当前UTC时间：2026-01-20 23:32:41.750542+00:00
2026-01-20 23:32:41 - mkk_pika - util.py:167 - INFO - 相差：15 天 8 小时 8 分钟
2026-01-20 23:32:41 - mkk_pika - main.py:266 - INFO - 收藏夹内容下载完毕
2026-01-20 23:32:41 - mkk_pika - main.py:268 - INFO - 开始下载订阅内容
2026-01-20 23:32:41 - mkk_pika - database.py:258 - INFO - 根据ID查询到标题：萝莉 -> ロリコン先生が他の生徒に手を出さないように何でも言うことを聞いてくれる幼女シュン&ルミの本 | 为防止萝莉控老师对其他学生肆意伸出魔爪 愿意对老师言听计从的幼女瞬与瑠美的本子
2026-01-20 23:32:42 - mkk_pika - database.py:101 - INFO - 保存成功：ロリコン先生が他の生徒に手を出さないように何でも言うことを聞いてくれる幼女シュン&ルミの本 | 为防止萝莉控老师对其他学生肆意伸出魔爪 愿意对老师言听计从的幼女瞬与瑠美的本子
2026-01-20 23:32:42 - mkk_pika - main.py:273 - INFO - 关键词萝莉找到1本漫画
2026-01-20 23:32:42 - mkk_pika - database.py:258 - INFO - 根据ID查询到标题：蘿莉 -> デートのあとはらぶらぶえっちなんですけどっ! | 约会过后就该轮到甜甜蜜蜜的爱爱了!
2026-01-20 23:32:43 - mkk_pika - database.py:101 - INFO - 保存成功：悪い子との不器用でえっちな共同生活
2026-01-20 23:32:43 - mkk_pika - main.py:273 - INFO - 关键词蘿莉找到1本漫画
2026-01-20 23:32:43 - mkk_pika - main.py:275 - INFO - 订阅内容共计2本漫画
2026-01-20 23:32:43 - mkk_pika - main.py:35 - INFO - 开始检查[习呆呆] 萝莉·麦丘利是否存在未下载章节
2026-01-20 23:32:43 - mkk_pika - database.py:203 - INFO - 查询数据库中是否已存在第1話
2026-01-20 23:32:43 - mkk_pika - main.py:51 - INFO - [习呆呆] 萝莉·麦丘利中没有可下载章节
2026-01-20 23:32:43 - mkk_pika - main.py:292 - INFO - ==================== 漫画信息 ====================
                                漫画ID：696a658e95468316167bd237
                                标题：[习呆呆] 萝莉·麦丘利
                                作者：習呆呆
                                是否完结：否
                                总页数：29
                                分类：Cosplay
                                章节数：1
                                最后更新时间：2026-01-16T16:21:34.610Z
                                =================================================
2026-01-20 23:32:43 - mkk_pika - database.py:101 - INFO - 保存成功：[习呆呆] 萝莉·麦丘利
2026-01-20 23:32:43 - mkk_pika - main.py:35 - INFO - 开始检查悪い子との不器用でえっちな共同生活是否存在未下载章节
2026-01-20 23:32:43 - mkk_pika - main.py:45 - INFO - 正在下载:[悪い子との不器用でえっちな共同生活]-[ミルクセーキ工房 (ミルクセーキ)]-[['短篇', '全彩']]-[total_pages:-1]
2026-01-20 23:32:43 - mkk_pika - main.py:49 - INFO - [{'_id': '696fb6ee0fa01f6d6822c10c', 'title': '第1話', 'order': 1, 'updated_at': '2026-01-19T15:49:52.689Z', 'id': '696fb6ee0fa01f6d6822c10c'}]
2026-01-20 23:32:43 - mkk_pika - database.py:215 - INFO - 第一次下载该漫画，记录数据库中
2026-01-20 23:32:44 - mkk_pika - main.py:83 - INFO - 找到 40 张图片在:第1話
2026-01-20 23:32:46 - mkk_pika - main.py:112 - INFO - [episode:第1話       ] downloaded:    40, total:  40, progress:100%
2026-01-20 23:32:46 - mkk_pika - database.py:238 - INFO - 数据库更新已下载章节
2026-01-20 23:32:46 - mkk_pika - database.py:244 - INFO - 该漫画已下载章节如下
2026-01-20 23:32:46 - mkk_pika - database.py:245 - INFO - ['第1話']
2026-01-20 23:32:47 - mkk_pika - main.py:292 - INFO - ==================== 漫画信息 ====================
                                漫画ID：696fb6ee0fa01f6d6822c10b
                                标题：悪い子との不器用でえっちな共同生活
                                作者：ミルクセーキ工房 (ミルクセーキ)
                                是否完结：是
                                总页数：40
                                分类：短篇,全彩
                                章节数：1
                                最后更新时间：2026-01-20T17:10:06.155Z
                                =================================================
2026-01-20 23:32:47 - mkk_pika - database.py:101 - INFO - 保存成功：悪い子との不器用でえっちな共同生活
2026-01-20 23:32:47 - mkk_pika - main.py:323 - INFO - 订阅内容内容下载完毕
2026-01-20 23:32:47 - mkk_pika - main.py:324 - INFO - 开始分批下载全部章节
2026-01-20 23:32:47 - mkk_pika - database.py:280 - INFO - 表和索引初始化成功
2026-01-20 23:32:48 - mkk_pika - main.py:177 - INFO - 已经下载了59页，一共6692页，现在开始添加第60页
2026-01-20 23:32:48 - mkk_pika - database.py:318 - INFO - 保存成功
2026-01-20 23:32:49 - mkk_pika - main.py:177 - INFO - 已经下载了60页，一共6692页，现在开始添加第61页
2026-01-20 23:32:49 - mkk_pika - database.py:318 - INFO - 保存成功
2026-01-20 23:32:49 - mkk_pika - main.py:331 - INFO - 分批下载共计38本漫画
2026-01-20 23:32:49 - mkk_pika - main.py:35 - INFO - 开始检查日本の夏。うまるの夏。 (干物妹!うまるちゃん)是否存在未下载章节
2026-01-20 23:32:50 - mkk_pika - main.py:45 - INFO - 正在下载:[日本の夏。うまるの夏。 (干物妹!うまるちゃん)]-[Bloody Okojo (芥川まんぼう)]-[['同人', '短篇', '妹妹系']]-[total_pages:22]
2026-01-20 23:32:50 - mkk_pika - main.py:49 - INFO - [{'_id': '58218cc15f6b9a4f93e13f83', 'title': '第1集', 'order': 1, 'updated_at': '2016-11-08T08:28:49.963Z', 'id': '58218cc15f6b9a4f93e13f83'}]
2026-01-20 23:32:50 - mkk_pika - database.py:215 - INFO - 第一次下载该漫画，记录数据库中
2026-01-20 23:32:50 - mkk_pika - main.py:83 - INFO - 找到 22 张图片在:第1集
2026-01-20 23:32:51 - mkk_pika - main.py:112 - INFO - [episode:第1集       ] downloaded:    22, total:  22, progress:100%
2026-01-20 23:32:51 - mkk_pika - database.py:238 - INFO - 数据库更新已下载章节
2026-01-20 23:32:51 - mkk_pika - database.py:244 - INFO - 该漫画已下载章节如下
2026-01-20 23:32:51 - mkk_pika - database.py:245 - INFO - ['第1集']
2026-01-20 23:32:53 - mkk_pika - main.py:348 - INFO - ==================== 漫画信息 ====================
                                   漫画ID：58218cc15f6b9a4f93e13f81
                                   标题：日本の夏。うまるの夏。 (干物妹!うまるちゃん)
                                   作者：Bloody Okojo (芥川まんぼう)
                                   是否完结：是
                                   总页数：22
                                   分类：同人,短篇,妹妹系
                                   章节数：1
                                   最后更新时间：2008-05-14T12:47:23.000Z
                                   =================================================
2026-01-20 23:32:53 - mkk_pika - database.py:101 - INFO - 保存成功：日本の夏。うまるの夏。 (干物妹!うまるちゃん)
2026-01-20 23:32:53 - mkk_pika - main.py:35 - INFO - 开始检查れいたま (響け!ユーフォニアム)是否存在未下载章节
2026-01-20 23:32:53 - mkk_pika - main.py:45 - INFO - 正在下载:[れいたま (響け!ユーフォニアム)]-[真珠貝 (武田弘光)]-[['同人', 'NTR', '長篇']]-[total_pages:68]
2026-01-20 23:32:53 - mkk_pika - main.py:49 - INFO - [{'_id': '5f9591228a3aa81cf863f0fe', 'title': '第1話', 'order': 1, 'updated_at': '2020-10-25T07:27:31.578Z', 'id': '5f9591228a3aa81cf863f0fe'}]
2026-01-20 23:32:53 - mkk_pika - database.py:215 - INFO - 第一次下载该漫画，记录数据库中
2026-01-20 23:32:54 - mkk_pika - main.py:83 - INFO - 找到 68 张图片在:第1話
2026-01-20 23:32:57 - mkk_pika - main.py:112 - INFO - [episode:第1話       ] downloaded:    68, total:  68, progress:100%
2026-01-20 23:32:57 - mkk_pika - database.py:238 - INFO - 数据库更新已下载章节
2026-01-20 23:32:57 - mkk_pika - database.py:244 - INFO - 该漫画已下载章节如下
2026-01-20 23:32:57 - mkk_pika - database.py:245 - INFO - ['第1話']
2026-01-20 23:32:58 - mkk_pika - main.py:348 - INFO - ==================== 漫画信息 ====================
                                   漫画ID：58218cc25f6b9a4f93e13fb1
                                   标题：れいたま (響け!ユーフォニアム)
                                   作者：真珠貝 (武田弘光)
                                   是否完结：是
                                   总页数：68
                                   分类：同人,NTR,長篇
                                   章节数：1
                                   最后更新时间：2008-05-14T22:47:23.000Z
                                   =================================================
2026-01-20 23:32:58 - mkk_pika - database.py:101 - INFO - 保存成功：れいたま (響け!ユーフォニアム)
2026-01-20 23:32:58 - mkk_pika - main.py:35 - INFO - 开始检查少女交際是否存在未下载章节
2026-01-20 23:32:58 - mkk_pika - main.py:45 - INFO - 正在下载:[少女交際]-[ねんど。]-[['同人', '長篇', '妹妹系', '純愛']]-[total_pages:176]
2026-01-20 23:32:58 - mkk_pika - main.py:49 - INFO - [{'_id': '58218cc35f6b9a4f93e1403b', 'title': '第1集', 'order': 1, 'updated_at': '2016-11-08T08:28:51.306Z', 'id': '58218cc35f6b9a4f93e1403b'}]
2026-01-20 23:32:58 - mkk_pika - database.py:215 - INFO - 第一次下载该漫画，记录数据库中
2026-01-20 23:33:00 - mkk_pika - main.py:83 - INFO - 找到 176 张图片在:第1集
2026-01-20 23:33:07 - mkk_pika - main.py:112 - INFO - [episode:第1集       ] downloaded:   176, total: 176, progress:100%
2026-01-20 23:33:07 - mkk_pika - database.py:238 - INFO - 数据库更新已下载章节
2026-01-20 23:33:07 - mkk_pika - database.py:244 - INFO - 该漫画已下载章节如下
2026-01-20 23:33:07 - mkk_pika - database.py:245 - INFO - ['第1集']
2026-01-20 23:33:08 - mkk_pika - main.py:348 - INFO - ==================== 漫画信息 ====================
                                   漫画ID：58218cc25f6b9a4f93e14039
                                   标题：少女交際
                                   作者：ねんど。
                                   是否完结：是
                                   总页数：176
                                   分类：同人,長篇,妹妹系,純愛
                                   章节数：1
                                   最后更新时间：2008-05-15T08:47:23.000Z
                                   =================================================
2026-01-20 23:33:08 - mkk_pika - database.py:101 - INFO - 保存成功：少女交際
2026-01-20 23:33:08 - mkk_pika - main.py:35 - INFO - 开始检查HI-COLOR～極彩エロス～是否存在未下载章节
2026-01-20 23:33:08 - mkk_pika - main.py:45 - INFO - 正在下载:[HI-COLOR～極彩エロス～]-[はやぶさ真吾]-[['同人', '長篇']]-[total_pages:174]
2026-01-20 23:33:08 - mkk_pika - main.py:49 - INFO - [{'_id': '58218cc45f6b9a4f93e1419f', 'title': '第1集', 'order': 1, 'updated_at': '2016-11-08T08:28:52.656Z', 'id': '58218cc45f6b9a4f93e1419f'}]
2026-01-20 23:33:08 - mkk_pika - database.py:215 - INFO - 第一次下载该漫画，记录数据库中
2026-01-20 23:33:10 - mkk_pika - main.py:83 - INFO - 找到 174 张图片在:第1集
2026-01-20 23:33:16 - mkk_pika - main.py:112 - INFO - [episode:第1集       ] downloaded:   174, total: 174, progress:100%
2026-01-20 23:33:16 - mkk_pika - database.py:238 - INFO - 数据库更新已下载章节
2026-01-20 23:33:16 - mkk_pika - database.py:244 - INFO - 该漫画已下载章节如下
2026-01-20 23:33:16 - mkk_pika - database.py:245 - INFO - ['第1集']
2026-01-20 23:33:18 - mkk_pika - main.py:348 - INFO - ==================== 漫画信息 ====================
                                   漫画ID：58218cc45f6b9a4f93e1419d
                                   标题：HI-COLOR～極彩エロス～
                                   作者：はやぶさ真吾
                                   是否完结：是
                                   总页数：174
                                   分类：同人,長篇
                                   章节数：1
                                   最后更新时间：2008-05-15T18:47:23.000Z
                                   =================================================
2026-01-20 23:33:18 - mkk_pika - database.py:101 - INFO - 保存成功：HI-COLOR～極彩エロス～
2026-01-20 23:33:18 - mkk_pika - main.py:35 - INFO - 开始检查黒箔BLACK Rubbers是否存在未下载章节
2026-01-20 23:33:18 - mkk_pika - main.py:45 - INFO - 正在下载:[黒箔BLACK Rubbers]-[桂井よしあき]-[['長篇', '後宮閃光', 'NTR']]-[total_pages:212]
2026-01-20 23:33:18 - mkk_pika - main.py:49 - INFO - [{'_id': '58218cc55f6b9a4f93e142ff', 'title': '第1集', 'order': 1, 'updated_at': '2016-11-08T08:28:53.967Z', 'id': '58218cc55f6b9a4f93e142ff'}]
2026-01-20 23:33:18 - mkk_pika - database.py:215 - INFO - 第一次下载该漫画，记录数据库中
2026-01-20 23:33:20 - mkk_pika - main.py:83 - INFO - 找到 212 张图片在:第1集
2026-01-20 23:33:27 - mkk_pika - main.py:112 - INFO - [episode:第1集       ] downloaded:   212, total: 212, progress:100%
2026-01-20 23:33:27 - mkk_pika - database.py:238 - INFO - 数据库更新已下载章节
2026-01-20 23:33:27 - mkk_pika - database.py:244 - INFO - 该漫画已下载章节如下
2026-01-20 23:33:27 - mkk_pika - database.py:245 - INFO - ['第1集']
2026-01-20 23:33:29 - mkk_pika - main.py:348 - INFO - ==================== 漫画信息 ====================
                                   漫画ID：58218cc55f6b9a4f93e142fd
                                   标题：黒箔BLACK Rubbers
                                   作者：桂井よしあき
                                   是否完结：是
                                   总页数：212
                                   分类：長篇,後宮閃光,NTR
                                   章节数：1
                                   最后更新时间：2008-05-16T04:47:23.000Z
                                   =================================================
2026-01-20 23:33:29 - mkk_pika - database.py:101 - INFO - 保存成功：黒箔BLACK Rubbers
2026-01-20 23:33:29 - mkk_pika - main.py:35 - INFO - 开始检查elves (羅德斯島戰記)是否存在未下载章节
2026-01-20 23:33:29 - mkk_pika - main.py:45 - INFO - 正在下载:[elves (羅德斯島戰記)]-[70年式悠久機関 (袁藤沖人)]-[['同人', '短篇', '全彩', '後宮閃光', '非人類', '姐姐系']]-[total_pages:47]
2026-01-20 23:33:29 - mkk_pika - main.py:49 - INFO - [{'_id': '5f8719f44bd40d70d9b06f15', 'title': '第1話', 'order': 1, 'updated_at': '2020-10-14T14:11:59.868Z', 'id': '5f8719f44bd40d70d9b06f15'}]
2026-01-20 23:33:29 - mkk_pika - database.py:215 - INFO - 第一次下载该漫画，记录数据库中
2026-01-20 23:33:30 - mkk_pika - main.py:83 - INFO - 找到 47 张图片在:第1話
2026-01-20 23:33:32 - mkk_pika - main.py:112 - INFO - [episode:第1話       ] downloaded:    47, total:  47, progress:100%
2026-01-20 23:33:32 - mkk_pika - database.py:238 - INFO - 数据库更新已下载章节
2026-01-20 23:33:32 - mkk_pika - database.py:244 - INFO - 该漫画已下载章节如下
2026-01-20 23:33:32 - mkk_pika - database.py:245 - INFO - ['第1話']
2026-01-20 23:33:33 - mkk_pika - main.py:348 - INFO - ==================== 漫画信息 ====================
                                   漫画ID：58218cc65f6b9a4f93e144a9
                                   标题：elves (羅德斯島戰記)
                                   作者：70年式悠久機関 (袁藤沖人)
                                   是否完结：是
                                   总页数：47
                                   分类：同人,短篇,全彩,後宮閃光,非人類,姐姐系
                                   章节数：1
                                   最后更新时间：2008-05-16T14:47:23.000Z
                                   =================================================
2026-01-20 23:33:33 - mkk_pika - database.py:101 - INFO - 保存成功：elves (羅德斯島戰記)
2026-01-20 23:33:33 - mkk_pika - main.py:35 - INFO - 开始检查狂蝶之舞是否存在未下载章节
2026-01-20 23:33:34 - mkk_pika - main.py:45 - INFO - 正在下载:[狂蝶之舞]-[Heavy Bunny Addiction(Usagi Nagomu)]-[['短篇', '扶他樂園']]-[total_pages:26]
2026-01-20 23:33:34 - mkk_pika - main.py:49 - INFO - [{'_id': '58218cc75f6b9a4f93e14507', 'title': '第1集', 'order': 1, 'updated_at': '2016-11-08T08:28:55.620Z', 'id': '58218cc75f6b9a4f93e14507'}]
2026-01-20 23:33:34 - mkk_pika - database.py:215 - INFO - 第一次下载该漫画，记录数据库中
2026-01-20 23:33:34 - mkk_pika - main.py:83 - INFO - 找到 26 张图片在:第1集
2026-01-20 23:33:35 - mkk_pika - main.py:112 - INFO - [episode:第1集       ] downloaded:    26, total:  26, progress:100%
2026-01-20 23:33:35 - mkk_pika - database.py:238 - INFO - 数据库更新已下载章节
2026-01-20 23:33:35 - mkk_pika - database.py:244 - INFO - 该漫画已下载章节如下
2026-01-20 23:33:35 - mkk_pika - database.py:245 - INFO - ['第1集']
2026-01-20 23:33:36 - mkk_pika - main.py:348 - INFO - ==================== 漫画信息 ====================
                                   漫画ID：58218cc75f6b9a4f93e14505
                                   标题：狂蝶之舞
                                   作者：Heavy Bunny Addiction(Usagi Nagomu)
                                   是否完结：是
                                   总页数：26
                                   分类：短篇,扶他樂園
                                   章节数：1
                                   最后更新时间：2008-05-17T00:47:23.000Z
                                   =================================================
2026-01-20 23:33:36 - mkk_pika - database.py:101 - INFO - 保存成功：狂蝶之舞
2026-01-20 23:33:36 - mkk_pika - main.py:35 - INFO - 开始检查sleeping beauties是否存在未下载章节
2026-01-20 23:33:37 - mkk_pika - main.py:45 - INFO - 正在下载:[sleeping beauties]-[Fatalpulse (朝凪)]-[['同人', '短篇', 'NTR', '強暴', 'SAO 刀劍神域']]-[total_pages:22]
2026-01-20 23:33:37 - mkk_pika - main.py:49 - INFO - [{'_id': '58218ccd5f6b9a4f93e14a9b', 'title': '第1集', 'order': 1, 'updated_at': '2016-11-08T08:29:01.141Z', 'id': '58218ccd5f6b9a4f93e14a9b'}]
2026-01-20 23:33:37 - mkk_pika - database.py:215 - INFO - 第一次下载该漫画，记录数据库中
2026-01-20 23:33:37 - mkk_pika - main.py:83 - INFO - 找到 22 张图片在:第1集
2026-01-20 23:33:38 - mkk_pika - main.py:112 - INFO - [episode:第1集       ] downloaded:    22, total:  22, progress:100%
2026-01-20 23:33:38 - mkk_pika - database.py:238 - INFO - 数据库更新已下载章节
2026-01-20 23:33:38 - mkk_pika - database.py:244 - INFO - 该漫画已下载章节如下
2026-01-20 23:33:38 - mkk_pika - database.py:245 - INFO - ['第1集']
2026-01-20 23:33:40 - mkk_pika - main.py:348 - INFO - ==================== 漫画信息 ====================
                                   漫画ID：58218ccc5f6b9a4f93e14a99
                                   标题：sleeping beauties
                                   作者：Fatalpulse (朝凪)
                                   是否完结：是
                                   总页数：22
                                   分类：同人,短篇,NTR,強暴,SAO 刀劍神域
                                   章节数：1
                                   最后更新时间：2008-05-19T12:47:23.000Z
                                   =================================================
2026-01-20 23:33:40 - mkk_pika - database.py:101 - INFO - 保存成功：sleeping beauties
2026-01-20 23:33:40 - mkk_pika - main.py:35 - INFO - 开始检查忍野忍大量中出し是否存在未下载章节
2026-01-20 23:33:40 - mkk_pika - main.py:45 - INFO - 正在下载:[忍野忍大量中出し]-[AS109]-[['同人', '短篇', '全彩']]-[total_pages:13]
2026-01-20 23:33:40 - mkk_pika - main.py:49 - INFO - [{'_id': '58218cce5f6b9a4f93e14b13', 'title': '第1集', 'order': 1, 'updated_at': '2016-11-08T08:29:02.278Z', 'id': '58218cce5f6b9a4f93e14b13'}]
2026-01-20 23:33:40 - mkk_pika - database.py:215 - INFO - 第一次下载该漫画，记录数据库中
2026-01-20 23:33:41 - mkk_pika - main.py:83 - INFO - 找到 13 张图片在:第1集
2026-01-20 23:33:41 - mkk_pika - main.py:112 - INFO - [episode:第1集       ] downloaded:    13, total:  13, progress:100%
2026-01-20 23:33:41 - mkk_pika - database.py:238 - INFO - 数据库更新已下载章节
2026-01-20 23:33:41 - mkk_pika - database.py:244 - INFO - 该漫画已下载章节如下
2026-01-20 23:33:41 - mkk_pika - database.py:245 - INFO - ['第1集']
2026-01-20 23:33:42 - mkk_pika - main.py:348 - INFO - ==================== 漫画信息 ====================
                                   漫画ID：58218ccd5f6b9a4f93e14b11
                                   标题：忍野忍大量中出し
                                   作者：AS109
                                   是否完结：是
                                   总页数：13
                                   分类：同人,短篇,全彩
                                   章节数：1
                                   最后更新时间：2008-05-20T08:47:23.000Z
                                   =================================================
2026-01-20 23:33:42 - mkk_pika - database.py:101 - INFO - 保存成功：忍野忍大量中出し
2026-01-20 23:33:42 - mkk_pika - main.py:35 - INFO - 开始检查星宮ケイト是否存在未下载章节
2026-01-20 23:33:43 - mkk_pika - main.py:45 - INFO - 正在下载:[星宮ケイト]-[AS109]-[['同人', '短篇', '全彩', '強暴']]-[total_pages:21]
2026-01-20 23:33:43 - mkk_pika - main.py:49 - INFO - [{'_id': '58218cce5f6b9a4f93e14b31', 'title': '第1集', 'order': 1, 'updated_at': '2016-11-08T08:29:02.656Z', 'id': '58218cce5f6b9a4f93e14b31'}]
2026-01-20 23:33:43 - mkk_pika - database.py:215 - INFO - 第一次下载该漫画，记录数据库中
2026-01-20 23:33:44 - mkk_pika - main.py:83 - INFO - 找到 21 张图片在:第1集
2026-01-20 23:33:45 - mkk_pika - main.py:112 - INFO - [episode:第1集       ] downloaded:    21, total:  21, progress:100%
2026-01-20 23:33:45 - mkk_pika - database.py:238 - INFO - 数据库更新已下载章节
2026-01-20 23:33:45 - mkk_pika - database.py:244 - INFO - 该漫画已下载章节如下
2026-01-20 23:33:45 - mkk_pika - database.py:245 - INFO - ['第1集']
2026-01-20 23:33:46 - mkk_pika - main.py:348 - INFO - ==================== 漫画信息 ====================
                                   漫画ID：58218cce5f6b9a4f93e14b2f
                                   标题：星宮ケイト
                                   作者：AS109
                                   是否完结：是
                                   总页数：21
                                   分类：同人,短篇,全彩,強暴
                                   章节数：1
                                   最后更新时间：2008-05-20T18:47:23.000Z
                                   =================================================
2026-01-20 23:33:46 - mkk_pika - database.py:101 - INFO - 保存成功：星宮ケイト
2026-01-20 23:33:46 - mkk_pika - main.py:35 - INFO - 开始检查ママコン！是否存在未下载章节
2026-01-20 23:33:47 - mkk_pika - main.py:45 - INFO - 正在下载:[ママコン！]-[ケミガワ]-[['人妻', '短篇']]-[total_pages:32]
2026-01-20 23:33:47 - mkk_pika - main.py:49 - INFO - [{'_id': '58218cd05f6b9a4f93e14c3d', 'title': '第1集', 'order': 1, 'updated_at': '2016-11-08T08:29:04.738Z', 'id': '58218cd05f6b9a4f93e14c3d'}]
2026-01-20 23:33:47 - mkk_pika - database.py:215 - INFO - 第一次下载该漫画，记录数据库中
2026-01-20 23:33:47 - mkk_pika - main.py:83 - INFO - 找到 32 张图片在:第1集
2026-01-20 23:33:48 - mkk_pika - main.py:112 - INFO - [episode:第1集       ] downloaded:    32, total:  32, progress:100%
2026-01-20 23:33:48 - mkk_pika - database.py:238 - INFO - 数据库更新已下载章节
2026-01-20 23:33:48 - mkk_pika - database.py:244 - INFO - 该漫画已下载章节如下
2026-01-20 23:33:48 - mkk_pika - database.py:245 - INFO - ['第1集']
2026-01-20 23:33:50 - mkk_pika - main.py:348 - INFO - ==================== 漫画信息 ====================
                                   漫画ID：58218cd05f6b9a4f93e14c3b
                                   标题：ママコン！
                                   作者：ケミガワ
                                   是否完结：是
                                   总页数：32
                                   分类：人妻,短篇
                                   章节数：1
                                   最后更新时间：2008-05-22T20:47:23.000Z
                                   =================================================
2026-01-20 23:33:50 - mkk_pika - database.py:101 - INFO - 保存成功：ママコン！
2026-01-20 23:33:50 - mkk_pika - main.py:35 - INFO - 开始检查コイナカ (歌之王子殿下♪)是否存在未下载章节
2026-01-20 23:33:50 - mkk_pika - main.py:45 - INFO - 正在下载:[コイナカ (歌之王子殿下♪)]-[CELICA (セリカ)]-[['同人', '短篇', '後宮閃光']]-[total_pages:32]
2026-01-20 23:33:50 - mkk_pika - main.py:49 - INFO - [{'_id': '5f6a191256bfd325d5584253', 'title': '第1話', 'order': 1, 'updated_at': '2020-09-22T15:08:03.189Z', 'id': '5f6a191256bfd325d5584253'}]
2026-01-20 23:33:50 - mkk_pika - database.py:215 - INFO - 第一次下载该漫画，记录数据库中
2026-01-20 23:33:51 - mkk_pika - main.py:83 - INFO - 找到 32 张图片在:第1話
2026-01-20 23:33:52 - mkk_pika - main.py:112 - INFO - [episode:第1話       ] downloaded:    32, total:  32, progress:100%
2026-01-20 23:33:52 - mkk_pika - database.py:238 - INFO - 数据库更新已下载章节
2026-01-20 23:33:52 - mkk_pika - database.py:244 - INFO - 该漫画已下载章节如下
2026-01-20 23:33:52 - mkk_pika - database.py:245 - INFO - ['第1話']
2026-01-20 23:33:54 - mkk_pika - main.py:348 - INFO - ==================== 漫画信息 ====================
                                   漫画ID：58218cd05f6b9a4f93e14c7f
                                   标题：コイナカ (歌之王子殿下♪)
                                   作者：CELICA (セリカ)
                                   是否完结：是
                                   总页数：32
                                   分类：同人,短篇,後宮閃光
                                   章节数：1
                                   最后更新时间：2008-05-23T06:47:23.000Z
                                   =================================================
2026-01-20 23:33:54 - mkk_pika - database.py:101 - INFO - 保存成功：コイナカ (歌之王子殿下♪)
2026-01-20 23:33:54 - mkk_pika - main.py:35 - INFO - 开始检查がっこうフレッシュ(學園孤島)是否存在未下载章节
2026-01-20 23:33:54 - mkk_pika - main.py:45 - INFO - 正在下载:[がっこうフレッシュ(學園孤島)]-[サービスヘブン (ハヤシ)]-[['同人', '短篇', '後宮閃光', 'NTR', '妹妹系']]-[total_pages:20]
2026-01-20 23:33:54 - mkk_pika - main.py:49 - INFO - [{'_id': '58218cd15f6b9a4f93e14cbf', 'title': '第1集', 'order': 1, 'updated_at': '2016-11-08T08:29:05.783Z', 'id': '58218cd15f6b9a4f93e14cbf'}]
2026-01-20 23:33:54 - mkk_pika - database.py:215 - INFO - 第一次下载该漫画，记录数据库中
2026-01-20 23:33:55 - mkk_pika - main.py:83 - INFO - 找到 20 张图片在:第1集
2026-01-20 23:33:55 - mkk_pika - main.py:112 - INFO - [episode:第1集       ] downloaded:    20, total:  20, progress:100%
2026-01-20 23:33:55 - mkk_pika - database.py:238 - INFO - 数据库更新已下载章节
2026-01-20 23:33:55 - mkk_pika - database.py:244 - INFO - 该漫画已下载章节如下
2026-01-20 23:33:55 - mkk_pika - database.py:245 - INFO - ['第1集']
2026-01-20 23:33:57 - mkk_pika - main.py:348 - INFO - ==================== 漫画信息 ====================
                                   漫画ID：58218cd15f6b9a4f93e14cbd
                                   标题：がっこうフレッシュ(學園孤島)
                                   作者：サービスヘブン (ハヤシ)
                                   是否完结：是
                                   总页数：20
                                   分类：同人,短篇,後宮閃光,NTR,妹妹系
                                   章节数：1
                                   最后更新时间：2008-05-23T16:47:23.000Z
                                   =================================================
2026-01-20 23:33:57 - mkk_pika - database.py:101 - INFO - 保存成功：がっこうフレッシュ(學園孤島)
2026-01-20 23:33:57 - mkk_pika - main.py:35 - INFO - 开始检查しぶりんがローアングラーに狙われたようです。(偶像大師)是否存在未下载章节
2026-01-20 23:33:57 - mkk_pika - main.py:45 - INFO - 正在下载:[しぶりんがローアングラーに狙われたようです。(偶像大師)]-[アカペンギン (アサヒナヒカゲ)]-[['同人', '短篇', '強暴']]-[total_pages:27]
2026-01-20 23:33:57 - mkk_pika - main.py:49 - INFO - [{'_id': '58218cd25f6b9a4f93e14ceb', 'title': '第1集', 'order': 1, 'updated_at': '2016-11-08T08:29:06.430Z', 'id': '58218cd25f6b9a4f93e14ceb'}]
2026-01-20 23:33:57 - mkk_pika - database.py:215 - INFO - 第一次下载该漫画，记录数据库中
2026-01-20 23:33:58 - mkk_pika - main.py:83 - INFO - 找到 27 张图片在:第1集
2026-01-20 23:33:59 - mkk_pika - main.py:112 - INFO - [episode:第1集       ] downloaded:    27, total:  27, progress:100%
2026-01-20 23:33:59 - mkk_pika - database.py:238 - INFO - 数据库更新已下载章节
2026-01-20 23:33:59 - mkk_pika - database.py:244 - INFO - 该漫画已下载章节如下
2026-01-20 23:33:59 - mkk_pika - database.py:245 - INFO - ['第1集']
2026-01-20 23:34:00 - mkk_pika - main.py:348 - INFO - ==================== 漫画信息 ====================
                                   漫画ID：58218cd15f6b9a4f93e14ce9
                                   标题：しぶりんがローアングラーに狙われたようです。(偶像大師)
                                   作者：アカペンギン (アサヒナヒカゲ)
                                   是否完结：是
                                   总页数：27
                                   分类：同人,短篇,強暴
                                   章节数：1
                                   最后更新时间：2008-05-24T02:47:23.000Z
                                   =================================================
2026-01-20 23:34:00 - mkk_pika - database.py:101 - INFO - 保存成功：しぶりんがローアングラーに狙われたようです。(偶像大師)
2026-01-20 23:34:00 - mkk_pika - main.py:35 - INFO - 开始检查ゲッカビジン 月下的美人兒 是否存在未下载章节
2026-01-20 23:34:00 - mkk_pika - main.py:45 - INFO - 正在下载:[ゲッカビジン 月下的美人兒 ]-[イノウエマキト]-[['長篇', '純愛']]-[total_pages:223]
2026-01-20 23:34:00 - mkk_pika - main.py:49 - INFO - [{'_id': '58218cd25f6b9a4f93e14d25', 'title': '第1集', 'order': 1, 'updated_at': '2016-11-08T08:29:06.779Z', 'id': '58218cd25f6b9a4f93e14d25'}]
2026-01-20 23:34:00 - mkk_pika - database.py:215 - INFO - 第一次下载该漫画，记录数据库中
2026-01-20 23:34:03 - mkk_pika - main.py:83 - INFO - 找到 223 张图片在:第1集
2026-01-20 23:34:12 - mkk_pika - main.py:112 - INFO - [episode:第1集       ] downloaded:   223, total: 223, progress:100%
2026-01-20 23:34:12 - mkk_pika - database.py:238 - INFO - 数据库更新已下载章节
2026-01-20 23:34:12 - mkk_pika - database.py:244 - INFO - 该漫画已下载章节如下
2026-01-20 23:34:12 - mkk_pika - database.py:245 - INFO - ['第1集']
2026-01-20 23:34:14 - mkk_pika - main.py:348 - INFO - ==================== 漫画信息 ====================
                                   漫画ID：58218cd25f6b9a4f93e14d23
                                   标题：ゲッカビジン 月下的美人兒 
                                   作者：イノウエマキト
                                   是否完结：是
                                   总页数：223
                                   分类：長篇,純愛
                                   章节数：1
                                   最后更新时间：2008-05-24T12:47:23.000Z
                                   =================================================
2026-01-20 23:34:14 - mkk_pika - database.py:101 - INFO - 保存成功：ゲッカビジン 月下的美人兒 
2026-01-20 23:34:14 - mkk_pika - main.py:35 - INFO - 开始检查飢えた皮膚是否存在未下载章节
2026-01-20 23:34:14 - mkk_pika - main.py:45 - INFO - 正在下载:[飢えた皮膚]-[鬼窪浩久]-[['同人', 'SM', '長篇', 'NTR', '強暴', '妹妹系']]-[total_pages:174]
2026-01-20 23:34:14 - mkk_pika - main.py:49 - INFO - [{'_id': '58218cd75f6b9a4f93e1527f', 'title': '第1集', 'order': 1, 'updated_at': '2016-11-08T08:29:11.073Z', 'id': '58218cd75f6b9a4f93e1527f'}]
2026-01-20 23:34:14 - mkk_pika - database.py:215 - INFO - 第一次下载该漫画，记录数据库中
2026-01-20 23:34:16 - mkk_pika - main.py:83 - INFO - 找到 174 张图片在:第1集
2026-01-20 23:34:22 - mkk_pika - main.py:112 - INFO - [episode:第1集       ] downloaded:   174, total: 174, progress:100%
2026-01-20 23:34:22 - mkk_pika - database.py:238 - INFO - 数据库更新已下载章节
2026-01-20 23:34:22 - mkk_pika - database.py:244 - INFO - 该漫画已下载章节如下
2026-01-20 23:34:22 - mkk_pika - database.py:245 - INFO - ['第1集']
2026-01-20 23:34:23 - mkk_pika - main.py:348 - INFO - ==================== 漫画信息 ====================
                                   漫画ID：58218cd65f6b9a4f93e1527d
                                   标题：飢えた皮膚
                                   作者：鬼窪浩久
                                   是否完结：是
                                   总页数：174
                                   分类：同人,SM,長篇,NTR,強暴,妹妹系
                                   章节数：1
                                   最后更新时间：2008-05-27T00:47:22.000Z
                                   =================================================
2026-01-20 23:34:23 - mkk_pika - database.py:101 - INFO - 保存成功：飢えた皮膚
2026-01-20 23:34:23 - mkk_pika - main.py:35 - INFO - 开始检查母親失格・エリート親子のM豚寝取られ転落人生是否存在未下载章节
2026-01-20 23:34:23 - mkk_pika - main.py:45 - INFO - 正在下载:[母親失格・エリート親子のM豚寝取られ転落人生]-[華フック]-[['同人', 'SM', '人妻', '長篇', 'NTR']]-[total_pages:480]
2026-01-20 23:34:23 - mkk_pika - main.py:49 - INFO - [{'_id': '58218cd85f6b9a4f93e153df', 'title': '第1集', 'order': 1, 'updated_at': '2016-11-08T08:29:12.163Z', 'id': '58218cd85f6b9a4f93e153df'}]
2026-01-20 23:34:23 - mkk_pika - database.py:215 - INFO - 第一次下载该漫画，记录数据库中
2026-01-20 23:34:29 - mkk_pika - main.py:83 - INFO - 找到 480 张图片在:第1集
2026-01-20 23:34:45 - mkk_pika - main.py:112 - INFO - [episode:第1集       ] downloaded:   480, total: 480, progress:100%
2026-01-20 23:34:45 - mkk_pika - database.py:238 - INFO - 数据库更新已下载章节
2026-01-20 23:34:45 - mkk_pika - database.py:244 - INFO - 该漫画已下载章节如下
2026-01-20 23:34:45 - mkk_pika - database.py:245 - INFO - ['第1集']
2026-01-20 23:34:46 - mkk_pika - main.py:348 - INFO - ==================== 漫画信息 ====================
                                   漫画ID：58218cd75f6b9a4f93e153dd
                                   标题：母親失格・エリート親子のM豚寝取られ転落人生
                                   作者：華フック
                                   是否完结：是
                                   总页数：480
                                   分类：同人,SM,人妻,長篇,NTR
                                   章节数：1
                                   最后更新时间：2008-05-27T10:47:22.000Z
                                   =================================================
2026-01-20 23:34:46 - mkk_pika - database.py:101 - INFO - 保存成功：母親失格・エリート親子のM豚寝取られ転落人生
2026-01-20 23:34:46 - mkk_pika - main.py:35 - INFO - 开始检查母親失格.私と息子のメス豚寢取られ性教育是否存在未下载章节
2026-01-20 23:34:46 - mkk_pika - main.py:45 - INFO - 正在下载:[母親失格.私と息子のメス豚寢取られ性教育]-[華フック]-[['同人', 'SM', '人妻', '長篇', 'NTR']]-[total_pages:110]
2026-01-20 23:34:46 - mkk_pika - main.py:49 - INFO - [{'_id': '58218ce05f6b9a4f93e15a51', 'title': '第1集', 'order': 1, 'updated_at': '2016-11-08T08:29:20.154Z', 'id': '58218ce05f6b9a4f93e15a51'}]
2026-01-20 23:34:46 - mkk_pika - database.py:215 - INFO - 第一次下载该漫画，记录数据库中
2026-01-20 23:34:48 - mkk_pika - main.py:83 - INFO - 找到 110 张图片在:第1集
2026-01-20 23:34:51 - mkk_pika - main.py:112 - INFO - [episode:第1集       ] downloaded:   110, total: 110, progress:100%
2026-01-20 23:34:51 - mkk_pika - database.py:238 - INFO - 数据库更新已下载章节
2026-01-20 23:34:51 - mkk_pika - database.py:244 - INFO - 该漫画已下载章节如下
2026-01-20 23:34:51 - mkk_pika - database.py:245 - INFO - ['第1集']
2026-01-20 23:34:53 - mkk_pika - main.py:348 - INFO - ==================== 漫画信息 ====================
                                   漫画ID：58218cdf5f6b9a4f93e15a4f
                                   标题：母親失格.私と息子のメス豚寢取られ性教育
                                   作者：華フック
                                   是否完结：是
                                   总页数：110
                                   分类：同人,SM,人妻,長篇,NTR
                                   章节数：1
                                   最后更新时间：2008-05-28T16:47:22.000Z
                                   =================================================
2026-01-20 23:34:53 - mkk_pika - database.py:101 - INFO - 保存成功：母親失格.私と息子のメス豚寢取られ性教育
2026-01-20 23:34:53 - mkk_pika - main.py:35 - INFO - 开始检查母親失格 私と息子のメス豚寢取られ復讐劇是否存在未下载章节
2026-01-20 23:34:53 - mkk_pika - main.py:45 - INFO - 正在下载:[母親失格 私と息子のメス豚寢取られ復讐劇]-[華フック]-[['同人', 'SM', '人妻', '長篇', 'NTR', '強暴']]-[total_pages:134]
2026-01-20 23:34:53 - mkk_pika - main.py:49 - INFO - [{'_id': '58218ce05f6b9a4f93e15b31', 'title': '第1集', 'order': 1, 'updated_at': '2016-11-08T08:29:20.906Z', 'id': '58218ce05f6b9a4f93e15b31'}]
2026-01-20 23:34:53 - mkk_pika - database.py:215 - INFO - 第一次下载该漫画，记录数据库中
2026-01-20 23:34:55 - mkk_pika - main.py:83 - INFO - 找到 134 张图片在:第1集
2026-01-20 23:35:00 - mkk_pika - main.py:112 - INFO - [episode:第1集       ] downloaded:   134, total: 134, progress:100%
2026-01-20 23:35:00 - mkk_pika - database.py:238 - INFO - 数据库更新已下载章节
2026-01-20 23:35:00 - mkk_pika - database.py:244 - INFO - 该漫画已下载章节如下
2026-01-20 23:35:00 - mkk_pika - database.py:245 - INFO - ['第1集']
2026-01-20 23:35:01 - mkk_pika - main.py:348 - INFO - ==================== 漫画信息 ====================
                                   漫画ID：58218ce05f6b9a4f93e15b2f
                                   标题：母親失格 私と息子のメス豚寢取られ復讐劇
                                   作者：華フック
                                   是否完结：是
                                   总页数：134
                                   分类：同人,SM,人妻,長篇,NTR,強暴
                                   章节数：1
                                   最后更新时间：2008-05-29T02:47:22.000Z
                                   =================================================
2026-01-20 23:35:01 - mkk_pika - database.py:101 - INFO - 保存成功：母親失格 私と息子のメス豚寢取られ復讐劇
2026-01-20 23:35:01 - mkk_pika - main.py:35 - INFO - 开始检查[漫の漢化組]明日は受験!是否存在未下载章节
2026-01-20 23:35:02 - mkk_pika - main.py:45 - INFO - 正在下载:[[漫の漢化組]明日は受験!]-[甲斐ひろゆき]-[['人妻', '短篇']]-[total_pages:19]
2026-01-20 23:35:02 - mkk_pika - main.py:49 - INFO - [{'_id': '58218ce45f6b9a4f93e16135', 'title': '第1集', 'order': 1, 'updated_at': '2016-11-08T08:29:24.738Z', 'id': '58218ce45f6b9a4f93e16135'}]
2026-01-20 23:35:02 - mkk_pika - database.py:215 - INFO - 第一次下载该漫画，记录数据库中
2026-01-20 23:35:02 - mkk_pika - main.py:83 - INFO - 找到 19 张图片在:第1集
2026-01-20 23:35:03 - mkk_pika - main.py:112 - INFO - [episode:第1集       ] downloaded:    19, total:  19, progress:100%
2026-01-20 23:35:03 - mkk_pika - database.py:238 - INFO - 数据库更新已下载章节
2026-01-20 23:35:03 - mkk_pika - database.py:244 - INFO - 该漫画已下载章节如下
2026-01-20 23:35:03 - mkk_pika - database.py:245 - INFO - ['第1集']
2026-01-20 23:35:04 - mkk_pika - main.py:348 - INFO - ==================== 漫画信息 ====================
                                   漫画ID：58218ce45f6b9a4f93e16133
                                   标题：[漫の漢化組]明日は受験!
                                   作者：甲斐ひろゆき
                                   是否完结：是
                                   总页数：19
                                   分类：人妻,短篇
                                   章节数：1
                                   最后更新时间：2008-05-30T18:47:22.000Z
                                   =================================================
2026-01-20 23:35:04 - mkk_pika - database.py:101 - INFO - 保存成功：[漫の漢化組]明日は受験!
2026-01-20 23:35:04 - mkk_pika - main.py:35 - INFO - 开始检查トモ母是否存在未下载章节
2026-01-20 23:35:05 - mkk_pika - main.py:45 - INFO - 正在下载:[トモ母]-[甲斐ひろゆき]-[['人妻', '長篇']]-[total_pages:209]
2026-01-20 23:35:05 - mkk_pika - main.py:49 - INFO - [{'_id': '58218ce55f6b9a4f93e1615f', 'title': '第1集', 'order': 1, 'updated_at': '2016-11-08T08:29:25.339Z', 'id': '58218ce55f6b9a4f93e1615f'}]
2026-01-20 23:35:05 - mkk_pika - database.py:215 - INFO - 第一次下载该漫画，记录数据库中
2026-01-20 23:35:07 - mkk_pika - main.py:83 - INFO - 找到 209 张图片在:第1集
2026-01-20 23:35:15 - mkk_pika - main.py:112 - INFO - [episode:第1集       ] downloaded:   209, total: 209, progress:100%
2026-01-20 23:35:15 - mkk_pika - database.py:238 - INFO - 数据库更新已下载章节
2026-01-20 23:35:15 - mkk_pika - database.py:244 - INFO - 该漫画已下载章节如下
2026-01-20 23:35:15 - mkk_pika - database.py:245 - INFO - ['第1集']
2026-01-20 23:35:17 - mkk_pika - main.py:348 - INFO - ==================== 漫画信息 ====================
                                   漫画ID：58218ce45f6b9a4f93e1615d
                                   标题：トモ母
                                   作者：甲斐ひろゆき
                                   是否完结：是
                                   总页数：209
                                   分类：人妻,長篇
                                   章节数：1
                                   最后更新时间：2008-05-31T04:47:22.000Z
                                   =================================================
2026-01-20 23:35:17 - mkk_pika - database.py:101 - INFO - 保存成功：トモ母
2026-01-20 23:35:17 - mkk_pika - main.py:35 - INFO - 开始检查女性巨大化合集是否存在未下载章节
2026-01-20 23:35:17 - mkk_pika - main.py:45 - INFO - 正在下载:[女性巨大化合集]-[不明]-[['同人', '長篇', '純愛']]-[total_pages:441]
2026-01-20 23:35:17 - mkk_pika - main.py:49 - INFO - [{'_id': '58218ce65f6b9a4f93e16305', 'title': '第1集', 'order': 1, 'updated_at': '2016-11-08T08:29:26.316Z', 'id': '58218ce65f6b9a4f93e16305'}, {'_id': '58218ce65f6b9a4f93e1633f', 'title': '第2集', 'order': 2, 'updated_at': '2016-11-08T08:29:26.661Z', 'id': '58218ce65f6b9a4f93e1633f'}, {'_id': '58218ce65f6b9a4f93e16371', 'title': '第3集', 'order': 3, 'updated_at': '2016-11-08T08:29:26.992Z', 'id': '58218ce65f6b9a4f93e16371'}, {'_id': '58218ce75f6b9a4f93e163a9', 'title': '第4集', 'order': 4, 'updated_at': '2016-11-08T08:29:27.570Z', 'id': '58218ce75f6b9a4f93e163a9'}, {'_id': '58218ce75f6b9a4f93e163e1', 'title': '第5集', 'order': 5, 'updated_at': '2016-11-08T08:29:27.884Z', 'id': '58218ce75f6b9a4f93e163e1'}, {'_id': '58218ce85f6b9a4f93e16419', 'title': '第6集', 'order': 6, 'updated_at': '2016-11-08T08:29:28.450Z', 'id': '58218ce85f6b9a4f93e16419'}, {'_id': '58218ce85f6b9a4f93e16453', 'title': '第7集', 'order': 7, 'updated_at': '2016-11-08T08:29:28.767Z', 'id': '58218ce85f6b9a4f93e16453'}, {'_id': '58218ce95f6b9a4f93e1648b', 'title': '第8集', 'order': 8, 'updated_at': '2016-11-08T08:29:29.107Z', 'id': '58218ce95f6b9a4f93e1648b'}, {'_id': '58218ce95f6b9a4f93e164d3', 'title': '第9集', 'order': 9, 'updated_at': '2016-11-08T08:29:29.491Z', 'id': '58218ce95f6b9a4f93e164d3'}, {'_id': '58218cea5f6b9a4f93e1650b', 'title': '第10集', 'order': 10, 'updated_at': '2016-11-08T08:29:30.070Z', 'id': '58218cea5f6b9a4f93e1650b'}, {'_id': '58218cea5f6b9a4f93e16543', 'title': '第11集', 'order': 11, 'updated_at': '2016-11-08T08:29:30.635Z', 'id': '58218cea5f6b9a4f93e16543'}, {'_id': '58218cea5f6b9a4f93e1657b', 'title': '第12集', 'order': 12, 'updated_at': '2016-11-08T08:29:30.957Z', 'id': '58218cea5f6b9a4f93e1657b'}, {'_id': '58218ceb5f6b9a4f93e165b3', 'title': '第13集', 'order': 13, 'updated_at': '2016-11-08T08:29:31.618Z', 'id': '58218ceb5f6b9a4f93e165b3'}, {'_id': '58218cec5f6b9a4f93e165ef', 'title': '第14集', 'order': 14, 'updated_at': '2016-11-08T08:29:32.274Z', 'id': '58218cec5f6b9a4f93e165ef'}, {'_id': '58218cec5f6b9a4f93e16627', 'title': '第15集', 'order': 15, 'updated_at': '2016-11-08T08:29:32.629Z', 'id': '58218cec5f6b9a4f93e16627'}, {'_id': '58218cee5f6b9a4f93e1665f', 'title': '第16集', 'order': 16, 'updated_at': '2016-11-08T08:29:34.002Z', 'id': '58218cee5f6b9a4f93e1665f'}]
2026-01-20 23:35:17 - mkk_pika - database.py:215 - INFO - 第一次下载该漫画，记录数据库中
2026-01-20 23:35:18 - mkk_pika - main.py:83 - INFO - 找到 28 张图片在:第1集
2026-01-20 23:35:19 - mkk_pika - main.py:112 - INFO - [episode:第1集       ] downloaded:    28, total:  28, progress:100%
2026-01-20 23:35:19 - mkk_pika - database.py:238 - INFO - 数据库更新已下载章节
2026-01-20 23:35:19 - mkk_pika - database.py:244 - INFO - 该漫画已下载章节如下
2026-01-20 23:35:19 - mkk_pika - database.py:245 - INFO - ['第1集']
2026-01-20 23:35:21 - mkk_pika - main.py:83 - INFO - 找到 24 张图片在:第2集
2026-01-20 23:35:22 - mkk_pika - main.py:112 - INFO - [episode:第2集       ] downloaded:    24, total:  24, progress:100%
2026-01-20 23:35:22 - mkk_pika - database.py:238 - INFO - 数据库更新已下载章节
2026-01-20 23:35:22 - mkk_pika - database.py:244 - INFO - 该漫画已下载章节如下
2026-01-20 23:35:22 - mkk_pika - database.py:245 - INFO - ['第1集', '第2集']
2026-01-20 23:35:23 - mkk_pika - main.py:83 - INFO - 找到 27 张图片在:第3集
2026-01-20 23:35:24 - mkk_pika - main.py:112 - INFO - [episode:第3集       ] downloaded:    27, total:  27, progress:100%
2026-01-20 23:35:24 - mkk_pika - database.py:238 - INFO - 数据库更新已下载章节
2026-01-20 23:35:24 - mkk_pika - database.py:244 - INFO - 该漫画已下载章节如下
2026-01-20 23:35:24 - mkk_pika - database.py:245 - INFO - ['第1集', '第2集', '第3集']
2026-01-20 23:35:26 - mkk_pika - main.py:83 - INFO - 找到 27 张图片在:第4集
2026-01-20 23:35:27 - mkk_pika - main.py:112 - INFO - [episode:第4集       ] downloaded:    27, total:  27, progress:100%
2026-01-20 23:35:27 - mkk_pika - database.py:238 - INFO - 数据库更新已下载章节
2026-01-20 23:35:27 - mkk_pika - database.py:244 - INFO - 该漫画已下载章节如下
2026-01-20 23:35:27 - mkk_pika - database.py:245 - INFO - ['第1集', '第2集', '第3集', '第4集']
2026-01-20 23:35:29 - mkk_pika - main.py:83 - INFO - 找到 27 张图片在:第5集
2026-01-20 23:35:30 - mkk_pika - main.py:112 - INFO - [episode:第5集       ] downloaded:    27, total:  27, progress:100%
2026-01-20 23:35:30 - mkk_pika - database.py:238 - INFO - 数据库更新已下载章节
2026-01-20 23:35:30 - mkk_pika - database.py:244 - INFO - 该漫画已下载章节如下
2026-01-20 23:35:30 - mkk_pika - database.py:245 - INFO - ['第1集', '第2集', '第3集', '第4集', '第5集']
2026-01-20 23:35:31 - mkk_pika - main.py:83 - INFO - 找到 28 张图片在:第6集
2026-01-20 23:35:32 - mkk_pika - main.py:112 - INFO - [episode:第6集       ] downloaded:    28, total:  28, progress:100%
2026-01-20 23:35:32 - mkk_pika - database.py:238 - INFO - 数据库更新已下载章节
2026-01-20 23:35:32 - mkk_pika - database.py:244 - INFO - 该漫画已下载章节如下
2026-01-20 23:35:32 - mkk_pika - database.py:245 - INFO - ['第1集', '第2集', '第3集', '第4集', '第5集', '第6集']
2026-01-20 23:35:34 - mkk_pika - main.py:83 - INFO - 找到 27 张图片在:第7集
2026-01-20 23:35:35 - mkk_pika - main.py:112 - INFO - [episode:第7集       ] downloaded:    27, total:  27, progress:100%
2026-01-20 23:35:35 - mkk_pika - database.py:238 - INFO - 数据库更新已下载章节
2026-01-20 23:35:35 - mkk_pika - database.py:244 - INFO - 该漫画已下载章节如下
2026-01-20 23:35:35 - mkk_pika - database.py:245 - INFO - ['第1集', '第2集', '第3集', '第4集', '第5集', '第6集', '第7集']
2026-01-20 23:35:36 - mkk_pika - main.py:83 - INFO - 找到 35 张图片在:第8集
2026-01-20 23:35:38 - mkk_pika - main.py:112 - INFO - [episode:第8集       ] downloaded:    35, total:  35, progress:100%
2026-01-20 23:35:38 - mkk_pika - database.py:238 - INFO - 数据库更新已下载章节
2026-01-20 23:35:38 - mkk_pika - database.py:244 - INFO - 该漫画已下载章节如下
2026-01-20 23:35:38 - mkk_pika - database.py:245 - INFO - ['第1集', '第2集', '第3集', '第4集', '第5集', '第6集', '第7集', '第8集']
2026-01-20 23:35:40 - mkk_pika - main.py:83 - INFO - 找到 27 张图片在:第9集
2026-01-20 23:35:41 - mkk_pika - main.py:112 - INFO - [episode:第9集       ] downloaded:    27, total:  27, progress:100%
2026-01-20 23:35:41 - mkk_pika - database.py:238 - INFO - 数据库更新已下载章节
2026-01-20 23:35:41 - mkk_pika - database.py:244 - INFO - 该漫画已下载章节如下
2026-01-20 23:35:41 - mkk_pika - database.py:245 - INFO - ['第1集', '第2集', '第3集', '第4集', '第5集', '第6集', '第7集', '第8集', '第9集']
2026-01-20 23:35:42 - mkk_pika - main.py:83 - INFO - 找到 27 张图片在:第10集
2026-01-20 23:35:43 - mkk_pika - main.py:112 - INFO - [episode:第10集      ] downloaded:    27, total:  27, progress:100%
2026-01-20 23:35:43 - mkk_pika - database.py:238 - INFO - 数据库更新已下载章节
2026-01-20 23:35:43 - mkk_pika - database.py:244 - INFO - 该漫画已下载章节如下
2026-01-20 23:35:43 - mkk_pika - database.py:245 - INFO - ['第1集', '第2集', '第3集', '第4集', '第5集', '第6集', '第7集', '第8集', '第9集', '第10集']
2026-01-20 23:35:45 - mkk_pika - main.py:83 - INFO - 找到 27 张图片在:第11集
2026-01-20 23:35:46 - mkk_pika - main.py:112 - INFO - [episode:第11集      ] downloaded:    27, total:  27, progress:100%
2026-01-20 23:35:46 - mkk_pika - database.py:238 - INFO - 数据库更新已下载章节
2026-01-20 23:35:46 - mkk_pika - database.py:244 - INFO - 该漫画已下载章节如下
2026-01-20 23:35:46 - mkk_pika - database.py:245 - INFO - ['第1集', '第2集', '第3集', '第4集', '第5集', '第6集', '第7集', '第8集', '第9集', '第10集', '第11集']
2026-01-20 23:35:47 - mkk_pika - main.py:83 - INFO - 找到 27 张图片在:第12集
2026-01-20 23:35:49 - mkk_pika - main.py:112 - INFO - [episode:第12集      ] downloaded:    27, total:  27, progress:100%
2026-01-20 23:35:49 - mkk_pika - database.py:238 - INFO - 数据库更新已下载章节
2026-01-20 23:35:49 - mkk_pika - database.py:244 - INFO - 该漫画已下载章节如下
2026-01-20 23:35:49 - mkk_pika - database.py:245 - INFO - ['第1集', '第2集', '第3集', '第4集', '第5集', '第6集', '第7集', '第8集', '第9集', '第10集', '第11集', '第12集']
2026-01-20 23:35:50 - mkk_pika - main.py:83 - INFO - 找到 29 张图片在:第13集
2026-01-20 23:35:51 - mkk_pika - main.py:112 - INFO - [episode:第13集      ] downloaded:    29, total:  29, progress:100%
2026-01-20 23:35:51 - mkk_pika - database.py:238 - INFO - 数据库更新已下载章节
2026-01-20 23:35:51 - mkk_pika - database.py:244 - INFO - 该漫画已下载章节如下
2026-01-20 23:35:51 - mkk_pika - database.py:245 - INFO - ['第1集', '第2集', '第3集', '第4集', '第5集', '第6集', '第7集', '第8集', '第9集', '第10集', '第11集', '第12集', '第13集']
2026-01-20 23:35:53 - mkk_pika - main.py:83 - INFO - 找到 27 张图片在:第14集
2026-01-20 23:35:54 - mkk_pika - main.py:112 - INFO - [episode:第14集      ] downloaded:    27, total:  27, progress:100%
2026-01-20 23:35:54 - mkk_pika - database.py:238 - INFO - 数据库更新已下载章节
2026-01-20 23:35:54 - mkk_pika - database.py:244 - INFO - 该漫画已下载章节如下
2026-01-20 23:35:54 - mkk_pika - database.py:245 - INFO - ['第1集', '第2集', '第3集', '第4集', '第5集', '第6集', '第7集', '第8集', '第9集', '第10集', '第11集', '第12集', '第13集', '第14集']
2026-01-20 23:35:56 - mkk_pika - main.py:83 - INFO - 找到 27 张图片在:第15集
2026-01-20 23:35:57 - mkk_pika - main.py:112 - INFO - [episode:第15集      ] downloaded:    27, total:  27, progress:100%
2026-01-20 23:35:57 - mkk_pika - database.py:238 - INFO - 数据库更新已下载章节
2026-01-20 23:35:57 - mkk_pika - database.py:244 - INFO - 该漫画已下载章节如下
2026-01-20 23:35:57 - mkk_pika - database.py:245 - INFO - ['第1集', '第2集', '第3集', '第4集', '第5集', '第6集', '第7集', '第8集', '第9集', '第10集', '第11集', '第12集', '第13集', '第14集', '第15集']
2026-01-20 23:35:58 - mkk_pika - main.py:83 - INFO - 找到 27 张图片在:第16集
2026-01-20 23:35:59 - mkk_pika - main.py:112 - INFO - [episode:第16集      ] downloaded:    27, total:  27, progress:100%
2026-01-20 23:35:59 - mkk_pika - database.py:238 - INFO - 数据库更新已下载章节
2026-01-20 23:35:59 - mkk_pika - database.py:244 - INFO - 该漫画已下载章节如下
2026-01-20 23:35:59 - mkk_pika - database.py:245 - INFO - ['第1集', '第2集', '第3集', '第4集', '第5集', '第6集', '第7集', '第8集', '第9集', '第10集', '第11集', '第12集', '第13集', '第14集', '第15集', '第16集']
2026-01-20 23:36:01 - mkk_pika - main.py:348 - INFO - ==================== 漫画信息 ====================
                                   漫画ID：58218ce55f6b9a4f93e16303
                                   标题：女性巨大化合集
                                   作者：不明
                                   是否完结：否
                                   总页数：441
                                   分类：同人,長篇,純愛
                                   章节数：16
                                   最后更新时间：2008-05-31T14:47:22.000Z
                                   =================================================
2026-01-20 23:36:01 - mkk_pika - database.py:101 - INFO - 保存成功：女性巨大化合集
2026-01-20 23:36:01 - mkk_pika - main.py:35 - INFO - 开始检查僕の山ノ上村孕ませ日記 [200MB掃圖組]是否存在未下载章节
2026-01-20 23:36:01 - mkk_pika - main.py:45 - INFO - 正在下载:[僕の山ノ上村孕ませ日記 [200MB掃圖組]]-[甲斐ひろゆき]-[['人妻', '長篇', '姐姐系']]-[total_pages:228]
2026-01-20 23:36:01 - mkk_pika - main.py:49 - INFO - [{'_id': '58218cee5f6b9a4f93e16699', 'title': '第1集', 'order': 1, 'updated_at': '2016-11-08T08:29:34.769Z', 'id': '58218cee5f6b9a4f93e16699'}]
2026-01-20 23:36:01 - mkk_pika - database.py:215 - INFO - 第一次下载该漫画，记录数据库中
2026-01-20 23:36:03 - mkk_pika - main.py:83 - INFO - 找到 228 张图片在:第1集
2026-01-20 23:36:11 - mkk_pika - main.py:112 - INFO - [episode:第1集       ] downloaded:   228, total: 228, progress:100%
2026-01-20 23:36:11 - mkk_pika - database.py:238 - INFO - 数据库更新已下载章节
2026-01-20 23:36:11 - mkk_pika - database.py:244 - INFO - 该漫画已下载章节如下
2026-01-20 23:36:11 - mkk_pika - database.py:245 - INFO - ['第1集']
2026-01-20 23:36:13 - mkk_pika - main.py:348 - INFO - ==================== 漫画信息 ====================
                                   漫画ID：58218cee5f6b9a4f93e16697
                                   标题：僕の山ノ上村孕ませ日記 [200MB掃圖組]
                                   作者：甲斐ひろゆき
                                   是否完结：是
                                   总页数：228
                                   分类：人妻,長篇,姐姐系
                                   章节数：1
                                   最后更新时间：2008-06-01T00:47:22.000Z
                                   =================================================
2026-01-20 23:36:13 - mkk_pika - database.py:101 - INFO - 保存成功：僕の山ノ上村孕ませ日記 [200MB掃圖組]
2026-01-20 23:36:13 - mkk_pika - main.py:35 - INFO - 开始检查女性巨大化2是否存在未下载章节
2026-01-20 23:36:13 - mkk_pika - main.py:45 - INFO - 正在下载:[女性巨大化2]-[不明]-[['同人', '長篇', '純愛']]-[total_pages:424]
2026-01-20 23:36:13 - mkk_pika - main.py:49 - INFO - [{'_id': '58218cef5f6b9a4f93e16865', 'title': '第1集', 'order': 1, 'updated_at': '2016-11-08T08:29:35.839Z', 'id': '58218cef5f6b9a4f93e16865'}, {'_id': '58218cf05f6b9a4f93e1689d', 'title': '第2集', 'order': 2, 'updated_at': '2016-11-08T08:29:36.529Z', 'id': '58218cf05f6b9a4f93e1689d'}, {'_id': '58218cf15f6b9a4f93e168d9', 'title': '第3集', 'order': 3, 'updated_at': '2016-11-08T08:29:37.268Z', 'id': '58218cf15f6b9a4f93e168d9'}, {'_id': '58218cf15f6b9a4f93e16911', 'title': '第4集', 'order': 4, 'updated_at': '2016-11-08T08:29:37.665Z', 'id': '58218cf15f6b9a4f93e16911'}, {'_id': '58218cf15f6b9a4f93e16949', 'title': '第5集', 'order': 5, 'updated_at': '2016-11-08T08:29:37.998Z', 'id': '58218cf15f6b9a4f93e16949'}, {'_id': '58218cf25f6b9a4f93e169b1', 'title': '第6集', 'order': 6, 'updated_at': '2016-11-08T08:29:38.633Z', 'id': '58218cf25f6b9a4f93e169b1'}, {'_id': '58218cf25f6b9a4f93e169ed', 'title': '第7集', 'order': 7, 'updated_at': '2016-11-08T08:29:38.994Z', 'id': '58218cf25f6b9a4f93e169ed'}, {'_id': '58218cf35f6b9a4f93e16a07', 'title': '第8集', 'order': 8, 'updated_at': '2016-11-08T08:29:39.346Z', 'id': '58218cf35f6b9a4f93e16a07'}, {'_id': '58218cf35f6b9a4f93e16a33', 'title': '第9集', 'order': 9, 'updated_at': '2016-11-08T08:29:39.939Z', 'id': '58218cf35f6b9a4f93e16a33'}, {'_id': '58218cf45f6b9a4f93e16a3d', 'title': '第10集', 'order': 10, 'updated_at': '2016-11-08T08:29:40.223Z', 'id': '58218cf45f6b9a4f93e16a3d'}, {'_id': '58218cf45f6b9a4f93e16a57', 'title': '第11集', 'order': 11, 'updated_at': '2016-11-08T08:29:40.527Z', 'id': '58218cf45f6b9a4f93e16a57'}, {'_id': '58218cf55f6b9a4f93e16a71', 'title': '第12集', 'order': 12, 'updated_at': '2016-11-08T08:29:41.107Z', 'id': '58218cf55f6b9a4f93e16a71'}, {'_id': '58218cf55f6b9a4f93e16a83', 'title': '第13集', 'order': 13, 'updated_at': '2016-11-08T08:29:41.395Z', 'id': '58218cf55f6b9a4f93e16a83'}, {'_id': '58218cf65f6b9a4f93e16aef', 'title': '第14集', 'order': 14, 'updated_at': '2016-11-08T08:29:42.030Z', 'id': '58218cf65f6b9a4f93e16aef'}, {'_id': '58218cf65f6b9a4f93e16b2d', 'title': '第15集', 'order': 15, 'updated_at': '2016-11-08T08:29:42.463Z', 'id': '58218cf65f6b9a4f93e16b2d'}, {'_id': '58218cf75f6b9a4f93e16b5f', 'title': '第16集', 'order': 16, 'updated_at': '2016-11-08T08:29:43.078Z', 'id': '58218cf75f6b9a4f93e16b5f'}, {'_id': '58218cf75f6b9a4f93e16b97', 'title': '第17集', 'order': 17, 'updated_at': '2016-11-08T08:29:43.394Z', 'id': '58218cf75f6b9a4f93e16b97'}]
2026-01-20 23:36:13 - mkk_pika - database.py:215 - INFO - 第一次下载该漫画，记录数据库中
2026-01-20 23:36:14 - mkk_pika - main.py:83 - INFO - 找到 27 张图片在:第1集
2026-01-20 23:36:15 - mkk_pika - main.py:112 - INFO - [episode:第1集       ] downloaded:    27, total:  27, progress:100%
2026-01-20 23:36:15 - mkk_pika - database.py:238 - INFO - 数据库更新已下载章节
2026-01-20 23:36:15 - mkk_pika - database.py:244 - INFO - 该漫画已下载章节如下
2026-01-20 23:36:15 - mkk_pika - database.py:245 - INFO - ['第1集']
2026-01-20 23:36:16 - mkk_pika - main.py:83 - INFO - 找到 29 张图片在:第2集
2026-01-20 23:36:17 - mkk_pika - main.py:112 - INFO - [episode:第2集       ] downloaded:    29, total:  29, progress:100%
2026-01-20 23:36:17 - mkk_pika - database.py:238 - INFO - 数据库更新已下载章节
2026-01-20 23:36:17 - mkk_pika - database.py:244 - INFO - 该漫画已下载章节如下
2026-01-20 23:36:17 - mkk_pika - database.py:245 - INFO - ['第1集', '第2集']
2026-01-20 23:36:19 - mkk_pika - main.py:83 - INFO - 找到 27 张图片在:第3集
2026-01-20 23:36:20 - mkk_pika - main.py:112 - INFO - [episode:第3集       ] downloaded:    27, total:  27, progress:100%
2026-01-20 23:36:20 - mkk_pika - database.py:238 - INFO - 数据库更新已下载章节
2026-01-20 23:36:20 - mkk_pika - database.py:244 - INFO - 该漫画已下载章节如下
2026-01-20 23:36:20 - mkk_pika - database.py:245 - INFO - ['第1集', '第2集', '第3集']
2026-01-20 23:36:22 - mkk_pika - main.py:83 - INFO - 找到 27 张图片在:第4集
2026-01-20 23:36:23 - mkk_pika - main.py:112 - INFO - [episode:第4集       ] downloaded:    27, total:  27, progress:100%
2026-01-20 23:36:23 - mkk_pika - database.py:238 - INFO - 数据库更新已下载章节
2026-01-20 23:36:23 - mkk_pika - database.py:244 - INFO - 该漫画已下载章节如下
2026-01-20 23:36:23 - mkk_pika - database.py:245 - INFO - ['第1集', '第2集', '第3集', '第4集']
2026-01-20 23:36:25 - mkk_pika - main.py:83 - INFO - 找到 51 张图片在:第5集
2026-01-20 23:36:26 - mkk_pika - main.py:112 - INFO - [episode:第5集       ] downloaded:    51, total:  51, progress:100%
2026-01-20 23:36:26 - mkk_pika - database.py:238 - INFO - 数据库更新已下载章节
2026-01-20 23:36:26 - mkk_pika - database.py:244 - INFO - 该漫画已下载章节如下
2026-01-20 23:36:26 - mkk_pika - database.py:245 - INFO - ['第1集', '第2集', '第3集', '第4集', '第5集']
2026-01-20 23:36:28 - mkk_pika - main.py:83 - INFO - 找到 29 张图片在:第6集
2026-01-20 23:36:29 - mkk_pika - main.py:112 - INFO - [episode:第6集       ] downloaded:    29, total:  29, progress:100%
2026-01-20 23:36:29 - mkk_pika - database.py:238 - INFO - 数据库更新已下载章节
2026-01-20 23:36:29 - mkk_pika - database.py:244 - INFO - 该漫画已下载章节如下
2026-01-20 23:36:29 - mkk_pika - database.py:245 - INFO - ['第1集', '第2集', '第3集', '第4集', '第5集', '第6集']
2026-01-20 23:36:31 - mkk_pika - main.py:83 - INFO - 找到 12 张图片在:第7集
2026-01-20 23:36:31 - mkk_pika - main.py:112 - INFO - [episode:第7集       ] downloaded:    12, total:  12, progress:100%
2026-01-20 23:36:31 - mkk_pika - database.py:238 - INFO - 数据库更新已下载章节
2026-01-20 23:36:31 - mkk_pika - database.py:244 - INFO - 该漫画已下载章节如下
2026-01-20 23:36:31 - mkk_pika - database.py:245 - INFO - ['第1集', '第2集', '第3集', '第4集', '第5集', '第6集', '第7集']
2026-01-20 23:36:33 - mkk_pika - main.py:83 - INFO - 找到 21 张图片在:第8集
2026-01-20 23:36:35 - mkk_pika - main.py:112 - INFO - [episode:第8集       ] downloaded:    21, total:  21, progress:100%
2026-01-20 23:36:35 - mkk_pika - database.py:238 - INFO - 数据库更新已下载章节
2026-01-20 23:36:35 - mkk_pika - database.py:244 - INFO - 该漫画已下载章节如下
2026-01-20 23:36:35 - mkk_pika - database.py:245 - INFO - ['第1集', '第2集', '第3集', '第4集', '第5集', '第6集', '第7集', '第8集']
2026-01-20 23:36:36 - mkk_pika - main.py:83 - INFO - 找到 4 张图片在:第9集
2026-01-20 23:36:36 - mkk_pika - main.py:112 - INFO - [episode:第9集       ] downloaded:     4, total:   4, progress:100%
2026-01-20 23:36:36 - mkk_pika - database.py:238 - INFO - 数据库更新已下载章节
2026-01-20 23:36:36 - mkk_pika - database.py:244 - INFO - 该漫画已下载章节如下
2026-01-20 23:36:36 - mkk_pika - database.py:245 - INFO - ['第1集', '第2集', '第3集', '第4集', '第5集', '第6集', '第7集', '第8集', '第9集']
2026-01-20 23:36:38 - mkk_pika - main.py:83 - INFO - 找到 12 张图片在:第10集
2026-01-20 23:36:39 - mkk_pika - main.py:112 - INFO - [episode:第10集      ] downloaded:    12, total:  12, progress:100%
2026-01-20 23:36:39 - mkk_pika - database.py:238 - INFO - 数据库更新已下载章节
2026-01-20 23:36:39 - mkk_pika - database.py:244 - INFO - 该漫画已下载章节如下
2026-01-20 23:36:39 - mkk_pika - database.py:245 - INFO - ['第1集', '第2集', '第3集', '第4集', '第5集', '第6集', '第7集', '第8集', '第9集', '第10集']
2026-01-20 23:36:40 - mkk_pika - main.py:83 - INFO - 找到 12 张图片在:第11集
2026-01-20 23:36:41 - mkk_pika - main.py:112 - INFO - [episode:第11集      ] downloaded:    12, total:  12, progress:100%
2026-01-20 23:36:41 - mkk_pika - database.py:238 - INFO - 数据库更新已下载章节
2026-01-20 23:36:41 - mkk_pika - database.py:244 - INFO - 该漫画已下载章节如下
2026-01-20 23:36:41 - mkk_pika - database.py:245 - INFO - ['第1集', '第2集', '第3集', '第4集', '第5集', '第6集', '第7集', '第8集', '第9集', '第10集', '第11集']
2026-01-20 23:36:42 - mkk_pika - main.py:83 - INFO - 找到 8 张图片在:第12集
2026-01-20 23:36:43 - mkk_pika - main.py:112 - INFO - [episode:第12集      ] downloaded:     8, total:   8, progress:100%
2026-01-20 23:36:43 - mkk_pika - database.py:238 - INFO - 数据库更新已下载章节
2026-01-20 23:36:43 - mkk_pika - database.py:244 - INFO - 该漫画已下载章节如下
2026-01-20 23:36:43 - mkk_pika - database.py:245 - INFO - ['第1集', '第2集', '第3集', '第4集', '第5集', '第6集', '第7集', '第8集', '第9集', '第10集', '第11集', '第12集']
2026-01-20 23:36:45 - mkk_pika - main.py:83 - INFO - 找到 53 张图片在:第13集
2026-01-20 23:36:46 - mkk_pika - main.py:112 - INFO - [episode:第13集      ] downloaded:    53, total:  53, progress:100%
2026-01-20 23:36:46 - mkk_pika - database.py:238 - INFO - 数据库更新已下载章节
2026-01-20 23:36:46 - mkk_pika - database.py:244 - INFO - 该漫画已下载章节如下
2026-01-20 23:36:46 - mkk_pika - database.py:245 - INFO - ['第1集', '第2集', '第3集', '第4集', '第5集', '第6集', '第7集', '第8集', '第9集', '第10集', '第11集', '第12集', '第13集']
2026-01-20 23:36:48 - mkk_pika - main.py:83 - INFO - 找到 30 张图片在:第14集
2026-01-20 23:36:49 - mkk_pika - main.py:112 - INFO - [episode:第14集      ] downloaded:    30, total:  30, progress:100%
2026-01-20 23:36:49 - mkk_pika - database.py:238 - INFO - 数据库更新已下载章节
2026-01-20 23:36:49 - mkk_pika - database.py:244 - INFO - 该漫画已下载章节如下
2026-01-20 23:36:49 - mkk_pika - database.py:245 - INFO - ['第1集', '第2集', '第3集', '第4集', '第5集', '第6集', '第7集', '第8集', '第9集', '第10集', '第11集', '第12集', '第13集', '第14集']
2026-01-20 23:36:51 - mkk_pika - main.py:83 - INFO - 找到 24 张图片在:第15集
2026-01-20 23:36:52 - mkk_pika - main.py:112 - INFO - [episode:第15集      ] downloaded:    24, total:  24, progress:100%
2026-01-20 23:36:52 - mkk_pika - database.py:238 - INFO - 数据库更新已下载章节
2026-01-20 23:36:52 - mkk_pika - database.py:244 - INFO - 该漫画已下载章节如下
2026-01-20 23:36:52 - mkk_pika - database.py:245 - INFO - ['第1集', '第2集', '第3集', '第4集', '第5集', '第6集', '第7集', '第8集', '第9集', '第10集', '第11集', '第12集', '第13集', '第14集', '第15集']
2026-01-20 23:36:53 - mkk_pika - main.py:83 - INFO - 找到 27 张图片在:第16集
2026-01-20 23:36:54 - mkk_pika - main.py:112 - INFO - [episode:第16集      ] downloaded:    27, total:  27, progress:100%
2026-01-20 23:36:54 - mkk_pika - database.py:238 - INFO - 数据库更新已下载章节
2026-01-20 23:36:54 - mkk_pika - database.py:244 - INFO - 该漫画已下载章节如下
2026-01-20 23:36:54 - mkk_pika - database.py:245 - INFO - ['第1集', '第2集', '第3集', '第4集', '第5集', '第6集', '第7集', '第8集', '第9集', '第10集', '第11集', '第12集', '第13集', '第14集', '第15集', '第16集']
2026-01-20 23:36:56 - mkk_pika - main.py:83 - INFO - 找到 31 张图片在:第17集
2026-01-20 23:36:57 - mkk_pika - main.py:112 - INFO - [episode:第17集      ] downloaded:    31, total:  31, progress:100%
2026-01-20 23:36:57 - mkk_pika - database.py:238 - INFO - 数据库更新已下载章节
2026-01-20 23:36:57 - mkk_pika - database.py:244 - INFO - 该漫画已下载章节如下
2026-01-20 23:36:57 - mkk_pika - database.py:245 - INFO - ['第1集', '第2集', '第3集', '第4集', '第5集', '第6集', '第7集', '第8集', '第9集', '第10集', '第11集', '第12集', '第13集', '第14集', '第15集', '第16集', '第17集']
2026-01-20 23:36:59 - mkk_pika - main.py:348 - INFO - ==================== 漫画信息 ====================
                                   漫画ID：58218cef5f6b9a4f93e16863
                                   标题：女性巨大化2
                                   作者：不明
                                   是否完结：是
                                   总页数：424
                                   分类：同人,長篇,純愛
                                   章节数：17
                                   最后更新时间：2008-06-01T10:47:22.000Z
                                   =================================================
2026-01-20 23:36:59 - mkk_pika - database.py:101 - INFO - 保存成功：女性巨大化2
2026-01-20 23:36:59 - mkk_pika - main.py:35 - INFO - 开始检查いいなりアクメ是否存在未下载章节
2026-01-20 23:36:59 - mkk_pika - main.py:45 - INFO - 正在下载:[いいなりアクメ]-[ドウモウ]-[['長篇', '純愛']]-[total_pages:220]
2026-01-20 23:36:59 - mkk_pika - main.py:49 - INFO - [{'_id': '58218cf85f6b9a4f93e16c2b', 'title': '第1集', 'order': 1, 'updated_at': '2016-11-08T08:29:44.669Z', 'id': '58218cf85f6b9a4f93e16c2b'}]
2026-01-20 23:36:59 - mkk_pika - database.py:215 - INFO - 第一次下载该漫画，记录数据库中
2026-01-20 23:37:01 - mkk_pika - main.py:83 - INFO - 找到 220 张图片在:第1集
2026-01-20 23:37:09 - mkk_pika - main.py:112 - INFO - [episode:第1集       ] downloaded:   220, total: 220, progress:100%
2026-01-20 23:37:09 - mkk_pika - database.py:238 - INFO - 数据库更新已下载章节
2026-01-20 23:37:09 - mkk_pika - database.py:244 - INFO - 该漫画已下载章节如下
2026-01-20 23:37:09 - mkk_pika - database.py:245 - INFO - ['第1集']
2026-01-20 23:37:10 - mkk_pika - main.py:348 - INFO - ==================== 漫画信息 ====================
                                   漫画ID：58218cf85f6b9a4f93e16c29
                                   标题：いいなりアクメ
                                   作者：ドウモウ
                                   是否完结：是
                                   总页数：220
                                   分类：長篇,純愛
                                   章节数：1
                                   最后更新时间：2008-06-02T16:47:22.000Z
                                   =================================================
2026-01-20 23:37:10 - mkk_pika - database.py:101 - INFO - 保存成功：いいなりアクメ
2026-01-20 23:37:10 - mkk_pika - main.py:35 - INFO - 开始检查ビキニの玲奈先生是否存在未下载章节
2026-01-20 23:37:10 - mkk_pika - main.py:45 - INFO - 正在下载:[ビキニの玲奈先生]-[ちゃたろー]-[['同人', '長篇', '純愛']]-[total_pages:214]
2026-01-20 23:37:10 - mkk_pika - main.py:49 - INFO - [{'_id': '58218cf95f6b9a4f93e16de7', 'title': '第1集', 'order': 1, 'updated_at': '2016-11-08T08:29:45.555Z', 'id': '58218cf95f6b9a4f93e16de7'}]
2026-01-20 23:37:10 - mkk_pika - database.py:215 - INFO - 第一次下载该漫画，记录数据库中
2026-01-20 23:37:13 - mkk_pika - main.py:83 - INFO - 找到 214 张图片在:第1集
2026-01-20 23:37:20 - mkk_pika - main.py:112 - INFO - [episode:第1集       ] downloaded:   214, total: 214, progress:100%
2026-01-20 23:37:20 - mkk_pika - database.py:238 - INFO - 数据库更新已下载章节
2026-01-20 23:37:20 - mkk_pika - database.py:244 - INFO - 该漫画已下载章节如下
2026-01-20 23:37:20 - mkk_pika - database.py:245 - INFO - ['第1集']
2026-01-20 23:37:21 - mkk_pika - main.py:348 - INFO - ==================== 漫画信息 ====================
                                   漫画ID：58218cf95f6b9a4f93e16de5
                                   标题：ビキニの玲奈先生
                                   作者：ちゃたろー
                                   是否完结：是
                                   总页数：214
                                   分类：同人,長篇,純愛
                                   章节数：1
                                   最后更新时间：2008-06-03T02:47:22.000Z
                                   =================================================
2026-01-20 23:37:21 - mkk_pika - database.py:101 - INFO - 保存成功：ビキニの玲奈先生
2026-01-20 23:37:21 - mkk_pika - main.py:35 - INFO - 开始检查幼き花 鬼胎少女 神の棲む山是否存在未下载章节
2026-01-20 23:37:21 - mkk_pika - main.py:45 - INFO - 正在下载:[幼き花 鬼胎少女 神の棲む山]-[てるき熊]-[['同人', '長篇', '妹妹系']]-[total_pages:180]
2026-01-20 23:37:21 - mkk_pika - main.py:49 - INFO - [{'_id': '58218cfa5f6b9a4f93e16f97', 'title': '第1集', 'order': 1, 'updated_at': '2016-11-08T08:29:46.565Z', 'id': '58218cfa5f6b9a4f93e16f97'}]
2026-01-20 23:37:21 - mkk_pika - database.py:215 - INFO - 第一次下载该漫画，记录数据库中
2026-01-20 23:37:23 - mkk_pika - main.py:83 - INFO - 找到 180 张图片在:第1集
2026-01-20 23:37:29 - mkk_pika - main.py:112 - INFO - [episode:第1集       ] downloaded:   180, total: 180, progress:100%
2026-01-20 23:37:29 - mkk_pika - database.py:238 - INFO - 数据库更新已下载章节
2026-01-20 23:37:29 - mkk_pika - database.py:244 - INFO - 该漫画已下载章节如下
2026-01-20 23:37:29 - mkk_pika - database.py:245 - INFO - ['第1集']
2026-01-20 23:37:31 - mkk_pika - main.py:348 - INFO - ==================== 漫画信息 ====================
                                   漫画ID：58218cfa5f6b9a4f93e16f95
                                   标题：幼き花 鬼胎少女 神の棲む山
                                   作者：てるき熊
                                   是否完结：是
                                   总页数：180
                                   分类：同人,長篇,妹妹系
                                   章节数：1
                                   最后更新时间：2008-06-03T12:47:22.000Z
                                   =================================================
2026-01-20 23:37:31 - mkk_pika - database.py:101 - INFO - 保存成功：幼き花 鬼胎少女 神の棲む山
2026-01-20 23:37:31 - mkk_pika - main.py:35 - INFO - 开始检查SOS! スケベな幼なじみが忍び込んで来ました。是否存在未下载章节
2026-01-20 23:37:31 - mkk_pika - main.py:45 - INFO - 正在下载:[SOS! スケベな幼なじみが忍び込んで来ました。]-[たまちゆき]-[['長篇', '純愛', '單行本']]-[total_pages:231]
2026-01-20 23:37:31 - mkk_pika - main.py:49 - INFO - [{'_id': '5d205f71ee25ab4c6dd63012', 'title': '第1集', 'order': 1, 'updated_at': '2019-07-06T08:35:21.556Z', 'id': '5d205f71ee25ab4c6dd63012'}]
2026-01-20 23:37:31 - mkk_pika - database.py:215 - INFO - 第一次下载该漫画，记录数据库中
2026-01-20 23:37:33 - mkk_pika - main.py:83 - INFO - 找到 231 张图片在:第1集
2026-01-20 23:37:42 - mkk_pika - main.py:112 - INFO - [episode:第1集       ] downloaded:   231, total: 231, progress:100%
2026-01-20 23:37:42 - mkk_pika - database.py:238 - INFO - 数据库更新已下载章节
2026-01-20 23:37:42 - mkk_pika - database.py:244 - INFO - 该漫画已下载章节如下
2026-01-20 23:37:42 - mkk_pika - database.py:245 - INFO - ['第1集']
2026-01-20 23:37:43 - mkk_pika - main.py:348 - INFO - ==================== 漫画信息 ====================
                                   漫画ID：58218cfb5f6b9a4f93e17101
                                   标题：SOS! スケベな幼なじみが忍び込んで来ました。
                                   作者：たまちゆき
                                   是否完结：是
                                   总页数：231
                                   分类：長篇,純愛,單行本
                                   章节数：1
                                   最后更新时间：2008-06-03T22:47:22.000Z
                                   =================================================
2026-01-20 23:37:43 - mkk_pika - database.py:101 - INFO - 保存成功：SOS! スケベな幼なじみが忍び込んで来ました。
2026-01-20 23:37:43 - mkk_pika - main.py:35 - INFO - 开始检查ピンクチェリーぱい是否存在未下载章节
2026-01-20 23:37:43 - mkk_pika - main.py:45 - INFO - 正在下载:[ピンクチェリーぱい]-[さめだ小判]-[['同人', '長篇', '純愛']]-[total_pages:199]
2026-01-20 23:37:43 - mkk_pika - main.py:49 - INFO - [{'_id': '58218cfc5f6b9a4f93e172d3', 'title': '第1集', 'order': 1, 'updated_at': '2016-11-08T08:29:48.717Z', 'id': '58218cfc5f6b9a4f93e172d3'}]
2026-01-20 23:37:43 - mkk_pika - database.py:215 - INFO - 第一次下载该漫画，记录数据库中
2026-01-20 23:37:45 - mkk_pika - main.py:83 - INFO - 找到 199 张图片在:第1集
2026-01-20 23:37:52 - mkk_pika - main.py:112 - INFO - [episode:第1集       ] downloaded:   199, total: 199, progress:100%
2026-01-20 23:37:52 - mkk_pika - database.py:238 - INFO - 数据库更新已下载章节
2026-01-20 23:37:52 - mkk_pika - database.py:244 - INFO - 该漫画已下载章节如下
2026-01-20 23:37:52 - mkk_pika - database.py:245 - INFO - ['第1集']
2026-01-20 23:37:54 - mkk_pika - main.py:348 - INFO - ==================== 漫画信息 ====================
                                   漫画ID：58218cfc5f6b9a4f93e172d1
                                   标题：ピンクチェリーぱい
                                   作者：さめだ小判
                                   是否完结：是
                                   总页数：199
                                   分类：同人,長篇,純愛
                                   章节数：1
                                   最后更新时间：2008-06-04T08:47:22.000Z
                                   =================================================
2026-01-20 23:37:54 - mkk_pika - database.py:101 - INFO - 保存成功：ピンクチェリーぱい
2026-01-20 23:37:54 - mkk_pika - main.py:35 - INFO - 开始检查(c86) [c.r's nest (しーあーる)] 箝口令6 -彼女ノ還ル海- (艦隊これくしょん -艦これ-) [无毒汉化组]是否存在未下载章节
2026-01-20 23:37:54 - mkk_pika - main.py:45 - INFO - 正在下载:[(c86) [c.r's nest (しーあーる)] 箝口令6 -彼女ノ還ル海- (艦隊これくしょん -艦これ-) [无毒汉化组]]-[C.R's Nest]-[['同人', 'SM', '短篇', '艦隊收藏', '扶他樂園', '非人類', '強暴']]-[total_pages:43]
2026-01-20 23:37:54 - mkk_pika - main.py:49 - INFO - [{'_id': '58218cfd5f6b9a4f93e17465', 'title': '第1集', 'order': 1, 'updated_at': '2016-11-08T08:29:49.728Z', 'id': '58218cfd5f6b9a4f93e17465'}]
2026-01-20 23:37:54 - mkk_pika - database.py:215 - INFO - 第一次下载该漫画，记录数据库中
2026-01-20 23:37:55 - mkk_pika - main.py:83 - INFO - 找到 43 张图片在:第1集
2026-01-20 23:37:57 - mkk_pika - main.py:112 - INFO - [episode:第1集       ] downloaded:    43, total:  43, progress:100%
2026-01-20 23:37:57 - mkk_pika - database.py:238 - INFO - 数据库更新已下载章节
2026-01-20 23:37:57 - mkk_pika - database.py:244 - INFO - 该漫画已下载章节如下
2026-01-20 23:37:57 - mkk_pika - database.py:245 - INFO - ['第1集']
2026-01-20 23:37:58 - mkk_pika - main.py:348 - INFO - ==================== 漫画信息 ====================
                                   漫画ID：58218cfd5f6b9a4f93e17463
                                   标题：(c86) [c.r's nest (しーあーる)] 箝口令6 -彼女ノ還ル海- (艦隊これくしょん -艦これ-) [无毒汉化组]
                                   作者：C.R's Nest
                                   是否完结：是
                                   总页数：43
                                   分类：同人,SM,短篇,艦隊收藏,扶他樂園,非人類,強暴
                                   章节数：1
                                   最后更新时间：2008-06-04T18:47:22.000Z
                                   =================================================
2026-01-20 23:37:58 - mkk_pika - database.py:101 - INFO - 保存成功：(c86) [c.r's nest (しーあーる)] 箝口令6 -彼女ノ還ル海- (艦隊これくしょん -艦これ-) [无毒汉化组]
2026-01-20 23:37:58 - mkk_pika - main.py:35 - INFO - 开始检查ピンクトラッシュ是否存在未下载章节
2026-01-20 23:37:58 - mkk_pika - main.py:45 - INFO - 正在下载:[ピンクトラッシュ]-[けろりん]-[['同人', '長篇', '純愛']]-[total_pages:202]
2026-01-20 23:37:58 - mkk_pika - main.py:49 - INFO - [{'_id': '58218cfe5f6b9a4f93e174bf', 'title': '第1集', 'order': 1, 'updated_at': '2016-11-08T08:29:50.413Z', 'id': '58218cfe5f6b9a4f93e174bf'}]
2026-01-20 23:37:58 - mkk_pika - database.py:215 - INFO - 第一次下载该漫画，记录数据库中
2026-01-20 23:38:01 - mkk_pika - main.py:83 - INFO - 找到 202 张图片在:第1集
2026-01-20 23:38:08 - mkk_pika - main.py:112 - INFO - [episode:第1集       ] downloaded:   202, total: 202, progress:100%
2026-01-20 23:38:08 - mkk_pika - database.py:238 - INFO - 数据库更新已下载章节
2026-01-20 23:38:08 - mkk_pika - database.py:244 - INFO - 该漫画已下载章节如下
2026-01-20 23:38:08 - mkk_pika - database.py:245 - INFO - ['第1集']
2026-01-20 23:38:09 - mkk_pika - main.py:348 - INFO - ==================== 漫画信息 ====================
                                   漫画ID：58218cfd5f6b9a4f93e174bd
                                   标题：ピンクトラッシュ
                                   作者：けろりん
                                   是否完结：是
                                   总页数：202
                                   分类：同人,長篇,純愛
                                   章节数：1
                                   最后更新时间：2008-06-05T04:47:22.000Z
                                   =================================================
2026-01-20 23:38:09 - mkk_pika - database.py:101 - INFO - 保存成功：ピンクトラッシュ
2026-01-20 23:38:09 - mkk_pika - main.py:35 - INFO - 开始检查めちゃしこせぶん是否存在未下载章节
2026-01-20 23:38:10 - mkk_pika - main.py:45 - INFO - 正在下载:[めちゃしこせぶん]-[らっこ]-[['同人', '長篇', '純愛']]-[total_pages:220]
2026-01-20 23:38:10 - mkk_pika - main.py:49 - INFO - [{'_id': '58218cff5f6b9a4f93e17657', 'title': '第1集', 'order': 1, 'updated_at': '2016-11-08T08:29:51.431Z', 'id': '58218cff5f6b9a4f93e17657'}]
2026-01-20 23:38:10 - mkk_pika - database.py:215 - INFO - 第一次下载该漫画，记录数据库中
2026-01-20 23:38:12 - mkk_pika - main.py:83 - INFO - 找到 220 张图片在:第1集
2026-01-20 23:38:20 - mkk_pika - main.py:112 - INFO - [episode:第1集       ] downloaded:   220, total: 220, progress:100%
2026-01-20 23:38:20 - mkk_pika - database.py:238 - INFO - 数据库更新已下载章节
2026-01-20 23:38:20 - mkk_pika - database.py:244 - INFO - 该漫画已下载章节如下
2026-01-20 23:38:20 - mkk_pika - database.py:245 - INFO - ['第1集']
2026-01-20 23:38:21 - mkk_pika - main.py:348 - INFO - ==================== 漫画信息 ====================
                                   漫画ID：58218cfe5f6b9a4f93e17655
                                   标题：めちゃしこせぶん
                                   作者：らっこ
                                   是否完结：是
                                   总页数：220
                                   分类：同人,長篇,純愛
                                   章节数：1
                                   最后更新时间：2008-06-05T14:47:22.000Z
                                   =================================================
2026-01-20 23:38:21 - mkk_pika - database.py:101 - INFO - 保存成功：めちゃしこせぶん
2026-01-20 23:38:21 - mkk_pika - main.py:35 - INFO - 开始检查恋愛器官のメルトダウン是否存在未下载章节
2026-01-20 23:38:21 - mkk_pika - main.py:45 - INFO - 正在下载:[恋愛器官のメルトダウン]-[天乃ちはる]-[['同人', '長篇', '純愛']]-[total_pages:207]
2026-01-20 23:38:21 - mkk_pika - main.py:49 - INFO - [{'_id': '58218d005f6b9a4f93e17813', 'title': '第1集', 'order': 1, 'updated_at': '2016-11-08T08:29:52.508Z', 'id': '58218d005f6b9a4f93e17813'}]
2026-01-20 23:38:21 - mkk_pika - database.py:215 - INFO - 第一次下载该漫画，记录数据库中
2026-01-20 23:38:24 - mkk_pika - main.py:83 - INFO - 找到 207 张图片在:第1集
2026-01-20 23:38:31 - mkk_pika - main.py:112 - INFO - [episode:第1集       ] downloaded:   207, total: 207, progress:100%
2026-01-20 23:38:31 - mkk_pika - database.py:238 - INFO - 数据库更新已下载章节
2026-01-20 23:38:31 - mkk_pika - database.py:244 - INFO - 该漫画已下载章节如下
2026-01-20 23:38:31 - mkk_pika - database.py:245 - INFO - ['第1集']
2026-01-20 23:38:32 - mkk_pika - main.py:348 - INFO - ==================== 漫画信息 ====================
                                   漫画ID：58218cff5f6b9a4f93e17811
                                   标题：恋愛器官のメルトダウン
                                   作者：天乃ちはる
                                   是否完结：是
                                   总页数：207
                                   分类：同人,長篇,純愛
                                   章节数：1
                                   最后更新时间：2008-06-06T00:47:22.000Z
                                   =================================================
2026-01-20 23:38:32 - mkk_pika - database.py:101 - INFO - 保存成功：恋愛器官のメルトダウン
2026-01-20 23:38:32 - mkk_pika - main.py:35 - INFO - 开始检查ムリクリ是否存在未下载章节
2026-01-20 23:38:32 - mkk_pika - main.py:45 - INFO - 正在下载:[ムリクリ]-[らっこ]-[['同人', '長篇', '純愛']]-[total_pages:208]
2026-01-20 23:38:32 - mkk_pika - main.py:49 - INFO - [{'_id': '58218d015f6b9a4f93e179b5', 'title': '第1集', 'order': 1, 'updated_at': '2016-11-08T08:29:53.812Z', 'id': '58218d015f6b9a4f93e179b5'}]
2026-01-20 23:38:32 - mkk_pika - database.py:215 - INFO - 第一次下载该漫画，记录数据库中
2026-01-20 23:38:35 - mkk_pika - main.py:83 - INFO - 找到 208 张图片在:第1集
2026-01-20 23:38:42 - mkk_pika - main.py:112 - INFO - [episode:第1集       ] downloaded:   208, total: 208, progress:100%
2026-01-20 23:38:42 - mkk_pika - database.py:238 - INFO - 数据库更新已下载章节
2026-01-20 23:38:42 - mkk_pika - database.py:244 - INFO - 该漫画已下载章节如下
2026-01-20 23:38:42 - mkk_pika - database.py:245 - INFO - ['第1集']
2026-01-20 23:38:43 - mkk_pika - main.py:348 - INFO - ==================== 漫画信息 ====================
                                   漫画ID：58218d015f6b9a4f93e179b3
                                   标题：ムリクリ
                                   作者：らっこ
                                   是否完结：是
                                   总页数：208
                                   分类：同人,長篇,純愛
                                   章节数：1
                                   最后更新时间：2008-06-06T10:47:22.000Z
                                   =================================================
2026-01-20 23:38:43 - mkk_pika - database.py:101 - INFO - 保存成功：ムリクリ
2026-01-20 23:38:43 - mkk_pika - main.py:35 - INFO - 开始检查ミダラナシセン是否存在未下载章节
2026-01-20 23:38:43 - mkk_pika - main.py:45 - INFO - 正在下载:[ミダラナシセン]-[いのまる]-[['同人', '長篇']]-[total_pages:228]
2026-01-20 23:38:43 - mkk_pika - main.py:49 - INFO - [{'_id': '58218d025f6b9a4f93e17b59', 'title': '第1集', 'order': 1, 'updated_at': '2016-11-08T08:29:54.506Z', 'id': '58218d025f6b9a4f93e17b59'}]
2026-01-20 23:38:43 - mkk_pika - database.py:215 - INFO - 第一次下载该漫画，记录数据库中
2026-01-20 23:38:46 - mkk_pika - main.py:83 - INFO - 找到 228 张图片在:第1集
2026-01-20 23:38:53 - mkk_pika - main.py:112 - INFO - [episode:第1集       ] downloaded:   228, total: 228, progress:100%
2026-01-20 23:38:53 - mkk_pika - database.py:238 - INFO - 数据库更新已下载章节
2026-01-20 23:38:53 - mkk_pika - database.py:244 - INFO - 该漫画已下载章节如下
2026-01-20 23:38:53 - mkk_pika - database.py:245 - INFO - ['第1集']
2026-01-20 23:38:55 - mkk_pika - main.py:348 - INFO - ==================== 漫画信息 ====================
                                   漫画ID：58218d025f6b9a4f93e17b57
                                   标题：ミダラナシセン
                                   作者：いのまる
                                   是否完结：是
                                   总页数：228
                                   分类：同人,長篇
                                   章节数：1
                                   最后更新时间：2008-06-06T20:47:22.000Z
                                   =================================================
2026-01-20 23:38:55 - mkk_pika - database.py:101 - INFO - 保存成功：ミダラナシセン
2026-01-20 23:38:55 - mkk_pika - main.py:35 - INFO - 开始检查妹が変態で…困る！是否存在未下载章节
2026-01-20 23:38:55 - mkk_pika - main.py:45 - INFO - 正在下载:[妹が変態で…困る！]-[ありのひろし]-[['同人', '長篇', '妹妹系', '純愛']]-[total_pages:192]
2026-01-20 23:38:55 - mkk_pika - main.py:49 - INFO - [{'_id': '58218d035f6b9a4f93e17d25', 'title': '第1集', 'order': 1, 'updated_at': '2016-11-08T08:29:55.795Z', 'id': '58218d035f6b9a4f93e17d25'}]
2026-01-20 23:38:55 - mkk_pika - database.py:215 - INFO - 第一次下载该漫画，记录数据库中
2026-01-20 23:38:57 - mkk_pika - main.py:83 - INFO - 找到 192 张图片在:第1集
2026-01-20 23:39:03 - mkk_pika - main.py:112 - INFO - [episode:第1集       ] downloaded:   192, total: 192, progress:100%
2026-01-20 23:39:03 - mkk_pika - database.py:238 - INFO - 数据库更新已下载章节
2026-01-20 23:39:03 - mkk_pika - database.py:244 - INFO - 该漫画已下载章节如下
2026-01-20 23:39:03 - mkk_pika - database.py:245 - INFO - ['第1集']
2026-01-20 23:39:04 - mkk_pika - main.py:348 - INFO - ==================== 漫画信息 ====================
                                   漫画ID：58218d035f6b9a4f93e17d23
                                   标题：妹が変態で…困る！
                                   作者：ありのひろし
                                   是否完结：是
                                   总页数：192
                                   分类：同人,長篇,妹妹系,純愛
                                   章节数：1
                                   最后更新时间：2008-06-07T06:47:22.000Z
                                   =================================================
2026-01-20 23:39:04 - mkk_pika - database.py:101 - INFO - 保存成功：妹が変態で…困る！
2026-01-20 23:39:04 - mkk_pika - main.py:35 - INFO - 开始检查艶熟の宴～時雨の宿～是否存在未下载章节
2026-01-20 23:39:05 - mkk_pika - main.py:45 - INFO - 正在下载:[艶熟の宴～時雨の宿～]-[あずき紅]-[['同人', '長篇']]-[total_pages:191]
2026-01-20 23:39:05 - mkk_pika - main.py:49 - INFO - [{'_id': '58218d055f6b9a4f93e17ea9', 'title': '第1集', 'order': 1, 'updated_at': '2016-11-08T08:29:57.041Z', 'id': '58218d055f6b9a4f93e17ea9'}]
2026-01-20 23:39:05 - mkk_pika - database.py:215 - INFO - 第一次下载该漫画，记录数据库中
2026-01-20 23:39:07 - mkk_pika - main.py:83 - INFO - 找到 191 张图片在:第1集
2026-01-20 23:39:13 - mkk_pika - main.py:112 - INFO - [episode:第1集       ] downloaded:   191, total: 191, progress:100%
2026-01-20 23:39:13 - mkk_pika - database.py:238 - INFO - 数据库更新已下载章节
2026-01-20 23:39:13 - mkk_pika - database.py:244 - INFO - 该漫画已下载章节如下
2026-01-20 23:39:13 - mkk_pika - database.py:245 - INFO - ['第1集']
2026-01-20 23:39:14 - mkk_pika - main.py:348 - INFO - ==================== 漫画信息 ====================
                                   漫画ID：58218d045f6b9a4f93e17ea7
                                   标题：艶熟の宴～時雨の宿～
                                   作者：あずき紅
                                   是否完结：是
                                   总页数：191
                                   分类：同人,長篇
                                   章节数：1
                                   最后更新时间：2008-06-07T16:47:22.000Z
                                   =================================================
2026-01-20 23:39:14 - mkk_pika - database.py:101 - INFO - 保存成功：艶熟の宴～時雨の宿～
2026-01-20 23:39:14 - mkk_pika - main.py:35 - INFO - 开始检查(C73)(六堂犬彦)] 幻想綺譚VI (東方Project)是否存在未下载章节
2026-01-20 23:39:15 - mkk_pika - main.py:45 - INFO - 正在下载:[(C73)(六堂犬彦)] 幻想綺譚VI (東方Project)]-[六堂犬彦]-[['同人', '短篇', '東方']]-[total_pages:19]
2026-01-20 23:39:15 - mkk_pika - main.py:49 - INFO - [{'_id': '58218d065f6b9a4f93e1802b', 'title': '第1集', 'order': 1, 'updated_at': '2016-11-08T08:29:58.067Z', 'id': '58218d065f6b9a4f93e1802b'}]
2026-01-20 23:39:15 - mkk_pika - database.py:215 - INFO - 第一次下载该漫画，记录数据库中
2026-01-20 23:39:15 - mkk_pika - main.py:83 - INFO - 找到 19 张图片在:第1集
2026-01-20 23:39:16 - mkk_pika - main.py:112 - INFO - [episode:第1集       ] downloaded:    19, total:  19, progress:100%
2026-01-20 23:39:16 - mkk_pika - database.py:238 - INFO - 数据库更新已下载章节
2026-01-20 23:39:16 - mkk_pika - database.py:244 - INFO - 该漫画已下载章节如下
2026-01-20 23:39:16 - mkk_pika - database.py:245 - INFO - ['第1集']
2026-01-20 23:39:17 - mkk_pika - main.py:348 - INFO - ==================== 漫画信息 ====================
                                   漫画ID：58218d055f6b9a4f93e18029
                                   标题：(C73)(六堂犬彦)] 幻想綺譚VI (東方Project)
                                   作者：六堂犬彦
                                   是否完结：是
                                   总页数：19
                                   分类：同人,短篇,東方
                                   章节数：1
                                   最后更新时间：2008-06-08T02:47:22.000Z
                                   =================================================
2026-01-20 23:39:17 - mkk_pika - database.py:101 - INFO - 保存成功：(C73)(六堂犬彦)] 幻想綺譚VI (東方Project)
2026-01-20 23:39:17 - mkk_pika - main.py:380 - INFO - 本次任务下载完毕
2026-01-20 23:39:17 - mkk_pika - database.py:173 - INFO - 数据库连接已关闭
