2026-02-24 23:43:26 - mkk_pika - main.py:193 - INFO - =======================================================================
2026-02-24 23:43:26 - mkk_pika - database.py:61 - INFO - 表和索引初始化成功
2026-02-24 23:43:26 - mkk_pika - main.py:197 - INFO - 已经累计下载2537本漫画
2026-02-24 23:43:27 - mkk_pika - api.py:87 - INFO - 登录成功
2026-02-24 23:43:27 - mkk_pika - main.py:203 - INFO - 收藏夹共计0本漫画
2026-02-24 23:43:27 - mkk_pika - main.py:206 - INFO - 开始下载收藏夹内未下载内容
2026-02-24 23:43:27 - mkk_pika - main.py:266 - INFO - 收藏夹内容下载完毕
2026-02-24 23:43:27 - mkk_pika - main.py:268 - INFO - 开始下载订阅内容
2026-02-24 23:43:27 - mkk_pika - database.py:258 - INFO - 根据ID查询到标题：萝莉 -> (C106) cutie buds
2026-02-24 23:43:28 - mkk_pika - database.py:101 - INFO - 保存成功：(C106) cutie buds
2026-02-24 23:43:28 - mkk_pika - main.py:273 - INFO - 关键词萝莉找到0本漫画
2026-02-24 23:43:28 - mkk_pika - database.py:258 - INFO - 根据ID查询到标题：蘿莉 -> 幽愛少女～幽霊を愛する不思議な少女とあまあまキスハグ密着えっち～
2026-02-24 23:43:29 - mkk_pika - database.py:101 - INFO - 保存成功：地球の犯し方 総集編Part1 [DL版][中国翻译]
2026-02-24 23:43:29 - mkk_pika - main.py:273 - INFO - 关键词蘿莉找到4本漫画
2026-02-24 23:43:29 - mkk_pika - main.py:275 - INFO - 订阅内容共计4本漫画
2026-02-24 23:43:29 - mkk_pika - main.py:35 - INFO - 开始检查地球の犯し方 総集編Part1 [DL版][中国翻译]是否存在未下载章节
2026-02-24 23:43:30 - mkk_pika - main.py:45 - INFO - 正在下载:[地球の犯し方 総集編Part1 [DL版][中国翻译]]-[排煙機関 (沼田しずむ)]-[['長篇', '單行本']]-[total_pages:-1]
2026-02-24 23:43:30 - mkk_pika - main.py:49 - INFO - [{'_id': '699dd1f8f8b8ee630c782eee', 'title': 'Part1生肉', 'order': 1, 'updated_at': '2026-02-23T19:53:52.678Z', 'id': '699dd1f8f8b8ee630c782eee'}, {'_id': '699dd1f8f8b8ee630c782eef', 'title': 'Part1熟肉', 'order': 2, 'updated_at': '2026-02-23T20:09:11.698Z', 'id': '699dd1f8f8b8ee630c782eef'}]
2026-02-24 23:43:30 - mkk_pika - database.py:215 - INFO - 第一次下载该漫画，记录数据库中
2026-02-24 23:43:32 - mkk_pika - main.py:83 - INFO - 找到 244 张图片在:Part1生肉
2026-02-24 23:43:43 - mkk_pika - main.py:26 - ERROR - Attempt 1 timeout for https://storage-b.picacomic.com/static/tobs/f21a42ab-3f50-4bf5-84cc-d459942e9deb.jpg
2026-02-24 23:43:44 - mkk_pika - main.py:26 - ERROR - Attempt 1 timeout for https://storage-b.picacomic.com/static/tobs/77d48dd0-c39c-44d0-ae21-29b9f6f2c87d.jpg
2026-02-24 23:43:52 - mkk_pika - main.py:112 - INFO - [episode:Part1生肉   ] downloaded:   244, total: 244, progress:100%
2026-02-24 23:43:52 - mkk_pika - database.py:238 - INFO - 数据库更新已下载章节
2026-02-24 23:43:52 - mkk_pika - database.py:244 - INFO - 该漫画已下载章节如下
2026-02-24 23:43:52 - mkk_pika - database.py:245 - INFO - ['Part1生肉']
2026-02-24 23:44:05 - mkk_pika - main.py:319 - ERROR - Download failed for 地球の犯し方 総集編Part1 [DL版][中国翻译], with Exception:HTTPSConnectionPool(host='picaapi.picacomic.com', port=443): Read timed out. (read timeout=10)
2026-02-24 23:44:05 - mkk_pika - main.py:35 - INFO - 开始检查こづくりだぶるびーすと (Fatekaleid liner プリズマ☆イリヤ) [中国翻訳][DL版]是否存在未下载章节
2026-02-24 23:44:05 - mkk_pika - main.py:45 - INFO - 正在下载:[こづくりだぶるびーすと (Fatekaleid liner プリズマ☆イリヤ) [中国翻訳][DL版]]-[コテ絵]-[['短篇', '同人', 'Fate']]-[total_pages:-1]
2026-02-24 23:44:05 - mkk_pika - main.py:49 - INFO - [{'_id': '699dd1b7f8b8ee630c782eb8', 'title': '熟肉', 'order': 1, 'updated_at': '2026-02-23T18:58:03.443Z', 'id': '699dd1b7f8b8ee630c782eb8'}]
2026-02-24 23:44:05 - mkk_pika - database.py:215 - INFO - 第一次下载该漫画，记录数据库中
2026-02-24 23:44:06 - mkk_pika - main.py:83 - INFO - 找到 49 张图片在:熟肉
2026-02-24 23:44:15 - mkk_pika - main.py:112 - INFO - [episode:熟肉        ] downloaded:    49, total:  49, progress:100%
2026-02-24 23:44:15 - mkk_pika - database.py:238 - INFO - 数据库更新已下载章节
2026-02-24 23:44:15 - mkk_pika - database.py:244 - INFO - 该漫画已下载章节如下
2026-02-24 23:44:15 - mkk_pika - database.py:245 - INFO - ['熟肉']
2026-02-24 23:44:17 - mkk_pika - main.py:292 - INFO - ==================== 漫画信息 ====================
                                漫画ID：699dd1b7f8b8ee630c782eb7
                                标题：こづくりだぶるびーすと (Fatekaleid liner プリズマ☆イリヤ) [中国翻訳][DL版]
                                作者：コテ絵
                                是否完结：是
                                总页数：49
                                分类：短篇,同人,Fate
                                章节数：1
                                最后更新时间：2026-02-24T16:28:39.665Z
                                =================================================
2026-02-24 23:44:17 - mkk_pika - database.py:101 - INFO - 保存成功：こづくりだぶるびーすと (Fatekaleid liner プリズマ☆イリヤ) [中国翻訳][DL版]
2026-02-24 23:44:17 - mkk_pika - main.py:35 - INFO - 开始检查ぶるあかあなる合同っ！ [DL版][中文机翻]是否存在未下载章节
2026-02-24 23:44:17 - mkk_pika - main.py:45 - INFO - 正在下载:[ぶるあかあなる合同っ！ [DL版][中文机翻]]-[ケツノハルカス (よろず)]-[['長篇', '同人']]-[total_pages:-1]
2026-02-24 23:44:17 - mkk_pika - main.py:49 - INFO - [{'_id': '699dcf7d83398337d04d545e', 'title': '生肉', 'order': 1, 'updated_at': '2026-02-23T12:12:07.622Z', 'id': '699dcf7d83398337d04d545e'}, {'_id': '699dcf7d83398337d04d545f', 'title': '熟肉', 'order': 2, 'updated_at': '2026-02-23T12:16:27.163Z', 'id': '699dcf7d83398337d04d545f'}]
2026-02-24 23:44:17 - mkk_pika - database.py:215 - INFO - 第一次下载该漫画，记录数据库中
2026-02-24 23:44:18 - mkk_pika - main.py:83 - INFO - 找到 30 张图片在:生肉
2026-02-24 23:44:18 - mkk_pika - main.py:112 - INFO - [episode:生肉        ] downloaded:    30, total:  30, progress:100%
2026-02-24 23:44:18 - mkk_pika - database.py:238 - INFO - 数据库更新已下载章节
2026-02-24 23:44:18 - mkk_pika - database.py:244 - INFO - 该漫画已下载章节如下
2026-02-24 23:44:18 - mkk_pika - database.py:245 - INFO - ['生肉']
2026-02-24 23:44:20 - mkk_pika - main.py:83 - INFO - 找到 30 张图片在:熟肉
2026-02-24 23:44:21 - mkk_pika - main.py:112 - INFO - [episode:熟肉        ] downloaded:    30, total:  30, progress:100%
2026-02-24 23:44:21 - mkk_pika - database.py:238 - INFO - 数据库更新已下载章节
2026-02-24 23:44:21 - mkk_pika - database.py:244 - INFO - 该漫画已下载章节如下
2026-02-24 23:44:21 - mkk_pika - database.py:245 - INFO - ['生肉', '熟肉']
2026-02-24 23:44:22 - mkk_pika - main.py:292 - INFO - ==================== 漫画信息 ====================
                                漫画ID：699dcf7d83398337d04d545d
                                标题：ぶるあかあなる合同っ！ [DL版][中文机翻]
                                作者：ケツノハルカス (よろず)
                                是否完结：是
                                总页数：60
                                分类：長篇,同人
                                章节数：2
                                最后更新时间：2026-02-24T16:19:09.709Z
                                =================================================
2026-02-24 23:44:22 - mkk_pika - database.py:101 - INFO - 保存成功：ぶるあかあなる合同っ！ [DL版][中文机翻]
2026-02-24 23:44:22 - mkk_pika - main.py:35 - INFO - 开始检查アヌビスのエロ死者審判+アヌビスのエロ調査!ロリコンを逮捕するよ♥是否存在未下载章节
2026-02-24 23:44:23 - mkk_pika - main.py:45 - INFO - 正在下载:[アヌビスのエロ死者審判+アヌビスのエロ調査!ロリコンを逮捕するよ♥]-[褐色のしおり (すりお)]-[['長篇']]-[total_pages:-1]
2026-02-24 23:44:23 - mkk_pika - main.py:49 - INFO - [{'_id': '653e681b3aabfc045bc647ce', 'title': '第1話', 'order': 1, 'updated_at': '2023-10-28T15:21:23.318Z', 'id': '653e681b3aabfc045bc647ce'}, {'_id': '699dcecb83398337d04d5257', 'title': '無修正1', 'order': 2, 'updated_at': '2026-02-23T12:06:27.847Z', 'id': '699dcecb83398337d04d5257'}, {'_id': '699dcecb83398337d04d5258', 'title': '無修正2', 'order': 3, 'updated_at': '2026-02-23T12:11:32.099Z', 'id': '699dcecb83398337d04d5258'}]
2026-02-24 23:44:23 - mkk_pika - database.py:215 - INFO - 第一次下载该漫画，记录数据库中
2026-02-24 23:44:23 - mkk_pika - main.py:83 - INFO - 找到 28 张图片在:第1話
2026-02-24 23:44:24 - mkk_pika - main.py:112 - INFO - [episode:第1話       ] downloaded:    28, total:  28, progress:100%
2026-02-24 23:44:24 - mkk_pika - database.py:238 - INFO - 数据库更新已下载章节
2026-02-24 23:44:24 - mkk_pika - database.py:244 - INFO - 该漫画已下载章节如下
2026-02-24 23:44:24 - mkk_pika - database.py:245 - INFO - ['第1話']
2026-02-24 23:44:26 - mkk_pika - main.py:83 - INFO - 找到 26 张图片在:無修正1
2026-02-24 23:44:27 - mkk_pika - main.py:112 - INFO - [episode:無修正1      ] downloaded:    26, total:  26, progress:100%
2026-02-24 23:44:27 - mkk_pika - database.py:238 - INFO - 数据库更新已下载章节
2026-02-24 23:44:27 - mkk_pika - database.py:244 - INFO - 该漫画已下载章节如下
2026-02-24 23:44:27 - mkk_pika - database.py:245 - INFO - ['第1話', '無修正1']
2026-02-24 23:44:29 - mkk_pika - main.py:83 - INFO - 找到 38 张图片在:無修正2
2026-02-24 23:44:30 - mkk_pika - main.py:112 - INFO - [episode:無修正2      ] downloaded:    38, total:  38, progress:100%
2026-02-24 23:44:30 - mkk_pika - database.py:238 - INFO - 数据库更新已下载章节
2026-02-24 23:44:30 - mkk_pika - database.py:244 - INFO - 该漫画已下载章节如下
2026-02-24 23:44:30 - mkk_pika - database.py:245 - INFO - ['第1話', '無修正1', '無修正2']
2026-02-24 23:44:31 - mkk_pika - main.py:292 - INFO - ==================== 漫画信息 ====================
                                漫画ID：653912ccbbbc38498badcadf
                                标题：アヌビスのエロ死者審判+アヌビスのエロ調査!ロリコンを逮捕するよ♥
                                作者：褐色のしおり (すりお)
                                是否完结：是
                                总页数：92
                                分类：長篇
                                章节数：3
                                最后更新时间：2026-02-24T16:16:11.295Z
                                =================================================
2026-02-24 23:44:31 - mkk_pika - database.py:101 - INFO - 保存成功：アヌビスのエロ死者審判+アヌビスのエロ調査!ロリコンを逮捕するよ♥
2026-02-24 23:44:31 - mkk_pika - main.py:323 - INFO - 订阅内容内容下载完毕
2026-02-24 23:44:31 - mkk_pika - main.py:324 - INFO - 开始分批下载全部章节
2026-02-24 23:44:31 - mkk_pika - database.py:280 - INFO - 表和索引初始化成功
2026-02-24 23:44:31 - mkk_pika - main.py:177 - INFO - 已经下载了127页，一共6759页，现在开始添加第128页
2026-02-24 23:44:32 - mkk_pika - database.py:318 - INFO - 保存成功
2026-02-24 23:44:32 - mkk_pika - main.py:177 - INFO - 已经下载了128页，一共6759页，现在开始添加第129页
2026-02-24 23:44:33 - mkk_pika - database.py:318 - INFO - 保存成功
2026-02-24 23:44:33 - mkk_pika - main.py:331 - INFO - 分批下载共计40本漫画
2026-02-24 23:44:33 - mkk_pika - main.py:35 - INFO - 开始检查[空気系★汉化] (SC56) [むげん@WORKS (秋月秋名)] thought to accelerate (アクセルワールド)是否存在未下载章节
2026-02-24 23:44:33 - mkk_pika - main.py:45 - INFO - 正在下载:[[空気系★汉化] (SC56) [むげん@WORKS (秋月秋名)] thought to accelerate (アクセルワールド)]-[むげん@WORKS (秋月秋名)]-[['同人', '短篇']]-[total_pages:27]
2026-02-24 23:44:33 - mkk_pika - main.py:49 - INFO - [{'_id': '582194215f6b9a4f93e68a53', 'title': '第1集', 'order': 1, 'updated_at': '2016-11-08T09:00:17.837Z', 'id': '582194215f6b9a4f93e68a53'}]
2026-02-24 23:44:33 - mkk_pika - database.py:215 - INFO - 第一次下载该漫画，记录数据库中
2026-02-24 23:44:34 - mkk_pika - main.py:83 - INFO - 找到 27 张图片在:第1集
2026-02-24 23:44:34 - mkk_pika - main.py:112 - INFO - [episode:第1集       ] downloaded:    27, total:  27, progress:100%
2026-02-24 23:44:34 - mkk_pika - database.py:238 - INFO - 数据库更新已下载章节
2026-02-24 23:44:34 - mkk_pika - database.py:244 - INFO - 该漫画已下载章节如下
2026-02-24 23:44:34 - mkk_pika - database.py:245 - INFO - ['第1集']
2026-02-24 23:44:36 - mkk_pika - main.py:348 - INFO - ==================== 漫画信息 ====================
                                   漫画ID：582194215f6b9a4f93e68a51
                                   标题：[空気系★汉化] (SC56) [むげん@WORKS (秋月秋名)] thought to accelerate (アクセルワールド)
                                   作者：むげん@WORKS (秋月秋名)
                                   是否完结：是
                                   总页数：27
                                   分类：同人,短篇
                                   章节数：1
                                   最后更新时间：2010-02-09T18:47:15.000Z
                                   =================================================
2026-02-24 23:44:36 - mkk_pika - database.py:101 - INFO - 保存成功：[空気系★汉化] (SC56) [むげん@WORKS (秋月秋名)] thought to accelerate (アクセルワールド)
2026-02-24 23:44:36 - mkk_pika - main.py:35 - INFO - 开始检查[せいほうけい] 園児のための新しい教育 (Comic LO 2014是否存在未下载章节
2026-02-24 23:44:36 - mkk_pika - main.py:45 - INFO - 正在下载:[[せいほうけい] 園児のための新しい教育 (Comic LO 2014]-[せいほうけい]-[['短篇']]-[total_pages:20]
2026-02-24 23:44:36 - mkk_pika - main.py:49 - INFO - [{'_id': '582194225f6b9a4f93e68a8d', 'title': '第1集', 'order': 1, 'updated_at': '2016-11-08T09:00:18.527Z', 'id': '582194225f6b9a4f93e68a8d'}]
2026-02-24 23:44:36 - mkk_pika - database.py:215 - INFO - 第一次下载该漫画，记录数据库中
2026-02-24 23:44:37 - mkk_pika - main.py:83 - INFO - 找到 20 张图片在:第1集
2026-02-24 23:44:38 - mkk_pika - main.py:112 - INFO - [episode:第1集       ] downloaded:    20, total:  20, progress:100%
2026-02-24 23:44:38 - mkk_pika - database.py:238 - INFO - 数据库更新已下载章节
2026-02-24 23:44:38 - mkk_pika - database.py:244 - INFO - 该漫画已下载章节如下
2026-02-24 23:44:38 - mkk_pika - database.py:245 - INFO - ['第1集']
2026-02-24 23:44:39 - mkk_pika - main.py:348 - INFO - ==================== 漫画信息 ====================
                                   漫画ID：582194225f6b9a4f93e68a8b
                                   标题：[せいほうけい] 園児のための新しい教育 (Comic LO 2014
                                   作者：せいほうけい
                                   是否完结：是
                                   总页数：20
                                   分类：短篇
                                   章节数：1
                                   最后更新时间：2010-02-10T04:47:15.000Z
                                   =================================================
2026-02-24 23:44:39 - mkk_pika - database.py:101 - INFO - 保存成功：[せいほうけい] 園児のための新しい教育 (Comic LO 2014
2026-02-24 23:44:39 - mkk_pika - main.py:35 - INFO - 开始检查[そりむらようじ] はにぃとらっぷ (コミックゼロエクス Vol.17 2009年5月号)[上了媽媽才發現竟非處女崩潰不已漢化組]是否存在未下载章节
2026-02-24 23:44:39 - mkk_pika - main.py:45 - INFO - 正在下载:[[そりむらようじ] はにぃとらっぷ (コミックゼロエクス Vol.17 2009年5月号)[上了媽媽才發現竟非處女崩潰不已漢化組]]-[そりむらようじ]-[['短篇', '全彩']]-[total_pages:11]
2026-02-24 23:44:39 - mkk_pika - main.py:49 - INFO - [{'_id': '582194235f6b9a4f93e68ab9', 'title': '第1集', 'order': 1, 'updated_at': '2016-11-08T09:00:19.218Z', 'id': '582194235f6b9a4f93e68ab9'}]
2026-02-24 23:44:39 - mkk_pika - database.py:215 - INFO - 第一次下载该漫画，记录数据库中
2026-02-24 23:44:40 - mkk_pika - main.py:83 - INFO - 找到 11 张图片在:第1集
2026-02-24 23:44:40 - mkk_pika - main.py:112 - INFO - [episode:第1集       ] downloaded:    11, total:  11, progress:100%
2026-02-24 23:44:40 - mkk_pika - database.py:238 - INFO - 数据库更新已下载章节
2026-02-24 23:44:40 - mkk_pika - database.py:244 - INFO - 该漫画已下载章节如下
2026-02-24 23:44:40 - mkk_pika - database.py:245 - INFO - ['第1集']
2026-02-24 23:44:41 - mkk_pika - main.py:348 - INFO - ==================== 漫画信息 ====================
                                   漫画ID：582194225f6b9a4f93e68ab7
                                   标题：[そりむらようじ] はにぃとらっぷ (コミックゼロエクス Vol.17 2009年5月号)[上了媽媽才發現竟非處女崩潰不已漢化組]
                                   作者：そりむらようじ
                                   是否完结：是
                                   总页数：11
                                   分类：短篇,全彩
                                   章节数：1
                                   最后更新时间：2010-02-10T14:47:15.000Z
                                   =================================================
2026-02-24 23:44:41 - mkk_pika - database.py:101 - INFO - 保存成功：[そりむらようじ] はにぃとらっぷ (コミックゼロエクス Vol.17 2009年5月号)[上了媽媽才發現竟非處女崩潰不已漢化組]
2026-02-24 23:44:41 - mkk_pika - main.py:35 - INFO - 开始检查ボクらの銭湯 (COMIC Masyo 2014-08)是否存在未下载章节
2026-02-24 23:44:42 - mkk_pika - main.py:45 - INFO - 正在下载:[ボクらの銭湯 (COMIC Masyo 2014-08)]-[たまちゆき]-[['短篇']]-[total_pages:24]
2026-02-24 23:44:42 - mkk_pika - main.py:49 - INFO - [{'_id': '5d20d8c3899f634c7bda4e78', 'title': '第1集', 'order': 1, 'updated_at': '2019-07-06T15:12:08.730Z', 'id': '5d20d8c3899f634c7bda4e78'}]
2026-02-24 23:44:42 - mkk_pika - database.py:215 - INFO - 第一次下载该漫画，记录数据库中
2026-02-24 23:44:42 - mkk_pika - main.py:83 - INFO - 找到 24 张图片在:第1集
2026-02-24 23:44:43 - mkk_pika - main.py:112 - INFO - [episode:第1集       ] downloaded:    24, total:  24, progress:100%
2026-02-24 23:44:43 - mkk_pika - database.py:238 - INFO - 数据库更新已下载章节
2026-02-24 23:44:43 - mkk_pika - database.py:244 - INFO - 该漫画已下载章节如下
2026-02-24 23:44:43 - mkk_pika - database.py:245 - INFO - ['第1集']
2026-02-24 23:44:44 - mkk_pika - main.py:348 - INFO - ==================== 漫画信息 ====================
                                   漫画ID：582194235f6b9a4f93e68afd
                                   标题：ボクらの銭湯 (COMIC Masyo 2014-08)
                                   作者：たまちゆき
                                   是否完结：是
                                   总页数：24
                                   分类：短篇
                                   章节数：1
                                   最后更新时间：2010-02-11T10:47:15.000Z
                                   =================================================
2026-02-24 23:44:44 - mkk_pika - database.py:101 - INFO - 保存成功：ボクらの銭湯 (COMIC Masyo 2014-08)
2026-02-24 23:44:44 - mkk_pika - main.py:35 - INFO - 开始检查[へんりいだ] ごとーち☆ごほーし (COMIC 快楽天XTC)是否存在未下载章节
2026-02-24 23:44:45 - mkk_pika - main.py:45 - INFO - 正在下载:[[へんりいだ] ごとーち☆ごほーし (COMIC 快楽天XTC)]-[へんりいだ]-[['短篇', '全彩']]-[total_pages:8]
2026-02-24 23:44:45 - mkk_pika - main.py:49 - INFO - [{'_id': '582194255f6b9a4f93e68be9', 'title': '第1集', 'order': 1, 'updated_at': '2016-11-08T09:00:21.302Z', 'id': '582194255f6b9a4f93e68be9'}]
2026-02-24 23:44:45 - mkk_pika - database.py:215 - INFO - 第一次下载该漫画，记录数据库中
2026-02-24 23:44:45 - mkk_pika - main.py:83 - INFO - 找到 8 张图片在:第1集
2026-02-24 23:44:45 - mkk_pika - main.py:112 - INFO - [episode:第1集       ] downloaded:     8, total:   8, progress:100%
2026-02-24 23:44:45 - mkk_pika - database.py:238 - INFO - 数据库更新已下载章节
2026-02-24 23:44:45 - mkk_pika - database.py:244 - INFO - 该漫画已下载章节如下
2026-02-24 23:44:45 - mkk_pika - database.py:245 - INFO - ['第1集']
2026-02-24 23:44:47 - mkk_pika - main.py:348 - INFO - ==================== 漫画信息 ====================
                                   漫画ID：582194255f6b9a4f93e68be7
                                   标题：[へんりいだ] ごとーち☆ごほーし (COMIC 快楽天XTC)
                                   作者：へんりいだ
                                   是否完结：是
                                   总页数：8
                                   分类：短篇,全彩
                                   章节数：1
                                   最后更新时间：2010-02-12T06:47:15.000Z
                                   =================================================
2026-02-24 23:44:47 - mkk_pika - database.py:101 - INFO - 保存成功：[へんりいだ] ごとーち☆ごほーし (COMIC 快楽天XTC)
2026-02-24 23:44:47 - mkk_pika - main.py:35 - INFO - 开始检查[みさお。] おしえてあげる (COMIC LO 2012年01月号)(Kuro汉化)是否存在未下载章节
2026-02-24 23:44:47 - mkk_pika - main.py:45 - INFO - 正在下载:[[みさお。] おしえてあげる (COMIC LO 2012年01月号)(Kuro汉化)]-[みさお。]-[['短篇', '全彩']]-[total_pages:8]
2026-02-24 23:44:47 - mkk_pika - main.py:49 - INFO - [{'_id': '582194255f6b9a4f93e68bfd', 'title': '第1集', 'order': 1, 'updated_at': '2016-11-08T09:00:21.917Z', 'id': '582194255f6b9a4f93e68bfd'}]
2026-02-24 23:44:47 - mkk_pika - database.py:215 - INFO - 第一次下载该漫画，记录数据库中
2026-02-24 23:44:48 - mkk_pika - main.py:83 - INFO - 找到 8 张图片在:第1集
2026-02-24 23:44:48 - mkk_pika - main.py:112 - INFO - [episode:第1集       ] downloaded:     8, total:   8, progress:100%
2026-02-24 23:44:48 - mkk_pika - database.py:238 - INFO - 数据库更新已下载章节
2026-02-24 23:44:48 - mkk_pika - database.py:244 - INFO - 该漫画已下载章节如下
2026-02-24 23:44:48 - mkk_pika - database.py:245 - INFO - ['第1集']
2026-02-24 23:44:49 - mkk_pika - main.py:348 - INFO - ==================== 漫画信息 ====================
                                   漫画ID：582194255f6b9a4f93e68bfb
                                   标题：[みさお。] おしえてあげる (COMIC LO 2012年01月号)(Kuro汉化)
                                   作者：みさお。
                                   是否完结：是
                                   总页数：8
                                   分类：短篇,全彩
                                   章节数：1
                                   最后更新时间：2010-02-12T16:47:15.000Z
                                   =================================================
2026-02-24 23:44:49 - mkk_pika - database.py:101 - INFO - 保存成功：[みさお。] おしえてあげる (COMIC LO 2012年01月号)(Kuro汉化)
2026-02-24 23:44:49 - mkk_pika - main.py:35 - INFO - 开始检查[ライトコーラル (富)] ナイショのおゆうぎ会 [hgd mangabase汉化] [digital]是否存在未下载章节
2026-02-24 23:44:49 - mkk_pika - main.py:45 - INFO - 正在下载:[[ライトコーラル (富)] ナイショのおゆうぎ会 [hgd mangabase汉化] [digital]]-[ライトコーラル (富)]-[['短篇', '強暴']]-[total_pages:19]
2026-02-24 23:44:49 - mkk_pika - main.py:49 - INFO - [{'_id': '582194265f6b9a4f93e68c11', 'title': '第1集', 'order': 1, 'updated_at': '2016-11-08T09:00:22.252Z', 'id': '582194265f6b9a4f93e68c11'}]
2026-02-24 23:44:49 - mkk_pika - database.py:215 - INFO - 第一次下载该漫画，记录数据库中
2026-02-24 23:44:50 - mkk_pika - main.py:83 - INFO - 找到 19 张图片在:第1集
2026-02-24 23:44:50 - mkk_pika - main.py:112 - INFO - [episode:第1集       ] downloaded:    19, total:  19, progress:100%
2026-02-24 23:44:50 - mkk_pika - database.py:238 - INFO - 数据库更新已下载章节
2026-02-24 23:44:50 - mkk_pika - database.py:244 - INFO - 该漫画已下载章节如下
2026-02-24 23:44:50 - mkk_pika - database.py:245 - INFO - ['第1集']
2026-02-24 23:44:52 - mkk_pika - main.py:348 - INFO - ==================== 漫画信息 ====================
                                   漫画ID：582194255f6b9a4f93e68c0f
                                   标题：[ライトコーラル (富)] ナイショのおゆうぎ会 [hgd mangabase汉化] [digital]
                                   作者：ライトコーラル (富)
                                   是否完结：是
                                   总页数：19
                                   分类：短篇,強暴
                                   章节数：1
                                   最后更新时间：2010-02-13T02:47:15.000Z
                                   =================================================
2026-02-24 23:44:52 - mkk_pika - database.py:101 - INFO - 保存成功：[ライトコーラル (富)] ナイショのおゆうぎ会 [hgd mangabase汉化] [digital]
2026-02-24 23:44:52 - mkk_pika - main.py:35 - INFO - 开始检查[宮野木ジジ] 雨宿り(Comic_Lo 2014-02)[oxt04389漢化]是否存在未下载章节
2026-02-24 23:44:52 - mkk_pika - main.py:45 - INFO - 正在下载:[[宮野木ジジ] 雨宿り(Comic_Lo 2014-02)[oxt04389漢化]]-[宮野木ジジ]-[['短篇']]-[total_pages:20]
2026-02-24 23:44:52 - mkk_pika - main.py:49 - INFO - [{'_id': '582194265f6b9a4f93e68c3b', 'title': '第1集', 'order': 1, 'updated_at': '2016-11-08T09:00:22.645Z', 'id': '582194265f6b9a4f93e68c3b'}]
2026-02-24 23:44:52 - mkk_pika - database.py:215 - INFO - 第一次下载该漫画，记录数据库中
2026-02-24 23:44:53 - mkk_pika - main.py:83 - INFO - 找到 20 张图片在:第1集
2026-02-24 23:44:54 - mkk_pika - main.py:112 - INFO - [episode:第1集       ] downloaded:    20, total:  20, progress:100%
2026-02-24 23:44:54 - mkk_pika - database.py:238 - INFO - 数据库更新已下载章节
2026-02-24 23:44:54 - mkk_pika - database.py:244 - INFO - 该漫画已下载章节如下
2026-02-24 23:44:54 - mkk_pika - database.py:245 - INFO - ['第1集']
2026-02-24 23:44:55 - mkk_pika - main.py:348 - INFO - ==================== 漫画信息 ====================
                                   漫画ID：582194265f6b9a4f93e68c39
                                   标题：[宮野木ジジ] 雨宿り(Comic_Lo 2014-02)[oxt04389漢化]
                                   作者：宮野木ジジ
                                   是否完结：是
                                   总页数：20
                                   分类：短篇
                                   章节数：1
                                   最后更新时间：2010-02-13T12:47:15.000Z
                                   =================================================
2026-02-24 23:44:55 - mkk_pika - database.py:101 - INFO - 保存成功：[宮野木ジジ] 雨宿り(Comic_Lo 2014-02)[oxt04389漢化]
2026-02-24 23:44:55 - mkk_pika - main.py:35 - INFO - 开始检查[古龙龙汉化][黒本君] ロリな恋人(Comic LO 2014.07)是否存在未下载章节
2026-02-24 23:44:55 - mkk_pika - main.py:45 - INFO - 正在下载:[[古龙龙汉化][黒本君] ロリな恋人(Comic LO 2014.07)]-[黒本君]-[['短篇', '純愛']]-[total_pages:24]
2026-02-24 23:44:55 - mkk_pika - main.py:49 - INFO - [{'_id': '582194275f6b9a4f93e68c67', 'title': '第1集', 'order': 1, 'updated_at': '2016-11-08T09:00:23.064Z', 'id': '582194275f6b9a4f93e68c67'}]
2026-02-24 23:44:55 - mkk_pika - database.py:215 - INFO - 第一次下载该漫画，记录数据库中
2026-02-24 23:44:56 - mkk_pika - main.py:83 - INFO - 找到 24 张图片在:第1集
2026-02-24 23:44:57 - mkk_pika - main.py:112 - INFO - [episode:第1集       ] downloaded:    24, total:  24, progress:100%
2026-02-24 23:44:57 - mkk_pika - database.py:238 - INFO - 数据库更新已下载章节
2026-02-24 23:44:57 - mkk_pika - database.py:244 - INFO - 该漫画已下载章节如下
2026-02-24 23:44:57 - mkk_pika - database.py:245 - INFO - ['第1集']
2026-02-24 23:44:58 - mkk_pika - main.py:348 - INFO - ==================== 漫画信息 ====================
                                   漫画ID：582194265f6b9a4f93e68c65
                                   标题：[古龙龙汉化][黒本君] ロリな恋人(Comic LO 2014.07)
                                   作者：黒本君
                                   是否完结：是
                                   总页数：24
                                   分类：短篇,純愛
                                   章节数：1
                                   最后更新时间：2010-02-13T22:47:15.000Z
                                   =================================================
2026-02-24 23:44:58 - mkk_pika - database.py:101 - INFO - 保存成功：[古龙龙汉化][黒本君] ロリな恋人(Comic LO 2014.07)
2026-02-24 23:44:58 - mkk_pika - main.py:35 - INFO - 开始检查AS109的忍野忍本子彩蛋补完是否存在未下载章节
2026-02-24 23:44:58 - mkk_pika - main.py:45 - INFO - 正在下载:[AS109的忍野忍本子彩蛋补完]-[As109]-[['同人', '短篇', '全彩']]-[total_pages:6]
2026-02-24 23:44:58 - mkk_pika - main.py:49 - INFO - [{'_id': '582194275f6b9a4f93e68c9b', 'title': '第1集', 'order': 1, 'updated_at': '2016-11-08T09:00:23.426Z', 'id': '582194275f6b9a4f93e68c9b'}]
2026-02-24 23:44:58 - mkk_pika - database.py:215 - INFO - 第一次下载该漫画，记录数据库中
2026-02-24 23:44:59 - mkk_pika - main.py:83 - INFO - 找到 6 张图片在:第1集
2026-02-24 23:44:59 - mkk_pika - main.py:112 - INFO - [episode:第1集       ] downloaded:     6, total:   6, progress:100%
2026-02-24 23:44:59 - mkk_pika - database.py:238 - INFO - 数据库更新已下载章节
2026-02-24 23:44:59 - mkk_pika - database.py:244 - INFO - 该漫画已下载章节如下
2026-02-24 23:44:59 - mkk_pika - database.py:245 - INFO - ['第1集']
2026-02-24 23:45:00 - mkk_pika - main.py:348 - INFO - ==================== 漫画信息 ====================
                                   漫画ID：582194275f6b9a4f93e68c99
                                   标题：AS109的忍野忍本子彩蛋补完
                                   作者：As109
                                   是否完结：是
                                   总页数：6
                                   分类：同人,短篇,全彩
                                   章节数：1
                                   最后更新时间：2010-02-14T08:47:15.000Z
                                   =================================================
2026-02-24 23:45:00 - mkk_pika - database.py:101 - INFO - 保存成功：AS109的忍野忍本子彩蛋补完
2026-02-24 23:45:00 - mkk_pika - main.py:35 - INFO - 开始检查(C88)妹となつやすみ是否存在未下载章节
2026-02-24 23:45:01 - mkk_pika - main.py:45 - INFO - 正在下载:[(C88)妹となつやすみ]-[23.4ド(イチリ)]-[['短篇', '妹妹系', '純愛']]-[total_pages:28]
2026-02-24 23:45:01 - mkk_pika - main.py:49 - INFO - [{'_id': '582194285f6b9a4f93e68cab', 'title': '第1集', 'order': 1, 'updated_at': '2016-11-08T09:00:24.063Z', 'id': '582194285f6b9a4f93e68cab'}]
2026-02-24 23:45:01 - mkk_pika - database.py:215 - INFO - 第一次下载该漫画，记录数据库中
2026-02-24 23:45:01 - mkk_pika - main.py:83 - INFO - 找到 28 张图片在:第1集
2026-02-24 23:45:02 - mkk_pika - main.py:112 - INFO - [episode:第1集       ] downloaded:    28, total:  28, progress:100%
2026-02-24 23:45:02 - mkk_pika - database.py:238 - INFO - 数据库更新已下载章节
2026-02-24 23:45:02 - mkk_pika - database.py:244 - INFO - 该漫画已下载章节如下
2026-02-24 23:45:02 - mkk_pika - database.py:245 - INFO - ['第1集']
2026-02-24 23:45:03 - mkk_pika - main.py:348 - INFO - ==================== 漫画信息 ====================
                                   漫画ID：582194275f6b9a4f93e68ca9
                                   标题：(C88)妹となつやすみ
                                   作者：23.4ド(イチリ)
                                   是否完结：是
                                   总页数：28
                                   分类：短篇,妹妹系,純愛
                                   章节数：1
                                   最后更新时间：2010-02-14T18:47:15.000Z
                                   =================================================
2026-02-24 23:45:03 - mkk_pika - database.py:101 - INFO - 保存成功：(C88)妹となつやすみ
2026-02-24 23:45:03 - mkk_pika - main.py:35 - INFO - 开始检查[関谷あさみ] 暑い夜 (ジューシー No.01 2013年3月) [中国翻訳]是否存在未下载章节
2026-02-24 23:45:04 - mkk_pika - main.py:45 - INFO - 正在下载:[[関谷あさみ] 暑い夜 (ジューシー No.01 2013年3月) [中国翻訳]]-[関谷あさみ]-[['短篇', '妹妹系']]-[total_pages:22]
2026-02-24 23:45:04 - mkk_pika - main.py:49 - INFO - [{'_id': '582194285f6b9a4f93e68ce7', 'title': '第1集', 'order': 1, 'updated_at': '2016-11-08T09:00:24.701Z', 'id': '582194285f6b9a4f93e68ce7'}]
2026-02-24 23:45:04 - mkk_pika - database.py:215 - INFO - 第一次下载该漫画，记录数据库中
2026-02-24 23:45:04 - mkk_pika - main.py:83 - INFO - 找到 22 张图片在:第1集
2026-02-24 23:45:15 - mkk_pika - main.py:26 - ERROR - Attempt 1 timeout for https://storage1.picacomic.com/static/d373a441-4630-4e62-b88f-4cbb92c46003.jpg
2026-02-24 23:45:15 - mkk_pika - main.py:112 - INFO - [episode:第1集       ] downloaded:    22, total:  22, progress:100%
2026-02-24 23:45:15 - mkk_pika - database.py:238 - INFO - 数据库更新已下载章节
2026-02-24 23:45:15 - mkk_pika - database.py:244 - INFO - 该漫画已下载章节如下
2026-02-24 23:45:15 - mkk_pika - database.py:245 - INFO - ['第1集']
2026-02-24 23:45:16 - mkk_pika - main.py:348 - INFO - ==================== 漫画信息 ====================
                                   漫画ID：582194285f6b9a4f93e68ce5
                                   标题：[関谷あさみ] 暑い夜 (ジューシー No.01 2013年3月) [中国翻訳]
                                   作者：関谷あさみ
                                   是否完结：是
                                   总页数：22
                                   分类：短篇,妹妹系
                                   章节数：1
                                   最后更新时间：2010-02-15T04:47:15.000Z
                                   =================================================
2026-02-24 23:45:16 - mkk_pika - database.py:101 - INFO - 保存成功：[関谷あさみ] 暑い夜 (ジューシー No.01 2013年3月) [中国翻訳]
2026-02-24 23:45:16 - mkk_pika - main.py:35 - INFO - 开始检查[黑条汉化][でこちんハンマー]すみれのDOKIDOKIふぁっきんぐ是否存在未下载章节
2026-02-24 23:45:16 - mkk_pika - main.py:45 - INFO - 正在下载:[[黑条汉化][でこちんハンマー]すみれのDOKIDOKIふぁっきんぐ]-[でこちんハンマー]-[['短篇', '強暴']]-[total_pages:16]
2026-02-24 23:45:16 - mkk_pika - main.py:49 - INFO - [{'_id': '582194295f6b9a4f93e68d17', 'title': '第1集', 'order': 1, 'updated_at': '2016-11-08T09:00:25.091Z', 'id': '582194295f6b9a4f93e68d17'}]
2026-02-24 23:45:16 - mkk_pika - database.py:215 - INFO - 第一次下载该漫画，记录数据库中
2026-02-24 23:45:17 - mkk_pika - main.py:83 - INFO - 找到 16 张图片在:第1集
2026-02-24 23:45:17 - mkk_pika - main.py:112 - INFO - [episode:第1集       ] downloaded:    16, total:  16, progress:100%
2026-02-24 23:45:17 - mkk_pika - database.py:238 - INFO - 数据库更新已下载章节
2026-02-24 23:45:17 - mkk_pika - database.py:244 - INFO - 该漫画已下载章节如下
2026-02-24 23:45:17 - mkk_pika - database.py:245 - INFO - ['第1集']
2026-02-24 23:45:19 - mkk_pika - main.py:348 - INFO - ==================== 漫画信息 ====================
                                   漫画ID：582194285f6b9a4f93e68d15
                                   标题：[黑条汉化][でこちんハンマー]すみれのDOKIDOKIふぁっきんぐ
                                   作者：でこちんハンマー
                                   是否完结：是
                                   总页数：16
                                   分类：短篇,強暴
                                   章节数：1
                                   最后更新时间：2010-02-15T14:47:15.000Z
                                   =================================================
2026-02-24 23:45:19 - mkk_pika - database.py:101 - INFO - 保存成功：[黑条汉化][でこちんハンマー]すみれのDOKIDOKIふぁっきんぐ
2026-02-24 23:45:19 - mkk_pika - main.py:35 - INFO - 开始检查[近衛スバル个人汉化] [萃酔研究所 (みおたま)] りせっとちゃんフィギュアがりせっとちゃんになってほしい本 (ランス・クエスト)是否存在未下载章节
2026-02-24 23:45:19 - mkk_pika - main.py:45 - INFO - 正在下载:[[近衛スバル个人汉化] [萃酔研究所 (みおたま)] りせっとちゃんフィギュアがりせっとちゃんになってほしい本 (ランス・クエスト)]-[萃酔研究所 (みおたま)]-[['短篇']]-[total_pages:19]
2026-02-24 23:45:19 - mkk_pika - main.py:49 - INFO - [{'_id': '582194295f6b9a4f93e68d3b', 'title': '第1集', 'order': 1, 'updated_at': '2016-11-08T09:00:25.917Z', 'id': '582194295f6b9a4f93e68d3b'}]
2026-02-24 23:45:19 - mkk_pika - database.py:215 - INFO - 第一次下载该漫画，记录数据库中
2026-02-24 23:45:20 - mkk_pika - main.py:83 - INFO - 找到 19 张图片在:第1集
2026-02-24 23:45:20 - mkk_pika - main.py:112 - INFO - [episode:第1集       ] downloaded:    19, total:  19, progress:100%
2026-02-24 23:45:20 - mkk_pika - database.py:238 - INFO - 数据库更新已下载章节
2026-02-24 23:45:20 - mkk_pika - database.py:244 - INFO - 该漫画已下载章节如下
2026-02-24 23:45:20 - mkk_pika - database.py:245 - INFO - ['第1集']
2026-02-24 23:45:22 - mkk_pika - main.py:348 - INFO - ==================== 漫画信息 ====================
                                   漫画ID：582194295f6b9a4f93e68d39
                                   标题：[近衛スバル个人汉化] [萃酔研究所 (みおたま)] りせっとちゃんフィギュアがりせっとちゃんになってほしい本 (ランス・クエスト)
                                   作者：萃酔研究所 (みおたま)
                                   是否完结：是
                                   总页数：19
                                   分类：短篇
                                   章节数：1
                                   最后更新时间：2010-02-16T00:47:15.000Z
                                   =================================================
2026-02-24 23:45:22 - mkk_pika - database.py:101 - INFO - 保存成功：[近衛スバル个人汉化] [萃酔研究所 (みおたま)] りせっとちゃんフィギュアがりせっとちゃんになってほしい本 (ランス・クエスト)
2026-02-24 23:45:22 - mkk_pika - main.py:35 - INFO - 开始检查[狼狼汉化][りとる☆はむれっと (きぃら～☆)] 古明地さとり あ～したい こ～したい是否存在未下载章节
2026-02-24 23:45:22 - mkk_pika - main.py:45 - INFO - 正在下载:[[狼狼汉化][りとる☆はむれっと (きぃら～☆)] 古明地さとり あ～したい こ～したい]-[りとる☆はむれっと (きぃら～☆)]-[['同人', '短篇', '全彩']]-[total_pages:35]
2026-02-24 23:45:22 - mkk_pika - main.py:49 - INFO - [{'_id': '5821942a5f6b9a4f93e68d65', 'title': '第1集', 'order': 1, 'updated_at': '2016-11-08T09:00:26.330Z', 'id': '5821942a5f6b9a4f93e68d65'}]
2026-02-24 23:45:22 - mkk_pika - database.py:215 - INFO - 第一次下载该漫画，记录数据库中
2026-02-24 23:45:23 - mkk_pika - main.py:83 - INFO - 找到 35 张图片在:第1集
2026-02-24 23:45:23 - mkk_pika - main.py:112 - INFO - [episode:第1集       ] downloaded:    35, total:  35, progress:100%
2026-02-24 23:45:23 - mkk_pika - database.py:238 - INFO - 数据库更新已下载章节
2026-02-24 23:45:23 - mkk_pika - database.py:244 - INFO - 该漫画已下载章节如下
2026-02-24 23:45:23 - mkk_pika - database.py:245 - INFO - ['第1集']
2026-02-24 23:45:25 - mkk_pika - main.py:348 - INFO - ==================== 漫画信息 ====================
                                   漫画ID：5821942a5f6b9a4f93e68d63
                                   标题：[狼狼汉化][りとる☆はむれっと (きぃら～☆)] 古明地さとり あ～したい こ～したい
                                   作者：りとる☆はむれっと (きぃら～☆)
                                   是否完结：是
                                   总页数：35
                                   分类：同人,短篇,全彩
                                   章节数：1
                                   最后更新时间：2010-02-16T10:47:15.000Z
                                   =================================================
2026-02-24 23:45:25 - mkk_pika - database.py:101 - INFO - 保存成功：[狼狼汉化][りとる☆はむれっと (きぃら～☆)] 古明地さとり あ～したい こ～したい
2026-02-24 23:45:25 - mkk_pika - main.py:35 - INFO - 开始检查[狼娘汉化][SENYEN (吉田浪)] 狙われた緊縛少女是否存在未下载章节
2026-02-24 23:45:25 - mkk_pika - main.py:45 - INFO - 正在下载:[[狼娘汉化][SENYEN (吉田浪)] 狙われた緊縛少女]-[SENYEN (吉田浪)]-[['短篇', '強暴']]-[total_pages:32]
2026-02-24 23:45:25 - mkk_pika - main.py:49 - INFO - [{'_id': '5821942a5f6b9a4f93e68daf', 'title': '第1集', 'order': 1, 'updated_at': '2016-11-08T09:00:26.826Z', 'id': '5821942a5f6b9a4f93e68daf'}]
2026-02-24 23:45:25 - mkk_pika - database.py:215 - INFO - 第一次下载该漫画，记录数据库中
2026-02-24 23:45:26 - mkk_pika - main.py:83 - INFO - 找到 32 张图片在:第1集
2026-02-24 23:45:33 - mkk_pika - main.py:112 - INFO - [episode:第1集       ] downloaded:    32, total:  32, progress:100%
2026-02-24 23:45:33 - mkk_pika - database.py:238 - INFO - 数据库更新已下载章节
2026-02-24 23:45:33 - mkk_pika - database.py:244 - INFO - 该漫画已下载章节如下
2026-02-24 23:45:33 - mkk_pika - database.py:245 - INFO - ['第1集']
2026-02-24 23:45:34 - mkk_pika - main.py:348 - INFO - ==================== 漫画信息 ====================
                                   漫画ID：5821942a5f6b9a4f93e68dad
                                   标题：[狼娘汉化][SENYEN (吉田浪)] 狙われた緊縛少女
                                   作者：SENYEN (吉田浪)
                                   是否完结：是
                                   总页数：32
                                   分类：短篇,強暴
                                   章节数：1
                                   最后更新时间：2010-02-16T20:47:15.000Z
                                   =================================================
2026-02-24 23:45:34 - mkk_pika - database.py:101 - INFO - 保存成功：[狼娘汉化][SENYEN (吉田浪)] 狙われた緊縛少女
2026-02-24 23:45:34 - mkk_pika - main.py:35 - INFO - 开始检查(C88)鈴谷も卵を産んじゃうって本当ですか! (艦隊これくしょん -艦これ-)是否存在未下载章节
2026-02-24 23:45:34 - mkk_pika - main.py:45 - INFO - 正在下载:[(C88)鈴谷も卵を産んじゃうって本当ですか! (艦隊これくしょん -艦これ-)]-[むげん@WORKS (秋月秋名)]-[['同人', '短篇', '艦隊收藏']]-[total_pages:27]
2026-02-24 23:45:34 - mkk_pika - main.py:49 - INFO - [{'_id': '5821942b5f6b9a4f93e68df3', 'title': '第1集', 'order': 1, 'updated_at': '2016-11-08T09:00:27.480Z', 'id': '5821942b5f6b9a4f93e68df3'}]
2026-02-24 23:45:34 - mkk_pika - database.py:215 - INFO - 第一次下载该漫画，记录数据库中
2026-02-24 23:45:35 - mkk_pika - main.py:83 - INFO - 找到 27 张图片在:第1集
2026-02-24 23:45:36 - mkk_pika - main.py:112 - INFO - [episode:第1集       ] downloaded:    27, total:  27, progress:100%
2026-02-24 23:45:36 - mkk_pika - database.py:238 - INFO - 数据库更新已下载章节
2026-02-24 23:45:36 - mkk_pika - database.py:244 - INFO - 该漫画已下载章节如下
2026-02-24 23:45:36 - mkk_pika - database.py:245 - INFO - ['第1集']
2026-02-24 23:45:37 - mkk_pika - main.py:348 - INFO - ==================== 漫画信息 ====================
                                   漫画ID：5821942a5f6b9a4f93e68df1
                                   标题：(C88)鈴谷も卵を産んじゃうって本当ですか! (艦隊これくしょん -艦これ-)
                                   作者：むげん@WORKS (秋月秋名)
                                   是否完结：是
                                   总页数：27
                                   分类：同人,短篇,艦隊收藏
                                   章节数：1
                                   最后更新时间：2010-02-17T06:47:15.000Z
                                   =================================================
2026-02-24 23:45:37 - mkk_pika - database.py:101 - INFO - 保存成功：(C88)鈴谷も卵を産んじゃうって本当ですか! (艦隊これくしょん -艦これ-)
2026-02-24 23:45:37 - mkk_pika - main.py:35 - INFO - 开始检查[Seven Days Holiday (Shinokawa Arumi, Kogabo)] Marriage Experience (Sword Art Online)是否存在未下载章节
2026-02-24 23:45:37 - mkk_pika - main.py:45 - INFO - 正在下载:[[Seven Days Holiday (Shinokawa Arumi, Kogabo)] Marriage Experience (Sword Art Online)]-[Seven Days Holiday]-[['同人', '短篇', 'SAO 刀劍神域', '純愛']]-[total_pages:24]
2026-02-24 23:45:37 - mkk_pika - main.py:49 - INFO - [{'_id': '5821942b5f6b9a4f93e68e2d', 'title': '第1集', 'order': 1, 'updated_at': '2016-11-08T09:00:27.847Z', 'id': '5821942b5f6b9a4f93e68e2d'}]
2026-02-24 23:45:37 - mkk_pika - database.py:215 - INFO - 第一次下载该漫画，记录数据库中
2026-02-24 23:45:38 - mkk_pika - main.py:83 - INFO - 找到 24 张图片在:第1集
2026-02-24 23:45:39 - mkk_pika - main.py:112 - INFO - [episode:第1集       ] downloaded:    24, total:  24, progress:100%
2026-02-24 23:45:39 - mkk_pika - database.py:238 - INFO - 数据库更新已下载章节
2026-02-24 23:45:39 - mkk_pika - database.py:244 - INFO - 该漫画已下载章节如下
2026-02-24 23:45:39 - mkk_pika - database.py:245 - INFO - ['第1集']
2026-02-24 23:45:40 - mkk_pika - main.py:348 - INFO - ==================== 漫画信息 ====================
                                   漫画ID：5821942b5f6b9a4f93e68e2b
                                   标题：[Seven Days Holiday (Shinokawa Arumi, Kogabo)] Marriage Experience (Sword Art Online)
                                   作者：Seven Days Holiday
                                   是否完结：否
                                   总页数：24
                                   分类：同人,短篇,SAO 刀劍神域,純愛
                                   章节数：1
                                   最后更新时间：2010-02-17T16:47:15.000Z
                                   =================================================
2026-02-24 23:45:40 - mkk_pika - database.py:101 - INFO - 保存成功：[Seven Days Holiday (Shinokawa Arumi, Kogabo)] Marriage Experience (Sword Art Online)
2026-02-24 23:45:40 - mkk_pika - main.py:35 - INFO - 开始检查[狼娘汉化][ひとりようのポット] 放課後バージンロード!!是否存在未下载章节
2026-02-24 23:45:40 - mkk_pika - main.py:45 - INFO - 正在下载:[[狼娘汉化][ひとりようのポット] 放課後バージンロード!!]-[ひとりようのポット]-[['短篇']]-[total_pages:30]
2026-02-24 23:45:40 - mkk_pika - main.py:49 - INFO - [{'_id': '5821942c5f6b9a4f93e68e61', 'title': '第1集', 'order': 1, 'updated_at': '2016-11-08T09:00:28.466Z', 'id': '5821942c5f6b9a4f93e68e61'}]
2026-02-24 23:45:40 - mkk_pika - database.py:215 - INFO - 第一次下载该漫画，记录数据库中
2026-02-24 23:45:41 - mkk_pika - main.py:83 - INFO - 找到 30 张图片在:第1集
2026-02-24 23:45:41 - mkk_pika - main.py:112 - INFO - [episode:第1集       ] downloaded:    30, total:  30, progress:100%
2026-02-24 23:45:41 - mkk_pika - database.py:238 - INFO - 数据库更新已下载章节
2026-02-24 23:45:41 - mkk_pika - database.py:244 - INFO - 该漫画已下载章节如下
2026-02-24 23:45:41 - mkk_pika - database.py:245 - INFO - ['第1集']
2026-02-24 23:45:43 - mkk_pika - main.py:348 - INFO - ==================== 漫画信息 ====================
                                   漫画ID：5821942b5f6b9a4f93e68e5f
                                   标题：[狼娘汉化][ひとりようのポット] 放課後バージンロード!!
                                   作者：ひとりようのポット
                                   是否完结：是
                                   总页数：30
                                   分类：短篇
                                   章节数：1
                                   最后更新时间：2010-02-18T02:47:15.000Z
                                   =================================================
2026-02-24 23:45:43 - mkk_pika - database.py:101 - INFO - 保存成功：[狼娘汉化][ひとりようのポット] 放課後バージンロード!!
2026-02-24 23:45:43 - mkk_pika - main.py:35 - INFO - 开始检查[脸肿汉化组](C81) [Kuma-puro (小路あゆむ)] おしおきっ! かなちゃん是否存在未下载章节
2026-02-24 23:45:43 - mkk_pika - main.py:45 - INFO - 正在下载:[[脸肿汉化组](C81) [Kuma-puro (小路あゆむ)] おしおきっ! かなちゃん]-[Kuma-puro (小路あゆむ)]-[['短篇', '妹妹系']]-[total_pages:27]
2026-02-24 23:45:43 - mkk_pika - main.py:49 - INFO - [{'_id': '5821942c5f6b9a4f93e68ea1', 'title': '第1集', 'order': 1, 'updated_at': '2016-11-08T09:00:28.843Z', 'id': '5821942c5f6b9a4f93e68ea1'}]
2026-02-24 23:45:43 - mkk_pika - database.py:215 - INFO - 第一次下载该漫画，记录数据库中
2026-02-24 23:45:44 - mkk_pika - main.py:83 - INFO - 找到 27 张图片在:第1集
2026-02-24 23:45:44 - mkk_pika - main.py:112 - INFO - [episode:第1集       ] downloaded:    27, total:  27, progress:100%
2026-02-24 23:45:44 - mkk_pika - database.py:238 - INFO - 数据库更新已下载章节
2026-02-24 23:45:44 - mkk_pika - database.py:244 - INFO - 该漫画已下载章节如下
2026-02-24 23:45:44 - mkk_pika - database.py:245 - INFO - ['第1集']
2026-02-24 23:45:45 - mkk_pika - main.py:348 - INFO - ==================== 漫画信息 ====================
                                   漫画ID：5821942c5f6b9a4f93e68e9f
                                   标题：[脸肿汉化组](C81) [Kuma-puro (小路あゆむ)] おしおきっ! かなちゃん
                                   作者：Kuma-puro (小路あゆむ)
                                   是否完结：是
                                   总页数：27
                                   分类：短篇,妹妹系
                                   章节数：1
                                   最后更新时间：2010-02-18T12:47:15.000Z
                                   =================================================
2026-02-24 23:45:45 - mkk_pika - database.py:101 - INFO - 保存成功：[脸肿汉化组](C81) [Kuma-puro (小路あゆむ)] おしおきっ! かなちゃん
2026-02-24 23:45:45 - mkk_pika - main.py:35 - INFO - 开始检查[YMI・factory Osaru san Team (Yamai)] Yuuwaku Temptation (Sword Art Online)是否存在未下载章节
2026-02-24 23:45:46 - mkk_pika - main.py:45 - INFO - 正在下载:[[YMI・factory Osaru san Team (Yamai)] Yuuwaku Temptation (Sword Art Online)]-[YMI・factory Osaru san Team (Yamai)]-[['同人', '短篇', 'SAO 刀劍神域', '純愛']]-[total_pages:18]
2026-02-24 23:45:46 - mkk_pika - main.py:49 - INFO - [{'_id': '5821942d5f6b9a4f93e68edb', 'title': '第1集', 'order': 1, 'updated_at': '2016-11-08T09:00:29.380Z', 'id': '5821942d5f6b9a4f93e68edb'}]
2026-02-24 23:45:46 - mkk_pika - database.py:215 - INFO - 第一次下载该漫画，记录数据库中
2026-02-24 23:45:46 - mkk_pika - main.py:83 - INFO - 找到 18 张图片在:第1集
2026-02-24 23:45:47 - mkk_pika - main.py:112 - INFO - [episode:第1集       ] downloaded:    18, total:  18, progress:100%
2026-02-24 23:45:47 - mkk_pika - database.py:238 - INFO - 数据库更新已下载章节
2026-02-24 23:45:47 - mkk_pika - database.py:244 - INFO - 该漫画已下载章节如下
2026-02-24 23:45:47 - mkk_pika - database.py:245 - INFO - ['第1集']
2026-02-24 23:45:48 - mkk_pika - main.py:348 - INFO - ==================== 漫画信息 ====================
                                   漫画ID：5821942d5f6b9a4f93e68ed9
                                   标题：[YMI・factory Osaru san Team (Yamai)] Yuuwaku Temptation (Sword Art Online)
                                   作者：YMI・factory Osaru san Team (Yamai)
                                   是否完结：是
                                   总页数：18
                                   分类：同人,短篇,SAO 刀劍神域,純愛
                                   章节数：1
                                   最后更新时间：2010-02-18T22:47:15.000Z
                                   =================================================
2026-02-24 23:45:48 - mkk_pika - database.py:101 - INFO - 保存成功：[YMI・factory Osaru san Team (Yamai)] Yuuwaku Temptation (Sword Art Online)
2026-02-24 23:45:48 - mkk_pika - main.py:35 - INFO - 开始检查[脸肿汉化组](コミティア108) [不可不可 (関谷あさみ)] わたしのかわいいこいびと + ポストカード是否存在未下载章节
2026-02-24 23:45:48 - mkk_pika - main.py:45 - INFO - 正在下载:[[脸肿汉化组](コミティア108) [不可不可 (関谷あさみ)] わたしのかわいいこいびと + ポストカード]-[不可不可 (関谷あさみ)]-[['短篇', '純愛']]-[total_pages:21]
2026-02-24 23:45:48 - mkk_pika - main.py:49 - INFO - [{'_id': '5821942e5f6b9a4f93e68f03', 'title': '第1集', 'order': 1, 'updated_at': '2016-11-08T09:00:30.129Z', 'id': '5821942e5f6b9a4f93e68f03'}]
2026-02-24 23:45:48 - mkk_pika - database.py:215 - INFO - 第一次下载该漫画，记录数据库中
2026-02-24 23:45:49 - mkk_pika - main.py:83 - INFO - 找到 21 张图片在:第1集
2026-02-24 23:45:49 - mkk_pika - main.py:112 - INFO - [episode:第1集       ] downloaded:    21, total:  21, progress:100%
2026-02-24 23:45:49 - mkk_pika - database.py:238 - INFO - 数据库更新已下载章节
2026-02-24 23:45:49 - mkk_pika - database.py:244 - INFO - 该漫画已下载章节如下
2026-02-24 23:45:49 - mkk_pika - database.py:245 - INFO - ['第1集']
2026-02-24 23:45:51 - mkk_pika - main.py:348 - INFO - ==================== 漫画信息 ====================
                                   漫画ID：5821942d5f6b9a4f93e68f01
                                   标题：[脸肿汉化组](コミティア108) [不可不可 (関谷あさみ)] わたしのかわいいこいびと + ポストカード
                                   作者：不可不可 (関谷あさみ)
                                   是否完结：是
                                   总页数：21
                                   分类：短篇,純愛
                                   章节数：1
                                   最后更新时间：2010-02-19T08:47:15.000Z
                                   =================================================
2026-02-24 23:45:51 - mkk_pika - database.py:101 - INFO - 保存成功：[脸肿汉化组](コミティア108) [不可不可 (関谷あさみ)] わたしのかわいいこいびと + ポストカード
2026-02-24 23:45:51 - mkk_pika - main.py:35 - INFO - 开始检查(C88)おしっ娘 鈴谷 (艦隊これくしょん -艦これ-)是否存在未下载章节
2026-02-24 23:45:51 - mkk_pika - main.py:45 - INFO - 正在下载:[(C88)おしっ娘 鈴谷 (艦隊これくしょん -艦これ-)]-[嘘つき屋 (大嘘)]-[['同人', '短篇', '艦隊收藏']]-[total_pages:18]
2026-02-24 23:45:51 - mkk_pika - main.py:49 - INFO - [{'_id': '5821942e5f6b9a4f93e68f31', 'title': '第1集', 'order': 1, 'updated_at': '2016-11-08T09:00:30.529Z', 'id': '5821942e5f6b9a4f93e68f31'}]
2026-02-24 23:45:51 - mkk_pika - database.py:215 - INFO - 第一次下载该漫画，记录数据库中
2026-02-24 23:45:52 - mkk_pika - main.py:83 - INFO - 找到 18 张图片在:第1集
2026-02-24 23:45:52 - mkk_pika - main.py:112 - INFO - [episode:第1集       ] downloaded:    18, total:  18, progress:100%
2026-02-24 23:45:52 - mkk_pika - database.py:238 - INFO - 数据库更新已下载章节
2026-02-24 23:45:52 - mkk_pika - database.py:244 - INFO - 该漫画已下载章节如下
2026-02-24 23:45:52 - mkk_pika - database.py:245 - INFO - ['第1集']
2026-02-24 23:45:54 - mkk_pika - main.py:348 - INFO - ==================== 漫画信息 ====================
                                   漫画ID：5821942e5f6b9a4f93e68f2f
                                   标题：(C88)おしっ娘 鈴谷 (艦隊これくしょん -艦これ-)
                                   作者：嘘つき屋 (大嘘)
                                   是否完结：是
                                   总页数：18
                                   分类：同人,短篇,艦隊收藏
                                   章节数：1
                                   最后更新时间：2010-02-19T18:47:15.000Z
                                   =================================================
2026-02-24 23:45:54 - mkk_pika - database.py:101 - INFO - 保存成功：(C88)おしっ娘 鈴谷 (艦隊これくしょん -艦これ-)
2026-02-24 23:45:54 - mkk_pika - main.py:35 - INFO - 开始检查[たかねの花園 (たかねのはな)] シリカのアソコを犯しまくり! [DL版][清純突破漢化]是否存在未下载章节
2026-02-24 23:45:54 - mkk_pika - main.py:45 - INFO - 正在下载:[[たかねの花園 (たかねのはな)] シリカのアソコを犯しまくり! [DL版][清純突破漢化]]-[たかねの花園 (たかねのはな)]-[['同人', '短篇', 'SAO 刀劍神域', '純愛']]-[total_pages:29]
2026-02-24 23:45:54 - mkk_pika - main.py:49 - INFO - [{'_id': '5821942e5f6b9a4f93e68f59', 'title': '第1集', 'order': 1, 'updated_at': '2016-11-08T09:00:30.951Z', 'id': '5821942e5f6b9a4f93e68f59'}]
2026-02-24 23:45:54 - mkk_pika - database.py:215 - INFO - 第一次下载该漫画，记录数据库中
2026-02-24 23:45:55 - mkk_pika - main.py:83 - INFO - 找到 29 张图片在:第1集
2026-02-24 23:45:55 - mkk_pika - main.py:112 - INFO - [episode:第1集       ] downloaded:    29, total:  29, progress:100%
2026-02-24 23:45:55 - mkk_pika - database.py:238 - INFO - 数据库更新已下载章节
2026-02-24 23:45:55 - mkk_pika - database.py:244 - INFO - 该漫画已下载章节如下
2026-02-24 23:45:55 - mkk_pika - database.py:245 - INFO - ['第1集']
2026-02-24 23:45:57 - mkk_pika - main.py:348 - INFO - ==================== 漫画信息 ====================
                                   漫画ID：5821942e5f6b9a4f93e68f57
                                   标题：[たかねの花園 (たかねのはな)] シリカのアソコを犯しまくり! [DL版][清純突破漢化]
                                   作者：たかねの花園 (たかねのはな)
                                   是否完结：是
                                   总页数：29
                                   分类：同人,短篇,SAO 刀劍神域,純愛
                                   章节数：1
                                   最后更新时间：2010-02-20T04:47:15.000Z
                                   =================================================
2026-02-24 23:45:57 - mkk_pika - database.py:101 - INFO - 保存成功：[たかねの花園 (たかねのはな)] シリカのアソコを犯しまくり! [DL版][清純突破漢化]
2026-02-24 23:45:57 - mkk_pika - main.py:35 - INFO - 开始检查[脸肿汉化组][Art Jam (osm, みつまろ)] 電マン二十四時～四時間目～ [DL版]是否存在未下载章节
2026-02-24 23:45:57 - mkk_pika - main.py:45 - INFO - 正在下载:[[脸肿汉化组][Art Jam (osm, みつまろ)] 電マン二十四時～四時間目～ [DL版]]-[Art Jam (osm, みつまろ)]-[['短篇']]-[total_pages:29]
2026-02-24 23:45:57 - mkk_pika - main.py:49 - INFO - [{'_id': '5821942f5f6b9a4f93e68f97', 'title': '第1集', 'order': 1, 'updated_at': '2016-11-08T09:00:31.446Z', 'id': '5821942f5f6b9a4f93e68f97'}]
2026-02-24 23:45:57 - mkk_pika - database.py:215 - INFO - 第一次下载该漫画，记录数据库中
2026-02-24 23:45:58 - mkk_pika - main.py:83 - INFO - 找到 29 张图片在:第1集
2026-02-24 23:45:58 - mkk_pika - main.py:112 - INFO - [episode:第1集       ] downloaded:    29, total:  29, progress:100%
2026-02-24 23:45:58 - mkk_pika - database.py:238 - INFO - 数据库更新已下载章节
2026-02-24 23:45:58 - mkk_pika - database.py:244 - INFO - 该漫画已下载章节如下
2026-02-24 23:45:58 - mkk_pika - database.py:245 - INFO - ['第1集']
2026-02-24 23:45:59 - mkk_pika - main.py:348 - INFO - ==================== 漫画信息 ====================
                                   漫画ID：5821942f5f6b9a4f93e68f95
                                   标题：[脸肿汉化组][Art Jam (osm, みつまろ)] 電マン二十四時～四時間目～ [DL版]
                                   作者：Art Jam (osm, みつまろ)
                                   是否完结：是
                                   总页数：29
                                   分类：短篇
                                   章节数：1
                                   最后更新时间：2010-02-20T14:47:15.000Z
                                   =================================================
2026-02-24 23:45:59 - mkk_pika - database.py:101 - INFO - 保存成功：[脸肿汉化组][Art Jam (osm, みつまろ)] 電マン二十四時～四時間目～ [DL版]
2026-02-24 23:45:59 - mkk_pika - main.py:35 - INFO - 开始检查[影法師通訊協定(飛天御姉流)] スゴクアマイオネガイ [空気系★汉化]是否存在未下载章节
2026-02-24 23:46:00 - mkk_pika - main.py:45 - INFO - 正在下载:[[影法師通訊協定(飛天御姉流)] スゴクアマイオネガイ [空気系★汉化]]-[影法師通訊協定(飛天御姉流)]-[['同人', '短篇', 'SAO 刀劍神域', '純愛']]-[total_pages:24]
2026-02-24 23:46:00 - mkk_pika - main.py:49 - INFO - [{'_id': '582194305f6b9a4f93e68fd5', 'title': '第1集', 'order': 1, 'updated_at': '2016-11-08T09:00:32.064Z', 'id': '582194305f6b9a4f93e68fd5'}]
2026-02-24 23:46:00 - mkk_pika - database.py:215 - INFO - 第一次下载该漫画，记录数据库中
2026-02-24 23:46:00 - mkk_pika - main.py:83 - INFO - 找到 24 张图片在:第1集
2026-02-24 23:46:01 - mkk_pika - main.py:112 - INFO - [episode:第1集       ] downloaded:    24, total:  24, progress:100%
2026-02-24 23:46:01 - mkk_pika - database.py:238 - INFO - 数据库更新已下载章节
2026-02-24 23:46:01 - mkk_pika - database.py:244 - INFO - 该漫画已下载章节如下
2026-02-24 23:46:01 - mkk_pika - database.py:245 - INFO - ['第1集']
2026-02-24 23:46:02 - mkk_pika - main.py:348 - INFO - ==================== 漫画信息 ====================
                                   漫画ID：5821942f5f6b9a4f93e68fd3
                                   标题：[影法師通訊協定(飛天御姉流)] スゴクアマイオネガイ [空気系★汉化]
                                   作者：影法師通訊協定(飛天御姉流)
                                   是否完结：是
                                   总页数：24
                                   分类：同人,短篇,SAO 刀劍神域,純愛
                                   章节数：1
                                   最后更新时间：2010-02-21T00:47:15.000Z
                                   =================================================
2026-02-24 23:46:02 - mkk_pika - database.py:101 - INFO - 保存成功：[影法師通訊協定(飛天御姉流)] スゴクアマイオネガイ [空気系★汉化]
2026-02-24 23:46:02 - mkk_pika - main.py:35 - INFO - 开始检查[脸肿汉化组][わんちょ家 (わんちょ)] 水野君の憂鬱是否存在未下载章节
2026-02-24 23:46:03 - mkk_pika - main.py:45 - INFO - 正在下载:[[脸肿汉化组][わんちょ家 (わんちょ)] 水野君の憂鬱]-[わんちょ家 (わんちょ)]-[['短篇', '後宮閃光']]-[total_pages:20]
2026-02-24 23:46:03 - mkk_pika - main.py:49 - INFO - [{'_id': '582194305f6b9a4f93e69009', 'title': '第1集', 'order': 1, 'updated_at': '2016-11-08T09:00:32.413Z', 'id': '582194305f6b9a4f93e69009'}]
2026-02-24 23:46:03 - mkk_pika - database.py:215 - INFO - 第一次下载该漫画，记录数据库中
2026-02-24 23:46:03 - mkk_pika - main.py:83 - INFO - 找到 20 张图片在:第1集
2026-02-24 23:46:04 - mkk_pika - main.py:112 - INFO - [episode:第1集       ] downloaded:    20, total:  20, progress:100%
2026-02-24 23:46:04 - mkk_pika - database.py:238 - INFO - 数据库更新已下载章节
2026-02-24 23:46:04 - mkk_pika - database.py:244 - INFO - 该漫画已下载章节如下
2026-02-24 23:46:04 - mkk_pika - database.py:245 - INFO - ['第1集']
2026-02-24 23:46:05 - mkk_pika - main.py:348 - INFO - ==================== 漫画信息 ====================
                                   漫画ID：582194305f6b9a4f93e69007
                                   标题：[脸肿汉化组][わんちょ家 (わんちょ)] 水野君の憂鬱
                                   作者：わんちょ家 (わんちょ)
                                   是否完结：是
                                   总页数：20
                                   分类：短篇,後宮閃光
                                   章节数：1
                                   最后更新时间：2010-02-21T10:47:15.000Z
                                   =================================================
2026-02-24 23:46:05 - mkk_pika - database.py:101 - INFO - 保存成功：[脸肿汉化组][わんちょ家 (わんちょ)] 水野君の憂鬱
2026-02-24 23:46:05 - mkk_pika - main.py:35 - INFO - 开始检查 [ANAPOM (あなぽん)] 直葉ちゃんのドキドキお兄ちゃんランド (ソードアート · オンライン) [空気系★漢化]是否存在未下载章节
2026-02-24 23:46:05 - mkk_pika - main.py:45 - INFO - 正在下载:[ [ANAPOM (あなぽん)] 直葉ちゃんのドキドキお兄ちゃんランド (ソードアート · オンライン) [空気系★漢化]]-[ANAPOM (あなぽん)]-[['同人', '短篇', 'SAO 刀劍神域', '純愛']]-[total_pages:20]
2026-02-24 23:46:05 - mkk_pika - main.py:49 - INFO - [{'_id': '582194315f6b9a4f93e69035', 'title': '第1集', 'order': 1, 'updated_at': '2016-11-08T09:00:33.091Z', 'id': '582194315f6b9a4f93e69035'}]
2026-02-24 23:46:05 - mkk_pika - database.py:215 - INFO - 第一次下载该漫画，记录数据库中
2026-02-24 23:46:06 - mkk_pika - main.py:83 - INFO - 找到 20 张图片在:第1集
2026-02-24 23:46:06 - mkk_pika - main.py:112 - INFO - [episode:第1集       ] downloaded:    20, total:  20, progress:100%
2026-02-24 23:46:06 - mkk_pika - database.py:238 - INFO - 数据库更新已下载章节
2026-02-24 23:46:06 - mkk_pika - database.py:244 - INFO - 该漫画已下载章节如下
2026-02-24 23:46:06 - mkk_pika - database.py:245 - INFO - ['第1集']
2026-02-24 23:46:08 - mkk_pika - main.py:348 - INFO - ==================== 漫画信息 ====================
                                   漫画ID：582194305f6b9a4f93e69033
                                   标题： [ANAPOM (あなぽん)] 直葉ちゃんのドキドキお兄ちゃんランド (ソードアート · オンライン) [空気系★漢化]
                                   作者：ANAPOM (あなぽん)
                                   是否完结：是
                                   总页数：20
                                   分类：同人,短篇,SAO 刀劍神域,純愛
                                   章节数：1
                                   最后更新时间：2010-02-21T20:47:15.000Z
                                   =================================================
2026-02-24 23:46:08 - mkk_pika - database.py:101 - INFO - 保存成功： [ANAPOM (あなぽん)] 直葉ちゃんのドキドキお兄ちゃんランド (ソードアート · オンライン) [空気系★漢化]
2026-02-24 23:46:08 - mkk_pika - main.py:35 - INFO - 开始检查 [Crazy9 (いちたか)] C9-03 直葉とリーファとお兄ちゃんの幸せ家族計画 (ソードアート・オンライン) [脸肿~是否存在未下载章节
2026-02-24 23:46:08 - mkk_pika - main.py:45 - INFO - 正在下载:[ [Crazy9 (いちたか)] C9-03 直葉とリーファとお兄ちゃんの幸せ家族計画 (ソードアート・オンライン) [脸肿~]-[Crazy9 (いちたか)]-[['同人', '短篇', 'SAO 刀劍神域', '純愛']]-[total_pages:31]
2026-02-24 23:46:08 - mkk_pika - main.py:49 - INFO - [{'_id': '582194315f6b9a4f93e69061', 'title': '第1集', 'order': 1, 'updated_at': '2016-11-08T09:00:33.706Z', 'id': '582194315f6b9a4f93e69061'}]
2026-02-24 23:46:08 - mkk_pika - database.py:215 - INFO - 第一次下载该漫画，记录数据库中
2026-02-24 23:46:09 - mkk_pika - main.py:83 - INFO - 找到 31 张图片在:第1集
2026-02-24 23:46:09 - mkk_pika - main.py:112 - INFO - [episode:第1集       ] downloaded:    31, total:  31, progress:100%
2026-02-24 23:46:09 - mkk_pika - database.py:238 - INFO - 数据库更新已下载章节
2026-02-24 23:46:09 - mkk_pika - database.py:244 - INFO - 该漫画已下载章节如下
2026-02-24 23:46:09 - mkk_pika - database.py:245 - INFO - ['第1集']
2026-02-24 23:46:11 - mkk_pika - main.py:348 - INFO - ==================== 漫画信息 ====================
                                   漫画ID：582194315f6b9a4f93e6905f
                                   标题： [Crazy9 (いちたか)] C9-03 直葉とリーファとお兄ちゃんの幸せ家族計画 (ソードアート・オンライン) [脸肿~
                                   作者：Crazy9 (いちたか)
                                   是否完结：是
                                   总页数：31
                                   分类：同人,短篇,SAO 刀劍神域,純愛
                                   章节数：1
                                   最后更新时间：2010-02-22T06:47:15.000Z
                                   =================================================
2026-02-24 23:46:11 - mkk_pika - database.py:101 - INFO - 保存成功： [Crazy9 (いちたか)] C9-03 直葉とリーファとお兄ちゃんの幸せ家族計画 (ソードアート・オンライン) [脸肿~
2026-02-24 23:46:11 - mkk_pika - main.py:35 - INFO - 开始检查[Senpen Banka-Shiki (DATE)] overwrite (Sword Art Online) [Chinese]是否存在未下载章节
2026-02-24 23:46:11 - mkk_pika - main.py:45 - INFO - 正在下载:[[Senpen Banka-Shiki (DATE)] overwrite (Sword Art Online) [Chinese]]-[Senpen Banka-Shiki (DATE)]-[['同人', '短篇', '性轉換', 'SAO 刀劍神域']]-[total_pages:23]
2026-02-24 23:46:11 - mkk_pika - main.py:49 - INFO - [{'_id': '582194325f6b9a4f93e690a3', 'title': '第1集', 'order': 1, 'updated_at': '2016-11-08T09:00:34.113Z', 'id': '582194325f6b9a4f93e690a3'}]
2026-02-24 23:46:11 - mkk_pika - database.py:215 - INFO - 第一次下载该漫画，记录数据库中
2026-02-24 23:46:11 - mkk_pika - main.py:83 - INFO - 找到 23 张图片在:第1集
2026-02-24 23:46:12 - mkk_pika - main.py:112 - INFO - [episode:第1集       ] downloaded:    23, total:  23, progress:100%
2026-02-24 23:46:12 - mkk_pika - database.py:238 - INFO - 数据库更新已下载章节
2026-02-24 23:46:12 - mkk_pika - database.py:244 - INFO - 该漫画已下载章节如下
2026-02-24 23:46:12 - mkk_pika - database.py:245 - INFO - ['第1集']
2026-02-24 23:46:13 - mkk_pika - main.py:348 - INFO - ==================== 漫画信息 ====================
                                   漫画ID：582194315f6b9a4f93e690a1
                                   标题：[Senpen Banka-Shiki (DATE)] overwrite (Sword Art Online) [Chinese]
                                   作者：Senpen Banka-Shiki (DATE)
                                   是否完结：是
                                   总页数：23
                                   分类：同人,短篇,性轉換,SAO 刀劍神域
                                   章节数：1
                                   最后更新时间：2010-02-22T16:47:15.000Z
                                   =================================================
2026-02-24 23:46:13 - mkk_pika - database.py:101 - INFO - 保存成功：[Senpen Banka-Shiki (DATE)] overwrite (Sword Art Online) [Chinese]
2026-02-24 23:46:13 - mkk_pika - main.py:35 - INFO - 开始检查[琉璃神社汉化] (冬野みかん) ふたりびっち（COMIC LO 2013年12月号）是否存在未下载章节
2026-02-24 23:46:14 - mkk_pika - main.py:45 - INFO - 正在下载:[[琉璃神社汉化] (冬野みかん) ふたりびっち（COMIC LO 2013年12月号）]-[[琉璃神社汉化] (冬野みかん) ふたりびっち（COMIC LO 2013年12月号）]-[['短篇']]-[total_pages:22]
2026-02-24 23:46:14 - mkk_pika - main.py:49 - INFO - [{'_id': '582194325f6b9a4f93e690d5', 'title': '第1集', 'order': 1, 'updated_at': '2016-11-08T09:00:34.912Z', 'id': '582194325f6b9a4f93e690d5'}]
2026-02-24 23:46:14 - mkk_pika - database.py:215 - INFO - 第一次下载该漫画，记录数据库中
2026-02-24 23:46:14 - mkk_pika - main.py:83 - INFO - 找到 22 张图片在:第1集
2026-02-24 23:46:15 - mkk_pika - main.py:112 - INFO - [episode:第1集       ] downloaded:    22, total:  22, progress:100%
2026-02-24 23:46:15 - mkk_pika - database.py:238 - INFO - 数据库更新已下载章节
2026-02-24 23:46:15 - mkk_pika - database.py:244 - INFO - 该漫画已下载章节如下
2026-02-24 23:46:15 - mkk_pika - database.py:245 - INFO - ['第1集']
2026-02-24 23:46:16 - mkk_pika - main.py:348 - INFO - ==================== 漫画信息 ====================
                                   漫画ID：582194325f6b9a4f93e690d3
                                   标题：[琉璃神社汉化] (冬野みかん) ふたりびっち（COMIC LO 2013年12月号）
                                   作者：[琉璃神社汉化] (冬野みかん) ふたりびっち（COMIC LO 2013年12月号）
                                   是否完结：是
                                   总页数：22
                                   分类：短篇
                                   章节数：1
                                   最后更新时间：2010-02-23T02:47:15.000Z
                                   =================================================
2026-02-24 23:46:16 - mkk_pika - database.py:101 - INFO - 保存成功：[琉璃神社汉化] (冬野みかん) ふたりびっち（COMIC LO 2013年12月号）
2026-02-24 23:46:16 - mkk_pika - main.py:35 - INFO - 开始检查[琉璃神社汉化][あかざわRED] マジカルガール☆いのりちゃん (Comic LO 2014年9月号)是否存在未下载章节
2026-02-24 23:46:16 - mkk_pika - main.py:45 - INFO - 正在下载:[[琉璃神社汉化][あかざわRED] マジカルガール☆いのりちゃん (Comic LO 2014年9月号)]-[[琉璃神社汉化][あかざわRED] マジカルガール☆いのりちゃん (Comic LO 2014年9月号)]-[['短篇']]-[total_pages:26]
2026-02-24 23:46:16 - mkk_pika - main.py:49 - INFO - [{'_id': '582194335f6b9a4f93e69105', 'title': '第1集', 'order': 1, 'updated_at': '2016-11-08T09:00:35.477Z', 'id': '582194335f6b9a4f93e69105'}]
2026-02-24 23:46:16 - mkk_pika - database.py:215 - INFO - 第一次下载该漫画，记录数据库中
2026-02-24 23:46:17 - mkk_pika - main.py:83 - INFO - 找到 26 张图片在:第1集
2026-02-24 23:46:17 - mkk_pika - main.py:112 - INFO - [episode:第1集       ] downloaded:    26, total:  26, progress:100%
2026-02-24 23:46:17 - mkk_pika - database.py:238 - INFO - 数据库更新已下载章节
2026-02-24 23:46:17 - mkk_pika - database.py:244 - INFO - 该漫画已下载章节如下
2026-02-24 23:46:17 - mkk_pika - database.py:245 - INFO - ['第1集']
2026-02-24 23:46:19 - mkk_pika - main.py:348 - INFO - ==================== 漫画信息 ====================
                                   漫画ID：582194335f6b9a4f93e69103
                                   标题：[琉璃神社汉化][あかざわRED] マジカルガール☆いのりちゃん (Comic LO 2014年9月号)
                                   作者：[琉璃神社汉化][あかざわRED] マジカルガール☆いのりちゃん (Comic LO 2014年9月号)
                                   是否完结：是
                                   总页数：26
                                   分类：短篇
                                   章节数：1
                                   最后更新时间：2010-02-23T12:47:15.000Z
                                   =================================================
2026-02-24 23:46:19 - mkk_pika - database.py:101 - INFO - 保存成功：[琉璃神社汉化][あかざわRED] マジカルガール☆いのりちゃん (Comic LO 2014年9月号)
2026-02-24 23:46:19 - mkk_pika - main.py:35 - INFO - 开始检查[琉璃神社汉化][冬野みかん] 普通の女子小学生だったけど今日から淫魔になりました(1-3) (Comic LO 2014年9月号)是否存在未下载章节
2026-02-24 23:46:19 - mkk_pika - main.py:45 - INFO - 正在下载:[[琉璃神社汉化][冬野みかん] 普通の女子小学生だったけど今日から淫魔になりました(1-3) (Comic LO 2014年9月号)]-[冬野みかん]-[['短篇']]-[total_pages:72]
2026-02-24 23:46:19 - mkk_pika - main.py:49 - INFO - [{'_id': '582194345f6b9a4f93e6913d', 'title': '第1集', 'order': 1, 'updated_at': '2016-11-08T09:00:36.304Z', 'id': '582194345f6b9a4f93e6913d'}]
2026-02-24 23:46:19 - mkk_pika - database.py:215 - INFO - 第一次下载该漫画，记录数据库中
2026-02-24 23:46:20 - mkk_pika - main.py:83 - INFO - 找到 72 张图片在:第1集
2026-02-24 23:46:31 - mkk_pika - main.py:26 - ERROR - Attempt 1 timeout for https://storage1.picacomic.com/static/092f0e80-cf4e-4c1f-b275-ff348a4f9dbe.jpg
2026-02-24 23:46:31 - mkk_pika - main.py:112 - INFO - [episode:第1集       ] downloaded:    72, total:  72, progress:100%
2026-02-24 23:46:31 - mkk_pika - database.py:238 - INFO - 数据库更新已下载章节
2026-02-24 23:46:31 - mkk_pika - database.py:244 - INFO - 该漫画已下载章节如下
2026-02-24 23:46:31 - mkk_pika - database.py:245 - INFO - ['第1集']
2026-02-24 23:46:33 - mkk_pika - main.py:348 - INFO - ==================== 漫画信息 ====================
                                   漫画ID：582194335f6b9a4f93e6913b
                                   标题：[琉璃神社汉化][冬野みかん] 普通の女子小学生だったけど今日から淫魔になりました(1-3) (Comic LO 2014年9月号)
                                   作者：冬野みかん
                                   是否完结：是
                                   总页数：72
                                   分类：短篇
                                   章节数：1
                                   最后更新时间：2010-02-23T22:47:15.000Z
                                   =================================================
2026-02-24 23:46:33 - mkk_pika - database.py:101 - INFO - 保存成功：[琉璃神社汉化][冬野みかん] 普通の女子小学生だったけど今日から淫魔になりました(1-3) (Comic LO 2014年9月号)
2026-02-24 23:46:33 - mkk_pika - main.py:35 - INFO - 开始检查[愛鉛奇縁 (あいとまとこ)] パーフェクトシスター (ソードアート · オンライン) [空気系★漢化]是否存在未下载章节
2026-02-24 23:46:33 - mkk_pika - main.py:45 - INFO - 正在下载:[[愛鉛奇縁 (あいとまとこ)] パーフェクトシスター (ソードアート · オンライン) [空気系★漢化]]-[愛鉛奇縁 (あいとまとこ)]-[['同人', '短篇', 'SAO 刀劍神域', '純愛']]-[total_pages:32]
2026-02-24 23:46:33 - mkk_pika - main.py:49 - INFO - [{'_id': '582194355f6b9a4f93e691d1', 'title': '第1集', 'order': 1, 'updated_at': '2016-11-08T09:00:37.362Z', 'id': '582194355f6b9a4f93e691d1'}]
2026-02-24 23:46:33 - mkk_pika - database.py:215 - INFO - 第一次下载该漫画，记录数据库中
2026-02-24 23:46:34 - mkk_pika - main.py:83 - INFO - 找到 32 张图片在:第1集
2026-02-24 23:46:36 - mkk_pika - main.py:112 - INFO - [episode:第1集       ] downloaded:    32, total:  32, progress:100%
2026-02-24 23:46:36 - mkk_pika - database.py:238 - INFO - 数据库更新已下载章节
2026-02-24 23:46:36 - mkk_pika - database.py:244 - INFO - 该漫画已下载章节如下
2026-02-24 23:46:36 - mkk_pika - database.py:245 - INFO - ['第1集']
2026-02-24 23:46:37 - mkk_pika - main.py:348 - INFO - ==================== 漫画信息 ====================
                                   漫画ID：582194345f6b9a4f93e691cf
                                   标题：[愛鉛奇縁 (あいとまとこ)] パーフェクトシスター (ソードアート · オンライン) [空気系★漢化]
                                   作者：愛鉛奇縁 (あいとまとこ)
                                   是否完结：是
                                   总页数：32
                                   分类：同人,短篇,SAO 刀劍神域,純愛
                                   章节数：1
                                   最后更新时间：2010-02-24T08:47:15.000Z
                                   =================================================
2026-02-24 23:46:37 - mkk_pika - database.py:101 - INFO - 保存成功：[愛鉛奇縁 (あいとまとこ)] パーフェクトシスター (ソードアート · オンライン) [空気系★漢化]
2026-02-24 23:46:37 - mkk_pika - main.py:35 - INFO - 开始检查[妖樱汉化][三月さんいち]楽しい娘オナホの作り方是否存在未下载章节
2026-02-24 23:46:38 - mkk_pika - main.py:45 - INFO - 正在下载:[[妖樱汉化][三月さんいち]楽しい娘オナホの作り方]-[三月さんいち]-[['短篇', '全彩', '後宮閃光']]-[total_pages:9]
2026-02-24 23:46:38 - mkk_pika - main.py:49 - INFO - [{'_id': '582194365f6b9a4f93e69215', 'title': '第1集', 'order': 1, 'updated_at': '2016-11-08T09:00:38.095Z', 'id': '582194365f6b9a4f93e69215'}]
2026-02-24 23:46:38 - mkk_pika - database.py:215 - INFO - 第一次下载该漫画，记录数据库中
2026-02-24 23:46:38 - mkk_pika - main.py:83 - INFO - 找到 9 张图片在:第1集
2026-02-24 23:46:38 - mkk_pika - main.py:112 - INFO - [episode:第1集       ] downloaded:     9, total:   9, progress:100%
2026-02-24 23:46:38 - mkk_pika - database.py:238 - INFO - 数据库更新已下载章节
2026-02-24 23:46:38 - mkk_pika - database.py:244 - INFO - 该漫画已下载章节如下
2026-02-24 23:46:38 - mkk_pika - database.py:245 - INFO - ['第1集']
2026-02-24 23:46:40 - mkk_pika - main.py:348 - INFO - ==================== 漫画信息 ====================
                                   漫画ID：582194355f6b9a4f93e69213
                                   标题：[妖樱汉化][三月さんいち]楽しい娘オナホの作り方
                                   作者：三月さんいち
                                   是否完结：是
                                   总页数：9
                                   分类：短篇,全彩,後宮閃光
                                   章节数：1
                                   最后更新时间：2010-02-24T18:47:15.000Z
                                   =================================================
2026-02-24 23:46:40 - mkk_pika - database.py:101 - INFO - 保存成功：[妖樱汉化][三月さんいち]楽しい娘オナホの作り方
2026-02-24 23:46:40 - mkk_pika - main.py:35 - INFO - 开始检查[水あさと] ●REC (サンプル)是否存在未下载章节
2026-02-24 23:46:40 - mkk_pika - main.py:45 - INFO - 正在下载:[[水あさと] ●REC (サンプル)]-[[水あさと] ●REC (サンプル)]-[['短篇']]-[total_pages:9]
2026-02-24 23:46:40 - mkk_pika - main.py:49 - INFO - [{'_id': '582194365f6b9a4f93e6922b', 'title': '第1集', 'order': 1, 'updated_at': '2016-11-08T09:00:38.728Z', 'id': '582194365f6b9a4f93e6922b'}]
2026-02-24 23:46:40 - mkk_pika - database.py:215 - INFO - 第一次下载该漫画，记录数据库中
2026-02-24 23:46:41 - mkk_pika - main.py:83 - INFO - 找到 9 张图片在:第1集
2026-02-24 23:46:41 - mkk_pika - main.py:112 - INFO - [episode:第1集       ] downloaded:     9, total:   9, progress:100%
2026-02-24 23:46:41 - mkk_pika - database.py:238 - INFO - 数据库更新已下载章节
2026-02-24 23:46:41 - mkk_pika - database.py:244 - INFO - 该漫画已下载章节如下
2026-02-24 23:46:41 - mkk_pika - database.py:245 - INFO - ['第1集']
2026-02-24 23:46:43 - mkk_pika - main.py:348 - INFO - ==================== 漫画信息 ====================
                                   漫画ID：582194365f6b9a4f93e69229
                                   标题：[水あさと] ●REC (サンプル)
                                   作者：[水あさと] ●REC (サンプル)
                                   是否完结：是
                                   总页数：9
                                   分类：短篇
                                   章节数：1
                                   最后更新时间：2010-02-25T04:47:15.000Z
                                   =================================================
2026-02-24 23:46:43 - mkk_pika - database.py:101 - INFO - 保存成功：[水あさと] ●REC (サンプル)
2026-02-24 23:46:43 - mkk_pika - main.py:35 - INFO - 开始检查[風のごとく! (風吹ぽに、風術師)] リーファ倫理コード強制解除 (ソードアート · オンライン) [空気系★~是否存在未下载章节
2026-02-24 23:46:43 - mkk_pika - main.py:45 - INFO - 正在下载:[[風のごとく! (風吹ぽに、風術師)] リーファ倫理コード強制解除 (ソードアート · オンライン) [空気系★~]-[風のごとく! (風吹ぽに、風術師)]-[['同人', '短篇', 'NTR', 'SAO 刀劍神域']]-[total_pages:28]
2026-02-24 23:46:43 - mkk_pika - main.py:49 - INFO - [{'_id': '582194375f6b9a4f93e69241', 'title': '第1集', 'order': 1, 'updated_at': '2016-11-08T09:00:39.135Z', 'id': '582194375f6b9a4f93e69241'}]
2026-02-24 23:46:43 - mkk_pika - database.py:215 - INFO - 第一次下载该漫画，记录数据库中
2026-02-24 23:46:44 - mkk_pika - main.py:83 - INFO - 找到 28 张图片在:第1集
2026-02-24 23:46:45 - mkk_pika - main.py:112 - INFO - [episode:第1集       ] downloaded:    28, total:  28, progress:100%
2026-02-24 23:46:45 - mkk_pika - database.py:238 - INFO - 数据库更新已下载章节
2026-02-24 23:46:45 - mkk_pika - database.py:244 - INFO - 该漫画已下载章节如下
2026-02-24 23:46:45 - mkk_pika - database.py:245 - INFO - ['第1集']
2026-02-24 23:46:46 - mkk_pika - main.py:348 - INFO - ==================== 漫画信息 ====================
                                   漫画ID：582194365f6b9a4f93e6923f
                                   标题：[風のごとく! (風吹ぽに、風術師)] リーファ倫理コード強制解除 (ソードアート · オンライン) [空気系★~
                                   作者：風のごとく! (風吹ぽに、風術師)
                                   是否完结：是
                                   总页数：28
                                   分类：同人,短篇,NTR,SAO 刀劍神域
                                   章节数：1
                                   最后更新时间：2010-02-25T14:47:15.000Z
                                   =================================================
2026-02-24 23:46:46 - mkk_pika - database.py:101 - INFO - 保存成功：[風のごとく! (風吹ぽに、風術師)] リーファ倫理コード強制解除 (ソードアート · オンライン) [空気系★~
2026-02-24 23:46:46 - mkk_pika - main.py:35 - INFO - 开始检查(C86~C88)サマーハレーション系列是否存在未下载章节
2026-02-24 23:46:46 - mkk_pika - main.py:45 - INFO - 正在下载:[(C86~C88)サマーハレーション系列]-[abgrund (さいかわゆさ)]-[['人妻', '長篇', 'NTR']]-[total_pages:221]
2026-02-24 23:46:46 - mkk_pika - main.py:49 - INFO - [{'_id': '582194375f6b9a4f93e6927d', 'title': '第1集', 'order': 1, 'updated_at': '2016-11-08T09:00:39.503Z', 'id': '582194375f6b9a4f93e6927d'}, {'_id': '582194375f6b9a4f93e692f7', 'title': '第2集', 'order': 2, 'updated_at': '2016-11-08T09:00:39.976Z', 'id': '582194375f6b9a4f93e692f7'}, {'_id': '582194385f6b9a4f93e6931d', 'title': '第3集', 'order': 3, 'updated_at': '2016-11-08T09:00:40.320Z', 'id': '582194385f6b9a4f93e6931d'}, {'_id': '582194385f6b9a4f93e69397', 'title': '第4集', 'order': 4, 'updated_at': '2016-11-08T09:00:40.839Z', 'id': '582194385f6b9a4f93e69397'}]
2026-02-24 23:46:46 - mkk_pika - database.py:215 - INFO - 第一次下载该漫画，记录数据库中
2026-02-24 23:46:47 - mkk_pika - main.py:83 - INFO - 找到 60 张图片在:第1集
2026-02-24 23:46:49 - mkk_pika - main.py:112 - INFO - [episode:第1集       ] downloaded:    60, total:  60, progress:100%
2026-02-24 23:46:49 - mkk_pika - database.py:238 - INFO - 数据库更新已下载章节
2026-02-24 23:46:49 - mkk_pika - database.py:244 - INFO - 该漫画已下载章节如下
2026-02-24 23:46:49 - mkk_pika - database.py:245 - INFO - ['第1集']
2026-02-24 23:46:50 - mkk_pika - main.py:83 - INFO - 找到 18 张图片在:第2集
2026-02-24 23:46:58 - mkk_pika - main.py:112 - INFO - [episode:第2集       ] downloaded:    18, total:  18, progress:100%
2026-02-24 23:46:58 - mkk_pika - database.py:238 - INFO - 数据库更新已下载章节
2026-02-24 23:46:58 - mkk_pika - database.py:244 - INFO - 该漫画已下载章节如下
2026-02-24 23:46:58 - mkk_pika - database.py:245 - INFO - ['第1集', '第2集']
2026-02-24 23:47:00 - mkk_pika - main.py:83 - INFO - 找到 60 张图片在:第3集
2026-02-24 23:47:01 - mkk_pika - main.py:112 - INFO - [episode:第3集       ] downloaded:    60, total:  60, progress:100%
2026-02-24 23:47:01 - mkk_pika - database.py:238 - INFO - 数据库更新已下载章节
2026-02-24 23:47:01 - mkk_pika - database.py:244 - INFO - 该漫画已下载章节如下
2026-02-24 23:47:01 - mkk_pika - database.py:245 - INFO - ['第1集', '第2集', '第3集']
2026-02-24 23:47:03 - mkk_pika - main.py:83 - INFO - 找到 83 张图片在:第4集
2026-02-24 23:47:05 - mkk_pika - main.py:112 - INFO - [episode:第4集       ] downloaded:    83, total:  83, progress:100%
2026-02-24 23:47:05 - mkk_pika - database.py:238 - INFO - 数据库更新已下载章节
2026-02-24 23:47:05 - mkk_pika - database.py:244 - INFO - 该漫画已下载章节如下
2026-02-24 23:47:05 - mkk_pika - database.py:245 - INFO - ['第1集', '第2集', '第3集', '第4集']
2026-02-24 23:47:06 - mkk_pika - main.py:348 - INFO - ==================== 漫画信息 ====================
                                   漫画ID：582194375f6b9a4f93e6927b
                                   标题：(C86~C88)サマーハレーション系列
                                   作者：abgrund (さいかわゆさ)
                                   是否完结：是
                                   总页数：221
                                   分类：人妻,長篇,NTR
                                   章节数：4
                                   最后更新时间：2010-02-26T00:47:15.000Z
                                   =================================================
2026-02-24 23:47:06 - mkk_pika - database.py:101 - INFO - 保存成功：(C86~C88)サマーハレーション系列
2026-02-24 23:47:06 - mkk_pika - main.py:35 - INFO - 开始检查(C88)凛とP (偶像大师同人)是否存在未下载章节
2026-02-24 23:47:07 - mkk_pika - main.py:45 - INFO - 正在下载:[(C88)凛とP (偶像大师同人)]-[N.S Craft (さいもん)]-[['同人', '短篇', '純愛']]-[total_pages:30]
2026-02-24 23:47:07 - mkk_pika - main.py:49 - INFO - [{'_id': '582194395f6b9a4f93e69441', 'title': '第1集', 'order': 1, 'updated_at': '2016-11-08T09:00:41.618Z', 'id': '582194395f6b9a4f93e69441'}]
2026-02-24 23:47:07 - mkk_pika - database.py:215 - INFO - 第一次下载该漫画，记录数据库中
2026-02-24 23:47:07 - mkk_pika - main.py:83 - INFO - 找到 30 张图片在:第1集
2026-02-24 23:47:08 - mkk_pika - main.py:112 - INFO - [episode:第1集       ] downloaded:    30, total:  30, progress:100%
2026-02-24 23:47:08 - mkk_pika - database.py:238 - INFO - 数据库更新已下载章节
2026-02-24 23:47:08 - mkk_pika - database.py:244 - INFO - 该漫画已下载章节如下
2026-02-24 23:47:08 - mkk_pika - database.py:245 - INFO - ['第1集']
2026-02-24 23:47:09 - mkk_pika - main.py:348 - INFO - ==================== 漫画信息 ====================
                                   漫画ID：582194395f6b9a4f93e6943f
                                   标题：(C88)凛とP (偶像大师同人)
                                   作者：N.S Craft (さいもん)
                                   是否完结：是
                                   总页数：30
                                   分类：同人,短篇,純愛
                                   章节数：1
                                   最后更新时间：2010-02-26T10:47:15.000Z
                                   =================================================
2026-02-24 23:47:09 - mkk_pika - database.py:101 - INFO - 保存成功：(C88)凛とP (偶像大师同人)
2026-02-24 23:47:09 - mkk_pika - main.py:35 - INFO - 开始检查(C88)D.L.action 96 (偶像大师同人)是否存在未下载章节
2026-02-24 23:47:09 - mkk_pika - main.py:45 - INFO - 正在下载:[(C88)D.L.action 96 (偶像大师同人)]-[Digital Lover (なかじまゆか)]-[['同人', '短篇', '純愛']]-[total_pages:36]
2026-02-24 23:47:09 - mkk_pika - main.py:49 - INFO - [{'_id': '582194395f6b9a4f93e69481', 'title': '第1集', 'order': 1, 'updated_at': '2016-11-08T09:00:42.001Z', 'id': '582194395f6b9a4f93e69481'}]
2026-02-24 23:47:09 - mkk_pika - database.py:215 - INFO - 第一次下载该漫画，记录数据库中
2026-02-24 23:47:10 - mkk_pika - main.py:83 - INFO - 找到 36 张图片在:第1集
2026-02-24 23:47:11 - mkk_pika - main.py:112 - INFO - [episode:第1集       ] downloaded:    36, total:  36, progress:100%
2026-02-24 23:47:11 - mkk_pika - database.py:238 - INFO - 数据库更新已下载章节
2026-02-24 23:47:11 - mkk_pika - database.py:244 - INFO - 该漫画已下载章节如下
2026-02-24 23:47:11 - mkk_pika - database.py:245 - INFO - ['第1集']
2026-02-24 23:47:12 - mkk_pika - main.py:348 - INFO - ==================== 漫画信息 ====================
                                   漫画ID：582194395f6b9a4f93e6947f
                                   标题：(C88)D.L.action 96 (偶像大师同人)
                                   作者：Digital Lover (なかじまゆか)
                                   是否完结：是
                                   总页数：36
                                   分类：同人,短篇,純愛
                                   章节数：1
                                   最后更新时间：2010-02-26T20:47:15.000Z
                                   =================================================
2026-02-24 23:47:12 - mkk_pika - database.py:101 - INFO - 保存成功：(C88)D.L.action 96 (偶像大师同人)
2026-02-24 23:47:12 - mkk_pika - main.py:380 - INFO - 本次任务下载完毕
2026-02-24 23:47:12 - mkk_pika - database.py:173 - INFO - 数据库连接已关闭
