2026-06-17 00:23:39 - mkk_pika - main.py:193 - INFO - =======================================================================
2026-06-17 00:23:39 - mkk_pika - database.py:61 - INFO - 表和索引初始化成功
2026-06-17 00:23:39 - mkk_pika - main.py:197 - INFO - 已经累计下载15451本漫画
2026-06-17 00:23:39 - mkk_pika - api.py:87 - INFO - 登录成功
2026-06-17 00:23:40 - mkk_pika - main.py:203 - INFO - 收藏夹共计0本漫画
2026-06-17 00:23:40 - mkk_pika - main.py:206 - INFO - 开始下载收藏夹内未下载内容
2026-06-17 00:23:40 - mkk_pika - main.py:266 - INFO - 收藏夹内容下载完毕
2026-06-17 00:23:40 - mkk_pika - main.py:268 - INFO - 开始下载订阅内容
2026-06-17 00:23:40 - mkk_pika - database.py:258 - INFO - 根据ID查询到标题：萝莉 -> 満子の恋（リトルガールストライク Vol.39）[DL版]
2026-06-17 00:23:40 - mkk_pika - database.py:101 - INFO - 保存成功：満子の恋（リトルガールストライク Vol.39）[DL版]
2026-06-17 00:23:40 - mkk_pika - main.py:273 - INFO - 关键词萝莉找到0本漫画
2026-06-17 00:23:40 - mkk_pika - database.py:258 - INFO - 根据ID查询到标题：蘿莉 -> イリヤちゃんNTRメス堕ち特異点 (Fate/Grand Order) 
2026-06-17 00:23:41 - mkk_pika - database.py:101 - INFO - 保存成功：めろめろあばんちゅ〜る
2026-06-17 00:23:41 - mkk_pika - main.py:273 - INFO - 关键词蘿莉找到6本漫画
2026-06-17 00:23:41 - mkk_pika - main.py:275 - INFO - 订阅内容共计6本漫画
2026-06-17 00:23:41 - mkk_pika - main.py:35 - INFO - 开始检查夏だ!!水着だ!!クロレラ観察部だ!! | 夏日!!泳装!!小球藻观察部!!是否存在未下载章节
2026-06-17 00:23:42 - mkk_pika - main.py:45 - INFO - 正在下载:[夏だ!!水着だ!!クロレラ観察部だ!! | 夏日!!泳装!!小球藻观察部!!]-[ケモミミちゃん屋 (ーユがな)]-[['短篇', '同人', '全彩']]-[total_pages:-1]
2026-06-17 00:23:42 - mkk_pika - main.py:49 - INFO - [{'_id': '6a318f717cb1d84bd5170d60', 'title': '第1話', 'order': 1, 'updated_at': '2026-06-16T13:17:10.206Z', 'id': '6a318f717cb1d84bd5170d60'}]
2026-06-17 00:23:42 - mkk_pika - database.py:215 - INFO - 第一次下载该漫画，记录数据库中
2026-06-17 00:23:42 - mkk_pika - main.py:83 - INFO - 找到 17 张图片在:第1話
2026-06-17 00:23:43 - mkk_pika - main.py:112 - INFO - [episode:第1話       ] downloaded:    17, total:  17, progress:100%
2026-06-17 00:23:43 - mkk_pika - database.py:238 - INFO - 数据库更新已下载章节
2026-06-17 00:23:43 - mkk_pika - database.py:244 - INFO - 该漫画已下载章节如下
2026-06-17 00:23:43 - mkk_pika - database.py:245 - INFO - ['第1話']
2026-06-17 00:23:44 - mkk_pika - main.py:292 - INFO - ==================== 漫画信息 ====================
                                漫画ID：6a318f717cb1d84bd5170d5f
                                标题：夏だ!!水着だ!!クロレラ観察部だ!! | 夏日!!泳装!!小球藻观察部!!
                                作者：ケモミミちゃん屋 (ーユがな)
                                是否完结：否
                                总页数：17
                                分类：短篇,同人,全彩
                                章节数：1
                                最后更新时间：2026-06-16T18:01:21.542Z
                                =================================================
2026-06-17 00:23:44 - mkk_pika - database.py:101 - INFO - 保存成功：夏だ!!水着だ!!クロレラ観察部だ!! | 夏日!!泳装!!小球藻观察部!!
2026-06-17 00:23:44 - mkk_pika - main.py:35 - INFO - 开始检查めろめろあばんちゅ〜る是否存在未下载章节
2026-06-17 00:23:44 - mkk_pika - main.py:45 - INFO - 正在下载:[めろめろあばんちゅ〜る]-[ワンワンサワー (和野うみ)]-[['短篇']]-[total_pages:-1]
2026-06-17 00:23:44 - mkk_pika - main.py:49 - INFO - [{'_id': '6a318f6522f6b2181c39d9a2', 'title': '第1話', 'order': 1, 'updated_at': '2026-06-16T13:17:37.416Z', 'id': '6a318f6522f6b2181c39d9a2'}]
2026-06-17 00:23:44 - mkk_pika - database.py:215 - INFO - 第一次下载该漫画，记录数据库中
2026-06-17 00:23:45 - mkk_pika - main.py:83 - INFO - 找到 42 张图片在:第1話
2026-06-17 00:23:46 - mkk_pika - main.py:112 - INFO - [episode:第1話       ] downloaded:    42, total:  42, progress:100%
2026-06-17 00:23:46 - mkk_pika - database.py:238 - INFO - 数据库更新已下载章节
2026-06-17 00:23:46 - mkk_pika - database.py:244 - INFO - 该漫画已下载章节如下
2026-06-17 00:23:46 - mkk_pika - database.py:245 - INFO - ['第1話']
2026-06-17 00:23:48 - mkk_pika - main.py:292 - INFO - ==================== 漫画信息 ====================
                                漫画ID：6a318f6522f6b2181c39d9a1
                                标题：めろめろあばんちゅ〜る
                                作者：ワンワンサワー (和野うみ)
                                是否完结：是
                                总页数：42
                                分类：短篇
                                章节数：1
                                最后更新时间：2026-06-16T18:01:09.107Z
                                =================================================
2026-06-17 00:23:48 - mkk_pika - database.py:101 - INFO - 保存成功：めろめろあばんちゅ〜る
2026-06-17 00:23:48 - mkk_pika - main.py:35 - INFO - 开始检查つるぺた!聖水party! | 贫乳白虎！圣水party！是否存在未下载章节
2026-06-17 00:23:48 - mkk_pika - main.py:45 - INFO - 正在下载:[つるぺた!聖水party! | 贫乳白虎！圣水party！]-[ふらっしゃーず (ふらっしゃー)]-[['短篇', '同人']]-[total_pages:-1]
2026-06-17 00:23:48 - mkk_pika - main.py:49 - INFO - [{'_id': '6a318f417cb1d84bd517092f', 'title': '第1話', 'order': 1, 'updated_at': '2026-06-16T12:58:21.570Z', 'id': '6a318f417cb1d84bd517092f'}]
2026-06-17 00:23:48 - mkk_pika - database.py:215 - INFO - 第一次下载该漫画，记录数据库中
2026-06-17 00:23:49 - mkk_pika - main.py:83 - INFO - 找到 34 张图片在:第1話
2026-06-17 00:23:49 - mkk_pika - main.py:112 - INFO - [episode:第1話       ] downloaded:    34, total:  34, progress:100%
2026-06-17 00:23:49 - mkk_pika - database.py:238 - INFO - 数据库更新已下载章节
2026-06-17 00:23:49 - mkk_pika - database.py:244 - INFO - 该漫画已下载章节如下
2026-06-17 00:23:49 - mkk_pika - database.py:245 - INFO - ['第1話']
2026-06-17 00:23:51 - mkk_pika - main.py:292 - INFO - ==================== 漫画信息 ====================
                                漫画ID：6a318f417cb1d84bd517092e
                                标题：つるぺた!聖水party! | 贫乳白虎！圣水party！
                                作者：ふらっしゃーず (ふらっしゃー)
                                是否完结：否
                                总页数：34
                                分类：短篇,同人
                                章节数：1
                                最后更新时间：2026-06-16T18:00:33.618Z
                                =================================================
2026-06-17 00:23:51 - mkk_pika - database.py:101 - INFO - 保存成功：つるぺた!聖水party! | 贫乳白虎！圣水party！
2026-06-17 00:23:51 - mkk_pika - main.py:35 - INFO - 开始检查悪魔娘監禁日誌/恶魔娘监禁日志7-32[中国翻译]是否存在未下载章节
2026-06-17 00:23:51 - mkk_pika - database.py:203 - INFO - 查询数据库中是否已存在第7話
2026-06-17 00:23:51 - mkk_pika - database.py:203 - INFO - 查询数据库中是否已存在第8話
2026-06-17 00:23:51 - mkk_pika - database.py:203 - INFO - 查询数据库中是否已存在第9話
2026-06-17 00:23:51 - mkk_pika - database.py:203 - INFO - 查询数据库中是否已存在第10話
2026-06-17 00:23:51 - mkk_pika - database.py:203 - INFO - 查询数据库中是否已存在第11話
2026-06-17 00:23:51 - mkk_pika - database.py:203 - INFO - 查询数据库中是否已存在第12話
2026-06-17 00:23:51 - mkk_pika - database.py:203 - INFO - 查询数据库中是否已存在第13話
2026-06-17 00:23:51 - mkk_pika - database.py:203 - INFO - 查询数据库中是否已存在第14話
2026-06-17 00:23:51 - mkk_pika - database.py:203 - INFO - 查询数据库中是否已存在第15話
2026-06-17 00:23:51 - mkk_pika - database.py:203 - INFO - 查询数据库中是否已存在第16話
2026-06-17 00:23:51 - mkk_pika - database.py:203 - INFO - 查询数据库中是否已存在第17話
2026-06-17 00:23:51 - mkk_pika - database.py:203 - INFO - 查询数据库中是否已存在第18話
2026-06-17 00:23:51 - mkk_pika - database.py:203 - INFO - 查询数据库中是否已存在第19話
2026-06-17 00:23:51 - mkk_pika - database.py:203 - INFO - 查询数据库中是否已存在第20話
2026-06-17 00:23:51 - mkk_pika - database.py:203 - INFO - 查询数据库中是否已存在第21話
2026-06-17 00:23:51 - mkk_pika - database.py:203 - INFO - 查询数据库中是否已存在第22話v2
2026-06-17 00:23:51 - mkk_pika - database.py:203 - INFO - 查询数据库中是否已存在第23話
2026-06-17 00:23:51 - mkk_pika - database.py:203 - INFO - 查询数据库中是否已存在第24話
2026-06-17 00:23:51 - mkk_pika - database.py:203 - INFO - 查询数据库中是否已存在第25話
2026-06-17 00:23:51 - mkk_pika - database.py:203 - INFO - 查询数据库中是否已存在第26話
2026-06-17 00:23:51 - mkk_pika - database.py:203 - INFO - 查询数据库中是否已存在第27話
2026-06-17 00:23:51 - mkk_pika - database.py:203 - INFO - 查询数据库中是否已存在第28話
2026-06-17 00:23:51 - mkk_pika - database.py:203 - INFO - 查询数据库中是否已存在第29話
2026-06-17 00:23:51 - mkk_pika - database.py:203 - INFO - 查询数据库中是否已存在第30話
2026-06-17 00:23:51 - mkk_pika - database.py:203 - INFO - 查询数据库中是否已存在第31話
2026-06-17 00:23:51 - mkk_pika - database.py:203 - INFO - 查询数据库中是否已存在第32話
2026-06-17 00:23:51 - mkk_pika - main.py:45 - INFO - 正在下载:[悪魔娘監禁日誌/恶魔娘监禁日志7-32[中国翻译]]-[はせ☆裕]-[['長篇', '非人類']]-[total_pages:-1]
2026-06-17 00:23:51 - mkk_pika - main.py:49 - INFO - [{'_id': '6a318ef1cbeb124c4a345d5c', 'title': '第32話', 'order': 26, 'updated_at': '2026-06-16T10:49:16.367Z', 'id': '6a318ef1cbeb124c4a345d5c'}]
2026-06-17 00:23:52 - mkk_pika - main.py:83 - INFO - 找到 26 张图片在:第32話
2026-06-17 00:23:52 - mkk_pika - main.py:112 - INFO - [episode:第32話      ] downloaded:    26, total:  26, progress:100%
2026-06-17 00:23:52 - mkk_pika - database.py:238 - INFO - 数据库更新已下载章节
2026-06-17 00:23:52 - mkk_pika - database.py:244 - INFO - 该漫画已下载章节如下
2026-06-17 00:23:52 - mkk_pika - database.py:245 - INFO - ['第7話', '第8話', '第9話', '第10話', '第11話', '第12話', '第13話', '第14話', '第15話', '第16話', '第17話', '第18話', '第19話', '第20話', '第21話', '第22話v2', '第23話', '第24話', '第25話', '第26話', '第27話', '第28話', '第29話', '第30話', '第31話', '第32話']
2026-06-17 00:23:54 - mkk_pika - main.py:292 - INFO - ==================== 漫画信息 ====================
                                漫画ID：673b6d4fd86b410bfcd1a9ac
                                标题：悪魔娘監禁日誌/恶魔娘监禁日志7-32[中国翻译]
                                作者：はせ☆裕
                                是否完结：否
                                总页数：556
                                分类：長篇,非人類
                                章节数：26
                                最后更新时间：2026-06-16T17:59:13.719Z
                                =================================================
2026-06-17 00:23:54 - mkk_pika - database.py:101 - INFO - 保存成功：悪魔娘監禁日誌/恶魔娘监禁日志7-32[中国翻译]
2026-06-17 00:23:54 - mkk_pika - main.py:35 - INFO - 开始检查すきですやめらくん ～こはるちゃんのりら〇行放計画～ (COMIC ルクセリア vol.05)是否存在未下载章节
2026-06-17 00:23:54 - mkk_pika - main.py:45 - INFO - 正在下载:[すきですやめらくん ～こはるちゃんのりら〇行放計画～ (COMIC ルクセリア vol.05)]-[ピワワ]-[['短篇']]-[total_pages:-1]
2026-06-17 00:23:54 - mkk_pika - main.py:49 - INFO - [{'_id': '6a318e947cb1d84bd51706ab', 'title': '第1話', 'order': 1, 'updated_at': '2026-06-16T07:40:37.151Z', 'id': '6a318e947cb1d84bd51706ab'}]
2026-06-17 00:23:54 - mkk_pika - database.py:215 - INFO - 第一次下载该漫画，记录数据库中
2026-06-17 00:23:54 - mkk_pika - main.py:83 - INFO - 找到 26 张图片在:第1話
2026-06-17 00:23:55 - mkk_pika - main.py:112 - INFO - [episode:第1話       ] downloaded:    26, total:  26, progress:100%
2026-06-17 00:23:55 - mkk_pika - database.py:238 - INFO - 数据库更新已下载章节
2026-06-17 00:23:55 - mkk_pika - database.py:244 - INFO - 该漫画已下载章节如下
2026-06-17 00:23:55 - mkk_pika - database.py:245 - INFO - ['第1話']
2026-06-17 00:23:56 - mkk_pika - main.py:292 - INFO - ==================== 漫画信息 ====================
                                漫画ID：6a318e947cb1d84bd51706aa
                                标题：すきですやめらくん ～こはるちゃんのりら〇行放計画～ (COMIC ルクセリア vol.05)
                                作者：ピワワ
                                是否完结：是
                                总页数：26
                                分类：短篇
                                章节数：1
                                最后更新时间：2026-06-16T17:57:40.471Z
                                =================================================
2026-06-17 00:23:56 - mkk_pika - database.py:101 - INFO - 保存成功：すきですやめらくん ～こはるちゃんのりら〇行放計画～ (COMIC ルクセリア vol.05)
2026-06-17 00:23:56 - mkk_pika - main.py:35 - INFO - 开始检查寝たふりして交尾させてくれるお姉ちゃんとふたなり妹是否存在未下载章节
2026-06-17 00:23:57 - mkk_pika - main.py:45 - INFO - 正在下载:[寝たふりして交尾させてくれるお姉ちゃんとふたなり妹]-[柵野14]-[['短篇', '扶他樂園', '姐姐系', '純愛', '強暴']]-[total_pages:-1]
2026-06-17 00:23:57 - mkk_pika - main.py:49 - INFO - [{'_id': '65f470ff019cbb559e5408e8', 'title': '第1話', 'order': 1, 'updated_at': '2024-03-14T12:18:15.843Z', 'id': '65f470ff019cbb559e5408e8'}]
2026-06-17 00:23:57 - mkk_pika - database.py:215 - INFO - 第一次下载该漫画，记录数据库中
2026-06-17 00:23:58 - mkk_pika - main.py:83 - INFO - 找到 41 张图片在:第1話
2026-06-17 00:23:59 - mkk_pika - main.py:112 - INFO - [episode:第1話       ] downloaded:    41, total:  41, progress:100%
2026-06-17 00:23:59 - mkk_pika - database.py:238 - INFO - 数据库更新已下载章节
2026-06-17 00:23:59 - mkk_pika - database.py:244 - INFO - 该漫画已下载章节如下
2026-06-17 00:23:59 - mkk_pika - database.py:245 - INFO - ['第1話']
2026-06-17 00:24:00 - mkk_pika - main.py:292 - INFO - ==================== 漫画信息 ====================
                                漫画ID：65f470ff019cbb559e5408e7
                                标题：寝たふりして交尾させてくれるお姉ちゃんとふたなり妹
                                作者：柵野14
                                是否完结：是
                                总页数：41
                                分类：短篇,扶他樂園,姐姐系,純愛,強暴
                                章节数：1
                                最后更新时间：2024-03-15T16:02:07.779Z
                                =================================================
2026-06-17 00:24:00 - mkk_pika - database.py:101 - INFO - 保存成功：寝たふりして交尾させてくれるお姉ちゃんとふたなり妹
2026-06-17 00:24:00 - mkk_pika - main.py:323 - INFO - 订阅内容内容下载完毕
2026-06-17 00:24:00 - mkk_pika - main.py:324 - INFO - 开始分批下载全部章节
2026-06-17 00:24:00 - mkk_pika - database.py:280 - INFO - 表和索引初始化成功
2026-06-17 00:24:01 - mkk_pika - main.py:177 - INFO - 已经下载了1118页，一共6964页，现在开始添加第1119页
2026-06-17 00:24:02 - mkk_pika - database.py:318 - INFO - 保存成功
2026-06-17 00:24:02 - mkk_pika - main.py:177 - INFO - 已经下载了1119页，一共6964页，现在开始添加第1120页
2026-06-17 00:24:02 - mkk_pika - database.py:318 - INFO - 保存成功
2026-06-17 00:24:03 - mkk_pika - main.py:177 - INFO - 已经下载了1120页，一共6964页，现在开始添加第1121页
2026-06-17 00:24:03 - mkk_pika - database.py:318 - INFO - 保存成功
2026-06-17 00:24:04 - mkk_pika - main.py:177 - INFO - 已经下载了1121页，一共6964页，现在开始添加第1122页
2026-06-17 00:24:04 - mkk_pika - database.py:318 - INFO - 保存成功
2026-06-17 00:24:04 - mkk_pika - main.py:177 - INFO - 已经下载了1122页，一共6964页，现在开始添加第1123页
2026-06-17 00:24:05 - mkk_pika - database.py:318 - INFO - 保存成功
2026-06-17 00:24:05 - mkk_pika - main.py:331 - INFO - 分批下载共计49本漫画
2026-06-17 00:24:05 - mkk_pika - main.py:35 - INFO - 开始检查LOVEBITE是否存在未下载章节
2026-06-17 00:24:05 - mkk_pika - main.py:45 - INFO - 正在下载:[LOVEBITE]-[434 Not Found (isya)]-[['全彩', '同人', '短篇', '純愛', '百合花園']]-[total_pages:23]
2026-06-17 00:24:05 - mkk_pika - main.py:49 - INFO - [{'_id': '5b6b18b3a674f911863c00fd', 'title': '第1集', 'order': 1, 'updated_at': '2018-08-08T03:10:13.467Z', 'id': '5b6b18b3a674f911863c00fd'}]
2026-06-17 00:24:05 - mkk_pika - database.py:215 - INFO - 第一次下载该漫画，记录数据库中
2026-06-17 00:24:06 - mkk_pika - main.py:83 - INFO - 找到 23 张图片在:第1集
2026-06-17 00:24:06 - mkk_pika - main.py:112 - INFO - [episode:第1集       ] downloaded:    23, total:  23, progress:100%
2026-06-17 00:24:06 - mkk_pika - database.py:238 - INFO - 数据库更新已下载章节
2026-06-17 00:24:06 - mkk_pika - database.py:244 - INFO - 该漫画已下载章节如下
2026-06-17 00:24:06 - mkk_pika - database.py:245 - INFO - ['第1集']
2026-06-17 00:24:08 - mkk_pika - main.py:348 - INFO - ==================== 漫画信息 ====================
                                   漫画ID：5b6b18b3a674f911863c00fc
                                   标题：LOVEBITE
                                   作者：434 Not Found (isya)
                                   是否完结：是
                                   总页数：23
                                   分类：全彩,同人,短篇,純愛,百合花園
                                   章节数：1
                                   最后更新时间：2018-08-08T16:22:11.585Z
                                   =================================================
2026-06-17 00:24:08 - mkk_pika - database.py:101 - INFO - 保存成功：LOVEBITE
2026-06-17 00:24:08 - mkk_pika - main.py:35 - INFO - 开始检查アンジェを●さないと出られない部屋是否存在未下载章节
2026-06-17 00:24:08 - mkk_pika - main.py:45 - INFO - 正在下载:[アンジェを●さないと出られない部屋]-[新和涼]-[['同人', '短篇', '純愛', '百合花園']]-[total_pages:24]
2026-06-17 00:24:08 - mkk_pika - main.py:49 - INFO - [{'_id': '5b6b18ef2c04e24caad1b38a', 'title': '第1集', 'order': 1, 'updated_at': '2018-08-08T03:30:36.048Z', 'id': '5b6b18ef2c04e24caad1b38a'}]
2026-06-17 00:24:08 - mkk_pika - database.py:215 - INFO - 第一次下载该漫画，记录数据库中
2026-06-17 00:24:09 - mkk_pika - main.py:83 - INFO - 找到 24 张图片在:第1集
2026-06-17 00:24:09 - mkk_pika - main.py:112 - INFO - [episode:第1集       ] downloaded:    24, total:  24, progress:100%
2026-06-17 00:24:09 - mkk_pika - database.py:238 - INFO - 数据库更新已下载章节
2026-06-17 00:24:09 - mkk_pika - database.py:244 - INFO - 该漫画已下载章节如下
2026-06-17 00:24:09 - mkk_pika - database.py:245 - INFO - ['第1集']
2026-06-17 00:24:10 - mkk_pika - main.py:348 - INFO - ==================== 漫画信息 ====================
                                   漫画ID：5b6b18ef2c04e24caad1b389
                                   标题：アンジェを●さないと出られない部屋
                                   作者：新和涼
                                   是否完结：是
                                   总页数：24
                                   分类：同人,短篇,純愛,百合花園
                                   章节数：1
                                   最后更新时间：2018-08-08T16:23:11.739Z
                                   =================================================
2026-06-17 00:24:10 - mkk_pika - database.py:101 - INFO - 保存成功：アンジェを●さないと出られない部屋
2026-06-17 00:24:10 - mkk_pika - main.py:35 - INFO - 开始检查とらんすびっち 變身轉性淫蕩女是否存在未下载章节
2026-06-17 00:24:11 - mkk_pika - main.py:45 - INFO - 正在下载:[とらんすびっち 變身轉性淫蕩女]-[池下真上]-[['長篇', '單行本', '扶他樂園', '性轉換', '強暴', '非人類']]-[total_pages:196]
2026-06-17 00:24:11 - mkk_pika - main.py:49 - INFO - [{'_id': '5b6b1904473be51732d0678d', 'title': '第1集', 'order': 1, 'updated_at': '2018-08-08T12:47:00.954Z', 'id': '5b6b1904473be51732d0678d'}]
2026-06-17 00:24:11 - mkk_pika - database.py:215 - INFO - 第一次下载该漫画，记录数据库中
2026-06-17 00:24:13 - mkk_pika - main.py:83 - INFO - 找到 196 张图片在:第1集
2026-06-17 00:24:17 - mkk_pika - main.py:112 - INFO - [episode:第1集       ] downloaded:   196, total: 196, progress:100%
2026-06-17 00:24:17 - mkk_pika - database.py:238 - INFO - 数据库更新已下载章节
2026-06-17 00:24:17 - mkk_pika - database.py:244 - INFO - 该漫画已下载章节如下
2026-06-17 00:24:17 - mkk_pika - database.py:245 - INFO - ['第1集']
2026-06-17 00:24:18 - mkk_pika - main.py:348 - INFO - ==================== 漫画信息 ====================
                                   漫画ID：5b6b1904473be51732d0678c
                                   标题：とらんすびっち 變身轉性淫蕩女
                                   作者：池下真上
                                   是否完结：是
                                   总页数：196
                                   分类：長篇,單行本,扶他樂園,性轉換,強暴,非人類
                                   章节数：1
                                   最后更新时间：2018-08-08T16:23:32.457Z
                                   =================================================
2026-06-17 00:24:18 - mkk_pika - database.py:101 - INFO - 保存成功：とらんすびっち 變身轉性淫蕩女
2026-06-17 00:24:18 - mkk_pika - main.py:35 - INFO - 开始检查天たま巫女是否存在未下载章节
2026-06-17 00:24:18 - mkk_pika - main.py:45 - INFO - 正在下载:[天たま巫女]-[海通信 (なまもななせ)]-[['短篇']]-[total_pages:26]
2026-06-17 00:24:18 - mkk_pika - main.py:49 - INFO - [{'_id': '5b6b194558ed442d89948448', 'title': '第1集', 'order': 1, 'updated_at': '2018-08-08T14:25:01.051Z', 'id': '5b6b194558ed442d89948448'}]
2026-06-17 00:24:18 - mkk_pika - database.py:215 - INFO - 第一次下载该漫画，记录数据库中
2026-06-17 00:24:19 - mkk_pika - main.py:83 - INFO - 找到 26 张图片在:第1集
2026-06-17 00:24:19 - mkk_pika - main.py:112 - INFO - [episode:第1集       ] downloaded:    26, total:  26, progress:100%
2026-06-17 00:24:19 - mkk_pika - database.py:238 - INFO - 数据库更新已下载章节
2026-06-17 00:24:19 - mkk_pika - database.py:244 - INFO - 该漫画已下载章节如下
2026-06-17 00:24:19 - mkk_pika - database.py:245 - INFO - ['第1集']
2026-06-17 00:24:21 - mkk_pika - main.py:348 - INFO - ==================== 漫画信息 ====================
                                   漫画ID：5b6b194558ed442d89948447
                                   标题：天たま巫女
                                   作者：海通信 (なまもななせ)
                                   是否完结：否
                                   总页数：26
                                   分类：短篇
                                   章节数：1
                                   最后更新时间：2018-08-08T16:24:37.109Z
                                   =================================================
2026-06-17 00:24:21 - mkk_pika - database.py:101 - INFO - 保存成功：天たま巫女
2026-06-17 00:24:21 - mkk_pika - main.py:35 - INFO - 开始检查えんまさま ずこずこどぴゅっと じごくイキ是否存在未下载章节
2026-06-17 00:24:21 - mkk_pika - main.py:45 - INFO - 正在下载:[えんまさま ずこずこどぴゅっと じごくイキ]-[海通信 (なまもななせ)]-[['短篇']]-[total_pages:25]
2026-06-17 00:24:21 - mkk_pika - main.py:49 - INFO - [{'_id': '5b6b196051452d1724557b64', 'title': '第1集', 'order': 1, 'updated_at': '2018-08-08T14:34:10.254Z', 'id': '5b6b196051452d1724557b64'}]
2026-06-17 00:24:21 - mkk_pika - database.py:215 - INFO - 第一次下载该漫画，记录数据库中
2026-06-17 00:24:21 - mkk_pika - main.py:83 - INFO - 找到 25 张图片在:第1集
2026-06-17 00:24:22 - mkk_pika - main.py:112 - INFO - [episode:第1集       ] downloaded:    25, total:  25, progress:100%
2026-06-17 00:24:22 - mkk_pika - database.py:238 - INFO - 数据库更新已下载章节
2026-06-17 00:24:22 - mkk_pika - database.py:244 - INFO - 该漫画已下载章节如下
2026-06-17 00:24:22 - mkk_pika - database.py:245 - INFO - ['第1集']
2026-06-17 00:24:23 - mkk_pika - main.py:348 - INFO - ==================== 漫画信息 ====================
                                   漫画ID：5b6b195f51452d1724557b63
                                   标题：えんまさま ずこずこどぴゅっと じごくイキ
                                   作者：海通信 (なまもななせ)
                                   是否完结：否
                                   总页数：25
                                   分类：短篇
                                   章节数：1
                                   最后更新时间：2018-08-08T16:25:03.996Z
                                   =================================================
2026-06-17 00:24:23 - mkk_pika - database.py:101 - INFO - 保存成功：えんまさま ずこずこどぴゅっと じごくイキ
2026-06-17 00:24:23 - mkk_pika - main.py:35 - INFO - 开始检查 おまえはここで逆レだがな！是否存在未下载章节
2026-06-17 00:24:24 - mkk_pika - main.py:45 - INFO - 正在下载:[ おまえはここで逆レだがな！]-[蒟蒻鍋 (magifuro蒟蒻)]-[['同人', '短篇', '姐姐系', '東方']]-[total_pages:26]
2026-06-17 00:24:24 - mkk_pika - main.py:49 - INFO - [{'_id': '5b6b19723584064c55c9e2a0', 'title': '第1集', 'order': 1, 'updated_at': '2018-08-08T14:42:56.440Z', 'id': '5b6b19723584064c55c9e2a0'}]
2026-06-17 00:24:24 - mkk_pika - database.py:215 - INFO - 第一次下载该漫画，记录数据库中
2026-06-17 00:24:24 - mkk_pika - main.py:83 - INFO - 找到 26 张图片在:第1集
2026-06-17 00:24:25 - mkk_pika - main.py:112 - INFO - [episode:第1集       ] downloaded:    26, total:  26, progress:100%
2026-06-17 00:24:25 - mkk_pika - database.py:238 - INFO - 数据库更新已下载章节
2026-06-17 00:24:25 - mkk_pika - database.py:244 - INFO - 该漫画已下载章节如下
2026-06-17 00:24:25 - mkk_pika - database.py:245 - INFO - ['第1集']
2026-06-17 00:24:26 - mkk_pika - main.py:348 - INFO - ==================== 漫画信息 ====================
                                   漫画ID：5b6b19723584064c55c9e29f
                                   标题： おまえはここで逆レだがな！
                                   作者：蒟蒻鍋 (magifuro蒟蒻)
                                   是否完结：否
                                   总页数：26
                                   分类：同人,短篇,姐姐系,東方
                                   章节数：1
                                   最后更新时间：2018-08-08T16:25:22.307Z
                                   =================================================
2026-06-17 00:24:26 - mkk_pika - database.py:101 - INFO - 保存成功： おまえはここで逆レだがな！
2026-06-17 00:24:26 - mkk_pika - main.py:35 - INFO - 开始检查フランは催眠なんてかからないよっ! 是否存在未下载章节
2026-06-17 00:24:26 - mkk_pika - main.py:45 - INFO - 正在下载:[フランは催眠なんてかからないよっ! ]-[天使の羽 (蘭戸せる)]-[['同人', '短篇', '東方']]-[total_pages:20]
2026-06-17 00:24:26 - mkk_pika - main.py:49 - INFO - [{'_id': '5b6b19864e98c42d881acc1b', 'title': '第1集', 'order': 1, 'updated_at': '2018-08-08T12:17:21.117Z', 'id': '5b6b19864e98c42d881acc1b'}]
2026-06-17 00:24:26 - mkk_pika - database.py:215 - INFO - 第一次下载该漫画，记录数据库中
2026-06-17 00:24:27 - mkk_pika - main.py:83 - INFO - 找到 20 张图片在:第1集
2026-06-17 00:24:27 - mkk_pika - main.py:112 - INFO - [episode:第1集       ] downloaded:    20, total:  20, progress:100%
2026-06-17 00:24:27 - mkk_pika - database.py:238 - INFO - 数据库更新已下载章节
2026-06-17 00:24:27 - mkk_pika - database.py:244 - INFO - 该漫画已下载章节如下
2026-06-17 00:24:27 - mkk_pika - database.py:245 - INFO - ['第1集']
2026-06-17 00:24:29 - mkk_pika - main.py:348 - INFO - ==================== 漫画信息 ====================
                                   漫画ID：5b6b19864e98c42d881acc1a
                                   标题：フランは催眠なんてかからないよっ! 
                                   作者：天使の羽 (蘭戸せる)
                                   是否完结：否
                                   总页数：20
                                   分类：同人,短篇,東方
                                   章节数：1
                                   最后更新时间：2018-08-08T16:25:42.882Z
                                   =================================================
2026-06-17 00:24:29 - mkk_pika - database.py:101 - INFO - 保存成功：フランは催眠なんてかからないよっ! 
2026-06-17 00:24:29 - mkk_pika - main.py:35 - INFO - 开始检查淫行THEプレイんず（游戏王）是否存在未下载章节
2026-06-17 00:24:29 - mkk_pika - main.py:45 - INFO - 正在下载:[淫行THEプレイんず（游戏王）]-[よんかごわーくす (シカプ)]-[['同人', '短篇']]-[total_pages:14]
2026-06-17 00:24:29 - mkk_pika - main.py:49 - INFO - [{'_id': '5b6b199b799d5b4ca9b896cc', 'title': '第1集', 'order': 1, 'updated_at': '2018-08-07T14:18:49.188Z', 'id': '5b6b199b799d5b4ca9b896cc'}]
2026-06-17 00:24:29 - mkk_pika - database.py:215 - INFO - 第一次下载该漫画，记录数据库中
2026-06-17 00:24:30 - mkk_pika - main.py:83 - INFO - 找到 14 张图片在:第1集
2026-06-17 00:24:30 - mkk_pika - main.py:112 - INFO - [episode:第1集       ] downloaded:    14, total:  14, progress:100%
2026-06-17 00:24:30 - mkk_pika - database.py:238 - INFO - 数据库更新已下载章节
2026-06-17 00:24:30 - mkk_pika - database.py:244 - INFO - 该漫画已下载章节如下
2026-06-17 00:24:30 - mkk_pika - database.py:245 - INFO - ['第1集']
2026-06-17 00:24:31 - mkk_pika - main.py:348 - INFO - ==================== 漫画信息 ====================
                                   漫画ID：5b6b199b799d5b4ca9b896cb
                                   标题：淫行THEプレイんず（游戏王）
                                   作者：よんかごわーくす (シカプ)
                                   是否完结：否
                                   总页数：14
                                   分类：同人,短篇
                                   章节数：1
                                   最后更新时间：2018-08-08T16:26:03.617Z
                                   =================================================
2026-06-17 00:24:31 - mkk_pika - database.py:101 - INFO - 保存成功：淫行THEプレイんず（游戏王）
2026-06-17 00:24:31 - mkk_pika - main.py:35 - INFO - 开始检查大大屌小小 是否存在未下载章节
2026-06-17 00:24:32 - mkk_pika - main.py:45 - INFO - 正在下载:[大大屌小小 ]-[木門對竹門]-[['短篇', '純愛', '全彩']]-[total_pages:17]
2026-06-17 00:24:32 - mkk_pika - main.py:49 - INFO - [{'_id': '5b6bdf4558ed442d899486b8', 'title': '第1集', 'order': 1, 'updated_at': '2018-08-08T16:39:43.938Z', 'id': '5b6bdf4558ed442d899486b8'}]
2026-06-17 00:24:32 - mkk_pika - database.py:215 - INFO - 第一次下载该漫画，记录数据库中
2026-06-17 00:24:32 - mkk_pika - main.py:83 - INFO - 找到 17 张图片在:第1集
2026-06-17 00:24:33 - mkk_pika - main.py:112 - INFO - [episode:第1集       ] downloaded:    17, total:  17, progress:100%
2026-06-17 00:24:33 - mkk_pika - database.py:238 - INFO - 数据库更新已下载章节
2026-06-17 00:24:33 - mkk_pika - database.py:244 - INFO - 该漫画已下载章节如下
2026-06-17 00:24:33 - mkk_pika - database.py:245 - INFO - ['第1集']
2026-06-17 00:24:34 - mkk_pika - main.py:348 - INFO - ==================== 漫画信息 ====================
                                   漫画ID：5b6bdf4558ed442d899486b7
                                   标题：大大屌小小 
                                   作者：木門對竹門
                                   是否完结：是
                                   总页数：17
                                   分类：短篇,純愛,全彩
                                   章节数：1
                                   最后更新时间：2018-08-09T06:29:25.080Z
                                   =================================================
2026-06-17 00:24:34 - mkk_pika - database.py:101 - INFO - 保存成功：大大屌小小 
2026-06-17 00:24:34 - mkk_pika - main.py:35 - INFO - 开始检查援処交際 ○校デビューJK 三鈴 [DL版]是否存在未下载章节
2026-06-17 00:24:34 - mkk_pika - main.py:45 - INFO - 正在下载:[援処交際 ○校デビューJK 三鈴 [DL版]]-[にのこや (にの子)]-[['短篇', '同人']]-[total_pages:29]
2026-06-17 00:24:34 - mkk_pika - main.py:49 - INFO - [{'_id': '5b6cfbe41716c62dbb7786ad', 'title': '第1集', 'order': 1, 'updated_at': '2018-08-09T10:46:52.826Z', 'id': '5b6cfbe41716c62dbb7786ad'}]
2026-06-17 00:24:34 - mkk_pika - database.py:215 - INFO - 第一次下载该漫画，记录数据库中
2026-06-17 00:24:35 - mkk_pika - main.py:83 - INFO - 找到 29 张图片在:第1集
2026-06-17 00:24:35 - mkk_pika - main.py:112 - INFO - [episode:第1集       ] downloaded:    29, total:  29, progress:100%
2026-06-17 00:24:35 - mkk_pika - database.py:238 - INFO - 数据库更新已下载章节
2026-06-17 00:24:35 - mkk_pika - database.py:244 - INFO - 该漫画已下载章节如下
2026-06-17 00:24:35 - mkk_pika - database.py:245 - INFO - ['第1集']
2026-06-17 00:24:37 - mkk_pika - main.py:348 - INFO - ==================== 漫画信息 ====================
                                   漫画ID：5b6cfbe41716c62dbb7786ac
                                   标题：援処交際 ○校デビューJK 三鈴 [DL版]
                                   作者：にのこや (にの子)
                                   是否完结：否
                                   总页数：29
                                   分类：短篇,同人
                                   章节数：1
                                   最后更新时间：2018-08-10T02:43:48.105Z
                                   =================================================
2026-06-17 00:24:37 - mkk_pika - database.py:101 - INFO - 保存成功：援処交際 ○校デビューJK 三鈴 [DL版]
2026-06-17 00:24:37 - mkk_pika - main.py:35 - INFO - 开始检查(SUPER27)ホームメイド2 (クオリディア・コード)是否存在未下载章节
2026-06-17 00:24:37 - mkk_pika - main.py:45 - INFO - 正在下载:[(SUPER27)ホームメイド2 (クオリディア・コード)]-[ 不可不可 (関谷あさみ)]-[['短篇', '妹妹系']]-[total_pages:31]
2026-06-17 00:24:37 - mkk_pika - main.py:49 - INFO - [{'_id': '5b6cfbf6473be51732d06d30', 'title': '第1集', 'order': 1, 'updated_at': '2018-08-09T10:53:43.205Z', 'id': '5b6cfbf6473be51732d06d30'}]
2026-06-17 00:24:37 - mkk_pika - database.py:215 - INFO - 第一次下载该漫画，记录数据库中
2026-06-17 00:24:38 - mkk_pika - main.py:83 - INFO - 找到 31 张图片在:第1集
2026-06-17 00:24:38 - mkk_pika - main.py:112 - INFO - [episode:第1集       ] downloaded:    31, total:  31, progress:100%
2026-06-17 00:24:38 - mkk_pika - database.py:238 - INFO - 数据库更新已下载章节
2026-06-17 00:24:38 - mkk_pika - database.py:244 - INFO - 该漫画已下载章节如下
2026-06-17 00:24:38 - mkk_pika - database.py:245 - INFO - ['第1集']
2026-06-17 00:24:39 - mkk_pika - main.py:348 - INFO - ==================== 漫画信息 ====================
                                   漫画ID：5b6cfbf6473be51732d06d2f
                                   标题：(SUPER27)ホームメイド2 (クオリディア・コード)
                                   作者： 不可不可 (関谷あさみ)
                                   是否完结：否
                                   总页数：31
                                   分类：短篇,妹妹系
                                   章节数：1
                                   最后更新时间：2018-08-10T02:44:06.232Z
                                   =================================================
2026-06-17 00:24:39 - mkk_pika - database.py:101 - INFO - 保存成功：(SUPER27)ホームメイド2 (クオリディア・コード)
2026-06-17 00:24:39 - mkk_pika - main.py:35 - INFO - 开始检查(COMIC1☆13) メイビーアイラブユー2是否存在未下载章节
2026-06-17 00:24:40 - mkk_pika - main.py:45 - INFO - 正在下载:[(COMIC1☆13) メイビーアイラブユー2]-[FRAC (もとみやみつき)]-[['短篇', '妹妹系']]-[total_pages:38]
2026-06-17 00:24:40 - mkk_pika - main.py:49 - INFO - [{'_id': '5b6cfc0b40705b118c6ec490', 'title': '第1集', 'order': 1, 'updated_at': '2018-08-09T11:24:25.356Z', 'id': '5b6cfc0b40705b118c6ec490'}]
2026-06-17 00:24:40 - mkk_pika - database.py:215 - INFO - 第一次下载该漫画，记录数据库中
2026-06-17 00:24:40 - mkk_pika - main.py:83 - INFO - 找到 38 张图片在:第1集
2026-06-17 00:24:41 - mkk_pika - main.py:112 - INFO - [episode:第1集       ] downloaded:    38, total:  38, progress:100%
2026-06-17 00:24:41 - mkk_pika - database.py:238 - INFO - 数据库更新已下载章节
2026-06-17 00:24:41 - mkk_pika - database.py:244 - INFO - 该漫画已下载章节如下
2026-06-17 00:24:41 - mkk_pika - database.py:245 - INFO - ['第1集']
2026-06-17 00:24:43 - mkk_pika - main.py:348 - INFO - ==================== 漫画信息 ====================
                                   漫画ID：5b6cfc0b40705b118c6ec48f
                                   标题：(COMIC1☆13) メイビーアイラブユー2
                                   作者：FRAC (もとみやみつき)
                                   是否完结：否
                                   总页数：38
                                   分类：短篇,妹妹系
                                   章节数：1
                                   最后更新时间：2018-08-10T02:44:27.692Z
                                   =================================================
2026-06-17 00:24:43 - mkk_pika - database.py:101 - INFO - 保存成功：(COMIC1☆13) メイビーアイラブユー2
2026-06-17 00:24:43 - mkk_pika - main.py:35 - INFO - 开始检查 (C92)  阿賀野はちょろイン! 2 (艦隊これくしょん -艦これ-)是否存在未下载章节
2026-06-17 00:24:43 - mkk_pika - main.py:45 - INFO - 正在下载:[ (C92)  阿賀野はちょろイン! 2 (艦隊これくしょん -艦これ-)]-[三三五屋 (三三五風)]-[['短篇', '同人', '艦隊收藏']]-[total_pages:27]
2026-06-17 00:24:43 - mkk_pika - main.py:49 - INFO - [{'_id': '5b6cfc2c799d5b4ca9b8a04a', 'title': '第1集', 'order': 1, 'updated_at': '2018-08-09T11:55:49.029Z', 'id': '5b6cfc2c799d5b4ca9b8a04a'}]
2026-06-17 00:24:43 - mkk_pika - database.py:215 - INFO - 第一次下载该漫画，记录数据库中
2026-06-17 00:24:43 - mkk_pika - main.py:83 - INFO - 找到 27 张图片在:第1集
2026-06-17 00:24:44 - mkk_pika - main.py:112 - INFO - [episode:第1集       ] downloaded:    27, total:  27, progress:100%
2026-06-17 00:24:44 - mkk_pika - database.py:238 - INFO - 数据库更新已下载章节
2026-06-17 00:24:44 - mkk_pika - database.py:244 - INFO - 该漫画已下载章节如下
2026-06-17 00:24:44 - mkk_pika - database.py:245 - INFO - ['第1集']
2026-06-17 00:24:45 - mkk_pika - main.py:348 - INFO - ==================== 漫画信息 ====================
                                   漫画ID：5b6cfc2c799d5b4ca9b8a049
                                   标题： (C92)  阿賀野はちょろイン! 2 (艦隊これくしょん -艦これ-)
                                   作者：三三五屋 (三三五風)
                                   是否完结：否
                                   总页数：27
                                   分类：短篇,同人,艦隊收藏
                                   章节数：1
                                   最后更新时间：2018-08-10T02:45:00.344Z
                                   =================================================
2026-06-17 00:24:45 - mkk_pika - database.py:101 - INFO - 保存成功： (C92)  阿賀野はちょろイン! 2 (艦隊これくしょん -艦これ-)
2026-06-17 00:24:45 - mkk_pika - main.py:35 - INFO - 开始检查(COMIC1☆13) お兄ちゃんのことなんかぜんっぜん……是否存在未下载章节
2026-06-17 00:24:46 - mkk_pika - main.py:45 - INFO - 正在下载:[(COMIC1☆13) お兄ちゃんのことなんかぜんっぜん……]-[Elily's Lab. (りっか)]-[['短篇', '同人', '妹妹系']]-[total_pages:26]
2026-06-17 00:24:46 - mkk_pika - main.py:49 - INFO - [{'_id': '5b6cfc432c04e24caad1bce9', 'title': 'ヽ(ﾟ∀ﾟ)ﾒ(ﾟ∀ﾟ)ﾉ ', 'order': 1, 'updated_at': '2018-08-09T12:04:57.230Z', 'id': '5b6cfc432c04e24caad1bce9'}]
2026-06-17 00:24:46 - mkk_pika - database.py:215 - INFO - 第一次下载该漫画，记录数据库中
2026-06-17 00:24:46 - mkk_pika - main.py:83 - INFO - 找到 26 张图片在:ヽ(ﾟ∀ﾟ)ﾒ(ﾟ∀ﾟ)ﾉ
2026-06-17 00:24:47 - mkk_pika - main.py:112 - INFO - [episode:ヽ(ﾟ∀ﾟ)ﾒ(ﾟ∀ﾟ)ﾉ ] downloaded:    26, total:  26, progress:100%
2026-06-17 00:24:47 - mkk_pika - database.py:238 - INFO - 数据库更新已下载章节
2026-06-17 00:24:47 - mkk_pika - database.py:244 - INFO - 该漫画已下载章节如下
2026-06-17 00:24:47 - mkk_pika - database.py:245 - INFO - ['ヽ(ﾟ∀ﾟ)ﾒ(ﾟ∀ﾟ)ﾉ ']
2026-06-17 00:24:48 - mkk_pika - main.py:348 - INFO - ==================== 漫画信息 ====================
                                   漫画ID：5b6cfc432c04e24caad1bce8
                                   标题：(COMIC1☆13) お兄ちゃんのことなんかぜんっぜん……
                                   作者：Elily's Lab. (りっか)
                                   是否完结：否
                                   总页数：26
                                   分类：短篇,同人,妹妹系
                                   章节数：1
                                   最后更新时间：2018-08-10T02:45:23.911Z
                                   =================================================
2026-06-17 00:24:48 - mkk_pika - database.py:101 - INFO - 保存成功：(COMIC1☆13) お兄ちゃんのことなんかぜんっぜん……
2026-06-17 00:24:48 - mkk_pika - main.py:35 - INFO - 开始检查フランちゃんのエロトラップダンジョン是否存在未下载章节
2026-06-17 00:24:48 - mkk_pika - main.py:45 - INFO - 正在下载:[フランちゃんのエロトラップダンジョン]-[天使の羽 (蘭戸せる)]-[['同人', '短篇', '妹妹系', '東方']]-[total_pages:21]
2026-06-17 00:24:48 - mkk_pika - main.py:49 - INFO - [{'_id': '5b6dbf01da168316eec512be', 'title': '第1集', 'order': 1, 'updated_at': '2018-08-09T15:06:35.830Z', 'id': '5b6dbf01da168316eec512be'}]
2026-06-17 00:24:48 - mkk_pika - database.py:215 - INFO - 第一次下载该漫画，记录数据库中
2026-06-17 00:24:49 - mkk_pika - main.py:83 - INFO - 找到 21 张图片在:第1集
2026-06-17 00:24:50 - mkk_pika - main.py:112 - INFO - [episode:第1集       ] downloaded:    21, total:  21, progress:100%
2026-06-17 00:24:50 - mkk_pika - database.py:238 - INFO - 数据库更新已下载章节
2026-06-17 00:24:50 - mkk_pika - database.py:244 - INFO - 该漫画已下载章节如下
2026-06-17 00:24:50 - mkk_pika - database.py:245 - INFO - ['第1集']
2026-06-17 00:24:51 - mkk_pika - main.py:348 - INFO - ==================== 漫画信息 ====================
                                   漫画ID：5b6dbf01da168316eec512bd
                                   标题：フランちゃんのエロトラップダンジョン
                                   作者：天使の羽 (蘭戸せる)
                                   是否完结：否
                                   总页数：21
                                   分类：同人,短篇,妹妹系,東方
                                   章节数：1
                                   最后更新时间：2018-08-10T16:36:17.006Z
                                   =================================================
2026-06-17 00:24:51 - mkk_pika - database.py:101 - INFO - 保存成功：フランちゃんのエロトラップダンジョン
2026-06-17 00:24:51 - mkk_pika - main.py:35 - INFO - 开始检查夏しちゃってる?是否存在未下载章节
2026-06-17 00:24:51 - mkk_pika - main.py:45 - INFO - 正在下载:[夏しちゃってる?]-[あばらんち (チマQ)]-[['同人', '全彩', '短篇', '東方']]-[total_pages:25]
2026-06-17 00:24:51 - mkk_pika - main.py:49 - INFO - [{'_id': '5b6dbf122c04e24caad1c1c1', 'title': '第1集', 'order': 1, 'updated_at': '2018-08-09T14:11:39.151Z', 'id': '5b6dbf122c04e24caad1c1c1'}]
2026-06-17 00:24:51 - mkk_pika - database.py:215 - INFO - 第一次下载该漫画，记录数据库中
2026-06-17 00:24:52 - mkk_pika - main.py:83 - INFO - 找到 25 张图片在:第1集
2026-06-17 00:24:52 - mkk_pika - main.py:112 - INFO - [episode:第1集       ] downloaded:    25, total:  25, progress:100%
2026-06-17 00:24:52 - mkk_pika - database.py:238 - INFO - 数据库更新已下载章节
2026-06-17 00:24:52 - mkk_pika - database.py:244 - INFO - 该漫画已下载章节如下
2026-06-17 00:24:52 - mkk_pika - database.py:245 - INFO - ['第1集']
2026-06-17 00:24:54 - mkk_pika - main.py:348 - INFO - ==================== 漫画信息 ====================
                                   漫画ID：5b6dbf122c04e24caad1c1c0
                                   标题：夏しちゃってる?
                                   作者：あばらんち (チマQ)
                                   是否完结：否
                                   总页数：25
                                   分类：同人,全彩,短篇,東方
                                   章节数：1
                                   最后更新时间：2018-08-10T16:36:34.398Z
                                   =================================================
2026-06-17 00:24:54 - mkk_pika - database.py:101 - INFO - 保存成功：夏しちゃってる?
2026-06-17 00:24:54 - mkk_pika - main.py:35 - INFO - 开始检查エリーンちゃんと…是否存在未下载章节
2026-06-17 00:24:54 - mkk_pika - main.py:45 - INFO - 正在下载:[エリーンちゃんと…]-[しぐれえび (よろず)]-[['同人', '短篇', '後宮閃光']]-[total_pages:44]
2026-06-17 00:24:54 - mkk_pika - main.py:49 - INFO - [{'_id': '5b6dbf2e3584064c55c9f1c4', 'title': '第1集', 'order': 1, 'updated_at': '2018-08-09T14:19:09.961Z', 'id': '5b6dbf2e3584064c55c9f1c4'}]
2026-06-17 00:24:54 - mkk_pika - database.py:215 - INFO - 第一次下载该漫画，记录数据库中
2026-06-17 00:24:55 - mkk_pika - main.py:83 - INFO - 找到 44 张图片在:第1集
2026-06-17 00:24:56 - mkk_pika - main.py:112 - INFO - [episode:第1集       ] downloaded:    44, total:  44, progress:100%
2026-06-17 00:24:56 - mkk_pika - database.py:238 - INFO - 数据库更新已下载章节
2026-06-17 00:24:56 - mkk_pika - database.py:244 - INFO - 该漫画已下载章节如下
2026-06-17 00:24:56 - mkk_pika - database.py:245 - INFO - ['第1集']
2026-06-17 00:24:58 - mkk_pika - main.py:348 - INFO - ==================== 漫画信息 ====================
                                   漫画ID：5b6dbf2e3584064c55c9f1c3
                                   标题：エリーンちゃんと…
                                   作者：しぐれえび (よろず)
                                   是否完结：否
                                   总页数：44
                                   分类：同人,短篇,後宮閃光
                                   章节数：1
                                   最后更新时间：2018-08-10T16:37:02.219Z
                                   =================================================
2026-06-17 00:24:58 - mkk_pika - database.py:101 - INFO - 保存成功：エリーンちゃんと…
2026-06-17 00:24:58 - mkk_pika - main.py:35 - INFO - 开始检查フラントゥーン! 是否存在未下载章节
2026-06-17 00:24:58 - mkk_pika - main.py:45 - INFO - 正在下载:[フラントゥーン! ]-[天使の羽 (蘭戸せる)]-[['同人', '短篇', '妹妹系', '東方']]-[total_pages:22]
2026-06-17 00:24:58 - mkk_pika - main.py:49 - INFO - [{'_id': '5b6dbf54473be51732d0701b', 'title': '第1集', 'order': 1, 'updated_at': '2018-08-09T15:17:52.025Z', 'id': '5b6dbf54473be51732d0701b'}]
2026-06-17 00:24:58 - mkk_pika - database.py:215 - INFO - 第一次下载该漫画，记录数据库中
2026-06-17 00:24:59 - mkk_pika - main.py:83 - INFO - 找到 22 张图片在:第1集
2026-06-17 00:25:00 - mkk_pika - main.py:112 - INFO - [episode:第1集       ] downloaded:    22, total:  22, progress:100%
2026-06-17 00:25:00 - mkk_pika - database.py:238 - INFO - 数据库更新已下载章节
2026-06-17 00:25:00 - mkk_pika - database.py:244 - INFO - 该漫画已下载章节如下
2026-06-17 00:25:00 - mkk_pika - database.py:245 - INFO - ['第1集']
2026-06-17 00:25:01 - mkk_pika - main.py:348 - INFO - ==================== 漫画信息 ====================
                                   漫画ID：5b6dbf54473be51732d0701a
                                   标题：フラントゥーン! 
                                   作者：天使の羽 (蘭戸せる)
                                   是否完结：否
                                   总页数：22
                                   分类：同人,短篇,妹妹系,東方
                                   章节数：1
                                   最后更新时间：2018-08-10T16:37:40.577Z
                                   =================================================
2026-06-17 00:25:01 - mkk_pika - database.py:101 - INFO - 保存成功：フラントゥーン! 
2026-06-17 00:25:01 - mkk_pika - main.py:35 - INFO - 开始检查ご奉仕ならメイドにおまかせ!是否存在未下载章节
2026-06-17 00:25:01 - mkk_pika - main.py:45 - INFO - 正在下载:[ご奉仕ならメイドにおまかせ!]-[蒼色彼方 (色谷あすか)]-[['同人', '短篇', '東方', '妹妹系']]-[total_pages:28]
2026-06-17 00:25:01 - mkk_pika - main.py:49 - INFO - [{'_id': '5b6dbf7d40705b118c6ec6bf', 'title': '第1集', 'order': 1, 'updated_at': '2018-08-09T14:05:39.102Z', 'id': '5b6dbf7d40705b118c6ec6bf'}]
2026-06-17 00:25:01 - mkk_pika - database.py:215 - INFO - 第一次下载该漫画，记录数据库中
2026-06-17 00:25:02 - mkk_pika - main.py:83 - INFO - 找到 28 张图片在:第1集
2026-06-17 00:25:02 - mkk_pika - main.py:112 - INFO - [episode:第1集       ] downloaded:    28, total:  28, progress:100%
2026-06-17 00:25:02 - mkk_pika - database.py:238 - INFO - 数据库更新已下载章节
2026-06-17 00:25:02 - mkk_pika - database.py:244 - INFO - 该漫画已下载章节如下
2026-06-17 00:25:02 - mkk_pika - database.py:245 - INFO - ['第1集']
2026-06-17 00:25:04 - mkk_pika - main.py:348 - INFO - ==================== 漫画信息 ====================
                                   漫画ID：5b6dbf7d40705b118c6ec6be
                                   标题：ご奉仕ならメイドにおまかせ!
                                   作者：蒼色彼方 (色谷あすか)
                                   是否完结：否
                                   总页数：28
                                   分类：同人,短篇,東方,妹妹系
                                   章节数：1
                                   最后更新时间：2018-08-10T16:38:21.851Z
                                   =================================================
2026-06-17 00:25:04 - mkk_pika - database.py:101 - INFO - 保存成功：ご奉仕ならメイドにおまかせ!
2026-06-17 00:25:04 - mkk_pika - main.py:35 - INFO - 开始检查美遊さん、とんでもない発情をしてしまう (Fate/kaleid liner プリズマ☆イリヤ)是否存在未下载章节
2026-06-17 00:25:04 - mkk_pika - main.py:45 - INFO - 正在下载:[美遊さん、とんでもない発情をしてしまう (Fate/kaleid liner プリズマ☆イリヤ)]-[Wisteria (ふじはん)]-[['同人', '短篇']]-[total_pages:22]
2026-06-17 00:25:04 - mkk_pika - main.py:49 - INFO - [{'_id': '5b6dbf91a674f911863c0819', 'title': '第1集', 'order': 1, 'updated_at': '2018-08-10T02:53:56.716Z', 'id': '5b6dbf91a674f911863c0819'}]
2026-06-17 00:25:04 - mkk_pika - database.py:215 - INFO - 第一次下载该漫画，记录数据库中
2026-06-17 00:25:05 - mkk_pika - main.py:83 - INFO - 找到 22 张图片在:第1集
2026-06-17 00:25:05 - mkk_pika - main.py:112 - INFO - [episode:第1集       ] downloaded:    22, total:  22, progress:100%
2026-06-17 00:25:05 - mkk_pika - database.py:238 - INFO - 数据库更新已下载章节
2026-06-17 00:25:05 - mkk_pika - database.py:244 - INFO - 该漫画已下载章节如下
2026-06-17 00:25:05 - mkk_pika - database.py:245 - INFO - ['第1集']
2026-06-17 00:25:06 - mkk_pika - main.py:348 - INFO - ==================== 漫画信息 ====================
                                   漫画ID：5b6dbf91a674f911863c0818
                                   标题：美遊さん、とんでもない発情をしてしまう (Fate/kaleid liner プリズマ☆イリヤ)
                                   作者：Wisteria (ふじはん)
                                   是否完结：是
                                   总页数：22
                                   分类：同人,短篇
                                   章节数：1
                                   最后更新时间：2018-08-10T16:38:41.305Z
                                   =================================================
2026-06-17 00:25:06 - mkk_pika - database.py:101 - INFO - 保存成功：美遊さん、とんでもない発情をしてしまう (Fate/kaleid liner プリズマ☆イリヤ)
2026-06-17 00:25:06 - mkk_pika - main.py:35 - INFO - 开始检查放課後にいろはすと。 (やはり俺の青春ラブコメはまちがっている。)是否存在未下载章节
2026-06-17 00:25:07 - mkk_pika - main.py:45 - INFO - 正在下载:[放課後にいろはすと。 (やはり俺の青春ラブコメはまちがっている。)]-[studio A (稲鳴四季)]-[['短篇', '同人']]-[total_pages:23]
2026-06-17 00:25:07 - mkk_pika - main.py:49 - INFO - [{'_id': '5b6dbfd22c04e24caad1c1e0', 'title': '第1集', 'order': 1, 'updated_at': '2018-08-10T15:28:17.267Z', 'id': '5b6dbfd22c04e24caad1c1e0'}]
2026-06-17 00:25:07 - mkk_pika - database.py:215 - INFO - 第一次下载该漫画，记录数据库中
2026-06-17 00:25:07 - mkk_pika - main.py:83 - INFO - 找到 23 张图片在:第1集
2026-06-17 00:25:08 - mkk_pika - main.py:112 - INFO - [episode:第1集       ] downloaded:    23, total:  23, progress:100%
2026-06-17 00:25:08 - mkk_pika - database.py:238 - INFO - 数据库更新已下载章节
2026-06-17 00:25:08 - mkk_pika - database.py:244 - INFO - 该漫画已下载章节如下
2026-06-17 00:25:08 - mkk_pika - database.py:245 - INFO - ['第1集']
2026-06-17 00:25:09 - mkk_pika - main.py:348 - INFO - ==================== 漫画信息 ====================
                                   漫画ID：5b6dbfd22c04e24caad1c1df
                                   标题：放課後にいろはすと。 (やはり俺の青春ラブコメはまちがっている。)
                                   作者：studio A (稲鳴四季)
                                   是否完结：否
                                   总页数：23
                                   分类：短篇,同人
                                   章节数：1
                                   最后更新时间：2018-08-10T16:39:46.147Z
                                   =================================================
2026-06-17 00:25:09 - mkk_pika - database.py:101 - INFO - 保存成功：放課後にいろはすと。 (やはり俺の青春ラブコメはまちがっている。)
2026-06-17 00:25:09 - mkk_pika - main.py:35 - INFO - 开始检查今日から優等生？是否存在未下载章节
2026-06-17 00:25:10 - mkk_pika - main.py:45 - INFO - 正在下载:[今日から優等生？]-[ねじろ]-[['短篇', '性轉換']]-[total_pages:18]
2026-06-17 00:25:10 - mkk_pika - main.py:49 - INFO - [{'_id': '5b6dbfe71b3c8011bd0e5843', 'title': '第1集', 'order': 1, 'updated_at': '2018-08-10T11:27:53.157Z', 'id': '5b6dbfe71b3c8011bd0e5843'}]
2026-06-17 00:25:10 - mkk_pika - database.py:215 - INFO - 第一次下载该漫画，记录数据库中
2026-06-17 00:25:10 - mkk_pika - main.py:83 - INFO - 找到 18 张图片在:第1集
2026-06-17 00:25:11 - mkk_pika - main.py:112 - INFO - [episode:第1集       ] downloaded:    18, total:  18, progress:100%
2026-06-17 00:25:11 - mkk_pika - database.py:238 - INFO - 数据库更新已下载章节
2026-06-17 00:25:11 - mkk_pika - database.py:244 - INFO - 该漫画已下载章节如下
2026-06-17 00:25:11 - mkk_pika - database.py:245 - INFO - ['第1集']
2026-06-17 00:25:12 - mkk_pika - main.py:348 - INFO - ==================== 漫画信息 ====================
                                   漫画ID：5b6dbfe71b3c8011bd0e5842
                                   标题：今日から優等生？
                                   作者：ねじろ
                                   是否完结：是
                                   总页数：18
                                   分类：短篇,性轉換
                                   章节数：1
                                   最后更新时间：2018-08-10T16:40:07.128Z
                                   =================================================
2026-06-17 00:25:12 - mkk_pika - database.py:101 - INFO - 保存成功：今日から優等生？
2026-06-17 00:25:12 - mkk_pika - main.py:35 - INFO - 开始检查マン引きJKイケない身体検査 順手牽羊JK淫猥懲罰身體檢查 不要檢查的那麼裡面嘛 !~是否存在未下载章节
2026-06-17 00:25:13 - mkk_pika - main.py:45 - INFO - 正在下载:[マン引きJKイケない身体検査 順手牽羊JK淫猥懲罰身體檢查 不要檢查的那麼裡面嘛 !~]-[尚たかみ]-[['長篇', '單行本', '強暴']]-[total_pages:221]
2026-06-17 00:25:13 - mkk_pika - main.py:49 - INFO - [{'_id': '5b6dc0081b3c8011bd0e5859', 'title': '第1集', 'order': 1, 'updated_at': '2018-08-10T12:52:41.056Z', 'id': '5b6dc0081b3c8011bd0e5859'}]
2026-06-17 00:25:13 - mkk_pika - database.py:215 - INFO - 第一次下载该漫画，记录数据库中
2026-06-17 00:25:15 - mkk_pika - main.py:83 - INFO - 找到 221 张图片在:第1集
2026-06-17 00:25:19 - mkk_pika - main.py:112 - INFO - [episode:第1集       ] downloaded:   221, total: 221, progress:100%
2026-06-17 00:25:19 - mkk_pika - database.py:238 - INFO - 数据库更新已下载章节
2026-06-17 00:25:19 - mkk_pika - database.py:244 - INFO - 该漫画已下载章节如下
2026-06-17 00:25:19 - mkk_pika - database.py:245 - INFO - ['第1集']
2026-06-17 00:25:20 - mkk_pika - main.py:348 - INFO - ==================== 漫画信息 ====================
                                   漫画ID：5b6dc0081b3c8011bd0e5858
                                   标题：マン引きJKイケない身体検査 順手牽羊JK淫猥懲罰身體檢查 不要檢查的那麼裡面嘛 !~
                                   作者：尚たかみ
                                   是否完结：是
                                   总页数：221
                                   分类：長篇,單行本,強暴
                                   章节数：1
                                   最后更新时间：2018-08-10T16:40:40.847Z
                                   =================================================
2026-06-17 00:25:20 - mkk_pika - database.py:101 - INFO - 保存成功：マン引きJKイケない身体検査 順手牽羊JK淫猥懲罰身體檢查 不要檢查的那麼裡面嘛 !~
2026-06-17 00:25:20 - mkk_pika - main.py:35 - INFO - 开始检查口走りな彼女と無口な彼女 愛のリベンジ是否存在未下载章节
2026-06-17 00:25:21 - mkk_pika - main.py:45 - INFO - 正在下载:[口走りな彼女と無口な彼女 愛のリベンジ]-[一ノらい]-[['短篇', '純愛', '百合花園']]-[total_pages:29]
2026-06-17 00:25:21 - mkk_pika - main.py:49 - INFO - [{'_id': '5b6dc0432c04e24caad1c1fa', 'title': '第1集', 'order': 1, 'updated_at': '2018-08-10T06:59:58.671Z', 'id': '5b6dc0432c04e24caad1c1fa'}]
2026-06-17 00:25:21 - mkk_pika - database.py:215 - INFO - 第一次下载该漫画，记录数据库中
2026-06-17 00:25:21 - mkk_pika - main.py:83 - INFO - 找到 29 张图片在:第1集
2026-06-17 00:25:22 - mkk_pika - main.py:112 - INFO - [episode:第1集       ] downloaded:    29, total:  29, progress:100%
2026-06-17 00:25:22 - mkk_pika - database.py:238 - INFO - 数据库更新已下载章节
2026-06-17 00:25:22 - mkk_pika - database.py:244 - INFO - 该漫画已下载章节如下
2026-06-17 00:25:22 - mkk_pika - database.py:245 - INFO - ['第1集']
2026-06-17 00:25:23 - mkk_pika - main.py:348 - INFO - ==================== 漫画信息 ====================
                                   漫画ID：5b6dc0432c04e24caad1c1f9
                                   标题：口走りな彼女と無口な彼女 愛のリベンジ
                                   作者：一ノらい
                                   是否完结：是
                                   总页数：29
                                   分类：短篇,純愛,百合花園
                                   章节数：1
                                   最后更新时间：2018-08-10T16:41:39.503Z
                                   =================================================
2026-06-17 00:25:23 - mkk_pika - database.py:101 - INFO - 保存成功：口走りな彼女と無口な彼女 愛のリベンジ
2026-06-17 00:25:23 - mkk_pika - main.py:35 - INFO - 开始检查粉薬―入れ替わりI是否存在未下载章节
2026-06-17 00:25:24 - mkk_pika - main.py:45 - INFO - 正在下载:[粉薬―入れ替わりI]-[エムシー販売店 ]-[['全彩', '短篇', '性轉換']]-[total_pages:55]
2026-06-17 00:25:24 - mkk_pika - main.py:49 - INFO - [{'_id': '5aede065a7efee2c6b528c5d', 'title': '日文生肉', 'order': 1, 'updated_at': '2018-05-05T08:01:03.959Z', 'id': '5aede065a7efee2c6b528c5d'}, {'_id': '5b6dc04c58ed442d89948c0e', 'title': '漢化', 'order': 2, 'updated_at': '2018-08-10T05:12:04.788Z', 'id': '5b6dc04c58ed442d89948c0e'}]
2026-06-17 00:25:24 - mkk_pika - database.py:215 - INFO - 第一次下载该漫画，记录数据库中
2026-06-17 00:25:25 - mkk_pika - main.py:83 - INFO - 找到 28 张图片在:日文生肉
2026-06-17 00:25:25 - mkk_pika - main.py:112 - INFO - [episode:日文生肉      ] downloaded:    28, total:  28, progress:100%
2026-06-17 00:25:25 - mkk_pika - database.py:238 - INFO - 数据库更新已下载章节
2026-06-17 00:25:25 - mkk_pika - database.py:244 - INFO - 该漫画已下载章节如下
2026-06-17 00:25:25 - mkk_pika - database.py:245 - INFO - ['日文生肉']
2026-06-17 00:25:28 - mkk_pika - main.py:83 - INFO - 找到 27 张图片在:漢化
2026-06-17 00:25:28 - mkk_pika - main.py:112 - INFO - [episode:漢化        ] downloaded:    27, total:  27, progress:100%
2026-06-17 00:25:28 - mkk_pika - database.py:238 - INFO - 数据库更新已下载章节
2026-06-17 00:25:28 - mkk_pika - database.py:244 - INFO - 该漫画已下载章节如下
2026-06-17 00:25:28 - mkk_pika - database.py:245 - INFO - ['日文生肉', '漢化']
2026-06-17 00:25:29 - mkk_pika - main.py:348 - INFO - ==================== 漫画信息 ====================
                                   漫画ID：5aede065a7efee2c6b528c5c
                                   标题：粉薬―入れ替わりI
                                   作者：エムシー販売店 
                                   是否完结：是
                                   总页数：55
                                   分类：全彩,短篇,性轉換
                                   章节数：2
                                   最后更新时间：2018-08-10T16:41:48.727Z
                                   =================================================
2026-06-17 00:25:29 - mkk_pika - database.py:101 - INFO - 保存成功：粉薬―入れ替わりI
2026-06-17 00:25:29 - mkk_pika - main.py:35 - INFO - 开始检查ふたつのフラジャイル是否存在未下载章节
2026-06-17 00:25:30 - mkk_pika - main.py:45 - INFO - 正在下载:[ふたつのフラジャイル]-[LETRA (滝太郎)]-[['同人', '短篇', '純愛', '百合花園']]-[total_pages:31]
2026-06-17 00:25:30 - mkk_pika - main.py:49 - INFO - [{'_id': '5b6dc0653584064c55c9f4ee', 'title': '第1集', 'order': 1, 'updated_at': '2018-08-10T05:41:44.051Z', 'id': '5b6dc0653584064c55c9f4ee'}]
2026-06-17 00:25:30 - mkk_pika - database.py:215 - INFO - 第一次下载该漫画，记录数据库中
2026-06-17 00:25:30 - mkk_pika - main.py:83 - INFO - 找到 31 张图片在:第1集
2026-06-17 00:25:31 - mkk_pika - main.py:112 - INFO - [episode:第1集       ] downloaded:    31, total:  31, progress:100%
2026-06-17 00:25:31 - mkk_pika - database.py:238 - INFO - 数据库更新已下载章节
2026-06-17 00:25:31 - mkk_pika - database.py:244 - INFO - 该漫画已下载章节如下
2026-06-17 00:25:31 - mkk_pika - database.py:245 - INFO - ['第1集']
2026-06-17 00:25:32 - mkk_pika - main.py:348 - INFO - ==================== 漫画信息 ====================
                                   漫画ID：5b6dc0653584064c55c9f4ed
                                   标题：ふたつのフラジャイル
                                   作者：LETRA (滝太郎)
                                   是否完结：是
                                   总页数：31
                                   分类：同人,短篇,純愛,百合花園
                                   章节数：1
                                   最后更新时间：2018-08-10T16:42:13.395Z
                                   =================================================
2026-06-17 00:25:32 - mkk_pika - database.py:101 - INFO - 保存成功：ふたつのフラジャイル
2026-06-17 00:25:32 - mkk_pika - main.py:35 - INFO - 开始检查(C91) パコツアーフォー! (ガールズ&パンツァー) 是否存在未下载章节
2026-06-17 00:25:33 - mkk_pika - main.py:45 - INFO - 正在下载:[(C91) パコツアーフォー! (ガールズ&パンツァー) ]-[chested (とくぴょん)]-[['同人', '短篇']]-[total_pages:23]
2026-06-17 00:25:33 - mkk_pika - main.py:49 - INFO - [{'_id': '5b6f2375799d5b4ca9b8ad6b', 'title': '第1集', 'order': 1, 'updated_at': '2018-08-11T02:13:19.384Z', 'id': '5b6f2375799d5b4ca9b8ad6b'}]
2026-06-17 00:25:33 - mkk_pika - database.py:215 - INFO - 第一次下载该漫画，记录数据库中
2026-06-17 00:25:33 - mkk_pika - main.py:83 - INFO - 找到 23 张图片在:第1集
2026-06-17 00:25:34 - mkk_pika - main.py:112 - INFO - [episode:第1集       ] downloaded:    23, total:  23, progress:100%
2026-06-17 00:25:34 - mkk_pika - database.py:238 - INFO - 数据库更新已下载章节
2026-06-17 00:25:34 - mkk_pika - database.py:244 - INFO - 该漫画已下载章节如下
2026-06-17 00:25:34 - mkk_pika - database.py:245 - INFO - ['第1集']
2026-06-17 00:25:35 - mkk_pika - main.py:348 - INFO - ==================== 漫画信息 ====================
                                   漫画ID：5b6f2375799d5b4ca9b8ad6a
                                   标题：(C91) パコツアーフォー! (ガールズ&パンツァー) 
                                   作者：chested (とくぴょん)
                                   是否完结：是
                                   总页数：23
                                   分类：同人,短篇
                                   章节数：1
                                   最后更新时间：2018-08-11T17:57:09.810Z
                                   =================================================
2026-06-17 00:25:35 - mkk_pika - database.py:101 - INFO - 保存成功：(C91) パコツアーフォー! (ガールズ&パンツァー) 
2026-06-17 00:25:35 - mkk_pika - main.py:35 - INFO - 开始检查しりたがり女子 主動翹臀的女子是否存在未下载章节
2026-06-17 00:25:35 - mkk_pika - main.py:45 - INFO - 正在下载:[しりたがり女子 主動翹臀的女子]-[えむあ]-[['長篇', '後宮閃光', '單行本', '人妻']]-[total_pages:190]
2026-06-17 00:25:35 - mkk_pika - main.py:49 - INFO - [{'_id': '5b6f242551452d1724558aa8', 'title': '第1集', 'order': 1, 'updated_at': '2018-08-11T13:29:48.669Z', 'id': '5b6f242551452d1724558aa8'}]
2026-06-17 00:25:35 - mkk_pika - database.py:215 - INFO - 第一次下载该漫画，记录数据库中
2026-06-17 00:25:37 - mkk_pika - main.py:83 - INFO - 找到 190 张图片在:第1集
2026-06-17 00:25:41 - mkk_pika - main.py:112 - INFO - [episode:第1集       ] downloaded:   190, total: 190, progress:100%
2026-06-17 00:25:41 - mkk_pika - database.py:238 - INFO - 数据库更新已下载章节
2026-06-17 00:25:41 - mkk_pika - database.py:244 - INFO - 该漫画已下载章节如下
2026-06-17 00:25:41 - mkk_pika - database.py:245 - INFO - ['第1集']
2026-06-17 00:25:42 - mkk_pika - main.py:348 - INFO - ==================== 漫画信息 ====================
                                   漫画ID：5b6f242551452d1724558aa7
                                   标题：しりたがり女子 主動翹臀的女子
                                   作者：えむあ
                                   是否完结：是
                                   总页数：190
                                   分类：長篇,後宮閃光,單行本,人妻
                                   章节数：1
                                   最后更新时间：2018-08-11T18:00:05.053Z
                                   =================================================
2026-06-17 00:25:42 - mkk_pika - database.py:101 - INFO - 保存成功：しりたがり女子 主動翹臀的女子
2026-06-17 00:25:42 - mkk_pika - main.py:35 - INFO - 开始检查ウォロジータちゃんはからかいたい (グランブルーファンタジー)是否存在未下载章节
2026-06-17 00:25:43 - mkk_pika - main.py:45 - INFO - 正在下载:[ウォロジータちゃんはからかいたい (グランブルーファンタジー)]-[homadelic. (ほまでり)]-[['同人', '碧藍幻想', '足の恋', '純愛']]-[total_pages:30]
2026-06-17 00:25:43 - mkk_pika - main.py:49 - INFO - [{'_id': '5b72fa463584064c55ca1729', 'title': '第1集', 'order': 1, 'updated_at': '2018-08-13T18:16:53.276Z', 'id': '5b72fa463584064c55ca1729'}]
2026-06-17 00:25:43 - mkk_pika - database.py:215 - INFO - 第一次下载该漫画，记录数据库中
2026-06-17 00:25:43 - mkk_pika - main.py:83 - INFO - 找到 30 张图片在:第1集
2026-06-17 00:25:44 - mkk_pika - main.py:112 - INFO - [episode:第1集       ] downloaded:    30, total:  30, progress:100%
2026-06-17 00:25:44 - mkk_pika - database.py:238 - INFO - 数据库更新已下载章节
2026-06-17 00:25:44 - mkk_pika - database.py:244 - INFO - 该漫画已下载章节如下
2026-06-17 00:25:44 - mkk_pika - database.py:245 - INFO - ['第1集']
2026-06-17 00:25:45 - mkk_pika - main.py:348 - INFO - ==================== 漫画信息 ====================
                                   漫画ID：5b6f244cbf30d54c5da41e48
                                   标题：ウォロジータちゃんはからかいたい (グランブルーファンタジー)
                                   作者：homadelic. (ほまでり)
                                   是否完结：是
                                   总页数：30
                                   分类：同人,碧藍幻想,足の恋,純愛
                                   章节数：1
                                   最后更新时间：2018-08-11T18:00:44.345Z
                                   =================================================
2026-06-17 00:25:45 - mkk_pika - database.py:101 - INFO - 保存成功：ウォロジータちゃんはからかいたい (グランブルーファンタジー)
2026-06-17 00:25:45 - mkk_pika - main.py:35 - INFO - 开始检查アンチラララランドII (グランブルーファンタジー)是否存在未下载章节
2026-06-17 00:25:46 - mkk_pika - main.py:45 - INFO - 正在下载:[アンチラララランドII (グランブルーファンタジー)]-[タマラン (タマラン)]-[['同人', '短篇', '碧藍幻想', '純愛']]-[total_pages:31]
2026-06-17 00:25:46 - mkk_pika - main.py:49 - INFO - [{'_id': '5b6f246658ed442d89949009', 'title': '第1集', 'order': 1, 'updated_at': '2018-08-11T16:40:32.519Z', 'id': '5b6f246658ed442d89949009'}]
2026-06-17 00:25:46 - mkk_pika - database.py:215 - INFO - 第一次下载该漫画，记录数据库中
2026-06-17 00:25:46 - mkk_pika - main.py:83 - INFO - 找到 31 张图片在:第1集
2026-06-17 00:25:48 - mkk_pika - main.py:112 - INFO - [episode:第1集       ] downloaded:    31, total:  31, progress:100%
2026-06-17 00:25:48 - mkk_pika - database.py:238 - INFO - 数据库更新已下载章节
2026-06-17 00:25:48 - mkk_pika - database.py:244 - INFO - 该漫画已下载章节如下
2026-06-17 00:25:48 - mkk_pika - database.py:245 - INFO - ['第1集']
2026-06-17 00:25:49 - mkk_pika - main.py:348 - INFO - ==================== 漫画信息 ====================
                                   漫画ID：5b6f246658ed442d89949008
                                   标题：アンチラララランドII (グランブルーファンタジー)
                                   作者：タマラン (タマラン)
                                   是否完结：是
                                   总页数：31
                                   分类：同人,短篇,碧藍幻想,純愛
                                   章节数：1
                                   最后更新时间：2018-08-11T18:01:10.436Z
                                   =================================================
2026-06-17 00:25:49 - mkk_pika - database.py:101 - INFO - 保存成功：アンチラララランドII (グランブルーファンタジー)
2026-06-17 00:25:49 - mkk_pika - main.py:35 - INFO - 开始检查王子のたまごは雛に孵る (COMIC 快楽天 2018年5月号)是否存在未下载章节
2026-06-17 00:25:49 - mkk_pika - main.py:45 - INFO - 正在下载:[王子のたまごは雛に孵る (COMIC 快楽天 2018年5月号)]-[南北]-[['短篇', '純愛']]-[total_pages:17]
2026-06-17 00:25:49 - mkk_pika - main.py:49 - INFO - [{'_id': '5b6f24701b3c8011bd0e5d75', 'title': '第1集', 'order': 1, 'updated_at': '2018-08-11T16:50:48.129Z', 'id': '5b6f24701b3c8011bd0e5d75'}]
2026-06-17 00:25:49 - mkk_pika - database.py:215 - INFO - 第一次下载该漫画，记录数据库中
2026-06-17 00:25:50 - mkk_pika - main.py:83 - INFO - 找到 17 张图片在:第1集
2026-06-17 00:25:50 - mkk_pika - main.py:112 - INFO - [episode:第1集       ] downloaded:    17, total:  17, progress:100%
2026-06-17 00:25:50 - mkk_pika - database.py:238 - INFO - 数据库更新已下载章节
2026-06-17 00:25:50 - mkk_pika - database.py:244 - INFO - 该漫画已下载章节如下
2026-06-17 00:25:50 - mkk_pika - database.py:245 - INFO - ['第1集']
2026-06-17 00:25:52 - mkk_pika - main.py:348 - INFO - ==================== 漫画信息 ====================
                                   漫画ID：5b6f24701b3c8011bd0e5d74
                                   标题：王子のたまごは雛に孵る (COMIC 快楽天 2018年5月号)
                                   作者：南北
                                   是否完结：是
                                   总页数：17
                                   分类：短篇,純愛
                                   章节数：1
                                   最后更新时间：2018-08-11T18:01:20.081Z
                                   =================================================
2026-06-17 00:25:52 - mkk_pika - database.py:101 - INFO - 保存成功：王子のたまごは雛に孵る (COMIC 快楽天 2018年5月号)
2026-06-17 00:25:52 - mkk_pika - main.py:35 - INFO - 开始检查もっとペコリーヌとコネクト! (プリンセスコネクト!Re:Dive)是否存在未下载章节
2026-06-17 00:25:52 - mkk_pika - main.py:45 - INFO - 正在下载:[もっとペコリーヌとコネクト! (プリンセスコネクト!Re:Dive)]-[WIREFRAME (憂姫はぐれ)]-[['全彩', '同人', '短篇']]-[total_pages:13]
2026-06-17 00:25:52 - mkk_pika - main.py:49 - INFO - [{'_id': '5b6fd9853584064c55c9ffc2', 'title': '第1集', 'order': 1, 'updated_at': '2018-08-11T18:04:07.363Z', 'id': '5b6fd9853584064c55c9ffc2'}]
2026-06-17 00:25:52 - mkk_pika - database.py:215 - INFO - 第一次下载该漫画，记录数据库中
2026-06-17 00:25:53 - mkk_pika - main.py:83 - INFO - 找到 13 张图片在:第1集
2026-06-17 00:25:53 - mkk_pika - main.py:112 - INFO - [episode:第1集       ] downloaded:    13, total:  13, progress:100%
2026-06-17 00:25:53 - mkk_pika - database.py:238 - INFO - 数据库更新已下载章节
2026-06-17 00:25:53 - mkk_pika - database.py:244 - INFO - 该漫画已下载章节如下
2026-06-17 00:25:53 - mkk_pika - database.py:245 - INFO - ['第1集']
2026-06-17 00:25:54 - mkk_pika - main.py:348 - INFO - ==================== 漫画信息 ====================
                                   漫画ID：5b6fd9853584064c55c9ffc1
                                   标题：もっとペコリーヌとコネクト! (プリンセスコネクト!Re:Dive)
                                   作者：WIREFRAME (憂姫はぐれ)
                                   是否完结：是
                                   总页数：13
                                   分类：全彩,同人,短篇
                                   章节数：1
                                   最后更新时间：2018-08-12T06:53:57.573Z
                                   =================================================
2026-06-17 00:25:54 - mkk_pika - database.py:101 - INFO - 保存成功：もっとペコリーヌとコネクト! (プリンセスコネクト!Re:Dive)
2026-06-17 00:25:54 - mkk_pika - main.py:35 - INFO - 开始检查(陸海空魔合同演習2戦目) 催眠術だと?下らない!! (艦隊これくしょん -艦これ-)是否存在未下载章节
2026-06-17 00:25:55 - mkk_pika - main.py:45 - INFO - 正在下载:[(陸海空魔合同演習2戦目) 催眠術だと?下らない!! (艦隊これくしょん -艦これ-)]-[マーボーナス (ナッス君)]-[['同人', '短篇', '艦隊收藏']]-[total_pages:19]
2026-06-17 00:25:55 - mkk_pika - main.py:49 - INFO - [{'_id': '5b6fd9c1799d5b4ca9b8b06d', 'title': '第1集', 'order': 1, 'updated_at': '2018-08-12T02:15:09.488Z', 'id': '5b6fd9c1799d5b4ca9b8b06d'}]
2026-06-17 00:25:55 - mkk_pika - database.py:215 - INFO - 第一次下载该漫画，记录数据库中
2026-06-17 00:25:55 - mkk_pika - main.py:83 - INFO - 找到 19 张图片在:第1集
2026-06-17 00:25:56 - mkk_pika - main.py:112 - INFO - [episode:第1集       ] downloaded:    19, total:  19, progress:100%
2026-06-17 00:25:56 - mkk_pika - database.py:238 - INFO - 数据库更新已下载章节
2026-06-17 00:25:56 - mkk_pika - database.py:244 - INFO - 该漫画已下载章节如下
2026-06-17 00:25:56 - mkk_pika - database.py:245 - INFO - ['第1集']
2026-06-17 00:25:57 - mkk_pika - main.py:348 - INFO - ==================== 漫画信息 ====================
                                   漫画ID：5b6fd9c1799d5b4ca9b8b06c
                                   标题：(陸海空魔合同演習2戦目) 催眠術だと?下らない!! (艦隊これくしょん -艦これ-)
                                   作者：マーボーナス (ナッス君)
                                   是否完结：是
                                   总页数：19
                                   分类：同人,短篇,艦隊收藏
                                   章节数：1
                                   最后更新时间：2018-08-12T06:54:57.749Z
                                   =================================================
2026-06-17 00:25:57 - mkk_pika - database.py:101 - INFO - 保存成功：(陸海空魔合同演習2戦目) 催眠術だと?下らない!! (艦隊これくしょん -艦これ-)
2026-06-17 00:25:57 - mkk_pika - main.py:35 - INFO - 开始检查Xenogearsのエロいラクガキ本 part3 (ゼノギアス) 是否存在未下载章节
2026-06-17 00:25:57 - mkk_pika - main.py:45 - INFO - 正在下载:[Xenogearsのエロいラクガキ本 part3 (ゼノギアス) ]-[RIN (モチ)]-[['同人', '短篇']]-[total_pages:23]
2026-06-17 00:25:57 - mkk_pika - main.py:49 - INFO - [{'_id': '5b6fd9e01b3c8011bd0e5f1b', 'title': '第1集', 'order': 1, 'updated_at': '2018-08-12T02:19:44.263Z', 'id': '5b6fd9e01b3c8011bd0e5f1b'}]
2026-06-17 00:25:57 - mkk_pika - database.py:215 - INFO - 第一次下载该漫画，记录数据库中
2026-06-17 00:25:58 - mkk_pika - main.py:83 - INFO - 找到 23 张图片在:第1集
2026-06-17 00:25:58 - mkk_pika - main.py:112 - INFO - [episode:第1集       ] downloaded:    23, total:  23, progress:100%
2026-06-17 00:25:58 - mkk_pika - database.py:238 - INFO - 数据库更新已下载章节
2026-06-17 00:25:58 - mkk_pika - database.py:244 - INFO - 该漫画已下载章节如下
2026-06-17 00:25:58 - mkk_pika - database.py:245 - INFO - ['第1集']
2026-06-17 00:26:00 - mkk_pika - main.py:348 - INFO - ==================== 漫画信息 ====================
                                   漫画ID：5b6fd9e01b3c8011bd0e5f1a
                                   标题：Xenogearsのエロいラクガキ本 part3 (ゼノギアス) 
                                   作者：RIN (モチ)
                                   是否完结：是
                                   总页数：23
                                   分类：同人,短篇
                                   章节数：1
                                   最后更新时间：2018-08-12T06:55:28.136Z
                                   =================================================
2026-06-17 00:26:00 - mkk_pika - database.py:101 - INFO - 保存成功：Xenogearsのエロいラクガキ本 part3 (ゼノギアス) 
2026-06-17 00:26:00 - mkk_pika - main.py:35 - INFO - 开始检查おかあさんの味 (Fate/Grand Order)是否存在未下载章节
2026-06-17 00:26:00 - mkk_pika - main.py:45 - INFO - 正在下载:[おかあさんの味 (Fate/Grand Order)]-[モニャモニャ (せら少佐)]-[['同人', '短篇', 'Fate']]-[total_pages:25]
2026-06-17 00:26:00 - mkk_pika - main.py:49 - INFO - [{'_id': '5b6fd9fbbf30d54c5da4210e', 'title': '第1集', 'order': 1, 'updated_at': '2018-08-12T02:22:00.302Z', 'id': '5b6fd9fbbf30d54c5da4210e'}]
2026-06-17 00:26:00 - mkk_pika - database.py:215 - INFO - 第一次下载该漫画，记录数据库中
2026-06-17 00:26:01 - mkk_pika - main.py:83 - INFO - 找到 25 张图片在:第1集
2026-06-17 00:26:01 - mkk_pika - main.py:112 - INFO - [episode:第1集       ] downloaded:    25, total:  25, progress:100%
2026-06-17 00:26:01 - mkk_pika - database.py:238 - INFO - 数据库更新已下载章节
2026-06-17 00:26:01 - mkk_pika - database.py:244 - INFO - 该漫画已下载章节如下
2026-06-17 00:26:01 - mkk_pika - database.py:245 - INFO - ['第1集']
2026-06-17 00:26:02 - mkk_pika - main.py:348 - INFO - ==================== 漫画信息 ====================
                                   漫画ID：5b6fd9fbbf30d54c5da4210d
                                   标题：おかあさんの味 (Fate/Grand Order)
                                   作者：モニャモニャ (せら少佐)
                                   是否完结：是
                                   总页数：25
                                   分类：同人,短篇,Fate
                                   章节数：1
                                   最后更新时间：2018-08-12T06:55:55.221Z
                                   =================================================
2026-06-17 00:26:02 - mkk_pika - database.py:101 - INFO - 保存成功：おかあさんの味 (Fate/Grand Order)
2026-06-17 00:26:02 - mkk_pika - main.py:35 - INFO - 开始检查(C94) ジャンヌオルタドすけべ催眠 (Fate/Grand Order)是否存在未下载章节
2026-06-17 00:26:03 - mkk_pika - main.py:45 - INFO - 正在下载:[(C94) ジャンヌオルタドすけべ催眠 (Fate/Grand Order)]-[空想モノクローム (あび)]-[['同人', '短篇', 'Fate']]-[total_pages:23]
2026-06-17 00:26:03 - mkk_pika - main.py:49 - INFO - [{'_id': '5b6fda172c04e24caad1d0ad', 'title': '第1集', 'order': 1, 'updated_at': '2018-08-12T02:24:50.572Z', 'id': '5b6fda172c04e24caad1d0ad'}]
2026-06-17 00:26:03 - mkk_pika - database.py:215 - INFO - 第一次下载该漫画，记录数据库中
2026-06-17 00:26:03 - mkk_pika - main.py:83 - INFO - 找到 23 张图片在:第1集
2026-06-17 00:26:04 - mkk_pika - main.py:112 - INFO - [episode:第1集       ] downloaded:    23, total:  23, progress:100%
2026-06-17 00:26:04 - mkk_pika - database.py:238 - INFO - 数据库更新已下载章节
2026-06-17 00:26:04 - mkk_pika - database.py:244 - INFO - 该漫画已下载章节如下
2026-06-17 00:26:04 - mkk_pika - database.py:245 - INFO - ['第1集']
2026-06-17 00:26:05 - mkk_pika - main.py:348 - INFO - ==================== 漫画信息 ====================
                                   漫画ID：5b6fda172c04e24caad1d0ac
                                   标题：(C94) ジャンヌオルタドすけべ催眠 (Fate/Grand Order)
                                   作者：空想モノクローム (あび)
                                   是否完结：是
                                   总页数：23
                                   分类：同人,短篇,Fate
                                   章节数：1
                                   最后更新时间：2018-08-12T06:56:23.679Z
                                   =================================================
2026-06-17 00:26:05 - mkk_pika - database.py:101 - INFO - 保存成功：(C94) ジャンヌオルタドすけべ催眠 (Fate/Grand Order)
2026-06-17 00:26:05 - mkk_pika - main.py:35 - INFO - 开始检查(C94) 後輩の甘い療法 (Fate/Grand Order) 是否存在未下载章节
2026-06-17 00:26:06 - mkk_pika - main.py:45 - INFO - 正在下载:[(C94) 後輩の甘い療法 (Fate/Grand Order) ]-[COMEX (珍緑)]-[['同人', '短篇', 'Fate']]-[total_pages:29]
2026-06-17 00:26:06 - mkk_pika - main.py:49 - INFO - [{'_id': '5b6fda2d4e98c42d881ad91d', 'title': '第1集', 'order': 1, 'updated_at': '2018-08-12T02:28:00.817Z', 'id': '5b6fda2d4e98c42d881ad91d'}]
2026-06-17 00:26:06 - mkk_pika - database.py:215 - INFO - 第一次下载该漫画，记录数据库中
2026-06-17 00:26:06 - mkk_pika - main.py:83 - INFO - 找到 29 张图片在:第1集
2026-06-17 00:26:07 - mkk_pika - main.py:112 - INFO - [episode:第1集       ] downloaded:    29, total:  29, progress:100%
2026-06-17 00:26:07 - mkk_pika - database.py:238 - INFO - 数据库更新已下载章节
2026-06-17 00:26:07 - mkk_pika - database.py:244 - INFO - 该漫画已下载章节如下
2026-06-17 00:26:07 - mkk_pika - database.py:245 - INFO - ['第1集']
2026-06-17 00:26:08 - mkk_pika - main.py:348 - INFO - ==================== 漫画信息 ====================
                                   漫画ID：5b6fda2d4e98c42d881ad91c
                                   标题：(C94) 後輩の甘い療法 (Fate/Grand Order) 
                                   作者：COMEX (珍緑)
                                   是否完结：是
                                   总页数：29
                                   分类：同人,短篇,Fate
                                   章节数：1
                                   最后更新时间：2018-08-12T06:56:45.032Z
                                   =================================================
2026-06-17 00:26:08 - mkk_pika - database.py:101 - INFO - 保存成功：(C94) 後輩の甘い療法 (Fate/Grand Order) 
2026-06-17 00:26:08 - mkk_pika - main.py:35 - INFO - 开始检查(C93) ドリーミンナイチンゲール (Fate/Grand Order) 是否存在未下载章节
2026-06-17 00:26:08 - mkk_pika - main.py:45 - INFO - 正在下载:[(C93) ドリーミンナイチンゲール (Fate/Grand Order) ]-[AMAYADORI+ (ハレノチアメ)]-[['同人', '短篇', 'Fate']]-[total_pages:25]
2026-06-17 00:26:08 - mkk_pika - main.py:49 - INFO - [{'_id': '5b6fda40799d5b4ca9b8b087', 'title': '第1集', 'order': 1, 'updated_at': '2018-08-12T02:38:44.946Z', 'id': '5b6fda40799d5b4ca9b8b087'}]
2026-06-17 00:26:08 - mkk_pika - database.py:215 - INFO - 第一次下载该漫画，记录数据库中
2026-06-17 00:26:09 - mkk_pika - main.py:83 - INFO - 找到 25 张图片在:第1集
2026-06-17 00:26:10 - mkk_pika - main.py:112 - INFO - [episode:第1集       ] downloaded:    25, total:  25, progress:100%
2026-06-17 00:26:10 - mkk_pika - database.py:238 - INFO - 数据库更新已下载章节
2026-06-17 00:26:10 - mkk_pika - database.py:244 - INFO - 该漫画已下载章节如下
2026-06-17 00:26:10 - mkk_pika - database.py:245 - INFO - ['第1集']
2026-06-17 00:26:11 - mkk_pika - main.py:348 - INFO - ==================== 漫画信息 ====================
                                   漫画ID：5b6fda40799d5b4ca9b8b086
                                   标题：(C93) ドリーミンナイチンゲール (Fate/Grand Order) 
                                   作者：AMAYADORI+ (ハレノチアメ)
                                   是否完结：是
                                   总页数：25
                                   分类：同人,短篇,Fate
                                   章节数：1
                                   最后更新时间：2018-08-12T06:57:04.060Z
                                   =================================================
2026-06-17 00:26:11 - mkk_pika - database.py:101 - INFO - 保存成功：(C93) ドリーミンナイチンゲール (Fate/Grand Order) 
2026-06-17 00:26:11 - mkk_pika - main.py:35 - INFO - 开始检查(サンクリ41) 喫茶翠屋にようこそ (魔法少女リリカルなのは)是否存在未下载章节
2026-06-17 00:26:11 - mkk_pika - main.py:45 - INFO - 正在下载:[(サンクリ41) 喫茶翠屋にようこそ (魔法少女リリカルなのは)]-[大艦巨砲組 (あずさのりへー)]-[['同人', '短篇']]-[total_pages:41]
2026-06-17 00:26:11 - mkk_pika - main.py:49 - INFO - [{'_id': '5b6fda512c04e24caad1d0c8', 'title': '第1集', 'order': 1, 'updated_at': '2018-08-12T02:45:55.221Z', 'id': '5b6fda512c04e24caad1d0c8'}]
2026-06-17 00:26:11 - mkk_pika - database.py:215 - INFO - 第一次下载该漫画，记录数据库中
2026-06-17 00:26:12 - mkk_pika - main.py:83 - INFO - 找到 41 张图片在:第1集
2026-06-17 00:26:13 - mkk_pika - main.py:112 - INFO - [episode:第1集       ] downloaded:    41, total:  41, progress:100%
2026-06-17 00:26:13 - mkk_pika - database.py:238 - INFO - 数据库更新已下载章节
2026-06-17 00:26:13 - mkk_pika - database.py:244 - INFO - 该漫画已下载章节如下
2026-06-17 00:26:13 - mkk_pika - database.py:245 - INFO - ['第1集']
2026-06-17 00:26:14 - mkk_pika - main.py:348 - INFO - ==================== 漫画信息 ====================
                                   漫画ID：5b6fda512c04e24caad1d0c7
                                   标题：(サンクリ41) 喫茶翠屋にようこそ (魔法少女リリカルなのは)
                                   作者：大艦巨砲組 (あずさのりへー)
                                   是否完结：是
                                   总页数：41
                                   分类：同人,短篇
                                   章节数：1
                                   最后更新时间：2018-08-12T06:57:21.124Z
                                   =================================================
2026-06-17 00:26:14 - mkk_pika - database.py:101 - INFO - 保存成功：(サンクリ41) 喫茶翠屋にようこそ (魔法少女リリカルなのは)
2026-06-17 00:26:14 - mkk_pika - main.py:35 - INFO - 开始检查(例大祭14) あまあまぴゅっぴゅ (東方Project)是否存在未下载章节
2026-06-17 00:26:14 - mkk_pika - main.py:45 - INFO - 正在下载:[(例大祭14) あまあまぴゅっぴゅ (東方Project)]-[Circle Eden (ヂイスケ)]-[['同人', '短篇', '東方']]-[total_pages:27]
2026-06-17 00:26:14 - mkk_pika - main.py:49 - INFO - [{'_id': '5b6fdaa62c04e24caad1d10b', 'title': '第1集', 'order': 1, 'updated_at': '2018-08-12T02:49:32.946Z', 'id': '5b6fdaa62c04e24caad1d10b'}]
2026-06-17 00:26:14 - mkk_pika - database.py:215 - INFO - 第一次下载该漫画，记录数据库中
2026-06-17 00:26:15 - mkk_pika - main.py:83 - INFO - 找到 27 张图片在:第1集
2026-06-17 00:26:16 - mkk_pika - main.py:112 - INFO - [episode:第1集       ] downloaded:    27, total:  27, progress:100%
2026-06-17 00:26:16 - mkk_pika - database.py:238 - INFO - 数据库更新已下载章节
2026-06-17 00:26:16 - mkk_pika - database.py:244 - INFO - 该漫画已下载章节如下
2026-06-17 00:26:16 - mkk_pika - database.py:245 - INFO - ['第1集']
2026-06-17 00:26:17 - mkk_pika - main.py:348 - INFO - ==================== 漫画信息 ====================
                                   漫画ID：5b6fdaa62c04e24caad1d10a
                                   标题：(例大祭14) あまあまぴゅっぴゅ (東方Project)
                                   作者：Circle Eden (ヂイスケ)
                                   是否完结：是
                                   总页数：27
                                   分类：同人,短篇,東方
                                   章节数：1
                                   最后更新时间：2018-08-12T06:58:46.940Z
                                   =================================================
2026-06-17 00:26:17 - mkk_pika - database.py:101 - INFO - 保存成功：(例大祭14) あまあまぴゅっぴゅ (東方Project)
2026-06-17 00:26:17 - mkk_pika - main.py:35 - INFO - 开始检查(C94) Fate/Lewd Summoning 3 -ツインテールネロ編- (Fate/Grand Order)是否存在未下载章节
2026-06-17 00:26:17 - mkk_pika - main.py:45 - INFO - 正在下载:[(C94) Fate/Lewd Summoning 3 -ツインテールネロ編- (Fate/Grand Order)]-[O.N Art Works (Oni-noboru)]-[['同人', '全彩', '短篇', 'Fate']]-[total_pages:22]
2026-06-17 00:26:17 - mkk_pika - main.py:49 - INFO - [{'_id': '5b6fdabe2c04e24caad1d129', 'title': '第1集', 'order': 1, 'updated_at': '2018-08-12T02:52:45.600Z', 'id': '5b6fdabe2c04e24caad1d129'}]
2026-06-17 00:26:17 - mkk_pika - database.py:215 - INFO - 第一次下载该漫画，记录数据库中
2026-06-17 00:26:18 - mkk_pika - main.py:83 - INFO - 找到 22 张图片在:第1集
2026-06-17 00:26:18 - mkk_pika - main.py:112 - INFO - [episode:第1集       ] downloaded:    22, total:  22, progress:100%
2026-06-17 00:26:18 - mkk_pika - database.py:238 - INFO - 数据库更新已下载章节
2026-06-17 00:26:18 - mkk_pika - database.py:244 - INFO - 该漫画已下载章节如下
2026-06-17 00:26:18 - mkk_pika - database.py:245 - INFO - ['第1集']
2026-06-17 00:26:20 - mkk_pika - main.py:348 - INFO - ==================== 漫画信息 ====================
                                   漫画ID：5b6fdabe2c04e24caad1d128
                                   标题：(C94) Fate/Lewd Summoning 3 -ツインテールネロ編- (Fate/Grand Order)
                                   作者：O.N Art Works (Oni-noboru)
                                   是否完结：是
                                   总页数：22
                                   分类：同人,全彩,短篇,Fate
                                   章节数：1
                                   最后更新时间：2018-08-12T06:59:10.576Z
                                   =================================================
2026-06-17 00:26:20 - mkk_pika - database.py:101 - INFO - 保存成功：(C94) Fate/Lewd Summoning 3 -ツインテールネロ編- (Fate/Grand Order)
2026-06-17 00:26:20 - mkk_pika - main.py:35 - INFO - 开始检查ここで決めなきゃ女がすたるっ! 是否存在未下载章节
2026-06-17 00:26:20 - mkk_pika - main.py:45 - INFO - 正在下载:[ここで決めなきゃ女がすたるっ! ]-[湯]-[['同人', '短篇', '純愛', '百合花園']]-[total_pages:31]
2026-06-17 00:26:20 - mkk_pika - main.py:49 - INFO - [{'_id': '5b6fdb072c04e24caad1d143', 'title': '第1集', 'order': 1, 'updated_at': '2018-08-12T03:56:27.528Z', 'id': '5b6fdb072c04e24caad1d143'}]
2026-06-17 00:26:20 - mkk_pika - database.py:215 - INFO - 第一次下载该漫画，记录数据库中
2026-06-17 00:26:21 - mkk_pika - main.py:83 - INFO - 找到 31 张图片在:第1集
2026-06-17 00:26:22 - mkk_pika - main.py:112 - INFO - [episode:第1集       ] downloaded:    31, total:  31, progress:100%
2026-06-17 00:26:22 - mkk_pika - database.py:238 - INFO - 数据库更新已下载章节
2026-06-17 00:26:22 - mkk_pika - database.py:244 - INFO - 该漫画已下载章节如下
2026-06-17 00:26:22 - mkk_pika - database.py:245 - INFO - ['第1集']
2026-06-17 00:26:23 - mkk_pika - main.py:348 - INFO - ==================== 漫画信息 ====================
                                   漫画ID：5b6fdb072c04e24caad1d142
                                   标题：ここで決めなきゃ女がすたるっ! 
                                   作者：湯
                                   是否完结：是
                                   总页数：31
                                   分类：同人,短篇,純愛,百合花園
                                   章节数：1
                                   最后更新时间：2018-08-12T07:00:23.607Z
                                   =================================================
2026-06-17 00:26:23 - mkk_pika - database.py:101 - INFO - 保存成功：ここで決めなきゃ女がすたるっ! 
2026-06-17 00:26:23 - mkk_pika - main.py:35 - INFO - 开始检查空っぽな心をあなたで満たす（空空的心注入滿滿的你）是否存在未下载章节
2026-06-17 00:26:23 - mkk_pika - main.py:45 - INFO - 正在下载:[空っぽな心をあなたで満たす（空空的心注入滿滿的你）]-[橘子鹼]-[['短篇', '純愛', '百合花園']]-[total_pages:28]
2026-06-17 00:26:23 - mkk_pika - main.py:49 - INFO - [{'_id': '5b6fdb14799d5b4ca9b8b189', 'title': '第1集', 'order': 1, 'updated_at': '2018-08-12T04:05:11.285Z', 'id': '5b6fdb14799d5b4ca9b8b189'}]
2026-06-17 00:26:23 - mkk_pika - database.py:215 - INFO - 第一次下载该漫画，记录数据库中
2026-06-17 00:26:24 - mkk_pika - main.py:83 - INFO - 找到 28 张图片在:第1集
2026-06-17 00:26:26 - mkk_pika - main.py:112 - INFO - [episode:第1集       ] downloaded:    28, total:  28, progress:100%
2026-06-17 00:26:26 - mkk_pika - database.py:238 - INFO - 数据库更新已下载章节
2026-06-17 00:26:26 - mkk_pika - database.py:244 - INFO - 该漫画已下载章节如下
2026-06-17 00:26:26 - mkk_pika - database.py:245 - INFO - ['第1集']
2026-06-17 00:26:27 - mkk_pika - main.py:348 - INFO - ==================== 漫画信息 ====================
                                   漫画ID：5b6fdb14799d5b4ca9b8b188
                                   标题：空っぽな心をあなたで満たす（空空的心注入滿滿的你）
                                   作者：橘子鹼
                                   是否完结：是
                                   总页数：28
                                   分类：短篇,純愛,百合花園
                                   章节数：1
                                   最后更新时间：2018-08-12T07:00:36.171Z
                                   =================================================
2026-06-17 00:26:27 - mkk_pika - database.py:101 - INFO - 保存成功：空っぽな心をあなたで満たす（空空的心注入滿滿的你）
2026-06-17 00:26:27 - mkk_pika - main.py:35 - INFO - 开始检查(C94) 響ちゃんの保健当番 (艦隊これくしょん -艦これ-)是否存在未下载章节
2026-06-17 00:26:27 - mkk_pika - main.py:45 - INFO - 正在下载:[(C94) 響ちゃんの保健当番 (艦隊これくしょん -艦これ-)]-[爽やか特濃みるく (在誠舞あゆか+)]-[['同人', '短篇', '艦隊收藏']]-[total_pages:25]
2026-06-17 00:26:27 - mkk_pika - main.py:49 - INFO - [{'_id': '5b6fdb213584064c55c9fffc', 'title': '第1集', 'order': 1, 'updated_at': '2018-08-12T04:42:33.940Z', 'id': '5b6fdb213584064c55c9fffc'}]
2026-06-17 00:26:27 - mkk_pika - database.py:215 - INFO - 第一次下载该漫画，记录数据库中
2026-06-17 00:26:28 - mkk_pika - main.py:83 - INFO - 找到 25 张图片在:第1集
2026-06-17 00:26:29 - mkk_pika - main.py:112 - INFO - [episode:第1集       ] downloaded:    25, total:  25, progress:100%
2026-06-17 00:26:29 - mkk_pika - database.py:238 - INFO - 数据库更新已下载章节
2026-06-17 00:26:29 - mkk_pika - database.py:244 - INFO - 该漫画已下载章节如下
2026-06-17 00:26:29 - mkk_pika - database.py:245 - INFO - ['第1集']
2026-06-17 00:26:30 - mkk_pika - main.py:348 - INFO - ==================== 漫画信息 ====================
                                   漫画ID：5b6fdb213584064c55c9fffb
                                   标题：(C94) 響ちゃんの保健当番 (艦隊これくしょん -艦これ-)
                                   作者：爽やか特濃みるく (在誠舞あゆか+)
                                   是否完结：是
                                   总页数：25
                                   分类：同人,短篇,艦隊收藏
                                   章节数：1
                                   最后更新时间：2018-08-12T07:00:49.423Z
                                   =================================================
2026-06-17 00:26:30 - mkk_pika - database.py:101 - INFO - 保存成功：(C94) 響ちゃんの保健当番 (艦隊これくしょん -艦これ-)
2026-06-17 00:26:30 - mkk_pika - main.py:35 - INFO - 开始检查トモダチ?マニアック04 (ポケットモンスター)是否存在未下载章节
2026-06-17 00:26:30 - mkk_pika - main.py:45 - INFO - 正在下载:[トモダチ?マニアック04 (ポケットモンスター)]-[トウドリの巣 (トウドリ)]-[['同人', '短篇']]-[total_pages:27]
2026-06-17 00:26:30 - mkk_pika - main.py:49 - INFO - [{'_id': '5b6fdb2f799d5b4ca9b8b1a7', 'title': '第1集', 'order': 1, 'updated_at': '2018-08-12T04:46:04.944Z', 'id': '5b6fdb2f799d5b4ca9b8b1a7'}]
2026-06-17 00:26:30 - mkk_pika - database.py:215 - INFO - 第一次下载该漫画，记录数据库中
2026-06-17 00:26:31 - mkk_pika - main.py:83 - INFO - 找到 27 张图片在:第1集
2026-06-17 00:26:31 - mkk_pika - main.py:112 - INFO - [episode:第1集       ] downloaded:    27, total:  27, progress:100%
2026-06-17 00:26:31 - mkk_pika - database.py:238 - INFO - 数据库更新已下载章节
2026-06-17 00:26:31 - mkk_pika - database.py:244 - INFO - 该漫画已下载章节如下
2026-06-17 00:26:31 - mkk_pika - database.py:245 - INFO - ['第1集']
2026-06-17 00:26:33 - mkk_pika - main.py:348 - INFO - ==================== 漫画信息 ====================
                                   漫画ID：5b6fdb2f799d5b4ca9b8b1a6
                                   标题：トモダチ?マニアック04 (ポケットモンスター)
                                   作者：トウドリの巣 (トウドリ)
                                   是否完结：是
                                   总页数：27
                                   分类：同人,短篇
                                   章节数：1
                                   最后更新时间：2018-08-12T07:01:03.461Z
                                   =================================================
2026-06-17 00:26:33 - mkk_pika - database.py:101 - INFO - 保存成功：トモダチ?マニアック04 (ポケットモンスター)
2026-06-17 00:26:33 - mkk_pika - main.py:35 - INFO - 开始检查師匠とHしまくる本 (Fate/Grand Order)是否存在未下载章节
2026-06-17 00:26:33 - mkk_pika - main.py:45 - INFO - 正在下载:[師匠とHしまくる本 (Fate/Grand Order)]-[時間差攻撃 (遠矢大介)]-[['同人', '短篇', 'Fate']]-[total_pages:27]
2026-06-17 00:26:33 - mkk_pika - main.py:49 - INFO - [{'_id': '5b6fdb483584064c55ca0019', 'title': '第1集', 'order': 1, 'updated_at': '2018-08-12T04:54:26.819Z', 'id': '5b6fdb483584064c55ca0019'}]
2026-06-17 00:26:33 - mkk_pika - database.py:215 - INFO - 第一次下载该漫画，记录数据库中
2026-06-17 00:26:34 - mkk_pika - main.py:83 - INFO - 找到 27 张图片在:第1集
2026-06-17 00:26:34 - mkk_pika - main.py:112 - INFO - [episode:第1集       ] downloaded:    27, total:  27, progress:100%
2026-06-17 00:26:34 - mkk_pika - database.py:238 - INFO - 数据库更新已下载章节
2026-06-17 00:26:34 - mkk_pika - database.py:244 - INFO - 该漫画已下载章节如下
2026-06-17 00:26:34 - mkk_pika - database.py:245 - INFO - ['第1集']
2026-06-17 00:26:35 - mkk_pika - main.py:348 - INFO - ==================== 漫画信息 ====================
                                   漫画ID：5b6fdb483584064c55ca0018
                                   标题：師匠とHしまくる本 (Fate/Grand Order)
                                   作者：時間差攻撃 (遠矢大介)
                                   是否完结：是
                                   总页数：27
                                   分类：同人,短篇,Fate
                                   章节数：1
                                   最后更新时间：2018-08-12T07:01:28.175Z
                                   =================================================
2026-06-17 00:26:35 - mkk_pika - database.py:101 - INFO - 保存成功：師匠とHしまくる本 (Fate/Grand Order)
2026-06-17 00:26:35 - mkk_pika - main.py:35 - INFO - 开始检查绝对领域【长】是否存在未下载章节
2026-06-17 00:26:36 - mkk_pika - main.py:45 - INFO - 正在下载:[绝对领域【长】]-[N/A]-[['全彩', '長篇']]-[total_pages:106]
2026-06-17 00:26:36 - mkk_pika - main.py:49 - INFO - [{'_id': '5b7199f31b3c8011bd0e64a5', 'title': '完结（只有一集）', 'order': 1, 'updated_at': '2018-08-13T09:01:38.479Z', 'id': '5b7199f31b3c8011bd0e64a5'}]
2026-06-17 00:26:36 - mkk_pika - database.py:215 - INFO - 第一次下载该漫画，记录数据库中
2026-06-17 00:26:37 - mkk_pika - main.py:83 - INFO - 找到 126 张图片在:完结（只有一集）
2026-06-17 00:26:40 - mkk_pika - main.py:112 - INFO - [episode:完结（只有一集）  ] downloaded:   126, total: 126, progress:100%
2026-06-17 00:26:40 - mkk_pika - database.py:238 - INFO - 数据库更新已下载章节
2026-06-17 00:26:40 - mkk_pika - database.py:244 - INFO - 该漫画已下载章节如下
2026-06-17 00:26:40 - mkk_pika - database.py:245 - INFO - ['完结（只有一集）']
2026-06-17 00:26:41 - mkk_pika - main.py:348 - INFO - ==================== 漫画信息 ====================
                                   漫画ID：5b7199f31b3c8011bd0e64a4
                                   标题：绝对领域【长】
                                   作者：N/A
                                   是否完结：是
                                   总页数：106
                                   分类：全彩,長篇
                                   章节数：1
                                   最后更新时间：2018-08-13T14:47:15.259Z
                                   =================================================
2026-06-17 00:26:41 - mkk_pika - database.py:101 - INFO - 保存成功：绝对领域【长】
2026-06-17 00:26:41 - mkk_pika - main.py:35 - INFO - 开始检查フランちゃんとあそぼ!!是否存在未下载章节
2026-06-17 00:26:41 - mkk_pika - main.py:45 - INFO - 正在下载:[フランちゃんとあそぼ!!]-[天使の羽 (蘭戸せる)]-[['同人', '短篇', '東方', '妹妹系', 'SM']]-[total_pages:24]
2026-06-17 00:26:41 - mkk_pika - main.py:49 - INFO - [{'_id': '5b719ad7bf30d54c5da43039', 'title': '第1集', 'order': 1, 'updated_at': '2018-08-10T12:09:12.344Z', 'id': '5b719ad7bf30d54c5da43039'}]
2026-06-17 00:26:41 - mkk_pika - database.py:215 - INFO - 第一次下载该漫画，记录数据库中
2026-06-17 00:26:42 - mkk_pika - main.py:83 - INFO - 找到 24 张图片在:第1集
2026-06-17 00:26:43 - mkk_pika - main.py:112 - INFO - [episode:第1集       ] downloaded:    24, total:  24, progress:100%
2026-06-17 00:26:43 - mkk_pika - database.py:238 - INFO - 数据库更新已下载章节
2026-06-17 00:26:43 - mkk_pika - database.py:244 - INFO - 该漫画已下载章节如下
2026-06-17 00:26:43 - mkk_pika - database.py:245 - INFO - ['第1集']
2026-06-17 00:26:44 - mkk_pika - main.py:348 - INFO - ==================== 漫画信息 ====================
                                   漫画ID：5b719ad7bf30d54c5da43038
                                   标题：フランちゃんとあそぼ!!
                                   作者：天使の羽 (蘭戸せる)
                                   是否完结：否
                                   总页数：24
                                   分类：同人,短篇,東方,妹妹系,SM
                                   章节数：1
                                   最后更新时间：2018-08-13T14:51:03.971Z
                                   =================================================
2026-06-17 00:26:44 - mkk_pika - database.py:101 - INFO - 保存成功：フランちゃんとあそぼ!!
2026-06-17 00:26:44 - mkk_pika - main.py:35 - INFO - 开始检查欲乳ミルフ刻 欲乳熟女時刻是否存在未下载章节
2026-06-17 00:26:44 - mkk_pika - main.py:45 - INFO - 正在下载:[欲乳ミルフ刻 欲乳熟女時刻]-[神楽雄隆丸]-[['長篇', '純愛', '單行本', '足の恋', 'NTR']]-[total_pages:177]
2026-06-17 00:26:44 - mkk_pika - main.py:49 - INFO - [{'_id': '5b719b89799d5b4ca9b8be36', 'title': '第1集', 'order': 1, 'updated_at': '2018-08-12T13:57:26.523Z', 'id': '5b719b89799d5b4ca9b8be36'}]
2026-06-17 00:26:44 - mkk_pika - database.py:215 - INFO - 第一次下载该漫画，记录数据库中
2026-06-17 00:26:46 - mkk_pika - main.py:83 - INFO - 找到 177 张图片在:第1集
2026-06-17 00:26:50 - mkk_pika - main.py:112 - INFO - [episode:第1集       ] downloaded:   177, total: 177, progress:100%
2026-06-17 00:26:50 - mkk_pika - database.py:238 - INFO - 数据库更新已下载章节
2026-06-17 00:26:50 - mkk_pika - database.py:244 - INFO - 该漫画已下载章节如下
2026-06-17 00:26:50 - mkk_pika - database.py:245 - INFO - ['第1集']
2026-06-17 00:26:51 - mkk_pika - main.py:348 - INFO - ==================== 漫画信息 ====================
                                   漫画ID：5b719b89799d5b4ca9b8be35
                                   标题：欲乳ミルフ刻 欲乳熟女時刻
                                   作者：神楽雄隆丸
                                   是否完结：是
                                   总页数：177
                                   分类：長篇,純愛,單行本,足の恋,NTR
                                   章节数：1
                                   最后更新时间：2018-08-13T14:54:01.372Z
                                   =================================================
2026-06-17 00:26:51 - mkk_pika - database.py:101 - INFO - 保存成功：欲乳ミルフ刻 欲乳熟女時刻
2026-06-17 00:26:51 - mkk_pika - main.py:380 - INFO - 本次任务下载完毕
2026-06-17 00:26:51 - mkk_pika - database.py:173 - INFO - 数据库连接已关闭
