2026-06-20 00:20:30 - mkk_pika - main.py:193 - INFO - =======================================================================
2026-06-20 00:20:30 - mkk_pika - database.py:61 - INFO - 表和索引初始化成功
2026-06-20 00:20:30 - mkk_pika - main.py:197 - INFO - 已经累计下载15628本漫画
2026-06-20 00:20:31 - mkk_pika - api.py:87 - INFO - 登录成功
2026-06-20 00:20:31 - mkk_pika - main.py:203 - INFO - 收藏夹共计0本漫画
2026-06-20 00:20:31 - mkk_pika - main.py:206 - INFO - 开始下载收藏夹内未下载内容
2026-06-20 00:20:31 - mkk_pika - main.py:266 - INFO - 收藏夹内容下载完毕
2026-06-20 00:20:31 - mkk_pika - main.py:268 - INFO - 开始下载订阅内容
2026-06-20 00:20:31 - mkk_pika - database.py:258 - INFO - 根据ID查询到标题：萝莉 -> 満子の恋（リトルガールストライク Vol.39）[DL版]
2026-06-20 00:20:32 - mkk_pika - database.py:101 - INFO - 保存成功：満子の恋（リトルガールストライク Vol.39）[DL版]
2026-06-20 00:20:32 - mkk_pika - main.py:273 - INFO - 关键词萝莉找到0本漫画
2026-06-20 00:20:32 - mkk_pika - database.py:258 - INFO - 根据ID查询到标题：蘿莉 -> [Pixiv] 牧之 (118005784)（AI）
2026-06-20 00:20:33 - mkk_pika - database.py:101 - INFO - 保存成功：[Pixiv] Nyako (87118066) part.7（AI）
2026-06-20 00:20:33 - mkk_pika - main.py:273 - INFO - 关键词蘿莉找到3本漫画
2026-06-20 00:20:33 - mkk_pika - main.py:275 - INFO - 订阅内容共计3本漫画
2026-06-20 00:20:33 - mkk_pika - main.py:35 - INFO - 开始检查バイキンやっつけようね (デジタルぷにぺどッ! Vol.26)是否存在未下载章节
2026-06-20 00:20:33 - mkk_pika - main.py:45 - INFO - 正在下载:[バイキンやっつけようね (デジタルぷにぺどッ! Vol.26)]-[西葛西むにえる]-[['短篇']]-[total_pages:-1]
2026-06-20 00:20:33 - mkk_pika - main.py:49 - INFO - [{'_id': '6a357eda266f271d15266421', 'title': '第1話', 'order': 1, 'updated_at': '2026-06-07T08:51:35.826Z', 'id': '6a357eda266f271d15266421'}]
2026-06-20 00:20:33 - mkk_pika - database.py:215 - INFO - 第一次下载该漫画，记录数据库中
2026-06-20 00:20:34 - mkk_pika - main.py:83 - INFO - 找到 16 张图片在:第1話
2026-06-20 00:20:34 - mkk_pika - main.py:112 - INFO - [episode:第1話       ] downloaded:    16, total:  16, progress:100%
2026-06-20 00:20:34 - mkk_pika - database.py:238 - INFO - 数据库更新已下载章节
2026-06-20 00:20:34 - mkk_pika - database.py:244 - INFO - 该漫画已下载章节如下
2026-06-20 00:20:34 - mkk_pika - database.py:245 - INFO - ['第1話']
2026-06-20 00:20:36 - mkk_pika - main.py:292 - INFO - ==================== 漫画信息 ====================
                                漫画ID：6a357eda266f271d15266420
                                标题：バイキンやっつけようね (デジタルぷにぺどッ! Vol.26)
                                作者：西葛西むにえる
                                是否完结：是
                                总页数：16
                                分类：短篇
                                章节数：1
                                最后更新时间：2026-06-19T17:39:38.848Z
                                =================================================
2026-06-20 00:20:36 - mkk_pika - database.py:101 - INFO - 保存成功：バイキンやっつけようね (デジタルぷにぺどッ! Vol.26)
2026-06-20 00:20:36 - mkk_pika - main.py:35 - INFO - 开始检查過激配信にゃんつちゃん (デジタルぷにぺどッ! Vol.27)是否存在未下载章节
2026-06-20 00:20:36 - mkk_pika - main.py:45 - INFO - 正在下载:[過激配信にゃんつちゃん (デジタルぷにぺどッ! Vol.27)]-[麻婆ナス]-[['短篇']]-[total_pages:-1]
2026-06-20 00:20:36 - mkk_pika - main.py:49 - INFO - [{'_id': '6a357eca266f271d152663d1', 'title': '第1話', 'order': 1, 'updated_at': '2026-06-08T08:24:07.906Z', 'id': '6a357eca266f271d152663d1'}]
2026-06-20 00:20:36 - mkk_pika - database.py:215 - INFO - 第一次下载该漫画，记录数据库中
2026-06-20 00:20:37 - mkk_pika - main.py:83 - INFO - 找到 16 张图片在:第1話
2026-06-20 00:20:38 - mkk_pika - main.py:112 - INFO - [episode:第1話       ] downloaded:    16, total:  16, progress:100%
2026-06-20 00:20:38 - mkk_pika - database.py:238 - INFO - 数据库更新已下载章节
2026-06-20 00:20:38 - mkk_pika - database.py:244 - INFO - 该漫画已下载章节如下
2026-06-20 00:20:38 - mkk_pika - database.py:245 - INFO - ['第1話']
2026-06-20 00:20:39 - mkk_pika - main.py:292 - INFO - ==================== 漫画信息 ====================
                                漫画ID：6a357eca266f271d152663d0
                                标题：過激配信にゃんつちゃん (デジタルぷにぺどッ! Vol.27)
                                作者：麻婆ナス
                                是否完结：是
                                总页数：16
                                分类：短篇
                                章节数：1
                                最后更新时间：2026-06-19T17:39:22.637Z
                                =================================================
2026-06-20 00:20:39 - mkk_pika - database.py:101 - INFO - 保存成功：過激配信にゃんつちゃん (デジタルぷにぺどッ! Vol.27)
2026-06-20 00:20:39 - mkk_pika - main.py:35 - INFO - 开始检查ジュニアインターンシップえんなちゃん ファーストフード編 | 今天也要努力加油实习哦打工少女円奈酱快餐店篇是否存在未下载章节
2026-06-20 00:20:39 - mkk_pika - database.py:203 - INFO - 查询数据库中是否已存在第1話
2026-06-20 00:20:39 - mkk_pika - main.py:51 - INFO - ジュニアインターンシップえんなちゃん ファーストフード編 | 今天也要努力加油实习哦打工少女円奈酱快餐店篇中没有可下载章节
2026-06-20 00:20:40 - mkk_pika - main.py:292 - INFO - ==================== 漫画信息 ====================
                                漫画ID：6a15c34bc8ece96074819019
                                标题：ジュニアインターンシップえんなちゃん ファーストフード編 | 今天也要努力加油实习哦打工少女円奈酱快餐店篇
                                作者：むぎちょこストア (むぎちょこ)
                                是否完结：是
                                总页数：42
                                分类：短篇
                                章节数：1
                                最后更新时间：2026-05-26T15:59:07.332Z
                                =================================================
2026-06-20 00:20:40 - mkk_pika - database.py:101 - INFO - 保存成功：ジュニアインターンシップえんなちゃん ファーストフード編 | 今天也要努力加油实习哦打工少女円奈酱快餐店篇
2026-06-20 00:20:40 - mkk_pika - main.py:323 - INFO - 订阅内容内容下载完毕
2026-06-20 00:20:40 - mkk_pika - main.py:324 - INFO - 开始分批下载全部章节
2026-06-20 00:20:40 - mkk_pika - database.py:280 - INFO - 表和索引初始化成功
2026-06-20 00:20:40 - mkk_pika - main.py:177 - INFO - 已经下载了1133页，一共6970页，现在开始添加第1134页
2026-06-20 00:20:41 - mkk_pika - database.py:318 - INFO - 保存成功
2026-06-20 00:20:41 - mkk_pika - main.py:177 - INFO - 已经下载了1134页，一共6970页，现在开始添加第1135页
2026-06-20 00:20:42 - mkk_pika - database.py:318 - INFO - 保存成功
2026-06-20 00:20:42 - mkk_pika - main.py:177 - INFO - 已经下载了1135页，一共6970页，现在开始添加第1136页
2026-06-20 00:20:42 - mkk_pika - database.py:318 - INFO - 保存成功
2026-06-20 00:20:43 - mkk_pika - main.py:177 - INFO - 已经下载了1136页，一共6970页，现在开始添加第1137页
2026-06-20 00:20:43 - mkk_pika - database.py:318 - INFO - 保存成功
2026-06-20 00:20:43 - mkk_pika - main.py:177 - INFO - 已经下载了1137页，一共6970页，现在开始添加第1138页
2026-06-20 00:20:44 - mkk_pika - database.py:318 - INFO - 保存成功
2026-06-20 00:20:44 - mkk_pika - main.py:331 - INFO - 分批下载共计50本漫画
2026-06-20 00:20:44 - mkk_pika - main.py:35 - INFO - 开始检查[Cool Dog个人汉化]Lara Croft and the guardian of pleasure是否存在未下载章节
2026-06-20 00:20:44 - mkk_pika - main.py:45 - INFO - 正在下载:[[Cool Dog个人汉化]Lara Croft and the guardian of pleasure]-[TheDirtyMonkey]-[['全彩', '短篇', '非人類']]-[total_pages:10]
2026-06-20 00:20:44 - mkk_pika - main.py:49 - INFO - [{'_id': '5b77d20bc6daac1cc7229212', 'title': '第1集', 'order': 1, 'updated_at': '2018-08-18T01:49:01.151Z', 'id': '5b77d20bc6daac1cc7229212'}]
2026-06-20 00:20:44 - mkk_pika - database.py:215 - INFO - 第一次下载该漫画，记录数据库中
2026-06-20 00:20:45 - mkk_pika - main.py:83 - INFO - 找到 12 张图片在:第1集
2026-06-20 00:20:45 - mkk_pika - main.py:112 - INFO - [episode:第1集       ] downloaded:    12, total:  12, progress:100%
2026-06-20 00:20:45 - mkk_pika - database.py:238 - INFO - 数据库更新已下载章节
2026-06-20 00:20:45 - mkk_pika - database.py:244 - INFO - 该漫画已下载章节如下
2026-06-20 00:20:45 - mkk_pika - database.py:245 - INFO - ['第1集']
2026-06-20 00:20:47 - mkk_pika - main.py:348 - INFO - ==================== 漫画信息 ====================
                                   漫画ID：5b77d20bc6daac1cc7229211
                                   标题：[Cool Dog个人汉化]Lara Croft and the guardian of pleasure
                                   作者：TheDirtyMonkey
                                   是否完结：是
                                   总页数：10
                                   分类：全彩,短篇,非人類
                                   章节数：1
                                   最后更新时间：2018-08-18T08:00:11.565Z
                                   =================================================
2026-06-20 00:20:47 - mkk_pika - database.py:101 - INFO - 保存成功：[Cool Dog个人汉化]Lara Croft and the guardian of pleasure
2026-06-20 00:20:47 - mkk_pika - main.py:35 - INFO - 开始检查[Cool Dog个人汉化]Legend of Queen Opala是否存在未下载章节
2026-06-20 00:20:47 - mkk_pika - main.py:45 - INFO - 正在下载:[[Cool Dog个人汉化]Legend of Queen Opala]-[DevilHS]-[['全彩', '短篇', '非人類', '強暴']]-[total_pages:37]
2026-06-20 00:20:47 - mkk_pika - main.py:49 - INFO - [{'_id': '5b77d227836a6151858cc1a7', 'title': '第1集', 'order': 1, 'updated_at': '2018-08-18T03:06:30.344Z', 'id': '5b77d227836a6151858cc1a7'}, {'_id': '5b77d227836a6151858cc1a8', 'title': '第2集', 'order': 2, 'updated_at': '2018-08-18T02:56:15.335Z', 'id': '5b77d227836a6151858cc1a8'}]
2026-06-20 00:20:47 - mkk_pika - database.py:215 - INFO - 第一次下载该漫画，记录数据库中
2026-06-20 00:20:48 - mkk_pika - main.py:83 - INFO - 找到 16 张图片在:第1集
2026-06-20 00:20:48 - mkk_pika - main.py:112 - INFO - [episode:第1集       ] downloaded:    16, total:  16, progress:100%
2026-06-20 00:20:48 - mkk_pika - database.py:238 - INFO - 数据库更新已下载章节
2026-06-20 00:20:48 - mkk_pika - database.py:244 - INFO - 该漫画已下载章节如下
2026-06-20 00:20:48 - mkk_pika - database.py:245 - INFO - ['第1集']
2026-06-20 00:20:50 - mkk_pika - main.py:83 - INFO - 找到 24 张图片在:第2集
2026-06-20 00:20:50 - mkk_pika - main.py:112 - INFO - [episode:第2集       ] downloaded:    24, total:  24, progress:100%
2026-06-20 00:20:50 - mkk_pika - database.py:238 - INFO - 数据库更新已下载章节
2026-06-20 00:20:50 - mkk_pika - database.py:244 - INFO - 该漫画已下载章节如下
2026-06-20 00:20:50 - mkk_pika - database.py:245 - INFO - ['第1集', '第2集']
2026-06-20 00:20:52 - mkk_pika - main.py:348 - INFO - ==================== 漫画信息 ====================
                                   漫画ID：5b77d227836a6151858cc1a6
                                   标题：[Cool Dog个人汉化]Legend of Queen Opala
                                   作者：DevilHS
                                   是否完结：是
                                   总页数：37
                                   分类：全彩,短篇,非人類,強暴
                                   章节数：2
                                   最后更新时间：2018-08-18T08:00:39.095Z
                                   =================================================
2026-06-20 00:20:52 - mkk_pika - database.py:101 - INFO - 保存成功：[Cool Dog个人汉化]Legend of Queen Opala
2026-06-20 00:20:52 - mkk_pika - main.py:35 - INFO - 开始检查(C94) 私たちプロデューサーさんにめちゃくちゃ気持ちいい中出しされちゃってます! (アイドルマスターシャイニーカラーズ)是否存在未下载章节
2026-06-20 00:20:52 - mkk_pika - main.py:45 - INFO - 正在下载:[(C94) 私たちプロデューサーさんにめちゃくちゃ気持ちいい中出しされちゃってます! (アイドルマスターシャイニーカラーズ)]-[Number2 (たくじ)]-[['同人', '短篇', '全彩']]-[total_pages:9]
2026-06-20 00:20:52 - mkk_pika - main.py:49 - INFO - [{'_id': '5b77d23ec6daac1cc7229221', 'title': '第1集', 'order': 1, 'updated_at': '2018-08-18T03:17:09.125Z', 'id': '5b77d23ec6daac1cc7229221'}]
2026-06-20 00:20:52 - mkk_pika - database.py:215 - INFO - 第一次下载该漫画，记录数据库中
2026-06-20 00:20:53 - mkk_pika - main.py:83 - INFO - 找到 9 张图片在:第1集
2026-06-20 00:20:53 - mkk_pika - main.py:112 - INFO - [episode:第1集       ] downloaded:     9, total:   9, progress:100%
2026-06-20 00:20:53 - mkk_pika - database.py:238 - INFO - 数据库更新已下载章节
2026-06-20 00:20:53 - mkk_pika - database.py:244 - INFO - 该漫画已下载章节如下
2026-06-20 00:20:53 - mkk_pika - database.py:245 - INFO - ['第1集']
2026-06-20 00:20:54 - mkk_pika - main.py:348 - INFO - ==================== 漫画信息 ====================
                                   漫画ID：5b77d23ec6daac1cc7229220
                                   标题：(C94) 私たちプロデューサーさんにめちゃくちゃ気持ちいい中出しされちゃってます! (アイドルマスターシャイニーカラーズ)
                                   作者：Number2 (たくじ)
                                   是否完结：是
                                   总页数：9
                                   分类：同人,短篇,全彩
                                   章节数：1
                                   最后更新时间：2018-08-18T08:01:02.321Z
                                   =================================================
2026-06-20 00:20:54 - mkk_pika - database.py:101 - INFO - 保存成功：(C94) 私たちプロデューサーさんにめちゃくちゃ気持ちいい中出しされちゃってます! (アイドルマスターシャイニーカラーズ)
2026-06-20 00:20:54 - mkk_pika - main.py:35 - INFO - 开始检查(C94) 蟻地獄の姫 是否存在未下载章节
2026-06-20 00:20:54 - mkk_pika - main.py:45 - INFO - 正在下载:[(C94) 蟻地獄の姫 ]-[MoonPhase (ゆらん)]-[['短篇']]-[total_pages:33]
2026-06-20 00:20:54 - mkk_pika - main.py:49 - INFO - [{'_id': '5b77d256377018153b707201', 'title': '第1集', 'order': 1, 'updated_at': '2018-08-18T03:24:38.786Z', 'id': '5b77d256377018153b707201'}]
2026-06-20 00:20:54 - mkk_pika - database.py:215 - INFO - 第一次下载该漫画，记录数据库中
2026-06-20 00:20:55 - mkk_pika - main.py:83 - INFO - 找到 33 张图片在:第1集
2026-06-20 00:20:56 - mkk_pika - main.py:112 - INFO - [episode:第1集       ] downloaded:    33, total:  33, progress:100%
2026-06-20 00:20:56 - mkk_pika - database.py:238 - INFO - 数据库更新已下载章节
2026-06-20 00:20:56 - mkk_pika - database.py:244 - INFO - 该漫画已下载章节如下
2026-06-20 00:20:56 - mkk_pika - database.py:245 - INFO - ['第1集']
2026-06-20 00:20:57 - mkk_pika - main.py:348 - INFO - ==================== 漫画信息 ====================
                                   漫画ID：5b77d256377018153b707200
                                   标题：(C94) 蟻地獄の姫 
                                   作者：MoonPhase (ゆらん)
                                   是否完结：是
                                   总页数：33
                                   分类：短篇
                                   章节数：1
                                   最后更新时间：2018-08-18T08:01:26.372Z
                                   =================================================
2026-06-20 00:20:57 - mkk_pika - database.py:101 - INFO - 保存成功：(C94) 蟻地獄の姫 
2026-06-20 00:20:57 - mkk_pika - main.py:35 - INFO - 开始检查(C94) あやややや (ゲゲゲの鬼太郎)是否存在未下载章节
2026-06-20 00:20:57 - mkk_pika - main.py:45 - INFO - 正在下载:[(C94) あやややや (ゲゲゲの鬼太郎)]-[WICKED HEART (ZooTAN)]-[['同人', '短篇']]-[total_pages:26]
2026-06-20 00:20:57 - mkk_pika - main.py:49 - INFO - [{'_id': '5b77d26dc09fb8517dd451ce', 'title': '第1集', 'order': 1, 'updated_at': '2018-08-18T03:29:15.250Z', 'id': '5b77d26dc09fb8517dd451ce'}]
2026-06-20 00:20:57 - mkk_pika - database.py:215 - INFO - 第一次下载该漫画，记录数据库中
2026-06-20 00:20:58 - mkk_pika - main.py:83 - INFO - 找到 26 张图片在:第1集
2026-06-20 00:20:59 - mkk_pika - main.py:112 - INFO - [episode:第1集       ] downloaded:    26, total:  26, progress:100%
2026-06-20 00:20:59 - mkk_pika - database.py:238 - INFO - 数据库更新已下载章节
2026-06-20 00:20:59 - mkk_pika - database.py:244 - INFO - 该漫画已下载章节如下
2026-06-20 00:20:59 - mkk_pika - database.py:245 - INFO - ['第1集']
2026-06-20 00:21:00 - mkk_pika - main.py:348 - INFO - ==================== 漫画信息 ====================
                                   漫画ID：5b77d26dc09fb8517dd451cd
                                   标题：(C94) あやややや (ゲゲゲの鬼太郎)
                                   作者：WICKED HEART (ZooTAN)
                                   是否完结：是
                                   总页数：26
                                   分类：同人,短篇
                                   章节数：1
                                   最后更新时间：2018-08-18T08:01:49.337Z
                                   =================================================
2026-06-20 00:21:00 - mkk_pika - database.py:101 - INFO - 保存成功：(C94) あやややや (ゲゲゲの鬼太郎)
2026-06-20 00:21:00 - mkk_pika - main.py:35 - INFO - 开始检查(C94) マシュ・キリエライト絆レベル限界突破♥ (Fate/Grand Order)是否存在未下载章节
2026-06-20 00:21:00 - mkk_pika - main.py:45 - INFO - 正在下载:[(C94) マシュ・キリエライト絆レベル限界突破♥ (Fate/Grand Order)]-[ユリルラリカ (小島紗、Lazu)]-[['同人', '短篇', 'Fate']]-[total_pages:30]
2026-06-20 00:21:00 - mkk_pika - main.py:49 - INFO - [{'_id': '5b77d284c6daac1cc722922c', 'title': '第1集', 'order': 1, 'updated_at': '2018-08-18T03:33:22.647Z', 'id': '5b77d284c6daac1cc722922c'}]
2026-06-20 00:21:00 - mkk_pika - database.py:215 - INFO - 第一次下载该漫画，记录数据库中
2026-06-20 00:21:01 - mkk_pika - main.py:83 - INFO - 找到 30 张图片在:第1集
2026-06-20 00:21:02 - mkk_pika - main.py:112 - INFO - [episode:第1集       ] downloaded:    30, total:  30, progress:100%
2026-06-20 00:21:02 - mkk_pika - database.py:238 - INFO - 数据库更新已下载章节
2026-06-20 00:21:02 - mkk_pika - database.py:244 - INFO - 该漫画已下载章节如下
2026-06-20 00:21:02 - mkk_pika - database.py:245 - INFO - ['第1集']
2026-06-20 00:21:03 - mkk_pika - main.py:348 - INFO - ==================== 漫画信息 ====================
                                   漫画ID：5b77d284c6daac1cc722922b
                                   标题：(C94) マシュ・キリエライト絆レベル限界突破♥ (Fate/Grand Order)
                                   作者：ユリルラリカ (小島紗、Lazu)
                                   是否完结：是
                                   总页数：30
                                   分类：同人,短篇,Fate
                                   章节数：1
                                   最后更新时间：2018-08-18T08:02:12.633Z
                                   =================================================
2026-06-20 00:21:03 - mkk_pika - database.py:101 - INFO - 保存成功：(C94) マシュ・キリエライト絆レベル限界突破♥ (Fate/Grand Order)
2026-06-20 00:21:03 - mkk_pika - main.py:35 - INFO - 开始检查(C94) おっぱいは第二スキルの味がする (Fate/Grand Order) 是否存在未下载章节
2026-06-20 00:21:03 - mkk_pika - main.py:45 - INFO - 正在下载:[(C94) おっぱいは第二スキルの味がする (Fate/Grand Order) ]-[げっしゅ (超絶美少女mine)]-[['同人', '短篇', 'Fate']]-[total_pages:26]
2026-06-20 00:21:03 - mkk_pika - main.py:49 - INFO - [{'_id': '5b77d290c6daac1cc722924c', 'title': '第1集', 'order': 1, 'updated_at': '2018-08-18T03:37:26.648Z', 'id': '5b77d290c6daac1cc722924c'}]
2026-06-20 00:21:03 - mkk_pika - database.py:215 - INFO - 第一次下载该漫画，记录数据库中
2026-06-20 00:21:04 - mkk_pika - main.py:83 - INFO - 找到 26 张图片在:第1集
2026-06-20 00:21:05 - mkk_pika - main.py:112 - INFO - [episode:第1集       ] downloaded:    26, total:  26, progress:100%
2026-06-20 00:21:05 - mkk_pika - database.py:238 - INFO - 数据库更新已下载章节
2026-06-20 00:21:05 - mkk_pika - database.py:244 - INFO - 该漫画已下载章节如下
2026-06-20 00:21:05 - mkk_pika - database.py:245 - INFO - ['第1集']
2026-06-20 00:21:06 - mkk_pika - main.py:348 - INFO - ==================== 漫画信息 ====================
                                   漫画ID：5b77d290c6daac1cc722924b
                                   标题：(C94) おっぱいは第二スキルの味がする (Fate/Grand Order) 
                                   作者：げっしゅ (超絶美少女mine)
                                   是否完结：是
                                   总页数：26
                                   分类：同人,短篇,Fate
                                   章节数：1
                                   最后更新时间：2018-08-18T08:02:24.067Z
                                   =================================================
2026-06-20 00:21:06 - mkk_pika - database.py:101 - INFO - 保存成功：(C94) おっぱいは第二スキルの味がする (Fate/Grand Order) 
2026-06-20 00:21:06 - mkk_pika - main.py:35 - INFO - 开始检查(C94) おしり少女 (HUGっと!プリキュア)是否存在未下载章节
2026-06-20 00:21:06 - mkk_pika - main.py:45 - INFO - 正在下载:[(C94) おしり少女 (HUGっと!プリキュア)]-[COUNTER-CENSORSHIP (オオカミうお)]-[['同人', '短篇']]-[total_pages:33]
2026-06-20 00:21:06 - mkk_pika - main.py:49 - INFO - [{'_id': '5b77d29720d65d51ae70f28d', 'title': '第1集', 'order': 1, 'updated_at': '2018-08-18T03:42:06.887Z', 'id': '5b77d29720d65d51ae70f28d'}]
2026-06-20 00:21:06 - mkk_pika - database.py:215 - INFO - 第一次下载该漫画，记录数据库中
2026-06-20 00:21:07 - mkk_pika - main.py:83 - INFO - 找到 33 张图片在:第1集
2026-06-20 00:21:08 - mkk_pika - main.py:112 - INFO - [episode:第1集       ] downloaded:    33, total:  33, progress:100%
2026-06-20 00:21:08 - mkk_pika - database.py:238 - INFO - 数据库更新已下载章节
2026-06-20 00:21:08 - mkk_pika - database.py:244 - INFO - 该漫画已下载章节如下
2026-06-20 00:21:08 - mkk_pika - database.py:245 - INFO - ['第1集']
2026-06-20 00:21:09 - mkk_pika - main.py:348 - INFO - ==================== 漫画信息 ====================
                                   漫画ID：5b77d29720d65d51ae70f28c
                                   标题：(C94) おしり少女 (HUGっと!プリキュア)
                                   作者：COUNTER-CENSORSHIP (オオカミうお)
                                   是否完结：是
                                   总页数：33
                                   分类：同人,短篇
                                   章节数：1
                                   最后更新时间：2018-08-18T08:02:31.486Z
                                   =================================================
2026-06-20 00:21:09 - mkk_pika - database.py:101 - INFO - 保存成功：(C94) おしり少女 (HUGっと!プリキュア)
2026-06-20 00:21:09 - mkk_pika - main.py:35 - INFO - 开始检查(C94) 絶対注文風俗是否存在未下载章节
2026-06-20 00:21:09 - mkk_pika - main.py:45 - INFO - 正在下载:[(C94) 絶対注文風俗]-[にゅう工房 (にゅう)]-[['短篇']]-[total_pages:31]
2026-06-20 00:21:09 - mkk_pika - main.py:49 - INFO - [{'_id': '5b77d29ec09fb8517dd451eb', 'title': '第1集', 'order': 1, 'updated_at': '2018-08-18T03:46:49.033Z', 'id': '5b77d29ec09fb8517dd451eb'}]
2026-06-20 00:21:09 - mkk_pika - database.py:215 - INFO - 第一次下载该漫画，记录数据库中
2026-06-20 00:21:10 - mkk_pika - main.py:83 - INFO - 找到 31 张图片在:第1集
2026-06-20 00:21:11 - mkk_pika - main.py:112 - INFO - [episode:第1集       ] downloaded:    31, total:  31, progress:100%
2026-06-20 00:21:11 - mkk_pika - database.py:238 - INFO - 数据库更新已下载章节
2026-06-20 00:21:11 - mkk_pika - database.py:244 - INFO - 该漫画已下载章节如下
2026-06-20 00:21:11 - mkk_pika - database.py:245 - INFO - ['第1集']
2026-06-20 00:21:12 - mkk_pika - main.py:348 - INFO - ==================== 漫画信息 ====================
                                   漫画ID：5b77d29ec09fb8517dd451ea
                                   标题：(C94) 絶対注文風俗
                                   作者：にゅう工房 (にゅう)
                                   是否完结：是
                                   总页数：31
                                   分类：短篇
                                   章节数：1
                                   最后更新时间：2018-08-18T08:02:38.566Z
                                   =================================================
2026-06-20 00:21:12 - mkk_pika - database.py:101 - INFO - 保存成功：(C94) 絶対注文風俗
2026-06-20 00:21:12 - mkk_pika - main.py:35 - INFO - 开始检查(ふたば学園祭12) 待ちたまえキミッ!?丨我与长金发碧吊梢眼粗眉毛八重齿的小鬼头强制TS成的已婚上司去爱情宾馆的故事是否存在未下载章节
2026-06-20 00:21:13 - mkk_pika - main.py:45 - INFO - 正在下载:[(ふたば学園祭12) 待ちたまえキミッ!?丨我与长金发碧吊梢眼粗眉毛八重齿的小鬼头强制TS成的已婚上司去爱情宾馆的故事]-[世界最古 (よろず)]-[['短篇']]-[total_pages:23]
2026-06-20 00:21:13 - mkk_pika - main.py:49 - INFO - [{'_id': '5b77d2a5377018153b707226', 'title': '第1集', 'order': 1, 'updated_at': '2018-08-18T03:52:32.256Z', 'id': '5b77d2a5377018153b707226'}]
2026-06-20 00:21:13 - mkk_pika - database.py:215 - INFO - 第一次下载该漫画，记录数据库中
2026-06-20 00:21:13 - mkk_pika - main.py:83 - INFO - 找到 23 张图片在:第1集
2026-06-20 00:21:14 - mkk_pika - main.py:112 - INFO - [episode:第1集       ] downloaded:    23, total:  23, progress:100%
2026-06-20 00:21:14 - mkk_pika - database.py:238 - INFO - 数据库更新已下载章节
2026-06-20 00:21:14 - mkk_pika - database.py:244 - INFO - 该漫画已下载章节如下
2026-06-20 00:21:14 - mkk_pika - database.py:245 - INFO - ['第1集']
2026-06-20 00:21:15 - mkk_pika - main.py:348 - INFO - ==================== 漫画信息 ====================
                                   漫画ID：5b77d2a5377018153b707225
                                   标题：(ふたば学園祭12) 待ちたまえキミッ!?丨我与长金发碧吊梢眼粗眉毛八重齿的小鬼头强制TS成的已婚上司去爱情宾馆的故事
                                   作者：世界最古 (よろず)
                                   是否完结：是
                                   总页数：23
                                   分类：短篇
                                   章节数：1
                                   最后更新时间：2018-08-18T08:02:45.140Z
                                   =================================================
2026-06-20 00:21:15 - mkk_pika - database.py:101 - INFO - 保存成功：(ふたば学園祭12) 待ちたまえキミッ!?丨我与长金发碧吊梢眼粗眉毛八重齿的小鬼头强制TS成的已婚上司去爱情宾馆的故事
2026-06-20 00:21:15 - mkk_pika - main.py:35 - INFO - 开始检查狗糧的逆襲（阴阳师）是否存在未下载章节
2026-06-20 00:21:15 - mkk_pika - main.py:45 - INFO - 正在下载:[狗糧的逆襲（阴阳师）]-[Snow大王]-[['同人', '短篇']]-[total_pages:19]
2026-06-20 00:21:15 - mkk_pika - main.py:49 - INFO - [{'_id': '5b7969c920d65d51ae70fc36', 'title': '第1集', 'order': 1, 'updated_at': '2018-08-16T10:54:25.668Z', 'id': '5b7969c920d65d51ae70fc36'}]
2026-06-20 00:21:15 - mkk_pika - database.py:215 - INFO - 第一次下载该漫画，记录数据库中
2026-06-20 00:21:16 - mkk_pika - main.py:83 - INFO - 找到 19 张图片在:第1集
2026-06-20 00:21:16 - mkk_pika - main.py:112 - INFO - [episode:第1集       ] downloaded:    19, total:  19, progress:100%
2026-06-20 00:21:16 - mkk_pika - database.py:238 - INFO - 数据库更新已下载章节
2026-06-20 00:21:16 - mkk_pika - database.py:244 - INFO - 该漫画已下载章节如下
2026-06-20 00:21:16 - mkk_pika - database.py:245 - INFO - ['第1集']
2026-06-20 00:21:18 - mkk_pika - main.py:348 - INFO - ==================== 漫画信息 ====================
                                   漫画ID：5b7969c920d65d51ae70fc35
                                   标题：狗糧的逆襲（阴阳师）
                                   作者：Snow大王
                                   是否完结：否
                                   总页数：19
                                   分类：同人,短篇
                                   章节数：1
                                   最后更新时间：2018-08-19T12:59:53.727Z
                                   =================================================
2026-06-20 00:21:18 - mkk_pika - database.py:101 - INFO - 保存成功：狗糧的逆襲（阴阳师）
2026-06-20 00:21:18 - mkk_pika - main.py:35 - INFO - 开始检查僕の許嫁と幼なじみが修羅場すぎるVer.4 (僕のヒーローアカデミア)是否存在未下载章节
2026-06-20 00:21:18 - mkk_pika - main.py:45 - INFO - 正在下载:[僕の許嫁と幼なじみが修羅場すぎるVer.4 (僕のヒーローアカデミア)]-[OMEGA 2-D (日比野友輝、嶋成龍)]-[['同人', '短篇', '性轉換']]-[total_pages:23]
2026-06-20 00:21:18 - mkk_pika - main.py:49 - INFO - [{'_id': '5b7969f0836a6151858ccba5', 'title': '第1集', 'order': 1, 'updated_at': '2018-08-17T08:42:57.143Z', 'id': '5b7969f0836a6151858ccba5'}]
2026-06-20 00:21:18 - mkk_pika - database.py:215 - INFO - 第一次下载该漫画，记录数据库中
2026-06-20 00:21:19 - mkk_pika - main.py:83 - INFO - 找到 23 张图片在:第1集
2026-06-20 00:21:19 - mkk_pika - main.py:112 - INFO - [episode:第1集       ] downloaded:    23, total:  23, progress:100%
2026-06-20 00:21:19 - mkk_pika - database.py:238 - INFO - 数据库更新已下载章节
2026-06-20 00:21:19 - mkk_pika - database.py:244 - INFO - 该漫画已下载章节如下
2026-06-20 00:21:19 - mkk_pika - database.py:245 - INFO - ['第1集']
2026-06-20 00:21:21 - mkk_pika - main.py:348 - INFO - ==================== 漫画信息 ====================
                                   漫画ID：5b7969f0836a6151858ccba4
                                   标题：僕の許嫁と幼なじみが修羅場すぎるVer.4 (僕のヒーローアカデミア)
                                   作者：OMEGA 2-D (日比野友輝、嶋成龍)
                                   是否完结：是
                                   总页数：23
                                   分类：同人,短篇,性轉換
                                   章节数：1
                                   最后更新时间：2018-08-19T13:00:32.644Z
                                   =================================================
2026-06-20 00:21:21 - mkk_pika - database.py:101 - INFO - 保存成功：僕の許嫁と幼なじみが修羅場すぎるVer.4 (僕のヒーローアカデミア)
2026-06-20 00:21:21 - mkk_pika - main.py:35 - INFO - 开始检查 (C94)  AMERIKAN BIKINI CAR WASH (艦隊これくしょん -艦これ-) [全彩]是否存在未下载章节
2026-06-20 00:21:21 - mkk_pika - main.py:45 - INFO - 正在下载:[ (C94)  AMERIKAN BIKINI CAR WASH (艦隊これくしょん -艦これ-) [全彩]]-[CHIBIKKO KINGDOM (けこちゃ)]-[['短篇', '同人', '艦隊收藏', '全彩']]-[total_pages:21]
2026-06-20 00:21:21 - mkk_pika - main.py:49 - INFO - [{'_id': '5b796b9f87d16b51c3c5f99c', 'title': '第1集', 'order': 1, 'updated_at': '2018-08-18T10:23:31.402Z', 'id': '5b796b9f87d16b51c3c5f99c'}]
2026-06-20 00:21:21 - mkk_pika - database.py:215 - INFO - 第一次下载该漫画，记录数据库中
2026-06-20 00:21:22 - mkk_pika - main.py:83 - INFO - 找到 21 张图片在:第1集
2026-06-20 00:21:22 - mkk_pika - main.py:112 - INFO - [episode:第1集       ] downloaded:    21, total:  21, progress:100%
2026-06-20 00:21:22 - mkk_pika - database.py:238 - INFO - 数据库更新已下载章节
2026-06-20 00:21:22 - mkk_pika - database.py:244 - INFO - 该漫画已下载章节如下
2026-06-20 00:21:22 - mkk_pika - database.py:245 - INFO - ['第1集']
2026-06-20 00:21:23 - mkk_pika - main.py:348 - INFO - ==================== 漫画信息 ====================
                                   漫画ID：5b796b9f87d16b51c3c5f99b
                                   标题： (C94)  AMERIKAN BIKINI CAR WASH (艦隊これくしょん -艦これ-) [全彩]
                                   作者：CHIBIKKO KINGDOM (けこちゃ)
                                   是否完结：否
                                   总页数：21
                                   分类：短篇,同人,艦隊收藏,全彩
                                   章节数：1
                                   最后更新时间：2018-08-19T13:07:43.296Z
                                   =================================================
2026-06-20 00:21:23 - mkk_pika - database.py:101 - INFO - 保存成功： (C94)  AMERIKAN BIKINI CAR WASH (艦隊これくしょん -艦これ-) [全彩]
2026-06-20 00:21:23 - mkk_pika - main.py:35 - INFO - 开始检查(C94) 令呪も無しにジャンヌ・オルタが発情するわけがない (Fate/Grand Order)是否存在未下载章节
2026-06-20 00:21:24 - mkk_pika - main.py:45 - INFO - 正在下载:[(C94) 令呪も無しにジャンヌ・オルタが発情するわけがない (Fate/Grand Order)]-[Flock Blue (Blue_Gk)]-[['同人', '短篇', 'Fate']]-[total_pages:31]
2026-06-20 00:21:24 - mkk_pika - main.py:49 - INFO - [{'_id': '5b79704287d16b51c3c5f9e7', 'title': '第1集', 'order': 1, 'updated_at': '2018-08-19T05:07:06.579Z', 'id': '5b79704287d16b51c3c5f9e7'}]
2026-06-20 00:21:24 - mkk_pika - database.py:215 - INFO - 第一次下载该漫画，记录数据库中
2026-06-20 00:21:24 - mkk_pika - main.py:83 - INFO - 找到 31 张图片在:第1集
2026-06-20 00:21:25 - mkk_pika - main.py:112 - INFO - [episode:第1集       ] downloaded:    31, total:  31, progress:100%
2026-06-20 00:21:25 - mkk_pika - database.py:238 - INFO - 数据库更新已下载章节
2026-06-20 00:21:25 - mkk_pika - database.py:244 - INFO - 该漫画已下载章节如下
2026-06-20 00:21:25 - mkk_pika - database.py:245 - INFO - ['第1集']
2026-06-20 00:21:26 - mkk_pika - main.py:348 - INFO - ==================== 漫画信息 ====================
                                   漫画ID：5b79704287d16b51c3c5f9e6
                                   标题：(C94) 令呪も無しにジャンヌ・オルタが発情するわけがない (Fate/Grand Order)
                                   作者：Flock Blue (Blue_Gk)
                                   是否完结：是
                                   总页数：31
                                   分类：同人,短篇,Fate
                                   章节数：1
                                   最后更新时间：2018-08-19T13:27:30.168Z
                                   =================================================
2026-06-20 00:21:26 - mkk_pika - database.py:101 - INFO - 保存成功：(C94) 令呪も無しにジャンヌ・オルタが発情するわけがない (Fate/Grand Order)
2026-06-20 00:21:26 - mkk_pika - main.py:35 - INFO - 开始检查(C94) 夜王 (Fate/Grand Order)是否存在未下载章节
2026-06-20 00:21:27 - mkk_pika - main.py:45 - INFO - 正在下载:[(C94) 夜王 (Fate/Grand Order)]-[OrangeMaru (YD)]-[['同人', '短篇', 'Fate', '全彩']]-[total_pages:24]
2026-06-20 00:21:27 - mkk_pika - main.py:49 - INFO - [{'_id': '5b797056c09fb8517dd45bc4', 'title': '第1集', 'order': 1, 'updated_at': '2018-08-19T05:10:00.604Z', 'id': '5b797056c09fb8517dd45bc4'}]
2026-06-20 00:21:27 - mkk_pika - database.py:215 - INFO - 第一次下载该漫画，记录数据库中
2026-06-20 00:21:27 - mkk_pika - main.py:83 - INFO - 找到 24 张图片在:第1集
2026-06-20 00:21:28 - mkk_pika - main.py:112 - INFO - [episode:第1集       ] downloaded:    24, total:  24, progress:100%
2026-06-20 00:21:28 - mkk_pika - database.py:238 - INFO - 数据库更新已下载章节
2026-06-20 00:21:28 - mkk_pika - database.py:244 - INFO - 该漫画已下载章节如下
2026-06-20 00:21:28 - mkk_pika - database.py:245 - INFO - ['第1集']
2026-06-20 00:21:29 - mkk_pika - main.py:348 - INFO - ==================== 漫画信息 ====================
                                   漫画ID：5b797056c09fb8517dd45bc3
                                   标题：(C94) 夜王 (Fate/Grand Order)
                                   作者：OrangeMaru (YD)
                                   是否完结：是
                                   总页数：24
                                   分类：同人,短篇,Fate,全彩
                                   章节数：1
                                   最后更新时间：2018-08-19T13:27:50.370Z
                                   =================================================
2026-06-20 00:21:29 - mkk_pika - database.py:101 - INFO - 保存成功：(C94) 夜王 (Fate/Grand Order)
2026-06-20 00:21:29 - mkk_pika - main.py:35 - INFO - 开始检查(C77) NIPPON CHANGE (ああっ女神さまっ) 是否存在未下载章节
2026-06-20 00:21:30 - mkk_pika - main.py:45 - INFO - 正在下载:[(C77) NIPPON CHANGE (ああっ女神さまっ) ]-[肉りんご (カクガリ兄弟)]-[['同人', '短篇']]-[total_pages:24]
2026-06-20 00:21:30 - mkk_pika - main.py:49 - INFO - [{'_id': '5b7970634793a714f199702b', 'title': '第1集', 'order': 1, 'updated_at': '2018-08-19T05:14:13.113Z', 'id': '5b7970634793a714f199702b'}]
2026-06-20 00:21:30 - mkk_pika - database.py:215 - INFO - 第一次下载该漫画，记录数据库中
2026-06-20 00:21:30 - mkk_pika - main.py:83 - INFO - 找到 24 张图片在:第1集
2026-06-20 00:21:31 - mkk_pika - main.py:112 - INFO - [episode:第1集       ] downloaded:    24, total:  24, progress:100%
2026-06-20 00:21:31 - mkk_pika - database.py:238 - INFO - 数据库更新已下载章节
2026-06-20 00:21:31 - mkk_pika - database.py:244 - INFO - 该漫画已下载章节如下
2026-06-20 00:21:31 - mkk_pika - database.py:245 - INFO - ['第1集']
2026-06-20 00:21:32 - mkk_pika - main.py:348 - INFO - ==================== 漫画信息 ====================
                                   漫画ID：5b7970634793a714f199702a
                                   标题：(C77) NIPPON CHANGE (ああっ女神さまっ) 
                                   作者：肉りんご (カクガリ兄弟)
                                   是否完结：是
                                   总页数：24
                                   分类：同人,短篇
                                   章节数：1
                                   最后更新时间：2018-08-19T13:28:03.339Z
                                   =================================================
2026-06-20 00:21:32 - mkk_pika - database.py:101 - INFO - 保存成功：(C77) NIPPON CHANGE (ああっ女神さまっ) 
2026-06-20 00:21:32 - mkk_pika - main.py:35 - INFO - 开始检查(砲雷撃戦! よーい! 二十九戦目)  弥生とニャンコなかたち (艦隊これくしょん -艦これ-)是否存在未下载章节
2026-06-20 00:21:33 - mkk_pika - main.py:45 - INFO - 正在下载:[(砲雷撃戦! よーい! 二十九戦目)  弥生とニャンコなかたち (艦隊これくしょん -艦これ-)]-[すずめねすと (雨美すずめ)]-[['短篇', '同人', '艦隊收藏']]-[total_pages:23]
2026-06-20 00:21:33 - mkk_pika - main.py:49 - INFO - [{'_id': '5b7972874c1322659abee5e0', 'title': '第1集', 'order': 1, 'updated_at': '2018-08-18T10:31:54.059Z', 'id': '5b7972874c1322659abee5e0'}]
2026-06-20 00:21:33 - mkk_pika - database.py:215 - INFO - 第一次下载该漫画，记录数据库中
2026-06-20 00:21:33 - mkk_pika - main.py:83 - INFO - 找到 23 张图片在:第1集
2026-06-20 00:21:34 - mkk_pika - main.py:112 - INFO - [episode:第1集       ] downloaded:    23, total:  23, progress:100%
2026-06-20 00:21:34 - mkk_pika - database.py:238 - INFO - 数据库更新已下载章节
2026-06-20 00:21:34 - mkk_pika - database.py:244 - INFO - 该漫画已下载章节如下
2026-06-20 00:21:34 - mkk_pika - database.py:245 - INFO - ['第1集']
2026-06-20 00:21:35 - mkk_pika - main.py:348 - INFO - ==================== 漫画信息 ====================
                                   漫画ID：5b7972874c1322659abee5df
                                   标题：(砲雷撃戦! よーい! 二十九戦目)  弥生とニャンコなかたち (艦隊これくしょん -艦これ-)
                                   作者：すずめねすと (雨美すずめ)
                                   是否完结：否
                                   总页数：23
                                   分类：短篇,同人,艦隊收藏
                                   章节数：1
                                   最后更新时间：2018-08-19T13:37:11.429Z
                                   =================================================
2026-06-20 00:21:35 - mkk_pika - database.py:101 - INFO - 保存成功：(砲雷撃戦! よーい! 二十九戦目)  弥生とニャンコなかたち (艦隊これくしょん -艦これ-)
2026-06-20 00:21:35 - mkk_pika - main.py:35 - INFO - 开始检查ナルメア＆ジャンヌとドキドキサマーバケーション是否存在未下载章节
2026-06-20 00:21:36 - mkk_pika - main.py:45 - INFO - 正在下载:[ナルメア＆ジャンヌとドキドキサマーバケーション]-[一ノ瀬ランド]-[['同人', '短篇', '後宮閃光', '碧藍幻想']]-[total_pages:30]
2026-06-20 00:21:36 - mkk_pika - main.py:49 - INFO - [{'_id': '5b7972a3836a6151858ccc7a', 'title': '第1集', 'order': 1, 'updated_at': '2018-08-19T13:15:32.022Z', 'id': '5b7972a3836a6151858ccc7a'}]
2026-06-20 00:21:36 - mkk_pika - database.py:215 - INFO - 第一次下载该漫画，记录数据库中
2026-06-20 00:21:36 - mkk_pika - main.py:83 - INFO - 找到 30 张图片在:第1集
2026-06-20 00:21:37 - mkk_pika - main.py:112 - INFO - [episode:第1集       ] downloaded:    30, total:  30, progress:100%
2026-06-20 00:21:37 - mkk_pika - database.py:238 - INFO - 数据库更新已下载章节
2026-06-20 00:21:37 - mkk_pika - database.py:244 - INFO - 该漫画已下载章节如下
2026-06-20 00:21:37 - mkk_pika - database.py:245 - INFO - ['第1集']
2026-06-20 00:21:39 - mkk_pika - main.py:348 - INFO - ==================== 漫画信息 ====================
                                   漫画ID：5b7972a3836a6151858ccc79
                                   标题：ナルメア＆ジャンヌとドキドキサマーバケーション
                                   作者：一ノ瀬ランド
                                   是否完结：否
                                   总页数：30
                                   分类：同人,短篇,後宮閃光,碧藍幻想
                                   章节数：1
                                   最后更新时间：2018-08-19T13:37:39.222Z
                                   =================================================
2026-06-20 00:21:39 - mkk_pika - database.py:101 - INFO - 保存成功：ナルメア＆ジャンヌとドキドキサマーバケーション
2026-06-20 00:21:39 - mkk_pika - main.py:35 - INFO - 开始检查えるどマリッジ 是否存在未下载章节
2026-06-20 00:21:39 - mkk_pika - main.py:45 - INFO - 正在下载:[えるどマリッジ ]-[毛玉牛乳 (玉之けだま)]-[['同人', '短篇']]-[total_pages:26]
2026-06-20 00:21:39 - mkk_pika - main.py:49 - INFO - [{'_id': '5b7972b6c09fb8517dd45c01', 'title': '第1集', 'order': 1, 'updated_at': '2018-08-19T13:21:13.198Z', 'id': '5b7972b6c09fb8517dd45c01'}]
2026-06-20 00:21:39 - mkk_pika - database.py:215 - INFO - 第一次下载该漫画，记录数据库中
2026-06-20 00:21:39 - mkk_pika - main.py:83 - INFO - 找到 26 张图片在:第1集
2026-06-20 00:21:40 - mkk_pika - main.py:112 - INFO - [episode:第1集       ] downloaded:    26, total:  26, progress:100%
2026-06-20 00:21:40 - mkk_pika - database.py:238 - INFO - 数据库更新已下载章节
2026-06-20 00:21:40 - mkk_pika - database.py:244 - INFO - 该漫画已下载章节如下
2026-06-20 00:21:40 - mkk_pika - database.py:245 - INFO - ['第1集']
2026-06-20 00:21:41 - mkk_pika - main.py:348 - INFO - ==================== 漫画信息 ====================
                                   漫画ID：5b7972b6c09fb8517dd45c00
                                   标题：えるどマリッジ 
                                   作者：毛玉牛乳 (玉之けだま)
                                   是否完结：否
                                   总页数：26
                                   分类：同人,短篇
                                   章节数：1
                                   最后更新时间：2018-08-19T13:37:58.954Z
                                   =================================================
2026-06-20 00:21:41 - mkk_pika - database.py:101 - INFO - 保存成功：えるどマリッジ 
2026-06-20 00:21:41 - mkk_pika - main.py:35 - INFO - 开始检查淫乳むっちりプレス 淫乳豐滿柔嫩的擠壓是否存在未下载章节
2026-06-20 00:21:42 - mkk_pika - main.py:45 - INFO - 正在下载:[淫乳むっちりプレス 淫乳豐滿柔嫩的擠壓]-[おでん70]-[['長篇', '純愛', '單行本', '人妻']]-[total_pages:211]
2026-06-20 00:21:42 - mkk_pika - main.py:49 - INFO - [{'_id': '5b7972ce87d16b51c3c5fa45', 'title': '第1集', 'order': 1, 'updated_at': '2018-08-19T12:00:38.468Z', 'id': '5b7972ce87d16b51c3c5fa45'}]
2026-06-20 00:21:42 - mkk_pika - database.py:215 - INFO - 第一次下载该漫画，记录数据库中
2026-06-20 00:21:44 - mkk_pika - main.py:83 - INFO - 找到 211 张图片在:第1集
2026-06-20 00:21:49 - mkk_pika - main.py:112 - INFO - [episode:第1集       ] downloaded:   211, total: 211, progress:100%
2026-06-20 00:21:49 - mkk_pika - database.py:238 - INFO - 数据库更新已下载章节
2026-06-20 00:21:49 - mkk_pika - database.py:244 - INFO - 该漫画已下载章节如下
2026-06-20 00:21:49 - mkk_pika - database.py:245 - INFO - ['第1集']
2026-06-20 00:21:50 - mkk_pika - main.py:348 - INFO - ==================== 漫画信息 ====================
                                   漫画ID：5b7972ce87d16b51c3c5fa44
                                   标题：淫乳むっちりプレス 淫乳豐滿柔嫩的擠壓
                                   作者：おでん70
                                   是否完结：是
                                   总页数：211
                                   分类：長篇,純愛,單行本,人妻
                                   章节数：1
                                   最后更新时间：2018-08-19T13:38:22.670Z
                                   =================================================
2026-06-20 00:21:50 - mkk_pika - database.py:101 - INFO - 保存成功：淫乳むっちりプレス 淫乳豐滿柔嫩的擠壓
2026-06-20 00:21:50 - mkk_pika - main.py:35 - INFO - 开始检查Fate Gentle Order 3「リリィ」是否存在未下载章节
2026-06-20 00:21:51 - mkk_pika - main.py:45 - INFO - 正在下载:[Fate Gentle Order 3「リリィ」]-[けんじゃたいむ (MANA)]-[['同人', '短篇', '全彩', 'Fate']]-[total_pages:22]
2026-06-20 00:21:51 - mkk_pika - main.py:49 - INFO - [{'_id': '5b797340836a6151858ccca1', 'title': '第1集', 'order': 1, 'updated_at': '2018-08-19T12:32:21.256Z', 'id': '5b797340836a6151858ccca1'}]
2026-06-20 00:21:51 - mkk_pika - database.py:215 - INFO - 第一次下载该漫画，记录数据库中
2026-06-20 00:21:51 - mkk_pika - main.py:83 - INFO - 找到 22 张图片在:第1集
2026-06-20 00:21:52 - mkk_pika - main.py:112 - INFO - [episode:第1集       ] downloaded:    22, total:  22, progress:100%
2026-06-20 00:21:52 - mkk_pika - database.py:238 - INFO - 数据库更新已下载章节
2026-06-20 00:21:52 - mkk_pika - database.py:244 - INFO - 该漫画已下载章节如下
2026-06-20 00:21:52 - mkk_pika - database.py:245 - INFO - ['第1集']
2026-06-20 00:21:53 - mkk_pika - main.py:348 - INFO - ==================== 漫画信息 ====================
                                   漫画ID：5b797340836a6151858ccca0
                                   标题：Fate Gentle Order 3「リリィ」
                                   作者：けんじゃたいむ (MANA)
                                   是否完结：否
                                   总页数：22
                                   分类：同人,短篇,全彩,Fate
                                   章节数：1
                                   最后更新时间：2018-08-19T13:40:16.322Z
                                   =================================================
2026-06-20 00:21:53 - mkk_pika - database.py:101 - INFO - 保存成功：Fate Gentle Order 3「リリィ」
2026-06-20 00:21:53 - mkk_pika - main.py:35 - INFO - 开始检查イビツな愛の巣 很扭曲的愛之巢是否存在未下载章节
2026-06-20 00:21:53 - mkk_pika - main.py:45 - INFO - 正在下载:[イビツな愛の巣 很扭曲的愛之巢]-[ビフィダス]-[['長篇', '純愛', '單行本', '姐姐系', '妹妹系']]-[total_pages:211]
2026-06-20 00:21:53 - mkk_pika - main.py:49 - INFO - [{'_id': '5b79741d87d16b51c3c5fb1c', 'title': '第1集', 'order': 1, 'updated_at': '2018-08-18T12:03:43.581Z', 'id': '5b79741d87d16b51c3c5fb1c'}]
2026-06-20 00:21:53 - mkk_pika - database.py:215 - INFO - 第一次下载该漫画，记录数据库中
2026-06-20 00:21:56 - mkk_pika - main.py:83 - INFO - 找到 211 张图片在:第1集
2026-06-20 00:22:01 - mkk_pika - main.py:112 - INFO - [episode:第1集       ] downloaded:   211, total: 211, progress:100%
2026-06-20 00:22:01 - mkk_pika - database.py:238 - INFO - 数据库更新已下载章节
2026-06-20 00:22:01 - mkk_pika - database.py:244 - INFO - 该漫画已下载章节如下
2026-06-20 00:22:01 - mkk_pika - database.py:245 - INFO - ['第1集']
2026-06-20 00:22:02 - mkk_pika - main.py:348 - INFO - ==================== 漫画信息 ====================
                                   漫画ID：5b79741d87d16b51c3c5fb1b
                                   标题：イビツな愛の巣 很扭曲的愛之巢
                                   作者：ビフィダス
                                   是否完结：是
                                   总页数：211
                                   分类：長篇,純愛,單行本,姐姐系,妹妹系
                                   章节数：1
                                   最后更新时间：2018-08-19T13:43:57.612Z
                                   =================================================
2026-06-20 00:22:02 - mkk_pika - database.py:101 - INFO - 保存成功：イビツな愛の巣 很扭曲的愛之巢
2026-06-20 00:22:02 - mkk_pika - main.py:35 - INFO - 开始检查淫乱ロリエルフさんの種付けホームステイ是否存在未下载章节
2026-06-20 00:22:02 - mkk_pika - main.py:45 - INFO - 正在下载:[淫乱ロリエルフさんの種付けホームステイ]-[コテ絵]-[['短篇']]-[total_pages:25]
2026-06-20 00:22:02 - mkk_pika - main.py:49 - INFO - [{'_id': '5b7974d3b9ec4965dd116828', 'title': '第1集', 'order': 1, 'updated_at': '2018-08-19T05:29:29.886Z', 'id': '5b7974d3b9ec4965dd116828'}]
2026-06-20 00:22:02 - mkk_pika - database.py:215 - INFO - 第一次下载该漫画，记录数据库中
2026-06-20 00:22:03 - mkk_pika - main.py:83 - INFO - 找到 25 张图片在:第1集
2026-06-20 00:22:04 - mkk_pika - main.py:112 - INFO - [episode:第1集       ] downloaded:    25, total:  25, progress:100%
2026-06-20 00:22:04 - mkk_pika - database.py:238 - INFO - 数据库更新已下载章节
2026-06-20 00:22:04 - mkk_pika - database.py:244 - INFO - 该漫画已下载章节如下
2026-06-20 00:22:04 - mkk_pika - database.py:245 - INFO - ['第1集']
2026-06-20 00:22:05 - mkk_pika - main.py:348 - INFO - ==================== 漫画信息 ====================
                                   漫画ID：5b7974d3b9ec4965dd116827
                                   标题：淫乱ロリエルフさんの種付けホームステイ
                                   作者：コテ絵
                                   是否完结：是
                                   总页数：25
                                   分类：短篇
                                   章节数：1
                                   最后更新时间：2018-08-19T13:46:59.923Z
                                   =================================================
2026-06-20 00:22:05 - mkk_pika - database.py:101 - INFO - 保存成功：淫乱ロリエルフさんの種付けホームステイ
2026-06-20 00:22:05 - mkk_pika - main.py:35 - INFO - 开始检查黄昏の娼エルフ3是否存在未下载章节
2026-06-20 00:22:05 - mkk_pika - main.py:45 - INFO - 正在下载:[黄昏の娼エルフ3]-[H.B.A (うさぎなごむ)]-[['短篇']]-[total_pages:51]
2026-06-20 00:22:05 - mkk_pika - main.py:49 - INFO - [{'_id': '5b7974e4c09fb8517dd45c35', 'title': '第1集', 'order': 1, 'updated_at': '2018-08-19T05:34:40.431Z', 'id': '5b7974e4c09fb8517dd45c35'}]
2026-06-20 00:22:05 - mkk_pika - database.py:215 - INFO - 第一次下载该漫画，记录数据库中
2026-06-20 00:22:06 - mkk_pika - main.py:83 - INFO - 找到 51 张图片在:第1集
2026-06-20 00:22:07 - mkk_pika - main.py:112 - INFO - [episode:第1集       ] downloaded:    51, total:  51, progress:100%
2026-06-20 00:22:07 - mkk_pika - database.py:238 - INFO - 数据库更新已下载章节
2026-06-20 00:22:07 - mkk_pika - database.py:244 - INFO - 该漫画已下载章节如下
2026-06-20 00:22:07 - mkk_pika - database.py:245 - INFO - ['第1集']
2026-06-20 00:22:09 - mkk_pika - main.py:348 - INFO - ==================== 漫画信息 ====================
                                   漫画ID：5b7974e4c09fb8517dd45c34
                                   标题：黄昏の娼エルフ3
                                   作者：H.B.A (うさぎなごむ)
                                   是否完结：是
                                   总页数：51
                                   分类：短篇
                                   章节数：1
                                   最后更新时间：2018-08-19T13:47:16.727Z
                                   =================================================
2026-06-20 00:22:09 - mkk_pika - database.py:101 - INFO - 保存成功：黄昏の娼エルフ3
2026-06-20 00:22:09 - mkk_pika - main.py:35 - INFO - 开始检查(C94) キミは憧れのたわわII是否存在未下载章节
2026-06-20 00:22:09 - mkk_pika - main.py:45 - INFO - 正在下载:[(C94) キミは憧れのたわわII]-[ぽぽちち (八尋ぽち)]-[['同人', '短篇']]-[total_pages:28]
2026-06-20 00:22:09 - mkk_pika - main.py:49 - INFO - [{'_id': '5b7974f6b9ec4965dd116844', 'title': '第1集', 'order': 1, 'updated_at': '2018-08-19T05:38:53.628Z', 'id': '5b7974f6b9ec4965dd116844'}]
2026-06-20 00:22:09 - mkk_pika - database.py:215 - INFO - 第一次下载该漫画，记录数据库中
2026-06-20 00:22:10 - mkk_pika - main.py:83 - INFO - 找到 28 张图片在:第1集
2026-06-20 00:22:10 - mkk_pika - main.py:112 - INFO - [episode:第1集       ] downloaded:    28, total:  28, progress:100%
2026-06-20 00:22:10 - mkk_pika - database.py:238 - INFO - 数据库更新已下载章节
2026-06-20 00:22:10 - mkk_pika - database.py:244 - INFO - 该漫画已下载章节如下
2026-06-20 00:22:10 - mkk_pika - database.py:245 - INFO - ['第1集']
2026-06-20 00:22:12 - mkk_pika - main.py:348 - INFO - ==================== 漫画信息 ====================
                                   漫画ID：5b7974f6b9ec4965dd116843
                                   标题：(C94) キミは憧れのたわわII
                                   作者：ぽぽちち (八尋ぽち)
                                   是否完结：是
                                   总页数：28
                                   分类：同人,短篇
                                   章节数：1
                                   最后更新时间：2018-08-19T13:47:34.155Z
                                   =================================================
2026-06-20 00:22:12 - mkk_pika - database.py:101 - INFO - 保存成功：(C94) キミは憧れのたわわII
2026-06-20 00:22:12 - mkk_pika - main.py:35 - INFO - 开始检查(C94) J×J (Fate/Grand Order) 是否存在未下载章节
2026-06-20 00:22:12 - mkk_pika - main.py:45 - INFO - 正在下载:[(C94) J×J (Fate/Grand Order) ]-[ERECT TOUCH (エレクトさわる)]-[['同人', '短篇', 'Fate', 'NTR']]-[total_pages:52]
2026-06-20 00:22:12 - mkk_pika - main.py:49 - INFO - [{'_id': '5b7974fc84d29a65a1f028d4', 'title': '第1集', 'order': 1, 'updated_at': '2018-08-19T05:46:02.504Z', 'id': '5b7974fc84d29a65a1f028d4'}]
2026-06-20 00:22:12 - mkk_pika - database.py:215 - INFO - 第一次下载该漫画，记录数据库中
2026-06-20 00:22:13 - mkk_pika - main.py:83 - INFO - 找到 52 张图片在:第1集
2026-06-20 00:22:14 - mkk_pika - main.py:112 - INFO - [episode:第1集       ] downloaded:    52, total:  52, progress:100%
2026-06-20 00:22:14 - mkk_pika - database.py:238 - INFO - 数据库更新已下载章节
2026-06-20 00:22:14 - mkk_pika - database.py:244 - INFO - 该漫画已下载章节如下
2026-06-20 00:22:14 - mkk_pika - database.py:245 - INFO - ['第1集']
2026-06-20 00:22:15 - mkk_pika - main.py:348 - INFO - ==================== 漫画信息 ====================
                                   漫画ID：5b7974fc84d29a65a1f028d3
                                   标题：(C94) J×J (Fate/Grand Order) 
                                   作者：ERECT TOUCH (エレクトさわる)
                                   是否完结：是
                                   总页数：52
                                   分类：同人,短篇,Fate,NTR
                                   章节数：1
                                   最后更新时间：2018-08-19T13:47:40.760Z
                                   =================================================
2026-06-20 00:22:15 - mkk_pika - database.py:101 - INFO - 保存成功：(C94) J×J (Fate/Grand Order) 
2026-06-20 00:22:15 - mkk_pika - main.py:35 - INFO - 开始检查(C94) 援交ロックンロールフィーバー (ヒナまつり)是否存在未下载章节
2026-06-20 00:22:16 - mkk_pika - main.py:45 - INFO - 正在下载:[(C94) 援交ロックンロールフィーバー (ヒナまつり)]-[テコキッズ (れオナるド16世)]-[['同人', '短篇']]-[total_pages:31]
2026-06-20 00:22:16 - mkk_pika - main.py:49 - INFO - [{'_id': '5b797502836a6151858cce43', 'title': '第1集', 'order': 1, 'updated_at': '2018-08-19T05:50:28.214Z', 'id': '5b797502836a6151858cce43'}]
2026-06-20 00:22:16 - mkk_pika - database.py:215 - INFO - 第一次下载该漫画，记录数据库中
2026-06-20 00:22:16 - mkk_pika - main.py:83 - INFO - 找到 31 张图片在:第1集
2026-06-20 00:22:17 - mkk_pika - main.py:112 - INFO - [episode:第1集       ] downloaded:    31, total:  31, progress:100%
2026-06-20 00:22:17 - mkk_pika - database.py:238 - INFO - 数据库更新已下载章节
2026-06-20 00:22:17 - mkk_pika - database.py:244 - INFO - 该漫画已下载章节如下
2026-06-20 00:22:17 - mkk_pika - database.py:245 - INFO - ['第1集']
2026-06-20 00:22:18 - mkk_pika - main.py:348 - INFO - ==================== 漫画信息 ====================
                                   漫画ID：5b797502836a6151858cce42
                                   标题：(C94) 援交ロックンロールフィーバー (ヒナまつり)
                                   作者：テコキッズ (れオナるド16世)
                                   是否完结：是
                                   总页数：31
                                   分类：同人,短篇
                                   章节数：1
                                   最后更新时间：2018-08-19T13:47:46.392Z
                                   =================================================
2026-06-20 00:22:18 - mkk_pika - database.py:101 - INFO - 保存成功：(C94) 援交ロックンロールフィーバー (ヒナまつり)
2026-06-20 00:22:18 - mkk_pika - main.py:35 - INFO - 开始检查(C94) 絶対敗北邪ンヌちゃん！！ (Fate/Grand Order)是否存在未下载章节
2026-06-20 00:22:19 - mkk_pika - main.py:45 - INFO - 正在下载:[(C94) 絶対敗北邪ンヌちゃん！！ (Fate/Grand Order)]-[いけちか (池下真上)]-[['同人', '短篇', 'Fate']]-[total_pages:28]
2026-06-20 00:22:19 - mkk_pika - main.py:49 - INFO - [{'_id': '5b79750a20d65d51ae70fdb1', 'title': '第1集', 'order': 1, 'updated_at': '2018-08-19T05:54:47.999Z', 'id': '5b79750a20d65d51ae70fdb1'}]
2026-06-20 00:22:19 - mkk_pika - database.py:215 - INFO - 第一次下载该漫画，记录数据库中
2026-06-20 00:22:19 - mkk_pika - main.py:83 - INFO - 找到 28 张图片在:第1集
2026-06-20 00:22:20 - mkk_pika - main.py:112 - INFO - [episode:第1集       ] downloaded:    28, total:  28, progress:100%
2026-06-20 00:22:20 - mkk_pika - database.py:238 - INFO - 数据库更新已下载章节
2026-06-20 00:22:20 - mkk_pika - database.py:244 - INFO - 该漫画已下载章节如下
2026-06-20 00:22:20 - mkk_pika - database.py:245 - INFO - ['第1集']
2026-06-20 00:22:21 - mkk_pika - main.py:348 - INFO - ==================== 漫画信息 ====================
                                   漫画ID：5b79750a20d65d51ae70fdb0
                                   标题：(C94) 絶対敗北邪ンヌちゃん！！ (Fate/Grand Order)
                                   作者：いけちか (池下真上)
                                   是否完结：是
                                   总页数：28
                                   分类：同人,短篇,Fate
                                   章节数：1
                                   最后更新时间：2018-08-19T13:47:54.841Z
                                   =================================================
2026-06-20 00:22:21 - mkk_pika - database.py:101 - INFO - 保存成功：(C94) 絶対敗北邪ンヌちゃん！！ (Fate/Grand Order)
2026-06-20 00:22:21 - mkk_pika - main.py:35 - INFO - 开始检查あまあまんじる | 甜甜蜜蜜美鮑汁是否存在未下载章节
2026-06-20 00:22:22 - mkk_pika - main.py:45 - INFO - 正在下载:[あまあまんじる | 甜甜蜜蜜美鮑汁]-[桃色卍流]-[['長篇', '單行本']]-[total_pages:185]
2026-06-20 00:22:22 - mkk_pika - main.py:49 - INFO - [{'_id': '5b79751784d29a65a1f0290a', 'title': '第1集', 'order': 1, 'updated_at': '2018-08-19T06:13:56.564Z', 'id': '5b79751784d29a65a1f0290a'}]
2026-06-20 00:22:22 - mkk_pika - database.py:215 - INFO - 第一次下载该漫画，记录数据库中
2026-06-20 00:22:24 - mkk_pika - main.py:83 - INFO - 找到 185 张图片在:第1集
2026-06-20 00:22:28 - mkk_pika - main.py:112 - INFO - [episode:第1集       ] downloaded:   185, total: 185, progress:100%
2026-06-20 00:22:28 - mkk_pika - database.py:238 - INFO - 数据库更新已下载章节
2026-06-20 00:22:28 - mkk_pika - database.py:244 - INFO - 该漫画已下载章节如下
2026-06-20 00:22:28 - mkk_pika - database.py:245 - INFO - ['第1集']
2026-06-20 00:22:29 - mkk_pika - main.py:348 - INFO - ==================== 漫画信息 ====================
                                   漫画ID：5b79751784d29a65a1f02909
                                   标题：あまあまんじる | 甜甜蜜蜜美鮑汁
                                   作者：桃色卍流
                                   是否完结：是
                                   总页数：185
                                   分类：長篇,單行本
                                   章节数：1
                                   最后更新时间：2018-08-19T13:48:07.312Z
                                   =================================================
2026-06-20 00:22:29 - mkk_pika - database.py:101 - INFO - 保存成功：あまあまんじる | 甜甜蜜蜜美鮑汁
2026-06-20 00:22:29 - mkk_pika - main.py:35 - INFO - 开始检查少女神是否存在未下载章节
2026-06-20 00:22:30 - mkk_pika - main.py:45 - INFO - 正在下载:[少女神]-[山崎かずま]-[['長篇', '單行本']]-[total_pages:243]
2026-06-20 00:22:30 - mkk_pika - main.py:49 - INFO - [{'_id': '5b7975acc09fb8517dd45c80', 'title': '第1集', 'order': 1, 'updated_at': '2018-08-19T11:51:13.486Z', 'id': '5b7975acc09fb8517dd45c80'}]
2026-06-20 00:22:30 - mkk_pika - database.py:215 - INFO - 第一次下载该漫画，记录数据库中
2026-06-20 00:22:32 - mkk_pika - main.py:83 - INFO - 找到 243 张图片在:第1集
2026-06-20 00:22:38 - mkk_pika - main.py:112 - INFO - [episode:第1集       ] downloaded:   243, total: 243, progress:100%
2026-06-20 00:22:38 - mkk_pika - database.py:238 - INFO - 数据库更新已下载章节
2026-06-20 00:22:38 - mkk_pika - database.py:244 - INFO - 该漫画已下载章节如下
2026-06-20 00:22:38 - mkk_pika - database.py:245 - INFO - ['第1集']
2026-06-20 00:22:39 - mkk_pika - main.py:348 - INFO - ==================== 漫画信息 ====================
                                   漫画ID：5b7975abc09fb8517dd45c7f
                                   标题：少女神
                                   作者：山崎かずま
                                   是否完结：是
                                   总页数：243
                                   分类：長篇,單行本
                                   章节数：1
                                   最后更新时间：2018-08-19T13:50:35.995Z
                                   =================================================
2026-06-20 00:22:39 - mkk_pika - database.py:101 - INFO - 保存成功：少女神
2026-06-20 00:22:39 - mkk_pika - main.py:35 - INFO - 开始检查(c77)まよい・コンダラ是否存在未下载章节
2026-06-20 00:22:40 - mkk_pika - main.py:45 - INFO - 正在下载:[(c77)まよい・コンダラ]-[犬江しんすけ]-[['同人', '短篇', '後宮閃光', '妹妹系']]-[total_pages:19]
2026-06-20 00:22:40 - mkk_pika - main.py:49 - INFO - [{'_id': '5b7a6cd9836a6151858cd528', 'title': '第1集', 'order': 1, 'updated_at': '2018-08-19T11:52:26.373Z', 'id': '5b7a6cd9836a6151858cd528'}]
2026-06-20 00:22:40 - mkk_pika - database.py:215 - INFO - 第一次下载该漫画，记录数据库中
2026-06-20 00:22:40 - mkk_pika - main.py:83 - INFO - 找到 22 张图片在:第1集
2026-06-20 00:22:41 - mkk_pika - main.py:112 - INFO - [episode:第1集       ] downloaded:    22, total:  22, progress:100%
2026-06-20 00:22:41 - mkk_pika - database.py:238 - INFO - 数据库更新已下载章节
2026-06-20 00:22:41 - mkk_pika - database.py:244 - INFO - 该漫画已下载章节如下
2026-06-20 00:22:41 - mkk_pika - database.py:245 - INFO - ['第1集']
2026-06-20 00:22:42 - mkk_pika - main.py:348 - INFO - ==================== 漫画信息 ====================
                                   漫画ID：5b7a6cd9836a6151858cd527
                                   标题：(c77)まよい・コンダラ
                                   作者：犬江しんすけ
                                   是否完结：否
                                   总页数：19
                                   分类：同人,短篇,後宮閃光,妹妹系
                                   章节数：1
                                   最后更新时间：2018-08-20T07:25:13.186Z
                                   =================================================
2026-06-20 00:22:42 - mkk_pika - database.py:101 - INFO - 保存成功：(c77)まよい・コンダラ
2026-06-20 00:22:42 - mkk_pika - main.py:35 - INFO - 开始检查(C89)Nazarick Biyori | 納薩力克日常 (Overlord) 是否存在未下载章节
2026-06-20 00:22:43 - mkk_pika - main.py:45 - INFO - 正在下载:[(C89)Nazarick Biyori | 納薩力克日常 (Overlord) ]-[Rurunoya (Rurukichi)]-[['同人']]-[total_pages:37]
2026-06-20 00:22:43 - mkk_pika - main.py:49 - INFO - [{'_id': '5b7a800620d65d51ae7104a9', 'title': '第1集', 'order': 1, 'updated_at': '2018-08-19T15:13:46.525Z', 'id': '5b7a800620d65d51ae7104a9'}]
2026-06-20 00:22:43 - mkk_pika - database.py:215 - INFO - 第一次下载该漫画，记录数据库中
2026-06-20 00:22:43 - mkk_pika - main.py:83 - INFO - 找到 37 张图片在:第1集
2026-06-20 00:22:44 - mkk_pika - main.py:112 - INFO - [episode:第1集       ] downloaded:    37, total:  37, progress:100%
2026-06-20 00:22:44 - mkk_pika - database.py:238 - INFO - 数据库更新已下载章节
2026-06-20 00:22:44 - mkk_pika - database.py:244 - INFO - 该漫画已下载章节如下
2026-06-20 00:22:44 - mkk_pika - database.py:245 - INFO - ['第1集']
2026-06-20 00:22:45 - mkk_pika - main.py:348 - INFO - ==================== 漫画信息 ====================
                                   漫画ID：5b7a800620d65d51ae7104a8
                                   标题：(C89)Nazarick Biyori | 納薩力克日常 (Overlord) 
                                   作者：Rurunoya (Rurukichi)
                                   是否完结：否
                                   总页数：37
                                   分类：同人
                                   章节数：1
                                   最后更新时间：2018-08-20T08:47:02.337Z
                                   =================================================
2026-06-20 00:22:45 - mkk_pika - database.py:101 - INFO - 保存成功：(C89)Nazarick Biyori | 納薩力克日常 (Overlord) 
2026-06-20 00:22:45 - mkk_pika - main.py:35 - INFO - 开始检查天才美少女錬金術師の日常 (グランブルーファンタジー)是否存在未下载章节
2026-06-20 00:22:46 - mkk_pika - main.py:45 - INFO - 正在下载:[天才美少女錬金術師の日常 (グランブルーファンタジー)]-[いもむや本舗 - Singleton (あずまゆき)]-[['嗶咔漢化', '同人', '短篇', '碧藍幻想', '足の恋']]-[total_pages:28]
2026-06-20 00:22:46 - mkk_pika - main.py:49 - INFO - [{'_id': '5b7a802996b0861cf5084fdb', 'title': '第1集', 'order': 1, 'updated_at': '2018-08-19T18:10:25.206Z', 'id': '5b7a802996b0861cf5084fdb'}]
2026-06-20 00:22:46 - mkk_pika - database.py:215 - INFO - 第一次下载该漫画，记录数据库中
2026-06-20 00:22:46 - mkk_pika - main.py:83 - INFO - 找到 28 张图片在:第1集
2026-06-20 00:22:47 - mkk_pika - main.py:112 - INFO - [episode:第1集       ] downloaded:    28, total:  28, progress:100%
2026-06-20 00:22:47 - mkk_pika - database.py:238 - INFO - 数据库更新已下载章节
2026-06-20 00:22:47 - mkk_pika - database.py:244 - INFO - 该漫画已下载章节如下
2026-06-20 00:22:47 - mkk_pika - database.py:245 - INFO - ['第1集']
2026-06-20 00:22:48 - mkk_pika - main.py:348 - INFO - ==================== 漫画信息 ====================
                                   漫画ID：5b7a802996b0861cf5084fda
                                   标题：天才美少女錬金術師の日常 (グランブルーファンタジー)
                                   作者：いもむや本舗 - Singleton (あずまゆき)
                                   是否完结：是
                                   总页数：28
                                   分类：嗶咔漢化,同人,短篇,碧藍幻想,足の恋
                                   章节数：1
                                   最后更新时间：2018-08-20T08:47:37.790Z
                                   =================================================
2026-06-20 00:22:48 - mkk_pika - database.py:101 - INFO - 保存成功：天才美少女錬金術師の日常 (グランブルーファンタジー)
2026-06-20 00:22:48 - mkk_pika - main.py:35 - INFO - 开始检查たくじ本 2018なつ (THE iDOLM@STER : Shiny Colors)是否存在未下载章节
2026-06-20 00:22:49 - mkk_pika - main.py:45 - INFO - 正在下载:[たくじ本 2018なつ (THE iDOLM@STER : Shiny Colors)]-[Number2 (たくじ)]-[['同人', '短篇']]-[total_pages:10]
2026-06-20 00:22:49 - mkk_pika - main.py:49 - INFO - [{'_id': '5b7a803120d65d51ae7104d2', 'title': '第1集', 'order': 1, 'updated_at': '2018-08-19T18:17:30.904Z', 'id': '5b7a803120d65d51ae7104d2'}]
2026-06-20 00:22:49 - mkk_pika - database.py:215 - INFO - 第一次下载该漫画，记录数据库中
2026-06-20 00:22:49 - mkk_pika - main.py:83 - INFO - 找到 10 张图片在:第1集
2026-06-20 00:22:50 - mkk_pika - main.py:112 - INFO - [episode:第1集       ] downloaded:    10, total:  10, progress:100%
2026-06-20 00:22:50 - mkk_pika - database.py:238 - INFO - 数据库更新已下载章节
2026-06-20 00:22:50 - mkk_pika - database.py:244 - INFO - 该漫画已下载章节如下
2026-06-20 00:22:50 - mkk_pika - database.py:245 - INFO - ['第1集']
2026-06-20 00:22:51 - mkk_pika - main.py:348 - INFO - ==================== 漫画信息 ====================
                                   漫画ID：5b7a803120d65d51ae7104d1
                                   标题：たくじ本 2018なつ (THE iDOLM@STER : Shiny Colors)
                                   作者：Number2 (たくじ)
                                   是否完结：是
                                   总页数：10
                                   分类：同人,短篇
                                   章节数：1
                                   最后更新时间：2018-08-20T08:47:45.840Z
                                   =================================================
2026-06-20 00:22:51 - mkk_pika - database.py:101 - INFO - 保存成功：たくじ本 2018なつ (THE iDOLM@STER : Shiny Colors)
2026-06-20 00:22:51 - mkk_pika - main.py:35 - INFO - 开始检查プライベート・アキヤマ3 (Girls und Panzer)是否存在未下载章节
2026-06-20 00:22:51 - mkk_pika - main.py:45 - INFO - 正在下载:[プライベート・アキヤマ3 (Girls und Panzer)]-[カムリズム (鬼頭サケル)]-[['同人', '短篇', '強暴']]-[total_pages:39]
2026-06-20 00:22:51 - mkk_pika - main.py:49 - INFO - [{'_id': '5b7a803b6e7bfc14ebc58d73', 'title': '第1集', 'order': 1, 'updated_at': '2018-08-19T18:22:58.423Z', 'id': '5b7a803b6e7bfc14ebc58d73'}]
2026-06-20 00:22:51 - mkk_pika - database.py:215 - INFO - 第一次下载该漫画，记录数据库中
2026-06-20 00:22:52 - mkk_pika - main.py:83 - INFO - 找到 39 张图片在:第1集
2026-06-20 00:22:53 - mkk_pika - main.py:112 - INFO - [episode:第1集       ] downloaded:    39, total:  39, progress:100%
2026-06-20 00:22:53 - mkk_pika - database.py:238 - INFO - 数据库更新已下载章节
2026-06-20 00:22:53 - mkk_pika - database.py:244 - INFO - 该漫画已下载章节如下
2026-06-20 00:22:53 - mkk_pika - database.py:245 - INFO - ['第1集']
2026-06-20 00:22:54 - mkk_pika - main.py:348 - INFO - ==================== 漫画信息 ====================
                                   漫画ID：5b7a803b6e7bfc14ebc58d72
                                   标题：プライベート・アキヤマ3 (Girls und Panzer)
                                   作者：カムリズム (鬼頭サケル)
                                   是否完结：是
                                   总页数：39
                                   分类：同人,短篇,強暴
                                   章节数：1
                                   最后更新时间：2018-08-20T08:47:55.262Z
                                   =================================================
2026-06-20 00:22:54 - mkk_pika - database.py:101 - INFO - 保存成功：プライベート・アキヤマ3 (Girls und Panzer)
2026-06-20 00:22:54 - mkk_pika - main.py:35 - INFO - 开始检查キミは憧れのたわわ (月曜日のたわわ)是否存在未下载章节
2026-06-20 00:22:55 - mkk_pika - main.py:45 - INFO - 正在下载:[キミは憧れのたわわ (月曜日のたわわ)]-[ぽぽちち (八尋ぽち)]-[['同人', '短篇', '純愛']]-[total_pages:28]
2026-06-20 00:22:55 - mkk_pika - main.py:49 - INFO - [{'_id': '5b7a8045c6daac1cc7229b31', 'title': '第1集', 'order': 1, 'updated_at': '2018-08-19T18:36:57.421Z', 'id': '5b7a8045c6daac1cc7229b31'}]
2026-06-20 00:22:55 - mkk_pika - database.py:215 - INFO - 第一次下载该漫画，记录数据库中
2026-06-20 00:22:55 - mkk_pika - main.py:83 - INFO - 找到 28 张图片在:第1集
2026-06-20 00:22:56 - mkk_pika - main.py:112 - INFO - [episode:第1集       ] downloaded:    28, total:  28, progress:100%
2026-06-20 00:22:56 - mkk_pika - database.py:238 - INFO - 数据库更新已下载章节
2026-06-20 00:22:56 - mkk_pika - database.py:244 - INFO - 该漫画已下载章节如下
2026-06-20 00:22:56 - mkk_pika - database.py:245 - INFO - ['第1集']
2026-06-20 00:22:57 - mkk_pika - main.py:348 - INFO - ==================== 漫画信息 ====================
                                   漫画ID：5b7a8045c6daac1cc7229b30
                                   标题：キミは憧れのたわわ (月曜日のたわわ)
                                   作者：ぽぽちち (八尋ぽち)
                                   是否完结：否
                                   总页数：28
                                   分类：同人,短篇,純愛
                                   章节数：1
                                   最后更新时间：2018-08-20T08:48:05.477Z
                                   =================================================
2026-06-20 00:22:57 - mkk_pika - database.py:101 - INFO - 保存成功：キミは憧れのたわわ (月曜日のたわわ)
2026-06-20 00:22:57 - mkk_pika - main.py:35 - INFO - 开始检查Pharah Superslut(Overwatch)是否存在未下载章节
2026-06-20 00:22:58 - mkk_pika - main.py:45 - INFO - 正在下载:[Pharah Superslut(Overwatch)]-[DevilHS]-[['全彩', '短篇', '同人']]-[total_pages:53]
2026-06-20 00:22:58 - mkk_pika - main.py:49 - INFO - [{'_id': '5b7a8056371fc31cbf227207', 'title': '第1集', 'order': 1, 'updated_at': '2018-08-18T11:08:00.155Z', 'id': '5b7a8056371fc31cbf227207'}]
2026-06-20 00:22:58 - mkk_pika - database.py:215 - INFO - 第一次下载该漫画，记录数据库中
2026-06-20 00:22:59 - mkk_pika - main.py:83 - INFO - 找到 53 张图片在:第1集
2026-06-20 00:23:00 - mkk_pika - main.py:112 - INFO - [episode:第1集       ] downloaded:    53, total:  53, progress:100%
2026-06-20 00:23:00 - mkk_pika - database.py:238 - INFO - 数据库更新已下载章节
2026-06-20 00:23:00 - mkk_pika - database.py:244 - INFO - 该漫画已下载章节如下
2026-06-20 00:23:00 - mkk_pika - database.py:245 - INFO - ['第1集']
2026-06-20 00:23:01 - mkk_pika - main.py:348 - INFO - ==================== 漫画信息 ====================
                                   漫画ID：5b7a8056371fc31cbf227206
                                   标题：Pharah Superslut(Overwatch)
                                   作者：DevilHS
                                   是否完结：是
                                   总页数：53
                                   分类：全彩,短篇,同人
                                   章节数：1
                                   最后更新时间：2018-08-20T08:48:22.289Z
                                   =================================================
2026-06-20 00:23:01 - mkk_pika - database.py:101 - INFO - 保存成功：Pharah Superslut(Overwatch)
2026-06-20 00:23:01 - mkk_pika - main.py:35 - INFO - 开始检查Tales of Bal'Rana-Crossed and Boned是否存在未下载章节
2026-06-20 00:23:01 - mkk_pika - main.py:45 - INFO - 正在下载:[Tales of Bal'Rana-Crossed and Boned]-[r_ex]-[['全彩', '短篇', '強暴', '非人類']]-[total_pages:14]
2026-06-20 00:23:01 - mkk_pika - main.py:49 - INFO - [{'_id': '5b7a806320d65d51ae7104f2', 'title': '第1集', 'order': 1, 'updated_at': '2018-08-18T14:19:40.181Z', 'id': '5b7a806320d65d51ae7104f2'}]
2026-06-20 00:23:01 - mkk_pika - database.py:215 - INFO - 第一次下载该漫画，记录数据库中
2026-06-20 00:23:02 - mkk_pika - main.py:83 - INFO - 找到 18 张图片在:第1集
2026-06-20 00:23:03 - mkk_pika - main.py:112 - INFO - [episode:第1集       ] downloaded:    18, total:  18, progress:100%
2026-06-20 00:23:03 - mkk_pika - database.py:238 - INFO - 数据库更新已下载章节
2026-06-20 00:23:03 - mkk_pika - database.py:244 - INFO - 该漫画已下载章节如下
2026-06-20 00:23:03 - mkk_pika - database.py:245 - INFO - ['第1集']
2026-06-20 00:23:04 - mkk_pika - main.py:348 - INFO - ==================== 漫画信息 ====================
                                   漫画ID：5b7a806320d65d51ae7104f1
                                   标题：Tales of Bal'Rana-Crossed and Boned
                                   作者：r_ex
                                   是否完结：是
                                   总页数：14
                                   分类：全彩,短篇,強暴,非人類
                                   章节数：1
                                   最后更新时间：2018-08-20T08:48:35.820Z
                                   =================================================
2026-06-20 00:23:04 - mkk_pika - database.py:101 - INFO - 保存成功：Tales of Bal'Rana-Crossed and Boned
2026-06-20 00:23:04 - mkk_pika - main.py:35 - INFO - 开始检查ちゅうちゅうたこかいな是否存在未下载章节
2026-06-20 00:23:04 - mkk_pika - main.py:45 - INFO - 正在下载:[ちゅうちゅうたこかいな]-[ハイスイノ陣 (鳴湖)]-[['同人', '短篇', 'Fate']]-[total_pages:24]
2026-06-20 00:23:04 - mkk_pika - main.py:49 - INFO - [{'_id': '5b7a80a12b6d251cfc97d91e', 'title': '第1集', 'order': 1, 'updated_at': '2018-08-19T14:10:50.426Z', 'id': '5b7a80a12b6d251cfc97d91e'}]
2026-06-20 00:23:04 - mkk_pika - database.py:215 - INFO - 第一次下载该漫画，记录数据库中
2026-06-20 00:23:05 - mkk_pika - main.py:83 - INFO - 找到 24 张图片在:第1集
2026-06-20 00:23:05 - mkk_pika - main.py:112 - INFO - [episode:第1集       ] downloaded:    24, total:  24, progress:100%
2026-06-20 00:23:05 - mkk_pika - database.py:238 - INFO - 数据库更新已下载章节
2026-06-20 00:23:05 - mkk_pika - database.py:244 - INFO - 该漫画已下载章节如下
2026-06-20 00:23:05 - mkk_pika - database.py:245 - INFO - ['第1集']
2026-06-20 00:23:07 - mkk_pika - main.py:348 - INFO - ==================== 漫画信息 ====================
                                   漫画ID：5b7a80a12b6d251cfc97d91d
                                   标题：ちゅうちゅうたこかいな
                                   作者：ハイスイノ陣 (鳴湖)
                                   是否完结：否
                                   总页数：24
                                   分类：同人,短篇,Fate
                                   章节数：1
                                   最后更新时间：2018-08-20T08:49:37.931Z
                                   =================================================
2026-06-20 00:23:07 - mkk_pika - database.py:101 - INFO - 保存成功：ちゅうちゅうたこかいな
2026-06-20 00:23:07 - mkk_pika - main.py:35 - INFO - 开始检查Tales of Laquadia-An Old Friend是否存在未下载章节
2026-06-20 00:23:07 - mkk_pika - main.py:45 - INFO - 正在下载:[Tales of Laquadia-An Old Friend]-[Gabe]-[['全彩', '短篇', '非人類', '強暴']]-[total_pages:11]
2026-06-20 00:23:07 - mkk_pika - main.py:49 - INFO - [{'_id': '5b7a80dd377018153b707b57', 'title': '第1集', 'order': 1, 'updated_at': '2018-08-18T11:49:04.959Z', 'id': '5b7a80dd377018153b707b57'}]
2026-06-20 00:23:07 - mkk_pika - database.py:215 - INFO - 第一次下载该漫画，记录数据库中
2026-06-20 00:23:08 - mkk_pika - main.py:83 - INFO - 找到 13 张图片在:第1集
2026-06-20 00:23:08 - mkk_pika - main.py:112 - INFO - [episode:第1集       ] downloaded:    13, total:  13, progress:100%
2026-06-20 00:23:08 - mkk_pika - database.py:238 - INFO - 数据库更新已下载章节
2026-06-20 00:23:08 - mkk_pika - database.py:244 - INFO - 该漫画已下载章节如下
2026-06-20 00:23:08 - mkk_pika - database.py:245 - INFO - ['第1集']
2026-06-20 00:23:09 - mkk_pika - main.py:348 - INFO - ==================== 漫画信息 ====================
                                   漫画ID：5b7a80dd377018153b707b56
                                   标题：Tales of Laquadia-An Old Friend
                                   作者：Gabe
                                   是否完结：是
                                   总页数：11
                                   分类：全彩,短篇,非人類,強暴
                                   章节数：1
                                   最后更新时间：2018-08-20T08:50:37.899Z
                                   =================================================
2026-06-20 00:23:09 - mkk_pika - database.py:101 - INFO - 保存成功：Tales of Laquadia-An Old Friend
2026-06-20 00:23:09 - mkk_pika - main.py:35 - INFO - 开始检查死シテ寝取ラレ是否存在未下载章节
2026-06-20 00:23:10 - mkk_pika - main.py:45 - INFO - 正在下载:[死シテ寝取ラレ]-[スルメニウム (谷口大介)]-[['全彩', '短篇', 'NTR']]-[total_pages:55]
2026-06-20 00:23:10 - mkk_pika - main.py:49 - INFO - [{'_id': '5b7a81384793a714f19974b9', 'title': '第1集', 'order': 1, 'updated_at': '2018-08-20T05:39:29.147Z', 'id': '5b7a81384793a714f19974b9'}]
2026-06-20 00:23:10 - mkk_pika - database.py:215 - INFO - 第一次下载该漫画，记录数据库中
2026-06-20 00:23:11 - mkk_pika - main.py:83 - INFO - 找到 55 张图片在:第1集
2026-06-20 00:23:12 - mkk_pika - main.py:112 - INFO - [episode:第1集       ] downloaded:    55, total:  55, progress:100%
2026-06-20 00:23:12 - mkk_pika - database.py:238 - INFO - 数据库更新已下载章节
2026-06-20 00:23:12 - mkk_pika - database.py:244 - INFO - 该漫画已下载章节如下
2026-06-20 00:23:12 - mkk_pika - database.py:245 - INFO - ['第1集']
2026-06-20 00:23:14 - mkk_pika - main.py:348 - INFO - ==================== 漫画信息 ====================
                                   漫画ID：5b7a81384793a714f19974b8
                                   标题：死シテ寝取ラレ
                                   作者：スルメニウム (谷口大介)
                                   是否完结：是
                                   总页数：55
                                   分类：全彩,短篇,NTR
                                   章节数：1
                                   最后更新时间：2018-08-20T08:52:08.653Z
                                   =================================================
2026-06-20 00:23:14 - mkk_pika - database.py:101 - INFO - 保存成功：死シテ寝取ラレ
2026-06-20 00:23:14 - mkk_pika - main.py:35 - INFO - 开始检查結婚衣装で新婚初夜是否存在未下载章节
2026-06-20 00:23:14 - mkk_pika - main.py:45 - INFO - 正在下载:[結婚衣装で新婚初夜]-[空色れん]-[['同人', '短篇', '純愛']]-[total_pages:23]
2026-06-20 00:23:14 - mkk_pika - main.py:49 - INFO - [{'_id': '5b7aef0a20d65d51ae710886', 'title': '第1集', 'order': 1, 'updated_at': '2018-08-20T15:28:21.762Z', 'id': '5b7aef0a20d65d51ae710886'}]
2026-06-20 00:23:14 - mkk_pika - database.py:215 - INFO - 第一次下载该漫画，记录数据库中
2026-06-20 00:23:15 - mkk_pika - main.py:83 - INFO - 找到 23 张图片在:第1集
2026-06-20 00:23:15 - mkk_pika - main.py:112 - INFO - [episode:第1集       ] downloaded:    23, total:  23, progress:100%
2026-06-20 00:23:15 - mkk_pika - database.py:238 - INFO - 数据库更新已下载章节
2026-06-20 00:23:15 - mkk_pika - database.py:244 - INFO - 该漫画已下载章节如下
2026-06-20 00:23:15 - mkk_pika - database.py:245 - INFO - ['第1集']
2026-06-20 00:23:16 - mkk_pika - main.py:348 - INFO - ==================== 漫画信息 ====================
                                   漫画ID：5b7aef0a20d65d51ae710885
                                   标题：結婚衣装で新婚初夜
                                   作者：空色れん
                                   是否完结：是
                                   总页数：23
                                   分类：同人,短篇,純愛
                                   章节数：1
                                   最后更新时间：2018-08-20T16:40:42.515Z
                                   =================================================
2026-06-20 00:23:16 - mkk_pika - database.py:101 - INFO - 保存成功：結婚衣装で新婚初夜
2026-06-20 00:23:16 - mkk_pika - main.py:35 - INFO - 开始检查 (C94)  Buster chain (Fate Grand Order)是否存在未下载章节
2026-06-20 00:23:17 - mkk_pika - main.py:45 - INFO - 正在下载:[ (C94)  Buster chain (Fate Grand Order)]-[FULLMETAL MADNESS (旭)]-[['短篇', '同人', 'Fate']]-[total_pages:35]
2026-06-20 00:23:17 - mkk_pika - main.py:49 - INFO - [{'_id': '5b7aef2887d16b51c3c60b26', 'title': '第1集', 'order': 1, 'updated_at': '2018-08-20T16:28:11.488Z', 'id': '5b7aef2887d16b51c3c60b26'}]
2026-06-20 00:23:17 - mkk_pika - database.py:215 - INFO - 第一次下载该漫画，记录数据库中
2026-06-20 00:23:17 - mkk_pika - main.py:83 - INFO - 找到 35 张图片在:第1集
2026-06-20 00:23:18 - mkk_pika - main.py:112 - INFO - [episode:第1集       ] downloaded:    35, total:  35, progress:100%
2026-06-20 00:23:18 - mkk_pika - database.py:238 - INFO - 数据库更新已下载章节
2026-06-20 00:23:18 - mkk_pika - database.py:244 - INFO - 该漫画已下载章节如下
2026-06-20 00:23:18 - mkk_pika - database.py:245 - INFO - ['第1集']
2026-06-20 00:23:20 - mkk_pika - main.py:348 - INFO - ==================== 漫画信息 ====================
                                   漫画ID：5b7aef2887d16b51c3c60b25
                                   标题： (C94)  Buster chain (Fate Grand Order)
                                   作者：FULLMETAL MADNESS (旭)
                                   是否完结：否
                                   总页数：35
                                   分类：短篇,同人,Fate
                                   章节数：1
                                   最后更新时间：2018-08-20T16:41:12.620Z
                                   =================================================
2026-06-20 00:23:20 - mkk_pika - database.py:101 - INFO - 保存成功： (C94)  Buster chain (Fate Grand Order)
2026-06-20 00:23:20 - mkk_pika - main.py:35 - INFO - 开始检查 (C94) りゅうおうのきゅうじつ・裏 (りゅうおうのおしごと!)是否存在未下载章节
2026-06-20 00:23:20 - mkk_pika - main.py:45 - INFO - 正在下载:[ (C94) りゅうおうのきゅうじつ・裏 (りゅうおうのおしごと!)]-[ サークルフィオレ (えかきびと)]-[['短篇', '同人']]-[total_pages:43]
2026-06-20 00:23:20 - mkk_pika - main.py:49 - INFO - [{'_id': '5b7aef5220d65d51ae7108a1', 'title': '将军', 'order': 1, 'updated_at': '2018-08-20T16:37:57.380Z', 'id': '5b7aef5220d65d51ae7108a1'}]
2026-06-20 00:23:20 - mkk_pika - database.py:215 - INFO - 第一次下载该漫画，记录数据库中
2026-06-20 00:23:21 - mkk_pika - main.py:83 - INFO - 找到 43 张图片在:将军
2026-06-20 00:23:22 - mkk_pika - main.py:112 - INFO - [episode:将军        ] downloaded:    43, total:  43, progress:100%
2026-06-20 00:23:22 - mkk_pika - database.py:238 - INFO - 数据库更新已下载章节
2026-06-20 00:23:22 - mkk_pika - database.py:244 - INFO - 该漫画已下载章节如下
2026-06-20 00:23:22 - mkk_pika - database.py:245 - INFO - ['将军']
2026-06-20 00:23:23 - mkk_pika - main.py:348 - INFO - ==================== 漫画信息 ====================
                                   漫画ID：5b7aef5220d65d51ae7108a0
                                   标题： (C94) りゅうおうのきゅうじつ・裏 (りゅうおうのおしごと!)
                                   作者： サークルフィオレ (えかきびと)
                                   是否完结：否
                                   总页数：43
                                   分类：短篇,同人
                                   章节数：1
                                   最后更新时间：2018-08-20T16:41:54.108Z
                                   =================================================
2026-06-20 00:23:23 - mkk_pika - database.py:101 - INFO - 保存成功： (C94) りゅうおうのきゅうじつ・裏 (りゅうおうのおしごと!)
2026-06-20 00:23:23 - mkk_pika - main.py:35 - INFO - 开始检查笑顔を咲かせて 笑容綻放開來了[无修版]是否存在未下载章节
2026-06-20 00:23:24 - mkk_pika - main.py:45 - INFO - 正在下载:[笑顔を咲かせて 笑容綻放開來了[无修版]]-[あきのそら]-[['長篇', '純愛', 'NTR']]-[total_pages:210]
2026-06-20 00:23:24 - mkk_pika - main.py:49 - INFO - [{'_id': '5b7aef9687d16b51c3c60b96', 'title': '第1集', 'order': 1, 'updated_at': '2018-08-20T12:19:01.555Z', 'id': '5b7aef9687d16b51c3c60b96'}]
2026-06-20 00:23:24 - mkk_pika - database.py:215 - INFO - 第一次下载该漫画，记录数据库中
2026-06-20 00:23:26 - mkk_pika - main.py:83 - INFO - 找到 210 张图片在:第1集
2026-06-20 00:23:31 - mkk_pika - main.py:112 - INFO - [episode:第1集       ] downloaded:   210, total: 210, progress:100%
2026-06-20 00:23:31 - mkk_pika - database.py:238 - INFO - 数据库更新已下载章节
2026-06-20 00:23:31 - mkk_pika - database.py:244 - INFO - 该漫画已下载章节如下
2026-06-20 00:23:31 - mkk_pika - database.py:245 - INFO - ['第1集']
2026-06-20 00:23:32 - mkk_pika - main.py:348 - INFO - ==================== 漫画信息 ====================
                                   漫画ID：5b7aef9687d16b51c3c60b95
                                   标题：笑顔を咲かせて 笑容綻放開來了[无修版]
                                   作者：あきのそら
                                   是否完结：是
                                   总页数：210
                                   分类：長篇,純愛,NTR
                                   章节数：1
                                   最后更新时间：2018-08-20T16:43:02.316Z
                                   =================================================
2026-06-20 00:23:32 - mkk_pika - database.py:101 - INFO - 保存成功：笑顔を咲かせて 笑容綻放開來了[无修版]
2026-06-20 00:23:32 - mkk_pika - main.py:35 - INFO - 开始检查赤い糸が繋がるあなたとキスがしたい。 很想要和紅細繩相繫的妳親吻擁抱一下。是否存在未下载章节
2026-06-20 00:23:33 - mkk_pika - main.py:45 - INFO - 正在下载:[赤い糸が繋がるあなたとキスがしたい。 很想要和紅細繩相繫的妳親吻擁抱一下。]-[カスガソウイチ]-[['長篇', '純愛', '單行本']]-[total_pages:222]
2026-06-20 00:23:33 - mkk_pika - main.py:49 - INFO - [{'_id': '5b7af10e96b0861cf5085269', 'title': '第1集', 'order': 1, 'updated_at': '2018-08-20T13:00:59.433Z', 'id': '5b7af10e96b0861cf5085269'}]
2026-06-20 00:23:33 - mkk_pika - database.py:215 - INFO - 第一次下载该漫画，记录数据库中
2026-06-20 00:23:35 - mkk_pika - main.py:83 - INFO - 找到 222 张图片在:第1集
2026-06-20 00:23:40 - mkk_pika - main.py:112 - INFO - [episode:第1集       ] downloaded:   222, total: 222, progress:100%
2026-06-20 00:23:40 - mkk_pika - database.py:238 - INFO - 数据库更新已下载章节
2026-06-20 00:23:40 - mkk_pika - database.py:244 - INFO - 该漫画已下载章节如下
2026-06-20 00:23:40 - mkk_pika - database.py:245 - INFO - ['第1集']
2026-06-20 00:23:41 - mkk_pika - main.py:348 - INFO - ==================== 漫画信息 ====================
                                   漫画ID：5b7af10e96b0861cf5085268
                                   标题：赤い糸が繋がるあなたとキスがしたい。 很想要和紅細繩相繫的妳親吻擁抱一下。
                                   作者：カスガソウイチ
                                   是否完结：是
                                   总页数：222
                                   分类：長篇,純愛,單行本
                                   章节数：1
                                   最后更新时间：2018-08-20T16:49:18.156Z
                                   =================================================
2026-06-20 00:23:41 - mkk_pika - database.py:101 - INFO - 保存成功：赤い糸が繋がるあなたとキスがしたい。 很想要和紅細繩相繫的妳親吻擁抱一下。
2026-06-20 00:23:41 - mkk_pika - main.py:35 - INFO - 开始检查 (C94)  えるどマリッジ (アズールレーン)是否存在未下载章节
2026-06-20 00:23:42 - mkk_pika - main.py:45 - INFO - 正在下载:[ (C94)  えるどマリッジ (アズールレーン)]-[毛玉牛乳 (玉之けだま)]-[['短篇', '同人', '艦隊收藏']]-[total_pages:28]
2026-06-20 00:23:42 - mkk_pika - main.py:49 - INFO - [{'_id': '5b7bd0e1377018153b707fb2', 'title': '第1集', 'order': 1, 'updated_at': '2018-08-20T16:55:26.442Z', 'id': '5b7bd0e1377018153b707fb2'}]
2026-06-20 00:23:42 - mkk_pika - database.py:215 - INFO - 第一次下载该漫画，记录数据库中
2026-06-20 00:23:42 - mkk_pika - main.py:83 - INFO - 找到 28 张图片在:第1集
2026-06-20 00:23:43 - mkk_pika - main.py:112 - INFO - [episode:第1集       ] downloaded:    28, total:  28, progress:100%
2026-06-20 00:23:43 - mkk_pika - database.py:238 - INFO - 数据库更新已下载章节
2026-06-20 00:23:43 - mkk_pika - database.py:244 - INFO - 该漫画已下载章节如下
2026-06-20 00:23:43 - mkk_pika - database.py:245 - INFO - ['第1集']
2026-06-20 00:23:44 - mkk_pika - main.py:348 - INFO - ==================== 漫画信息 ====================
                                   漫画ID：5b7bd0e1377018153b707fb1
                                   标题： (C94)  えるどマリッジ (アズールレーン)
                                   作者：毛玉牛乳 (玉之けだま)
                                   是否完结：否
                                   总页数：28
                                   分类：短篇,同人,艦隊收藏
                                   章节数：1
                                   最后更新时间：2018-08-21T08:44:17.893Z
                                   =================================================
2026-06-20 00:23:44 - mkk_pika - database.py:101 - INFO - 保存成功： (C94)  えるどマリッジ (アズールレーン)
2026-06-20 00:23:44 - mkk_pika - main.py:35 - INFO - 开始检查猪鹿蝶がそろわな（豬鹿蝶湊不齊）是否存在未下载章节
2026-06-20 00:23:44 - mkk_pika - main.py:45 - INFO - 正在下载:[猪鹿蝶がそろわな（豬鹿蝶湊不齊）]-[逆ダ]-[['短篇', '純愛', '百合花園']]-[total_pages:14]
2026-06-20 00:23:44 - mkk_pika - main.py:49 - INFO - [{'_id': '5b7bd128c09fb8517dd47006', 'title': '第1集', 'order': 1, 'updated_at': '2018-08-21T02:47:46.005Z', 'id': '5b7bd128c09fb8517dd47006'}]
2026-06-20 00:23:44 - mkk_pika - database.py:215 - INFO - 第一次下载该漫画，记录数据库中
2026-06-20 00:23:45 - mkk_pika - main.py:83 - INFO - 找到 14 张图片在:第1集
2026-06-20 00:23:45 - mkk_pika - main.py:112 - INFO - [episode:第1集       ] downloaded:    14, total:  14, progress:100%
2026-06-20 00:23:45 - mkk_pika - database.py:238 - INFO - 数据库更新已下载章节
2026-06-20 00:23:45 - mkk_pika - database.py:244 - INFO - 该漫画已下载章节如下
2026-06-20 00:23:45 - mkk_pika - database.py:245 - INFO - ['第1集']
2026-06-20 00:23:47 - mkk_pika - main.py:348 - INFO - ==================== 漫画信息 ====================
                                   漫画ID：5b7bd128c09fb8517dd47005
                                   标题：猪鹿蝶がそろわな（豬鹿蝶湊不齊）
                                   作者：逆ダ
                                   是否完结：是
                                   总页数：14
                                   分类：短篇,純愛,百合花園
                                   章节数：1
                                   最后更新时间：2018-08-21T08:45:28.199Z
                                   =================================================
2026-06-20 00:23:47 - mkk_pika - database.py:101 - INFO - 保存成功：猪鹿蝶がそろわな（豬鹿蝶湊不齊）
2026-06-20 00:23:47 - mkk_pika - main.py:35 - INFO - 开始检查きれいかわいいかっこいい (アイカツ!) 是否存在未下载章节
2026-06-20 00:23:47 - mkk_pika - main.py:45 - INFO - 正在下载:[きれいかわいいかっこいい (アイカツ!) ]-[天野しゅにんた]-[['同人', '短篇', '純愛', '百合花園']]-[total_pages:45]
2026-06-20 00:23:47 - mkk_pika - main.py:49 - INFO - [{'_id': '5b7bd1784c1322659abef0b8', 'title': '第1集', 'order': 1, 'updated_at': '2018-08-21T03:08:12.885Z', 'id': '5b7bd1784c1322659abef0b8'}]
2026-06-20 00:23:47 - mkk_pika - database.py:215 - INFO - 第一次下载该漫画，记录数据库中
2026-06-20 00:23:48 - mkk_pika - main.py:83 - INFO - 找到 45 张图片在:第1集
2026-06-20 00:23:49 - mkk_pika - main.py:112 - INFO - [episode:第1集       ] downloaded:    45, total:  45, progress:100%
2026-06-20 00:23:49 - mkk_pika - database.py:238 - INFO - 数据库更新已下载章节
2026-06-20 00:23:49 - mkk_pika - database.py:244 - INFO - 该漫画已下载章节如下
2026-06-20 00:23:49 - mkk_pika - database.py:245 - INFO - ['第1集']
2026-06-20 00:23:50 - mkk_pika - main.py:348 - INFO - ==================== 漫画信息 ====================
                                   漫画ID：5b7bd1784c1322659abef0b7
                                   标题：きれいかわいいかっこいい (アイカツ!) 
                                   作者：天野しゅにんた
                                   是否完结：是
                                   总页数：45
                                   分类：同人,短篇,純愛,百合花園
                                   章节数：1
                                   最后更新时间：2018-08-21T08:46:48.826Z
                                   =================================================
2026-06-20 00:23:50 - mkk_pika - database.py:101 - INFO - 保存成功：きれいかわいいかっこいい (アイカツ!) 
2026-06-20 00:23:50 - mkk_pika - main.py:35 - INFO - 开始检查わからないよ!黒川さん是否存在未下载章节
2026-06-20 00:23:51 - mkk_pika - main.py:45 - INFO - 正在下载:[わからないよ!黒川さん]-[オクモト悠太]-[['短篇', '純愛', '姐姐系', '足の恋']]-[total_pages:16]
2026-06-20 00:23:51 - mkk_pika - main.py:49 - INFO - [{'_id': '5b7bd1a06e7bfc14ebc59216', 'title': '第1集', 'order': 1, 'updated_at': '2018-08-21T03:33:43.174Z', 'id': '5b7bd1a06e7bfc14ebc59216'}]
2026-06-20 00:23:51 - mkk_pika - database.py:215 - INFO - 第一次下载该漫画，记录数据库中
2026-06-20 00:23:51 - mkk_pika - main.py:83 - INFO - 找到 16 张图片在:第1集
2026-06-20 00:23:52 - mkk_pika - main.py:112 - INFO - [episode:第1集       ] downloaded:    16, total:  16, progress:100%
2026-06-20 00:23:52 - mkk_pika - database.py:238 - INFO - 数据库更新已下载章节
2026-06-20 00:23:52 - mkk_pika - database.py:244 - INFO - 该漫画已下载章节如下
2026-06-20 00:23:52 - mkk_pika - database.py:245 - INFO - ['第1集']
2026-06-20 00:23:53 - mkk_pika - main.py:348 - INFO - ==================== 漫画信息 ====================
                                   漫画ID：5b7bd1a06e7bfc14ebc59215
                                   标题：わからないよ!黒川さん
                                   作者：オクモト悠太
                                   是否完结：是
                                   总页数：16
                                   分类：短篇,純愛,姐姐系,足の恋
                                   章节数：1
                                   最后更新时间：2018-08-21T08:47:28.685Z
                                   =================================================
2026-06-20 00:23:53 - mkk_pika - database.py:101 - INFO - 保存成功：わからないよ!黒川さん
2026-06-20 00:23:53 - mkk_pika - main.py:380 - INFO - 本次任务下载完毕
2026-06-20 00:23:53 - mkk_pika - database.py:173 - INFO - 数据库连接已关闭
