2025-12-20 07:56:27 - mkk_pika - database.py:15 - INFO - ✅ 自动创建文件夹：./data
2025-12-20 07:56:27 - mkk_pika - database.py:61 - INFO - 表和索引初始化成功
2025-12-20 07:56:27 - mkk_pika - main.py:133 - INFO - 已经累计下载0本漫画
2025-12-20 07:56:28 - mkk_pika - api.py:82 - INFO - 登录成功
2025-12-20 07:56:28 - mkk_pika - main.py:139 - INFO - 收藏夹共计7本漫画
2025-12-20 07:56:29 - mkk_pika - main.py:44 - INFO - 正在下载:[11月のティアドロップafter]-[つかこ]-[['短篇']]-[total_pages:40]
2025-12-20 07:56:29 - mkk_pika - database.py:216 - INFO - 数据库插入该漫画ID
2025-12-20 07:56:29 - mkk_pika - main.py:80 - INFO - 找到 32 张图片在:第1話
2025-12-20 07:56:31 - mkk_pika - main.py:109 - INFO - [episode:第1話       ] downloaded:    32, total:  32, progress:100%
2025-12-20 07:56:31 - mkk_pika - database.py:239 - INFO - 数据库更新已下载章节
2025-12-20 07:56:33 - mkk_pika - main.py:80 - INFO - 找到 8 张图片在:第2話
2025-12-20 07:56:34 - mkk_pika - main.py:109 - INFO - [episode:第2話       ] downloaded:     8, total:   8, progress:100%
2025-12-20 07:56:34 - mkk_pika - database.py:239 - INFO - 数据库更新已下载章节
2025-12-20 07:56:35 - mkk_pika - main.py:161 - INFO - ==================== 漫画信息 ====================
                漫画ID：6940289f636cdc389a6fdf63
                标题：11月のティアドロップafter
                作者：つかこ
                是否完结：是
                总页数：40
                分类：短篇
                章节数：2
                最后更新时间：2025-12-15T15:26:23.339Z
                =================================================
2025-12-20 07:56:35 - mkk_pika - database.py:101 - INFO - 保存成功：11月のティアドロップafter
2025-12-20 07:56:35 - mkk_pika - main.py:44 - INFO - 正在下载:[雷だって甘えたい!]-[五月日和 (あずまさつき)]-[['短篇', '同人', '艦隊收藏']]-[total_pages:45]
2025-12-20 07:56:35 - mkk_pika - database.py:216 - INFO - 数据库插入该漫画ID
2025-12-20 07:56:36 - mkk_pika - main.py:80 - INFO - 找到 22 张图片在:生肉
2025-12-20 07:56:38 - mkk_pika - main.py:109 - INFO - [episode:生肉        ] downloaded:    22, total:  22, progress:100%
2025-12-20 07:56:38 - mkk_pika - database.py:239 - INFO - 数据库更新已下载章节
2025-12-20 07:56:40 - mkk_pika - main.py:80 - INFO - 找到 23 张图片在:熟肉
2025-12-20 07:56:42 - mkk_pika - main.py:109 - INFO - [episode:熟肉        ] downloaded:    23, total:  23, progress:100%
2025-12-20 07:56:42 - mkk_pika - database.py:239 - INFO - 数据库更新已下载章节
2025-12-20 07:56:43 - mkk_pika - main.py:161 - INFO - ==================== 漫画信息 ====================
                漫画ID：64903f198782392d4dcd9f5b
                标题：雷だって甘えたい!
                作者：五月日和 (あずまさつき)
                是否完结：否
                总页数：45
                分类：短篇,同人,艦隊收藏
                章节数：2
                最后更新时间：2025-12-19T15:22:31.931Z
                =================================================
2025-12-20 07:56:43 - mkk_pika - database.py:101 - INFO - 保存成功：雷だって甘えたい!
2025-12-20 07:56:43 - mkk_pika - main.py:44 - INFO - 正在下载:[ユニコーン、ホテルでもがんばるっ (アズールレーン)]-[まえばや (まえ葉)]-[['短篇', '同人']]-[total_pages:28]
2025-12-20 07:56:43 - mkk_pika - database.py:216 - INFO - 数据库插入该漫画ID
2025-12-20 07:56:44 - mkk_pika - main.py:80 - INFO - 找到 28 张图片在:第1話
2025-12-20 07:56:45 - mkk_pika - main.py:109 - INFO - [episode:第1話       ] downloaded:    28, total:  28, progress:100%
2025-12-20 07:56:45 - mkk_pika - database.py:239 - INFO - 数据库更新已下载章节
2025-12-20 07:56:47 - mkk_pika - main.py:161 - INFO - ==================== 漫画信息 ====================
                漫画ID：5e154d017deb19777b3491e9
                标题：ユニコーン、ホテルでもがんばるっ (アズールレーン)
                作者：まえばや (まえ葉)
                是否完结：是
                总页数：28
                分类：短篇,同人
                章节数：1
                最后更新时间：2020-01-08T03:31:13.848Z
                =================================================
2025-12-20 07:56:47 - mkk_pika - database.py:101 - INFO - 保存成功：ユニコーン、ホテルでもがんばるっ (アズールレーン)
2025-12-20 07:56:47 - mkk_pika - main.py:44 - INFO - 正在下载:[なのです！肆 (艦隊これくしょん -艦これ-)]-[チェシャ猫の館、触安 (わざきた、触手さん)]-[['同人', '短篇', '艦隊收藏', '後宮閃光', '妹妹系', '純愛', '全彩']]-[total_pages:40]
2025-12-20 07:56:47 - mkk_pika - database.py:216 - INFO - 数据库插入该漫画ID
2025-12-20 07:56:48 - mkk_pika - main.py:80 - INFO - 找到 20 张图片在:第1話
2025-12-20 07:56:49 - mkk_pika - main.py:109 - INFO - [episode:第1話       ] downloaded:    20, total:  20, progress:100%
2025-12-20 07:56:49 - mkk_pika - database.py:239 - INFO - 数据库更新已下载章节
2025-12-20 07:56:51 - mkk_pika - main.py:161 - INFO - ==================== 漫画信息 ====================
                漫画ID：582188c75f6b9a4f93de4bd1
                标题：なのです！肆 (艦隊これくしょん -艦これ-)
                作者：チェシャ猫の館、触安 (わざきた、触手さん)
                是否完结：是
                总页数：40
                分类：同人,短篇,艦隊收藏,後宮閃光,妹妹系,純愛,全彩
                章节数：1
                最后更新时间：2007-04-11T18:47:29.000Z
                =================================================
2025-12-20 07:56:51 - mkk_pika - database.py:101 - INFO - 保存成功：なのです！肆 (艦隊これくしょん -艦これ-)
2025-12-20 07:56:51 - mkk_pika - main.py:44 - INFO - 正在下载:[(C97)媚熱な天使たち (私に天使が舞い降りた!) [中国翻訳]]-[こつぶあん (凍咲しいな)]-[['短篇', '同人', '純愛', '百合花園', '妹妹系']]-[total_pages:24]
2025-12-20 07:56:51 - mkk_pika - database.py:216 - INFO - 数据库插入该漫画ID
2025-12-20 07:56:51 - mkk_pika - main.py:80 - INFO - 找到 24 张图片在:第1話
2025-12-20 07:56:52 - mkk_pika - main.py:109 - INFO - [episode:第1話       ] downloaded:    24, total:  24, progress:100%
2025-12-20 07:56:52 - mkk_pika - database.py:239 - INFO - 数据库更新已下载章节
2025-12-20 07:56:54 - mkk_pika - main.py:161 - INFO - ==================== 漫画信息 ====================
                漫画ID：5e154d16632b4a7769c8a0cc
                标题：(C97)媚熱な天使たち (私に天使が舞い降りた!) [中国翻訳]
                作者：こつぶあん (凍咲しいな)
                是否完结：是
                总页数：24
                分类：短篇,同人,純愛,百合花園,妹妹系
                章节数：1
                最后更新时间：2020-01-08T03:31:34.862Z
                =================================================
2025-12-20 07:56:54 - mkk_pika - database.py:101 - INFO - 保存成功：(C97)媚熱な天使たち (私に天使が舞い降りた!) [中国翻訳]
2025-12-20 07:56:54 - mkk_pika - main.py:44 - INFO - 正在下载:[淫神 ―モラの少女たち―]-[きらいなのみもの (泣きえくぼ)]-[['長篇']]-[total_pages:81]
2025-12-20 07:56:54 - mkk_pika - database.py:216 - INFO - 数据库插入该漫画ID
2025-12-20 07:56:55 - mkk_pika - main.py:80 - INFO - 找到 81 张图片在:第1話
2025-12-20 07:56:59 - mkk_pika - main.py:109 - INFO - [episode:第1話       ] downloaded:    81, total:  81, progress:100%
2025-12-20 07:56:59 - mkk_pika - database.py:239 - INFO - 数据库更新已下载章节
2025-12-20 07:57:00 - mkk_pika - main.py:161 - INFO - ==================== 漫画信息 ====================
                漫画ID：693ede5624c82f2df666da23
                标题：淫神 ―モラの少女たち―
                作者：きらいなのみもの (泣きえくぼ)
                是否完结：是
                总页数：81
                分类：長篇
                章节数：1
                最后更新时间：2025-12-14T15:57:10.253Z
                =================================================
2025-12-20 07:57:00 - mkk_pika - database.py:101 - INFO - 保存成功：淫神 ―モラの少女たち―
2025-12-20 07:57:01 - mkk_pika - main.py:44 - INFO - 正在下载:[[PIXIV] Komachan (31874437)（AI）]-[Komachan]-[['全彩', '同人', 'CG雜圖', '足の恋']]-[total_pages:770]
2025-12-20 07:57:01 - mkk_pika - database.py:216 - INFO - 数据库插入该漫画ID
2025-12-20 07:57:05 - mkk_pika - main.py:80 - INFO - 找到 499 张图片在:第1話
2025-12-20 07:57:41 - mkk_pika - main.py:109 - INFO - [episode:第1話       ] downloaded:   499, total: 499, progress:100%
2025-12-20 07:57:41 - mkk_pika - database.py:239 - INFO - 数据库更新已下载章节
2025-12-20 07:57:43 - mkk_pika - main.py:80 - INFO - 找到 28 张图片在:蕾米莉亚酱的秘密－特殊性癖－被发现了♥
2025-12-20 07:57:45 - mkk_pika - main.py:109 - INFO - [episode:蕾米莉亚酱的秘密-特殊性癖-被发现了♥] downloaded:    28, total:  28, progress:100%
2025-12-20 07:57:45 - mkk_pika - database.py:239 - INFO - 数据库更新已下载章节
2025-12-20 07:57:47 - mkk_pika - main.py:80 - INFO - 找到 102 张图片在:芙莉莲的大抉择（上）大意失策沉溺于败北的快感♡
2025-12-20 07:57:54 - mkk_pika - main.py:109 - INFO - [episode:芙莉莲的大抉择（上）大意失策 沉溺于败北的快感♡] downloaded:   102, total: 102, progress:100%
2025-12-20 07:57:54 - mkk_pika - database.py:239 - INFO - 数据库更新已下载章节
2025-12-20 07:57:57 - mkk_pika - main.py:80 - INFO - 找到 141 张图片在:芙莉莲的大抉择（下）大意失策沉溺于败北的快感♡
2025-12-20 07:58:06 - mkk_pika - main.py:109 - INFO - [episode:芙莉莲的大抉择（下）大意失策 沉溺于败北的快感♡] downloaded:   141, total: 141, progress:100%
2025-12-20 07:58:06 - mkk_pika - database.py:239 - INFO - 数据库更新已下载章节
2025-12-20 07:58:07 - mkk_pika - main.py:161 - INFO - ==================== 漫画信息 ====================
                漫画ID：683001fb6f0cd54536b05e16
                标题：[PIXIV] Komachan (31874437)（AI）
                作者：Komachan
                是否完结：否
                总页数：770
                分类：全彩,同人,CG雜圖,足の恋
                章节数：4
                最后更新时间：2025-12-18T15:38:24.129Z
                =================================================
2025-12-20 07:58:07 - mkk_pika - database.py:101 - INFO - 保存成功：[PIXIV] Komachan (31874437)（AI）
2025-12-20 07:58:07 - mkk_pika - database.py:173 - INFO - 数据库连接已关闭
2025-12-20 08:51:47 - mkk_pika - database.py:15 - INFO - ✅ 自动创建文件夹：./data
2025-12-20 08:51:47 - mkk_pika - database.py:61 - INFO - 表和索引初始化成功
2025-12-20 08:51:47 - mkk_pika - main.py:133 - INFO - 已经累计下载0本漫画
2025-12-20 08:51:48 - mkk_pika - api.py:82 - INFO - 登录成功
2025-12-20 08:51:48 - mkk_pika - main.py:139 - INFO - 收藏夹共计7本漫画
2025-12-20 08:51:49 - mkk_pika - main.py:44 - INFO - 正在下载:[11月のティアドロップafter]-[つかこ]-[['短篇']]-[total_pages:40]
2025-12-20 08:51:49 - mkk_pika - database.py:216 - INFO - 数据库插入该漫画ID
2025-12-20 08:51:49 - mkk_pika - main.py:80 - INFO - 找到 32 张图片在:第1話
2025-12-20 08:51:51 - mkk_pika - main.py:109 - INFO - [episode:第1話       ] downloaded:    32, total:  32, progress:100%
2025-12-20 08:51:51 - mkk_pika - database.py:238 - INFO - 数据库更新已下载章节
2025-12-20 08:51:51 - mkk_pika - database.py:244 - INFO - 该漫画已下载章节如下
2025-12-20 08:51:51 - mkk_pika - database.py:245 - INFO - ['第1話']
2025-12-20 08:51:53 - mkk_pika - main.py:80 - INFO - 找到 8 张图片在:第2話
2025-12-20 08:51:54 - mkk_pika - main.py:109 - INFO - [episode:第2話       ] downloaded:     8, total:   8, progress:100%
2025-12-20 08:51:54 - mkk_pika - database.py:238 - INFO - 数据库更新已下载章节
2025-12-20 08:51:54 - mkk_pika - database.py:244 - INFO - 该漫画已下载章节如下
2025-12-20 08:51:54 - mkk_pika - database.py:245 - INFO - ['第1話', '第2話']
2025-12-20 08:51:55 - mkk_pika - main.py:161 - INFO - ==================== 漫画信息 ====================
                漫画ID：6940289f636cdc389a6fdf63
                标题：11月のティアドロップafter
                作者：つかこ
                是否完结：是
                总页数：40
                分类：短篇
                章节数：2
                最后更新时间：2025-12-15T15:26:23.339Z
                =================================================
2025-12-20 08:51:55 - mkk_pika - database.py:101 - INFO - 保存成功：11月のティアドロップafter
2025-12-20 08:51:55 - mkk_pika - main.py:44 - INFO - 正在下载:[雷だって甘えたい!]-[五月日和 (あずまさつき)]-[['短篇', '同人', '艦隊收藏']]-[total_pages:45]
2025-12-20 08:51:55 - mkk_pika - database.py:216 - INFO - 数据库插入该漫画ID
2025-12-20 08:51:56 - mkk_pika - main.py:80 - INFO - 找到 22 张图片在:生肉
2025-12-20 08:51:58 - mkk_pika - main.py:109 - INFO - [episode:生肉        ] downloaded:    22, total:  22, progress:100%
2025-12-20 08:51:58 - mkk_pika - database.py:238 - INFO - 数据库更新已下载章节
2025-12-20 08:51:58 - mkk_pika - database.py:244 - INFO - 该漫画已下载章节如下
2025-12-20 08:51:58 - mkk_pika - database.py:245 - INFO - ['生肉']
2025-12-20 08:52:00 - mkk_pika - main.py:80 - INFO - 找到 23 张图片在:熟肉
2025-12-20 08:52:02 - mkk_pika - main.py:109 - INFO - [episode:熟肉        ] downloaded:    23, total:  23, progress:100%
2025-12-20 08:52:02 - mkk_pika - database.py:238 - INFO - 数据库更新已下载章节
2025-12-20 08:52:02 - mkk_pika - database.py:244 - INFO - 该漫画已下载章节如下
2025-12-20 08:52:02 - mkk_pika - database.py:245 - INFO - ['生肉', '熟肉']
2025-12-20 08:52:03 - mkk_pika - main.py:161 - INFO - ==================== 漫画信息 ====================
                漫画ID：64903f198782392d4dcd9f5b
                标题：雷だって甘えたい!
                作者：五月日和 (あずまさつき)
                是否完结：否
                总页数：45
                分类：短篇,同人,艦隊收藏
                章节数：2
                最后更新时间：2025-12-19T15:22:31.931Z
                =================================================
2025-12-20 08:52:03 - mkk_pika - database.py:101 - INFO - 保存成功：雷だって甘えたい!
2025-12-20 08:52:03 - mkk_pika - main.py:44 - INFO - 正在下载:[ユニコーン、ホテルでもがんばるっ (アズールレーン)]-[まえばや (まえ葉)]-[['短篇', '同人']]-[total_pages:28]
2025-12-20 08:52:03 - mkk_pika - database.py:216 - INFO - 数据库插入该漫画ID
2025-12-20 08:52:04 - mkk_pika - main.py:80 - INFO - 找到 28 张图片在:第1話
2025-12-20 08:52:05 - mkk_pika - main.py:109 - INFO - [episode:第1話       ] downloaded:    28, total:  28, progress:100%
2025-12-20 08:52:05 - mkk_pika - database.py:238 - INFO - 数据库更新已下载章节
2025-12-20 08:52:05 - mkk_pika - database.py:244 - INFO - 该漫画已下载章节如下
2025-12-20 08:52:05 - mkk_pika - database.py:245 - INFO - ['第1話']
2025-12-20 08:52:07 - mkk_pika - main.py:161 - INFO - ==================== 漫画信息 ====================
                漫画ID：5e154d017deb19777b3491e9
                标题：ユニコーン、ホテルでもがんばるっ (アズールレーン)
                作者：まえばや (まえ葉)
                是否完结：是
                总页数：28
                分类：短篇,同人
                章节数：1
                最后更新时间：2020-01-08T03:31:13.848Z
                =================================================
2025-12-20 08:52:07 - mkk_pika - database.py:101 - INFO - 保存成功：ユニコーン、ホテルでもがんばるっ (アズールレーン)
2025-12-20 08:52:07 - mkk_pika - main.py:44 - INFO - 正在下载:[なのです！肆 (艦隊これくしょん -艦これ-)]-[チェシャ猫の館、触安 (わざきた、触手さん)]-[['同人', '短篇', '艦隊收藏', '後宮閃光', '妹妹系', '純愛', '全彩']]-[total_pages:40]
2025-12-20 08:52:07 - mkk_pika - database.py:216 - INFO - 数据库插入该漫画ID
2025-12-20 08:52:07 - mkk_pika - main.py:80 - INFO - 找到 20 张图片在:第1話
2025-12-20 08:52:09 - mkk_pika - main.py:109 - INFO - [episode:第1話       ] downloaded:    20, total:  20, progress:100%
2025-12-20 08:52:09 - mkk_pika - database.py:238 - INFO - 数据库更新已下载章节
2025-12-20 08:52:09 - mkk_pika - database.py:244 - INFO - 该漫画已下载章节如下
2025-12-20 08:52:09 - mkk_pika - database.py:245 - INFO - ['第1話']
2025-12-20 08:52:11 - mkk_pika - main.py:161 - INFO - ==================== 漫画信息 ====================
                漫画ID：582188c75f6b9a4f93de4bd1
                标题：なのです！肆 (艦隊これくしょん -艦これ-)
                作者：チェシャ猫の館、触安 (わざきた、触手さん)
                是否完结：是
                总页数：40
                分类：同人,短篇,艦隊收藏,後宮閃光,妹妹系,純愛,全彩
                章节数：1
                最后更新时间：2007-04-11T18:47:29.000Z
                =================================================
2025-12-20 08:52:11 - mkk_pika - database.py:101 - INFO - 保存成功：なのです！肆 (艦隊これくしょん -艦これ-)
2025-12-20 08:52:11 - mkk_pika - main.py:44 - INFO - 正在下载:[(C97)媚熱な天使たち (私に天使が舞い降りた!) [中国翻訳]]-[こつぶあん (凍咲しいな)]-[['短篇', '同人', '純愛', '百合花園', '妹妹系']]-[total_pages:24]
2025-12-20 08:52:11 - mkk_pika - database.py:216 - INFO - 数据库插入该漫画ID
2025-12-20 08:52:11 - mkk_pika - main.py:80 - INFO - 找到 24 张图片在:第1話
2025-12-20 08:52:12 - mkk_pika - main.py:109 - INFO - [episode:第1話       ] downloaded:    24, total:  24, progress:100%
2025-12-20 08:52:12 - mkk_pika - database.py:238 - INFO - 数据库更新已下载章节
2025-12-20 08:52:12 - mkk_pika - database.py:244 - INFO - 该漫画已下载章节如下
2025-12-20 08:52:12 - mkk_pika - database.py:245 - INFO - ['第1話']
2025-12-20 08:52:14 - mkk_pika - main.py:161 - INFO - ==================== 漫画信息 ====================
                漫画ID：5e154d16632b4a7769c8a0cc
                标题：(C97)媚熱な天使たち (私に天使が舞い降りた!) [中国翻訳]
                作者：こつぶあん (凍咲しいな)
                是否完结：是
                总页数：24
                分类：短篇,同人,純愛,百合花園,妹妹系
                章节数：1
                最后更新时间：2020-01-08T03:31:34.862Z
                =================================================
2025-12-20 08:52:14 - mkk_pika - database.py:101 - INFO - 保存成功：(C97)媚熱な天使たち (私に天使が舞い降りた!) [中国翻訳]
2025-12-20 08:52:14 - mkk_pika - main.py:44 - INFO - 正在下载:[淫神 ―モラの少女たち―]-[きらいなのみもの (泣きえくぼ)]-[['長篇']]-[total_pages:81]
2025-12-20 08:52:14 - mkk_pika - database.py:216 - INFO - 数据库插入该漫画ID
2025-12-20 08:52:15 - mkk_pika - main.py:80 - INFO - 找到 81 张图片在:第1話
2025-12-20 08:52:19 - mkk_pika - main.py:109 - INFO - [episode:第1話       ] downloaded:    81, total:  81, progress:100%
2025-12-20 08:52:19 - mkk_pika - database.py:238 - INFO - 数据库更新已下载章节
2025-12-20 08:52:19 - mkk_pika - database.py:244 - INFO - 该漫画已下载章节如下
2025-12-20 08:52:19 - mkk_pika - database.py:245 - INFO - ['第1話']
2025-12-20 08:52:20 - mkk_pika - main.py:161 - INFO - ==================== 漫画信息 ====================
                漫画ID：693ede5624c82f2df666da23
                标题：淫神 ―モラの少女たち―
                作者：きらいなのみもの (泣きえくぼ)
                是否完结：是
                总页数：81
                分类：長篇
                章节数：1
                最后更新时间：2025-12-14T15:57:10.253Z
                =================================================
2025-12-20 08:52:20 - mkk_pika - database.py:101 - INFO - 保存成功：淫神 ―モラの少女たち―
2025-12-20 08:52:21 - mkk_pika - main.py:44 - INFO - 正在下载:[[PIXIV] Komachan (31874437)（AI）]-[Komachan]-[['全彩', '同人', 'CG雜圖', '足の恋']]-[total_pages:770]
2025-12-20 08:52:21 - mkk_pika - database.py:216 - INFO - 数据库插入该漫画ID
2025-12-20 08:52:25 - mkk_pika - main.py:80 - INFO - 找到 499 张图片在:第1話
2025-12-20 08:53:00 - mkk_pika - main.py:109 - INFO - [episode:第1話       ] downloaded:   499, total: 499, progress:100%
2025-12-20 08:53:00 - mkk_pika - database.py:238 - INFO - 数据库更新已下载章节
2025-12-20 08:53:00 - mkk_pika - database.py:244 - INFO - 该漫画已下载章节如下
2025-12-20 08:53:00 - mkk_pika - database.py:245 - INFO - ['第1話']
2025-12-20 08:53:01 - mkk_pika - main.py:80 - INFO - 找到 28 张图片在:蕾米莉亚酱的秘密－特殊性癖－被发现了♥
2025-12-20 08:53:03 - mkk_pika - main.py:109 - INFO - [episode:蕾米莉亚酱的秘密-特殊性癖-被发现了♥] downloaded:    28, total:  28, progress:100%
2025-12-20 08:53:03 - mkk_pika - database.py:238 - INFO - 数据库更新已下载章节
2025-12-20 08:53:03 - mkk_pika - database.py:244 - INFO - 该漫画已下载章节如下
2025-12-20 08:53:03 - mkk_pika - database.py:245 - INFO - ['第1話', '蕾米莉亚酱的秘密-特殊性癖-被发现了♥']
2025-12-20 08:53:05 - mkk_pika - main.py:80 - INFO - 找到 102 张图片在:芙莉莲的大抉择（上）大意失策沉溺于败北的快感♡
2025-12-20 08:53:12 - mkk_pika - main.py:109 - INFO - [episode:芙莉莲的大抉择（上）大意失策 沉溺于败北的快感♡] downloaded:   102, total: 102, progress:100%
2025-12-20 08:53:12 - mkk_pika - database.py:238 - INFO - 数据库更新已下载章节
2025-12-20 08:53:12 - mkk_pika - database.py:244 - INFO - 该漫画已下载章节如下
2025-12-20 08:53:12 - mkk_pika - database.py:245 - INFO - ['第1話', '蕾米莉亚酱的秘密-特殊性癖-被发现了♥', '芙莉莲的大抉择（上）大意失策 沉溺于败北的快感♡']
2025-12-20 08:53:14 - mkk_pika - main.py:80 - INFO - 找到 141 张图片在:芙莉莲的大抉择（下）大意失策沉溺于败北的快感♡
2025-12-20 08:53:23 - mkk_pika - main.py:109 - INFO - [episode:芙莉莲的大抉择（下）大意失策 沉溺于败北的快感♡] downloaded:   141, total: 141, progress:100%
2025-12-20 08:53:23 - mkk_pika - database.py:238 - INFO - 数据库更新已下载章节
2025-12-20 08:53:23 - mkk_pika - database.py:244 - INFO - 该漫画已下载章节如下
2025-12-20 08:53:23 - mkk_pika - database.py:245 - INFO - ['第1話', '蕾米莉亚酱的秘密-特殊性癖-被发现了♥', '芙莉莲的大抉择（上）大意失策 沉溺于败北的快感♡', '芙莉莲的大抉择（下）大意失策 沉溺于败北的快感♡']
2025-12-20 08:53:24 - mkk_pika - main.py:161 - INFO - ==================== 漫画信息 ====================
                漫画ID：683001fb6f0cd54536b05e16
                标题：[PIXIV] Komachan (31874437)（AI）
                作者：Komachan
                是否完结：否
                总页数：770
                分类：全彩,同人,CG雜圖,足の恋
                章节数：4
                最后更新时间：2025-12-18T15:38:24.129Z
                =================================================
2025-12-20 08:53:24 - mkk_pika - database.py:101 - INFO - 保存成功：[PIXIV] Komachan (31874437)（AI）
2025-12-20 08:53:24 - mkk_pika - database.py:173 - INFO - 数据库连接已关闭
2025-12-20 09:46:42 - mkk_pika - main.py:130 - INFO - =======================================================================
2025-12-20 09:46:42 - mkk_pika - database.py:61 - INFO - 表和索引初始化成功
2025-12-20 09:46:42 - mkk_pika - main.py:134 - INFO - 已经累计下载7本漫画
2025-12-20 09:46:43 - mkk_pika - api.py:82 - INFO - 登录成功
2025-12-20 09:46:43 - mkk_pika - main.py:140 - INFO - 收藏夹共计7本漫画
2025-12-20 09:46:43 - mkk_pika - database.py:203 - INFO - 查询数据库中是否已存在该章节
2025-12-20 09:46:43 - mkk_pika - database.py:204 - INFO - ['第1話', '第2話']
2025-12-20 09:46:43 - mkk_pika - database.py:203 - INFO - 查询数据库中是否已存在该章节
2025-12-20 09:46:43 - mkk_pika - database.py:204 - INFO - ['第1話', '第2話']
2025-12-20 09:46:45 - mkk_pika - util.py:164 - INFO - 目标时间（UTC）：2025-12-15 15:26:23.339000+00:00
2025-12-20 09:46:45 - mkk_pika - util.py:165 - INFO - 当前UTC时间：2025-12-20 09:46:45.279675+00:00
2025-12-20 09:46:45 - mkk_pika - util.py:167 - INFO - 相差：-5 天 5 小时 39 分钟
2025-12-20 09:46:45 - mkk_pika - main.py:166 - INFO - ==================== 漫画信息 ====================
                漫画ID：6940289f636cdc389a6fdf63
                标题：11月のティアドロップafter
                作者：つかこ
                是否完结：是
                总页数：40
                分类：短篇
                章节数：2
                最后更新时间：2025-12-15T15:26:23.339Z
                =================================================
2025-12-20 09:46:45 - mkk_pika - database.py:101 - INFO - 保存成功：11月のティアドロップafter
2025-12-20 09:46:45 - mkk_pika - database.py:203 - INFO - 查询数据库中是否已存在该章节
2025-12-20 09:46:45 - mkk_pika - database.py:204 - INFO - ['生肉', '熟肉']
2025-12-20 09:46:45 - mkk_pika - database.py:203 - INFO - 查询数据库中是否已存在该章节
2025-12-20 09:46:45 - mkk_pika - database.py:204 - INFO - ['生肉', '熟肉']
2025-12-20 09:46:45 - mkk_pika - util.py:164 - INFO - 目标时间（UTC）：2025-12-19 15:22:31.931000+00:00
2025-12-20 09:46:45 - mkk_pika - util.py:165 - INFO - 当前UTC时间：2025-12-20 09:46:45.789867+00:00
2025-12-20 09:46:45 - mkk_pika - util.py:167 - INFO - 相差：-1 天 5 小时 35 分钟
2025-12-20 09:46:45 - mkk_pika - main.py:166 - INFO - ==================== 漫画信息 ====================
                漫画ID：64903f198782392d4dcd9f5b
                标题：雷だって甘えたい!
                作者：五月日和 (あずまさつき)
                是否完结：否
                总页数：45
                分类：短篇,同人,艦隊收藏
                章节数：2
                最后更新时间：2025-12-19T15:22:31.931Z
                =================================================
2025-12-20 09:46:45 - mkk_pika - database.py:101 - INFO - 保存成功：雷だって甘えたい!
2025-12-20 09:46:46 - mkk_pika - database.py:203 - INFO - 查询数据库中是否已存在该章节
2025-12-20 09:46:46 - mkk_pika - database.py:204 - INFO - ['第1話']
2025-12-20 09:46:46 - mkk_pika - util.py:164 - INFO - 目标时间（UTC）：2020-01-08 03:31:13.848000+00:00
2025-12-20 09:46:46 - mkk_pika - util.py:165 - INFO - 当前UTC时间：2025-12-20 09:46:46.533030+00:00
2025-12-20 09:46:46 - mkk_pika - util.py:167 - INFO - 相差：-2174 天 17 小时 44 分钟
2025-12-20 09:46:46 - mkk_pika - main.py:166 - INFO - ==================== 漫画信息 ====================
                漫画ID：5e154d017deb19777b3491e9
                标题：ユニコーン、ホテルでもがんばるっ (アズールレーン)
                作者：まえばや (まえ葉)
                是否完结：是
                总页数：28
                分类：短篇,同人
                章节数：1
                最后更新时间：2020-01-08T03:31:13.848Z
                =================================================
2025-12-20 09:46:46 - mkk_pika - database.py:101 - INFO - 保存成功：ユニコーン、ホテルでもがんばるっ (アズールレーン)
2025-12-20 09:46:46 - mkk_pika - database.py:203 - INFO - 查询数据库中是否已存在该章节
2025-12-20 09:46:46 - mkk_pika - database.py:204 - INFO - ['第1話']
2025-12-20 09:46:47 - mkk_pika - util.py:164 - INFO - 目标时间（UTC）：2007-04-11 18:47:29+00:00
2025-12-20 09:46:47 - mkk_pika - util.py:165 - INFO - 当前UTC时间：2025-12-20 09:46:47.306323+00:00
2025-12-20 09:46:47 - mkk_pika - util.py:167 - INFO - 相差：-6828 天 9 小时 0 分钟
2025-12-20 09:46:47 - mkk_pika - main.py:166 - INFO - ==================== 漫画信息 ====================
                漫画ID：582188c75f6b9a4f93de4bd1
                标题：なのです！肆 (艦隊これくしょん -艦これ-)
                作者：チェシャ猫の館、触安 (わざきた、触手さん)
                是否完结：是
                总页数：40
                分类：同人,短篇,艦隊收藏,後宮閃光,妹妹系,純愛,全彩
                章节数：1
                最后更新时间：2007-04-11T18:47:29.000Z
                =================================================
2025-12-20 09:46:47 - mkk_pika - database.py:101 - INFO - 保存成功：なのです！肆 (艦隊これくしょん -艦これ-)
2025-12-20 09:46:47 - mkk_pika - database.py:203 - INFO - 查询数据库中是否已存在该章节
2025-12-20 09:46:47 - mkk_pika - database.py:204 - INFO - ['第1話']
2025-12-20 09:46:48 - mkk_pika - util.py:164 - INFO - 目标时间（UTC）：2020-01-08 03:31:34.862000+00:00
2025-12-20 09:46:48 - mkk_pika - util.py:165 - INFO - 当前UTC时间：2025-12-20 09:46:48.050734+00:00
2025-12-20 09:46:48 - mkk_pika - util.py:167 - INFO - 相差：-2174 天 17 小时 44 分钟
2025-12-20 09:46:48 - mkk_pika - main.py:166 - INFO - ==================== 漫画信息 ====================
                漫画ID：5e154d16632b4a7769c8a0cc
                标题：(C97)媚熱な天使たち (私に天使が舞い降りた!) [中国翻訳]
                作者：こつぶあん (凍咲しいな)
                是否完结：是
                总页数：24
                分类：短篇,同人,純愛,百合花園,妹妹系
                章节数：1
                最后更新时间：2020-01-08T03:31:34.862Z
                =================================================
2025-12-20 09:46:48 - mkk_pika - database.py:101 - INFO - 保存成功：(C97)媚熱な天使たち (私に天使が舞い降りた!) [中国翻訳]
2025-12-20 09:46:48 - mkk_pika - database.py:203 - INFO - 查询数据库中是否已存在该章节
2025-12-20 09:46:48 - mkk_pika - database.py:204 - INFO - ['第1話']
2025-12-20 09:46:48 - mkk_pika - util.py:164 - INFO - 目标时间（UTC）：2025-12-14 15:57:10.253000+00:00
2025-12-20 09:46:48 - mkk_pika - util.py:165 - INFO - 当前UTC时间：2025-12-20 09:46:48.794102+00:00
2025-12-20 09:46:48 - mkk_pika - util.py:167 - INFO - 相差：-6 天 6 小时 10 分钟
2025-12-20 09:46:48 - mkk_pika - main.py:166 - INFO - ==================== 漫画信息 ====================
                漫画ID：693ede5624c82f2df666da23
                标题：淫神 ―モラの少女たち―
                作者：きらいなのみもの (泣きえくぼ)
                是否完结：是
                总页数：81
                分类：長篇
                章节数：1
                最后更新时间：2025-12-14T15:57:10.253Z
                =================================================
2025-12-20 09:46:48 - mkk_pika - database.py:101 - INFO - 保存成功：淫神 ―モラの少女たち―
2025-12-20 09:46:49 - mkk_pika - database.py:203 - INFO - 查询数据库中是否已存在该章节
2025-12-20 09:46:49 - mkk_pika - database.py:204 - INFO - ['第1話', '蕾米莉亚酱的秘密-特殊性癖-被发现了♥', '芙莉莲的大抉择（上）大意失策 沉溺于败北的快感♡', '芙莉莲的大抉择（下）大意失策 沉溺于败北的快感♡']
2025-12-20 09:46:49 - mkk_pika - database.py:203 - INFO - 查询数据库中是否已存在该章节
2025-12-20 09:46:49 - mkk_pika - database.py:204 - INFO - ['第1話', '蕾米莉亚酱的秘密-特殊性癖-被发现了♥', '芙莉莲的大抉择（上）大意失策 沉溺于败北的快感♡', '芙莉莲的大抉择（下）大意失策 沉溺于败北的快感♡']
2025-12-20 09:46:49 - mkk_pika - database.py:203 - INFO - 查询数据库中是否已存在该章节
2025-12-20 09:46:49 - mkk_pika - database.py:204 - INFO - ['第1話', '蕾米莉亚酱的秘密-特殊性癖-被发现了♥', '芙莉莲的大抉择（上）大意失策 沉溺于败北的快感♡', '芙莉莲的大抉择（下）大意失策 沉溺于败北的快感♡']
2025-12-20 09:46:49 - mkk_pika - database.py:203 - INFO - 查询数据库中是否已存在该章节
2025-12-20 09:46:49 - mkk_pika - database.py:204 - INFO - ['第1話', '蕾米莉亚酱的秘密-特殊性癖-被发现了♥', '芙莉莲的大抉择（上）大意失策 沉溺于败北的快感♡', '芙莉莲的大抉择（下）大意失策 沉溺于败北的快感♡']
2025-12-20 09:46:49 - mkk_pika - util.py:164 - INFO - 目标时间（UTC）：2025-12-18 15:38:24.129000+00:00
2025-12-20 09:46:49 - mkk_pika - util.py:165 - INFO - 当前UTC时间：2025-12-20 09:46:49.296757+00:00
2025-12-20 09:46:49 - mkk_pika - util.py:167 - INFO - 相差：-2 天 5 小时 51 分钟
2025-12-20 09:46:49 - mkk_pika - main.py:166 - INFO - ==================== 漫画信息 ====================
                漫画ID：683001fb6f0cd54536b05e16
                标题：[PIXIV] Komachan (31874437)（AI）
                作者：Komachan
                是否完结：否
                总页数：770
                分类：全彩,同人,CG雜圖,足の恋
                章节数：4
                最后更新时间：2025-12-18T15:38:24.129Z
                =================================================
2025-12-20 09:46:49 - mkk_pika - database.py:101 - INFO - 保存成功：[PIXIV] Komachan (31874437)（AI）
2025-12-20 09:46:49 - mkk_pika - database.py:173 - INFO - 数据库连接已关闭
