2026-01-05 23:29:28 - mkk_pika - main.py:193 - INFO - =======================================================================
2026-01-05 23:29:28 - mkk_pika - database.py:61 - INFO - 表和索引初始化成功
2026-01-05 23:29:28 - mkk_pika - main.py:197 - INFO - 已经累计下载689本漫画
2026-01-05 23:29:28 - mkk_pika - api.py:87 - INFO - 登录成功
2026-01-05 23:29:29 - mkk_pika - main.py:203 - INFO - 收藏夹共计1本漫画
2026-01-05 23:29:29 - mkk_pika - main.py:206 - INFO - 开始下载收藏夹内未下载内容
2026-01-05 23:29:29 - mkk_pika - main.py:35 - INFO - 开始检查[Artist] BBStaff（AI）是否存在未下载章节
2026-01-05 23:29:29 - mkk_pika - database.py:203 - INFO - 查询数据库中是否已存在伊蕾娜
2026-01-05 23:29:29 - mkk_pika - database.py:203 - INFO - 查询数据库中是否已存在金色暗影
2026-01-05 23:29:29 - mkk_pika - database.py:203 - INFO - 查询数据库中是否已存在惠惠
2026-01-05 23:29:29 - mkk_pika - database.py:203 - INFO - 查询数据库中是否已存在结城美柑
2026-01-05 23:29:29 - mkk_pika - database.py:203 - INFO - 查询数据库中是否已存在贝尔泽古·斯黛莉休·索德·爱丽丝
2026-01-05 23:29:29 - mkk_pika - database.py:203 - INFO - 查询数据库中是否已存在板柳有栖
2026-01-05 23:29:29 - mkk_pika - database.py:203 - INFO - 查询数据库中是否已存在尤菲莉亚·玛泽塔
2026-01-05 23:29:29 - mkk_pika - database.py:203 - INFO - 查询数据库中是否已存在椎名日和
2026-01-05 23:29:29 - mkk_pika - database.py:203 - INFO - 查询数据库中是否已存在高町奈叶
2026-01-05 23:29:29 - mkk_pika - database.py:203 - INFO - 查询数据库中是否已存在星野瑠美衣
2026-01-05 23:29:29 - mkk_pika - database.py:203 - INFO - 查询数据库中是否已存在小柳香穗
2026-01-05 23:29:29 - mkk_pika - database.py:203 - INFO - 查询数据库中是否已存在甘织玲奈子
2026-01-05 23:29:29 - mkk_pika - database.py:203 - INFO - 查询数据库中是否已存在伊地知虹夏
2026-01-05 23:29:29 - mkk_pika - database.py:203 - INFO - 查询数据库中是否已存在芙兰达·塞维伦
2026-01-05 23:29:29 - mkk_pika - database.py:203 - INFO - 查询数据库中是否已存在小美浪爱澄
2026-01-05 23:29:29 - mkk_pika - database.py:203 - INFO - 查询数据库中是否已存在有马加奈
2026-01-05 23:29:29 - mkk_pika - database.py:203 - INFO - 查询数据库中是否已存在白银圭
2026-01-05 23:29:29 - mkk_pika - database.py:203 - INFO - 查询数据库中是否已存在鹿目圆香
2026-01-05 23:29:29 - mkk_pika - database.py:203 - INFO - 查询数据库中是否已存在莉赛萝黛·库雷提雅
2026-01-05 23:29:29 - mkk_pika - database.py:203 - INFO - 查询数据库中是否已存在空银子
2026-01-05 23:29:29 - mkk_pika - database.py:203 - INFO - 查询数据库中是否已存在谷地仁花
2026-01-05 23:29:29 - mkk_pika - main.py:45 - INFO - 正在下载:[[Artist] BBStaff（AI）]-[BBStaff]-[['全彩', '同人', 'CG雜圖']]-[total_pages:4149]
2026-01-05 23:29:29 - mkk_pika - main.py:49 - INFO - [{'_id': '695bd7989f68a5779fbfd903', 'title': '谷地仁花', 'order': 21, 'updated_at': '2026-01-04T12:55:39.414Z', 'id': '695bd7989f68a5779fbfd903'}]
2026-01-05 23:29:31 - mkk_pika - main.py:83 - INFO - 找到 151 张图片在:谷地仁花
2026-01-05 23:29:37 - mkk_pika - main.py:112 - INFO - [episode:谷地仁花      ] downloaded:   151, total: 151, progress:100%
2026-01-05 23:29:37 - mkk_pika - database.py:238 - INFO - 数据库更新已下载章节
2026-01-05 23:29:37 - mkk_pika - database.py:244 - INFO - 该漫画已下载章节如下
2026-01-05 23:29:37 - mkk_pika - database.py:245 - INFO - ['伊蕾娜', '金色暗影', '惠惠', '结城美柑', '贝尔泽古·斯黛莉休·索德·爱丽丝', '板柳有栖', '尤菲莉亚·玛泽塔', '椎名日和', '高町奈叶', '星野瑠美衣', '小柳香穗', '甘织玲奈子', '伊地知虹夏', '芙兰达·塞维伦', '小美浪爱澄', '有马加奈', '白银圭', '鹿目圆香', '莉赛萝黛·库雷提雅', '空银子', '谷地仁花']
2026-01-05 23:29:38 - mkk_pika - main.py:224 - INFO - ==================== 漫画信息 ====================
                漫画ID：687a1b80ecd86823a404aa48
                标题：[Artist] BBStaff（AI）
                作者：BBStaff
                是否完结：否
                总页数：4149
                分类：全彩,同人,CG雜圖
                章节数：21
                最后更新时间：2026-01-05T15:24:08.585Z
                =================================================
2026-01-05 23:29:38 - mkk_pika - database.py:101 - INFO - 保存成功：[Artist] BBStaff（AI）
2026-01-05 23:29:38 - mkk_pika - util.py:164 - INFO - 目标时间（UTC）：2026-01-05 15:24:08.585000+00:00
2026-01-05 23:29:38 - mkk_pika - util.py:165 - INFO - 当前UTC时间：2026-01-05 23:29:38.781147+00:00
2026-01-05 23:29:38 - mkk_pika - util.py:167 - INFO - 相差：0 天 8 小时 5 分钟
2026-01-05 23:29:38 - mkk_pika - main.py:266 - INFO - 收藏夹内容下载完毕
2026-01-05 23:29:38 - mkk_pika - main.py:268 - INFO - 开始下载订阅内容
2026-01-05 23:29:38 - mkk_pika - database.py:258 - INFO - 根据ID查询到标题：萝莉 -> 発情ネコのお世話の仕方2 | 发情的猫猫悉心照料方法 2
2026-01-05 23:29:39 - mkk_pika - database.py:101 - INFO - 保存成功：発情ネコのお世話の仕方2 | 发情的猫猫悉心照料方法 2
2026-01-05 23:29:39 - mkk_pika - main.py:273 - INFO - 关键词萝莉找到1本漫画
2026-01-05 23:29:39 - mkk_pika - database.py:258 - INFO - 根据ID查询到标题：蘿莉 -> ロリっ娘アンドロイド ママになる!?
2026-01-05 23:29:40 - mkk_pika - database.py:101 - INFO - 保存成功：魔族令嬢、マウマウ様 恋をする。
2026-01-05 23:29:40 - mkk_pika - main.py:273 - INFO - 关键词蘿莉找到3本漫画
2026-01-05 23:29:40 - mkk_pika - main.py:275 - INFO - 订阅内容共计4本漫画
2026-01-05 23:29:40 - mkk_pika - main.py:35 - INFO - 开始检查ロリっ娘アンドロイド ママになる!?是否存在未下载章节
2026-01-05 23:29:40 - mkk_pika - database.py:203 - INFO - 查询数据库中是否已存在第1話
2026-01-05 23:29:40 - mkk_pika - main.py:51 - INFO - ロリっ娘アンドロイド ママになる!?中没有可下载章节
2026-01-05 23:29:40 - mkk_pika - main.py:292 - INFO - ==================== 漫画信息 ====================
                                漫画ID：695a8b399f68a5779fbfcbe3
                                标题：ロリっ娘アンドロイド ママになる!?
                                作者：ちりめんなおゆき (なおゆき)
                                是否完结：是
                                总页数：29
                                分类：短篇
                                章节数：1
                                最后更新时间：2026-01-04T15:46:01.891Z
                                =================================================
2026-01-05 23:29:40 - mkk_pika - database.py:101 - INFO - 保存成功：ロリっ娘アンドロイド ママになる!?
2026-01-05 23:29:40 - mkk_pika - main.py:35 - INFO - 开始检查メスガキリナちゃん VOL. 3 | 雌性小鬼莉娜酱 VOL. 3是否存在未下载章节
2026-01-05 23:29:41 - mkk_pika - main.py:45 - INFO - 正在下载:[メスガキリナちゃん VOL. 3 | 雌性小鬼莉娜酱 VOL. 3]-[餅屋 (かろちー)]-[['長篇']]-[total_pages:-1]
2026-01-05 23:29:41 - mkk_pika - main.py:49 - INFO - [{'_id': '695bdc392115ef56d73a2094', 'title': '第1話', 'order': 1, 'updated_at': '2026-01-05T04:55:29.076Z', 'id': '695bdc392115ef56d73a2094'}]
2026-01-05 23:29:41 - mkk_pika - database.py:215 - INFO - 第一次下载该漫画，记录数据库中
2026-01-05 23:29:42 - mkk_pika - main.py:83 - INFO - 找到 68 张图片在:第1話
2026-01-05 23:29:44 - mkk_pika - main.py:112 - INFO - [episode:第1話       ] downloaded:    68, total:  68, progress:100%
2026-01-05 23:29:44 - mkk_pika - database.py:238 - INFO - 数据库更新已下载章节
2026-01-05 23:29:44 - mkk_pika - database.py:244 - INFO - 该漫画已下载章节如下
2026-01-05 23:29:44 - mkk_pika - database.py:245 - INFO - ['第1話']
2026-01-05 23:29:45 - mkk_pika - main.py:292 - INFO - ==================== 漫画信息 ====================
                                漫画ID：695bdc392115ef56d73a2093
                                标题：メスガキリナちゃん VOL. 3 | 雌性小鬼莉娜酱 VOL. 3
                                作者：餅屋 (かろちー)
                                是否完结：是
                                总页数：68
                                分类：長篇
                                章节数：1
                                最后更新时间：2026-01-05T15:43:53.625Z
                                =================================================
2026-01-05 23:29:45 - mkk_pika - database.py:101 - INFO - 保存成功：メスガキリナちゃん VOL. 3 | 雌性小鬼莉娜酱 VOL. 3
2026-01-05 23:29:45 - mkk_pika - main.py:35 - INFO - 开始检查魔族令嬢、マウマウ様 恋をする。是否存在未下载章节
2026-01-05 23:29:45 - mkk_pika - main.py:45 - INFO - 正在下载:[魔族令嬢、マウマウ様 恋をする。]-[裏ノ書 (ウラノキュウ)]-[['短篇']]-[total_pages:-1]
2026-01-05 23:29:45 - mkk_pika - main.py:49 - INFO - [{'_id': '695bdba850e95b35ed80278f', 'title': '第1話', 'order': 1, 'updated_at': '2026-01-05T05:20:12.688Z', 'id': '695bdba850e95b35ed80278f'}]
2026-01-05 23:29:45 - mkk_pika - database.py:215 - INFO - 第一次下载该漫画，记录数据库中
2026-01-05 23:29:46 - mkk_pika - main.py:83 - INFO - 找到 36 张图片在:第1話
2026-01-05 23:29:47 - mkk_pika - main.py:112 - INFO - [episode:第1話       ] downloaded:    36, total:  36, progress:100%
2026-01-05 23:29:47 - mkk_pika - database.py:238 - INFO - 数据库更新已下载章节
2026-01-05 23:29:47 - mkk_pika - database.py:244 - INFO - 该漫画已下载章节如下
2026-01-05 23:29:47 - mkk_pika - database.py:245 - INFO - ['第1話']
2026-01-05 23:29:49 - mkk_pika - main.py:292 - INFO - ==================== 漫画信息 ====================
                                漫画ID：695bdba850e95b35ed80278e
                                标题：魔族令嬢、マウマウ様 恋をする。
                                作者：裏ノ書 (ウラノキュウ)
                                是否完结：是
                                总页数：36
                                分类：短篇
                                章节数：1
                                最后更新时间：2026-01-05T15:41:28.823Z
                                =================================================
2026-01-05 23:29:49 - mkk_pika - database.py:101 - INFO - 保存成功：魔族令嬢、マウマウ様 恋をする。
2026-01-05 23:29:49 - mkk_pika - main.py:35 - INFO - 开始检查(C107)色色坨坨大作战【Trickcal Revive 穿越异世界恶作剧 嘟嘟脸恶作剧】(えちほっぺ大作戦)是否存在未下载章节
2026-01-05 23:29:49 - mkk_pika - database.py:203 - INFO - 查询数据库中是否已存在第1話
2026-01-05 23:29:49 - mkk_pika - main.py:51 - INFO - (C107)色色坨坨大作战【Trickcal Revive 穿越异世界恶作剧 嘟嘟脸恶作剧】(えちほっぺ大作戦)中没有可下载章节
2026-01-05 23:29:49 - mkk_pika - main.py:292 - INFO - ==================== 漫画信息 ====================
                                漫画ID：695a8b65c5f5d877e74ae85b
                                标题：(C107)色色坨坨大作战【Trickcal Revive 穿越异世界恶作剧 嘟嘟脸恶作剧】(えちほっぺ大作戦)
                                作者：榛名まお
                                是否完结：是
                                总页数：17
                                分类：同人,短篇
                                章节数：1
                                最后更新时间：2026-01-04T15:46:45.665Z
                                =================================================
2026-01-05 23:29:49 - mkk_pika - database.py:101 - INFO - 保存成功：(C107)色色坨坨大作战【Trickcal Revive 穿越异世界恶作剧 嘟嘟脸恶作剧】(えちほっぺ大作戦)
2026-01-05 23:29:49 - mkk_pika - main.py:323 - INFO - 订阅内容内容下载完毕
2026-01-05 23:29:49 - mkk_pika - main.py:324 - INFO - 开始分批下载全部章节
2026-01-05 23:29:49 - mkk_pika - database.py:280 - INFO - 表和索引初始化成功
2026-01-05 23:29:50 - mkk_pika - main.py:177 - INFO - 已经下载了31页，一共6663页，现在开始添加第32页
2026-01-05 23:29:50 - mkk_pika - database.py:318 - INFO - 保存成功
2026-01-05 23:29:51 - mkk_pika - main.py:177 - INFO - 已经下载了32页，一共6663页，现在开始添加第33页
2026-01-05 23:29:51 - mkk_pika - database.py:318 - INFO - 保存成功
2026-01-05 23:29:51 - mkk_pika - main.py:331 - INFO - 分批下载共计40本漫画
2026-01-05 23:29:51 - mkk_pika - main.py:35 - INFO - 开始检查妻喰主義是否存在未下载章节
2026-01-05 23:29:51 - mkk_pika - main.py:45 - INFO - 正在下载:[妻喰主義]-[胡桃屋ましみん]-[['人妻', '長篇', '姐姐系']]-[total_pages:182]
2026-01-05 23:29:51 - mkk_pika - main.py:49 - INFO - [{'_id': '582189bf5f6b9a4f93def053', 'title': '第1集', 'order': 1, 'updated_at': '2016-11-08T08:15:59.762Z', 'id': '582189bf5f6b9a4f93def053'}]
2026-01-05 23:29:51 - mkk_pika - database.py:215 - INFO - 第一次下载该漫画，记录数据库中
2026-01-05 23:29:54 - mkk_pika - main.py:83 - INFO - 找到 182 张图片在:第1集
2026-01-05 23:29:58 - mkk_pika - main.py:112 - INFO - [episode:第1集       ] downloaded:   182, total: 182, progress:100%
2026-01-05 23:29:58 - mkk_pika - database.py:238 - INFO - 数据库更新已下载章节
2026-01-05 23:29:58 - mkk_pika - database.py:244 - INFO - 该漫画已下载章节如下
2026-01-05 23:29:58 - mkk_pika - database.py:245 - INFO - ['第1集']
2026-01-05 23:29:59 - mkk_pika - main.py:348 - INFO - ==================== 漫画信息 ====================
                                   漫画ID：582189bf5f6b9a4f93def051
                                   标题：妻喰主義
                                   作者：胡桃屋ましみん
                                   是否完结：是
                                   总页数：182
                                   分类：人妻,長篇,姐姐系
                                   章节数：1
                                   最后更新时间：2007-07-20T08:47:28.000Z
                                   =================================================
2026-01-05 23:29:59 - mkk_pika - database.py:101 - INFO - 保存成功：妻喰主義
2026-01-05 23:29:59 - mkk_pika - main.py:35 - INFO - 开始检查秋子さんといっしょ 1-12 [みたらし倶楽部]是否存在未下载章节
2026-01-05 23:29:59 - mkk_pika - main.py:45 - INFO - 正在下载:[秋子さんといっしょ 1-12 [みたらし倶楽部]]-[みたらし倶楽部]-[['同人', '人妻', '長篇', '純愛']]-[total_pages:450]
2026-01-05 23:29:59 - mkk_pika - main.py:49 - INFO - [{'_id': '582189c05f6b9a4f93def1c3', 'title': '第1集', 'order': 1, 'updated_at': '2016-11-08T08:16:00.707Z', 'id': '582189c05f6b9a4f93def1c3'}, {'_id': '582189c15f6b9a4f93def237', 'title': '第2集', 'order': 2, 'updated_at': '2016-11-08T08:16:01.269Z', 'id': '582189c15f6b9a4f93def237'}, {'_id': '582189c15f6b9a4f93def285', 'title': '第3集', 'order': 3, 'updated_at': '2016-11-08T08:16:01.718Z', 'id': '582189c15f6b9a4f93def285'}, {'_id': '582189c25f6b9a4f93def2cb', 'title': '第4集', 'order': 4, 'updated_at': '2016-11-08T08:16:02.144Z', 'id': '582189c25f6b9a4f93def2cb'}, {'_id': '582189c25f6b9a4f93def321', 'title': '第5集', 'order': 5, 'updated_at': '2016-11-08T08:16:02.641Z', 'id': '582189c25f6b9a4f93def321'}, {'_id': '582189c35f6b9a4f93def367', 'title': '第6集', 'order': 6, 'updated_at': '2016-11-08T08:16:03.268Z', 'id': '582189c35f6b9a4f93def367'}, {'_id': '582189c35f6b9a4f93def3ab', 'title': '第7集', 'order': 7, 'updated_at': '2016-11-08T08:16:03.881Z', 'id': '582189c35f6b9a4f93def3ab'}, {'_id': '582189c45f6b9a4f93def3f5', 'title': '第8集', 'order': 8, 'updated_at': '2016-11-08T08:16:04.346Z', 'id': '582189c45f6b9a4f93def3f5'}, {'_id': '582189c55f6b9a4f93def433', 'title': '第9集', 'order': 9, 'updated_at': '2016-11-08T08:16:05.139Z', 'id': '582189c55f6b9a4f93def433'}, {'_id': '582189c55f6b9a4f93def47d', 'title': '第10集', 'order': 10, 'updated_at': '2016-11-08T08:16:05.613Z', 'id': '582189c55f6b9a4f93def47d'}, {'_id': '582189c65f6b9a4f93def4cf', 'title': '第11集', 'order': 11, 'updated_at': '2016-11-08T08:16:06.120Z', 'id': '582189c65f6b9a4f93def4cf'}, {'_id': '582189c65f6b9a4f93def519', 'title': '第12集', 'order': 12, 'updated_at': '2016-11-08T08:16:06.621Z', 'id': '582189c65f6b9a4f93def519'}]
2026-01-05 23:29:59 - mkk_pika - database.py:215 - INFO - 第一次下载该漫画，记录数据库中
2026-01-05 23:30:00 - mkk_pika - main.py:83 - INFO - 找到 57 张图片在:第1集
2026-01-05 23:30:02 - mkk_pika - main.py:112 - INFO - [episode:第1集       ] downloaded:    57, total:  57, progress:100%
2026-01-05 23:30:02 - mkk_pika - database.py:238 - INFO - 数据库更新已下载章节
2026-01-05 23:30:02 - mkk_pika - database.py:244 - INFO - 该漫画已下载章节如下
2026-01-05 23:30:02 - mkk_pika - database.py:245 - INFO - ['第1集']
2026-01-05 23:30:04 - mkk_pika - main.py:83 - INFO - 找到 38 张图片在:第2集
2026-01-05 23:30:04 - mkk_pika - main.py:112 - INFO - [episode:第2集       ] downloaded:    38, total:  38, progress:100%
2026-01-05 23:30:04 - mkk_pika - database.py:238 - INFO - 数据库更新已下载章节
2026-01-05 23:30:04 - mkk_pika - database.py:244 - INFO - 该漫画已下载章节如下
2026-01-05 23:30:04 - mkk_pika - database.py:245 - INFO - ['第1集', '第2集']
2026-01-05 23:30:06 - mkk_pika - main.py:83 - INFO - 找到 34 张图片在:第3集
2026-01-05 23:30:07 - mkk_pika - main.py:112 - INFO - [episode:第3集       ] downloaded:    34, total:  34, progress:100%
2026-01-05 23:30:07 - mkk_pika - database.py:238 - INFO - 数据库更新已下载章节
2026-01-05 23:30:07 - mkk_pika - database.py:244 - INFO - 该漫画已下载章节如下
2026-01-05 23:30:07 - mkk_pika - database.py:245 - INFO - ['第1集', '第2集', '第3集']
2026-01-05 23:30:09 - mkk_pika - main.py:83 - INFO - 找到 42 张图片在:第4集
2026-01-05 23:30:10 - mkk_pika - main.py:112 - INFO - [episode:第4集       ] downloaded:    42, total:  42, progress:100%
2026-01-05 23:30:10 - mkk_pika - database.py:238 - INFO - 数据库更新已下载章节
2026-01-05 23:30:10 - mkk_pika - database.py:244 - INFO - 该漫画已下载章节如下
2026-01-05 23:30:10 - mkk_pika - database.py:245 - INFO - ['第1集', '第2集', '第3集', '第4集']
2026-01-05 23:30:12 - mkk_pika - main.py:83 - INFO - 找到 34 张图片在:第5集
2026-01-05 23:30:12 - mkk_pika - main.py:112 - INFO - [episode:第5集       ] downloaded:    34, total:  34, progress:100%
2026-01-05 23:30:12 - mkk_pika - database.py:238 - INFO - 数据库更新已下载章节
2026-01-05 23:30:12 - mkk_pika - database.py:244 - INFO - 该漫画已下载章节如下
2026-01-05 23:30:12 - mkk_pika - database.py:245 - INFO - ['第1集', '第2集', '第3集', '第4集', '第5集']
2026-01-05 23:30:14 - mkk_pika - main.py:83 - INFO - 找到 33 张图片在:第6集
2026-01-05 23:30:15 - mkk_pika - main.py:112 - INFO - [episode:第6集       ] downloaded:    33, total:  33, progress:100%
2026-01-05 23:30:15 - mkk_pika - database.py:238 - INFO - 数据库更新已下载章节
2026-01-05 23:30:15 - mkk_pika - database.py:244 - INFO - 该漫画已下载章节如下
2026-01-05 23:30:15 - mkk_pika - database.py:245 - INFO - ['第1集', '第2集', '第3集', '第4集', '第5集', '第6集']
2026-01-05 23:30:17 - mkk_pika - main.py:83 - INFO - 找到 36 张图片在:第7集
2026-01-05 23:30:18 - mkk_pika - main.py:112 - INFO - [episode:第7集       ] downloaded:    36, total:  36, progress:100%
2026-01-05 23:30:18 - mkk_pika - database.py:238 - INFO - 数据库更新已下载章节
2026-01-05 23:30:18 - mkk_pika - database.py:244 - INFO - 该漫画已下载章节如下
2026-01-05 23:30:18 - mkk_pika - database.py:245 - INFO - ['第1集', '第2集', '第3集', '第4集', '第5集', '第6集', '第7集']
2026-01-05 23:30:19 - mkk_pika - main.py:83 - INFO - 找到 30 张图片在:第8集
2026-01-05 23:30:20 - mkk_pika - main.py:112 - INFO - [episode:第8集       ] downloaded:    30, total:  30, progress:100%
2026-01-05 23:30:20 - mkk_pika - database.py:238 - INFO - 数据库更新已下载章节
2026-01-05 23:30:20 - mkk_pika - database.py:244 - INFO - 该漫画已下载章节如下
2026-01-05 23:30:20 - mkk_pika - database.py:245 - INFO - ['第1集', '第2集', '第3集', '第4集', '第5集', '第6集', '第7集', '第8集']
2026-01-05 23:30:22 - mkk_pika - main.py:83 - INFO - 找到 36 张图片在:第9集
2026-01-05 23:30:23 - mkk_pika - main.py:112 - INFO - [episode:第9集       ] downloaded:    36, total:  36, progress:100%
2026-01-05 23:30:23 - mkk_pika - database.py:238 - INFO - 数据库更新已下载章节
2026-01-05 23:30:23 - mkk_pika - database.py:244 - INFO - 该漫画已下载章节如下
2026-01-05 23:30:23 - mkk_pika - database.py:245 - INFO - ['第1集', '第2集', '第3集', '第4集', '第5集', '第6集', '第7集', '第8集', '第9集']
2026-01-05 23:30:24 - mkk_pika - main.py:83 - INFO - 找到 40 张图片在:第10集
2026-01-05 23:30:25 - mkk_pika - main.py:112 - INFO - [episode:第10集      ] downloaded:    40, total:  40, progress:100%
2026-01-05 23:30:25 - mkk_pika - database.py:238 - INFO - 数据库更新已下载章节
2026-01-05 23:30:25 - mkk_pika - database.py:244 - INFO - 该漫画已下载章节如下
2026-01-05 23:30:25 - mkk_pika - database.py:245 - INFO - ['第1集', '第2集', '第3集', '第4集', '第5集', '第6集', '第7集', '第8集', '第9集', '第10集']
2026-01-05 23:30:27 - mkk_pika - main.py:83 - INFO - 找到 36 张图片在:第11集
2026-01-05 23:30:28 - mkk_pika - main.py:112 - INFO - [episode:第11集      ] downloaded:    36, total:  36, progress:100%
2026-01-05 23:30:28 - mkk_pika - database.py:238 - INFO - 数据库更新已下载章节
2026-01-05 23:30:28 - mkk_pika - database.py:244 - INFO - 该漫画已下载章节如下
2026-01-05 23:30:28 - mkk_pika - database.py:245 - INFO - ['第1集', '第2集', '第3集', '第4集', '第5集', '第6集', '第7集', '第8集', '第9集', '第10集', '第11集']
2026-01-05 23:30:30 - mkk_pika - main.py:83 - INFO - 找到 34 张图片在:第12集
2026-01-05 23:30:30 - mkk_pika - main.py:112 - INFO - [episode:第12集      ] downloaded:    34, total:  34, progress:100%
2026-01-05 23:30:30 - mkk_pika - database.py:238 - INFO - 数据库更新已下载章节
2026-01-05 23:30:30 - mkk_pika - database.py:244 - INFO - 该漫画已下载章节如下
2026-01-05 23:30:30 - mkk_pika - database.py:245 - INFO - ['第1集', '第2集', '第3集', '第4集', '第5集', '第6集', '第7集', '第8集', '第9集', '第10集', '第11集', '第12集']
2026-01-05 23:30:32 - mkk_pika - main.py:348 - INFO - ==================== 漫画信息 ====================
                                   漫画ID：582189c05f6b9a4f93def1c1
                                   标题：秋子さんといっしょ 1-12 [みたらし倶楽部]
                                   作者：みたらし倶楽部
                                   是否完结：是
                                   总页数：450
                                   分类：同人,人妻,長篇,純愛
                                   章节数：12
                                   最后更新时间：2007-07-20T18:47:28.000Z
                                   =================================================
2026-01-05 23:30:32 - mkk_pika - database.py:101 - INFO - 保存成功：秋子さんといっしょ 1-12 [みたらし倶楽部]
2026-01-05 23:30:32 - mkk_pika - main.py:35 - INFO - 开始检查食戟の敗者是否存在未下载章节
2026-01-05 23:30:32 - mkk_pika - main.py:45 - INFO - 正在下载:[食戟の敗者]-[御奈瀬]-[['同人', '短篇', '純愛']]-[total_pages:28]
2026-01-05 23:30:32 - mkk_pika - main.py:49 - INFO - [{'_id': '582189c75f6b9a4f93def561', 'title': '第1集', 'order': 1, 'updated_at': '2016-11-08T08:16:07.090Z', 'id': '582189c75f6b9a4f93def561'}]
2026-01-05 23:30:32 - mkk_pika - database.py:215 - INFO - 第一次下载该漫画，记录数据库中
2026-01-05 23:30:33 - mkk_pika - main.py:83 - INFO - 找到 28 张图片在:第1集
2026-01-05 23:30:33 - mkk_pika - main.py:112 - INFO - [episode:第1集       ] downloaded:    28, total:  28, progress:100%
2026-01-05 23:30:33 - mkk_pika - database.py:238 - INFO - 数据库更新已下载章节
2026-01-05 23:30:33 - mkk_pika - database.py:244 - INFO - 该漫画已下载章节如下
2026-01-05 23:30:33 - mkk_pika - database.py:245 - INFO - ['第1集']
2026-01-05 23:30:35 - mkk_pika - main.py:348 - INFO - ==================== 漫画信息 ====================
                                   漫画ID：582189c65f6b9a4f93def55f
                                   标题：食戟の敗者
                                   作者：御奈瀬
                                   是否完结：是
                                   总页数：28
                                   分类：同人,短篇,純愛
                                   章节数：1
                                   最后更新时间：2007-07-21T04:47:28.000Z
                                   =================================================
2026-01-05 23:30:35 - mkk_pika - database.py:101 - INFO - 保存成功：食戟の敗者
2026-01-05 23:30:35 - mkk_pika - main.py:35 - INFO - 开始检查學園默示錄是否存在未下载章节
2026-01-05 23:30:35 - mkk_pika - main.py:45 - INFO - 正在下载:[學園默示錄]-[飛燕]-[['同人', '短篇', '純愛']]-[total_pages:28]
2026-01-05 23:30:35 - mkk_pika - main.py:49 - INFO - [{'_id': '582189c75f6b9a4f93def59d', 'title': '第1集', 'order': 1, 'updated_at': '2016-11-08T08:16:07.819Z', 'id': '582189c75f6b9a4f93def59d'}]
2026-01-05 23:30:35 - mkk_pika - database.py:215 - INFO - 第一次下载该漫画，记录数据库中
2026-01-05 23:30:36 - mkk_pika - main.py:83 - INFO - 找到 28 张图片在:第1集
2026-01-05 23:30:36 - mkk_pika - main.py:112 - INFO - [episode:第1集       ] downloaded:    28, total:  28, progress:100%
2026-01-05 23:30:36 - mkk_pika - database.py:238 - INFO - 数据库更新已下载章节
2026-01-05 23:30:36 - mkk_pika - database.py:244 - INFO - 该漫画已下载章节如下
2026-01-05 23:30:36 - mkk_pika - database.py:245 - INFO - ['第1集']
2026-01-05 23:30:38 - mkk_pika - main.py:348 - INFO - ==================== 漫画信息 ====================
                                   漫画ID：582189c75f6b9a4f93def59b
                                   标题：學園默示錄
                                   作者：飛燕
                                   是否完结：是
                                   总页数：28
                                   分类：同人,短篇,純愛
                                   章节数：1
                                   最后更新时间：2007-07-21T14:47:28.000Z
                                   =================================================
2026-01-05 23:30:38 - mkk_pika - database.py:101 - INFO - 保存成功：學園默示錄
2026-01-05 23:30:38 - mkk_pika - main.py:35 - INFO - 开始检查妹君 オリジナル是否存在未下载章节
2026-01-05 23:30:38 - mkk_pika - main.py:45 - INFO - 正在下载:[妹君 オリジナル]-[武者サブ]-[['同人', '短篇', '妹妹系', '純愛']]-[total_pages:25]
2026-01-05 23:30:38 - mkk_pika - main.py:49 - INFO - [{'_id': '582189c85f6b9a4f93def5d9', 'title': '第1集', 'order': 1, 'updated_at': '2016-11-08T08:16:08.268Z', 'id': '582189c85f6b9a4f93def5d9'}]
2026-01-05 23:30:38 - mkk_pika - database.py:215 - INFO - 第一次下载该漫画，记录数据库中
2026-01-05 23:30:39 - mkk_pika - main.py:83 - INFO - 找到 25 张图片在:第1集
2026-01-05 23:30:39 - mkk_pika - main.py:112 - INFO - [episode:第1集       ] downloaded:    25, total:  25, progress:100%
2026-01-05 23:30:39 - mkk_pika - database.py:238 - INFO - 数据库更新已下载章节
2026-01-05 23:30:39 - mkk_pika - database.py:244 - INFO - 该漫画已下载章节如下
2026-01-05 23:30:39 - mkk_pika - database.py:245 - INFO - ['第1集']
2026-01-05 23:30:41 - mkk_pika - main.py:348 - INFO - ==================== 漫画信息 ====================
                                   漫画ID：582189c75f6b9a4f93def5d7
                                   标题：妹君 オリジナル
                                   作者：武者サブ
                                   是否完结：是
                                   总页数：25
                                   分类：同人,短篇,妹妹系,純愛
                                   章节数：1
                                   最后更新时间：2007-07-22T00:47:28.000Z
                                   =================================================
2026-01-05 23:30:41 - mkk_pika - database.py:101 - INFO - 保存成功：妹君 オリジナル
2026-01-05 23:30:41 - mkk_pika - main.py:35 - INFO - 开始检查甘城光辉游乐园 千斗五十铃 同人11本是否存在未下载章节
2026-01-05 23:30:41 - mkk_pika - main.py:45 - INFO - 正在下载:[甘城光辉游乐园 千斗五十铃 同人11本]-[不明]-[['同人', '長篇', '純愛']]-[total_pages:266]
2026-01-05 23:30:41 - mkk_pika - main.py:49 - INFO - [{'_id': '582189c85f6b9a4f93def60f', 'title': '第1集', 'order': 1, 'updated_at': '2016-11-08T08:16:08.717Z', 'id': '582189c85f6b9a4f93def60f'}, {'_id': '582189c95f6b9a4f93def649', 'title': '第2集', 'order': 2, 'updated_at': '2016-11-08T08:16:09.178Z', 'id': '582189c95f6b9a4f93def649'}, {'_id': '582189c95f6b9a4f93def67f', 'title': '第3集', 'order': 3, 'updated_at': '2016-11-08T08:16:09.610Z', 'id': '582189c95f6b9a4f93def67f'}, {'_id': '582189ca5f6b9a4f93def6b9', 'title': '第4集', 'order': 4, 'updated_at': '2016-11-08T08:16:10.075Z', 'id': '582189ca5f6b9a4f93def6b9'}, {'_id': '582189ca5f6b9a4f93def6d3', 'title': '第5集', 'order': 5, 'updated_at': '2016-11-08T08:16:10.441Z', 'id': '582189ca5f6b9a4f93def6d3'}, {'_id': '582189cb5f6b9a4f93def71d', 'title': '第6集', 'order': 6, 'updated_at': '2016-11-08T08:16:11.168Z', 'id': '582189cb5f6b9a4f93def71d'}, {'_id': '582189cb5f6b9a4f93def755', 'title': '第7集', 'order': 7, 'updated_at': '2016-11-08T08:16:11.521Z', 'id': '582189cb5f6b9a4f93def755'}, {'_id': '582189cb5f6b9a4f93def78b', 'title': '第8集', 'order': 8, 'updated_at': '2016-11-08T08:16:11.887Z', 'id': '582189cb5f6b9a4f93def78b'}, {'_id': '582189cc5f6b9a4f93def7bd', 'title': '第9集', 'order': 9, 'updated_at': '2016-11-08T08:16:12.515Z', 'id': '582189cc5f6b9a4f93def7bd'}, {'_id': '582189cd5f6b9a4f93def7e7', 'title': '第10集', 'order': 10, 'updated_at': '2016-11-08T08:16:13.137Z', 'id': '582189cd5f6b9a4f93def7e7'}, {'_id': '582189cd5f6b9a4f93def801', 'title': '第11集', 'order': 11, 'updated_at': '2016-11-08T08:16:13.714Z', 'id': '582189cd5f6b9a4f93def801'}]
2026-01-05 23:30:41 - mkk_pika - database.py:215 - INFO - 第一次下载该漫画，记录数据库中
2026-01-05 23:30:42 - mkk_pika - main.py:83 - INFO - 找到 28 张图片在:第1集
2026-01-05 23:30:42 - mkk_pika - main.py:112 - INFO - [episode:第1集       ] downloaded:    28, total:  28, progress:100%
2026-01-05 23:30:42 - mkk_pika - database.py:238 - INFO - 数据库更新已下载章节
2026-01-05 23:30:42 - mkk_pika - database.py:244 - INFO - 该漫画已下载章节如下
2026-01-05 23:30:42 - mkk_pika - database.py:245 - INFO - ['第1集']
2026-01-05 23:30:44 - mkk_pika - main.py:83 - INFO - 找到 26 张图片在:第2集
2026-01-05 23:30:45 - mkk_pika - main.py:112 - INFO - [episode:第2集       ] downloaded:    26, total:  26, progress:100%
2026-01-05 23:30:45 - mkk_pika - database.py:238 - INFO - 数据库更新已下载章节
2026-01-05 23:30:45 - mkk_pika - database.py:244 - INFO - 该漫画已下载章节如下
2026-01-05 23:30:45 - mkk_pika - database.py:245 - INFO - ['第1集', '第2集']
2026-01-05 23:30:46 - mkk_pika - main.py:83 - INFO - 找到 28 张图片在:第3集
2026-01-05 23:30:47 - mkk_pika - main.py:112 - INFO - [episode:第3集       ] downloaded:    28, total:  28, progress:100%
2026-01-05 23:30:47 - mkk_pika - database.py:238 - INFO - 数据库更新已下载章节
2026-01-05 23:30:47 - mkk_pika - database.py:244 - INFO - 该漫画已下载章节如下
2026-01-05 23:30:47 - mkk_pika - database.py:245 - INFO - ['第1集', '第2集', '第3集']
2026-01-05 23:30:48 - mkk_pika - main.py:83 - INFO - 找到 12 张图片在:第4集
2026-01-05 23:30:49 - mkk_pika - main.py:112 - INFO - [episode:第4集       ] downloaded:    12, total:  12, progress:100%
2026-01-05 23:30:49 - mkk_pika - database.py:238 - INFO - 数据库更新已下载章节
2026-01-05 23:30:49 - mkk_pika - database.py:244 - INFO - 该漫画已下载章节如下
2026-01-05 23:30:49 - mkk_pika - database.py:245 - INFO - ['第1集', '第2集', '第3集', '第4集']
2026-01-05 23:30:51 - mkk_pika - main.py:83 - INFO - 找到 36 张图片在:第5集
2026-01-05 23:30:51 - mkk_pika - main.py:112 - INFO - [episode:第5集       ] downloaded:    36, total:  36, progress:100%
2026-01-05 23:30:51 - mkk_pika - database.py:238 - INFO - 数据库更新已下载章节
2026-01-05 23:30:51 - mkk_pika - database.py:244 - INFO - 该漫画已下载章节如下
2026-01-05 23:30:51 - mkk_pika - database.py:245 - INFO - ['第1集', '第2集', '第3集', '第4集', '第5集']
2026-01-05 23:30:53 - mkk_pika - main.py:83 - INFO - 找到 27 张图片在:第6集
2026-01-05 23:30:54 - mkk_pika - main.py:112 - INFO - [episode:第6集       ] downloaded:    27, total:  27, progress:100%
2026-01-05 23:30:54 - mkk_pika - database.py:238 - INFO - 数据库更新已下载章节
2026-01-05 23:30:54 - mkk_pika - database.py:244 - INFO - 该漫画已下载章节如下
2026-01-05 23:30:54 - mkk_pika - database.py:245 - INFO - ['第1集', '第2集', '第3集', '第4集', '第5集', '第6集']
2026-01-05 23:30:56 - mkk_pika - main.py:83 - INFO - 找到 26 张图片在:第7集
2026-01-05 23:30:56 - mkk_pika - main.py:112 - INFO - [episode:第7集       ] downloaded:    26, total:  26, progress:100%
2026-01-05 23:30:56 - mkk_pika - database.py:238 - INFO - 数据库更新已下载章节
2026-01-05 23:30:56 - mkk_pika - database.py:244 - INFO - 该漫画已下载章节如下
2026-01-05 23:30:56 - mkk_pika - database.py:245 - INFO - ['第1集', '第2集', '第3集', '第4集', '第5集', '第6集', '第7集']
2026-01-05 23:30:58 - mkk_pika - main.py:83 - INFO - 找到 24 张图片在:第8集
2026-01-05 23:30:58 - mkk_pika - main.py:112 - INFO - [episode:第8集       ] downloaded:    24, total:  24, progress:100%
2026-01-05 23:30:58 - mkk_pika - database.py:238 - INFO - 数据库更新已下载章节
2026-01-05 23:30:58 - mkk_pika - database.py:244 - INFO - 该漫画已下载章节如下
2026-01-05 23:30:58 - mkk_pika - database.py:245 - INFO - ['第1集', '第2集', '第3集', '第4集', '第5集', '第6集', '第7集', '第8集']
2026-01-05 23:31:00 - mkk_pika - main.py:83 - INFO - 找到 20 张图片在:第9集
2026-01-05 23:31:01 - mkk_pika - main.py:112 - INFO - [episode:第9集       ] downloaded:    20, total:  20, progress:100%
2026-01-05 23:31:01 - mkk_pika - database.py:238 - INFO - 数据库更新已下载章节
2026-01-05 23:31:01 - mkk_pika - database.py:244 - INFO - 该漫画已下载章节如下
2026-01-05 23:31:01 - mkk_pika - database.py:245 - INFO - ['第1集', '第2集', '第3集', '第4集', '第5集', '第6集', '第7集', '第8集', '第9集']
2026-01-05 23:31:02 - mkk_pika - main.py:83 - INFO - 找到 12 张图片在:第10集
2026-01-05 23:31:03 - mkk_pika - main.py:112 - INFO - [episode:第10集      ] downloaded:    12, total:  12, progress:100%
2026-01-05 23:31:03 - mkk_pika - database.py:238 - INFO - 数据库更新已下载章节
2026-01-05 23:31:03 - mkk_pika - database.py:244 - INFO - 该漫画已下载章节如下
2026-01-05 23:31:03 - mkk_pika - database.py:245 - INFO - ['第1集', '第2集', '第3集', '第4集', '第5集', '第6集', '第7集', '第8集', '第9集', '第10集']
2026-01-05 23:31:04 - mkk_pika - main.py:83 - INFO - 找到 27 张图片在:第11集
2026-01-05 23:31:05 - mkk_pika - main.py:112 - INFO - [episode:第11集      ] downloaded:    27, total:  27, progress:100%
2026-01-05 23:31:05 - mkk_pika - database.py:238 - INFO - 数据库更新已下载章节
2026-01-05 23:31:05 - mkk_pika - database.py:244 - INFO - 该漫画已下载章节如下
2026-01-05 23:31:05 - mkk_pika - database.py:245 - INFO - ['第1集', '第2集', '第3集', '第4集', '第5集', '第6集', '第7集', '第8集', '第9集', '第10集', '第11集']
2026-01-05 23:31:06 - mkk_pika - main.py:348 - INFO - ==================== 漫画信息 ====================
                                   漫画ID：582189c85f6b9a4f93def60d
                                   标题：甘城光辉游乐园 千斗五十铃 同人11本
                                   作者：不明
                                   是否完结：是
                                   总页数：266
                                   分类：同人,長篇,純愛
                                   章节数：11
                                   最后更新时间：2007-07-22T10:47:28.000Z
                                   =================================================
2026-01-05 23:31:06 - mkk_pika - database.py:101 - INFO - 保存成功：甘城光辉游乐园 千斗五十铃 同人11本
2026-01-05 23:31:06 - mkk_pika - main.py:35 - INFO - 开始检查橘さん家ノ男性事情 ヤリ部屋編是否存在未下载章节
2026-01-05 23:31:06 - mkk_pika - main.py:45 - INFO - 正在下载:[橘さん家ノ男性事情 ヤリ部屋編]-[MTSP (JIN)]-[['人妻', 'NTR']]-[total_pages:65]
2026-01-05 23:31:06 - mkk_pika - main.py:49 - INFO - [{'_id': '582189ce5f6b9a4f93def83b', 'title': '第1集', 'order': 1, 'updated_at': '2016-11-08T08:16:14.206Z', 'id': '582189ce5f6b9a4f93def83b'}]
2026-01-05 23:31:06 - mkk_pika - database.py:215 - INFO - 第一次下载该漫画，记录数据库中
2026-01-05 23:31:08 - mkk_pika - main.py:83 - INFO - 找到 65 张图片在:第1集
2026-01-05 23:31:10 - mkk_pika - main.py:112 - INFO - [episode:第1集       ] downloaded:    65, total:  65, progress:100%
2026-01-05 23:31:10 - mkk_pika - database.py:238 - INFO - 数据库更新已下载章节
2026-01-05 23:31:10 - mkk_pika - database.py:244 - INFO - 该漫画已下载章节如下
2026-01-05 23:31:10 - mkk_pika - database.py:245 - INFO - ['第1集']
2026-01-05 23:31:11 - mkk_pika - main.py:348 - INFO - ==================== 漫画信息 ====================
                                   漫画ID：582189cd5f6b9a4f93def839
                                   标题：橘さん家ノ男性事情 ヤリ部屋編
                                   作者：MTSP (JIN)
                                   是否完结：是
                                   总页数：65
                                   分类：人妻,NTR
                                   章节数：1
                                   最后更新时间：2007-07-22T20:47:28.000Z
                                   =================================================
2026-01-05 23:31:11 - mkk_pika - database.py:101 - INFO - 保存成功：橘さん家ノ男性事情 ヤリ部屋編
2026-01-05 23:31:11 - mkk_pika - main.py:35 - INFO - 开始检查橘さん家ノ男性事情 まとめ版是否存在未下载章节
2026-01-05 23:31:11 - mkk_pika - main.py:45 - INFO - 正在下载:[橘さん家ノ男性事情 まとめ版]-[MTSP (JIN)]-[['人妻', 'NTR']]-[total_pages:39]
2026-01-05 23:31:11 - mkk_pika - main.py:49 - INFO - [{'_id': '582189ce5f6b9a4f93def8c1', 'title': '第1集', 'order': 1, 'updated_at': '2016-11-08T08:16:14.944Z', 'id': '582189ce5f6b9a4f93def8c1'}]
2026-01-05 23:31:11 - mkk_pika - database.py:215 - INFO - 第一次下载该漫画，记录数据库中
2026-01-05 23:31:12 - mkk_pika - main.py:83 - INFO - 找到 39 张图片在:第1集
2026-01-05 23:31:13 - mkk_pika - main.py:112 - INFO - [episode:第1集       ] downloaded:    39, total:  39, progress:100%
2026-01-05 23:31:13 - mkk_pika - database.py:238 - INFO - 数据库更新已下载章节
2026-01-05 23:31:13 - mkk_pika - database.py:244 - INFO - 该漫画已下载章节如下
2026-01-05 23:31:13 - mkk_pika - database.py:245 - INFO - ['第1集']
2026-01-05 23:31:14 - mkk_pika - main.py:348 - INFO - ==================== 漫画信息 ====================
                                   漫画ID：582189ce5f6b9a4f93def8bf
                                   标题：橘さん家ノ男性事情 まとめ版
                                   作者：MTSP (JIN)
                                   是否完结：是
                                   总页数：39
                                   分类：人妻,NTR
                                   章节数：1
                                   最后更新时间：2007-07-23T06:47:28.000Z
                                   =================================================
2026-01-05 23:31:14 - mkk_pika - database.py:101 - INFO - 保存成功：橘さん家ノ男性事情 まとめ版
2026-01-05 23:31:14 - mkk_pika - main.py:35 - INFO - 开始检查関西漁業協同組合是否存在未下载章节
2026-01-05 23:31:15 - mkk_pika - main.py:45 - INFO - 正在下载:[関西漁業協同組合]-[丸新]-[['同人', '長篇', '純愛']]-[total_pages:183]
2026-01-05 23:31:15 - mkk_pika - main.py:49 - INFO - [{'_id': '582189d35f6b9a4f93defc2d', 'title': '第1集', 'order': 1, 'updated_at': '2016-11-08T08:16:19.280Z', 'id': '582189d35f6b9a4f93defc2d'}, {'_id': '582189d35f6b9a4f93defc7b', 'title': '第2集', 'order': 2, 'updated_at': '2016-11-08T08:16:19.769Z', 'id': '582189d35f6b9a4f93defc7b'}, {'_id': '582189d45f6b9a4f93defcc9', 'title': '第3集', 'order': 3, 'updated_at': '2016-11-08T08:16:20.562Z', 'id': '582189d45f6b9a4f93defcc9'}, {'_id': '582189d45f6b9a4f93defd0b', 'title': '第4集', 'order': 4, 'updated_at': '2016-11-08T08:16:20.997Z', 'id': '582189d45f6b9a4f93defd0b'}, {'_id': '582189d55f6b9a4f93defd59', 'title': '第5集', 'order': 5, 'updated_at': '2016-11-08T08:16:21.486Z', 'id': '582189d55f6b9a4f93defd59'}]
2026-01-05 23:31:15 - mkk_pika - database.py:215 - INFO - 第一次下载该漫画，记录数据库中
2026-01-05 23:31:15 - mkk_pika - main.py:83 - INFO - 找到 38 张图片在:第1集
2026-01-05 23:31:16 - mkk_pika - main.py:112 - INFO - [episode:第1集       ] downloaded:    38, total:  38, progress:100%
2026-01-05 23:31:16 - mkk_pika - database.py:238 - INFO - 数据库更新已下载章节
2026-01-05 23:31:16 - mkk_pika - database.py:244 - INFO - 该漫画已下载章节如下
2026-01-05 23:31:16 - mkk_pika - database.py:245 - INFO - ['第1集']
2026-01-05 23:31:18 - mkk_pika - main.py:83 - INFO - 找到 38 张图片在:第2集
2026-01-05 23:31:19 - mkk_pika - main.py:112 - INFO - [episode:第2集       ] downloaded:    38, total:  38, progress:100%
2026-01-05 23:31:19 - mkk_pika - database.py:238 - INFO - 数据库更新已下载章节
2026-01-05 23:31:19 - mkk_pika - database.py:244 - INFO - 该漫画已下载章节如下
2026-01-05 23:31:19 - mkk_pika - database.py:245 - INFO - ['第1集', '第2集']
2026-01-05 23:31:20 - mkk_pika - main.py:83 - INFO - 找到 32 张图片在:第3集
2026-01-05 23:31:21 - mkk_pika - main.py:112 - INFO - [episode:第3集       ] downloaded:    32, total:  32, progress:100%
2026-01-05 23:31:21 - mkk_pika - database.py:238 - INFO - 数据库更新已下载章节
2026-01-05 23:31:21 - mkk_pika - database.py:244 - INFO - 该漫画已下载章节如下
2026-01-05 23:31:21 - mkk_pika - database.py:245 - INFO - ['第1集', '第2集', '第3集']
2026-01-05 23:31:23 - mkk_pika - main.py:83 - INFO - 找到 38 张图片在:第4集
2026-01-05 23:31:24 - mkk_pika - main.py:112 - INFO - [episode:第4集       ] downloaded:    38, total:  38, progress:100%
2026-01-05 23:31:24 - mkk_pika - database.py:238 - INFO - 数据库更新已下载章节
2026-01-05 23:31:24 - mkk_pika - database.py:244 - INFO - 该漫画已下载章节如下
2026-01-05 23:31:24 - mkk_pika - database.py:245 - INFO - ['第1集', '第2集', '第3集', '第4集']
2026-01-05 23:31:25 - mkk_pika - main.py:83 - INFO - 找到 37 张图片在:第5集
2026-01-05 23:31:26 - mkk_pika - main.py:112 - INFO - [episode:第5集       ] downloaded:    37, total:  37, progress:100%
2026-01-05 23:31:26 - mkk_pika - database.py:238 - INFO - 数据库更新已下载章节
2026-01-05 23:31:26 - mkk_pika - database.py:244 - INFO - 该漫画已下载章节如下
2026-01-05 23:31:26 - mkk_pika - database.py:245 - INFO - ['第1集', '第2集', '第3集', '第4集', '第5集']
2026-01-05 23:31:28 - mkk_pika - main.py:348 - INFO - ==================== 漫画信息 ====================
                                   漫画ID：582189d25f6b9a4f93defc2b
                                   标题：関西漁業協同組合
                                   作者：丸新
                                   是否完结：是
                                   总页数：183
                                   分类：同人,長篇,純愛
                                   章节数：5
                                   最后更新时间：2007-07-24T12:47:28.000Z
                                   =================================================
2026-01-05 23:31:28 - mkk_pika - database.py:101 - INFO - 保存成功：関西漁業協同組合
2026-01-05 23:31:28 - mkk_pika - main.py:35 - INFO - 开始检查これくとが～る是否存在未下载章节
2026-01-05 23:31:28 - mkk_pika - main.py:45 - INFO - 正在下载:[これくとが～る]-[モチ]-[['同人', '短篇', '純愛']]-[total_pages:33]
2026-01-05 23:31:28 - mkk_pika - main.py:49 - INFO - [{'_id': '582189d65f6b9a4f93defda7', 'title': '第1集', 'order': 1, 'updated_at': '2016-11-08T08:16:22.278Z', 'id': '582189d65f6b9a4f93defda7'}]
2026-01-05 23:31:28 - mkk_pika - database.py:215 - INFO - 第一次下载该漫画，记录数据库中
2026-01-05 23:31:29 - mkk_pika - main.py:83 - INFO - 找到 33 张图片在:第1集
2026-01-05 23:31:29 - mkk_pika - main.py:112 - INFO - [episode:第1集       ] downloaded:    33, total:  33, progress:100%
2026-01-05 23:31:29 - mkk_pika - database.py:238 - INFO - 数据库更新已下载章节
2026-01-05 23:31:29 - mkk_pika - database.py:244 - INFO - 该漫画已下载章节如下
2026-01-05 23:31:29 - mkk_pika - database.py:245 - INFO - ['第1集']
2026-01-05 23:31:31 - mkk_pika - main.py:348 - INFO - ==================== 漫画信息 ====================
                                   漫画ID：582189d55f6b9a4f93defda5
                                   标题：これくとが～る
                                   作者：モチ
                                   是否完结：是
                                   总页数：33
                                   分类：同人,短篇,純愛
                                   章节数：1
                                   最后更新时间：2007-07-24T22:47:28.000Z
                                   =================================================
2026-01-05 23:31:31 - mkk_pika - database.py:101 - INFO - 保存成功：これくとが～る
2026-01-05 23:31:31 - mkk_pika - main.py:35 - INFO - 开始检查妹と付き合う11の方法是否存在未下载章节
2026-01-05 23:31:31 - mkk_pika - main.py:45 - INFO - 正在下载:[妹と付き合う11の方法]-[澤野明]-[['同人', '長篇', '妹妹系', '純愛']]-[total_pages:206]
2026-01-05 23:31:31 - mkk_pika - main.py:49 - INFO - [{'_id': '582189d75f6b9a4f93defded', 'title': '第1集', 'order': 1, 'updated_at': '2016-11-08T08:16:23.062Z', 'id': '582189d75f6b9a4f93defded'}]
2026-01-05 23:31:31 - mkk_pika - database.py:215 - INFO - 第一次下载该漫画，记录数据库中
2026-01-05 23:31:33 - mkk_pika - main.py:83 - INFO - 找到 206 张图片在:第1集
2026-01-05 23:31:38 - mkk_pika - main.py:112 - INFO - [episode:第1集       ] downloaded:   206, total: 206, progress:100%
2026-01-05 23:31:38 - mkk_pika - database.py:238 - INFO - 数据库更新已下载章节
2026-01-05 23:31:38 - mkk_pika - database.py:244 - INFO - 该漫画已下载章节如下
2026-01-05 23:31:38 - mkk_pika - database.py:245 - INFO - ['第1集']
2026-01-05 23:31:39 - mkk_pika - main.py:348 - INFO - ==================== 漫画信息 ====================
                                   漫画ID：582189d65f6b9a4f93defdeb
                                   标题：妹と付き合う11の方法
                                   作者：澤野明
                                   是否完结：是
                                   总页数：206
                                   分类：同人,長篇,妹妹系,純愛
                                   章节数：1
                                   最后更新时间：2007-07-25T08:47:28.000Z
                                   =================================================
2026-01-05 23:31:39 - mkk_pika - database.py:101 - INFO - 保存成功：妹と付き合う11の方法
2026-01-05 23:31:39 - mkk_pika - main.py:35 - INFO - 开始检查[ゲンツキ置き場 (ゲンツキ)] 7本合集是否存在未下载章节
2026-01-05 23:31:39 - mkk_pika - main.py:45 - INFO - 正在下载:[[ゲンツキ置き場 (ゲンツキ)] 7本合集]-[ゲンツキ置き場]-[['同人', '長篇', '純愛']]-[total_pages:101]
2026-01-05 23:31:39 - mkk_pika - main.py:49 - INFO - [{'_id': '582189d85f6b9a4f93deff8d', 'title': '第1集', 'order': 1, 'updated_at': '2016-11-08T08:16:24.485Z', 'id': '582189d85f6b9a4f93deff8d'}, {'_id': '582189d95f6b9a4f93deffb9', 'title': '第2集', 'order': 2, 'updated_at': '2016-11-08T08:16:25.151Z', 'id': '582189d95f6b9a4f93deffb9'}, {'_id': '582189d95f6b9a4f93deffe5', 'title': '第3集', 'order': 3, 'updated_at': '2016-11-08T08:16:25.525Z', 'id': '582189d95f6b9a4f93deffe5'}, {'_id': '582189da5f6b9a4f93df0013', 'title': '第4集', 'order': 4, 'updated_at': '2016-11-08T08:16:26.148Z', 'id': '582189da5f6b9a4f93df0013'}, {'_id': '582189da5f6b9a4f93df003b', 'title': '第5集', 'order': 5, 'updated_at': '2016-11-08T08:16:26.517Z', 'id': '582189da5f6b9a4f93df003b'}]
2026-01-05 23:31:39 - mkk_pika - database.py:215 - INFO - 第一次下载该漫画，记录数据库中
2026-01-05 23:31:40 - mkk_pika - main.py:83 - INFO - 找到 21 张图片在:第1集
2026-01-05 23:31:41 - mkk_pika - main.py:112 - INFO - [episode:第1集       ] downloaded:    21, total:  21, progress:100%
2026-01-05 23:31:41 - mkk_pika - database.py:238 - INFO - 数据库更新已下载章节
2026-01-05 23:31:41 - mkk_pika - database.py:244 - INFO - 该漫画已下载章节如下
2026-01-05 23:31:41 - mkk_pika - database.py:245 - INFO - ['第1集']
2026-01-05 23:31:42 - mkk_pika - main.py:83 - INFO - 找到 21 张图片在:第2集
2026-01-05 23:31:43 - mkk_pika - main.py:112 - INFO - [episode:第2集       ] downloaded:    21, total:  21, progress:100%
2026-01-05 23:31:43 - mkk_pika - database.py:238 - INFO - 数据库更新已下载章节
2026-01-05 23:31:43 - mkk_pika - database.py:244 - INFO - 该漫画已下载章节如下
2026-01-05 23:31:43 - mkk_pika - database.py:245 - INFO - ['第1集', '第2集']
2026-01-05 23:31:45 - mkk_pika - main.py:83 - INFO - 找到 22 张图片在:第3集
2026-01-05 23:31:45 - mkk_pika - main.py:112 - INFO - [episode:第3集       ] downloaded:    22, total:  22, progress:100%
2026-01-05 23:31:45 - mkk_pika - database.py:238 - INFO - 数据库更新已下载章节
2026-01-05 23:31:45 - mkk_pika - database.py:244 - INFO - 该漫画已下载章节如下
2026-01-05 23:31:45 - mkk_pika - database.py:245 - INFO - ['第1集', '第2集', '第3集']
2026-01-05 23:31:47 - mkk_pika - main.py:83 - INFO - 找到 19 张图片在:第4集
2026-01-05 23:31:48 - mkk_pika - main.py:112 - INFO - [episode:第4集       ] downloaded:    19, total:  19, progress:100%
2026-01-05 23:31:48 - mkk_pika - database.py:238 - INFO - 数据库更新已下载章节
2026-01-05 23:31:48 - mkk_pika - database.py:244 - INFO - 该漫画已下载章节如下
2026-01-05 23:31:48 - mkk_pika - database.py:245 - INFO - ['第1集', '第2集', '第3集', '第4集']
2026-01-05 23:31:49 - mkk_pika - main.py:83 - INFO - 找到 18 张图片在:第5集
2026-01-05 23:31:50 - mkk_pika - main.py:112 - INFO - [episode:第5集       ] downloaded:    18, total:  18, progress:100%
2026-01-05 23:31:50 - mkk_pika - database.py:238 - INFO - 数据库更新已下载章节
2026-01-05 23:31:50 - mkk_pika - database.py:244 - INFO - 该漫画已下载章节如下
2026-01-05 23:31:50 - mkk_pika - database.py:245 - INFO - ['第1集', '第2集', '第3集', '第4集', '第5集']
2026-01-05 23:31:51 - mkk_pika - main.py:348 - INFO - ==================== 漫画信息 ====================
                                   漫画ID：582189d85f6b9a4f93deff8b
                                   标题：[ゲンツキ置き場 (ゲンツキ)] 7本合集
                                   作者：ゲンツキ置き場
                                   是否完结：是
                                   总页数：101
                                   分类：同人,長篇,純愛
                                   章节数：5
                                   最后更新时间：2007-07-25T18:47:28.000Z
                                   =================================================
2026-01-05 23:31:51 - mkk_pika - database.py:101 - INFO - 保存成功：[ゲンツキ置き場 (ゲンツキ)] 7本合集
2026-01-05 23:31:51 - mkk_pika - main.py:35 - INFO - 开始检查 僕だけの爆乳オナメイド -7周年記念合同誌-是否存在未下载章节
2026-01-05 23:31:51 - mkk_pika - main.py:45 - INFO - 正在下载:[ 僕だけの爆乳オナメイド -7周年記念合同誌-]-[INSERT (KEN, Jin, エレクトさわる)]-[['同人', '長篇', '後宮閃光', '姐姐系', '純愛']]-[total_pages:149]
2026-01-05 23:31:51 - mkk_pika - main.py:49 - INFO - [{'_id': '582189dc5f6b9a4f93df022f', 'title': '第1集', 'order': 1, 'updated_at': '2016-11-08T08:16:28.324Z', 'id': '582189dc5f6b9a4f93df022f'}]
2026-01-05 23:31:51 - mkk_pika - database.py:215 - INFO - 第一次下载该漫画，记录数据库中
2026-01-05 23:31:53 - mkk_pika - main.py:83 - INFO - 找到 149 张图片在:第1集
2026-01-05 23:31:56 - mkk_pika - main.py:112 - INFO - [episode:第1集       ] downloaded:   149, total: 149, progress:100%
2026-01-05 23:31:56 - mkk_pika - database.py:238 - INFO - 数据库更新已下载章节
2026-01-05 23:31:56 - mkk_pika - database.py:244 - INFO - 该漫画已下载章节如下
2026-01-05 23:31:56 - mkk_pika - database.py:245 - INFO - ['第1集']
2026-01-05 23:31:58 - mkk_pika - main.py:348 - INFO - ==================== 漫画信息 ====================
                                   漫画ID：582189dc5f6b9a4f93df022d
                                   标题： 僕だけの爆乳オナメイド -7周年記念合同誌-
                                   作者：INSERT (KEN, Jin, エレクトさわる)
                                   是否完结：是
                                   总页数：149
                                   分类：同人,長篇,後宮閃光,姐姐系,純愛
                                   章节数：1
                                   最后更新时间：2007-07-26T14:47:28.000Z
                                   =================================================
2026-01-05 23:31:58 - mkk_pika - database.py:101 - INFO - 保存成功： 僕だけの爆乳オナメイド -7周年記念合同誌-
2026-01-05 23:31:58 - mkk_pika - main.py:35 - INFO - 开始检查被虐教室是否存在未下载章节
2026-01-05 23:31:59 - mkk_pika - main.py:45 - INFO - 正在下载:[被虐教室]-[あ～る・こが]-[['同人', '長篇', '妹妹系', '純愛']]-[total_pages:211]
2026-01-05 23:31:59 - mkk_pika - main.py:49 - INFO - [{'_id': '582189dd5f6b9a4f93df035d', 'title': '第1集', 'order': 1, 'updated_at': '2016-11-08T08:16:29.762Z', 'id': '582189dd5f6b9a4f93df035d'}]
2026-01-05 23:31:59 - mkk_pika - database.py:215 - INFO - 第一次下载该漫画，记录数据库中
2026-01-05 23:32:01 - mkk_pika - main.py:83 - INFO - 找到 211 张图片在:第1集
2026-01-05 23:32:06 - mkk_pika - main.py:112 - INFO - [episode:第1集       ] downloaded:   211, total: 211, progress:100%
2026-01-05 23:32:06 - mkk_pika - database.py:238 - INFO - 数据库更新已下载章节
2026-01-05 23:32:06 - mkk_pika - database.py:244 - INFO - 该漫画已下载章节如下
2026-01-05 23:32:06 - mkk_pika - database.py:245 - INFO - ['第1集']
2026-01-05 23:32:07 - mkk_pika - main.py:348 - INFO - ==================== 漫画信息 ====================
                                   漫画ID：582189dd5f6b9a4f93df035b
                                   标题：被虐教室
                                   作者：あ～る・こが
                                   是否完结：是
                                   总页数：211
                                   分类：同人,長篇,妹妹系,純愛
                                   章节数：1
                                   最后更新时间：2007-07-27T00:47:28.000Z
                                   =================================================
2026-01-05 23:32:07 - mkk_pika - database.py:101 - INFO - 保存成功：被虐教室
2026-01-05 23:32:07 - mkk_pika - main.py:35 - INFO - 开始检查隣のHな人妻達是否存在未下载章节
2026-01-05 23:32:07 - mkk_pika - main.py:45 - INFO - 正在下载:[隣のHな人妻達]-[成島ゴドー]-[['同人', '人妻', '長篇', '純愛']]-[total_pages:213]
2026-01-05 23:32:07 - mkk_pika - main.py:49 - INFO - [{'_id': '582189df5f6b9a4f93df0507', 'title': '第1集', 'order': 1, 'updated_at': '2016-11-08T08:16:31.467Z', 'id': '582189df5f6b9a4f93df0507'}]
2026-01-05 23:32:07 - mkk_pika - database.py:215 - INFO - 第一次下载该漫画，记录数据库中
2026-01-05 23:32:10 - mkk_pika - main.py:83 - INFO - 找到 213 张图片在:第1集
2026-01-05 23:32:14 - mkk_pika - main.py:112 - INFO - [episode:第1集       ] downloaded:   213, total: 213, progress:100%
2026-01-05 23:32:14 - mkk_pika - database.py:238 - INFO - 数据库更新已下载章节
2026-01-05 23:32:14 - mkk_pika - database.py:244 - INFO - 该漫画已下载章节如下
2026-01-05 23:32:14 - mkk_pika - database.py:245 - INFO - ['第1集']
2026-01-05 23:32:16 - mkk_pika - main.py:348 - INFO - ==================== 漫画信息 ====================
                                   漫画ID：582189de5f6b9a4f93df0505
                                   标题：隣のHな人妻達
                                   作者：成島ゴドー
                                   是否完结：是
                                   总页数：213
                                   分类：同人,人妻,長篇,純愛
                                   章节数：1
                                   最后更新时间：2007-07-27T10:47:28.000Z
                                   =================================================
2026-01-05 23:32:16 - mkk_pika - database.py:101 - INFO - 保存成功：隣のHな人妻達
2026-01-05 23:32:16 - mkk_pika - main.py:35 - INFO - 开始检查癡女で野獣是否存在未下载章节
2026-01-05 23:32:16 - mkk_pika - main.py:45 - INFO - 正在下载:[癡女で野獣]-[ゆにおし]-[['同人', '長篇', '純愛']]-[total_pages:193]
2026-01-05 23:32:16 - mkk_pika - main.py:49 - INFO - [{'_id': '582189e15f6b9a4f93df06b5', 'title': '第1集', 'order': 1, 'updated_at': '2016-11-08T08:16:33.175Z', 'id': '582189e15f6b9a4f93df06b5'}]
2026-01-05 23:32:16 - mkk_pika - database.py:215 - INFO - 第一次下载该漫画，记录数据库中
2026-01-05 23:32:18 - mkk_pika - main.py:83 - INFO - 找到 193 张图片在:第1集
2026-01-05 23:32:22 - mkk_pika - main.py:112 - INFO - [episode:第1集       ] downloaded:   193, total: 193, progress:100%
2026-01-05 23:32:22 - mkk_pika - database.py:238 - INFO - 数据库更新已下载章节
2026-01-05 23:32:22 - mkk_pika - database.py:244 - INFO - 该漫画已下载章节如下
2026-01-05 23:32:22 - mkk_pika - database.py:245 - INFO - ['第1集']
2026-01-05 23:32:24 - mkk_pika - main.py:348 - INFO - ==================== 漫画信息 ====================
                                   漫画ID：582189e05f6b9a4f93df06b3
                                   标题：癡女で野獣
                                   作者：ゆにおし
                                   是否完结：是
                                   总页数：193
                                   分类：同人,長篇,純愛
                                   章节数：1
                                   最后更新时间：2007-07-27T20:47:28.000Z
                                   =================================================
2026-01-05 23:32:24 - mkk_pika - database.py:101 - INFO - 保存成功：癡女で野獣
2026-01-05 23:32:24 - mkk_pika - main.py:35 - INFO - 开始检查純情ラブパンチ是否存在未下载章节
2026-01-05 23:32:24 - mkk_pika - main.py:45 - INFO - 正在下载:[純情ラブパンチ]-[kakao]-[['同人', '長篇', '妹妹系', '純愛']]-[total_pages:222]
2026-01-05 23:32:24 - mkk_pika - main.py:49 - INFO - [{'_id': '582189e55f6b9a4f93df0bb3', 'title': '第1集', 'order': 1, 'updated_at': '2016-11-08T08:16:37.365Z', 'id': '582189e55f6b9a4f93df0bb3'}]
2026-01-05 23:32:24 - mkk_pika - database.py:215 - INFO - 第一次下载该漫画，记录数据库中
2026-01-05 23:32:26 - mkk_pika - main.py:83 - INFO - 找到 222 张图片在:第1集
2026-01-05 23:32:31 - mkk_pika - main.py:112 - INFO - [episode:第1集       ] downloaded:   222, total: 222, progress:100%
2026-01-05 23:32:31 - mkk_pika - database.py:238 - INFO - 数据库更新已下载章节
2026-01-05 23:32:31 - mkk_pika - database.py:244 - INFO - 该漫画已下载章节如下
2026-01-05 23:32:31 - mkk_pika - database.py:245 - INFO - ['第1集']
2026-01-05 23:32:32 - mkk_pika - main.py:348 - INFO - ==================== 漫画信息 ====================
                                   漫画ID：582189e45f6b9a4f93df0bb1
                                   标题：純情ラブパンチ
                                   作者：kakao
                                   是否完结：是
                                   总页数：222
                                   分类：同人,長篇,妹妹系,純愛
                                   章节数：1
                                   最后更新时间：2007-07-28T16:47:28.000Z
                                   =================================================
2026-01-05 23:32:32 - mkk_pika - database.py:101 - INFO - 保存成功：純情ラブパンチ
2026-01-05 23:32:32 - mkk_pika - main.py:35 - INFO - 开始检查ミダラBooks是否存在未下载章节
2026-01-05 23:32:33 - mkk_pika - main.py:45 - INFO - 正在下载:[ミダラBooks]-[蒟吉人]-[['同人', '長篇', '妹妹系', '純愛']]-[total_pages:184]
2026-01-05 23:32:33 - mkk_pika - main.py:49 - INFO - [{'_id': '582189e65f6b9a4f93df0d73', 'title': '第1集', 'order': 1, 'updated_at': '2016-11-08T08:16:38.280Z', 'id': '582189e65f6b9a4f93df0d73'}]
2026-01-05 23:32:33 - mkk_pika - database.py:215 - INFO - 第一次下载该漫画，记录数据库中
2026-01-05 23:32:35 - mkk_pika - main.py:83 - INFO - 找到 184 张图片在:第1集
2026-01-05 23:32:39 - mkk_pika - main.py:112 - INFO - [episode:第1集       ] downloaded:   184, total: 184, progress:100%
2026-01-05 23:32:39 - mkk_pika - database.py:238 - INFO - 数据库更新已下载章节
2026-01-05 23:32:39 - mkk_pika - database.py:244 - INFO - 该漫画已下载章节如下
2026-01-05 23:32:39 - mkk_pika - database.py:245 - INFO - ['第1集']
2026-01-05 23:32:40 - mkk_pika - main.py:348 - INFO - ==================== 漫画信息 ====================
                                   漫画ID：582189e65f6b9a4f93df0d71
                                   标题：ミダラBooks
                                   作者：蒟吉人
                                   是否完结：是
                                   总页数：184
                                   分类：同人,長篇,妹妹系,純愛
                                   章节数：1
                                   最后更新时间：2007-07-29T02:47:28.000Z
                                   =================================================
2026-01-05 23:32:40 - mkk_pika - database.py:101 - INFO - 保存成功：ミダラBooks
2026-01-05 23:32:40 - mkk_pika - main.py:35 - INFO - 开始检查性愛高潮依存症是否存在未下载章节
2026-01-05 23:32:40 - mkk_pika - main.py:45 - INFO - 正在下载:[性愛高潮依存症]-[成島ゴド]-[['同人', '人妻', '長篇', 'NTR', '強暴']]-[total_pages:215]
2026-01-05 23:32:40 - mkk_pika - main.py:49 - INFO - [{'_id': '582189e75f6b9a4f93df0ee7', 'title': '第1集', 'order': 1, 'updated_at': '2016-11-08T08:16:39.809Z', 'id': '582189e75f6b9a4f93df0ee7'}]
2026-01-05 23:32:40 - mkk_pika - database.py:215 - INFO - 第一次下载该漫画，记录数据库中
2026-01-05 23:32:43 - mkk_pika - main.py:83 - INFO - 找到 215 张图片在:第1集
2026-01-05 23:32:47 - mkk_pika - main.py:112 - INFO - [episode:第1集       ] downloaded:   215, total: 215, progress:100%
2026-01-05 23:32:47 - mkk_pika - database.py:238 - INFO - 数据库更新已下载章节
2026-01-05 23:32:47 - mkk_pika - database.py:244 - INFO - 该漫画已下载章节如下
2026-01-05 23:32:47 - mkk_pika - database.py:245 - INFO - ['第1集']
2026-01-05 23:32:49 - mkk_pika - main.py:348 - INFO - ==================== 漫画信息 ====================
                                   漫画ID：582189e75f6b9a4f93df0ee5
                                   标题：性愛高潮依存症
                                   作者：成島ゴド
                                   是否完结：是
                                   总页数：215
                                   分类：同人,人妻,長篇,NTR,強暴
                                   章节数：1
                                   最后更新时间：2007-07-29T12:47:28.000Z
                                   =================================================
2026-01-05 23:32:49 - mkk_pika - database.py:101 - INFO - 保存成功：性愛高潮依存症
2026-01-05 23:32:49 - mkk_pika - main.py:35 - INFO - 开始检查ごちそうタイツ是否存在未下载章节
2026-01-05 23:32:49 - mkk_pika - main.py:45 - INFO - 正在下载:[ごちそうタイツ]-[岸里さとし]-[['同人', '長篇', '純愛']]-[total_pages:226]
2026-01-05 23:32:49 - mkk_pika - main.py:49 - INFO - [{'_id': '582189e95f6b9a4f93df1099', 'title': '第1集', 'order': 1, 'updated_at': '2016-11-08T08:16:41.599Z', 'id': '582189e95f6b9a4f93df1099'}]
2026-01-05 23:32:49 - mkk_pika - database.py:215 - INFO - 第一次下载该漫画，记录数据库中
2026-01-05 23:32:51 - mkk_pika - main.py:83 - INFO - 找到 226 张图片在:第1集
2026-01-05 23:32:56 - mkk_pika - main.py:112 - INFO - [episode:第1集       ] downloaded:   226, total: 226, progress:100%
2026-01-05 23:32:56 - mkk_pika - database.py:238 - INFO - 数据库更新已下载章节
2026-01-05 23:32:56 - mkk_pika - database.py:244 - INFO - 该漫画已下载章节如下
2026-01-05 23:32:56 - mkk_pika - database.py:245 - INFO - ['第1集']
2026-01-05 23:32:57 - mkk_pika - main.py:348 - INFO - ==================== 漫画信息 ====================
                                   漫画ID：582189e95f6b9a4f93df1097
                                   标题：ごちそうタイツ
                                   作者：岸里さとし
                                   是否完结：是
                                   总页数：226
                                   分类：同人,長篇,純愛
                                   章节数：1
                                   最后更新时间：2007-07-29T22:47:28.000Z
                                   =================================================
2026-01-05 23:32:57 - mkk_pika - database.py:101 - INFO - 保存成功：ごちそうタイツ
2026-01-05 23:32:57 - mkk_pika - main.py:35 - INFO - 开始检查包茎ナマ弄り是否存在未下载章节
2026-01-05 23:32:58 - mkk_pika - main.py:45 - INFO - 正在下载:[包茎ナマ弄り]-[中田モデム]-[['同人', '長篇', '姐姐系', '純愛']]-[total_pages:204]
2026-01-05 23:32:58 - mkk_pika - main.py:49 - INFO - [{'_id': '582189eb5f6b9a4f93df1261', 'title': '第1集', 'order': 1, 'updated_at': '2016-11-08T08:16:43.318Z', 'id': '582189eb5f6b9a4f93df1261'}]
2026-01-05 23:32:58 - mkk_pika - database.py:215 - INFO - 第一次下载该漫画，记录数据库中
2026-01-05 23:33:01 - mkk_pika - main.py:83 - INFO - 找到 204 张图片在:第1集
2026-01-05 23:33:05 - mkk_pika - main.py:112 - INFO - [episode:第1集       ] downloaded:   204, total: 204, progress:100%
2026-01-05 23:33:05 - mkk_pika - database.py:238 - INFO - 数据库更新已下载章节
2026-01-05 23:33:05 - mkk_pika - database.py:244 - INFO - 该漫画已下载章节如下
2026-01-05 23:33:05 - mkk_pika - database.py:245 - INFO - ['第1集']
2026-01-05 23:33:07 - mkk_pika - main.py:348 - INFO - ==================== 漫画信息 ====================
                                   漫画ID：582189ea5f6b9a4f93df125f
                                   标题：包茎ナマ弄り
                                   作者：中田モデム
                                   是否完结：是
                                   总页数：204
                                   分类：同人,長篇,姐姐系,純愛
                                   章节数：1
                                   最后更新时间：2007-07-30T08:47:27.000Z
                                   =================================================
2026-01-05 23:33:07 - mkk_pika - database.py:101 - INFO - 保存成功：包茎ナマ弄り
2026-01-05 23:33:07 - mkk_pika - main.py:35 - INFO - 开始检查ふたり姉弟はフェラピュア 全6话是否存在未下载章节
2026-01-05 23:33:07 - mkk_pika - main.py:45 - INFO - 正在下载:[ふたり姉弟はフェラピュア 全6话]-[Fue]-[['同人', '長篇', '姐姐系', '純愛']]-[total_pages:217]
2026-01-05 23:33:07 - mkk_pika - main.py:49 - INFO - [{'_id': '582189ec5f6b9a4f93df13fd', 'title': '第1集', 'order': 1, 'updated_at': '2016-11-08T08:16:44.923Z', 'id': '582189ec5f6b9a4f93df13fd'}]
2026-01-05 23:33:07 - mkk_pika - database.py:215 - INFO - 第一次下载该漫画，记录数据库中
2026-01-05 23:33:09 - mkk_pika - main.py:83 - INFO - 找到 217 张图片在:第1集
2026-01-05 23:33:14 - mkk_pika - main.py:112 - INFO - [episode:第1集       ] downloaded:   217, total: 217, progress:100%
2026-01-05 23:33:14 - mkk_pika - database.py:238 - INFO - 数据库更新已下载章节
2026-01-05 23:33:14 - mkk_pika - database.py:244 - INFO - 该漫画已下载章节如下
2026-01-05 23:33:14 - mkk_pika - database.py:245 - INFO - ['第1集']
2026-01-05 23:33:15 - mkk_pika - main.py:348 - INFO - ==================== 漫画信息 ====================
                                   漫画ID：582189ec5f6b9a4f93df13fb
                                   标题：ふたり姉弟はフェラピュア 全6话
                                   作者：Fue
                                   是否完结：是
                                   总页数：217
                                   分类：同人,長篇,姐姐系,純愛
                                   章节数：1
                                   最后更新时间：2007-07-30T18:47:27.000Z
                                   =================================================
2026-01-05 23:33:15 - mkk_pika - database.py:101 - INFO - 保存成功：ふたり姉弟はフェラピュア 全6话
2026-01-05 23:33:15 - mkk_pika - main.py:35 - INFO - 开始检查Sweet Days是否存在未下载章节
2026-01-05 23:33:15 - mkk_pika - main.py:45 - INFO - 正在下载:[Sweet Days]-[タカスギコウ]-[['同人', '人妻', '長篇', '純愛']]-[total_pages:190]
2026-01-05 23:33:15 - mkk_pika - main.py:49 - INFO - [{'_id': '582189ee5f6b9a4f93df15b3', 'title': '第1集', 'order': 1, 'updated_at': '2016-11-08T08:16:46.472Z', 'id': '582189ee5f6b9a4f93df15b3'}]
2026-01-05 23:33:15 - mkk_pika - database.py:215 - INFO - 第一次下载该漫画，记录数据库中
2026-01-05 23:33:17 - mkk_pika - main.py:83 - INFO - 找到 190 张图片在:第1集
2026-01-05 23:33:21 - mkk_pika - main.py:112 - INFO - [episode:第1集       ] downloaded:   190, total: 190, progress:100%
2026-01-05 23:33:21 - mkk_pika - database.py:238 - INFO - 数据库更新已下载章节
2026-01-05 23:33:21 - mkk_pika - database.py:244 - INFO - 该漫画已下载章节如下
2026-01-05 23:33:21 - mkk_pika - database.py:245 - INFO - ['第1集']
2026-01-05 23:33:23 - mkk_pika - main.py:348 - INFO - ==================== 漫画信息 ====================
                                   漫画ID：582189ed5f6b9a4f93df15b1
                                   标题：Sweet Days
                                   作者：タカスギコウ
                                   是否完结：是
                                   总页数：190
                                   分类：同人,人妻,長篇,純愛
                                   章节数：1
                                   最后更新时间：2007-07-31T04:47:27.000Z
                                   =================================================
2026-01-05 23:33:23 - mkk_pika - database.py:101 - INFO - 保存成功：Sweet Days
2026-01-05 23:33:23 - mkk_pika - main.py:35 - INFO - 开始检查双母 TWINS MOTHER是否存在未下载章节
2026-01-05 23:33:23 - mkk_pika - main.py:45 - INFO - 正在下载:[双母 TWINS MOTHER]-[ちゃんぽん雅]-[['同人', '人妻', '長篇', '純愛']]-[total_pages:193]
2026-01-05 23:33:23 - mkk_pika - main.py:49 - INFO - [{'_id': '582189ef5f6b9a4f93df1733', 'title': '第1集', 'order': 1, 'updated_at': '2016-11-08T08:16:47.634Z', 'id': '582189ef5f6b9a4f93df1733'}]
2026-01-05 23:33:23 - mkk_pika - database.py:215 - INFO - 第一次下载该漫画，记录数据库中
2026-01-05 23:33:25 - mkk_pika - main.py:83 - INFO - 找到 193 张图片在:第1集
2026-01-05 23:33:29 - mkk_pika - main.py:112 - INFO - [episode:第1集       ] downloaded:   193, total: 193, progress:100%
2026-01-05 23:33:29 - mkk_pika - database.py:238 - INFO - 数据库更新已下载章节
2026-01-05 23:33:29 - mkk_pika - database.py:244 - INFO - 该漫画已下载章节如下
2026-01-05 23:33:29 - mkk_pika - database.py:245 - INFO - ['第1集']
2026-01-05 23:33:30 - mkk_pika - main.py:348 - INFO - ==================== 漫画信息 ====================
                                   漫画ID：582189ef5f6b9a4f93df1731
                                   标题：双母 TWINS MOTHER
                                   作者：ちゃんぽん雅
                                   是否完结：是
                                   总页数：193
                                   分类：同人,人妻,長篇,純愛
                                   章节数：1
                                   最后更新时间：2007-07-31T14:47:27.000Z
                                   =================================================
2026-01-05 23:33:30 - mkk_pika - database.py:101 - INFO - 保存成功：双母 TWINS MOTHER
2026-01-05 23:33:30 - mkk_pika - main.py:35 - INFO - 开始检查名門學園初等科調教室是否存在未下载章节
2026-01-05 23:33:31 - mkk_pika - main.py:45 - INFO - 正在下载:[名門學園初等科調教室]-[ひめはち]-[['同人', '長篇', '純愛']]-[total_pages:184]
2026-01-05 23:33:31 - mkk_pika - main.py:49 - INFO - [{'_id': '582189f15f6b9a4f93df18b9', 'title': '第1集', 'order': 1, 'updated_at': '2016-11-08T08:16:49.034Z', 'id': '582189f15f6b9a4f93df18b9'}]
2026-01-05 23:33:31 - mkk_pika - database.py:215 - INFO - 第一次下载该漫画，记录数据库中
2026-01-05 23:33:33 - mkk_pika - main.py:83 - INFO - 找到 184 张图片在:第1集
2026-01-05 23:33:37 - mkk_pika - main.py:112 - INFO - [episode:第1集       ] downloaded:   184, total: 184, progress:100%
2026-01-05 23:33:37 - mkk_pika - database.py:238 - INFO - 数据库更新已下载章节
2026-01-05 23:33:37 - mkk_pika - database.py:244 - INFO - 该漫画已下载章节如下
2026-01-05 23:33:37 - mkk_pika - database.py:245 - INFO - ['第1集']
2026-01-05 23:33:38 - mkk_pika - main.py:348 - INFO - ==================== 漫画信息 ====================
                                   漫画ID：582189f05f6b9a4f93df18b7
                                   标题：名門學園初等科調教室
                                   作者：ひめはち
                                   是否完结：是
                                   总页数：184
                                   分类：同人,長篇,純愛
                                   章节数：1
                                   最后更新时间：2007-08-01T00:47:27.000Z
                                   =================================================
2026-01-05 23:33:38 - mkk_pika - database.py:101 - INFO - 保存成功：名門學園初等科調教室
2026-01-05 23:33:38 - mkk_pika - main.py:35 - INFO - 开始检查(COMIC1☆9) [Renai Mangaka (Naruse Hirofumi)] Kuchikukan Shinsui! [CE家族社]是否存在未下载章节
2026-01-05 23:33:38 - mkk_pika - main.py:45 - INFO - 正在下载:[(COMIC1☆9) [Renai Mangaka (Naruse Hirofumi)] Kuchikukan Shinsui! [CE家族社]]-[Renai Mangaka]-[['同人', '短篇', '艦隊收藏', '全彩', '後宮閃光', '純愛', '足の恋']]-[total_pages:18]
2026-01-05 23:33:38 - mkk_pika - main.py:49 - INFO - [{'_id': '582189f75f6b9a4f93df1bed', 'title': '第1集', 'order': 1, 'updated_at': '2016-11-08T08:16:55.725Z', 'id': '582189f75f6b9a4f93df1bed'}]
2026-01-05 23:33:38 - mkk_pika - database.py:215 - INFO - 第一次下载该漫画，记录数据库中
2026-01-05 23:33:39 - mkk_pika - main.py:83 - INFO - 找到 18 张图片在:第1集
2026-01-05 23:33:39 - mkk_pika - main.py:112 - INFO - [episode:第1集       ] downloaded:    18, total:  18, progress:100%
2026-01-05 23:33:39 - mkk_pika - database.py:238 - INFO - 数据库更新已下载章节
2026-01-05 23:33:39 - mkk_pika - database.py:244 - INFO - 该漫画已下载章节如下
2026-01-05 23:33:39 - mkk_pika - database.py:245 - INFO - ['第1集']
2026-01-05 23:33:41 - mkk_pika - main.py:348 - INFO - ==================== 漫画信息 ====================
                                   漫画ID：582189f75f6b9a4f93df1beb
                                   标题：(COMIC1☆9) [Renai Mangaka (Naruse Hirofumi)] Kuchikukan Shinsui! [CE家族社]
                                   作者：Renai Mangaka
                                   是否完结：是
                                   总页数：18
                                   分类：同人,短篇,艦隊收藏,全彩,後宮閃光,純愛,足の恋
                                   章节数：1
                                   最后更新时间：2007-08-02T06:47:27.000Z
                                   =================================================
2026-01-05 23:33:41 - mkk_pika - database.py:101 - INFO - 保存成功：(COMIC1☆9) [Renai Mangaka (Naruse Hirofumi)] Kuchikukan Shinsui! [CE家族社]
2026-01-05 23:33:41 - mkk_pika - main.py:35 - INFO - 开始检查[みなすきぽぷり] 境界線 (COMIC 高 Vol.2) [中国翻訳] [Gentlemanhop&魔皮卡漢化]是否存在未下载章节
2026-01-05 23:33:41 - mkk_pika - main.py:45 - INFO - 正在下载:[[みなすきぽぷり] 境界線 (COMIC 高 Vol.2) [中国翻訳] [Gentlemanhop&魔皮卡漢化]]-[みなすきぽぷり]-[['同人', '短篇', '姐姐系', '純愛']]-[total_pages:39]
2026-01-05 23:33:41 - mkk_pika - main.py:49 - INFO - [{'_id': '582189f85f6b9a4f93df1c15', 'title': '第1集', 'order': 1, 'updated_at': '2016-11-08T08:16:56.140Z', 'id': '582189f85f6b9a4f93df1c15'}]
2026-01-05 23:33:41 - mkk_pika - database.py:215 - INFO - 第一次下载该漫画，记录数据库中
2026-01-05 23:33:42 - mkk_pika - main.py:83 - INFO - 找到 39 张图片在:第1集
2026-01-05 23:33:43 - mkk_pika - main.py:112 - INFO - [episode:第1集       ] downloaded:    39, total:  39, progress:100%
2026-01-05 23:33:43 - mkk_pika - database.py:238 - INFO - 数据库更新已下载章节
2026-01-05 23:33:43 - mkk_pika - database.py:244 - INFO - 该漫画已下载章节如下
2026-01-05 23:33:43 - mkk_pika - database.py:245 - INFO - ['第1集']
2026-01-05 23:33:44 - mkk_pika - main.py:348 - INFO - ==================== 漫画信息 ====================
                                   漫画ID：582189f75f6b9a4f93df1c13
                                   标题：[みなすきぽぷり] 境界線 (COMIC 高 Vol.2) [中国翻訳] [Gentlemanhop&魔皮卡漢化]
                                   作者：みなすきぽぷり
                                   是否完结：是
                                   总页数：39
                                   分类：同人,短篇,姐姐系,純愛
                                   章节数：1
                                   最后更新时间：2007-08-02T16:47:27.000Z
                                   =================================================
2026-01-05 23:33:44 - mkk_pika - database.py:101 - INFO - 保存成功：[みなすきぽぷり] 境界線 (COMIC 高 Vol.2) [中国翻訳] [Gentlemanhop&魔皮卡漢化]
2026-01-05 23:33:44 - mkk_pika - main.py:35 - INFO - 开始检查銀髪文庫是否存在未下载章节
2026-01-05 23:33:44 - mkk_pika - main.py:45 - INFO - 正在下载:[銀髪文庫]-[70年式悠久機関(遠藤沖人)]-[['短篇', '全彩', '妹妹系', '純愛']]-[total_pages:39]
2026-01-05 23:33:44 - mkk_pika - main.py:49 - INFO - [{'_id': '582189f85f6b9a4f93df1c67', 'title': '第1集', 'order': 1, 'updated_at': '2016-11-08T08:16:56.974Z', 'id': '582189f85f6b9a4f93df1c67'}]
2026-01-05 23:33:44 - mkk_pika - database.py:215 - INFO - 第一次下载该漫画，记录数据库中
2026-01-05 23:33:45 - mkk_pika - main.py:83 - INFO - 找到 39 张图片在:第1集
2026-01-05 23:33:46 - mkk_pika - main.py:112 - INFO - [episode:第1集       ] downloaded:    39, total:  39, progress:100%
2026-01-05 23:33:46 - mkk_pika - database.py:238 - INFO - 数据库更新已下载章节
2026-01-05 23:33:46 - mkk_pika - database.py:244 - INFO - 该漫画已下载章节如下
2026-01-05 23:33:46 - mkk_pika - database.py:245 - INFO - ['第1集']
2026-01-05 23:33:47 - mkk_pika - main.py:348 - INFO - ==================== 漫画信息 ====================
                                   漫画ID：582189f85f6b9a4f93df1c65
                                   标题：銀髪文庫
                                   作者：70年式悠久機関(遠藤沖人)
                                   是否完结：是
                                   总页数：39
                                   分类：短篇,全彩,妹妹系,純愛
                                   章节数：1
                                   最后更新时间：2007-08-03T02:47:27.000Z
                                   =================================================
2026-01-05 23:33:47 - mkk_pika - database.py:101 - INFO - 保存成功：銀髪文庫
2026-01-05 23:33:47 - mkk_pika - main.py:35 - INFO - 开始检查魔法騎士の白いアレ (魔法騎士レイアース)是否存在未下载章节
2026-01-05 23:33:48 - mkk_pika - main.py:45 - INFO - 正在下载:[魔法騎士の白いアレ (魔法騎士レイアース)]-[70年式悠久機関 (おはぎさん)]-[['同人', '短篇', '全彩', '百合花園', '扶他樂園']]-[total_pages:31]
2026-01-05 23:33:48 - mkk_pika - main.py:49 - INFO - [{'_id': '5d2cc67086d21315177c106f', 'title': '第1集', 'order': 1, 'updated_at': '2019-07-15T17:42:13.139Z', 'id': '5d2cc67086d21315177c106f'}]
2026-01-05 23:33:48 - mkk_pika - database.py:215 - INFO - 第一次下载该漫画，记录数据库中
2026-01-05 23:33:48 - mkk_pika - main.py:83 - INFO - 找到 31 张图片在:第1集
2026-01-05 23:33:49 - mkk_pika - main.py:112 - INFO - [episode:第1集       ] downloaded:    31, total:  31, progress:100%
2026-01-05 23:33:49 - mkk_pika - database.py:238 - INFO - 数据库更新已下载章节
2026-01-05 23:33:49 - mkk_pika - database.py:244 - INFO - 该漫画已下载章节如下
2026-01-05 23:33:49 - mkk_pika - database.py:245 - INFO - ['第1集']
2026-01-05 23:33:50 - mkk_pika - main.py:348 - INFO - ==================== 漫画信息 ====================
                                   漫画ID：582189f95f6b9a4f93df1cb7
                                   标题：魔法騎士の白いアレ (魔法騎士レイアース)
                                   作者：70年式悠久機関 (おはぎさん)
                                   是否完结：是
                                   总页数：31
                                   分类：同人,短篇,全彩,百合花園,扶他樂園
                                   章节数：1
                                   最后更新时间：2007-08-03T12:47:27.000Z
                                   =================================================
2026-01-05 23:33:50 - mkk_pika - database.py:101 - INFO - 保存成功：魔法騎士の白いアレ (魔法騎士レイアース)
2026-01-05 23:33:50 - mkk_pika - main.py:35 - INFO - 开始检查カイザーリンと一角獣是否存在未下载章节
2026-01-05 23:33:50 - mkk_pika - main.py:45 - INFO - 正在下载:[カイザーリンと一角獣]-[70年式悠久機関(袁藤沖人)]-[['同人', '短篇', '全彩', '純愛']]-[total_pages:51]
2026-01-05 23:33:50 - mkk_pika - main.py:49 - INFO - [{'_id': '582189f95f6b9a4f93df1cf9', 'title': '第1集', 'order': 1, 'updated_at': '2016-11-08T08:16:57.985Z', 'id': '582189f95f6b9a4f93df1cf9'}]
2026-01-05 23:33:50 - mkk_pika - database.py:215 - INFO - 第一次下载该漫画，记录数据库中
2026-01-05 23:33:52 - mkk_pika - main.py:83 - INFO - 找到 51 张图片在:第1集
2026-01-05 23:33:53 - mkk_pika - main.py:112 - INFO - [episode:第1集       ] downloaded:    51, total:  51, progress:100%
2026-01-05 23:33:53 - mkk_pika - database.py:238 - INFO - 数据库更新已下载章节
2026-01-05 23:33:53 - mkk_pika - database.py:244 - INFO - 该漫画已下载章节如下
2026-01-05 23:33:53 - mkk_pika - database.py:245 - INFO - ['第1集']
2026-01-05 23:33:54 - mkk_pika - main.py:348 - INFO - ==================== 漫画信息 ====================
                                   漫画ID：582189f95f6b9a4f93df1cf7
                                   标题：カイザーリンと一角獣
                                   作者：70年式悠久機関(袁藤沖人)
                                   是否完结：是
                                   总页数：51
                                   分类：同人,短篇,全彩,純愛
                                   章节数：1
                                   最后更新时间：2007-08-03T22:47:27.000Z
                                   =================================================
2026-01-05 23:33:54 - mkk_pika - database.py:101 - INFO - 保存成功：カイザーリンと一角獣
2026-01-05 23:33:54 - mkk_pika - main.py:35 - INFO - 开始检查TETSUBA-TEKKI CHRONOMETRIC HEARTS#3 ROYAL HIGHLANDERS +ペーパー是否存在未下载章节
2026-01-05 23:33:54 - mkk_pika - main.py:45 - INFO - 正在下载:[TETSUBA-TEKKI CHRONOMETRIC HEARTS#3 ROYAL HIGHLANDERS +ペーパー]-[70年式悠久機関(袁藤沖人)]-[['短篇', '全彩', '純愛']]-[total_pages:32]
2026-01-05 23:33:54 - mkk_pika - main.py:49 - INFO - [{'_id': '582189fa5f6b9a4f93df1d63', 'title': '第1集', 'order': 1, 'updated_at': '2016-11-08T08:16:58.791Z', 'id': '582189fa5f6b9a4f93df1d63'}]
2026-01-05 23:33:54 - mkk_pika - database.py:215 - INFO - 第一次下载该漫画，记录数据库中
2026-01-05 23:33:55 - mkk_pika - main.py:83 - INFO - 找到 32 张图片在:第1集
2026-01-05 23:33:56 - mkk_pika - main.py:112 - INFO - [episode:第1集       ] downloaded:    32, total:  32, progress:100%
2026-01-05 23:33:56 - mkk_pika - database.py:238 - INFO - 数据库更新已下载章节
2026-01-05 23:33:56 - mkk_pika - database.py:244 - INFO - 该漫画已下载章节如下
2026-01-05 23:33:56 - mkk_pika - database.py:245 - INFO - ['第1集']
2026-01-05 23:33:57 - mkk_pika - main.py:348 - INFO - ==================== 漫画信息 ====================
                                   漫画ID：582189fa5f6b9a4f93df1d61
                                   标题：TETSUBA-TEKKI CHRONOMETRIC HEARTS#3 ROYAL HIGHLANDERS +ペーパー
                                   作者：70年式悠久機関(袁藤沖人)
                                   是否完结：是
                                   总页数：32
                                   分类：短篇,全彩,純愛
                                   章节数：1
                                   最后更新时间：2007-08-04T08:47:27.000Z
                                   =================================================
2026-01-05 23:33:57 - mkk_pika - database.py:101 - INFO - 保存成功：TETSUBA-TEKKI CHRONOMETRIC HEARTS#3 ROYAL HIGHLANDERS +ペーパー
2026-01-05 23:33:57 - mkk_pika - main.py:35 - INFO - 开始检查D&! DRAGON &!是否存在未下载章节
2026-01-05 23:33:57 - mkk_pika - main.py:45 - INFO - 正在下载:[D&! DRAGON &!]-[70年式悠久機関(袁藤沖人)]-[['同人', '短篇', '全彩', '非人類']]-[total_pages:9]
2026-01-05 23:33:57 - mkk_pika - main.py:49 - INFO - [{'_id': '582189fb5f6b9a4f93df1da7', 'title': '第1集', 'order': 1, 'updated_at': '2016-11-08T08:16:59.468Z', 'id': '582189fb5f6b9a4f93df1da7'}]
2026-01-05 23:33:57 - mkk_pika - database.py:215 - INFO - 第一次下载该漫画，记录数据库中
2026-01-05 23:33:58 - mkk_pika - main.py:83 - INFO - 找到 9 张图片在:第1集
2026-01-05 23:33:58 - mkk_pika - main.py:112 - INFO - [episode:第1集       ] downloaded:     9, total:   9, progress:100%
2026-01-05 23:33:58 - mkk_pika - database.py:238 - INFO - 数据库更新已下载章节
2026-01-05 23:33:58 - mkk_pika - database.py:244 - INFO - 该漫画已下载章节如下
2026-01-05 23:33:58 - mkk_pika - database.py:245 - INFO - ['第1集']
2026-01-05 23:33:59 - mkk_pika - main.py:348 - INFO - ==================== 漫画信息 ====================
                                   漫画ID：582189fa5f6b9a4f93df1da5
                                   标题：D&! DRAGON &!
                                   作者：70年式悠久機関(袁藤沖人)
                                   是否完结：是
                                   总页数：9
                                   分类：同人,短篇,全彩,非人類
                                   章节数：1
                                   最后更新时间：2007-08-04T18:47:27.000Z
                                   =================================================
2026-01-05 23:33:59 - mkk_pika - database.py:101 - INFO - 保存成功：D&! DRAGON &!
2026-01-05 23:33:59 - mkk_pika - main.py:35 - INFO - 开始检查(C86) [Energia (Pikachi)] Atashi shika Shiranai (Puella Magi Madoka Magica)[脸肿汉化组]是否存在未下载章节
2026-01-05 23:34:00 - mkk_pika - main.py:45 - INFO - 正在下载:[(C86) [Energia (Pikachi)] Atashi shika Shiranai (Puella Magi Madoka Magica)[脸肿汉化组]]-[Energia]-[['同人', '短篇', '百合花園', '純愛']]-[total_pages:35]
2026-01-05 23:34:00 - mkk_pika - main.py:49 - INFO - [{'_id': '582189fc5f6b9a4f93df1dbd', 'title': '第1集', 'order': 1, 'updated_at': '2016-11-08T08:17:00.020Z', 'id': '582189fc5f6b9a4f93df1dbd'}]
2026-01-05 23:34:00 - mkk_pika - database.py:215 - INFO - 第一次下载该漫画，记录数据库中
2026-01-05 23:34:00 - mkk_pika - main.py:83 - INFO - 找到 35 张图片在:第1集
2026-01-05 23:34:01 - mkk_pika - main.py:112 - INFO - [episode:第1集       ] downloaded:    35, total:  35, progress:100%
2026-01-05 23:34:01 - mkk_pika - database.py:238 - INFO - 数据库更新已下载章节
2026-01-05 23:34:01 - mkk_pika - database.py:244 - INFO - 该漫画已下载章节如下
2026-01-05 23:34:01 - mkk_pika - database.py:245 - INFO - ['第1集']
2026-01-05 23:34:03 - mkk_pika - main.py:348 - INFO - ==================== 漫画信息 ====================
                                   漫画ID：582189fb5f6b9a4f93df1dbb
                                   标题：(C86) [Energia (Pikachi)] Atashi shika Shiranai (Puella Magi Madoka Magica)[脸肿汉化组]
                                   作者：Energia
                                   是否完结：是
                                   总页数：35
                                   分类：同人,短篇,百合花園,純愛
                                   章节数：1
                                   最后更新时间：2007-08-05T04:47:27.000Z
                                   =================================================
2026-01-05 23:34:03 - mkk_pika - database.py:101 - INFO - 保存成功：(C86) [Energia (Pikachi)] Atashi shika Shiranai (Puella Magi Madoka Magica)[脸肿汉化组]
2026-01-05 23:34:03 - mkk_pika - main.py:35 - INFO - 开始检查玉祭-オナメイドの真実是否存在未下载章节
2026-01-05 23:34:03 - mkk_pika - main.py:45 - INFO - 正在下载:[玉祭-オナメイドの真実]-[Insert]-[['同人', '短篇', '扶他樂園', '純愛']]-[total_pages:21]
2026-01-05 23:34:03 - mkk_pika - main.py:49 - INFO - [{'_id': '582189fc5f6b9a4f93df1e07', 'title': '第1集', 'order': 1, 'updated_at': '2016-11-08T08:17:00.399Z', 'id': '582189fc5f6b9a4f93df1e07'}]
2026-01-05 23:34:03 - mkk_pika - database.py:215 - INFO - 第一次下载该漫画，记录数据库中
2026-01-05 23:34:04 - mkk_pika - main.py:83 - INFO - 找到 21 张图片在:第1集
2026-01-05 23:34:04 - mkk_pika - main.py:112 - INFO - [episode:第1集       ] downloaded:    21, total:  21, progress:100%
2026-01-05 23:34:04 - mkk_pika - database.py:238 - INFO - 数据库更新已下载章节
2026-01-05 23:34:04 - mkk_pika - database.py:244 - INFO - 该漫画已下载章节如下
2026-01-05 23:34:04 - mkk_pika - database.py:245 - INFO - ['第1集']
2026-01-05 23:34:05 - mkk_pika - main.py:348 - INFO - ==================== 漫画信息 ====================
                                   漫画ID：582189fc5f6b9a4f93df1e05
                                   标题：玉祭-オナメイドの真実
                                   作者：Insert
                                   是否完结：是
                                   总页数：21
                                   分类：同人,短篇,扶他樂園,純愛
                                   章节数：1
                                   最后更新时间：2007-08-05T14:47:27.000Z
                                   =================================================
2026-01-05 23:34:05 - mkk_pika - database.py:101 - INFO - 保存成功：玉祭-オナメイドの真実
2026-01-05 23:34:05 - mkk_pika - main.py:35 - INFO - 开始检查シャイニング娘 Vol.1是否存在未下载章节
2026-01-05 23:34:06 - mkk_pika - main.py:45 - INFO - 正在下载:[シャイニング娘 Vol.1]-[師走の翁]-[['同人', '長篇', '後宮閃光', '純愛']]-[total_pages:215]
2026-01-05 23:34:06 - mkk_pika - main.py:49 - INFO - [{'_id': '582189fe5f6b9a4f93df1fd5', 'title': '第1集', 'order': 1, 'updated_at': '2016-11-08T08:17:02.554Z', 'id': '582189fe5f6b9a4f93df1fd5'}]
2026-01-05 23:34:06 - mkk_pika - database.py:215 - INFO - 第一次下载该漫画，记录数据库中
2026-01-05 23:34:08 - mkk_pika - main.py:83 - INFO - 找到 215 张图片在:第1集
2026-01-05 23:34:12 - mkk_pika - main.py:112 - INFO - [episode:第1集       ] downloaded:   215, total: 215, progress:100%
2026-01-05 23:34:12 - mkk_pika - database.py:238 - INFO - 数据库更新已下载章节
2026-01-05 23:34:12 - mkk_pika - database.py:244 - INFO - 该漫画已下载章节如下
2026-01-05 23:34:12 - mkk_pika - database.py:245 - INFO - ['第1集']
2026-01-05 23:34:14 - mkk_pika - main.py:348 - INFO - ==================== 漫画信息 ====================
                                   漫画ID：582189fe5f6b9a4f93df1fd3
                                   标题：シャイニング娘 Vol.1
                                   作者：師走の翁
                                   是否完结：是
                                   总页数：215
                                   分类：同人,長篇,後宮閃光,純愛
                                   章节数：1
                                   最后更新时间：2007-08-06T10:47:27.000Z
                                   =================================================
2026-01-05 23:34:14 - mkk_pika - database.py:101 - INFO - 保存成功：シャイニング娘 Vol.1
2026-01-05 23:34:14 - mkk_pika - main.py:35 - INFO - 开始检查シャイニング娘 Vol.2是否存在未下载章节
2026-01-05 23:34:14 - mkk_pika - main.py:45 - INFO - 正在下载:[シャイニング娘 Vol.2]-[師走の翁]-[['同人', '長篇', '後宮閃光', '純愛']]-[total_pages:208]
2026-01-05 23:34:14 - mkk_pika - main.py:49 - INFO - [{'_id': '582189ff5f6b9a4f93df2187', 'title': '第1集', 'order': 1, 'updated_at': '2016-11-08T08:17:03.377Z', 'id': '582189ff5f6b9a4f93df2187'}]
2026-01-05 23:34:14 - mkk_pika - database.py:215 - INFO - 第一次下载该漫画，记录数据库中
2026-01-05 23:34:17 - mkk_pika - main.py:83 - INFO - 找到 208 张图片在:第1集
2026-01-05 23:34:21 - mkk_pika - main.py:112 - INFO - [episode:第1集       ] downloaded:   208, total: 208, progress:100%
2026-01-05 23:34:21 - mkk_pika - database.py:238 - INFO - 数据库更新已下载章节
2026-01-05 23:34:21 - mkk_pika - database.py:244 - INFO - 该漫画已下载章节如下
2026-01-05 23:34:21 - mkk_pika - database.py:245 - INFO - ['第1集']
2026-01-05 23:34:22 - mkk_pika - main.py:348 - INFO - ==================== 漫画信息 ====================
                                   漫画ID：582189ff5f6b9a4f93df2185
                                   标题：シャイニング娘 Vol.2
                                   作者：師走の翁
                                   是否完结：是
                                   总页数：208
                                   分类：同人,長篇,後宮閃光,純愛
                                   章节数：1
                                   最后更新时间：2007-08-06T20:47:27.000Z
                                   =================================================
2026-01-05 23:34:22 - mkk_pika - database.py:101 - INFO - 保存成功：シャイニング娘 Vol.2
2026-01-05 23:34:22 - mkk_pika - main.py:35 - INFO - 开始检查シャイニング娘 Vol.3是否存在未下载章节
2026-01-05 23:34:22 - mkk_pika - main.py:45 - INFO - 正在下载:[シャイニング娘 Vol.3]-[師走の翁]-[['同人', '長篇', '後宮閃光', '純愛']]-[total_pages:185]
2026-01-05 23:34:22 - mkk_pika - main.py:49 - INFO - [{'_id': '58218a005f6b9a4f93df232b', 'title': '第1集', 'order': 1, 'updated_at': '2016-11-08T08:17:04.991Z', 'id': '58218a005f6b9a4f93df232b'}]
2026-01-05 23:34:22 - mkk_pika - database.py:215 - INFO - 第一次下载该漫画，记录数据库中
2026-01-05 23:34:25 - mkk_pika - main.py:83 - INFO - 找到 185 张图片在:第1集
2026-01-05 23:34:29 - mkk_pika - main.py:112 - INFO - [episode:第1集       ] downloaded:   185, total: 185, progress:100%
2026-01-05 23:34:29 - mkk_pika - database.py:238 - INFO - 数据库更新已下载章节
2026-01-05 23:34:29 - mkk_pika - database.py:244 - INFO - 该漫画已下载章节如下
2026-01-05 23:34:29 - mkk_pika - database.py:245 - INFO - ['第1集']
2026-01-05 23:34:30 - mkk_pika - main.py:348 - INFO - ==================== 漫画信息 ====================
                                   漫画ID：58218a005f6b9a4f93df2329
                                   标题：シャイニング娘 Vol.3
                                   作者：師走の翁
                                   是否完结：是
                                   总页数：185
                                   分类：同人,長篇,後宮閃光,純愛
                                   章节数：1
                                   最后更新时间：2007-08-07T06:47:27.000Z
                                   =================================================
2026-01-05 23:34:30 - mkk_pika - database.py:101 - INFO - 保存成功：シャイニング娘 Vol.3
2026-01-05 23:34:30 - mkk_pika - main.py:35 - INFO - 开始检查シャイニング娘 Vol.4是否存在未下载章节
2026-01-05 23:34:30 - mkk_pika - main.py:45 - INFO - 正在下载:[シャイニング娘 Vol.4]-[師走の翁]-[['同人', '長篇', '後宮閃光', '純愛']]-[total_pages:201]
2026-01-05 23:34:30 - mkk_pika - main.py:49 - INFO - [{'_id': '58218a025f6b9a4f93df24a1', 'title': '第1集', 'order': 1, 'updated_at': '2016-11-08T08:17:06.210Z', 'id': '58218a025f6b9a4f93df24a1'}]
2026-01-05 23:34:30 - mkk_pika - database.py:215 - INFO - 第一次下载该漫画，记录数据库中
2026-01-05 23:34:33 - mkk_pika - main.py:83 - INFO - 找到 201 张图片在:第1集
2026-01-05 23:34:37 - mkk_pika - main.py:112 - INFO - [episode:第1集       ] downloaded:   201, total: 201, progress:100%
2026-01-05 23:34:37 - mkk_pika - database.py:238 - INFO - 数据库更新已下载章节
2026-01-05 23:34:37 - mkk_pika - database.py:244 - INFO - 该漫画已下载章节如下
2026-01-05 23:34:37 - mkk_pika - database.py:245 - INFO - ['第1集']
2026-01-05 23:34:38 - mkk_pika - main.py:348 - INFO - ==================== 漫画信息 ====================
                                   漫画ID：58218a015f6b9a4f93df249f
                                   标题：シャイニング娘 Vol.4
                                   作者：師走の翁
                                   是否完结：是
                                   总页数：201
                                   分类：同人,長篇,後宮閃光,純愛
                                   章节数：1
                                   最后更新时间：2007-08-07T16:47:27.000Z
                                   =================================================
2026-01-05 23:34:38 - mkk_pika - database.py:101 - INFO - 保存成功：シャイニング娘 Vol.4
2026-01-05 23:34:38 - mkk_pika - main.py:35 - INFO - 开始检查シャイニング娘 Vol.5是否存在未下载章节
2026-01-05 23:34:38 - mkk_pika - main.py:45 - INFO - 正在下载:[シャイニング娘 Vol.5]-[師走の翁]-[['同人', '長篇', '後宮閃光', '純愛']]-[total_pages:214]
2026-01-05 23:34:38 - mkk_pika - main.py:49 - INFO - [{'_id': '58218a035f6b9a4f93df2637', 'title': '第1集', 'order': 1, 'updated_at': '2016-11-08T08:17:07.774Z', 'id': '58218a035f6b9a4f93df2637'}]
2026-01-05 23:34:38 - mkk_pika - database.py:215 - INFO - 第一次下载该漫画，记录数据库中
2026-01-05 23:34:41 - mkk_pika - main.py:83 - INFO - 找到 214 张图片在:第1集
2026-01-05 23:34:45 - mkk_pika - main.py:112 - INFO - [episode:第1集       ] downloaded:   214, total: 214, progress:100%
2026-01-05 23:34:45 - mkk_pika - database.py:238 - INFO - 数据库更新已下载章节
2026-01-05 23:34:45 - mkk_pika - database.py:244 - INFO - 该漫画已下载章节如下
2026-01-05 23:34:45 - mkk_pika - database.py:245 - INFO - ['第1集']
2026-01-05 23:34:46 - mkk_pika - main.py:348 - INFO - ==================== 漫画信息 ====================
                                   漫画ID：58218a035f6b9a4f93df2635
                                   标题：シャイニング娘 Vol.5
                                   作者：師走の翁
                                   是否完结：是
                                   总页数：214
                                   分类：同人,長篇,後宮閃光,純愛
                                   章节数：1
                                   最后更新时间：2007-08-08T02:47:27.000Z
                                   =================================================
2026-01-05 23:34:46 - mkk_pika - database.py:101 - INFO - 保存成功：シャイニング娘 Vol.5
2026-01-05 23:34:46 - mkk_pika - main.py:35 - INFO - 开始检查シャイニング娘 Vol.6是否存在未下载章节
2026-01-05 23:34:47 - mkk_pika - main.py:45 - INFO - 正在下载:[シャイニング娘 Vol.6]-[師走の翁]-[['同人', '長篇', '後宮閃光', '純愛']]-[total_pages:214]
2026-01-05 23:34:47 - mkk_pika - main.py:49 - INFO - [{'_id': '58218a055f6b9a4f93df27e7', 'title': '第1集', 'order': 1, 'updated_at': '2016-11-08T08:17:09.395Z', 'id': '58218a055f6b9a4f93df27e7'}]
2026-01-05 23:34:47 - mkk_pika - database.py:215 - INFO - 第一次下载该漫画，记录数据库中
2026-01-05 23:34:49 - mkk_pika - main.py:83 - INFO - 找到 214 张图片在:第1集
2026-01-05 23:34:53 - mkk_pika - main.py:112 - INFO - [episode:第1集       ] downloaded:   214, total: 214, progress:100%
2026-01-05 23:34:53 - mkk_pika - database.py:238 - INFO - 数据库更新已下载章节
2026-01-05 23:34:53 - mkk_pika - database.py:244 - INFO - 该漫画已下载章节如下
2026-01-05 23:34:53 - mkk_pika - database.py:245 - INFO - ['第1集']
2026-01-05 23:34:55 - mkk_pika - main.py:348 - INFO - ==================== 漫画信息 ====================
                                   漫画ID：58218a045f6b9a4f93df27e5
                                   标题：シャイニング娘 Vol.6
                                   作者：師走の翁
                                   是否完结：是
                                   总页数：214
                                   分类：同人,長篇,後宮閃光,純愛
                                   章节数：1
                                   最后更新时间：2007-08-08T12:47:27.000Z
                                   =================================================
2026-01-05 23:34:55 - mkk_pika - database.py:101 - INFO - 保存成功：シャイニング娘 Vol.6
2026-01-05 23:34:55 - mkk_pika - main.py:380 - INFO - 本次任务下载完毕
2026-01-05 23:34:55 - mkk_pika - database.py:173 - INFO - 数据库连接已关闭
