2026-04-12 23:48:25 - mkk_pika - main.py:193 - INFO - =======================================================================
2026-04-12 23:48:25 - mkk_pika - database.py:61 - INFO - 表和索引初始化成功
2026-04-12 23:48:25 - mkk_pika - main.py:197 - INFO - 已经累计下载5516本漫画
2026-04-12 23:48:25 - mkk_pika - api.py:87 - INFO - 登录成功
2026-04-12 23:48:26 - mkk_pika - main.py:203 - INFO - 收藏夹共计0本漫画
2026-04-12 23:48:26 - mkk_pika - main.py:206 - INFO - 开始下载收藏夹内未下载内容
2026-04-12 23:48:26 - mkk_pika - main.py:266 - INFO - 收藏夹内容下载完毕
2026-04-12 23:48:26 - mkk_pika - main.py:268 - INFO - 开始下载订阅内容
2026-04-12 23:48:26 - mkk_pika - database.py:258 - INFO - 根据ID查询到标题：萝莉 -> 双子堕とし～アナタをマゾにしてあげる～
2026-04-12 23:48:26 - mkk_pika - database.py:101 - INFO - 保存成功：双子堕とし～アナタをマゾにしてあげる～
2026-04-12 23:48:26 - mkk_pika - main.py:273 - INFO - 关键词萝莉找到0本漫画
2026-04-12 23:48:26 - mkk_pika - database.py:258 - INFO - 根据ID查询到标题：蘿莉 -> スキスキお兄ちゃん田舎エッチ ～田舎の幼馴染に好かれて、イチャラブする夏～
2026-04-12 23:48:27 - mkk_pika - database.py:101 - INFO - 保存成功：おにいさん、何するの? (東方Project)
2026-04-12 23:48:27 - mkk_pika - main.py:273 - INFO - 关键词蘿莉找到1本漫画
2026-04-12 23:48:27 - mkk_pika - main.py:275 - INFO - 订阅内容共计1本漫画
2026-04-12 23:48:27 - mkk_pika - main.py:35 - INFO - 开始检查おにいさん、何するの? (東方Project)是否存在未下载章节
2026-04-12 23:48:27 - mkk_pika - main.py:45 - INFO - 正在下载:[おにいさん、何するの? (東方Project)]-[とんずら道中 (かざわ)]-[['同人', '短篇', '東方']]-[total_pages:-1]
2026-04-12 23:48:27 - mkk_pika - main.py:49 - INFO - [{'_id': '69dbd2fcbbc7825cb7292485', 'title': '第1話', 'order': 1, 'updated_at': '2026-04-12T08:28:11.707Z', 'id': '69dbd2fcbbc7825cb7292485'}]
2026-04-12 23:48:27 - mkk_pika - database.py:215 - INFO - 第一次下载该漫画，记录数据库中
2026-04-12 23:48:28 - mkk_pika - main.py:83 - INFO - 找到 20 张图片在:第1話
2026-04-12 23:48:29 - mkk_pika - main.py:112 - INFO - [episode:第1話       ] downloaded:    20, total:  20, progress:100%
2026-04-12 23:48:29 - mkk_pika - database.py:238 - INFO - 数据库更新已下载章节
2026-04-12 23:48:29 - mkk_pika - database.py:244 - INFO - 该漫画已下载章节如下
2026-04-12 23:48:29 - mkk_pika - database.py:245 - INFO - ['第1話']
2026-04-12 23:48:30 - mkk_pika - main.py:292 - INFO - ==================== 漫画信息 ====================
                                漫画ID：69dbd2fcbbc7825cb7292484
                                标题：おにいさん、何するの? (東方Project)
                                作者：とんずら道中 (かざわ)
                                是否完结：是
                                总页数：20
                                分类：同人,短篇,東方
                                章节数：1
                                最后更新时间：2026-04-12T17:14:36.728Z
                                =================================================
2026-04-12 23:48:30 - mkk_pika - database.py:101 - INFO - 保存成功：おにいさん、何するの? (東方Project)
2026-04-12 23:48:30 - mkk_pika - main.py:323 - INFO - 订阅内容内容下载完毕
2026-04-12 23:48:30 - mkk_pika - main.py:324 - INFO - 开始分批下载全部章节
2026-04-12 23:48:30 - mkk_pika - database.py:280 - INFO - 表和索引初始化成功
2026-04-12 23:48:31 - mkk_pika - main.py:177 - INFO - 已经下载了325页，一共6844页，现在开始添加第326页
2026-04-12 23:48:31 - mkk_pika - database.py:318 - INFO - 保存成功
2026-04-12 23:48:32 - mkk_pika - main.py:177 - INFO - 已经下载了326页，一共6844页，现在开始添加第327页
2026-04-12 23:48:32 - mkk_pika - database.py:318 - INFO - 保存成功
2026-04-12 23:48:32 - mkk_pika - main.py:177 - INFO - 已经下载了327页，一共6844页，现在开始添加第328页
2026-04-12 23:48:33 - mkk_pika - database.py:318 - INFO - 保存成功
2026-04-12 23:48:33 - mkk_pika - main.py:177 - INFO - 已经下载了328页，一共6844页，现在开始添加第329页
2026-04-12 23:48:34 - mkk_pika - database.py:318 - INFO - 保存成功
2026-04-12 23:48:34 - mkk_pika - main.py:331 - INFO - 分批下载共计53本漫画
2026-04-12 23:48:34 - mkk_pika - main.py:35 - INFO - 开始检查求愛メンタル是否存在未下载章节
2026-04-12 23:48:34 - mkk_pika - main.py:45 - INFO - 正在下载:[求愛メンタル]-[朝峰テル]-[['長篇', '後宮閃光', '純愛']]-[total_pages:203]
2026-04-12 23:48:34 - mkk_pika - main.py:49 - INFO - [{'_id': '5821ad765f6b9a4f93f5e17b', 'title': '第1集', 'order': 1, 'updated_at': '2016-11-08T10:48:22.175Z', 'id': '5821ad765f6b9a4f93f5e17b'}]
2026-04-12 23:48:34 - mkk_pika - database.py:215 - INFO - 第一次下载该漫画，记录数据库中
2026-04-12 23:48:36 - mkk_pika - main.py:83 - INFO - 找到 203 张图片在:第1集
2026-04-12 23:48:40 - mkk_pika - main.py:112 - INFO - [episode:第1集       ] downloaded:   203, total: 203, progress:100%
2026-04-12 23:48:40 - mkk_pika - database.py:238 - INFO - 数据库更新已下载章节
2026-04-12 23:48:40 - mkk_pika - database.py:244 - INFO - 该漫画已下载章节如下
2026-04-12 23:48:40 - mkk_pika - database.py:245 - INFO - ['第1集']
2026-04-12 23:48:42 - mkk_pika - main.py:348 - INFO - ==================== 漫画信息 ====================
                                   漫画ID：5821ad755f6b9a4f93f5e179
                                   标题：求愛メンタル
                                   作者：朝峰テル
                                   是否完结：是
                                   总页数：203
                                   分类：長篇,後宮閃光,純愛
                                   章节数：1
                                   最后更新时间：2015-05-31T20:46:50.000Z
                                   =================================================
2026-04-12 23:48:42 - mkk_pika - database.py:101 - INFO - 保存成功：求愛メンタル
2026-04-12 23:48:42 - mkk_pika - main.py:35 - INFO - 开始检查[CE家族社] (サンクリ65) [海通信 (なまもななせ)] 田舎少女3是否存在未下载章节
2026-04-12 23:48:42 - mkk_pika - main.py:45 - INFO - 正在下载:[[CE家族社] (サンクリ65) [海通信 (なまもななせ)] 田舎少女3]-[海通信 (なまもななせ)]-[['同人', '短篇']]-[total_pages:28]
2026-04-12 23:48:42 - mkk_pika - main.py:49 - INFO - [{'_id': '5821ad775f6b9a4f93f5e315', 'title': '第1集', 'order': 1, 'updated_at': '2016-11-08T10:48:23.995Z', 'id': '5821ad775f6b9a4f93f5e315'}]
2026-04-12 23:48:42 - mkk_pika - database.py:215 - INFO - 第一次下载该漫画，记录数据库中
2026-04-12 23:48:43 - mkk_pika - main.py:83 - INFO - 找到 28 张图片在:第1集
2026-04-12 23:48:43 - mkk_pika - main.py:112 - INFO - [episode:第1集       ] downloaded:    28, total:  28, progress:100%
2026-04-12 23:48:43 - mkk_pika - database.py:238 - INFO - 数据库更新已下载章节
2026-04-12 23:48:43 - mkk_pika - database.py:244 - INFO - 该漫画已下载章节如下
2026-04-12 23:48:43 - mkk_pika - database.py:245 - INFO - ['第1集']
2026-04-12 23:48:45 - mkk_pika - main.py:348 - INFO - ==================== 漫画信息 ====================
                                   漫画ID：5821ad775f6b9a4f93f5e313
                                   标题：[CE家族社] (サンクリ65) [海通信 (なまもななせ)] 田舎少女3
                                   作者：海通信 (なまもななせ)
                                   是否完结：是
                                   总页数：28
                                   分类：同人,短篇
                                   章节数：1
                                   最后更新时间：2015-06-01T06:46:50.000Z
                                   =================================================
2026-04-12 23:48:45 - mkk_pika - database.py:101 - INFO - 保存成功：[CE家族社] (サンクリ65) [海通信 (なまもななせ)] 田舎少女3
2026-04-12 23:48:45 - mkk_pika - main.py:35 - INFO - 开始检查[师兄汉化] (COMIC1☆5) [ようかい玉の輿] SIDE DARKNESS (To Loveる ダークネス)是否存在未下载章节
2026-04-12 23:48:45 - mkk_pika - main.py:45 - INFO - 正在下载:[[师兄汉化] (COMIC1☆5) [ようかい玉の輿] SIDE DARKNESS (To Loveる ダークネス)]-[ようかい玉の輿]-[['同人', '短篇', '扶他樂園']]-[total_pages:16]
2026-04-12 23:48:45 - mkk_pika - main.py:49 - INFO - [{'_id': '5821ad7a5f6b9a4f93f5e42b', 'title': '第1集', 'order': 1, 'updated_at': '2016-11-08T10:48:26.820Z', 'id': '5821ad7a5f6b9a4f93f5e42b'}]
2026-04-12 23:48:45 - mkk_pika - database.py:215 - INFO - 第一次下载该漫画，记录数据库中
2026-04-12 23:48:45 - mkk_pika - main.py:83 - INFO - 找到 16 张图片在:第1集
2026-04-12 23:48:46 - mkk_pika - main.py:112 - INFO - [episode:第1集       ] downloaded:    16, total:  16, progress:100%
2026-04-12 23:48:46 - mkk_pika - database.py:238 - INFO - 数据库更新已下载章节
2026-04-12 23:48:46 - mkk_pika - database.py:244 - INFO - 该漫画已下载章节如下
2026-04-12 23:48:46 - mkk_pika - database.py:245 - INFO - ['第1集']
2026-04-12 23:48:47 - mkk_pika - main.py:348 - INFO - ==================== 漫画信息 ====================
                                   漫画ID：5821ad7a5f6b9a4f93f5e429
                                   标题：[师兄汉化] (COMIC1☆5) [ようかい玉の輿] SIDE DARKNESS (To Loveる ダークネス)
                                   作者：ようかい玉の輿
                                   是否完结：是
                                   总页数：16
                                   分类：同人,短篇,扶他樂園
                                   章节数：1
                                   最后更新时间：2015-06-02T22:46:50.000Z
                                   =================================================
2026-04-12 23:48:47 - mkk_pika - database.py:101 - INFO - 保存成功：[师兄汉化] (COMIC1☆5) [ようかい玉の輿] SIDE DARKNESS (To Loveる ダークネス)
2026-04-12 23:48:47 - mkk_pika - main.py:35 - INFO - 开始检查[有条色狼汉化][Bカイマン] 奴隷社員アナルマゾ調教3是否存在未下载章节
2026-04-12 23:48:47 - mkk_pika - main.py:45 - INFO - 正在下载:[[有条色狼汉化][Bカイマン] 奴隷社員アナルマゾ調教3]-[Bカイマン]-[['同人', '短篇', '全彩']]-[total_pages:69]
2026-04-12 23:48:47 - mkk_pika - main.py:49 - INFO - [{'_id': '5821ad7b5f6b9a4f93f5e44f', 'title': '第1集', 'order': 1, 'updated_at': '2016-11-08T10:48:27.437Z', 'id': '5821ad7b5f6b9a4f93f5e44f'}, {'_id': '5821ad7b5f6b9a4f93f5e495', 'title': '第2集', 'order': 2, 'updated_at': '2016-11-08T10:48:27.879Z', 'id': '5821ad7b5f6b9a4f93f5e495'}]
2026-04-12 23:48:47 - mkk_pika - database.py:215 - INFO - 第一次下载该漫画，记录数据库中
2026-04-12 23:48:48 - mkk_pika - main.py:83 - INFO - 找到 34 张图片在:第1集
2026-04-12 23:48:49 - mkk_pika - main.py:112 - INFO - [episode:第1集       ] downloaded:    34, total:  34, progress:100%
2026-04-12 23:48:49 - mkk_pika - database.py:238 - INFO - 数据库更新已下载章节
2026-04-12 23:48:49 - mkk_pika - database.py:244 - INFO - 该漫画已下载章节如下
2026-04-12 23:48:49 - mkk_pika - database.py:245 - INFO - ['第1集']
2026-04-12 23:48:50 - mkk_pika - main.py:83 - INFO - 找到 35 张图片在:第2集
2026-04-12 23:48:51 - mkk_pika - main.py:112 - INFO - [episode:第2集       ] downloaded:    35, total:  35, progress:100%
2026-04-12 23:48:51 - mkk_pika - database.py:238 - INFO - 数据库更新已下载章节
2026-04-12 23:48:51 - mkk_pika - database.py:244 - INFO - 该漫画已下载章节如下
2026-04-12 23:48:51 - mkk_pika - database.py:245 - INFO - ['第1集', '第2集']
2026-04-12 23:48:52 - mkk_pika - main.py:348 - INFO - ==================== 漫画信息 ====================
                                   漫画ID：5821ad7a5f6b9a4f93f5e44d
                                   标题：[有条色狼汉化][Bカイマン] 奴隷社員アナルマゾ調教3
                                   作者：Bカイマン
                                   是否完结：是
                                   总页数：69
                                   分类：同人,短篇,全彩
                                   章节数：2
                                   最后更新时间：2015-06-03T08:46:50.000Z
                                   =================================================
2026-04-12 23:48:52 - mkk_pika - database.py:101 - INFO - 保存成功：[有条色狼汉化][Bカイマン] 奴隷社員アナルマゾ調教3
2026-04-12 23:48:52 - mkk_pika - main.py:35 - INFO - 开始检查 こいはめ是否存在未下载章节
2026-04-12 23:48:53 - mkk_pika - main.py:45 - INFO - 正在下载:[ こいはめ]-[ 和馬村政]-[['長篇']]-[total_pages:232]
2026-04-12 23:48:53 - mkk_pika - main.py:49 - INFO - [{'_id': '5821ad7c5f6b9a4f93f5e4df', 'title': '第1集', 'order': 1, 'updated_at': '2016-11-08T10:48:28.392Z', 'id': '5821ad7c5f6b9a4f93f5e4df'}]
2026-04-12 23:48:53 - mkk_pika - database.py:215 - INFO - 第一次下载该漫画，记录数据库中
2026-04-12 23:48:55 - mkk_pika - main.py:83 - INFO - 找到 232 张图片在:第1集
2026-04-12 23:48:59 - mkk_pika - main.py:112 - INFO - [episode:第1集       ] downloaded:   232, total: 232, progress:100%
2026-04-12 23:48:59 - mkk_pika - database.py:238 - INFO - 数据库更新已下载章节
2026-04-12 23:48:59 - mkk_pika - database.py:244 - INFO - 该漫画已下载章节如下
2026-04-12 23:48:59 - mkk_pika - database.py:245 - INFO - ['第1集']
2026-04-12 23:49:01 - mkk_pika - main.py:348 - INFO - ==================== 漫画信息 ====================
                                   漫画ID：5821ad7c5f6b9a4f93f5e4dd
                                   标题： こいはめ
                                   作者： 和馬村政
                                   是否完结：是
                                   总页数：232
                                   分类：長篇
                                   章节数：1
                                   最后更新时间：2015-06-03T18:46:50.000Z
                                   =================================================
2026-04-12 23:49:01 - mkk_pika - database.py:101 - INFO - 保存成功： こいはめ
2026-04-12 23:49:01 - mkk_pika - main.py:35 - INFO - 开始检查[もなかうどん(モニカノ)] 東風谷早苗 強制痴姦電車 (東方Project) [无毒汉化]是否存在未下载章节
2026-04-12 23:49:01 - mkk_pika - main.py:45 - INFO - 正在下载:[[もなかうどん(モニカノ)] 東風谷早苗 強制痴姦電車 (東方Project) [无毒汉化]]-[[もなかうどん(モニカノ)] ]-[['短篇', '強暴', '東方']]-[total_pages:22]
2026-04-12 23:49:01 - mkk_pika - main.py:49 - INFO - [{'_id': '5821ad7e5f6b9a4f93f5e6b3', 'title': '第1集', 'order': 1, 'updated_at': '2016-11-08T10:48:30.464Z', 'id': '5821ad7e5f6b9a4f93f5e6b3'}]
2026-04-12 23:49:01 - mkk_pika - database.py:215 - INFO - 第一次下载该漫画，记录数据库中
2026-04-12 23:49:02 - mkk_pika - main.py:83 - INFO - 找到 22 张图片在:第1集
2026-04-12 23:49:02 - mkk_pika - main.py:112 - INFO - [episode:第1集       ] downloaded:    22, total:  22, progress:100%
2026-04-12 23:49:02 - mkk_pika - database.py:238 - INFO - 数据库更新已下载章节
2026-04-12 23:49:02 - mkk_pika - database.py:244 - INFO - 该漫画已下载章节如下
2026-04-12 23:49:02 - mkk_pika - database.py:245 - INFO - ['第1集']
2026-04-12 23:49:03 - mkk_pika - main.py:348 - INFO - ==================== 漫画信息 ====================
                                   漫画ID：5821ad7d5f6b9a4f93f5e6b1
                                   标题：[もなかうどん(モニカノ)] 東風谷早苗 強制痴姦電車 (東方Project) [无毒汉化]
                                   作者：[もなかうどん(モニカノ)] 
                                   是否完结：否
                                   总页数：22
                                   分类：短篇,強暴,東方
                                   章节数：1
                                   最后更新时间：2015-06-04T04:46:50.000Z
                                   =================================================
2026-04-12 23:49:03 - mkk_pika - database.py:101 - INFO - 保存成功：[もなかうどん(モニカノ)] 東風谷早苗 強制痴姦電車 (東方Project) [无毒汉化]
2026-04-12 23:49:03 - mkk_pika - main.py:35 - INFO - 开始检查[神の月の社 (神月紫苑)] さとりんと楽しいことをシて癒されたい！ (東方Project) [翻訳]是否存在未下载章节
2026-04-12 23:49:04 - mkk_pika - main.py:45 - INFO - 正在下载:[[神の月の社 (神月紫苑)] さとりんと楽しいことをシて癒されたい！ (東方Project) [翻訳]]-[[神の月の社 (神月紫苑)] ]-[['短篇', '東方']]-[total_pages:20]
2026-04-12 23:49:04 - mkk_pika - main.py:49 - INFO - [{'_id': '5821ad7f5f6b9a4f93f5e6e3', 'title': '第1集', 'order': 1, 'updated_at': '2016-11-08T10:48:31.115Z', 'id': '5821ad7f5f6b9a4f93f5e6e3'}]
2026-04-12 23:49:04 - mkk_pika - database.py:215 - INFO - 第一次下载该漫画，记录数据库中
2026-04-12 23:49:04 - mkk_pika - main.py:83 - INFO - 找到 20 张图片在:第1集
2026-04-12 23:49:05 - mkk_pika - main.py:112 - INFO - [episode:第1集       ] downloaded:    20, total:  20, progress:100%
2026-04-12 23:49:05 - mkk_pika - database.py:238 - INFO - 数据库更新已下载章节
2026-04-12 23:49:05 - mkk_pika - database.py:244 - INFO - 该漫画已下载章节如下
2026-04-12 23:49:05 - mkk_pika - database.py:245 - INFO - ['第1集']
2026-04-12 23:49:06 - mkk_pika - main.py:348 - INFO - ==================== 漫画信息 ====================
                                   漫画ID：5821ad7e5f6b9a4f93f5e6e1
                                   标题：[神の月の社 (神月紫苑)] さとりんと楽しいことをシて癒されたい！ (東方Project) [翻訳]
                                   作者：[神の月の社 (神月紫苑)] 
                                   是否完结：否
                                   总页数：20
                                   分类：短篇,東方
                                   章节数：1
                                   最后更新时间：2015-06-04T14:46:50.000Z
                                   =================================================
2026-04-12 23:49:06 - mkk_pika - database.py:101 - INFO - 保存成功：[神の月の社 (神月紫苑)] さとりんと楽しいことをシて癒されたい！ (東方Project) [翻訳]
2026-04-12 23:49:06 - mkk_pika - main.py:35 - INFO - 开始检查 イモウトノホン (アイドルマスター シンデレラガールズ)是否存在未下载章节
2026-04-12 23:49:06 - mkk_pika - main.py:45 - INFO - 正在下载:[ イモウトノホン (アイドルマスター シンデレラガールズ)]-[瓢屋 (もみお)]-[['短篇', '妹妹系']]-[total_pages:26]
2026-04-12 23:49:06 - mkk_pika - main.py:49 - INFO - [{'_id': '5821ad7f5f6b9a4f93f5e70f', 'title': '第1集', 'order': 1, 'updated_at': '2016-11-08T10:48:31.552Z', 'id': '5821ad7f5f6b9a4f93f5e70f'}]
2026-04-12 23:49:06 - mkk_pika - database.py:215 - INFO - 第一次下载该漫画，记录数据库中
2026-04-12 23:49:07 - mkk_pika - main.py:83 - INFO - 找到 26 张图片在:第1集
2026-04-12 23:49:07 - mkk_pika - main.py:112 - INFO - [episode:第1集       ] downloaded:    26, total:  26, progress:100%
2026-04-12 23:49:07 - mkk_pika - database.py:238 - INFO - 数据库更新已下载章节
2026-04-12 23:49:07 - mkk_pika - database.py:244 - INFO - 该漫画已下载章节如下
2026-04-12 23:49:07 - mkk_pika - database.py:245 - INFO - ['第1集']
2026-04-12 23:49:09 - mkk_pika - main.py:348 - INFO - ==================== 漫画信息 ====================
                                   漫画ID：5821ad7f5f6b9a4f93f5e70d
                                   标题： イモウトノホン (アイドルマスター シンデレラガールズ)
                                   作者：瓢屋 (もみお)
                                   是否完结：否
                                   总页数：26
                                   分类：短篇,妹妹系
                                   章节数：1
                                   最后更新时间：2015-06-05T00:46:50.000Z
                                   =================================================
2026-04-12 23:49:09 - mkk_pika - database.py:101 - INFO - 保存成功： イモウトノホン (アイドルマスター シンデレラガールズ)
2026-04-12 23:49:09 - mkk_pika - main.py:35 - INFO - 开始检查[もすきーと音。 (ぐれーともす)] 淫獣ぬえとの性活 (東方Project)迷途竹林汉化是否存在未下载章节
2026-04-12 23:49:09 - mkk_pika - main.py:45 - INFO - 正在下载:[[もすきーと音。 (ぐれーともす)] 淫獣ぬえとの性活 (東方Project)迷途竹林汉化]-[[もすきーと音。 (ぐれーともす)] ]-[['短篇', '東方']]-[total_pages:28]
2026-04-12 23:49:09 - mkk_pika - main.py:49 - INFO - [{'_id': '5821ad7f5f6b9a4f93f5e747', 'title': '第1集', 'order': 1, 'updated_at': '2016-11-08T10:48:31.922Z', 'id': '5821ad7f5f6b9a4f93f5e747'}]
2026-04-12 23:49:09 - mkk_pika - database.py:215 - INFO - 第一次下载该漫画，记录数据库中
2026-04-12 23:49:10 - mkk_pika - main.py:83 - INFO - 找到 28 张图片在:第1集
2026-04-12 23:49:10 - mkk_pika - main.py:112 - INFO - [episode:第1集       ] downloaded:    28, total:  28, progress:100%
2026-04-12 23:49:10 - mkk_pika - database.py:238 - INFO - 数据库更新已下载章节
2026-04-12 23:49:10 - mkk_pika - database.py:244 - INFO - 该漫画已下载章节如下
2026-04-12 23:49:10 - mkk_pika - database.py:245 - INFO - ['第1集']
2026-04-12 23:49:11 - mkk_pika - main.py:348 - INFO - ==================== 漫画信息 ====================
                                   漫画ID：5821ad7f5f6b9a4f93f5e745
                                   标题：[もすきーと音。 (ぐれーともす)] 淫獣ぬえとの性活 (東方Project)迷途竹林汉化
                                   作者：[もすきーと音。 (ぐれーともす)] 
                                   是否完结：是
                                   总页数：28
                                   分类：短篇,東方
                                   章节数：1
                                   最后更新时间：2015-06-05T10:46:50.000Z
                                   =================================================
2026-04-12 23:49:11 - mkk_pika - database.py:101 - INFO - 保存成功：[もすきーと音。 (ぐれーともす)] 淫獣ぬえとの性活 (東方Project)迷途竹林汉化
2026-04-12 23:49:11 - mkk_pika - main.py:35 - INFO - 开始检查[砂亭 (s73d)] 傘の未練 (東方Project) [CE汉化]是否存在未下载章节
2026-04-12 23:49:12 - mkk_pika - main.py:45 - INFO - 正在下载:[[砂亭 (s73d)] 傘の未練 (東方Project) [CE汉化]]-[[砂亭 (s73d)] ]-[['短篇', '強暴', '東方']]-[total_pages:27]
2026-04-12 23:49:12 - mkk_pika - main.py:49 - INFO - [{'_id': '5821ad805f6b9a4f93f5e7b3', 'title': '第1集', 'order': 1, 'updated_at': '2016-11-08T10:48:32.962Z', 'id': '5821ad805f6b9a4f93f5e7b3'}]
2026-04-12 23:49:12 - mkk_pika - database.py:215 - INFO - 第一次下载该漫画，记录数据库中
2026-04-12 23:49:12 - mkk_pika - main.py:83 - INFO - 找到 27 张图片在:第1集
2026-04-12 23:49:13 - mkk_pika - main.py:112 - INFO - [episode:第1集       ] downloaded:    27, total:  27, progress:100%
2026-04-12 23:49:13 - mkk_pika - database.py:238 - INFO - 数据库更新已下载章节
2026-04-12 23:49:13 - mkk_pika - database.py:244 - INFO - 该漫画已下载章节如下
2026-04-12 23:49:13 - mkk_pika - database.py:245 - INFO - ['第1集']
2026-04-12 23:49:14 - mkk_pika - main.py:348 - INFO - ==================== 漫画信息 ====================
                                   漫画ID：5821ad805f6b9a4f93f5e7b1
                                   标题：[砂亭 (s73d)] 傘の未練 (東方Project) [CE汉化]
                                   作者：[砂亭 (s73d)] 
                                   是否完结：是
                                   总页数：27
                                   分类：短篇,強暴,東方
                                   章节数：1
                                   最后更新时间：2015-06-06T06:46:50.000Z
                                   =================================================
2026-04-12 23:49:14 - mkk_pika - database.py:101 - INFO - 保存成功：[砂亭 (s73d)] 傘の未練 (東方Project) [CE汉化]
2026-04-12 23:49:14 - mkk_pika - main.py:35 - INFO - 开始检查超次元海王星是否存在未下载章节
2026-04-12 23:49:14 - mkk_pika - main.py:45 - INFO - 正在下载:[超次元海王星]-[アルデヒド]-[['同人', '短篇']]-[total_pages:26]
2026-04-12 23:49:14 - mkk_pika - main.py:49 - INFO - [{'_id': '5821ad815f6b9a4f93f5e7ed', 'title': '第1集', 'order': 1, 'updated_at': '2016-11-08T10:48:33.407Z', 'id': '5821ad815f6b9a4f93f5e7ed'}]
2026-04-12 23:49:14 - mkk_pika - database.py:215 - INFO - 第一次下载该漫画，记录数据库中
2026-04-12 23:49:15 - mkk_pika - main.py:83 - INFO - 找到 26 张图片在:第1集
2026-04-12 23:49:16 - mkk_pika - main.py:112 - INFO - [episode:第1集       ] downloaded:    26, total:  26, progress:100%
2026-04-12 23:49:16 - mkk_pika - database.py:238 - INFO - 数据库更新已下载章节
2026-04-12 23:49:16 - mkk_pika - database.py:244 - INFO - 该漫画已下载章节如下
2026-04-12 23:49:16 - mkk_pika - database.py:245 - INFO - ['第1集']
2026-04-12 23:49:17 - mkk_pika - main.py:348 - INFO - ==================== 漫画信息 ====================
                                   漫画ID：5821ad815f6b9a4f93f5e7eb
                                   标题：超次元海王星
                                   作者：アルデヒド
                                   是否完结：是
                                   总页数：26
                                   分类：同人,短篇
                                   章节数：1
                                   最后更新时间：2015-06-06T16:46:50.000Z
                                   =================================================
2026-04-12 23:49:17 - mkk_pika - database.py:101 - INFO - 保存成功：超次元海王星
2026-04-12 23:49:17 - mkk_pika - main.py:35 - INFO - 开始检查[为了译得更好翻译君穿上女装加强带入感汉化组] [前島龍] ドキドキろりっくす  自慰つくす -01是否存在未下载章节
2026-04-12 23:49:17 - mkk_pika - main.py:45 - INFO - 正在下载:[[为了译得更好翻译君穿上女装加强带入感汉化组] [前島龍] ドキドキろりっくす  自慰つくす -01]-[前島龍]-[['短篇']]-[total_pages:20]
2026-04-12 23:49:17 - mkk_pika - main.py:49 - INFO - [{'_id': '5821ad825f6b9a4f93f5e825', 'title': '第1集', 'order': 1, 'updated_at': '2016-11-08T10:48:34.121Z', 'id': '5821ad825f6b9a4f93f5e825'}]
2026-04-12 23:49:17 - mkk_pika - database.py:215 - INFO - 第一次下载该漫画，记录数据库中
2026-04-12 23:49:18 - mkk_pika - main.py:83 - INFO - 找到 20 张图片在:第1集
2026-04-12 23:49:18 - mkk_pika - main.py:112 - INFO - [episode:第1集       ] downloaded:    20, total:  20, progress:100%
2026-04-12 23:49:18 - mkk_pika - database.py:238 - INFO - 数据库更新已下载章节
2026-04-12 23:49:18 - mkk_pika - database.py:244 - INFO - 该漫画已下载章节如下
2026-04-12 23:49:18 - mkk_pika - database.py:245 - INFO - ['第1集']
2026-04-12 23:49:19 - mkk_pika - main.py:348 - INFO - ==================== 漫画信息 ====================
                                   漫画ID：5821ad815f6b9a4f93f5e823
                                   标题：[为了译得更好翻译君穿上女装加强带入感汉化组] [前島龍] ドキドキろりっくす  自慰つくす -01
                                   作者：前島龍
                                   是否完结：否
                                   总页数：20
                                   分类：短篇
                                   章节数：1
                                   最后更新时间：2015-06-07T02:46:50.000Z
                                   =================================================
2026-04-12 23:49:19 - mkk_pika - database.py:101 - INFO - 保存成功：[为了译得更好翻译君穿上女装加强带入感汉化组] [前島龍] ドキドキろりっくす  自慰つくす -01
2026-04-12 23:49:19 - mkk_pika - main.py:35 - INFO - 开始检查从零开始的异世界性交游戏『我乱翻的』是否存在未下载章节
2026-04-12 23:49:20 - mkk_pika - main.py:45 - INFO - 正在下载:[从零开始的异世界性交游戏『我乱翻的』]-[不明]-[['同人', '短篇']]-[total_pages:16]
2026-04-12 23:49:20 - mkk_pika - main.py:49 - INFO - [{'_id': '5821ad825f6b9a4f93f5e851', 'title': '第1集', 'order': 1, 'updated_at': '2016-11-08T10:48:34.843Z', 'id': '5821ad825f6b9a4f93f5e851'}]
2026-04-12 23:49:20 - mkk_pika - database.py:215 - INFO - 第一次下载该漫画，记录数据库中
2026-04-12 23:49:20 - mkk_pika - main.py:83 - INFO - 找到 16 张图片在:第1集
2026-04-12 23:49:21 - mkk_pika - main.py:112 - INFO - [episode:第1集       ] downloaded:    16, total:  16, progress:100%
2026-04-12 23:49:21 - mkk_pika - database.py:238 - INFO - 数据库更新已下载章节
2026-04-12 23:49:21 - mkk_pika - database.py:244 - INFO - 该漫画已下载章节如下
2026-04-12 23:49:21 - mkk_pika - database.py:245 - INFO - ['第1集']
2026-04-12 23:49:22 - mkk_pika - main.py:348 - INFO - ==================== 漫画信息 ====================
                                   漫画ID：5821ad825f6b9a4f93f5e84f
                                   标题：从零开始的异世界性交游戏『我乱翻的』
                                   作者：不明
                                   是否完结：是
                                   总页数：16
                                   分类：同人,短篇
                                   章节数：1
                                   最后更新时间：2015-06-07T12:46:50.000Z
                                   =================================================
2026-04-12 23:49:22 - mkk_pika - database.py:101 - INFO - 保存成功：从零开始的异世界性交游戏『我乱翻的』
2026-04-12 23:49:22 - mkk_pika - main.py:35 - INFO - 开始检查E・M・Tと今日も俺は叫ぶ 是否存在未下载章节
2026-04-12 23:49:22 - mkk_pika - main.py:45 - INFO - 正在下载:[E・M・Tと今日も俺は叫ぶ ]-[成海優]-[['同人', '短篇', '純愛']]-[total_pages:23]
2026-04-12 23:49:22 - mkk_pika - main.py:49 - INFO - [{'_id': '5821ad835f6b9a4f93f5e875', 'title': '第1集', 'order': 1, 'updated_at': '2016-11-08T10:48:35.243Z', 'id': '5821ad835f6b9a4f93f5e875'}]
2026-04-12 23:49:22 - mkk_pika - database.py:215 - INFO - 第一次下载该漫画，记录数据库中
2026-04-12 23:49:23 - mkk_pika - main.py:83 - INFO - 找到 23 张图片在:第1集
2026-04-12 23:49:23 - mkk_pika - main.py:112 - INFO - [episode:第1集       ] downloaded:    23, total:  23, progress:100%
2026-04-12 23:49:23 - mkk_pika - database.py:238 - INFO - 数据库更新已下载章节
2026-04-12 23:49:23 - mkk_pika - database.py:244 - INFO - 该漫画已下载章节如下
2026-04-12 23:49:23 - mkk_pika - database.py:245 - INFO - ['第1集']
2026-04-12 23:49:25 - mkk_pika - main.py:348 - INFO - ==================== 漫画信息 ====================
                                   漫画ID：5821ad825f6b9a4f93f5e873
                                   标题：E・M・Tと今日も俺は叫ぶ 
                                   作者：成海優
                                   是否完结：是
                                   总页数：23
                                   分类：同人,短篇,純愛
                                   章节数：1
                                   最后更新时间：2015-06-07T22:46:50.000Z
                                   =================================================
2026-04-12 23:49:25 - mkk_pika - database.py:101 - INFO - 保存成功：E・M・Tと今日も俺は叫ぶ 
2026-04-12 23:49:25 - mkk_pika - main.py:35 - INFO - 开始检查(C89) (同人誌) いぬのきもちいい vol.001 (獣姦)[脸肿汉化组]是否存在未下载章节
2026-04-12 23:49:25 - mkk_pika - main.py:45 - INFO - 正在下载:[(C89) (同人誌) いぬのきもちいい vol.001 (獣姦)[脸肿汉化组]]-[zero戦(xxzero)]-[['短篇', '非人類']]-[total_pages:39]
2026-04-12 23:49:25 - mkk_pika - main.py:49 - INFO - [{'_id': '5821ad835f6b9a4f93f5e8a7', 'title': '第1集', 'order': 1, 'updated_at': '2016-11-08T10:48:35.916Z', 'id': '5821ad835f6b9a4f93f5e8a7'}]
2026-04-12 23:49:25 - mkk_pika - database.py:215 - INFO - 第一次下载该漫画，记录数据库中
2026-04-12 23:49:25 - mkk_pika - main.py:83 - INFO - 找到 39 张图片在:第1集
2026-04-12 23:49:26 - mkk_pika - main.py:112 - INFO - [episode:第1集       ] downloaded:    39, total:  39, progress:100%
2026-04-12 23:49:26 - mkk_pika - database.py:238 - INFO - 数据库更新已下载章节
2026-04-12 23:49:26 - mkk_pika - database.py:244 - INFO - 该漫画已下载章节如下
2026-04-12 23:49:26 - mkk_pika - database.py:245 - INFO - ['第1集']
2026-04-12 23:49:28 - mkk_pika - main.py:348 - INFO - ==================== 漫画信息 ====================
                                   漫画ID：5821ad835f6b9a4f93f5e8a5
                                   标题：(C89) (同人誌) いぬのきもちいい vol.001 (獣姦)[脸肿汉化组]
                                   作者：zero戦(xxzero)
                                   是否完结：否
                                   总页数：39
                                   分类：短篇,非人類
                                   章节数：1
                                   最后更新时间：2015-06-08T08:46:50.000Z
                                   =================================================
2026-04-12 23:49:28 - mkk_pika - database.py:101 - INFO - 保存成功：(C89) (同人誌) いぬのきもちいい vol.001 (獣姦)[脸肿汉化组]
2026-04-12 23:49:28 - mkk_pika - main.py:35 - INFO - 开始检查[沒有漢化] [Hebu] OniiLoli是否存在未下载章节
2026-04-12 23:49:28 - mkk_pika - main.py:45 - INFO - 正在下载:[[沒有漢化] [Hebu] OniiLoli]-[Hebu]-[['同人', '短篇', '全彩', '扶他樂園']]-[total_pages:20]
2026-04-12 23:49:28 - mkk_pika - main.py:49 - INFO - [{'_id': '5821ad845f6b9a4f93f5e97f', 'title': '第1集', 'order': 1, 'updated_at': '2016-11-08T10:48:36.978Z', 'id': '5821ad845f6b9a4f93f5e97f'}]
2026-04-12 23:49:28 - mkk_pika - database.py:215 - INFO - 第一次下载该漫画，记录数据库中
2026-04-12 23:49:28 - mkk_pika - main.py:83 - INFO - 找到 20 张图片在:第1集
2026-04-12 23:49:29 - mkk_pika - main.py:112 - INFO - [episode:第1集       ] downloaded:    20, total:  20, progress:100%
2026-04-12 23:49:29 - mkk_pika - database.py:238 - INFO - 数据库更新已下载章节
2026-04-12 23:49:29 - mkk_pika - database.py:244 - INFO - 该漫画已下载章节如下
2026-04-12 23:49:29 - mkk_pika - database.py:245 - INFO - ['第1集']
2026-04-12 23:49:30 - mkk_pika - main.py:348 - INFO - ==================== 漫画信息 ====================
                                   漫画ID：5821ad845f6b9a4f93f5e97d
                                   标题：[沒有漢化] [Hebu] OniiLoli
                                   作者：Hebu
                                   是否完结：是
                                   总页数：20
                                   分类：同人,短篇,全彩,扶他樂園
                                   章节数：1
                                   最后更新时间：2015-06-09T04:46:50.000Z
                                   =================================================
2026-04-12 23:49:30 - mkk_pika - database.py:101 - INFO - 保存成功：[沒有漢化] [Hebu] OniiLoli
2026-04-12 23:49:30 - mkk_pika - main.py:35 - INFO - 开始检查[沒有漢化] (C89) [クチビルテリブル (九千ビノレ)] Chick ToGetHer! (ラブライブ!)是否存在未下载章节
2026-04-12 23:49:30 - mkk_pika - main.py:45 - INFO - 正在下载:[[沒有漢化] (C89) [クチビルテリブル (九千ビノレ)] Chick ToGetHer! (ラブライブ!)]-[クチビルテリブル (九千ビノレ)]-[['同人', '短篇', '扶他樂園', 'Love Live']]-[total_pages:21]
2026-04-12 23:49:30 - mkk_pika - main.py:49 - INFO - [{'_id': '5821ad855f6b9a4f93f5e9ab', 'title': '第1集', 'order': 1, 'updated_at': '2016-11-08T10:48:37.628Z', 'id': '5821ad855f6b9a4f93f5e9ab'}]
2026-04-12 23:49:30 - mkk_pika - database.py:215 - INFO - 第一次下载该漫画，记录数据库中
2026-04-12 23:49:31 - mkk_pika - main.py:83 - INFO - 找到 21 张图片在:第1集
2026-04-12 23:49:32 - mkk_pika - main.py:112 - INFO - [episode:第1集       ] downloaded:    21, total:  21, progress:100%
2026-04-12 23:49:32 - mkk_pika - database.py:238 - INFO - 数据库更新已下载章节
2026-04-12 23:49:32 - mkk_pika - database.py:244 - INFO - 该漫画已下载章节如下
2026-04-12 23:49:32 - mkk_pika - database.py:245 - INFO - ['第1集']
2026-04-12 23:49:33 - mkk_pika - main.py:348 - INFO - ==================== 漫画信息 ====================
                                   漫画ID：5821ad855f6b9a4f93f5e9a9
                                   标题：[沒有漢化] (C89) [クチビルテリブル (九千ビノレ)] Chick ToGetHer! (ラブライブ!)
                                   作者：クチビルテリブル (九千ビノレ)
                                   是否完结：是
                                   总页数：21
                                   分类：同人,短篇,扶他樂園,Love Live
                                   章节数：1
                                   最后更新时间：2015-06-09T14:46:50.000Z
                                   =================================================
2026-04-12 23:49:33 - mkk_pika - database.py:101 - INFO - 保存成功：[沒有漢化] (C89) [クチビルテリブル (九千ビノレ)] Chick ToGetHer! (ラブライブ!)
2026-04-12 23:49:33 - mkk_pika - main.py:35 - INFO - 开始检查[完顔阿骨打] ふたなりイエスタディ是否存在未下载章节
2026-04-12 23:49:33 - mkk_pika - main.py:45 - INFO - 正在下载:[[完顔阿骨打] ふたなりイエスタディ]-[完顔阿骨打]-[['長篇', '扶他樂園']]-[total_pages:197]
2026-04-12 23:49:33 - mkk_pika - main.py:49 - INFO - [{'_id': '5821ad865f6b9a4f93f5e9d9', 'title': '第1集', 'order': 1, 'updated_at': '2016-11-08T10:48:38.263Z', 'id': '5821ad865f6b9a4f93f5e9d9'}]
2026-04-12 23:49:33 - mkk_pika - database.py:215 - INFO - 第一次下载该漫画，记录数据库中
2026-04-12 23:49:35 - mkk_pika - main.py:83 - INFO - 找到 197 张图片在:第1集
2026-04-12 23:49:39 - mkk_pika - main.py:112 - INFO - [episode:第1集       ] downloaded:   197, total: 197, progress:100%
2026-04-12 23:49:39 - mkk_pika - database.py:238 - INFO - 数据库更新已下载章节
2026-04-12 23:49:39 - mkk_pika - database.py:244 - INFO - 该漫画已下载章节如下
2026-04-12 23:49:39 - mkk_pika - database.py:245 - INFO - ['第1集']
2026-04-12 23:49:40 - mkk_pika - main.py:348 - INFO - ==================== 漫画信息 ====================
                                   漫画ID：5821ad855f6b9a4f93f5e9d7
                                   标题：[完顔阿骨打] ふたなりイエスタディ
                                   作者：完顔阿骨打
                                   是否完结：是
                                   总页数：197
                                   分类：長篇,扶他樂園
                                   章节数：1
                                   最后更新时间：2015-06-10T00:46:50.000Z
                                   =================================================
2026-04-12 23:49:40 - mkk_pika - database.py:101 - INFO - 保存成功：[完顔阿骨打] ふたなりイエスタディ
2026-04-12 23:49:40 - mkk_pika - main.py:35 - INFO - 开始检查[といぼっくす, くぢらろじっく (くりから, くぢらん)] 幻想郷乳図鑑・智 (東方Project) [CE汉化]是否存在未下载章节
2026-04-12 23:49:41 - mkk_pika - main.py:45 - INFO - 正在下载:[[といぼっくす, くぢらろじっく (くりから, くぢらん)] 幻想郷乳図鑑・智 (東方Project) [CE汉化]]-[[といぼっくす, くぢらろじっく (くりから, くぢらん)] ]-[['短篇', '東方']]-[total_pages:28]
2026-04-12 23:49:41 - mkk_pika - main.py:49 - INFO - [{'_id': '5821ad885f6b9a4f93f5ebb1', 'title': '第1集', 'order': 1, 'updated_at': '2016-11-08T10:48:40.585Z', 'id': '5821ad885f6b9a4f93f5ebb1'}]
2026-04-12 23:49:41 - mkk_pika - database.py:215 - INFO - 第一次下载该漫画，记录数据库中
2026-04-12 23:49:41 - mkk_pika - main.py:83 - INFO - 找到 28 张图片在:第1集
2026-04-12 23:49:42 - mkk_pika - main.py:112 - INFO - [episode:第1集       ] downloaded:    28, total:  28, progress:100%
2026-04-12 23:49:42 - mkk_pika - database.py:238 - INFO - 数据库更新已下载章节
2026-04-12 23:49:42 - mkk_pika - database.py:244 - INFO - 该漫画已下载章节如下
2026-04-12 23:49:42 - mkk_pika - database.py:245 - INFO - ['第1集']
2026-04-12 23:49:43 - mkk_pika - main.py:348 - INFO - ==================== 漫画信息 ====================
                                   漫画ID：5821ad885f6b9a4f93f5ebaf
                                   标题：[といぼっくす, くぢらろじっく (くりから, くぢらん)] 幻想郷乳図鑑・智 (東方Project) [CE汉化]
                                   作者：[といぼっくす, くぢらろじっく (くりから, くぢらん)] 
                                   是否完结：是
                                   总页数：28
                                   分类：短篇,東方
                                   章节数：1
                                   最后更新时间：2015-06-11T06:46:50.000Z
                                   =================================================
2026-04-12 23:49:43 - mkk_pika - database.py:101 - INFO - 保存成功：[といぼっくす, くぢらろじっく (くりから, くぢらん)] 幻想郷乳図鑑・智 (東方Project) [CE汉化]
2026-04-12 23:49:43 - mkk_pika - main.py:35 - INFO - 开始检查[うぉーたーどろっぷ (MA-SA)] 泡ッチェ (東方Project)(個人漢化)是否存在未下载章节
2026-04-12 23:49:43 - mkk_pika - main.py:45 - INFO - 正在下载:[[うぉーたーどろっぷ (MA-SA)] 泡ッチェ (東方Project)(個人漢化)]-[[うぉーたーどろっぷ (MA-SA)] ]-[['短篇', '東方']]-[total_pages:23]
2026-04-12 23:49:43 - mkk_pika - main.py:49 - INFO - [{'_id': '5821ad895f6b9a4f93f5ebed', 'title': '第1集', 'order': 1, 'updated_at': '2016-11-08T10:48:41.040Z', 'id': '5821ad895f6b9a4f93f5ebed'}]
2026-04-12 23:49:43 - mkk_pika - database.py:215 - INFO - 第一次下载该漫画，记录数据库中
2026-04-12 23:49:44 - mkk_pika - main.py:83 - INFO - 找到 23 张图片在:第1集
2026-04-12 23:49:44 - mkk_pika - main.py:112 - INFO - [episode:第1集       ] downloaded:    23, total:  23, progress:100%
2026-04-12 23:49:44 - mkk_pika - database.py:238 - INFO - 数据库更新已下载章节
2026-04-12 23:49:44 - mkk_pika - database.py:244 - INFO - 该漫画已下载章节如下
2026-04-12 23:49:44 - mkk_pika - database.py:245 - INFO - ['第1集']
2026-04-12 23:49:46 - mkk_pika - main.py:348 - INFO - ==================== 漫画信息 ====================
                                   漫画ID：5821ad885f6b9a4f93f5ebeb
                                   标题：[うぉーたーどろっぷ (MA-SA)] 泡ッチェ (東方Project)(個人漢化)
                                   作者：[うぉーたーどろっぷ (MA-SA)] 
                                   是否完结：否
                                   总页数：23
                                   分类：短篇,東方
                                   章节数：1
                                   最后更新时间：2015-06-11T16:46:50.000Z
                                   =================================================
2026-04-12 23:49:46 - mkk_pika - database.py:101 - INFO - 保存成功：[うぉーたーどろっぷ (MA-SA)] 泡ッチェ (東方Project)(個人漢化)
2026-04-12 23:49:46 - mkk_pika - main.py:35 - INFO - 开始检查[脸肿汉化组] [三乳亭しん太] ちんぽつき！ いじめられつ娘 第1-5話是否存在未下载章节
2026-04-12 23:49:46 - mkk_pika - main.py:45 - INFO - 正在下载:[[脸肿汉化组] [三乳亭しん太] ちんぽつき！ いじめられつ娘 第1-5話]-[三乳亭しん太]-[['長篇', '扶他樂園']]-[total_pages:114]
2026-04-12 23:49:46 - mkk_pika - main.py:49 - INFO - [{'_id': '5821ad8a5f6b9a4f93f5ec57', 'title': '第1集', 'order': 1, 'updated_at': '2016-11-08T10:48:42.390Z', 'id': '5821ad8a5f6b9a4f93f5ec57'}]
2026-04-12 23:49:46 - mkk_pika - database.py:215 - INFO - 第一次下载该漫画，记录数据库中
2026-04-12 23:49:47 - mkk_pika - main.py:83 - INFO - 找到 114 张图片在:第1集
2026-04-12 23:49:50 - mkk_pika - main.py:112 - INFO - [episode:第1集       ] downloaded:   114, total: 114, progress:100%
2026-04-12 23:49:50 - mkk_pika - database.py:238 - INFO - 数据库更新已下载章节
2026-04-12 23:49:50 - mkk_pika - database.py:244 - INFO - 该漫画已下载章节如下
2026-04-12 23:49:50 - mkk_pika - database.py:245 - INFO - ['第1集']
2026-04-12 23:49:51 - mkk_pika - main.py:348 - INFO - ==================== 漫画信息 ====================
                                   漫画ID：5821ad895f6b9a4f93f5ec55
                                   标题：[脸肿汉化组] [三乳亭しん太] ちんぽつき！ いじめられつ娘 第1-5話
                                   作者：三乳亭しん太
                                   是否完结：是
                                   总页数：114
                                   分类：長篇,扶他樂園
                                   章节数：1
                                   最后更新时间：2015-06-12T12:46:50.000Z
                                   =================================================
2026-04-12 23:49:51 - mkk_pika - database.py:101 - INFO - 保存成功：[脸肿汉化组] [三乳亭しん太] ちんぽつき！ いじめられつ娘 第1-5話
2026-04-12 23:49:51 - mkk_pika - main.py:35 - INFO - 开始检查[想抱雷妈汉化组] [三乳亭しん太]ちんぽつき  いじめられっ娘 6 (COMIC Mate legend Vol.9 2016年6月号)是否存在未下载章节
2026-04-12 23:49:51 - mkk_pika - main.py:45 - INFO - 正在下载:[[想抱雷妈汉化组] [三乳亭しん太]ちんぽつき  いじめられっ娘 6 (COMIC Mate legend Vol.9 2016年6月号)]-[三乳亭しん太]-[['扶他樂園']]-[total_pages:21]
2026-04-12 23:49:51 - mkk_pika - main.py:49 - INFO - [{'_id': '5821ad8b5f6b9a4f93f5ed3f', 'title': '第1集', 'order': 1, 'updated_at': '2016-11-08T10:48:43.516Z', 'id': '5821ad8b5f6b9a4f93f5ed3f'}]
2026-04-12 23:49:51 - mkk_pika - database.py:215 - INFO - 第一次下载该漫画，记录数据库中
2026-04-12 23:49:52 - mkk_pika - main.py:83 - INFO - 找到 21 张图片在:第1集
2026-04-12 23:49:52 - mkk_pika - main.py:112 - INFO - [episode:第1集       ] downloaded:    21, total:  21, progress:100%
2026-04-12 23:49:52 - mkk_pika - database.py:238 - INFO - 数据库更新已下载章节
2026-04-12 23:49:52 - mkk_pika - database.py:244 - INFO - 该漫画已下载章节如下
2026-04-12 23:49:52 - mkk_pika - database.py:245 - INFO - ['第1集']
2026-04-12 23:49:53 - mkk_pika - main.py:348 - INFO - ==================== 漫画信息 ====================
                                   漫画ID：5821ad8a5f6b9a4f93f5ed3d
                                   标题：[想抱雷妈汉化组] [三乳亭しん太]ちんぽつき  いじめられっ娘 6 (COMIC Mate legend Vol.9 2016年6月号)
                                   作者：三乳亭しん太
                                   是否完结：否
                                   总页数：21
                                   分类：扶他樂園
                                   章节数：1
                                   最后更新时间：2015-06-12T22:46:50.000Z
                                   =================================================
2026-04-12 23:49:53 - mkk_pika - database.py:101 - INFO - 保存成功：[想抱雷妈汉化组] [三乳亭しん太]ちんぽつき  いじめられっ娘 6 (COMIC Mate legend Vol.9 2016年6月号)
2026-04-12 23:49:53 - mkk_pika - main.py:35 - INFO - 开始检查[想抱雷妈汉化组] [前島龍]パコパコりなりん 1-4是否存在未下载章节
2026-04-12 23:49:54 - mkk_pika - main.py:45 - INFO - 正在下载:[[想抱雷妈汉化组] [前島龍]パコパコりなりん 1-4]-[前島龍]-[['短篇']]-[total_pages:84]
2026-04-12 23:49:54 - mkk_pika - main.py:49 - INFO - [{'_id': '5821ad8c5f6b9a4f93f5ed95', 'title': '第1集', 'order': 1, 'updated_at': '2016-11-08T10:48:44.880Z', 'id': '5821ad8c5f6b9a4f93f5ed95'}, {'_id': '5821ad8d5f6b9a4f93f5edc1', 'title': '第2集', 'order': 2, 'updated_at': '2016-11-08T10:48:45.465Z', 'id': '5821ad8d5f6b9a4f93f5edc1'}, {'_id': '5821ad8e5f6b9a4f93f5eded', 'title': '第3集', 'order': 3, 'updated_at': '2016-11-08T10:48:46.099Z', 'id': '5821ad8e5f6b9a4f93f5eded'}, {'_id': '5821ad8e5f6b9a4f93f5ee19', 'title': '第4集', 'order': 4, 'updated_at': '2016-11-08T10:48:46.469Z', 'id': '5821ad8e5f6b9a4f93f5ee19'}]
2026-04-12 23:49:54 - mkk_pika - database.py:215 - INFO - 第一次下载该漫画，记录数据库中
2026-04-12 23:49:54 - mkk_pika - main.py:83 - INFO - 找到 21 张图片在:第1集
2026-04-12 23:49:55 - mkk_pika - main.py:112 - INFO - [episode:第1集       ] downloaded:    21, total:  21, progress:100%
2026-04-12 23:49:55 - mkk_pika - database.py:238 - INFO - 数据库更新已下载章节
2026-04-12 23:49:55 - mkk_pika - database.py:244 - INFO - 该漫画已下载章节如下
2026-04-12 23:49:55 - mkk_pika - database.py:245 - INFO - ['第1集']
2026-04-12 23:49:57 - mkk_pika - main.py:83 - INFO - 找到 21 张图片在:第2集
2026-04-12 23:49:57 - mkk_pika - main.py:112 - INFO - [episode:第2集       ] downloaded:    21, total:  21, progress:100%
2026-04-12 23:49:57 - mkk_pika - database.py:238 - INFO - 数据库更新已下载章节
2026-04-12 23:49:57 - mkk_pika - database.py:244 - INFO - 该漫画已下载章节如下
2026-04-12 23:49:57 - mkk_pika - database.py:245 - INFO - ['第1集', '第2集']
2026-04-12 23:49:59 - mkk_pika - main.py:83 - INFO - 找到 21 张图片在:第3集
2026-04-12 23:49:59 - mkk_pika - main.py:112 - INFO - [episode:第3集       ] downloaded:    21, total:  21, progress:100%
2026-04-12 23:49:59 - mkk_pika - database.py:238 - INFO - 数据库更新已下载章节
2026-04-12 23:49:59 - mkk_pika - database.py:244 - INFO - 该漫画已下载章节如下
2026-04-12 23:49:59 - mkk_pika - database.py:245 - INFO - ['第1集', '第2集', '第3集']
2026-04-12 23:50:01 - mkk_pika - main.py:83 - INFO - 找到 21 张图片在:第4集
2026-04-12 23:50:01 - mkk_pika - main.py:112 - INFO - [episode:第4集       ] downloaded:    21, total:  21, progress:100%
2026-04-12 23:50:01 - mkk_pika - database.py:238 - INFO - 数据库更新已下载章节
2026-04-12 23:50:01 - mkk_pika - database.py:244 - INFO - 该漫画已下载章节如下
2026-04-12 23:50:01 - mkk_pika - database.py:245 - INFO - ['第1集', '第2集', '第3集', '第4集']
2026-04-12 23:50:03 - mkk_pika - main.py:348 - INFO - ==================== 漫画信息 ====================
                                   漫画ID：5821ad8c5f6b9a4f93f5ed93
                                   标题：[想抱雷妈汉化组] [前島龍]パコパコりなりん 1-4
                                   作者：前島龍
                                   是否完结：是
                                   总页数：84
                                   分类：短篇
                                   章节数：4
                                   最后更新时间：2015-06-13T18:46:50.000Z
                                   =================================================
2026-04-12 23:50:03 - mkk_pika - database.py:101 - INFO - 保存成功：[想抱雷妈汉化组] [前島龍]パコパコりなりん 1-4
2026-04-12 23:50:03 - mkk_pika - main.py:35 - INFO - 开始检查[亂譯爛改漢化狗] [Sian] 即ハメ☆ギャルびっち！＋ 魅せハメ☆ギャルびっち！是否存在未下载章节
2026-04-12 23:50:03 - mkk_pika - main.py:45 - INFO - 正在下载:[[亂譯爛改漢化狗] [Sian] 即ハメ☆ギャルびっち！＋ 魅せハメ☆ギャルびっち！]-[Sian]-[['短篇']]-[total_pages:31]
2026-04-12 23:50:03 - mkk_pika - main.py:49 - INFO - [{'_id': '5821ad955f6b9a4f93f5f1e3', 'title': '第1集', 'order': 1, 'updated_at': '2016-11-08T10:48:53.870Z', 'id': '5821ad955f6b9a4f93f5f1e3'}]
2026-04-12 23:50:03 - mkk_pika - database.py:215 - INFO - 第一次下载该漫画，记录数据库中
2026-04-12 23:50:04 - mkk_pika - main.py:83 - INFO - 找到 31 张图片在:第1集
2026-04-12 23:50:04 - mkk_pika - main.py:112 - INFO - [episode:第1集       ] downloaded:    31, total:  31, progress:100%
2026-04-12 23:50:04 - mkk_pika - database.py:238 - INFO - 数据库更新已下载章节
2026-04-12 23:50:04 - mkk_pika - database.py:244 - INFO - 该漫画已下载章节如下
2026-04-12 23:50:04 - mkk_pika - database.py:245 - INFO - ['第1集']
2026-04-12 23:50:06 - mkk_pika - main.py:348 - INFO - ==================== 漫画信息 ====================
                                   漫画ID：5821ad955f6b9a4f93f5f1e1
                                   标题：[亂譯爛改漢化狗] [Sian] 即ハメ☆ギャルびっち！＋ 魅せハメ☆ギャルびっち！
                                   作者：Sian
                                   是否完结：是
                                   总页数：31
                                   分类：短篇
                                   章节数：1
                                   最后更新时间：2015-06-17T22:46:50.000Z
                                   =================================================
2026-04-12 23:50:06 - mkk_pika - database.py:101 - INFO - 保存成功：[亂譯爛改漢化狗] [Sian] 即ハメ☆ギャルびっち！＋ 魅せハメ☆ギャルびっち！
2026-04-12 23:50:06 - mkk_pika - main.py:35 - INFO - 开始检查[想抱雷妈汉化组] [宮野木ジジ]おにちゃんクエスト(COMIC LO 2016年6月号)是否存在未下载章节
2026-04-12 23:50:06 - mkk_pika - main.py:45 - INFO - 正在下载:[[想抱雷妈汉化组] [宮野木ジジ]おにちゃんクエスト(COMIC LO 2016年6月号)]-[宮野木ジジ]-[['短篇', '妹妹系']]-[total_pages:31]
2026-04-12 23:50:06 - mkk_pika - main.py:49 - INFO - [{'_id': '5821ad965f6b9a4f93f5f225', 'title': '第1集', 'order': 1, 'updated_at': '2016-11-08T10:48:54.320Z', 'id': '5821ad965f6b9a4f93f5f225'}]
2026-04-12 23:50:06 - mkk_pika - database.py:215 - INFO - 第一次下载该漫画，记录数据库中
2026-04-12 23:50:06 - mkk_pika - main.py:83 - INFO - 找到 31 张图片在:第1集
2026-04-12 23:50:07 - mkk_pika - main.py:112 - INFO - [episode:第1集       ] downloaded:    31, total:  31, progress:100%
2026-04-12 23:50:07 - mkk_pika - database.py:238 - INFO - 数据库更新已下载章节
2026-04-12 23:50:07 - mkk_pika - database.py:244 - INFO - 该漫画已下载章节如下
2026-04-12 23:50:07 - mkk_pika - database.py:245 - INFO - ['第1集']
2026-04-12 23:50:08 - mkk_pika - main.py:348 - INFO - ==================== 漫画信息 ====================
                                   漫画ID：5821ad965f6b9a4f93f5f223
                                   标题：[想抱雷妈汉化组] [宮野木ジジ]おにちゃんクエスト(COMIC LO 2016年6月号)
                                   作者：宮野木ジジ
                                   是否完结：是
                                   总页数：31
                                   分类：短篇,妹妹系
                                   章节数：1
                                   最后更新时间：2015-06-18T08:46:50.000Z
                                   =================================================
2026-04-12 23:50:08 - mkk_pika - database.py:101 - INFO - 保存成功：[想抱雷妈汉化组] [宮野木ジジ]おにちゃんクエスト(COMIC LO 2016年6月号)
2026-04-12 23:50:08 - mkk_pika - main.py:35 - INFO - 开始检查今日の美沙子さん [傑利鼠個人渣翻譯]是否存在未下载章节
2026-04-12 23:50:09 - mkk_pika - main.py:45 - INFO - 正在下载:[今日の美沙子さん [傑利鼠個人渣翻譯]]-[Kill the King]-[['人妻', '短篇', '全彩', 'NTR']]-[total_pages:32]
2026-04-12 23:50:09 - mkk_pika - main.py:49 - INFO - [{'_id': '5821ad995f6b9a4f93f5f377', 'title': '第1集', 'order': 1, 'updated_at': '2016-11-08T10:48:57.251Z', 'id': '5821ad995f6b9a4f93f5f377'}]
2026-04-12 23:50:09 - mkk_pika - database.py:215 - INFO - 第一次下载该漫画，记录数据库中
2026-04-12 23:50:09 - mkk_pika - main.py:83 - INFO - 找到 32 张图片在:第1集
2026-04-12 23:50:10 - mkk_pika - main.py:112 - INFO - [episode:第1集       ] downloaded:    32, total:  32, progress:100%
2026-04-12 23:50:10 - mkk_pika - database.py:238 - INFO - 数据库更新已下载章节
2026-04-12 23:50:10 - mkk_pika - database.py:244 - INFO - 该漫画已下载章节如下
2026-04-12 23:50:10 - mkk_pika - database.py:245 - INFO - ['第1集']
2026-04-12 23:50:11 - mkk_pika - main.py:348 - INFO - ==================== 漫画信息 ====================
                                   漫画ID：5821ad985f6b9a4f93f5f375
                                   标题：今日の美沙子さん [傑利鼠個人渣翻譯]
                                   作者：Kill the King
                                   是否完结：是
                                   总页数：32
                                   分类：人妻,短篇,全彩,NTR
                                   章节数：1
                                   最后更新时间：2015-06-19T14:46:50.000Z
                                   =================================================
2026-04-12 23:50:11 - mkk_pika - database.py:101 - INFO - 保存成功：今日の美沙子さん [傑利鼠個人渣翻譯]
2026-04-12 23:50:11 - mkk_pika - main.py:35 - INFO - 开始检查[伊東ライフ] ぷにぷにパチュリー様 (東方Project)迷途竹林汉化是否存在未下载章节
2026-04-12 23:50:12 - mkk_pika - main.py:45 - INFO - 正在下载:[[伊東ライフ] ぷにぷにパチュリー様 (東方Project)迷途竹林汉化]-[[伊東ライフ] ]-[['短篇', '東方']]-[total_pages:40]
2026-04-12 23:50:12 - mkk_pika - main.py:49 - INFO - [{'_id': '5821ad995f6b9a4f93f5f3bb', 'title': '第1集', 'order': 1, 'updated_at': '2016-11-08T10:48:57.976Z', 'id': '5821ad995f6b9a4f93f5f3bb'}]
2026-04-12 23:50:12 - mkk_pika - database.py:215 - INFO - 第一次下载该漫画，记录数据库中
2026-04-12 23:50:12 - mkk_pika - main.py:83 - INFO - 找到 40 张图片在:第1集
2026-04-12 23:50:13 - mkk_pika - main.py:112 - INFO - [episode:第1集       ] downloaded:    40, total:  40, progress:100%
2026-04-12 23:50:13 - mkk_pika - database.py:238 - INFO - 数据库更新已下载章节
2026-04-12 23:50:13 - mkk_pika - database.py:244 - INFO - 该漫画已下载章节如下
2026-04-12 23:50:13 - mkk_pika - database.py:245 - INFO - ['第1集']
2026-04-12 23:50:14 - mkk_pika - main.py:348 - INFO - ==================== 漫画信息 ====================
                                   漫画ID：5821ad995f6b9a4f93f5f3b9
                                   标题：[伊東ライフ] ぷにぷにパチュリー様 (東方Project)迷途竹林汉化
                                   作者：[伊東ライフ] 
                                   是否完结：是
                                   总页数：40
                                   分类：短篇,東方
                                   章节数：1
                                   最后更新时间：2015-06-20T00:46:50.000Z
                                   =================================================
2026-04-12 23:50:14 - mkk_pika - database.py:101 - INFO - 保存成功：[伊東ライフ] ぷにぷにパチュリー様 (東方Project)迷途竹林汉化
2026-04-12 23:50:14 - mkk_pika - main.py:35 - INFO - 开始检查 [笑顔で暴力 (mogg)] 夢恋慕 (東方Project) [CE家族社]是否存在未下载章节
2026-04-12 23:50:15 - mkk_pika - main.py:45 - INFO - 正在下载:[ [笑顔で暴力 (mogg)] 夢恋慕 (東方Project) [CE家族社]]-[ [笑顔で暴力 (mogg)]]-[['短篇', '東方']]-[total_pages:29]
2026-04-12 23:50:15 - mkk_pika - main.py:49 - INFO - [{'_id': '5821ad9a5f6b9a4f93f5f40f', 'title': '第1集', 'order': 1, 'updated_at': '2016-11-08T10:48:58.836Z', 'id': '5821ad9a5f6b9a4f93f5f40f'}]
2026-04-12 23:50:15 - mkk_pika - database.py:215 - INFO - 第一次下载该漫画，记录数据库中
2026-04-12 23:50:15 - mkk_pika - main.py:83 - INFO - 找到 29 张图片在:第1集
2026-04-12 23:50:16 - mkk_pika - main.py:112 - INFO - [episode:第1集       ] downloaded:    29, total:  29, progress:100%
2026-04-12 23:50:16 - mkk_pika - database.py:238 - INFO - 数据库更新已下载章节
2026-04-12 23:50:16 - mkk_pika - database.py:244 - INFO - 该漫画已下载章节如下
2026-04-12 23:50:16 - mkk_pika - database.py:245 - INFO - ['第1集']
2026-04-12 23:50:17 - mkk_pika - main.py:348 - INFO - ==================== 漫画信息 ====================
                                   漫画ID：5821ad9a5f6b9a4f93f5f40d
                                   标题： [笑顔で暴力 (mogg)] 夢恋慕 (東方Project) [CE家族社]
                                   作者： [笑顔で暴力 (mogg)]
                                   是否完结：是
                                   总页数：29
                                   分类：短篇,東方
                                   章节数：1
                                   最后更新时间：2015-06-20T10:46:50.000Z
                                   =================================================
2026-04-12 23:50:17 - mkk_pika - database.py:101 - INFO - 保存成功： [笑顔で暴力 (mogg)] 夢恋慕 (東方Project) [CE家族社]
2026-04-12 23:50:17 - mkk_pika - main.py:35 - INFO - 开始检查[きのこのみ (konomi)] 咲夜さんカテキョの (東方Project) [CE汉化]是否存在未下载章节
2026-04-12 23:50:17 - mkk_pika - main.py:45 - INFO - 正在下载:[[きのこのみ (konomi)] 咲夜さんカテキョの (東方Project) [CE汉化]]-[[きのこのみ (konomi)] ]-[['短篇', '東方']]-[total_pages:20]
2026-04-12 23:50:17 - mkk_pika - main.py:49 - INFO - [{'_id': '5821ad9b5f6b9a4f93f5f44d', 'title': '第1集', 'order': 1, 'updated_at': '2016-11-08T10:48:59.342Z', 'id': '5821ad9b5f6b9a4f93f5f44d'}]
2026-04-12 23:50:17 - mkk_pika - database.py:215 - INFO - 第一次下载该漫画，记录数据库中
2026-04-12 23:50:18 - mkk_pika - main.py:83 - INFO - 找到 20 张图片在:第1集
2026-04-12 23:50:18 - mkk_pika - main.py:112 - INFO - [episode:第1集       ] downloaded:    20, total:  20, progress:100%
2026-04-12 23:50:18 - mkk_pika - database.py:238 - INFO - 数据库更新已下载章节
2026-04-12 23:50:18 - mkk_pika - database.py:244 - INFO - 该漫画已下载章节如下
2026-04-12 23:50:18 - mkk_pika - database.py:245 - INFO - ['第1集']
2026-04-12 23:50:20 - mkk_pika - main.py:348 - INFO - ==================== 漫画信息 ====================
                                   漫画ID：5821ad9b5f6b9a4f93f5f44b
                                   标题：[きのこのみ (konomi)] 咲夜さんカテキョの (東方Project) [CE汉化]
                                   作者：[きのこのみ (konomi)] 
                                   是否完结：是
                                   总页数：20
                                   分类：短篇,東方
                                   章节数：1
                                   最后更新时间：2015-06-20T20:46:50.000Z
                                   =================================================
2026-04-12 23:50:20 - mkk_pika - database.py:101 - INFO - 保存成功：[きのこのみ (konomi)] 咲夜さんカテキョの (東方Project) [CE汉化]
2026-04-12 23:50:20 - mkk_pika - main.py:35 - INFO - 开始检查[なかよひモグダン] 綾波　第4回 [最终决战式样]是否存在未下载章节
2026-04-12 23:50:20 - mkk_pika - main.py:45 - INFO - 正在下载:[[なかよひモグダン] 綾波　第4回 [最终决战式样]]-[なかよひモグダン]-[['同人', '短篇', 'NTR']]-[total_pages:38]
2026-04-12 23:50:20 - mkk_pika - main.py:49 - INFO - [{'_id': '5821ad9b5f6b9a4f93f5f479', 'title': '第1集', 'order': 1, 'updated_at': '2016-11-08T10:48:59.730Z', 'id': '5821ad9b5f6b9a4f93f5f479'}]
2026-04-12 23:50:20 - mkk_pika - database.py:215 - INFO - 第一次下载该漫画，记录数据库中
2026-04-12 23:50:21 - mkk_pika - main.py:83 - INFO - 找到 38 张图片在:第1集
2026-04-12 23:50:21 - mkk_pika - main.py:112 - INFO - [episode:第1集       ] downloaded:    38, total:  38, progress:100%
2026-04-12 23:50:21 - mkk_pika - database.py:238 - INFO - 数据库更新已下载章节
2026-04-12 23:50:21 - mkk_pika - database.py:244 - INFO - 该漫画已下载章节如下
2026-04-12 23:50:21 - mkk_pika - database.py:245 - INFO - ['第1集']
2026-04-12 23:50:23 - mkk_pika - main.py:348 - INFO - ==================== 漫画信息 ====================
                                   漫画ID：5821ad9b5f6b9a4f93f5f477
                                   标题：[なかよひモグダン] 綾波　第4回 [最终决战式样]
                                   作者：なかよひモグダン
                                   是否完结：是
                                   总页数：38
                                   分类：同人,短篇,NTR
                                   章节数：1
                                   最后更新时间：2015-06-21T06:46:50.000Z
                                   =================================================
2026-04-12 23:50:23 - mkk_pika - database.py:101 - INFO - 保存成功：[なかよひモグダン] 綾波　第4回 [最终决战式样]
2026-04-12 23:50:23 - mkk_pika - main.py:35 - INFO - 开始检查[Tlaster个人汉化] [かかし朝浩] 博士の異常な欲情 (COMIC しちゅぷれ VOL.14) 是否存在未下载章节
2026-04-12 23:50:23 - mkk_pika - main.py:45 - INFO - 正在下载:[[Tlaster个人汉化] [かかし朝浩] 博士の異常な欲情 (COMIC しちゅぷれ VOL.14) ]-[かかし朝浩]-[['短篇', '扶他樂園']]-[total_pages:26]
2026-04-12 23:50:23 - mkk_pika - main.py:49 - INFO - [{'_id': '5821ad9c5f6b9a4f93f5f4c9', 'title': '第1集', 'order': 1, 'updated_at': '2016-11-08T10:49:00.190Z', 'id': '5821ad9c5f6b9a4f93f5f4c9'}]
2026-04-12 23:50:23 - mkk_pika - database.py:215 - INFO - 第一次下载该漫画，记录数据库中
2026-04-12 23:50:23 - mkk_pika - main.py:83 - INFO - 找到 26 张图片在:第1集
2026-04-12 23:50:24 - mkk_pika - main.py:112 - INFO - [episode:第1集       ] downloaded:    26, total:  26, progress:100%
2026-04-12 23:50:24 - mkk_pika - database.py:238 - INFO - 数据库更新已下载章节
2026-04-12 23:50:24 - mkk_pika - database.py:244 - INFO - 该漫画已下载章节如下
2026-04-12 23:50:24 - mkk_pika - database.py:245 - INFO - ['第1集']
2026-04-12 23:50:25 - mkk_pika - main.py:348 - INFO - ==================== 漫画信息 ====================
                                   漫画ID：5821ad9b5f6b9a4f93f5f4c7
                                   标题：[Tlaster个人汉化] [かかし朝浩] 博士の異常な欲情 (COMIC しちゅぷれ VOL.14) 
                                   作者：かかし朝浩
                                   是否完结：是
                                   总页数：26
                                   分类：短篇,扶他樂園
                                   章节数：1
                                   最后更新时间：2015-06-21T16:46:50.000Z
                                   =================================================
2026-04-12 23:50:25 - mkk_pika - database.py:101 - INFO - 保存成功：[Tlaster个人汉化] [かかし朝浩] 博士の異常な欲情 (COMIC しちゅぷれ VOL.14) 
2026-04-12 23:50:25 - mkk_pika - main.py:35 - INFO - 开始检查[汉化][筧秀隆] クチ・ドメ 第8話是否存在未下载章节
2026-04-12 23:50:26 - mkk_pika - main.py:45 - INFO - 正在下载:[[汉化][筧秀隆] クチ・ドメ 第8話]-[筧秀隆]-[['短篇']]-[total_pages:24]
2026-04-12 23:50:26 - mkk_pika - main.py:49 - INFO - [{'_id': '5821ad9c5f6b9a4f93f5f501', 'title': '第1集', 'order': 1, 'updated_at': '2016-11-08T10:49:00.632Z', 'id': '5821ad9c5f6b9a4f93f5f501'}]
2026-04-12 23:50:26 - mkk_pika - database.py:215 - INFO - 第一次下载该漫画，记录数据库中
2026-04-12 23:50:26 - mkk_pika - main.py:83 - INFO - 找到 24 张图片在:第1集
2026-04-12 23:50:27 - mkk_pika - main.py:112 - INFO - [episode:第1集       ] downloaded:    24, total:  24, progress:100%
2026-04-12 23:50:27 - mkk_pika - database.py:238 - INFO - 数据库更新已下载章节
2026-04-12 23:50:27 - mkk_pika - database.py:244 - INFO - 该漫画已下载章节如下
2026-04-12 23:50:27 - mkk_pika - database.py:245 - INFO - ['第1集']
2026-04-12 23:50:28 - mkk_pika - main.py:348 - INFO - ==================== 漫画信息 ====================
                                   漫画ID：5821ad9c5f6b9a4f93f5f4ff
                                   标题：[汉化][筧秀隆] クチ・ドメ 第8話
                                   作者：筧秀隆
                                   是否完结：是
                                   总页数：24
                                   分类：短篇
                                   章节数：1
                                   最后更新时间：2015-06-22T02:46:50.000Z
                                   =================================================
2026-04-12 23:50:28 - mkk_pika - database.py:101 - INFO - 保存成功：[汉化][筧秀隆] クチ・ドメ 第8話
2026-04-12 23:50:28 - mkk_pika - main.py:35 - INFO - 开始检查[極東工務店 (菊のすけまる)] GIRLFriend's 3 (東方Project)[奶綠個人漢化]是否存在未下载章节
2026-04-12 23:50:28 - mkk_pika - main.py:45 - INFO - 正在下载:[[極東工務店 (菊のすけまる)] GIRLFriend's 3 (東方Project)[奶綠個人漢化]]-[[極東工務店 (菊のすけまる)]]-[['短篇', '東方']]-[total_pages:24]
2026-04-12 23:50:28 - mkk_pika - main.py:49 - INFO - [{'_id': '5821ad9e5f6b9a4f93f5f59f', 'title': '第1集', 'order': 1, 'updated_at': '2016-11-08T10:49:02.880Z', 'id': '5821ad9e5f6b9a4f93f5f59f'}]
2026-04-12 23:50:28 - mkk_pika - database.py:215 - INFO - 第一次下载该漫画，记录数据库中
2026-04-12 23:50:29 - mkk_pika - main.py:83 - INFO - 找到 24 张图片在:第1集
2026-04-12 23:50:29 - mkk_pika - main.py:112 - INFO - [episode:第1集       ] downloaded:    24, total:  24, progress:100%
2026-04-12 23:50:29 - mkk_pika - database.py:238 - INFO - 数据库更新已下载章节
2026-04-12 23:50:29 - mkk_pika - database.py:244 - INFO - 该漫画已下载章节如下
2026-04-12 23:50:29 - mkk_pika - database.py:245 - INFO - ['第1集']
2026-04-12 23:50:31 - mkk_pika - main.py:348 - INFO - ==================== 漫画信息 ====================
                                   漫画ID：5821ad9e5f6b9a4f93f5f59d
                                   标题：[極東工務店 (菊のすけまる)] GIRLFriend's 3 (東方Project)[奶綠個人漢化]
                                   作者：[極東工務店 (菊のすけまる)]
                                   是否完结：是
                                   总页数：24
                                   分类：短篇,東方
                                   章节数：1
                                   最后更新时间：2015-06-23T18:46:50.000Z
                                   =================================================
2026-04-12 23:50:31 - mkk_pika - database.py:101 - INFO - 保存成功：[極東工務店 (菊のすけまる)] GIRLFriend's 3 (東方Project)[奶綠個人漢化]
2026-04-12 23:50:31 - mkk_pika - main.py:35 - INFO - 开始检查[Satellites (サテツ)] さまよえるイド (東方Project) [CE汉化]是否存在未下载章节
2026-04-12 23:50:31 - mkk_pika - main.py:45 - INFO - 正在下载:[[Satellites (サテツ)] さまよえるイド (東方Project) [CE汉化]]-[[Satellites (サテツ)] ]-[['短篇', '東方']]-[total_pages:19]
2026-04-12 23:50:31 - mkk_pika - main.py:49 - INFO - [{'_id': '5821ad9f5f6b9a4f93f5f5d3', 'title': '第1集', 'order': 1, 'updated_at': '2016-11-08T10:49:03.457Z', 'id': '5821ad9f5f6b9a4f93f5f5d3'}]
2026-04-12 23:50:31 - mkk_pika - database.py:215 - INFO - 第一次下载该漫画，记录数据库中
2026-04-12 23:50:32 - mkk_pika - main.py:83 - INFO - 找到 19 张图片在:第1集
2026-04-12 23:50:32 - mkk_pika - main.py:112 - INFO - [episode:第1集       ] downloaded:    19, total:  19, progress:100%
2026-04-12 23:50:32 - mkk_pika - database.py:238 - INFO - 数据库更新已下载章节
2026-04-12 23:50:32 - mkk_pika - database.py:244 - INFO - 该漫画已下载章节如下
2026-04-12 23:50:32 - mkk_pika - database.py:245 - INFO - ['第1集']
2026-04-12 23:50:33 - mkk_pika - main.py:348 - INFO - ==================== 漫画信息 ====================
                                   漫画ID：5821ad9e5f6b9a4f93f5f5d1
                                   标题：[Satellites (サテツ)] さまよえるイド (東方Project) [CE汉化]
                                   作者：[Satellites (サテツ)] 
                                   是否完结：是
                                   总页数：19
                                   分类：短篇,東方
                                   章节数：1
                                   最后更新时间：2015-06-24T04:46:50.000Z
                                   =================================================
2026-04-12 23:50:33 - mkk_pika - database.py:101 - INFO - 保存成功：[Satellites (サテツ)] さまよえるイド (東方Project) [CE汉化]
2026-04-12 23:50:33 - mkk_pika - main.py:35 - INFO - 开始检查[甘蜜博士 (甘蜜こうすけ)] 妹紅お姉ちゃんとショタがえっちする本 (東方Project) [迷途竹林汉化]是否存在未下载章节
2026-04-12 23:50:34 - mkk_pika - main.py:45 - INFO - 正在下载:[[甘蜜博士 (甘蜜こうすけ)] 妹紅お姉ちゃんとショタがえっちする本 (東方Project) [迷途竹林汉化]]-[[甘蜜博士 (甘蜜こうすけ)]]-[['短篇', '東方']]-[total_pages:20]
2026-04-12 23:50:34 - mkk_pika - main.py:49 - INFO - [{'_id': '5821ad9f5f6b9a4f93f5f5fd', 'title': '第1集', 'order': 1, 'updated_at': '2016-11-08T10:49:03.781Z', 'id': '5821ad9f5f6b9a4f93f5f5fd'}]
2026-04-12 23:50:34 - mkk_pika - database.py:215 - INFO - 第一次下载该漫画，记录数据库中
2026-04-12 23:50:34 - mkk_pika - main.py:83 - INFO - 找到 20 张图片在:第1集
2026-04-12 23:50:35 - mkk_pika - main.py:112 - INFO - [episode:第1集       ] downloaded:    20, total:  20, progress:100%
2026-04-12 23:50:35 - mkk_pika - database.py:238 - INFO - 数据库更新已下载章节
2026-04-12 23:50:35 - mkk_pika - database.py:244 - INFO - 该漫画已下载章节如下
2026-04-12 23:50:35 - mkk_pika - database.py:245 - INFO - ['第1集']
2026-04-12 23:50:36 - mkk_pika - main.py:348 - INFO - ==================== 漫画信息 ====================
                                   漫画ID：5821ad9f5f6b9a4f93f5f5fb
                                   标题：[甘蜜博士 (甘蜜こうすけ)] 妹紅お姉ちゃんとショタがえっちする本 (東方Project) [迷途竹林汉化]
                                   作者：[甘蜜博士 (甘蜜こうすけ)]
                                   是否完结：是
                                   总页数：20
                                   分类：短篇,東方
                                   章节数：1
                                   最后更新时间：2015-06-24T14:46:50.000Z
                                   =================================================
2026-04-12 23:50:36 - mkk_pika - database.py:101 - INFO - 保存成功：[甘蜜博士 (甘蜜こうすけ)] 妹紅お姉ちゃんとショタがえっちする本 (東方Project) [迷途竹林汉化]
2026-04-12 23:50:36 - mkk_pika - main.py:35 - INFO - 开始检查[Cloud Palette (紅薙ようと, 黒夢奈音)] ウッカリビャクレン (東方Project) [翻訳]是否存在未下载章节
2026-04-12 23:50:36 - mkk_pika - main.py:45 - INFO - 正在下载:[[Cloud Palette (紅薙ようと, 黒夢奈音)] ウッカリビャクレン (東方Project) [翻訳]]-[[Cloud Palette (紅薙ようと, 黒夢奈音)] ]-[['短篇', '東方']]-[total_pages:8]
2026-04-12 23:50:36 - mkk_pika - main.py:49 - INFO - [{'_id': '5821ada15f6b9a4f93f5f67f', 'title': '第1集', 'order': 1, 'updated_at': '2016-11-08T10:49:05.470Z', 'id': '5821ada15f6b9a4f93f5f67f'}]
2026-04-12 23:50:36 - mkk_pika - database.py:215 - INFO - 第一次下载该漫画，记录数据库中
2026-04-12 23:50:37 - mkk_pika - main.py:83 - INFO - 找到 8 张图片在:第1集
2026-04-12 23:50:37 - mkk_pika - main.py:112 - INFO - [episode:第1集       ] downloaded:     8, total:   8, progress:100%
2026-04-12 23:50:37 - mkk_pika - database.py:238 - INFO - 数据库更新已下载章节
2026-04-12 23:50:37 - mkk_pika - database.py:244 - INFO - 该漫画已下载章节如下
2026-04-12 23:50:37 - mkk_pika - database.py:245 - INFO - ['第1集']
2026-04-12 23:50:38 - mkk_pika - main.py:348 - INFO - ==================== 漫画信息 ====================
                                   漫画ID：5821ada05f6b9a4f93f5f67d
                                   标题：[Cloud Palette (紅薙ようと, 黒夢奈音)] ウッカリビャクレン (東方Project) [翻訳]
                                   作者：[Cloud Palette (紅薙ようと, 黒夢奈音)] 
                                   是否完结：是
                                   总页数：8
                                   分类：短篇,東方
                                   章节数：1
                                   最后更新时间：2015-06-25T20:46:50.000Z
                                   =================================================
2026-04-12 23:50:38 - mkk_pika - database.py:101 - INFO - 保存成功：[Cloud Palette (紅薙ようと, 黒夢奈音)] ウッカリビャクレン (東方Project) [翻訳]
2026-04-12 23:50:38 - mkk_pika - main.py:35 - INFO - 开始检查[夏季のタネ (サマー)] 絶対にゴブリンなんかに負けたりしない! (東方Project) [CE汉化]是否存在未下载章节
2026-04-12 23:50:39 - mkk_pika - main.py:45 - INFO - 正在下载:[[夏季のタネ (サマー)] 絶対にゴブリンなんかに負けたりしない! (東方Project) [CE汉化]]-[[夏季のタネ (サマー)] ]-[['短篇', '強暴', '東方']]-[total_pages:16]
2026-04-12 23:50:39 - mkk_pika - main.py:49 - INFO - [{'_id': '5821ada25f6b9a4f93f5f6cb', 'title': '第1集', 'order': 1, 'updated_at': '2016-11-08T10:49:06.246Z', 'id': '5821ada25f6b9a4f93f5f6cb'}]
2026-04-12 23:50:39 - mkk_pika - database.py:215 - INFO - 第一次下载该漫画，记录数据库中
2026-04-12 23:50:39 - mkk_pika - main.py:83 - INFO - 找到 16 张图片在:第1集
2026-04-12 23:50:40 - mkk_pika - main.py:112 - INFO - [episode:第1集       ] downloaded:    16, total:  16, progress:100%
2026-04-12 23:50:40 - mkk_pika - database.py:238 - INFO - 数据库更新已下载章节
2026-04-12 23:50:40 - mkk_pika - database.py:244 - INFO - 该漫画已下载章节如下
2026-04-12 23:50:40 - mkk_pika - database.py:245 - INFO - ['第1集']
2026-04-12 23:50:41 - mkk_pika - main.py:348 - INFO - ==================== 漫画信息 ====================
                                   漫画ID：5821ada15f6b9a4f93f5f6c9
                                   标题：[夏季のタネ (サマー)] 絶対にゴブリンなんかに負けたりしない! (東方Project) [CE汉化]
                                   作者：[夏季のタネ (サマー)] 
                                   是否完结：是
                                   总页数：16
                                   分类：短篇,強暴,東方
                                   章节数：1
                                   最后更新时间：2015-06-26T16:46:50.000Z
                                   =================================================
2026-04-12 23:50:41 - mkk_pika - database.py:101 - INFO - 保存成功：[夏季のタネ (サマー)] 絶対にゴブリンなんかに負けたりしない! (東方Project) [CE汉化]
2026-04-12 23:50:41 - mkk_pika - main.py:35 - INFO - 开始检查[わざきた] 狼飼育係 (CENSORED I(東方)) [绅士の药师个人汉化]是否存在未下载章节
2026-04-12 23:50:41 - mkk_pika - main.py:45 - INFO - 正在下载:[[わざきた] 狼飼育係 (CENSORED I(東方)) [绅士の药师个人汉化]]-[[わざきた] ]-[['短篇', '全彩', '東方']]-[total_pages:15]
2026-04-12 23:50:41 - mkk_pika - main.py:49 - INFO - [{'_id': '5821ada35f6b9a4f93f5f717', 'title': '第1集', 'order': 1, 'updated_at': '2016-11-08T10:49:07.262Z', 'id': '5821ada35f6b9a4f93f5f717'}]
2026-04-12 23:50:41 - mkk_pika - database.py:215 - INFO - 第一次下载该漫画，记录数据库中
2026-04-12 23:50:42 - mkk_pika - main.py:83 - INFO - 找到 15 张图片在:第1集
2026-04-12 23:50:42 - mkk_pika - main.py:112 - INFO - [episode:第1集       ] downloaded:    15, total:  15, progress:100%
2026-04-12 23:50:42 - mkk_pika - database.py:238 - INFO - 数据库更新已下载章节
2026-04-12 23:50:42 - mkk_pika - database.py:244 - INFO - 该漫画已下载章节如下
2026-04-12 23:50:42 - mkk_pika - database.py:245 - INFO - ['第1集']
2026-04-12 23:50:43 - mkk_pika - main.py:348 - INFO - ==================== 漫画信息 ====================
                                   漫画ID：5821ada25f6b9a4f93f5f715
                                   标题：[わざきた] 狼飼育係 (CENSORED I(東方)) [绅士の药师个人汉化]
                                   作者：[わざきた] 
                                   是否完结：是
                                   总页数：15
                                   分类：短篇,全彩,東方
                                   章节数：1
                                   最后更新时间：2015-06-27T12:46:50.000Z
                                   =================================================
2026-04-12 23:50:43 - mkk_pika - database.py:101 - INFO - 保存成功：[わざきた] 狼飼育係 (CENSORED I(東方)) [绅士の药师个人汉化]
2026-04-12 23:50:43 - mkk_pika - main.py:35 - INFO - 开始检查[音速うばぐるま (手押し車)] 清純ビッチな依姫お姉ちゃんととろけていくほん (東方Project) [CE汉化]是否存在未下载章节
2026-04-12 23:50:44 - mkk_pika - main.py:45 - INFO - 正在下载:[[音速うばぐるま (手押し車)] 清純ビッチな依姫お姉ちゃんととろけていくほん (東方Project) [CE汉化]]-[[音速うばぐるま (手押し車)] ]-[['短篇', '強暴', '東方']]-[total_pages:36]
2026-04-12 23:50:44 - mkk_pika - main.py:49 - INFO - [{'_id': '5821ada35f6b9a4f93f5f739', 'title': '第1集', 'order': 1, 'updated_at': '2016-11-08T10:49:07.656Z', 'id': '5821ada35f6b9a4f93f5f739'}]
2026-04-12 23:50:44 - mkk_pika - database.py:215 - INFO - 第一次下载该漫画，记录数据库中
2026-04-12 23:50:44 - mkk_pika - main.py:83 - INFO - 找到 36 张图片在:第1集
2026-04-12 23:50:45 - mkk_pika - main.py:112 - INFO - [episode:第1集       ] downloaded:    36, total:  36, progress:100%
2026-04-12 23:50:45 - mkk_pika - database.py:238 - INFO - 数据库更新已下载章节
2026-04-12 23:50:45 - mkk_pika - database.py:244 - INFO - 该漫画已下载章节如下
2026-04-12 23:50:45 - mkk_pika - database.py:245 - INFO - ['第1集']
2026-04-12 23:50:46 - mkk_pika - main.py:348 - INFO - ==================== 漫画信息 ====================
                                   漫画ID：5821ada35f6b9a4f93f5f737
                                   标题：[音速うばぐるま (手押し車)] 清純ビッチな依姫お姉ちゃんととろけていくほん (東方Project) [CE汉化]
                                   作者：[音速うばぐるま (手押し車)] 
                                   是否完结：是
                                   总页数：36
                                   分类：短篇,強暴,東方
                                   章节数：1
                                   最后更新时间：2015-06-27T22:46:50.000Z
                                   =================================================
2026-04-12 23:50:46 - mkk_pika - database.py:101 - INFO - 保存成功：[音速うばぐるま (手押し車)] 清純ビッチな依姫お姉ちゃんととろけていくほん (東方Project) [CE汉化]
2026-04-12 23:50:46 - mkk_pika - main.py:35 - INFO - 开始检查 [100円外務省 (みりの)] お風呂上りのメガネ妖夢を酔っ払わせて敏感ドキドキらぶらぶえっち中出しキメて最後はベロチュー (東方Project) [脸肿汉化组]是否存在未下载章节
2026-04-12 23:50:47 - mkk_pika - main.py:45 - INFO - 正在下载:[ [100円外務省 (みりの)] お風呂上りのメガネ妖夢を酔っ払わせて敏感ドキドキらぶらぶえっち中出しキメて最後はベロチュー (東方Project) [脸肿汉化组]]-[[100円外務省 (みりの)] ]-[['短篇', '東方']]-[total_pages:24]
2026-04-12 23:50:47 - mkk_pika - main.py:49 - INFO - [{'_id': '5821ada45f6b9a4f93f5f785', 'title': '第1集', 'order': 1, 'updated_at': '2016-11-08T10:49:08.352Z', 'id': '5821ada45f6b9a4f93f5f785'}]
2026-04-12 23:50:47 - mkk_pika - database.py:215 - INFO - 第一次下载该漫画，记录数据库中
2026-04-12 23:50:47 - mkk_pika - main.py:83 - INFO - 找到 24 张图片在:第1集
2026-04-12 23:50:48 - mkk_pika - main.py:112 - INFO - [episode:第1集       ] downloaded:    24, total:  24, progress:100%
2026-04-12 23:50:48 - mkk_pika - database.py:238 - INFO - 数据库更新已下载章节
2026-04-12 23:50:48 - mkk_pika - database.py:244 - INFO - 该漫画已下载章节如下
2026-04-12 23:50:48 - mkk_pika - database.py:245 - INFO - ['第1集']
2026-04-12 23:50:49 - mkk_pika - main.py:348 - INFO - ==================== 漫画信息 ====================
                                   漫画ID：5821ada35f6b9a4f93f5f783
                                   标题： [100円外務省 (みりの)] お風呂上りのメガネ妖夢を酔っ払わせて敏感ドキドキらぶらぶえっち中出しキメて最後はベロチュー (東方Project) [脸肿汉化组]
                                   作者：[100円外務省 (みりの)] 
                                   是否完结：是
                                   总页数：24
                                   分类：短篇,東方
                                   章节数：1
                                   最后更新时间：2015-06-28T08:46:50.000Z
                                   =================================================
2026-04-12 23:50:49 - mkk_pika - database.py:101 - INFO - 保存成功： [100円外務省 (みりの)] お風呂上りのメガネ妖夢を酔っ払わせて敏感ドキドキらぶらぶえっち中出しキメて最後はベロチュー (東方Project) [脸肿汉化组]
2026-04-12 23:50:49 - mkk_pika - main.py:35 - INFO - 开始检查[たこ焼き畑たこ焼き (たこ焼き)] アマオトシ (東方Project) [CE汉化]是否存在未下载章节
2026-04-12 23:50:49 - mkk_pika - main.py:45 - INFO - 正在下载:[[たこ焼き畑たこ焼き (たこ焼き)] アマオトシ (東方Project) [CE汉化]]-[[たこ焼き畑たこ焼き (たこ焼き)]]-[['短篇', '東方']]-[total_pages:25]
2026-04-12 23:50:49 - mkk_pika - main.py:49 - INFO - [{'_id': '5821ada45f6b9a4f93f5f7b9', 'title': '第1集', 'order': 1, 'updated_at': '2016-11-08T10:49:08.778Z', 'id': '5821ada45f6b9a4f93f5f7b9'}]
2026-04-12 23:50:49 - mkk_pika - database.py:215 - INFO - 第一次下载该漫画，记录数据库中
2026-04-12 23:50:50 - mkk_pika - main.py:83 - INFO - 找到 25 张图片在:第1集
2026-04-12 23:50:50 - mkk_pika - main.py:112 - INFO - [episode:第1集       ] downloaded:    25, total:  25, progress:100%
2026-04-12 23:50:50 - mkk_pika - database.py:238 - INFO - 数据库更新已下载章节
2026-04-12 23:50:50 - mkk_pika - database.py:244 - INFO - 该漫画已下载章节如下
2026-04-12 23:50:50 - mkk_pika - database.py:245 - INFO - ['第1集']
2026-04-12 23:50:52 - mkk_pika - main.py:348 - INFO - ==================== 漫画信息 ====================
                                   漫画ID：5821ada45f6b9a4f93f5f7b7
                                   标题：[たこ焼き畑たこ焼き (たこ焼き)] アマオトシ (東方Project) [CE汉化]
                                   作者：[たこ焼き畑たこ焼き (たこ焼き)]
                                   是否完结：是
                                   总页数：25
                                   分类：短篇,東方
                                   章节数：1
                                   最后更新时间：2015-06-28T18:46:50.000Z
                                   =================================================
2026-04-12 23:50:52 - mkk_pika - database.py:101 - INFO - 保存成功：[たこ焼き畑たこ焼き (たこ焼き)] アマオトシ (東方Project) [CE汉化]
2026-04-12 23:50:52 - mkk_pika - main.py:35 - INFO - 开始检查[るしえ堂 (jema)] OK-NE D+ (東方Project) [靴下汉化组]是否存在未下载章节
2026-04-12 23:50:52 - mkk_pika - main.py:45 - INFO - 正在下载:[[るしえ堂 (jema)] OK-NE D+ (東方Project) [靴下汉化组]]-[[るしえ堂 (jema)] ]-[['短篇', '東方']]-[total_pages:13]
2026-04-12 23:50:52 - mkk_pika - main.py:49 - INFO - [{'_id': '5821ada55f6b9a4f93f5f7ef', 'title': '第1集', 'order': 1, 'updated_at': '2016-11-08T10:49:09.203Z', 'id': '5821ada55f6b9a4f93f5f7ef'}]
2026-04-12 23:50:52 - mkk_pika - database.py:215 - INFO - 第一次下载该漫画，记录数据库中
2026-04-12 23:50:52 - mkk_pika - main.py:83 - INFO - 找到 13 张图片在:第1集
2026-04-12 23:50:53 - mkk_pika - main.py:112 - INFO - [episode:第1集       ] downloaded:    13, total:  13, progress:100%
2026-04-12 23:50:53 - mkk_pika - database.py:238 - INFO - 数据库更新已下载章节
2026-04-12 23:50:53 - mkk_pika - database.py:244 - INFO - 该漫画已下载章节如下
2026-04-12 23:50:53 - mkk_pika - database.py:245 - INFO - ['第1集']
2026-04-12 23:50:54 - mkk_pika - main.py:348 - INFO - ==================== 漫画信息 ====================
                                   漫画ID：5821ada45f6b9a4f93f5f7ed
                                   标题：[るしえ堂 (jema)] OK-NE D+ (東方Project) [靴下汉化组]
                                   作者：[るしえ堂 (jema)] 
                                   是否完结：是
                                   总页数：13
                                   分类：短篇,東方
                                   章节数：1
                                   最后更新时间：2015-06-29T04:46:50.000Z
                                   =================================================
2026-04-12 23:50:54 - mkk_pika - database.py:101 - INFO - 保存成功：[るしえ堂 (jema)] OK-NE D+ (東方Project) [靴下汉化组]
2026-04-12 23:50:54 - mkk_pika - main.py:35 - INFO - 开始检查 [ジャックポット64 (HAN)] ORNXX (東方Project)是否存在未下载章节
2026-04-12 23:50:54 - mkk_pika - main.py:45 - INFO - 正在下载:[ [ジャックポット64 (HAN)] ORNXX (東方Project)]-[ [ジャックポット64 (HAN)] ]-[['短篇', '東方']]-[total_pages:23]
2026-04-12 23:50:54 - mkk_pika - main.py:49 - INFO - [{'_id': '5821ada55f6b9a4f93f5f80d', 'title': '第1集', 'order': 1, 'updated_at': '2016-11-08T10:49:09.805Z', 'id': '5821ada55f6b9a4f93f5f80d'}]
2026-04-12 23:50:54 - mkk_pika - database.py:215 - INFO - 第一次下载该漫画，记录数据库中
2026-04-12 23:50:55 - mkk_pika - main.py:83 - INFO - 找到 23 张图片在:第1集
2026-04-12 23:50:55 - mkk_pika - main.py:112 - INFO - [episode:第1集       ] downloaded:    23, total:  23, progress:100%
2026-04-12 23:50:55 - mkk_pika - database.py:238 - INFO - 数据库更新已下载章节
2026-04-12 23:50:55 - mkk_pika - database.py:244 - INFO - 该漫画已下载章节如下
2026-04-12 23:50:55 - mkk_pika - database.py:245 - INFO - ['第1集']
2026-04-12 23:50:57 - mkk_pika - main.py:348 - INFO - ==================== 漫画信息 ====================
                                   漫画ID：5821ada55f6b9a4f93f5f80b
                                   标题： [ジャックポット64 (HAN)] ORNXX (東方Project)
                                   作者： [ジャックポット64 (HAN)] 
                                   是否完结：是
                                   总页数：23
                                   分类：短篇,東方
                                   章节数：1
                                   最后更新时间：2015-06-29T14:46:50.000Z
                                   =================================================
2026-04-12 23:50:57 - mkk_pika - database.py:101 - INFO - 保存成功： [ジャックポット64 (HAN)] ORNXX (東方Project)
2026-04-12 23:50:57 - mkk_pika - main.py:35 - INFO - 开始检查[Moon Wort (草月野々乃)] こいおな (東方Project) [CE汉化]是否存在未下载章节
2026-04-12 23:50:57 - mkk_pika - main.py:45 - INFO - 正在下载:[[Moon Wort (草月野々乃)] こいおな (東方Project) [CE汉化]]-[[Moon Wort (草月野々乃)] ]-[['短篇', '東方']]-[total_pages:24]
2026-04-12 23:50:57 - mkk_pika - main.py:49 - INFO - [{'_id': '5821ada65f6b9a4f93f5f863', 'title': '第1集', 'order': 1, 'updated_at': '2016-11-08T10:49:10.577Z', 'id': '5821ada65f6b9a4f93f5f863'}]
2026-04-12 23:50:57 - mkk_pika - database.py:215 - INFO - 第一次下载该漫画，记录数据库中
2026-04-12 23:50:58 - mkk_pika - main.py:83 - INFO - 找到 24 张图片在:第1集
2026-04-12 23:50:58 - mkk_pika - main.py:112 - INFO - [episode:第1集       ] downloaded:    24, total:  24, progress:100%
2026-04-12 23:50:58 - mkk_pika - database.py:238 - INFO - 数据库更新已下载章节
2026-04-12 23:50:58 - mkk_pika - database.py:244 - INFO - 该漫画已下载章节如下
2026-04-12 23:50:58 - mkk_pika - database.py:245 - INFO - ['第1集']
2026-04-12 23:50:59 - mkk_pika - main.py:348 - INFO - ==================== 漫画信息 ====================
                                   漫画ID：5821ada65f6b9a4f93f5f861
                                   标题：[Moon Wort (草月野々乃)] こいおな (東方Project) [CE汉化]
                                   作者：[Moon Wort (草月野々乃)] 
                                   是否完结：是
                                   总页数：24
                                   分类：短篇,東方
                                   章节数：1
                                   最后更新时间：2015-06-30T10:46:50.000Z
                                   =================================================
2026-04-12 23:50:59 - mkk_pika - database.py:101 - INFO - 保存成功：[Moon Wort (草月野々乃)] こいおな (東方Project) [CE汉化]
2026-04-12 23:50:59 - mkk_pika - main.py:35 - INFO - 开始检查[沒有漢化][pink-noise (みずいろめがね)] 『ふたなり童貞LESSON』のお知らせ (艦隊これくしょん -艦これ-)是否存在未下载章节
2026-04-12 23:51:00 - mkk_pika - main.py:45 - INFO - 正在下载:[[沒有漢化][pink-noise (みずいろめがね)] 『ふたなり童貞LESSON』のお知らせ (艦隊これくしょん -艦これ-)]-[pink-noise (みずいろめがね)]-[['同人', '短篇', '艦隊收藏', '扶他樂園']]-[total_pages:139]
2026-04-12 23:51:00 - mkk_pika - main.py:49 - INFO - [{'_id': '5821ada85f6b9a4f93f5f8c9', 'title': '第1集', 'order': 1, 'updated_at': '2016-11-08T10:49:12.188Z', 'id': '5821ada85f6b9a4f93f5f8c9'}, {'_id': '5821ada95f6b9a4f93f5f957', 'title': '第2集', 'order': 2, 'updated_at': '2016-11-08T10:49:13.179Z', 'id': '5821ada95f6b9a4f93f5f957'}]
2026-04-12 23:51:00 - mkk_pika - database.py:215 - INFO - 第一次下载该漫画，记录数据库中
2026-04-12 23:51:00 - mkk_pika - main.py:83 - INFO - 找到 70 张图片在:第1集
2026-04-12 23:51:02 - mkk_pika - main.py:112 - INFO - [episode:第1集       ] downloaded:    70, total:  70, progress:100%
2026-04-12 23:51:02 - mkk_pika - database.py:238 - INFO - 数据库更新已下载章节
2026-04-12 23:51:02 - mkk_pika - database.py:244 - INFO - 该漫画已下载章节如下
2026-04-12 23:51:02 - mkk_pika - database.py:245 - INFO - ['第1集']
2026-04-12 23:51:04 - mkk_pika - main.py:83 - INFO - 找到 69 张图片在:第2集
2026-04-12 23:51:05 - mkk_pika - main.py:112 - INFO - [episode:第2集       ] downloaded:    69, total:  69, progress:100%
2026-04-12 23:51:05 - mkk_pika - database.py:238 - INFO - 数据库更新已下载章节
2026-04-12 23:51:05 - mkk_pika - database.py:244 - INFO - 该漫画已下载章节如下
2026-04-12 23:51:05 - mkk_pika - database.py:245 - INFO - ['第1集', '第2集']
2026-04-12 23:51:07 - mkk_pika - main.py:348 - INFO - ==================== 漫画信息 ====================
                                   漫画ID：5821ada75f6b9a4f93f5f8c7
                                   标题：[沒有漢化][pink-noise (みずいろめがね)] 『ふたなり童貞LESSON』のお知らせ (艦隊これくしょん -艦これ-)
                                   作者：pink-noise (みずいろめがね)
                                   是否完结：是
                                   总页数：139
                                   分类：同人,短篇,艦隊收藏,扶他樂園
                                   章节数：2
                                   最后更新时间：2015-07-01T16:46:50.000Z
                                   =================================================
2026-04-12 23:51:07 - mkk_pika - database.py:101 - INFO - 保存成功：[沒有漢化][pink-noise (みずいろめがね)] 『ふたなり童貞LESSON』のお知らせ (艦隊これくしょん -艦これ-)
2026-04-12 23:51:07 - mkk_pika - main.py:35 - INFO - 开始检查[蓬頭垢面個人漢化][サムライ忍者GREENTEA] AND THEY LIVED happily ever after... 002 是否存在未下载章节
2026-04-12 23:51:07 - mkk_pika - main.py:45 - INFO - 正在下载:[[蓬頭垢面個人漢化][サムライ忍者GREENTEA] AND THEY LIVED happily ever after... 002 ]-[サムライ忍者GREENTEA]-[['同人', '短篇', '扶他樂園']]-[total_pages:22]
2026-04-12 23:51:07 - mkk_pika - main.py:49 - INFO - [{'_id': '5821adaa5f6b9a4f93f5f9e5', 'title': '第1集', 'order': 1, 'updated_at': '2016-11-08T10:49:14.102Z', 'id': '5821adaa5f6b9a4f93f5f9e5'}]
2026-04-12 23:51:07 - mkk_pika - database.py:215 - INFO - 第一次下载该漫画，记录数据库中
2026-04-12 23:51:07 - mkk_pika - main.py:83 - INFO - 找到 22 张图片在:第1集
2026-04-12 23:51:08 - mkk_pika - main.py:112 - INFO - [episode:第1集       ] downloaded:    22, total:  22, progress:100%
2026-04-12 23:51:08 - mkk_pika - database.py:238 - INFO - 数据库更新已下载章节
2026-04-12 23:51:08 - mkk_pika - database.py:244 - INFO - 该漫画已下载章节如下
2026-04-12 23:51:08 - mkk_pika - database.py:245 - INFO - ['第1集']
2026-04-12 23:51:09 - mkk_pika - main.py:348 - INFO - ==================== 漫画信息 ====================
                                   漫画ID：5821ada95f6b9a4f93f5f9e3
                                   标题：[蓬頭垢面個人漢化][サムライ忍者GREENTEA] AND THEY LIVED happily ever after... 002 
                                   作者：サムライ忍者GREENTEA
                                   是否完结：是
                                   总页数：22
                                   分类：同人,短篇,扶他樂園
                                   章节数：1
                                   最后更新时间：2015-07-02T02:46:50.000Z
                                   =================================================
2026-04-12 23:51:09 - mkk_pika - database.py:101 - INFO - 保存成功：[蓬頭垢面個人漢化][サムライ忍者GREENTEA] AND THEY LIVED happily ever after... 002 
2026-04-12 23:51:09 - mkk_pika - main.py:35 - INFO - 开始检查[想抱雷媽漢化組援力覺醒小分隊](C89) Pさんといっしょ! (アイドルマスター シンデレラガールズ)是否存在未下载章节
2026-04-12 23:51:09 - mkk_pika - main.py:45 - INFO - 正在下载:[[想抱雷媽漢化組援力覺醒小分隊](C89) Pさんといっしょ! (アイドルマスター シンデレラガールズ)]-[日本帝國図書館 (木谷椎、はんぺら、アル・イース)]-[['同人', '短篇', '純愛']]-[total_pages:34]
2026-04-12 23:51:09 - mkk_pika - main.py:49 - INFO - [{'_id': '5821adaa5f6b9a4f93f5fa15', 'title': '第1集', 'order': 1, 'updated_at': '2016-11-08T10:49:14.543Z', 'id': '5821adaa5f6b9a4f93f5fa15'}]
2026-04-12 23:51:09 - mkk_pika - database.py:215 - INFO - 第一次下载该漫画，记录数据库中
2026-04-12 23:51:10 - mkk_pika - main.py:83 - INFO - 找到 34 张图片在:第1集
2026-04-12 23:51:11 - mkk_pika - main.py:112 - INFO - [episode:第1集       ] downloaded:    34, total:  34, progress:100%
2026-04-12 23:51:11 - mkk_pika - database.py:238 - INFO - 数据库更新已下载章节
2026-04-12 23:51:11 - mkk_pika - database.py:244 - INFO - 该漫画已下载章节如下
2026-04-12 23:51:11 - mkk_pika - database.py:245 - INFO - ['第1集']
2026-04-12 23:51:12 - mkk_pika - main.py:348 - INFO - ==================== 漫画信息 ====================
                                   漫画ID：5821adaa5f6b9a4f93f5fa13
                                   标题：[想抱雷媽漢化組援力覺醒小分隊](C89) Pさんといっしょ! (アイドルマスター シンデレラガールズ)
                                   作者：日本帝國図書館 (木谷椎、はんぺら、アル・イース)
                                   是否完结：是
                                   总页数：34
                                   分类：同人,短篇,純愛
                                   章节数：1
                                   最后更新时间：2015-07-02T12:46:50.000Z
                                   =================================================
2026-04-12 23:51:12 - mkk_pika - database.py:101 - INFO - 保存成功：[想抱雷媽漢化組援力覺醒小分隊](C89) Pさんといっしょ! (アイドルマスター シンデレラガールズ)
2026-04-12 23:51:12 - mkk_pika - main.py:35 - INFO - 开始检查[UAl汉化组](C89) Hな女の子は...お好みですか？ (アイドルマスターシンデレラガールズ)是否存在未下载章节
2026-04-12 23:51:12 - mkk_pika - main.py:45 - INFO - 正在下载:[[UAl汉化组](C89) Hな女の子は...お好みですか？ (アイドルマスターシンデレラガールズ)]-[魔太郎 (魔太郎)]-[['同人', '短篇']]-[total_pages:34]
2026-04-12 23:51:12 - mkk_pika - main.py:49 - INFO - [{'_id': '5821adab5f6b9a4f93f5fa5d', 'title': '第1集', 'order': 1, 'updated_at': '2016-11-08T10:49:15.305Z', 'id': '5821adab5f6b9a4f93f5fa5d'}]
2026-04-12 23:51:12 - mkk_pika - database.py:215 - INFO - 第一次下载该漫画，记录数据库中
2026-04-12 23:51:13 - mkk_pika - main.py:83 - INFO - 找到 34 张图片在:第1集
2026-04-12 23:51:14 - mkk_pika - main.py:112 - INFO - [episode:第1集       ] downloaded:    34, total:  34, progress:100%
2026-04-12 23:51:14 - mkk_pika - database.py:238 - INFO - 数据库更新已下载章节
2026-04-12 23:51:14 - mkk_pika - database.py:244 - INFO - 该漫画已下载章节如下
2026-04-12 23:51:14 - mkk_pika - database.py:245 - INFO - ['第1集']
2026-04-12 23:51:15 - mkk_pika - main.py:348 - INFO - ==================== 漫画信息 ====================
                                   漫画ID：5821adaa5f6b9a4f93f5fa5b
                                   标题：[UAl汉化组](C89) Hな女の子は...お好みですか？ (アイドルマスターシンデレラガールズ)
                                   作者：魔太郎 (魔太郎)
                                   是否完结：是
                                   总页数：34
                                   分类：同人,短篇
                                   章节数：1
                                   最后更新时间：2015-07-02T22:46:50.000Z
                                   =================================================
2026-04-12 23:51:15 - mkk_pika - database.py:101 - INFO - 保存成功：[UAl汉化组](C89) Hな女の子は...お好みですか？ (アイドルマスターシンデレラガールズ)
2026-04-12 23:51:15 - mkk_pika - main.py:35 - INFO - 开始检查(C89) 村雨のちょっといい本見せたげる (艦隊これくしょん -艦これ-) [无毒汉化组]是否存在未下载章节
2026-04-12 23:51:15 - mkk_pika - main.py:45 - INFO - 正在下载:[(C89) 村雨のちょっといい本見せたげる (艦隊これくしょん -艦これ-) [无毒汉化组]]-[千段櫂船 (もくふう)]-[['同人', '短篇', '艦隊收藏']]-[total_pages:23]
2026-04-12 23:51:15 - mkk_pika - main.py:49 - INFO - [{'_id': '5821adac5f6b9a4f93f5faa5', 'title': '第1集', 'order': 1, 'updated_at': '2016-11-08T10:49:16.073Z', 'id': '5821adac5f6b9a4f93f5faa5'}]
2026-04-12 23:51:15 - mkk_pika - database.py:215 - INFO - 第一次下载该漫画，记录数据库中
2026-04-12 23:51:16 - mkk_pika - main.py:83 - INFO - 找到 23 张图片在:第1集
2026-04-12 23:51:16 - mkk_pika - main.py:112 - INFO - [episode:第1集       ] downloaded:    23, total:  23, progress:100%
2026-04-12 23:51:16 - mkk_pika - database.py:238 - INFO - 数据库更新已下载章节
2026-04-12 23:51:16 - mkk_pika - database.py:244 - INFO - 该漫画已下载章节如下
2026-04-12 23:51:16 - mkk_pika - database.py:245 - INFO - ['第1集']
2026-04-12 23:51:18 - mkk_pika - main.py:348 - INFO - ==================== 漫画信息 ====================
                                   漫画ID：5821adab5f6b9a4f93f5faa3
                                   标题：(C89) 村雨のちょっといい本見せたげる (艦隊これくしょん -艦これ-) [无毒汉化组]
                                   作者：千段櫂船 (もくふう)
                                   是否完结：是
                                   总页数：23
                                   分类：同人,短篇,艦隊收藏
                                   章节数：1
                                   最后更新时间：2015-07-03T08:46:50.000Z
                                   =================================================
2026-04-12 23:51:18 - mkk_pika - database.py:101 - INFO - 保存成功：(C89) 村雨のちょっといい本見せたげる (艦隊これくしょん -艦これ-) [无毒汉化组]
2026-04-12 23:51:18 - mkk_pika - main.py:35 - INFO - 开始检查[夢々] 松永家の某日 1 [黑条汉化]   2.3[戀髮漢化]是否存在未下载章节
2026-04-12 23:51:18 - mkk_pika - main.py:45 - INFO - 正在下载:[[夢々] 松永家の某日 1 [黑条汉化]   2.3[戀髮漢化]]-[夢々]-[['短篇', '全彩']]-[total_pages:56]
2026-04-12 23:51:18 - mkk_pika - main.py:49 - INFO - [{'_id': '5821adad5f6b9a4f93f5fb01', 'title': '第1集', 'order': 1, 'updated_at': '2016-11-08T10:49:17.479Z', 'id': '5821adad5f6b9a4f93f5fb01'}, {'_id': '5821adae5f6b9a4f93f5fb21', 'title': '第2集', 'order': 2, 'updated_at': '2016-11-08T10:49:18.100Z', 'id': '5821adae5f6b9a4f93f5fb21'}, {'_id': '5821adae5f6b9a4f93f5fb3f', 'title': '第3集', 'order': 3, 'updated_at': '2016-11-08T10:49:18.672Z', 'id': '5821adae5f6b9a4f93f5fb3f'}]
2026-04-12 23:51:18 - mkk_pika - database.py:215 - INFO - 第一次下载该漫画，记录数据库中
2026-04-12 23:51:18 - mkk_pika - main.py:83 - INFO - 找到 15 张图片在:第1集
2026-04-12 23:51:19 - mkk_pika - main.py:112 - INFO - [episode:第1集       ] downloaded:    15, total:  15, progress:100%
2026-04-12 23:51:19 - mkk_pika - database.py:238 - INFO - 数据库更新已下载章节
2026-04-12 23:51:19 - mkk_pika - database.py:244 - INFO - 该漫画已下载章节如下
2026-04-12 23:51:19 - mkk_pika - database.py:245 - INFO - ['第1集']
2026-04-12 23:51:20 - mkk_pika - main.py:83 - INFO - 找到 14 张图片在:第2集
2026-04-12 23:51:21 - mkk_pika - main.py:112 - INFO - [episode:第2集       ] downloaded:    14, total:  14, progress:100%
2026-04-12 23:51:21 - mkk_pika - database.py:238 - INFO - 数据库更新已下载章节
2026-04-12 23:51:21 - mkk_pika - database.py:244 - INFO - 该漫画已下载章节如下
2026-04-12 23:51:21 - mkk_pika - database.py:245 - INFO - ['第1集', '第2集']
2026-04-12 23:51:22 - mkk_pika - main.py:83 - INFO - 找到 27 张图片在:第3集
2026-04-12 23:51:23 - mkk_pika - main.py:112 - INFO - [episode:第3集       ] downloaded:    27, total:  27, progress:100%
2026-04-12 23:51:23 - mkk_pika - database.py:238 - INFO - 数据库更新已下载章节
2026-04-12 23:51:23 - mkk_pika - database.py:244 - INFO - 该漫画已下载章节如下
2026-04-12 23:51:23 - mkk_pika - database.py:245 - INFO - ['第1集', '第2集', '第3集']
2026-04-12 23:51:24 - mkk_pika - main.py:348 - INFO - ==================== 漫画信息 ====================
                                   漫画ID：5821adac5f6b9a4f93f5faff
                                   标题：[夢々] 松永家の某日 1 [黑条汉化]   2.3[戀髮漢化]
                                   作者：夢々
                                   是否完结：否
                                   总页数：56
                                   分类：短篇,全彩
                                   章节数：3
                                   最后更新时间：2015-07-04T04:46:50.000Z
                                   =================================================
2026-04-12 23:51:24 - mkk_pika - database.py:101 - INFO - 保存成功：[夢々] 松永家の某日 1 [黑条汉化]   2.3[戀髮漢化]
2026-04-12 23:51:24 - mkk_pika - main.py:35 - INFO - 开始检查ハイエルフ×ハイスクール 黒是否存在未下载章节
2026-04-12 23:51:24 - mkk_pika - main.py:45 - INFO - 正在下载:[ハイエルフ×ハイスクール 黒]-[シュート・ザ・ムーン(フエタキシ)]-[['同人', '短篇', '純愛']]-[total_pages:34]
2026-04-12 23:51:24 - mkk_pika - main.py:49 - INFO - [{'_id': '5821adaf5f6b9a4f93f5fc09', 'title': '第1集', 'order': 1, 'updated_at': '2016-11-08T10:49:19.802Z', 'id': '5821adaf5f6b9a4f93f5fc09'}]
2026-04-12 23:51:24 - mkk_pika - database.py:215 - INFO - 第一次下载该漫画，记录数据库中
2026-04-12 23:51:25 - mkk_pika - main.py:83 - INFO - 找到 34 张图片在:第1集
2026-04-12 23:51:26 - mkk_pika - main.py:112 - INFO - [episode:第1集       ] downloaded:    34, total:  34, progress:100%
2026-04-12 23:51:26 - mkk_pika - database.py:238 - INFO - 数据库更新已下载章节
2026-04-12 23:51:26 - mkk_pika - database.py:244 - INFO - 该漫画已下载章节如下
2026-04-12 23:51:26 - mkk_pika - database.py:245 - INFO - ['第1集']
2026-04-12 23:51:27 - mkk_pika - main.py:348 - INFO - ==================== 漫画信息 ====================
                                   漫画ID：5821adaf5f6b9a4f93f5fc07
                                   标题：ハイエルフ×ハイスクール 黒
                                   作者：シュート・ザ・ムーン(フエタキシ)
                                   是否完结：是
                                   总页数：34
                                   分类：同人,短篇,純愛
                                   章节数：1
                                   最后更新时间：2015-07-05T00:46:50.000Z
                                   =================================================
2026-04-12 23:51:27 - mkk_pika - database.py:101 - INFO - 保存成功：ハイエルフ×ハイスクール 黒
2026-04-12 23:51:27 - mkk_pika - main.py:35 - INFO - 开始检查ワタシにカマシてっ!!～友情のセクササイズ～是否存在未下载章节
2026-04-12 23:51:27 - mkk_pika - main.py:45 - INFO - 正在下载:[ワタシにカマシてっ!!～友情のセクササイズ～]-[水(メイトリックス)]-[['同人', '非人類', '純愛']]-[total_pages:59]
2026-04-12 23:51:27 - mkk_pika - main.py:49 - INFO - [{'_id': '5821adb05f6b9a4f93f5fc51', 'title': '第1集', 'order': 1, 'updated_at': '2016-11-08T10:49:20.536Z', 'id': '5821adb05f6b9a4f93f5fc51'}]
2026-04-12 23:51:27 - mkk_pika - database.py:215 - INFO - 第一次下载该漫画，记录数据库中
2026-04-12 23:51:28 - mkk_pika - main.py:83 - INFO - 找到 59 张图片在:第1集
2026-04-12 23:51:29 - mkk_pika - main.py:112 - INFO - [episode:第1集       ] downloaded:    59, total:  59, progress:100%
2026-04-12 23:51:29 - mkk_pika - database.py:238 - INFO - 数据库更新已下载章节
2026-04-12 23:51:29 - mkk_pika - database.py:244 - INFO - 该漫画已下载章节如下
2026-04-12 23:51:29 - mkk_pika - database.py:245 - INFO - ['第1集']
2026-04-12 23:51:31 - mkk_pika - main.py:348 - INFO - ==================== 漫画信息 ====================
                                   漫画ID：5821adb05f6b9a4f93f5fc4f
                                   标题：ワタシにカマシてっ!!～友情のセクササイズ～
                                   作者：水(メイトリックス)
                                   是否完结：否
                                   总页数：59
                                   分类：同人,非人類,純愛
                                   章节数：1
                                   最后更新时间：2015-07-05T10:46:50.000Z
                                   =================================================
2026-04-12 23:51:31 - mkk_pika - database.py:101 - INFO - 保存成功：ワタシにカマシてっ!!～友情のセクササイズ～
2026-04-12 23:51:31 - mkk_pika - main.py:35 - INFO - 开始检查[合衆国ネタメコル (ねこめたる)] それでもまりさが好き [绅士仓库汉化]是否存在未下载章节
2026-04-12 23:51:31 - mkk_pika - main.py:45 - INFO - 正在下载:[[合衆国ネタメコル (ねこめたる)] それでもまりさが好き [绅士仓库汉化]]-[[合衆国ネタメコル (ねこめたる)]]-[['短篇', '百合花園', '東方']]-[total_pages:20]
2026-04-12 23:51:31 - mkk_pika - main.py:49 - INFO - [{'_id': '5821adb15f6b9a4f93f5fccb', 'title': '第1集', 'order': 1, 'updated_at': '2016-11-08T10:49:21.068Z', 'id': '5821adb15f6b9a4f93f5fccb'}]
2026-04-12 23:51:31 - mkk_pika - database.py:215 - INFO - 第一次下载该漫画，记录数据库中
2026-04-12 23:51:31 - mkk_pika - main.py:83 - INFO - 找到 20 张图片在:第1集
2026-04-12 23:51:32 - mkk_pika - main.py:112 - INFO - [episode:第1集       ] downloaded:    20, total:  20, progress:100%
2026-04-12 23:51:32 - mkk_pika - database.py:238 - INFO - 数据库更新已下载章节
2026-04-12 23:51:32 - mkk_pika - database.py:244 - INFO - 该漫画已下载章节如下
2026-04-12 23:51:32 - mkk_pika - database.py:245 - INFO - ['第1集']
2026-04-12 23:51:33 - mkk_pika - main.py:348 - INFO - ==================== 漫画信息 ====================
                                   漫画ID：5821adb05f6b9a4f93f5fcc9
                                   标题：[合衆国ネタメコル (ねこめたる)] それでもまりさが好き [绅士仓库汉化]
                                   作者：[合衆国ネタメコル (ねこめたる)]
                                   是否完结：否
                                   总页数：20
                                   分类：短篇,百合花園,東方
                                   章节数：1
                                   最后更新时间：2015-07-05T20:46:50.000Z
                                   =================================================
2026-04-12 23:51:33 - mkk_pika - database.py:101 - INFO - 保存成功：[合衆国ネタメコル (ねこめたる)] それでもまりさが好き [绅士仓库汉化]
2026-04-12 23:51:33 - mkk_pika - main.py:380 - INFO - 本次任务下载完毕
2026-04-12 23:51:33 - mkk_pika - database.py:173 - INFO - 数据库连接已关闭
