2026-01-08 23:26:22 - mkk_pika - main.py:193 - INFO - =======================================================================
2026-01-08 23:26:22 - mkk_pika - database.py:61 - INFO - 表和索引初始化成功
2026-01-08 23:26:22 - mkk_pika - main.py:197 - INFO - 已经累计下载821本漫画
2026-01-08 23:26:22 - mkk_pika - api.py:87 - INFO - 登录成功
2026-01-08 23:26:23 - mkk_pika - main.py:203 - INFO - 收藏夹共计1本漫画
2026-01-08 23:26:23 - mkk_pika - main.py:206 - INFO - 开始下载收藏夹内未下载内容
2026-01-08 23:26:23 - mkk_pika - main.py:35 - INFO - 开始检查[Artist] BBStaff（AI）是否存在未下载章节
2026-01-08 23:26:23 - mkk_pika - database.py:203 - INFO - 查询数据库中是否已存在伊蕾娜
2026-01-08 23:26:23 - mkk_pika - database.py:203 - INFO - 查询数据库中是否已存在金色暗影
2026-01-08 23:26:23 - mkk_pika - database.py:203 - INFO - 查询数据库中是否已存在惠惠
2026-01-08 23:26:23 - mkk_pika - database.py:203 - INFO - 查询数据库中是否已存在结城美柑
2026-01-08 23:26:23 - mkk_pika - database.py:203 - INFO - 查询数据库中是否已存在贝尔泽古·斯黛莉休·索德·爱丽丝
2026-01-08 23:26:23 - mkk_pika - database.py:203 - INFO - 查询数据库中是否已存在板柳有栖
2026-01-08 23:26:23 - mkk_pika - database.py:203 - INFO - 查询数据库中是否已存在尤菲莉亚·玛泽塔
2026-01-08 23:26:23 - mkk_pika - database.py:203 - INFO - 查询数据库中是否已存在椎名日和
2026-01-08 23:26:23 - mkk_pika - database.py:203 - INFO - 查询数据库中是否已存在高町奈叶
2026-01-08 23:26:23 - mkk_pika - database.py:203 - INFO - 查询数据库中是否已存在星野瑠美衣
2026-01-08 23:26:23 - mkk_pika - database.py:203 - INFO - 查询数据库中是否已存在小柳香穗
2026-01-08 23:26:23 - mkk_pika - database.py:203 - INFO - 查询数据库中是否已存在甘织玲奈子
2026-01-08 23:26:23 - mkk_pika - database.py:203 - INFO - 查询数据库中是否已存在伊地知虹夏
2026-01-08 23:26:23 - mkk_pika - database.py:203 - INFO - 查询数据库中是否已存在芙兰达·塞维伦
2026-01-08 23:26:23 - mkk_pika - database.py:203 - INFO - 查询数据库中是否已存在小美浪爱澄
2026-01-08 23:26:23 - mkk_pika - database.py:203 - INFO - 查询数据库中是否已存在有马加奈
2026-01-08 23:26:23 - mkk_pika - database.py:203 - INFO - 查询数据库中是否已存在白银圭
2026-01-08 23:26:23 - mkk_pika - database.py:203 - INFO - 查询数据库中是否已存在鹿目圆香
2026-01-08 23:26:23 - mkk_pika - database.py:203 - INFO - 查询数据库中是否已存在莉赛萝黛·库雷提雅
2026-01-08 23:26:23 - mkk_pika - database.py:203 - INFO - 查询数据库中是否已存在空银子
2026-01-08 23:26:23 - mkk_pika - database.py:203 - INFO - 查询数据库中是否已存在谷地仁花
2026-01-08 23:26:23 - mkk_pika - main.py:51 - INFO - [Artist] BBStaff（AI）中没有可下载章节
2026-01-08 23:26:23 - mkk_pika - main.py:224 - INFO - ==================== 漫画信息 ====================
                漫画ID：687a1b80ecd86823a404aa48
                标题：[Artist] BBStaff（AI）
                作者：BBStaff
                是否完结：否
                总页数：4149
                分类：全彩,同人,CG雜圖
                章节数：21
                最后更新时间：2026-01-05T15:24:08.585Z
                =================================================
2026-01-08 23:26:23 - mkk_pika - database.py:101 - INFO - 保存成功：[Artist] BBStaff（AI）
2026-01-08 23:26:23 - mkk_pika - util.py:164 - INFO - 目标时间（UTC）：2026-01-05 15:24:08.585000+00:00
2026-01-08 23:26:23 - mkk_pika - util.py:165 - INFO - 当前UTC时间：2026-01-08 23:26:23.912352+00:00
2026-01-08 23:26:23 - mkk_pika - util.py:167 - INFO - 相差：3 天 8 小时 2 分钟
2026-01-08 23:26:23 - mkk_pika - main.py:266 - INFO - 收藏夹内容下载完毕
2026-01-08 23:26:23 - mkk_pika - main.py:268 - INFO - 开始下载订阅内容
2026-01-08 23:26:23 - mkk_pika - database.py:258 - INFO - 根据ID查询到标题：萝莉 -> ロリっ娘アンドロイド ママになる!?
2026-01-08 23:26:24 - mkk_pika - database.py:101 - INFO - 保存成功：妹・姪っ子発情中♥[中国翻译]
2026-01-08 23:26:24 - mkk_pika - main.py:273 - INFO - 关键词萝莉找到1本漫画
2026-01-08 23:26:24 - mkk_pika - database.py:258 - INFO - 根据ID查询到标题：蘿莉 -> 僕のことスキだよね? (COMIC LO 2026年2月号)
2026-01-08 23:26:25 - mkk_pika - database.py:101 - INFO - 保存成功：お願い!いなば様♡
2026-01-08 23:26:25 - mkk_pika - main.py:273 - INFO - 关键词蘿莉找到8本漫画
2026-01-08 23:26:25 - mkk_pika - main.py:275 - INFO - 订阅内容共计9本漫画
2026-01-08 23:26:25 - mkk_pika - main.py:35 - INFO - 开始检查妹・姪っ子発情中♥[中国翻译]是否存在未下载章节
2026-01-08 23:26:25 - mkk_pika - database.py:203 - INFO - 查询数据库中是否已存在熟肉
2026-01-08 23:26:25 - mkk_pika - main.py:51 - INFO - 妹・姪っ子発情中♥[中国翻译]中没有可下载章节
2026-01-08 23:26:25 - mkk_pika - main.py:292 - INFO - ==================== 漫画信息 ====================
                                漫画ID：695e84444fe5f4427642a3e2
                                标题：妹・姪っ子発情中♥[中国翻译]
                                作者：西川康
                                是否完结：是
                                总页数：197
                                分类：長篇,單行本,妹妹系
                                章节数：1
                                最后更新时间：2026-01-07T16:05:24.461Z
                                =================================================
2026-01-08 23:26:25 - mkk_pika - database.py:101 - INFO - 保存成功：妹・姪っ子発情中♥[中国翻译]
2026-01-08 23:26:25 - mkk_pika - main.py:35 - INFO - 开始检查お願い!いなば様♡是否存在未下载章节
2026-01-08 23:26:25 - mkk_pika - main.py:45 - INFO - 正在下载:[お願い!いなば様♡]-[Usacastle (うさ城まに)]-[['短篇']]-[total_pages:-1]
2026-01-08 23:26:25 - mkk_pika - main.py:49 - INFO - [{'_id': '695fd79b45a4b070527253fc', 'title': '第1話', 'order': 1, 'updated_at': '2026-01-08T11:18:07.635Z', 'id': '695fd79b45a4b070527253fc'}]
2026-01-08 23:26:25 - mkk_pika - database.py:215 - INFO - 第一次下载该漫画，记录数据库中
2026-01-08 23:26:26 - mkk_pika - main.py:83 - INFO - 找到 48 张图片在:第1話
2026-01-08 23:26:29 - mkk_pika - main.py:112 - INFO - [episode:第1話       ] downloaded:    48, total:  48, progress:100%
2026-01-08 23:26:29 - mkk_pika - database.py:238 - INFO - 数据库更新已下载章节
2026-01-08 23:26:29 - mkk_pika - database.py:244 - INFO - 该漫画已下载章节如下
2026-01-08 23:26:29 - mkk_pika - database.py:245 - INFO - ['第1話']
2026-01-08 23:26:30 - mkk_pika - main.py:292 - INFO - ==================== 漫画信息 ====================
                                漫画ID：695fd79b45a4b070527253fb
                                标题：お願い!いなば様♡
                                作者：Usacastle (うさ城まに)
                                是否完结：是
                                总页数：48
                                分类：短篇
                                章节数：1
                                最后更新时间：2026-01-08T16:13:15.592Z
                                =================================================
2026-01-08 23:26:30 - mkk_pika - database.py:101 - INFO - 保存成功：お願い!いなば様♡
2026-01-08 23:26:30 - mkk_pika - main.py:35 - INFO - 开始检查辱玩の媚び手 (灼眼のシャナ)是否存在未下载章节
2026-01-08 23:26:30 - mkk_pika - database.py:203 - INFO - 查询数据库中是否已存在無邪気漢化組
2026-01-08 23:26:30 - mkk_pika - database.py:203 - INFO - 查询数据库中是否已存在夏娜单推人汉化
2026-01-08 23:26:30 - mkk_pika - main.py:45 - INFO - 正在下载:[辱玩の媚び手 (灼眼のシャナ)]-[俎上の空欄 (有魚)]-[['同人', '短篇', '非人類']]-[total_pages:-1]
2026-01-08 23:26:30 - mkk_pika - main.py:49 - INFO - [{'_id': '695e82e4aa121142665d9b14', 'title': '無邪気漢化組', 'order': 1, 'updated_at': '2026-01-08T16:13:07.086Z', 'id': '695e82e4aa121142665d9b14'}, {'_id': '695fd79345a4b070527253d3', 'title': '夏娜单推人汉化', 'order': 2, 'updated_at': '2026-01-08T11:12:28.446Z', 'id': '695fd79345a4b070527253d3'}]
2026-01-08 23:26:31 - mkk_pika - main.py:83 - INFO - 找到 37 张图片在:無邪気漢化組
2026-01-08 23:26:32 - mkk_pika - main.py:112 - INFO - [episode:無邪気漢化組    ] downloaded:    37, total:  37, progress:100%
2026-01-08 23:26:32 - mkk_pika - database.py:238 - INFO - 数据库更新已下载章节
2026-01-08 23:26:32 - mkk_pika - database.py:244 - INFO - 该漫画已下载章节如下
2026-01-08 23:26:32 - mkk_pika - database.py:245 - INFO - ['第1話', '無邪気漢化組']
2026-01-08 23:26:34 - mkk_pika - main.py:83 - INFO - 找到 37 张图片在:夏娜单推人汉化
2026-01-08 23:26:35 - mkk_pika - main.py:112 - INFO - [episode:夏娜单推人汉化   ] downloaded:    37, total:  37, progress:100%
2026-01-08 23:26:35 - mkk_pika - database.py:238 - INFO - 数据库更新已下载章节
2026-01-08 23:26:35 - mkk_pika - database.py:244 - INFO - 该漫画已下载章节如下
2026-01-08 23:26:35 - mkk_pika - database.py:245 - INFO - ['第1話', '無邪気漢化組', '夏娜单推人汉化']
2026-01-08 23:26:37 - mkk_pika - main.py:292 - INFO - ==================== 漫画信息 ====================
                                漫画ID：695e82e4aa121142665d9b13
                                标题：辱玩の媚び手 (灼眼のシャナ)
                                作者：俎上の空欄 (有魚)
                                是否完结：是
                                总页数：74
                                分类：同人,短篇,非人類
                                章节数：2
                                最后更新时间：2026-01-08T16:13:07.066Z
                                =================================================
2026-01-08 23:26:37 - mkk_pika - database.py:101 - INFO - 保存成功：辱玩の媚び手 (灼眼のシャナ)
2026-01-08 23:26:37 - mkk_pika - main.py:35 - INFO - 开始检查天国に一番近い島是否存在未下载章节
2026-01-08 23:26:37 - mkk_pika - main.py:45 - INFO - 正在下载:[天国に一番近い島]-[シチテンバットウ (ミヤサカタカジ)]-[['短篇']]-[total_pages:-1]
2026-01-08 23:26:37 - mkk_pika - main.py:49 - INFO - [{'_id': '695fd76645a4b070527253a6', 'title': '第1話', 'order': 1, 'updated_at': '2026-01-08T11:00:49.262Z', 'id': '695fd76645a4b070527253a6'}]
2026-01-08 23:26:37 - mkk_pika - database.py:215 - INFO - 第一次下载该漫画，记录数据库中
2026-01-08 23:26:38 - mkk_pika - main.py:83 - INFO - 找到 26 张图片在:第1話
2026-01-08 23:26:39 - mkk_pika - main.py:112 - INFO - [episode:第1話       ] downloaded:    26, total:  26, progress:100%
2026-01-08 23:26:39 - mkk_pika - database.py:238 - INFO - 数据库更新已下载章节
2026-01-08 23:26:39 - mkk_pika - database.py:244 - INFO - 该漫画已下载章节如下
2026-01-08 23:26:39 - mkk_pika - database.py:245 - INFO - ['第1話']
2026-01-08 23:26:40 - mkk_pika - main.py:292 - INFO - ==================== 漫画信息 ====================
                                漫画ID：695fd76645a4b070527253a5
                                标题：天国に一番近い島
                                作者：シチテンバットウ (ミヤサカタカジ)
                                是否完结：是
                                总页数：26
                                分类：短篇
                                章节数：1
                                最后更新时间：2026-01-08T16:12:22.367Z
                                =================================================
2026-01-08 23:26:40 - mkk_pika - database.py:101 - INFO - 保存成功：天国に一番近い島
2026-01-08 23:26:40 - mkk_pika - main.py:35 - INFO - 开始检查マコと秘密の悪戯 #3+4 [中国翻译]是否存在未下载章节
2026-01-08 23:26:40 - mkk_pika - main.py:45 - INFO - 正在下载:[マコと秘密の悪戯 #3+4 [中国翻译]]-[えろり屋 (たまちゆき)]-[['長篇']]-[total_pages:-1]
2026-01-08 23:26:40 - mkk_pika - main.py:49 - INFO - [{'_id': '68a46dae133f122d47832d22', 'title': '第3話熟肉マコと学ぼう', 'order': 1, 'updated_at': '2026-01-08T16:12:12.051Z', 'id': '68a46dae133f122d47832d22'}, {'_id': '695fd75c45a4b0705272537a', 'title': '第4話熟肉マコのお悩み相談室', 'order': 2, 'updated_at': '2026-01-08T10:48:53.514Z', 'id': '695fd75c45a4b0705272537a'}]
2026-01-08 23:26:40 - mkk_pika - database.py:215 - INFO - 第一次下载该漫画，记录数据库中
2026-01-08 23:26:41 - mkk_pika - main.py:83 - INFO - 找到 28 张图片在:第3話熟肉マコと学ぼう
2026-01-08 23:26:42 - mkk_pika - main.py:112 - INFO - [episode:第3話熟肉マコと学ぼう] downloaded:    28, total:  28, progress:100%
2026-01-08 23:26:42 - mkk_pika - database.py:238 - INFO - 数据库更新已下载章节
2026-01-08 23:26:42 - mkk_pika - database.py:244 - INFO - 该漫画已下载章节如下
2026-01-08 23:26:42 - mkk_pika - database.py:245 - INFO - ['第3話熟肉マコと学ぼう']
2026-01-08 23:26:44 - mkk_pika - main.py:83 - INFO - 找到 40 张图片在:第4話熟肉マコのお悩み相談室
2026-01-08 23:26:46 - mkk_pika - main.py:112 - INFO - [episode:第4話熟肉マコのお悩み相談室] downloaded:    40, total:  40, progress:100%
2026-01-08 23:26:46 - mkk_pika - database.py:238 - INFO - 数据库更新已下载章节
2026-01-08 23:26:46 - mkk_pika - database.py:244 - INFO - 该漫画已下载章节如下
2026-01-08 23:26:46 - mkk_pika - database.py:245 - INFO - ['第3話熟肉マコと学ぼう', '第4話熟肉マコのお悩み相談室']
2026-01-08 23:26:47 - mkk_pika - main.py:292 - INFO - ==================== 漫画信息 ====================
                                漫画ID：68a46dae133f122d47832d21
                                标题：マコと秘密の悪戯 #3+4 [中国翻译]
                                作者：えろり屋 (たまちゆき)
                                是否完结：是
                                总页数：68
                                分类：長篇
                                章节数：2
                                最后更新时间：2026-01-08T16:12:12.042Z
                                =================================================
2026-01-08 23:26:47 - mkk_pika - database.py:101 - INFO - 保存成功：マコと秘密の悪戯 #3+4 [中国翻译]
2026-01-08 23:26:47 - mkk_pika - main.py:35 - INFO - 开始检查用窒息play教小手不干净的小埃尔芬做事【Trickcal Revive 穿越异世界恶作剧 嘟嘟脸恶作剧】(手癖が悪いエルフィンちゃんを窒息セック♡でわからせ)是否存在未下载章节
2026-01-08 23:26:47 - mkk_pika - main.py:45 - INFO - 正在下载:[用窒息play教小手不干净的小埃尔芬做事【Trickcal Revive 穿越异世界恶作剧 嘟嘟脸恶作剧】(手癖が悪いエルフィンちゃんを窒息セック♡でわからせ)]-[ポッシ Posse]-[['短篇', '同人']]-[total_pages:-1]
2026-01-08 23:26:47 - mkk_pika - main.py:49 - INFO - [{'_id': '695fd6054fe5f4427642b0d0', 'title': '第1話', 'order': 1, 'updated_at': '2026-01-07T23:02:10.489Z', 'id': '695fd6054fe5f4427642b0d0'}]
2026-01-08 23:26:47 - mkk_pika - database.py:215 - INFO - 第一次下载该漫画，记录数据库中
2026-01-08 23:26:48 - mkk_pika - main.py:83 - INFO - 找到 19 张图片在:第1話
2026-01-08 23:26:49 - mkk_pika - main.py:112 - INFO - [episode:第1話       ] downloaded:    19, total:  19, progress:100%
2026-01-08 23:26:49 - mkk_pika - database.py:238 - INFO - 数据库更新已下载章节
2026-01-08 23:26:49 - mkk_pika - database.py:244 - INFO - 该漫画已下载章节如下
2026-01-08 23:26:49 - mkk_pika - database.py:245 - INFO - ['第1話']
2026-01-08 23:26:50 - mkk_pika - main.py:292 - INFO - ==================== 漫画信息 ====================
                                漫画ID：695fd6054fe5f4427642b0cf
                                标题：用窒息play教小手不干净的小埃尔芬做事【Trickcal Revive 穿越异世界恶作剧 嘟嘟脸恶作剧】(手癖が悪いエルフィンちゃんを窒息セック♡でわからせ)
                                作者：ポッシ Posse
                                是否完结：是
                                总页数：19
                                分类：短篇,同人
                                章节数：1
                                最后更新时间：2026-01-08T16:06:29.972Z
                                =================================================
2026-01-08 23:26:50 - mkk_pika - database.py:101 - INFO - 保存成功：用窒息play教小手不干净的小埃尔芬做事【Trickcal Revive 穿越异世界恶作剧 嘟嘟脸恶作剧】(手癖が悪いエルフィンちゃんを窒息セック♡でわからせ)
2026-01-08 23:26:50 - mkk_pika - main.py:35 - INFO - 开始检查先生、アリスは経験値をいただきます♡ (ブルーアーカイブ)是否存在未下载章节
2026-01-08 23:26:50 - mkk_pika - main.py:45 - INFO - 正在下载:[先生、アリスは経験値をいただきます♡ (ブルーアーカイブ)]-[お花畑研究所 (暖花音)]-[['同人', '短篇']]-[total_pages:-1]
2026-01-08 23:26:50 - mkk_pika - main.py:49 - INFO - [{'_id': '695fd5ee4fe5f4427642b096', 'title': '第1話', 'order': 1, 'updated_at': '2026-01-07T15:22:51.984Z', 'id': '695fd5ee4fe5f4427642b096'}]
2026-01-08 23:26:50 - mkk_pika - database.py:215 - INFO - 第一次下载该漫画，记录数据库中
2026-01-08 23:26:51 - mkk_pika - main.py:83 - INFO - 找到 18 张图片在:第1話
2026-01-08 23:26:52 - mkk_pika - main.py:112 - INFO - [episode:第1話       ] downloaded:    18, total:  18, progress:100%
2026-01-08 23:26:52 - mkk_pika - database.py:238 - INFO - 数据库更新已下载章节
2026-01-08 23:26:52 - mkk_pika - database.py:244 - INFO - 该漫画已下载章节如下
2026-01-08 23:26:52 - mkk_pika - database.py:245 - INFO - ['第1話']
2026-01-08 23:26:53 - mkk_pika - main.py:292 - INFO - ==================== 漫画信息 ====================
                                漫画ID：695fd5ee4fe5f4427642b095
                                标题：先生、アリスは経験値をいただきます♡ (ブルーアーカイブ)
                                作者：お花畑研究所 (暖花音)
                                是否完结：是
                                总页数：18
                                分类：同人,短篇
                                章节数：1
                                最后更新时间：2026-01-08T16:06:06.535Z
                                =================================================
2026-01-08 23:26:53 - mkk_pika - database.py:101 - INFO - 保存成功：先生、アリスは経験値をいただきます♡ (ブルーアーカイブ)
2026-01-08 23:26:53 - mkk_pika - main.py:35 - INFO - 开始检查仁奈ちゃんとおきがえっち是否存在未下载章节
2026-01-08 23:26:53 - mkk_pika - main.py:45 - INFO - 正在下载:[仁奈ちゃんとおきがえっち]-[いやしのえだ (でこー)]-[['短篇', '同人']]-[total_pages:-1]
2026-01-08 23:26:53 - mkk_pika - main.py:49 - INFO - [{'_id': '695fd5a94e76d76ff21dc928', 'title': '第1話', 'order': 1, 'updated_at': '2026-01-07T13:38:59.041Z', 'id': '695fd5a94e76d76ff21dc928'}]
2026-01-08 23:26:53 - mkk_pika - database.py:215 - INFO - 第一次下载该漫画，记录数据库中
2026-01-08 23:26:54 - mkk_pika - main.py:83 - INFO - 找到 21 张图片在:第1話
2026-01-08 23:26:55 - mkk_pika - main.py:112 - INFO - [episode:第1話       ] downloaded:    21, total:  21, progress:100%
2026-01-08 23:26:55 - mkk_pika - database.py:238 - INFO - 数据库更新已下载章节
2026-01-08 23:26:55 - mkk_pika - database.py:244 - INFO - 该漫画已下载章节如下
2026-01-08 23:26:55 - mkk_pika - database.py:245 - INFO - ['第1話']
2026-01-08 23:26:56 - mkk_pika - main.py:292 - INFO - ==================== 漫画信息 ====================
                                漫画ID：695fd5a94e76d76ff21dc927
                                标题：仁奈ちゃんとおきがえっち
                                作者：いやしのえだ (でこー)
                                是否完结：否
                                总页数：21
                                分类：短篇,同人
                                章节数：1
                                最后更新时间：2026-01-08T16:04:57.345Z
                                =================================================
2026-01-08 23:26:56 - mkk_pika - database.py:101 - INFO - 保存成功：仁奈ちゃんとおきがえっち
2026-01-08 23:26:56 - mkk_pika - main.py:35 - INFO - 开始检查存在しない学マスうすい本の本番シーン直前の1ページbot (学園アイドルマスター)是否存在未下载章节
2026-01-08 23:26:57 - mkk_pika - database.py:203 - INFO - 查询数据库中是否已存在第1話
2026-01-08 23:26:57 - mkk_pika - main.py:51 - INFO - 存在しない学マスうすい本の本番シーン直前の1ページbot (学園アイドルマスター)中没有可下载章节
2026-01-08 23:26:57 - mkk_pika - main.py:292 - INFO - ==================== 漫画信息 ====================
                                漫画ID：695e86e645a4b07052724674
                                标题：存在しない学マスうすい本の本番シーン直前の1ページbot (学園アイドルマスター)
                                作者：ココアホリック (ユイザキカズヤ)
                                是否完结：是
                                总页数：9
                                分类：同人,短篇
                                章节数：1
                                最后更新时间：2026-01-07T16:16:38.643Z
                                =================================================
2026-01-08 23:26:57 - mkk_pika - database.py:101 - INFO - 保存成功：存在しない学マスうすい本の本番シーン直前の1ページbot (学園アイドルマスター)
2026-01-08 23:26:57 - mkk_pika - main.py:323 - INFO - 订阅内容内容下载完毕
2026-01-08 23:26:57 - mkk_pika - main.py:324 - INFO - 开始分批下载全部章节
2026-01-08 23:26:57 - mkk_pika - database.py:280 - INFO - 表和索引初始化成功
2026-01-08 23:26:57 - mkk_pika - main.py:177 - INFO - 已经下载了37页，一共6669页，现在开始添加第38页
2026-01-08 23:26:58 - mkk_pika - database.py:318 - INFO - 保存成功
2026-01-08 23:26:58 - mkk_pika - main.py:177 - INFO - 已经下载了38页，一共6669页，现在开始添加第39页
2026-01-08 23:26:58 - mkk_pika - database.py:318 - INFO - 保存成功
2026-01-08 23:26:58 - mkk_pika - main.py:331 - INFO - 分批下载共计40本漫画
2026-01-08 23:26:58 - mkk_pika - main.py:35 - INFO - 开始检查ゆうかりんと足ばかり？の同人是否存在未下载章节
2026-01-08 23:26:59 - mkk_pika - main.py:45 - INFO - 正在下载:[ゆうかりんと足ばかり？の同人]-[みならい本舗(皆素人)]-[['同人', '短篇', '東方', '純愛', '足の恋']]-[total_pages:33]
2026-01-08 23:26:59 - mkk_pika - main.py:49 - INFO - [{'_id': '58218a745f6b9a4f93df7ee1', 'title': '第1集', 'order': 1, 'updated_at': '2016-11-08T08:19:00.934Z', 'id': '58218a745f6b9a4f93df7ee1'}]
2026-01-08 23:26:59 - mkk_pika - database.py:215 - INFO - 第一次下载该漫画，记录数据库中
2026-01-08 23:26:59 - mkk_pika - main.py:83 - INFO - 找到 33 张图片在:第1集
2026-01-08 23:27:01 - mkk_pika - main.py:112 - INFO - [episode:第1集       ] downloaded:    33, total:  33, progress:100%
2026-01-08 23:27:01 - mkk_pika - database.py:238 - INFO - 数据库更新已下载章节
2026-01-08 23:27:01 - mkk_pika - database.py:244 - INFO - 该漫画已下载章节如下
2026-01-08 23:27:01 - mkk_pika - database.py:245 - INFO - ['第1集']
2026-01-08 23:27:02 - mkk_pika - main.py:348 - INFO - ==================== 漫画信息 ====================
                                   漫画ID：58218a745f6b9a4f93df7edf
                                   标题：ゆうかりんと足ばかり？の同人
                                   作者：みならい本舗(皆素人)
                                   是否完结：是
                                   总页数：33
                                   分类：同人,短篇,東方,純愛,足の恋
                                   章节数：1
                                   最后更新时间：2007-09-20T00:47:26.000Z
                                   =================================================
2026-01-08 23:27:02 - mkk_pika - database.py:101 - INFO - 保存成功：ゆうかりんと足ばかり？の同人
2026-01-08 23:27:02 - mkk_pika - main.py:35 - INFO - 开始检查べっ、べつに××してほしいワケじゃないからね！(灼眼的夏娜)是否存在未下载章节
2026-01-08 23:27:02 - mkk_pika - main.py:45 - INFO - 正在下载:[べっ、べつに××してほしいワケじゃないからね！(灼眼的夏娜)]-[ひな缶(霧嶋ひなた)]-[['同人', '短篇', '純愛']]-[total_pages:22]
2026-01-08 23:27:02 - mkk_pika - main.py:49 - INFO - [{'_id': '58218a755f6b9a4f93df7f27', 'title': '第1集', 'order': 1, 'updated_at': '2016-11-08T08:19:01.311Z', 'id': '58218a755f6b9a4f93df7f27'}]
2026-01-08 23:27:02 - mkk_pika - database.py:215 - INFO - 第一次下载该漫画，记录数据库中
2026-01-08 23:27:03 - mkk_pika - main.py:83 - INFO - 找到 22 张图片在:第1集
2026-01-08 23:27:04 - mkk_pika - main.py:112 - INFO - [episode:第1集       ] downloaded:    22, total:  22, progress:100%
2026-01-08 23:27:04 - mkk_pika - database.py:238 - INFO - 数据库更新已下载章节
2026-01-08 23:27:04 - mkk_pika - database.py:244 - INFO - 该漫画已下载章节如下
2026-01-08 23:27:04 - mkk_pika - database.py:245 - INFO - ['第1集']
2026-01-08 23:27:05 - mkk_pika - main.py:348 - INFO - ==================== 漫画信息 ====================
                                   漫画ID：58218a755f6b9a4f93df7f25
                                   标题：べっ、べつに××してほしいワケじゃないからね！(灼眼的夏娜)
                                   作者：ひな缶(霧嶋ひなた)
                                   是否完结：是
                                   总页数：22
                                   分类：同人,短篇,純愛
                                   章节数：1
                                   最后更新时间：2007-09-20T10:47:26.000Z
                                   =================================================
2026-01-08 23:27:05 - mkk_pika - database.py:101 - INFO - 保存成功：べっ、べつに××してほしいワケじゃないからね！(灼眼的夏娜)
2026-01-08 23:27:05 - mkk_pika - main.py:35 - INFO - 开始检查Shana／／Style SSS(灼眼的夏娜)是否存在未下载章节
2026-01-08 23:27:05 - mkk_pika - main.py:45 - INFO - 正在下载:[Shana／／Style SSS(灼眼的夏娜)]-[ア·ラ·モード]-[['同人', '短篇', '純愛']]-[total_pages:23]
2026-01-08 23:27:05 - mkk_pika - main.py:49 - INFO - [{'_id': '58218a755f6b9a4f93df7f57', 'title': '第1集', 'order': 1, 'updated_at': '2016-11-08T08:19:01.900Z', 'id': '58218a755f6b9a4f93df7f57'}]
2026-01-08 23:27:05 - mkk_pika - database.py:215 - INFO - 第一次下载该漫画，记录数据库中
2026-01-08 23:27:06 - mkk_pika - main.py:83 - INFO - 找到 23 张图片在:第1集
2026-01-08 23:27:07 - mkk_pika - main.py:112 - INFO - [episode:第1集       ] downloaded:    23, total:  23, progress:100%
2026-01-08 23:27:07 - mkk_pika - database.py:238 - INFO - 数据库更新已下载章节
2026-01-08 23:27:07 - mkk_pika - database.py:244 - INFO - 该漫画已下载章节如下
2026-01-08 23:27:07 - mkk_pika - database.py:245 - INFO - ['第1集']
2026-01-08 23:27:08 - mkk_pika - main.py:348 - INFO - ==================== 漫画信息 ====================
                                   漫画ID：58218a755f6b9a4f93df7f55
                                   标题：Shana／／Style SSS(灼眼的夏娜)
                                   作者：ア·ラ·モード
                                   是否完结：是
                                   总页数：23
                                   分类：同人,短篇,純愛
                                   章节数：1
                                   最后更新时间：2007-09-20T20:47:26.000Z
                                   =================================================
2026-01-08 23:27:08 - mkk_pika - database.py:101 - INFO - 保存成功：Shana／／Style SSS(灼眼的夏娜)
2026-01-08 23:27:08 - mkk_pika - main.py:35 - INFO - 开始检查Trinitrotoluene(灼眼的夏娜)是否存在未下载章节
2026-01-08 23:27:08 - mkk_pika - main.py:45 - INFO - 正在下载:[Trinitrotoluene(灼眼的夏娜)]-[残虐行為手当]-[['同人', '短篇', '純愛']]-[total_pages:24]
2026-01-08 23:27:08 - mkk_pika - main.py:49 - INFO - [{'_id': '58218a765f6b9a4f93df7f89', 'title': '第1集', 'order': 1, 'updated_at': '2016-11-08T08:19:02.294Z', 'id': '58218a765f6b9a4f93df7f89'}]
2026-01-08 23:27:08 - mkk_pika - database.py:215 - INFO - 第一次下载该漫画，记录数据库中
2026-01-08 23:27:09 - mkk_pika - main.py:83 - INFO - 找到 24 张图片在:第1集
2026-01-08 23:27:10 - mkk_pika - main.py:112 - INFO - [episode:第1集       ] downloaded:    24, total:  24, progress:100%
2026-01-08 23:27:10 - mkk_pika - database.py:238 - INFO - 数据库更新已下载章节
2026-01-08 23:27:10 - mkk_pika - database.py:244 - INFO - 该漫画已下载章节如下
2026-01-08 23:27:10 - mkk_pika - database.py:245 - INFO - ['第1集']
2026-01-08 23:27:11 - mkk_pika - main.py:348 - INFO - ==================== 漫画信息 ====================
                                   漫画ID：58218a765f6b9a4f93df7f87
                                   标题：Trinitrotoluene(灼眼的夏娜)
                                   作者：残虐行為手当
                                   是否完结：是
                                   总页数：24
                                   分类：同人,短篇,純愛
                                   章节数：1
                                   最后更新时间：2007-09-21T06:47:26.000Z
                                   =================================================
2026-01-08 23:27:11 - mkk_pika - database.py:101 - INFO - 保存成功：Trinitrotoluene(灼眼的夏娜)
2026-01-08 23:27:11 - mkk_pika - main.py:35 - INFO - 开始检查シャナのキスで起きた。是否存在未下载章节
2026-01-08 23:27:12 - mkk_pika - main.py:45 - INFO - 正在下载:[シャナのキスで起きた。]-[KOTSU(こつ)]-[['同人', '短篇', '全彩', '純愛']]-[total_pages:19]
2026-01-08 23:27:12 - mkk_pika - main.py:49 - INFO - [{'_id': '58218a765f6b9a4f93df7fbd', 'title': '第1集', 'order': 1, 'updated_at': '2016-11-08T08:19:02.679Z', 'id': '58218a765f6b9a4f93df7fbd'}]
2026-01-08 23:27:12 - mkk_pika - database.py:215 - INFO - 第一次下载该漫画，记录数据库中
2026-01-08 23:27:12 - mkk_pika - main.py:83 - INFO - 找到 19 张图片在:第1集
2026-01-08 23:27:13 - mkk_pika - main.py:112 - INFO - [episode:第1集       ] downloaded:    19, total:  19, progress:100%
2026-01-08 23:27:13 - mkk_pika - database.py:238 - INFO - 数据库更新已下载章节
2026-01-08 23:27:13 - mkk_pika - database.py:244 - INFO - 该漫画已下载章节如下
2026-01-08 23:27:13 - mkk_pika - database.py:245 - INFO - ['第1集']
2026-01-08 23:27:14 - mkk_pika - main.py:348 - INFO - ==================== 漫画信息 ====================
                                   漫画ID：58218a765f6b9a4f93df7fbb
                                   标题：シャナのキスで起きた。
                                   作者：KOTSU(こつ)
                                   是否完结：是
                                   总页数：19
                                   分类：同人,短篇,全彩,純愛
                                   章节数：1
                                   最后更新时间：2007-09-21T16:47:26.000Z
                                   =================================================
2026-01-08 23:27:14 - mkk_pika - database.py:101 - INFO - 保存成功：シャナのキスで起きた。
2026-01-08 23:27:14 - mkk_pika - main.py:35 - INFO - 开始检查S-DEATH GA KILL! (斬！赤紅之瞳)是否存在未下载章节
2026-01-08 23:27:15 - mkk_pika - main.py:45 - INFO - 正在下载:[S-DEATH GA KILL! (斬！赤紅之瞳)]-[STUDIO華とりぼん(ぷりぷり機甲師団)]-[['同人', '短篇', '足の恋']]-[total_pages:20]
2026-01-08 23:27:15 - mkk_pika - main.py:49 - INFO - [{'_id': '58218a775f6b9a4f93df7fe7', 'title': '第1集', 'order': 1, 'updated_at': '2016-11-08T08:19:03.048Z', 'id': '58218a775f6b9a4f93df7fe7'}]
2026-01-08 23:27:15 - mkk_pika - database.py:215 - INFO - 第一次下载该漫画，记录数据库中
2026-01-08 23:27:15 - mkk_pika - main.py:83 - INFO - 找到 20 张图片在:第1集
2026-01-08 23:27:16 - mkk_pika - main.py:112 - INFO - [episode:第1集       ] downloaded:    20, total:  20, progress:100%
2026-01-08 23:27:16 - mkk_pika - database.py:238 - INFO - 数据库更新已下载章节
2026-01-08 23:27:16 - mkk_pika - database.py:244 - INFO - 该漫画已下载章节如下
2026-01-08 23:27:16 - mkk_pika - database.py:245 - INFO - ['第1集']
2026-01-08 23:27:17 - mkk_pika - main.py:348 - INFO - ==================== 漫画信息 ====================
                                   漫画ID：58218a765f6b9a4f93df7fe5
                                   标题：S-DEATH GA KILL! (斬！赤紅之瞳)
                                   作者：STUDIO華とりぼん(ぷりぷり機甲師団)
                                   是否完结：是
                                   总页数：20
                                   分类：同人,短篇,足の恋
                                   章节数：1
                                   最后更新时间：2007-09-22T02:47:26.000Z
                                   =================================================
2026-01-08 23:27:17 - mkk_pika - database.py:101 - INFO - 保存成功：S-DEATH GA KILL! (斬！赤紅之瞳)
2026-01-08 23:27:17 - mkk_pika - main.py:35 - INFO - 开始检查クロメが斬る! (斬！赤紅之瞳)是否存在未下载章节
2026-01-08 23:27:18 - mkk_pika - main.py:45 - INFO - 正在下载:[クロメが斬る! (斬！赤紅之瞳)]-[STREAM OF CREEK(CREEK)]-[['同人', '短篇', '非人類']]-[total_pages:29]
2026-01-08 23:27:18 - mkk_pika - main.py:49 - INFO - [{'_id': '58218a775f6b9a4f93df8013', 'title': '第1集', 'order': 1, 'updated_at': '2016-11-08T08:19:03.664Z', 'id': '58218a775f6b9a4f93df8013'}]
2026-01-08 23:27:18 - mkk_pika - database.py:215 - INFO - 第一次下载该漫画，记录数据库中
2026-01-08 23:27:18 - mkk_pika - main.py:83 - INFO - 找到 29 张图片在:第1集
2026-01-08 23:27:19 - mkk_pika - main.py:112 - INFO - [episode:第1集       ] downloaded:    29, total:  29, progress:100%
2026-01-08 23:27:19 - mkk_pika - database.py:238 - INFO - 数据库更新已下载章节
2026-01-08 23:27:19 - mkk_pika - database.py:244 - INFO - 该漫画已下载章节如下
2026-01-08 23:27:19 - mkk_pika - database.py:245 - INFO - ['第1集']
2026-01-08 23:27:21 - mkk_pika - main.py:348 - INFO - ==================== 漫画信息 ====================
                                   漫画ID：58218a775f6b9a4f93df8011
                                   标题：クロメが斬る! (斬！赤紅之瞳)
                                   作者：STREAM OF CREEK(CREEK)
                                   是否完结：是
                                   总页数：29
                                   分类：同人,短篇,非人類
                                   章节数：1
                                   最后更新时间：2007-09-22T12:47:26.000Z
                                   =================================================
2026-01-08 23:27:21 - mkk_pika - database.py:101 - INFO - 保存成功：クロメが斬る! (斬！赤紅之瞳)
2026-01-08 23:27:21 - mkk_pika - main.py:35 - INFO - 开始检查フフフーフ・フーフフ(軍火女王)是否存在未下载章节
2026-01-08 23:27:21 - mkk_pika - main.py:45 - INFO - 正在下载:[フフフーフ・フーフフ(軍火女王)]-[雰囲気組(ゆりかわ)]-[['同人', '短篇', '後宮閃光']]-[total_pages:18]
2026-01-08 23:27:21 - mkk_pika - main.py:49 - INFO - [{'_id': '58218a785f6b9a4f93df8051', 'title': '第1集', 'order': 1, 'updated_at': '2016-11-08T08:19:04.303Z', 'id': '58218a785f6b9a4f93df8051'}]
2026-01-08 23:27:21 - mkk_pika - database.py:215 - INFO - 第一次下载该漫画，记录数据库中
2026-01-08 23:27:22 - mkk_pika - main.py:83 - INFO - 找到 18 张图片在:第1集
2026-01-08 23:27:22 - mkk_pika - main.py:112 - INFO - [episode:第1集       ] downloaded:    18, total:  18, progress:100%
2026-01-08 23:27:22 - mkk_pika - database.py:238 - INFO - 数据库更新已下载章节
2026-01-08 23:27:22 - mkk_pika - database.py:244 - INFO - 该漫画已下载章节如下
2026-01-08 23:27:22 - mkk_pika - database.py:245 - INFO - ['第1集']
2026-01-08 23:27:24 - mkk_pika - main.py:348 - INFO - ==================== 漫画信息 ====================
                                   漫画ID：58218a775f6b9a4f93df804f
                                   标题：フフフーフ・フーフフ(軍火女王)
                                   作者：雰囲気組(ゆりかわ)
                                   是否完结：是
                                   总页数：18
                                   分类：同人,短篇,後宮閃光
                                   章节数：1
                                   最后更新时间：2007-09-22T22:47:26.000Z
                                   =================================================
2026-01-08 23:27:24 - mkk_pika - database.py:101 - INFO - 保存成功：フフフーフ・フーフフ(軍火女王)
2026-01-08 23:27:24 - mkk_pika - main.py:35 - INFO - 开始检查一緒にお風呂に入ろう!是否存在未下载章节
2026-01-08 23:27:24 - mkk_pika - main.py:45 - INFO - 正在下载:[一緒にお風呂に入ろう!]-[S-FLAKE(ゆきみつ)]-[['同人', '短篇', '純愛']]-[total_pages:21]
2026-01-08 23:27:24 - mkk_pika - main.py:49 - INFO - [{'_id': '58218a785f6b9a4f93df8079', 'title': '第1集', 'order': 1, 'updated_at': '2016-11-08T08:19:04.642Z', 'id': '58218a785f6b9a4f93df8079'}]
2026-01-08 23:27:24 - mkk_pika - database.py:215 - INFO - 第一次下载该漫画，记录数据库中
2026-01-08 23:27:25 - mkk_pika - main.py:83 - INFO - 找到 21 张图片在:第1集
2026-01-08 23:27:26 - mkk_pika - main.py:112 - INFO - [episode:第1集       ] downloaded:    21, total:  21, progress:100%
2026-01-08 23:27:26 - mkk_pika - database.py:238 - INFO - 数据库更新已下载章节
2026-01-08 23:27:26 - mkk_pika - database.py:244 - INFO - 该漫画已下载章节如下
2026-01-08 23:27:26 - mkk_pika - database.py:245 - INFO - ['第1集']
2026-01-08 23:27:27 - mkk_pika - main.py:348 - INFO - ==================== 漫画信息 ====================
                                   漫画ID：58218a785f6b9a4f93df8077
                                   标题：一緒にお風呂に入ろう!
                                   作者：S-FLAKE(ゆきみつ)
                                   是否完结：是
                                   总页数：21
                                   分类：同人,短篇,純愛
                                   章节数：1
                                   最后更新时间：2007-09-23T08:47:26.000Z
                                   =================================================
2026-01-08 23:27:27 - mkk_pika - database.py:101 - INFO - 保存成功：一緒にお風呂に入ろう!
2026-01-08 23:27:27 - mkk_pika - main.py:35 - INFO - 开始检查Alice in God Notepad是否存在未下载章节
2026-01-08 23:27:27 - mkk_pika - main.py:45 - INFO - 正在下载:[Alice in God Notepad]-[infinity line(三郷なな)]-[['同人', '短篇', '純愛']]-[total_pages:32]
2026-01-08 23:27:27 - mkk_pika - main.py:49 - INFO - [{'_id': '58218a795f6b9a4f93df80a7', 'title': '第1集', 'order': 1, 'updated_at': '2016-11-08T08:19:05.222Z', 'id': '58218a795f6b9a4f93df80a7'}]
2026-01-08 23:27:27 - mkk_pika - database.py:215 - INFO - 第一次下载该漫画，记录数据库中
2026-01-08 23:27:28 - mkk_pika - main.py:83 - INFO - 找到 32 张图片在:第1集
2026-01-08 23:27:29 - mkk_pika - main.py:112 - INFO - [episode:第1集       ] downloaded:    32, total:  32, progress:100%
2026-01-08 23:27:29 - mkk_pika - database.py:238 - INFO - 数据库更新已下载章节
2026-01-08 23:27:29 - mkk_pika - database.py:244 - INFO - 该漫画已下载章节如下
2026-01-08 23:27:29 - mkk_pika - database.py:245 - INFO - ['第1集']
2026-01-08 23:27:30 - mkk_pika - main.py:348 - INFO - ==================== 漫画信息 ====================
                                   漫画ID：58218a785f6b9a4f93df80a5
                                   标题：Alice in God Notepad
                                   作者：infinity line(三郷なな)
                                   是否完结：是
                                   总页数：32
                                   分类：同人,短篇,純愛
                                   章节数：1
                                   最后更新时间：2007-09-23T18:47:26.000Z
                                   =================================================
2026-01-08 23:27:30 - mkk_pika - database.py:101 - INFO - 保存成功：Alice in God Notepad
2026-01-08 23:27:30 - mkk_pika - main.py:35 - INFO - 开始检查このあとベベルきゅんがスゴいことに是否存在未下载章节
2026-01-08 23:27:31 - mkk_pika - main.py:45 - INFO - 正在下载:[このあとベベルきゅんがスゴいことに]-[KNIGHTS(騎士二千)]-[['同人', '短篇', '姐姐系']]-[total_pages:20]
2026-01-08 23:27:31 - mkk_pika - main.py:49 - INFO - [{'_id': '58218a795f6b9a4f93df80eb', 'title': '第1集', 'order': 1, 'updated_at': '2016-11-08T08:19:05.862Z', 'id': '58218a795f6b9a4f93df80eb'}]
2026-01-08 23:27:31 - mkk_pika - database.py:215 - INFO - 第一次下载该漫画，记录数据库中
2026-01-08 23:27:31 - mkk_pika - main.py:83 - INFO - 找到 20 张图片在:第1集
2026-01-08 23:27:32 - mkk_pika - main.py:112 - INFO - [episode:第1集       ] downloaded:    20, total:  20, progress:100%
2026-01-08 23:27:32 - mkk_pika - database.py:238 - INFO - 数据库更新已下载章节
2026-01-08 23:27:32 - mkk_pika - database.py:244 - INFO - 该漫画已下载章节如下
2026-01-08 23:27:32 - mkk_pika - database.py:245 - INFO - ['第1集']
2026-01-08 23:27:34 - mkk_pika - main.py:348 - INFO - ==================== 漫画信息 ====================
                                   漫画ID：58218a795f6b9a4f93df80e9
                                   标题：このあとベベルきゅんがスゴいことに
                                   作者：KNIGHTS(騎士二千)
                                   是否完结：是
                                   总页数：20
                                   分类：同人,短篇,姐姐系
                                   章节数：1
                                   最后更新时间：2007-09-24T04:47:26.000Z
                                   =================================================
2026-01-08 23:27:34 - mkk_pika - database.py:101 - INFO - 保存成功：このあとベベルきゅんがスゴいことに
2026-01-08 23:27:34 - mkk_pika - main.py:35 - INFO - 开始检查永劫の混沌に鍛えられし同人誌是否存在未下载章节
2026-01-08 23:27:34 - mkk_pika - main.py:45 - INFO - 正在下载:[永劫の混沌に鍛えられし同人誌]-[水龍敬 (ありすの宝箱)]-[['同人', '短篇']]-[total_pages:22]
2026-01-08 23:27:34 - mkk_pika - main.py:49 - INFO - [{'_id': '58218a7e5f6b9a4f93df82ad', 'title': '第1集', 'order': 1, 'updated_at': '2016-11-08T08:19:10.785Z', 'id': '58218a7e5f6b9a4f93df82ad'}]
2026-01-08 23:27:34 - mkk_pika - database.py:215 - INFO - 第一次下载该漫画，记录数据库中
2026-01-08 23:27:34 - mkk_pika - main.py:83 - INFO - 找到 22 张图片在:第1集
2026-01-08 23:27:36 - mkk_pika - main.py:112 - INFO - [episode:第1集       ] downloaded:    22, total:  22, progress:100%
2026-01-08 23:27:36 - mkk_pika - database.py:238 - INFO - 数据库更新已下载章节
2026-01-08 23:27:36 - mkk_pika - database.py:244 - INFO - 该漫画已下载章节如下
2026-01-08 23:27:36 - mkk_pika - database.py:245 - INFO - ['第1集']
2026-01-08 23:27:37 - mkk_pika - main.py:348 - INFO - ==================== 漫画信息 ====================
                                   漫画ID：58218a7e5f6b9a4f93df82ab
                                   标题：永劫の混沌に鍛えられし同人誌
                                   作者：水龍敬 (ありすの宝箱)
                                   是否完结：否
                                   总页数：22
                                   分类：同人,短篇
                                   章节数：1
                                   最后更新时间：2007-09-25T00:47:26.000Z
                                   =================================================
2026-01-08 23:27:37 - mkk_pika - database.py:101 - INFO - 保存成功：永劫の混沌に鍛えられし同人誌
2026-01-08 23:27:37 - mkk_pika - main.py:35 - INFO - 开始检查♀アイドル予備軍の皆さ～ん!私達がHなトレーナーです。-完全版-是否存在未下载章节
2026-01-08 23:27:37 - mkk_pika - main.py:45 - INFO - 正在下载:[♀アイドル予備軍の皆さ～ん!私達がHなトレーナーです。-完全版-]-[水龍敬 (ありすの宝箱)]-[['同人', '短篇', '百合花園']]-[total_pages:31]
2026-01-08 23:27:37 - mkk_pika - main.py:49 - INFO - [{'_id': '58218a7f5f6b9a4f93df82dd', 'title': '第1集', 'order': 1, 'updated_at': '2016-11-08T08:19:11.163Z', 'id': '58218a7f5f6b9a4f93df82dd'}]
2026-01-08 23:27:37 - mkk_pika - database.py:215 - INFO - 第一次下载该漫画，记录数据库中
2026-01-08 23:27:38 - mkk_pika - main.py:83 - INFO - 找到 31 张图片在:第1集
2026-01-08 23:27:39 - mkk_pika - main.py:112 - INFO - [episode:第1集       ] downloaded:    31, total:  31, progress:100%
2026-01-08 23:27:39 - mkk_pika - database.py:238 - INFO - 数据库更新已下载章节
2026-01-08 23:27:39 - mkk_pika - database.py:244 - INFO - 该漫画已下载章节如下
2026-01-08 23:27:39 - mkk_pika - database.py:245 - INFO - ['第1集']
2026-01-08 23:27:40 - mkk_pika - main.py:348 - INFO - ==================== 漫画信息 ====================
                                   漫画ID：58218a7e5f6b9a4f93df82db
                                   标题：♀アイドル予備軍の皆さ～ん!私達がHなトレーナーです。-完全版-
                                   作者：水龍敬 (ありすの宝箱)
                                   是否完结：否
                                   总页数：31
                                   分类：同人,短篇,百合花園
                                   章节数：1
                                   最后更新时间：2007-09-25T10:47:26.000Z
                                   =================================================
2026-01-08 23:27:40 - mkk_pika - database.py:101 - INFO - 保存成功：♀アイドル予備軍の皆さ～ん!私達がHなトレーナーです。-完全版-
2026-01-08 23:27:40 - mkk_pika - main.py:35 - INFO - 开始检查俺妹のえろほん是否存在未下载章节
2026-01-08 23:27:41 - mkk_pika - main.py:45 - INFO - 正在下载:[俺妹のえろほん]-[スタジオヌンチャク(シモさん, 久水あるた ) マンガン(めにも, 神堂みけこ Cla, 松島卿 )]-[['同人', '短篇', '妹妹系']]-[total_pages:135]
2026-01-08 23:27:41 - mkk_pika - main.py:49 - INFO - [{'_id': '58218a835f6b9a4f93df859b', 'title': '第1集', 'order': 1, 'updated_at': '2016-11-08T08:19:15.159Z', 'id': '58218a835f6b9a4f93df859b'}, {'_id': '58218a835f6b9a4f93df85fd', 'title': '第2集', 'order': 2, 'updated_at': '2016-11-08T08:19:15.684Z', 'id': '58218a835f6b9a4f93df85fd'}, {'_id': '58218a845f6b9a4f93df8657', 'title': '第3集', 'order': 3, 'updated_at': '2016-11-08T08:19:16.654Z', 'id': '58218a845f6b9a4f93df8657'}]
2026-01-08 23:27:41 - mkk_pika - database.py:215 - INFO - 第一次下载该漫画，记录数据库中
2026-01-08 23:27:41 - mkk_pika - main.py:83 - INFO - 找到 48 张图片在:第1集
2026-01-08 23:27:43 - mkk_pika - main.py:112 - INFO - [episode:第1集       ] downloaded:    48, total:  48, progress:100%
2026-01-08 23:27:43 - mkk_pika - database.py:238 - INFO - 数据库更新已下载章节
2026-01-08 23:27:43 - mkk_pika - database.py:244 - INFO - 该漫画已下载章节如下
2026-01-08 23:27:43 - mkk_pika - database.py:245 - INFO - ['第1集']
2026-01-08 23:27:45 - mkk_pika - main.py:83 - INFO - 找到 44 张图片在:第2集
2026-01-08 23:27:47 - mkk_pika - main.py:112 - INFO - [episode:第2集       ] downloaded:    44, total:  44, progress:100%
2026-01-08 23:27:47 - mkk_pika - database.py:238 - INFO - 数据库更新已下载章节
2026-01-08 23:27:47 - mkk_pika - database.py:244 - INFO - 该漫画已下载章节如下
2026-01-08 23:27:47 - mkk_pika - database.py:245 - INFO - ['第1集', '第2集']
2026-01-08 23:27:49 - mkk_pika - main.py:83 - INFO - 找到 43 张图片在:第3集
2026-01-08 23:27:51 - mkk_pika - main.py:112 - INFO - [episode:第3集       ] downloaded:    43, total:  43, progress:100%
2026-01-08 23:27:51 - mkk_pika - database.py:238 - INFO - 数据库更新已下载章节
2026-01-08 23:27:51 - mkk_pika - database.py:244 - INFO - 该漫画已下载章节如下
2026-01-08 23:27:51 - mkk_pika - database.py:245 - INFO - ['第1集', '第2集', '第3集']
2026-01-08 23:27:52 - mkk_pika - main.py:348 - INFO - ==================== 漫画信息 ====================
                                   漫画ID：58218a825f6b9a4f93df8599
                                   标题：俺妹のえろほん
                                   作者：スタジオヌンチャク(シモさん, 久水あるた ) マンガン(めにも, 神堂みけこ Cla, 松島卿 )
                                   是否完结：否
                                   总页数：135
                                   分类：同人,短篇,妹妹系
                                   章节数：3
                                   最后更新时间：2007-09-26T16:47:26.000Z
                                   =================================================
2026-01-08 23:27:52 - mkk_pika - database.py:101 - INFO - 保存成功：俺妹のえろほん
2026-01-08 23:27:52 - mkk_pika - main.py:35 - INFO - 开始检查オフ レコ…ここだけの話是否存在未下载章节
2026-01-08 23:27:52 - mkk_pika - main.py:45 - INFO - 正在下载:[オフ レコ…ここだけの話]-[焼肉キング]-[['長篇', '後宮閃光', '姐姐系', '妹妹系', '純愛']]-[total_pages:227]
2026-01-08 23:27:52 - mkk_pika - main.py:49 - INFO - [{'_id': '58218a855f6b9a4f93df86eb', 'title': '第1集', 'order': 1, 'updated_at': '2016-11-08T08:19:17.883Z', 'id': '58218a855f6b9a4f93df86eb'}]
2026-01-08 23:27:52 - mkk_pika - database.py:215 - INFO - 第一次下载该漫画，记录数据库中
2026-01-08 23:27:54 - mkk_pika - main.py:83 - INFO - 找到 227 张图片在:第1集
2026-01-08 23:28:04 - mkk_pika - main.py:112 - INFO - [episode:第1集       ] downloaded:   227, total: 227, progress:100%
2026-01-08 23:28:04 - mkk_pika - database.py:238 - INFO - 数据库更新已下载章节
2026-01-08 23:28:04 - mkk_pika - database.py:244 - INFO - 该漫画已下载章节如下
2026-01-08 23:28:04 - mkk_pika - database.py:245 - INFO - ['第1集']
2026-01-08 23:28:05 - mkk_pika - main.py:348 - INFO - ==================== 漫画信息 ====================
                                   漫画ID：58218a855f6b9a4f93df86e9
                                   标题：オフ レコ…ここだけの話
                                   作者：焼肉キング
                                   是否完结：是
                                   总页数：227
                                   分类：長篇,後宮閃光,姐姐系,妹妹系,純愛
                                   章节数：1
                                   最后更新时间：2007-09-27T12:47:26.000Z
                                   =================================================
2026-01-08 23:28:05 - mkk_pika - database.py:101 - INFO - 保存成功：オフ レコ…ここだけの話
2026-01-08 23:28:05 - mkk_pika - main.py:35 - INFO - 开始检查I'm Screaming LOVE!是否存在未下载章节
2026-01-08 23:28:05 - mkk_pika - main.py:45 - INFO - 正在下载:[I'm Screaming LOVE!]-[egoistic media(棗ふみこ)]-[['同人', '短篇', '性轉換', '純愛']]-[total_pages:29]
2026-01-08 23:28:05 - mkk_pika - main.py:49 - INFO - [{'_id': '58218a875f6b9a4f93df88b5', 'title': '第1集', 'order': 1, 'updated_at': '2016-11-08T08:19:19.735Z', 'id': '58218a875f6b9a4f93df88b5'}]
2026-01-08 23:28:05 - mkk_pika - database.py:215 - INFO - 第一次下载该漫画，记录数据库中
2026-01-08 23:28:06 - mkk_pika - main.py:83 - INFO - 找到 29 张图片在:第1集
2026-01-08 23:28:07 - mkk_pika - main.py:112 - INFO - [episode:第1集       ] downloaded:    29, total:  29, progress:100%
2026-01-08 23:28:07 - mkk_pika - database.py:238 - INFO - 数据库更新已下载章节
2026-01-08 23:28:07 - mkk_pika - database.py:244 - INFO - 该漫画已下载章节如下
2026-01-08 23:28:07 - mkk_pika - database.py:245 - INFO - ['第1集']
2026-01-08 23:28:08 - mkk_pika - main.py:348 - INFO - ==================== 漫画信息 ====================
                                   漫画ID：58218a875f6b9a4f93df88b3
                                   标题：I'm Screaming LOVE!
                                   作者：egoistic media(棗ふみこ)
                                   是否完结：是
                                   总页数：29
                                   分类：同人,短篇,性轉換,純愛
                                   章节数：1
                                   最后更新时间：2007-09-27T22:47:26.000Z
                                   =================================================
2026-01-08 23:28:08 - mkk_pika - database.py:101 - INFO - 保存成功：I'm Screaming LOVE!
2026-01-08 23:28:08 - mkk_pika - main.py:35 - INFO - 开始检查フミナ ピストンファイターズ トライ是否存在未下载章节
2026-01-08 23:28:09 - mkk_pika - main.py:45 - INFO - 正在下载:[フミナ ピストンファイターズ トライ]-[ぽぽちち(八尋ぽち)]-[['同人', '短篇', '純愛']]-[total_pages:24]
2026-01-08 23:28:09 - mkk_pika - main.py:49 - INFO - [{'_id': '58218a935f6b9a4f93df9009', 'title': '第1集', 'order': 1, 'updated_at': '2016-11-08T08:19:31.159Z', 'id': '58218a935f6b9a4f93df9009'}]
2026-01-08 23:28:09 - mkk_pika - database.py:215 - INFO - 第一次下载该漫画，记录数据库中
2026-01-08 23:28:09 - mkk_pika - main.py:83 - INFO - 找到 24 张图片在:第1集
2026-01-08 23:28:10 - mkk_pika - main.py:112 - INFO - [episode:第1集       ] downloaded:    24, total:  24, progress:100%
2026-01-08 23:28:10 - mkk_pika - database.py:238 - INFO - 数据库更新已下载章节
2026-01-08 23:28:10 - mkk_pika - database.py:244 - INFO - 该漫画已下载章节如下
2026-01-08 23:28:10 - mkk_pika - database.py:245 - INFO - ['第1集']
2026-01-08 23:28:12 - mkk_pika - main.py:348 - INFO - ==================== 漫画信息 ====================
                                   漫画ID：58218a925f6b9a4f93df9007
                                   标题：フミナ ピストンファイターズ トライ
                                   作者：ぽぽちち(八尋ぽち)
                                   是否完结：是
                                   总页数：24
                                   分类：同人,短篇,純愛
                                   章节数：1
                                   最后更新时间：2007-10-03T08:47:26.000Z
                                   =================================================
2026-01-08 23:28:12 - mkk_pika - database.py:101 - INFO - 保存成功：フミナ ピストンファイターズ トライ
2026-01-08 23:28:12 - mkk_pika - main.py:35 - INFO - 开始检查ミルキィ☆リュウセイグン是否存在未下载章节
2026-01-08 23:28:12 - mkk_pika - main.py:45 - INFO - 正在下载:[ミルキィ☆リュウセイグン]-[フニフニラボ(たまごろー)]-[['同人', '短篇', '純愛']]-[total_pages:34]
2026-01-08 23:28:12 - mkk_pika - main.py:49 - INFO - [{'_id': '58218a935f6b9a4f93df903d', 'title': '第1集', 'order': 1, 'updated_at': '2016-11-08T08:19:31.599Z', 'id': '58218a935f6b9a4f93df903d'}]
2026-01-08 23:28:12 - mkk_pika - database.py:215 - INFO - 第一次下载该漫画，记录数据库中
2026-01-08 23:28:13 - mkk_pika - main.py:83 - INFO - 找到 34 张图片在:第1集
2026-01-08 23:28:14 - mkk_pika - main.py:112 - INFO - [episode:第1集       ] downloaded:    34, total:  34, progress:100%
2026-01-08 23:28:14 - mkk_pika - database.py:238 - INFO - 数据库更新已下载章节
2026-01-08 23:28:14 - mkk_pika - database.py:244 - INFO - 该漫画已下载章节如下
2026-01-08 23:28:14 - mkk_pika - database.py:245 - INFO - ['第1集']
2026-01-08 23:28:15 - mkk_pika - main.py:348 - INFO - ==================== 漫画信息 ====================
                                   漫画ID：58218a935f6b9a4f93df903b
                                   标题：ミルキィ☆リュウセイグン
                                   作者：フニフニラボ(たまごろー)
                                   是否完结：是
                                   总页数：34
                                   分类：同人,短篇,純愛
                                   章节数：1
                                   最后更新时间：2007-10-03T18:47:26.000Z
                                   =================================================
2026-01-08 23:28:15 - mkk_pika - database.py:101 - INFO - 保存成功：ミルキィ☆リュウセイグン
2026-01-08 23:28:15 - mkk_pika - main.py:35 - INFO - 开始检查新世紀少女補完計劃IX是否存在未下载章节
2026-01-08 23:28:16 - mkk_pika - main.py:45 - INFO - 正在下载:[新世紀少女補完計劃IX]-[GAINEX]-[['同人', '長篇', '後宮閃光']]-[total_pages:159]
2026-01-08 23:28:16 - mkk_pika - main.py:49 - INFO - [{'_id': '58218a9b5f6b9a4f93df93f5', 'title': '第1集', 'order': 1, 'updated_at': '2016-11-08T08:19:39.636Z', 'id': '58218a9b5f6b9a4f93df93f5'}]
2026-01-08 23:28:16 - mkk_pika - database.py:215 - INFO - 第一次下载该漫画，记录数据库中
2026-01-08 23:28:17 - mkk_pika - main.py:83 - INFO - 找到 159 张图片在:第1集
2026-01-08 23:28:23 - mkk_pika - main.py:112 - INFO - [episode:第1集       ] downloaded:   159, total: 159, progress:100%
2026-01-08 23:28:23 - mkk_pika - database.py:238 - INFO - 数据库更新已下载章节
2026-01-08 23:28:23 - mkk_pika - database.py:244 - INFO - 该漫画已下载章节如下
2026-01-08 23:28:23 - mkk_pika - database.py:245 - INFO - ['第1集']
2026-01-08 23:28:24 - mkk_pika - main.py:348 - INFO - ==================== 漫画信息 ====================
                                   漫画ID：58218a9b5f6b9a4f93df93f3
                                   标题：新世紀少女補完計劃IX
                                   作者：GAINEX
                                   是否完结：是
                                   总页数：159
                                   分类：同人,長篇,後宮閃光
                                   章节数：1
                                   最后更新时间：2007-10-05T00:47:26.000Z
                                   =================================================
2026-01-08 23:28:24 - mkk_pika - database.py:101 - INFO - 保存成功：新世紀少女補完計劃IX
2026-01-08 23:28:24 - mkk_pika - main.py:35 - INFO - 开始检查予測線を越えて是否存在未下载章节
2026-01-08 23:28:24 - mkk_pika - main.py:45 - INFO - 正在下载:[予測線を越えて]-[かわいそうな子(いちの- ゆゆ)]-[['同人', '短篇', 'SAO 刀劍神域', '純愛']]-[total_pages:25]
2026-01-08 23:28:24 - mkk_pika - main.py:49 - INFO - [{'_id': '58218a9d5f6b9a4f93df9537', 'title': '第1集', 'order': 1, 'updated_at': '2016-11-08T08:19:41.051Z', 'id': '58218a9d5f6b9a4f93df9537'}]
2026-01-08 23:28:24 - mkk_pika - database.py:215 - INFO - 第一次下载该漫画，记录数据库中
2026-01-08 23:28:25 - mkk_pika - main.py:83 - INFO - 找到 25 张图片在:第1集
2026-01-08 23:28:26 - mkk_pika - main.py:112 - INFO - [episode:第1集       ] downloaded:    25, total:  25, progress:100%
2026-01-08 23:28:26 - mkk_pika - database.py:238 - INFO - 数据库更新已下载章节
2026-01-08 23:28:26 - mkk_pika - database.py:244 - INFO - 该漫画已下载章节如下
2026-01-08 23:28:26 - mkk_pika - database.py:245 - INFO - ['第1集']
2026-01-08 23:28:27 - mkk_pika - main.py:348 - INFO - ==================== 漫画信息 ====================
                                   漫画ID：58218a9c5f6b9a4f93df9535
                                   标题：予測線を越えて
                                   作者：かわいそうな子(いちの- ゆゆ)
                                   是否完结：是
                                   总页数：25
                                   分类：同人,短篇,SAO 刀劍神域,純愛
                                   章节数：1
                                   最后更新时间：2007-10-05T10:47:26.000Z
                                   =================================================
2026-01-08 23:28:27 - mkk_pika - database.py:101 - INFO - 保存成功：予測線を越えて
2026-01-08 23:28:27 - mkk_pika - main.py:35 - INFO - 开始检查逆襲のシノン是否存在未下载章节
2026-01-08 23:28:27 - mkk_pika - main.py:45 - INFO - 正在下载:[逆襲のシノン]-[KNIGHTS(騎士二千)]-[['同人', '短篇', 'SAO 刀劍神域']]-[total_pages:26]
2026-01-08 23:28:27 - mkk_pika - main.py:49 - INFO - [{'_id': '58218a9e5f6b9a4f93df96c9', 'title': '第1集', 'order': 1, 'updated_at': '2016-11-08T08:19:42.709Z', 'id': '58218a9e5f6b9a4f93df96c9'}]
2026-01-08 23:28:27 - mkk_pika - database.py:215 - INFO - 第一次下载该漫画，记录数据库中
2026-01-08 23:28:28 - mkk_pika - main.py:83 - INFO - 找到 26 张图片在:第1集
2026-01-08 23:28:29 - mkk_pika - main.py:112 - INFO - [episode:第1集       ] downloaded:    26, total:  26, progress:100%
2026-01-08 23:28:29 - mkk_pika - database.py:238 - INFO - 数据库更新已下载章节
2026-01-08 23:28:29 - mkk_pika - database.py:244 - INFO - 该漫画已下载章节如下
2026-01-08 23:28:29 - mkk_pika - database.py:245 - INFO - ['第1集']
2026-01-08 23:28:31 - mkk_pika - main.py:348 - INFO - ==================== 漫画信息 ====================
                                   漫画ID：58218a9e5f6b9a4f93df96c7
                                   标题：逆襲のシノン
                                   作者：KNIGHTS(騎士二千)
                                   是否完结：是
                                   总页数：26
                                   分类：同人,短篇,SAO 刀劍神域
                                   章节数：1
                                   最后更新时间：2007-10-06T06:47:26.000Z
                                   =================================================
2026-01-08 23:28:31 - mkk_pika - database.py:101 - INFO - 保存成功：逆襲のシノン
2026-01-08 23:28:31 - mkk_pika - main.py:35 - INFO - 开始检查バレットダンス・オンライン是否存在未下载章节
2026-01-08 23:28:31 - mkk_pika - main.py:45 - INFO - 正在下载:[バレットダンス・オンライン]-[ESSENTIA(藤真拓哉)]-[['同人', '短篇', '全彩', '後宮閃光', 'SAO 刀劍神域']]-[total_pages:20]
2026-01-08 23:28:31 - mkk_pika - main.py:49 - INFO - [{'_id': '58218a9f5f6b9a4f93df9701', 'title': '第1集', 'order': 1, 'updated_at': '2016-11-08T08:19:43.450Z', 'id': '58218a9f5f6b9a4f93df9701'}]
2026-01-08 23:28:31 - mkk_pika - database.py:215 - INFO - 第一次下载该漫画，记录数据库中
2026-01-08 23:28:31 - mkk_pika - main.py:83 - INFO - 找到 20 张图片在:第1集
2026-01-08 23:28:32 - mkk_pika - main.py:112 - INFO - [episode:第1集       ] downloaded:    20, total:  20, progress:100%
2026-01-08 23:28:32 - mkk_pika - database.py:238 - INFO - 数据库更新已下载章节
2026-01-08 23:28:32 - mkk_pika - database.py:244 - INFO - 该漫画已下载章节如下
2026-01-08 23:28:32 - mkk_pika - database.py:245 - INFO - ['第1集']
2026-01-08 23:28:33 - mkk_pika - main.py:348 - INFO - ==================== 漫画信息 ====================
                                   漫画ID：58218a9e5f6b9a4f93df96ff
                                   标题：バレットダンス・オンライン
                                   作者：ESSENTIA(藤真拓哉)
                                   是否完结：是
                                   总页数：20
                                   分类：同人,短篇,全彩,後宮閃光,SAO 刀劍神域
                                   章节数：1
                                   最后更新时间：2007-10-06T16:47:26.000Z
                                   =================================================
2026-01-08 23:28:33 - mkk_pika - database.py:101 - INFO - 保存成功：バレットダンス・オンライン
2026-01-08 23:28:33 - mkk_pika - main.py:35 - INFO - 开始检查ULTIMARATIO是否存在未下载章节
2026-01-08 23:28:34 - mkk_pika - main.py:45 - INFO - 正在下载:[ULTIMARATIO]-[セブンデイズホリディ(篠川あるみ, 古我望)]-[['同人', '短篇', '全彩', 'SAO 刀劍神域', '純愛']]-[total_pages:20]
2026-01-08 23:28:34 - mkk_pika - main.py:49 - INFO - [{'_id': '58218aa05f6b9a4f93df972d', 'title': '第1集', 'order': 1, 'updated_at': '2016-11-08T08:19:44.113Z', 'id': '58218aa05f6b9a4f93df972d'}]
2026-01-08 23:28:34 - mkk_pika - database.py:215 - INFO - 第一次下载该漫画，记录数据库中
2026-01-08 23:28:34 - mkk_pika - main.py:83 - INFO - 找到 20 张图片在:第1集
2026-01-08 23:28:35 - mkk_pika - main.py:112 - INFO - [episode:第1集       ] downloaded:    20, total:  20, progress:100%
2026-01-08 23:28:35 - mkk_pika - database.py:238 - INFO - 数据库更新已下载章节
2026-01-08 23:28:35 - mkk_pika - database.py:244 - INFO - 该漫画已下载章节如下
2026-01-08 23:28:35 - mkk_pika - database.py:245 - INFO - ['第1集']
2026-01-08 23:28:36 - mkk_pika - main.py:348 - INFO - ==================== 漫画信息 ====================
                                   漫画ID：58218a9f5f6b9a4f93df972b
                                   标题：ULTIMARATIO
                                   作者：セブンデイズホリディ(篠川あるみ, 古我望)
                                   是否完结：是
                                   总页数：20
                                   分类：同人,短篇,全彩,SAO 刀劍神域,純愛
                                   章节数：1
                                   最后更新时间：2007-10-07T02:47:26.000Z
                                   =================================================
2026-01-08 23:28:36 - mkk_pika - database.py:101 - INFO - 保存成功：ULTIMARATIO
2026-01-08 23:28:36 - mkk_pika - main.py:35 - INFO - 开始检查こしゅらせてシノンさん是否存在未下载章节
2026-01-08 23:28:37 - mkk_pika - main.py:45 - INFO - 正在下载:[こしゅらせてシノンさん]-[雷神会(はるきゲにあ)]-[['同人', '短篇', 'SAO 刀劍神域']]-[total_pages:20]
2026-01-08 23:28:37 - mkk_pika - main.py:49 - INFO - [{'_id': '58218aa15f6b9a4f93df9799', 'title': '第1集', 'order': 1, 'updated_at': '2016-11-08T08:19:45.499Z', 'id': '58218aa15f6b9a4f93df9799'}]
2026-01-08 23:28:37 - mkk_pika - database.py:215 - INFO - 第一次下载该漫画，记录数据库中
2026-01-08 23:28:37 - mkk_pika - main.py:83 - INFO - 找到 20 张图片在:第1集
2026-01-08 23:28:38 - mkk_pika - main.py:112 - INFO - [episode:第1集       ] downloaded:    20, total:  20, progress:100%
2026-01-08 23:28:38 - mkk_pika - database.py:238 - INFO - 数据库更新已下载章节
2026-01-08 23:28:38 - mkk_pika - database.py:244 - INFO - 该漫画已下载章节如下
2026-01-08 23:28:38 - mkk_pika - database.py:245 - INFO - ['第1集']
2026-01-08 23:28:39 - mkk_pika - main.py:348 - INFO - ==================== 漫画信息 ====================
                                   漫画ID：58218aa05f6b9a4f93df9797
                                   标题：こしゅらせてシノンさん
                                   作者：雷神会(はるきゲにあ)
                                   是否完结：是
                                   总页数：20
                                   分类：同人,短篇,SAO 刀劍神域
                                   章节数：1
                                   最后更新时间：2007-10-07T22:47:26.000Z
                                   =================================================
2026-01-08 23:28:39 - mkk_pika - database.py:101 - INFO - 保存成功：こしゅらせてシノンさん
2026-01-08 23:28:39 - mkk_pika - main.py:35 - INFO - 开始检查MONOPOLIZE SINON ヒトリジメ是否存在未下载章节
2026-01-08 23:28:40 - mkk_pika - main.py:45 - INFO - 正在下载:[MONOPOLIZE SINON ヒトリジメ]-[うまのほね(うまさん)]-[['同人', '短篇', 'SAO 刀劍神域']]-[total_pages:24]
2026-01-08 23:28:40 - mkk_pika - main.py:49 - INFO - [{'_id': '58218aa25f6b9a4f93df97c5', 'title': '第1集', 'order': 1, 'updated_at': '2016-11-08T08:19:46.182Z', 'id': '58218aa25f6b9a4f93df97c5'}]
2026-01-08 23:28:40 - mkk_pika - database.py:215 - INFO - 第一次下载该漫画，记录数据库中
2026-01-08 23:28:40 - mkk_pika - main.py:83 - INFO - 找到 24 张图片在:第1集
2026-01-08 23:28:41 - mkk_pika - main.py:112 - INFO - [episode:第1集       ] downloaded:    24, total:  24, progress:100%
2026-01-08 23:28:41 - mkk_pika - database.py:238 - INFO - 数据库更新已下载章节
2026-01-08 23:28:41 - mkk_pika - database.py:244 - INFO - 该漫画已下载章节如下
2026-01-08 23:28:41 - mkk_pika - database.py:245 - INFO - ['第1集']
2026-01-08 23:28:43 - mkk_pika - main.py:348 - INFO - ==================== 漫画信息 ====================
                                   漫画ID：58218aa15f6b9a4f93df97c3
                                   标题：MONOPOLIZE SINON ヒトリジメ
                                   作者：うまのほね(うまさん)
                                   是否完结：是
                                   总页数：24
                                   分类：同人,短篇,SAO 刀劍神域
                                   章节数：1
                                   最后更新时间：2007-10-08T08:47:26.000Z
                                   =================================================
2026-01-08 23:28:43 - mkk_pika - database.py:101 - INFO - 保存成功：MONOPOLIZE SINON ヒトリジメ
2026-01-08 23:28:43 - mkk_pika - main.py:35 - INFO - 开始检查姦淫オーバーフロオ是否存在未下载章节
2026-01-08 23:28:43 - mkk_pika - main.py:45 - INFO - 正在下载:[姦淫オーバーフロオ]-[るるノ屋]-[['同人', '短篇', '後宮閃光', '非人類', 'SAO 刀劍神域']]-[total_pages:41]
2026-01-08 23:28:43 - mkk_pika - main.py:49 - INFO - [{'_id': '58218aa25f6b9a4f93df97f9', 'title': '第1集', 'order': 1, 'updated_at': '2016-11-08T08:19:46.884Z', 'id': '58218aa25f6b9a4f93df97f9'}]
2026-01-08 23:28:43 - mkk_pika - database.py:215 - INFO - 第一次下载该漫画，记录数据库中
2026-01-08 23:28:44 - mkk_pika - main.py:83 - INFO - 找到 41 张图片在:第1集
2026-01-08 23:28:46 - mkk_pika - main.py:112 - INFO - [episode:第1集       ] downloaded:    41, total:  41, progress:100%
2026-01-08 23:28:46 - mkk_pika - database.py:238 - INFO - 数据库更新已下载章节
2026-01-08 23:28:46 - mkk_pika - database.py:244 - INFO - 该漫画已下载章节如下
2026-01-08 23:28:46 - mkk_pika - database.py:245 - INFO - ['第1集']
2026-01-08 23:28:47 - mkk_pika - main.py:348 - INFO - ==================== 漫画信息 ====================
                                   漫画ID：58218aa25f6b9a4f93df97f7
                                   标题：姦淫オーバーフロオ
                                   作者：るるノ屋
                                   是否完结：是
                                   总页数：41
                                   分类：同人,短篇,後宮閃光,非人類,SAO 刀劍神域
                                   章节数：1
                                   最后更新时间：2007-10-08T18:47:26.000Z
                                   =================================================
2026-01-08 23:28:47 - mkk_pika - database.py:101 - INFO - 保存成功：姦淫オーバーフロオ
2026-01-08 23:28:47 - mkk_pika - main.py:35 - INFO - 开始检查少女自在式#8.5 邪氣眼電波領域 おまけ是否存在未下载章节
2026-01-08 23:28:47 - mkk_pika - main.py:45 - INFO - 正在下载:[少女自在式#8.5 邪氣眼電波領域 おまけ]-[風舞結界(CHuN)]-[['同人', '短篇', '妹妹系']]-[total_pages:8]
2026-01-08 23:28:47 - mkk_pika - main.py:49 - INFO - [{'_id': '58218aa45f6b9a4f93df98c7', 'title': '第1集', 'order': 1, 'updated_at': '2016-11-08T08:19:48.689Z', 'id': '58218aa45f6b9a4f93df98c7'}]
2026-01-08 23:28:47 - mkk_pika - database.py:215 - INFO - 第一次下载该漫画，记录数据库中
2026-01-08 23:28:48 - mkk_pika - main.py:83 - INFO - 找到 8 张图片在:第1集
2026-01-08 23:28:48 - mkk_pika - main.py:112 - INFO - [episode:第1集       ] downloaded:     8, total:   8, progress:100%
2026-01-08 23:28:48 - mkk_pika - database.py:238 - INFO - 数据库更新已下载章节
2026-01-08 23:28:48 - mkk_pika - database.py:244 - INFO - 该漫画已下载章节如下
2026-01-08 23:28:48 - mkk_pika - database.py:245 - INFO - ['第1集']
2026-01-08 23:28:50 - mkk_pika - main.py:348 - INFO - ==================== 漫画信息 ====================
                                   漫画ID：58218aa45f6b9a4f93df98c5
                                   标题：少女自在式#8.5 邪氣眼電波領域 おまけ
                                   作者：風舞結界(CHuN)
                                   是否完结：是
                                   总页数：8
                                   分类：同人,短篇,妹妹系
                                   章节数：1
                                   最后更新时间：2007-10-10T00:47:26.000Z
                                   =================================================
2026-01-08 23:28:50 - mkk_pika - database.py:101 - INFO - 保存成功：少女自在式#8.5 邪氣眼電波領域 おまけ
2026-01-08 23:28:50 - mkk_pika - main.py:35 - INFO - 开始检查D.L. action 55是否存在未下载章节
2026-01-08 23:28:50 - mkk_pika - main.py:45 - INFO - 正在下载:[D.L. action 55]-[Digital Lover]-[['同人', '短篇', '妹妹系', '純愛']]-[total_pages:18]
2026-01-08 23:28:50 - mkk_pika - main.py:49 - INFO - [{'_id': '58218aa55f6b9a4f93df98db', 'title': '第1集', 'order': 1, 'updated_at': '2016-11-08T08:19:49.026Z', 'id': '58218aa55f6b9a4f93df98db'}]
2026-01-08 23:28:50 - mkk_pika - database.py:215 - INFO - 第一次下载该漫画，记录数据库中
2026-01-08 23:28:51 - mkk_pika - main.py:83 - INFO - 找到 18 张图片在:第1集
2026-01-08 23:28:51 - mkk_pika - main.py:112 - INFO - [episode:第1集       ] downloaded:    18, total:  18, progress:100%
2026-01-08 23:28:51 - mkk_pika - database.py:238 - INFO - 数据库更新已下载章节
2026-01-08 23:28:51 - mkk_pika - database.py:244 - INFO - 该漫画已下载章节如下
2026-01-08 23:28:51 - mkk_pika - database.py:245 - INFO - ['第1集']
2026-01-08 23:28:53 - mkk_pika - main.py:348 - INFO - ==================== 漫画信息 ====================
                                   漫画ID：58218aa45f6b9a4f93df98d9
                                   标题：D.L. action 55
                                   作者：Digital Lover
                                   是否完结：否
                                   总页数：18
                                   分类：同人,短篇,妹妹系,純愛
                                   章节数：1
                                   最后更新时间：2007-10-10T10:47:26.000Z
                                   =================================================
2026-01-08 23:28:53 - mkk_pika - database.py:101 - INFO - 保存成功：D.L. action 55
2026-01-08 23:28:53 - mkk_pika - main.py:35 - INFO - 开始检查D.L.action 60是否存在未下载章节
2026-01-08 23:28:53 - mkk_pika - main.py:45 - INFO - 正在下载:[D.L.action 60]-[Digital Lover]-[['同人', '短篇', '妹妹系', '純愛']]-[total_pages:35]
2026-01-08 23:28:53 - mkk_pika - main.py:49 - INFO - [{'_id': '58218aa55f6b9a4f93df9903', 'title': '第1集', 'order': 1, 'updated_at': '2016-11-08T08:19:49.479Z', 'id': '58218aa55f6b9a4f93df9903'}]
2026-01-08 23:28:53 - mkk_pika - database.py:215 - INFO - 第一次下载该漫画，记录数据库中
2026-01-08 23:28:53 - mkk_pika - main.py:83 - INFO - 找到 35 张图片在:第1集
2026-01-08 23:28:54 - mkk_pika - main.py:112 - INFO - [episode:第1集       ] downloaded:    35, total:  35, progress:100%
2026-01-08 23:28:54 - mkk_pika - database.py:238 - INFO - 数据库更新已下载章节
2026-01-08 23:28:54 - mkk_pika - database.py:244 - INFO - 该漫画已下载章节如下
2026-01-08 23:28:54 - mkk_pika - database.py:245 - INFO - ['第1集']
2026-01-08 23:28:56 - mkk_pika - main.py:348 - INFO - ==================== 漫画信息 ====================
                                   漫画ID：58218aa55f6b9a4f93df9901
                                   标题：D.L.action 60
                                   作者：Digital Lover
                                   是否完结：否
                                   总页数：35
                                   分类：同人,短篇,妹妹系,純愛
                                   章节数：1
                                   最后更新时间：2007-10-10T20:47:26.000Z
                                   =================================================
2026-01-08 23:28:56 - mkk_pika - database.py:101 - INFO - 保存成功：D.L.action 60
2026-01-08 23:28:56 - mkk_pika - main.py:35 - INFO - 开始检查WHITE ROSE是否存在未下载章节
2026-01-08 23:28:56 - mkk_pika - main.py:45 - INFO - 正在下载:[WHITE ROSE]-[seventh zest(六ツ野へきさ)]-[['同人', '短篇', '妹妹系', '純愛']]-[total_pages:21]
2026-01-08 23:28:56 - mkk_pika - main.py:49 - INFO - [{'_id': '58218aa55f6b9a4f93df994d', 'title': '第1集', 'order': 1, 'updated_at': '2016-11-08T08:19:49.989Z', 'id': '58218aa55f6b9a4f93df994d'}]
2026-01-08 23:28:56 - mkk_pika - database.py:215 - INFO - 第一次下载该漫画，记录数据库中
2026-01-08 23:28:57 - mkk_pika - main.py:83 - INFO - 找到 21 张图片在:第1集
2026-01-08 23:28:58 - mkk_pika - main.py:112 - INFO - [episode:第1集       ] downloaded:    21, total:  21, progress:100%
2026-01-08 23:28:58 - mkk_pika - database.py:238 - INFO - 数据库更新已下载章节
2026-01-08 23:28:58 - mkk_pika - database.py:244 - INFO - 该漫画已下载章节如下
2026-01-08 23:28:58 - mkk_pika - database.py:245 - INFO - ['第1集']
2026-01-08 23:28:59 - mkk_pika - main.py:348 - INFO - ==================== 漫画信息 ====================
                                   漫画ID：58218aa55f6b9a4f93df994b
                                   标题：WHITE ROSE
                                   作者：seventh zest(六ツ野へきさ)
                                   是否完结：否
                                   总页数：21
                                   分类：同人,短篇,妹妹系,純愛
                                   章节数：1
                                   最后更新时间：2007-10-11T06:47:26.000Z
                                   =================================================
2026-01-08 23:28:59 - mkk_pika - database.py:101 - INFO - 保存成功：WHITE ROSE
2026-01-08 23:28:59 - mkk_pika - main.py:35 - INFO - 开始检查俺のベッドに猫耳黒猫是否存在未下载章节
2026-01-08 23:28:59 - mkk_pika - main.py:45 - INFO - 正在下载:[俺のベッドに猫耳黒猫]-[ネクロリンサー(きもとかなた)]-[['同人', '短篇', '妹妹系', '純愛']]-[total_pages:24]
2026-01-08 23:28:59 - mkk_pika - main.py:49 - INFO - [{'_id': '58218aa65f6b9a4f93df997b', 'title': '第1集', 'order': 1, 'updated_at': '2016-11-08T08:19:50.701Z', 'id': '58218aa65f6b9a4f93df997b'}]
2026-01-08 23:28:59 - mkk_pika - database.py:215 - INFO - 第一次下载该漫画，记录数据库中
2026-01-08 23:29:00 - mkk_pika - main.py:83 - INFO - 找到 24 张图片在:第1集
2026-01-08 23:29:01 - mkk_pika - main.py:112 - INFO - [episode:第1集       ] downloaded:    24, total:  24, progress:100%
2026-01-08 23:29:01 - mkk_pika - database.py:238 - INFO - 数据库更新已下载章节
2026-01-08 23:29:01 - mkk_pika - database.py:244 - INFO - 该漫画已下载章节如下
2026-01-08 23:29:01 - mkk_pika - database.py:245 - INFO - ['第1集']
2026-01-08 23:29:02 - mkk_pika - main.py:348 - INFO - ==================== 漫画信息 ====================
                                   漫画ID：58218aa65f6b9a4f93df9979
                                   标题：俺のベッドに猫耳黒猫
                                   作者：ネクロリンサー(きもとかなた)
                                   是否完结：是
                                   总页数：24
                                   分类：同人,短篇,妹妹系,純愛
                                   章节数：1
                                   最后更新时间：2007-10-11T16:47:26.000Z
                                   =================================================
2026-01-08 23:29:02 - mkk_pika - database.py:101 - INFO - 保存成功：俺のベッドに猫耳黒猫
2026-01-08 23:29:02 - mkk_pika - main.py:35 - INFO - 开始检查俺の黒猫がこんなにイヤらしいわけがない是否存在未下载章节
2026-01-08 23:29:03 - mkk_pika - main.py:45 - INFO - 正在下载:[俺の黒猫がこんなにイヤらしいわけがない]-[七つの鍵穴(七鍵智志)]-[['同人', '短篇', '妹妹系']]-[total_pages:27]
2026-01-08 23:29:03 - mkk_pika - main.py:49 - INFO - [{'_id': '58218aa75f6b9a4f93df99af', 'title': '第1集', 'order': 1, 'updated_at': '2016-11-08T08:19:51.346Z', 'id': '58218aa75f6b9a4f93df99af'}]
2026-01-08 23:29:03 - mkk_pika - database.py:215 - INFO - 第一次下载该漫画，记录数据库中
2026-01-08 23:29:03 - mkk_pika - main.py:83 - INFO - 找到 27 张图片在:第1集
2026-01-08 23:29:04 - mkk_pika - main.py:112 - INFO - [episode:第1集       ] downloaded:    27, total:  27, progress:100%
2026-01-08 23:29:04 - mkk_pika - database.py:238 - INFO - 数据库更新已下载章节
2026-01-08 23:29:04 - mkk_pika - database.py:244 - INFO - 该漫画已下载章节如下
2026-01-08 23:29:04 - mkk_pika - database.py:245 - INFO - ['第1集']
2026-01-08 23:29:06 - mkk_pika - main.py:348 - INFO - ==================== 漫画信息 ====================
                                   漫画ID：58218aa65f6b9a4f93df99ad
                                   标题：俺の黒猫がこんなにイヤらしいわけがない
                                   作者：七つの鍵穴(七鍵智志)
                                   是否完结：是
                                   总页数：27
                                   分类：同人,短篇,妹妹系
                                   章节数：1
                                   最后更新时间：2007-10-12T02:47:26.000Z
                                   =================================================
2026-01-08 23:29:06 - mkk_pika - database.py:101 - INFO - 保存成功：俺の黒猫がこんなにイヤらしいわけがない
2026-01-08 23:29:06 - mkk_pika - main.py:35 - INFO - 开始检查人類(ひゅーまん)はえりんちゃんにひどいことしたいよね - ELIN's the best -是否存在未下载章节
2026-01-08 23:29:06 - mkk_pika - main.py:45 - INFO - 正在下载:[人類(ひゅーまん)はえりんちゃんにひどいことしたいよね - ELIN's the best -]-[みるこみ(PRIMIL)]-[['同人', '短篇', 'NTR', '強暴', '妹妹系']]-[total_pages:30]
2026-01-08 23:29:06 - mkk_pika - main.py:49 - INFO - [{'_id': '58218aa85f6b9a4f93df9a23', 'title': '第1集', 'order': 1, 'updated_at': '2016-11-08T08:19:52.433Z', 'id': '58218aa85f6b9a4f93df9a23'}]
2026-01-08 23:29:06 - mkk_pika - database.py:215 - INFO - 第一次下载该漫画，记录数据库中
2026-01-08 23:29:07 - mkk_pika - main.py:83 - INFO - 找到 30 张图片在:第1集
2026-01-08 23:29:08 - mkk_pika - main.py:112 - INFO - [episode:第1集       ] downloaded:    30, total:  30, progress:100%
2026-01-08 23:29:08 - mkk_pika - database.py:238 - INFO - 数据库更新已下载章节
2026-01-08 23:29:08 - mkk_pika - database.py:244 - INFO - 该漫画已下载章节如下
2026-01-08 23:29:08 - mkk_pika - database.py:245 - INFO - ['第1集']
2026-01-08 23:29:09 - mkk_pika - main.py:348 - INFO - ==================== 漫画信息 ====================
                                   漫画ID：58218aa75f6b9a4f93df9a21
                                   标题：人類(ひゅーまん)はえりんちゃんにひどいことしたいよね - ELIN's the best -
                                   作者：みるこみ(PRIMIL)
                                   是否完结：是
                                   总页数：30
                                   分类：同人,短篇,NTR,強暴,妹妹系
                                   章节数：1
                                   最后更新时间：2007-10-12T22:47:26.000Z
                                   =================================================
2026-01-08 23:29:09 - mkk_pika - database.py:101 - INFO - 保存成功：人類(ひゅーまん)はえりんちゃんにひどいことしたいよね - ELIN's the best -
2026-01-08 23:29:09 - mkk_pika - main.py:35 - INFO - 开始检查エリーンペロペロ×4是否存在未下载章节
2026-01-08 23:29:10 - mkk_pika - main.py:45 - INFO - 正在下载:[エリーンペロペロ×4]-[チームキハラ(もじゃりん)]-[['同人', '短篇', '妹妹系']]-[total_pages:17]
2026-01-08 23:29:10 - mkk_pika - main.py:49 - INFO - [{'_id': '58218aa85f6b9a4f93df9a63', 'title': '第1集', 'order': 1, 'updated_at': '2016-11-08T08:19:52.908Z', 'id': '58218aa85f6b9a4f93df9a63'}]
2026-01-08 23:29:10 - mkk_pika - database.py:215 - INFO - 第一次下载该漫画，记录数据库中
2026-01-08 23:29:10 - mkk_pika - main.py:83 - INFO - 找到 17 张图片在:第1集
2026-01-08 23:29:11 - mkk_pika - main.py:112 - INFO - [episode:第1集       ] downloaded:    17, total:  17, progress:100%
2026-01-08 23:29:11 - mkk_pika - database.py:238 - INFO - 数据库更新已下载章节
2026-01-08 23:29:11 - mkk_pika - database.py:244 - INFO - 该漫画已下载章节如下
2026-01-08 23:29:11 - mkk_pika - database.py:245 - INFO - ['第1集']
2026-01-08 23:29:12 - mkk_pika - main.py:348 - INFO - ==================== 漫画信息 ====================
                                   漫画ID：58218aa85f6b9a4f93df9a61
                                   标题：エリーンペロペロ×4
                                   作者：チームキハラ(もじゃりん)
                                   是否完结：否
                                   总页数：17
                                   分类：同人,短篇,妹妹系
                                   章节数：1
                                   最后更新时间：2007-10-13T08:47:26.000Z
                                   =================================================
2026-01-08 23:29:12 - mkk_pika - database.py:101 - INFO - 保存成功：エリーンペロペロ×4
2026-01-08 23:29:12 - mkk_pika - main.py:35 - INFO - 开始检查アンミツのいっぱい♡コスってあげる是否存在未下载章节
2026-01-08 23:29:13 - mkk_pika - main.py:45 - INFO - 正在下载:[アンミツのいっぱい♡コスってあげる]-[琴義弓介]-[['人妻', '長篇', '姐姐系']]-[total_pages:193]
2026-01-08 23:29:13 - mkk_pika - main.py:49 - INFO - [{'_id': '58218aa95f6b9a4f93df9a89', 'title': '第1集', 'order': 1, 'updated_at': '2016-11-08T08:19:53.306Z', 'id': '58218aa95f6b9a4f93df9a89'}]
2026-01-08 23:29:13 - mkk_pika - database.py:215 - INFO - 第一次下载该漫画，记录数据库中
2026-01-08 23:29:14 - mkk_pika - main.py:83 - INFO - 找到 193 张图片在:第1集
2026-01-08 23:29:22 - mkk_pika - main.py:112 - INFO - [episode:第1集       ] downloaded:   193, total: 193, progress:100%
2026-01-08 23:29:22 - mkk_pika - database.py:238 - INFO - 数据库更新已下载章节
2026-01-08 23:29:22 - mkk_pika - database.py:244 - INFO - 该漫画已下载章节如下
2026-01-08 23:29:22 - mkk_pika - database.py:245 - INFO - ['第1集']
2026-01-08 23:29:23 - mkk_pika - main.py:348 - INFO - ==================== 漫画信息 ====================
                                   漫画ID：58218aa95f6b9a4f93df9a87
                                   标题：アンミツのいっぱい♡コスってあげる
                                   作者：琴義弓介
                                   是否完结：是
                                   总页数：193
                                   分类：人妻,長篇,姐姐系
                                   章节数：1
                                   最后更新时间：2007-10-13T18:47:26.000Z
                                   =================================================
2026-01-08 23:29:23 - mkk_pika - database.py:101 - INFO - 保存成功：アンミツのいっぱい♡コスってあげる
2026-01-08 23:29:23 - mkk_pika - main.py:35 - INFO - 开始检查ぷに プリン エリーンちゃん是否存在未下载章节
2026-01-08 23:29:24 - mkk_pika - main.py:45 - INFO - 正在下载:[ぷに プリン エリーンちゃん]-[Milk Pudding(emily)]-[['同人', '短篇', 'NTR', '妹妹系']]-[total_pages:23]
2026-01-08 23:29:24 - mkk_pika - main.py:49 - INFO - [{'_id': '58218aaa5f6b9a4f93df9c0f', 'title': '第1集', 'order': 1, 'updated_at': '2016-11-08T08:19:54.579Z', 'id': '58218aaa5f6b9a4f93df9c0f'}]
2026-01-08 23:29:24 - mkk_pika - database.py:215 - INFO - 第一次下载该漫画，记录数据库中
2026-01-08 23:29:24 - mkk_pika - main.py:83 - INFO - 找到 23 张图片在:第1集
2026-01-08 23:29:25 - mkk_pika - main.py:112 - INFO - [episode:第1集       ] downloaded:    23, total:  23, progress:100%
2026-01-08 23:29:25 - mkk_pika - database.py:238 - INFO - 数据库更新已下载章节
2026-01-08 23:29:25 - mkk_pika - database.py:244 - INFO - 该漫画已下载章节如下
2026-01-08 23:29:25 - mkk_pika - database.py:245 - INFO - ['第1集']
2026-01-08 23:29:26 - mkk_pika - main.py:348 - INFO - ==================== 漫画信息 ====================
                                   漫画ID：58218aaa5f6b9a4f93df9c0d
                                   标题：ぷに プリン エリーンちゃん
                                   作者：Milk Pudding(emily)
                                   是否完结：是
                                   总页数：23
                                   分类：同人,短篇,NTR,妹妹系
                                   章节数：1
                                   最后更新时间：2007-10-14T04:47:26.000Z
                                   =================================================
2026-01-08 23:29:26 - mkk_pika - database.py:101 - INFO - 保存成功：ぷに プリン エリーンちゃん
2026-01-08 23:29:26 - mkk_pika - main.py:35 - INFO - 开始检查エリーンちゃんとみずあそび是否存在未下载章节
2026-01-08 23:29:27 - mkk_pika - main.py:45 - INFO - 正在下载:[エリーンちゃんとみずあそび]-[チームキハラ(もじゃりん)]-[['同人', '短篇', '妹妹系']]-[total_pages:11]
2026-01-08 23:29:27 - mkk_pika - main.py:49 - INFO - [{'_id': '58218aaa5f6b9a4f93df9c41', 'title': '第1集', 'order': 1, 'updated_at': '2016-11-08T08:19:54.998Z', 'id': '58218aaa5f6b9a4f93df9c41'}]
2026-01-08 23:29:27 - mkk_pika - database.py:215 - INFO - 第一次下载该漫画，记录数据库中
2026-01-08 23:29:27 - mkk_pika - main.py:83 - INFO - 找到 11 张图片在:第1集
2026-01-08 23:29:28 - mkk_pika - main.py:112 - INFO - [episode:第1集       ] downloaded:    11, total:  11, progress:100%
2026-01-08 23:29:28 - mkk_pika - database.py:238 - INFO - 数据库更新已下载章节
2026-01-08 23:29:28 - mkk_pika - database.py:244 - INFO - 该漫画已下载章节如下
2026-01-08 23:29:28 - mkk_pika - database.py:245 - INFO - ['第1集']
2026-01-08 23:29:29 - mkk_pika - main.py:348 - INFO - ==================== 漫画信息 ====================
                                   漫画ID：58218aaa5f6b9a4f93df9c3f
                                   标题：エリーンちゃんとみずあそび
                                   作者：チームキハラ(もじゃりん)
                                   是否完结：否
                                   总页数：11
                                   分类：同人,短篇,妹妹系
                                   章节数：1
                                   最后更新时间：2007-10-14T14:47:26.000Z
                                   =================================================
2026-01-08 23:29:29 - mkk_pika - database.py:101 - INFO - 保存成功：エリーンちゃんとみずあそび
2026-01-08 23:29:29 - mkk_pika - main.py:35 - INFO - 开始检查エリーンペロペロ×06是否存在未下载章节
2026-01-08 23:29:29 - mkk_pika - main.py:45 - INFO - 正在下载:[エリーンペロペロ×06]-[チームキハラ(もじゃりん)]-[['同人', '短篇', '妹妹系']]-[total_pages:22]
2026-01-08 23:29:29 - mkk_pika - main.py:49 - INFO - [{'_id': '58218aab5f6b9a4f93df9c5b', 'title': '第1集', 'order': 1, 'updated_at': '2016-11-08T08:19:55.619Z', 'id': '58218aab5f6b9a4f93df9c5b'}]
2026-01-08 23:29:29 - mkk_pika - database.py:215 - INFO - 第一次下载该漫画，记录数据库中
2026-01-08 23:29:30 - mkk_pika - main.py:83 - INFO - 找到 22 张图片在:第1集
2026-01-08 23:29:31 - mkk_pika - main.py:112 - INFO - [episode:第1集       ] downloaded:    22, total:  22, progress:100%
2026-01-08 23:29:31 - mkk_pika - database.py:238 - INFO - 数据库更新已下载章节
2026-01-08 23:29:31 - mkk_pika - database.py:244 - INFO - 该漫画已下载章节如下
2026-01-08 23:29:31 - mkk_pika - database.py:245 - INFO - ['第1集']
2026-01-08 23:29:32 - mkk_pika - main.py:348 - INFO - ==================== 漫画信息 ====================
                                   漫画ID：58218aab5f6b9a4f93df9c59
                                   标题：エリーンペロペロ×06
                                   作者：チームキハラ(もじゃりん)
                                   是否完结：否
                                   总页数：22
                                   分类：同人,短篇,妹妹系
                                   章节数：1
                                   最后更新时间：2007-10-15T00:47:26.000Z
                                   =================================================
2026-01-08 23:29:32 - mkk_pika - database.py:101 - INFO - 保存成功：エリーンペロペロ×06
2026-01-08 23:29:32 - mkk_pika - main.py:35 - INFO - 开始检查エリーンペロペロ×5是否存在未下载章节
2026-01-08 23:29:32 - mkk_pika - main.py:45 - INFO - 正在下载:[エリーンペロペロ×5]-[チームキハラ(もじゃりん)]-[['同人', '短篇', '非人類', '妹妹系']]-[total_pages:24]
2026-01-08 23:29:32 - mkk_pika - main.py:49 - INFO - [{'_id': '58218aac5f6b9a4f93df9c8b', 'title': '第1集', 'order': 1, 'updated_at': '2016-11-08T08:19:56.323Z', 'id': '58218aac5f6b9a4f93df9c8b'}]
2026-01-08 23:29:32 - mkk_pika - database.py:215 - INFO - 第一次下载该漫画，记录数据库中
2026-01-08 23:29:33 - mkk_pika - main.py:83 - INFO - 找到 24 张图片在:第1集
2026-01-08 23:29:34 - mkk_pika - main.py:112 - INFO - [episode:第1集       ] downloaded:    24, total:  24, progress:100%
2026-01-08 23:29:34 - mkk_pika - database.py:238 - INFO - 数据库更新已下载章节
2026-01-08 23:29:34 - mkk_pika - database.py:244 - INFO - 该漫画已下载章节如下
2026-01-08 23:29:34 - mkk_pika - database.py:245 - INFO - ['第1集']
2026-01-08 23:29:35 - mkk_pika - main.py:348 - INFO - ==================== 漫画信息 ====================
                                   漫画ID：58218aab5f6b9a4f93df9c89
                                   标题：エリーンペロペロ×5
                                   作者：チームキハラ(もじゃりん)
                                   是否完结：否
                                   总页数：24
                                   分类：同人,短篇,非人類,妹妹系
                                   章节数：1
                                   最后更新时间：2007-10-15T10:47:26.000Z
                                   =================================================
2026-01-08 23:29:35 - mkk_pika - database.py:101 - INFO - 保存成功：エリーンペロペロ×5
2026-01-08 23:29:35 - mkk_pika - main.py:35 - INFO - 开始检查エリーンペロペロ×3是否存在未下载章节
2026-01-08 23:29:35 - mkk_pika - main.py:45 - INFO - 正在下载:[エリーンペロペロ×3]-[チームキハラ(もじゃりん)]-[['同人', '短篇', '妹妹系']]-[total_pages:24]
2026-01-08 23:29:35 - mkk_pika - main.py:49 - INFO - [{'_id': '58218aac5f6b9a4f93df9cbf', 'title': '第1集', 'order': 1, 'updated_at': '2016-11-08T08:19:56.825Z', 'id': '58218aac5f6b9a4f93df9cbf'}]
2026-01-08 23:29:35 - mkk_pika - database.py:215 - INFO - 第一次下载该漫画，记录数据库中
2026-01-08 23:29:36 - mkk_pika - main.py:83 - INFO - 找到 24 张图片在:第1集
2026-01-08 23:29:37 - mkk_pika - main.py:112 - INFO - [episode:第1集       ] downloaded:    24, total:  24, progress:100%
2026-01-08 23:29:37 - mkk_pika - database.py:238 - INFO - 数据库更新已下载章节
2026-01-08 23:29:37 - mkk_pika - database.py:244 - INFO - 该漫画已下载章节如下
2026-01-08 23:29:37 - mkk_pika - database.py:245 - INFO - ['第1集']
2026-01-08 23:29:38 - mkk_pika - main.py:348 - INFO - ==================== 漫画信息 ====================
                                   漫画ID：58218aac5f6b9a4f93df9cbd
                                   标题：エリーンペロペロ×3
                                   作者：チームキハラ(もじゃりん)
                                   是否完结：否
                                   总页数：24
                                   分类：同人,短篇,妹妹系
                                   章节数：1
                                   最后更新时间：2007-10-15T20:47:26.000Z
                                   =================================================
2026-01-08 23:29:38 - mkk_pika - database.py:101 - INFO - 保存成功：エリーンペロペロ×3
2026-01-08 23:29:38 - mkk_pika - main.py:380 - INFO - 本次任务下载完毕
2026-01-08 23:29:38 - mkk_pika - database.py:173 - INFO - 数据库连接已关闭
