2026-04-03 23:46:21 - mkk_pika - main.py:193 - INFO - =======================================================================
2026-04-03 23:46:21 - mkk_pika - database.py:61 - INFO - 表和索引初始化成功
2026-04-03 23:46:21 - mkk_pika - main.py:197 - INFO - 已经累计下载4980本漫画
2026-04-03 23:46:21 - mkk_pika - api.py:87 - INFO - 登录成功
2026-04-03 23:46:22 - mkk_pika - main.py:203 - INFO - 收藏夹共计0本漫画
2026-04-03 23:46:22 - mkk_pika - main.py:206 - INFO - 开始下载收藏夹内未下载内容
2026-04-03 23:46:22 - mkk_pika - main.py:266 - INFO - 收藏夹内容下载完毕
2026-04-03 23:46:22 - mkk_pika - main.py:268 - INFO - 开始下载订阅内容
2026-04-03 23:46:22 - mkk_pika - database.py:258 - INFO - 根据ID查询到标题：萝莉 -> ぬきたし-抜きゲーみたいな島に住んでるわたしはどうすりゃいいですか R [中国翻译]
2026-04-03 23:46:22 - mkk_pika - database.py:101 - INFO - 保存成功：ぬきたし-抜きゲーみたいな島に住んでるわたしはどうすりゃいいですか R [中国翻译]
2026-04-03 23:46:22 - mkk_pika - main.py:273 - INFO - 关键词萝莉找到1本漫画
2026-04-03 23:46:22 - mkk_pika - database.py:258 - INFO - 根据ID查询到标题：蘿莉 -> つばさと兄ぃにのスーパードキドキ健康ランド【一番風呂！】+【二番風呂！】
2026-04-03 23:46:23 - mkk_pika - database.py:101 - INFO - 保存成功：やっぱりパパがすき(COMIC LO 2025年4月号)
2026-04-03 23:46:23 - mkk_pika - main.py:273 - INFO - 关键词蘿莉找到3本漫画
2026-04-03 23:46:23 - mkk_pika - main.py:275 - INFO - 订阅内容共计4本漫画
2026-04-03 23:46:23 - mkk_pika - main.py:35 - INFO - 开始检查隣の部屋の退廃ロリBBA 1-2（AI）[中國翻譯]是否存在未下载章节
2026-04-03 23:46:23 - mkk_pika - database.py:203 - INFO - 查询数据库中是否已存在第1話生肉
2026-04-03 23:46:23 - mkk_pika - database.py:203 - INFO - 查询数据库中是否已存在第2話生肉
2026-04-03 23:46:23 - mkk_pika - database.py:203 - INFO - 查询数据库中是否已存在第2話不愿透露姓名的符天王汉化
2026-04-03 23:46:23 - mkk_pika - main.py:51 - INFO - 隣の部屋の退廃ロリBBA 1-2（AI）[中國翻譯]中没有可下载章节
2026-04-03 23:46:24 - mkk_pika - main.py:292 - INFO - ==================== 漫画信息 ====================
                                漫画ID：6978ed8872863a15693a10a2
                                标题：隣の部屋の退廃ロリBBA 1-2（AI）[中國翻譯]
                                作者：きょこーの王国
                                是否完结：是
                                总页数：374
                                分类：長篇,純愛
                                章节数：3
                                最后更新时间：2026-04-02T16:40:06.252Z
                                =================================================
2026-04-03 23:46:24 - mkk_pika - database.py:101 - INFO - 保存成功：隣の部屋の退廃ロリBBA 1-2（AI）[中國翻譯]
2026-04-03 23:46:24 - mkk_pika - main.py:35 - INFO - 开始检查やっぱりパパがすき(COMIC LO 2025年4月号)是否存在未下载章节
2026-04-03 23:46:24 - mkk_pika - main.py:45 - INFO - 正在下载:[やっぱりパパがすき(COMIC LO 2025年4月号)]-[やわらかみどり]-[['短篇', '妹妹系']]-[total_pages:-1]
2026-04-03 23:46:24 - mkk_pika - main.py:49 - INFO - [{'_id': '69cfe69018353472193bd778', 'title': '第1話', 'order': 1, 'updated_at': '2026-04-03T08:40:21.139Z', 'id': '69cfe69018353472193bd778'}]
2026-04-03 23:46:24 - mkk_pika - database.py:215 - INFO - 第一次下载该漫画，记录数据库中
2026-04-03 23:46:24 - mkk_pika - main.py:83 - INFO - 找到 18 张图片在:第1話
2026-04-03 23:46:25 - mkk_pika - main.py:112 - INFO - [episode:第1話       ] downloaded:    18, total:  18, progress:100%
2026-04-03 23:46:25 - mkk_pika - database.py:238 - INFO - 数据库更新已下载章节
2026-04-03 23:46:25 - mkk_pika - database.py:244 - INFO - 该漫画已下载章节如下
2026-04-03 23:46:25 - mkk_pika - database.py:245 - INFO - ['第1話']
2026-04-03 23:46:27 - mkk_pika - main.py:292 - INFO - ==================== 漫画信息 ====================
                                漫画ID：69cfe69018353472193bd777
                                标题：やっぱりパパがすき(COMIC LO 2025年4月号)
                                作者：やわらかみどり
                                是否完结：是
                                总页数：18
                                分类：短篇,妹妹系
                                章节数：1
                                最后更新时间：2026-04-03T16:10:56.157Z
                                =================================================
2026-04-03 23:46:27 - mkk_pika - database.py:101 - INFO - 保存成功：やっぱりパパがすき(COMIC LO 2025年4月号)
2026-04-03 23:46:27 - mkk_pika - main.py:35 - INFO - 开始检查天使にいたずら (プリパラ)是否存在未下载章节
2026-04-03 23:46:27 - mkk_pika - database.py:203 - INFO - 查询数据库中是否已存在種付大叔個人漢化
2026-04-03 23:46:27 - mkk_pika - database.py:203 - INFO - 查询数据库中是否已存在第1話
2026-04-03 23:46:27 - mkk_pika - main.py:45 - INFO - 正在下载:[天使にいたずら (プリパラ)]-[妖刀お肉 (お肉)]-[['同人', '短篇']]-[total_pages:-1]
2026-04-03 23:46:27 - mkk_pika - main.py:49 - INFO - [{'_id': '69c80316d2a64c4b3da6d509', 'title': '種付大叔個人漢化', 'order': 1, 'updated_at': '2026-04-03T16:10:46.134Z', 'id': '69c80316d2a64c4b3da6d509'}]
2026-04-03 23:46:27 - mkk_pika - main.py:83 - INFO - 找到 22 张图片在:種付大叔個人漢化
2026-04-03 23:46:28 - mkk_pika - main.py:112 - INFO - [episode:種付大叔個人漢化  ] downloaded:    22, total:  22, progress:100%
2026-04-03 23:46:28 - mkk_pika - database.py:238 - INFO - 数据库更新已下载章节
2026-04-03 23:46:28 - mkk_pika - database.py:244 - INFO - 该漫画已下载章节如下
2026-04-03 23:46:28 - mkk_pika - database.py:245 - INFO - ['第1話', '種付大叔個人漢化']
2026-04-03 23:46:30 - mkk_pika - main.py:292 - INFO - ==================== 漫画信息 ====================
                                漫画ID：69c80316d2a64c4b3da6d508
                                标题：天使にいたずら (プリパラ)
                                作者：妖刀お肉 (お肉)
                                是否完结：是
                                总页数：43
                                分类：同人,短篇
                                章节数：2
                                最后更新时间：2026-04-03T16:10:46.126Z
                                =================================================
2026-04-03 23:46:30 - mkk_pika - database.py:101 - INFO - 保存成功：天使にいたずら (プリパラ)
2026-04-03 23:46:30 - mkk_pika - main.py:35 - INFO - 开始检查花ちゃんと玲くん是否存在未下载章节
2026-04-03 23:46:30 - mkk_pika - main.py:45 - INFO - 正在下载:[花ちゃんと玲くん]-[ワンワンサワー (和野うみ)]-[['妹妹系', '短篇']]-[total_pages:-1]
2026-04-03 23:46:30 - mkk_pika - main.py:49 - INFO - [{'_id': '69cfe58b0bf7d472c61f81e5', 'title': '第1話', 'order': 1, 'updated_at': '2026-04-02T15:10:25.587Z', 'id': '69cfe58b0bf7d472c61f81e5'}]
2026-04-03 23:46:30 - mkk_pika - database.py:215 - INFO - 第一次下载该漫画，记录数据库中
2026-04-03 23:46:30 - mkk_pika - main.py:83 - INFO - 找到 39 张图片在:第1話
2026-04-03 23:46:32 - mkk_pika - main.py:112 - INFO - [episode:第1話       ] downloaded:    39, total:  39, progress:100%
2026-04-03 23:46:32 - mkk_pika - database.py:238 - INFO - 数据库更新已下载章节
2026-04-03 23:46:32 - mkk_pika - database.py:244 - INFO - 该漫画已下载章节如下
2026-04-03 23:46:32 - mkk_pika - database.py:245 - INFO - ['第1話']
2026-04-03 23:46:33 - mkk_pika - main.py:292 - INFO - ==================== 漫画信息 ====================
                                漫画ID：69cfe58b0bf7d472c61f81e4
                                标题：花ちゃんと玲くん
                                作者：ワンワンサワー (和野うみ)
                                是否完结：是
                                总页数：39
                                分类：妹妹系,短篇
                                章节数：1
                                最后更新时间：2026-04-03T16:06:35.981Z
                                =================================================
2026-04-03 23:46:33 - mkk_pika - database.py:101 - INFO - 保存成功：花ちゃんと玲くん
2026-04-03 23:46:33 - mkk_pika - main.py:323 - INFO - 订阅内容内容下载完毕
2026-04-03 23:46:33 - mkk_pika - main.py:324 - INFO - 开始分批下载全部章节
2026-04-03 23:46:33 - mkk_pika - database.py:280 - INFO - 表和索引初始化成功
2026-04-03 23:46:33 - mkk_pika - main.py:177 - INFO - 已经下载了289页，一共6828页，现在开始添加第290页
2026-04-03 23:46:34 - mkk_pika - database.py:318 - INFO - 保存成功
2026-04-03 23:46:34 - mkk_pika - main.py:177 - INFO - 已经下载了290页，一共6828页，现在开始添加第291页
2026-04-03 23:46:34 - mkk_pika - database.py:318 - INFO - 保存成功
2026-04-03 23:46:35 - mkk_pika - main.py:177 - INFO - 已经下载了291页，一共6828页，现在开始添加第292页
2026-04-03 23:46:35 - mkk_pika - database.py:318 - INFO - 保存成功
2026-04-03 23:46:35 - mkk_pika - main.py:177 - INFO - 已经下载了292页，一共6828页，现在开始添加第293页
2026-04-03 23:46:36 - mkk_pika - database.py:318 - INFO - 保存成功
2026-04-03 23:46:36 - mkk_pika - main.py:331 - INFO - 分批下载共计36本漫画
2026-04-03 23:46:36 - mkk_pika - main.py:35 - INFO - 开始检查メイジノキモチ (ゼロの使い魔)是否存在未下载章节
2026-04-03 23:46:36 - mkk_pika - main.py:45 - INFO - 正在下载:[メイジノキモチ (ゼロの使い魔)]-[比較的シンプルなパンティ (茶葉∞, 桜瀬月朱)]-[['同人', '短篇', '後宮閃光']]-[total_pages:33]
2026-04-03 23:46:36 - mkk_pika - main.py:49 - INFO - [{'_id': '5821aa9a5f6b9a4f93f4278f', 'title': '第1集', 'order': 1, 'updated_at': '2016-11-08T10:36:10.300Z', 'id': '5821aa9a5f6b9a4f93f4278f'}]
2026-04-03 23:46:36 - mkk_pika - database.py:215 - INFO - 第一次下载该漫画，记录数据库中
2026-04-03 23:46:37 - mkk_pika - main.py:83 - INFO - 找到 33 张图片在:第1集
2026-04-03 23:46:37 - mkk_pika - main.py:112 - INFO - [episode:第1集       ] downloaded:    33, total:  33, progress:100%
2026-04-03 23:46:37 - mkk_pika - database.py:238 - INFO - 数据库更新已下载章节
2026-04-03 23:46:37 - mkk_pika - database.py:244 - INFO - 该漫画已下载章节如下
2026-04-03 23:46:37 - mkk_pika - database.py:245 - INFO - ['第1集']
2026-04-03 23:46:39 - mkk_pika - main.py:348 - INFO - ==================== 漫画信息 ====================
                                   漫画ID：5821aa995f6b9a4f93f4278d
                                   标题：メイジノキモチ (ゼロの使い魔)
                                   作者：比較的シンプルなパンティ (茶葉∞, 桜瀬月朱)
                                   是否完结：是
                                   总页数：33
                                   分类：同人,短篇,後宮閃光
                                   章节数：1
                                   最后更新时间：2014-06-19T14:46:56.000Z
                                   =================================================
2026-04-03 23:46:39 - mkk_pika - database.py:101 - INFO - 保存成功：メイジノキモチ (ゼロの使い魔)
2026-04-03 23:46:39 - mkk_pika - main.py:35 - INFO - 开始检查[老司机请带带我个人渣翻][織髪郷瑠 (大月涼子)] 僕と契約してください キュゥべえで男の娘 (魔法少女まどか☆マギカ,DL版)是否存在未下载章节
2026-04-03 23:46:39 - mkk_pika - main.py:45 - INFO - 正在下载:[[老司机请带带我个人渣翻][織髪郷瑠 (大月涼子)] 僕と契約してください キュゥべえで男の娘 (魔法少女まどか☆マギカ,DL版)]-[織髪郷瑠 (大月涼子)]-[['同人', '短篇']]-[total_pages:22]
2026-04-03 23:46:39 - mkk_pika - main.py:49 - INFO - [{'_id': '5821aa9a5f6b9a4f93f427fb', 'title': '第1集', 'order': 1, 'updated_at': '2016-11-08T10:36:10.994Z', 'id': '5821aa9a5f6b9a4f93f427fb'}]
2026-04-03 23:46:39 - mkk_pika - database.py:215 - INFO - 第一次下载该漫画，记录数据库中
2026-04-03 23:46:40 - mkk_pika - main.py:83 - INFO - 找到 22 张图片在:第1集
2026-04-03 23:46:40 - mkk_pika - main.py:112 - INFO - [episode:第1集       ] downloaded:    22, total:  22, progress:100%
2026-04-03 23:46:40 - mkk_pika - database.py:238 - INFO - 数据库更新已下载章节
2026-04-03 23:46:40 - mkk_pika - database.py:244 - INFO - 该漫画已下载章节如下
2026-04-03 23:46:40 - mkk_pika - database.py:245 - INFO - ['第1集']
2026-04-03 23:46:41 - mkk_pika - main.py:348 - INFO - ==================== 漫画信息 ====================
                                   漫画ID：5821aa9a5f6b9a4f93f427f9
                                   标题：[老司机请带带我个人渣翻][織髪郷瑠 (大月涼子)] 僕と契約してください キュゥべえで男の娘 (魔法少女まどか☆マギカ,DL版)
                                   作者：織髪郷瑠 (大月涼子)
                                   是否完结：是
                                   总页数：22
                                   分类：同人,短篇
                                   章节数：1
                                   最后更新时间：2014-06-20T10:46:56.000Z
                                   =================================================
2026-04-03 23:46:41 - mkk_pika - database.py:101 - INFO - 保存成功：[老司机请带带我个人渣翻][織髪郷瑠 (大月涼子)] 僕と契約してください キュゥべえで男の娘 (魔法少女まどか☆マギカ,DL版)
2026-04-03 23:46:41 - mkk_pika - main.py:35 - INFO - 开始检查【黑条汉化】[くろふーど] 生徒会長イブキ！ (コミックメガストアH 2013年7月号)是否存在未下载章节
2026-04-03 23:46:42 - mkk_pika - main.py:45 - INFO - 正在下载:[【黑条汉化】[くろふーど] 生徒会長イブキ！ (コミックメガストアH 2013年7月号)]-[くろふーど]-[['短篇', '純愛']]-[total_pages:24]
2026-04-03 23:46:42 - mkk_pika - main.py:49 - INFO - [{'_id': '5821aa9b5f6b9a4f93f4282b', 'title': '第1集', 'order': 1, 'updated_at': '2016-11-08T10:36:11.409Z', 'id': '5821aa9b5f6b9a4f93f4282b'}]
2026-04-03 23:46:42 - mkk_pika - database.py:215 - INFO - 第一次下载该漫画，记录数据库中
2026-04-03 23:46:42 - mkk_pika - main.py:83 - INFO - 找到 24 张图片在:第1集
2026-04-03 23:46:43 - mkk_pika - main.py:112 - INFO - [episode:第1集       ] downloaded:    24, total:  24, progress:100%
2026-04-03 23:46:43 - mkk_pika - database.py:238 - INFO - 数据库更新已下载章节
2026-04-03 23:46:43 - mkk_pika - database.py:244 - INFO - 该漫画已下载章节如下
2026-04-03 23:46:43 - mkk_pika - database.py:245 - INFO - ['第1集']
2026-04-03 23:46:44 - mkk_pika - main.py:348 - INFO - ==================== 漫画信息 ====================
                                   漫画ID：5821aa9b5f6b9a4f93f42829
                                   标题：【黑条汉化】[くろふーど] 生徒会長イブキ！ (コミックメガストアH 2013年7月号)
                                   作者：くろふーど
                                   是否完结：是
                                   总页数：24
                                   分类：短篇,純愛
                                   章节数：1
                                   最后更新时间：2014-06-20T20:46:56.000Z
                                   =================================================
2026-04-03 23:46:44 - mkk_pika - database.py:101 - INFO - 保存成功：【黑条汉化】[くろふーど] 生徒会長イブキ！ (コミックメガストアH 2013年7月号)
2026-04-03 23:46:44 - mkk_pika - main.py:35 - INFO - 开始检查[沒有漢化] (C86) [タピオカボックス (にゅーひん)] ふたなりカフェ是否存在未下载章节
2026-04-03 23:46:44 - mkk_pika - main.py:45 - INFO - 正在下载:[[沒有漢化] (C86) [タピオカボックス (にゅーひん)] ふたなりカフェ]-[タピオカボックス (にゅーひん)]-[['同人', '短篇', '全彩', '扶他樂園']]-[total_pages:18]
2026-04-03 23:46:44 - mkk_pika - main.py:49 - INFO - [{'_id': '5821aa9b5f6b9a4f93f4285f', 'title': '第1集', 'order': 1, 'updated_at': '2016-11-08T10:36:11.919Z', 'id': '5821aa9b5f6b9a4f93f4285f'}]
2026-04-03 23:46:44 - mkk_pika - database.py:215 - INFO - 第一次下载该漫画，记录数据库中
2026-04-03 23:46:45 - mkk_pika - main.py:83 - INFO - 找到 18 张图片在:第1集
2026-04-03 23:46:45 - mkk_pika - main.py:112 - INFO - [episode:第1集       ] downloaded:    18, total:  18, progress:100%
2026-04-03 23:46:45 - mkk_pika - database.py:238 - INFO - 数据库更新已下载章节
2026-04-03 23:46:45 - mkk_pika - database.py:244 - INFO - 该漫画已下载章节如下
2026-04-03 23:46:45 - mkk_pika - database.py:245 - INFO - ['第1集']
2026-04-03 23:46:47 - mkk_pika - main.py:348 - INFO - ==================== 漫画信息 ====================
                                   漫画ID：5821aa9b5f6b9a4f93f4285d
                                   标题：[沒有漢化] (C86) [タピオカボックス (にゅーひん)] ふたなりカフェ
                                   作者：タピオカボックス (にゅーひん)
                                   是否完结：是
                                   总页数：18
                                   分类：同人,短篇,全彩,扶他樂園
                                   章节数：1
                                   最后更新时间：2014-06-21T06:46:56.000Z
                                   =================================================
2026-04-03 23:46:47 - mkk_pika - database.py:101 - INFO - 保存成功：[沒有漢化] (C86) [タピオカボックス (にゅーひん)] ふたなりカフェ
2026-04-03 23:46:47 - mkk_pika - main.py:35 - INFO - 开始检查秘め事は一つの嘘から 前編是否存在未下载章节
2026-04-03 23:46:47 - mkk_pika - main.py:45 - INFO - 正在下载:[秘め事は一つの嘘から 前編]-[立花オミナ]-[['人妻', '短篇', '後宮閃光', '純愛']]-[total_pages:28]
2026-04-03 23:46:47 - mkk_pika - main.py:49 - INFO - [{'_id': '5821aa9c5f6b9a4f93f42887', 'title': '第1集', 'order': 1, 'updated_at': '2016-11-08T10:36:12.364Z', 'id': '5821aa9c5f6b9a4f93f42887'}]
2026-04-03 23:46:47 - mkk_pika - database.py:215 - INFO - 第一次下载该漫画，记录数据库中
2026-04-03 23:46:48 - mkk_pika - main.py:83 - INFO - 找到 28 张图片在:第1集
2026-04-03 23:46:48 - mkk_pika - main.py:112 - INFO - [episode:第1集       ] downloaded:    28, total:  28, progress:100%
2026-04-03 23:46:48 - mkk_pika - database.py:238 - INFO - 数据库更新已下载章节
2026-04-03 23:46:48 - mkk_pika - database.py:244 - INFO - 该漫画已下载章节如下
2026-04-03 23:46:48 - mkk_pika - database.py:245 - INFO - ['第1集']
2026-04-03 23:46:50 - mkk_pika - main.py:348 - INFO - ==================== 漫画信息 ====================
                                   漫画ID：5821aa9c5f6b9a4f93f42885
                                   标题：秘め事は一つの嘘から 前編
                                   作者：立花オミナ
                                   是否完结：否
                                   总页数：28
                                   分类：人妻,短篇,後宮閃光,純愛
                                   章节数：1
                                   最后更新时间：2014-06-21T16:46:56.000Z
                                   =================================================
2026-04-03 23:46:50 - mkk_pika - database.py:101 - INFO - 保存成功：秘め事は一つの嘘から 前編
2026-04-03 23:46:50 - mkk_pika - main.py:35 - INFO - 开始检查[个人汉化][谷口さん] -魂-INSERT LEVEL： Last Update(前) (コミックアンリアル 2016年4月号 Vol.60)是否存在未下载章节
2026-04-03 23:46:50 - mkk_pika - main.py:45 - INFO - 正在下载:[[个人汉化][谷口さん] -魂-INSERT LEVEL： Last Update(前) (コミックアンリアル 2016年4月号 Vol.60)]-[谷口さん]-[['短篇', '性轉換']]-[total_pages:12]
2026-04-03 23:46:50 - mkk_pika - main.py:49 - INFO - [{'_id': '5821aa9d5f6b9a4f93f428ef', 'title': '第1集', 'order': 1, 'updated_at': '2016-11-08T10:36:13.478Z', 'id': '5821aa9d5f6b9a4f93f428ef'}]
2026-04-03 23:46:50 - mkk_pika - database.py:215 - INFO - 第一次下载该漫画，记录数据库中
2026-04-03 23:46:50 - mkk_pika - main.py:83 - INFO - 找到 12 张图片在:第1集
2026-04-03 23:46:51 - mkk_pika - main.py:112 - INFO - [episode:第1集       ] downloaded:    12, total:  12, progress:100%
2026-04-03 23:46:51 - mkk_pika - database.py:238 - INFO - 数据库更新已下载章节
2026-04-03 23:46:51 - mkk_pika - database.py:244 - INFO - 该漫画已下载章节如下
2026-04-03 23:46:51 - mkk_pika - database.py:245 - INFO - ['第1集']
2026-04-03 23:46:52 - mkk_pika - main.py:348 - INFO - ==================== 漫画信息 ====================
                                   漫画ID：5821aa9d5f6b9a4f93f428ed
                                   标题：[个人汉化][谷口さん] -魂-INSERT LEVEL： Last Update(前) (コミックアンリアル 2016年4月号 Vol.60)
                                   作者：谷口さん
                                   是否完结：是
                                   总页数：12
                                   分类：短篇,性轉換
                                   章节数：1
                                   最后更新时间：2014-06-22T12:46:56.000Z
                                   =================================================
2026-04-03 23:46:52 - mkk_pika - database.py:101 - INFO - 保存成功：[个人汉化][谷口さん] -魂-INSERT LEVEL： Last Update(前) (コミックアンリアル 2016年4月号 Vol.60)
2026-04-03 23:46:52 - mkk_pika - main.py:35 - INFO - 开始检查【黑条汉化】[くろふーど]Ruin是否存在未下载章节
2026-04-03 23:46:52 - mkk_pika - main.py:45 - INFO - 正在下载:[【黑条汉化】[くろふーど]Ruin]-[くろふーど]-[['短篇']]-[total_pages:20]
2026-04-03 23:46:52 - mkk_pika - main.py:49 - INFO - [{'_id': '5821aa9e5f6b9a4f93f4290b', 'title': '第1集', 'order': 1, 'updated_at': '2016-11-08T10:36:14.090Z', 'id': '5821aa9e5f6b9a4f93f4290b'}]
2026-04-03 23:46:52 - mkk_pika - database.py:215 - INFO - 第一次下载该漫画，记录数据库中
2026-04-03 23:46:53 - mkk_pika - main.py:83 - INFO - 找到 20 张图片在:第1集
2026-04-03 23:46:53 - mkk_pika - main.py:112 - INFO - [episode:第1集       ] downloaded:    20, total:  20, progress:100%
2026-04-03 23:46:53 - mkk_pika - database.py:238 - INFO - 数据库更新已下载章节
2026-04-03 23:46:53 - mkk_pika - database.py:244 - INFO - 该漫画已下载章节如下
2026-04-03 23:46:53 - mkk_pika - database.py:245 - INFO - ['第1集']
2026-04-03 23:46:55 - mkk_pika - main.py:348 - INFO - ==================== 漫画信息 ====================
                                   漫画ID：5821aa9d5f6b9a4f93f42909
                                   标题：【黑条汉化】[くろふーど]Ruin
                                   作者：くろふーど
                                   是否完结：是
                                   总页数：20
                                   分类：短篇
                                   章节数：1
                                   最后更新时间：2014-06-22T22:46:56.000Z
                                   =================================================
2026-04-03 23:46:55 - mkk_pika - database.py:101 - INFO - 保存成功：【黑条汉化】[くろふーど]Ruin
2026-04-03 23:46:55 - mkk_pika - main.py:35 - INFO - 开始检查[surely個人漢化] [valssu (茶琉)] ろしゅつびより (のんのんびより,DL版)是否存在未下载章节
2026-04-03 23:46:55 - mkk_pika - main.py:45 - INFO - 正在下载:[[surely個人漢化] [valssu (茶琉)] ろしゅつびより (のんのんびより,DL版)]-[valssu (茶琉)]-[['同人', '短篇']]-[total_pages:45]
2026-04-03 23:46:55 - mkk_pika - main.py:49 - INFO - [{'_id': '5821aa9e5f6b9a4f93f42937', 'title': '第1集', 'order': 1, 'updated_at': '2016-11-08T10:36:14.448Z', 'id': '5821aa9e5f6b9a4f93f42937'}]
2026-04-03 23:46:55 - mkk_pika - database.py:215 - INFO - 第一次下载该漫画，记录数据库中
2026-04-03 23:46:56 - mkk_pika - main.py:83 - INFO - 找到 45 张图片在:第1集
2026-04-03 23:46:57 - mkk_pika - main.py:112 - INFO - [episode:第1集       ] downloaded:    45, total:  45, progress:100%
2026-04-03 23:46:57 - mkk_pika - database.py:238 - INFO - 数据库更新已下载章节
2026-04-03 23:46:57 - mkk_pika - database.py:244 - INFO - 该漫画已下载章节如下
2026-04-03 23:46:57 - mkk_pika - database.py:245 - INFO - ['第1集']
2026-04-03 23:46:58 - mkk_pika - main.py:348 - INFO - ==================== 漫画信息 ====================
                                   漫画ID：5821aa9e5f6b9a4f93f42935
                                   标题：[surely個人漢化] [valssu (茶琉)] ろしゅつびより (のんのんびより,DL版)
                                   作者：valssu (茶琉)
                                   是否完结：是
                                   总页数：45
                                   分类：同人,短篇
                                   章节数：1
                                   最后更新时间：2014-06-23T08:46:56.000Z
                                   =================================================
2026-04-03 23:46:58 - mkk_pika - database.py:101 - INFO - 保存成功：[surely個人漢化] [valssu (茶琉)] ろしゅつびより (のんのんびより,DL版)
2026-04-03 23:46:58 - mkk_pika - main.py:35 - INFO - 开始检查[无毒汉化组] (C89) [モニャモニャ (ShiBi)] コーヒー・チョコ・アタゴ (艦隊これくしょん -艦これ-)是否存在未下载章节
2026-04-03 23:46:58 - mkk_pika - main.py:45 - INFO - 正在下载:[[无毒汉化组] (C89) [モニャモニャ (ShiBi)] コーヒー・チョコ・アタゴ (艦隊これくしょん -艦これ-)]-[モニャモニャ (ShiBi)]-[['同人', '短篇', '艦隊收藏', '純愛']]-[total_pages:31]
2026-04-03 23:46:58 - mkk_pika - main.py:49 - INFO - [{'_id': '5821aaaa5f6b9a4f93f42e9d', 'title': '第1集', 'order': 1, 'updated_at': '2016-11-08T10:36:26.075Z', 'id': '5821aaaa5f6b9a4f93f42e9d'}]
2026-04-03 23:46:58 - mkk_pika - database.py:215 - INFO - 第一次下载该漫画，记录数据库中
2026-04-03 23:46:59 - mkk_pika - main.py:83 - INFO - 找到 31 张图片在:第1集
2026-04-03 23:47:00 - mkk_pika - main.py:112 - INFO - [episode:第1集       ] downloaded:    31, total:  31, progress:100%
2026-04-03 23:47:00 - mkk_pika - database.py:238 - INFO - 数据库更新已下载章节
2026-04-03 23:47:00 - mkk_pika - database.py:244 - INFO - 该漫画已下载章节如下
2026-04-03 23:47:00 - mkk_pika - database.py:245 - INFO - ['第1集']
2026-04-03 23:47:01 - mkk_pika - main.py:348 - INFO - ==================== 漫画信息 ====================
                                   漫画ID：5821aaa95f6b9a4f93f42e9b
                                   标题：[无毒汉化组] (C89) [モニャモニャ (ShiBi)] コーヒー・チョコ・アタゴ (艦隊これくしょん -艦これ-)
                                   作者：モニャモニャ (ShiBi)
                                   是否完结：是
                                   总页数：31
                                   分类：同人,短篇,艦隊收藏,純愛
                                   章节数：1
                                   最后更新时间：2014-06-30T20:46:55.000Z
                                   =================================================
2026-04-03 23:47:01 - mkk_pika - database.py:101 - INFO - 保存成功：[无毒汉化组] (C89) [モニャモニャ (ShiBi)] コーヒー・チョコ・アタゴ (艦隊これくしょん -艦これ-)
2026-04-03 23:47:01 - mkk_pika - main.py:35 - INFO - 开始检查[无毒汉化组] (C89) [H-SQUAD (ぐりえるも)] 性のモハン！～全裸朝会編～是否存在未下载章节
2026-04-03 23:47:01 - mkk_pika - main.py:45 - INFO - 正在下载:[[无毒汉化组] (C89) [H-SQUAD (ぐりえるも)] 性のモハン！～全裸朝会編～]-[H-SQUAD (ぐりえるも)]-[['同人', '短篇']]-[total_pages:29]
2026-04-03 23:47:01 - mkk_pika - main.py:49 - INFO - [{'_id': '5821aaaa5f6b9a4f93f42edf', 'title': '第1集', 'order': 1, 'updated_at': '2016-11-08T10:36:26.584Z', 'id': '5821aaaa5f6b9a4f93f42edf'}]
2026-04-03 23:47:01 - mkk_pika - database.py:215 - INFO - 第一次下载该漫画，记录数据库中
2026-04-03 23:47:02 - mkk_pika - main.py:83 - INFO - 找到 29 张图片在:第1集
2026-04-03 23:47:03 - mkk_pika - main.py:112 - INFO - [episode:第1集       ] downloaded:    29, total:  29, progress:100%
2026-04-03 23:47:03 - mkk_pika - database.py:238 - INFO - 数据库更新已下载章节
2026-04-03 23:47:03 - mkk_pika - database.py:244 - INFO - 该漫画已下载章节如下
2026-04-03 23:47:03 - mkk_pika - database.py:245 - INFO - ['第1集']
2026-04-03 23:47:04 - mkk_pika - main.py:348 - INFO - ==================== 漫画信息 ====================
                                   漫画ID：5821aaaa5f6b9a4f93f42edd
                                   标题：[无毒汉化组] (C89) [H-SQUAD (ぐりえるも)] 性のモハン！～全裸朝会編～
                                   作者：H-SQUAD (ぐりえるも)
                                   是否完结：是
                                   总页数：29
                                   分类：同人,短篇
                                   章节数：1
                                   最后更新时间：2014-07-01T06:46:55.000Z
                                   =================================================
2026-04-03 23:47:04 - mkk_pika - database.py:101 - INFO - 保存成功：[无毒汉化组] (C89) [H-SQUAD (ぐりえるも)] 性のモハン！～全裸朝会編～
2026-04-03 23:47:04 - mkk_pika - main.py:35 - INFO - 开始检查purple sky, Golden dawN (Fatehollow ataraxia) 是否存在未下载章节
2026-04-03 23:47:04 - mkk_pika - main.py:45 - INFO - 正在下载:[purple sky, Golden dawN (Fatehollow ataraxia) ]-[TEX-MEX (Red Bear) ]-[['短篇', '後宮閃光', 'Fate']]-[total_pages:37]
2026-04-03 23:47:04 - mkk_pika - main.py:49 - INFO - [{'_id': '5821aaab5f6b9a4f93f42f1d', 'title': '第1集', 'order': 1, 'updated_at': '2016-11-08T10:36:27.052Z', 'id': '5821aaab5f6b9a4f93f42f1d'}]
2026-04-03 23:47:04 - mkk_pika - database.py:215 - INFO - 第一次下载该漫画，记录数据库中
2026-04-03 23:47:05 - mkk_pika - main.py:83 - INFO - 找到 37 张图片在:第1集
2026-04-03 23:47:06 - mkk_pika - main.py:112 - INFO - [episode:第1集       ] downloaded:    37, total:  37, progress:100%
2026-04-03 23:47:06 - mkk_pika - database.py:238 - INFO - 数据库更新已下载章节
2026-04-03 23:47:06 - mkk_pika - database.py:244 - INFO - 该漫画已下载章节如下
2026-04-03 23:47:06 - mkk_pika - database.py:245 - INFO - ['第1集']
2026-04-03 23:47:07 - mkk_pika - main.py:348 - INFO - ==================== 漫画信息 ====================
                                   漫画ID：5821aaaa5f6b9a4f93f42f1b
                                   标题：purple sky, Golden dawN (Fatehollow ataraxia) 
                                   作者：TEX-MEX (Red Bear) 
                                   是否完结：是
                                   总页数：37
                                   分类：短篇,後宮閃光,Fate
                                   章节数：1
                                   最后更新时间：2014-07-01T16:46:55.000Z
                                   =================================================
2026-04-03 23:47:07 - mkk_pika - database.py:101 - INFO - 保存成功：purple sky, Golden dawN (Fatehollow ataraxia) 
2026-04-03 23:47:07 - mkk_pika - main.py:35 - INFO - 开始检查过来，给你看个宝贝（超感人妮姬本）（我只是看不懂日语才编的标题）是否存在未下载章节
2026-04-03 23:47:07 - mkk_pika - main.py:45 - INFO - 正在下载:[过来，给你看个宝贝（超感人妮姬本）（我只是看不懂日语才编的标题）]-[不知作者系列]-[['同人', '短篇', '百合花園', 'Love Live', '純愛']]-[total_pages:47]
2026-04-03 23:47:07 - mkk_pika - main.py:49 - INFO - [{'_id': '5821aaab5f6b9a4f93f42f6b', 'title': '第1集', 'order': 1, 'updated_at': '2016-11-08T10:36:27.799Z', 'id': '5821aaab5f6b9a4f93f42f6b'}]
2026-04-03 23:47:07 - mkk_pika - database.py:215 - INFO - 第一次下载该漫画，记录数据库中
2026-04-03 23:47:08 - mkk_pika - main.py:83 - INFO - 找到 47 张图片在:第1集
2026-04-03 23:47:09 - mkk_pika - main.py:112 - INFO - [episode:第1集       ] downloaded:    47, total:  47, progress:100%
2026-04-03 23:47:09 - mkk_pika - database.py:238 - INFO - 数据库更新已下载章节
2026-04-03 23:47:09 - mkk_pika - database.py:244 - INFO - 该漫画已下载章节如下
2026-04-03 23:47:09 - mkk_pika - database.py:245 - INFO - ['第1集']
2026-04-03 23:47:11 - mkk_pika - main.py:348 - INFO - ==================== 漫画信息 ====================
                                   漫画ID：5821aaab5f6b9a4f93f42f69
                                   标题：过来，给你看个宝贝（超感人妮姬本）（我只是看不懂日语才编的标题）
                                   作者：不知作者系列
                                   是否完结：是
                                   总页数：47
                                   分类：同人,短篇,百合花園,Love Live,純愛
                                   章节数：1
                                   最后更新时间：2014-07-02T02:46:55.000Z
                                   =================================================
2026-04-03 23:47:11 - mkk_pika - database.py:101 - INFO - 保存成功：过来，给你看个宝贝（超感人妮姬本）（我只是看不懂日语才编的标题）
2026-04-03 23:47:11 - mkk_pika - main.py:35 - INFO - 开始检查姫物語是否存在未下载章节
2026-04-03 23:47:11 - mkk_pika - main.py:45 - INFO - 正在下载:[姫物語]-[オザケン]-[['長篇', '後宮閃光', '純愛']]-[total_pages:211]
2026-04-03 23:47:11 - mkk_pika - main.py:49 - INFO - [{'_id': '5821aaac5f6b9a4f93f42fcd', 'title': '第1集', 'order': 1, 'updated_at': '2016-11-08T10:36:28.605Z', 'id': '5821aaac5f6b9a4f93f42fcd'}]
2026-04-03 23:47:11 - mkk_pika - database.py:215 - INFO - 第一次下载该漫画，记录数据库中
2026-04-03 23:47:13 - mkk_pika - main.py:83 - INFO - 找到 211 张图片在:第1集
2026-04-03 23:47:18 - mkk_pika - main.py:112 - INFO - [episode:第1集       ] downloaded:   211, total: 211, progress:100%
2026-04-03 23:47:18 - mkk_pika - database.py:238 - INFO - 数据库更新已下载章节
2026-04-03 23:47:18 - mkk_pika - database.py:244 - INFO - 该漫画已下载章节如下
2026-04-03 23:47:18 - mkk_pika - database.py:245 - INFO - ['第1集']
2026-04-03 23:47:19 - mkk_pika - main.py:348 - INFO - ==================== 漫画信息 ====================
                                   漫画ID：5821aaac5f6b9a4f93f42fcb
                                   标题：姫物語
                                   作者：オザケン
                                   是否完结：是
                                   总页数：211
                                   分类：長篇,後宮閃光,純愛
                                   章节数：1
                                   最后更新时间：2014-07-02T12:46:55.000Z
                                   =================================================
2026-04-03 23:47:19 - mkk_pika - database.py:101 - INFO - 保存成功：姫物語
2026-04-03 23:47:19 - mkk_pika - main.py:35 - INFO - 开始检查【瓜皮汉化】[月野定規]湊先生の課外授業(コミックホットミルク 2015年9月号)是否存在未下载章节
2026-04-03 23:47:19 - mkk_pika - main.py:45 - INFO - 正在下载:[【瓜皮汉化】[月野定規]湊先生の課外授業(コミックホットミルク 2015年9月号)]-[月野定規]-[['短篇', '全彩']]-[total_pages:8]
2026-04-03 23:47:19 - mkk_pika - main.py:49 - INFO - [{'_id': '5821aaaf5f6b9a4f93f4322d', 'title': '第1集', 'order': 1, 'updated_at': '2016-11-08T10:36:31.571Z', 'id': '5821aaaf5f6b9a4f93f4322d'}]
2026-04-03 23:47:19 - mkk_pika - database.py:215 - INFO - 第一次下载该漫画，记录数据库中
2026-04-03 23:47:20 - mkk_pika - main.py:83 - INFO - 找到 8 张图片在:第1集
2026-04-03 23:47:20 - mkk_pika - main.py:112 - INFO - [episode:第1集       ] downloaded:     8, total:   8, progress:100%
2026-04-03 23:47:20 - mkk_pika - database.py:238 - INFO - 数据库更新已下载章节
2026-04-03 23:47:20 - mkk_pika - database.py:244 - INFO - 该漫画已下载章节如下
2026-04-03 23:47:20 - mkk_pika - database.py:245 - INFO - ['第1集']
2026-04-03 23:47:21 - mkk_pika - main.py:348 - INFO - ==================== 漫画信息 ====================
                                   漫画ID：5821aaaf5f6b9a4f93f4322b
                                   标题：【瓜皮汉化】[月野定規]湊先生の課外授業(コミックホットミルク 2015年9月号)
                                   作者：月野定規
                                   是否完结：是
                                   总页数：8
                                   分类：短篇,全彩
                                   章节数：1
                                   最后更新时间：2014-07-03T18:46:55.000Z
                                   =================================================
2026-04-03 23:47:21 - mkk_pika - database.py:101 - INFO - 保存成功：【瓜皮汉化】[月野定規]湊先生の課外授業(コミックホットミルク 2015年9月号)
2026-04-03 23:47:21 - mkk_pika - main.py:35 - INFO - 开始检查[无毒汉化组] (C86) [しまぱん (立花オミナ)] ハーレムもの詰め合わせ (デッド・オア・アライブ)是否存在未下载章节
2026-04-03 23:47:22 - mkk_pika - main.py:45 - INFO - 正在下载:[[无毒汉化组] (C86) [しまぱん (立花オミナ)] ハーレムもの詰め合わせ (デッド・オア・アライブ)]-[しまぱん (立花オミナ)]-[['同人', '短篇', '後宮閃光']]-[total_pages:24]
2026-04-03 23:47:22 - mkk_pika - main.py:49 - INFO - [{'_id': '5821aab05f6b9a4f93f43289', 'title': '第1集', 'order': 1, 'updated_at': '2016-11-08T10:36:32.746Z', 'id': '5821aab05f6b9a4f93f43289'}]
2026-04-03 23:47:22 - mkk_pika - database.py:215 - INFO - 第一次下载该漫画，记录数据库中
2026-04-03 23:47:22 - mkk_pika - main.py:83 - INFO - 找到 24 张图片在:第1集
2026-04-03 23:47:23 - mkk_pika - main.py:112 - INFO - [episode:第1集       ] downloaded:    24, total:  24, progress:100%
2026-04-03 23:47:23 - mkk_pika - database.py:238 - INFO - 数据库更新已下载章节
2026-04-03 23:47:23 - mkk_pika - database.py:244 - INFO - 该漫画已下载章节如下
2026-04-03 23:47:23 - mkk_pika - database.py:245 - INFO - ['第1集']
2026-04-03 23:47:24 - mkk_pika - main.py:348 - INFO - ==================== 漫画信息 ====================
                                   漫画ID：5821aab05f6b9a4f93f43287
                                   标题：[无毒汉化组] (C86) [しまぱん (立花オミナ)] ハーレムもの詰め合わせ (デッド・オア・アライブ)
                                   作者：しまぱん (立花オミナ)
                                   是否完结：是
                                   总页数：24
                                   分类：同人,短篇,後宮閃光
                                   章节数：1
                                   最后更新时间：2014-07-04T14:46:55.000Z
                                   =================================================
2026-04-03 23:47:24 - mkk_pika - database.py:101 - INFO - 保存成功：[无毒汉化组] (C86) [しまぱん (立花オミナ)] ハーレムもの詰め合わせ (デッド・オア・アライブ)
2026-04-03 23:47:24 - mkk_pika - main.py:35 - INFO - 开始检查【NE漢化】[LoveLive!](相馬志楽)Private[绘希]是否存在未下载章节
2026-04-03 23:47:24 - mkk_pika - main.py:45 - INFO - 正在下载:[【NE漢化】[LoveLive!](相馬志楽)Private[绘希]]-[相馬志楽]-[['同人', '短篇', '百合花園', 'Love Live', '純愛']]-[total_pages:14]
2026-04-03 23:47:24 - mkk_pika - main.py:49 - INFO - [{'_id': '5821aab15f6b9a4f93f432bd', 'title': '第1集', 'order': 1, 'updated_at': '2016-11-08T10:36:33.103Z', 'id': '5821aab15f6b9a4f93f432bd'}]
2026-04-03 23:47:24 - mkk_pika - database.py:215 - INFO - 第一次下载该漫画，记录数据库中
2026-04-03 23:47:25 - mkk_pika - main.py:83 - INFO - 找到 14 张图片在:第1集
2026-04-03 23:47:25 - mkk_pika - main.py:112 - INFO - [episode:第1集       ] downloaded:    14, total:  14, progress:100%
2026-04-03 23:47:25 - mkk_pika - database.py:238 - INFO - 数据库更新已下载章节
2026-04-03 23:47:25 - mkk_pika - database.py:244 - INFO - 该漫画已下载章节如下
2026-04-03 23:47:25 - mkk_pika - database.py:245 - INFO - ['第1集']
2026-04-03 23:47:27 - mkk_pika - main.py:348 - INFO - ==================== 漫画信息 ====================
                                   漫画ID：5821aab05f6b9a4f93f432bb
                                   标题：【NE漢化】[LoveLive!](相馬志楽)Private[绘希]
                                   作者：相馬志楽
                                   是否完结：是
                                   总页数：14
                                   分类：同人,短篇,百合花園,Love Live,純愛
                                   章节数：1
                                   最后更新时间：2014-07-05T00:46:55.000Z
                                   =================================================
2026-04-03 23:47:27 - mkk_pika - database.py:101 - INFO - 保存成功：【NE漢化】[LoveLive!](相馬志楽)Private[绘希]
2026-04-03 23:47:27 - mkk_pika - main.py:35 - INFO - 开始检查[Niratama (Sekihara Kaina)] Private Tsunderation是否存在未下载章节
2026-04-03 23:47:27 - mkk_pika - main.py:45 - INFO - 正在下载:[[Niratama (Sekihara Kaina)] Private Tsunderation]-[英文名写了也白写系列]-[['同人', '短篇', '百合花園', 'Love Live', '純愛']]-[total_pages:26]
2026-04-03 23:47:27 - mkk_pika - main.py:49 - INFO - [{'_id': '5821aab25f6b9a4f93f43315', 'title': '第1集', 'order': 1, 'updated_at': '2016-11-08T10:36:34.068Z', 'id': '5821aab25f6b9a4f93f43315'}]
2026-04-03 23:47:27 - mkk_pika - database.py:215 - INFO - 第一次下载该漫画，记录数据库中
2026-04-03 23:47:27 - mkk_pika - main.py:83 - INFO - 找到 26 张图片在:第1集
2026-04-03 23:47:28 - mkk_pika - main.py:112 - INFO - [episode:第1集       ] downloaded:    26, total:  26, progress:100%
2026-04-03 23:47:28 - mkk_pika - database.py:238 - INFO - 数据库更新已下载章节
2026-04-03 23:47:28 - mkk_pika - database.py:244 - INFO - 该漫画已下载章节如下
2026-04-03 23:47:28 - mkk_pika - database.py:245 - INFO - ['第1集']
2026-04-03 23:47:29 - mkk_pika - main.py:348 - INFO - ==================== 漫画信息 ====================
                                   漫画ID：5821aab15f6b9a4f93f43313
                                   标题：[Niratama (Sekihara Kaina)] Private Tsunderation
                                   作者：英文名写了也白写系列
                                   是否完结：是
                                   总页数：26
                                   分类：同人,短篇,百合花園,Love Live,純愛
                                   章节数：1
                                   最后更新时间：2014-07-05T10:46:55.000Z
                                   =================================================
2026-04-03 23:47:29 - mkk_pika - database.py:101 - INFO - 保存成功：[Niratama (Sekihara Kaina)] Private Tsunderation
2026-04-03 23:47:29 - mkk_pika - main.py:35 - INFO - 开始检查【义军AneMoe】[まぐろ帝國] My dear brother (COMIC SIGMA 2016年1月号)是否存在未下载章节
2026-04-03 23:47:30 - mkk_pika - main.py:45 - INFO - 正在下载:[【义军AneMoe】[まぐろ帝國] My dear brother (COMIC SIGMA 2016年1月号)]-[まぐろ帝國]-[['短篇', '姐姐系', '純愛']]-[total_pages:21]
2026-04-03 23:47:30 - mkk_pika - main.py:49 - INFO - [{'_id': '5821aab85f6b9a4f93f4345b', 'title': '第1集', 'order': 1, 'updated_at': '2016-11-08T10:36:40.164Z', 'id': '5821aab85f6b9a4f93f4345b'}]
2026-04-03 23:47:30 - mkk_pika - database.py:215 - INFO - 第一次下载该漫画，记录数据库中
2026-04-03 23:47:30 - mkk_pika - main.py:83 - INFO - 找到 21 张图片在:第1集
2026-04-03 23:47:31 - mkk_pika - main.py:112 - INFO - [episode:第1集       ] downloaded:    21, total:  21, progress:100%
2026-04-03 23:47:31 - mkk_pika - database.py:238 - INFO - 数据库更新已下载章节
2026-04-03 23:47:31 - mkk_pika - database.py:244 - INFO - 该漫画已下载章节如下
2026-04-03 23:47:31 - mkk_pika - database.py:245 - INFO - ['第1集']
2026-04-03 23:47:32 - mkk_pika - main.py:348 - INFO - ==================== 漫画信息 ====================
                                   漫画ID：5821aab75f6b9a4f93f43459
                                   标题：【义军AneMoe】[まぐろ帝國] My dear brother (COMIC SIGMA 2016年1月号)
                                   作者：まぐろ帝國
                                   是否完结：是
                                   总页数：21
                                   分类：短篇,姐姐系,純愛
                                   章节数：1
                                   最后更新时间：2014-07-07T22:46:55.000Z
                                   =================================================
2026-04-03 23:47:32 - mkk_pika - database.py:101 - INFO - 保存成功：【义军AneMoe】[まぐろ帝國] My dear brother (COMIC SIGMA 2016年1月号)
2026-04-03 23:47:32 - mkk_pika - main.py:35 - INFO - 开始检查[卞赤鲤汉化] [I-Raf-you (よろず)] マイクローンマガジン Vol.30 (DL版)是否存在未下载章节
2026-04-03 23:47:32 - mkk_pika - main.py:45 - INFO - 正在下载:[[卞赤鲤汉化] [I-Raf-you (よろず)] マイクローンマガジン Vol.30 (DL版)]-[I-Raf-you (よろず)]-[['同人', '短篇']]-[total_pages:51]
2026-04-03 23:47:32 - mkk_pika - main.py:49 - INFO - [{'_id': '5821aab95f6b9a4f93f434f9', 'title': '第1集', 'order': 1, 'updated_at': '2016-11-08T10:36:41.554Z', 'id': '5821aab95f6b9a4f93f434f9'}]
2026-04-03 23:47:32 - mkk_pika - database.py:215 - INFO - 第一次下载该漫画，记录数据库中
2026-04-03 23:47:33 - mkk_pika - main.py:83 - INFO - 找到 51 张图片在:第1集
2026-04-03 23:47:34 - mkk_pika - main.py:112 - INFO - [episode:第1集       ] downloaded:    51, total:  51, progress:100%
2026-04-03 23:47:34 - mkk_pika - database.py:238 - INFO - 数据库更新已下载章节
2026-04-03 23:47:34 - mkk_pika - database.py:244 - INFO - 该漫画已下载章节如下
2026-04-03 23:47:34 - mkk_pika - database.py:245 - INFO - ['第1集']
2026-04-03 23:47:36 - mkk_pika - main.py:348 - INFO - ==================== 漫画信息 ====================
                                   漫画ID：5821aab95f6b9a4f93f434f7
                                   标题：[卞赤鲤汉化] [I-Raf-you (よろず)] マイクローンマガジン Vol.30 (DL版)
                                   作者：I-Raf-you (よろず)
                                   是否完结：是
                                   总页数：51
                                   分类：同人,短篇
                                   章节数：1
                                   最后更新时间：2014-07-09T04:46:55.000Z
                                   =================================================
2026-04-03 23:47:36 - mkk_pika - database.py:101 - INFO - 保存成功：[卞赤鲤汉化] [I-Raf-you (よろず)] マイクローンマガジン Vol.30 (DL版)
2026-04-03 23:47:36 - mkk_pika - main.py:35 - INFO - 开始检查[汉化] [まる寝子] デイリー姉ボディ (にょたいか・ハピネス!)是否存在未下载章节
2026-04-03 23:47:36 - mkk_pika - main.py:45 - INFO - 正在下载:[[汉化] [まる寝子] デイリー姉ボディ (にょたいか・ハピネス!)]-[まる寝子]-[['短篇', '性轉換']]-[total_pages:16]
2026-04-03 23:47:36 - mkk_pika - main.py:49 - INFO - [{'_id': '5821aaba5f6b9a4f93f43595', 'title': '第1集', 'order': 1, 'updated_at': '2016-11-08T10:36:42.946Z', 'id': '5821aaba5f6b9a4f93f43595'}]
2026-04-03 23:47:36 - mkk_pika - database.py:215 - INFO - 第一次下载该漫画，记录数据库中
2026-04-03 23:47:36 - mkk_pika - main.py:83 - INFO - 找到 16 张图片在:第1集
2026-04-03 23:47:37 - mkk_pika - main.py:112 - INFO - [episode:第1集       ] downloaded:    16, total:  16, progress:100%
2026-04-03 23:47:37 - mkk_pika - database.py:238 - INFO - 数据库更新已下载章节
2026-04-03 23:47:37 - mkk_pika - database.py:244 - INFO - 该漫画已下载章节如下
2026-04-03 23:47:37 - mkk_pika - database.py:245 - INFO - ['第1集']
2026-04-03 23:47:38 - mkk_pika - main.py:348 - INFO - ==================== 漫画信息 ====================
                                   漫画ID：5821aaba5f6b9a4f93f43593
                                   标题：[汉化] [まる寝子] デイリー姉ボディ (にょたいか・ハピネス!)
                                   作者：まる寝子
                                   是否完结：是
                                   总页数：16
                                   分类：短篇,性轉換
                                   章节数：1
                                   最后更新时间：2014-07-10T00:46:55.000Z
                                   =================================================
2026-04-03 23:47:38 - mkk_pika - database.py:101 - INFO - 保存成功：[汉化] [まる寝子] デイリー姉ボディ (にょたいか・ハピネス!)
2026-04-03 23:47:38 - mkk_pika - main.py:35 - INFO - 开始检查[汉化] (C79) [幸せ共和国 (幸せのかたち)] かたしぶっ フルカラー 35週是否存在未下载章节
2026-04-03 23:47:38 - mkk_pika - main.py:45 - INFO - 正在下载:[[汉化] (C79) [幸せ共和国 (幸せのかたち)] かたしぶっ フルカラー 35週]-[幸せ共和国 (幸せのかたち)]-[['同人', '短篇']]-[total_pages:25]
2026-04-03 23:47:38 - mkk_pika - main.py:49 - INFO - [{'_id': '5821aabb5f6b9a4f93f435b9', 'title': '第1集', 'order': 1, 'updated_at': '2016-11-08T10:36:43.371Z', 'id': '5821aabb5f6b9a4f93f435b9'}]
2026-04-03 23:47:38 - mkk_pika - database.py:215 - INFO - 第一次下载该漫画，记录数据库中
2026-04-03 23:47:39 - mkk_pika - main.py:83 - INFO - 找到 25 张图片在:第1集
2026-04-03 23:47:40 - mkk_pika - main.py:112 - INFO - [episode:第1集       ] downloaded:    25, total:  25, progress:100%
2026-04-03 23:47:40 - mkk_pika - database.py:238 - INFO - 数据库更新已下载章节
2026-04-03 23:47:40 - mkk_pika - database.py:244 - INFO - 该漫画已下载章节如下
2026-04-03 23:47:40 - mkk_pika - database.py:245 - INFO - ['第1集']
2026-04-03 23:47:41 - mkk_pika - main.py:348 - INFO - ==================== 漫画信息 ====================
                                   漫画ID：5821aabb5f6b9a4f93f435b7
                                   标题：[汉化] (C79) [幸せ共和国 (幸せのかたち)] かたしぶっ フルカラー 35週
                                   作者：幸せ共和国 (幸せのかたち)
                                   是否完结：是
                                   总页数：25
                                   分类：同人,短篇
                                   章节数：1
                                   最后更新时间：2014-07-10T10:46:55.000Z
                                   =================================================
2026-04-03 23:47:41 - mkk_pika - database.py:101 - INFO - 保存成功：[汉化] (C79) [幸せ共和国 (幸せのかたち)] かたしぶっ フルカラー 35週
2026-04-03 23:47:41 - mkk_pika - main.py:35 - INFO - 开始检查Beautiful Smile for Me! (スマイルプリキュア!)是否存在未下载章节
2026-04-03 23:47:41 - mkk_pika - main.py:45 - INFO - 正在下载:[Beautiful Smile for Me! (スマイルプリキュア!)]-[ムラムラPocky & しのしの]-[['同人', '短篇', '百合花園']]-[total_pages:30]
2026-04-03 23:47:41 - mkk_pika - main.py:49 - INFO - [{'_id': '5821aabc5f6b9a4f93f43657', 'title': '第1集', 'order': 1, 'updated_at': '2016-11-08T10:36:44.672Z', 'id': '5821aabc5f6b9a4f93f43657'}]
2026-04-03 23:47:41 - mkk_pika - database.py:215 - INFO - 第一次下载该漫画，记录数据库中
2026-04-03 23:47:42 - mkk_pika - main.py:83 - INFO - 找到 30 张图片在:第1集
2026-04-03 23:47:42 - mkk_pika - main.py:112 - INFO - [episode:第1集       ] downloaded:    30, total:  30, progress:100%
2026-04-03 23:47:42 - mkk_pika - database.py:238 - INFO - 数据库更新已下载章节
2026-04-03 23:47:42 - mkk_pika - database.py:244 - INFO - 该漫画已下载章节如下
2026-04-03 23:47:42 - mkk_pika - database.py:245 - INFO - ['第1集']
2026-04-03 23:47:44 - mkk_pika - main.py:348 - INFO - ==================== 漫画信息 ====================
                                   漫画ID：5821aabc5f6b9a4f93f43655
                                   标题：Beautiful Smile for Me! (スマイルプリキュア!)
                                   作者：ムラムラPocky & しのしの
                                   是否完结：是
                                   总页数：30
                                   分类：同人,短篇,百合花園
                                   章节数：1
                                   最后更新时间：2014-07-11T16:46:55.000Z
                                   =================================================
2026-04-03 23:47:44 - mkk_pika - database.py:101 - INFO - 保存成功：Beautiful Smile for Me! (スマイルプリキュア!)
2026-04-03 23:47:44 - mkk_pika - main.py:35 - INFO - 开始检查(C83) [Z.A.P. (ズッキーニ)] 吸血鬼の吸血行為 (化物語)是否存在未下载章节
2026-04-03 23:47:44 - mkk_pika - main.py:45 - INFO - 正在下载:[(C83) [Z.A.P. (ズッキーニ)] 吸血鬼の吸血行為 (化物語)]-[ズッキーニ]-[['同人', '短篇', '非人類', '純愛']]-[total_pages:22]
2026-04-03 23:47:44 - mkk_pika - main.py:49 - INFO - [{'_id': '5821aabd5f6b9a4f93f43697', 'title': '第1集', 'order': 1, 'updated_at': '2016-11-08T10:36:45.356Z', 'id': '5821aabd5f6b9a4f93f43697'}]
2026-04-03 23:47:44 - mkk_pika - database.py:215 - INFO - 第一次下载该漫画，记录数据库中
2026-04-03 23:47:45 - mkk_pika - main.py:83 - INFO - 找到 22 张图片在:第1集
2026-04-03 23:47:45 - mkk_pika - main.py:112 - INFO - [episode:第1集       ] downloaded:    22, total:  22, progress:100%
2026-04-03 23:47:45 - mkk_pika - database.py:238 - INFO - 数据库更新已下载章节
2026-04-03 23:47:45 - mkk_pika - database.py:244 - INFO - 该漫画已下载章节如下
2026-04-03 23:47:45 - mkk_pika - database.py:245 - INFO - ['第1集']
2026-04-03 23:47:47 - mkk_pika - main.py:348 - INFO - ==================== 漫画信息 ====================
                                   漫画ID：5821aabc5f6b9a4f93f43695
                                   标题：(C83) [Z.A.P. (ズッキーニ)] 吸血鬼の吸血行為 (化物語)
                                   作者：ズッキーニ
                                   是否完结：是
                                   总页数：22
                                   分类：同人,短篇,非人類,純愛
                                   章节数：1
                                   最后更新时间：2014-07-12T02:46:55.000Z
                                   =================================================
2026-04-03 23:47:47 - mkk_pika - database.py:101 - INFO - 保存成功：(C83) [Z.A.P. (ズッキーニ)] 吸血鬼の吸血行為 (化物語)
2026-04-03 23:47:47 - mkk_pika - main.py:35 - INFO - 开始检查弓は袋に太刀は鞘 (魔弾の王と戦姫) 是否存在未下载章节
2026-04-03 23:47:47 - mkk_pika - main.py:45 - INFO - 正在下载:[弓は袋に太刀は鞘 (魔弾の王と戦姫) ]-[須原シイナ]-[['同人', '短篇', '純愛']]-[total_pages:28]
2026-04-03 23:47:47 - mkk_pika - main.py:49 - INFO - [{'_id': '5821aabd5f6b9a4f93f436c7', 'title': '第1集', 'order': 1, 'updated_at': '2016-11-08T10:36:45.714Z', 'id': '5821aabd5f6b9a4f93f436c7'}]
2026-04-03 23:47:47 - mkk_pika - database.py:215 - INFO - 第一次下载该漫画，记录数据库中
2026-04-03 23:47:47 - mkk_pika - main.py:83 - INFO - 找到 28 张图片在:第1集
2026-04-03 23:47:48 - mkk_pika - main.py:112 - INFO - [episode:第1集       ] downloaded:    28, total:  28, progress:100%
2026-04-03 23:47:48 - mkk_pika - database.py:238 - INFO - 数据库更新已下载章节
2026-04-03 23:47:48 - mkk_pika - database.py:244 - INFO - 该漫画已下载章节如下
2026-04-03 23:47:48 - mkk_pika - database.py:245 - INFO - ['第1集']
2026-04-03 23:47:49 - mkk_pika - main.py:348 - INFO - ==================== 漫画信息 ====================
                                   漫画ID：5821aabd5f6b9a4f93f436c5
                                   标题：弓は袋に太刀は鞘 (魔弾の王と戦姫) 
                                   作者：須原シイナ
                                   是否完结：是
                                   总页数：28
                                   分类：同人,短篇,純愛
                                   章节数：1
                                   最后更新时间：2014-07-12T12:46:55.000Z
                                   =================================================
2026-04-03 23:47:49 - mkk_pika - database.py:101 - INFO - 保存成功：弓は袋に太刀は鞘 (魔弾の王と戦姫) 
2026-04-03 23:47:49 - mkk_pika - main.py:35 - INFO - 开始检查NEMESIS FULLCOLOR (To LOVEる -とらぶる-)是否存在未下载章节
2026-04-03 23:47:50 - mkk_pika - main.py:45 - INFO - 正在下载:[NEMESIS FULLCOLOR (To LOVEる -とらぶる-)]-[芝雪屋 (しばゆき)]-[['同人', '短篇', '全彩']]-[total_pages:13]
2026-04-03 23:47:50 - mkk_pika - main.py:49 - INFO - [{'_id': '5821aac15f6b9a4f93f4381b', 'title': '第1集', 'order': 1, 'updated_at': '2016-11-08T10:36:49.894Z', 'id': '5821aac15f6b9a4f93f4381b'}]
2026-04-03 23:47:50 - mkk_pika - database.py:215 - INFO - 第一次下载该漫画，记录数据库中
2026-04-03 23:47:50 - mkk_pika - main.py:83 - INFO - 找到 13 张图片在:第1集
2026-04-03 23:47:51 - mkk_pika - main.py:112 - INFO - [episode:第1集       ] downloaded:    13, total:  13, progress:100%
2026-04-03 23:47:51 - mkk_pika - database.py:238 - INFO - 数据库更新已下载章节
2026-04-03 23:47:51 - mkk_pika - database.py:244 - INFO - 该漫画已下载章节如下
2026-04-03 23:47:51 - mkk_pika - database.py:245 - INFO - ['第1集']
2026-04-03 23:47:52 - mkk_pika - main.py:348 - INFO - ==================== 漫画信息 ====================
                                   漫画ID：5821aac15f6b9a4f93f43819
                                   标题：NEMESIS FULLCOLOR (To LOVEる -とらぶる-)
                                   作者：芝雪屋 (しばゆき)
                                   是否完结：是
                                   总页数：13
                                   分类：同人,短篇,全彩
                                   章节数：1
                                   最后更新时间：2014-07-15T10:46:55.000Z
                                   =================================================
2026-04-03 23:47:52 - mkk_pika - database.py:101 - INFO - 保存成功：NEMESIS FULLCOLOR (To LOVEる -とらぶる-)
2026-04-03 23:47:52 - mkk_pika - main.py:35 - INFO - 开始检查わんこの正しいしつけ方 (ドキドキ!プリキュア)[无毒汉化组]是否存在未下载章节
2026-04-03 23:47:52 - mkk_pika - main.py:45 - INFO - 正在下载:[わんこの正しいしつけ方 (ドキドキ!プリキュア)[无毒汉化组]]-[isya]-[['同人', '短篇', '百合花園']]-[total_pages:14]
2026-04-03 23:47:52 - mkk_pika - main.py:49 - INFO - [{'_id': '5821aac65f6b9a4f93f439d9', 'title': '第1集', 'order': 1, 'updated_at': '2016-11-08T10:36:54.125Z', 'id': '5821aac65f6b9a4f93f439d9'}]
2026-04-03 23:47:52 - mkk_pika - database.py:215 - INFO - 第一次下载该漫画，记录数据库中
2026-04-03 23:47:53 - mkk_pika - main.py:83 - INFO - 找到 14 张图片在:第1集
2026-04-03 23:47:53 - mkk_pika - main.py:112 - INFO - [episode:第1集       ] downloaded:    14, total:  14, progress:100%
2026-04-03 23:47:53 - mkk_pika - database.py:238 - INFO - 数据库更新已下载章节
2026-04-03 23:47:53 - mkk_pika - database.py:244 - INFO - 该漫画已下载章节如下
2026-04-03 23:47:53 - mkk_pika - database.py:245 - INFO - ['第1集']
2026-04-03 23:47:54 - mkk_pika - main.py:348 - INFO - ==================== 漫画信息 ====================
                                   漫画ID：5821aac55f6b9a4f93f439d7
                                   标题：わんこの正しいしつけ方 (ドキドキ!プリキュア)[无毒汉化组]
                                   作者：isya
                                   是否完结：是
                                   总页数：14
                                   分类：同人,短篇,百合花園
                                   章节数：1
                                   最后更新时间：2014-07-17T12:46:55.000Z
                                   =================================================
2026-04-03 23:47:54 - mkk_pika - database.py:101 - INFO - 保存成功：わんこの正しいしつけ方 (ドキドキ!プリキュア)[无毒汉化组]
2026-04-03 23:47:54 - mkk_pika - main.py:35 - INFO - 开始检查(スイートピー＆COCOA BREAK01)  きれいな心 (スマイルプリキュア!)是否存在未下载章节
2026-04-03 23:47:55 - mkk_pika - main.py:45 - INFO - 正在下载:[(スイートピー＆COCOA BREAK01)  きれいな心 (スマイルプリキュア!)]-[スイートピー＆COCOA BREAK01]-[['同人', '短篇', '百合花園']]-[total_pages:32]
2026-04-03 23:47:55 - mkk_pika - main.py:49 - INFO - [{'_id': '5821aac65f6b9a4f93f439f9', 'title': '第1集', 'order': 1, 'updated_at': '2016-11-08T10:36:54.927Z', 'id': '5821aac65f6b9a4f93f439f9'}]
2026-04-03 23:47:55 - mkk_pika - database.py:215 - INFO - 第一次下载该漫画，记录数据库中
2026-04-03 23:47:55 - mkk_pika - main.py:83 - INFO - 找到 32 张图片在:第1集
2026-04-03 23:47:56 - mkk_pika - main.py:112 - INFO - [episode:第1集       ] downloaded:    32, total:  32, progress:100%
2026-04-03 23:47:56 - mkk_pika - database.py:238 - INFO - 数据库更新已下载章节
2026-04-03 23:47:56 - mkk_pika - database.py:244 - INFO - 该漫画已下载章节如下
2026-04-03 23:47:56 - mkk_pika - database.py:245 - INFO - ['第1集']
2026-04-03 23:47:57 - mkk_pika - main.py:348 - INFO - ==================== 漫画信息 ====================
                                   漫画ID：5821aac65f6b9a4f93f439f7
                                   标题：(スイートピー＆COCOA BREAK01)  きれいな心 (スマイルプリキュア!)
                                   作者：スイートピー＆COCOA BREAK01
                                   是否完结：是
                                   总页数：32
                                   分类：同人,短篇,百合花園
                                   章节数：1
                                   最后更新时间：2014-07-17T22:46:55.000Z
                                   =================================================
2026-04-03 23:47:57 - mkk_pika - database.py:101 - INFO - 保存成功：(スイートピー＆COCOA BREAK01)  きれいな心 (スマイルプリキュア!)
2026-04-03 23:47:57 - mkk_pika - main.py:35 - INFO - 开始检查[安全第一 (石見翔子)] 女の子はなぜ世界でいちばん人気があるのか (スマイルプリキュア) [DL版]是否存在未下载章节
2026-04-03 23:47:58 - mkk_pika - main.py:45 - INFO - 正在下载:[[安全第一 (石見翔子)] 女の子はなぜ世界でいちばん人気があるのか (スマイルプリキュア) [DL版]]-[石見翔子]-[['同人', '短篇', '百合花園']]-[total_pages:32]
2026-04-03 23:47:58 - mkk_pika - main.py:49 - INFO - [{'_id': '5821aac75f6b9a4f93f43a3d', 'title': '第1集', 'order': 1, 'updated_at': '2016-11-08T10:36:55.395Z', 'id': '5821aac75f6b9a4f93f43a3d'}]
2026-04-03 23:47:58 - mkk_pika - database.py:215 - INFO - 第一次下载该漫画，记录数据库中
2026-04-03 23:47:58 - mkk_pika - main.py:83 - INFO - 找到 32 张图片在:第1集
2026-04-03 23:47:59 - mkk_pika - main.py:112 - INFO - [episode:第1集       ] downloaded:    32, total:  32, progress:100%
2026-04-03 23:47:59 - mkk_pika - database.py:238 - INFO - 数据库更新已下载章节
2026-04-03 23:47:59 - mkk_pika - database.py:244 - INFO - 该漫画已下载章节如下
2026-04-03 23:47:59 - mkk_pika - database.py:245 - INFO - ['第1集']
2026-04-03 23:48:00 - mkk_pika - main.py:348 - INFO - ==================== 漫画信息 ====================
                                   漫画ID：5821aac75f6b9a4f93f43a3b
                                   标题：[安全第一 (石見翔子)] 女の子はなぜ世界でいちばん人気があるのか (スマイルプリキュア) [DL版]
                                   作者：石見翔子
                                   是否完结：是
                                   总页数：32
                                   分类：同人,短篇,百合花園
                                   章节数：1
                                   最后更新时间：2014-07-18T08:46:55.000Z
                                   =================================================
2026-04-03 23:48:00 - mkk_pika - database.py:101 - INFO - 保存成功：[安全第一 (石見翔子)] 女の子はなぜ世界でいちばん人気があるのか (スマイルプリキュア) [DL版]
2026-04-03 23:48:00 - mkk_pika - main.py:35 - INFO - 开始检查奈叶菲特百合本是否存在未下载章节
2026-04-03 23:48:00 - mkk_pika - main.py:45 - INFO - 正在下载:[奈叶菲特百合本]-[不知作者系列]-[['同人', '短篇', '百合花園', '純愛']]-[total_pages:15]
2026-04-03 23:48:00 - mkk_pika - main.py:49 - INFO - [{'_id': '5821aac85f6b9a4f93f43a81', 'title': '第1集', 'order': 1, 'updated_at': '2016-11-08T10:36:56.098Z', 'id': '5821aac85f6b9a4f93f43a81'}]
2026-04-03 23:48:00 - mkk_pika - database.py:215 - INFO - 第一次下载该漫画，记录数据库中
2026-04-03 23:48:01 - mkk_pika - main.py:83 - INFO - 找到 15 张图片在:第1集
2026-04-03 23:48:01 - mkk_pika - main.py:112 - INFO - [episode:第1集       ] downloaded:    15, total:  15, progress:100%
2026-04-03 23:48:01 - mkk_pika - database.py:238 - INFO - 数据库更新已下载章节
2026-04-03 23:48:01 - mkk_pika - database.py:244 - INFO - 该漫画已下载章节如下
2026-04-03 23:48:01 - mkk_pika - database.py:245 - INFO - ['第1集']
2026-04-03 23:48:03 - mkk_pika - main.py:348 - INFO - ==================== 漫画信息 ====================
                                   漫画ID：5821aac75f6b9a4f93f43a7f
                                   标题：奈叶菲特百合本
                                   作者：不知作者系列
                                   是否完结：是
                                   总页数：15
                                   分类：同人,短篇,百合花園,純愛
                                   章节数：1
                                   最后更新时间：2014-07-18T18:46:55.000Z
                                   =================================================
2026-04-03 23:48:03 - mkk_pika - database.py:101 - INFO - 保存成功：奈叶菲特百合本
2026-04-03 23:48:03 - mkk_pika - main.py:35 - INFO - 开始检查(C87)さんといっしょ 15 (カノン) [无毒汉化组]是否存在未下载章节
2026-04-03 23:48:03 - mkk_pika - main.py:45 - INFO - 正在下载:[(C87)さんといっしょ 15 (カノン) [无毒汉化组]]-[みたらし倶楽部 (みたらし侯成)]-[['短篇']]-[total_pages:31]
2026-04-03 23:48:03 - mkk_pika - main.py:49 - INFO - [{'_id': '5821aac85f6b9a4f93f43aa3', 'title': '第1集', 'order': 1, 'updated_at': '2016-11-08T10:36:56.745Z', 'id': '5821aac85f6b9a4f93f43aa3'}]
2026-04-03 23:48:03 - mkk_pika - database.py:215 - INFO - 第一次下载该漫画，记录数据库中
2026-04-03 23:48:04 - mkk_pika - main.py:83 - INFO - 找到 31 张图片在:第1集
2026-04-03 23:48:04 - mkk_pika - main.py:112 - INFO - [episode:第1集       ] downloaded:    31, total:  31, progress:100%
2026-04-03 23:48:04 - mkk_pika - database.py:238 - INFO - 数据库更新已下载章节
2026-04-03 23:48:04 - mkk_pika - database.py:244 - INFO - 该漫画已下载章节如下
2026-04-03 23:48:04 - mkk_pika - database.py:245 - INFO - ['第1集']
2026-04-03 23:48:06 - mkk_pika - main.py:348 - INFO - ==================== 漫画信息 ====================
                                   漫画ID：5821aac85f6b9a4f93f43aa1
                                   标题：(C87)さんといっしょ 15 (カノン) [无毒汉化组]
                                   作者：みたらし倶楽部 (みたらし侯成)
                                   是否完结：是
                                   总页数：31
                                   分类：短篇
                                   章节数：1
                                   最后更新时间：2014-07-19T04:46:55.000Z
                                   =================================================
2026-04-03 23:48:06 - mkk_pika - database.py:101 - INFO - 保存成功：(C87)さんといっしょ 15 (カノン) [无毒汉化组]
2026-04-03 23:48:06 - mkk_pika - main.py:35 - INFO - 开始检查(C80) [MAIDOLL (飛燕)] アクアマリン After Story (アリア) 是否存在未下载章节
2026-04-03 23:48:06 - mkk_pika - main.py:45 - INFO - 正在下载:[(C80) [MAIDOLL (飛燕)] アクアマリン After Story (アリア) ]-[MAIDOLL (飛燕)]-[['同人', '短篇', '百合花園']]-[total_pages:16]
2026-04-03 23:48:06 - mkk_pika - main.py:49 - INFO - [{'_id': '5821aaca5f6b9a4f93f43c5d', 'title': '第1集', 'order': 1, 'updated_at': '2016-11-08T10:36:58.329Z', 'id': '5821aaca5f6b9a4f93f43c5d'}]
2026-04-03 23:48:06 - mkk_pika - database.py:215 - INFO - 第一次下载该漫画，记录数据库中
2026-04-03 23:48:06 - mkk_pika - main.py:83 - INFO - 找到 16 张图片在:第1集
2026-04-03 23:48:07 - mkk_pika - main.py:112 - INFO - [episode:第1集       ] downloaded:    16, total:  16, progress:100%
2026-04-03 23:48:07 - mkk_pika - database.py:238 - INFO - 数据库更新已下载章节
2026-04-03 23:48:07 - mkk_pika - database.py:244 - INFO - 该漫画已下载章节如下
2026-04-03 23:48:07 - mkk_pika - database.py:245 - INFO - ['第1集']
2026-04-03 23:48:08 - mkk_pika - main.py:348 - INFO - ==================== 漫画信息 ====================
                                   漫画ID：5821aac95f6b9a4f93f43c5b
                                   标题：(C80) [MAIDOLL (飛燕)] アクアマリン After Story (アリア) 
                                   作者：MAIDOLL (飛燕)
                                   是否完结：是
                                   总页数：16
                                   分类：同人,短篇,百合花園
                                   章节数：1
                                   最后更新时间：2014-07-20T00:46:55.000Z
                                   =================================================
2026-04-03 23:48:08 - mkk_pika - database.py:101 - INFO - 保存成功：(C80) [MAIDOLL (飛燕)] アクアマリン After Story (アリア) 
2026-04-03 23:48:08 - mkk_pika - main.py:35 - INFO - 开始检查[脸肿汉化组](C89) [MAIDOLL (飛燕)] 芽衣子の足下には変態が興奮している (監獄学園)1是否存在未下载章节
2026-04-03 23:48:08 - mkk_pika - main.py:45 - INFO - 正在下载:[[脸肿汉化组](C89) [MAIDOLL (飛燕)] 芽衣子の足下には変態が興奮している (監獄学園)1]-[MAIDOLL (飛燕)]-[['同人', '短篇', '足の恋']]-[total_pages:28]
2026-04-03 23:48:08 - mkk_pika - main.py:49 - INFO - [{'_id': '5821aaca5f6b9a4f93f43c81', 'title': '第1集', 'order': 1, 'updated_at': '2016-11-08T10:36:58.719Z', 'id': '5821aaca5f6b9a4f93f43c81'}]
2026-04-03 23:48:08 - mkk_pika - database.py:215 - INFO - 第一次下载该漫画，记录数据库中
2026-04-03 23:48:09 - mkk_pika - main.py:83 - INFO - 找到 28 张图片在:第1集
2026-04-03 23:48:10 - mkk_pika - main.py:112 - INFO - [episode:第1集       ] downloaded:    28, total:  28, progress:100%
2026-04-03 23:48:10 - mkk_pika - database.py:238 - INFO - 数据库更新已下载章节
2026-04-03 23:48:10 - mkk_pika - database.py:244 - INFO - 该漫画已下载章节如下
2026-04-03 23:48:10 - mkk_pika - database.py:245 - INFO - ['第1集']
2026-04-03 23:48:11 - mkk_pika - main.py:348 - INFO - ==================== 漫画信息 ====================
                                   漫画ID：5821aaca5f6b9a4f93f43c7f
                                   标题：[脸肿汉化组](C89) [MAIDOLL (飛燕)] 芽衣子の足下には変態が興奮している (監獄学園)1
                                   作者：MAIDOLL (飛燕)
                                   是否完结：是
                                   总页数：28
                                   分类：同人,短篇,足の恋
                                   章节数：1
                                   最后更新时间：2014-07-20T10:46:55.000Z
                                   =================================================
2026-04-03 23:48:11 - mkk_pika - database.py:101 - INFO - 保存成功：[脸肿汉化组](C89) [MAIDOLL (飛燕)] 芽衣子の足下には変態が興奮している (監獄学園)1
2026-04-03 23:48:11 - mkk_pika - main.py:35 - INFO - 开始检查[无毒汉化组][新堂エル] 変身 -emergence- 第7話[最终话]是否存在未下载章节
2026-04-03 23:48:11 - mkk_pika - main.py:45 - INFO - 正在下载:[[无毒汉化组][新堂エル] 変身 -emergence- 第7話[最终话]]-[新堂エル]-[['短篇']]-[total_pages:42]
2026-04-03 23:48:11 - mkk_pika - main.py:49 - INFO - [{'_id': '5821aacb5f6b9a4f93f43cfd', 'title': '第1集', 'order': 1, 'updated_at': '2016-11-08T10:36:59.988Z', 'id': '5821aacb5f6b9a4f93f43cfd'}]
2026-04-03 23:48:11 - mkk_pika - database.py:215 - INFO - 第一次下载该漫画，记录数据库中
2026-04-03 23:48:12 - mkk_pika - main.py:83 - INFO - 找到 42 张图片在:第1集
2026-04-03 23:48:13 - mkk_pika - main.py:112 - INFO - [episode:第1集       ] downloaded:    42, total:  42, progress:100%
2026-04-03 23:48:13 - mkk_pika - database.py:238 - INFO - 数据库更新已下载章节
2026-04-03 23:48:13 - mkk_pika - database.py:244 - INFO - 该漫画已下载章节如下
2026-04-03 23:48:13 - mkk_pika - database.py:245 - INFO - ['第1集']
2026-04-03 23:48:14 - mkk_pika - main.py:348 - INFO - ==================== 漫画信息 ====================
                                   漫画ID：5821aacb5f6b9a4f93f43cfb
                                   标题：[无毒汉化组][新堂エル] 変身 -emergence- 第7話[最终话]
                                   作者：新堂エル
                                   是否完结：是
                                   总页数：42
                                   分类：短篇
                                   章节数：1
                                   最后更新时间：2014-07-21T06:46:55.000Z
                                   =================================================
2026-04-03 23:48:14 - mkk_pika - database.py:101 - INFO - 保存成功：[无毒汉化组][新堂エル] 変身 -emergence- 第7話[最终话]
2026-04-03 23:48:14 - mkk_pika - main.py:35 - INFO - 开始检查(スイートピー＆COCOA BREAK05)   ふわふわおふろえっち (スマイルプリキュア!)[无毒汉化组]是否存在未下载章节
2026-04-03 23:48:15 - mkk_pika - main.py:45 - INFO - 正在下载:[(スイートピー＆COCOA BREAK05)   ふわふわおふろえっち (スマイルプリキュア!)[无毒汉化组]]-[スイートピー＆COCOA BREAK05]-[['同人', '短篇', '百合花園']]-[total_pages:26]
2026-04-03 23:48:15 - mkk_pika - main.py:49 - INFO - [{'_id': '5821aadb5f6b9a4f93f446cf', 'title': '第1集', 'order': 1, 'updated_at': '2016-11-08T10:37:15.959Z', 'id': '5821aadb5f6b9a4f93f446cf'}]
2026-04-03 23:48:15 - mkk_pika - database.py:215 - INFO - 第一次下载该漫画，记录数据库中
2026-04-03 23:48:15 - mkk_pika - main.py:83 - INFO - 找到 26 张图片在:第1集
2026-04-03 23:48:16 - mkk_pika - main.py:112 - INFO - [episode:第1集       ] downloaded:    26, total:  26, progress:100%
2026-04-03 23:48:16 - mkk_pika - database.py:238 - INFO - 数据库更新已下载章节
2026-04-03 23:48:16 - mkk_pika - database.py:244 - INFO - 该漫画已下载章节如下
2026-04-03 23:48:16 - mkk_pika - database.py:245 - INFO - ['第1集']
2026-04-03 23:48:17 - mkk_pika - main.py:348 - INFO - ==================== 漫画信息 ====================
                                   漫画ID：5821aadb5f6b9a4f93f446cd
                                   标题：(スイートピー＆COCOA BREAK05)   ふわふわおふろえっち (スマイルプリキュア!)[无毒汉化组]
                                   作者：スイートピー＆COCOA BREAK05
                                   是否完结：是
                                   总页数：26
                                   分类：同人,短篇,百合花園
                                   章节数：1
                                   最后更新时间：2014-07-24T14:46:55.000Z
                                   =================================================
2026-04-03 23:48:17 - mkk_pika - database.py:101 - INFO - 保存成功：(スイートピー＆COCOA BREAK05)   ふわふわおふろえっち (スマイルプリキュア!)[无毒汉化组]
2026-04-03 23:48:17 - mkk_pika - main.py:35 - INFO - 开始检查光美百合本是否存在未下载章节
2026-04-03 23:48:18 - mkk_pika - main.py:45 - INFO - 正在下载:[光美百合本]-[スイートピー＆COCOA BREAK]-[['同人', '短篇', '百合花園']]-[total_pages:21]
2026-04-03 23:48:18 - mkk_pika - main.py:49 - INFO - [{'_id': '5821aadc5f6b9a4f93f44707', 'title': '第1集', 'order': 1, 'updated_at': '2016-11-08T10:37:16.636Z', 'id': '5821aadc5f6b9a4f93f44707'}]
2026-04-03 23:48:18 - mkk_pika - database.py:215 - INFO - 第一次下载该漫画，记录数据库中
2026-04-03 23:48:18 - mkk_pika - main.py:83 - INFO - 找到 21 张图片在:第1集
2026-04-03 23:48:19 - mkk_pika - main.py:112 - INFO - [episode:第1集       ] downloaded:    21, total:  21, progress:100%
2026-04-03 23:48:19 - mkk_pika - database.py:238 - INFO - 数据库更新已下载章节
2026-04-03 23:48:19 - mkk_pika - database.py:244 - INFO - 该漫画已下载章节如下
2026-04-03 23:48:19 - mkk_pika - database.py:245 - INFO - ['第1集']
2026-04-03 23:48:20 - mkk_pika - main.py:348 - INFO - ==================== 漫画信息 ====================
                                   漫画ID：5821aadc5f6b9a4f93f44705
                                   标题：光美百合本
                                   作者：スイートピー＆COCOA BREAK
                                   是否完结：是
                                   总页数：21
                                   分类：同人,短篇,百合花園
                                   章节数：1
                                   最后更新时间：2014-07-25T00:46:55.000Z
                                   =================================================
2026-04-03 23:48:20 - mkk_pika - database.py:101 - INFO - 保存成功：光美百合本
2026-04-03 23:48:20 - mkk_pika - main.py:35 - INFO - 开始检查[ムラムラPocky(かすみ)]百万分の一の想い(ドキドキ！プリキュア)是否存在未下载章节
2026-04-03 23:48:20 - mkk_pika - main.py:45 - INFO - 正在下载:[[ムラムラPocky(かすみ)]百万分の一の想い(ドキドキ！プリキュア)]-[ムラムラPocky(かすみ)]-[['同人', '短篇', '百合花園']]-[total_pages:25]
2026-04-03 23:48:20 - mkk_pika - main.py:49 - INFO - [{'_id': '5821aadd5f6b9a4f93f44735', 'title': '第1集', 'order': 1, 'updated_at': '2016-11-08T10:37:17.047Z', 'id': '5821aadd5f6b9a4f93f44735'}]
2026-04-03 23:48:20 - mkk_pika - database.py:215 - INFO - 第一次下载该漫画，记录数据库中
2026-04-03 23:48:21 - mkk_pika - main.py:83 - INFO - 找到 25 张图片在:第1集
2026-04-03 23:48:22 - mkk_pika - main.py:112 - INFO - [episode:第1集       ] downloaded:    25, total:  25, progress:100%
2026-04-03 23:48:22 - mkk_pika - database.py:238 - INFO - 数据库更新已下载章节
2026-04-03 23:48:22 - mkk_pika - database.py:244 - INFO - 该漫画已下载章节如下
2026-04-03 23:48:22 - mkk_pika - database.py:245 - INFO - ['第1集']
2026-04-03 23:48:23 - mkk_pika - main.py:348 - INFO - ==================== 漫画信息 ====================
                                   漫画ID：5821aadc5f6b9a4f93f44733
                                   标题：[ムラムラPocky(かすみ)]百万分の一の想い(ドキドキ！プリキュア)
                                   作者：ムラムラPocky(かすみ)
                                   是否完结：是
                                   总页数：25
                                   分类：同人,短篇,百合花園
                                   章节数：1
                                   最后更新时间：2014-07-25T10:46:55.000Z
                                   =================================================
2026-04-03 23:48:23 - mkk_pika - database.py:101 - INFO - 保存成功：[ムラムラPocky(かすみ)]百万分の一の想い(ドキドキ！プリキュア)
2026-04-03 23:48:23 - mkk_pika - main.py:380 - INFO - 本次任务下载完毕
2026-04-03 23:48:23 - mkk_pika - database.py:173 - INFO - 数据库连接已关闭
