2026-05-18 00:05:41 - mkk_pika - main.py:193 - INFO - =======================================================================
2026-05-18 00:05:41 - mkk_pika - database.py:61 - INFO - 表和索引初始化成功
2026-05-18 00:05:41 - mkk_pika - main.py:197 - INFO - 已经累计下载10639本漫画
2026-05-18 00:05:41 - mkk_pika - api.py:87 - INFO - 登录成功
2026-05-18 00:05:42 - mkk_pika - main.py:203 - INFO - 收藏夹共计0本漫画
2026-05-18 00:05:42 - mkk_pika - main.py:206 - INFO - 开始下载收藏夹内未下载内容
2026-05-18 00:05:42 - mkk_pika - main.py:266 - INFO - 收藏夹内容下载完毕
2026-05-18 00:05:42 - mkk_pika - main.py:268 - INFO - 开始下载订阅内容
2026-05-18 00:05:42 - mkk_pika - database.py:258 - INFO - 根据ID查询到标题：萝莉 -> 陽菜ちゃん調教日記|阳菜酱的调教日记 [中国翻译][進行中]
2026-05-18 00:05:42 - mkk_pika - database.py:101 - INFO - 保存成功：陽菜ちゃん調教日記|阳菜酱的调教日记 [中国翻译][進行中]
2026-05-18 00:05:42 - mkk_pika - main.py:273 - INFO - 关键词萝莉找到1本漫画
2026-05-18 00:05:42 - mkk_pika - database.py:258 - INFO - 根据ID查询到标题：蘿莉 -> [Artist] formalaut7699（AI）
2026-05-18 00:05:43 - mkk_pika - database.py:101 - INFO - 保存成功：Ningguang x loli Keqing（AI）
2026-05-18 00:05:43 - mkk_pika - main.py:273 - INFO - 关键词蘿莉找到0本漫画
2026-05-18 00:05:43 - mkk_pika - main.py:275 - INFO - 订阅内容共计1本漫画
2026-05-18 00:05:43 - mkk_pika - main.py:35 - INFO - 开始检查私たちが153cmだった時のこと [DL版][中国翻译]是否存在未下载章节
2026-05-18 00:05:43 - mkk_pika - database.py:203 - INFO - 查询数据库中是否已存在生肉
2026-05-18 00:05:43 - mkk_pika - database.py:203 - INFO - 查询数据库中是否已存在熟肉8618整合
2026-05-18 00:05:43 - mkk_pika - database.py:203 - INFO - 查询数据库中是否已存在熟肉revolving整合&重嵌
2026-05-18 00:05:43 - mkk_pika - database.py:203 - INFO - 查询数据库中是否已存在熟肉aaaeeeo个人机翻汉化
2026-05-18 00:05:43 - mkk_pika - main.py:51 - INFO - 私たちが153cmだった時のこと [DL版][中国翻译]中没有可下载章节
2026-05-18 00:05:43 - mkk_pika - main.py:292 - INFO - ==================== 漫画信息 ====================
                                漫画ID：69f642a965d95803a0837473
                                标题：私たちが153cmだった時のこと [DL版][中国翻译]
                                作者：鳥居ヨシツナ
                                是否完结：是
                                总页数：737
                                分类：長篇,單行本
                                章节数：4
                                最后更新时间：2026-05-09T15:40:52.495Z
                                =================================================
2026-05-18 00:05:43 - mkk_pika - database.py:101 - INFO - 保存成功：私たちが153cmだった時のこと [DL版][中国翻译]
2026-05-18 00:05:43 - mkk_pika - main.py:323 - INFO - 订阅内容内容下载完毕
2026-05-18 00:05:43 - mkk_pika - main.py:324 - INFO - 开始分批下载全部章节
2026-05-18 00:05:43 - mkk_pika - database.py:280 - INFO - 表和索引初始化成功
2026-05-18 00:05:44 - mkk_pika - main.py:177 - INFO - 已经下载了728页，一共6908页，现在开始添加第729页
2026-05-18 00:05:45 - mkk_pika - database.py:318 - INFO - 保存成功
2026-05-18 00:05:45 - mkk_pika - main.py:177 - INFO - 已经下载了729页，一共6908页，现在开始添加第730页
2026-05-18 00:05:45 - mkk_pika - database.py:318 - INFO - 保存成功
2026-05-18 00:05:46 - mkk_pika - main.py:177 - INFO - 已经下载了730页，一共6908页，现在开始添加第731页
2026-05-18 00:05:47 - mkk_pika - database.py:318 - INFO - 保存成功
2026-05-18 00:05:47 - mkk_pika - main.py:177 - INFO - 已经下载了731页，一共6908页，现在开始添加第732页
2026-05-18 00:05:47 - mkk_pika - database.py:318 - INFO - 保存成功
2026-05-18 00:05:48 - mkk_pika - main.py:177 - INFO - 已经下载了732页，一共6908页，现在开始添加第733页
2026-05-18 00:05:48 - mkk_pika - database.py:318 - INFO - 保存成功
2026-05-18 00:05:48 - mkk_pika - main.py:331 - INFO - 分批下载共计53本漫画
2026-05-18 00:05:48 - mkk_pika - main.py:35 - INFO - 开始检查だれにもいえないコト是否存在未下载章节
2026-05-18 00:05:48 - mkk_pika - main.py:45 - INFO - 正在下载:[だれにもいえないコト]-[岡田コウ]-[['長篇', '妹妹系', '強暴']]-[total_pages:257]
2026-05-18 00:05:48 - mkk_pika - main.py:49 - INFO - [{'_id': '5987d7bbe584ba1befe47cd4', 'title': '第1集', 'order': 1, 'updated_at': '2017-08-06T07:37:44.661Z', 'id': '5987d7bbe584ba1befe47cd4'}]
2026-05-18 00:05:48 - mkk_pika - database.py:215 - INFO - 第一次下载该漫画，记录数据库中
2026-05-18 00:05:50 - mkk_pika - main.py:83 - INFO - 找到 257 张图片在:第1集
2026-05-18 00:05:55 - mkk_pika - main.py:112 - INFO - [episode:第1集       ] downloaded:   257, total: 257, progress:100%
2026-05-18 00:05:55 - mkk_pika - database.py:238 - INFO - 数据库更新已下载章节
2026-05-18 00:05:55 - mkk_pika - database.py:244 - INFO - 该漫画已下载章节如下
2026-05-18 00:05:55 - mkk_pika - database.py:245 - INFO - ['第1集']
2026-05-18 00:05:57 - mkk_pika - main.py:348 - INFO - ==================== 漫画信息 ====================
                                   漫画ID：5987d7bbe584ba1befe47cd3
                                   标题：だれにもいえないコト
                                   作者：岡田コウ
                                   是否完结：是
                                   总页数：257
                                   分类：長篇,妹妹系,強暴
                                   章节数：1
                                   最后更新时间：2017-08-07T03:00:11.911Z
                                   =================================================
2026-05-18 00:05:57 - mkk_pika - database.py:101 - INFO - 保存成功：だれにもいえないコト
2026-05-18 00:05:57 - mkk_pika - main.py:35 - INFO - 开始检查近親交姦家族♥是否存在未下载章节
2026-05-18 00:05:57 - mkk_pika - main.py:45 - INFO - 正在下载:[近親交姦家族♥]-[後藤寿庵]-[['長篇', '姐姐系', '妹妹系', '人妻']]-[total_pages:225]
2026-05-18 00:05:57 - mkk_pika - main.py:49 - INFO - [{'_id': '5987d7c3a8f1f8509a49967f', 'title': '第1集', 'order': 1, 'updated_at': '2017-08-06T15:41:14.609Z', 'id': '5987d7c3a8f1f8509a49967f'}]
2026-05-18 00:05:57 - mkk_pika - database.py:215 - INFO - 第一次下载该漫画，记录数据库中
2026-05-18 00:05:59 - mkk_pika - main.py:83 - INFO - 找到 225 张图片在:第1集
2026-05-18 00:06:03 - mkk_pika - main.py:112 - INFO - [episode:第1集       ] downloaded:   225, total: 225, progress:100%
2026-05-18 00:06:03 - mkk_pika - database.py:238 - INFO - 数据库更新已下载章节
2026-05-18 00:06:03 - mkk_pika - database.py:244 - INFO - 该漫画已下载章节如下
2026-05-18 00:06:03 - mkk_pika - database.py:245 - INFO - ['第1集']
2026-05-18 00:06:04 - mkk_pika - main.py:348 - INFO - ==================== 漫画信息 ====================
                                   漫画ID：5987d7c3a8f1f8509a49967e
                                   标题：近親交姦家族♥
                                   作者：後藤寿庵
                                   是否完结：是
                                   总页数：225
                                   分类：長篇,姐姐系,妹妹系,人妻
                                   章节数：1
                                   最后更新时间：2017-08-07T03:00:19.803Z
                                   =================================================
2026-05-18 00:06:04 - mkk_pika - database.py:101 - INFO - 保存成功：近親交姦家族♥
2026-05-18 00:06:04 - mkk_pika - main.py:35 - INFO - 开始检查SO1REE是否存在未下载章节
2026-05-18 00:06:05 - mkk_pika - main.py:45 - INFO - 正在下载:[SO1REE]-[柊ゆたか]-[['短篇', '純愛', '百合花園']]-[total_pages:19]
2026-05-18 00:06:05 - mkk_pika - main.py:49 - INFO - [{'_id': '59882772842c3222650c6b52', 'title': '第1集', 'order': 1, 'updated_at': '2017-08-07T05:56:55.081Z', 'id': '59882772842c3222650c6b52'}]
2026-05-18 00:06:05 - mkk_pika - database.py:215 - INFO - 第一次下载该漫画，记录数据库中
2026-05-18 00:06:05 - mkk_pika - main.py:83 - INFO - 找到 19 张图片在:第1集
2026-05-18 00:06:06 - mkk_pika - main.py:112 - INFO - [episode:第1集       ] downloaded:    19, total:  19, progress:100%
2026-05-18 00:06:06 - mkk_pika - database.py:238 - INFO - 数据库更新已下载章节
2026-05-18 00:06:06 - mkk_pika - database.py:244 - INFO - 该漫画已下载章节如下
2026-05-18 00:06:06 - mkk_pika - database.py:245 - INFO - ['第1集']
2026-05-18 00:06:07 - mkk_pika - main.py:348 - INFO - ==================== 漫画信息 ====================
                                   漫画ID：5987d7ce6a971f5086360dd0
                                   标题：SO1REE
                                   作者：柊ゆたか
                                   是否完结：是
                                   总页数：19
                                   分类：短篇,純愛,百合花園
                                   章节数：1
                                   最后更新时间：2017-08-07T03:00:30.784Z
                                   =================================================
2026-05-18 00:06:07 - mkk_pika - database.py:101 - INFO - 保存成功：SO1REE
2026-05-18 00:06:07 - mkk_pika - main.py:35 - INFO - 开始检查ちょっと一杯 是否存在未下载章节
2026-05-18 00:06:07 - mkk_pika - main.py:45 - INFO - 正在下载:[ちょっと一杯 ]-[きひる]-[['短篇', '人妻']]-[total_pages:28]
2026-05-18 00:06:07 - mkk_pika - main.py:49 - INFO - [{'_id': '5987d7e0b912ee31bb6ed959', 'title': '第1集', 'order': 1, 'updated_at': '2017-08-06T17:20:48.056Z', 'id': '5987d7e0b912ee31bb6ed959'}]
2026-05-18 00:06:07 - mkk_pika - database.py:215 - INFO - 第一次下载该漫画，记录数据库中
2026-05-18 00:06:08 - mkk_pika - main.py:83 - INFO - 找到 28 张图片在:第1集
2026-05-18 00:06:08 - mkk_pika - main.py:112 - INFO - [episode:第1集       ] downloaded:    28, total:  28, progress:100%
2026-05-18 00:06:08 - mkk_pika - database.py:238 - INFO - 数据库更新已下载章节
2026-05-18 00:06:08 - mkk_pika - database.py:244 - INFO - 该漫画已下载章节如下
2026-05-18 00:06:08 - mkk_pika - database.py:245 - INFO - ['第1集']
2026-05-18 00:06:10 - mkk_pika - main.py:348 - INFO - ==================== 漫画信息 ====================
                                   漫画ID：5987d7e0b912ee31bb6ed958
                                   标题：ちょっと一杯 
                                   作者：きひる
                                   是否完结：是
                                   总页数：28
                                   分类：短篇,人妻
                                   章节数：1
                                   最后更新时间：2017-08-07T03:00:48.694Z
                                   =================================================
2026-05-18 00:06:10 - mkk_pika - database.py:101 - INFO - 保存成功：ちょっと一杯 
2026-05-18 00:06:10 - mkk_pika - main.py:35 - INFO - 开始检查魔界植物ギジエール先生是否存在未下载章节
2026-05-18 00:06:10 - mkk_pika - main.py:45 - INFO - 正在下载:[魔界植物ギジエール先生]-[しいなかずき]-[['長篇']]-[total_pages:188]
2026-05-18 00:06:10 - mkk_pika - main.py:49 - INFO - [{'_id': '5987d845a8f1f8509a499764', 'title': '第1集', 'order': 1, 'updated_at': '2017-08-06T19:51:34.549Z', 'id': '5987d845a8f1f8509a499764'}]
2026-05-18 00:06:10 - mkk_pika - database.py:215 - INFO - 第一次下载该漫画，记录数据库中
2026-05-18 00:06:11 - mkk_pika - main.py:83 - INFO - 找到 188 张图片在:第1集
2026-05-18 00:06:15 - mkk_pika - main.py:112 - INFO - [episode:第1集       ] downloaded:   188, total: 188, progress:100%
2026-05-18 00:06:15 - mkk_pika - database.py:238 - INFO - 数据库更新已下载章节
2026-05-18 00:06:15 - mkk_pika - database.py:244 - INFO - 该漫画已下载章节如下
2026-05-18 00:06:15 - mkk_pika - database.py:245 - INFO - ['第1集']
2026-05-18 00:06:16 - mkk_pika - main.py:348 - INFO - ==================== 漫画信息 ====================
                                   漫画ID：5987d845a8f1f8509a499763
                                   标题：魔界植物ギジエール先生
                                   作者：しいなかずき
                                   是否完结：是
                                   总页数：188
                                   分类：長篇
                                   章节数：1
                                   最后更新时间：2017-08-07T03:02:29.010Z
                                   =================================================
2026-05-18 00:06:16 - mkk_pika - database.py:101 - INFO - 保存成功：魔界植物ギジエール先生
2026-05-18 00:06:16 - mkk_pika - main.py:35 - INFO - 开始检查フタ魔女Ecstasy是否存在未下载章节
2026-05-18 00:06:16 - mkk_pika - main.py:45 - INFO - 正在下载:[フタ魔女Ecstasy]-[ぼんなり]-[['長篇', '扶他樂園', '全彩']]-[total_pages:168]
2026-05-18 00:06:16 - mkk_pika - main.py:49 - INFO - [{'_id': '5987d85f4bcece3187937890', 'title': '第1集', 'order': 1, 'updated_at': '2017-08-06T21:22:50.847Z', 'id': '5987d85f4bcece3187937890'}]
2026-05-18 00:06:16 - mkk_pika - database.py:215 - INFO - 第一次下载该漫画，记录数据库中
2026-05-18 00:06:18 - mkk_pika - main.py:83 - INFO - 找到 168 张图片在:第1集
2026-05-18 00:06:21 - mkk_pika - main.py:112 - INFO - [episode:第1集       ] downloaded:   168, total: 168, progress:100%
2026-05-18 00:06:21 - mkk_pika - database.py:238 - INFO - 数据库更新已下载章节
2026-05-18 00:06:21 - mkk_pika - database.py:244 - INFO - 该漫画已下载章节如下
2026-05-18 00:06:21 - mkk_pika - database.py:245 - INFO - ['第1集']
2026-05-18 00:06:22 - mkk_pika - main.py:348 - INFO - ==================== 漫画信息 ====================
                                   漫画ID：5987d85f4bcece318793788f
                                   标题：フタ魔女Ecstasy
                                   作者：ぼんなり
                                   是否完结：是
                                   总页数：168
                                   分类：長篇,扶他樂園,全彩
                                   章节数：1
                                   最后更新时间：2017-08-07T03:02:55.306Z
                                   =================================================
2026-05-18 00:06:22 - mkk_pika - database.py:101 - INFO - 保存成功：フタ魔女Ecstasy
2026-05-18 00:06:22 - mkk_pika - main.py:35 - INFO - 开始检查略奪ママハンター是否存在未下载章节
2026-05-18 00:06:22 - mkk_pika - main.py:45 - INFO - 正在下载:[略奪ママハンター]-[秋草ぺぺろん]-[['長篇']]-[total_pages:187]
2026-05-18 00:06:22 - mkk_pika - main.py:49 - INFO - [{'_id': '5987d883b8c05150730244dc', 'title': '第1集', 'order': 1, 'updated_at': '2017-08-07T02:04:47.655Z', 'id': '5987d883b8c05150730244dc'}]
2026-05-18 00:06:22 - mkk_pika - database.py:215 - INFO - 第一次下载该漫画，记录数据库中
2026-05-18 00:06:24 - mkk_pika - main.py:83 - INFO - 找到 187 张图片在:第1集
2026-05-18 00:06:27 - mkk_pika - main.py:112 - INFO - [episode:第1集       ] downloaded:   187, total: 187, progress:100%
2026-05-18 00:06:27 - mkk_pika - database.py:238 - INFO - 数据库更新已下载章节
2026-05-18 00:06:27 - mkk_pika - database.py:244 - INFO - 该漫画已下载章节如下
2026-05-18 00:06:27 - mkk_pika - database.py:245 - INFO - ['第1集']
2026-05-18 00:06:28 - mkk_pika - main.py:348 - INFO - ==================== 漫画信息 ====================
                                   漫画ID：5987d883b8c05150730244db
                                   标题：略奪ママハンター
                                   作者：秋草ぺぺろん
                                   是否完结：是
                                   总页数：187
                                   分类：長篇
                                   章节数：1
                                   最后更新时间：2017-08-07T03:03:31.408Z
                                   =================================================
2026-05-18 00:06:28 - mkk_pika - database.py:101 - INFO - 保存成功：略奪ママハンター
2026-05-18 00:06:28 - mkk_pika - main.py:35 - INFO - 开始检查キツデレ是否存在未下载章节
2026-05-18 00:06:29 - mkk_pika - main.py:45 - INFO - 正在下载:[キツデレ]-[石川シスケ]-[['長篇']]-[total_pages:209]
2026-05-18 00:06:29 - mkk_pika - main.py:49 - INFO - [{'_id': '5987d8a34bcece318793793c', 'title': '第1集', 'order': 1, 'updated_at': '2017-08-07T02:31:02.483Z', 'id': '5987d8a34bcece318793793c'}]
2026-05-18 00:06:29 - mkk_pika - database.py:215 - INFO - 第一次下载该漫画，记录数据库中
2026-05-18 00:06:31 - mkk_pika - main.py:83 - INFO - 找到 209 张图片在:第1集
2026-05-18 00:06:35 - mkk_pika - main.py:112 - INFO - [episode:第1集       ] downloaded:   209, total: 209, progress:100%
2026-05-18 00:06:35 - mkk_pika - database.py:238 - INFO - 数据库更新已下载章节
2026-05-18 00:06:35 - mkk_pika - database.py:244 - INFO - 该漫画已下载章节如下
2026-05-18 00:06:35 - mkk_pika - database.py:245 - INFO - ['第1集']
2026-05-18 00:06:36 - mkk_pika - main.py:348 - INFO - ==================== 漫画信息 ====================
                                   漫画ID：5987d8a34bcece318793793b
                                   标题：キツデレ
                                   作者：石川シスケ
                                   是否完结：是
                                   总页数：209
                                   分类：長篇
                                   章节数：1
                                   最后更新时间：2017-08-07T03:04:03.146Z
                                   =================================================
2026-05-18 00:06:36 - mkk_pika - database.py:101 - INFO - 保存成功：キツデレ
2026-05-18 00:06:36 - mkk_pika - main.py:35 - INFO - 开始检查好きなんだけど是否存在未下载章节
2026-05-18 00:06:36 - mkk_pika - main.py:45 - INFO - 正在下载:[好きなんだけど]-[石川シスケ]-[['長篇']]-[total_pages:213]
2026-05-18 00:06:36 - mkk_pika - main.py:49 - INFO - [{'_id': '5987d8aba8f1f8509a499826', 'title': '第1集', 'order': 1, 'updated_at': '2017-08-07T02:39:38.044Z', 'id': '5987d8aba8f1f8509a499826'}]
2026-05-18 00:06:36 - mkk_pika - database.py:215 - INFO - 第一次下载该漫画，记录数据库中
2026-05-18 00:06:38 - mkk_pika - main.py:83 - INFO - 找到 213 张图片在:第1集
2026-05-18 00:06:42 - mkk_pika - main.py:112 - INFO - [episode:第1集       ] downloaded:   213, total: 213, progress:100%
2026-05-18 00:06:42 - mkk_pika - database.py:238 - INFO - 数据库更新已下载章节
2026-05-18 00:06:42 - mkk_pika - database.py:244 - INFO - 该漫画已下载章节如下
2026-05-18 00:06:42 - mkk_pika - database.py:245 - INFO - ['第1集']
2026-05-18 00:06:43 - mkk_pika - main.py:348 - INFO - ==================== 漫画信息 ====================
                                   漫画ID：5987d8aba8f1f8509a499825
                                   标题：好きなんだけど
                                   作者：石川シスケ
                                   是否完结：是
                                   总页数：213
                                   分类：長篇
                                   章节数：1
                                   最后更新时间：2017-08-07T03:04:11.855Z
                                   =================================================
2026-05-18 00:06:43 - mkk_pika - database.py:101 - INFO - 保存成功：好きなんだけど
2026-05-18 00:06:43 - mkk_pika - main.py:35 - INFO - 开始检查やりすぎめるへん是否存在未下载章节
2026-05-18 00:06:43 - mkk_pika - main.py:45 - INFO - 正在下载:[やりすぎめるへん]-[石川シスケ]-[['長篇']]-[total_pages:208]
2026-05-18 00:06:43 - mkk_pika - main.py:49 - INFO - [{'_id': '5987d8b4b8c0515073024599', 'title': '第1集', 'order': 1, 'updated_at': '2017-08-07T02:49:33.064Z', 'id': '5987d8b4b8c0515073024599'}]
2026-05-18 00:06:43 - mkk_pika - database.py:215 - INFO - 第一次下载该漫画，记录数据库中
2026-05-18 00:06:45 - mkk_pika - main.py:83 - INFO - 找到 208 张图片在:第1集
2026-05-18 00:06:49 - mkk_pika - main.py:112 - INFO - [episode:第1集       ] downloaded:   208, total: 208, progress:100%
2026-05-18 00:06:49 - mkk_pika - database.py:238 - INFO - 数据库更新已下载章节
2026-05-18 00:06:49 - mkk_pika - database.py:244 - INFO - 该漫画已下载章节如下
2026-05-18 00:06:49 - mkk_pika - database.py:245 - INFO - ['第1集']
2026-05-18 00:06:50 - mkk_pika - main.py:348 - INFO - ==================== 漫画信息 ====================
                                   漫画ID：5987d8b4b8c0515073024598
                                   标题：やりすぎめるへん
                                   作者：石川シスケ
                                   是否完结：是
                                   总页数：208
                                   分类：長篇
                                   章节数：1
                                   最后更新时间：2017-08-07T03:04:20.549Z
                                   =================================================
2026-05-18 00:06:50 - mkk_pika - database.py:101 - INFO - 保存成功：やりすぎめるへん
2026-05-18 00:06:50 - mkk_pika - main.py:35 - INFO - 开始检查性愛狂熱者_セックスホリック是否存在未下载章节
2026-05-18 00:06:50 - mkk_pika - main.py:45 - INFO - 正在下载:[性愛狂熱者_セックスホリック]-[うるう島呼音]-[['長篇']]-[total_pages:200]
2026-05-18 00:06:50 - mkk_pika - main.py:49 - INFO - [{'_id': '598826ecac5c78226b205e42', 'title': '第1集', 'order': 1, 'updated_at': '2017-08-07T03:59:20.782Z', 'id': '598826ecac5c78226b205e42'}]
2026-05-18 00:06:50 - mkk_pika - database.py:215 - INFO - 第一次下载该漫画，记录数据库中
2026-05-18 00:06:52 - mkk_pika - main.py:83 - INFO - 找到 200 张图片在:第1集
2026-05-18 00:06:56 - mkk_pika - main.py:112 - INFO - [episode:第1集       ] downloaded:   200, total: 200, progress:100%
2026-05-18 00:06:56 - mkk_pika - database.py:238 - INFO - 数据库更新已下载章节
2026-05-18 00:06:56 - mkk_pika - database.py:244 - INFO - 该漫画已下载章节如下
2026-05-18 00:06:56 - mkk_pika - database.py:245 - INFO - ['第1集']
2026-05-18 00:06:57 - mkk_pika - main.py:348 - INFO - ==================== 漫画信息 ====================
                                   漫画ID：598826ebac5c78226b205e41
                                   标题：性愛狂熱者_セックスホリック
                                   作者：うるう島呼音
                                   是否完结：是
                                   总页数：200
                                   分类：長篇
                                   章节数：1
                                   最后更新时间：2017-08-07T08:38:03.978Z
                                   =================================================
2026-05-18 00:06:57 - mkk_pika - database.py:101 - INFO - 保存成功：性愛狂熱者_セックスホリック
2026-05-18 00:06:57 - mkk_pika - main.py:35 - INFO - 开始检查俺XXXになります是否存在未下载章节
2026-05-18 00:06:57 - mkk_pika - main.py:45 - INFO - 正在下载:[俺XXXになります]-[HEATWAVE (快刀ゆーひ)]-[['短篇', '同人', '性轉換', '強暴']]-[total_pages:28]
2026-05-18 00:06:57 - mkk_pika - main.py:49 - INFO - [{'_id': '598826f9842c3222650c6aff', 'title': '第1集', 'order': 1, 'updated_at': '2017-08-07T04:40:41.829Z', 'id': '598826f9842c3222650c6aff'}]
2026-05-18 00:06:57 - mkk_pika - database.py:215 - INFO - 第一次下载该漫画，记录数据库中
2026-05-18 00:06:58 - mkk_pika - main.py:83 - INFO - 找到 28 张图片在:第1集
2026-05-18 00:06:59 - mkk_pika - main.py:112 - INFO - [episode:第1集       ] downloaded:    28, total:  28, progress:100%
2026-05-18 00:06:59 - mkk_pika - database.py:238 - INFO - 数据库更新已下载章节
2026-05-18 00:06:59 - mkk_pika - database.py:244 - INFO - 该漫画已下载章节如下
2026-05-18 00:06:59 - mkk_pika - database.py:245 - INFO - ['第1集']
2026-05-18 00:07:00 - mkk_pika - main.py:348 - INFO - ==================== 漫画信息 ====================
                                   漫画ID：598826f9842c3222650c6afe
                                   标题：俺XXXになります
                                   作者：HEATWAVE (快刀ゆーひ)
                                   是否完结：是
                                   总页数：28
                                   分类：短篇,同人,性轉換,強暴
                                   章节数：1
                                   最后更新时间：2017-08-07T08:38:17.592Z
                                   =================================================
2026-05-18 00:07:00 - mkk_pika - database.py:101 - INFO - 保存成功：俺XXXになります
2026-05-18 00:07:00 - mkk_pika - main.py:35 - INFO - 开始检查（熟肉）俺、苗床になります是否存在未下载章节
2026-05-18 00:07:00 - mkk_pika - main.py:45 - INFO - 正在下载:[（熟肉）俺、苗床になります]-[神无月元史]-[['同人', '短篇', '非人類', '強暴']]-[total_pages:28]
2026-05-18 00:07:00 - mkk_pika - main.py:49 - INFO - [{'_id': '5988270af45a6663323e607d', 'title': '第1集', 'order': 1, 'updated_at': '2017-08-07T04:52:37.122Z', 'id': '5988270af45a6663323e607d'}]
2026-05-18 00:07:00 - mkk_pika - database.py:215 - INFO - 第一次下载该漫画，记录数据库中
2026-05-18 00:07:01 - mkk_pika - main.py:83 - INFO - 找到 28 张图片在:第1集
2026-05-18 00:07:01 - mkk_pika - main.py:112 - INFO - [episode:第1集       ] downloaded:    28, total:  28, progress:100%
2026-05-18 00:07:01 - mkk_pika - database.py:238 - INFO - 数据库更新已下载章节
2026-05-18 00:07:01 - mkk_pika - database.py:244 - INFO - 该漫画已下载章节如下
2026-05-18 00:07:01 - mkk_pika - database.py:245 - INFO - ['第1集']
2026-05-18 00:07:03 - mkk_pika - main.py:348 - INFO - ==================== 漫画信息 ====================
                                   漫画ID：5988270af45a6663323e607c
                                   标题：（熟肉）俺、苗床になります
                                   作者：神无月元史
                                   是否完结：是
                                   总页数：28
                                   分类：同人,短篇,非人類,強暴
                                   章节数：1
                                   最后更新时间：2017-08-07T08:38:34.473Z
                                   =================================================
2026-05-18 00:07:03 - mkk_pika - database.py:101 - INFO - 保存成功：（熟肉）俺、苗床になります
2026-05-18 00:07:03 - mkk_pika - main.py:35 - INFO - 开始检查（熟肉）赤たんういに是否存在未下载章节
2026-05-18 00:07:03 - mkk_pika - main.py:45 - INFO - 正在下载:[（熟肉）赤たんういに]-[灯夜工房]-[['同人', '短篇', '非人類', '強暴', '性轉換']]-[total_pages:18]
2026-05-18 00:07:03 - mkk_pika - main.py:49 - INFO - [{'_id': '59882736b391ea6306254d5b', 'title': '第1集', 'order': 1, 'updated_at': '2017-08-07T05:06:43.704Z', 'id': '59882736b391ea6306254d5b'}]
2026-05-18 00:07:03 - mkk_pika - database.py:215 - INFO - 第一次下载该漫画，记录数据库中
2026-05-18 00:07:03 - mkk_pika - main.py:83 - INFO - 找到 18 张图片在:第1集
2026-05-18 00:07:04 - mkk_pika - main.py:112 - INFO - [episode:第1集       ] downloaded:    18, total:  18, progress:100%
2026-05-18 00:07:04 - mkk_pika - database.py:238 - INFO - 数据库更新已下载章节
2026-05-18 00:07:04 - mkk_pika - database.py:244 - INFO - 该漫画已下载章节如下
2026-05-18 00:07:04 - mkk_pika - database.py:245 - INFO - ['第1集']
2026-05-18 00:07:05 - mkk_pika - main.py:348 - INFO - ==================== 漫画信息 ====================
                                   漫画ID：59882736b391ea6306254d5a
                                   标题：（熟肉）赤たんういに
                                   作者：灯夜工房
                                   是否完结：是
                                   总页数：18
                                   分类：同人,短篇,非人類,強暴,性轉換
                                   章节数：1
                                   最后更新时间：2017-08-07T08:39:18.702Z
                                   =================================================
2026-05-18 00:07:05 - mkk_pika - database.py:101 - INFO - 保存成功：（熟肉）赤たんういに
2026-05-18 00:07:05 - mkk_pika - main.py:35 - INFO - 开始检查愛欲幻想の怪～クトゥルフ・プレグナント～| 愛欲幻想之怪 -克蘇魯-是否存在未下载章节
2026-05-18 00:07:05 - mkk_pika - main.py:45 - INFO - 正在下载:[愛欲幻想の怪～クトゥルフ・プレグナント～| 愛欲幻想之怪 -克蘇魯-]-[宇行日和]-[['長篇']]-[total_pages:186]
2026-05-18 00:07:05 - mkk_pika - main.py:49 - INFO - [{'_id': '59882744f1022c22b1f6e9fd', 'title': '第1集', 'order': 1, 'updated_at': '2017-08-07T05:09:10.317Z', 'id': '59882744f1022c22b1f6e9fd'}]
2026-05-18 00:07:05 - mkk_pika - database.py:215 - INFO - 第一次下载该漫画，记录数据库中
2026-05-18 00:07:07 - mkk_pika - main.py:83 - INFO - 找到 186 张图片在:第1集
2026-05-18 00:07:11 - mkk_pika - main.py:112 - INFO - [episode:第1集       ] downloaded:   186, total: 186, progress:100%
2026-05-18 00:07:11 - mkk_pika - database.py:238 - INFO - 数据库更新已下载章节
2026-05-18 00:07:11 - mkk_pika - database.py:244 - INFO - 该漫画已下载章节如下
2026-05-18 00:07:11 - mkk_pika - database.py:245 - INFO - ['第1集']
2026-05-18 00:07:12 - mkk_pika - main.py:348 - INFO - ==================== 漫画信息 ====================
                                   漫画ID：59882744f1022c22b1f6e9fc
                                   标题：愛欲幻想の怪～クトゥルフ・プレグナント～| 愛欲幻想之怪 -克蘇魯-
                                   作者：宇行日和
                                   是否完结：是
                                   总页数：186
                                   分类：長篇
                                   章节数：1
                                   最后更新时间：2017-08-07T08:39:32.410Z
                                   =================================================
2026-05-18 00:07:12 - mkk_pika - database.py:101 - INFO - 保存成功：愛欲幻想の怪～クトゥルフ・プレグナント～| 愛欲幻想之怪 -克蘇魯-
2026-05-18 00:07:12 - mkk_pika - main.py:35 - INFO - 开始检查戦乙女、快楽ニ呑マ レイク | 戰乙女、被快感所吞食下去是否存在未下载章节
2026-05-18 00:07:12 - mkk_pika - main.py:45 - INFO - 正在下载:[戦乙女、快楽ニ呑マ レイク | 戰乙女、被快感所吞食下去]-[しーあーる]-[['長篇']]-[total_pages:198]
2026-05-18 00:07:12 - mkk_pika - main.py:49 - INFO - [{'_id': '5988275dfd49db6354b23dcb', 'title': '第1集', 'order': 1, 'updated_at': '2017-08-07T05:21:55.953Z', 'id': '5988275dfd49db6354b23dcb'}]
2026-05-18 00:07:12 - mkk_pika - database.py:215 - INFO - 第一次下载该漫画，记录数据库中
2026-05-18 00:07:14 - mkk_pika - main.py:83 - INFO - 找到 198 张图片在:第1集
2026-05-18 00:07:17 - mkk_pika - main.py:112 - INFO - [episode:第1集       ] downloaded:   198, total: 198, progress:100%
2026-05-18 00:07:17 - mkk_pika - database.py:238 - INFO - 数据库更新已下载章节
2026-05-18 00:07:17 - mkk_pika - database.py:244 - INFO - 该漫画已下载章节如下
2026-05-18 00:07:17 - mkk_pika - database.py:245 - INFO - ['第1集']
2026-05-18 00:07:18 - mkk_pika - main.py:348 - INFO - ==================== 漫画信息 ====================
                                   漫画ID：5988275dfd49db6354b23dca
                                   标题：戦乙女、快楽ニ呑マ レイク | 戰乙女、被快感所吞食下去
                                   作者：しーあーる
                                   是否完结：是
                                   总页数：198
                                   分类：長篇
                                   章节数：1
                                   最后更新时间：2017-08-07T08:39:57.353Z
                                   =================================================
2026-05-18 00:07:18 - mkk_pika - database.py:101 - INFO - 保存成功：戦乙女、快楽ニ呑マ レイク | 戰乙女、被快感所吞食下去
2026-05-18 00:07:18 - mkk_pika - main.py:35 - INFO - 开始检查この因縁の二人で終止符を! 是否存在未下载章节
2026-05-18 00:07:19 - mkk_pika - main.py:45 - INFO - 正在下载:[この因縁の二人で終止符を! ]-[敷島贋具]-[['短篇', '同人']]-[total_pages:25]
2026-05-18 00:07:19 - mkk_pika - main.py:49 - INFO - [{'_id': '59887d5656f6f4229b901ccc', 'title': '全1话', 'order': 1, 'updated_at': '2017-08-07T12:02:37.346Z', 'id': '59887d5656f6f4229b901ccc'}]
2026-05-18 00:07:19 - mkk_pika - database.py:215 - INFO - 第一次下载该漫画，记录数据库中
2026-05-18 00:07:19 - mkk_pika - main.py:83 - INFO - 找到 25 张图片在:全1话
2026-05-18 00:07:20 - mkk_pika - main.py:112 - INFO - [episode:全1话       ] downloaded:    25, total:  25, progress:100%
2026-05-18 00:07:20 - mkk_pika - database.py:238 - INFO - 数据库更新已下载章节
2026-05-18 00:07:20 - mkk_pika - database.py:244 - INFO - 该漫画已下载章节如下
2026-05-18 00:07:20 - mkk_pika - database.py:245 - INFO - ['全1话']
2026-05-18 00:07:21 - mkk_pika - main.py:348 - INFO - ==================== 漫画信息 ====================
                                   漫画ID：59887d5656f6f4229b901ccb
                                   标题：この因縁の二人で終止符を! 
                                   作者：敷島贋具
                                   是否完结：是
                                   总页数：25
                                   分类：短篇,同人
                                   章节数：1
                                   最后更新时间：2017-08-07T14:46:46.743Z
                                   =================================================
2026-05-18 00:07:21 - mkk_pika - database.py:101 - INFO - 保存成功：この因縁の二人で終止符を! 
2026-05-18 00:07:21 - mkk_pika - main.py:35 - INFO - 开始检查LOVE＆HATE ～LOVELY SLAVE～是否存在未下载章节
2026-05-18 00:07:21 - mkk_pika - main.py:45 - INFO - 正在下载:[LOVE＆HATE ～LOVELY SLAVE～]-[東雲龍]-[['長篇', 'SM', 'NTR', '強暴']]-[total_pages:653]
2026-05-18 00:07:21 - mkk_pika - main.py:49 - INFO - [{'_id': '5988949aab00a70512d436d4', 'title': '第1集', 'order': 1, 'updated_at': '2017-08-06T10:05:34.325Z', 'id': '5988949aab00a70512d436d4'}, {'_id': '5988949aab00a70512d436d5', 'title': '第2集', 'order': 2, 'updated_at': '2017-08-06T16:57:02.144Z', 'id': '5988949aab00a70512d436d5'}, {'_id': '5988949aab00a70512d436d6', 'title': '第3集', 'order': 3, 'updated_at': '2017-08-06T17:15:07.912Z', 'id': '5988949aab00a70512d436d6'}]
2026-05-18 00:07:21 - mkk_pika - database.py:215 - INFO - 第一次下载该漫画，记录数据库中
2026-05-18 00:07:23 - mkk_pika - main.py:83 - INFO - 找到 199 张图片在:第1集
2026-05-18 00:07:26 - mkk_pika - main.py:112 - INFO - [episode:第1集       ] downloaded:   199, total: 199, progress:100%
2026-05-18 00:07:26 - mkk_pika - database.py:238 - INFO - 数据库更新已下载章节
2026-05-18 00:07:26 - mkk_pika - database.py:244 - INFO - 该漫画已下载章节如下
2026-05-18 00:07:26 - mkk_pika - database.py:245 - INFO - ['第1集']
2026-05-18 00:07:29 - mkk_pika - main.py:83 - INFO - 找到 218 张图片在:第2集
2026-05-18 00:07:33 - mkk_pika - main.py:112 - INFO - [episode:第2集       ] downloaded:   218, total: 218, progress:100%
2026-05-18 00:07:33 - mkk_pika - database.py:238 - INFO - 数据库更新已下载章节
2026-05-18 00:07:33 - mkk_pika - database.py:244 - INFO - 该漫画已下载章节如下
2026-05-18 00:07:33 - mkk_pika - database.py:245 - INFO - ['第1集', '第2集']
2026-05-18 00:07:36 - mkk_pika - main.py:83 - INFO - 找到 236 张图片在:第3集
2026-05-18 00:07:41 - mkk_pika - main.py:112 - INFO - [episode:第3集       ] downloaded:   236, total: 236, progress:100%
2026-05-18 00:07:41 - mkk_pika - database.py:238 - INFO - 数据库更新已下载章节
2026-05-18 00:07:41 - mkk_pika - database.py:244 - INFO - 该漫画已下载章节如下
2026-05-18 00:07:41 - mkk_pika - database.py:245 - INFO - ['第1集', '第2集', '第3集']
2026-05-18 00:07:42 - mkk_pika - main.py:348 - INFO - ==================== 漫画信息 ====================
                                   漫画ID：5988949aab00a70512d436d3
                                   标题：LOVE＆HATE ～LOVELY SLAVE～
                                   作者：東雲龍
                                   是否完结：是
                                   总页数：653
                                   分类：長篇,SM,NTR,強暴
                                   章节数：3
                                   最后更新时间：2017-08-07T16:26:02.727Z
                                   =================================================
2026-05-18 00:07:42 - mkk_pika - database.py:101 - INFO - 保存成功：LOVE＆HATE ～LOVELY SLAVE～
2026-05-18 00:07:42 - mkk_pika - main.py:35 - INFO - 开始检查(C89) シャッテさんと♥クロスする本！ (スーパーロボット大戦X-Ω)是否存在未下载章节
2026-05-18 00:07:42 - mkk_pika - main.py:45 - INFO - 正在下载:[(C89) シャッテさんと♥クロスする本！ (スーパーロボット大戦X-Ω)]-[来つ寝 (立川ねごろ)]-[['同人', '短篇']]-[total_pages:29]
2026-05-18 00:07:42 - mkk_pika - main.py:49 - INFO - [{'_id': '59889742ef942104d84cf9e5', 'title': '第1集', 'order': 1, 'updated_at': '2017-08-07T16:35:37.315Z', 'id': '59889742ef942104d84cf9e5'}]
2026-05-18 00:07:42 - mkk_pika - database.py:215 - INFO - 第一次下载该漫画，记录数据库中
2026-05-18 00:07:43 - mkk_pika - main.py:83 - INFO - 找到 29 张图片在:第1集
2026-05-18 00:07:43 - mkk_pika - main.py:112 - INFO - [episode:第1集       ] downloaded:    29, total:  29, progress:100%
2026-05-18 00:07:43 - mkk_pika - database.py:238 - INFO - 数据库更新已下载章节
2026-05-18 00:07:43 - mkk_pika - database.py:244 - INFO - 该漫画已下载章节如下
2026-05-18 00:07:43 - mkk_pika - database.py:245 - INFO - ['第1集']
2026-05-18 00:07:44 - mkk_pika - main.py:348 - INFO - ==================== 漫画信息 ====================
                                   漫画ID：59889742ef942104d84cf9e4
                                   标题：(C89) シャッテさんと♥クロスする本！ (スーパーロボット大戦X-Ω)
                                   作者：来つ寝 (立川ねごろ)
                                   是否完结：是
                                   总页数：29
                                   分类：同人,短篇
                                   章节数：1
                                   最后更新时间：2017-08-07T16:37:22.187Z
                                   =================================================
2026-05-18 00:07:44 - mkk_pika - database.py:101 - INFO - 保存成功：(C89) シャッテさんと♥クロスする本！ (スーパーロボット大戦X-Ω)
2026-05-18 00:07:44 - mkk_pika - main.py:35 - INFO - 开始检查ヌードデッサン (COMIC 阿吽 2017年5月号)是否存在未下载章节
2026-05-18 00:07:45 - mkk_pika - main.py:45 - INFO - 正在下载:[ヌードデッサン (COMIC 阿吽 2017年5月号)]-[左橋レンヤ]-[['短篇']]-[total_pages:27]
2026-05-18 00:07:45 - mkk_pika - main.py:49 - INFO - [{'_id': '59892e30ef942104d84cfc2b', 'title': '第1集', 'order': 1, 'updated_at': '2017-08-07T17:12:50.588Z', 'id': '59892e30ef942104d84cfc2b'}]
2026-05-18 00:07:45 - mkk_pika - database.py:215 - INFO - 第一次下载该漫画，记录数据库中
2026-05-18 00:07:45 - mkk_pika - main.py:83 - INFO - 找到 27 张图片在:第1集
2026-05-18 00:07:46 - mkk_pika - main.py:112 - INFO - [episode:第1集       ] downloaded:    27, total:  27, progress:100%
2026-05-18 00:07:46 - mkk_pika - database.py:238 - INFO - 数据库更新已下载章节
2026-05-18 00:07:46 - mkk_pika - database.py:244 - INFO - 该漫画已下载章节如下
2026-05-18 00:07:46 - mkk_pika - database.py:245 - INFO - ['第1集']
2026-05-18 00:07:47 - mkk_pika - main.py:348 - INFO - ==================== 漫画信息 ====================
                                   漫画ID：59892e30ef942104d84cfc2a
                                   标题：ヌードデッサン (COMIC 阿吽 2017年5月号)
                                   作者：左橋レンヤ
                                   是否完结：是
                                   总页数：27
                                   分类：短篇
                                   章节数：1
                                   最后更新时间：2017-08-08T03:21:20.605Z
                                   =================================================
2026-05-18 00:07:47 - mkk_pika - database.py:101 - INFO - 保存成功：ヌードデッサン (COMIC 阿吽 2017年5月号)
2026-05-18 00:07:47 - mkk_pika - main.py:35 - INFO - 开始检查プレゼントフライデー (COMlC快楽天ビースト 2017年8月号)是否存在未下载章节
2026-05-18 00:07:47 - mkk_pika - main.py:45 - INFO - 正在下载:[プレゼントフライデー (COMlC快楽天ビースト 2017年8月号)]-[紅村かる]-[['短篇']]-[total_pages:19]
2026-05-18 00:07:47 - mkk_pika - main.py:49 - INFO - [{'_id': '59892e3704654a631cef3714', 'title': '第1集', 'order': 1, 'updated_at': '2017-08-07T17:18:23.234Z', 'id': '59892e3704654a631cef3714'}]
2026-05-18 00:07:47 - mkk_pika - database.py:215 - INFO - 第一次下载该漫画，记录数据库中
2026-05-18 00:07:48 - mkk_pika - main.py:83 - INFO - 找到 19 张图片在:第1集
2026-05-18 00:07:48 - mkk_pika - main.py:112 - INFO - [episode:第1集       ] downloaded:    19, total:  19, progress:100%
2026-05-18 00:07:48 - mkk_pika - database.py:238 - INFO - 数据库更新已下载章节
2026-05-18 00:07:48 - mkk_pika - database.py:244 - INFO - 该漫画已下载章节如下
2026-05-18 00:07:48 - mkk_pika - database.py:245 - INFO - ['第1集']
2026-05-18 00:07:50 - mkk_pika - main.py:348 - INFO - ==================== 漫画信息 ====================
                                   漫画ID：59892e3704654a631cef3713
                                   标题：プレゼントフライデー (COMlC快楽天ビースト 2017年8月号)
                                   作者：紅村かる
                                   是否完结：是
                                   总页数：19
                                   分类：短篇
                                   章节数：1
                                   最后更新时间：2017-08-08T03:21:27.152Z
                                   =================================================
2026-05-18 00:07:50 - mkk_pika - database.py:101 - INFO - 保存成功：プレゼントフライデー (COMlC快楽天ビースト 2017年8月号)
2026-05-18 00:07:50 - mkk_pika - main.py:35 - INFO - 开始检查Love drug. (NieR:Automata)是否存在未下载章节
2026-05-18 00:07:50 - mkk_pika - main.py:45 - INFO - 正在下载:[Love drug. (NieR:Automata)]-[曼珠堂 (月白沙耶)]-[['同人', '短篇']]-[total_pages:28]
2026-05-18 00:07:50 - mkk_pika - main.py:49 - INFO - [{'_id': '59892e54fd49db6354b24537', 'title': '第1集', 'order': 1, 'updated_at': '2017-08-07T16:56:31.279Z', 'id': '59892e54fd49db6354b24537'}]
2026-05-18 00:07:50 - mkk_pika - database.py:215 - INFO - 第一次下载该漫画，记录数据库中
2026-05-18 00:07:50 - mkk_pika - main.py:83 - INFO - 找到 28 张图片在:第1集
2026-05-18 00:07:51 - mkk_pika - main.py:112 - INFO - [episode:第1集       ] downloaded:    28, total:  28, progress:100%
2026-05-18 00:07:51 - mkk_pika - database.py:238 - INFO - 数据库更新已下载章节
2026-05-18 00:07:51 - mkk_pika - database.py:244 - INFO - 该漫画已下载章节如下
2026-05-18 00:07:51 - mkk_pika - database.py:245 - INFO - ['第1集']
2026-05-18 00:07:52 - mkk_pika - main.py:348 - INFO - ==================== 漫画信息 ====================
                                   漫画ID：59892e54fd49db6354b24536
                                   标题：Love drug. (NieR:Automata)
                                   作者：曼珠堂 (月白沙耶)
                                   是否完结：是
                                   总页数：28
                                   分类：同人,短篇
                                   章节数：1
                                   最后更新时间：2017-08-08T03:21:56.928Z
                                   =================================================
2026-05-18 00:07:52 - mkk_pika - database.py:101 - INFO - 保存成功：Love drug. (NieR:Automata)
2026-05-18 00:07:52 - mkk_pika - main.py:35 - INFO - 开始检查純愛リベンジ (COMIC 快楽天 2017年8月号)是否存在未下载章节
2026-05-18 00:07:53 - mkk_pika - main.py:45 - INFO - 正在下载:[純愛リベンジ (COMIC 快楽天 2017年8月号)]-[八尋ぽち]-[['短篇', 'NTR']]-[total_pages:22]
2026-05-18 00:07:53 - mkk_pika - main.py:49 - INFO - [{'_id': '59892eaeef942104d84cfc4b', 'title': '第1集', 'order': 1, 'updated_at': '2017-08-07T17:08:04.071Z', 'id': '59892eaeef942104d84cfc4b'}]
2026-05-18 00:07:53 - mkk_pika - database.py:215 - INFO - 第一次下载该漫画，记录数据库中
2026-05-18 00:07:53 - mkk_pika - main.py:83 - INFO - 找到 22 张图片在:第1集
2026-05-18 00:07:54 - mkk_pika - main.py:112 - INFO - [episode:第1集       ] downloaded:    22, total:  22, progress:100%
2026-05-18 00:07:54 - mkk_pika - database.py:238 - INFO - 数据库更新已下载章节
2026-05-18 00:07:54 - mkk_pika - database.py:244 - INFO - 该漫画已下载章节如下
2026-05-18 00:07:54 - mkk_pika - database.py:245 - INFO - ['第1集']
2026-05-18 00:07:55 - mkk_pika - main.py:348 - INFO - ==================== 漫画信息 ====================
                                   漫画ID：59892eaeef942104d84cfc4a
                                   标题：純愛リベンジ (COMIC 快楽天 2017年8月号)
                                   作者：八尋ぽち
                                   是否完结：是
                                   总页数：22
                                   分类：短篇,NTR
                                   章节数：1
                                   最后更新时间：2017-08-08T03:23:26.325Z
                                   =================================================
2026-05-18 00:07:55 - mkk_pika - database.py:101 - INFO - 保存成功：純愛リベンジ (COMIC 快楽天 2017年8月号)
2026-05-18 00:07:55 - mkk_pika - main.py:35 - INFO - 开始检查連泊の過ごし方 (COMlC快楽天ビースト 2017年7月号)是否存在未下载章节
2026-05-18 00:07:55 - mkk_pika - main.py:45 - INFO - 正在下载:[連泊の過ごし方 (COMlC快楽天ビースト 2017年7月号)]-[智弘カイ]-[['短篇']]-[total_pages:19]
2026-05-18 00:07:55 - mkk_pika - main.py:49 - INFO - [{'_id': '59892eb356f6f4229b90205a', 'title': '第1集', 'order': 1, 'updated_at': '2017-08-07T17:31:22.715Z', 'id': '59892eb356f6f4229b90205a'}]
2026-05-18 00:07:55 - mkk_pika - database.py:215 - INFO - 第一次下载该漫画，记录数据库中
2026-05-18 00:07:56 - mkk_pika - main.py:83 - INFO - 找到 19 张图片在:第1集
2026-05-18 00:07:56 - mkk_pika - main.py:112 - INFO - [episode:第1集       ] downloaded:    19, total:  19, progress:100%
2026-05-18 00:07:56 - mkk_pika - database.py:238 - INFO - 数据库更新已下载章节
2026-05-18 00:07:56 - mkk_pika - database.py:244 - INFO - 该漫画已下载章节如下
2026-05-18 00:07:56 - mkk_pika - database.py:245 - INFO - ['第1集']
2026-05-18 00:07:57 - mkk_pika - main.py:348 - INFO - ==================== 漫画信息 ====================
                                   漫画ID：59892eb356f6f4229b902059
                                   标题：連泊の過ごし方 (COMlC快楽天ビースト 2017年7月号)
                                   作者：智弘カイ
                                   是否完结：是
                                   总页数：19
                                   分类：短篇
                                   章节数：1
                                   最后更新时间：2017-08-08T03:23:31.763Z
                                   =================================================
2026-05-18 00:07:57 - mkk_pika - database.py:101 - INFO - 保存成功：連泊の過ごし方 (COMlC快楽天ビースト 2017年7月号)
2026-05-18 00:07:57 - mkk_pika - main.py:35 - INFO - 开始检查sweetsweat (COMIC快楽天 2017年8月号)是否存在未下载章节
2026-05-18 00:07:58 - mkk_pika - main.py:45 - INFO - 正在下载:[sweetsweat (COMIC快楽天 2017年8月号)]-[雛原えみ]-[['短篇', '純愛']]-[total_pages:21]
2026-05-18 00:07:58 - mkk_pika - main.py:49 - INFO - [{'_id': '59892ebaef942104d84cfc63', 'title': '第1集', 'order': 1, 'updated_at': '2017-08-07T17:44:38.337Z', 'id': '59892ebaef942104d84cfc63'}]
2026-05-18 00:07:58 - mkk_pika - database.py:215 - INFO - 第一次下载该漫画，记录数据库中
2026-05-18 00:07:58 - mkk_pika - main.py:83 - INFO - 找到 21 张图片在:第1集
2026-05-18 00:07:59 - mkk_pika - main.py:112 - INFO - [episode:第1集       ] downloaded:    21, total:  21, progress:100%
2026-05-18 00:07:59 - mkk_pika - database.py:238 - INFO - 数据库更新已下载章节
2026-05-18 00:07:59 - mkk_pika - database.py:244 - INFO - 该漫画已下载章节如下
2026-05-18 00:07:59 - mkk_pika - database.py:245 - INFO - ['第1集']
2026-05-18 00:08:00 - mkk_pika - main.py:348 - INFO - ==================== 漫画信息 ====================
                                   漫画ID：59892ebaef942104d84cfc62
                                   标题：sweetsweat (COMIC快楽天 2017年8月号)
                                   作者：雛原えみ
                                   是否完结：是
                                   总页数：21
                                   分类：短篇,純愛
                                   章节数：1
                                   最后更新时间：2017-08-08T03:23:38.218Z
                                   =================================================
2026-05-18 00:08:00 - mkk_pika - database.py:101 - INFO - 保存成功：sweetsweat (COMIC快楽天 2017年8月号)
2026-05-18 00:08:00 - mkk_pika - main.py:35 - INFO - 开始检查分租的同居时代～优奈的诱惑～是否存在未下载章节
2026-05-18 00:08:00 - mkk_pika - main.py:45 - INFO - 正在下载:[分租的同居时代～优奈的诱惑～]-[井藤ななみ]-[['長篇', '純愛']]-[total_pages:211]
2026-05-18 00:08:00 - mkk_pika - main.py:49 - INFO - [{'_id': '59892ef956f6f4229b902073', 'title': '优奈的诱惑', 'order': 1, 'updated_at': '2017-08-07T20:37:16.340Z', 'id': '59892ef956f6f4229b902073'}, {'_id': '59892ef956f6f4229b902074', 'title': '圣诞夜的爱爱惊喜', 'order': 2, 'updated_at': '2017-08-07T20:40:14.141Z', 'id': '59892ef956f6f4229b902074'}, {'_id': '59892ef956f6f4229b902075', 'title': '脸红心跳试衣间', 'order': 3, 'updated_at': '2017-08-07T20:42:11.203Z', 'id': '59892ef956f6f4229b902075'}, {'_id': '59892ef956f6f4229b902076', 'title': '热情如火最后夏日', 'order': 4, 'updated_at': '2017-08-07T20:44:07.070Z', 'id': '59892ef956f6f4229b902076'}, {'_id': '59892ef956f6f4229b902077', 'title': '热热暖暖睡美人', 'order': 5, 'updated_at': '2017-08-07T20:45:51.265Z', 'id': '59892ef956f6f4229b902077'}, {'_id': '59892ef956f6f4229b902078', 'title': '亲亲热热的减肥运动', 'order': 6, 'updated_at': '2017-08-07T20:47:26.086Z', 'id': '59892ef956f6f4229b902078'}, {'_id': '59892ef956f6f4229b902079', 'title': '秘密的放学后', 'order': 7, 'updated_at': '2017-08-07T20:48:53.403Z', 'id': '59892ef956f6f4229b902079'}, {'_id': '59892ef956f6f4229b90207a', 'title': '最甜美的生日礼物', 'order': 8, 'updated_at': '2017-08-07T20:51:07.681Z', 'id': '59892ef956f6f4229b90207a'}, {'_id': '59892ef956f6f4229b90207b', 'title': '外宿一晚的浪漫夜', 'order': 9, 'updated_at': '2017-08-07T20:53:32.562Z', 'id': '59892ef956f6f4229b90207b'}, {'_id': '59892ef956f6f4229b90207c', 'title': '任意妄为的女仆时间', 'order': 10, 'updated_at': '2017-08-07T20:54:47.937Z', 'id': '59892ef956f6f4229b90207c'}, {'_id': '59892ef956f6f4229b90207d', 'title': '美好回忆的惊喜时光', 'order': 11, 'updated_at': '2017-08-07T20:56:40.547Z', 'id': '59892ef956f6f4229b90207d'}, {'_id': '59892ef956f6f4229b90207e', 'title': '特典', 'order': 12, 'updated_at': '2017-08-07T20:57:45.676Z', 'id': '59892ef956f6f4229b90207e'}]
2026-05-18 00:08:00 - mkk_pika - database.py:215 - INFO - 第一次下载该漫画，记录数据库中
2026-05-18 00:08:01 - mkk_pika - main.py:83 - INFO - 找到 6 张图片在:优奈的诱惑
2026-05-18 00:08:01 - mkk_pika - main.py:112 - INFO - [episode:优奈的诱惑     ] downloaded:     6, total:   6, progress:100%
2026-05-18 00:08:01 - mkk_pika - database.py:238 - INFO - 数据库更新已下载章节
2026-05-18 00:08:01 - mkk_pika - database.py:244 - INFO - 该漫画已下载章节如下
2026-05-18 00:08:01 - mkk_pika - database.py:245 - INFO - ['优奈的诱惑']
2026-05-18 00:08:02 - mkk_pika - main.py:83 - INFO - 找到 14 张图片在:圣诞夜的爱爱惊喜
2026-05-18 00:08:03 - mkk_pika - main.py:112 - INFO - [episode:圣诞夜的爱爱惊喜  ] downloaded:    14, total:  14, progress:100%
2026-05-18 00:08:03 - mkk_pika - database.py:238 - INFO - 数据库更新已下载章节
2026-05-18 00:08:03 - mkk_pika - database.py:244 - INFO - 该漫画已下载章节如下
2026-05-18 00:08:03 - mkk_pika - database.py:245 - INFO - ['优奈的诱惑', '圣诞夜的爱爱惊喜']
2026-05-18 00:08:04 - mkk_pika - main.py:83 - INFO - 找到 20 张图片在:脸红心跳试衣间
2026-05-18 00:08:05 - mkk_pika - main.py:112 - INFO - [episode:脸红心跳试衣间   ] downloaded:    20, total:  20, progress:100%
2026-05-18 00:08:05 - mkk_pika - database.py:238 - INFO - 数据库更新已下载章节
2026-05-18 00:08:05 - mkk_pika - database.py:244 - INFO - 该漫画已下载章节如下
2026-05-18 00:08:05 - mkk_pika - database.py:245 - INFO - ['优奈的诱惑', '圣诞夜的爱爱惊喜', '脸红心跳试衣间']
2026-05-18 00:08:06 - mkk_pika - main.py:83 - INFO - 找到 20 张图片在:热情如火最后夏日
2026-05-18 00:08:07 - mkk_pika - main.py:112 - INFO - [episode:热情如火最后夏日  ] downloaded:    20, total:  20, progress:100%
2026-05-18 00:08:07 - mkk_pika - database.py:238 - INFO - 数据库更新已下载章节
2026-05-18 00:08:07 - mkk_pika - database.py:244 - INFO - 该漫画已下载章节如下
2026-05-18 00:08:07 - mkk_pika - database.py:245 - INFO - ['优奈的诱惑', '圣诞夜的爱爱惊喜', '脸红心跳试衣间', '热情如火最后夏日']
2026-05-18 00:08:08 - mkk_pika - main.py:83 - INFO - 找到 20 张图片在:热热暖暖睡美人
2026-05-18 00:08:09 - mkk_pika - main.py:112 - INFO - [episode:热热暖暖睡美人   ] downloaded:    20, total:  20, progress:100%
2026-05-18 00:08:09 - mkk_pika - database.py:238 - INFO - 数据库更新已下载章节
2026-05-18 00:08:09 - mkk_pika - database.py:244 - INFO - 该漫画已下载章节如下
2026-05-18 00:08:09 - mkk_pika - database.py:245 - INFO - ['优奈的诱惑', '圣诞夜的爱爱惊喜', '脸红心跳试衣间', '热情如火最后夏日', '热热暖暖睡美人']
2026-05-18 00:08:10 - mkk_pika - main.py:83 - INFO - 找到 20 张图片在:亲亲热热的减肥运动
2026-05-18 00:08:11 - mkk_pika - main.py:112 - INFO - [episode:亲亲热热的减肥运动 ] downloaded:    20, total:  20, progress:100%
2026-05-18 00:08:11 - mkk_pika - database.py:238 - INFO - 数据库更新已下载章节
2026-05-18 00:08:11 - mkk_pika - database.py:244 - INFO - 该漫画已下载章节如下
2026-05-18 00:08:11 - mkk_pika - database.py:245 - INFO - ['优奈的诱惑', '圣诞夜的爱爱惊喜', '脸红心跳试衣间', '热情如火最后夏日', '热热暖暖睡美人', '亲亲热热的减肥运动']
2026-05-18 00:08:12 - mkk_pika - main.py:83 - INFO - 找到 20 张图片在:秘密的放学后
2026-05-18 00:08:12 - mkk_pika - main.py:112 - INFO - [episode:秘密的放学后    ] downloaded:    20, total:  20, progress:100%
2026-05-18 00:08:12 - mkk_pika - database.py:238 - INFO - 数据库更新已下载章节
2026-05-18 00:08:12 - mkk_pika - database.py:244 - INFO - 该漫画已下载章节如下
2026-05-18 00:08:12 - mkk_pika - database.py:245 - INFO - ['优奈的诱惑', '圣诞夜的爱爱惊喜', '脸红心跳试衣间', '热情如火最后夏日', '热热暖暖睡美人', '亲亲热热的减肥运动', '秘密的放学后']
2026-05-18 00:08:14 - mkk_pika - main.py:83 - INFO - 找到 20 张图片在:最甜美的生日礼物
2026-05-18 00:08:14 - mkk_pika - main.py:112 - INFO - [episode:最甜美的生日礼物  ] downloaded:    20, total:  20, progress:100%
2026-05-18 00:08:14 - mkk_pika - database.py:238 - INFO - 数据库更新已下载章节
2026-05-18 00:08:14 - mkk_pika - database.py:244 - INFO - 该漫画已下载章节如下
2026-05-18 00:08:14 - mkk_pika - database.py:245 - INFO - ['优奈的诱惑', '圣诞夜的爱爱惊喜', '脸红心跳试衣间', '热情如火最后夏日', '热热暖暖睡美人', '亲亲热热的减肥运动', '秘密的放学后', '最甜美的生日礼物']
2026-05-18 00:08:16 - mkk_pika - main.py:83 - INFO - 找到 20 张图片在:外宿一晚的浪漫夜
2026-05-18 00:08:16 - mkk_pika - main.py:112 - INFO - [episode:外宿一晚的浪漫夜  ] downloaded:    20, total:  20, progress:100%
2026-05-18 00:08:16 - mkk_pika - database.py:238 - INFO - 数据库更新已下载章节
2026-05-18 00:08:16 - mkk_pika - database.py:244 - INFO - 该漫画已下载章节如下
2026-05-18 00:08:16 - mkk_pika - database.py:245 - INFO - ['优奈的诱惑', '圣诞夜的爱爱惊喜', '脸红心跳试衣间', '热情如火最后夏日', '热热暖暖睡美人', '亲亲热热的减肥运动', '秘密的放学后', '最甜美的生日礼物', '外宿一晚的浪漫夜']
2026-05-18 00:08:18 - mkk_pika - main.py:83 - INFO - 找到 20 张图片在:任意妄为的女仆时间
2026-05-18 00:08:18 - mkk_pika - main.py:112 - INFO - [episode:任意妄为的女仆时间 ] downloaded:    20, total:  20, progress:100%
2026-05-18 00:08:18 - mkk_pika - database.py:238 - INFO - 数据库更新已下载章节
2026-05-18 00:08:18 - mkk_pika - database.py:244 - INFO - 该漫画已下载章节如下
2026-05-18 00:08:18 - mkk_pika - database.py:245 - INFO - ['优奈的诱惑', '圣诞夜的爱爱惊喜', '脸红心跳试衣间', '热情如火最后夏日', '热热暖暖睡美人', '亲亲热热的减肥运动', '秘密的放学后', '最甜美的生日礼物', '外宿一晚的浪漫夜', '任意妄为的女仆时间']
2026-05-18 00:08:20 - mkk_pika - main.py:83 - INFO - 找到 23 张图片在:美好回忆的惊喜时光
2026-05-18 00:08:21 - mkk_pika - main.py:112 - INFO - [episode:美好回忆的惊喜时光 ] downloaded:    23, total:  23, progress:100%
2026-05-18 00:08:21 - mkk_pika - database.py:238 - INFO - 数据库更新已下载章节
2026-05-18 00:08:21 - mkk_pika - database.py:244 - INFO - 该漫画已下载章节如下
2026-05-18 00:08:21 - mkk_pika - database.py:245 - INFO - ['优奈的诱惑', '圣诞夜的爱爱惊喜', '脸红心跳试衣间', '热情如火最后夏日', '热热暖暖睡美人', '亲亲热热的减肥运动', '秘密的放学后', '最甜美的生日礼物', '外宿一晚的浪漫夜', '任意妄为的女仆时间', '美好回忆的惊喜时光']
2026-05-18 00:08:22 - mkk_pika - main.py:83 - INFO - 找到 8 张图片在:特典
2026-05-18 00:08:22 - mkk_pika - main.py:112 - INFO - [episode:特典        ] downloaded:     8, total:   8, progress:100%
2026-05-18 00:08:22 - mkk_pika - database.py:238 - INFO - 数据库更新已下载章节
2026-05-18 00:08:22 - mkk_pika - database.py:244 - INFO - 该漫画已下载章节如下
2026-05-18 00:08:22 - mkk_pika - database.py:245 - INFO - ['优奈的诱惑', '圣诞夜的爱爱惊喜', '脸红心跳试衣间', '热情如火最后夏日', '热热暖暖睡美人', '亲亲热热的减肥运动', '秘密的放学后', '最甜美的生日礼物', '外宿一晚的浪漫夜', '任意妄为的女仆时间', '美好回忆的惊喜时光', '特典']
2026-05-18 00:08:23 - mkk_pika - main.py:348 - INFO - ==================== 漫画信息 ====================
                                   漫画ID：59892ef956f6f4229b902072
                                   标题：分租的同居时代～优奈的诱惑～
                                   作者：井藤ななみ
                                   是否完结：是
                                   总页数：211
                                   分类：長篇,純愛
                                   章节数：12
                                   最后更新时间：2017-08-08T03:24:41.603Z
                                   =================================================
2026-05-18 00:08:23 - mkk_pika - database.py:101 - INFO - 保存成功：分租的同居时代～优奈的诱惑～
2026-05-18 00:08:23 - mkk_pika - main.py:35 - INFO - 开始检查ふたなり一兆度 （奥特曼-怪兽娘）是否存在未下载章节
2026-05-18 00:08:24 - mkk_pika - main.py:45 - INFO - 正在下载:[ふたなり一兆度 （奥特曼-怪兽娘）]-[karappa]-[['同人', '短篇', '扶他樂園']]-[total_pages:12]
2026-05-18 00:08:24 - mkk_pika - main.py:49 - INFO - [{'_id': '59892f1056f6f4229b902154', 'title': '第1集', 'order': 1, 'updated_at': '2017-08-07T21:38:16.538Z', 'id': '59892f1056f6f4229b902154'}]
2026-05-18 00:08:24 - mkk_pika - database.py:215 - INFO - 第一次下载该漫画，记录数据库中
2026-05-18 00:08:25 - mkk_pika - main.py:83 - INFO - 找到 12 张图片在:第1集
2026-05-18 00:08:25 - mkk_pika - main.py:112 - INFO - [episode:第1集       ] downloaded:    12, total:  12, progress:100%
2026-05-18 00:08:25 - mkk_pika - database.py:238 - INFO - 数据库更新已下载章节
2026-05-18 00:08:25 - mkk_pika - database.py:244 - INFO - 该漫画已下载章节如下
2026-05-18 00:08:25 - mkk_pika - database.py:245 - INFO - ['第1集']
2026-05-18 00:08:26 - mkk_pika - main.py:348 - INFO - ==================== 漫画信息 ====================
                                   漫画ID：59892f1056f6f4229b902153
                                   标题：ふたなり一兆度 （奥特曼-怪兽娘）
                                   作者：karappa
                                   是否完结：是
                                   总页数：12
                                   分类：同人,短篇,扶他樂園
                                   章节数：1
                                   最后更新时间：2017-08-08T03:25:04.332Z
                                   =================================================
2026-05-18 00:08:26 - mkk_pika - database.py:101 - INFO - 保存成功：ふたなり一兆度 （奥特曼-怪兽娘）
2026-05-18 00:08:26 - mkk_pika - main.py:35 - INFO - 开始检查秘めくり彼女是否存在未下载章节
2026-05-18 00:08:26 - mkk_pika - main.py:45 - INFO - 正在下载:[秘めくり彼女]-[折口]-[['長篇']]-[total_pages:201]
2026-05-18 00:08:26 - mkk_pika - main.py:49 - INFO - [{'_id': '59892f1b56f6f4229b902162', 'title': '第1集', 'order': 1, 'updated_at': '2017-08-08T00:51:42.869Z', 'id': '59892f1b56f6f4229b902162'}]
2026-05-18 00:08:26 - mkk_pika - database.py:215 - INFO - 第一次下载该漫画，记录数据库中
2026-05-18 00:08:28 - mkk_pika - main.py:83 - INFO - 找到 201 张图片在:第1集
2026-05-18 00:08:32 - mkk_pika - main.py:112 - INFO - [episode:第1集       ] downloaded:   201, total: 201, progress:100%
2026-05-18 00:08:32 - mkk_pika - database.py:238 - INFO - 数据库更新已下载章节
2026-05-18 00:08:32 - mkk_pika - database.py:244 - INFO - 该漫画已下载章节如下
2026-05-18 00:08:32 - mkk_pika - database.py:245 - INFO - ['第1集']
2026-05-18 00:08:34 - mkk_pika - main.py:348 - INFO - ==================== 漫画信息 ====================
                                   漫画ID：59892f1b56f6f4229b902161
                                   标题：秘めくり彼女
                                   作者：折口
                                   是否完结：是
                                   总页数：201
                                   分类：長篇
                                   章节数：1
                                   最后更新时间：2017-08-08T03:25:15.731Z
                                   =================================================
2026-05-18 00:08:34 - mkk_pika - database.py:101 - INFO - 保存成功：秘めくり彼女
2026-05-18 00:08:34 - mkk_pika - main.py:35 - INFO - 开始检查夫婦の絆 -妻は若造の肉便器 | 夫婦之絆 妻子是別人的肉便器 是否存在未下载章节
2026-05-18 00:08:34 - mkk_pika - main.py:45 - INFO - 正在下载:[夫婦の絆 -妻は若造の肉便器 | 夫婦之絆 妻子是別人的肉便器 ]-[狼亮輔]-[['長篇', '人妻']]-[total_pages:235]
2026-05-18 00:08:34 - mkk_pika - main.py:49 - INFO - [{'_id': '598980495a412904c5cae5b5', 'title': '第1集', 'order': 1, 'updated_at': '2017-08-08T05:49:23.585Z', 'id': '598980495a412904c5cae5b5'}]
2026-05-18 00:08:34 - mkk_pika - database.py:215 - INFO - 第一次下载该漫画，记录数据库中
2026-05-18 00:08:36 - mkk_pika - main.py:83 - INFO - 找到 235 张图片在:第1集
2026-05-18 00:08:40 - mkk_pika - main.py:112 - INFO - [episode:第1集       ] downloaded:   235, total: 235, progress:100%
2026-05-18 00:08:40 - mkk_pika - database.py:238 - INFO - 数据库更新已下载章节
2026-05-18 00:08:40 - mkk_pika - database.py:244 - INFO - 该漫画已下载章节如下
2026-05-18 00:08:40 - mkk_pika - database.py:245 - INFO - ['第1集']
2026-05-18 00:08:41 - mkk_pika - main.py:348 - INFO - ==================== 漫画信息 ====================
                                   漫画ID：598980495a412904c5cae5b4
                                   标题：夫婦の絆 -妻は若造の肉便器 | 夫婦之絆 妻子是別人的肉便器 
                                   作者：狼亮輔
                                   是否完结：是
                                   总页数：235
                                   分类：長篇,人妻
                                   章节数：1
                                   最后更新时间：2017-08-08T09:11:37.207Z
                                   =================================================
2026-05-18 00:08:41 - mkk_pika - database.py:101 - INFO - 保存成功：夫婦の絆 -妻は若造の肉便器 | 夫婦之絆 妻子是別人的肉便器 
2026-05-18 00:08:41 - mkk_pika - main.py:35 - INFO - 开始检查えっちなことはメッ是否存在未下载章节
2026-05-18 00:08:42 - mkk_pika - main.py:45 - INFO - 正在下载:[えっちなことはメッ]-[あるたな (薙派)]-[['短篇', '同人', '純愛', '東方']]-[total_pages:17]
2026-05-18 00:08:42 - mkk_pika - main.py:49 - INFO - [{'_id': '5989d147fd49db6354b24a1f', 'title': '第1集', 'order': 1, 'updated_at': '2017-08-08T13:53:34.232Z', 'id': '5989d147fd49db6354b24a1f'}]
2026-05-18 00:08:42 - mkk_pika - database.py:215 - INFO - 第一次下载该漫画，记录数据库中
2026-05-18 00:08:42 - mkk_pika - main.py:83 - INFO - 找到 17 张图片在:第1集
2026-05-18 00:08:43 - mkk_pika - main.py:112 - INFO - [episode:第1集       ] downloaded:    17, total:  17, progress:100%
2026-05-18 00:08:43 - mkk_pika - database.py:238 - INFO - 数据库更新已下载章节
2026-05-18 00:08:43 - mkk_pika - database.py:244 - INFO - 该漫画已下载章节如下
2026-05-18 00:08:43 - mkk_pika - database.py:245 - INFO - ['第1集']
2026-05-18 00:08:44 - mkk_pika - main.py:348 - INFO - ==================== 漫画信息 ====================
                                   漫画ID：5989d147fd49db6354b24a1e
                                   标题：えっちなことはメッ
                                   作者：あるたな (薙派)
                                   是否完结：是
                                   总页数：17
                                   分类：短篇,同人,純愛,東方
                                   章节数：1
                                   最后更新时间：2017-08-08T14:57:11.385Z
                                   =================================================
2026-05-18 00:08:44 - mkk_pika - database.py:101 - INFO - 保存成功：えっちなことはメッ
2026-05-18 00:08:44 - mkk_pika - main.py:35 - INFO - 开始检查软嫩揉搓美乳的女神是否存在未下载章节
2026-05-18 00:08:44 - mkk_pika - main.py:45 - INFO - 正在下载:[软嫩揉搓美乳的女神]-[榎本ひでひら]-[['長篇', '純愛', '人妻', '姐姐系']]-[total_pages:199]
2026-05-18 00:08:44 - mkk_pika - main.py:49 - INFO - [{'_id': '5989d16356f6f4229b9026d2', 'title': '骨折之后天晴', 'order': 1, 'updated_at': '2017-08-08T13:23:09.755Z', 'id': '5989d16356f6f4229b9026d2'}, {'_id': '5989d16356f6f4229b9026d3', 'title': '小司的教育辅导', 'order': 2, 'updated_at': '2017-08-08T13:25:25.545Z', 'id': '5989d16356f6f4229b9026d3'}, {'_id': '5989d16356f6f4229b9026d4', 'title': '地藏王菩萨男', 'order': 3, 'updated_at': '2017-08-08T13:27:15.352Z', 'id': '5989d16356f6f4229b9026d4'}, {'_id': '5989d16356f6f4229b9026d5', 'title': '晃来晃去越前', 'order': 4, 'updated_at': '2017-08-08T13:30:29.530Z', 'id': '5989d16356f6f4229b9026d5'}, {'_id': '5989d16356f6f4229b9026d6', 'title': '音春乙女', 'order': 5, 'updated_at': '2017-08-08T13:31:50.037Z', 'id': '5989d16356f6f4229b9026d6'}, {'_id': '5989d16356f6f4229b9026d7', 'title': '居家按摩', 'order': 6, 'updated_at': '2017-08-08T13:32:41.226Z', 'id': '5989d16356f6f4229b9026d7'}, {'_id': '5989d16356f6f4229b9026d8', 'title': '老师和学生', 'order': 7, 'updated_at': '2017-08-08T13:34:37.765Z', 'id': '5989d16356f6f4229b9026d8'}, {'_id': '5989d16356f6f4229b9026d9', 'title': '姐妹情深', 'order': 8, 'updated_at': '2017-08-08T13:35:48.093Z', 'id': '5989d16356f6f4229b9026d9'}, {'_id': '5989d16356f6f4229b9026da', 'title': '波吉型的女生', 'order': 9, 'updated_at': '2017-08-08T13:37:06.524Z', 'id': '5989d16356f6f4229b9026da'}, {'_id': '5989d16356f6f4229b9026db', 'title': '爱抢女神', 'order': 10, 'updated_at': '2017-08-08T13:37:57.856Z', 'id': '5989d16356f6f4229b9026db'}, {'_id': '5989d16356f6f4229b9026dc', 'title': '后记', 'order': 11, 'updated_at': '2017-08-08T13:38:31.778Z', 'id': '5989d16356f6f4229b9026dc'}]
2026-05-18 00:08:44 - mkk_pika - database.py:215 - INFO - 第一次下载该漫画，记录数据库中
2026-05-18 00:08:45 - mkk_pika - main.py:83 - INFO - 找到 25 张图片在:骨折之后天晴
2026-05-18 00:08:45 - mkk_pika - main.py:112 - INFO - [episode:骨折之后天晴    ] downloaded:    25, total:  25, progress:100%
2026-05-18 00:08:45 - mkk_pika - database.py:238 - INFO - 数据库更新已下载章节
2026-05-18 00:08:45 - mkk_pika - database.py:244 - INFO - 该漫画已下载章节如下
2026-05-18 00:08:45 - mkk_pika - database.py:245 - INFO - ['骨折之后天晴']
2026-05-18 00:08:47 - mkk_pika - main.py:83 - INFO - 找到 20 张图片在:小司的教育辅导
2026-05-18 00:08:47 - mkk_pika - main.py:112 - INFO - [episode:小司的教育辅导   ] downloaded:    20, total:  20, progress:100%
2026-05-18 00:08:47 - mkk_pika - database.py:238 - INFO - 数据库更新已下载章节
2026-05-18 00:08:47 - mkk_pika - database.py:244 - INFO - 该漫画已下载章节如下
2026-05-18 00:08:47 - mkk_pika - database.py:245 - INFO - ['骨折之后天晴', '小司的教育辅导']
2026-05-18 00:08:49 - mkk_pika - main.py:83 - INFO - 找到 20 张图片在:地藏王菩萨男
2026-05-18 00:08:49 - mkk_pika - main.py:112 - INFO - [episode:地藏王菩萨男    ] downloaded:    20, total:  20, progress:100%
2026-05-18 00:08:49 - mkk_pika - database.py:238 - INFO - 数据库更新已下载章节
2026-05-18 00:08:49 - mkk_pika - database.py:244 - INFO - 该漫画已下载章节如下
2026-05-18 00:08:49 - mkk_pika - database.py:245 - INFO - ['骨折之后天晴', '小司的教育辅导', '地藏王菩萨男']
2026-05-18 00:08:50 - mkk_pika - main.py:83 - INFO - 找到 20 张图片在:晃来晃去越前
2026-05-18 00:08:51 - mkk_pika - main.py:112 - INFO - [episode:晃来晃去越前    ] downloaded:    20, total:  20, progress:100%
2026-05-18 00:08:51 - mkk_pika - database.py:238 - INFO - 数据库更新已下载章节
2026-05-18 00:08:51 - mkk_pika - database.py:244 - INFO - 该漫画已下载章节如下
2026-05-18 00:08:51 - mkk_pika - database.py:245 - INFO - ['骨折之后天晴', '小司的教育辅导', '地藏王菩萨男', '晃来晃去越前']
2026-05-18 00:08:52 - mkk_pika - main.py:83 - INFO - 找到 20 张图片在:音春乙女
2026-05-18 00:08:53 - mkk_pika - main.py:112 - INFO - [episode:音春乙女      ] downloaded:    20, total:  20, progress:100%
2026-05-18 00:08:53 - mkk_pika - database.py:238 - INFO - 数据库更新已下载章节
2026-05-18 00:08:53 - mkk_pika - database.py:244 - INFO - 该漫画已下载章节如下
2026-05-18 00:08:53 - mkk_pika - database.py:245 - INFO - ['骨折之后天晴', '小司的教育辅导', '地藏王菩萨男', '晃来晃去越前', '音春乙女']
2026-05-18 00:08:54 - mkk_pika - main.py:83 - INFO - 找到 20 张图片在:居家按摩
2026-05-18 00:08:55 - mkk_pika - main.py:112 - INFO - [episode:居家按摩      ] downloaded:    20, total:  20, progress:100%
2026-05-18 00:08:55 - mkk_pika - database.py:238 - INFO - 数据库更新已下载章节
2026-05-18 00:08:55 - mkk_pika - database.py:244 - INFO - 该漫画已下载章节如下
2026-05-18 00:08:55 - mkk_pika - database.py:245 - INFO - ['骨折之后天晴', '小司的教育辅导', '地藏王菩萨男', '晃来晃去越前', '音春乙女', '居家按摩']
2026-05-18 00:08:56 - mkk_pika - main.py:83 - INFO - 找到 20 张图片在:老师和学生
2026-05-18 00:08:57 - mkk_pika - main.py:112 - INFO - [episode:老师和学生     ] downloaded:    20, total:  20, progress:100%
2026-05-18 00:08:57 - mkk_pika - database.py:238 - INFO - 数据库更新已下载章节
2026-05-18 00:08:57 - mkk_pika - database.py:244 - INFO - 该漫画已下载章节如下
2026-05-18 00:08:57 - mkk_pika - database.py:245 - INFO - ['骨折之后天晴', '小司的教育辅导', '地藏王菩萨男', '晃来晃去越前', '音春乙女', '居家按摩', '老师和学生']
2026-05-18 00:08:58 - mkk_pika - main.py:83 - INFO - 找到 20 张图片在:姐妹情深
2026-05-18 00:08:59 - mkk_pika - main.py:112 - INFO - [episode:姐妹情深      ] downloaded:    20, total:  20, progress:100%
2026-05-18 00:08:59 - mkk_pika - database.py:238 - INFO - 数据库更新已下载章节
2026-05-18 00:08:59 - mkk_pika - database.py:244 - INFO - 该漫画已下载章节如下
2026-05-18 00:08:59 - mkk_pika - database.py:245 - INFO - ['骨折之后天晴', '小司的教育辅导', '地藏王菩萨男', '晃来晃去越前', '音春乙女', '居家按摩', '老师和学生', '姐妹情深']
2026-05-18 00:09:00 - mkk_pika - main.py:83 - INFO - 找到 20 张图片在:波吉型的女生
2026-05-18 00:09:01 - mkk_pika - main.py:112 - INFO - [episode:波吉型的女生    ] downloaded:    20, total:  20, progress:100%
2026-05-18 00:09:01 - mkk_pika - database.py:238 - INFO - 数据库更新已下载章节
2026-05-18 00:09:01 - mkk_pika - database.py:244 - INFO - 该漫画已下载章节如下
2026-05-18 00:09:01 - mkk_pika - database.py:245 - INFO - ['骨折之后天晴', '小司的教育辅导', '地藏王菩萨男', '晃来晃去越前', '音春乙女', '居家按摩', '老师和学生', '姐妹情深', '波吉型的女生']
2026-05-18 00:09:02 - mkk_pika - main.py:83 - INFO - 找到 9 张图片在:爱抢女神
2026-05-18 00:09:03 - mkk_pika - main.py:112 - INFO - [episode:爱抢女神      ] downloaded:     9, total:   9, progress:100%
2026-05-18 00:09:03 - mkk_pika - database.py:238 - INFO - 数据库更新已下载章节
2026-05-18 00:09:03 - mkk_pika - database.py:244 - INFO - 该漫画已下载章节如下
2026-05-18 00:09:03 - mkk_pika - database.py:245 - INFO - ['骨折之后天晴', '小司的教育辅导', '地藏王菩萨男', '晃来晃去越前', '音春乙女', '居家按摩', '老师和学生', '姐妹情深', '波吉型的女生', '爱抢女神']
2026-05-18 00:09:04 - mkk_pika - main.py:83 - INFO - 找到 5 张图片在:后记
2026-05-18 00:09:04 - mkk_pika - main.py:112 - INFO - [episode:后记        ] downloaded:     5, total:   5, progress:100%
2026-05-18 00:09:04 - mkk_pika - database.py:238 - INFO - 数据库更新已下载章节
2026-05-18 00:09:04 - mkk_pika - database.py:244 - INFO - 该漫画已下载章节如下
2026-05-18 00:09:04 - mkk_pika - database.py:245 - INFO - ['骨折之后天晴', '小司的教育辅导', '地藏王菩萨男', '晃来晃去越前', '音春乙女', '居家按摩', '老师和学生', '姐妹情深', '波吉型的女生', '爱抢女神', '后记']
2026-05-18 00:09:06 - mkk_pika - main.py:348 - INFO - ==================== 漫画信息 ====================
                                   漫画ID：5989d16356f6f4229b9026d1
                                   标题：软嫩揉搓美乳的女神
                                   作者：榎本ひでひら
                                   是否完结：是
                                   总页数：199
                                   分类：長篇,純愛,人妻,姐姐系
                                   章节数：11
                                   最后更新时间：2017-08-08T14:57:39.416Z
                                   =================================================
2026-05-18 00:09:06 - mkk_pika - database.py:101 - INFO - 保存成功：软嫩揉搓美乳的女神
2026-05-18 00:09:06 - mkk_pika - main.py:35 - INFO - 开始检查艦メイド伊式是否存在未下载章节
2026-05-18 00:09:06 - mkk_pika - main.py:45 - INFO - 正在下载:[艦メイド伊式]-[あきもと大]-[['同人', '短篇', '艦隊收藏']]-[total_pages:70]
2026-05-18 00:09:06 - mkk_pika - main.py:49 - INFO - [{'_id': '5989f4a7ef942104d84d0361', 'title': '第1集', 'order': 1, 'updated_at': '2017-08-08T15:16:39.539Z', 'id': '5989f4a7ef942104d84d0361'}]
2026-05-18 00:09:06 - mkk_pika - database.py:215 - INFO - 第一次下载该漫画，记录数据库中
2026-05-18 00:09:06 - mkk_pika - main.py:83 - INFO - 找到 25 张图片在:第1集
2026-05-18 00:09:07 - mkk_pika - main.py:112 - INFO - [episode:第1集       ] downloaded:    25, total:  25, progress:100%
2026-05-18 00:09:07 - mkk_pika - database.py:238 - INFO - 数据库更新已下载章节
2026-05-18 00:09:07 - mkk_pika - database.py:244 - INFO - 该漫画已下载章节如下
2026-05-18 00:09:07 - mkk_pika - database.py:245 - INFO - ['第1集']
2026-05-18 00:09:08 - mkk_pika - main.py:348 - INFO - ==================== 漫画信息 ====================
                                   漫画ID：5989f4a7ef942104d84d0360
                                   标题：艦メイド伊式
                                   作者：あきもと大
                                   是否完结：是
                                   总页数：70
                                   分类：同人,短篇,艦隊收藏
                                   章节数：1
                                   最后更新时间：2017-08-08T17:28:07.534Z
                                   =================================================
2026-05-18 00:09:08 - mkk_pika - database.py:101 - INFO - 保存成功：艦メイド伊式
2026-05-18 00:09:08 - mkk_pika - main.py:35 - INFO - 开始检查 小梅の名は是否存在未下载章节
2026-05-18 00:09:08 - mkk_pika - main.py:45 - INFO - 正在下载:[ 小梅の名は]-[知恵の原石 (あずせ)]-[['短篇', '同人']]-[total_pages:32]
2026-05-18 00:09:08 - mkk_pika - main.py:49 - INFO - [{'_id': '5989f520f1022c22b1f6f897', 'title': '第1集', 'order': 1, 'updated_at': '2017-08-08T15:37:53.527Z', 'id': '5989f520f1022c22b1f6f897'}]
2026-05-18 00:09:08 - mkk_pika - database.py:215 - INFO - 第一次下载该漫画，记录数据库中
2026-05-18 00:09:09 - mkk_pika - main.py:83 - INFO - 找到 32 张图片在:第1集
2026-05-18 00:09:10 - mkk_pika - main.py:112 - INFO - [episode:第1集       ] downloaded:    32, total:  32, progress:100%
2026-05-18 00:09:10 - mkk_pika - database.py:238 - INFO - 数据库更新已下载章节
2026-05-18 00:09:10 - mkk_pika - database.py:244 - INFO - 该漫画已下载章节如下
2026-05-18 00:09:10 - mkk_pika - database.py:245 - INFO - ['第1集']
2026-05-18 00:09:11 - mkk_pika - main.py:348 - INFO - ==================== 漫画信息 ====================
                                   漫画ID：5989f520f1022c22b1f6f896
                                   标题： 小梅の名は
                                   作者：知恵の原石 (あずせ)
                                   是否完结：是
                                   总页数：32
                                   分类：短篇,同人
                                   章节数：1
                                   最后更新时间：2017-08-08T17:30:08.294Z
                                   =================================================
2026-05-18 00:09:11 - mkk_pika - database.py:101 - INFO - 保存成功： 小梅の名は
2026-05-18 00:09:11 - mkk_pika - main.py:35 - INFO - 开始检查ダージリンさま一番しばり是否存在未下载章节
2026-05-18 00:09:11 - mkk_pika - main.py:45 - INFO - 正在下载:[ダージリンさま一番しばり]-[井上よしひさ]-[['同人', '短篇', '百合花園']]-[total_pages:26]
2026-05-18 00:09:11 - mkk_pika - main.py:49 - INFO - [{'_id': '5989f530f1022c22b1f6f8b9', 'title': '第1集', 'order': 1, 'updated_at': '2017-08-08T15:58:30.453Z', 'id': '5989f530f1022c22b1f6f8b9'}]
2026-05-18 00:09:11 - mkk_pika - database.py:215 - INFO - 第一次下载该漫画，记录数据库中
2026-05-18 00:09:12 - mkk_pika - main.py:83 - INFO - 找到 26 张图片在:第1集
2026-05-18 00:09:12 - mkk_pika - main.py:112 - INFO - [episode:第1集       ] downloaded:    26, total:  26, progress:100%
2026-05-18 00:09:12 - mkk_pika - database.py:238 - INFO - 数据库更新已下载章节
2026-05-18 00:09:12 - mkk_pika - database.py:244 - INFO - 该漫画已下载章节如下
2026-05-18 00:09:12 - mkk_pika - database.py:245 - INFO - ['第1集']
2026-05-18 00:09:14 - mkk_pika - main.py:348 - INFO - ==================== 漫画信息 ====================
                                   漫画ID：5989f530f1022c22b1f6f8b8
                                   标题：ダージリンさま一番しばり
                                   作者：井上よしひさ
                                   是否完结：是
                                   总页数：26
                                   分类：同人,短篇,百合花園
                                   章节数：1
                                   最后更新时间：2017-08-08T17:30:24.712Z
                                   =================================================
2026-05-18 00:09:14 - mkk_pika - database.py:101 - INFO - 保存成功：ダージリンさま一番しばり
2026-05-18 00:09:14 - mkk_pika - main.py:35 - INFO - 开始检查哀ドル伝説きらり☆是否存在未下载章节
2026-05-18 00:09:14 - mkk_pika - main.py:45 - INFO - 正在下载:[哀ドル伝説きらり☆]-[うめ丸]-[['長篇']]-[total_pages:193]
2026-05-18 00:09:14 - mkk_pika - main.py:49 - INFO - [{'_id': '5989f53bf93e4f04ee64ee1d', 'title': '第1集', 'order': 1, 'updated_at': '2017-08-08T16:53:51.891Z', 'id': '5989f53bf93e4f04ee64ee1d'}]
2026-05-18 00:09:14 - mkk_pika - database.py:215 - INFO - 第一次下载该漫画，记录数据库中
2026-05-18 00:09:16 - mkk_pika - main.py:83 - INFO - 找到 193 张图片在:第1集
2026-05-18 00:09:19 - mkk_pika - main.py:112 - INFO - [episode:第1集       ] downloaded:   193, total: 193, progress:100%
2026-05-18 00:09:19 - mkk_pika - database.py:238 - INFO - 数据库更新已下载章节
2026-05-18 00:09:19 - mkk_pika - database.py:244 - INFO - 该漫画已下载章节如下
2026-05-18 00:09:19 - mkk_pika - database.py:245 - INFO - ['第1集']
2026-05-18 00:09:20 - mkk_pika - main.py:348 - INFO - ==================== 漫画信息 ====================
                                   漫画ID：5989f53bf93e4f04ee64ee1c
                                   标题：哀ドル伝説きらり☆
                                   作者：うめ丸
                                   是否完结：是
                                   总页数：193
                                   分类：長篇
                                   章节数：1
                                   最后更新时间：2017-08-08T17:30:35.200Z
                                   =================================================
2026-05-18 00:09:20 - mkk_pika - database.py:101 - INFO - 保存成功：哀ドル伝説きらり☆
2026-05-18 00:09:20 - mkk_pika - main.py:35 - INFO - 开始检查敗北少女是否存在未下载章节
2026-05-18 00:09:21 - mkk_pika - main.py:45 - INFO - 正在下载:[敗北少女]-[柳原ミツキ]-[['長篇']]-[total_pages:185]
2026-05-18 00:09:21 - mkk_pika - main.py:49 - INFO - [{'_id': '598a77fbf1022c22b1f6fc96', 'title': '第1集', 'order': 1, 'updated_at': '2017-08-09T00:20:01.739Z', 'id': '598a77fbf1022c22b1f6fc96'}]
2026-05-18 00:09:21 - mkk_pika - database.py:215 - INFO - 第一次下载该漫画，记录数据库中
2026-05-18 00:09:22 - mkk_pika - main.py:83 - INFO - 找到 185 张图片在:第1集
2026-05-18 00:09:26 - mkk_pika - main.py:112 - INFO - [episode:第1集       ] downloaded:   185, total: 185, progress:100%
2026-05-18 00:09:26 - mkk_pika - database.py:238 - INFO - 数据库更新已下载章节
2026-05-18 00:09:26 - mkk_pika - database.py:244 - INFO - 该漫画已下载章节如下
2026-05-18 00:09:26 - mkk_pika - database.py:245 - INFO - ['第1集']
2026-05-18 00:09:27 - mkk_pika - main.py:348 - INFO - ==================== 漫画信息 ====================
                                   漫画ID：598a77fbf1022c22b1f6fc95
                                   标题：敗北少女
                                   作者：柳原ミツキ
                                   是否完结：是
                                   总页数：185
                                   分类：長篇
                                   章节数：1
                                   最后更新时间：2017-08-09T02:48:27.524Z
                                   =================================================
2026-05-18 00:09:27 - mkk_pika - database.py:101 - INFO - 保存成功：敗北少女
2026-05-18 00:09:27 - mkk_pika - main.py:35 - INFO - 开始检查ビッチ★ハーレム是否存在未下载章节
2026-05-18 00:09:27 - mkk_pika - main.py:45 - INFO - 正在下载:[ビッチ★ハーレム]-[ソメジマ]-[['長篇']]-[total_pages:189]
2026-05-18 00:09:27 - mkk_pika - main.py:49 - INFO - [{'_id': '598a7885fd49db6354b25041', 'title': '第1集', 'order': 1, 'updated_at': '2017-08-09T01:02:57.007Z', 'id': '598a7885fd49db6354b25041'}]
2026-05-18 00:09:27 - mkk_pika - database.py:215 - INFO - 第一次下载该漫画，记录数据库中
2026-05-18 00:09:29 - mkk_pika - main.py:83 - INFO - 找到 189 张图片在:第1集
2026-05-18 00:09:32 - mkk_pika - main.py:112 - INFO - [episode:第1集       ] downloaded:   189, total: 189, progress:100%
2026-05-18 00:09:32 - mkk_pika - database.py:238 - INFO - 数据库更新已下载章节
2026-05-18 00:09:32 - mkk_pika - database.py:244 - INFO - 该漫画已下载章节如下
2026-05-18 00:09:32 - mkk_pika - database.py:245 - INFO - ['第1集']
2026-05-18 00:09:34 - mkk_pika - main.py:348 - INFO - ==================== 漫画信息 ====================
                                   漫画ID：598a7885fd49db6354b25040
                                   标题：ビッチ★ハーレム
                                   作者：ソメジマ
                                   是否完结：是
                                   总页数：189
                                   分类：長篇
                                   章节数：1
                                   最后更新时间：2017-08-09T02:50:45.464Z
                                   =================================================
2026-05-18 00:09:34 - mkk_pika - database.py:101 - INFO - 保存成功：ビッチ★ハーレム
2026-05-18 00:09:34 - mkk_pika - main.py:35 - INFO - 开始检查孕ませ淫モラル + イラストカード是否存在未下载章节
2026-05-18 00:09:34 - mkk_pika - main.py:45 - INFO - 正在下载:[孕ませ淫モラル + イラストカード]-[ソメジマ]-[['長篇']]-[total_pages:194]
2026-05-18 00:09:34 - mkk_pika - main.py:49 - INFO - [{'_id': '598a78ab56f6f4229b902d1a', 'title': '第1集', 'order': 1, 'updated_at': '2017-08-09T01:14:24.403Z', 'id': '598a78ab56f6f4229b902d1a'}]
2026-05-18 00:09:34 - mkk_pika - database.py:215 - INFO - 第一次下载该漫画，记录数据库中
2026-05-18 00:09:36 - mkk_pika - main.py:83 - INFO - 找到 194 张图片在:第1集
2026-05-18 00:09:39 - mkk_pika - main.py:112 - INFO - [episode:第1集       ] downloaded:   194, total: 194, progress:100%
2026-05-18 00:09:39 - mkk_pika - database.py:238 - INFO - 数据库更新已下载章节
2026-05-18 00:09:39 - mkk_pika - database.py:244 - INFO - 该漫画已下载章节如下
2026-05-18 00:09:39 - mkk_pika - database.py:245 - INFO - ['第1集']
2026-05-18 00:09:41 - mkk_pika - main.py:348 - INFO - ==================== 漫画信息 ====================
                                   漫画ID：598a78ab56f6f4229b902d19
                                   标题：孕ませ淫モラル + イラストカード
                                   作者：ソメジマ
                                   是否完结：是
                                   总页数：194
                                   分类：長篇
                                   章节数：1
                                   最后更新时间：2017-08-09T02:51:23.611Z
                                   =================================================
2026-05-18 00:09:41 - mkk_pika - database.py:101 - INFO - 保存成功：孕ませ淫モラル + イラストカード
2026-05-18 00:09:41 - mkk_pika - main.py:35 - INFO - 开始检查痴女のアナ是否存在未下载章节
2026-05-18 00:09:41 - mkk_pika - main.py:45 - INFO - 正在下载:[痴女のアナ]-[吉良広義]-[['長篇']]-[total_pages:196]
2026-05-18 00:09:41 - mkk_pika - main.py:49 - INFO - [{'_id': '598a78f904654a631cef3fba', 'title': '第1集', 'order': 1, 'updated_at': '2017-08-09T01:25:22.867Z', 'id': '598a78f904654a631cef3fba'}]
2026-05-18 00:09:41 - mkk_pika - database.py:215 - INFO - 第一次下载该漫画，记录数据库中
2026-05-18 00:09:43 - mkk_pika - main.py:83 - INFO - 找到 196 张图片在:第1集
2026-05-18 00:09:46 - mkk_pika - main.py:112 - INFO - [episode:第1集       ] downloaded:   196, total: 196, progress:100%
2026-05-18 00:09:46 - mkk_pika - database.py:238 - INFO - 数据库更新已下载章节
2026-05-18 00:09:46 - mkk_pika - database.py:244 - INFO - 该漫画已下载章节如下
2026-05-18 00:09:46 - mkk_pika - database.py:245 - INFO - ['第1集']
2026-05-18 00:09:47 - mkk_pika - main.py:348 - INFO - ==================== 漫画信息 ====================
                                   漫画ID：598a78f904654a631cef3fb9
                                   标题：痴女のアナ
                                   作者：吉良広義
                                   是否完结：是
                                   总页数：196
                                   分类：長篇
                                   章节数：1
                                   最后更新时间：2017-08-09T02:52:41.855Z
                                   =================================================
2026-05-18 00:09:47 - mkk_pika - database.py:101 - INFO - 保存成功：痴女のアナ
2026-05-18 00:09:47 - mkk_pika - main.py:35 - INFO - 开始检查お嬢様とメイドのみだらな性活是否存在未下载章节
2026-05-18 00:09:48 - mkk_pika - main.py:45 - INFO - 正在下载:[お嬢様とメイドのみだらな性活]-[しんどう]-[['長篇']]-[total_pages:204]
2026-05-18 00:09:48 - mkk_pika - main.py:49 - INFO - [{'_id': '598a7920fd49db6354b25102', 'title': '第1集', 'order': 1, 'updated_at': '2017-08-09T02:04:06.271Z', 'id': '598a7920fd49db6354b25102'}]
2026-05-18 00:09:48 - mkk_pika - database.py:215 - INFO - 第一次下载该漫画，记录数据库中
2026-05-18 00:09:50 - mkk_pika - main.py:83 - INFO - 找到 204 张图片在:第1集
2026-05-18 00:09:53 - mkk_pika - main.py:112 - INFO - [episode:第1集       ] downloaded:   204, total: 204, progress:100%
2026-05-18 00:09:53 - mkk_pika - database.py:238 - INFO - 数据库更新已下载章节
2026-05-18 00:09:53 - mkk_pika - database.py:244 - INFO - 该漫画已下载章节如下
2026-05-18 00:09:53 - mkk_pika - database.py:245 - INFO - ['第1集']
2026-05-18 00:09:54 - mkk_pika - main.py:348 - INFO - ==================== 漫画信息 ====================
                                   漫画ID：598a7920fd49db6354b25101
                                   标题：お嬢様とメイドのみだらな性活
                                   作者：しんどう
                                   是否完结：是
                                   总页数：204
                                   分类：長篇
                                   章节数：1
                                   最后更新时间：2017-08-09T02:53:20.341Z
                                   =================================================
2026-05-18 00:09:54 - mkk_pika - database.py:101 - INFO - 保存成功：お嬢様とメイドのみだらな性活
2026-05-18 00:09:54 - mkk_pika - main.py:35 - INFO - 开始检查痴肉祭 ～坂崎ふれでぃの恥極絵図～噴汁學園是否存在未下载章节
2026-05-18 00:09:55 - mkk_pika - main.py:45 - INFO - 正在下载:[痴肉祭 ～坂崎ふれでぃの恥極絵図～噴汁學園]-[坂崎ふれでぃ]-[['長篇']]-[total_pages:327]
2026-05-18 00:09:55 - mkk_pika - main.py:49 - INFO - [{'_id': '598a794c04654a631cef40a0', 'title': '第1集', 'order': 1, 'updated_at': '2017-08-09T02:38:45.692Z', 'id': '598a794c04654a631cef40a0'}]
2026-05-18 00:09:55 - mkk_pika - database.py:215 - INFO - 第一次下载该漫画，记录数据库中
2026-05-18 00:09:57 - mkk_pika - main.py:83 - INFO - 找到 207 张图片在:第1集
2026-05-18 00:10:01 - mkk_pika - main.py:112 - INFO - [episode:第1集       ] downloaded:   207, total: 207, progress:100%
2026-05-18 00:10:01 - mkk_pika - database.py:238 - INFO - 数据库更新已下载章节
2026-05-18 00:10:01 - mkk_pika - database.py:244 - INFO - 该漫画已下载章节如下
2026-05-18 00:10:01 - mkk_pika - database.py:245 - INFO - ['第1集']
2026-05-18 00:10:02 - mkk_pika - main.py:348 - INFO - ==================== 漫画信息 ====================
                                   漫画ID：598a794c04654a631cef409f
                                   标题：痴肉祭 ～坂崎ふれでぃの恥極絵図～噴汁學園
                                   作者：坂崎ふれでぃ
                                   是否完结：是
                                   总页数：327
                                   分类：長篇
                                   章节数：1
                                   最后更新时间：2017-08-09T02:54:04.832Z
                                   =================================================
2026-05-18 00:10:02 - mkk_pika - database.py:101 - INFO - 保存成功：痴肉祭 ～坂崎ふれでぃの恥極絵図～噴汁學園
2026-05-18 00:10:02 - mkk_pika - main.py:35 - INFO - 开始检查(紅楼夢10)獅子の種 (東方Project)是否存在未下载章节
2026-05-18 00:10:02 - mkk_pika - main.py:45 - INFO - 正在下载:[(紅楼夢10)獅子の種 (東方Project)]-[ジロー日和 (ジロー)]-[['東方']]-[total_pages:43]
2026-05-18 00:10:02 - mkk_pika - main.py:49 - INFO - [{'_id': '598add71842c3222650c831c', 'title': '第1集', 'order': 1, 'updated_at': '2017-08-08T03:45:40.838Z', 'id': '598add71842c3222650c831c'}]
2026-05-18 00:10:02 - mkk_pika - database.py:215 - INFO - 第一次下载该漫画，记录数据库中
2026-05-18 00:10:03 - mkk_pika - main.py:83 - INFO - 找到 42 张图片在:第1集
2026-05-18 00:10:04 - mkk_pika - main.py:112 - INFO - [episode:第1集       ] downloaded:    42, total:  42, progress:100%
2026-05-18 00:10:04 - mkk_pika - database.py:238 - INFO - 数据库更新已下载章节
2026-05-18 00:10:04 - mkk_pika - database.py:244 - INFO - 该漫画已下载章节如下
2026-05-18 00:10:04 - mkk_pika - database.py:245 - INFO - ['第1集']
2026-05-18 00:10:05 - mkk_pika - main.py:348 - INFO - ==================== 漫画信息 ====================
                                   漫画ID：598add71842c3222650c831b
                                   标题：(紅楼夢10)獅子の種 (東方Project)
                                   作者：ジロー日和 (ジロー)
                                   是否完结：是
                                   总页数：43
                                   分类：東方
                                   章节数：1
                                   最后更新时间：2017-08-09T10:01:21.772Z
                                   =================================================
2026-05-18 00:10:05 - mkk_pika - database.py:101 - INFO - 保存成功：(紅楼夢10)獅子の種 (東方Project)
2026-05-18 00:10:05 - mkk_pika - main.py:35 - INFO - 开始检查なのフェイらいふ是否存在未下载章节
2026-05-18 00:10:06 - mkk_pika - main.py:45 - INFO - 正在下载:[なのフェイらいふ]-[ミッシングパラダイス]-[['同人', '長篇', '純愛', '後宮閃光']]-[total_pages:116]
2026-05-18 00:10:06 - mkk_pika - main.py:49 - INFO - [{'_id': '598add8cef942104d84d09d0', 'title': '第1集', 'order': 1, 'updated_at': '2017-08-09T09:19:23.851Z', 'id': '598add8cef942104d84d09d0'}]
2026-05-18 00:10:06 - mkk_pika - database.py:215 - INFO - 第一次下载该漫画，记录数据库中
2026-05-18 00:10:07 - mkk_pika - main.py:83 - INFO - 找到 116 张图片在:第1集
2026-05-18 00:10:09 - mkk_pika - main.py:112 - INFO - [episode:第1集       ] downloaded:   116, total: 116, progress:100%
2026-05-18 00:10:09 - mkk_pika - database.py:238 - INFO - 数据库更新已下载章节
2026-05-18 00:10:09 - mkk_pika - database.py:244 - INFO - 该漫画已下载章节如下
2026-05-18 00:10:09 - mkk_pika - database.py:245 - INFO - ['第1集']
2026-05-18 00:10:11 - mkk_pika - main.py:348 - INFO - ==================== 漫画信息 ====================
                                   漫画ID：598add8cef942104d84d09cf
                                   标题：なのフェイらいふ
                                   作者：ミッシングパラダイス
                                   是否完结：是
                                   总页数：116
                                   分类：同人,長篇,純愛,後宮閃光
                                   章节数：1
                                   最后更新时间：2017-08-09T10:01:48.047Z
                                   =================================================
2026-05-18 00:10:11 - mkk_pika - database.py:101 - INFO - 保存成功：なのフェイらいふ
2026-05-18 00:10:11 - mkk_pika - main.py:35 - INFO - 开始检查詩羽せんぱいとらぶえっち♥是否存在未下载章节
2026-05-18 00:10:11 - mkk_pika - main.py:45 - INFO - 正在下载:[詩羽せんぱいとらぶえっち♥]-[P:P (おりょう)]-[['同人', '短篇', '純愛']]-[total_pages:9]
2026-05-18 00:10:11 - mkk_pika - main.py:49 - INFO - [{'_id': '598add98fd49db6354b2551f', 'title': '第1集', 'order': 1, 'updated_at': '2017-08-09T09:49:05.164Z', 'id': '598add98fd49db6354b2551f'}]
2026-05-18 00:10:11 - mkk_pika - database.py:215 - INFO - 第一次下载该漫画，记录数据库中
2026-05-18 00:10:11 - mkk_pika - main.py:83 - INFO - 找到 9 张图片在:第1集
2026-05-18 00:10:12 - mkk_pika - main.py:112 - INFO - [episode:第1集       ] downloaded:     9, total:   9, progress:100%
2026-05-18 00:10:12 - mkk_pika - database.py:238 - INFO - 数据库更新已下载章节
2026-05-18 00:10:12 - mkk_pika - database.py:244 - INFO - 该漫画已下载章节如下
2026-05-18 00:10:12 - mkk_pika - database.py:245 - INFO - ['第1集']
2026-05-18 00:10:13 - mkk_pika - main.py:348 - INFO - ==================== 漫画信息 ====================
                                   漫画ID：598add98fd49db6354b2551e
                                   标题：詩羽せんぱいとらぶえっち♥
                                   作者：P:P (おりょう)
                                   是否完结：是
                                   总页数：9
                                   分类：同人,短篇,純愛
                                   章节数：1
                                   最后更新时间：2017-08-09T10:02:00.801Z
                                   =================================================
2026-05-18 00:10:13 - mkk_pika - database.py:101 - INFO - 保存成功：詩羽せんぱいとらぶえっち♥
2026-05-18 00:10:13 - mkk_pika - main.py:35 - INFO - 开始检查第OO次远坂家的餐桌战争是否存在未下载章节
2026-05-18 00:10:13 - mkk_pika - main.py:375 - ERROR - Download failed for 第OO次远坂家的餐桌战争, with Exception:'author'
2026-05-18 00:10:13 - mkk_pika - main.py:35 - INFO - 开始检查ガールズA是否存在未下载章节
2026-05-18 00:10:13 - mkk_pika - main.py:45 - INFO - 正在下载:[ガールズA]-[テコキッズ (れオナるド16世)]-[['短篇', '純愛', '非人類']]-[total_pages:43]
2026-05-18 00:10:13 - mkk_pika - main.py:49 - INFO - [{'_id': '598b13b0842c3222650c8489', 'title': '第1集', 'order': 1, 'updated_at': '2017-08-09T10:59:34.410Z', 'id': '598b13b0842c3222650c8489'}]
2026-05-18 00:10:13 - mkk_pika - database.py:215 - INFO - 第一次下载该漫画，记录数据库中
2026-05-18 00:10:14 - mkk_pika - main.py:83 - INFO - 找到 43 张图片在:第1集
2026-05-18 00:10:15 - mkk_pika - main.py:112 - INFO - [episode:第1集       ] downloaded:    43, total:  43, progress:100%
2026-05-18 00:10:15 - mkk_pika - database.py:238 - INFO - 数据库更新已下载章节
2026-05-18 00:10:15 - mkk_pika - database.py:244 - INFO - 该漫画已下载章节如下
2026-05-18 00:10:15 - mkk_pika - database.py:245 - INFO - ['第1集']
2026-05-18 00:10:16 - mkk_pika - main.py:348 - INFO - ==================== 漫画信息 ====================
                                   漫画ID：598b13b0842c3222650c8488
                                   标题：ガールズA
                                   作者：テコキッズ (れオナるド16世)
                                   是否完结：是
                                   总页数：43
                                   分类：短篇,純愛,非人類
                                   章节数：1
                                   最后更新时间：2017-08-09T13:52:48.048Z
                                   =================================================
2026-05-18 00:10:16 - mkk_pika - database.py:101 - INFO - 保存成功：ガールズA
2026-05-18 00:10:16 - mkk_pika - main.py:35 - INFO - 开始检查ばくの彼女はＪＫエルフ是否存在未下载章节
2026-05-18 00:10:16 - mkk_pika - main.py:45 - INFO - 正在下载:[ばくの彼女はＪＫエルフ]-[大友卓二]-[['全彩', '短篇']]-[total_pages:4]
2026-05-18 00:10:16 - mkk_pika - main.py:49 - INFO - [{'_id': '598b13fd5a412904c5caf570', 'title': '全1话', 'order': 1, 'updated_at': '2017-08-09T13:23:44.599Z', 'id': '598b13fd5a412904c5caf570'}]
2026-05-18 00:10:16 - mkk_pika - database.py:215 - INFO - 第一次下载该漫画，记录数据库中
2026-05-18 00:10:17 - mkk_pika - main.py:83 - INFO - 找到 4 张图片在:全1话
2026-05-18 00:10:17 - mkk_pika - main.py:112 - INFO - [episode:全1话       ] downloaded:     4, total:   4, progress:100%
2026-05-18 00:10:17 - mkk_pika - database.py:238 - INFO - 数据库更新已下载章节
2026-05-18 00:10:17 - mkk_pika - database.py:244 - INFO - 该漫画已下载章节如下
2026-05-18 00:10:17 - mkk_pika - database.py:245 - INFO - ['全1话']
2026-05-18 00:10:18 - mkk_pika - main.py:348 - INFO - ==================== 漫画信息 ====================
                                   漫画ID：598b13fd5a412904c5caf56f
                                   标题：ばくの彼女はＪＫエルフ
                                   作者：大友卓二
                                   是否完结：是
                                   总页数：4
                                   分类：全彩,短篇
                                   章节数：1
                                   最后更新时间：2017-08-09T13:54:05.050Z
                                   =================================================
2026-05-18 00:10:18 - mkk_pika - database.py:101 - INFO - 保存成功：ばくの彼女はＪＫエルフ
2026-05-18 00:10:18 - mkk_pika - main.py:35 - INFO - 开始检查ドイツ艦娘 精液を搾り出す作戦是否存在未下载章节
2026-05-18 00:10:19 - mkk_pika - main.py:45 - INFO - 正在下载:[ドイツ艦娘 精液を搾り出す作戦]-[ミルクセーキ工房 (ミルクセーキ)]-[['同人', '短篇', '艦隊收藏']]-[total_pages:30]
2026-05-18 00:10:19 - mkk_pika - main.py:49 - INFO - [{'_id': '598b1407ab00a70512d44bb8', 'title': '全1话', 'order': 1, 'updated_at': '2017-08-09T13:35:53.093Z', 'id': '598b1407ab00a70512d44bb8'}]
2026-05-18 00:10:19 - mkk_pika - database.py:215 - INFO - 第一次下载该漫画，记录数据库中
2026-05-18 00:10:19 - mkk_pika - main.py:83 - INFO - 找到 30 张图片在:全1话
2026-05-18 00:10:20 - mkk_pika - main.py:112 - INFO - [episode:全1话       ] downloaded:    30, total:  30, progress:100%
2026-05-18 00:10:20 - mkk_pika - database.py:238 - INFO - 数据库更新已下载章节
2026-05-18 00:10:20 - mkk_pika - database.py:244 - INFO - 该漫画已下载章节如下
2026-05-18 00:10:20 - mkk_pika - database.py:245 - INFO - ['全1话']
2026-05-18 00:10:21 - mkk_pika - main.py:348 - INFO - ==================== 漫画信息 ====================
                                   漫画ID：598b1407ab00a70512d44bb7
                                   标题：ドイツ艦娘 精液を搾り出す作戦
                                   作者：ミルクセーキ工房 (ミルクセーキ)
                                   是否完结：是
                                   总页数：30
                                   分类：同人,短篇,艦隊收藏
                                   章节数：1
                                   最后更新时间：2017-08-09T13:54:15.545Z
                                   =================================================
2026-05-18 00:10:21 - mkk_pika - database.py:101 - INFO - 保存成功：ドイツ艦娘 精液を搾り出す作戦
2026-05-18 00:10:21 - mkk_pika - main.py:35 - INFO - 开始检查 (C84) たったひとりの傭兵団是否存在未下载章节
2026-05-18 00:10:21 - mkk_pika - main.py:45 - INFO - 正在下载:[ (C84) たったひとりの傭兵団]-[シュート・ザ・ムーン (フエタキシ)]-[['短篇']]-[total_pages:36]
2026-05-18 00:10:21 - mkk_pika - main.py:49 - INFO - [{'_id': '598bc1de842c3222650c8786', 'title': '第1集', 'order': 1, 'updated_at': '2017-08-10T00:42:54.446Z', 'id': '598bc1de842c3222650c8786'}]
2026-05-18 00:10:21 - mkk_pika - database.py:215 - INFO - 第一次下载该漫画，记录数据库中
2026-05-18 00:10:22 - mkk_pika - main.py:83 - INFO - 找到 36 张图片在:第1集
2026-05-18 00:10:23 - mkk_pika - main.py:112 - INFO - [episode:第1集       ] downloaded:    36, total:  36, progress:100%
2026-05-18 00:10:23 - mkk_pika - database.py:238 - INFO - 数据库更新已下载章节
2026-05-18 00:10:23 - mkk_pika - database.py:244 - INFO - 该漫画已下载章节如下
2026-05-18 00:10:23 - mkk_pika - database.py:245 - INFO - ['第1集']
2026-05-18 00:10:24 - mkk_pika - main.py:348 - INFO - ==================== 漫画信息 ====================
                                   漫画ID：598bc1de842c3222650c8785
                                   标题： (C84) たったひとりの傭兵団
                                   作者：シュート・ザ・ムーン (フエタキシ)
                                   是否完结：是
                                   总页数：36
                                   分类：短篇
                                   章节数：1
                                   最后更新时间：2017-08-10T02:15:58.895Z
                                   =================================================
2026-05-18 00:10:24 - mkk_pika - database.py:101 - INFO - 保存成功： (C84) たったひとりの傭兵団
2026-05-18 00:10:24 - mkk_pika - main.py:35 - INFO - 开始检查 (C85) たったひとりの傭兵団2是否存在未下载章节
2026-05-18 00:10:24 - mkk_pika - main.py:45 - INFO - 正在下载:[ (C85) たったひとりの傭兵団2]-[シュート・ザ・ムーン (フエタキシ)]-[['短篇']]-[total_pages:31]
2026-05-18 00:10:24 - mkk_pika - main.py:49 - INFO - [{'_id': '598bc1ed842c3222650c87ac', 'title': '第1集', 'order': 1, 'updated_at': '2017-08-10T00:52:11.672Z', 'id': '598bc1ed842c3222650c87ac'}]
2026-05-18 00:10:24 - mkk_pika - database.py:215 - INFO - 第一次下载该漫画，记录数据库中
2026-05-18 00:10:25 - mkk_pika - main.py:83 - INFO - 找到 31 张图片在:第1集
2026-05-18 00:10:25 - mkk_pika - main.py:112 - INFO - [episode:第1集       ] downloaded:    31, total:  31, progress:100%
2026-05-18 00:10:25 - mkk_pika - database.py:238 - INFO - 数据库更新已下载章节
2026-05-18 00:10:25 - mkk_pika - database.py:244 - INFO - 该漫画已下载章节如下
2026-05-18 00:10:25 - mkk_pika - database.py:245 - INFO - ['第1集']
2026-05-18 00:10:26 - mkk_pika - main.py:348 - INFO - ==================== 漫画信息 ====================
                                   漫画ID：598bc1ed842c3222650c87ab
                                   标题： (C85) たったひとりの傭兵団2
                                   作者：シュート・ザ・ムーン (フエタキシ)
                                   是否完结：是
                                   总页数：31
                                   分类：短篇
                                   章节数：1
                                   最后更新时间：2017-08-10T02:16:13.112Z
                                   =================================================
2026-05-18 00:10:26 - mkk_pika - database.py:101 - INFO - 保存成功： (C85) たったひとりの傭兵団2
2026-05-18 00:10:26 - mkk_pika - main.py:35 - INFO - 开始检查(C83) 新婚浮遊城 (ソードアート · オンライン)是否存在未下载章节
2026-05-18 00:10:27 - mkk_pika - main.py:45 - INFO - 正在下载:[(C83) 新婚浮遊城 (ソードアート · オンライン)]-[シュート・ザ・ムーン (フエタキシ)]-[['同人', '短篇', 'SAO 刀劍神域']]-[total_pages:30]
2026-05-18 00:10:27 - mkk_pika - main.py:49 - INFO - [{'_id': '598bc1fdac5c78226b207453', 'title': '第1集', 'order': 1, 'updated_at': '2017-08-10T00:59:30.120Z', 'id': '598bc1fdac5c78226b207453'}]
2026-05-18 00:10:27 - mkk_pika - database.py:215 - INFO - 第一次下载该漫画，记录数据库中
2026-05-18 00:10:27 - mkk_pika - main.py:83 - INFO - 找到 30 张图片在:第1集
2026-05-18 00:10:28 - mkk_pika - main.py:112 - INFO - [episode:第1集       ] downloaded:    30, total:  30, progress:100%
2026-05-18 00:10:28 - mkk_pika - database.py:238 - INFO - 数据库更新已下载章节
2026-05-18 00:10:28 - mkk_pika - database.py:244 - INFO - 该漫画已下载章节如下
2026-05-18 00:10:28 - mkk_pika - database.py:245 - INFO - ['第1集']
2026-05-18 00:10:29 - mkk_pika - main.py:348 - INFO - ==================== 漫画信息 ====================
                                   漫画ID：598bc1fdac5c78226b207452
                                   标题：(C83) 新婚浮遊城 (ソードアート · オンライン)
                                   作者：シュート・ザ・ムーン (フエタキシ)
                                   是否完结：是
                                   总页数：30
                                   分类：同人,短篇,SAO 刀劍神域
                                   章节数：1
                                   最后更新时间：2017-08-10T02:16:29.419Z
                                   =================================================
2026-05-18 00:10:29 - mkk_pika - database.py:101 - INFO - 保存成功：(C83) 新婚浮遊城 (ソードアート · オンライン)
2026-05-18 00:10:29 - mkk_pika - main.py:35 - INFO - 开始检查恋愛遊愚 + 4Pリーフレット是否存在未下载章节
2026-05-18 00:10:29 - mkk_pika - main.py:45 - INFO - 正在下载:[恋愛遊愚 + 4Pリーフレット]-[宏式]-[['長篇']]-[total_pages:202]
2026-05-18 00:10:29 - mkk_pika - main.py:49 - INFO - [{'_id': '598bc219ac5c78226b207473', 'title': '第1集', 'order': 1, 'updated_at': '2017-08-10T01:40:38.349Z', 'id': '598bc219ac5c78226b207473'}]
2026-05-18 00:10:29 - mkk_pika - database.py:215 - INFO - 第一次下载该漫画，记录数据库中
2026-05-18 00:10:31 - mkk_pika - main.py:83 - INFO - 找到 202 张图片在:第1集
2026-05-18 00:10:35 - mkk_pika - main.py:112 - INFO - [episode:第1集       ] downloaded:   202, total: 202, progress:100%
2026-05-18 00:10:35 - mkk_pika - database.py:238 - INFO - 数据库更新已下载章节
2026-05-18 00:10:35 - mkk_pika - database.py:244 - INFO - 该漫画已下载章节如下
2026-05-18 00:10:35 - mkk_pika - database.py:245 - INFO - ['第1集']
2026-05-18 00:10:37 - mkk_pika - main.py:348 - INFO - ==================== 漫画信息 ====================
                                   漫画ID：598bc219ac5c78226b207472
                                   标题：恋愛遊愚 + 4Pリーフレット
                                   作者：宏式
                                   是否完结：是
                                   总页数：202
                                   分类：長篇
                                   章节数：1
                                   最后更新时间：2017-08-10T02:16:57.147Z
                                   =================================================
2026-05-18 00:10:37 - mkk_pika - database.py:101 - INFO - 保存成功：恋愛遊愚 + 4Pリーフレット
2026-05-18 00:10:37 - mkk_pika - main.py:35 - INFO - 开始检查 iorix FEVER 是否存在未下载章节
2026-05-18 00:10:37 - mkk_pika - main.py:45 - INFO - 正在下载:[ iorix FEVER ]-[豆蔵 (まめぞう)]-[['短篇', '同人']]-[total_pages:21]
2026-05-18 00:10:37 - mkk_pika - main.py:49 - INFO - [{'_id': '598bc23df1022c22b1f70447', 'title': '第1集', 'order': 1, 'updated_at': '2017-08-10T02:13:55.531Z', 'id': '598bc23df1022c22b1f70447'}]
2026-05-18 00:10:37 - mkk_pika - database.py:215 - INFO - 第一次下载该漫画，记录数据库中
2026-05-18 00:10:38 - mkk_pika - main.py:83 - INFO - 找到 21 张图片在:第1集
2026-05-18 00:10:38 - mkk_pika - main.py:112 - INFO - [episode:第1集       ] downloaded:    21, total:  21, progress:100%
2026-05-18 00:10:38 - mkk_pika - database.py:238 - INFO - 数据库更新已下载章节
2026-05-18 00:10:38 - mkk_pika - database.py:244 - INFO - 该漫画已下载章节如下
2026-05-18 00:10:38 - mkk_pika - database.py:245 - INFO - ['第1集']
2026-05-18 00:10:39 - mkk_pika - main.py:348 - INFO - ==================== 漫画信息 ====================
                                   漫画ID：598bc23df1022c22b1f70446
                                   标题： iorix FEVER 
                                   作者：豆蔵 (まめぞう)
                                   是否完结：否
                                   总页数：21
                                   分类：短篇,同人
                                   章节数：1
                                   最后更新时间：2017-08-10T02:17:33.674Z
                                   =================================================
2026-05-18 00:10:39 - mkk_pika - database.py:101 - INFO - 保存成功： iorix FEVER 
2026-05-18 00:10:39 - mkk_pika - main.py:380 - INFO - 本次任务下载完毕
2026-05-18 00:10:39 - mkk_pika - database.py:173 - INFO - 数据库连接已关闭
