2026-04-26 14:23:43 - mkk_pika - main.py:193 - INFO - =======================================================================
2026-04-26 14:23:43 - mkk_pika - database.py:61 - INFO - 表和索引初始化成功
2026-04-26 14:23:43 - mkk_pika - main.py:197 - INFO - 已经累计下载8164本漫画
2026-04-26 14:23:43 - mkk_pika - api.py:87 - INFO - 登录成功
2026-04-26 14:23:44 - mkk_pika - main.py:203 - INFO - 收藏夹共计0本漫画
2026-04-26 14:23:44 - mkk_pika - main.py:206 - INFO - 开始下载收藏夹内未下载内容
2026-04-26 14:23:44 - mkk_pika - main.py:266 - INFO - 收藏夹内容下载完毕
2026-04-26 14:23:44 - mkk_pika - main.py:268 - INFO - 开始下载订阅内容
2026-04-26 14:23:44 - mkk_pika - database.py:258 - INFO - 根据ID查询到标题：萝莉 -> 極楽温泉|児湯-こゆ- ナマ無知オナホ、貸出中。 | 极乐温泉 | 儿童温泉-小柚- 
2026-04-26 14:23:44 - mkk_pika - database.py:101 - INFO - 保存成功：極楽温泉|児湯-こゆ- ナマ無知オナホ、貸出中。 | 极乐温泉 | 儿童温泉-小柚- 
2026-04-26 14:23:44 - mkk_pika - main.py:273 - INFO - 关键词萝莉找到1本漫画
2026-04-26 14:23:44 - mkk_pika - database.py:258 - INFO - 根据ID查询到标题：蘿莉 -> 長屋暮らし、幼な妻2 つゆのあとさき、夫婦の事情 | 与幼妻长屋的生活 2~梅雨前后、夫妻间的隐情~
2026-04-26 14:23:45 - mkk_pika - database.py:101 - INFO - 保存成功：長屋暮らし、幼な妻2 つゆのあとさき、夫婦の事情 | 与幼妻长屋的生活 2~梅雨前后、夫妻间的隐情~
2026-04-26 14:23:45 - mkk_pika - main.py:273 - INFO - 关键词蘿莉找到1本漫画
2026-04-26 14:23:45 - mkk_pika - main.py:275 - INFO - 订阅内容共计2本漫画
2026-04-26 14:23:45 - mkk_pika - main.py:35 - INFO - 开始检查異世界からの亡国少女は激しく虐められたい!! | 异世界穿越而来的亡国少女想要被狠狠地欺负！！是否存在未下载章节
2026-04-26 14:23:45 - mkk_pika - database.py:203 - INFO - 查询数据库中是否已存在第1話
2026-04-26 14:23:45 - mkk_pika - main.py:51 - INFO - 異世界からの亡国少女は激しく虐められたい!! | 异世界穿越而来的亡国少女想要被狠狠地欺负！！中没有可下载章节
2026-04-26 14:23:45 - mkk_pika - main.py:292 - INFO - ==================== 漫画信息 ====================
                                漫画ID：69ecf537f9d59b15feae9989
                                标题：異世界からの亡国少女は激しく虐められたい!! | 异世界穿越而来的亡国少女想要被狠狠地欺负！！
                                作者：SHINING (しゃいあん)
                                是否完结：是
                                总页数：26
                                分类：短篇
                                章节数：1
                                最后更新时间：2026-04-25T17:09:11.272Z
                                =================================================
2026-04-26 14:23:45 - mkk_pika - database.py:101 - INFO - 保存成功：異世界からの亡国少女は激しく虐められたい!! | 异世界穿越而来的亡国少女想要被狠狠地欺负！！
2026-04-26 14:23:45 - mkk_pika - main.py:35 - INFO - 开始检查無表情な人妻が寝取らせ相手に見せる顔 3 | 缺少表情的人妻只会对送妻对象展露的笑容 3 是否存在未下载章节
2026-04-26 14:23:46 - mkk_pika - database.py:203 - INFO - 查询数据库中是否已存在第1話
2026-04-26 14:23:46 - mkk_pika - main.py:51 - INFO - 無表情な人妻が寝取らせ相手に見せる顔 3 | 缺少表情的人妻只会对送妻对象展露的笑容 3 中没有可下载章节
2026-04-26 14:23:46 - mkk_pika - main.py:292 - INFO - ==================== 漫画信息 ====================
                                漫画ID：69ecf5b2be8a111610caf9fa
                                标题：無表情な人妻が寝取らせ相手に見せる顔 3 | 缺少表情的人妻只会对送妻对象展露的笑容 3 
                                作者：シチ草粥 (ツメシ七)
                                是否完结：是
                                总页数：61
                                分类：長篇,NTR
                                章节数：1
                                最后更新时间：2026-04-25T17:11:14.048Z
                                =================================================
2026-04-26 14:23:46 - mkk_pika - database.py:101 - INFO - 保存成功：無表情な人妻が寝取らせ相手に見せる顔 3 | 缺少表情的人妻只会对送妻对象展露的笑容 3 
2026-04-26 14:23:46 - mkk_pika - main.py:323 - INFO - 订阅内容内容下载完毕
2026-04-26 14:23:46 - mkk_pika - main.py:324 - INFO - 开始分批下载全部章节
2026-04-26 14:23:46 - mkk_pika - database.py:280 - INFO - 表和索引初始化成功
2026-04-26 14:23:47 - mkk_pika - main.py:177 - INFO - 已经下载了503页，一共6866页，现在开始添加第504页
2026-04-26 14:23:47 - mkk_pika - database.py:318 - INFO - 保存成功
2026-04-26 14:23:48 - mkk_pika - main.py:177 - INFO - 已经下载了504页，一共6866页，现在开始添加第505页
2026-04-26 14:23:48 - mkk_pika - database.py:318 - INFO - 保存成功
2026-04-26 14:23:49 - mkk_pika - main.py:177 - INFO - 已经下载了505页，一共6866页，现在开始添加第506页
2026-04-26 14:23:49 - mkk_pika - database.py:318 - INFO - 保存成功
2026-04-26 14:23:49 - mkk_pika - main.py:177 - INFO - 已经下载了506页，一共6866页，现在开始添加第507页
2026-04-26 14:23:50 - mkk_pika - database.py:318 - INFO - 保存成功
2026-04-26 14:23:50 - mkk_pika - main.py:177 - INFO - 已经下载了507页，一共6866页，现在开始添加第508页
2026-04-26 14:23:50 - mkk_pika - database.py:318 - INFO - 保存成功
2026-04-26 14:23:50 - mkk_pika - main.py:331 - INFO - 分批下载共计45本漫画
2026-04-26 14:23:50 - mkk_pika - main.py:35 - INFO - 开始检查YOU CAN’T CATCH ME☆6 (魔法少女まどか☆マギカ)是否存在未下载章节
2026-04-26 14:23:51 - mkk_pika - main.py:45 - INFO - 正在下载:[YOU CAN’T CATCH ME☆6 (魔法少女まどか☆マギカ)]-[BELL'S BRAND (いずみべる)]-[['同人', '短篇', '圓神領域']]-[total_pages:18]
2026-04-26 14:23:51 - mkk_pika - main.py:49 - INFO - [{'_id': '58c81d15bdc42072663cd547', 'title': '第1集', 'order': 1, 'updated_at': '2017-03-13T05:52:50.133Z', 'id': '58c81d15bdc42072663cd547'}]
2026-04-26 14:23:51 - mkk_pika - database.py:215 - INFO - 第一次下载该漫画，记录数据库中
2026-04-26 14:23:51 - mkk_pika - main.py:83 - INFO - 找到 18 张图片在:第1集
2026-04-26 14:23:52 - mkk_pika - main.py:112 - INFO - [episode:第1集       ] downloaded:    18, total:  18, progress:100%
2026-04-26 14:23:52 - mkk_pika - database.py:238 - INFO - 数据库更新已下载章节
2026-04-26 14:23:52 - mkk_pika - database.py:244 - INFO - 该漫画已下载章节如下
2026-04-26 14:23:52 - mkk_pika - database.py:245 - INFO - ['第1集']
2026-04-26 14:23:53 - mkk_pika - main.py:348 - INFO - ==================== 漫画信息 ====================
                                   漫画ID：58c81d15bdc42072663cd546
                                   标题：YOU CAN’T CATCH ME☆6 (魔法少女まどか☆マギカ)
                                   作者：BELL'S BRAND (いずみべる)
                                   是否完结：否
                                   总页数：18
                                   分类：同人,短篇,圓神領域
                                   章节数：1
                                   最后更新时间：2017-03-14T16:40:53.736Z
                                   =================================================
2026-04-26 14:23:53 - mkk_pika - database.py:101 - INFO - 保存成功：YOU CAN’T CATCH ME☆6 (魔法少女まどか☆マギカ)
2026-04-26 14:23:53 - mkk_pika - main.py:35 - INFO - 开始检查ぱい☆ずり是否存在未下载章节
2026-04-26 14:23:53 - mkk_pika - main.py:45 - INFO - 正在下载:[ぱい☆ずり]-[くりから]-[['長篇', '非人類', '扶他樂園']]-[total_pages:159]
2026-04-26 14:23:53 - mkk_pika - main.py:49 - INFO - [{'_id': '58c81ddba5f2a77244dbbd74', 'title': '第1集', 'order': 1, 'updated_at': '2017-03-14T15:24:39.435Z', 'id': '58c81ddba5f2a77244dbbd74'}]
2026-04-26 14:23:53 - mkk_pika - database.py:215 - INFO - 第一次下载该漫画，记录数据库中
2026-04-26 14:23:55 - mkk_pika - main.py:83 - INFO - 找到 159 张图片在:第1集
2026-04-26 14:23:59 - mkk_pika - main.py:112 - INFO - [episode:第1集       ] downloaded:   159, total: 159, progress:100%
2026-04-26 14:23:59 - mkk_pika - database.py:238 - INFO - 数据库更新已下载章节
2026-04-26 14:23:59 - mkk_pika - database.py:244 - INFO - 该漫画已下载章节如下
2026-04-26 14:23:59 - mkk_pika - database.py:245 - INFO - ['第1集']
2026-04-26 14:24:00 - mkk_pika - main.py:348 - INFO - ==================== 漫画信息 ====================
                                   漫画ID：58c81ddba5f2a77244dbbd73
                                   标题：ぱい☆ずり
                                   作者：くりから
                                   是否完结：是
                                   总页数：159
                                   分类：長篇,非人類,扶他樂園
                                   章节数：1
                                   最后更新时间：2017-03-14T16:44:11.764Z
                                   =================================================
2026-04-26 14:24:00 - mkk_pika - database.py:101 - INFO - 保存成功：ぱい☆ずり
2026-04-26 14:24:00 - mkk_pika - main.py:35 - INFO - 开始检查ぱい☆ずり 2是否存在未下载章节
2026-04-26 14:24:00 - mkk_pika - main.py:45 - INFO - 正在下载:[ぱい☆ずり 2]-[くりから]-[['長篇', '非人類']]-[total_pages:242]
2026-04-26 14:24:00 - mkk_pika - main.py:49 - INFO - [{'_id': '58c81de84697fc79c04b0624', 'title': '第1集', 'order': 1, 'updated_at': '2017-03-14T15:29:51.657Z', 'id': '58c81de84697fc79c04b0624'}]
2026-04-26 14:24:00 - mkk_pika - database.py:215 - INFO - 第一次下载该漫画，记录数据库中
2026-04-26 14:24:03 - mkk_pika - main.py:83 - INFO - 找到 242 张图片在:第1集
2026-04-26 14:24:08 - mkk_pika - main.py:112 - INFO - [episode:第1集       ] downloaded:   242, total: 242, progress:100%
2026-04-26 14:24:08 - mkk_pika - database.py:238 - INFO - 数据库更新已下载章节
2026-04-26 14:24:08 - mkk_pika - database.py:244 - INFO - 该漫画已下载章节如下
2026-04-26 14:24:08 - mkk_pika - database.py:245 - INFO - ['第1集']
2026-04-26 14:24:09 - mkk_pika - main.py:348 - INFO - ==================== 漫画信息 ====================
                                   漫画ID：58c81de84697fc79c04b0623
                                   标题：ぱい☆ずり 2
                                   作者：くりから
                                   是否完结：是
                                   总页数：242
                                   分类：長篇,非人類
                                   章节数：1
                                   最后更新时间：2017-03-14T16:44:24.474Z
                                   =================================================
2026-04-26 14:24:09 - mkk_pika - database.py:101 - INFO - 保存成功：ぱい☆ずり 2
2026-04-26 14:24:09 - mkk_pika - main.py:35 - INFO - 开始检查東方時姦是否存在未下载章节
2026-04-26 14:24:10 - mkk_pika - main.py:45 - INFO - 正在下载:[東方時姦]-[背德漢]-[['短篇', '東方']]-[total_pages:44]
2026-04-26 14:24:10 - mkk_pika - main.py:49 - INFO - [{'_id': '58c7501f3f5ca24bed33bf2c', 'title': '第1集', 'order': 1, 'updated_at': '2017-03-13T20:01:40.235Z', 'id': '58c7501f3f5ca24bed33bf2c'}, {'_id': '58c82be054f4b77230f4244d', 'title': '第2集', 'order': 2, 'updated_at': '2017-03-14T17:37:34.505Z', 'id': '58c82be054f4b77230f4244d'}]
2026-04-26 14:24:10 - mkk_pika - database.py:215 - INFO - 第一次下载该漫画，记录数据库中
2026-04-26 14:24:10 - mkk_pika - main.py:83 - INFO - 找到 24 张图片在:第1集
2026-04-26 14:24:11 - mkk_pika - main.py:112 - INFO - [episode:第1集       ] downloaded:    24, total:  24, progress:100%
2026-04-26 14:24:11 - mkk_pika - database.py:238 - INFO - 数据库更新已下载章节
2026-04-26 14:24:11 - mkk_pika - database.py:244 - INFO - 该漫画已下载章节如下
2026-04-26 14:24:11 - mkk_pika - database.py:245 - INFO - ['第1集']
2026-04-26 14:24:12 - mkk_pika - main.py:83 - INFO - 找到 20 张图片在:第2集
2026-04-26 14:24:13 - mkk_pika - main.py:112 - INFO - [episode:第2集       ] downloaded:    20, total:  20, progress:100%
2026-04-26 14:24:13 - mkk_pika - database.py:238 - INFO - 数据库更新已下载章节
2026-04-26 14:24:13 - mkk_pika - database.py:244 - INFO - 该漫画已下载章节如下
2026-04-26 14:24:13 - mkk_pika - database.py:245 - INFO - ['第1集', '第2集']
2026-04-26 14:24:14 - mkk_pika - main.py:348 - INFO - ==================== 漫画信息 ====================
                                   漫画ID：58c7501f3f5ca24bed33bf2b
                                   标题：東方時姦
                                   作者：背德漢
                                   是否完结：是
                                   总页数：44
                                   分类：短篇,東方
                                   章节数：2
                                   最后更新时间：2017-03-14T17:44:00.336Z
                                   =================================================
2026-04-26 14:24:14 - mkk_pika - database.py:101 - INFO - 保存成功：東方時姦
2026-04-26 14:24:14 - mkk_pika - main.py:35 - INFO - 开始检查ゆなひな_ついんず (コミックゼロス #25）是否存在未下载章节
2026-04-26 14:24:14 - mkk_pika - main.py:45 - INFO - 正在下载:[ゆなひな_ついんず (コミックゼロス #25）]-[へんりいだ]-[['短篇', '妹妹系']]-[total_pages:17]
2026-04-26 14:24:14 - mkk_pika - main.py:49 - INFO - [{'_id': '58c8323954f4b77230f42482', 'title': '第1集', 'order': 1, 'updated_at': '2017-03-13T19:00:33.413Z', 'id': '58c8323954f4b77230f42482'}]
2026-04-26 14:24:14 - mkk_pika - database.py:215 - INFO - 第一次下载该漫画，记录数据库中
2026-04-26 14:24:15 - mkk_pika - main.py:83 - INFO - 找到 17 张图片在:第1集
2026-04-26 14:24:15 - mkk_pika - main.py:112 - INFO - [episode:第1集       ] downloaded:    17, total:  17, progress:100%
2026-04-26 14:24:15 - mkk_pika - database.py:238 - INFO - 数据库更新已下载章节
2026-04-26 14:24:15 - mkk_pika - database.py:244 - INFO - 该漫画已下载章节如下
2026-04-26 14:24:15 - mkk_pika - database.py:245 - INFO - ['第1集']
2026-04-26 14:24:17 - mkk_pika - main.py:348 - INFO - ==================== 漫画信息 ====================
                                   漫画ID：58c8323954f4b77230f42481
                                   标题：ゆなひな_ついんず (コミックゼロス #25）
                                   作者：へんりいだ
                                   是否完结：是
                                   总页数：17
                                   分类：短篇,妹妹系
                                   章节数：1
                                   最后更新时间：2017-03-14T18:11:05.070Z
                                   =================================================
2026-04-26 14:24:17 - mkk_pika - database.py:101 - INFO - 保存成功：ゆなひな_ついんず (コミックゼロス #25）
2026-04-26 14:24:17 - mkk_pika - main.py:35 - INFO - 开始检查人妻痴漢列車～+その後～是否存在未下载章节
2026-04-26 14:24:17 - mkk_pika - main.py:45 - INFO - 正在下载:[人妻痴漢列車～+その後～]-[ロケットモンキー]-[['全彩', '人妻', '短篇']]-[total_pages:40]
2026-04-26 14:24:17 - mkk_pika - main.py:49 - INFO - [{'_id': '58c8329fd280b64be7e9aacb', 'title': '第1集', 'order': 1, 'updated_at': '2017-03-14T17:40:02.471Z', 'id': '58c8329fd280b64be7e9aacb'}]
2026-04-26 14:24:17 - mkk_pika - database.py:215 - INFO - 第一次下载该漫画，记录数据库中
2026-04-26 14:24:17 - mkk_pika - main.py:83 - INFO - 找到 40 张图片在:第1集
2026-04-26 14:24:18 - mkk_pika - main.py:112 - INFO - [episode:第1集       ] downloaded:    40, total:  40, progress:100%
2026-04-26 14:24:18 - mkk_pika - database.py:238 - INFO - 数据库更新已下载章节
2026-04-26 14:24:18 - mkk_pika - database.py:244 - INFO - 该漫画已下载章节如下
2026-04-26 14:24:18 - mkk_pika - database.py:245 - INFO - ['第1集']
2026-04-26 14:24:20 - mkk_pika - main.py:348 - INFO - ==================== 漫画信息 ====================
                                   漫画ID：58c8329fd280b64be7e9aaca
                                   标题：人妻痴漢列車～+その後～
                                   作者：ロケットモンキー
                                   是否完结：否
                                   总页数：40
                                   分类：全彩,人妻,短篇
                                   章节数：1
                                   最后更新时间：2017-03-14T18:12:47.306Z
                                   =================================================
2026-04-26 14:24:20 - mkk_pika - database.py:101 - INFO - 保存成功：人妻痴漢列車～+その後～
2026-04-26 14:24:20 - mkk_pika - main.py:35 - INFO - 开始检查短絡的彼女是否存在未下载章节
2026-04-26 14:24:20 - mkk_pika - main.py:45 - INFO - 正在下载:[短絡的彼女]-[ロケットモンキー]-[['全彩', '短篇', 'NTR']]-[total_pages:8]
2026-04-26 14:24:20 - mkk_pika - main.py:49 - INFO - [{'_id': '58c832adf75ce7727bb1b60e', 'title': '第1集', 'order': 1, 'updated_at': '2017-03-14T17:46:52.259Z', 'id': '58c832adf75ce7727bb1b60e'}]
2026-04-26 14:24:20 - mkk_pika - database.py:215 - INFO - 第一次下载该漫画，记录数据库中
2026-04-26 14:24:20 - mkk_pika - main.py:83 - INFO - 找到 8 张图片在:第1集
2026-04-26 14:24:21 - mkk_pika - main.py:112 - INFO - [episode:第1集       ] downloaded:     8, total:   8, progress:100%
2026-04-26 14:24:21 - mkk_pika - database.py:238 - INFO - 数据库更新已下载章节
2026-04-26 14:24:21 - mkk_pika - database.py:244 - INFO - 该漫画已下载章节如下
2026-04-26 14:24:21 - mkk_pika - database.py:245 - INFO - ['第1集']
2026-04-26 14:24:22 - mkk_pika - main.py:348 - INFO - ==================== 漫画信息 ====================
                                   漫画ID：58c832adf75ce7727bb1b60d
                                   标题：短絡的彼女
                                   作者：ロケットモンキー
                                   是否完结：否
                                   总页数：8
                                   分类：全彩,短篇,NTR
                                   章节数：1
                                   最后更新时间：2017-03-14T18:13:01.295Z
                                   =================================================
2026-04-26 14:24:22 - mkk_pika - database.py:101 - INFO - 保存成功：短絡的彼女
2026-04-26 14:24:22 - mkk_pika - main.py:35 - INFO - 开始检查アングレカム是否存在未下载章节
2026-04-26 14:24:22 - mkk_pika - main.py:45 - INFO - 正在下载:[アングレカム]-[大塚子虎]-[['長篇']]-[total_pages:216]
2026-04-26 14:24:22 - mkk_pika - main.py:49 - INFO - [{'_id': '58c832b6bdc42072663cd5a6', 'title': '第1集', 'order': 1, 'updated_at': '2017-03-14T17:56:26.750Z', 'id': '58c832b6bdc42072663cd5a6'}]
2026-04-26 14:24:22 - mkk_pika - database.py:215 - INFO - 第一次下载该漫画，记录数据库中
2026-04-26 14:24:24 - mkk_pika - main.py:83 - INFO - 找到 216 张图片在:第1集
2026-04-26 14:24:29 - mkk_pika - main.py:112 - INFO - [episode:第1集       ] downloaded:   216, total: 216, progress:100%
2026-04-26 14:24:29 - mkk_pika - database.py:238 - INFO - 数据库更新已下载章节
2026-04-26 14:24:29 - mkk_pika - database.py:244 - INFO - 该漫画已下载章节如下
2026-04-26 14:24:29 - mkk_pika - database.py:245 - INFO - ['第1集']
2026-04-26 14:24:30 - mkk_pika - main.py:348 - INFO - ==================== 漫画信息 ====================
                                   漫画ID：58c832b6bdc42072663cd5a5
                                   标题：アングレカム
                                   作者：大塚子虎
                                   是否完结：否
                                   总页数：216
                                   分类：長篇
                                   章节数：1
                                   最后更新时间：2017-03-14T18:13:10.610Z
                                   =================================================
2026-04-26 14:24:30 - mkk_pika - database.py:101 - INFO - 保存成功：アングレカム
2026-04-26 14:24:30 - mkk_pika - main.py:35 - INFO - 开始检查今日から俺がルールブック! エッチな常識に誰もが従う世界是否存在未下载章节
2026-04-26 14:24:31 - mkk_pika - main.py:45 - INFO - 正在下载:[今日から俺がルールブック! エッチな常識に誰もが従う世界]-[NCP]-[['全彩', '妹妹系', '姐姐系']]-[total_pages:27]
2026-04-26 14:24:31 - mkk_pika - main.py:49 - INFO - [{'_id': '58c8fed1a0ec5a4c1dcaad73', 'title': '第1集', 'order': 1, 'updated_at': '2017-03-14T19:00:00.033Z', 'id': '58c8fed1a0ec5a4c1dcaad73'}]
2026-04-26 14:24:31 - mkk_pika - database.py:215 - INFO - 第一次下载该漫画，记录数据库中
2026-04-26 14:24:31 - mkk_pika - main.py:83 - INFO - 找到 27 张图片在:第1集
2026-04-26 14:24:32 - mkk_pika - main.py:112 - INFO - [episode:第1集       ] downloaded:    27, total:  27, progress:100%
2026-04-26 14:24:32 - mkk_pika - database.py:238 - INFO - 数据库更新已下载章节
2026-04-26 14:24:32 - mkk_pika - database.py:244 - INFO - 该漫画已下载章节如下
2026-04-26 14:24:32 - mkk_pika - database.py:245 - INFO - ['第1集']
2026-04-26 14:24:33 - mkk_pika - main.py:348 - INFO - ==================== 漫画信息 ====================
                                   漫画ID：58c8fed1a0ec5a4c1dcaad72
                                   标题：今日から俺がルールブック! エッチな常識に誰もが従う世界
                                   作者：NCP
                                   是否完结：否
                                   总页数：27
                                   分类：全彩,妹妹系,姐姐系
                                   章节数：1
                                   最后更新时间：2017-03-15T08:44:01.690Z
                                   =================================================
2026-04-26 14:24:33 - mkk_pika - database.py:101 - INFO - 保存成功：今日から俺がルールブック! エッチな常識に誰もが従う世界
2026-04-26 14:24:33 - mkk_pika - main.py:35 - INFO - 开始检查 (C88) 友利ユニ (Charlotte)是否存在未下载章节
2026-04-26 14:24:33 - mkk_pika - main.py:45 - INFO - 正在下载:[ (C88) 友利ユニ (Charlotte)]-[黒澤pict (黒澤清崇)]-[['同人', '短篇', '純愛']]-[total_pages:26]
2026-04-26 14:24:33 - mkk_pika - main.py:49 - INFO - [{'_id': '58c8fef1bdc42072663cd868', 'title': '第1集', 'order': 1, 'updated_at': '2017-03-15T01:27:38.863Z', 'id': '58c8fef1bdc42072663cd868'}]
2026-04-26 14:24:33 - mkk_pika - database.py:215 - INFO - 第一次下载该漫画，记录数据库中
2026-04-26 14:24:34 - mkk_pika - main.py:83 - INFO - 找到 26 张图片在:第1集
2026-04-26 14:24:34 - mkk_pika - main.py:112 - INFO - [episode:第1集       ] downloaded:    26, total:  26, progress:100%
2026-04-26 14:24:34 - mkk_pika - database.py:238 - INFO - 数据库更新已下载章节
2026-04-26 14:24:34 - mkk_pika - database.py:244 - INFO - 该漫画已下载章节如下
2026-04-26 14:24:34 - mkk_pika - database.py:245 - INFO - ['第1集']
2026-04-26 14:24:36 - mkk_pika - main.py:348 - INFO - ==================== 漫画信息 ====================
                                   漫画ID：58c8fef1bdc42072663cd867
                                   标题： (C88) 友利ユニ (Charlotte)
                                   作者：黒澤pict (黒澤清崇)
                                   是否完结：否
                                   总页数：26
                                   分类：同人,短篇,純愛
                                   章节数：1
                                   最后更新时间：2017-03-15T08:44:33.044Z
                                   =================================================
2026-04-26 14:24:36 - mkk_pika - database.py:101 - INFO - 保存成功： (C88) 友利ユニ (Charlotte)
2026-04-26 14:24:36 - mkk_pika - main.py:35 - INFO - 开始检查(C87) (同人誌) 千斗いすずキャスト奮闘記 (甘城ブリリアントパーク)是否存在未下载章节
2026-04-26 14:24:36 - mkk_pika - main.py:45 - INFO - 正在下载:[(C87) (同人誌) 千斗いすずキャスト奮闘記 (甘城ブリリアントパーク)]-[黒澤pict (黒澤清崇)]-[['同人', '短篇', '強暴']]-[total_pages:28]
2026-04-26 14:24:36 - mkk_pika - main.py:49 - INFO - [{'_id': '58c8ff2ebdc42072663cd884', 'title': '第1集', 'order': 1, 'updated_at': '2017-03-15T02:34:18.462Z', 'id': '58c8ff2ebdc42072663cd884'}]
2026-04-26 14:24:36 - mkk_pika - database.py:215 - INFO - 第一次下载该漫画，记录数据库中
2026-04-26 14:24:37 - mkk_pika - main.py:83 - INFO - 找到 28 张图片在:第1集
2026-04-26 14:24:37 - mkk_pika - main.py:112 - INFO - [episode:第1集       ] downloaded:    28, total:  28, progress:100%
2026-04-26 14:24:37 - mkk_pika - database.py:238 - INFO - 数据库更新已下载章节
2026-04-26 14:24:37 - mkk_pika - database.py:244 - INFO - 该漫画已下载章节如下
2026-04-26 14:24:37 - mkk_pika - database.py:245 - INFO - ['第1集']
2026-04-26 14:24:39 - mkk_pika - main.py:348 - INFO - ==================== 漫画信息 ====================
                                   漫画ID：58c8ff2ebdc42072663cd883
                                   标题：(C87) (同人誌) 千斗いすずキャスト奮闘記 (甘城ブリリアントパーク)
                                   作者：黒澤pict (黒澤清崇)
                                   是否完结：否
                                   总页数：28
                                   分类：同人,短篇,強暴
                                   章节数：1
                                   最后更新时间：2017-03-15T08:45:34.613Z
                                   =================================================
2026-04-26 14:24:39 - mkk_pika - database.py:101 - INFO - 保存成功：(C87) (同人誌) 千斗いすずキャスト奮闘記 (甘城ブリリアントパーク)
2026-04-26 14:24:39 - mkk_pika - main.py:35 - INFO - 开始检查(C87) ラブリーベビーフェイス4 (オリジナル)是否存在未下载章节
2026-04-26 14:24:39 - mkk_pika - main.py:45 - INFO - 正在下载:[(C87) ラブリーベビーフェイス4 (オリジナル)]-[黒澤pict (黒澤清崇)]-[['短篇', '全彩', '妹妹系']]-[total_pages:40]
2026-04-26 14:24:39 - mkk_pika - main.py:49 - INFO - [{'_id': '58c8ff453660c279d70a57f2', 'title': '第1集', 'order': 1, 'updated_at': '2017-03-15T03:23:44.287Z', 'id': '58c8ff453660c279d70a57f2'}]
2026-04-26 14:24:39 - mkk_pika - database.py:215 - INFO - 第一次下载该漫画，记录数据库中
2026-04-26 14:24:39 - mkk_pika - main.py:83 - INFO - 找到 20 张图片在:第1集
2026-04-26 14:24:40 - mkk_pika - main.py:112 - INFO - [episode:第1集       ] downloaded:    20, total:  20, progress:100%
2026-04-26 14:24:40 - mkk_pika - database.py:238 - INFO - 数据库更新已下载章节
2026-04-26 14:24:40 - mkk_pika - database.py:244 - INFO - 该漫画已下载章节如下
2026-04-26 14:24:40 - mkk_pika - database.py:245 - INFO - ['第1集']
2026-04-26 14:24:41 - mkk_pika - main.py:348 - INFO - ==================== 漫画信息 ====================
                                   漫画ID：58c8ff453660c279d70a57f1
                                   标题：(C87) ラブリーベビーフェイス4 (オリジナル)
                                   作者：黒澤pict (黒澤清崇)
                                   是否完结：否
                                   总页数：40
                                   分类：短篇,全彩,妹妹系
                                   章节数：1
                                   最后更新时间：2017-03-15T08:45:57.357Z
                                   =================================================
2026-04-26 14:24:41 - mkk_pika - database.py:101 - INFO - 保存成功：(C87) ラブリーベビーフェイス4 (オリジナル)
2026-04-26 14:24:41 - mkk_pika - main.py:35 - INFO - 开始检查ラブリーベビーフェイス是否存在未下载章节
2026-04-26 14:24:41 - mkk_pika - main.py:45 - INFO - 正在下载:[ラブリーベビーフェイス]-[黒澤pict (黒澤清崇)]-[['全彩', '短篇', '妹妹系', '純愛']]-[total_pages:19]
2026-04-26 14:24:41 - mkk_pika - main.py:49 - INFO - [{'_id': '58c8ff52f75ce7727bb1b7aa', 'title': '第1集', 'order': 1, 'updated_at': '2017-03-15T03:59:47.323Z', 'id': '58c8ff52f75ce7727bb1b7aa'}]
2026-04-26 14:24:41 - mkk_pika - database.py:215 - INFO - 第一次下载该漫画，记录数据库中
2026-04-26 14:24:42 - mkk_pika - main.py:83 - INFO - 找到 19 张图片在:第1集
2026-04-26 14:24:42 - mkk_pika - main.py:112 - INFO - [episode:第1集       ] downloaded:    19, total:  19, progress:100%
2026-04-26 14:24:42 - mkk_pika - database.py:238 - INFO - 数据库更新已下载章节
2026-04-26 14:24:42 - mkk_pika - database.py:244 - INFO - 该漫画已下载章节如下
2026-04-26 14:24:42 - mkk_pika - database.py:245 - INFO - ['第1集']
2026-04-26 14:24:44 - mkk_pika - main.py:348 - INFO - ==================== 漫画信息 ====================
                                   漫画ID：58c8ff52f75ce7727bb1b7a9
                                   标题：ラブリーベビーフェイス
                                   作者：黒澤pict (黒澤清崇)
                                   是否完结：否
                                   总页数：19
                                   分类：全彩,短篇,妹妹系,純愛
                                   章节数：1
                                   最后更新时间：2017-03-15T08:46:10.257Z
                                   =================================================
2026-04-26 14:24:44 - mkk_pika - database.py:101 - INFO - 保存成功：ラブリーベビーフェイス
2026-04-26 14:24:44 - mkk_pika - main.py:35 - INFO - 开始检查さいごのえっちのひ是否存在未下载章节
2026-04-26 14:24:44 - mkk_pika - main.py:45 - INFO - 正在下载:[さいごのえっちのひ]-[Kuma-puro (小路あゆむ)]-[['短篇', '純愛']]-[total_pages:29]
2026-04-26 14:24:44 - mkk_pika - main.py:49 - INFO - [{'_id': '58c8ff6bf75ce7727bb1b7bf', 'title': '第1集', 'order': 1, 'updated_at': '2017-03-15T04:16:33.725Z', 'id': '58c8ff6bf75ce7727bb1b7bf'}]
2026-04-26 14:24:44 - mkk_pika - database.py:215 - INFO - 第一次下载该漫画，记录数据库中
2026-04-26 14:24:44 - mkk_pika - main.py:83 - INFO - 找到 29 张图片在:第1集
2026-04-26 14:24:45 - mkk_pika - main.py:112 - INFO - [episode:第1集       ] downloaded:    29, total:  29, progress:100%
2026-04-26 14:24:45 - mkk_pika - database.py:238 - INFO - 数据库更新已下载章节
2026-04-26 14:24:45 - mkk_pika - database.py:244 - INFO - 该漫画已下载章节如下
2026-04-26 14:24:45 - mkk_pika - database.py:245 - INFO - ['第1集']
2026-04-26 14:24:46 - mkk_pika - main.py:348 - INFO - ==================== 漫画信息 ====================
                                   漫画ID：58c8ff6bf75ce7727bb1b7be
                                   标题：さいごのえっちのひ
                                   作者：Kuma-puro (小路あゆむ)
                                   是否完结：是
                                   总页数：29
                                   分类：短篇,純愛
                                   章节数：1
                                   最后更新时间：2017-03-15T08:46:35.949Z
                                   =================================================
2026-04-26 14:24:46 - mkk_pika - database.py:101 - INFO - 保存成功：さいごのえっちのひ
2026-04-26 14:24:46 - mkk_pika - main.py:35 - INFO - 开始检查こどもの性活 3是否存在未下载章节
2026-04-26 14:24:47 - mkk_pika - main.py:45 - INFO - 正在下载:[こどもの性活 3]-[綺堂館 (綺堂無一)]-[['短篇', '同人', '後宮閃光', '純愛']]-[total_pages:43]
2026-04-26 14:24:47 - mkk_pika - main.py:49 - INFO - [{'_id': '58c8ff7aa5f2a77244dbc050', 'title': '第1集', 'order': 1, 'updated_at': '2017-03-15T04:33:50.361Z', 'id': '58c8ff7aa5f2a77244dbc050'}]
2026-04-26 14:24:47 - mkk_pika - database.py:215 - INFO - 第一次下载该漫画，记录数据库中
2026-04-26 14:24:48 - mkk_pika - main.py:83 - INFO - 找到 43 张图片在:第1集
2026-04-26 14:24:49 - mkk_pika - main.py:112 - INFO - [episode:第1集       ] downloaded:    43, total:  43, progress:100%
2026-04-26 14:24:49 - mkk_pika - database.py:238 - INFO - 数据库更新已下载章节
2026-04-26 14:24:49 - mkk_pika - database.py:244 - INFO - 该漫画已下载章节如下
2026-04-26 14:24:49 - mkk_pika - database.py:245 - INFO - ['第1集']
2026-04-26 14:24:50 - mkk_pika - main.py:348 - INFO - ==================== 漫画信息 ====================
                                   漫画ID：58c8ff79a5f2a77244dbc04f
                                   标题：こどもの性活 3
                                   作者：綺堂館 (綺堂無一)
                                   是否完结：否
                                   总页数：43
                                   分类：短篇,同人,後宮閃光,純愛
                                   章节数：1
                                   最后更新时间：2017-03-15T08:46:49.961Z
                                   =================================================
2026-04-26 14:24:50 - mkk_pika - database.py:101 - INFO - 保存成功：こどもの性活 3
2026-04-26 14:24:50 - mkk_pika - main.py:35 - INFO - 开始检查ゆりいろワンナイト是否存在未下载章节
2026-04-26 14:24:50 - mkk_pika - main.py:45 - INFO - 正在下载:[ゆりいろワンナイト]-[AQUA：VER]-[['短篇', '同人', '百合花園']]-[total_pages:27]
2026-04-26 14:24:50 - mkk_pika - main.py:49 - INFO - [{'_id': '58c8ff868ef9ed79ab391132', 'title': '第1集', 'order': 1, 'updated_at': '2017-03-15T04:44:08.387Z', 'id': '58c8ff868ef9ed79ab391132'}]
2026-04-26 14:24:50 - mkk_pika - database.py:215 - INFO - 第一次下载该漫画，记录数据库中
2026-04-26 14:24:51 - mkk_pika - main.py:83 - INFO - 找到 27 张图片在:第1集
2026-04-26 14:24:51 - mkk_pika - main.py:112 - INFO - [episode:第1集       ] downloaded:    27, total:  27, progress:100%
2026-04-26 14:24:51 - mkk_pika - database.py:238 - INFO - 数据库更新已下载章节
2026-04-26 14:24:51 - mkk_pika - database.py:244 - INFO - 该漫画已下载章节如下
2026-04-26 14:24:51 - mkk_pika - database.py:245 - INFO - ['第1集']
2026-04-26 14:24:53 - mkk_pika - main.py:348 - INFO - ==================== 漫画信息 ====================
                                   漫画ID：58c8ff868ef9ed79ab391131
                                   标题：ゆりいろワンナイト
                                   作者：AQUA：VER
                                   是否完结：是
                                   总页数：27
                                   分类：短篇,同人,百合花園
                                   章节数：1
                                   最后更新时间：2017-03-15T08:47:02.170Z
                                   =================================================
2026-04-26 14:24:53 - mkk_pika - database.py:101 - INFO - 保存成功：ゆりいろワンナイト
2026-04-26 14:24:53 - mkk_pika - main.py:35 - INFO - 开始检查お兄ちゃん、社会復帰しよっ是否存在未下载章节
2026-04-26 14:24:53 - mkk_pika - main.py:45 - INFO - 正在下载:[お兄ちゃん、社会復帰しよっ]-[かんづめクオリティ]-[['短篇', '純愛']]-[total_pages:26]
2026-04-26 14:24:53 - mkk_pika - main.py:49 - INFO - [{'_id': '58c8ff9c3660c279d70a580a', 'title': '第1集', 'order': 1, 'updated_at': '2017-03-15T04:51:20.380Z', 'id': '58c8ff9c3660c279d70a580a'}]
2026-04-26 14:24:53 - mkk_pika - database.py:215 - INFO - 第一次下载该漫画，记录数据库中
2026-04-26 14:24:53 - mkk_pika - main.py:83 - INFO - 找到 26 张图片在:第1集
2026-04-26 14:24:54 - mkk_pika - main.py:112 - INFO - [episode:第1集       ] downloaded:    26, total:  26, progress:100%
2026-04-26 14:24:54 - mkk_pika - database.py:238 - INFO - 数据库更新已下载章节
2026-04-26 14:24:54 - mkk_pika - database.py:244 - INFO - 该漫画已下载章节如下
2026-04-26 14:24:54 - mkk_pika - database.py:245 - INFO - ['第1集']
2026-04-26 14:24:55 - mkk_pika - main.py:348 - INFO - ==================== 漫画信息 ====================
                                   漫画ID：58c8ff9c3660c279d70a5809
                                   标题：お兄ちゃん、社会復帰しよっ
                                   作者：かんづめクオリティ
                                   是否完结：否
                                   总页数：26
                                   分类：短篇,純愛
                                   章节数：1
                                   最后更新时间：2017-03-15T08:47:24.074Z
                                   =================================================
2026-04-26 14:24:55 - mkk_pika - database.py:101 - INFO - 保存成功：お兄ちゃん、社会復帰しよっ
2026-04-26 14:24:55 - mkk_pika - main.py:35 - INFO - 开始检查ちびさやか (魔法少女まどか☆マギカ)是否存在未下载章节
2026-04-26 14:24:56 - mkk_pika - main.py:45 - INFO - 正在下载:[ちびさやか (魔法少女まどか☆マギカ)]-[GRINP(ねことうふ)]-[['同人', '短篇', '圓神領域', '純愛', '百合花園']]-[total_pages:30]
2026-04-26 14:24:56 - mkk_pika - main.py:49 - INFO - [{'_id': '58c8ffa9bdc42072663cd8a4', 'title': '第1集', 'order': 1, 'updated_at': '2017-03-15T04:55:11.225Z', 'id': '58c8ffa9bdc42072663cd8a4'}]
2026-04-26 14:24:56 - mkk_pika - database.py:215 - INFO - 第一次下载该漫画，记录数据库中
2026-04-26 14:24:56 - mkk_pika - main.py:83 - INFO - 找到 30 张图片在:第1集
2026-04-26 14:24:57 - mkk_pika - main.py:112 - INFO - [episode:第1集       ] downloaded:    30, total:  30, progress:100%
2026-04-26 14:24:57 - mkk_pika - database.py:238 - INFO - 数据库更新已下载章节
2026-04-26 14:24:57 - mkk_pika - database.py:244 - INFO - 该漫画已下载章节如下
2026-04-26 14:24:57 - mkk_pika - database.py:245 - INFO - ['第1集']
2026-04-26 14:24:58 - mkk_pika - main.py:348 - INFO - ==================== 漫画信息 ====================
                                   漫画ID：58c8ffa9bdc42072663cd8a3
                                   标题：ちびさやか (魔法少女まどか☆マギカ)
                                   作者：GRINP(ねことうふ)
                                   是否完结：否
                                   总页数：30
                                   分类：同人,短篇,圓神領域,純愛,百合花園
                                   章节数：1
                                   最后更新时间：2017-03-15T08:47:37.929Z
                                   =================================================
2026-04-26 14:24:58 - mkk_pika - database.py:101 - INFO - 保存成功：ちびさやか (魔法少女まどか☆マギカ)
2026-04-26 14:24:58 - mkk_pika - main.py:35 - INFO - 开始检查ペットオアスレイブー是否存在未下载章节
2026-04-26 14:24:58 - mkk_pika - main.py:45 - INFO - 正在下载:[ペットオアスレイブー]-[大嘘]-[['短篇', '足の恋']]-[total_pages:26]
2026-04-26 14:24:58 - mkk_pika - main.py:49 - INFO - [{'_id': '58c8ffbdbdc42072663cd8c4', 'title': '第1集', 'order': 1, 'updated_at': '2017-03-15T05:00:07.434Z', 'id': '58c8ffbdbdc42072663cd8c4'}]
2026-04-26 14:24:58 - mkk_pika - database.py:215 - INFO - 第一次下载该漫画，记录数据库中
2026-04-26 14:24:59 - mkk_pika - main.py:83 - INFO - 找到 26 张图片在:第1集
2026-04-26 14:25:00 - mkk_pika - main.py:112 - INFO - [episode:第1集       ] downloaded:    26, total:  26, progress:100%
2026-04-26 14:25:00 - mkk_pika - database.py:238 - INFO - 数据库更新已下载章节
2026-04-26 14:25:00 - mkk_pika - database.py:244 - INFO - 该漫画已下载章节如下
2026-04-26 14:25:00 - mkk_pika - database.py:245 - INFO - ['第1集']
2026-04-26 14:25:01 - mkk_pika - main.py:348 - INFO - ==================== 漫画信息 ====================
                                   漫画ID：58c8ffbdbdc42072663cd8c3
                                   标题：ペットオアスレイブー
                                   作者：大嘘
                                   是否完结：是
                                   总页数：26
                                   分类：短篇,足の恋
                                   章节数：1
                                   最后更新时间：2017-03-15T08:47:57.271Z
                                   =================================================
2026-04-26 14:25:01 - mkk_pika - database.py:101 - INFO - 保存成功：ペットオアスレイブー
2026-04-26 14:25:01 - mkk_pika - main.py:35 - INFO - 开始检查ルミナスは1日1回まで! (魔法少女まどか☆マギカ)是否存在未下载章节
2026-04-26 14:25:01 - mkk_pika - main.py:45 - INFO - 正在下载:[ルミナスは1日1回まで! (魔法少女まどか☆マギカ)]-[Forest Village (あゆっこ)]-[['同人', '短篇', '純愛', '圓神領域', '百合花園']]-[total_pages:19]
2026-04-26 14:25:01 - mkk_pika - main.py:49 - INFO - [{'_id': '58c8ffcca0ec5a4c1dcaad92', 'title': '第1集', 'order': 1, 'updated_at': '2017-03-15T05:05:25.956Z', 'id': '58c8ffcca0ec5a4c1dcaad92'}]
2026-04-26 14:25:01 - mkk_pika - database.py:215 - INFO - 第一次下载该漫画，记录数据库中
2026-04-26 14:25:02 - mkk_pika - main.py:83 - INFO - 找到 19 张图片在:第1集
2026-04-26 14:25:03 - mkk_pika - main.py:112 - INFO - [episode:第1集       ] downloaded:    19, total:  19, progress:100%
2026-04-26 14:25:03 - mkk_pika - database.py:238 - INFO - 数据库更新已下载章节
2026-04-26 14:25:03 - mkk_pika - database.py:244 - INFO - 该漫画已下载章节如下
2026-04-26 14:25:03 - mkk_pika - database.py:245 - INFO - ['第1集']
2026-04-26 14:25:04 - mkk_pika - main.py:348 - INFO - ==================== 漫画信息 ====================
                                   漫画ID：58c8ffcca0ec5a4c1dcaad91
                                   标题：ルミナスは1日1回まで! (魔法少女まどか☆マギカ)
                                   作者：Forest Village (あゆっこ)
                                   是否完结：否
                                   总页数：19
                                   分类：同人,短篇,純愛,圓神領域,百合花園
                                   章节数：1
                                   最后更新时间：2017-03-15T08:48:12.638Z
                                   =================================================
2026-04-26 14:25:04 - mkk_pika - database.py:101 - INFO - 保存成功：ルミナスは1日1回まで! (魔法少女まどか☆マギカ)
2026-04-26 14:25:04 - mkk_pika - main.py:35 - INFO - 开始检查夏だけど黒スト是否存在未下载章节
2026-04-26 14:25:04 - mkk_pika - main.py:45 - INFO - 正在下载:[夏だけど黒スト]-[moco chouchou]-[['短篇', '同人', '足の恋', '純愛', '妹妹系']]-[total_pages:24]
2026-04-26 14:25:04 - mkk_pika - main.py:49 - INFO - [{'_id': '58c8ffdba5f2a77244dbc0ce', 'title': '第1集', 'order': 1, 'updated_at': '2017-03-15T05:07:06.596Z', 'id': '58c8ffdba5f2a77244dbc0ce'}]
2026-04-26 14:25:04 - mkk_pika - database.py:215 - INFO - 第一次下载该漫画，记录数据库中
2026-04-26 14:25:05 - mkk_pika - main.py:83 - INFO - 找到 24 张图片在:第1集
2026-04-26 14:25:05 - mkk_pika - main.py:112 - INFO - [episode:第1集       ] downloaded:    24, total:  24, progress:100%
2026-04-26 14:25:05 - mkk_pika - database.py:238 - INFO - 数据库更新已下载章节
2026-04-26 14:25:05 - mkk_pika - database.py:244 - INFO - 该漫画已下载章节如下
2026-04-26 14:25:05 - mkk_pika - database.py:245 - INFO - ['第1集']
2026-04-26 14:25:07 - mkk_pika - main.py:348 - INFO - ==================== 漫画信息 ====================
                                   漫画ID：58c8ffdba5f2a77244dbc0cd
                                   标题：夏だけど黒スト
                                   作者：moco chouchou
                                   是否完结：是
                                   总页数：24
                                   分类：短篇,同人,足の恋,純愛,妹妹系
                                   章节数：1
                                   最后更新时间：2017-03-15T08:48:27.281Z
                                   =================================================
2026-04-26 14:25:07 - mkk_pika - database.py:101 - INFO - 保存成功：夏だけど黒スト
2026-04-26 14:25:07 - mkk_pika - main.py:35 - INFO - 开始检查ホムマド コバナシシュウ (魔法少女まどか☆マギカ)是否存在未下载章节
2026-04-26 14:25:07 - mkk_pika - main.py:45 - INFO - 正在下载:[ホムマド コバナシシュウ (魔法少女まどか☆マギカ)]-[CITRON (山田あこ)]-[['同人', '短篇', '圓神領域', '純愛', '百合花園']]-[total_pages:16]
2026-04-26 14:25:07 - mkk_pika - main.py:49 - INFO - [{'_id': '58c8ffeac91ae84c234c5a60', 'title': '第1集', 'order': 1, 'updated_at': '2017-03-15T05:11:42.934Z', 'id': '58c8ffeac91ae84c234c5a60'}]
2026-04-26 14:25:07 - mkk_pika - database.py:215 - INFO - 第一次下载该漫画，记录数据库中
2026-04-26 14:25:07 - mkk_pika - main.py:83 - INFO - 找到 20 张图片在:第1集
2026-04-26 14:25:08 - mkk_pika - main.py:112 - INFO - [episode:第1集       ] downloaded:    20, total:  20, progress:100%
2026-04-26 14:25:08 - mkk_pika - database.py:238 - INFO - 数据库更新已下载章节
2026-04-26 14:25:08 - mkk_pika - database.py:244 - INFO - 该漫画已下载章节如下
2026-04-26 14:25:08 - mkk_pika - database.py:245 - INFO - ['第1集']
2026-04-26 14:25:09 - mkk_pika - main.py:348 - INFO - ==================== 漫画信息 ====================
                                   漫画ID：58c8ffeac91ae84c234c5a5f
                                   标题：ホムマド コバナシシュウ (魔法少女まどか☆マギカ)
                                   作者：CITRON (山田あこ)
                                   是否完结：否
                                   总页数：16
                                   分类：同人,短篇,圓神領域,純愛,百合花園
                                   章节数：1
                                   最后更新时间：2017-03-15T08:48:42.149Z
                                   =================================================
2026-04-26 14:25:09 - mkk_pika - database.py:101 - INFO - 保存成功：ホムマド コバナシシュウ (魔法少女まどか☆マギカ)
2026-04-26 14:25:09 - mkk_pika - main.py:35 - INFO - 开始检查俺の脳内調教選択肢 (俺の脳内選択肢が、学園ラブコメを全力で邪魔している)是否存在未下载章节
2026-04-26 14:25:10 - mkk_pika - main.py:45 - INFO - 正在下载:[俺の脳内調教選択肢 (俺の脳内選択肢が、学園ラブコメを全力で邪魔している)]-[KiraStar (Maid.vivi)]-[['短篇', '同人', '全彩', 'SM', '強暴']]-[total_pages:17]
2026-04-26 14:25:10 - mkk_pika - main.py:49 - INFO - [{'_id': '58c900094697fc79c04b0977', 'title': '第1集', 'order': 1, 'updated_at': '2017-03-15T05:14:01.955Z', 'id': '58c900094697fc79c04b0977'}]
2026-04-26 14:25:10 - mkk_pika - database.py:215 - INFO - 第一次下载该漫画，记录数据库中
2026-04-26 14:25:10 - mkk_pika - main.py:83 - INFO - 找到 17 张图片在:第1集
2026-04-26 14:25:11 - mkk_pika - main.py:112 - INFO - [episode:第1集       ] downloaded:    17, total:  17, progress:100%
2026-04-26 14:25:11 - mkk_pika - database.py:238 - INFO - 数据库更新已下载章节
2026-04-26 14:25:11 - mkk_pika - database.py:244 - INFO - 该漫画已下载章节如下
2026-04-26 14:25:11 - mkk_pika - database.py:245 - INFO - ['第1集']
2026-04-26 14:25:12 - mkk_pika - main.py:348 - INFO - ==================== 漫画信息 ====================
                                   漫画ID：58c900094697fc79c04b0976
                                   标题：俺の脳内調教選択肢 (俺の脳内選択肢が、学園ラブコメを全力で邪魔している)
                                   作者：KiraStar (Maid.vivi)
                                   是否完结：是
                                   总页数：17
                                   分类：短篇,同人,全彩,SM,強暴
                                   章节数：1
                                   最后更新时间：2017-03-15T08:49:13.581Z
                                   =================================================
2026-04-26 14:25:12 - mkk_pika - database.py:101 - INFO - 保存成功：俺の脳内調教選択肢 (俺の脳内選択肢が、学園ラブコメを全力で邪魔している)
2026-04-26 14:25:12 - mkk_pika - main.py:35 - INFO - 开始检查専業主婦はじめました (魔法少女まどか☆マギカ)是否存在未下载章节
2026-04-26 14:25:12 - mkk_pika - main.py:45 - INFO - 正在下载:[専業主婦はじめました (魔法少女まどか☆マギカ)]-[福屋 (たまつー)]-[['同人', '短篇', '圓神領域', '純愛', '百合花園']]-[total_pages:26]
2026-04-26 14:25:12 - mkk_pika - main.py:49 - INFO - [{'_id': '58c90029f75ce7727bb1b7e1', 'title': '第1集', 'order': 1, 'updated_at': '2017-03-15T05:14:20.168Z', 'id': '58c90029f75ce7727bb1b7e1'}]
2026-04-26 14:25:12 - mkk_pika - database.py:215 - INFO - 第一次下载该漫画，记录数据库中
2026-04-26 14:25:13 - mkk_pika - main.py:83 - INFO - 找到 26 张图片在:第1集
2026-04-26 14:25:13 - mkk_pika - main.py:112 - INFO - [episode:第1集       ] downloaded:    26, total:  26, progress:100%
2026-04-26 14:25:13 - mkk_pika - database.py:238 - INFO - 数据库更新已下载章节
2026-04-26 14:25:13 - mkk_pika - database.py:244 - INFO - 该漫画已下载章节如下
2026-04-26 14:25:13 - mkk_pika - database.py:245 - INFO - ['第1集']
2026-04-26 14:25:15 - mkk_pika - main.py:348 - INFO - ==================== 漫画信息 ====================
                                   漫画ID：58c90029f75ce7727bb1b7e0
                                   标题：専業主婦はじめました (魔法少女まどか☆マギカ)
                                   作者：福屋 (たまつー)
                                   是否完结：否
                                   总页数：26
                                   分类：同人,短篇,圓神領域,純愛,百合花園
                                   章节数：1
                                   最后更新时间：2017-03-15T08:49:45.631Z
                                   =================================================
2026-04-26 14:25:15 - mkk_pika - database.py:101 - INFO - 保存成功：専業主婦はじめました (魔法少女まどか☆マギカ)
2026-04-26 14:25:15 - mkk_pika - main.py:35 - INFO - 开始检查またたきのあいだに (魔法少女まどかマギカ)是否存在未下载章节
2026-04-26 14:25:15 - mkk_pika - main.py:45 - INFO - 正在下载:[またたきのあいだに (魔法少女まどかマギカ)]-[CITRON (山田あこ)]-[['同人', '短篇', '圓神領域', '純愛', '百合花園']]-[total_pages:44]
2026-04-26 14:25:15 - mkk_pika - main.py:49 - INFO - [{'_id': '58c900398ef9ed79ab391168', 'title': '第1集', 'order': 1, 'updated_at': '2017-03-15T05:19:36.466Z', 'id': '58c900398ef9ed79ab391168'}]
2026-04-26 14:25:15 - mkk_pika - database.py:215 - INFO - 第一次下载该漫画，记录数据库中
2026-04-26 14:25:16 - mkk_pika - main.py:83 - INFO - 找到 44 张图片在:第1集
2026-04-26 14:25:17 - mkk_pika - main.py:112 - INFO - [episode:第1集       ] downloaded:    44, total:  44, progress:100%
2026-04-26 14:25:17 - mkk_pika - database.py:238 - INFO - 数据库更新已下载章节
2026-04-26 14:25:17 - mkk_pika - database.py:244 - INFO - 该漫画已下载章节如下
2026-04-26 14:25:17 - mkk_pika - database.py:245 - INFO - ['第1集']
2026-04-26 14:25:18 - mkk_pika - main.py:348 - INFO - ==================== 漫画信息 ====================
                                   漫画ID：58c900398ef9ed79ab391167
                                   标题：またたきのあいだに (魔法少女まどかマギカ)
                                   作者：CITRON (山田あこ)
                                   是否完结：否
                                   总页数：44
                                   分类：同人,短篇,圓神領域,純愛,百合花園
                                   章节数：1
                                   最后更新时间：2017-03-15T08:50:01.388Z
                                   =================================================
2026-04-26 14:25:18 - mkk_pika - database.py:101 - INFO - 保存成功：またたきのあいだに (魔法少女まどかマギカ)
2026-04-26 14:25:18 - mkk_pika - main.py:35 - INFO - 开始检查きっと。 (魔法少女まどか☆マギカ)是否存在未下载章节
2026-04-26 14:25:18 - mkk_pika - main.py:45 - INFO - 正在下载:[きっと。 (魔法少女まどか☆マギカ)]-[やわらぎ瓶 (桃屋チカ)]-[['同人', '短篇', '圓神領域', '純愛', '百合花園']]-[total_pages:35]
2026-04-26 14:25:18 - mkk_pika - main.py:49 - INFO - [{'_id': '58c9004b54f4b77230f427c6', 'title': '第1集', 'order': 1, 'updated_at': '2017-03-15T05:23:24.723Z', 'id': '58c9004b54f4b77230f427c6'}]
2026-04-26 14:25:18 - mkk_pika - database.py:215 - INFO - 第一次下载该漫画，记录数据库中
2026-04-26 14:25:19 - mkk_pika - main.py:83 - INFO - 找到 35 张图片在:第1集
2026-04-26 14:25:20 - mkk_pika - main.py:112 - INFO - [episode:第1集       ] downloaded:    35, total:  35, progress:100%
2026-04-26 14:25:20 - mkk_pika - database.py:238 - INFO - 数据库更新已下载章节
2026-04-26 14:25:20 - mkk_pika - database.py:244 - INFO - 该漫画已下载章节如下
2026-04-26 14:25:20 - mkk_pika - database.py:245 - INFO - ['第1集']
2026-04-26 14:25:21 - mkk_pika - main.py:348 - INFO - ==================== 漫画信息 ====================
                                   漫画ID：58c9004b54f4b77230f427c5
                                   标题：きっと。 (魔法少女まどか☆マギカ)
                                   作者：やわらぎ瓶 (桃屋チカ)
                                   是否完结：否
                                   总页数：35
                                   分类：同人,短篇,圓神領域,純愛,百合花園
                                   章节数：1
                                   最后更新时间：2017-03-15T08:50:19.904Z
                                   =================================================
2026-04-26 14:25:21 - mkk_pika - database.py:101 - INFO - 保存成功：きっと。 (魔法少女まどか☆マギカ)
2026-04-26 14:25:21 - mkk_pika - main.py:35 - INFO - 开始检查拳法少女くびは☆ブジカ (魔法少女まどか☆マギカ)是否存在未下载章节
2026-04-26 14:25:21 - mkk_pika - main.py:45 - INFO - 正在下载:[拳法少女くびは☆ブジカ (魔法少女まどか☆マギカ)]-[お 嬢の浴室 (鉄人, AYA)]-[['同人', '圓神領域', '短篇']]-[total_pages:19]
2026-04-26 14:25:21 - mkk_pika - main.py:49 - INFO - [{'_id': '58c900593f5ca24bed33c5cd', 'title': '第1集', 'order': 1, 'updated_at': '2017-03-15T05:26:55.028Z', 'id': '58c900593f5ca24bed33c5cd'}]
2026-04-26 14:25:21 - mkk_pika - database.py:215 - INFO - 第一次下载该漫画，记录数据库中
2026-04-26 14:25:22 - mkk_pika - main.py:83 - INFO - 找到 19 张图片在:第1集
2026-04-26 14:25:22 - mkk_pika - main.py:112 - INFO - [episode:第1集       ] downloaded:    19, total:  19, progress:100%
2026-04-26 14:25:22 - mkk_pika - database.py:238 - INFO - 数据库更新已下载章节
2026-04-26 14:25:22 - mkk_pika - database.py:244 - INFO - 该漫画已下载章节如下
2026-04-26 14:25:22 - mkk_pika - database.py:245 - INFO - ['第1集']
2026-04-26 14:25:24 - mkk_pika - main.py:348 - INFO - ==================== 漫画信息 ====================
                                   漫画ID：58c900593f5ca24bed33c5cc
                                   标题：拳法少女くびは☆ブジカ (魔法少女まどか☆マギカ)
                                   作者：お 嬢の浴室 (鉄人, AYA)
                                   是否完结：否
                                   总页数：19
                                   分类：同人,圓神領域,短篇
                                   章节数：1
                                   最后更新时间：2017-03-15T08:50:33.879Z
                                   =================================================
2026-04-26 14:25:24 - mkk_pika - database.py:101 - INFO - 保存成功：拳法少女くびは☆ブジカ (魔法少女まどか☆マギカ)
2026-04-26 14:25:24 - mkk_pika - main.py:35 - INFO - 开始检查ドラえもん(哆啦a梦)魔法少女まどか☆マギカ是否存在未下载章节
2026-04-26 14:25:24 - mkk_pika - main.py:45 - INFO - 正在下载:[ドラえもん(哆啦a梦)魔法少女まどか☆マギカ]-[幸ㄝな魔法少女]-[['同人', '圓神領域', '短篇']]-[total_pages:9]
2026-04-26 14:25:24 - mkk_pika - main.py:49 - INFO - [{'_id': '58c900683f5ca24bed33c5e3', 'title': '第1集', 'order': 1, 'updated_at': '2017-03-15T05:29:39.483Z', 'id': '58c900683f5ca24bed33c5e3'}]
2026-04-26 14:25:24 - mkk_pika - database.py:215 - INFO - 第一次下载该漫画，记录数据库中
2026-04-26 14:25:24 - mkk_pika - main.py:83 - INFO - 找到 9 张图片在:第1集
2026-04-26 14:25:25 - mkk_pika - main.py:112 - INFO - [episode:第1集       ] downloaded:     9, total:   9, progress:100%
2026-04-26 14:25:25 - mkk_pika - database.py:238 - INFO - 数据库更新已下载章节
2026-04-26 14:25:25 - mkk_pika - database.py:244 - INFO - 该漫画已下载章节如下
2026-04-26 14:25:25 - mkk_pika - database.py:245 - INFO - ['第1集']
2026-04-26 14:25:26 - mkk_pika - main.py:348 - INFO - ==================== 漫画信息 ====================
                                   漫画ID：58c900683f5ca24bed33c5e2
                                   标题：ドラえもん(哆啦a梦)魔法少女まどか☆マギカ
                                   作者：幸ㄝな魔法少女
                                   是否完结：否
                                   总页数：9
                                   分类：同人,圓神領域,短篇
                                   章节数：1
                                   最后更新时间：2017-03-15T08:50:48.748Z
                                   =================================================
2026-04-26 14:25:26 - mkk_pika - database.py:101 - INFO - 保存成功：ドラえもん(哆啦a梦)魔法少女まどか☆マギカ
2026-04-26 14:25:26 - mkk_pika - main.py:35 - INFO - 开始检查Long Kiss Good Bye(魔法少女まどか☆マギカ)是否存在未下载章节
2026-04-26 14:25:26 - mkk_pika - main.py:45 - INFO - 正在下载:[Long Kiss Good Bye(魔法少女まどか☆マギカ)]-[す茶らか本舗 (大槻弘子)]-[['同人', '短篇', '圓神領域', '百合花園', '純愛']]-[total_pages:31]
2026-04-26 14:25:26 - mkk_pika - main.py:49 - INFO - [{'_id': '58c90077f75ce7727bb1b7ff', 'title': '第1集', 'order': 1, 'updated_at': '2017-03-15T05:33:34.706Z', 'id': '58c90077f75ce7727bb1b7ff'}]
2026-04-26 14:25:26 - mkk_pika - database.py:215 - INFO - 第一次下载该漫画，记录数据库中
2026-04-26 14:25:27 - mkk_pika - main.py:83 - INFO - 找到 31 张图片在:第1集
2026-04-26 14:25:27 - mkk_pika - main.py:112 - INFO - [episode:第1集       ] downloaded:    31, total:  31, progress:100%
2026-04-26 14:25:27 - mkk_pika - database.py:238 - INFO - 数据库更新已下载章节
2026-04-26 14:25:27 - mkk_pika - database.py:244 - INFO - 该漫画已下载章节如下
2026-04-26 14:25:27 - mkk_pika - database.py:245 - INFO - ['第1集']
2026-04-26 14:25:29 - mkk_pika - main.py:348 - INFO - ==================== 漫画信息 ====================
                                   漫画ID：58c90077f75ce7727bb1b7fe
                                   标题：Long Kiss Good Bye(魔法少女まどか☆マギカ)
                                   作者：す茶らか本舗 (大槻弘子)
                                   是否完结：否
                                   总页数：31
                                   分类：同人,短篇,圓神領域,百合花園,純愛
                                   章节数：1
                                   最后更新时间：2017-03-15T08:51:03.509Z
                                   =================================================
2026-04-26 14:25:29 - mkk_pika - database.py:101 - INFO - 保存成功：Long Kiss Good Bye(魔法少女まどか☆マギカ)
2026-04-26 14:25:29 - mkk_pika - main.py:35 - INFO - 开始检查ずっと見てたよ橘さん!! (ガールズフォーム Vol.8)是否存在未下载章节
2026-04-26 14:25:29 - mkk_pika - main.py:45 - INFO - 正在下载:[ずっと見てたよ橘さん!! (ガールズフォーム Vol.8)]-[コオリズ]-[['短篇', '足の恋']]-[total_pages:20]
2026-04-26 14:25:29 - mkk_pika - main.py:49 - INFO - [{'_id': '58ca41c52336e879b27d43ef', 'title': '第1集', 'order': 1, 'updated_at': '2017-03-15T18:22:10.673Z', 'id': '58ca41c52336e879b27d43ef'}]
2026-04-26 14:25:29 - mkk_pika - database.py:215 - INFO - 第一次下载该漫画，记录数据库中
2026-04-26 14:25:30 - mkk_pika - main.py:83 - INFO - 找到 20 张图片在:第1集
2026-04-26 14:25:30 - mkk_pika - main.py:112 - INFO - [episode:第1集       ] downloaded:    20, total:  20, progress:100%
2026-04-26 14:25:30 - mkk_pika - database.py:238 - INFO - 数据库更新已下载章节
2026-04-26 14:25:30 - mkk_pika - database.py:244 - INFO - 该漫画已下载章节如下
2026-04-26 14:25:30 - mkk_pika - database.py:245 - INFO - ['第1集']
2026-04-26 14:25:32 - mkk_pika - main.py:348 - INFO - ==================== 漫画信息 ====================
                                   漫画ID：58ca41c52336e879b27d43ee
                                   标题：ずっと見てたよ橘さん!! (ガールズフォーム Vol.8)
                                   作者：コオリズ
                                   是否完结：否
                                   总页数：20
                                   分类：短篇,足の恋
                                   章节数：1
                                   最后更新时间：2017-03-16T07:41:57.612Z
                                   =================================================
2026-04-26 14:25:32 - mkk_pika - database.py:101 - INFO - 保存成功：ずっと見てたよ橘さん!! (ガールズフォーム Vol.8)
2026-04-26 14:25:32 - mkk_pika - main.py:35 - INFO - 开始检查ねこまんまん前編是否存在未下载章节
2026-04-26 14:25:32 - mkk_pika - main.py:45 - INFO - 正在下载:[ねこまんまん前編]-[コオリズ]-[['短篇']]-[total_pages:27]
2026-04-26 14:25:32 - mkk_pika - main.py:49 - INFO - [{'_id': '58ca41e3a0ec5a4c1dcab228', 'title': '第1集', 'order': 1, 'updated_at': '2017-03-15T18:29:18.535Z', 'id': '58ca41e3a0ec5a4c1dcab228'}]
2026-04-26 14:25:32 - mkk_pika - database.py:215 - INFO - 第一次下载该漫画，记录数据库中
2026-04-26 14:25:32 - mkk_pika - main.py:83 - INFO - 找到 27 张图片在:第1集
2026-04-26 14:25:33 - mkk_pika - main.py:112 - INFO - [episode:第1集       ] downloaded:    27, total:  27, progress:100%
2026-04-26 14:25:33 - mkk_pika - database.py:238 - INFO - 数据库更新已下载章节
2026-04-26 14:25:33 - mkk_pika - database.py:244 - INFO - 该漫画已下载章节如下
2026-04-26 14:25:33 - mkk_pika - database.py:245 - INFO - ['第1集']
2026-04-26 14:25:34 - mkk_pika - main.py:348 - INFO - ==================== 漫画信息 ====================
                                   漫画ID：58ca41e3a0ec5a4c1dcab227
                                   标题：ねこまんまん前編
                                   作者：コオリズ
                                   是否完结：否
                                   总页数：27
                                   分类：短篇
                                   章节数：1
                                   最后更新时间：2017-03-16T07:42:27.310Z
                                   =================================================
2026-04-26 14:25:34 - mkk_pika - database.py:101 - INFO - 保存成功：ねこまんまん前編
2026-04-26 14:25:34 - mkk_pika - main.py:35 - INFO - 开始检查 ぼくわるいロリコンじゃないよ(ガールズフォーム Vol.07)是否存在未下载章节
2026-04-26 14:25:35 - mkk_pika - main.py:45 - INFO - 正在下载:[ ぼくわるいロリコンじゃないよ(ガールズフォーム Vol.07)]-[コオリズ]-[['短篇', '妹妹系']]-[total_pages:20]
2026-04-26 14:25:35 - mkk_pika - main.py:49 - INFO - [{'_id': '58ca42043f5ca24bed33caa7', 'title': '第1集', 'order': 1, 'updated_at': '2017-03-15T18:29:23.250Z', 'id': '58ca42043f5ca24bed33caa7'}]
2026-04-26 14:25:35 - mkk_pika - database.py:215 - INFO - 第一次下载该漫画，记录数据库中
2026-04-26 14:25:35 - mkk_pika - main.py:83 - INFO - 找到 20 张图片在:第1集
2026-04-26 14:25:36 - mkk_pika - main.py:112 - INFO - [episode:第1集       ] downloaded:    20, total:  20, progress:100%
2026-04-26 14:25:36 - mkk_pika - database.py:238 - INFO - 数据库更新已下载章节
2026-04-26 14:25:36 - mkk_pika - database.py:244 - INFO - 该漫画已下载章节如下
2026-04-26 14:25:36 - mkk_pika - database.py:245 - INFO - ['第1集']
2026-04-26 14:25:37 - mkk_pika - main.py:348 - INFO - ==================== 漫画信息 ====================
                                   漫画ID：58ca42043f5ca24bed33caa6
                                   标题： ぼくわるいロリコンじゃないよ(ガールズフォーム Vol.07)
                                   作者：コオリズ
                                   是否完结：否
                                   总页数：20
                                   分类：短篇,妹妹系
                                   章节数：1
                                   最后更新时间：2017-03-16T07:43:00.735Z
                                   =================================================
2026-04-26 14:25:37 - mkk_pika - database.py:101 - INFO - 保存成功： ぼくわるいロリコンじゃないよ(ガールズフォーム Vol.07)
2026-04-26 14:25:37 - mkk_pika - main.py:35 - INFO - 开始检查我慢出来ない牝穴+含彩頁是否存在未下载章节
2026-04-26 14:25:38 - mkk_pika - main.py:45 - INFO - 正在下载:[我慢出来ない牝穴+含彩頁]-[SOUND MILK (おとちち)]-[['長篇']]-[total_pages:207]
2026-04-26 14:25:38 - mkk_pika - main.py:49 - INFO - [{'_id': '58ca4231d280b64be7e9b1a3', 'title': '第1集', 'order': 1, 'updated_at': '2017-03-15T19:42:12.909Z', 'id': '58ca4231d280b64be7e9b1a3'}]
2026-04-26 14:25:38 - mkk_pika - database.py:215 - INFO - 第一次下载该漫画，记录数据库中
2026-04-26 14:25:40 - mkk_pika - main.py:83 - INFO - 找到 207 张图片在:第1集
2026-04-26 14:25:44 - mkk_pika - main.py:112 - INFO - [episode:第1集       ] downloaded:   207, total: 207, progress:100%
2026-04-26 14:25:44 - mkk_pika - database.py:238 - INFO - 数据库更新已下载章节
2026-04-26 14:25:44 - mkk_pika - database.py:244 - INFO - 该漫画已下载章节如下
2026-04-26 14:25:44 - mkk_pika - database.py:245 - INFO - ['第1集']
2026-04-26 14:25:45 - mkk_pika - main.py:348 - INFO - ==================== 漫画信息 ====================
                                   漫画ID：58ca4231d280b64be7e9b1a2
                                   标题：我慢出来ない牝穴+含彩頁
                                   作者：SOUND MILK (おとちち)
                                   是否完结：否
                                   总页数：207
                                   分类：長篇
                                   章节数：1
                                   最后更新时间：2017-03-16T07:43:45.861Z
                                   =================================================
2026-04-26 14:25:45 - mkk_pika - database.py:101 - INFO - 保存成功：我慢出来ない牝穴+含彩頁
2026-04-26 14:25:45 - mkk_pika - main.py:35 - INFO - 开始检查プリンセス搾精レッスン2 (Go!プリンセスプリキュア)是否存在未下载章节
2026-04-26 14:25:45 - mkk_pika - main.py:45 - INFO - 正在下载:[プリンセス搾精レッスン2 (Go!プリンセスプリキュア)]-[SOUND MILK (おとちち)]-[['短篇']]-[total_pages:27]
2026-04-26 14:25:45 - mkk_pika - main.py:49 - INFO - [{'_id': '58ca4307a0ec5a4c1dcab28d', 'title': '第1集', 'order': 1, 'updated_at': '2017-03-15T19:39:50.299Z', 'id': '58ca4307a0ec5a4c1dcab28d'}]
2026-04-26 14:25:45 - mkk_pika - database.py:215 - INFO - 第一次下载该漫画，记录数据库中
2026-04-26 14:25:46 - mkk_pika - main.py:83 - INFO - 找到 27 张图片在:第1集
2026-04-26 14:25:47 - mkk_pika - main.py:112 - INFO - [episode:第1集       ] downloaded:    27, total:  27, progress:100%
2026-04-26 14:25:47 - mkk_pika - database.py:238 - INFO - 数据库更新已下载章节
2026-04-26 14:25:47 - mkk_pika - database.py:244 - INFO - 该漫画已下载章节如下
2026-04-26 14:25:47 - mkk_pika - database.py:245 - INFO - ['第1集']
2026-04-26 14:25:48 - mkk_pika - main.py:348 - INFO - ==================== 漫画信息 ====================
                                   漫画ID：58ca4307a0ec5a4c1dcab28c
                                   标题：プリンセス搾精レッスン2 (Go!プリンセスプリキュア)
                                   作者：SOUND MILK (おとちち)
                                   是否完结：否
                                   总页数：27
                                   分类：短篇
                                   章节数：1
                                   最后更新时间：2017-03-16T07:47:19.178Z
                                   =================================================
2026-04-26 14:25:48 - mkk_pika - database.py:101 - INFO - 保存成功：プリンセス搾精レッスン2 (Go!プリンセスプリキュア)
2026-04-26 14:25:48 - mkk_pika - main.py:35 - INFO - 开始检查キャンディがお好き是否存在未下载章节
2026-04-26 14:25:48 - mkk_pika - main.py:45 - INFO - 正在下载:[キャンディがお好き]-[SOUND MILK (おとちち)]-[['短篇']]-[total_pages:21]
2026-04-26 14:25:48 - mkk_pika - main.py:49 - INFO - [{'_id': '58ca4328bdc42072663cdd7b', 'title': '第1集', 'order': 1, 'updated_at': '2017-03-15T19:39:19.638Z', 'id': '58ca4328bdc42072663cdd7b'}]
2026-04-26 14:25:48 - mkk_pika - database.py:215 - INFO - 第一次下载该漫画，记录数据库中
2026-04-26 14:25:49 - mkk_pika - main.py:83 - INFO - 找到 21 张图片在:第1集
2026-04-26 14:25:50 - mkk_pika - main.py:112 - INFO - [episode:第1集       ] downloaded:    21, total:  21, progress:100%
2026-04-26 14:25:50 - mkk_pika - database.py:238 - INFO - 数据库更新已下载章节
2026-04-26 14:25:50 - mkk_pika - database.py:244 - INFO - 该漫画已下载章节如下
2026-04-26 14:25:50 - mkk_pika - database.py:245 - INFO - ['第1集']
2026-04-26 14:25:51 - mkk_pika - main.py:348 - INFO - ==================== 漫画信息 ====================
                                   漫画ID：58ca4328bdc42072663cdd7a
                                   标题：キャンディがお好き
                                   作者：SOUND MILK (おとちち)
                                   是否完结：否
                                   总页数：21
                                   分类：短篇
                                   章节数：1
                                   最后更新时间：2017-03-16T07:47:52.639Z
                                   =================================================
2026-04-26 14:25:51 - mkk_pika - database.py:101 - INFO - 保存成功：キャンディがお好き
2026-04-26 14:25:51 - mkk_pika - main.py:35 - INFO - 开始检查クッキングパコパコ♥ (COMIC 夢幻転生 2016年7月号)是否存在未下载章节
2026-04-26 14:25:51 - mkk_pika - main.py:45 - INFO - 正在下载:[クッキングパコパコ♥ (COMIC 夢幻転生 2016年7月号)]-[SOUND MILK (おとちち)]-[['短篇']]-[total_pages:31]
2026-04-26 14:25:51 - mkk_pika - main.py:49 - INFO - [{'_id': '58ca43433660c279d70a5d84', 'title': '第1集', 'order': 1, 'updated_at': '2017-03-15T19:40:01.398Z', 'id': '58ca43433660c279d70a5d84'}]
2026-04-26 14:25:51 - mkk_pika - database.py:215 - INFO - 第一次下载该漫画，记录数据库中
2026-04-26 14:25:52 - mkk_pika - main.py:83 - INFO - 找到 31 张图片在:第1集
2026-04-26 14:25:52 - mkk_pika - main.py:112 - INFO - [episode:第1集       ] downloaded:    31, total:  31, progress:100%
2026-04-26 14:25:52 - mkk_pika - database.py:238 - INFO - 数据库更新已下载章节
2026-04-26 14:25:52 - mkk_pika - database.py:244 - INFO - 该漫画已下载章节如下
2026-04-26 14:25:52 - mkk_pika - database.py:245 - INFO - ['第1集']
2026-04-26 14:25:54 - mkk_pika - main.py:348 - INFO - ==================== 漫画信息 ====================
                                   漫画ID：58ca43433660c279d70a5d83
                                   标题：クッキングパコパコ♥ (COMIC 夢幻転生 2016年7月号)
                                   作者：SOUND MILK (おとちち)
                                   是否完结：否
                                   总页数：31
                                   分类：短篇
                                   章节数：1
                                   最后更新时间：2017-03-16T07:48:18.998Z
                                   =================================================
2026-04-26 14:25:54 - mkk_pika - database.py:101 - INFO - 保存成功：クッキングパコパコ♥ (COMIC 夢幻転生 2016年7月号)
2026-04-26 14:25:54 - mkk_pika - main.py:35 - INFO - 开始检查クッキングパコパコ♥ (COMIC 夢幻転生 2016年11月号)是否存在未下载章节
2026-04-26 14:25:54 - mkk_pika - main.py:45 - INFO - 正在下载:[クッキングパコパコ♥ (COMIC 夢幻転生 2016年11月号)]-[SOUND MILK (おとちち)]-[['短篇']]-[total_pages:33]
2026-04-26 14:25:54 - mkk_pika - main.py:49 - INFO - [{'_id': '58ca435f3f5ca24bed33cac1', 'title': '第1集', 'order': 1, 'updated_at': '2017-03-15T19:40:30.255Z', 'id': '58ca435f3f5ca24bed33cac1'}]
2026-04-26 14:25:54 - mkk_pika - database.py:215 - INFO - 第一次下载该漫画，记录数据库中
2026-04-26 14:25:54 - mkk_pika - main.py:83 - INFO - 找到 33 张图片在:第1集
2026-04-26 14:25:55 - mkk_pika - main.py:112 - INFO - [episode:第1集       ] downloaded:    33, total:  33, progress:100%
2026-04-26 14:25:55 - mkk_pika - database.py:238 - INFO - 数据库更新已下载章节
2026-04-26 14:25:55 - mkk_pika - database.py:244 - INFO - 该漫画已下载章节如下
2026-04-26 14:25:55 - mkk_pika - database.py:245 - INFO - ['第1集']
2026-04-26 14:25:56 - mkk_pika - main.py:348 - INFO - ==================== 漫画信息 ====================
                                   漫画ID：58ca435f3f5ca24bed33cac0
                                   标题：クッキングパコパコ♥ (COMIC 夢幻転生 2016年11月号)
                                   作者：SOUND MILK (おとちち)
                                   是否完结：否
                                   总页数：33
                                   分类：短篇
                                   章节数：1
                                   最后更新时间：2017-03-16T07:48:47.453Z
                                   =================================================
2026-04-26 14:25:56 - mkk_pika - database.py:101 - INFO - 保存成功：クッキングパコパコ♥ (COMIC 夢幻転生 2016年11月号)
2026-04-26 14:25:56 - mkk_pika - main.py:35 - INFO - 开始检查初合コンはママならない！是否存在未下载章节
2026-04-26 14:25:57 - mkk_pika - main.py:45 - INFO - 正在下载:[初合コンはママならない！]-[SOUND MILK (おとちち)]-[['短篇']]-[total_pages:28]
2026-04-26 14:25:57 - mkk_pika - main.py:49 - INFO - [{'_id': '58ca4388bdc42072663cdd92', 'title': '第1集', 'order': 1, 'updated_at': '2017-03-15T19:40:23.067Z', 'id': '58ca4388bdc42072663cdd92'}]
2026-04-26 14:25:57 - mkk_pika - database.py:215 - INFO - 第一次下载该漫画，记录数据库中
2026-04-26 14:25:57 - mkk_pika - main.py:83 - INFO - 找到 28 张图片在:第1集
2026-04-26 14:25:58 - mkk_pika - main.py:112 - INFO - [episode:第1集       ] downloaded:    28, total:  28, progress:100%
2026-04-26 14:25:58 - mkk_pika - database.py:238 - INFO - 数据库更新已下载章节
2026-04-26 14:25:58 - mkk_pika - database.py:244 - INFO - 该漫画已下载章节如下
2026-04-26 14:25:58 - mkk_pika - database.py:245 - INFO - ['第1集']
2026-04-26 14:25:59 - mkk_pika - main.py:348 - INFO - ==================== 漫画信息 ====================
                                   漫画ID：58ca4388bdc42072663cdd91
                                   标题：初合コンはママならない！
                                   作者：SOUND MILK (おとちち)
                                   是否完结：否
                                   总页数：28
                                   分类：短篇
                                   章节数：1
                                   最后更新时间：2017-03-16T07:49:28.503Z
                                   =================================================
2026-04-26 14:25:59 - mkk_pika - database.py:101 - INFO - 保存成功：初合コンはママならない！
2026-04-26 14:25:59 - mkk_pika - main.py:35 - INFO - 开始检查鍼灸裏コース~変態鍼治療~ 是否存在未下载章节
2026-04-26 14:26:00 - mkk_pika - main.py:45 - INFO - 正在下载:[鍼灸裏コース~変態鍼治療~ ]-[SOUND MILK (おとちち)]-[['短篇']]-[total_pages:32]
2026-04-26 14:26:00 - mkk_pika - main.py:49 - INFO - [{'_id': '58ca43ce54f4b77230f42cc3', 'title': '第1集', 'order': 1, 'updated_at': '2017-03-15T19:40:27.925Z', 'id': '58ca43ce54f4b77230f42cc3'}]
2026-04-26 14:26:00 - mkk_pika - database.py:215 - INFO - 第一次下载该漫画，记录数据库中
2026-04-26 14:26:00 - mkk_pika - main.py:83 - INFO - 找到 32 张图片在:第1集
2026-04-26 14:26:01 - mkk_pika - main.py:112 - INFO - [episode:第1集       ] downloaded:    32, total:  32, progress:100%
2026-04-26 14:26:01 - mkk_pika - database.py:238 - INFO - 数据库更新已下载章节
2026-04-26 14:26:01 - mkk_pika - database.py:244 - INFO - 该漫画已下载章节如下
2026-04-26 14:26:01 - mkk_pika - database.py:245 - INFO - ['第1集']
2026-04-26 14:26:02 - mkk_pika - main.py:348 - INFO - ==================== 漫画信息 ====================
                                   漫画ID：58ca43ce54f4b77230f42cc2
                                   标题：鍼灸裏コース~変態鍼治療~ 
                                   作者：SOUND MILK (おとちち)
                                   是否完结：否
                                   总页数：32
                                   分类：短篇
                                   章节数：1
                                   最后更新时间：2017-03-16T07:50:38.198Z
                                   =================================================
2026-04-26 14:26:02 - mkk_pika - database.py:101 - INFO - 保存成功：鍼灸裏コース~変態鍼治療~ 
2026-04-26 14:26:02 - mkk_pika - main.py:35 - INFO - 开始检查おやくに立ちたいんデス (異国迷路のクロワーゼ)是否存在未下载章节
2026-04-26 14:26:03 - mkk_pika - main.py:45 - INFO - 正在下载:[おやくに立ちたいんデス (異国迷路のクロワーゼ)]-[あいがも堂]-[['短篇']]-[total_pages:31]
2026-04-26 14:26:03 - mkk_pika - main.py:49 - INFO - [{'_id': '58ca43e33f5ca24bed33cae5', 'title': '第1集', 'order': 1, 'updated_at': '2017-03-15T20:29:44.228Z', 'id': '58ca43e33f5ca24bed33cae5'}]
2026-04-26 14:26:03 - mkk_pika - database.py:215 - INFO - 第一次下载该漫画，记录数据库中
2026-04-26 14:26:03 - mkk_pika - main.py:83 - INFO - 找到 31 张图片在:第1集
2026-04-26 14:26:04 - mkk_pika - main.py:112 - INFO - [episode:第1集       ] downloaded:    31, total:  31, progress:100%
2026-04-26 14:26:04 - mkk_pika - database.py:238 - INFO - 数据库更新已下载章节
2026-04-26 14:26:04 - mkk_pika - database.py:244 - INFO - 该漫画已下载章节如下
2026-04-26 14:26:04 - mkk_pika - database.py:245 - INFO - ['第1集']
2026-04-26 14:26:05 - mkk_pika - main.py:348 - INFO - ==================== 漫画信息 ====================
                                   漫画ID：58ca43e33f5ca24bed33cae4
                                   标题：おやくに立ちたいんデス (異国迷路のクロワーゼ)
                                   作者：あいがも堂
                                   是否完结：否
                                   总页数：31
                                   分类：短篇
                                   章节数：1
                                   最后更新时间：2017-03-16T07:50:59.075Z
                                   =================================================
2026-04-26 14:26:05 - mkk_pika - database.py:101 - INFO - 保存成功：おやくに立ちたいんデス (異国迷路のクロワーゼ)
2026-04-26 14:26:05 - mkk_pika - main.py:35 - INFO - 开始检查大和さんの応援えっち (艦隊これくしょん -艦これ-)是否存在未下载章节
2026-04-26 14:26:06 - mkk_pika - main.py:45 - INFO - 正在下载:[大和さんの応援えっち (艦隊これくしょん -艦これ-)]-[あいがも堂]-[['短篇', '同人', '艦隊收藏']]-[total_pages:60]
2026-04-26 14:26:06 - mkk_pika - main.py:49 - INFO - [{'_id': '58ca43f9a0ec5a4c1dcab2c8', 'title': '第1集', 'order': 1, 'updated_at': '2017-03-15T20:38:42.085Z', 'id': '58ca43f9a0ec5a4c1dcab2c8'}]
2026-04-26 14:26:06 - mkk_pika - database.py:215 - INFO - 第一次下载该漫画，记录数据库中
2026-04-26 14:26:06 - mkk_pika - main.py:83 - INFO - 找到 60 张图片在:第1集
2026-04-26 14:26:08 - mkk_pika - main.py:112 - INFO - [episode:第1集       ] downloaded:    60, total:  60, progress:100%
2026-04-26 14:26:08 - mkk_pika - database.py:238 - INFO - 数据库更新已下载章节
2026-04-26 14:26:08 - mkk_pika - database.py:244 - INFO - 该漫画已下载章节如下
2026-04-26 14:26:08 - mkk_pika - database.py:245 - INFO - ['第1集']
2026-04-26 14:26:09 - mkk_pika - main.py:348 - INFO - ==================== 漫画信息 ====================
                                   漫画ID：58ca43f9a0ec5a4c1dcab2c7
                                   标题：大和さんの応援えっち (艦隊これくしょん -艦これ-)
                                   作者：あいがも堂
                                   是否完结：否
                                   总页数：60
                                   分类：短篇,同人,艦隊收藏
                                   章节数：1
                                   最后更新时间：2017-03-16T07:51:21.085Z
                                   =================================================
2026-04-26 14:26:09 - mkk_pika - database.py:101 - INFO - 保存成功：大和さんの応援えっち (艦隊これくしょん -艦これ-)
2026-04-26 14:26:09 - mkk_pika - main.py:35 - INFO - 开始检查服従させて (新妹魔王の契約者)是否存在未下载章节
2026-04-26 14:26:09 - mkk_pika - main.py:45 - INFO - 正在下载:[服従させて (新妹魔王の契約者)]-[あいがも堂]-[['同人', '短篇']]-[total_pages:27]
2026-04-26 14:26:09 - mkk_pika - main.py:49 - INFO - [{'_id': '58ca440a8ef9ed79ab3916c3', 'title': '第1集', 'order': 1, 'updated_at': '2017-03-15T20:38:55.843Z', 'id': '58ca440a8ef9ed79ab3916c3'}]
2026-04-26 14:26:09 - mkk_pika - database.py:215 - INFO - 第一次下载该漫画，记录数据库中
2026-04-26 14:26:10 - mkk_pika - main.py:83 - INFO - 找到 27 张图片在:第1集
2026-04-26 14:26:11 - mkk_pika - main.py:112 - INFO - [episode:第1集       ] downloaded:    27, total:  27, progress:100%
2026-04-26 14:26:11 - mkk_pika - database.py:238 - INFO - 数据库更新已下载章节
2026-04-26 14:26:11 - mkk_pika - database.py:244 - INFO - 该漫画已下载章节如下
2026-04-26 14:26:11 - mkk_pika - database.py:245 - INFO - ['第1集']
2026-04-26 14:26:12 - mkk_pika - main.py:348 - INFO - ==================== 漫画信息 ====================
                                   漫画ID：58ca440a8ef9ed79ab3916c2
                                   标题：服従させて (新妹魔王の契約者)
                                   作者：あいがも堂
                                   是否完结：否
                                   总页数：27
                                   分类：同人,短篇
                                   章节数：1
                                   最后更新时间：2017-03-16T07:51:38.614Z
                                   =================================================
2026-04-26 14:26:12 - mkk_pika - database.py:101 - INFO - 保存成功：服従させて (新妹魔王の契約者)
2026-04-26 14:26:12 - mkk_pika - main.py:35 - INFO - 开始检查香取先生の夜戦授業 (艦隊これくしょん -艦これ-)是否存在未下载章节
2026-04-26 14:26:12 - mkk_pika - main.py:45 - INFO - 正在下载:[香取先生の夜戦授業 (艦隊これくしょん -艦これ-)]-[あいがも堂]-[['短篇', '同人', '艦隊收藏']]-[total_pages:26]
2026-04-26 14:26:12 - mkk_pika - main.py:49 - INFO - [{'_id': '58ca443ff75ce7727bb1bc7c', 'title': '第1集', 'order': 1, 'updated_at': '2017-03-15T20:39:31.752Z', 'id': '58ca443ff75ce7727bb1bc7c'}]
2026-04-26 14:26:12 - mkk_pika - database.py:215 - INFO - 第一次下载该漫画，记录数据库中
2026-04-26 14:26:13 - mkk_pika - main.py:83 - INFO - 找到 26 张图片在:第1集
2026-04-26 14:26:13 - mkk_pika - main.py:112 - INFO - [episode:第1集       ] downloaded:    26, total:  26, progress:100%
2026-04-26 14:26:13 - mkk_pika - database.py:238 - INFO - 数据库更新已下载章节
2026-04-26 14:26:13 - mkk_pika - database.py:244 - INFO - 该漫画已下载章节如下
2026-04-26 14:26:13 - mkk_pika - database.py:245 - INFO - ['第1集']
2026-04-26 14:26:14 - mkk_pika - main.py:348 - INFO - ==================== 漫画信息 ====================
                                   漫画ID：58ca443ff75ce7727bb1bc7b
                                   标题：香取先生の夜戦授業 (艦隊これくしょん -艦これ-)
                                   作者：あいがも堂
                                   是否完结：否
                                   总页数：26
                                   分类：短篇,同人,艦隊收藏
                                   章节数：1
                                   最后更新时间：2017-03-16T07:52:31.788Z
                                   =================================================
2026-04-26 14:26:14 - mkk_pika - database.py:101 - INFO - 保存成功：香取先生の夜戦授業 (艦隊これくしょん -艦これ-)
2026-04-26 14:26:14 - mkk_pika - main.py:35 - INFO - 开始检查超々々弩級 (艦隊これくしょん -艦これ-)是否存在未下载章节
2026-04-26 14:26:15 - mkk_pika - main.py:45 - INFO - 正在下载:[超々々弩級 (艦隊これくしょん -艦これ-)]-[あいがも堂]-[['短篇', '同人', '艦隊收藏']]-[total_pages:30]
2026-04-26 14:26:15 - mkk_pika - main.py:49 - INFO - [{'_id': '58ca445d3f5ca24bed33cb06', 'title': '第1集', 'order': 1, 'updated_at': '2017-03-15T20:39:40.705Z', 'id': '58ca445d3f5ca24bed33cb06'}]
2026-04-26 14:26:15 - mkk_pika - database.py:215 - INFO - 第一次下载该漫画，记录数据库中
2026-04-26 14:26:15 - mkk_pika - main.py:83 - INFO - 找到 30 张图片在:第1集
2026-04-26 14:26:16 - mkk_pika - main.py:112 - INFO - [episode:第1集       ] downloaded:    30, total:  30, progress:100%
2026-04-26 14:26:16 - mkk_pika - database.py:238 - INFO - 数据库更新已下载章节
2026-04-26 14:26:16 - mkk_pika - database.py:244 - INFO - 该漫画已下载章节如下
2026-04-26 14:26:16 - mkk_pika - database.py:245 - INFO - ['第1集']
2026-04-26 14:26:17 - mkk_pika - main.py:348 - INFO - ==================== 漫画信息 ====================
                                   漫画ID：58ca445d3f5ca24bed33cb05
                                   标题：超々々弩級 (艦隊これくしょん -艦これ-)
                                   作者：あいがも堂
                                   是否完结：否
                                   总页数：30
                                   分类：短篇,同人,艦隊收藏
                                   章节数：1
                                   最后更新时间：2017-03-16T07:53:01.057Z
                                   =================================================
2026-04-26 14:26:17 - mkk_pika - database.py:101 - INFO - 保存成功：超々々弩級 (艦隊これくしょん -艦これ-)
2026-04-26 14:26:17 - mkk_pika - main.py:35 - INFO - 开始检查魔法使いの夜伽～誘惑～ (魔法使いの夜)是否存在未下载章节
2026-04-26 14:26:18 - mkk_pika - main.py:45 - INFO - 正在下载:[魔法使いの夜伽～誘惑～ (魔法使いの夜)]-[あいがも堂]-[['同人', '短篇']]-[total_pages:29]
2026-04-26 14:26:18 - mkk_pika - main.py:49 - INFO - [{'_id': '58ca4476f75ce7727bb1bc99', 'title': '第1集', 'order': 1, 'updated_at': '2017-03-15T20:39:46.393Z', 'id': '58ca4476f75ce7727bb1bc99'}]
2026-04-26 14:26:18 - mkk_pika - database.py:215 - INFO - 第一次下载该漫画，记录数据库中
2026-04-26 14:26:18 - mkk_pika - main.py:83 - INFO - 找到 29 张图片在:第1集
2026-04-26 14:26:19 - mkk_pika - main.py:112 - INFO - [episode:第1集       ] downloaded:    29, total:  29, progress:100%
2026-04-26 14:26:19 - mkk_pika - database.py:238 - INFO - 数据库更新已下载章节
2026-04-26 14:26:19 - mkk_pika - database.py:244 - INFO - 该漫画已下载章节如下
2026-04-26 14:26:19 - mkk_pika - database.py:245 - INFO - ['第1集']
2026-04-26 14:26:20 - mkk_pika - main.py:348 - INFO - ==================== 漫画信息 ====================
                                   漫画ID：58ca4476f75ce7727bb1bc98
                                   标题：魔法使いの夜伽～誘惑～ (魔法使いの夜)
                                   作者：あいがも堂
                                   是否完结：否
                                   总页数：29
                                   分类：同人,短篇
                                   章节数：1
                                   最后更新时间：2017-03-16T07:53:26.230Z
                                   =================================================
2026-04-26 14:26:20 - mkk_pika - database.py:101 - INFO - 保存成功：魔法使いの夜伽～誘惑～ (魔法使いの夜)
2026-04-26 14:26:20 - mkk_pika - main.py:380 - INFO - 本次任务下载完毕
2026-04-26 14:26:20 - mkk_pika - database.py:173 - INFO - 数据库连接已关闭
