2026-03-15 23:39:43 - mkk_pika - main.py:193 - INFO - =======================================================================
2026-03-15 23:39:43 - mkk_pika - database.py:61 - INFO - 表和索引初始化成功
2026-03-15 23:39:43 - mkk_pika - main.py:197 - INFO - 已经累计下载3917本漫画
2026-03-15 23:39:43 - mkk_pika - api.py:87 - INFO - 登录成功
2026-03-15 23:39:44 - mkk_pika - main.py:203 - INFO - 收藏夹共计0本漫画
2026-03-15 23:39:44 - mkk_pika - main.py:206 - INFO - 开始下载收藏夹内未下载内容
2026-03-15 23:39:44 - mkk_pika - main.py:266 - INFO - 收藏夹内容下载完毕
2026-03-15 23:39:44 - mkk_pika - main.py:268 - INFO - 开始下载订阅内容
2026-03-15 23:39:44 - mkk_pika - database.py:258 - INFO - 根据ID查询到标题：萝莉 -> できたらはさんであげます!る
2026-03-15 23:39:44 - mkk_pika - database.py:101 - INFO - 保存成功：できたらはさんであげます!る
2026-03-15 23:39:44 - mkk_pika - main.py:273 - INFO - 关键词萝莉找到1本漫画
2026-03-15 23:39:44 - mkk_pika - database.py:258 - INFO - 根据ID查询到标题：蘿莉 -> 
2026-03-15 23:39:45 - mkk_pika - database.py:101 - INFO - 保存成功：[PIXIV] yugioh⑨⑨⑨ (15480820)（AI）
2026-03-15 23:39:45 - mkk_pika - main.py:273 - INFO - 关键词蘿莉找到21本漫画
2026-03-15 23:39:45 - mkk_pika - main.py:275 - INFO - 订阅内容共计22本漫画
2026-03-15 23:39:45 - mkk_pika - main.py:35 - INFO - 开始检查双子堕とし～アナタをマゾにしてあげる～是否存在未下载章节
2026-03-15 23:39:45 - mkk_pika - database.py:203 - INFO - 查询数据库中是否已存在第1話
2026-03-15 23:39:45 - mkk_pika - main.py:51 - INFO - 双子堕とし～アナタをマゾにしてあげる～中没有可下载章节
2026-03-15 23:39:46 - mkk_pika - main.py:292 - INFO - ==================== 漫画信息 ====================
                                漫画ID：69af026ea818ea79e53dd35f
                                标题：双子堕とし～アナタをマゾにしてあげる～
                                作者：サケイチバ (左門しう)
                                是否完结：是
                                总页数：57
                                分类：短篇,同人,SM
                                章节数：1
                                最后更新时间：2026-03-09T17:25:02.388Z
                                =================================================
2026-03-15 23:39:46 - mkk_pika - database.py:101 - INFO - 保存成功：双子堕とし～アナタをマゾにしてあげる～
2026-03-15 23:39:46 - mkk_pika - main.py:35 - INFO - 开始检查妹はお兄ちゃんとえっちがしたい是否存在未下载章节
2026-03-15 23:39:46 - mkk_pika - database.py:203 - INFO - 查询数据库中是否已存在第1話
2026-03-15 23:39:46 - mkk_pika - database.py:203 - INFO - 查询数据库中是否已存在第2話
2026-03-15 23:39:46 - mkk_pika - database.py:203 - INFO - 查询数据库中是否已存在第3話
2026-03-15 23:39:46 - mkk_pika - main.py:45 - INFO - 正在下载:[妹はお兄ちゃんとえっちがしたい]-[Marked-two (スガヒデオ)]-[['妹妹系', '長篇']]-[total_pages:-1]
2026-03-15 23:39:46 - mkk_pika - main.py:49 - INFO - [{'_id': '69b5b282d4601c4c7ba96332', 'title': '第2話', 'order': 2, 'updated_at': '2026-03-14T07:15:02.172Z', 'id': '69b5b282d4601c4c7ba96332'}]
2026-03-15 23:39:46 - mkk_pika - main.py:83 - INFO - 找到 29 张图片在:第2話
2026-03-15 23:39:47 - mkk_pika - main.py:112 - INFO - [episode:第2話       ] downloaded:    29, total:  29, progress:100%
2026-03-15 23:39:47 - mkk_pika - database.py:238 - INFO - 数据库更新已下载章节
2026-03-15 23:39:47 - mkk_pika - database.py:244 - INFO - 该漫画已下载章节如下
2026-03-15 23:39:47 - mkk_pika - database.py:245 - INFO - ['第1話', '第3話', '第2話']
2026-03-15 23:39:49 - mkk_pika - main.py:292 - INFO - ==================== 漫画信息 ====================
                                漫画ID：6928b106935b7c0159e29ddb
                                标题：妹はお兄ちゃんとえっちがしたい
                                作者：Marked-two (スガヒデオ)
                                是否完结：是
                                总页数：106
                                分类：妹妹系,長篇
                                章节数：3
                                最后更新时间：2026-03-14T19:09:54.304Z
                                =================================================
2026-03-15 23:39:49 - mkk_pika - database.py:101 - INFO - 保存成功：妹はお兄ちゃんとえっちがしたい
2026-03-15 23:39:49 - mkk_pika - main.py:35 - INFO - 开始检查ターニャちゃんが存在Xに感度あげられちゃう話 (幼女戦記)是否存在未下载章节
2026-03-15 23:39:49 - mkk_pika - main.py:45 - INFO - 正在下载:[ターニャちゃんが存在Xに感度あげられちゃう話 (幼女戦記)]-[hal]-[['短篇', '同人']]-[total_pages:-1]
2026-03-15 23:39:49 - mkk_pika - main.py:49 - INFO - [{'_id': '69b5b27cd4601c4c7ba96308', 'title': '第1話', 'order': 1, 'updated_at': '2026-03-14T07:09:31.419Z', 'id': '69b5b27cd4601c4c7ba96308'}]
2026-03-15 23:39:49 - mkk_pika - database.py:215 - INFO - 第一次下载该漫画，记录数据库中
2026-03-15 23:39:49 - mkk_pika - main.py:83 - INFO - 找到 38 张图片在:第1話
2026-03-15 23:39:51 - mkk_pika - main.py:112 - INFO - [episode:第1話       ] downloaded:    38, total:  38, progress:100%
2026-03-15 23:39:51 - mkk_pika - database.py:238 - INFO - 数据库更新已下载章节
2026-03-15 23:39:51 - mkk_pika - database.py:244 - INFO - 该漫画已下载章节如下
2026-03-15 23:39:51 - mkk_pika - database.py:245 - INFO - ['第1話']
2026-03-15 23:39:52 - mkk_pika - main.py:292 - INFO - ==================== 漫画信息 ====================
                                漫画ID：69b5b27cd4601c4c7ba96307
                                标题：ターニャちゃんが存在Xに感度あげられちゃう話 (幼女戦記)
                                作者：hal
                                是否完结：是
                                总页数：38
                                分类：短篇,同人
                                章节数：1
                                最后更新时间：2026-03-14T19:09:48.032Z
                                =================================================
2026-03-15 23:39:52 - mkk_pika - database.py:101 - INFO - 保存成功：ターニャちゃんが存在Xに感度あげられちゃう話 (幼女戦記)
2026-03-15 23:39:52 - mkk_pika - main.py:35 - INFO - 开始检查オナニーコンサルタント ニヤニヤ教授 (ブルーアーカイブ)是否存在未下载章节
2026-03-15 23:39:52 - mkk_pika - main.py:45 - INFO - 正在下载:[オナニーコンサルタント ニヤニヤ教授 (ブルーアーカイブ)]-[ちぬちぬ屋 (うらちーぬ)]-[['同人', '長篇']]-[total_pages:-1]
2026-03-15 23:39:52 - mkk_pika - main.py:49 - INFO - [{'_id': '69b5b262d4601c4c7ba96233', 'title': '第1話', 'order': 1, 'updated_at': '2026-03-14T06:48:05.085Z', 'id': '69b5b262d4601c4c7ba96233'}]
2026-03-15 23:39:52 - mkk_pika - database.py:215 - INFO - 第一次下载该漫画，记录数据库中
2026-03-15 23:39:53 - mkk_pika - main.py:83 - INFO - 找到 71 张图片在:第1話
2026-03-15 23:39:55 - mkk_pika - main.py:112 - INFO - [episode:第1話       ] downloaded:    71, total:  71, progress:100%
2026-03-15 23:39:55 - mkk_pika - database.py:238 - INFO - 数据库更新已下载章节
2026-03-15 23:39:55 - mkk_pika - database.py:244 - INFO - 该漫画已下载章节如下
2026-03-15 23:39:55 - mkk_pika - database.py:245 - INFO - ['第1話']
2026-03-15 23:39:56 - mkk_pika - main.py:292 - INFO - ==================== 漫画信息 ====================
                                漫画ID：69b5b262d4601c4c7ba96232
                                标题：オナニーコンサルタント ニヤニヤ教授 (ブルーアーカイブ)
                                作者：ちぬちぬ屋 (うらちーぬ)
                                是否完结：是
                                总页数：71
                                分类：同人,長篇
                                章节数：1
                                最后更新时间：2026-03-14T19:09:22.157Z
                                =================================================
2026-03-15 23:39:56 - mkk_pika - database.py:101 - INFO - 保存成功：オナニーコンサルタント ニヤニヤ教授 (ブルーアーカイブ)
2026-03-15 23:39:56 - mkk_pika - main.py:35 - INFO - 开始检查跟小望一起咻啵約會 (ブルーアーカイブ)是否存在未下载章节
2026-03-15 23:39:57 - mkk_pika - main.py:45 - INFO - 正在下载:[跟小望一起咻啵約會 (ブルーアーカイブ)]-[幼彩社 (KINN)]-[['短篇', '同人']]-[total_pages:-1]
2026-03-15 23:39:57 - mkk_pika - main.py:49 - INFO - [{'_id': '69b45326a103f744b2301497', 'title': '第1話', 'order': 1, 'updated_at': '2026-03-13T10:53:03.414Z', 'id': '69b45326a103f744b2301497'}]
2026-03-15 23:39:57 - mkk_pika - database.py:215 - INFO - 第一次下载该漫画，记录数据库中
2026-03-15 23:39:57 - mkk_pika - main.py:83 - INFO - 找到 26 张图片在:第1話
2026-03-15 23:39:58 - mkk_pika - main.py:112 - INFO - [episode:第1話       ] downloaded:    26, total:  26, progress:100%
2026-03-15 23:39:58 - mkk_pika - database.py:238 - INFO - 数据库更新已下载章节
2026-03-15 23:39:58 - mkk_pika - database.py:244 - INFO - 该漫画已下载章节如下
2026-03-15 23:39:58 - mkk_pika - database.py:245 - INFO - ['第1話']
2026-03-15 23:39:59 - mkk_pika - main.py:292 - INFO - ==================== 漫画信息 ====================
                                漫画ID：69b45326a103f744b2301496
                                标题：跟小望一起咻啵約會 (ブルーアーカイブ)
                                作者：幼彩社 (KINN)
                                是否完结：是
                                总页数：26
                                分类：短篇,同人
                                章节数：1
                                最后更新时间：2026-03-13T18:10:46.550Z
                                =================================================
2026-03-15 23:39:59 - mkk_pika - database.py:101 - INFO - 保存成功：跟小望一起咻啵約會 (ブルーアーカイブ)
2026-03-15 23:39:59 - mkk_pika - main.py:35 - INFO - 开始检查海と変態是否存在未下载章节
2026-03-15 23:39:59 - mkk_pika - main.py:45 - INFO - 正在下载:[海と変態]-[KOGANE (水原コウ)]-[['短篇']]-[total_pages:-1]
2026-03-15 23:39:59 - mkk_pika - main.py:49 - INFO - [{'_id': '69b45317765dd7449a4479bf', 'title': '第1話', 'order': 1, 'updated_at': '2026-03-13T10:45:52.422Z', 'id': '69b45317765dd7449a4479bf'}]
2026-03-15 23:39:59 - mkk_pika - database.py:215 - INFO - 第一次下载该漫画，记录数据库中
2026-03-15 23:40:00 - mkk_pika - main.py:83 - INFO - 找到 24 张图片在:第1話
2026-03-15 23:40:01 - mkk_pika - main.py:112 - INFO - [episode:第1話       ] downloaded:    24, total:  24, progress:100%
2026-03-15 23:40:01 - mkk_pika - database.py:238 - INFO - 数据库更新已下载章节
2026-03-15 23:40:01 - mkk_pika - database.py:244 - INFO - 该漫画已下载章节如下
2026-03-15 23:40:01 - mkk_pika - database.py:245 - INFO - ['第1話']
2026-03-15 23:40:02 - mkk_pika - main.py:292 - INFO - ==================== 漫画信息 ====================
                                漫画ID：69b45317765dd7449a4479be
                                标题：海と変態
                                作者：KOGANE (水原コウ)
                                是否完结：是
                                总页数：24
                                分类：短篇
                                章节数：1
                                最后更新时间：2026-03-13T18:10:31.678Z
                                =================================================
2026-03-15 23:40:02 - mkk_pika - database.py:101 - INFO - 保存成功：海と変態
2026-03-15 23:40:02 - mkk_pika - main.py:35 - INFO - 开始检查最強ギャンブル少女ザコ敗北是否存在未下载章节
2026-03-15 23:40:02 - mkk_pika - database.py:203 - INFO - 查询数据库中是否已存在第1話
2026-03-15 23:40:02 - mkk_pika - main.py:51 - INFO - 最強ギャンブル少女ザコ敗北中没有可下载章节
2026-03-15 23:40:03 - mkk_pika - main.py:292 - INFO - ==================== 漫画信息 ====================
                                漫画ID：69b2e6f3a58f2b2244ad24b0
                                标题：最強ギャンブル少女ザコ敗北
                                作者：れもんどろっぷ (練り夢ゆな)
                                是否完结：是
                                总页数：34
                                分类：短篇
                                章节数：1
                                最后更新时间：2026-03-12T16:16:51.034Z
                                =================================================
2026-03-15 23:40:03 - mkk_pika - database.py:101 - INFO - 保存成功：最強ギャンブル少女ザコ敗北
2026-03-15 23:40:03 - mkk_pika - main.py:35 - INFO - 开始检查はじめては全部、パパのもの。是否存在未下载章节
2026-03-15 23:40:03 - mkk_pika - database.py:203 - INFO - 查询数据库中是否已存在第1話
2026-03-15 23:40:03 - mkk_pika - main.py:51 - INFO - はじめては全部、パパのもの。中没有可下载章节
2026-03-15 23:40:03 - mkk_pika - main.py:292 - INFO - ==================== 漫画信息 ====================
                                漫画ID：69b2e6e2a5a1c32254a93285
                                标题：はじめては全部、パパのもの。
                                作者：かめかめくらぶ (腹甲)
                                是否完结：是
                                总页数：24
                                分类：短篇
                                章节数：1
                                最后更新时间：2026-03-12T16:16:34.797Z
                                =================================================
2026-03-15 23:40:03 - mkk_pika - database.py:101 - INFO - 保存成功：はじめては全部、パパのもの。
2026-03-15 23:40:03 - mkk_pika - main.py:35 - INFO - 开始检查偏愛執事と人形姫是否存在未下载章节
2026-03-15 23:40:03 - mkk_pika - database.py:203 - INFO - 查询数据库中是否已存在第1話
2026-03-15 23:40:03 - mkk_pika - main.py:51 - INFO - 偏愛執事と人形姫中没有可下载章节
2026-03-15 23:40:04 - mkk_pika - main.py:292 - INFO - ==================== 漫画信息 ====================
                                漫画ID：69b2e6c8a58f2b2244ad246a
                                标题：偏愛執事と人形姫
                                作者：ねぎとろどん (葱戸ロン)
                                是否完结：是
                                总页数：65
                                分类：長篇
                                章节数：1
                                最后更新时间：2026-03-12T16:16:08.976Z
                                =================================================
2026-03-15 23:40:04 - mkk_pika - database.py:101 - INFO - 保存成功：偏愛執事と人形姫
2026-03-15 23:40:04 - mkk_pika - main.py:35 - INFO - 开始检查シュポりにきたやつら (ブルーアーカイブ)是否存在未下载章节
2026-03-15 23:40:04 - mkk_pika - database.py:203 - INFO - 查询数据库中是否已存在第1話
2026-03-15 23:40:04 - mkk_pika - main.py:51 - INFO - シュポりにきたやつら (ブルーアーカイブ)中没有可下载章节
2026-03-15 23:40:04 - mkk_pika - main.py:292 - INFO - ==================== 漫画信息 ====================
                                漫画ID：69b1a2318ac80632ef6d5288
                                标题：シュポりにきたやつら (ブルーアーカイブ)
                                作者：Ready.set.go! (たこらいす)
                                是否完结：是
                                总页数：22
                                分类：同人,短篇
                                章节数：1
                                最后更新时间：2026-03-11T17:11:13.294Z
                                =================================================
2026-03-15 23:40:04 - mkk_pika - database.py:101 - INFO - 保存成功：シュポりにきたやつら (ブルーアーカイブ)
2026-03-15 23:40:04 - mkk_pika - main.py:35 - INFO - 开始检查私も名前で呼ばれたい (COMIC LO 2023年12月号)是否存在未下载章节
2026-03-15 23:40:04 - mkk_pika - database.py:203 - INFO - 查询数据库中是否已存在第1話
2026-03-15 23:40:04 - mkk_pika - main.py:51 - INFO - 私も名前で呼ばれたい (COMIC LO 2023年12月号)中没有可下载章节
2026-03-15 23:40:05 - mkk_pika - main.py:292 - INFO - ==================== 漫画信息 ====================
                                漫画ID：69b1a22efa8177322ab9bb37
                                标题：私も名前で呼ばれたい (COMIC LO 2023年12月号)
                                作者：よしきちゃん
                                是否完结：是
                                总页数：26
                                分类：短篇
                                章节数：1
                                最后更新时间：2026-03-11T17:11:10.678Z
                                =================================================
2026-03-15 23:40:05 - mkk_pika - database.py:101 - INFO - 保存成功：私も名前で呼ばれたい (COMIC LO 2023年12月号)
2026-03-15 23:40:05 - mkk_pika - main.py:35 - INFO - 开始检查姪っ子パオパオ (COMIC LO 2024年8月号)是否存在未下载章节
2026-03-15 23:40:05 - mkk_pika - database.py:203 - INFO - 查询数据库中是否已存在第1話
2026-03-15 23:40:05 - mkk_pika - main.py:51 - INFO - 姪っ子パオパオ (COMIC LO 2024年8月号)中没有可下载章节
2026-03-15 23:40:06 - mkk_pika - main.py:292 - INFO - ==================== 漫画信息 ====================
                                漫画ID：69b1a22c8ac80632ef6d5269
                                标题：姪っ子パオパオ (COMIC LO 2024年8月号)
                                作者：よしきちゃん
                                是否完结：是
                                总页数：26
                                分类：短篇
                                章节数：1
                                最后更新时间：2026-03-11T17:11:08.266Z
                                =================================================
2026-03-15 23:40:06 - mkk_pika - database.py:101 - INFO - 保存成功：姪っ子パオパオ (COMIC LO 2024年8月号)
2026-03-15 23:40:06 - mkk_pika - main.py:35 - INFO - 开始检查愛する従妹は借金のカタ | 心爱的表妹 (女友) 被拿去抵债是否存在未下载章节
2026-03-15 23:40:06 - mkk_pika - database.py:203 - INFO - 查询数据库中是否已存在第1話
2026-03-15 23:40:06 - mkk_pika - main.py:51 - INFO - 愛する従妹は借金のカタ | 心爱的表妹 (女友) 被拿去抵债中没有可下载章节
2026-03-15 23:40:06 - mkk_pika - main.py:292 - INFO - ==================== 漫画信息 ====================
                                漫画ID：69b1a1ae8ac80632ef6d5093
                                标题：愛する従妹は借金のカタ | 心爱的表妹 (女友) 被拿去抵债
                                作者：アパラチ屋 (かぶ)
                                是否完结：是
                                总页数：35
                                分类：短篇,NTR
                                章节数：1
                                最后更新时间：2026-03-11T17:09:02.946Z
                                =================================================
2026-03-15 23:40:06 - mkk_pika - database.py:101 - INFO - 保存成功：愛する従妹は借金のカタ | 心爱的表妹 (女友) 被拿去抵债
2026-03-15 23:40:06 - mkk_pika - main.py:35 - INFO - 开始检查焦がれる想いの攻略法 (崩壊:スターレイル)　| 萤火灼心的攻略方式是否存在未下载章节
2026-03-15 23:40:06 - mkk_pika - database.py:203 - INFO - 查询数据库中是否已存在第1話
2026-03-15 23:40:06 - mkk_pika - main.py:51 - INFO - 焦がれる想いの攻略法 (崩壊:スターレイル)　| 萤火灼心的攻略方式中没有可下载章节
2026-03-15 23:40:07 - mkk_pika - main.py:292 - INFO - ==================== 漫画信息 ====================
                                漫画ID：69b1a16ee2522121a8ad1b61
                                标题：焦がれる想いの攻略法 (崩壊:スターレイル)　| 萤火灼心的攻略方式
                                作者：いちごのものがたり (ぷぇいちご)
                                是否完结：是
                                总页数：36
                                分类：短篇
                                章节数：1
                                最后更新时间：2026-03-11T17:07:58.005Z
                                =================================================
2026-03-15 23:40:07 - mkk_pika - database.py:101 - INFO - 保存成功：焦がれる想いの攻略法 (崩壊:スターレイル)　| 萤火灼心的攻略方式
2026-03-15 23:40:07 - mkk_pika - main.py:35 - INFO - 开始检查デジモンアドベンチャー（AI）是否存在未下载章节
2026-03-15 23:40:07 - mkk_pika - database.py:203 - INFO - 查询数据库中是否已存在第1話
2026-03-15 23:40:07 - mkk_pika - main.py:51 - INFO - デジモンアドベンチャー（AI）中没有可下载章节
2026-03-15 23:40:07 - mkk_pika - main.py:292 - INFO - ==================== 漫画信息 ====================
                                漫画ID：69b19ff47dab7721baef612d
                                标题：デジモンアドベンチャー（AI）
                                作者：Reimu
                                是否完结：否
                                总页数：531
                                分类：全彩,長篇,同人,強暴
                                章节数：1
                                最后更新时间：2026-03-11T17:01:40.919Z
                                =================================================
2026-03-15 23:40:07 - mkk_pika - database.py:101 - INFO - 保存成功：デジモンアドベンチャー（AI）
2026-03-15 23:40:07 - mkk_pika - main.py:35 - INFO - 开始检查  Real Game (崩壊:スターレイル) [中国翻訳]是否存在未下载章节
2026-03-15 23:40:08 - mkk_pika - database.py:203 - INFO - 查询数据库中是否已存在第1話
2026-03-15 23:40:08 - mkk_pika - main.py:51 - INFO -   Real Game (崩壊:スターレイル) [中国翻訳]中没有可下载章节
2026-03-15 23:40:08 - mkk_pika - main.py:292 - INFO - ==================== 漫画信息 ====================
                                漫画ID：69b19fb9aac9ae77991c292e
                                标题：  Real Game (崩壊:スターレイル) [中国翻訳]
                                作者：ラストリンケージ(らすに)
                                是否完结：是
                                总页数：26
                                分类：短篇,同人,純愛
                                章节数：1
                                最后更新时间：2026-03-11T17:00:41.616Z
                                =================================================
2026-03-15 23:40:08 - mkk_pika - database.py:101 - INFO - 保存成功：  Real Game (崩壊:スターレイル) [中国翻訳]
2026-03-15 23:40:08 - mkk_pika - main.py:35 - INFO - 开始检查催眠にかかった兄は妹のオナ棒になりました (COMIC LO 2026年4月号)是否存在未下载章节
2026-03-15 23:40:08 - mkk_pika - database.py:203 - INFO - 查询数据库中是否已存在第1話
2026-03-15 23:40:08 - mkk_pika - main.py:51 - INFO - 催眠にかかった兄は妹のオナ棒になりました (COMIC LO 2026年4月号)中没有可下载章节
2026-03-15 23:40:08 - mkk_pika - main.py:292 - INFO - ==================== 漫画信息 ====================
                                漫画ID：69b052cae4d8bc32bffd852b
                                标题：催眠にかかった兄は妹のオナ棒になりました (COMIC LO 2026年4月号)
                                作者：あるま
                                是否完结：是
                                总页数：24
                                分类：短篇,妹妹系
                                章节数：1
                                最后更新时间：2026-03-10T17:20:10.179Z
                                =================================================
2026-03-15 23:40:08 - mkk_pika - database.py:101 - INFO - 保存成功：催眠にかかった兄は妹のオナ棒になりました (COMIC LO 2026年4月号)
2026-03-15 23:40:08 - mkk_pika - main.py:35 - INFO - 开始检查苦しいのが好きなマイアちゃん [无修正]是否存在未下载章节
2026-03-15 23:40:09 - mkk_pika - database.py:203 - INFO - 查询数据库中是否已存在第1話
2026-03-15 23:40:09 - mkk_pika - main.py:51 - INFO - 苦しいのが好きなマイアちゃん [无修正]中没有可下载章节
2026-03-15 23:40:09 - mkk_pika - main.py:292 - INFO - ==================== 漫画信息 ====================
                                漫画ID：69a7138385d3634a6b8ac772
                                标题：苦しいのが好きなマイアちゃん [无修正]
                                作者：ねこてゐ
                                是否完结：是
                                总页数：20
                                分类：短篇,同人
                                章节数：1
                                最后更新时间：2026-03-03T16:59:47.634Z
                                =================================================
2026-03-15 23:40:09 - mkk_pika - database.py:101 - INFO - 保存成功：苦しいのが好きなマイアちゃん [无修正]
2026-03-15 23:40:09 - mkk_pika - main.py:35 - INFO - 开始检查きりたんとえっちしたい!是否存在未下载章节
2026-03-15 23:40:09 - mkk_pika - database.py:203 - INFO - 查询数据库中是否已存在生肉
2026-03-15 23:40:09 - mkk_pika - database.py:203 - INFO - 查询数据库中是否已存在熟肉
2026-03-15 23:40:09 - mkk_pika - main.py:51 - INFO - きりたんとえっちしたい!中没有可下载章节
2026-03-15 23:40:09 - mkk_pika - main.py:292 - INFO - ==================== 漫画信息 ====================
                                漫画ID：65f7f9d0a169a039db4f4721
                                标题：きりたんとえっちしたい!
                                作者：マッシュたけ
                                是否完结：否
                                总页数：38
                                分类：短篇,同人
                                章节数：2
                                最后更新时间：2026-03-10T17:16:34.925Z
                                =================================================
2026-03-15 23:40:09 - mkk_pika - database.py:101 - INFO - 保存成功：きりたんとえっちしたい!
2026-03-15 23:40:09 - mkk_pika - main.py:35 - INFO - 开始检查そこのお兄ちゃんサポありであたしと遊ばない? | 那邊那位小哥哥可以求援要不要跟我一起玩?是否存在未下载章节
2026-03-15 23:40:10 - mkk_pika - database.py:203 - INFO - 查询数据库中是否已存在第1話
2026-03-15 23:40:10 - mkk_pika - main.py:51 - INFO - そこのお兄ちゃんサポありであたしと遊ばない? | 那邊那位小哥哥可以求援要不要跟我一起玩?中没有可下载章节
2026-03-15 23:40:10 - mkk_pika - main.py:292 - INFO - ==================== 漫画信息 ====================
                                漫画ID：69b051e9e4d8bc32bffd8368
                                标题：そこのお兄ちゃんサポありであたしと遊ばない? | 那邊那位小哥哥可以求援要不要跟我一起玩?
                                作者：ぴるぽろー (廃狼)
                                是否完结：否
                                总页数：8
                                分类：短篇,妹妹系
                                章节数：1
                                最后更新时间：2026-03-10T17:16:25.761Z
                                =================================================
2026-03-15 23:40:10 - mkk_pika - database.py:101 - INFO - 保存成功：そこのお兄ちゃんサポありであたしと遊ばない? | 那邊那位小哥哥可以求援要不要跟我一起玩?
2026-03-15 23:40:10 - mkk_pika - main.py:35 - INFO - 开始检查嫉妬ホルスといちゃいちゃお家えっち♥ | 和吃醋的荷鲁斯在家里卿卿我我♥是否存在未下载章节
2026-03-15 23:40:11 - mkk_pika - database.py:203 - INFO - 查询数据库中是否已存在第1話
2026-03-15 23:40:11 - mkk_pika - main.py:51 - INFO - 嫉妬ホルスといちゃいちゃお家えっち♥ | 和吃醋的荷鲁斯在家里卿卿我我♥中没有可下载章节
2026-03-15 23:40:11 - mkk_pika - main.py:292 - INFO - ==================== 漫画信息 ====================
                                漫画ID：69b0517efa8177322ab9a1f7
                                标题：嫉妬ホルスといちゃいちゃお家えっち♥ | 和吃醋的荷鲁斯在家里卿卿我我♥
                                作者：やみめ□
                                是否完结：否
                                总页数：7
                                分类：全彩,短篇,同人
                                章节数：1
                                最后更新时间：2026-03-10T17:14:38.383Z
                                =================================================
2026-03-15 23:40:11 - mkk_pika - database.py:101 - INFO - 保存成功：嫉妬ホルスといちゃいちゃお家えっち♥ | 和吃醋的荷鲁斯在家里卿卿我我♥
2026-03-15 23:40:11 - mkk_pika - main.py:35 - INFO - 开始检查キヴォトス性活日誌 | 基沃托斯色色日记是否存在未下载章节
2026-03-15 23:40:11 - mkk_pika - database.py:203 - INFO - 查询数据库中是否已存在-イブキ- | -伊吹篇-第1話
2026-03-15 23:40:11 - mkk_pika - database.py:203 - INFO - 查询数据库中是否已存在-イブキ- | -伊吹篇-第2話
2026-03-15 23:40:11 - mkk_pika - database.py:203 - INFO - 查询数据库中是否已存在-イブキ- | -伊吹篇-EX
2026-03-15 23:40:11 - mkk_pika - database.py:203 - INFO - 查询数据库中是否已存在-モモイ- | -小桃篇-
2026-03-15 23:40:11 - mkk_pika - main.py:51 - INFO - キヴォトス性活日誌 | 基沃托斯色色日记中没有可下载章节
2026-03-15 23:40:11 - mkk_pika - main.py:292 - INFO - ==================== 漫画信息 ====================
                                漫画ID：6772c9a610aa34407c4abf33
                                标题：キヴォトス性活日誌 | 基沃托斯色色日记
                                作者：エゾクロテン (宮野木ジジ)
                                是否完结：否
                                总页数：108
                                分类：同人,長篇
                                章节数：4
                                最后更新时间：2026-03-09T17:33:08.323Z
                                =================================================
2026-03-15 23:40:11 - mkk_pika - database.py:101 - INFO - 保存成功：キヴォトス性活日誌 | 基沃托斯色色日记
2026-03-15 23:40:11 - mkk_pika - main.py:323 - INFO - 订阅内容内容下载完毕
2026-03-15 23:40:11 - mkk_pika - main.py:324 - INFO - 开始分批下载全部章节
2026-03-15 23:40:11 - mkk_pika - database.py:280 - INFO - 表和索引初始化成功
2026-03-15 23:40:12 - mkk_pika - main.py:177 - INFO - 已经下载了217页，一共6790页，现在开始添加第218页
2026-03-15 23:40:12 - mkk_pika - database.py:318 - INFO - 保存成功
2026-03-15 23:40:13 - mkk_pika - main.py:177 - INFO - 已经下载了218页，一共6790页，现在开始添加第219页
2026-03-15 23:40:13 - mkk_pika - database.py:318 - INFO - 保存成功
2026-03-15 23:40:13 - mkk_pika - main.py:177 - INFO - 已经下载了219页，一共6790页，现在开始添加第220页
2026-03-15 23:40:14 - mkk_pika - database.py:318 - INFO - 保存成功
2026-03-15 23:40:14 - mkk_pika - main.py:177 - INFO - 已经下载了220页，一共6790页，现在开始添加第221页
2026-03-15 23:40:15 - mkk_pika - database.py:318 - INFO - 保存成功
2026-03-15 23:40:15 - mkk_pika - main.py:331 - INFO - 分批下载共计37本漫画
2026-03-15 23:40:15 - mkk_pika - main.py:35 - INFO - 开始检查[伊佐美ノゾミ] ちんかも！是否存在未下载章节
2026-03-15 23:40:15 - mkk_pika - main.py:45 - INFO - 正在下载:[[伊佐美ノゾミ] ちんかも！]-[伊佐美ノゾミ]-[['長篇']]-[total_pages:199]
2026-03-15 23:40:15 - mkk_pika - main.py:49 - INFO - [{'_id': '5821a12b5f6b9a4f93eef0af', 'title': '第1集', 'order': 1, 'updated_at': '2016-11-08T09:55:55.513Z', 'id': '5821a12b5f6b9a4f93eef0af'}]
2026-03-15 23:40:15 - mkk_pika - database.py:215 - INFO - 第一次下载该漫画，记录数据库中
2026-03-15 23:40:17 - mkk_pika - main.py:83 - INFO - 找到 199 张图片在:第1集
2026-03-15 23:40:21 - mkk_pika - main.py:112 - INFO - [episode:第1集       ] downloaded:   199, total: 199, progress:100%
2026-03-15 23:40:21 - mkk_pika - database.py:238 - INFO - 数据库更新已下载章节
2026-03-15 23:40:21 - mkk_pika - database.py:244 - INFO - 该漫画已下载章节如下
2026-03-15 23:40:21 - mkk_pika - database.py:245 - INFO - ['第1集']
2026-03-15 23:40:22 - mkk_pika - main.py:348 - INFO - ==================== 漫画信息 ====================
                                   漫画ID：5821a12a5f6b9a4f93eef0ad
                                   标题：[伊佐美ノゾミ] ちんかも！
                                   作者：伊佐美ノゾミ
                                   是否完结：是
                                   总页数：199
                                   分类：長篇
                                   章节数：1
                                   最后更新时间：2012-06-28T08:47:06.000Z
                                   =================================================
2026-03-15 23:40:22 - mkk_pika - database.py:101 - INFO - 保存成功：[伊佐美ノゾミ] ちんかも！
2026-03-15 23:40:22 - mkk_pika - main.py:35 - INFO - 开始检查[RSV个人汉化][Louis＆Visee] 発情ローズイヤー是否存在未下载章节
2026-03-15 23:40:23 - mkk_pika - main.py:45 - INFO - 正在下载:[[RSV个人汉化][Louis＆Visee] 発情ローズイヤー]-[Louis＆Visee]-[['短篇']]-[total_pages:20]
2026-03-15 23:40:23 - mkk_pika - main.py:49 - INFO - [{'_id': '5821a1305f6b9a4f93eef55d', 'title': '第1集', 'order': 1, 'updated_at': '2016-11-08T09:56:00.474Z', 'id': '5821a1305f6b9a4f93eef55d'}]
2026-03-15 23:40:23 - mkk_pika - database.py:215 - INFO - 第一次下载该漫画，记录数据库中
2026-03-15 23:40:23 - mkk_pika - main.py:83 - INFO - 找到 20 张图片在:第1集
2026-03-15 23:40:24 - mkk_pika - main.py:112 - INFO - [episode:第1集       ] downloaded:    20, total:  20, progress:100%
2026-03-15 23:40:24 - mkk_pika - database.py:238 - INFO - 数据库更新已下载章节
2026-03-15 23:40:24 - mkk_pika - database.py:244 - INFO - 该漫画已下载章节如下
2026-03-15 23:40:24 - mkk_pika - database.py:245 - INFO - ['第1集']
2026-03-15 23:40:25 - mkk_pika - main.py:348 - INFO - ==================== 漫画信息 ====================
                                   漫画ID：5821a12f5f6b9a4f93eef55b
                                   标题：[RSV个人汉化][Louis＆Visee] 発情ローズイヤー
                                   作者：Louis＆Visee
                                   是否完结：是
                                   总页数：20
                                   分类：短篇
                                   章节数：1
                                   最后更新时间：2012-06-29T14:47:06.000Z
                                   =================================================
2026-03-15 23:40:25 - mkk_pika - database.py:101 - INFO - 保存成功：[RSV个人汉化][Louis＆Visee] 発情ローズイヤー
2026-03-15 23:40:25 - mkk_pika - main.py:35 - INFO - 开始检查[伊佐美ノゾミ] 少女穴リスト是否存在未下载章节
2026-03-15 23:40:26 - mkk_pika - main.py:45 - INFO - 正在下载:[[伊佐美ノゾミ] 少女穴リスト]-[伊佐美ノゾミ]-[['長篇']]-[total_pages:199]
2026-03-15 23:40:26 - mkk_pika - main.py:49 - INFO - [{'_id': '5821a1305f6b9a4f93eef589', 'title': '第1集', 'order': 1, 'updated_at': '2016-11-08T09:56:00.925Z', 'id': '5821a1305f6b9a4f93eef589'}]
2026-03-15 23:40:26 - mkk_pika - database.py:215 - INFO - 第一次下载该漫画，记录数据库中
2026-03-15 23:40:27 - mkk_pika - main.py:83 - INFO - 找到 199 张图片在:第1集
2026-03-15 23:40:31 - mkk_pika - main.py:112 - INFO - [episode:第1集       ] downloaded:   199, total: 199, progress:100%
2026-03-15 23:40:31 - mkk_pika - database.py:238 - INFO - 数据库更新已下载章节
2026-03-15 23:40:31 - mkk_pika - database.py:244 - INFO - 该漫画已下载章节如下
2026-03-15 23:40:31 - mkk_pika - database.py:245 - INFO - ['第1集']
2026-03-15 23:40:33 - mkk_pika - main.py:348 - INFO - ==================== 漫画信息 ====================
                                   漫画ID：5821a1305f6b9a4f93eef587
                                   标题：[伊佐美ノゾミ] 少女穴リスト
                                   作者：伊佐美ノゾミ
                                   是否完结：是
                                   总页数：199
                                   分类：長篇
                                   章节数：1
                                   最后更新时间：2012-06-30T00:47:06.000Z
                                   =================================================
2026-03-15 23:40:33 - mkk_pika - database.py:101 - INFO - 保存成功：[伊佐美ノゾミ] 少女穴リスト
2026-03-15 23:40:33 - mkk_pika - main.py:35 - INFO - 开始检查[伊佐美ノゾミ]幼形成熟是否存在未下载章节
2026-03-15 23:40:33 - mkk_pika - main.py:45 - INFO - 正在下载:[[伊佐美ノゾミ]幼形成熟]-[伊佐美ノゾミ]-[['長篇']]-[total_pages:189]
2026-03-15 23:40:33 - mkk_pika - main.py:49 - INFO - [{'_id': '5821a1325f6b9a4f93eef71b', 'title': '第1集', 'order': 1, 'updated_at': '2016-11-08T09:56:02.638Z', 'id': '5821a1325f6b9a4f93eef71b'}]
2026-03-15 23:40:33 - mkk_pika - database.py:215 - INFO - 第一次下载该漫画，记录数据库中
2026-03-15 23:40:35 - mkk_pika - main.py:83 - INFO - 找到 189 张图片在:第1集
2026-03-15 23:40:39 - mkk_pika - main.py:112 - INFO - [episode:第1集       ] downloaded:   189, total: 189, progress:100%
2026-03-15 23:40:39 - mkk_pika - database.py:238 - INFO - 数据库更新已下载章节
2026-03-15 23:40:39 - mkk_pika - database.py:244 - INFO - 该漫画已下载章节如下
2026-03-15 23:40:39 - mkk_pika - database.py:245 - INFO - ['第1集']
2026-03-15 23:40:40 - mkk_pika - main.py:348 - INFO - ==================== 漫画信息 ====================
                                   漫画ID：5821a1325f6b9a4f93eef719
                                   标题：[伊佐美ノゾミ]幼形成熟
                                   作者：伊佐美ノゾミ
                                   是否完结：是
                                   总页数：189
                                   分类：長篇
                                   章节数：1
                                   最后更新时间：2012-06-30T10:47:06.000Z
                                   =================================================
2026-03-15 23:40:40 - mkk_pika - database.py:101 - INFO - 保存成功：[伊佐美ノゾミ]幼形成熟
2026-03-15 23:40:40 - mkk_pika - main.py:35 - INFO - 开始检查[伊佐美ノゾミ] うしじまいい肉是否存在未下载章节
2026-03-15 23:40:40 - mkk_pika - main.py:45 - INFO - 正在下载:[[伊佐美ノゾミ] うしじまいい肉]-[伊佐美ノゾミ]-[['長篇']]-[total_pages:200]
2026-03-15 23:40:40 - mkk_pika - main.py:49 - INFO - [{'_id': '5821a1335f6b9a4f93eef899', 'title': '第1集', 'order': 1, 'updated_at': '2016-11-08T09:56:03.951Z', 'id': '5821a1335f6b9a4f93eef899'}]
2026-03-15 23:40:40 - mkk_pika - database.py:215 - INFO - 第一次下载该漫画，记录数据库中
2026-03-15 23:40:42 - mkk_pika - main.py:83 - INFO - 找到 200 张图片在:第1集
2026-03-15 23:40:46 - mkk_pika - main.py:112 - INFO - [episode:第1集       ] downloaded:   200, total: 200, progress:100%
2026-03-15 23:40:46 - mkk_pika - database.py:238 - INFO - 数据库更新已下载章节
2026-03-15 23:40:46 - mkk_pika - database.py:244 - INFO - 该漫画已下载章节如下
2026-03-15 23:40:46 - mkk_pika - database.py:245 - INFO - ['第1集']
2026-03-15 23:40:47 - mkk_pika - main.py:348 - INFO - ==================== 漫画信息 ====================
                                   漫画ID：5821a1335f6b9a4f93eef897
                                   标题：[伊佐美ノゾミ] うしじまいい肉
                                   作者：伊佐美ノゾミ
                                   是否完结：是
                                   总页数：200
                                   分类：長篇
                                   章节数：1
                                   最后更新时间：2012-06-30T20:47:06.000Z
                                   =================================================
2026-03-15 23:40:47 - mkk_pika - database.py:101 - INFO - 保存成功：[伊佐美ノゾミ] うしじまいい肉
2026-03-15 23:40:47 - mkk_pika - main.py:35 - INFO - 开始检查[魔劍个人汉化] [LordDaemon785] Demon Breeding是否存在未下载章节
2026-03-15 23:40:48 - mkk_pika - main.py:45 - INFO - 正在下载:[[魔劍个人汉化] [LordDaemon785] Demon Breeding]-[LordDaemon785]-[['同人', '短篇', '全彩', '非人類']]-[total_pages:47]
2026-03-15 23:40:48 - mkk_pika - main.py:49 - INFO - [{'_id': '5821a1365f6b9a4f93eefbb7', 'title': '第1集', 'order': 1, 'updated_at': '2016-11-08T09:56:06.995Z', 'id': '5821a1365f6b9a4f93eefbb7'}]
2026-03-15 23:40:48 - mkk_pika - database.py:215 - INFO - 第一次下载该漫画，记录数据库中
2026-03-15 23:40:48 - mkk_pika - main.py:83 - INFO - 找到 47 张图片在:第1集
2026-03-15 23:40:50 - mkk_pika - main.py:112 - INFO - [episode:第1集       ] downloaded:    47, total:  47, progress:100%
2026-03-15 23:40:50 - mkk_pika - database.py:238 - INFO - 数据库更新已下载章节
2026-03-15 23:40:50 - mkk_pika - database.py:244 - INFO - 该漫画已下载章节如下
2026-03-15 23:40:50 - mkk_pika - database.py:245 - INFO - ['第1集']
2026-03-15 23:40:51 - mkk_pika - main.py:348 - INFO - ==================== 漫画信息 ====================
                                   漫画ID：5821a1365f6b9a4f93eefbb5
                                   标题：[魔劍个人汉化] [LordDaemon785] Demon Breeding
                                   作者：LordDaemon785
                                   是否完结：是
                                   总页数：47
                                   分类：同人,短篇,全彩,非人類
                                   章节数：1
                                   最后更新时间：2012-07-01T16:47:06.000Z
                                   =================================================
2026-03-15 23:40:51 - mkk_pika - database.py:101 - INFO - 保存成功：[魔劍个人汉化] [LordDaemon785] Demon Breeding
2026-03-15 23:40:51 - mkk_pika - main.py:35 - INFO - 开始检查[童貞未泯漢化] [宮野金太郎] ようこそ！潮吹き海岸海水欲情 (たのしいB地区) [DL版]是否存在未下载章节
2026-03-15 23:40:51 - mkk_pika - main.py:45 - INFO - 正在下载:[[童貞未泯漢化] [宮野金太郎] ようこそ！潮吹き海岸海水欲情 (たのしいB地区) [DL版]]-[宮野金太郎]-[['短篇', '全彩']]-[total_pages:10]
2026-03-15 23:40:51 - mkk_pika - main.py:49 - INFO - [{'_id': '5821a1375f6b9a4f93eefc19', 'title': '第1集', 'order': 1, 'updated_at': '2016-11-08T09:56:07.516Z', 'id': '5821a1375f6b9a4f93eefc19'}]
2026-03-15 23:40:51 - mkk_pika - database.py:215 - INFO - 第一次下载该漫画，记录数据库中
2026-03-15 23:40:52 - mkk_pika - main.py:83 - INFO - 找到 10 张图片在:第1集
2026-03-15 23:40:52 - mkk_pika - main.py:112 - INFO - [episode:第1集       ] downloaded:    10, total:  10, progress:100%
2026-03-15 23:40:52 - mkk_pika - database.py:238 - INFO - 数据库更新已下载章节
2026-03-15 23:40:52 - mkk_pika - database.py:244 - INFO - 该漫画已下载章节如下
2026-03-15 23:40:52 - mkk_pika - database.py:245 - INFO - ['第1集']
2026-03-15 23:40:53 - mkk_pika - main.py:348 - INFO - ==================== 漫画信息 ====================
                                   漫画ID：5821a1375f6b9a4f93eefc17
                                   标题：[童貞未泯漢化] [宮野金太郎] ようこそ！潮吹き海岸海水欲情 (たのしいB地区) [DL版]
                                   作者：宮野金太郎
                                   是否完结：是
                                   总页数：10
                                   分类：短篇,全彩
                                   章节数：1
                                   最后更新时间：2012-07-02T02:47:06.000Z
                                   =================================================
2026-03-15 23:40:53 - mkk_pika - database.py:101 - INFO - 保存成功：[童貞未泯漢化] [宮野金太郎] ようこそ！潮吹き海岸海水欲情 (たのしいB地区) [DL版]
2026-03-15 23:40:53 - mkk_pika - main.py:35 - INFO - 开始检查[koolo個人漢化] [娘。帝國 (える)] 司令官…またですか？(艦隊これくしょん -艦これ-) [DL版]是否存在未下载章节
2026-03-15 23:40:53 - mkk_pika - main.py:45 - INFO - 正在下载:[[koolo個人漢化] [娘。帝國 (える)] 司令官…またですか？(艦隊これくしょん -艦これ-) [DL版]]-[娘。帝國 (える)]-[['同人', '短篇', '艦隊收藏']]-[total_pages:22]
2026-03-15 23:40:53 - mkk_pika - main.py:49 - INFO - [{'_id': '5821a1385f6b9a4f93eefc7b', 'title': '第1集', 'order': 1, 'updated_at': '2016-11-08T09:56:08.861Z', 'id': '5821a1385f6b9a4f93eefc7b'}]
2026-03-15 23:40:53 - mkk_pika - database.py:215 - INFO - 第一次下载该漫画，记录数据库中
2026-03-15 23:40:54 - mkk_pika - main.py:83 - INFO - 找到 22 张图片在:第1集
2026-03-15 23:40:55 - mkk_pika - main.py:112 - INFO - [episode:第1集       ] downloaded:    22, total:  22, progress:100%
2026-03-15 23:40:55 - mkk_pika - database.py:238 - INFO - 数据库更新已下载章节
2026-03-15 23:40:55 - mkk_pika - database.py:244 - INFO - 该漫画已下载章节如下
2026-03-15 23:40:55 - mkk_pika - database.py:245 - INFO - ['第1集']
2026-03-15 23:40:56 - mkk_pika - main.py:348 - INFO - ==================== 漫画信息 ====================
                                   漫画ID：5821a1385f6b9a4f93eefc79
                                   标题：[koolo個人漢化] [娘。帝國 (える)] 司令官…またですか？(艦隊これくしょん -艦これ-) [DL版]
                                   作者：娘。帝國 (える)
                                   是否完结：是
                                   总页数：22
                                   分类：同人,短篇,艦隊收藏
                                   章节数：1
                                   最后更新时间：2012-07-02T22:47:06.000Z
                                   =================================================
2026-03-15 23:40:56 - mkk_pika - database.py:101 - INFO - 保存成功：[koolo個人漢化] [娘。帝國 (える)] 司令官…またですか？(艦隊これくしょん -艦これ-) [DL版]
2026-03-15 23:40:56 - mkk_pika - main.py:35 - INFO - 开始检查誰も起きてはならぬ 前編(COMIC阿吽 2015年12月号)是否存在未下载章节
2026-03-15 23:40:56 - mkk_pika - main.py:45 - INFO - 正在下载:[誰も起きてはならぬ 前編(COMIC阿吽 2015年12月号)]-[師走の翁]-[['短篇', 'NTR', '強暴']]-[total_pages:72]
2026-03-15 23:40:56 - mkk_pika - main.py:49 - INFO - [{'_id': '5821a13a5f6b9a4f93eefcff', 'title': '第1集', 'order': 1, 'updated_at': '2016-11-08T09:56:10.526Z', 'id': '5821a13a5f6b9a4f93eefcff'}, {'_id': '5821a13b5f6b9a4f93eefd63', 'title': '第2集', 'order': 2, 'updated_at': '2016-11-08T09:56:11.013Z', 'id': '5821a13b5f6b9a4f93eefd63'}]
2026-03-15 23:40:56 - mkk_pika - database.py:215 - INFO - 第一次下载该漫画，记录数据库中
2026-03-15 23:40:57 - mkk_pika - main.py:83 - INFO - 找到 49 张图片在:第1集
2026-03-15 23:40:58 - mkk_pika - main.py:112 - INFO - [episode:第1集       ] downloaded:    49, total:  49, progress:100%
2026-03-15 23:40:58 - mkk_pika - database.py:238 - INFO - 数据库更新已下载章节
2026-03-15 23:40:58 - mkk_pika - database.py:244 - INFO - 该漫画已下载章节如下
2026-03-15 23:40:58 - mkk_pika - database.py:245 - INFO - ['第1集']
2026-03-15 23:41:00 - mkk_pika - main.py:83 - INFO - 找到 23 张图片在:第2集
2026-03-15 23:41:00 - mkk_pika - main.py:112 - INFO - [episode:第2集       ] downloaded:    23, total:  23, progress:100%
2026-03-15 23:41:00 - mkk_pika - database.py:238 - INFO - 数据库更新已下载章节
2026-03-15 23:41:00 - mkk_pika - database.py:244 - INFO - 该漫画已下载章节如下
2026-03-15 23:41:00 - mkk_pika - database.py:245 - INFO - ['第1集', '第2集']
2026-03-15 23:41:01 - mkk_pika - main.py:348 - INFO - ==================== 漫画信息 ====================
                                   漫画ID：5821a13a5f6b9a4f93eefcfd
                                   标题：誰も起きてはならぬ 前編(COMIC阿吽 2015年12月号)
                                   作者：師走の翁
                                   是否完结：否
                                   总页数：72
                                   分类：短篇,NTR,強暴
                                   章节数：2
                                   最后更新时间：2012-07-04T04:47:06.000Z
                                   =================================================
2026-03-15 23:41:01 - mkk_pika - database.py:101 - INFO - 保存成功：誰も起きてはならぬ 前編(COMIC阿吽 2015年12月号)
2026-03-15 23:41:01 - mkk_pika - main.py:35 - INFO - 开始检查 [TYPE.90] 媚痴な母穴是否存在未下载章节
2026-03-15 23:41:02 - mkk_pika - main.py:45 - INFO - 正在下载:[ [TYPE.90] 媚痴な母穴]-[TYPE.90]-[['長篇']]-[total_pages:202]
2026-03-15 23:41:02 - mkk_pika - main.py:49 - INFO - [{'_id': '5821a13b5f6b9a4f93eefd95', 'title': '第1集', 'order': 1, 'updated_at': '2016-11-08T09:56:11.433Z', 'id': '5821a13b5f6b9a4f93eefd95'}]
2026-03-15 23:41:02 - mkk_pika - database.py:215 - INFO - 第一次下载该漫画，记录数据库中
2026-03-15 23:41:04 - mkk_pika - main.py:83 - INFO - 找到 202 张图片在:第1集
2026-03-15 23:41:12 - mkk_pika - main.py:112 - INFO - [episode:第1集       ] downloaded:   202, total: 202, progress:100%
2026-03-15 23:41:12 - mkk_pika - database.py:238 - INFO - 数据库更新已下载章节
2026-03-15 23:41:12 - mkk_pika - database.py:244 - INFO - 该漫画已下载章节如下
2026-03-15 23:41:12 - mkk_pika - database.py:245 - INFO - ['第1集']
2026-03-15 23:41:13 - mkk_pika - main.py:348 - INFO - ==================== 漫画信息 ====================
                                   漫画ID：5821a13b5f6b9a4f93eefd93
                                   标题： [TYPE.90] 媚痴な母穴
                                   作者：TYPE.90
                                   是否完结：是
                                   总页数：202
                                   分类：長篇
                                   章节数：1
                                   最后更新时间：2012-07-04T14:47:06.000Z
                                   =================================================
2026-03-15 23:41:13 - mkk_pika - database.py:101 - INFO - 保存成功： [TYPE.90] 媚痴な母穴
2026-03-15 23:41:13 - mkk_pika - main.py:35 - INFO - 开始检查 [灯ひでかず] 幽らぶ・魂ちぇると是否存在未下载章节
2026-03-15 23:41:14 - mkk_pika - main.py:45 - INFO - 正在下载:[ [灯ひでかず] 幽らぶ・魂ちぇると]-[灯ひでかず]-[['長篇']]-[total_pages:196]
2026-03-15 23:41:14 - mkk_pika - main.py:49 - INFO - [{'_id': '5821a13c5f6b9a4f93eeff2d', 'title': '第1集', 'order': 1, 'updated_at': '2016-11-08T09:56:12.484Z', 'id': '5821a13c5f6b9a4f93eeff2d'}]
2026-03-15 23:41:14 - mkk_pika - database.py:215 - INFO - 第一次下载该漫画，记录数据库中
2026-03-15 23:41:15 - mkk_pika - main.py:83 - INFO - 找到 196 张图片在:第1集
2026-03-15 23:41:19 - mkk_pika - main.py:112 - INFO - [episode:第1集       ] downloaded:   196, total: 196, progress:100%
2026-03-15 23:41:19 - mkk_pika - database.py:238 - INFO - 数据库更新已下载章节
2026-03-15 23:41:19 - mkk_pika - database.py:244 - INFO - 该漫画已下载章节如下
2026-03-15 23:41:19 - mkk_pika - database.py:245 - INFO - ['第1集']
2026-03-15 23:41:21 - mkk_pika - main.py:348 - INFO - ==================== 漫画信息 ====================
                                   漫画ID：5821a13c5f6b9a4f93eeff2b
                                   标题： [灯ひでかず] 幽らぶ・魂ちぇると
                                   作者：灯ひでかず
                                   是否完结：是
                                   总页数：196
                                   分类：長篇
                                   章节数：1
                                   最后更新时间：2012-07-05T00:47:06.000Z
                                   =================================================
2026-03-15 23:41:21 - mkk_pika - database.py:101 - INFO - 保存成功： [灯ひでかず] 幽らぶ・魂ちぇると
2026-03-15 23:41:21 - mkk_pika - main.py:35 - INFO - 开始检查[汉化] [ジョン湿地王] 水着処女+1是否存在未下载章节
2026-03-15 23:41:21 - mkk_pika - main.py:45 - INFO - 正在下载:[[汉化] [ジョン湿地王] 水着処女+1]-[ジョン湿地王]-[['長篇', '後宮閃光']]-[total_pages:248]
2026-03-15 23:41:21 - mkk_pika - main.py:49 - INFO - [{'_id': '5821a13d5f6b9a4f93ef00b9', 'title': '第1集', 'order': 1, 'updated_at': '2016-11-08T09:56:13.937Z', 'id': '5821a13d5f6b9a4f93ef00b9'}]
2026-03-15 23:41:21 - mkk_pika - database.py:215 - INFO - 第一次下载该漫画，记录数据库中
2026-03-15 23:41:23 - mkk_pika - main.py:83 - INFO - 找到 248 张图片在:第1集
2026-03-15 23:41:32 - mkk_pika - main.py:112 - INFO - [episode:第1集       ] downloaded:   248, total: 248, progress:100%
2026-03-15 23:41:32 - mkk_pika - database.py:238 - INFO - 数据库更新已下载章节
2026-03-15 23:41:32 - mkk_pika - database.py:244 - INFO - 该漫画已下载章节如下
2026-03-15 23:41:32 - mkk_pika - database.py:245 - INFO - ['第1集']
2026-03-15 23:41:33 - mkk_pika - main.py:348 - INFO - ==================== 漫画信息 ====================
                                   漫画ID：5821a13d5f6b9a4f93ef00b7
                                   标题：[汉化] [ジョン湿地王] 水着処女+1
                                   作者：ジョン湿地王
                                   是否完结：是
                                   总页数：248
                                   分类：長篇,後宮閃光
                                   章节数：1
                                   最后更新时间：2012-07-05T10:47:06.000Z
                                   =================================================
2026-03-15 23:41:33 - mkk_pika - database.py:101 - INFO - 保存成功：[汉化] [ジョン湿地王] 水着処女+1
2026-03-15 23:41:33 - mkk_pika - main.py:35 - INFO - 开始检查[無邪気漢化組] [ズッキーニ] ふどうさん物語 (COMIC夢幻転生 2014年6月号) [MJK-15-Z210]是否存在未下载章节
2026-03-15 23:41:34 - mkk_pika - main.py:45 - INFO - 正在下载:[[無邪気漢化組] [ズッキーニ] ふどうさん物語 (COMIC夢幻転生 2014年6月号) [MJK-15-Z210]]-[ズッキーニ]-[['短篇']]-[total_pages:32]
2026-03-15 23:41:34 - mkk_pika - main.py:49 - INFO - [{'_id': '5821a13f5f6b9a4f93ef02ad', 'title': '第1集', 'order': 1, 'updated_at': '2016-11-08T09:56:15.748Z', 'id': '5821a13f5f6b9a4f93ef02ad'}]
2026-03-15 23:41:34 - mkk_pika - database.py:215 - INFO - 第一次下载该漫画，记录数据库中
2026-03-15 23:41:34 - mkk_pika - main.py:83 - INFO - 找到 32 张图片在:第1集
2026-03-15 23:41:35 - mkk_pika - main.py:112 - INFO - [episode:第1集       ] downloaded:    32, total:  32, progress:100%
2026-03-15 23:41:35 - mkk_pika - database.py:238 - INFO - 数据库更新已下载章节
2026-03-15 23:41:35 - mkk_pika - database.py:244 - INFO - 该漫画已下载章节如下
2026-03-15 23:41:35 - mkk_pika - database.py:245 - INFO - ['第1集']
2026-03-15 23:41:36 - mkk_pika - main.py:348 - INFO - ==================== 漫画信息 ====================
                                   漫画ID：5821a13f5f6b9a4f93ef02ab
                                   标题：[無邪気漢化組] [ズッキーニ] ふどうさん物語 (COMIC夢幻転生 2014年6月号) [MJK-15-Z210]
                                   作者：ズッキーニ
                                   是否完结：是
                                   总页数：32
                                   分类：短篇
                                   章节数：1
                                   最后更新时间：2012-07-05T20:47:06.000Z
                                   =================================================
2026-03-15 23:41:36 - mkk_pika - database.py:101 - INFO - 保存成功：[無邪気漢化組] [ズッキーニ] ふどうさん物語 (COMIC夢幻転生 2014年6月号) [MJK-15-Z210]
2026-03-15 23:41:36 - mkk_pika - main.py:35 - INFO - 开始检查 [瀨奈陽太郞] センパイ注意報 (COMIC 桃姫 2005年8月号)是否存在未下载章节
2026-03-15 23:41:36 - mkk_pika - main.py:45 - INFO - 正在下载:[ [瀨奈陽太郞] センパイ注意報 (COMIC 桃姫 2005年8月号)]-[瀨奈陽太郞]-[['短篇', '性轉換']]-[total_pages:18]
2026-03-15 23:41:36 - mkk_pika - main.py:49 - INFO - [{'_id': '5821a1405f6b9a4f93ef02f1', 'title': '第1集', 'order': 1, 'updated_at': '2016-11-08T09:56:16.190Z', 'id': '5821a1405f6b9a4f93ef02f1'}]
2026-03-15 23:41:36 - mkk_pika - database.py:215 - INFO - 第一次下载该漫画，记录数据库中
2026-03-15 23:41:37 - mkk_pika - main.py:83 - INFO - 找到 18 张图片在:第1集
2026-03-15 23:41:37 - mkk_pika - main.py:112 - INFO - [episode:第1集       ] downloaded:    18, total:  18, progress:100%
2026-03-15 23:41:37 - mkk_pika - database.py:238 - INFO - 数据库更新已下载章节
2026-03-15 23:41:37 - mkk_pika - database.py:244 - INFO - 该漫画已下载章节如下
2026-03-15 23:41:37 - mkk_pika - database.py:245 - INFO - ['第1集']
2026-03-15 23:41:39 - mkk_pika - main.py:348 - INFO - ==================== 漫画信息 ====================
                                   漫画ID：5821a13f5f6b9a4f93ef02ef
                                   标题： [瀨奈陽太郞] センパイ注意報 (COMIC 桃姫 2005年8月号)
                                   作者：瀨奈陽太郞
                                   是否完结：否
                                   总页数：18
                                   分类：短篇,性轉換
                                   章节数：1
                                   最后更新时间：2012-07-06T06:47:06.000Z
                                   =================================================
2026-03-15 23:41:39 - mkk_pika - database.py:101 - INFO - 保存成功： [瀨奈陽太郞] センパイ注意報 (COMIC 桃姫 2005年8月号)
2026-03-15 23:41:39 - mkk_pika - main.py:35 - INFO - 开始检查[魔劍个人汉化] [孫陽州] 絶望妊娠騎士物語 (二次元コミックマガジン リア充美少女たちを孕ませ妊娠! Vol.1)是否存在未下载章节
2026-03-15 23:41:39 - mkk_pika - main.py:45 - INFO - 正在下载:[[魔劍个人汉化] [孫陽州] 絶望妊娠騎士物語 (二次元コミックマガジン リア充美少女たちを孕ませ妊娠! Vol.1)]-[孫陽州]-[['短篇', 'NTR']]-[total_pages:20]
2026-03-15 23:41:39 - mkk_pika - main.py:49 - INFO - [{'_id': '5821a1405f6b9a4f93ef0319', 'title': '第1集', 'order': 1, 'updated_at': '2016-11-08T09:56:16.772Z', 'id': '5821a1405f6b9a4f93ef0319'}]
2026-03-15 23:41:39 - mkk_pika - database.py:215 - INFO - 第一次下载该漫画，记录数据库中
2026-03-15 23:41:40 - mkk_pika - main.py:83 - INFO - 找到 20 张图片在:第1集
2026-03-15 23:41:40 - mkk_pika - main.py:112 - INFO - [episode:第1集       ] downloaded:    20, total:  20, progress:100%
2026-03-15 23:41:40 - mkk_pika - database.py:238 - INFO - 数据库更新已下载章节
2026-03-15 23:41:40 - mkk_pika - database.py:244 - INFO - 该漫画已下载章节如下
2026-03-15 23:41:40 - mkk_pika - database.py:245 - INFO - ['第1集']
2026-03-15 23:41:41 - mkk_pika - main.py:348 - INFO - ==================== 漫画信息 ====================
                                   漫画ID：5821a1405f6b9a4f93ef0317
                                   标题：[魔劍个人汉化] [孫陽州] 絶望妊娠騎士物語 (二次元コミックマガジン リア充美少女たちを孕ませ妊娠! Vol.1)
                                   作者：孫陽州
                                   是否完结：是
                                   总页数：20
                                   分类：短篇,NTR
                                   章节数：1
                                   最后更新时间：2012-07-06T16:47:06.000Z
                                   =================================================
2026-03-15 23:41:41 - mkk_pika - database.py:101 - INFO - 保存成功：[魔劍个人汉化] [孫陽州] 絶望妊娠騎士物語 (二次元コミックマガジン リア充美少女たちを孕ませ妊娠! Vol.1)
2026-03-15 23:41:41 - mkk_pika - main.py:35 - INFO - 开始检查(Futaket 2) [Yomosue Doukoukai (Geshou Ichirou)] THE OMNIVOUS 20 [Chinese]是否存在未下载章节
2026-03-15 23:41:42 - mkk_pika - main.py:45 - INFO - 正在下载:[(Futaket 2) [Yomosue Doukoukai (Geshou Ichirou)] THE OMNIVOUS 20 [Chinese]]-[gesho ichirou]-[['短篇', '扶他樂園']]-[total_pages:41]
2026-03-15 23:41:42 - mkk_pika - main.py:49 - INFO - [{'_id': '5821a1415f6b9a4f93ef0345', 'title': '第1集', 'order': 1, 'updated_at': '2016-11-08T09:56:17.158Z', 'id': '5821a1415f6b9a4f93ef0345'}]
2026-03-15 23:41:42 - mkk_pika - database.py:215 - INFO - 第一次下载该漫画，记录数据库中
2026-03-15 23:41:42 - mkk_pika - main.py:83 - INFO - 找到 41 张图片在:第1集
2026-03-15 23:41:43 - mkk_pika - main.py:112 - INFO - [episode:第1集       ] downloaded:    41, total:  41, progress:100%
2026-03-15 23:41:43 - mkk_pika - database.py:238 - INFO - 数据库更新已下载章节
2026-03-15 23:41:43 - mkk_pika - database.py:244 - INFO - 该漫画已下载章节如下
2026-03-15 23:41:43 - mkk_pika - database.py:245 - INFO - ['第1集']
2026-03-15 23:41:45 - mkk_pika - main.py:348 - INFO - ==================== 漫画信息 ====================
                                   漫画ID：5821a1405f6b9a4f93ef0343
                                   标题：(Futaket 2) [Yomosue Doukoukai (Geshou Ichirou)] THE OMNIVOUS 20 [Chinese]
                                   作者：gesho ichirou
                                   是否完结：是
                                   总页数：41
                                   分类：短篇,扶他樂園
                                   章节数：1
                                   最后更新时间：2012-07-07T02:47:06.000Z
                                   =================================================
2026-03-15 23:41:45 - mkk_pika - database.py:101 - INFO - 保存成功：(Futaket 2) [Yomosue Doukoukai (Geshou Ichirou)] THE OMNIVOUS 20 [Chinese]
2026-03-15 23:41:45 - mkk_pika - main.py:35 - INFO - 开始检查[環々唯] えっちスケッチ是否存在未下载章节
2026-03-15 23:41:45 - mkk_pika - main.py:45 - INFO - 正在下载:[[環々唯] えっちスケッチ]-[環々唯]-[['長篇', '純愛']]-[total_pages:201]
2026-03-15 23:41:45 - mkk_pika - main.py:49 - INFO - [{'_id': '5821a1475f6b9a4f93ef0661', 'title': '第1集', 'order': 1, 'updated_at': '2016-11-08T09:56:23.308Z', 'id': '5821a1475f6b9a4f93ef0661'}]
2026-03-15 23:41:45 - mkk_pika - database.py:215 - INFO - 第一次下载该漫画，记录数据库中
2026-03-15 23:41:47 - mkk_pika - main.py:83 - INFO - 找到 201 张图片在:第1集
2026-03-15 23:41:51 - mkk_pika - main.py:112 - INFO - [episode:第1集       ] downloaded:   201, total: 201, progress:100%
2026-03-15 23:41:51 - mkk_pika - database.py:238 - INFO - 数据库更新已下载章节
2026-03-15 23:41:51 - mkk_pika - database.py:244 - INFO - 该漫画已下载章节如下
2026-03-15 23:41:51 - mkk_pika - database.py:245 - INFO - ['第1集']
2026-03-15 23:41:53 - mkk_pika - main.py:348 - INFO - ==================== 漫画信息 ====================
                                   漫画ID：5821a1465f6b9a4f93ef065f
                                   标题：[環々唯] えっちスケッチ
                                   作者：環々唯
                                   是否完结：是
                                   总页数：201
                                   分类：長篇,純愛
                                   章节数：1
                                   最后更新时间：2012-07-08T18:47:06.000Z
                                   =================================================
2026-03-15 23:41:53 - mkk_pika - database.py:101 - INFO - 保存成功：[環々唯] えっちスケッチ
2026-03-15 23:41:53 - mkk_pika - main.py:35 - INFO - 开始检查织田non的合集上部是否存在未下载章节
2026-03-15 23:41:53 - mkk_pika - main.py:45 - INFO - 正在下载:[织田non的合集上部]-[织田non]-[['人妻', '短篇', '全彩', '強暴', '足の恋']]-[total_pages:77]
2026-03-15 23:41:53 - mkk_pika - main.py:49 - INFO - [{'_id': '5821a16c5f6b9a4f93ef1857', 'title': '第1集', 'order': 1, 'updated_at': '2016-11-08T09:57:00.166Z', 'id': '5821a16c5f6b9a4f93ef1857'}, {'_id': '5821a16c5f6b9a4f93ef1865', 'title': '第2集', 'order': 2, 'updated_at': '2016-11-08T09:57:00.706Z', 'id': '5821a16c5f6b9a4f93ef1865'}, {'_id': '5821a16d5f6b9a4f93ef1873', 'title': '第3集', 'order': 3, 'updated_at': '2016-11-08T09:57:01.004Z', 'id': '5821a16d5f6b9a4f93ef1873'}, {'_id': '5821a16d5f6b9a4f93ef1887', 'title': '第4集', 'order': 4, 'updated_at': '2016-11-08T09:57:01.323Z', 'id': '5821a16d5f6b9a4f93ef1887'}, {'_id': '5821a16d5f6b9a4f93ef1899', 'title': '第5集', 'order': 5, 'updated_at': '2016-11-08T09:57:01.643Z', 'id': '5821a16d5f6b9a4f93ef1899'}, {'_id': '5821a16d5f6b9a4f93ef18ad', 'title': '第6集', 'order': 6, 'updated_at': '2016-11-08T09:57:01.965Z', 'id': '5821a16d5f6b9a4f93ef18ad'}, {'_id': '5821a16e5f6b9a4f93ef18c7', 'title': '第7集', 'order': 7, 'updated_at': '2016-11-08T09:57:02.337Z', 'id': '5821a16e5f6b9a4f93ef18c7'}, {'_id': '5821a16e5f6b9a4f93ef18d9', 'title': '第8集', 'order': 8, 'updated_at': '2016-11-08T09:57:02.618Z', 'id': '5821a16e5f6b9a4f93ef18d9'}, {'_id': '5821a16f5f6b9a4f93ef18eb', 'title': '第9集', 'order': 9, 'updated_at': '2016-11-08T09:57:03.166Z', 'id': '5821a16f5f6b9a4f93ef18eb'}]
2026-03-15 23:41:53 - mkk_pika - database.py:215 - INFO - 第一次下载该漫画，记录数据库中
2026-03-15 23:41:53 - mkk_pika - main.py:83 - INFO - 找到 6 张图片在:第1集
2026-03-15 23:41:54 - mkk_pika - main.py:112 - INFO - [episode:第1集       ] downloaded:     6, total:   6, progress:100%
2026-03-15 23:41:54 - mkk_pika - database.py:238 - INFO - 数据库更新已下载章节
2026-03-15 23:41:54 - mkk_pika - database.py:244 - INFO - 该漫画已下载章节如下
2026-03-15 23:41:54 - mkk_pika - database.py:245 - INFO - ['第1集']
2026-03-15 23:41:55 - mkk_pika - main.py:83 - INFO - 找到 6 张图片在:第2集
2026-03-15 23:41:55 - mkk_pika - main.py:112 - INFO - [episode:第2集       ] downloaded:     6, total:   6, progress:100%
2026-03-15 23:41:55 - mkk_pika - database.py:238 - INFO - 数据库更新已下载章节
2026-03-15 23:41:55 - mkk_pika - database.py:244 - INFO - 该漫画已下载章节如下
2026-03-15 23:41:55 - mkk_pika - database.py:245 - INFO - ['第1集', '第2集']
2026-03-15 23:41:57 - mkk_pika - main.py:83 - INFO - 找到 9 张图片在:第3集
2026-03-15 23:41:57 - mkk_pika - main.py:112 - INFO - [episode:第3集       ] downloaded:     9, total:   9, progress:100%
2026-03-15 23:41:57 - mkk_pika - database.py:238 - INFO - 数据库更新已下载章节
2026-03-15 23:41:57 - mkk_pika - database.py:244 - INFO - 该漫画已下载章节如下
2026-03-15 23:41:57 - mkk_pika - database.py:245 - INFO - ['第1集', '第2集', '第3集']
2026-03-15 23:41:59 - mkk_pika - main.py:83 - INFO - 找到 8 张图片在:第4集
2026-03-15 23:41:59 - mkk_pika - main.py:112 - INFO - [episode:第4集       ] downloaded:     8, total:   8, progress:100%
2026-03-15 23:41:59 - mkk_pika - database.py:238 - INFO - 数据库更新已下载章节
2026-03-15 23:41:59 - mkk_pika - database.py:244 - INFO - 该漫画已下载章节如下
2026-03-15 23:41:59 - mkk_pika - database.py:245 - INFO - ['第1集', '第2集', '第3集', '第4集']
2026-03-15 23:42:00 - mkk_pika - main.py:83 - INFO - 找到 9 张图片在:第5集
2026-03-15 23:42:01 - mkk_pika - main.py:112 - INFO - [episode:第5集       ] downloaded:     9, total:   9, progress:100%
2026-03-15 23:42:01 - mkk_pika - database.py:238 - INFO - 数据库更新已下载章节
2026-03-15 23:42:01 - mkk_pika - database.py:244 - INFO - 该漫画已下载章节如下
2026-03-15 23:42:01 - mkk_pika - database.py:245 - INFO - ['第1集', '第2集', '第3集', '第4集', '第5集']
2026-03-15 23:42:02 - mkk_pika - main.py:83 - INFO - 找到 12 张图片在:第6集
2026-03-15 23:42:03 - mkk_pika - main.py:112 - INFO - [episode:第6集       ] downloaded:    12, total:  12, progress:100%
2026-03-15 23:42:03 - mkk_pika - database.py:238 - INFO - 数据库更新已下载章节
2026-03-15 23:42:03 - mkk_pika - database.py:244 - INFO - 该漫画已下载章节如下
2026-03-15 23:42:03 - mkk_pika - database.py:245 - INFO - ['第1集', '第2集', '第3集', '第4集', '第5集', '第6集']
2026-03-15 23:42:04 - mkk_pika - main.py:83 - INFO - 找到 8 张图片在:第7集
2026-03-15 23:42:04 - mkk_pika - main.py:112 - INFO - [episode:第7集       ] downloaded:     8, total:   8, progress:100%
2026-03-15 23:42:04 - mkk_pika - database.py:238 - INFO - 数据库更新已下载章节
2026-03-15 23:42:04 - mkk_pika - database.py:244 - INFO - 该漫画已下载章节如下
2026-03-15 23:42:04 - mkk_pika - database.py:245 - INFO - ['第1集', '第2集', '第3集', '第4集', '第5集', '第6集', '第7集']
2026-03-15 23:42:06 - mkk_pika - main.py:83 - INFO - 找到 8 张图片在:第8集
2026-03-15 23:42:06 - mkk_pika - main.py:112 - INFO - [episode:第8集       ] downloaded:     8, total:   8, progress:100%
2026-03-15 23:42:06 - mkk_pika - database.py:238 - INFO - 数据库更新已下载章节
2026-03-15 23:42:06 - mkk_pika - database.py:244 - INFO - 该漫画已下载章节如下
2026-03-15 23:42:06 - mkk_pika - database.py:245 - INFO - ['第1集', '第2集', '第3集', '第4集', '第5集', '第6集', '第7集', '第8集']
2026-03-15 23:42:08 - mkk_pika - main.py:83 - INFO - 找到 11 张图片在:第9集
2026-03-15 23:42:08 - mkk_pika - main.py:112 - INFO - [episode:第9集       ] downloaded:    11, total:  11, progress:100%
2026-03-15 23:42:08 - mkk_pika - database.py:238 - INFO - 数据库更新已下载章节
2026-03-15 23:42:08 - mkk_pika - database.py:244 - INFO - 该漫画已下载章节如下
2026-03-15 23:42:08 - mkk_pika - database.py:245 - INFO - ['第1集', '第2集', '第3集', '第4集', '第5集', '第6集', '第7集', '第8集', '第9集']
2026-03-15 23:42:09 - mkk_pika - main.py:348 - INFO - ==================== 漫画信息 ====================
                                   漫画ID：5821a16b5f6b9a4f93ef1855
                                   标题：织田non的合集上部
                                   作者：织田non
                                   是否完结：否
                                   总页数：77
                                   分类：人妻,短篇,全彩,強暴,足の恋
                                   章节数：9
                                   最后更新时间：2012-07-12T02:47:06.000Z
                                   =================================================
2026-03-15 23:42:09 - mkk_pika - database.py:101 - INFO - 保存成功：织田non的合集上部
2026-03-15 23:42:09 - mkk_pika - main.py:35 - INFO - 开始检查恋色フラグメント是否存在未下载章节
2026-03-15 23:42:10 - mkk_pika - main.py:45 - INFO - 正在下载:[恋色フラグメント]-[六壱]-[['長篇', '後宮閃光', '姐姐系', '妹妹系', '純愛']]-[total_pages:216]
2026-03-15 23:42:10 - mkk_pika - main.py:49 - INFO - [{'_id': '5821a1705f6b9a4f93ef1993', 'title': '第1集', 'order': 1, 'updated_at': '2016-11-08T09:57:04.823Z', 'id': '5821a1705f6b9a4f93ef1993'}]
2026-03-15 23:42:10 - mkk_pika - database.py:215 - INFO - 第一次下载该漫画，记录数据库中
2026-03-15 23:42:12 - mkk_pika - main.py:83 - INFO - 找到 216 张图片在:第1集
2026-03-15 23:42:16 - mkk_pika - main.py:112 - INFO - [episode:第1集       ] downloaded:   216, total: 216, progress:100%
2026-03-15 23:42:16 - mkk_pika - database.py:238 - INFO - 数据库更新已下载章节
2026-03-15 23:42:16 - mkk_pika - database.py:244 - INFO - 该漫画已下载章节如下
2026-03-15 23:42:16 - mkk_pika - database.py:245 - INFO - ['第1集']
2026-03-15 23:42:17 - mkk_pika - main.py:348 - INFO - ==================== 漫画信息 ====================
                                   漫画ID：5821a1705f6b9a4f93ef1991
                                   标题：恋色フラグメント
                                   作者：六壱
                                   是否完结：是
                                   总页数：216
                                   分类：長篇,後宮閃光,姐姐系,妹妹系,純愛
                                   章节数：1
                                   最后更新时间：2012-07-13T18:47:06.000Z
                                   =================================================
2026-03-15 23:42:17 - mkk_pika - database.py:101 - INFO - 保存成功：恋色フラグメント
2026-03-15 23:42:17 - mkk_pika - main.py:35 - INFO - 开始检查母子性活是否存在未下载章节
2026-03-15 23:42:18 - mkk_pika - main.py:45 - INFO - 正在下载:[母子性活]-[M-Works (三顕人)]-[['人妻', '短篇', '全彩']]-[total_pages:18]
2026-03-15 23:42:18 - mkk_pika - main.py:49 - INFO - [{'_id': '5f11c98ccc6a122d2a46fc5f', 'title': '第1話', 'order': 1, 'updated_at': '2020-07-17T15:51:50.455Z', 'id': '5f11c98ccc6a122d2a46fc5f'}]
2026-03-15 23:42:18 - mkk_pika - database.py:215 - INFO - 第一次下载该漫画，记录数据库中
2026-03-15 23:42:18 - mkk_pika - main.py:83 - INFO - 找到 18 张图片在:第1話
2026-03-15 23:42:19 - mkk_pika - main.py:112 - INFO - [episode:第1話       ] downloaded:    18, total:  18, progress:100%
2026-03-15 23:42:19 - mkk_pika - database.py:238 - INFO - 数据库更新已下载章节
2026-03-15 23:42:19 - mkk_pika - database.py:244 - INFO - 该漫画已下载章节如下
2026-03-15 23:42:19 - mkk_pika - database.py:245 - INFO - ['第1話']
2026-03-15 23:42:20 - mkk_pika - main.py:348 - INFO - ==================== 漫画信息 ====================
                                   漫画ID：5821a1725f6b9a4f93ef1b45
                                   标题：母子性活
                                   作者：M-Works (三顕人)
                                   是否完结：是
                                   总页数：18
                                   分类：人妻,短篇,全彩
                                   章节数：1
                                   最后更新时间：2012-07-14T04:47:06.000Z
                                   =================================================
2026-03-15 23:42:20 - mkk_pika - database.py:101 - INFO - 保存成功：母子性活
2026-03-15 23:42:20 - mkk_pika - main.py:35 - INFO - 开始检查鬼の湯是否存在未下载章节
2026-03-15 23:42:20 - mkk_pika - main.py:45 - INFO - 正在下载:[鬼の湯]-[おぶまんじゅう (obmas)]-[['短篇', '非人類', '純愛']]-[total_pages:27]
2026-03-15 23:42:20 - mkk_pika - main.py:49 - INFO - [{'_id': '5821a1735f6b9a4f93ef1b6f', 'title': '第1集', 'order': 1, 'updated_at': '2016-11-08T09:57:07.299Z', 'id': '5821a1735f6b9a4f93ef1b6f'}]
2026-03-15 23:42:20 - mkk_pika - database.py:215 - INFO - 第一次下载该漫画，记录数据库中
2026-03-15 23:42:21 - mkk_pika - main.py:83 - INFO - 找到 27 张图片在:第1集
2026-03-15 23:42:22 - mkk_pika - main.py:112 - INFO - [episode:第1集       ] downloaded:    27, total:  27, progress:100%
2026-03-15 23:42:22 - mkk_pika - database.py:238 - INFO - 数据库更新已下载章节
2026-03-15 23:42:22 - mkk_pika - database.py:244 - INFO - 该漫画已下载章节如下
2026-03-15 23:42:22 - mkk_pika - database.py:245 - INFO - ['第1集']
2026-03-15 23:42:23 - mkk_pika - main.py:348 - INFO - ==================== 漫画信息 ====================
                                   漫画ID：5821a1725f6b9a4f93ef1b6d
                                   标题：鬼の湯
                                   作者：おぶまんじゅう (obmas)
                                   是否完结：是
                                   总页数：27
                                   分类：短篇,非人類,純愛
                                   章节数：1
                                   最后更新时间：2012-07-14T14:47:06.000Z
                                   =================================================
2026-03-15 23:42:23 - mkk_pika - database.py:101 - INFO - 保存成功：鬼の湯
2026-03-15 23:42:23 - mkk_pika - main.py:35 - INFO - 开始检查食欲全開！ (食戟之靈) 是否存在未下载章节
2026-03-15 23:42:23 - mkk_pika - main.py:45 - INFO - 正在下载:[食欲全開！ (食戟之靈) ]-[ たくみな無知 (たくみなむち)]-[['同人', '短篇', '強暴']]-[total_pages:36]
2026-03-15 23:42:23 - mkk_pika - main.py:49 - INFO - [{'_id': '5821a1735f6b9a4f93ef1ba9', 'title': '第1集', 'order': 1, 'updated_at': '2016-11-08T09:57:07.685Z', 'id': '5821a1735f6b9a4f93ef1ba9'}]
2026-03-15 23:42:23 - mkk_pika - database.py:215 - INFO - 第一次下载该漫画，记录数据库中
2026-03-15 23:42:24 - mkk_pika - main.py:83 - INFO - 找到 36 张图片在:第1集
2026-03-15 23:42:25 - mkk_pika - main.py:112 - INFO - [episode:第1集       ] downloaded:    36, total:  36, progress:100%
2026-03-15 23:42:25 - mkk_pika - database.py:238 - INFO - 数据库更新已下载章节
2026-03-15 23:42:25 - mkk_pika - database.py:244 - INFO - 该漫画已下载章节如下
2026-03-15 23:42:25 - mkk_pika - database.py:245 - INFO - ['第1集']
2026-03-15 23:42:26 - mkk_pika - main.py:348 - INFO - ==================== 漫画信息 ====================
                                   漫画ID：5821a1735f6b9a4f93ef1ba7
                                   标题：食欲全開！ (食戟之靈) 
                                   作者： たくみな無知 (たくみなむち)
                                   是否完结：是
                                   总页数：36
                                   分类：同人,短篇,強暴
                                   章节数：1
                                   最后更新时间：2012-07-15T00:47:06.000Z
                                   =================================================
2026-03-15 23:42:26 - mkk_pika - database.py:101 - INFO - 保存成功：食欲全開！ (食戟之靈) 
2026-03-15 23:42:26 - mkk_pika - main.py:35 - INFO - 开始检查(C86) [影霧 (みかげ )]正妻空母ノススメ(艦隊これくしょん -艦これ-)(chinese)[年糕汉化组]是否存在未下载章节
2026-03-15 23:42:26 - mkk_pika - main.py:45 - INFO - 正在下载:[(C86) [影霧 (みかげ )]正妻空母ノススメ(艦隊これくしょん -艦これ-)(chinese)[年糕汉化组]]-[影霧 (みかげ )]-[['同人', '短篇', '艦隊收藏']]-[total_pages:24]
2026-03-15 23:42:26 - mkk_pika - main.py:49 - INFO - [{'_id': '5821a1745f6b9a4f93ef1bf5', 'title': '第1集', 'order': 1, 'updated_at': '2016-11-08T09:57:08.319Z', 'id': '5821a1745f6b9a4f93ef1bf5'}]
2026-03-15 23:42:26 - mkk_pika - database.py:215 - INFO - 第一次下载该漫画，记录数据库中
2026-03-15 23:42:27 - mkk_pika - main.py:83 - INFO - 找到 24 张图片在:第1集
2026-03-15 23:42:27 - mkk_pika - main.py:112 - INFO - [episode:第1集       ] downloaded:    24, total:  24, progress:100%
2026-03-15 23:42:27 - mkk_pika - database.py:238 - INFO - 数据库更新已下载章节
2026-03-15 23:42:27 - mkk_pika - database.py:244 - INFO - 该漫画已下载章节如下
2026-03-15 23:42:27 - mkk_pika - database.py:245 - INFO - ['第1集']
2026-03-15 23:42:29 - mkk_pika - main.py:348 - INFO - ==================== 漫画信息 ====================
                                   漫画ID：5821a1735f6b9a4f93ef1bf3
                                   标题：(C86) [影霧 (みかげ )]正妻空母ノススメ(艦隊これくしょん -艦これ-)(chinese)[年糕汉化组]
                                   作者：影霧 (みかげ )
                                   是否完结：是
                                   总页数：24
                                   分类：同人,短篇,艦隊收藏
                                   章节数：1
                                   最后更新时间：2012-07-15T10:47:06.000Z
                                   =================================================
2026-03-15 23:42:29 - mkk_pika - database.py:101 - INFO - 保存成功：(C86) [影霧 (みかげ )]正妻空母ノススメ(艦隊これくしょん -艦これ-)(chinese)[年糕汉化组]
2026-03-15 23:42:29 - mkk_pika - main.py:35 - INFO - 开始检查やらせてギャル子ちゃん (告訴我！辣妹子醬) 是否存在未下载章节
2026-03-15 23:42:29 - mkk_pika - main.py:45 - INFO - 正在下载:[やらせてギャル子ちゃん (告訴我！辣妹子醬) ]-[雷神会 (はるきゲにあ)]-[['同人', '短篇']]-[total_pages:24]
2026-03-15 23:42:29 - mkk_pika - main.py:49 - INFO - [{'_id': '5fc90994a03a64100a9cbf84', 'title': '第1話', 'order': 1, 'updated_at': '2020-12-03T15:48:58.646Z', 'id': '5fc90994a03a64100a9cbf84'}]
2026-03-15 23:42:29 - mkk_pika - database.py:215 - INFO - 第一次下载该漫画，记录数据库中
2026-03-15 23:42:29 - mkk_pika - main.py:83 - INFO - 找到 24 张图片在:第1話
2026-03-15 23:42:30 - mkk_pika - main.py:112 - INFO - [episode:第1話       ] downloaded:    24, total:  24, progress:100%
2026-03-15 23:42:30 - mkk_pika - database.py:238 - INFO - 数据库更新已下载章节
2026-03-15 23:42:30 - mkk_pika - database.py:244 - INFO - 该漫画已下载章节如下
2026-03-15 23:42:30 - mkk_pika - database.py:245 - INFO - ['第1話']
2026-03-15 23:42:31 - mkk_pika - main.py:348 - INFO - ==================== 漫画信息 ====================
                                   漫画ID：5821a1745f6b9a4f93ef1c27
                                   标题：やらせてギャル子ちゃん (告訴我！辣妹子醬) 
                                   作者：雷神会 (はるきゲにあ)
                                   是否完结：是
                                   总页数：24
                                   分类：同人,短篇
                                   章节数：1
                                   最后更新时间：2012-07-15T20:47:06.000Z
                                   =================================================
2026-03-15 23:42:31 - mkk_pika - database.py:101 - INFO - 保存成功：やらせてギャル子ちゃん (告訴我！辣妹子醬) 
2026-03-15 23:42:31 - mkk_pika - main.py:35 - INFO - 开始检查[CE家族社][Mugen@WORKS (Akiduki Akina)] Taigei-chan kara Hokyuu Shitai! (Kantai Collection) [Digital]是否存在未下载章节
2026-03-15 23:42:32 - mkk_pika - main.py:45 - INFO - 正在下载:[[CE家族社][Mugen@WORKS (Akiduki Akina)] Taigei-chan kara Hokyuu Shitai! (Kantai Collection) [Digital]]-[Mugen@WORKS (Akiduki Akina)]-[['同人', '短篇', '艦隊收藏']]-[total_pages:30]
2026-03-15 23:42:32 - mkk_pika - main.py:49 - INFO - [{'_id': '5821a1755f6b9a4f93ef1c5d', 'title': '第1集', 'order': 1, 'updated_at': '2016-11-08T09:57:09.290Z', 'id': '5821a1755f6b9a4f93ef1c5d'}]
2026-03-15 23:42:32 - mkk_pika - database.py:215 - INFO - 第一次下载该漫画，记录数据库中
2026-03-15 23:42:32 - mkk_pika - main.py:83 - INFO - 找到 30 张图片在:第1集
2026-03-15 23:42:33 - mkk_pika - main.py:112 - INFO - [episode:第1集       ] downloaded:    30, total:  30, progress:100%
2026-03-15 23:42:33 - mkk_pika - database.py:238 - INFO - 数据库更新已下载章节
2026-03-15 23:42:33 - mkk_pika - database.py:244 - INFO - 该漫画已下载章节如下
2026-03-15 23:42:33 - mkk_pika - database.py:245 - INFO - ['第1集']
2026-03-15 23:42:34 - mkk_pika - main.py:348 - INFO - ==================== 漫画信息 ====================
                                   漫画ID：5821a1755f6b9a4f93ef1c5b
                                   标题：[CE家族社][Mugen@WORKS (Akiduki Akina)] Taigei-chan kara Hokyuu Shitai! (Kantai Collection) [Digital]
                                   作者：Mugen@WORKS (Akiduki Akina)
                                   是否完结：是
                                   总页数：30
                                   分类：同人,短篇,艦隊收藏
                                   章节数：1
                                   最后更新时间：2012-07-16T06:47:06.000Z
                                   =================================================
2026-03-15 23:42:34 - mkk_pika - database.py:101 - INFO - 保存成功：[CE家族社][Mugen@WORKS (Akiduki Akina)] Taigei-chan kara Hokyuu Shitai! (Kantai Collection) [Digital]
2026-03-15 23:42:34 - mkk_pika - main.py:35 - INFO - 开始检查[漢化](C86) [In The Sky (中乃空)] コンハルうえでぃんぐ (艦隊これくしょん-艦これ-)是否存在未下载章节
2026-03-15 23:42:34 - mkk_pika - main.py:45 - INFO - 正在下载:[[漢化](C86) [In The Sky (中乃空)] コンハルうえでぃんぐ (艦隊これくしょん-艦これ-)]-[In The Sky (中乃空)]-[['同人', '短篇', '艦隊收藏', '後宮閃光']]-[total_pages:27]
2026-03-15 23:42:34 - mkk_pika - main.py:49 - INFO - [{'_id': '5821a1755f6b9a4f93ef1c9d', 'title': '第1集', 'order': 1, 'updated_at': '2016-11-08T09:57:09.994Z', 'id': '5821a1755f6b9a4f93ef1c9d'}]
2026-03-15 23:42:34 - mkk_pika - database.py:215 - INFO - 第一次下载该漫画，记录数据库中
2026-03-15 23:42:35 - mkk_pika - main.py:83 - INFO - 找到 27 张图片在:第1集
2026-03-15 23:42:36 - mkk_pika - main.py:112 - INFO - [episode:第1集       ] downloaded:    27, total:  27, progress:100%
2026-03-15 23:42:36 - mkk_pika - database.py:238 - INFO - 数据库更新已下载章节
2026-03-15 23:42:36 - mkk_pika - database.py:244 - INFO - 该漫画已下载章节如下
2026-03-15 23:42:36 - mkk_pika - database.py:245 - INFO - ['第1集']
2026-03-15 23:42:37 - mkk_pika - main.py:348 - INFO - ==================== 漫画信息 ====================
                                   漫画ID：5821a1755f6b9a4f93ef1c9b
                                   标题：[漢化](C86) [In The Sky (中乃空)] コンハルうえでぃんぐ (艦隊これくしょん-艦これ-)
                                   作者：In The Sky (中乃空)
                                   是否完结：是
                                   总页数：27
                                   分类：同人,短篇,艦隊收藏,後宮閃光
                                   章节数：1
                                   最后更新时间：2012-07-16T16:47:06.000Z
                                   =================================================
2026-03-15 23:42:37 - mkk_pika - database.py:101 - INFO - 保存成功：[漢化](C86) [In The Sky (中乃空)] コンハルうえでぃんぐ (艦隊これくしょん-艦これ-)
2026-03-15 23:42:37 - mkk_pika - main.py:35 - INFO - 开始检查[脸肿汉化组] [peachpulsar (みら)]OLさんがおっぱいだけでいっちゃう漫画是否存在未下载章节
2026-03-15 23:42:37 - mkk_pika - main.py:45 - INFO - 正在下载:[[脸肿汉化组] [peachpulsar (みら)]OLさんがおっぱいだけでいっちゃう漫画]-[peachpulsar (みら)]-[['短篇', '百合花園', '純愛']]-[total_pages:39]
2026-03-15 23:42:37 - mkk_pika - main.py:49 - INFO - [{'_id': '5821a1765f6b9a4f93ef1cd7', 'title': '第1集', 'order': 1, 'updated_at': '2016-11-08T09:57:10.452Z', 'id': '5821a1765f6b9a4f93ef1cd7'}]
2026-03-15 23:42:37 - mkk_pika - database.py:215 - INFO - 第一次下载该漫画，记录数据库中
2026-03-15 23:42:38 - mkk_pika - main.py:83 - INFO - 找到 39 张图片在:第1集
2026-03-15 23:42:39 - mkk_pika - main.py:112 - INFO - [episode:第1集       ] downloaded:    39, total:  39, progress:100%
2026-03-15 23:42:39 - mkk_pika - database.py:238 - INFO - 数据库更新已下载章节
2026-03-15 23:42:39 - mkk_pika - database.py:244 - INFO - 该漫画已下载章节如下
2026-03-15 23:42:39 - mkk_pika - database.py:245 - INFO - ['第1集']
2026-03-15 23:42:40 - mkk_pika - main.py:348 - INFO - ==================== 漫画信息 ====================
                                   漫画ID：5821a1765f6b9a4f93ef1cd5
                                   标题：[脸肿汉化组] [peachpulsar (みら)]OLさんがおっぱいだけでいっちゃう漫画
                                   作者：peachpulsar (みら)
                                   是否完结：是
                                   总页数：39
                                   分类：短篇,百合花園,純愛
                                   章节数：1
                                   最后更新时间：2012-07-17T02:47:06.000Z
                                   =================================================
2026-03-15 23:42:40 - mkk_pika - database.py:101 - INFO - 保存成功：[脸肿汉化组] [peachpulsar (みら)]OLさんがおっぱいだけでいっちゃう漫画
2026-03-15 23:42:40 - mkk_pika - main.py:35 - INFO - 开始检查[只有一隻海豹的海豹漢化組] (C86) [むうんるうらあ (月野定規)] フタナリ武蔵_改 (艦隊これくしょん-艦これ-)是否存在未下载章节
2026-03-15 23:42:40 - mkk_pika - main.py:45 - INFO - 正在下载:[[只有一隻海豹的海豹漢化組] (C86) [むうんるうらあ (月野定規)] フタナリ武蔵_改 (艦隊これくしょん-艦これ-)]-[むうんるうらあ (月野定規)]-[['同人', '短篇', '艦隊收藏', '扶他樂園']]-[total_pages:9]
2026-03-15 23:42:40 - mkk_pika - main.py:49 - INFO - [{'_id': '5821a1775f6b9a4f93ef1d29', 'title': '第1集', 'order': 1, 'updated_at': '2016-11-08T09:57:11.021Z', 'id': '5821a1775f6b9a4f93ef1d29'}]
2026-03-15 23:42:40 - mkk_pika - database.py:215 - INFO - 第一次下载该漫画，记录数据库中
2026-03-15 23:42:41 - mkk_pika - main.py:83 - INFO - 找到 9 张图片在:第1集
2026-03-15 23:42:41 - mkk_pika - main.py:112 - INFO - [episode:第1集       ] downloaded:     9, total:   9, progress:100%
2026-03-15 23:42:41 - mkk_pika - database.py:238 - INFO - 数据库更新已下载章节
2026-03-15 23:42:41 - mkk_pika - database.py:244 - INFO - 该漫画已下载章节如下
2026-03-15 23:42:41 - mkk_pika - database.py:245 - INFO - ['第1集']
2026-03-15 23:42:42 - mkk_pika - main.py:348 - INFO - ==================== 漫画信息 ====================
                                   漫画ID：5821a1765f6b9a4f93ef1d27
                                   标题：[只有一隻海豹的海豹漢化組] (C86) [むうんるうらあ (月野定規)] フタナリ武蔵_改 (艦隊これくしょん-艦これ-)
                                   作者：むうんるうらあ (月野定規)
                                   是否完结：是
                                   总页数：9
                                   分类：同人,短篇,艦隊收藏,扶他樂園
                                   章节数：1
                                   最后更新时间：2012-07-17T12:47:06.000Z
                                   =================================================
2026-03-15 23:42:42 - mkk_pika - database.py:101 - INFO - 保存成功：[只有一隻海豹的海豹漢化組] (C86) [むうんるうらあ (月野定規)] フタナリ武蔵_改 (艦隊これくしょん-艦これ-)
2026-03-15 23:42:42 - mkk_pika - main.py:35 - INFO - 开始检查[RSV个人汉化] [Louis＆Visee] むずむずローズイヤー是否存在未下载章节
2026-03-15 23:42:43 - mkk_pika - main.py:45 - INFO - 正在下载:[[RSV个人汉化] [Louis＆Visee] むずむずローズイヤー]-[Louis＆Visee]-[['短篇']]-[total_pages:10]
2026-03-15 23:42:43 - mkk_pika - main.py:49 - INFO - [{'_id': '5821a17a5f6b9a4f93ef1e57', 'title': '第1集', 'order': 1, 'updated_at': '2016-11-08T09:57:14.295Z', 'id': '5821a17a5f6b9a4f93ef1e57'}]
2026-03-15 23:42:43 - mkk_pika - database.py:215 - INFO - 第一次下载该漫画，记录数据库中
2026-03-15 23:42:43 - mkk_pika - main.py:83 - INFO - 找到 10 张图片在:第1集
2026-03-15 23:42:43 - mkk_pika - main.py:112 - INFO - [episode:第1集       ] downloaded:    10, total:  10, progress:100%
2026-03-15 23:42:43 - mkk_pika - database.py:238 - INFO - 数据库更新已下载章节
2026-03-15 23:42:43 - mkk_pika - database.py:244 - INFO - 该漫画已下载章节如下
2026-03-15 23:42:43 - mkk_pika - database.py:245 - INFO - ['第1集']
2026-03-15 23:42:45 - mkk_pika - main.py:348 - INFO - ==================== 漫画信息 ====================
                                   漫画ID：5821a17a5f6b9a4f93ef1e55
                                   标题：[RSV个人汉化] [Louis＆Visee] むずむずローズイヤー
                                   作者：Louis＆Visee
                                   是否完结：是
                                   总页数：10
                                   分类：短篇
                                   章节数：1
                                   最后更新时间：2012-07-19T04:47:06.000Z
                                   =================================================
2026-03-15 23:42:45 - mkk_pika - database.py:101 - INFO - 保存成功：[RSV个人汉化] [Louis＆Visee] むずむずローズイヤー
2026-03-15 23:42:45 - mkk_pika - main.py:35 - INFO - 开始检查迷える子羊 (獣DIRECT)是否存在未下载章节
2026-03-15 23:42:45 - mkk_pika - main.py:45 - INFO - 正在下载:[迷える子羊 (獣DIRECT)]-[H9]-[['短篇', '非人類']]-[total_pages:19]
2026-03-15 23:42:45 - mkk_pika - main.py:49 - INFO - [{'_id': '5821a17b5f6b9a4f93ef1e6f', 'title': '第1集', 'order': 1, 'updated_at': '2016-11-08T09:57:15.018Z', 'id': '5821a17b5f6b9a4f93ef1e6f'}]
2026-03-15 23:42:45 - mkk_pika - database.py:215 - INFO - 第一次下载该漫画，记录数据库中
2026-03-15 23:42:45 - mkk_pika - main.py:83 - INFO - 找到 19 张图片在:第1集
2026-03-15 23:42:46 - mkk_pika - main.py:112 - INFO - [episode:第1集       ] downloaded:    19, total:  19, progress:100%
2026-03-15 23:42:46 - mkk_pika - database.py:238 - INFO - 数据库更新已下载章节
2026-03-15 23:42:46 - mkk_pika - database.py:244 - INFO - 该漫画已下载章节如下
2026-03-15 23:42:46 - mkk_pika - database.py:245 - INFO - ['第1集']
2026-03-15 23:42:47 - mkk_pika - main.py:348 - INFO - ==================== 漫画信息 ====================
                                   漫画ID：5821a17a5f6b9a4f93ef1e6d
                                   标题：迷える子羊 (獣DIRECT)
                                   作者：H9
                                   是否完结：是
                                   总页数：19
                                   分类：短篇,非人類
                                   章节数：1
                                   最后更新时间：2012-07-19T14:47:06.000Z
                                   =================================================
2026-03-15 23:42:47 - mkk_pika - database.py:101 - INFO - 保存成功：迷える子羊 (獣DIRECT)
2026-03-15 23:42:47 - mkk_pika - main.py:35 - INFO - 开始检查[final個人漢化] [綿120パーセント (めんようじゃん)] タンジョウビに女の子と合体するのは夢だろうか (ダンジョンに出会いを求めるのは間違っているだろうか)是否存在未下载章节
2026-03-15 23:42:47 - mkk_pika - main.py:45 - INFO - 正在下载:[[final個人漢化] [綿120パーセント (めんようじゃん)] タンジョウビに女の子と合体するのは夢だろうか (ダンジョンに出会いを求めるのは間違っているだろうか)]-[綿120パーセント (めんようじゃん)]-[['同人', '短篇', '全彩', '後宮閃光']]-[total_pages:17]
2026-03-15 23:42:47 - mkk_pika - main.py:49 - INFO - [{'_id': '5821a17b5f6b9a4f93ef1e99', 'title': '第1集', 'order': 1, 'updated_at': '2016-11-08T09:57:15.659Z', 'id': '5821a17b5f6b9a4f93ef1e99'}]
2026-03-15 23:42:47 - mkk_pika - database.py:215 - INFO - 第一次下载该漫画，记录数据库中
2026-03-15 23:42:48 - mkk_pika - main.py:83 - INFO - 找到 17 张图片在:第1集
2026-03-15 23:42:48 - mkk_pika - main.py:112 - INFO - [episode:第1集       ] downloaded:    17, total:  17, progress:100%
2026-03-15 23:42:48 - mkk_pika - database.py:238 - INFO - 数据库更新已下载章节
2026-03-15 23:42:48 - mkk_pika - database.py:244 - INFO - 该漫画已下载章节如下
2026-03-15 23:42:48 - mkk_pika - database.py:245 - INFO - ['第1集']
2026-03-15 23:42:50 - mkk_pika - main.py:348 - INFO - ==================== 漫画信息 ====================
                                   漫画ID：5821a17b5f6b9a4f93ef1e97
                                   标题：[final個人漢化] [綿120パーセント (めんようじゃん)] タンジョウビに女の子と合体するのは夢だろうか (ダンジョンに出会いを求めるのは間違っているだろうか)
                                   作者：綿120パーセント (めんようじゃん)
                                   是否完结：是
                                   总页数：17
                                   分类：同人,短篇,全彩,後宮閃光
                                   章节数：1
                                   最后更新时间：2012-07-20T00:47:06.000Z
                                   =================================================
2026-03-15 23:42:50 - mkk_pika - database.py:101 - INFO - 保存成功：[final個人漢化] [綿120パーセント (めんようじゃん)] タンジョウビに女の子と合体するのは夢だろうか (ダンジョンに出会いを求めるのは間違っているだろうか)
2026-03-15 23:42:50 - mkk_pika - main.py:35 - INFO - 开始检查[汉化] (C86) [シュート・ザ・ムーン (フエタキシ)] 福山さんの中出しナース是否存在未下载章节
2026-03-15 23:42:50 - mkk_pika - main.py:45 - INFO - 正在下载:[[汉化] (C86) [シュート・ザ・ムーン (フエタキシ)] 福山さんの中出しナース]-[シュート・ザ・ムーン (フエタキシ)]-[['同人', '短篇']]-[total_pages:32]
2026-03-15 23:42:50 - mkk_pika - main.py:49 - INFO - [{'_id': '5821a17c5f6b9a4f93ef1ebf', 'title': '第1集', 'order': 1, 'updated_at': '2016-11-08T09:57:16.042Z', 'id': '5821a17c5f6b9a4f93ef1ebf'}]
2026-03-15 23:42:50 - mkk_pika - database.py:215 - INFO - 第一次下载该漫画，记录数据库中
2026-03-15 23:42:51 - mkk_pika - main.py:83 - INFO - 找到 32 张图片在:第1集
2026-03-15 23:42:51 - mkk_pika - main.py:112 - INFO - [episode:第1集       ] downloaded:    32, total:  32, progress:100%
2026-03-15 23:42:51 - mkk_pika - database.py:238 - INFO - 数据库更新已下载章节
2026-03-15 23:42:51 - mkk_pika - database.py:244 - INFO - 该漫画已下载章节如下
2026-03-15 23:42:51 - mkk_pika - database.py:245 - INFO - ['第1集']
2026-03-15 23:42:53 - mkk_pika - main.py:348 - INFO - ==================== 漫画信息 ====================
                                   漫画ID：5821a17b5f6b9a4f93ef1ebd
                                   标题：[汉化] (C86) [シュート・ザ・ムーン (フエタキシ)] 福山さんの中出しナース
                                   作者：シュート・ザ・ムーン (フエタキシ)
                                   是否完结：是
                                   总页数：32
                                   分类：同人,短篇
                                   章节数：1
                                   最后更新时间：2012-07-20T10:47:06.000Z
                                   =================================================
2026-03-15 23:42:53 - mkk_pika - database.py:101 - INFO - 保存成功：[汉化] (C86) [シュート・ザ・ムーン (フエタキシ)] 福山さんの中出しナース
2026-03-15 23:42:53 - mkk_pika - main.py:35 - INFO - 开始检查[若井いくお] Love Change (COMIC アンスリウム 025 2015年5月号)是否存在未下载章节
2026-03-15 23:42:53 - mkk_pika - main.py:45 - INFO - 正在下载:[[若井いくお] Love Change (COMIC アンスリウム 025 2015年5月号)]-[若井いくお]-[['短篇']]-[total_pages:20]
2026-03-15 23:42:53 - mkk_pika - main.py:49 - INFO - [{'_id': '5821a17c5f6b9a4f93ef1f03', 'title': '第1集', 'order': 1, 'updated_at': '2016-11-08T09:57:16.506Z', 'id': '5821a17c5f6b9a4f93ef1f03'}]
2026-03-15 23:42:53 - mkk_pika - database.py:215 - INFO - 第一次下载该漫画，记录数据库中
2026-03-15 23:42:53 - mkk_pika - main.py:83 - INFO - 找到 20 张图片在:第1集
2026-03-15 23:42:54 - mkk_pika - main.py:112 - INFO - [episode:第1集       ] downloaded:    20, total:  20, progress:100%
2026-03-15 23:42:54 - mkk_pika - database.py:238 - INFO - 数据库更新已下载章节
2026-03-15 23:42:54 - mkk_pika - database.py:244 - INFO - 该漫画已下载章节如下
2026-03-15 23:42:54 - mkk_pika - database.py:245 - INFO - ['第1集']
2026-03-15 23:42:55 - mkk_pika - main.py:348 - INFO - ==================== 漫画信息 ====================
                                   漫画ID：5821a17c5f6b9a4f93ef1f01
                                   标题：[若井いくお] Love Change (COMIC アンスリウム 025 2015年5月号)
                                   作者：若井いくお
                                   是否完结：是
                                   总页数：20
                                   分类：短篇
                                   章节数：1
                                   最后更新时间：2012-07-20T20:47:06.000Z
                                   =================================================
2026-03-15 23:42:55 - mkk_pika - database.py:101 - INFO - 保存成功：[若井いくお] Love Change (COMIC アンスリウム 025 2015年5月号)
2026-03-15 23:42:55 - mkk_pika - main.py:35 - INFO - 开始检查(漢化組漢化組#139) [たらぞお] 教えて先生是否存在未下载章节
2026-03-15 23:42:55 - mkk_pika - main.py:45 - INFO - 正在下载:[(漢化組漢化組#139) [たらぞお] 教えて先生]-[たらぞお]-[['短篇']]-[total_pages:20]
2026-03-15 23:42:55 - mkk_pika - main.py:49 - INFO - [{'_id': '5821a17d5f6b9a4f93ef1f2f', 'title': '第1集', 'order': 1, 'updated_at': '2016-11-08T09:57:17.150Z', 'id': '5821a17d5f6b9a4f93ef1f2f'}]
2026-03-15 23:42:55 - mkk_pika - database.py:215 - INFO - 第一次下载该漫画，记录数据库中
2026-03-15 23:42:56 - mkk_pika - main.py:83 - INFO - 找到 20 张图片在:第1集
2026-03-15 23:42:56 - mkk_pika - main.py:112 - INFO - [episode:第1集       ] downloaded:    20, total:  20, progress:100%
2026-03-15 23:42:56 - mkk_pika - database.py:238 - INFO - 数据库更新已下载章节
2026-03-15 23:42:56 - mkk_pika - database.py:244 - INFO - 该漫画已下载章节如下
2026-03-15 23:42:56 - mkk_pika - database.py:245 - INFO - ['第1集']
2026-03-15 23:42:58 - mkk_pika - main.py:348 - INFO - ==================== 漫画信息 ====================
                                   漫画ID：5821a17c5f6b9a4f93ef1f2d
                                   标题：(漢化組漢化組#139) [たらぞお] 教えて先生
                                   作者：たらぞお
                                   是否完结：是
                                   总页数：20
                                   分类：短篇
                                   章节数：1
                                   最后更新时间：2012-07-21T06:47:06.000Z
                                   =================================================
2026-03-15 23:42:58 - mkk_pika - database.py:101 - INFO - 保存成功：(漢化組漢化組#139) [たらぞお] 教えて先生
2026-03-15 23:42:58 - mkk_pika - main.py:35 - INFO - 开始检查[唯个人汉化][ねこめたる] おさかな門番さん (コミックアンリアル 2014年4月号 Vol.48)是否存在未下载章节
2026-03-15 23:42:58 - mkk_pika - main.py:45 - INFO - 正在下载:[[唯个人汉化][ねこめたる] おさかな門番さん (コミックアンリアル 2014年4月号 Vol.48)]-[ねこめたる]-[['短篇']]-[total_pages:16]
2026-03-15 23:42:58 - mkk_pika - main.py:49 - INFO - [{'_id': '5821a17d5f6b9a4f93ef1f5b', 'title': '第1集', 'order': 1, 'updated_at': '2016-11-08T09:57:17.557Z', 'id': '5821a17d5f6b9a4f93ef1f5b'}]
2026-03-15 23:42:58 - mkk_pika - database.py:215 - INFO - 第一次下载该漫画，记录数据库中
2026-03-15 23:42:59 - mkk_pika - main.py:83 - INFO - 找到 16 张图片在:第1集
2026-03-15 23:42:59 - mkk_pika - main.py:112 - INFO - [episode:第1集       ] downloaded:    16, total:  16, progress:100%
2026-03-15 23:42:59 - mkk_pika - database.py:238 - INFO - 数据库更新已下载章节
2026-03-15 23:42:59 - mkk_pika - database.py:244 - INFO - 该漫画已下载章节如下
2026-03-15 23:42:59 - mkk_pika - database.py:245 - INFO - ['第1集']
2026-03-15 23:43:00 - mkk_pika - main.py:348 - INFO - ==================== 漫画信息 ====================
                                   漫画ID：5821a17d5f6b9a4f93ef1f59
                                   标题：[唯个人汉化][ねこめたる] おさかな門番さん (コミックアンリアル 2014年4月号 Vol.48)
                                   作者：ねこめたる
                                   是否完结：是
                                   总页数：16
                                   分类：短篇
                                   章节数：1
                                   最后更新时间：2012-07-21T16:47:06.000Z
                                   =================================================
2026-03-15 23:43:00 - mkk_pika - database.py:101 - INFO - 保存成功：[唯个人汉化][ねこめたる] おさかな門番さん (コミックアンリアル 2014年4月号 Vol.48)
2026-03-15 23:43:00 - mkk_pika - main.py:35 - INFO - 开始检查催淫マレスター ~痴漢の園~是否存在未下载章节
2026-03-15 23:43:00 - mkk_pika - main.py:45 - INFO - 正在下载:[催淫マレスター ~痴漢の園~]-[らくじん]-[['長篇', '強暴']]-[total_pages:168]
2026-03-15 23:43:00 - mkk_pika - main.py:49 - INFO - [{'_id': '5821a1c85f6b9a4f93ef3fe5', 'title': '第1集', 'order': 1, 'updated_at': '2016-11-08T09:58:32.686Z', 'id': '5821a1c85f6b9a4f93ef3fe5'}]
2026-03-15 23:43:00 - mkk_pika - database.py:215 - INFO - 第一次下载该漫画，记录数据库中
2026-03-15 23:43:02 - mkk_pika - main.py:83 - INFO - 找到 168 张图片在:第1集
2026-03-15 23:43:06 - mkk_pika - main.py:112 - INFO - [episode:第1集       ] downloaded:   168, total: 168, progress:100%
2026-03-15 23:43:06 - mkk_pika - database.py:238 - INFO - 数据库更新已下载章节
2026-03-15 23:43:06 - mkk_pika - database.py:244 - INFO - 该漫画已下载章节如下
2026-03-15 23:43:06 - mkk_pika - database.py:245 - INFO - ['第1集']
2026-03-15 23:43:07 - mkk_pika - main.py:348 - INFO - ==================== 漫画信息 ====================
                                   漫画ID：5821a1c85f6b9a4f93ef3fe3
                                   标题：催淫マレスター ~痴漢の園~
                                   作者：らくじん
                                   是否完结：是
                                   总页数：168
                                   分类：長篇,強暴
                                   章节数：1
                                   最后更新时间：2012-08-05T16:47:06.000Z
                                   =================================================
2026-03-15 23:43:07 - mkk_pika - database.py:101 - INFO - 保存成功：催淫マレスター ~痴漢の園~
2026-03-15 23:43:07 - mkk_pika - main.py:35 - INFO - 开始检查でびるちぇりーぱい是否存在未下载章节
2026-03-15 23:43:07 - mkk_pika - main.py:45 - INFO - 正在下载:[でびるちぇりーぱい]-[アーセナル]-[['長篇', '後宮閃光', '非人類', '姐姐系']]-[total_pages:201]
2026-03-15 23:43:07 - mkk_pika - main.py:49 - INFO - [{'_id': '5821a1c95f6b9a4f93ef4139', 'title': '第1集', 'order': 1, 'updated_at': '2016-11-08T09:58:33.817Z', 'id': '5821a1c95f6b9a4f93ef4139'}]
2026-03-15 23:43:07 - mkk_pika - database.py:215 - INFO - 第一次下载该漫画，记录数据库中
2026-03-15 23:43:09 - mkk_pika - main.py:83 - INFO - 找到 201 张图片在:第1集
2026-03-15 23:43:14 - mkk_pika - main.py:112 - INFO - [episode:第1集       ] downloaded:   201, total: 201, progress:100%
2026-03-15 23:43:14 - mkk_pika - database.py:238 - INFO - 数据库更新已下载章节
2026-03-15 23:43:14 - mkk_pika - database.py:244 - INFO - 该漫画已下载章节如下
2026-03-15 23:43:14 - mkk_pika - database.py:245 - INFO - ['第1集']
2026-03-15 23:43:15 - mkk_pika - main.py:348 - INFO - ==================== 漫画信息 ====================
                                   漫画ID：5821a1c95f6b9a4f93ef4137
                                   标题：でびるちぇりーぱい
                                   作者：アーセナル
                                   是否完结：是
                                   总页数：201
                                   分类：長篇,後宮閃光,非人類,姐姐系
                                   章节数：1
                                   最后更新时间：2012-08-06T02:47:06.000Z
                                   =================================================
2026-03-15 23:43:15 - mkk_pika - database.py:101 - INFO - 保存成功：でびるちぇりーぱい
2026-03-15 23:43:15 - mkk_pika - main.py:380 - INFO - 本次任务下载完毕
2026-03-15 23:43:15 - mkk_pika - database.py:173 - INFO - 数据库连接已关闭
