2026-06-22 00:19:19 - mkk_pika - main.py:193 - INFO - =======================================================================
2026-06-22 00:19:19 - mkk_pika - database.py:61 - INFO - 表和索引初始化成功
2026-06-22 00:19:19 - mkk_pika - main.py:197 - INFO - 已经累计下载15725本漫画
2026-06-22 00:19:19 - mkk_pika - api.py:87 - INFO - 登录成功
2026-06-22 00:19:20 - mkk_pika - main.py:203 - INFO - 收藏夹共计0本漫画
2026-06-22 00:19:20 - mkk_pika - main.py:206 - INFO - 开始下载收藏夹内未下载内容
2026-06-22 00:19:20 - mkk_pika - main.py:266 - INFO - 收藏夹内容下载完毕
2026-06-22 00:19:20 - mkk_pika - main.py:268 - INFO - 开始下载订阅内容
2026-06-22 00:19:20 - mkk_pika - database.py:258 - INFO - 根据ID查询到标题：萝莉 -> 満子の恋（リトルガールストライク Vol.39）[DL版]
2026-06-22 00:19:21 - mkk_pika - database.py:101 - INFO - 保存成功：満子の恋（リトルガールストライク Vol.39）[DL版]
2026-06-22 00:19:21 - mkk_pika - main.py:273 - INFO - 关键词萝莉找到0本漫画
2026-06-22 00:19:21 - mkk_pika - database.py:258 - INFO - 根据ID查询到标题：蘿莉 -> 
2026-06-22 00:19:21 - mkk_pika - database.py:101 - INFO - 保存成功：sakura+tomoyo2.0（AI）
2026-06-22 00:19:21 - mkk_pika - main.py:273 - INFO - 关键词蘿莉找到19本漫画
2026-06-22 00:19:21 - mkk_pika - main.py:275 - INFO - 订阅内容共计19本漫画
2026-06-22 00:19:21 - mkk_pika - main.py:35 - INFO - 开始检查可愛い過keyる (ブルーアーカイブ)是否存在未下载章节
2026-06-22 00:19:22 - mkk_pika - main.py:45 - INFO - 正在下载:[可愛い過keyる (ブルーアーカイブ)]-[Beret_Cat]-[['同人', '短篇']]-[total_pages:-1]
2026-06-22 00:19:22 - mkk_pika - main.py:49 - INFO - [{'_id': '6a38168c1c4c745c0d901ded', 'title': '第1話', 'order': 1, 'updated_at': '2026-06-21T13:35:47.158Z', 'id': '6a38168c1c4c745c0d901ded'}]
2026-06-22 00:19:22 - mkk_pika - database.py:215 - INFO - 第一次下载该漫画，记录数据库中
2026-06-22 00:19:22 - mkk_pika - main.py:83 - INFO - 找到 28 张图片在:第1話
2026-06-22 00:19:23 - mkk_pika - main.py:112 - INFO - [episode:第1話       ] downloaded:    28, total:  28, progress:100%
2026-06-22 00:19:23 - mkk_pika - database.py:238 - INFO - 数据库更新已下载章节
2026-06-22 00:19:23 - mkk_pika - database.py:244 - INFO - 该漫画已下载章节如下
2026-06-22 00:19:23 - mkk_pika - database.py:245 - INFO - ['第1話']
2026-06-22 00:19:24 - mkk_pika - main.py:292 - INFO - ==================== 漫画信息 ====================
                                漫画ID：6a38168c1c4c745c0d901dec
                                标题：可愛い過keyる (ブルーアーカイブ)
                                作者：Beret_Cat
                                是否完结：是
                                总页数：28
                                分类：同人,短篇
                                章节数：1
                                最后更新时间：2026-06-21T16:51:24.650Z
                                =================================================
2026-06-22 00:19:24 - mkk_pika - database.py:101 - INFO - 保存成功：可愛い過keyる (ブルーアーカイブ)
2026-06-22 00:19:24 - mkk_pika - main.py:35 - INFO - 开始检查許婚のあかりと週末しっかり目のエッチをする話是否存在未下载章节
2026-06-22 00:19:25 - mkk_pika - main.py:45 - INFO - 正在下载:[許婚のあかりと週末しっかり目のエッチをする話]-[お絵かきおじさんランド (お絵かきおじさん)]-[['短篇']]-[total_pages:-1]
2026-06-22 00:19:25 - mkk_pika - main.py:49 - INFO - [{'_id': '6a36b844b863280a49c6a4c5', 'title': '第1話', 'order': 1, 'updated_at': '2026-06-20T07:36:47.223Z', 'id': '6a36b844b863280a49c6a4c5'}]
2026-06-22 00:19:25 - mkk_pika - database.py:215 - INFO - 第一次下载该漫画，记录数据库中
2026-06-22 00:19:25 - mkk_pika - main.py:83 - INFO - 找到 53 张图片在:第1話
2026-06-22 00:19:27 - mkk_pika - main.py:112 - INFO - [episode:第1話       ] downloaded:    53, total:  53, progress:100%
2026-06-22 00:19:27 - mkk_pika - database.py:238 - INFO - 数据库更新已下载章节
2026-06-22 00:19:27 - mkk_pika - database.py:244 - INFO - 该漫画已下载章节如下
2026-06-22 00:19:27 - mkk_pika - database.py:245 - INFO - ['第1話']
2026-06-22 00:19:28 - mkk_pika - main.py:292 - INFO - ==================== 漫画信息 ====================
                                漫画ID：6a36b844b863280a49c6a4c4
                                标题：許婚のあかりと週末しっかり目のエッチをする話
                                作者：お絵かきおじさんランド (お絵かきおじさん)
                                是否完结：是
                                总页数：53
                                分类：短篇
                                章节数：1
                                最后更新时间：2026-06-20T15:56:52.223Z
                                =================================================
2026-06-22 00:19:28 - mkk_pika - database.py:101 - INFO - 保存成功：許婚のあかりと週末しっかり目のエッチをする話
2026-06-22 00:19:28 - mkk_pika - main.py:35 - INFO - 开始检查いじめられっこ | 被戲弄的女孩子是否存在未下载章节
2026-06-22 00:19:29 - mkk_pika - main.py:45 - INFO - 正在下载:[いじめられっこ | 被戲弄的女孩子]-[藤崎ひかり]-[['長篇', '單行本']]-[total_pages:-1]
2026-06-22 00:19:29 - mkk_pika - main.py:49 - INFO - [{'_id': '6a36b6b96d9ba95274abfd16', 'title': '第1話', 'order': 1, 'updated_at': '2026-06-19T14:39:14.624Z', 'id': '6a36b6b96d9ba95274abfd16'}]
2026-06-22 00:19:29 - mkk_pika - database.py:215 - INFO - 第一次下载该漫画，记录数据库中
2026-06-22 00:19:30 - mkk_pika - main.py:83 - INFO - 找到 184 张图片在:第1話
2026-06-22 00:19:37 - mkk_pika - main.py:112 - INFO - [episode:第1話       ] downloaded:   184, total: 184, progress:100%
2026-06-22 00:19:37 - mkk_pika - database.py:238 - INFO - 数据库更新已下载章节
2026-06-22 00:19:37 - mkk_pika - database.py:244 - INFO - 该漫画已下载章节如下
2026-06-22 00:19:37 - mkk_pika - database.py:245 - INFO - ['第1話']
2026-06-22 00:19:38 - mkk_pika - main.py:292 - INFO - ==================== 漫画信息 ====================
                                漫画ID：6a36b6b96d9ba95274abfd15
                                标题：いじめられっこ | 被戲弄的女孩子
                                作者：藤崎ひかり
                                是否完结：否
                                总页数：184
                                分类：長篇,單行本
                                章节数：1
                                最后更新时间：2026-06-20T15:50:17.810Z
                                =================================================
2026-06-22 00:19:38 - mkk_pika - database.py:101 - INFO - 保存成功：いじめられっこ | 被戲弄的女孩子
2026-06-22 00:19:38 - mkk_pika - main.py:35 - INFO - 开始检查Summer Sail是否存在未下载章节
2026-06-22 00:19:38 - mkk_pika - main.py:45 - INFO - 正在下载:[Summer Sail]-[清宫凉]-[['短篇']]-[total_pages:-1]
2026-06-22 00:19:38 - mkk_pika - main.py:49 - INFO - [{'_id': '6a36b6830e412552c0852617', 'title': '第1話', 'order': 1, 'updated_at': '2026-06-19T14:30:47.702Z', 'id': '6a36b6830e412552c0852617'}]
2026-06-22 00:19:38 - mkk_pika - database.py:215 - INFO - 第一次下载该漫画，记录数据库中
2026-06-22 00:19:39 - mkk_pika - main.py:83 - INFO - 找到 29 张图片在:第1話
2026-06-22 00:19:40 - mkk_pika - main.py:112 - INFO - [episode:第1話       ] downloaded:    29, total:  29, progress:100%
2026-06-22 00:19:40 - mkk_pika - database.py:238 - INFO - 数据库更新已下载章节
2026-06-22 00:19:40 - mkk_pika - database.py:244 - INFO - 该漫画已下载章节如下
2026-06-22 00:19:40 - mkk_pika - database.py:245 - INFO - ['第1話']
2026-06-22 00:19:41 - mkk_pika - main.py:292 - INFO - ==================== 漫画信息 ====================
                                漫画ID：6a36b6830e412552c0852616
                                标题：Summer Sail
                                作者：清宫凉
                                是否完结：否
                                总页数：29
                                分类：短篇
                                章节数：1
                                最后更新时间：2026-06-20T15:49:23.699Z
                                =================================================
2026-06-22 00:19:41 - mkk_pika - database.py:101 - INFO - 保存成功：Summer Sail
2026-06-22 00:19:41 - mkk_pika - main.py:35 - INFO - 开始检查バイキンやっつけようね (デジタルぷにぺどッ! Vol.26)是否存在未下载章节
2026-06-22 00:19:41 - mkk_pika - database.py:203 - INFO - 查询数据库中是否已存在第1話
2026-06-22 00:19:41 - mkk_pika - main.py:51 - INFO - バイキンやっつけようね (デジタルぷにぺどッ! Vol.26)中没有可下载章节
2026-06-22 00:19:42 - mkk_pika - main.py:292 - INFO - ==================== 漫画信息 ====================
                                漫画ID：6a357eda266f271d15266420
                                标题：バイキンやっつけようね (デジタルぷにぺどッ! Vol.26)
                                作者：西葛西むにえる
                                是否完结：是
                                总页数：16
                                分类：短篇
                                章节数：1
                                最后更新时间：2026-06-19T17:39:38.848Z
                                =================================================
2026-06-22 00:19:42 - mkk_pika - database.py:101 - INFO - 保存成功：バイキンやっつけようね (デジタルぷにぺどッ! Vol.26)
2026-06-22 00:19:42 - mkk_pika - main.py:35 - INFO - 开始检查過激配信にゃんつちゃん (デジタルぷにぺどッ! Vol.27)是否存在未下载章节
2026-06-22 00:19:42 - mkk_pika - database.py:203 - INFO - 查询数据库中是否已存在第1話
2026-06-22 00:19:42 - mkk_pika - main.py:51 - INFO - 過激配信にゃんつちゃん (デジタルぷにぺどッ! Vol.27)中没有可下载章节
2026-06-22 00:19:42 - mkk_pika - main.py:292 - INFO - ==================== 漫画信息 ====================
                                漫画ID：6a357eca266f271d152663d0
                                标题：過激配信にゃんつちゃん (デジタルぷにぺどッ! Vol.27)
                                作者：麻婆ナス
                                是否完结：是
                                总页数：16
                                分类：短篇
                                章节数：1
                                最后更新时间：2026-06-19T17:39:22.637Z
                                =================================================
2026-06-22 00:19:42 - mkk_pika - database.py:101 - INFO - 保存成功：過激配信にゃんつちゃん (デジタルぷにぺどッ! Vol.27)
2026-06-22 00:19:42 - mkk_pika - main.py:35 - INFO - 开始检查ジュニアインターンシップえんなちゃん ファーストフード編 | 今天也要努力加油实习哦打工少女円奈酱快餐店篇是否存在未下载章节
2026-06-22 00:19:42 - mkk_pika - database.py:203 - INFO - 查询数据库中是否已存在第1話
2026-06-22 00:19:42 - mkk_pika - main.py:51 - INFO - ジュニアインターンシップえんなちゃん ファーストフード編 | 今天也要努力加油实习哦打工少女円奈酱快餐店篇中没有可下载章节
2026-06-22 00:19:43 - mkk_pika - main.py:292 - INFO - ==================== 漫画信息 ====================
                                漫画ID：6a15c34bc8ece96074819019
                                标题：ジュニアインターンシップえんなちゃん ファーストフード編 | 今天也要努力加油实习哦打工少女円奈酱快餐店篇
                                作者：むぎちょこストア (むぎちょこ)
                                是否完结：是
                                总页数：42
                                分类：短篇
                                章节数：1
                                最后更新时间：2026-05-26T15:59:07.332Z
                                =================================================
2026-06-22 00:19:43 - mkk_pika - database.py:101 - INFO - 保存成功：ジュニアインターンシップえんなちゃん ファーストフード編 | 今天也要努力加油实习哦打工少女円奈酱快餐店篇
2026-06-22 00:19:43 - mkk_pika - main.py:35 - INFO - 开始检查佐々木親子のHなたいけつ!! (アイドルマスター シンデレラガールズ)是否存在未下载章节
2026-06-22 00:19:43 - mkk_pika - database.py:203 - INFO - 查询数据库中是否已存在第1話
2026-06-22 00:19:43 - mkk_pika - database.py:203 - INFO - 查询数据库中是否已存在第2話
2026-06-22 00:19:43 - mkk_pika - database.py:203 - INFO - 查询数据库中是否已存在第2.5話
2026-06-22 00:19:43 - mkk_pika - main.py:51 - INFO - 佐々木親子のHなたいけつ!! (アイドルマスター シンデレラガールズ)中没有可下载章节
2026-06-22 00:19:43 - mkk_pika - main.py:292 - INFO - ==================== 漫画信息 ====================
                                漫画ID：68a07ec7942e93366c59e07e
                                标题：佐々木親子のHなたいけつ!! (アイドルマスター シンデレラガールズ)
                                作者：まんじゅうこわい (Pizaman)
                                是否完结：是
                                总页数：146
                                分类：同人,長篇
                                章节数：3
                                最后更新时间：2026-06-18T17:40:15.632Z
                                =================================================
2026-06-22 00:19:43 - mkk_pika - database.py:101 - INFO - 保存成功：佐々木親子のHなたいけつ!! (アイドルマスター シンデレラガールズ)
2026-06-22 00:19:43 - mkk_pika - main.py:35 - INFO - 开始检查真夜中の夜子さん 全集 無修正版是否存在未下载章节
2026-06-22 00:19:43 - mkk_pika - database.py:203 - INFO - 查询数据库中是否已存在單行本 轟媽無修正版
2026-06-22 00:19:43 - mkk_pika - database.py:203 - INFO - 查询数据库中是否已存在番外 LoLi-cow of the DEAD
2026-06-22 00:19:43 - mkk_pika - main.py:51 - INFO - 真夜中の夜子さん 全集 無修正版中没有可下载章节
2026-06-22 00:19:44 - mkk_pika - main.py:292 - INFO - ==================== 漫画信息 ====================
                                漫画ID：68652db67189ba087e074519
                                标题：真夜中の夜子さん 全集 無修正版
                                作者：砂漠
                                是否完结：是
                                总页数：224
                                分类：長篇,單行本,妹妹系,強暴,非人類,性轉換
                                章节数：2
                                最后更新时间：2025-07-02T13:01:42.105Z
                                =================================================
2026-06-22 00:19:44 - mkk_pika - database.py:101 - INFO - 保存成功：真夜中の夜子さん 全集 無修正版
2026-06-22 00:19:44 - mkk_pika - main.py:35 - INFO - 开始检查みけのとおでかけ是否存在未下载章节
2026-06-22 00:19:44 - mkk_pika - database.py:203 - INFO - 查询数据库中是否已存在第1話
2026-06-22 00:19:44 - mkk_pika - main.py:51 - INFO - みけのとおでかけ中没有可下载章节
2026-06-22 00:19:44 - mkk_pika - main.py:292 - INFO - ==================== 漫画信息 ====================
                                漫画ID：6a32ef73481bba1877c8d21e
                                标题：みけのとおでかけ
                                作者：ひやしてかためる (熊沢)
                                是否完结：是
                                总页数：32
                                分类：短篇,同人,純愛
                                章节数：1
                                最后更新时间：2026-06-17T19:03:15.509Z
                                =================================================
2026-06-22 00:19:44 - mkk_pika - database.py:101 - INFO - 保存成功：みけのとおでかけ
2026-06-22 00:19:44 - mkk_pika - main.py:35 - INFO - 开始检查 発情わんことマッチング是否存在未下载章节
2026-06-22 00:19:45 - mkk_pika - database.py:203 - INFO - 查询数据库中是否已存在第1話
2026-06-22 00:19:45 - mkk_pika - main.py:51 - INFO -  発情わんことマッチング中没有可下载章节
2026-06-22 00:19:45 - mkk_pika - main.py:292 - INFO - ==================== 漫画信息 ====================
                                漫画ID：6a32ef6d777d926280fd3fc1
                                标题： 発情わんことマッチング
                                作者：ANCHOR (武藤まと)
                                是否完结：是
                                总页数：49
                                分类：純愛,短篇,SM
                                章节数：1
                                最后更新时间：2026-06-17T19:03:09.916Z
                                =================================================
2026-06-22 00:19:45 - mkk_pika - database.py:101 - INFO - 保存成功： 発情わんことマッチング
2026-06-22 00:19:45 - mkk_pika - main.py:35 - INFO - 开始检查Closest Sister 最親密的妹妹 無修正版是否存在未下载章节
2026-06-22 00:19:45 - mkk_pika - database.py:203 - INFO - 查询数据库中是否已存在全彩轟媽無修正版
2026-06-22 00:19:45 - mkk_pika - main.py:51 - INFO - Closest Sister 最親密的妹妹 無修正版中没有可下载章节
2026-06-22 00:19:45 - mkk_pika - main.py:292 - INFO - ==================== 漫画信息 ====================
                                漫画ID：6a302e09d63d94165e94ab2b
                                标题：Closest Sister 最親密的妹妹 無修正版
                                作者：40010試作型
                                是否完结：是
                                总页数：35
                                分类：全彩,短篇,同人,妹妹系
                                章节数：1
                                最后更新时间：2026-06-15T16:53:29.408Z
                                =================================================
2026-06-22 00:19:45 - mkk_pika - database.py:101 - INFO - 保存成功：Closest Sister 最親密的妹妹 無修正版
2026-06-22 00:19:45 - mkk_pika - main.py:35 - INFO - 开始检查生まれてきてごめんなさい。是否存在未下载章节
2026-06-22 00:19:46 - mkk_pika - database.py:203 - INFO - 查询数据库中是否已存在第1話
2026-06-22 00:19:46 - mkk_pika - main.py:51 - INFO - 生まれてきてごめんなさい。中没有可下载章节
2026-06-22 00:19:46 - mkk_pika - main.py:292 - INFO - ==================== 漫画信息 ====================
                                漫画ID：6a32eeb2ebf35562923d666b
                                标题：生まれてきてごめんなさい。
                                作者：倫理がない (ユミキチ)
                                是否完结：是
                                总页数：60
                                分类：短篇
                                章节数：1
                                最后更新时间：2026-06-17T19:00:02.875Z
                                =================================================
2026-06-22 00:19:46 - mkk_pika - database.py:101 - INFO - 保存成功：生まれてきてごめんなさい。
2026-06-22 00:19:46 - mkk_pika - main.py:35 - INFO - 开始检查夏だ!!水着だ!!クロレラ観察部だ!! | 夏日!!泳装!!小球藻观察部!!是否存在未下载章节
2026-06-22 00:19:46 - mkk_pika - database.py:203 - INFO - 查询数据库中是否已存在第1話
2026-06-22 00:19:46 - mkk_pika - main.py:51 - INFO - 夏だ!!水着だ!!クロレラ観察部だ!! | 夏日!!泳装!!小球藻观察部!!中没有可下载章节
2026-06-22 00:19:46 - mkk_pika - main.py:292 - INFO - ==================== 漫画信息 ====================
                                漫画ID：6a318f717cb1d84bd5170d5f
                                标题：夏だ!!水着だ!!クロレラ観察部だ!! | 夏日!!泳装!!小球藻观察部!!
                                作者：ケモミミちゃん屋 (ーユがな)
                                是否完结：否
                                总页数：17
                                分类：短篇,同人,全彩
                                章节数：1
                                最后更新时间：2026-06-16T18:01:21.542Z
                                =================================================
2026-06-22 00:19:46 - mkk_pika - database.py:101 - INFO - 保存成功：夏だ!!水着だ!!クロレラ観察部だ!! | 夏日!!泳装!!小球藻观察部!!
2026-06-22 00:19:46 - mkk_pika - main.py:35 - INFO - 开始检查めろめろあばんちゅ〜る是否存在未下载章节
2026-06-22 00:19:47 - mkk_pika - database.py:203 - INFO - 查询数据库中是否已存在第1話
2026-06-22 00:19:47 - mkk_pika - main.py:51 - INFO - めろめろあばんちゅ〜る中没有可下载章节
2026-06-22 00:19:47 - mkk_pika - main.py:292 - INFO - ==================== 漫画信息 ====================
                                漫画ID：6a318f6522f6b2181c39d9a1
                                标题：めろめろあばんちゅ〜る
                                作者：ワンワンサワー (和野うみ)
                                是否完结：是
                                总页数：42
                                分类：短篇
                                章节数：1
                                最后更新时间：2026-06-16T18:01:09.107Z
                                =================================================
2026-06-22 00:19:47 - mkk_pika - database.py:101 - INFO - 保存成功：めろめろあばんちゅ〜る
2026-06-22 00:19:47 - mkk_pika - main.py:35 - INFO - 开始检查つるぺた!聖水party! | 贫乳白虎！圣水party！是否存在未下载章节
2026-06-22 00:19:47 - mkk_pika - database.py:203 - INFO - 查询数据库中是否已存在第1話
2026-06-22 00:19:47 - mkk_pika - main.py:51 - INFO - つるぺた!聖水party! | 贫乳白虎！圣水party！中没有可下载章节
2026-06-22 00:19:47 - mkk_pika - main.py:292 - INFO - ==================== 漫画信息 ====================
                                漫画ID：6a318f417cb1d84bd517092e
                                标题：つるぺた!聖水party! | 贫乳白虎！圣水party！
                                作者：ふらっしゃーず (ふらっしゃー)
                                是否完结：否
                                总页数：34
                                分类：短篇,同人
                                章节数：1
                                最后更新时间：2026-06-16T18:00:33.618Z
                                =================================================
2026-06-22 00:19:47 - mkk_pika - database.py:101 - INFO - 保存成功：つるぺた!聖水party! | 贫乳白虎！圣水party！
2026-06-22 00:19:47 - mkk_pika - main.py:35 - INFO - 开始检查悪魔娘監禁日誌/恶魔娘监禁日志7-32[中国翻译]是否存在未下载章节
2026-06-22 00:19:48 - mkk_pika - database.py:203 - INFO - 查询数据库中是否已存在第7話
2026-06-22 00:19:48 - mkk_pika - database.py:203 - INFO - 查询数据库中是否已存在第8話
2026-06-22 00:19:48 - mkk_pika - database.py:203 - INFO - 查询数据库中是否已存在第9話
2026-06-22 00:19:48 - mkk_pika - database.py:203 - INFO - 查询数据库中是否已存在第10話
2026-06-22 00:19:48 - mkk_pika - database.py:203 - INFO - 查询数据库中是否已存在第11話
2026-06-22 00:19:48 - mkk_pika - database.py:203 - INFO - 查询数据库中是否已存在第12話
2026-06-22 00:19:48 - mkk_pika - database.py:203 - INFO - 查询数据库中是否已存在第13話
2026-06-22 00:19:48 - mkk_pika - database.py:203 - INFO - 查询数据库中是否已存在第14話
2026-06-22 00:19:48 - mkk_pika - database.py:203 - INFO - 查询数据库中是否已存在第15話
2026-06-22 00:19:48 - mkk_pika - database.py:203 - INFO - 查询数据库中是否已存在第16話
2026-06-22 00:19:48 - mkk_pika - database.py:203 - INFO - 查询数据库中是否已存在第17話
2026-06-22 00:19:48 - mkk_pika - database.py:203 - INFO - 查询数据库中是否已存在第18話
2026-06-22 00:19:48 - mkk_pika - database.py:203 - INFO - 查询数据库中是否已存在第19話
2026-06-22 00:19:48 - mkk_pika - database.py:203 - INFO - 查询数据库中是否已存在第20話
2026-06-22 00:19:48 - mkk_pika - database.py:203 - INFO - 查询数据库中是否已存在第21話
2026-06-22 00:19:48 - mkk_pika - database.py:203 - INFO - 查询数据库中是否已存在第22話v2
2026-06-22 00:19:48 - mkk_pika - database.py:203 - INFO - 查询数据库中是否已存在第23話
2026-06-22 00:19:48 - mkk_pika - database.py:203 - INFO - 查询数据库中是否已存在第24話
2026-06-22 00:19:48 - mkk_pika - database.py:203 - INFO - 查询数据库中是否已存在第25話
2026-06-22 00:19:48 - mkk_pika - database.py:203 - INFO - 查询数据库中是否已存在第26話
2026-06-22 00:19:48 - mkk_pika - database.py:203 - INFO - 查询数据库中是否已存在第27話
2026-06-22 00:19:48 - mkk_pika - database.py:203 - INFO - 查询数据库中是否已存在第28話
2026-06-22 00:19:48 - mkk_pika - database.py:203 - INFO - 查询数据库中是否已存在第29話
2026-06-22 00:19:48 - mkk_pika - database.py:203 - INFO - 查询数据库中是否已存在第30話
2026-06-22 00:19:48 - mkk_pika - database.py:203 - INFO - 查询数据库中是否已存在第31話
2026-06-22 00:19:48 - mkk_pika - database.py:203 - INFO - 查询数据库中是否已存在第32話
2026-06-22 00:19:48 - mkk_pika - main.py:51 - INFO - 悪魔娘監禁日誌/恶魔娘监禁日志7-32[中国翻译]中没有可下载章节
2026-06-22 00:19:48 - mkk_pika - main.py:292 - INFO - ==================== 漫画信息 ====================
                                漫画ID：673b6d4fd86b410bfcd1a9ac
                                标题：悪魔娘監禁日誌/恶魔娘监禁日志7-32[中国翻译]
                                作者：はせ☆裕
                                是否完结：否
                                总页数：556
                                分类：長篇,非人類
                                章节数：26
                                最后更新时间：2026-06-16T17:59:13.719Z
                                =================================================
2026-06-22 00:19:48 - mkk_pika - database.py:101 - INFO - 保存成功：悪魔娘監禁日誌/恶魔娘监禁日志7-32[中国翻译]
2026-06-22 00:19:48 - mkk_pika - main.py:35 - INFO - 开始检查すきですやめらくん ～こはるちゃんのりら〇行放計画～ (COMIC ルクセリア vol.05)是否存在未下载章节
2026-06-22 00:19:48 - mkk_pika - database.py:203 - INFO - 查询数据库中是否已存在第1話
2026-06-22 00:19:48 - mkk_pika - main.py:51 - INFO - すきですやめらくん ～こはるちゃんのりら〇行放計画～ (COMIC ルクセリア vol.05)中没有可下载章节
2026-06-22 00:19:48 - mkk_pika - main.py:292 - INFO - ==================== 漫画信息 ====================
                                漫画ID：6a318e947cb1d84bd51706aa
                                标题：すきですやめらくん ～こはるちゃんのりら〇行放計画～ (COMIC ルクセリア vol.05)
                                作者：ピワワ
                                是否完结：是
                                总页数：26
                                分类：短篇
                                章节数：1
                                最后更新时间：2026-06-16T17:57:40.471Z
                                =================================================
2026-06-22 00:19:48 - mkk_pika - database.py:101 - INFO - 保存成功：すきですやめらくん ～こはるちゃんのりら〇行放計画～ (COMIC ルクセリア vol.05)
2026-06-22 00:19:48 - mkk_pika - main.py:35 - INFO - 开始检查寝たふりして交尾させてくれるお姉ちゃんとふたなり妹是否存在未下载章节
2026-06-22 00:19:49 - mkk_pika - database.py:203 - INFO - 查询数据库中是否已存在第1話
2026-06-22 00:19:49 - mkk_pika - main.py:51 - INFO - 寝たふりして交尾させてくれるお姉ちゃんとふたなり妹中没有可下载章节
2026-06-22 00:19:49 - mkk_pika - main.py:292 - INFO - ==================== 漫画信息 ====================
                                漫画ID：65f470ff019cbb559e5408e7
                                标题：寝たふりして交尾させてくれるお姉ちゃんとふたなり妹
                                作者：柵野14
                                是否完结：是
                                总页数：41
                                分类：短篇,扶他樂園,姐姐系,純愛,強暴
                                章节数：1
                                最后更新时间：2024-03-15T16:02:07.779Z
                                =================================================
2026-06-22 00:19:49 - mkk_pika - database.py:101 - INFO - 保存成功：寝たふりして交尾させてくれるお姉ちゃんとふたなり妹
2026-06-22 00:19:49 - mkk_pika - main.py:323 - INFO - 订阅内容内容下载完毕
2026-06-22 00:19:49 - mkk_pika - main.py:324 - INFO - 开始分批下载全部章节
2026-06-22 00:19:49 - mkk_pika - database.py:280 - INFO - 表和索引初始化成功
2026-06-22 00:19:49 - mkk_pika - main.py:177 - INFO - 已经下载了1143页，一共6973页，现在开始添加第1144页
2026-06-22 00:19:50 - mkk_pika - database.py:318 - INFO - 保存成功
2026-06-22 00:19:50 - mkk_pika - main.py:177 - INFO - 已经下载了1144页，一共6973页，现在开始添加第1145页
2026-06-22 00:19:50 - mkk_pika - database.py:318 - INFO - 保存成功
2026-06-22 00:19:51 - mkk_pika - main.py:177 - INFO - 已经下载了1145页，一共6973页，现在开始添加第1146页
2026-06-22 00:19:51 - mkk_pika - database.py:318 - INFO - 保存成功
2026-06-22 00:19:51 - mkk_pika - main.py:177 - INFO - 已经下载了1146页，一共6973页，现在开始添加第1147页
2026-06-22 00:19:52 - mkk_pika - database.py:318 - INFO - 保存成功
2026-06-22 00:19:52 - mkk_pika - main.py:177 - INFO - 已经下载了1147页，一共6973页，现在开始添加第1148页
2026-06-22 00:19:53 - mkk_pika - database.py:318 - INFO - 保存成功
2026-06-22 00:19:53 - mkk_pika - main.py:331 - INFO - 分批下载共计34本漫画
2026-06-22 00:19:53 - mkk_pika - main.py:35 - INFO - 开始检查管理されたい (すのはら荘の管理人さん) 是否存在未下载章节
2026-06-22 00:19:53 - mkk_pika - main.py:45 - INFO - 正在下载:[管理されたい (すのはら荘の管理人さん) ]-[真・聖堂☆本舗 (聖☆司)]-[['同人', '短篇']]-[total_pages:26]
2026-06-22 00:19:53 - mkk_pika - main.py:49 - INFO - [{'_id': '5b80486b923a2161f8a7e8a2', 'title': '第1集', 'order': 1, 'updated_at': '2018-08-24T17:29:40.699Z', 'id': '5b80486b923a2161f8a7e8a2'}]
2026-06-22 00:19:53 - mkk_pika - database.py:215 - INFO - 第一次下载该漫画，记录数据库中
2026-06-22 00:19:54 - mkk_pika - main.py:83 - INFO - 找到 26 张图片在:第1集
2026-06-22 00:19:54 - mkk_pika - main.py:112 - INFO - [episode:第1集       ] downloaded:    26, total:  26, progress:100%
2026-06-22 00:19:54 - mkk_pika - database.py:238 - INFO - 数据库更新已下载章节
2026-06-22 00:19:54 - mkk_pika - database.py:244 - INFO - 该漫画已下载章节如下
2026-06-22 00:19:54 - mkk_pika - database.py:245 - INFO - ['第1集']
2026-06-22 00:19:56 - mkk_pika - main.py:348 - INFO - ==================== 漫画信息 ====================
                                   漫画ID：5b80486b923a2161f8a7e8a1
                                   标题：管理されたい (すのはら荘の管理人さん) 
                                   作者：真・聖堂☆本舗 (聖☆司)
                                   是否完结：是
                                   总页数：26
                                   分类：同人,短篇
                                   章节数：1
                                   最后更新时间：2018-08-24T18:03:23.690Z
                                   =================================================
2026-06-22 00:19:56 - mkk_pika - database.py:101 - INFO - 保存成功：管理されたい (すのはら荘の管理人さん) 
2026-06-22 00:19:56 - mkk_pika - main.py:35 - INFO - 开始检查お姉ちゃんの友達がとても性的だった弟くんの話是否存在未下载章节
2026-06-22 00:19:56 - mkk_pika - main.py:45 - INFO - 正在下载:[お姉ちゃんの友達がとても性的だった弟くんの話]-[ひぐま屋 (野良ヒグマ)]-[['短篇', '全彩']]-[total_pages:37]
2026-06-22 00:19:56 - mkk_pika - main.py:49 - INFO - [{'_id': '5b8048742e697808b90190bc', 'title': '第1集', 'order': 1, 'updated_at': '2018-08-24T17:20:18.952Z', 'id': '5b8048742e697808b90190bc'}]
2026-06-22 00:19:56 - mkk_pika - database.py:215 - INFO - 第一次下载该漫画，记录数据库中
2026-06-22 00:19:56 - mkk_pika - main.py:83 - INFO - 找到 37 张图片在:第1集
2026-06-22 00:19:57 - mkk_pika - main.py:112 - INFO - [episode:第1集       ] downloaded:    37, total:  37, progress:100%
2026-06-22 00:19:57 - mkk_pika - database.py:238 - INFO - 数据库更新已下载章节
2026-06-22 00:19:57 - mkk_pika - database.py:244 - INFO - 该漫画已下载章节如下
2026-06-22 00:19:57 - mkk_pika - database.py:245 - INFO - ['第1集']
2026-06-22 00:19:59 - mkk_pika - main.py:348 - INFO - ==================== 漫画信息 ====================
                                   漫画ID：582188835f6b9a4f93de21b3
                                   标题：お姉ちゃんの友達がとても性的だった弟くんの話
                                   作者：ひぐま屋 (野良ヒグマ)
                                   是否完结：是
                                   总页数：37
                                   分类：短篇,全彩
                                   章节数：1
                                   最后更新时间：2018-08-24T18:03:32.814Z
                                   =================================================
2026-06-22 00:19:59 - mkk_pika - database.py:101 - INFO - 保存成功：お姉ちゃんの友達がとても性的だった弟くんの話
2026-06-22 00:19:59 - mkk_pika - main.py:35 - INFO - 开始检查ベルファストの躾け方 (Azur Lane) 是否存在未下载章节
2026-06-22 00:19:59 - mkk_pika - main.py:45 - INFO - 正在下载:[ベルファストの躾け方 (Azur Lane) ]-[ドウガネブイブイ (あぶりだしざくろ)]-[['同人', '短篇']]-[total_pages:20]
2026-06-22 00:19:59 - mkk_pika - main.py:49 - INFO - [{'_id': '5b80487d2e697808b90190e3', 'title': '第1集', 'order': 1, 'updated_at': '2018-08-24T17:08:17.814Z', 'id': '5b80487d2e697808b90190e3'}]
2026-06-22 00:19:59 - mkk_pika - database.py:215 - INFO - 第一次下载该漫画，记录数据库中
2026-06-22 00:19:59 - mkk_pika - main.py:83 - INFO - 找到 20 张图片在:第1集
2026-06-22 00:20:00 - mkk_pika - main.py:112 - INFO - [episode:第1集       ] downloaded:    20, total:  20, progress:100%
2026-06-22 00:20:00 - mkk_pika - database.py:238 - INFO - 数据库更新已下载章节
2026-06-22 00:20:00 - mkk_pika - database.py:244 - INFO - 该漫画已下载章节如下
2026-06-22 00:20:00 - mkk_pika - database.py:245 - INFO - ['第1集']
2026-06-22 00:20:01 - mkk_pika - main.py:348 - INFO - ==================== 漫画信息 ====================
                                   漫画ID：5b80487d2e697808b90190e2
                                   标题：ベルファストの躾け方 (Azur Lane) 
                                   作者：ドウガネブイブイ (あぶりだしざくろ)
                                   是否完结：是
                                   总页数：20
                                   分类：同人,短篇
                                   章节数：1
                                   最后更新时间：2018-08-24T18:03:41.756Z
                                   =================================================
2026-06-22 00:20:01 - mkk_pika - database.py:101 - INFO - 保存成功：ベルファストの躾け方 (Azur Lane) 
2026-06-22 00:20:01 - mkk_pika - main.py:35 - INFO - 开始检查母が寝てる間に是否存在未下载章节
2026-06-22 00:20:02 - mkk_pika - main.py:45 - INFO - 正在下载:[母が寝てる間に]-[虚川財団 (虚川二次子)]-[['人妻', '全彩', '長篇']]-[total_pages:79]
2026-06-22 00:20:02 - mkk_pika - main.py:49 - INFO - [{'_id': '5b80488660eaa708a7994cb7', 'title': '第1集', 'order': 1, 'updated_at': '2018-08-24T17:02:33.047Z', 'id': '5b80488660eaa708a7994cb7'}, {'_id': '5b80488660eaa708a7994cb8', 'title': '第2集', 'order': 2, 'updated_at': '2018-08-24T17:03:44.753Z', 'id': '5b80488660eaa708a7994cb8'}]
2026-06-22 00:20:02 - mkk_pika - database.py:215 - INFO - 第一次下载该漫画，记录数据库中
2026-06-22 00:20:02 - mkk_pika - main.py:83 - INFO - 找到 31 张图片在:第1集
2026-06-22 00:20:03 - mkk_pika - main.py:112 - INFO - [episode:第1集       ] downloaded:    31, total:  31, progress:100%
2026-06-22 00:20:03 - mkk_pika - database.py:238 - INFO - 数据库更新已下载章节
2026-06-22 00:20:03 - mkk_pika - database.py:244 - INFO - 该漫画已下载章节如下
2026-06-22 00:20:03 - mkk_pika - database.py:245 - INFO - ['第1集']
2026-06-22 00:20:05 - mkk_pika - main.py:83 - INFO - 找到 48 张图片在:第2集
2026-06-22 00:20:06 - mkk_pika - main.py:112 - INFO - [episode:第2集       ] downloaded:    48, total:  48, progress:100%
2026-06-22 00:20:06 - mkk_pika - database.py:238 - INFO - 数据库更新已下载章节
2026-06-22 00:20:06 - mkk_pika - database.py:244 - INFO - 该漫画已下载章节如下
2026-06-22 00:20:06 - mkk_pika - database.py:245 - INFO - ['第1集', '第2集']
2026-06-22 00:20:07 - mkk_pika - main.py:348 - INFO - ==================== 漫画信息 ====================
                                   漫画ID：5821887d5f6b9a4f93de1b21
                                   标题：母が寝てる間に
                                   作者：虚川財団 (虚川二次子)
                                   是否完结：是
                                   总页数：79
                                   分类：人妻,全彩,長篇
                                   章节数：2
                                   最后更新时间：2018-08-24T18:03:50.491Z
                                   =================================================
2026-06-22 00:20:07 - mkk_pika - database.py:101 - INFO - 保存成功：母が寝てる間に
2026-06-22 00:20:07 - mkk_pika - main.py:35 - INFO - 开始检查りゅうおうのきゅうじつ・表 (りゅうおうのおしごと!)是否存在未下载章节
2026-06-22 00:20:08 - mkk_pika - main.py:45 - INFO - 正在下载:[りゅうおうのきゅうじつ・表 (りゅうおうのおしごと!)]-[サークルフィオレ (えかきびと)]-[['同人', '短篇']]-[total_pages:36]
2026-06-22 00:20:08 - mkk_pika - main.py:49 - INFO - [{'_id': '5b80489309b511040f4866a0', 'title': '第1集', 'order': 1, 'updated_at': '2018-08-24T16:50:22.460Z', 'id': '5b80489309b511040f4866a0'}]
2026-06-22 00:20:08 - mkk_pika - database.py:215 - INFO - 第一次下载该漫画，记录数据库中
2026-06-22 00:20:08 - mkk_pika - main.py:83 - INFO - 找到 36 张图片在:第1集
2026-06-22 00:20:09 - mkk_pika - main.py:112 - INFO - [episode:第1集       ] downloaded:    36, total:  36, progress:100%
2026-06-22 00:20:09 - mkk_pika - database.py:238 - INFO - 数据库更新已下载章节
2026-06-22 00:20:09 - mkk_pika - database.py:244 - INFO - 该漫画已下载章节如下
2026-06-22 00:20:09 - mkk_pika - database.py:245 - INFO - ['第1集']
2026-06-22 00:20:10 - mkk_pika - main.py:348 - INFO - ==================== 漫画信息 ====================
                                   漫画ID：5b80489309b511040f48669f
                                   标题：りゅうおうのきゅうじつ・表 (りゅうおうのおしごと!)
                                   作者：サークルフィオレ (えかきびと)
                                   是否完结：是
                                   总页数：36
                                   分类：同人,短篇
                                   章节数：1
                                   最后更新时间：2018-08-24T18:04:03.819Z
                                   =================================================
2026-06-22 00:20:10 - mkk_pika - database.py:101 - INFO - 保存成功：りゅうおうのきゅうじつ・表 (りゅうおうのおしごと!)
2026-06-22 00:20:10 - mkk_pika - main.py:35 - INFO - 开始检查SOIX 3 (鋼の錬金術師)是否存在未下载章节
2026-06-22 00:20:11 - mkk_pika - main.py:45 - INFO - 正在下载:[SOIX 3 (鋼の錬金術師)]-[R55共和国 (黒谷賢志)]-[['同人', '短篇']]-[total_pages:52]
2026-06-22 00:20:11 - mkk_pika - main.py:49 - INFO - [{'_id': '5b80489a830f7408b33ee1e2', 'title': '第1集', 'order': 1, 'updated_at': '2018-08-24T16:42:40.597Z', 'id': '5b80489a830f7408b33ee1e2'}, {'_id': '5b80489a830f7408b33ee1e3', 'title': '全彩生肉無修版', 'order': 2, 'updated_at': '2018-08-24T16:45:19.951Z', 'id': '5b80489a830f7408b33ee1e3'}]
2026-06-22 00:20:11 - mkk_pika - database.py:215 - INFO - 第一次下载该漫画，记录数据库中
2026-06-22 00:20:11 - mkk_pika - main.py:83 - INFO - 找到 27 张图片在:第1集
2026-06-22 00:20:12 - mkk_pika - main.py:112 - INFO - [episode:第1集       ] downloaded:    27, total:  27, progress:100%
2026-06-22 00:20:12 - mkk_pika - database.py:238 - INFO - 数据库更新已下载章节
2026-06-22 00:20:12 - mkk_pika - database.py:244 - INFO - 该漫画已下载章节如下
2026-06-22 00:20:12 - mkk_pika - database.py:245 - INFO - ['第1集']
2026-06-22 00:20:14 - mkk_pika - main.py:83 - INFO - 找到 25 张图片在:全彩生肉無修版
2026-06-22 00:20:14 - mkk_pika - main.py:112 - INFO - [episode:全彩生肉無修版   ] downloaded:    25, total:  25, progress:100%
2026-06-22 00:20:14 - mkk_pika - database.py:238 - INFO - 数据库更新已下载章节
2026-06-22 00:20:14 - mkk_pika - database.py:244 - INFO - 该漫画已下载章节如下
2026-06-22 00:20:14 - mkk_pika - database.py:245 - INFO - ['第1集', '全彩生肉無修版']
2026-06-22 00:20:16 - mkk_pika - main.py:348 - INFO - ==================== 漫画信息 ====================
                                   漫画ID：582188635f6b9a4f93de0c25
                                   标题：SOIX 3 (鋼の錬金術師)
                                   作者：R55共和国 (黒谷賢志)
                                   是否完结：是
                                   总页数：52
                                   分类：同人,短篇
                                   章节数：2
                                   最后更新时间：2018-08-24T18:04:10.824Z
                                   =================================================
2026-06-22 00:20:16 - mkk_pika - database.py:101 - INFO - 保存成功：SOIX 3 (鋼の錬金術師)
2026-06-22 00:20:16 - mkk_pika - main.py:35 - INFO - 开始检查(COMIC1☆13)俺とタマモとバスルーム是否存在未下载章节
2026-06-22 00:20:16 - mkk_pika - main.py:45 - INFO - 正在下载:[(COMIC1☆13)俺とタマモとバスルーム]-[さそりがため]-[['短篇', '妹妹系']]-[total_pages:24]
2026-06-22 00:20:16 - mkk_pika - main.py:49 - INFO - [{'_id': '5b8048d19139a961e4c48bcd', 'title': '第1集', 'order': 1, 'updated_at': '2018-08-24T15:04:09.818Z', 'id': '5b8048d19139a961e4c48bcd'}]
2026-06-22 00:20:16 - mkk_pika - database.py:215 - INFO - 第一次下载该漫画，记录数据库中
2026-06-22 00:20:16 - mkk_pika - main.py:83 - INFO - 找到 24 张图片在:第1集
2026-06-22 00:20:17 - mkk_pika - main.py:112 - INFO - [episode:第1集       ] downloaded:    24, total:  24, progress:100%
2026-06-22 00:20:17 - mkk_pika - database.py:238 - INFO - 数据库更新已下载章节
2026-06-22 00:20:17 - mkk_pika - database.py:244 - INFO - 该漫画已下载章节如下
2026-06-22 00:20:17 - mkk_pika - database.py:245 - INFO - ['第1集']
2026-06-22 00:20:18 - mkk_pika - main.py:348 - INFO - ==================== 漫画信息 ====================
                                   漫画ID：5b8048d19139a961e4c48bcc
                                   标题：(COMIC1☆13)俺とタマモとバスルーム
                                   作者：さそりがため
                                   是否完结：否
                                   总页数：24
                                   分类：短篇,妹妹系
                                   章节数：1
                                   最后更新时间：2018-08-24T18:05:05.735Z
                                   =================================================
2026-06-22 00:20:18 - mkk_pika - database.py:101 - INFO - 保存成功：(COMIC1☆13)俺とタマモとバスルーム
2026-06-22 00:20:18 - mkk_pika - main.py:35 - INFO - 开始检查マダムに噂のふたなり化デトックス♥ ～ミニインキュバスのいるマッサージ店～[DL版]是否存在未下载章节
2026-06-22 00:20:19 - mkk_pika - main.py:45 - INFO - 正在下载:[マダムに噂のふたなり化デトックス♥ ～ミニインキュバスのいるマッサージ店～[DL版]]-[愛昧亭 (愛昧亭うまみ)]-[['短篇', '扶他樂園']]-[total_pages:33]
2026-06-22 00:20:19 - mkk_pika - main.py:49 - INFO - [{'_id': '5b804922df1c5e384cb9bc13', 'title': '第1集', 'order': 1, 'updated_at': '2018-08-24T15:50:55.461Z', 'id': '5b804922df1c5e384cb9bc13'}]
2026-06-22 00:20:19 - mkk_pika - database.py:215 - INFO - 第一次下载该漫画，记录数据库中
2026-06-22 00:20:19 - mkk_pika - main.py:83 - INFO - 找到 33 张图片在:第1集
2026-06-22 00:20:20 - mkk_pika - main.py:112 - INFO - [episode:第1集       ] downloaded:    33, total:  33, progress:100%
2026-06-22 00:20:20 - mkk_pika - database.py:238 - INFO - 数据库更新已下载章节
2026-06-22 00:20:20 - mkk_pika - database.py:244 - INFO - 该漫画已下载章节如下
2026-06-22 00:20:20 - mkk_pika - database.py:245 - INFO - ['第1集']
2026-06-22 00:20:21 - mkk_pika - main.py:348 - INFO - ==================== 漫画信息 ====================
                                   漫画ID：5b804922df1c5e384cb9bc12
                                   标题：マダムに噂のふたなり化デトックス♥ ～ミニインキュバスのいるマッサージ店～[DL版]
                                   作者：愛昧亭 (愛昧亭うまみ)
                                   是否完结：否
                                   总页数：33
                                   分类：短篇,扶他樂園
                                   章节数：1
                                   最后更新时间：2018-08-24T18:06:26.898Z
                                   =================================================
2026-06-22 00:20:21 - mkk_pika - database.py:101 - INFO - 保存成功：マダムに噂のふたなり化デトックス♥ ～ミニインキュバスのいるマッサージ店～[DL版]
2026-06-22 00:20:21 - mkk_pika - main.py:35 - INFO - 开始检查まわしもんっ是否存在未下载章节
2026-06-22 00:20:22 - mkk_pika - main.py:45 - INFO - 正在下载:[まわしもんっ]-[スパイラルブレーン (暮古浪漫)]-[['短篇', '全彩']]-[total_pages:28]
2026-06-22 00:20:22 - mkk_pika - main.py:49 - INFO - [{'_id': '5b8049377c832d3844a6c2d2', 'title': '第1集', 'order': 1, 'updated_at': '2018-08-24T15:28:56.661Z', 'id': '5b8049377c832d3844a6c2d2'}]
2026-06-22 00:20:22 - mkk_pika - database.py:215 - INFO - 第一次下载该漫画，记录数据库中
2026-06-22 00:20:22 - mkk_pika - main.py:83 - INFO - 找到 28 张图片在:第1集
2026-06-22 00:20:23 - mkk_pika - main.py:112 - INFO - [episode:第1集       ] downloaded:    28, total:  28, progress:100%
2026-06-22 00:20:23 - mkk_pika - database.py:238 - INFO - 数据库更新已下载章节
2026-06-22 00:20:23 - mkk_pika - database.py:244 - INFO - 该漫画已下载章节如下
2026-06-22 00:20:23 - mkk_pika - database.py:245 - INFO - ['第1集']
2026-06-22 00:20:24 - mkk_pika - main.py:348 - INFO - ==================== 漫画信息 ====================
                                   漫画ID：5b8049377c832d3844a6c2d1
                                   标题：まわしもんっ
                                   作者：スパイラルブレーン (暮古浪漫)
                                   是否完结：否
                                   总页数：28
                                   分类：短篇,全彩
                                   章节数：1
                                   最后更新时间：2018-08-24T18:06:47.885Z
                                   =================================================
2026-06-22 00:20:24 - mkk_pika - database.py:101 - INFO - 保存成功：まわしもんっ
2026-06-22 00:20:24 - mkk_pika - main.py:35 - INFO - 开始检查どちゃしこ中出しさぎりっくす (エロマンガ先生) [DL版] 中国翻訳是否存在未下载章节
2026-06-22 00:20:24 - mkk_pika - main.py:45 - INFO - 正在下载:[どちゃしこ中出しさぎりっくす (エロマンガ先生) [DL版] 中国翻訳]-[紙切ればさみ (やすゆき)]-[['全彩', '同人', '妹妹系']]-[total_pages:13]
2026-06-22 00:20:24 - mkk_pika - main.py:49 - INFO - [{'_id': '5bcb4b7c9b4c797c12edec66', 'title': '第1集', 'order': 1, 'updated_at': '2018-10-20T15:08:24.105Z', 'id': '5bcb4b7c9b4c797c12edec66'}]
2026-06-22 00:20:24 - mkk_pika - database.py:215 - INFO - 第一次下载该漫画，记录数据库中
2026-06-22 00:20:25 - mkk_pika - main.py:83 - INFO - 找到 22 张图片在:第1集
2026-06-22 00:20:26 - mkk_pika - main.py:112 - INFO - [episode:第1集       ] downloaded:    22, total:  22, progress:100%
2026-06-22 00:20:26 - mkk_pika - database.py:238 - INFO - 数据库更新已下载章节
2026-06-22 00:20:26 - mkk_pika - database.py:244 - INFO - 该漫画已下载章节如下
2026-06-22 00:20:26 - mkk_pika - database.py:245 - INFO - ['第1集']
2026-06-22 00:20:27 - mkk_pika - main.py:348 - INFO - ==================== 漫画信息 ====================
                                   漫画ID：5b80c807395ea515f991bb47
                                   标题：どちゃしこ中出しさぎりっくす (エロマンガ先生) [DL版] 中国翻訳
                                   作者：紙切ればさみ (やすゆき)
                                   是否完结：否
                                   总页数：13
                                   分类：全彩,同人,妹妹系
                                   章节数：1
                                   最后更新时间：2018-08-25T03:07:51.897Z
                                   =================================================
2026-06-22 00:20:27 - mkk_pika - database.py:101 - INFO - 保存成功：どちゃしこ中出しさぎりっくす (エロマンガ先生) [DL版] 中国翻訳
2026-06-22 00:20:27 - mkk_pika - main.py:35 - INFO - 开始检查(C94) ふたなり幼なじみと俺とはじめての逆アナル課外授業【扶她青梅竹馬和我第一次的反向小穴做愛課外授課 】是否存在未下载章节
2026-06-22 00:20:27 - mkk_pika - main.py:45 - INFO - 正在下载:[(C94) ふたなり幼なじみと俺とはじめての逆アナル課外授業【扶她青梅竹馬和我第一次的反向小穴做愛課外授課 】]-[愛昧亭 (愛昧亭うまみ)]-[['短篇', '扶他樂園', '純愛']]-[total_pages:34]
2026-06-22 00:20:27 - mkk_pika - main.py:49 - INFO - [{'_id': '5b80ca855c44542b70e447b2', 'title': '第1集', 'order': 1, 'updated_at': '2018-08-24T18:20:48.592Z', 'id': '5b80ca855c44542b70e447b2'}]
2026-06-22 00:20:27 - mkk_pika - database.py:215 - INFO - 第一次下载该漫画，记录数据库中
2026-06-22 00:20:28 - mkk_pika - main.py:83 - INFO - 找到 34 张图片在:第1集
2026-06-22 00:20:29 - mkk_pika - main.py:112 - INFO - [episode:第1集       ] downloaded:    34, total:  34, progress:100%
2026-06-22 00:20:29 - mkk_pika - database.py:238 - INFO - 数据库更新已下载章节
2026-06-22 00:20:29 - mkk_pika - database.py:244 - INFO - 该漫画已下载章节如下
2026-06-22 00:20:29 - mkk_pika - database.py:245 - INFO - ['第1集']
2026-06-22 00:20:30 - mkk_pika - main.py:348 - INFO - ==================== 漫画信息 ====================
                                   漫画ID：5b80ca855c44542b70e447b1
                                   标题：(C94) ふたなり幼なじみと俺とはじめての逆アナル課外授業【扶她青梅竹馬和我第一次的反向小穴做愛課外授課 】
                                   作者：愛昧亭 (愛昧亭うまみ)
                                   是否完结：是
                                   总页数：34
                                   分类：短篇,扶他樂園,純愛
                                   章节数：1
                                   最后更新时间：2018-08-25T03:18:29.610Z
                                   =================================================
2026-06-22 00:20:30 - mkk_pika - database.py:101 - INFO - 保存成功：(C94) ふたなり幼なじみと俺とはじめての逆アナル課外授業【扶她青梅竹馬和我第一次的反向小穴做愛課外授課 】
2026-06-22 00:20:30 - mkk_pika - main.py:35 - INFO - 开始检查(C94)ふたなり巨根黒ギャル彼女と勉強お部屋デートだと思ったら即オナホ扱い服従逆アナルなんて…【本以為是和扶她巨根黑辣妹女朋友 在房間學習的約會♥ 結果馬上被當成飛機杯♥服從反向小穴做愛♥什麼的…】是否存在未下载章节
2026-06-22 00:20:30 - mkk_pika - main.py:45 - INFO - 正在下载:[(C94)ふたなり巨根黒ギャル彼女と勉強お部屋デートだと思ったら即オナホ扱い服従逆アナルなんて…【本以為是和扶她巨根黑辣妹女朋友 在房間學習的約會♥ 結果馬上被當成飛機杯♥服從反向小穴做愛♥什麼的…】]-[愛昧亭 (愛昧亭うまみ)]-[['短篇', '扶他樂園']]-[total_pages:30]
2026-06-22 00:20:30 - mkk_pika - main.py:49 - INFO - [{'_id': '5b80cacde518aa3344bbef74', 'title': '第1集', 'order': 1, 'updated_at': '2018-08-24T19:13:54.153Z', 'id': '5b80cacde518aa3344bbef74'}]
2026-06-22 00:20:30 - mkk_pika - database.py:215 - INFO - 第一次下载该漫画，记录数据库中
2026-06-22 00:20:31 - mkk_pika - main.py:83 - INFO - 找到 30 张图片在:第1集
2026-06-22 00:20:31 - mkk_pika - main.py:112 - INFO - [episode:第1集       ] downloaded:    30, total:  30, progress:100%
2026-06-22 00:20:31 - mkk_pika - database.py:238 - INFO - 数据库更新已下载章节
2026-06-22 00:20:31 - mkk_pika - database.py:244 - INFO - 该漫画已下载章节如下
2026-06-22 00:20:31 - mkk_pika - database.py:245 - INFO - ['第1集']
2026-06-22 00:20:33 - mkk_pika - main.py:348 - INFO - ==================== 漫画信息 ====================
                                   漫画ID：5b80cacde518aa3344bbef73
                                   标题：(C94)ふたなり巨根黒ギャル彼女と勉強お部屋デートだと思ったら即オナホ扱い服従逆アナルなんて…【本以為是和扶她巨根黑辣妹女朋友 在房間學習的約會♥ 結果馬上被當成飛機杯♥服從反向小穴做愛♥什麼的…】
                                   作者：愛昧亭 (愛昧亭うまみ)
                                   是否完结：是
                                   总页数：30
                                   分类：短篇,扶他樂園
                                   章节数：1
                                   最后更新时间：2018-08-25T03:19:41.272Z
                                   =================================================
2026-06-22 00:20:33 - mkk_pika - database.py:101 - INFO - 保存成功：(C94)ふたなり巨根黒ギャル彼女と勉強お部屋デートだと思ったら即オナホ扱い服従逆アナルなんて…【本以為是和扶她巨根黑辣妹女朋友 在房間學習的約會♥ 結果馬上被當成飛機杯♥服從反向小穴做愛♥什麼的…】
2026-06-22 00:20:33 - mkk_pika - main.py:35 - INFO - 开始检查ふた×男らくがきまとめ2 Fate編 (Fate/Grand Order)是否存在未下载章节
2026-06-22 00:20:33 - mkk_pika - main.py:45 - INFO - 正在下载:[ふた×男らくがきまとめ2 Fate編 (Fate/Grand Order)]-[愛昧亭 (愛昧亭うまみ)]-[['長篇', '同人', '扶他樂園', 'Fate']]-[total_pages:78]
2026-06-22 00:20:33 - mkk_pika - main.py:49 - INFO - [{'_id': '5b80cb30fac776334b7acab5', 'title': '第1集', 'order': 1, 'updated_at': '2018-08-25T01:11:04.625Z', 'id': '5b80cb30fac776334b7acab5'}]
2026-06-22 00:20:33 - mkk_pika - database.py:215 - INFO - 第一次下载该漫画，记录数据库中
2026-06-22 00:20:34 - mkk_pika - main.py:83 - INFO - 找到 78 张图片在:第1集
2026-06-22 00:20:36 - mkk_pika - main.py:112 - INFO - [episode:第1集       ] downloaded:    78, total:  78, progress:100%
2026-06-22 00:20:36 - mkk_pika - database.py:238 - INFO - 数据库更新已下载章节
2026-06-22 00:20:36 - mkk_pika - database.py:244 - INFO - 该漫画已下载章节如下
2026-06-22 00:20:36 - mkk_pika - database.py:245 - INFO - ['第1集']
2026-06-22 00:20:37 - mkk_pika - main.py:348 - INFO - ==================== 漫画信息 ====================
                                   漫画ID：5b80cb30fac776334b7acab4
                                   标题：ふた×男らくがきまとめ2 Fate編 (Fate/Grand Order)
                                   作者：愛昧亭 (愛昧亭うまみ)
                                   是否完结：是
                                   总页数：78
                                   分类：長篇,同人,扶他樂園,Fate
                                   章节数：1
                                   最后更新时间：2018-08-25T03:21:20.649Z
                                   =================================================
2026-06-22 00:20:37 - mkk_pika - database.py:101 - INFO - 保存成功：ふた×男らくがきまとめ2 Fate編 (Fate/Grand Order)
2026-06-22 00:20:37 - mkk_pika - main.py:35 - INFO - 开始检查 Fate / Grand Oh Shit !! (Fate/Grand Order)是否存在未下载章节
2026-06-22 00:20:37 - mkk_pika - main.py:45 - INFO - 正在下载:[ Fate / Grand Oh Shit !! (Fate/Grand Order)]-[夜觸人身 (血染馬尾、SANZE)]-[['同人', '短篇', '非人類', 'Fate']]-[total_pages:20]
2026-06-22 00:20:37 - mkk_pika - main.py:49 - INFO - [{'_id': '5b80cb42e9d1a5330e8afc9b', 'title': '第1集', 'order': 1, 'updated_at': '2018-08-25T01:24:21.704Z', 'id': '5b80cb42e9d1a5330e8afc9b'}]
2026-06-22 00:20:37 - mkk_pika - database.py:215 - INFO - 第一次下载该漫画，记录数据库中
2026-06-22 00:20:38 - mkk_pika - main.py:83 - INFO - 找到 20 张图片在:第1集
2026-06-22 00:20:39 - mkk_pika - main.py:112 - INFO - [episode:第1集       ] downloaded:    20, total:  20, progress:100%
2026-06-22 00:20:39 - mkk_pika - database.py:238 - INFO - 数据库更新已下载章节
2026-06-22 00:20:39 - mkk_pika - database.py:244 - INFO - 该漫画已下载章节如下
2026-06-22 00:20:39 - mkk_pika - database.py:245 - INFO - ['第1集']
2026-06-22 00:20:40 - mkk_pika - main.py:348 - INFO - ==================== 漫画信息 ====================
                                   漫画ID：5b80cb42e9d1a5330e8afc9a
                                   标题： Fate / Grand Oh Shit !! (Fate/Grand Order)
                                   作者：夜觸人身 (血染馬尾、SANZE)
                                   是否完结：是
                                   总页数：20
                                   分类：同人,短篇,非人類,Fate
                                   章节数：1
                                   最后更新时间：2018-08-25T03:21:38.257Z
                                   =================================================
2026-06-22 00:20:40 - mkk_pika - database.py:101 - INFO - 保存成功： Fate / Grand Oh Shit !! (Fate/Grand Order)
2026-06-22 00:20:40 - mkk_pika - main.py:35 - INFO - 开始检查無垢な仔馬を虐めたい是否存在未下载章节
2026-06-22 00:20:40 - mkk_pika - main.py:45 - INFO - 正在下载:[無垢な仔馬を虐めたい]-[ぽんぽんぺいん (ぽんぽん)]-[['嗶咔漢化', '同人', '短篇', 'NTR']]-[total_pages:25]
2026-06-22 00:20:40 - mkk_pika - main.py:49 - INFO - [{'_id': '5b80cb7f8280e03314f6369e', 'title': '第1集', 'order': 1, 'updated_at': '2018-08-25T02:04:53.296Z', 'id': '5b80cb7f8280e03314f6369e'}]
2026-06-22 00:20:40 - mkk_pika - database.py:215 - INFO - 第一次下载该漫画，记录数据库中
2026-06-22 00:20:41 - mkk_pika - main.py:83 - INFO - 找到 25 张图片在:第1集
2026-06-22 00:20:41 - mkk_pika - main.py:112 - INFO - [episode:第1集       ] downloaded:    25, total:  25, progress:100%
2026-06-22 00:20:41 - mkk_pika - database.py:238 - INFO - 数据库更新已下载章节
2026-06-22 00:20:41 - mkk_pika - database.py:244 - INFO - 该漫画已下载章节如下
2026-06-22 00:20:41 - mkk_pika - database.py:245 - INFO - ['第1集']
2026-06-22 00:20:43 - mkk_pika - main.py:348 - INFO - ==================== 漫画信息 ====================
                                   漫画ID：5b80cb7f8280e03314f6369d
                                   标题：無垢な仔馬を虐めたい
                                   作者：ぽんぽんぺいん (ぽんぽん)
                                   是否完结：是
                                   总页数：25
                                   分类：嗶咔漢化,同人,短篇,NTR
                                   章节数：1
                                   最后更新时间：2018-08-25T03:22:39.849Z
                                   =================================================
2026-06-22 00:20:43 - mkk_pika - database.py:101 - INFO - 保存成功：無垢な仔馬を虐めたい
2026-06-22 00:20:43 - mkk_pika - main.py:35 - INFO - 开始检查催眠アイドル～ハッピークローバーが散り堕ちるまで～ 第1幕 (コミックアンリアル 2018年6月号 Vol.73) 是否存在未下载章节
2026-06-22 00:20:43 - mkk_pika - main.py:45 - INFO - 正在下载:[催眠アイドル～ハッピークローバーが散り堕ちるまで～ 第1幕 (コミックアンリアル 2018年6月号 Vol.73) ]-[春日まゆ]-[['短篇', '強暴']]-[total_pages:23]
2026-06-22 00:20:43 - mkk_pika - main.py:49 - INFO - [{'_id': '5b80cb95fac776334b7acb06', 'title': '第1集', 'order': 1, 'updated_at': '2018-08-25T02:26:46.777Z', 'id': '5b80cb95fac776334b7acb06'}]
2026-06-22 00:20:43 - mkk_pika - database.py:215 - INFO - 第一次下载该漫画，记录数据库中
2026-06-22 00:20:43 - mkk_pika - main.py:83 - INFO - 找到 23 张图片在:第1集
2026-06-22 00:20:44 - mkk_pika - main.py:112 - INFO - [episode:第1集       ] downloaded:    23, total:  23, progress:100%
2026-06-22 00:20:44 - mkk_pika - database.py:238 - INFO - 数据库更新已下载章节
2026-06-22 00:20:44 - mkk_pika - database.py:244 - INFO - 该漫画已下载章节如下
2026-06-22 00:20:44 - mkk_pika - database.py:245 - INFO - ['第1集']
2026-06-22 00:20:45 - mkk_pika - main.py:348 - INFO - ==================== 漫画信息 ====================
                                   漫画ID：5b80cb95fac776334b7acb05
                                   标题：催眠アイドル～ハッピークローバーが散り堕ちるまで～ 第1幕 (コミックアンリアル 2018年6月号 Vol.73) 
                                   作者：春日まゆ
                                   是否完结：是
                                   总页数：23
                                   分类：短篇,強暴
                                   章节数：1
                                   最后更新时间：2018-08-25T03:23:01.029Z
                                   =================================================
2026-06-22 00:20:45 - mkk_pika - database.py:101 - INFO - 保存成功：催眠アイドル～ハッピークローバーが散り堕ちるまで～ 第1幕 (コミックアンリアル 2018年6月号 Vol.73) 
2026-06-22 00:20:45 - mkk_pika - main.py:35 - INFO - 开始检查夜長のエッチはほどほどに是否存在未下载章节
2026-06-22 00:20:46 - mkk_pika - main.py:45 - INFO - 正在下载:[夜長のエッチはほどほどに]-[おじょ]-[['短篇', '純愛', '姐姐系']]-[total_pages:22]
2026-06-22 00:20:46 - mkk_pika - main.py:49 - INFO - [{'_id': '5b80cbe4395ea515f991bba8', 'title': '第1集', 'order': 1, 'updated_at': '2018-08-25T02:36:42.376Z', 'id': '5b80cbe4395ea515f991bba8'}]
2026-06-22 00:20:46 - mkk_pika - database.py:215 - INFO - 第一次下载该漫画，记录数据库中
2026-06-22 00:20:46 - mkk_pika - main.py:83 - INFO - 找到 22 张图片在:第1集
2026-06-22 00:20:47 - mkk_pika - main.py:112 - INFO - [episode:第1集       ] downloaded:    22, total:  22, progress:100%
2026-06-22 00:20:47 - mkk_pika - database.py:238 - INFO - 数据库更新已下载章节
2026-06-22 00:20:47 - mkk_pika - database.py:244 - INFO - 该漫画已下载章节如下
2026-06-22 00:20:47 - mkk_pika - database.py:245 - INFO - ['第1集']
2026-06-22 00:20:48 - mkk_pika - main.py:348 - INFO - ==================== 漫画信息 ====================
                                   漫画ID：5b80cbe4395ea515f991bba7
                                   标题：夜長のエッチはほどほどに
                                   作者：おじょ
                                   是否完结：是
                                   总页数：22
                                   分类：短篇,純愛,姐姐系
                                   章节数：1
                                   最后更新时间：2018-08-25T03:24:20.316Z
                                   =================================================
2026-06-22 00:20:48 - mkk_pika - database.py:101 - INFO - 保存成功：夜長のエッチはほどほどに
2026-06-22 00:20:48 - mkk_pika - main.py:35 - INFO - 开始检查日焼けっ娘ときゅうけい (COMIC 失楽天 2018年9月号)是否存在未下载章节
2026-06-22 00:20:48 - mkk_pika - main.py:45 - INFO - 正在下载:[日焼けっ娘ときゅうけい (COMIC 失楽天 2018年9月号)]-[春日野トバリ]-[['短篇']]-[total_pages:20]
2026-06-22 00:20:48 - mkk_pika - main.py:49 - INFO - [{'_id': '5b82c9de436adf2c686edb95', 'title': '第1集', 'order': 1, 'updated_at': '2018-08-24T13:25:46.833Z', 'id': '5b82c9de436adf2c686edb95'}]
2026-06-22 00:20:48 - mkk_pika - database.py:215 - INFO - 第一次下载该漫画，记录数据库中
2026-06-22 00:20:49 - mkk_pika - main.py:83 - INFO - 找到 20 张图片在:第1集
2026-06-22 00:20:50 - mkk_pika - main.py:112 - INFO - [episode:第1集       ] downloaded:    20, total:  20, progress:100%
2026-06-22 00:20:50 - mkk_pika - database.py:238 - INFO - 数据库更新已下载章节
2026-06-22 00:20:50 - mkk_pika - database.py:244 - INFO - 该漫画已下载章节如下
2026-06-22 00:20:50 - mkk_pika - database.py:245 - INFO - ['第1集']
2026-06-22 00:20:51 - mkk_pika - main.py:348 - INFO - ==================== 漫画信息 ====================
                                   漫画ID：5b82c9de436adf2c686edb94
                                   标题：日焼けっ娘ときゅうけい (COMIC 失楽天 2018年9月号)
                                   作者：春日野トバリ
                                   是否完结：否
                                   总页数：20
                                   分类：短篇
                                   章节数：1
                                   最后更新时间：2018-08-26T15:40:14.648Z
                                   =================================================
2026-06-22 00:20:51 - mkk_pika - database.py:101 - INFO - 保存成功：日焼けっ娘ときゅうけい (COMIC 失楽天 2018年9月号)
2026-06-22 00:20:51 - mkk_pika - main.py:35 - INFO - 开始检查 (C93) 金髪まな板のテンプレート (アズールレーン)是否存在未下载章节
2026-06-22 00:20:51 - mkk_pika - main.py:45 - INFO - 正在下载:[ (C93) 金髪まな板のテンプレート (アズールレーン)]-[ぞんびと愉快な仲間たち (すーぱーぞんび)]-[['短篇', '同人']]-[total_pages:23]
2026-06-22 00:20:51 - mkk_pika - main.py:49 - INFO - [{'_id': '5b82ca634ed86540b0b22d53', 'title': '第1集', 'order': 1, 'updated_at': '2018-08-25T07:14:40.244Z', 'id': '5b82ca634ed86540b0b22d53'}]
2026-06-22 00:20:51 - mkk_pika - database.py:215 - INFO - 第一次下载该漫画，记录数据库中
2026-06-22 00:20:52 - mkk_pika - main.py:83 - INFO - 找到 23 张图片在:第1集
2026-06-22 00:20:52 - mkk_pika - main.py:112 - INFO - [episode:第1集       ] downloaded:    23, total:  23, progress:100%
2026-06-22 00:20:52 - mkk_pika - database.py:238 - INFO - 数据库更新已下载章节
2026-06-22 00:20:52 - mkk_pika - database.py:244 - INFO - 该漫画已下载章节如下
2026-06-22 00:20:52 - mkk_pika - database.py:245 - INFO - ['第1集']
2026-06-22 00:20:54 - mkk_pika - main.py:348 - INFO - ==================== 漫画信息 ====================
                                   漫画ID：5b82ca634ed86540b0b22d52
                                   标题： (C93) 金髪まな板のテンプレート (アズールレーン)
                                   作者：ぞんびと愉快な仲間たち (すーぱーぞんび)
                                   是否完结：否
                                   总页数：23
                                   分类：短篇,同人
                                   章节数：1
                                   最后更新时间：2018-08-26T15:42:27.169Z
                                   =================================================
2026-06-22 00:20:54 - mkk_pika - database.py:101 - INFO - 保存成功： (C93) 金髪まな板のテンプレート (アズールレーン)
2026-06-22 00:20:54 - mkk_pika - main.py:35 - INFO - 开始检查(C94)タマモとHできる風俗店是否存在未下载章节
2026-06-22 00:20:54 - mkk_pika - main.py:45 - INFO - 正在下载:[(C94)タマモとHできる風俗店]-[にゅう工房 (にゅう)]-[['短篇']]-[total_pages:25]
2026-06-22 00:20:54 - mkk_pika - main.py:49 - INFO - [{'_id': '5b837bbe9da9dd40b887dcb9', 'title': '第1集', 'order': 1, 'updated_at': '2018-08-24T15:07:53.338Z', 'id': '5b837bbe9da9dd40b887dcb9'}]
2026-06-22 00:20:54 - mkk_pika - database.py:215 - INFO - 第一次下载该漫画，记录数据库中
2026-06-22 00:20:54 - mkk_pika - main.py:83 - INFO - 找到 25 张图片在:第1集
2026-06-22 00:20:55 - mkk_pika - main.py:112 - INFO - [episode:第1集       ] downloaded:    25, total:  25, progress:100%
2026-06-22 00:20:55 - mkk_pika - database.py:238 - INFO - 数据库更新已下载章节
2026-06-22 00:20:55 - mkk_pika - database.py:244 - INFO - 该漫画已下载章节如下
2026-06-22 00:20:55 - mkk_pika - database.py:245 - INFO - ['第1集']
2026-06-22 00:20:56 - mkk_pika - main.py:348 - INFO - ==================== 漫画信息 ====================
                                   漫画ID：5b837bbe9da9dd40b887dcb8
                                   标题：(C94)タマモとHできる風俗店
                                   作者：にゅう工房 (にゅう)
                                   是否完结：否
                                   总页数：25
                                   分类：短篇
                                   章节数：1
                                   最后更新时间：2018-08-27T04:19:10.814Z
                                   =================================================
2026-06-22 00:20:56 - mkk_pika - database.py:101 - INFO - 保存成功：(C94)タマモとHできる風俗店
2026-06-22 00:20:56 - mkk_pika - main.py:35 - INFO - 开始检查月がのぼる 前編 (コミックホットミルク 2018年8月号)是否存在未下载章节
2026-06-22 00:20:57 - mkk_pika - main.py:45 - INFO - 正在下载:[月がのぼる 前編 (コミックホットミルク 2018年8月号)]-[ロケットモンキー]-[['短篇', 'NTR']]-[total_pages:26]
2026-06-22 00:20:57 - mkk_pika - main.py:49 - INFO - [{'_id': '5b837bd7603a74752f0234d5', 'title': '第1集', 'order': 1, 'updated_at': '2018-08-24T15:11:54.166Z', 'id': '5b837bd7603a74752f0234d5'}]
2026-06-22 00:20:57 - mkk_pika - database.py:215 - INFO - 第一次下载该漫画，记录数据库中
2026-06-22 00:20:57 - mkk_pika - main.py:83 - INFO - 找到 26 张图片在:第1集
2026-06-22 00:20:58 - mkk_pika - main.py:112 - INFO - [episode:第1集       ] downloaded:    26, total:  26, progress:100%
2026-06-22 00:20:58 - mkk_pika - database.py:238 - INFO - 数据库更新已下载章节
2026-06-22 00:20:58 - mkk_pika - database.py:244 - INFO - 该漫画已下载章节如下
2026-06-22 00:20:58 - mkk_pika - database.py:245 - INFO - ['第1集']
2026-06-22 00:20:59 - mkk_pika - main.py:348 - INFO - ==================== 漫画信息 ====================
                                   漫画ID：5b837bd7603a74752f0234d4
                                   标题：月がのぼる 前編 (コミックホットミルク 2018年8月号)
                                   作者：ロケットモンキー
                                   是否完结：否
                                   总页数：26
                                   分类：短篇,NTR
                                   章节数：1
                                   最后更新时间：2018-08-27T04:19:35.051Z
                                   =================================================
2026-06-22 00:20:59 - mkk_pika - database.py:101 - INFO - 保存成功：月がのぼる 前編 (コミックホットミルク 2018年8月号)
2026-06-22 00:20:59 - mkk_pika - main.py:35 - INFO - 开始检查 熱体熟凛 Vol.13 ～サロン・de・アレクサンドル～ 是否存在未下载章节
2026-06-22 00:20:59 - mkk_pika - main.py:45 - INFO - 正在下载:[ 熱体熟凛 Vol.13 ～サロン・de・アレクサンドル～ ]-[スパイラルブレーン (暮古浪漫)]-[['短篇', '全彩']]-[total_pages:37]
2026-06-22 00:20:59 - mkk_pika - main.py:49 - INFO - [{'_id': '5b837c7a4ed86540b0b22f54', 'title': '第1集', 'order': 1, 'updated_at': '2018-08-24T15:32:32.611Z', 'id': '5b837c7a4ed86540b0b22f54'}]
2026-06-22 00:20:59 - mkk_pika - database.py:215 - INFO - 第一次下载该漫画，记录数据库中
2026-06-22 00:21:00 - mkk_pika - main.py:83 - INFO - 找到 37 张图片在:第1集
2026-06-22 00:21:01 - mkk_pika - main.py:112 - INFO - [episode:第1集       ] downloaded:    37, total:  37, progress:100%
2026-06-22 00:21:01 - mkk_pika - database.py:238 - INFO - 数据库更新已下载章节
2026-06-22 00:21:01 - mkk_pika - database.py:244 - INFO - 该漫画已下载章节如下
2026-06-22 00:21:01 - mkk_pika - database.py:245 - INFO - ['第1集']
2026-06-22 00:21:02 - mkk_pika - main.py:348 - INFO - ==================== 漫画信息 ====================
                                   漫画ID：5b837c7a4ed86540b0b22f53
                                   标题： 熱体熟凛 Vol.13 ～サロン・de・アレクサンドル～ 
                                   作者：スパイラルブレーン (暮古浪漫)
                                   是否完结：否
                                   总页数：37
                                   分类：短篇,全彩
                                   章节数：1
                                   最后更新时间：2018-08-27T04:22:18.748Z
                                   =================================================
2026-06-22 00:21:02 - mkk_pika - database.py:101 - INFO - 保存成功： 熱体熟凛 Vol.13 ～サロン・de・アレクサンドル～ 
2026-06-22 00:21:02 - mkk_pika - main.py:35 - INFO - 开始检查(砲雷撃戦! よーい! 二十九戦目)  好きな人ができた朝潮ちゃんとえっちするほん (艦隊これくしょん -艦これ-)是否存在未下载章节
2026-06-22 00:21:02 - mkk_pika - main.py:45 - INFO - 正在下载:[(砲雷撃戦! よーい! 二十九戦目)  好きな人ができた朝潮ちゃんとえっちするほん (艦隊これくしょん -艦これ-)]-[揺れる蛍光灯 (西畑けい)]-[['短篇', '同人', '艦隊收藏']]-[total_pages:23]
2026-06-22 00:21:02 - mkk_pika - main.py:49 - INFO - [{'_id': '5b837e8d95e52040eaff5657', 'title': '第1集', 'order': 1, 'updated_at': '2018-08-25T07:06:31.004Z', 'id': '5b837e8d95e52040eaff5657'}]
2026-06-22 00:21:02 - mkk_pika - database.py:215 - INFO - 第一次下载该漫画，记录数据库中
2026-06-22 00:21:03 - mkk_pika - main.py:83 - INFO - 找到 23 张图片在:第1集
2026-06-22 00:21:04 - mkk_pika - main.py:112 - INFO - [episode:第1集       ] downloaded:    23, total:  23, progress:100%
2026-06-22 00:21:04 - mkk_pika - database.py:238 - INFO - 数据库更新已下载章节
2026-06-22 00:21:04 - mkk_pika - database.py:244 - INFO - 该漫画已下载章节如下
2026-06-22 00:21:04 - mkk_pika - database.py:245 - INFO - ['第1集']
2026-06-22 00:21:05 - mkk_pika - main.py:348 - INFO - ==================== 漫画信息 ====================
                                   漫画ID：5b837e8d95e52040eaff5656
                                   标题：(砲雷撃戦! よーい! 二十九戦目)  好きな人ができた朝潮ちゃんとえっちするほん (艦隊これくしょん -艦これ-)
                                   作者：揺れる蛍光灯 (西畑けい)
                                   是否完结：否
                                   总页数：23
                                   分类：短篇,同人,艦隊收藏
                                   章节数：1
                                   最后更新时间：2018-08-27T04:31:09.523Z
                                   =================================================
2026-06-22 00:21:05 - mkk_pika - database.py:101 - INFO - 保存成功：(砲雷撃戦! よーい! 二十九戦目)  好きな人ができた朝潮ちゃんとえっちするほん (艦隊これくしょん -艦これ-)
2026-06-22 00:21:05 - mkk_pika - main.py:35 - INFO - 开始检查(C94) 僕と愛宕お姉さんの夏休み性観察日記 (アズールレーン)是否存在未下载章节
2026-06-22 00:21:05 - mkk_pika - main.py:45 - INFO - 正在下载:[(C94) 僕と愛宕お姉さんの夏休み性観察日記 (アズールレーン)]-[テングコテング (コテング)]-[['同人', '短篇']]-[total_pages:20]
2026-06-22 00:21:05 - mkk_pika - main.py:49 - INFO - [{'_id': '5b837ecba966ab47b2720c8c', 'title': '第1集', 'order': 1, 'updated_at': '2018-08-27T02:20:14.628Z', 'id': '5b837ecba966ab47b2720c8c'}]
2026-06-22 00:21:05 - mkk_pika - database.py:215 - INFO - 第一次下载该漫画，记录数据库中
2026-06-22 00:21:06 - mkk_pika - main.py:83 - INFO - 找到 20 张图片在:第1集
2026-06-22 00:21:06 - mkk_pika - main.py:112 - INFO - [episode:第1集       ] downloaded:    20, total:  20, progress:100%
2026-06-22 00:21:06 - mkk_pika - database.py:238 - INFO - 数据库更新已下载章节
2026-06-22 00:21:06 - mkk_pika - database.py:244 - INFO - 该漫画已下载章节如下
2026-06-22 00:21:06 - mkk_pika - database.py:245 - INFO - ['第1集']
2026-06-22 00:21:08 - mkk_pika - main.py:348 - INFO - ==================== 漫画信息 ====================
                                   漫画ID：5b837ecba966ab47b2720c8b
                                   标题：(C94) 僕と愛宕お姉さんの夏休み性観察日記 (アズールレーン)
                                   作者：テングコテング (コテング)
                                   是否完结：是
                                   总页数：20
                                   分类：同人,短篇
                                   章节数：1
                                   最后更新时间：2018-08-27T04:32:11.335Z
                                   =================================================
2026-06-22 00:21:08 - mkk_pika - database.py:101 - INFO - 保存成功：(C94) 僕と愛宕お姉さんの夏休み性観察日記 (アズールレーン)
2026-06-22 00:21:08 - mkk_pika - main.py:35 - INFO - 开始检查カオティック中谷家是否存在未下载章节
2026-06-22 00:21:08 - mkk_pika - main.py:45 - INFO - 正在下载:[カオティック中谷家]-[ネギネギ夫]-[['短篇']]-[total_pages:33]
2026-06-22 00:21:08 - mkk_pika - main.py:49 - INFO - [{'_id': '5b837ed795e52040eaff5670', 'title': '第1集', 'order': 1, 'updated_at': '2018-08-27T02:16:50.510Z', 'id': '5b837ed795e52040eaff5670'}]
2026-06-22 00:21:08 - mkk_pika - database.py:215 - INFO - 第一次下载该漫画，记录数据库中
2026-06-22 00:21:08 - mkk_pika - main.py:83 - INFO - 找到 33 张图片在:第1集
2026-06-22 00:21:09 - mkk_pika - main.py:112 - INFO - [episode:第1集       ] downloaded:    33, total:  33, progress:100%
2026-06-22 00:21:09 - mkk_pika - database.py:238 - INFO - 数据库更新已下载章节
2026-06-22 00:21:09 - mkk_pika - database.py:244 - INFO - 该漫画已下载章节如下
2026-06-22 00:21:09 - mkk_pika - database.py:245 - INFO - ['第1集']
2026-06-22 00:21:11 - mkk_pika - main.py:348 - INFO - ==================== 漫画信息 ====================
                                   漫画ID：5b837ed795e52040eaff566f
                                   标题：カオティック中谷家
                                   作者：ネギネギ夫
                                   是否完结：是
                                   总页数：33
                                   分类：短篇
                                   章节数：1
                                   最后更新时间：2018-08-27T04:32:23.112Z
                                   =================================================
2026-06-22 00:21:11 - mkk_pika - database.py:101 - INFO - 保存成功：カオティック中谷家
2026-06-22 00:21:11 - mkk_pika - main.py:35 - INFO - 开始检查私立律心学園 ―性処理委員と、そのお仕事。―是否存在未下载章节
2026-06-22 00:21:11 - mkk_pika - main.py:45 - INFO - 正在下载:[私立律心学園 ―性処理委員と、そのお仕事。―]-[13.]-[['長篇', '後宮閃光', '單行本']]-[total_pages:201]
2026-06-22 00:21:11 - mkk_pika - main.py:49 - INFO - [{'_id': '5b837ee796eb8f47e9a1d9a7', 'title': '第1集', 'order': 1, 'updated_at': '2018-08-26T08:05:52.383Z', 'id': '5b837ee796eb8f47e9a1d9a7'}]
2026-06-22 00:21:11 - mkk_pika - database.py:215 - INFO - 第一次下载该漫画，记录数据库中
2026-06-22 00:21:13 - mkk_pika - main.py:83 - INFO - 找到 201 张图片在:第1集
2026-06-22 00:21:19 - mkk_pika - main.py:112 - INFO - [episode:第1集       ] downloaded:   201, total: 201, progress:100%
2026-06-22 00:21:19 - mkk_pika - database.py:238 - INFO - 数据库更新已下载章节
2026-06-22 00:21:19 - mkk_pika - database.py:244 - INFO - 该漫画已下载章节如下
2026-06-22 00:21:19 - mkk_pika - database.py:245 - INFO - ['第1集']
2026-06-22 00:21:20 - mkk_pika - main.py:348 - INFO - ==================== 漫画信息 ====================
                                   漫画ID：5b837ee796eb8f47e9a1d9a6
                                   标题：私立律心学園 ―性処理委員と、そのお仕事。―
                                   作者：13.
                                   是否完结：是
                                   总页数：201
                                   分类：長篇,後宮閃光,單行本
                                   章节数：1
                                   最后更新时间：2018-08-27T04:32:39.304Z
                                   =================================================
2026-06-22 00:21:20 - mkk_pika - database.py:101 - INFO - 保存成功：私立律心学園 ―性処理委員と、そのお仕事。―
2026-06-22 00:21:20 - mkk_pika - main.py:35 - INFO - 开始检查(秋季例大祭4) 攻め攻めJK早苗さん (東方Project)是否存在未下载章节
2026-06-22 00:21:20 - mkk_pika - main.py:45 - INFO - 正在下载:[(秋季例大祭4) 攻め攻めJK早苗さん (東方Project)]-[蒟蒻鍋 (magifuro蒟蒻)]-[['同人', '短篇', '東方']]-[total_pages:28]
2026-06-22 00:21:20 - mkk_pika - main.py:49 - INFO - [{'_id': '5b8380159da9dd40b887dec9', 'title': '第1集', 'order': 1, 'updated_at': '2018-08-27T02:10:07.735Z', 'id': '5b8380159da9dd40b887dec9'}]
2026-06-22 00:21:20 - mkk_pika - database.py:215 - INFO - 第一次下载该漫画，记录数据库中
2026-06-22 00:21:21 - mkk_pika - main.py:83 - INFO - 找到 28 张图片在:第1集
2026-06-22 00:21:22 - mkk_pika - main.py:112 - INFO - [episode:第1集       ] downloaded:    28, total:  28, progress:100%
2026-06-22 00:21:22 - mkk_pika - database.py:238 - INFO - 数据库更新已下载章节
2026-06-22 00:21:22 - mkk_pika - database.py:244 - INFO - 该漫画已下载章节如下
2026-06-22 00:21:22 - mkk_pika - database.py:245 - INFO - ['第1集']
2026-06-22 00:21:23 - mkk_pika - main.py:348 - INFO - ==================== 漫画信息 ====================
                                   漫画ID：5b8380159da9dd40b887dec8
                                   标题：(秋季例大祭4) 攻め攻めJK早苗さん (東方Project)
                                   作者：蒟蒻鍋 (magifuro蒟蒻)
                                   是否完结：是
                                   总页数：28
                                   分类：同人,短篇,東方
                                   章节数：1
                                   最后更新时间：2018-08-27T04:37:41.317Z
                                   =================================================
2026-06-22 00:21:23 - mkk_pika - database.py:101 - INFO - 保存成功：(秋季例大祭4) 攻め攻めJK早苗さん (東方Project)
2026-06-22 00:21:23 - mkk_pika - main.py:35 - INFO - 开始检查(関西!けもケット6) ナキウサギ (疯狂动物城)是否存在未下载章节
2026-06-22 00:21:23 - mkk_pika - main.py:45 - INFO - 正在下载:[(関西!けもケット6) ナキウサギ (疯狂动物城)]-[ Dogear (犬耳もえ太)]-[['同人', '非人類']]-[total_pages:28]
2026-06-22 00:21:23 - mkk_pika - main.py:49 - INFO - [{'_id': '5b8380629da9dd40b887deed', 'title': '第1集', 'order': 1, 'updated_at': '2018-08-26T14:28:02.177Z', 'id': '5b8380629da9dd40b887deed'}]
2026-06-22 00:21:23 - mkk_pika - database.py:215 - INFO - 第一次下载该漫画，记录数据库中
2026-06-22 00:21:24 - mkk_pika - main.py:83 - INFO - 找到 28 张图片在:第1集
2026-06-22 00:21:24 - mkk_pika - main.py:112 - INFO - [episode:第1集       ] downloaded:    28, total:  28, progress:100%
2026-06-22 00:21:24 - mkk_pika - database.py:238 - INFO - 数据库更新已下载章节
2026-06-22 00:21:24 - mkk_pika - database.py:244 - INFO - 该漫画已下载章节如下
2026-06-22 00:21:24 - mkk_pika - database.py:245 - INFO - ['第1集']
2026-06-22 00:21:26 - mkk_pika - main.py:348 - INFO - ==================== 漫画信息 ====================
                                   漫画ID：5b8380629da9dd40b887deec
                                   标题：(関西!けもケット6) ナキウサギ (疯狂动物城)
                                   作者： Dogear (犬耳もえ太)
                                   是否完结：是
                                   总页数：28
                                   分类：同人,非人類
                                   章节数：1
                                   最后更新时间：2018-08-27T04:38:58.371Z
                                   =================================================
2026-06-22 00:21:26 - mkk_pika - database.py:101 - INFO - 保存成功：(関西!けもケット6) ナキウサギ (疯狂动物城)
2026-06-22 00:21:26 - mkk_pika - main.py:35 - INFO - 开始检查堕忍アヤメ是否存在未下载章节
2026-06-22 00:21:26 - mkk_pika - main.py:45 - INFO - 正在下载:[堕忍アヤメ]-[AMP (野良黒ネロ)]-[['同人', '短篇']]-[total_pages:31]
2026-06-22 00:21:26 - mkk_pika - main.py:49 - INFO - [{'_id': '5b8380abf443be2c614ef792', 'title': '第1集', 'order': 1, 'updated_at': '2018-08-26T13:00:16.532Z', 'id': '5b8380abf443be2c614ef792'}]
2026-06-22 00:21:26 - mkk_pika - database.py:215 - INFO - 第一次下载该漫画，记录数据库中
2026-06-22 00:21:27 - mkk_pika - main.py:83 - INFO - 找到 31 张图片在:第1集
2026-06-22 00:21:27 - mkk_pika - main.py:112 - INFO - [episode:第1集       ] downloaded:    31, total:  31, progress:100%
2026-06-22 00:21:27 - mkk_pika - database.py:238 - INFO - 数据库更新已下载章节
2026-06-22 00:21:27 - mkk_pika - database.py:244 - INFO - 该漫画已下载章节如下
2026-06-22 00:21:27 - mkk_pika - database.py:245 - INFO - ['第1集']
2026-06-22 00:21:29 - mkk_pika - main.py:348 - INFO - ==================== 漫画信息 ====================
                                   漫画ID：5b8380abf443be2c614ef791
                                   标题：堕忍アヤメ
                                   作者：AMP (野良黒ネロ)
                                   是否完结：否
                                   总页数：31
                                   分类：同人,短篇
                                   章节数：1
                                   最后更新时间：2018-08-27T04:40:11.238Z
                                   =================================================
2026-06-22 00:21:29 - mkk_pika - database.py:101 - INFO - 保存成功：堕忍アヤメ
2026-06-22 00:21:29 - mkk_pika - main.py:35 - INFO - 开始检查楽園快放 II是否存在未下载章节
2026-06-22 00:21:29 - mkk_pika - main.py:45 - INFO - 正在下载:[楽園快放 II]-[GALAXIST (BLADE)]-[['同人', '短篇', '非人類']]-[total_pages:16]
2026-06-22 00:21:29 - mkk_pika - main.py:49 - INFO - [{'_id': '5b8380bf17edd92c317b6cf1', 'title': '第1集', 'order': 1, 'updated_at': '2018-08-26T12:50:34.710Z', 'id': '5b8380bf17edd92c317b6cf1'}]
2026-06-22 00:21:29 - mkk_pika - database.py:215 - INFO - 第一次下载该漫画，记录数据库中
2026-06-22 00:21:29 - mkk_pika - main.py:83 - INFO - 找到 16 张图片在:第1集
2026-06-22 00:21:30 - mkk_pika - main.py:112 - INFO - [episode:第1集       ] downloaded:    16, total:  16, progress:100%
2026-06-22 00:21:30 - mkk_pika - database.py:238 - INFO - 数据库更新已下载章节
2026-06-22 00:21:30 - mkk_pika - database.py:244 - INFO - 该漫画已下载章节如下
2026-06-22 00:21:30 - mkk_pika - database.py:245 - INFO - ['第1集']
2026-06-22 00:21:31 - mkk_pika - main.py:348 - INFO - ==================== 漫画信息 ====================
                                   漫画ID：5b8380bf17edd92c317b6cf0
                                   标题：楽園快放 II
                                   作者：GALAXIST (BLADE)
                                   是否完结：否
                                   总页数：16
                                   分类：同人,短篇,非人類
                                   章节数：1
                                   最后更新时间：2018-08-27T04:40:31.831Z
                                   =================================================
2026-06-22 00:21:31 - mkk_pika - database.py:101 - INFO - 保存成功：楽園快放 II
2026-06-22 00:21:31 - mkk_pika - main.py:35 - INFO - 开始检查偶像歌手阿狸 世界巡演之后是否存在未下载章节
2026-06-22 00:21:31 - mkk_pika - main.py:45 - INFO - 正在下载:[偶像歌手阿狸 世界巡演之后]-[Firolian]-[['全彩', '短篇', '同人']]-[total_pages:84]
2026-06-22 00:21:31 - mkk_pika - main.py:49 - INFO - [{'_id': '5b83815295e52040eaff5716', 'title': '第1集', 'order': 1, 'updated_at': '2018-08-26T06:27:55.005Z', 'id': '5b83815295e52040eaff5716'}]
2026-06-22 00:21:31 - mkk_pika - database.py:215 - INFO - 第一次下载该漫画，记录数据库中
2026-06-22 00:21:33 - mkk_pika - main.py:83 - INFO - 找到 84 张图片在:第1集
2026-06-22 00:21:35 - mkk_pika - main.py:112 - INFO - [episode:第1集       ] downloaded:    84, total:  84, progress:100%
2026-06-22 00:21:35 - mkk_pika - database.py:238 - INFO - 数据库更新已下载章节
2026-06-22 00:21:35 - mkk_pika - database.py:244 - INFO - 该漫画已下载章节如下
2026-06-22 00:21:35 - mkk_pika - database.py:245 - INFO - ['第1集']
2026-06-22 00:21:36 - mkk_pika - main.py:348 - INFO - ==================== 漫画信息 ====================
                                   漫画ID：5b83815295e52040eaff5715
                                   标题：偶像歌手阿狸 世界巡演之后
                                   作者：Firolian
                                   是否完结：是
                                   总页数：84
                                   分类：全彩,短篇,同人
                                   章节数：1
                                   最后更新时间：2018-08-27T04:42:58.822Z
                                   =================================================
2026-06-22 00:21:36 - mkk_pika - database.py:101 - INFO - 保存成功：偶像歌手阿狸 世界巡演之后
2026-06-22 00:21:36 - mkk_pika - main.py:35 - INFO - 开始检查D.Va - Secret of Junkertown是否存在未下载章节
2026-06-22 00:21:36 - mkk_pika - main.py:45 - INFO - 正在下载:[D.Va - Secret of Junkertown]-[Firolian]-[['全彩', '同人', '短篇']]-[total_pages:24]
2026-06-22 00:21:36 - mkk_pika - main.py:49 - INFO - [{'_id': '5b83816395e52040eaff576c', 'title': '第1集', 'order': 1, 'updated_at': '2018-08-26T06:36:04.777Z', 'id': '5b83816395e52040eaff576c'}]
2026-06-22 00:21:36 - mkk_pika - database.py:215 - INFO - 第一次下载该漫画，记录数据库中
2026-06-22 00:21:37 - mkk_pika - main.py:83 - INFO - 找到 24 张图片在:第1集
2026-06-22 00:21:37 - mkk_pika - main.py:112 - INFO - [episode:第1集       ] downloaded:    24, total:  24, progress:100%
2026-06-22 00:21:37 - mkk_pika - database.py:238 - INFO - 数据库更新已下载章节
2026-06-22 00:21:37 - mkk_pika - database.py:244 - INFO - 该漫画已下载章节如下
2026-06-22 00:21:37 - mkk_pika - database.py:245 - INFO - ['第1集']
2026-06-22 00:21:39 - mkk_pika - main.py:348 - INFO - ==================== 漫画信息 ====================
                                   漫画ID：5b83816395e52040eaff576b
                                   标题：D.Va - Secret of Junkertown
                                   作者：Firolian
                                   是否完结：是
                                   总页数：24
                                   分类：全彩,同人,短篇
                                   章节数：1
                                   最后更新时间：2018-08-27T04:43:15.806Z
                                   =================================================
2026-06-22 00:21:39 - mkk_pika - database.py:101 - INFO - 保存成功：D.Va - Secret of Junkertown
2026-06-22 00:21:39 - mkk_pika - main.py:35 - INFO - 开始检查Li-Ming是否存在未下载章节
2026-06-22 00:21:39 - mkk_pika - main.py:45 - INFO - 正在下载:[Li-Ming]-[Firolian]-[['全彩', '短篇', '同人']]-[total_pages:26]
2026-06-22 00:21:39 - mkk_pika - main.py:49 - INFO - [{'_id': '5b83816e9da9dd40b887df11', 'title': '第1集', 'order': 1, 'updated_at': '2018-08-26T06:41:17.608Z', 'id': '5b83816e9da9dd40b887df11'}]
2026-06-22 00:21:39 - mkk_pika - database.py:215 - INFO - 第一次下载该漫画，记录数据库中
2026-06-22 00:21:39 - mkk_pika - main.py:83 - INFO - 找到 26 张图片在:第1集
2026-06-22 00:21:40 - mkk_pika - main.py:112 - INFO - [episode:第1集       ] downloaded:    26, total:  26, progress:100%
2026-06-22 00:21:40 - mkk_pika - database.py:238 - INFO - 数据库更新已下载章节
2026-06-22 00:21:40 - mkk_pika - database.py:244 - INFO - 该漫画已下载章节如下
2026-06-22 00:21:40 - mkk_pika - database.py:245 - INFO - ['第1集']
2026-06-22 00:21:41 - mkk_pika - main.py:348 - INFO - ==================== 漫画信息 ====================
                                   漫画ID：5b83816e9da9dd40b887df10
                                   标题：Li-Ming
                                   作者：Firolian
                                   是否完结：是
                                   总页数：26
                                   分类：全彩,短篇,同人
                                   章节数：1
                                   最后更新时间：2018-08-27T04:43:26.887Z
                                   =================================================
2026-06-22 00:21:41 - mkk_pika - database.py:101 - INFO - 保存成功：Li-Ming
2026-06-22 00:21:41 - mkk_pika - main.py:35 - INFO - 开始检查Yenn Story是否存在未下载章节
2026-06-22 00:21:42 - mkk_pika - main.py:45 - INFO - 正在下载:[Yenn Story]-[Firolian]-[['全彩', '短篇', '同人', '非人類']]-[total_pages:33]
2026-06-22 00:21:42 - mkk_pika - main.py:49 - INFO - [{'_id': '5b8381784ed86540b0b2316c', 'title': '第1集', 'order': 1, 'updated_at': '2018-08-26T07:01:39.305Z', 'id': '5b8381784ed86540b0b2316c'}]
2026-06-22 00:21:42 - mkk_pika - database.py:215 - INFO - 第一次下载该漫画，记录数据库中
2026-06-22 00:21:42 - mkk_pika - main.py:83 - INFO - 找到 33 张图片在:第1集
2026-06-22 00:21:43 - mkk_pika - main.py:112 - INFO - [episode:第1集       ] downloaded:    33, total:  33, progress:100%
2026-06-22 00:21:43 - mkk_pika - database.py:238 - INFO - 数据库更新已下载章节
2026-06-22 00:21:43 - mkk_pika - database.py:244 - INFO - 该漫画已下载章节如下
2026-06-22 00:21:43 - mkk_pika - database.py:245 - INFO - ['第1集']
2026-06-22 00:21:44 - mkk_pika - main.py:348 - INFO - ==================== 漫画信息 ====================
                                   漫画ID：5b8381784ed86540b0b2316b
                                   标题：Yenn Story
                                   作者：Firolian
                                   是否完结：是
                                   总页数：33
                                   分类：全彩,短篇,同人,非人類
                                   章节数：1
                                   最后更新时间：2018-08-27T04:43:36.987Z
                                   =================================================
2026-06-22 00:21:44 - mkk_pika - database.py:101 - INFO - 保存成功：Yenn Story
2026-06-22 00:21:44 - mkk_pika - main.py:380 - INFO - 本次任务下载完毕
2026-06-22 00:21:44 - mkk_pika - database.py:173 - INFO - 数据库连接已关闭
