2026-05-22 00:12:30 - mkk_pika - main.py:193 - INFO - =======================================================================
2026-05-22 00:12:30 - mkk_pika - database.py:61 - INFO - 表和索引初始化成功
2026-05-22 00:12:30 - mkk_pika - main.py:197 - INFO - 已经累计下载11092本漫画
2026-05-22 00:12:30 - mkk_pika - api.py:87 - INFO - 登录成功
2026-05-22 00:12:31 - mkk_pika - main.py:203 - INFO - 收藏夹共计0本漫画
2026-05-22 00:12:31 - mkk_pika - main.py:206 - INFO - 开始下载收藏夹内未下载内容
2026-05-22 00:12:31 - mkk_pika - main.py:266 - INFO - 收藏夹内容下载完毕
2026-05-22 00:12:31 - mkk_pika - main.py:268 - INFO - 开始下载订阅内容
2026-05-22 00:12:31 - mkk_pika - database.py:258 - INFO - 根据ID查询到标题：萝莉 -> らぶみにまむ [DL版]
2026-05-22 00:12:31 - mkk_pika - database.py:101 - INFO - 保存成功：らぶみにまむ [DL版]
2026-05-22 00:12:31 - mkk_pika - main.py:273 - INFO - 关键词萝莉找到1本漫画
2026-05-22 00:12:31 - mkk_pika - database.py:258 - INFO - 根据ID查询到标题：蘿莉 -> Artist Otonashi（AI）
2026-05-22 00:12:32 - mkk_pika - database.py:101 - INFO - 保存成功：[PIXIV] YTL [109433637]（AI）
2026-05-22 00:12:32 - mkk_pika - main.py:273 - INFO - 关键词蘿莉找到3本漫画
2026-05-22 00:12:32 - mkk_pika - main.py:275 - INFO - 订阅内容共计4本漫画
2026-05-22 00:12:32 - mkk_pika - main.py:35 - INFO - 开始检查身長差マックス夫婦1-3+遊園地デート+バカンスへ行く[中国翻译]是否存在未下载章节
2026-05-22 00:12:32 - mkk_pika - database.py:203 - INFO - 查询数据库中是否已存在第1話V1
2026-05-22 00:12:32 - mkk_pika - database.py:203 - INFO - 查询数据库中是否已存在第1話V2
2026-05-22 00:12:32 - mkk_pika - database.py:203 - INFO - 查询数据库中是否已存在第1話無修loli重嵌
2026-05-22 00:12:32 - mkk_pika - database.py:203 - INFO - 查询数据库中是否已存在第2話
2026-05-22 00:12:32 - mkk_pika - database.py:203 - INFO - 查询数据库中是否已存在第3話
2026-05-22 00:12:32 - mkk_pika - database.py:203 - INFO - 查询数据库中是否已存在遊園地デート
2026-05-22 00:12:32 - mkk_pika - database.py:203 - INFO - 查询数据库中是否已存在バカンスへ行く
2026-05-22 00:12:32 - mkk_pika - main.py:51 - INFO - 身長差マックス夫婦1-3+遊園地デート+バカンスへ行く[中国翻译]中没有可下载章节
2026-05-22 00:12:32 - mkk_pika - main.py:292 - INFO - ==================== 漫画信息 ====================
                                漫画ID：66169862e631de6a49b1fbe1
                                标题：身長差マックス夫婦1-3+遊園地デート+バカンスへ行く[中国翻译]
                                作者：あいらんどう
                                是否完结：是
                                总页数：97
                                分类：長篇,純愛
                                章节数：7
                                最后更新时间：2025-07-30T18:48:57.812Z
                                =================================================
2026-05-22 00:12:32 - mkk_pika - database.py:101 - INFO - 保存成功：身長差マックス夫婦1-3+遊園地デート+バカンスへ行く[中国翻译]
2026-05-22 00:12:32 - mkk_pika - main.py:35 - INFO - 开始检查アニマルシンドローム | 兽化综合征是否存在未下载章节
2026-05-22 00:12:33 - mkk_pika - main.py:45 - INFO - 正在下载:[アニマルシンドローム | 兽化综合征]-[HIGH:LAND (高嶋しょあ)]-[['短篇', '純愛']]-[total_pages:-1]
2026-05-22 00:12:33 - mkk_pika - main.py:49 - INFO - [{'_id': '6a0cb9d3f460a17fb6eb329e', 'title': '第1話', 'order': 1, 'updated_at': '2026-05-17T17:05:53.519Z', 'id': '6a0cb9d3f460a17fb6eb329e'}]
2026-05-22 00:12:33 - mkk_pika - database.py:215 - INFO - 第一次下载该漫画，记录数据库中
2026-05-22 00:12:34 - mkk_pika - main.py:83 - INFO - 找到 47 张图片在:第1話
2026-05-22 00:12:35 - mkk_pika - main.py:112 - INFO - [episode:第1話       ] downloaded:    47, total:  47, progress:100%
2026-05-22 00:12:35 - mkk_pika - database.py:238 - INFO - 数据库更新已下载章节
2026-05-22 00:12:35 - mkk_pika - database.py:244 - INFO - 该漫画已下载章节如下
2026-05-22 00:12:35 - mkk_pika - database.py:245 - INFO - ['第1話']
2026-05-22 00:12:36 - mkk_pika - main.py:292 - INFO - ==================== 漫画信息 ====================
                                漫画ID：6a0cb9d3f460a17fb6eb329d
                                标题：アニマルシンドローム | 兽化综合征
                                作者：HIGH:LAND (高嶋しょあ)
                                是否完结：否
                                总页数：47
                                分类：短篇,純愛
                                章节数：1
                                最后更新时间：2026-05-19T19:28:19.135Z
                                =================================================
2026-05-22 00:12:36 - mkk_pika - database.py:101 - INFO - 保存成功：アニマルシンドローム | 兽化综合征
2026-05-22 00:12:36 - mkk_pika - main.py:35 - INFO - 开始检查commission!是否存在未下载章节
2026-05-22 00:12:37 - mkk_pika - main.py:45 - INFO - 正在下载:[commission!]-[七氏]-[['全彩', '短篇']]-[total_pages:-1]
2026-05-22 00:12:37 - mkk_pika - main.py:49 - INFO - [{'_id': '6a0f4b711434570ef6fa9bb0', 'title': '第1話', 'order': 1, 'updated_at': '2026-05-20T12:43:30.697Z', 'id': '6a0f4b711434570ef6fa9bb0'}]
2026-05-22 00:12:37 - mkk_pika - database.py:215 - INFO - 第一次下载该漫画，记录数据库中
2026-05-22 00:12:37 - mkk_pika - main.py:83 - INFO - 找到 6 张图片在:第1話
2026-05-22 00:12:38 - mkk_pika - main.py:112 - INFO - [episode:第1話       ] downloaded:     6, total:   6, progress:100%
2026-05-22 00:12:38 - mkk_pika - database.py:238 - INFO - 数据库更新已下载章节
2026-05-22 00:12:38 - mkk_pika - database.py:244 - INFO - 该漫画已下载章节如下
2026-05-22 00:12:38 - mkk_pika - database.py:245 - INFO - ['第1話']
2026-05-22 00:12:39 - mkk_pika - main.py:292 - INFO - ==================== 漫画信息 ====================
                                漫画ID：6a0f4b711434570ef6fa9baf
                                标题：commission!
                                作者：七氏
                                是否完结：否
                                总页数：6
                                分类：全彩,短篇
                                章节数：1
                                最后更新时间：2026-05-21T18:14:09.441Z
                                =================================================
2026-05-22 00:12:39 - mkk_pika - database.py:101 - INFO - 保存成功：commission!
2026-05-22 00:12:39 - mkk_pika - main.py:35 - INFO - 开始检查教育的鬼イカセっ!!!! ～るいちゃんはえーぶい女優になりたい!：中編～是否存在未下载章节
2026-05-22 00:12:39 - mkk_pika - database.py:203 - INFO - 查询数据库中是否已存在生肉
2026-05-22 00:12:39 - mkk_pika - database.py:203 - INFO - 查询数据库中是否已存在熟肉
2026-05-22 00:12:39 - mkk_pika - main.py:51 - INFO - 教育的鬼イカセっ!!!! ～るいちゃんはえーぶい女優になりたい!：中編～中没有可下载章节
2026-05-22 00:12:39 - mkk_pika - main.py:292 - INFO - ==================== 漫画信息 ====================
                                漫画ID：69651b35a11e197407c2569f
                                标题：教育的鬼イカセっ!!!! ～るいちゃんはえーぶい女優になりたい!：中編～
                                作者：垂涎の耳
                                是否完结：否
                                总页数：121
                                分类：長篇,SM
                                章节数：2
                                最后更新时间：2026-05-20T15:45:22.826Z
                                =================================================
2026-05-22 00:12:39 - mkk_pika - database.py:101 - INFO - 保存成功：教育的鬼イカセっ!!!! ～るいちゃんはえーぶい女優になりたい!：中編～
2026-05-22 00:12:39 - mkk_pika - main.py:323 - INFO - 订阅内容内容下载完毕
2026-05-22 00:12:39 - mkk_pika - main.py:324 - INFO - 开始分批下载全部章节
2026-05-22 00:12:39 - mkk_pika - database.py:280 - INFO - 表和索引初始化成功
2026-05-22 00:12:40 - mkk_pika - main.py:177 - INFO - 已经下载了763页，一共6917页，现在开始添加第764页
2026-05-22 00:12:40 - mkk_pika - database.py:318 - INFO - 保存成功
2026-05-22 00:12:41 - mkk_pika - main.py:177 - INFO - 已经下载了764页，一共6917页，现在开始添加第765页
2026-05-22 00:12:41 - mkk_pika - database.py:318 - INFO - 保存成功
2026-05-22 00:12:41 - mkk_pika - main.py:177 - INFO - 已经下载了765页，一共6917页，现在开始添加第766页
2026-05-22 00:12:42 - mkk_pika - database.py:318 - INFO - 保存成功
2026-05-22 00:12:42 - mkk_pika - main.py:177 - INFO - 已经下载了766页，一共6917页，现在开始添加第767页
2026-05-22 00:12:43 - mkk_pika - database.py:318 - INFO - 保存成功
2026-05-22 00:12:43 - mkk_pika - main.py:177 - INFO - 已经下载了767页，一共6917页，现在开始添加第768页
2026-05-22 00:12:43 - mkk_pika - database.py:318 - INFO - 保存成功
2026-05-22 00:12:43 - mkk_pika - main.py:331 - INFO - 分批下载共计48本漫画
2026-05-22 00:12:43 - mkk_pika - main.py:35 - INFO - 开始检查発情スイッチ（發情開關）1~4合集是否存在未下载章节
2026-05-22 00:12:44 - mkk_pika - main.py:45 - INFO - 正在下载:[発情スイッチ（發情開關）1~4合集]-[一宮夕羽]-[['長篇', '強暴']]-[total_pages:60]
2026-05-22 00:12:44 - mkk_pika - main.py:49 - INFO - [{'_id': '59a516d863baf76f4d380539', 'title': '[CE家族社]第1話 神乎其技的操作', 'order': 1, 'updated_at': '2017-08-29T01:04:19.508Z', 'id': '59a516d863baf76f4d380539'}, {'_id': '59a516d863baf76f4d38053a', 'title': ' [黑條漢化]第2話 越看越想学的操作', 'order': 2, 'updated_at': '2017-08-29T01:39:14.057Z', 'id': '59a516d863baf76f4d38053a'}, {'_id': '59a516d863baf76f4d38053b', 'title': '[黑條漢化]第3話 想学么？那就想去吧', 'order': 3, 'updated_at': '2017-08-29T01:34:05.910Z', 'id': '59a516d863baf76f4d38053b'}, {'_id': '59a516d863baf76f4d38053c', 'title': '[黑條漢化]第4話 喵喵喵？就没了！？', 'order': 4, 'updated_at': '2017-08-29T01:44:33.863Z', 'id': '59a516d863baf76f4d38053c'}]
2026-05-22 00:12:44 - mkk_pika - database.py:215 - INFO - 第一次下载该漫画，记录数据库中
2026-05-22 00:12:44 - mkk_pika - main.py:83 - INFO - 找到 20 张图片在:[CE家族社]第1話神乎其技的操作
2026-05-22 00:12:45 - mkk_pika - main.py:112 - INFO - [episode:[CE家族社]第1話 神乎其技的操作] downloaded:    20, total:  20, progress:100%
2026-05-22 00:12:45 - mkk_pika - database.py:238 - INFO - 数据库更新已下载章节
2026-05-22 00:12:45 - mkk_pika - database.py:244 - INFO - 该漫画已下载章节如下
2026-05-22 00:12:45 - mkk_pika - database.py:245 - INFO - ['[CE家族社]第1話 神乎其技的操作']
2026-05-22 00:12:46 - mkk_pika - main.py:83 - INFO - 找到 18 张图片在:[黑條漢化]第2話越看越想学的操作
2026-05-22 00:12:47 - mkk_pika - main.py:112 - INFO - [episode: [黑條漢化]第2話 越看越想学的操作] downloaded:    18, total:  18, progress:100%
2026-05-22 00:12:47 - mkk_pika - database.py:238 - INFO - 数据库更新已下载章节
2026-05-22 00:12:47 - mkk_pika - database.py:244 - INFO - 该漫画已下载章节如下
2026-05-22 00:12:47 - mkk_pika - database.py:245 - INFO - ['[CE家族社]第1話 神乎其技的操作', ' [黑條漢化]第2話 越看越想学的操作']
2026-05-22 00:12:48 - mkk_pika - main.py:83 - INFO - 找到 22 张图片在:[黑條漢化]第3話想学么？那就想去吧
2026-05-22 00:12:49 - mkk_pika - main.py:112 - INFO - [episode:[黑條漢化]第3話 想学么？那就想去吧] downloaded:    22, total:  22, progress:100%
2026-05-22 00:12:49 - mkk_pika - database.py:238 - INFO - 数据库更新已下载章节
2026-05-22 00:12:49 - mkk_pika - database.py:244 - INFO - 该漫画已下载章节如下
2026-05-22 00:12:49 - mkk_pika - database.py:245 - INFO - ['[CE家族社]第1話 神乎其技的操作', ' [黑條漢化]第2話 越看越想学的操作', '[黑條漢化]第3話 想学么？那就想去吧']
2026-05-22 00:12:51 - mkk_pika - main.py:83 - INFO - 找到 22 张图片在:[黑條漢化]第4話喵喵喵？就没了！？
2026-05-22 00:12:51 - mkk_pika - main.py:112 - INFO - [episode:[黑條漢化]第4話 喵喵喵？就没了！？] downloaded:    22, total:  22, progress:100%
2026-05-22 00:12:51 - mkk_pika - database.py:238 - INFO - 数据库更新已下载章节
2026-05-22 00:12:51 - mkk_pika - database.py:244 - INFO - 该漫画已下载章节如下
2026-05-22 00:12:51 - mkk_pika - database.py:245 - INFO - ['[CE家族社]第1話 神乎其技的操作', ' [黑條漢化]第2話 越看越想学的操作', '[黑條漢化]第3話 想学么？那就想去吧', '[黑條漢化]第4話 喵喵喵？就没了！？']
2026-05-22 00:12:53 - mkk_pika - main.py:348 - INFO - ==================== 漫画信息 ====================
                                   漫画ID：59a516d863baf76f4d380538
                                   标题：発情スイッチ（發情開關）1~4合集
                                   作者：一宮夕羽
                                   是否完结：否
                                   总页数：60
                                   分类：長篇,強暴
                                   章节数：4
                                   最后更新时间：2017-08-29T07:25:12.356Z
                                   =================================================
2026-05-22 00:12:53 - mkk_pika - database.py:101 - INFO - 保存成功：発情スイッチ（發情開關）1~4合集
2026-05-22 00:12:53 - mkk_pika - main.py:35 - INFO - 开始检查 冬虫夏草是否存在未下载章节
2026-05-22 00:12:53 - mkk_pika - main.py:45 - INFO - 正在下载:[ 冬虫夏草]-[シュート・ザ・ムーン (フエタキシ)]-[['短篇', 'NTR', '姐姐系']]-[total_pages:54]
2026-05-22 00:12:53 - mkk_pika - main.py:49 - INFO - [{'_id': '59a516ebbcb5996f53f2bbb5', 'title': '第1集', 'order': 1, 'updated_at': '2017-08-29T01:53:08.830Z', 'id': '59a516ebbcb5996f53f2bbb5'}]
2026-05-22 00:12:53 - mkk_pika - database.py:215 - INFO - 第一次下载该漫画，记录数据库中
2026-05-22 00:12:54 - mkk_pika - main.py:83 - INFO - 找到 54 张图片在:第1集
2026-05-22 00:12:55 - mkk_pika - main.py:112 - INFO - [episode:第1集       ] downloaded:    54, total:  54, progress:100%
2026-05-22 00:12:55 - mkk_pika - database.py:238 - INFO - 数据库更新已下载章节
2026-05-22 00:12:55 - mkk_pika - database.py:244 - INFO - 该漫画已下载章节如下
2026-05-22 00:12:55 - mkk_pika - database.py:245 - INFO - ['第1集']
2026-05-22 00:12:56 - mkk_pika - main.py:348 - INFO - ==================== 漫画信息 ====================
                                   漫画ID：59a516ebbcb5996f53f2bbb4
                                   标题： 冬虫夏草
                                   作者：シュート・ザ・ムーン (フエタキシ)
                                   是否完结：是
                                   总页数：54
                                   分类：短篇,NTR,姐姐系
                                   章节数：1
                                   最后更新时间：2017-08-29T07:25:31.400Z
                                   =================================================
2026-05-22 00:12:56 - mkk_pika - database.py:101 - INFO - 保存成功： 冬虫夏草
2026-05-22 00:12:56 - mkk_pika - main.py:35 - INFO - 开始检查(C90) 楽園計画ダークネス是否存在未下载章节
2026-05-22 00:12:56 - mkk_pika - main.py:45 - INFO - 正在下载:[(C90) 楽園計画ダークネス]-[サムライ]-[['同人', '短篇', '後宮閃光', '扶他樂園']]-[total_pages:22]
2026-05-22 00:12:56 - mkk_pika - main.py:49 - INFO - [{'_id': '59a549f96438d9784494f933', 'title': '第1集', 'order': 1, 'updated_at': '2017-08-29T00:30:30.785Z', 'id': '59a549f96438d9784494f933'}]
2026-05-22 00:12:56 - mkk_pika - database.py:215 - INFO - 第一次下载该漫画，记录数据库中
2026-05-22 00:12:57 - mkk_pika - main.py:83 - INFO - 找到 22 张图片在:第1集
2026-05-22 00:12:58 - mkk_pika - main.py:112 - INFO - [episode:第1集       ] downloaded:    22, total:  22, progress:100%
2026-05-22 00:12:58 - mkk_pika - database.py:238 - INFO - 数据库更新已下载章节
2026-05-22 00:12:58 - mkk_pika - database.py:244 - INFO - 该漫画已下载章节如下
2026-05-22 00:12:58 - mkk_pika - database.py:245 - INFO - ['第1集']
2026-05-22 00:12:59 - mkk_pika - main.py:348 - INFO - ==================== 漫画信息 ====================
                                   漫画ID：59a549f96438d9784494f932
                                   标题：(C90) 楽園計画ダークネス
                                   作者：サムライ
                                   是否完结：否
                                   总页数：22
                                   分类：同人,短篇,後宮閃光,扶他樂園
                                   章节数：1
                                   最后更新时间：2017-08-29T11:03:21.069Z
                                   =================================================
2026-05-22 00:12:59 - mkk_pika - database.py:101 - INFO - 保存成功：(C90) 楽園計画ダークネス
2026-05-22 00:12:59 - mkk_pika - main.py:35 - INFO - 开始检查オナホバイバー 自慰套按摩棒是否存在未下载章节
2026-05-22 00:12:59 - mkk_pika - main.py:45 - INFO - 正在下载:[オナホバイバー 自慰套按摩棒]-[有賀冬]-[['長篇', '後宮閃光', '姐姐系']]-[total_pages:214]
2026-05-22 00:12:59 - mkk_pika - main.py:49 - INFO - [{'_id': '59a56f2ffbed0c714462b872', 'title': '第1集', 'order': 1, 'updated_at': '2017-08-29T02:53:02.401Z', 'id': '59a56f2ffbed0c714462b872'}]
2026-05-22 00:12:59 - mkk_pika - database.py:215 - INFO - 第一次下载该漫画，记录数据库中
2026-05-22 00:13:01 - mkk_pika - main.py:83 - INFO - 找到 214 张图片在:第1集
2026-05-22 00:13:06 - mkk_pika - main.py:112 - INFO - [episode:第1集       ] downloaded:   214, total: 214, progress:100%
2026-05-22 00:13:06 - mkk_pika - database.py:238 - INFO - 数据库更新已下载章节
2026-05-22 00:13:06 - mkk_pika - database.py:244 - INFO - 该漫画已下载章节如下
2026-05-22 00:13:06 - mkk_pika - database.py:245 - INFO - ['第1集']
2026-05-22 00:13:07 - mkk_pika - main.py:348 - INFO - ==================== 漫画信息 ====================
                                   漫画ID：59a56f2ffbed0c714462b871
                                   标题：オナホバイバー 自慰套按摩棒
                                   作者：有賀冬
                                   是否完结：是
                                   总页数：214
                                   分类：長篇,後宮閃光,姐姐系
                                   章节数：1
                                   最后更新时间：2017-08-29T13:42:07.060Z
                                   =================================================
2026-05-22 00:13:07 - mkk_pika - database.py:101 - INFO - 保存成功：オナホバイバー 自慰套按摩棒
2026-05-22 00:13:07 - mkk_pika - main.py:35 - INFO - 开始检查触手姉ちゃんが幼女をいじる話是否存在未下载章节
2026-05-22 00:13:08 - mkk_pika - main.py:45 - INFO - 正在下载:[触手姉ちゃんが幼女をいじる話]-[象の檻 (セアンジ・サリエル)]-[['短篇', '百合花園', '非人類']]-[total_pages:25]
2026-05-22 00:13:08 - mkk_pika - main.py:49 - INFO - [{'_id': '59a56f43bcb5996f53f2be09', 'title': '第1集', 'order': 1, 'updated_at': '2017-08-29T02:57:15.876Z', 'id': '59a56f43bcb5996f53f2be09'}]
2026-05-22 00:13:08 - mkk_pika - database.py:215 - INFO - 第一次下载该漫画，记录数据库中
2026-05-22 00:13:08 - mkk_pika - main.py:83 - INFO - 找到 25 张图片在:第1集
2026-05-22 00:13:09 - mkk_pika - main.py:112 - INFO - [episode:第1集       ] downloaded:    25, total:  25, progress:100%
2026-05-22 00:13:09 - mkk_pika - database.py:238 - INFO - 数据库更新已下载章节
2026-05-22 00:13:09 - mkk_pika - database.py:244 - INFO - 该漫画已下载章节如下
2026-05-22 00:13:09 - mkk_pika - database.py:245 - INFO - ['第1集']
2026-05-22 00:13:10 - mkk_pika - main.py:348 - INFO - ==================== 漫画信息 ====================
                                   漫画ID：59a56f43bcb5996f53f2be08
                                   标题：触手姉ちゃんが幼女をいじる話
                                   作者：象の檻 (セアンジ・サリエル)
                                   是否完结：是
                                   总页数：25
                                   分类：短篇,百合花園,非人類
                                   章节数：1
                                   最后更新时间：2017-08-29T13:42:27.431Z
                                   =================================================
2026-05-22 00:13:10 - mkk_pika - database.py:101 - INFO - 保存成功：触手姉ちゃんが幼女をいじる話
2026-05-22 00:13:10 - mkk_pika - main.py:35 - INFO - 开始检查(C92) 魔法少女催眠パコパコーズ是否存在未下载章节
2026-05-22 00:13:10 - mkk_pika - main.py:45 - INFO - 正在下载:[(C92) 魔法少女催眠パコパコーズ]-[乱視と君と。 (santa)]-[['同人', '短篇', 'Fate']]-[total_pages:35]
2026-05-22 00:13:10 - mkk_pika - main.py:49 - INFO - [{'_id': '59a6223a4fdb0f59ee259566', 'title': '第1集', 'order': 1, 'updated_at': '2017-08-30T02:16:00.134Z', 'id': '59a6223a4fdb0f59ee259566'}]
2026-05-22 00:13:10 - mkk_pika - database.py:215 - INFO - 第一次下载该漫画，记录数据库中
2026-05-22 00:13:11 - mkk_pika - main.py:83 - INFO - 找到 35 张图片在:第1集
2026-05-22 00:13:12 - mkk_pika - main.py:112 - INFO - [episode:第1集       ] downloaded:    35, total:  35, progress:100%
2026-05-22 00:13:12 - mkk_pika - database.py:238 - INFO - 数据库更新已下载章节
2026-05-22 00:13:12 - mkk_pika - database.py:244 - INFO - 该漫画已下载章节如下
2026-05-22 00:13:12 - mkk_pika - database.py:245 - INFO - ['第1集']
2026-05-22 00:13:13 - mkk_pika - main.py:348 - INFO - ==================== 漫画信息 ====================
                                   漫画ID：59a6223a4fdb0f59ee259565
                                   标题：(C92) 魔法少女催眠パコパコーズ
                                   作者：乱視と君と。 (santa)
                                   是否完结：是
                                   总页数：35
                                   分类：同人,短篇,Fate
                                   章节数：1
                                   最后更新时间：2017-08-30T02:26:02.183Z
                                   =================================================
2026-05-22 00:13:13 - mkk_pika - database.py:101 - INFO - 保存成功：(C92) 魔法少女催眠パコパコーズ
2026-05-22 00:13:13 - mkk_pika - main.py:35 - INFO - 开始检查3Piece ~ summer是否存在未下载章节
2026-05-22 00:13:13 - mkk_pika - main.py:45 - INFO - 正在下载:[3Piece ~ summer]-[ななお]-[['全彩', '短篇', '人妻', '純愛', '後宮閃光']]-[total_pages:4]
2026-05-22 00:13:13 - mkk_pika - main.py:49 - INFO - [{'_id': '59a65ce7901a9659dfad6c89', 'title': '第1集', 'order': 1, 'updated_at': '2017-08-30T03:06:15.386Z', 'id': '59a65ce7901a9659dfad6c89'}]
2026-05-22 00:13:13 - mkk_pika - database.py:215 - INFO - 第一次下载该漫画，记录数据库中
2026-05-22 00:13:14 - mkk_pika - main.py:83 - INFO - 找到 4 张图片在:第1集
2026-05-22 00:13:14 - mkk_pika - main.py:112 - INFO - [episode:第1集       ] downloaded:     4, total:   4, progress:100%
2026-05-22 00:13:14 - mkk_pika - database.py:238 - INFO - 数据库更新已下载章节
2026-05-22 00:13:14 - mkk_pika - database.py:244 - INFO - 该漫画已下载章节如下
2026-05-22 00:13:14 - mkk_pika - database.py:245 - INFO - ['第1集']
2026-05-22 00:13:15 - mkk_pika - main.py:348 - INFO - ==================== 漫画信息 ====================
                                   漫画ID：59a65ce7901a9659dfad6c88
                                   标题：3Piece ~ summer
                                   作者：ななお
                                   是否完结：否
                                   总页数：4
                                   分类：全彩,短篇,人妻,純愛,後宮閃光
                                   章节数：1
                                   最后更新时间：2017-08-30T06:36:23.343Z
                                   =================================================
2026-05-22 00:13:15 - mkk_pika - database.py:101 - INFO - 保存成功：3Piece ~ summer
2026-05-22 00:13:15 - mkk_pika - main.py:35 - INFO - 开始检查杏仁豆腐・白桃味 (コミック エグゼ 04)是否存在未下载章节
2026-05-22 00:13:15 - mkk_pika - main.py:45 - INFO - 正在下载:[杏仁豆腐・白桃味 (コミック エグゼ 04)]-[黒磐まどか]-[['足の恋', '純愛']]-[total_pages:40]
2026-05-22 00:13:15 - mkk_pika - main.py:49 - INFO - [{'_id': '59a6b133590bd2784a04d85f', 'title': '第1集', 'order': 1, 'updated_at': '2017-08-30T10:48:03.418Z', 'id': '59a6b133590bd2784a04d85f'}]
2026-05-22 00:13:15 - mkk_pika - database.py:215 - INFO - 第一次下载该漫画，记录数据库中
2026-05-22 00:13:16 - mkk_pika - main.py:83 - INFO - 找到 40 张图片在:第1集
2026-05-22 00:13:17 - mkk_pika - main.py:112 - INFO - [episode:第1集       ] downloaded:    40, total:  40, progress:100%
2026-05-22 00:13:17 - mkk_pika - database.py:238 - INFO - 数据库更新已下载章节
2026-05-22 00:13:17 - mkk_pika - database.py:244 - INFO - 该漫画已下载章节如下
2026-05-22 00:13:17 - mkk_pika - database.py:245 - INFO - ['第1集']
2026-05-22 00:13:18 - mkk_pika - main.py:348 - INFO - ==================== 漫画信息 ====================
                                   漫画ID：59a6b133590bd2784a04d85e
                                   标题：杏仁豆腐・白桃味 (コミック エグゼ 04)
                                   作者：黒磐まどか
                                   是否完结：是
                                   总页数：40
                                   分类：足の恋,純愛
                                   章节数：1
                                   最后更新时间：2017-08-30T12:36:03.743Z
                                   =================================================
2026-05-22 00:13:18 - mkk_pika - database.py:101 - INFO - 保存成功：杏仁豆腐・白桃味 (コミック エグゼ 04)
2026-05-22 00:13:18 - mkk_pika - main.py:35 - INFO - 开始检查C92会場限定おまけ折綴じ本 あおちゃんあふたー (キラキラ☆プリキュアアラモード)是否存在未下载章节
2026-05-22 00:13:18 - mkk_pika - main.py:45 - INFO - 正在下载:[C92会場限定おまけ折綴じ本 あおちゃんあふたー (キラキラ☆プリキュアアラモード)]-[U.R.C (桃屋しょう猫)]-[['同人', '短篇', '強暴']]-[total_pages:9]
2026-05-22 00:13:18 - mkk_pika - main.py:49 - INFO - [{'_id': '59a6fb661d44ba24266abd1b', 'title': '第1集', 'order': 1, 'updated_at': '2017-08-30T16:56:06.346Z', 'id': '59a6fb661d44ba24266abd1b'}]
2026-05-22 00:13:18 - mkk_pika - database.py:215 - INFO - 第一次下载该漫画，记录数据库中
2026-05-22 00:13:19 - mkk_pika - main.py:83 - INFO - 找到 9 张图片在:第1集
2026-05-22 00:13:19 - mkk_pika - main.py:112 - INFO - [episode:第1集       ] downloaded:     9, total:   9, progress:100%
2026-05-22 00:13:19 - mkk_pika - database.py:238 - INFO - 数据库更新已下载章节
2026-05-22 00:13:19 - mkk_pika - database.py:244 - INFO - 该漫画已下载章节如下
2026-05-22 00:13:19 - mkk_pika - database.py:245 - INFO - ['第1集']
2026-05-22 00:13:20 - mkk_pika - main.py:348 - INFO - ==================== 漫画信息 ====================
                                   漫画ID：59a6fb661d44ba24266abd1a
                                   标题：C92会場限定おまけ折綴じ本 あおちゃんあふたー (キラキラ☆プリキュアアラモード)
                                   作者：U.R.C (桃屋しょう猫)
                                   是否完结：是
                                   总页数：9
                                   分类：同人,短篇,強暴
                                   章节数：1
                                   最后更新时间：2017-08-30T17:52:38.838Z
                                   =================================================
2026-05-22 00:13:20 - mkk_pika - database.py:101 - INFO - 保存成功：C92会場限定おまけ折綴じ本 あおちゃんあふたー (キラキラ☆プリキュアアラモード)
2026-05-22 00:13:20 - mkk_pika - main.py:35 - INFO - 开始检查スイレンに連日甘えレン。 (ポケットモンスター サン･ムーン)是否存在未下载章节
2026-05-22 00:13:21 - mkk_pika - main.py:45 - INFO - 正在下载:[スイレンに連日甘えレン。 (ポケットモンスター サン･ムーン)]-[ぽてとさらだ (くりす)]-[['同人', '短篇']]-[total_pages:11]
2026-05-22 00:13:21 - mkk_pika - main.py:49 - INFO - [{'_id': '59a6fb6f4ed4c0242c668b33', 'title': '第1集', 'order': 1, 'updated_at': '2017-08-30T17:12:10.237Z', 'id': '59a6fb6f4ed4c0242c668b33'}]
2026-05-22 00:13:21 - mkk_pika - database.py:215 - INFO - 第一次下载该漫画，记录数据库中
2026-05-22 00:13:21 - mkk_pika - main.py:83 - INFO - 找到 11 张图片在:第1集
2026-05-22 00:13:22 - mkk_pika - main.py:112 - INFO - [episode:第1集       ] downloaded:    11, total:  11, progress:100%
2026-05-22 00:13:22 - mkk_pika - database.py:238 - INFO - 数据库更新已下载章节
2026-05-22 00:13:22 - mkk_pika - database.py:244 - INFO - 该漫画已下载章节如下
2026-05-22 00:13:22 - mkk_pika - database.py:245 - INFO - ['第1集']
2026-05-22 00:13:23 - mkk_pika - main.py:348 - INFO - ==================== 漫画信息 ====================
                                   漫画ID：59a6fb6f4ed4c0242c668b32
                                   标题：スイレンに連日甘えレン。 (ポケットモンスター サン･ムーン)
                                   作者：ぽてとさらだ (くりす)
                                   是否完结：是
                                   总页数：11
                                   分类：同人,短篇
                                   章节数：1
                                   最后更新时间：2017-08-30T17:52:47.149Z
                                   =================================================
2026-05-22 00:13:23 - mkk_pika - database.py:101 - INFO - 保存成功：スイレンに連日甘えレン。 (ポケットモンスター サン･ムーン)
2026-05-22 00:13:23 - mkk_pika - main.py:35 - INFO - 开始检查妊婦性活是否存在未下载章节
2026-05-22 00:13:23 - mkk_pika - main.py:45 - INFO - 正在下载:[妊婦性活]-[ミサキ闘]-[['長篇', 'NTR', '姐姐系', '人妻']]-[total_pages:215]
2026-05-22 00:13:23 - mkk_pika - main.py:49 - INFO - [{'_id': '59a763fd4ed4c0242c668c02', 'title': '第1集', 'order': 1, 'updated_at': '2017-08-30T20:05:31.051Z', 'id': '59a763fd4ed4c0242c668c02'}]
2026-05-22 00:13:23 - mkk_pika - database.py:215 - INFO - 第一次下载该漫画，记录数据库中
2026-05-22 00:13:25 - mkk_pika - main.py:83 - INFO - 找到 215 张图片在:第1集
2026-05-22 00:13:30 - mkk_pika - main.py:112 - INFO - [episode:第1集       ] downloaded:   215, total: 215, progress:100%
2026-05-22 00:13:30 - mkk_pika - database.py:238 - INFO - 数据库更新已下载章节
2026-05-22 00:13:30 - mkk_pika - database.py:244 - INFO - 该漫画已下载章节如下
2026-05-22 00:13:30 - mkk_pika - database.py:245 - INFO - ['第1集']
2026-05-22 00:13:31 - mkk_pika - main.py:348 - INFO - ==================== 漫画信息 ====================
                                   漫画ID：59a763fd4ed4c0242c668c01
                                   标题：妊婦性活
                                   作者：ミサキ闘
                                   是否完结：是
                                   总页数：215
                                   分类：長篇,NTR,姐姐系,人妻
                                   章节数：1
                                   最后更新时间：2017-08-31T01:18:53.365Z
                                   =================================================
2026-05-22 00:13:31 - mkk_pika - database.py:101 - INFO - 保存成功：妊婦性活
2026-05-22 00:13:31 - mkk_pika - main.py:35 - INFO - 开始检查Please kiss me是否存在未下载章节
2026-05-22 00:13:31 - mkk_pika - main.py:45 - INFO - 正在下载:[Please kiss me]-[ごばん]-[['短篇', '純愛', '妹妹系']]-[total_pages:25]
2026-05-22 00:13:31 - mkk_pika - main.py:49 - INFO - [{'_id': '59a7754f2b576748894a9e18', 'title': '第1集', 'order': 1, 'updated_at': '2017-08-30T20:59:27.062Z', 'id': '59a7754f2b576748894a9e18'}]
2026-05-22 00:13:31 - mkk_pika - database.py:215 - INFO - 第一次下载该漫画，记录数据库中
2026-05-22 00:13:32 - mkk_pika - main.py:83 - INFO - 找到 25 张图片在:第1集
2026-05-22 00:13:33 - mkk_pika - main.py:112 - INFO - [episode:第1集       ] downloaded:    25, total:  25, progress:100%
2026-05-22 00:13:33 - mkk_pika - database.py:238 - INFO - 数据库更新已下载章节
2026-05-22 00:13:33 - mkk_pika - database.py:244 - INFO - 该漫画已下载章节如下
2026-05-22 00:13:33 - mkk_pika - database.py:245 - INFO - ['第1集']
2026-05-22 00:13:34 - mkk_pika - main.py:348 - INFO - ==================== 漫画信息 ====================
                                   漫画ID：59a7754f2b576748894a9e17
                                   标题：Please kiss me
                                   作者：ごばん
                                   是否完结：是
                                   总页数：25
                                   分类：短篇,純愛,妹妹系
                                   章节数：1
                                   最后更新时间：2017-08-31T02:32:47.032Z
                                   =================================================
2026-05-22 00:13:34 - mkk_pika - database.py:101 - INFO - 保存成功：Please kiss me
2026-05-22 00:13:34 - mkk_pika - main.py:35 - INFO - 开始检查(C92) Unhappy Ladies (アイドルマスター シンデレラガールズ)是否存在未下载章节
2026-05-22 00:13:34 - mkk_pika - main.py:45 - INFO - 正在下载:[(C92) Unhappy Ladies (アイドルマスター シンデレラガールズ)]-[LAMINARIA (しおこんぶ)]-[['同人', '短篇']]-[total_pages:25]
2026-05-22 00:13:34 - mkk_pika - main.py:49 - INFO - [{'_id': '59a7a06fbbae341856e6044f', 'title': '第1集', 'order': 1, 'updated_at': '2017-08-31T03:10:33.955Z', 'id': '59a7a06fbbae341856e6044f'}]
2026-05-22 00:13:34 - mkk_pika - database.py:215 - INFO - 第一次下载该漫画，记录数据库中
2026-05-22 00:13:35 - mkk_pika - main.py:83 - INFO - 找到 25 张图片在:第1集
2026-05-22 00:13:36 - mkk_pika - main.py:112 - INFO - [episode:第1集       ] downloaded:    25, total:  25, progress:100%
2026-05-22 00:13:36 - mkk_pika - database.py:238 - INFO - 数据库更新已下载章节
2026-05-22 00:13:36 - mkk_pika - database.py:244 - INFO - 该漫画已下载章节如下
2026-05-22 00:13:36 - mkk_pika - database.py:245 - INFO - ['第1集']
2026-05-22 00:13:37 - mkk_pika - main.py:348 - INFO - ==================== 漫画信息 ====================
                                   漫画ID：59a7a06fbbae341856e6044e
                                   标题：(C92) Unhappy Ladies (アイドルマスター シンデレラガールズ)
                                   作者：LAMINARIA (しおこんぶ)
                                   是否完结：是
                                   总页数：25
                                   分类：同人,短篇
                                   章节数：1
                                   最后更新时间：2017-08-31T05:36:46.997Z
                                   =================================================
2026-05-22 00:13:37 - mkk_pika - database.py:101 - INFO - 保存成功：(C92) Unhappy Ladies (アイドルマスター シンデレラガールズ)
2026-05-22 00:13:37 - mkk_pika - main.py:35 - INFO - 开始检查サクセックスストーリーズ是否存在未下载章节
2026-05-22 00:13:37 - mkk_pika - main.py:45 - INFO - 正在下载:[サクセックスストーリーズ]-[chin]-[['長篇']]-[total_pages:206]
2026-05-22 00:13:37 - mkk_pika - main.py:49 - INFO - [{'_id': '59a7a08169a7ce2473fc5f11', 'title': '第1集', 'order': 1, 'updated_at': '2017-08-31T03:41:44.777Z', 'id': '59a7a08169a7ce2473fc5f11'}]
2026-05-22 00:13:37 - mkk_pika - database.py:215 - INFO - 第一次下载该漫画，记录数据库中
2026-05-22 00:13:40 - mkk_pika - main.py:83 - INFO - 找到 206 张图片在:第1集
2026-05-22 00:13:44 - mkk_pika - main.py:112 - INFO - [episode:第1集       ] downloaded:   206, total: 206, progress:100%
2026-05-22 00:13:44 - mkk_pika - database.py:238 - INFO - 数据库更新已下载章节
2026-05-22 00:13:44 - mkk_pika - database.py:244 - INFO - 该漫画已下载章节如下
2026-05-22 00:13:44 - mkk_pika - database.py:245 - INFO - ['第1集']
2026-05-22 00:13:45 - mkk_pika - main.py:348 - INFO - ==================== 漫画信息 ====================
                                   漫画ID：59a7a08169a7ce2473fc5f10
                                   标题：サクセックスストーリーズ
                                   作者：chin
                                   是否完结：是
                                   总页数：206
                                   分类：長篇
                                   章节数：1
                                   最后更新时间：2017-08-31T05:37:05.070Z
                                   =================================================
2026-05-22 00:13:45 - mkk_pika - database.py:101 - INFO - 保存成功：サクセックスストーリーズ
2026-05-22 00:13:45 - mkk_pika - main.py:35 - INFO - 开始检查 欲情うさみみナ一スの看護日誌（萝莉护士本）是否存在未下载章节
2026-05-22 00:13:46 - mkk_pika - main.py:45 - INFO - 正在下载:[ 欲情うさみみナ一スの看護日誌（萝莉护士本）]-[ゆずぽん酢 (ききら)]-[['全彩', '短篇']]-[total_pages:16]
2026-05-22 00:13:46 - mkk_pika - main.py:49 - INFO - [{'_id': '59a806dcf6cd78187000ff1c', 'title': '用你那罪恶的XX点进来试试！', 'order': 1, 'updated_at': '2017-08-31T11:15:37.720Z', 'id': '59a806dcf6cd78187000ff1c'}]
2026-05-22 00:13:46 - mkk_pika - database.py:215 - INFO - 第一次下载该漫画，记录数据库中
2026-05-22 00:13:47 - mkk_pika - main.py:83 - INFO - 找到 16 张图片在:用你那罪恶的XX点进来试试！
2026-05-22 00:13:47 - mkk_pika - main.py:112 - INFO - [episode:用你那罪恶的XX点进来试试！] downloaded:    16, total:  16, progress:100%
2026-05-22 00:13:47 - mkk_pika - database.py:238 - INFO - 数据库更新已下载章节
2026-05-22 00:13:47 - mkk_pika - database.py:244 - INFO - 该漫画已下载章节如下
2026-05-22 00:13:47 - mkk_pika - database.py:245 - INFO - ['用你那罪恶的XX点进来试试！']
2026-05-22 00:13:48 - mkk_pika - main.py:348 - INFO - ==================== 漫画信息 ====================
                                   漫画ID：59a806dcf6cd78187000ff1b
                                   标题： 欲情うさみみナ一スの看護日誌（萝莉护士本）
                                   作者：ゆずぽん酢 (ききら)
                                   是否完结：否
                                   总页数：16
                                   分类：全彩,短篇
                                   章节数：1
                                   最后更新时间：2017-08-31T12:53:48.798Z
                                   =================================================
2026-05-22 00:13:48 - mkk_pika - database.py:101 - INFO - 保存成功： 欲情うさみみナ一スの看護日誌（萝莉护士本）
2026-05-22 00:13:48 - mkk_pika - main.py:35 - INFO - 开始检查 エッチ.ア.ライフ (デート.ア.ライブ/约会大作战)是否存在未下载章节
2026-05-22 00:13:49 - mkk_pika - main.py:45 - INFO - 正在下载:[ エッチ.ア.ライフ (デート.ア.ライブ/约会大作战)]-[軒下の猫屋 (アルデヒド)]-[['短篇', '同人', '純愛', '後宮閃光']]-[total_pages:28]
2026-05-22 00:13:49 - mkk_pika - main.py:49 - INFO - [{'_id': '59a806ec2da2ad4858a9a49c', 'title': '折纸X十香⁄(⁄ ⁄•⁄ω⁄•⁄ ⁄）/', 'order': 1, 'updated_at': '2017-08-31T11:45:34.096Z', 'id': '59a806ec2da2ad4858a9a49c'}]
2026-05-22 00:13:49 - mkk_pika - database.py:215 - INFO - 第一次下载该漫画，记录数据库中
2026-05-22 00:13:49 - mkk_pika - main.py:83 - INFO - 找到 28 张图片在:折纸X十香⁄(⁄⁄•⁄ω⁄•⁄⁄）／
2026-05-22 00:13:50 - mkk_pika - main.py:112 - INFO - [episode:折纸X十香⁄(⁄ ⁄•⁄ω⁄•⁄ ⁄）/] downloaded:    28, total:  28, progress:100%
2026-05-22 00:13:50 - mkk_pika - database.py:238 - INFO - 数据库更新已下载章节
2026-05-22 00:13:50 - mkk_pika - database.py:244 - INFO - 该漫画已下载章节如下
2026-05-22 00:13:50 - mkk_pika - database.py:245 - INFO - ['折纸X十香⁄(⁄ ⁄•⁄ω⁄•⁄ ⁄）/']
2026-05-22 00:13:51 - mkk_pika - main.py:348 - INFO - ==================== 漫画信息 ====================
                                   漫画ID：59a806ec2da2ad4858a9a49b
                                   标题： エッチ.ア.ライフ (デート.ア.ライブ/约会大作战)
                                   作者：軒下の猫屋 (アルデヒド)
                                   是否完结：是
                                   总页数：28
                                   分类：短篇,同人,純愛,後宮閃光
                                   章节数：1
                                   最后更新时间：2017-08-31T12:54:04.031Z
                                   =================================================
2026-05-22 00:13:51 - mkk_pika - database.py:101 - INFO - 保存成功： エッチ.ア.ライフ (デート.ア.ライブ/约会大作战)
2026-05-22 00:13:51 - mkk_pika - main.py:35 - INFO - 开始检查艦むすといっしょ-高雄編- (艦隊これくしょん -艦これ-)是否存在未下载章节
2026-05-22 00:13:51 - mkk_pika - main.py:45 - INFO - 正在下载:[艦むすといっしょ-高雄編- (艦隊これくしょん -艦これ-)]-[みたらし倶楽部 (みたらし侯成)]-[['同人', '短篇', '艦隊收藏']]-[total_pages:34]
2026-05-22 00:13:51 - mkk_pika - main.py:49 - INFO - [{'_id': '59a806f02b576748894aa2c6', 'title': '第1集', 'order': 1, 'updated_at': '2017-08-31T12:29:55.772Z', 'id': '59a806f02b576748894aa2c6'}]
2026-05-22 00:13:51 - mkk_pika - database.py:215 - INFO - 第一次下载该漫画，记录数据库中
2026-05-22 00:13:52 - mkk_pika - main.py:83 - INFO - 找到 34 张图片在:第1集
2026-05-22 00:13:53 - mkk_pika - main.py:112 - INFO - [episode:第1集       ] downloaded:    34, total:  34, progress:100%
2026-05-22 00:13:53 - mkk_pika - database.py:238 - INFO - 数据库更新已下载章节
2026-05-22 00:13:53 - mkk_pika - database.py:244 - INFO - 该漫画已下载章节如下
2026-05-22 00:13:53 - mkk_pika - database.py:245 - INFO - ['第1集']
2026-05-22 00:13:54 - mkk_pika - main.py:348 - INFO - ==================== 漫画信息 ====================
                                   漫画ID：59a806f02b576748894aa2c5
                                   标题：艦むすといっしょ-高雄編- (艦隊これくしょん -艦これ-)
                                   作者：みたらし倶楽部 (みたらし侯成)
                                   是否完结：是
                                   总页数：34
                                   分类：同人,短篇,艦隊收藏
                                   章节数：1
                                   最后更新时间：2017-08-31T12:54:08.581Z
                                   =================================================
2026-05-22 00:13:54 - mkk_pika - database.py:101 - INFO - 保存成功：艦むすといっしょ-高雄編- (艦隊これくしょん -艦これ-)
2026-05-22 00:13:54 - mkk_pika - main.py:35 - INFO - 开始检查すわショタ01 (東方Project)是否存在未下载章节
2026-05-22 00:13:54 - mkk_pika - main.py:45 - INFO - 正在下载:[すわショタ01 (東方Project)]-[100円外務省 (みりの)]-[['同人', '短篇', '東方']]-[total_pages:43]
2026-05-22 00:13:54 - mkk_pika - main.py:49 - INFO - [{'_id': '59a83d2869a7ce2473fc6417', 'title': '第1集', 'order': 1, 'updated_at': '2017-08-31T12:35:49.615Z', 'id': '59a83d2869a7ce2473fc6417'}]
2026-05-22 00:13:54 - mkk_pika - database.py:215 - INFO - 第一次下载该漫画，记录数据库中
2026-05-22 00:13:55 - mkk_pika - main.py:83 - INFO - 找到 43 张图片在:第1集
2026-05-22 00:13:56 - mkk_pika - main.py:112 - INFO - [episode:第1集       ] downloaded:    43, total:  43, progress:100%
2026-05-22 00:13:56 - mkk_pika - database.py:238 - INFO - 数据库更新已下载章节
2026-05-22 00:13:56 - mkk_pika - database.py:244 - INFO - 该漫画已下载章节如下
2026-05-22 00:13:56 - mkk_pika - database.py:245 - INFO - ['第1集']
2026-05-22 00:13:57 - mkk_pika - main.py:348 - INFO - ==================== 漫画信息 ====================
                                   漫画ID：59a83d2869a7ce2473fc6416
                                   标题：すわショタ01 (東方Project)
                                   作者：100円外務省 (みりの)
                                   是否完结：是
                                   总页数：43
                                   分类：同人,短篇,東方
                                   章节数：1
                                   最后更新时间：2017-08-31T16:45:28.826Z
                                   =================================================
2026-05-22 00:13:57 - mkk_pika - database.py:101 - INFO - 保存成功：すわショタ01 (東方Project)
2026-05-22 00:13:57 - mkk_pika - main.py:35 - INFO - 开始检查Fondle Lollipop #2是否存在未下载章节
2026-05-22 00:13:58 - mkk_pika - main.py:45 - INFO - 正在下载:[Fondle Lollipop #2]-[Mieow (らする)]-[['全彩', '短篇', '純愛']]-[total_pages:30]
2026-05-22 00:13:58 - mkk_pika - main.py:49 - INFO - [{'_id': '59a83d304ed4c0242c6692bc', 'title': '第1集', 'order': 1, 'updated_at': '2017-08-31T13:20:09.138Z', 'id': '59a83d304ed4c0242c6692bc'}]
2026-05-22 00:13:58 - mkk_pika - database.py:215 - INFO - 第一次下载该漫画，记录数据库中
2026-05-22 00:13:58 - mkk_pika - main.py:83 - INFO - 找到 30 张图片在:第1集
2026-05-22 00:13:59 - mkk_pika - main.py:112 - INFO - [episode:第1集       ] downloaded:    30, total:  30, progress:100%
2026-05-22 00:13:59 - mkk_pika - database.py:238 - INFO - 数据库更新已下载章节
2026-05-22 00:13:59 - mkk_pika - database.py:244 - INFO - 该漫画已下载章节如下
2026-05-22 00:13:59 - mkk_pika - database.py:245 - INFO - ['第1集']
2026-05-22 00:14:01 - mkk_pika - main.py:348 - INFO - ==================== 漫画信息 ====================
                                   漫画ID：59a83d304ed4c0242c6692bb
                                   标题：Fondle Lollipop #2
                                   作者：Mieow (らする)
                                   是否完结：是
                                   总页数：30
                                   分类：全彩,短篇,純愛
                                   章节数：1
                                   最后更新时间：2017-08-31T16:45:36.851Z
                                   =================================================
2026-05-22 00:14:01 - mkk_pika - database.py:101 - INFO - 保存成功：Fondle Lollipop #2
2026-05-22 00:14:01 - mkk_pika - main.py:35 - INFO - 开始检查プレイステージ (COMIC快楽天ビースト 2017年09月号)是否存在未下载章节
2026-05-22 00:14:01 - mkk_pika - main.py:45 - INFO - 正在下载:[プレイステージ (COMIC快楽天ビースト 2017年09月号)]-[牡丹もちと]-[['短篇']]-[total_pages:19]
2026-05-22 00:14:01 - mkk_pika - main.py:49 - INFO - [{'_id': '59a8c5d22b576748894aa5fa', 'title': '第1集', 'order': 1, 'updated_at': '2017-08-31T17:06:37.674Z', 'id': '59a8c5d22b576748894aa5fa'}]
2026-05-22 00:14:01 - mkk_pika - database.py:215 - INFO - 第一次下载该漫画，记录数据库中
2026-05-22 00:14:01 - mkk_pika - main.py:83 - INFO - 找到 19 张图片在:第1集
2026-05-22 00:14:02 - mkk_pika - main.py:112 - INFO - [episode:第1集       ] downloaded:    19, total:  19, progress:100%
2026-05-22 00:14:02 - mkk_pika - database.py:238 - INFO - 数据库更新已下载章节
2026-05-22 00:14:02 - mkk_pika - database.py:244 - INFO - 该漫画已下载章节如下
2026-05-22 00:14:02 - mkk_pika - database.py:245 - INFO - ['第1集']
2026-05-22 00:14:04 - mkk_pika - main.py:348 - INFO - ==================== 漫画信息 ====================
                                   漫画ID：59a8c5d22b576748894aa5f9
                                   标题：プレイステージ (COMIC快楽天ビースト 2017年09月号)
                                   作者：牡丹もちと
                                   是否完结：是
                                   总页数：19
                                   分类：短篇
                                   章节数：1
                                   最后更新时间：2017-09-01T02:28:34.166Z
                                   =================================================
2026-05-22 00:14:04 - mkk_pika - database.py:101 - INFO - 保存成功：プレイステージ (COMIC快楽天ビースト 2017年09月号)
2026-05-22 00:14:04 - mkk_pika - main.py:35 - INFO - 开始检查(C79) 文学少女画報 (ポケットモンスター ブラック・ホワイト) 是否存在未下载章节
2026-05-22 00:14:04 - mkk_pika - main.py:45 - INFO - 正在下载:[(C79) 文学少女画報 (ポケットモンスター ブラック・ホワイト) ]-[悪性真性物 (糊)]-[['同人', '短篇']]-[total_pages:31]
2026-05-22 00:14:04 - mkk_pika - main.py:49 - INFO - [{'_id': '59a8cd292b576748894aa634', 'title': '第1集', 'order': 1, 'updated_at': '2017-09-01T02:43:33.710Z', 'id': '59a8cd292b576748894aa634'}]
2026-05-22 00:14:04 - mkk_pika - database.py:215 - INFO - 第一次下载该漫画，记录数据库中
2026-05-22 00:14:04 - mkk_pika - main.py:83 - INFO - 找到 31 张图片在:第1集
2026-05-22 00:14:05 - mkk_pika - main.py:112 - INFO - [episode:第1集       ] downloaded:    31, total:  31, progress:100%
2026-05-22 00:14:05 - mkk_pika - database.py:238 - INFO - 数据库更新已下载章节
2026-05-22 00:14:05 - mkk_pika - database.py:244 - INFO - 该漫画已下载章节如下
2026-05-22 00:14:05 - mkk_pika - database.py:245 - INFO - ['第1集']
2026-05-22 00:14:07 - mkk_pika - main.py:348 - INFO - ==================== 漫画信息 ====================
                                   漫画ID：59a8cd292b576748894aa633
                                   标题：(C79) 文学少女画報 (ポケットモンスター ブラック・ホワイト) 
                                   作者：悪性真性物 (糊)
                                   是否完结：是
                                   总页数：31
                                   分类：同人,短篇
                                   章节数：1
                                   最后更新时间：2017-09-01T02:59:53.495Z
                                   =================================================
2026-05-22 00:14:07 - mkk_pika - database.py:101 - INFO - 保存成功：(C79) 文学少女画報 (ポケットモンスター ブラック・ホワイト) 
2026-05-22 00:14:07 - mkk_pika - main.py:35 - INFO - 开始检查(C84) 社会の窓 (ブラッドラッド) 是否存在未下载章节
2026-05-22 00:14:07 - mkk_pika - main.py:45 - INFO - 正在下载:[(C84) 社会の窓 (ブラッドラッド) ]-[悪性真性物 (糊)]-[['同人', '短篇']]-[total_pages:27]
2026-05-22 00:14:07 - mkk_pika - main.py:49 - INFO - [{'_id': '59a8cd372b576748894aa655', 'title': '第1集', 'order': 1, 'updated_at': '2017-09-01T02:40:16.065Z', 'id': '59a8cd372b576748894aa655'}]
2026-05-22 00:14:07 - mkk_pika - database.py:215 - INFO - 第一次下载该漫画，记录数据库中
2026-05-22 00:14:08 - mkk_pika - main.py:83 - INFO - 找到 27 张图片在:第1集
2026-05-22 00:14:08 - mkk_pika - main.py:112 - INFO - [episode:第1集       ] downloaded:    27, total:  27, progress:100%
2026-05-22 00:14:08 - mkk_pika - database.py:238 - INFO - 数据库更新已下载章节
2026-05-22 00:14:08 - mkk_pika - database.py:244 - INFO - 该漫画已下载章节如下
2026-05-22 00:14:08 - mkk_pika - database.py:245 - INFO - ['第1集']
2026-05-22 00:14:09 - mkk_pika - main.py:348 - INFO - ==================== 漫画信息 ====================
                                   漫画ID：59a8cd372b576748894aa654
                                   标题：(C84) 社会の窓 (ブラッドラッド) 
                                   作者：悪性真性物 (糊)
                                   是否完结：是
                                   总页数：27
                                   分类：同人,短篇
                                   章节数：1
                                   最后更新时间：2017-09-01T03:00:07.637Z
                                   =================================================
2026-05-22 00:14:09 - mkk_pika - database.py:101 - INFO - 保存成功：(C84) 社会の窓 (ブラッドラッド) 
2026-05-22 00:14:09 - mkk_pika - main.py:35 - INFO - 开始检查(C78) ハナダのみさきでつかまって (ポケットモンスター) 是否存在未下载章节
2026-05-22 00:14:10 - mkk_pika - main.py:45 - INFO - 正在下载:[(C78) ハナダのみさきでつかまって (ポケットモンスター) ]-[悪性真性物 (糊)]-[['同人', '短篇']]-[total_pages:26]
2026-05-22 00:14:10 - mkk_pika - main.py:49 - INFO - [{'_id': '59a8cd462b576748894aa672', 'title': '第1集', 'order': 1, 'updated_at': '2017-09-01T02:33:43.793Z', 'id': '59a8cd462b576748894aa672'}]
2026-05-22 00:14:10 - mkk_pika - database.py:215 - INFO - 第一次下载该漫画，记录数据库中
2026-05-22 00:14:10 - mkk_pika - main.py:83 - INFO - 找到 26 张图片在:第1集
2026-05-22 00:14:11 - mkk_pika - main.py:112 - INFO - [episode:第1集       ] downloaded:    26, total:  26, progress:100%
2026-05-22 00:14:11 - mkk_pika - database.py:238 - INFO - 数据库更新已下载章节
2026-05-22 00:14:11 - mkk_pika - database.py:244 - INFO - 该漫画已下载章节如下
2026-05-22 00:14:11 - mkk_pika - database.py:245 - INFO - ['第1集']
2026-05-22 00:14:12 - mkk_pika - main.py:348 - INFO - ==================== 漫画信息 ====================
                                   漫画ID：59a8cd462b576748894aa671
                                   标题：(C78) ハナダのみさきでつかまって (ポケットモンスター) 
                                   作者：悪性真性物 (糊)
                                   是否完结：是
                                   总页数：26
                                   分类：同人,短篇
                                   章节数：1
                                   最后更新时间：2017-09-01T03:00:22.293Z
                                   =================================================
2026-05-22 00:14:12 - mkk_pika - database.py:101 - INFO - 保存成功：(C78) ハナダのみさきでつかまって (ポケットモンスター) 
2026-05-22 00:14:12 - mkk_pika - main.py:35 - INFO - 开始检查社蓄ちゃんと学ぶ達成率100%のクラウドファンディング (NEW GAME!)是否存在未下载章节
2026-05-22 00:14:13 - mkk_pika - main.py:45 - INFO - 正在下载:[社蓄ちゃんと学ぶ達成率100%のクラウドファンディング (NEW GAME!)]-[ひらひら (ひらり)]-[['同人', '短篇']]-[total_pages:14]
2026-05-22 00:14:13 - mkk_pika - main.py:49 - INFO - [{'_id': '59a96dec2b576748894aa88f', 'title': '第1集', 'order': 1, 'updated_at': '2017-09-01T09:32:55.713Z', 'id': '59a96dec2b576748894aa88f'}]
2026-05-22 00:14:13 - mkk_pika - database.py:215 - INFO - 第一次下载该漫画，记录数据库中
2026-05-22 00:14:13 - mkk_pika - main.py:83 - INFO - 找到 15 张图片在:第1集
2026-05-22 00:14:14 - mkk_pika - main.py:112 - INFO - [episode:第1集       ] downloaded:    15, total:  15, progress:100%
2026-05-22 00:14:14 - mkk_pika - database.py:238 - INFO - 数据库更新已下载章节
2026-05-22 00:14:14 - mkk_pika - database.py:244 - INFO - 该漫画已下载章节如下
2026-05-22 00:14:14 - mkk_pika - database.py:245 - INFO - ['第1集']
2026-05-22 00:14:15 - mkk_pika - main.py:348 - INFO - ==================== 漫画信息 ====================
                                   漫画ID：59a96dec2b576748894aa88e
                                   标题：社蓄ちゃんと学ぶ達成率100%のクラウドファンディング (NEW GAME!)
                                   作者：ひらひら (ひらり)
                                   是否完结：否
                                   总页数：14
                                   分类：同人,短篇
                                   章节数：1
                                   最后更新时间：2017-09-01T14:25:48.081Z
                                   =================================================
2026-05-22 00:14:15 - mkk_pika - database.py:101 - INFO - 保存成功：社蓄ちゃんと学ぶ達成率100%のクラウドファンディング (NEW GAME!)
2026-05-22 00:14:15 - mkk_pika - main.py:35 - INFO - 开始检查和幼女雷姆铃一起是否存在未下载章节
2026-05-22 00:14:15 - mkk_pika - main.py:45 - INFO - 正在下载:[和幼女雷姆铃一起]-[やすゆき]-[['同人', '短篇', '純愛']]-[total_pages:2]
2026-05-22 00:14:15 - mkk_pika - main.py:49 - INFO - [{'_id': '59a99e75f93eeb182e645078', 'title': '1话+1.5话', 'order': 1, 'updated_at': '2017-09-01T14:56:03.986Z', 'id': '59a99e75f93eeb182e645078'}]
2026-05-22 00:14:15 - mkk_pika - database.py:215 - INFO - 第一次下载该漫画，记录数据库中
2026-05-22 00:14:16 - mkk_pika - main.py:83 - INFO - 找到 2 张图片在:1话+1.5话
2026-05-22 00:14:16 - mkk_pika - main.py:112 - INFO - [episode:1话+1.5话   ] downloaded:     2, total:   2, progress:100%
2026-05-22 00:14:16 - mkk_pika - database.py:238 - INFO - 数据库更新已下载章节
2026-05-22 00:14:16 - mkk_pika - database.py:244 - INFO - 该漫画已下载章节如下
2026-05-22 00:14:16 - mkk_pika - database.py:245 - INFO - ['1话+1.5话']
2026-05-22 00:14:17 - mkk_pika - main.py:348 - INFO - ==================== 漫画信息 ====================
                                   漫画ID：59a99e75f93eeb182e645077
                                   标题：和幼女雷姆铃一起
                                   作者：やすゆき
                                   是否完结：否
                                   总页数：2
                                   分类：同人,短篇,純愛
                                   章节数：1
                                   最后更新时间：2017-09-01T17:52:53.162Z
                                   =================================================
2026-05-22 00:14:17 - mkk_pika - database.py:101 - INFO - 保存成功：和幼女雷姆铃一起
2026-05-22 00:14:17 - mkk_pika - main.py:35 - INFO - 开始检查最後の夜 (COMIC BAVEL 2017年1月号)是否存在未下载章节
2026-05-22 00:14:17 - mkk_pika - main.py:45 - INFO - 正在下载:[最後の夜 (COMIC BAVEL 2017年1月号)]-[東磨樹]-[['短篇', '姐姐系']]-[total_pages:19]
2026-05-22 00:14:17 - mkk_pika - main.py:49 - INFO - [{'_id': '59a99ebdf93eeb182e64507c', 'title': '第1集', 'order': 1, 'updated_at': '2017-09-01T17:22:38.772Z', 'id': '59a99ebdf93eeb182e64507c'}]
2026-05-22 00:14:17 - mkk_pika - database.py:215 - INFO - 第一次下载该漫画，记录数据库中
2026-05-22 00:14:18 - mkk_pika - main.py:83 - INFO - 找到 19 张图片在:第1集
2026-05-22 00:14:18 - mkk_pika - main.py:112 - INFO - [episode:第1集       ] downloaded:    19, total:  19, progress:100%
2026-05-22 00:14:18 - mkk_pika - database.py:238 - INFO - 数据库更新已下载章节
2026-05-22 00:14:18 - mkk_pika - database.py:244 - INFO - 该漫画已下载章节如下
2026-05-22 00:14:18 - mkk_pika - database.py:245 - INFO - ['第1集']
2026-05-22 00:14:20 - mkk_pika - main.py:348 - INFO - ==================== 漫画信息 ====================
                                   漫画ID：59a99ebdf93eeb182e64507b
                                   标题：最後の夜 (COMIC BAVEL 2017年1月号)
                                   作者：東磨樹
                                   是否完结：是
                                   总页数：19
                                   分类：短篇,姐姐系
                                   章节数：1
                                   最后更新时间：2017-09-01T17:54:05.557Z
                                   =================================================
2026-05-22 00:14:20 - mkk_pika - database.py:101 - INFO - 保存成功：最後の夜 (COMIC BAVEL 2017年1月号)
2026-05-22 00:14:20 - mkk_pika - main.py:35 - INFO - 开始检查心はからだでできている (Fate/Grand Order)是否存在未下载章节
2026-05-22 00:14:20 - mkk_pika - main.py:45 - INFO - 正在下载:[心はからだでできている (Fate/Grand Order)]-[furuike (スミヤ)]-[['同人', '短篇', 'Fate']]-[total_pages:20]
2026-05-22 00:14:20 - mkk_pika - main.py:49 - INFO - [{'_id': '59a99ec3778d461820c7709d', 'title': '第1集', 'order': 1, 'updated_at': '2017-09-01T17:35:48.730Z', 'id': '59a99ec3778d461820c7709d'}]
2026-05-22 00:14:20 - mkk_pika - database.py:215 - INFO - 第一次下载该漫画，记录数据库中
2026-05-22 00:14:20 - mkk_pika - main.py:83 - INFO - 找到 20 张图片在:第1集
2026-05-22 00:14:21 - mkk_pika - main.py:112 - INFO - [episode:第1集       ] downloaded:    20, total:  20, progress:100%
2026-05-22 00:14:21 - mkk_pika - database.py:238 - INFO - 数据库更新已下载章节
2026-05-22 00:14:21 - mkk_pika - database.py:244 - INFO - 该漫画已下载章节如下
2026-05-22 00:14:21 - mkk_pika - database.py:245 - INFO - ['第1集']
2026-05-22 00:14:23 - mkk_pika - main.py:348 - INFO - ==================== 漫画信息 ====================
                                   漫画ID：59a99ec3778d461820c7709c
                                   标题：心はからだでできている (Fate/Grand Order)
                                   作者：furuike (スミヤ)
                                   是否完结：是
                                   总页数：20
                                   分类：同人,短篇,Fate
                                   章节数：1
                                   最后更新时间：2017-09-01T17:54:11.610Z
                                   =================================================
2026-05-22 00:14:23 - mkk_pika - database.py:101 - INFO - 保存成功：心はからだでできている (Fate/Grand Order)
2026-05-22 00:14:23 - mkk_pika - main.py:35 - INFO - 开始检查つみはは ～罪母是否存在未下载章节
2026-05-22 00:14:23 - mkk_pika - main.py:45 - INFO - 正在下载:[つみはは ～罪母]-[唄飛鳥]-[['人妻', '長篇', 'NTR']]-[total_pages:495]
2026-05-22 00:14:23 - mkk_pika - main.py:49 - INFO - [{'_id': '5821933d5f6b9a4f93e5ff35', 'title': '第1集', 'order': 1, 'updated_at': '2016-11-08T08:56:29.539Z', 'id': '5821933d5f6b9a4f93e5ff35'}, {'_id': '59aa2d85bbae341856e60eb9', 'title': '第2集', 'order': 2, 'updated_at': '2017-09-01T19:32:45.160Z', 'id': '59aa2d85bbae341856e60eb9'}]
2026-05-22 00:14:23 - mkk_pika - database.py:215 - INFO - 第一次下载该漫画，记录数据库中
2026-05-22 00:14:26 - mkk_pika - main.py:83 - INFO - 找到 248 张图片在:第1集
2026-05-22 00:14:31 - mkk_pika - main.py:112 - INFO - [episode:第1集       ] downloaded:   248, total: 248, progress:100%
2026-05-22 00:14:31 - mkk_pika - database.py:238 - INFO - 数据库更新已下载章节
2026-05-22 00:14:31 - mkk_pika - database.py:244 - INFO - 该漫画已下载章节如下
2026-05-22 00:14:31 - mkk_pika - database.py:245 - INFO - ['第1集']
2026-05-22 00:14:34 - mkk_pika - main.py:83 - INFO - 找到 247 张图片在:第2集
2026-05-22 00:14:40 - mkk_pika - main.py:112 - INFO - [episode:第2集       ] downloaded:   247, total: 247, progress:100%
2026-05-22 00:14:40 - mkk_pika - database.py:238 - INFO - 数据库更新已下载章节
2026-05-22 00:14:40 - mkk_pika - database.py:244 - INFO - 该漫画已下载章节如下
2026-05-22 00:14:40 - mkk_pika - database.py:245 - INFO - ['第1集', '第2集']
2026-05-22 00:14:41 - mkk_pika - main.py:348 - INFO - ==================== 漫画信息 ====================
                                   漫画ID：5821933c5f6b9a4f93e5ff33
                                   标题：つみはは ～罪母
                                   作者：唄飛鳥
                                   是否完结：是
                                   总页数：495
                                   分类：人妻,長篇,NTR
                                   章节数：2
                                   最后更新时间：2017-09-02T04:03:17.182Z
                                   =================================================
2026-05-22 00:14:41 - mkk_pika - database.py:101 - INFO - 保存成功：つみはは ～罪母
2026-05-22 00:14:41 - mkk_pika - main.py:35 - INFO - 开始检查繁殖ネブラ (モンスターハンター)是否存在未下载章节
2026-05-22 00:14:41 - mkk_pika - main.py:45 - INFO - 正在下载:[繁殖ネブラ (モンスターハンター)]-[新堂エル]-[['短篇', 'NTR', '非人類', '強暴', '人妻']]-[total_pages:47]
2026-05-22 00:14:41 - mkk_pika - main.py:49 - INFO - [{'_id': '59aa2d982b576748894aab7d', 'title': '第1集', 'order': 1, 'updated_at': '2017-09-01T20:01:09.065Z', 'id': '59aa2d982b576748894aab7d'}]
2026-05-22 00:14:41 - mkk_pika - database.py:215 - INFO - 第一次下载该漫画，记录数据库中
2026-05-22 00:14:42 - mkk_pika - main.py:83 - INFO - 找到 47 张图片在:第1集
2026-05-22 00:14:43 - mkk_pika - main.py:112 - INFO - [episode:第1集       ] downloaded:    47, total:  47, progress:100%
2026-05-22 00:14:43 - mkk_pika - database.py:238 - INFO - 数据库更新已下载章节
2026-05-22 00:14:43 - mkk_pika - database.py:244 - INFO - 该漫画已下载章节如下
2026-05-22 00:14:43 - mkk_pika - database.py:245 - INFO - ['第1集']
2026-05-22 00:14:44 - mkk_pika - main.py:348 - INFO - ==================== 漫画信息 ====================
                                   漫画ID：59aa2d982b576748894aab7c
                                   标题：繁殖ネブラ (モンスターハンター)
                                   作者：新堂エル
                                   是否完结：是
                                   总页数：47
                                   分类：短篇,NTR,非人類,強暴,人妻
                                   章节数：1
                                   最后更新时间：2017-09-02T04:03:36.125Z
                                   =================================================
2026-05-22 00:14:44 - mkk_pika - database.py:101 - INFO - 保存成功：繁殖ネブラ (モンスターハンター)
2026-05-22 00:14:44 - mkk_pika - main.py:35 - INFO - 开始检查不幸騎士 (ファイナルファンタジータクティクス) 是否存在未下载章节
2026-05-22 00:14:45 - mkk_pika - main.py:45 - INFO - 正在下载:[不幸騎士 (ファイナルファンタジータクティクス) ]-[新堂エル]-[['短篇', '強暴', '非人類']]-[total_pages:36]
2026-05-22 00:14:45 - mkk_pika - main.py:49 - INFO - [{'_id': '59aa2da8d547b9245d45df31', 'title': '第1集', 'order': 1, 'updated_at': '2017-09-01T20:27:32.861Z', 'id': '59aa2da8d547b9245d45df31'}]
2026-05-22 00:14:45 - mkk_pika - database.py:215 - INFO - 第一次下载该漫画，记录数据库中
2026-05-22 00:14:45 - mkk_pika - main.py:83 - INFO - 找到 36 张图片在:第1集
2026-05-22 00:14:46 - mkk_pika - main.py:112 - INFO - [episode:第1集       ] downloaded:    36, total:  36, progress:100%
2026-05-22 00:14:46 - mkk_pika - database.py:238 - INFO - 数据库更新已下载章节
2026-05-22 00:14:46 - mkk_pika - database.py:244 - INFO - 该漫画已下载章节如下
2026-05-22 00:14:46 - mkk_pika - database.py:245 - INFO - ['第1集']
2026-05-22 00:14:47 - mkk_pika - main.py:348 - INFO - ==================== 漫画信息 ====================
                                   漫画ID：59aa2da8d547b9245d45df30
                                   标题：不幸騎士 (ファイナルファンタジータクティクス) 
                                   作者：新堂エル
                                   是否完结：是
                                   总页数：36
                                   分类：短篇,強暴,非人類
                                   章节数：1
                                   最后更新时间：2017-09-02T04:03:52.023Z
                                   =================================================
2026-05-22 00:14:47 - mkk_pika - database.py:101 - INFO - 保存成功：不幸騎士 (ファイナルファンタジータクティクス) 
2026-05-22 00:14:47 - mkk_pika - main.py:35 - INFO - 开始检查強制快感トロけ堕ち是否存在未下载章节
2026-05-22 00:14:47 - mkk_pika - main.py:45 - INFO - 正在下载:[強制快感トロけ堕ち]-[隈太郎]-[['長篇', '強暴']]-[total_pages:217]
2026-05-22 00:14:47 - mkk_pika - main.py:49 - INFO - [{'_id': '59aa2ddb2da2ad4858a9abe7', 'title': '第1集', 'order': 1, 'updated_at': '2017-09-02T02:10:34.340Z', 'id': '59aa2ddb2da2ad4858a9abe7'}]
2026-05-22 00:14:47 - mkk_pika - database.py:215 - INFO - 第一次下载该漫画，记录数据库中
2026-05-22 00:14:49 - mkk_pika - main.py:83 - INFO - 找到 217 张图片在:第1集
2026-05-22 00:14:55 - mkk_pika - main.py:112 - INFO - [episode:第1集       ] downloaded:   217, total: 217, progress:100%
2026-05-22 00:14:55 - mkk_pika - database.py:238 - INFO - 数据库更新已下载章节
2026-05-22 00:14:55 - mkk_pika - database.py:244 - INFO - 该漫画已下载章节如下
2026-05-22 00:14:55 - mkk_pika - database.py:245 - INFO - ['第1集']
2026-05-22 00:14:56 - mkk_pika - main.py:348 - INFO - ==================== 漫画信息 ====================
                                   漫画ID：59aa2ddb2da2ad4858a9abe6
                                   标题：強制快感トロけ堕ち
                                   作者：隈太郎
                                   是否完结：是
                                   总页数：217
                                   分类：長篇,強暴
                                   章节数：1
                                   最后更新时间：2017-09-02T04:04:43.579Z
                                   =================================================
2026-05-22 00:14:56 - mkk_pika - database.py:101 - INFO - 保存成功：強制快感トロけ堕ち
2026-05-22 00:14:56 - mkk_pika - main.py:35 - INFO - 开始检查闘神艶戯 Vol.1是否存在未下载章节
2026-05-22 00:14:57 - mkk_pika - main.py:45 - INFO - 正在下载:[闘神艶戯 Vol.1]-[アンソロジー]-[['長篇']]-[total_pages:92]
2026-05-22 00:14:57 - mkk_pika - main.py:49 - INFO - [{'_id': '59aad391f93eeb182e64564f', 'title': '第1集', 'order': 1, 'updated_at': '2017-09-02T06:56:47.239Z', 'id': '59aad391f93eeb182e64564f'}]
2026-05-22 00:14:57 - mkk_pika - database.py:215 - INFO - 第一次下载该漫画，记录数据库中
2026-05-22 00:14:58 - mkk_pika - main.py:83 - INFO - 找到 92 张图片在:第1集
2026-05-22 00:15:00 - mkk_pika - main.py:112 - INFO - [episode:第1集       ] downloaded:    92, total:  92, progress:100%
2026-05-22 00:15:00 - mkk_pika - database.py:238 - INFO - 数据库更新已下载章节
2026-05-22 00:15:00 - mkk_pika - database.py:244 - INFO - 该漫画已下载章节如下
2026-05-22 00:15:00 - mkk_pika - database.py:245 - INFO - ['第1集']
2026-05-22 00:15:01 - mkk_pika - main.py:348 - INFO - ==================== 漫画信息 ====================
                                   漫画ID：59aad391f93eeb182e64564e
                                   标题：闘神艶戯 Vol.1
                                   作者：アンソロジー
                                   是否完结：否
                                   总页数：92
                                   分类：長篇
                                   章节数：1
                                   最后更新时间：2017-09-02T15:51:45.495Z
                                   =================================================
2026-05-22 00:15:01 - mkk_pika - database.py:101 - INFO - 保存成功：闘神艶戯 Vol.1
2026-05-22 00:15:01 - mkk_pika - main.py:35 - INFO - 开始检查快楽館 Vol.3 いとこ是否存在未下载章节
2026-05-22 00:15:02 - mkk_pika - main.py:45 - INFO - 正在下载:[快楽館 Vol.3 いとこ]-[アンソロジー]-[['長篇']]-[total_pages:146]
2026-05-22 00:15:02 - mkk_pika - main.py:49 - INFO - [{'_id': '59aad414bbae341856e61302', 'title': '第1集', 'order': 1, 'updated_at': '2017-09-02T07:16:43.323Z', 'id': '59aad414bbae341856e61302'}]
2026-05-22 00:15:02 - mkk_pika - database.py:215 - INFO - 第一次下载该漫画，记录数据库中
2026-05-22 00:15:04 - mkk_pika - main.py:83 - INFO - 找到 146 张图片在:第1集
2026-05-22 00:15:07 - mkk_pika - main.py:112 - INFO - [episode:第1集       ] downloaded:   146, total: 146, progress:100%
2026-05-22 00:15:07 - mkk_pika - database.py:238 - INFO - 数据库更新已下载章节
2026-05-22 00:15:07 - mkk_pika - database.py:244 - INFO - 该漫画已下载章节如下
2026-05-22 00:15:07 - mkk_pika - database.py:245 - INFO - ['第1集']
2026-05-22 00:15:08 - mkk_pika - main.py:348 - INFO - ==================== 漫画信息 ====================
                                   漫画ID：59aad414bbae341856e61301
                                   标题：快楽館 Vol.3 いとこ
                                   作者：アンソロジー
                                   是否完结：否
                                   总页数：146
                                   分类：長篇
                                   章节数：1
                                   最后更新时间：2017-09-02T15:53:56.379Z
                                   =================================================
2026-05-22 00:15:08 - mkk_pika - database.py:101 - INFO - 保存成功：快楽館 Vol.3 いとこ
2026-05-22 00:15:08 - mkk_pika - main.py:35 - INFO - 开始检查痴情之女是否存在未下载章节
2026-05-22 00:15:09 - mkk_pika - main.py:45 - INFO - 正在下载:[痴情之女]-[月野定规]-[['長篇', '姐姐系', '人妻']]-[total_pages:225]
2026-05-22 00:15:09 - mkk_pika - main.py:49 - INFO - [{'_id': '59aad66436f5d448528c2175', 'title': '第1集', 'order': 1, 'updated_at': '2017-09-02T14:35:11.623Z', 'id': '59aad66436f5d448528c2175'}]
2026-05-22 00:15:09 - mkk_pika - database.py:215 - INFO - 第一次下载该漫画，记录数据库中
2026-05-22 00:15:11 - mkk_pika - main.py:83 - INFO - 找到 224 张图片在:第1集
2026-05-22 00:15:16 - mkk_pika - main.py:112 - INFO - [episode:第1集       ] downloaded:   224, total: 224, progress:100%
2026-05-22 00:15:16 - mkk_pika - database.py:238 - INFO - 数据库更新已下载章节
2026-05-22 00:15:16 - mkk_pika - database.py:244 - INFO - 该漫画已下载章节如下
2026-05-22 00:15:16 - mkk_pika - database.py:245 - INFO - ['第1集']
2026-05-22 00:15:17 - mkk_pika - main.py:348 - INFO - ==================== 漫画信息 ====================
                                   漫画ID：59aad66436f5d448528c2174
                                   标题：痴情之女
                                   作者：月野定规
                                   是否完结：否
                                   总页数：225
                                   分类：長篇,姐姐系,人妻
                                   章节数：1
                                   最后更新时间：2017-09-02T16:03:48.199Z
                                   =================================================
2026-05-22 00:15:17 - mkk_pika - database.py:101 - INFO - 保存成功：痴情之女
2026-05-22 00:15:17 - mkk_pika - main.py:35 - INFO - 开始检查pixiv-ask是否存在未下载章节
2026-05-22 00:15:17 - mkk_pika - main.py:45 - INFO - 正在下载:[pixiv-ask]-[ask (askask20112)]-[['全彩', '短篇', '同人', '足の恋']]-[total_pages:16]
2026-05-22 00:15:17 - mkk_pika - main.py:49 - INFO - [{'_id': '59aad6b12b576748894aaf5c', 'title': '第1集', 'order': 1, 'updated_at': '2017-09-02T07:54:26.003Z', 'id': '59aad6b12b576748894aaf5c'}]
2026-05-22 00:15:17 - mkk_pika - database.py:215 - INFO - 第一次下载该漫画，记录数据库中
2026-05-22 00:15:18 - mkk_pika - main.py:83 - INFO - 找到 16 张图片在:第1集
2026-05-22 00:15:18 - mkk_pika - main.py:112 - INFO - [episode:第1集       ] downloaded:    16, total:  16, progress:100%
2026-05-22 00:15:18 - mkk_pika - database.py:238 - INFO - 数据库更新已下载章节
2026-05-22 00:15:18 - mkk_pika - database.py:244 - INFO - 该漫画已下载章节如下
2026-05-22 00:15:18 - mkk_pika - database.py:245 - INFO - ['第1集']
2026-05-22 00:15:20 - mkk_pika - main.py:348 - INFO - ==================== 漫画信息 ====================
                                   漫画ID：59aad6b12b576748894aaf5b
                                   标题：pixiv-ask
                                   作者：ask (askask20112)
                                   是否完结：否
                                   总页数：16
                                   分类：全彩,短篇,同人,足の恋
                                   章节数：1
                                   最后更新时间：2017-09-02T16:05:05.459Z
                                   =================================================
2026-05-22 00:15:20 - mkk_pika - database.py:101 - INFO - 保存成功：pixiv-ask
2026-05-22 00:15:20 - mkk_pika - main.py:35 - INFO - 开始检查Pixiv]-NoriZC是否存在未下载章节
2026-05-22 00:15:20 - mkk_pika - main.py:45 - INFO - 正在下载:[Pixiv]-NoriZC]-[NoriZC]-[['長篇', '全彩', '同人']]-[total_pages:195]
2026-05-22 00:15:20 - mkk_pika - main.py:49 - INFO - [{'_id': '59aad6c9f93eeb182e6456bf', 'title': '第1集', 'order': 1, 'updated_at': '2017-09-02T07:59:25.118Z', 'id': '59aad6c9f93eeb182e6456bf'}]
2026-05-22 00:15:20 - mkk_pika - database.py:215 - INFO - 第一次下载该漫画，记录数据库中
2026-05-22 00:15:22 - mkk_pika - main.py:83 - INFO - 找到 195 张图片在:第1集
2026-05-22 00:15:26 - mkk_pika - main.py:112 - INFO - [episode:第1集       ] downloaded:   195, total: 195, progress:100%
2026-05-22 00:15:26 - mkk_pika - database.py:238 - INFO - 数据库更新已下载章节
2026-05-22 00:15:26 - mkk_pika - database.py:244 - INFO - 该漫画已下载章节如下
2026-05-22 00:15:26 - mkk_pika - database.py:245 - INFO - ['第1集']
2026-05-22 00:15:27 - mkk_pika - main.py:348 - INFO - ==================== 漫画信息 ====================
                                   漫画ID：59aad6c9f93eeb182e6456be
                                   标题：Pixiv]-NoriZC
                                   作者：NoriZC
                                   是否完结：否
                                   总页数：195
                                   分类：長篇,全彩,同人
                                   章节数：1
                                   最后更新时间：2017-09-02T16:05:29.604Z
                                   =================================================
2026-05-22 00:15:27 - mkk_pika - database.py:101 - INFO - 保存成功：Pixiv]-NoriZC
2026-05-22 00:15:27 - mkk_pika - main.py:35 - INFO - 开始检查久しぶりに会った従姉妹がほぼゼタだった (グランブルーファンタジー)是否存在未下载章节
2026-05-22 00:15:27 - mkk_pika - main.py:45 - INFO - 正在下载:[久しぶりに会った従姉妹がほぼゼタだった (グランブルーファンタジー)]-[ひざだち絶好調 (のきん)]-[['同人', '短篇', '碧藍幻想', '妹妹系']]-[total_pages:26]
2026-05-22 00:15:27 - mkk_pika - main.py:49 - INFO - [{'_id': '59ab769a78df364893524a5d', 'title': '第1集', 'order': 1, 'updated_at': '2017-09-01T17:46:02.654Z', 'id': '59ab769a78df364893524a5d'}]
2026-05-22 00:15:27 - mkk_pika - database.py:215 - INFO - 第一次下载该漫画，记录数据库中
2026-05-22 00:15:28 - mkk_pika - main.py:83 - INFO - 找到 26 张图片在:第1集
2026-05-22 00:15:29 - mkk_pika - main.py:112 - INFO - [episode:第1集       ] downloaded:    26, total:  26, progress:100%
2026-05-22 00:15:29 - mkk_pika - database.py:238 - INFO - 数据库更新已下载章节
2026-05-22 00:15:29 - mkk_pika - database.py:244 - INFO - 该漫画已下载章节如下
2026-05-22 00:15:29 - mkk_pika - database.py:245 - INFO - ['第1集']
2026-05-22 00:15:30 - mkk_pika - main.py:348 - INFO - ==================== 漫画信息 ====================
                                   漫画ID：59ab769a78df364893524a5c
                                   标题：久しぶりに会った従姉妹がほぼゼタだった (グランブルーファンタジー)
                                   作者：ひざだち絶好調 (のきん)
                                   是否完结：是
                                   总页数：26
                                   分类：同人,短篇,碧藍幻想,妹妹系
                                   章节数：1
                                   最后更新时间：2017-09-03T03:27:22.782Z
                                   =================================================
2026-05-22 00:15:30 - mkk_pika - database.py:101 - INFO - 保存成功：久しぶりに会った従姉妹がほぼゼタだった (グランブルーファンタジー)
2026-05-22 00:15:30 - mkk_pika - main.py:35 - INFO - 开始检查over QMR 25 (艦隊これくしょん -艦これ-)是否存在未下载章节
2026-05-22 00:15:30 - mkk_pika - main.py:45 - INFO - 正在下载:[over QMR 25 (艦隊これくしょん -艦これ-)]-[SEQMED (ユメのオワリ)]-[['全彩', '同人', '短篇', '艦隊收藏']]-[total_pages:19]
2026-05-22 00:15:30 - mkk_pika - main.py:49 - INFO - [{'_id': '59ab76a036f5d448528c23fe', 'title': '第1集', 'order': 1, 'updated_at': '2017-09-02T17:04:19.583Z', 'id': '59ab76a036f5d448528c23fe'}]
2026-05-22 00:15:30 - mkk_pika - database.py:215 - INFO - 第一次下载该漫画，记录数据库中
2026-05-22 00:15:31 - mkk_pika - main.py:83 - INFO - 找到 19 张图片在:第1集
2026-05-22 00:15:31 - mkk_pika - main.py:112 - INFO - [episode:第1集       ] downloaded:    19, total:  19, progress:100%
2026-05-22 00:15:31 - mkk_pika - database.py:238 - INFO - 数据库更新已下载章节
2026-05-22 00:15:31 - mkk_pika - database.py:244 - INFO - 该漫画已下载章节如下
2026-05-22 00:15:31 - mkk_pika - database.py:245 - INFO - ['第1集']
2026-05-22 00:15:33 - mkk_pika - main.py:348 - INFO - ==================== 漫画信息 ====================
                                   漫画ID：59ab76a036f5d448528c23fd
                                   标题：over QMR 25 (艦隊これくしょん -艦これ-)
                                   作者：SEQMED (ユメのオワリ)
                                   是否完结：是
                                   总页数：19
                                   分类：全彩,同人,短篇,艦隊收藏
                                   章节数：1
                                   最后更新时间：2017-09-03T03:27:28.294Z
                                   =================================================
2026-05-22 00:15:33 - mkk_pika - database.py:101 - INFO - 保存成功：over QMR 25 (艦隊これくしょん -艦これ-)
2026-05-22 00:15:33 - mkk_pika - main.py:35 - INFO - 开始检查over QMR 26 (艦隊これくしょん -艦これ-)是否存在未下载章节
2026-05-22 00:15:33 - mkk_pika - main.py:45 - INFO - 正在下载:[over QMR 26 (艦隊これくしょん -艦これ-)]-[SEQMED (ユメのオワリ)]-[['全彩', '同人', '短篇', '艦隊收藏']]-[total_pages:19]
2026-05-22 00:15:33 - mkk_pika - main.py:49 - INFO - [{'_id': '59ab76a72da2ad4858a9b38e', 'title': '第1集', 'order': 1, 'updated_at': '2017-09-02T17:10:33.541Z', 'id': '59ab76a72da2ad4858a9b38e'}]
2026-05-22 00:15:33 - mkk_pika - database.py:215 - INFO - 第一次下载该漫画，记录数据库中
2026-05-22 00:15:33 - mkk_pika - main.py:83 - INFO - 找到 19 张图片在:第1集
2026-05-22 00:15:34 - mkk_pika - main.py:112 - INFO - [episode:第1集       ] downloaded:    19, total:  19, progress:100%
2026-05-22 00:15:34 - mkk_pika - database.py:238 - INFO - 数据库更新已下载章节
2026-05-22 00:15:34 - mkk_pika - database.py:244 - INFO - 该漫画已下载章节如下
2026-05-22 00:15:34 - mkk_pika - database.py:245 - INFO - ['第1集']
2026-05-22 00:15:35 - mkk_pika - main.py:348 - INFO - ==================== 漫画信息 ====================
                                   漫画ID：59ab76a72da2ad4858a9b38d
                                   标题：over QMR 26 (艦隊これくしょん -艦これ-)
                                   作者：SEQMED (ユメのオワリ)
                                   是否完结：是
                                   总页数：19
                                   分类：全彩,同人,短篇,艦隊收藏
                                   章节数：1
                                   最后更新时间：2017-09-03T03:27:35.291Z
                                   =================================================
2026-05-22 00:15:35 - mkk_pika - database.py:101 - INFO - 保存成功：over QMR 26 (艦隊これくしょん -艦これ-)
2026-05-22 00:15:35 - mkk_pika - main.py:35 - INFO - 开始检查秋子さんといっしょ 20 (カノン)是否存在未下载章节
2026-05-22 00:15:35 - mkk_pika - main.py:45 - INFO - 正在下载:[秋子さんといっしょ 20 (カノン)]-[みたらし倶楽部 (みたらし侯成)]-[['短篇', '人妻', '後宮閃光']]-[total_pages:32]
2026-05-22 00:15:35 - mkk_pika - main.py:49 - INFO - [{'_id': '59ab76cf2da2ad4858a9b3a3', 'title': '第1集', 'order': 1, 'updated_at': '2017-09-02T17:22:17.659Z', 'id': '59ab76cf2da2ad4858a9b3a3'}]
2026-05-22 00:15:35 - mkk_pika - database.py:215 - INFO - 第一次下载该漫画，记录数据库中
2026-05-22 00:15:36 - mkk_pika - main.py:83 - INFO - 找到 32 张图片在:第1集
2026-05-22 00:15:37 - mkk_pika - main.py:112 - INFO - [episode:第1集       ] downloaded:    32, total:  32, progress:100%
2026-05-22 00:15:37 - mkk_pika - database.py:238 - INFO - 数据库更新已下载章节
2026-05-22 00:15:37 - mkk_pika - database.py:244 - INFO - 该漫画已下载章节如下
2026-05-22 00:15:37 - mkk_pika - database.py:245 - INFO - ['第1集']
2026-05-22 00:15:38 - mkk_pika - main.py:348 - INFO - ==================== 漫画信息 ====================
                                   漫画ID：59ab76cf2da2ad4858a9b3a2
                                   标题：秋子さんといっしょ 20 (カノン)
                                   作者：みたらし倶楽部 (みたらし侯成)
                                   是否完结：是
                                   总页数：32
                                   分类：短篇,人妻,後宮閃光
                                   章节数：1
                                   最后更新时间：2017-09-03T03:28:15.456Z
                                   =================================================
2026-05-22 00:15:38 - mkk_pika - database.py:101 - INFO - 保存成功：秋子さんといっしょ 20 (カノン)
2026-05-22 00:15:38 - mkk_pika - main.py:35 - INFO - 开始检查老爺有空嗎？—借點時間做色色的事吧 (Fate/Grand Order)是否存在未下载章节
2026-05-22 00:15:38 - mkk_pika - main.py:45 - INFO - 正在下载:[老爺有空嗎？—借點時間做色色的事吧 (Fate/Grand Order)]-[三色坊 (猫法宝)]-[['同人', '短篇', 'Fate', '非人類']]-[total_pages:28]
2026-05-22 00:15:38 - mkk_pika - main.py:49 - INFO - [{'_id': '5c6a2c7191f47c57108abed0', 'title': '第1集', 'order': 1, 'updated_at': '2019-02-18T03:51:49.288Z', 'id': '5c6a2c7191f47c57108abed0'}]
2026-05-22 00:15:38 - mkk_pika - database.py:215 - INFO - 第一次下载该漫画，记录数据库中
2026-05-22 00:15:39 - mkk_pika - main.py:83 - INFO - 找到 28 张图片在:第1集
2026-05-22 00:15:40 - mkk_pika - main.py:112 - INFO - [episode:第1集       ] downloaded:    28, total:  28, progress:100%
2026-05-22 00:15:40 - mkk_pika - database.py:238 - INFO - 数据库更新已下载章节
2026-05-22 00:15:40 - mkk_pika - database.py:244 - INFO - 该漫画已下载章节如下
2026-05-22 00:15:40 - mkk_pika - database.py:245 - INFO - ['第1集']
2026-05-22 00:15:41 - mkk_pika - main.py:348 - INFO - ==================== 漫画信息 ====================
                                   漫画ID：59ab76d42b576748894ab16a
                                   标题：老爺有空嗎？—借點時間做色色的事吧 (Fate/Grand Order)
                                   作者：三色坊 (猫法宝)
                                   是否完结：是
                                   总页数：28
                                   分类：同人,短篇,Fate,非人類
                                   章节数：1
                                   最后更新时间：2017-09-03T03:28:20.060Z
                                   =================================================
2026-05-22 00:15:41 - mkk_pika - database.py:101 - INFO - 保存成功：老爺有空嗎？—借點時間做色色的事吧 (Fate/Grand Order)
2026-05-22 00:15:41 - mkk_pika - main.py:35 - INFO - 开始检查pixiv-Eugene 木又是否存在未下载章节
2026-05-22 00:15:41 - mkk_pika - main.py:45 - INFO - 正在下载:[pixiv-Eugene 木又]-[Eugene 木又]-[['全彩', '短篇', '同人']]-[total_pages:46]
2026-05-22 00:15:41 - mkk_pika - main.py:49 - INFO - [{'_id': '59ab76ec2b576748894ab188', 'title': '第1集', 'order': 1, 'updated_at': '2017-09-02T08:03:21.579Z', 'id': '59ab76ec2b576748894ab188'}]
2026-05-22 00:15:41 - mkk_pika - database.py:215 - INFO - 第一次下载该漫画，记录数据库中
2026-05-22 00:15:42 - mkk_pika - main.py:83 - INFO - 找到 46 张图片在:第1集
2026-05-22 00:15:43 - mkk_pika - main.py:112 - INFO - [episode:第1集       ] downloaded:    46, total:  46, progress:100%
2026-05-22 00:15:43 - mkk_pika - database.py:238 - INFO - 数据库更新已下载章节
2026-05-22 00:15:43 - mkk_pika - database.py:244 - INFO - 该漫画已下载章节如下
2026-05-22 00:15:43 - mkk_pika - database.py:245 - INFO - ['第1集']
2026-05-22 00:15:44 - mkk_pika - main.py:348 - INFO - ==================== 漫画信息 ====================
                                   漫画ID：59ab76ec2b576748894ab187
                                   标题：pixiv-Eugene 木又
                                   作者：Eugene 木又
                                   是否完结：否
                                   总页数：46
                                   分类：全彩,短篇,同人
                                   章节数：1
                                   最后更新时间：2017-09-03T03:28:44.703Z
                                   =================================================
2026-05-22 00:15:44 - mkk_pika - database.py:101 - INFO - 保存成功：pixiv-Eugene 木又
2026-05-22 00:15:44 - mkk_pika - main.py:35 - INFO - 开始检查(C92) HONEY CAGE是否存在未下载章节
2026-05-22 00:15:44 - mkk_pika - main.py:45 - INFO - 正在下载:[(C92) HONEY CAGE]-[Handful☆Happiness! (七原冬雪)]-[['短篇', 'NTR']]-[total_pages:25]
2026-05-22 00:15:44 - mkk_pika - main.py:49 - INFO - [{'_id': '59ab76fe78df364893524a7d', 'title': '第1集', 'order': 1, 'updated_at': '2017-09-03T02:06:30.489Z', 'id': '59ab76fe78df364893524a7d'}]
2026-05-22 00:15:44 - mkk_pika - database.py:215 - INFO - 第一次下载该漫画，记录数据库中
2026-05-22 00:15:45 - mkk_pika - main.py:83 - INFO - 找到 25 张图片在:第1集
2026-05-22 00:15:46 - mkk_pika - main.py:112 - INFO - [episode:第1集       ] downloaded:    25, total:  25, progress:100%
2026-05-22 00:15:46 - mkk_pika - database.py:238 - INFO - 数据库更新已下载章节
2026-05-22 00:15:46 - mkk_pika - database.py:244 - INFO - 该漫画已下载章节如下
2026-05-22 00:15:46 - mkk_pika - database.py:245 - INFO - ['第1集']
2026-05-22 00:15:47 - mkk_pika - main.py:348 - INFO - ==================== 漫画信息 ====================
                                   漫画ID：59ab76fe78df364893524a7c
                                   标题：(C92) HONEY CAGE
                                   作者：Handful☆Happiness! (七原冬雪)
                                   是否完结：是
                                   总页数：25
                                   分类：短篇,NTR
                                   章节数：1
                                   最后更新时间：2017-09-03T03:29:02.887Z
                                   =================================================
2026-05-22 00:15:47 - mkk_pika - database.py:101 - INFO - 保存成功：(C92) HONEY CAGE
2026-05-22 00:15:47 - mkk_pika - main.py:35 - INFO - 开始检查(COMIC1☆11) くっコロドラフに種付けプレス (グランブルーファンタジー)是否存在未下载章节
2026-05-22 00:15:47 - mkk_pika - main.py:45 - INFO - 正在下载:[(COMIC1☆11) くっコロドラフに種付けプレス (グランブルーファンタジー)]-[ヒツジ企画 (むねしろ)]-[['同人', '短篇', '碧藍幻想']]-[total_pages:27]
2026-05-22 00:15:47 - mkk_pika - main.py:49 - INFO - [{'_id': '59abbc6a1d44ba24266ad16d', 'title': '第1集', 'order': 1, 'updated_at': '2017-09-03T03:33:49.022Z', 'id': '59abbc6a1d44ba24266ad16d'}]
2026-05-22 00:15:47 - mkk_pika - database.py:215 - INFO - 第一次下载该漫画，记录数据库中
2026-05-22 00:15:48 - mkk_pika - main.py:83 - INFO - 找到 27 张图片在:第1集
2026-05-22 00:15:48 - mkk_pika - main.py:112 - INFO - [episode:第1集       ] downloaded:    27, total:  27, progress:100%
2026-05-22 00:15:48 - mkk_pika - database.py:238 - INFO - 数据库更新已下载章节
2026-05-22 00:15:48 - mkk_pika - database.py:244 - INFO - 该漫画已下载章节如下
2026-05-22 00:15:48 - mkk_pika - database.py:245 - INFO - ['第1集']
2026-05-22 00:15:50 - mkk_pika - main.py:348 - INFO - ==================== 漫画信息 ====================
                                   漫画ID：59abbc6a1d44ba24266ad16c
                                   标题：(COMIC1☆11) くっコロドラフに種付けプレス (グランブルーファンタジー)
                                   作者：ヒツジ企画 (むねしろ)
                                   是否完结：是
                                   总页数：27
                                   分类：同人,短篇,碧藍幻想
                                   章节数：1
                                   最后更新时间：2017-09-03T08:25:14.773Z
                                   =================================================
2026-05-22 00:15:50 - mkk_pika - database.py:101 - INFO - 保存成功：(COMIC1☆11) くっコロドラフに種付けプレス (グランブルーファンタジー)
2026-05-22 00:15:50 - mkk_pika - main.py:35 - INFO - 开始检查艦娘凌辱7電のお仕置き見をるのです...是否存在未下载章节
2026-05-22 00:15:50 - mkk_pika - main.py:45 - INFO - 正在下载:[艦娘凌辱7電のお仕置き見をるのです...]-[ナギヤマスギ]-[['SM', '艦隊收藏']]-[total_pages:22]
2026-05-22 00:15:50 - mkk_pika - main.py:49 - INFO - [{'_id': '59ac25ac78df364893524d88', 'title': '第1集', 'order': 1, 'updated_at': '2017-09-03T11:26:31.972Z', 'id': '59ac25ac78df364893524d88'}]
2026-05-22 00:15:50 - mkk_pika - database.py:215 - INFO - 第一次下载该漫画，记录数据库中
2026-05-22 00:15:51 - mkk_pika - main.py:83 - INFO - 找到 22 张图片在:第1集
2026-05-22 00:15:51 - mkk_pika - main.py:112 - INFO - [episode:第1集       ] downloaded:    22, total:  22, progress:100%
2026-05-22 00:15:51 - mkk_pika - database.py:238 - INFO - 数据库更新已下载章节
2026-05-22 00:15:51 - mkk_pika - database.py:244 - INFO - 该漫画已下载章节如下
2026-05-22 00:15:51 - mkk_pika - database.py:245 - INFO - ['第1集']
2026-05-22 00:15:52 - mkk_pika - main.py:348 - INFO - ==================== 漫画信息 ====================
                                   漫画ID：59ac25ac78df364893524d87
                                   标题：艦娘凌辱7電のお仕置き見をるのです...
                                   作者：ナギヤマスギ
                                   是否完结：否
                                   总页数：22
                                   分类：SM,艦隊收藏
                                   章节数：1
                                   最后更新时间：2017-09-03T15:54:20.808Z
                                   =================================================
2026-05-22 00:15:52 - mkk_pika - database.py:101 - INFO - 保存成功：艦娘凌辱7電のお仕置き見をるのです...
2026-05-22 00:15:52 - mkk_pika - main.py:35 - INFO - 开始检查雨に濡れたら (東方Project)是否存在未下载章节
2026-05-22 00:15:53 - mkk_pika - main.py:45 - INFO - 正在下载:[雨に濡れたら (東方Project)]-[Chocolate Synapse (椎架ゆの)]-[['短篇', '東方']]-[total_pages:16]
2026-05-22 00:15:53 - mkk_pika - main.py:49 - INFO - [{'_id': '59ac25bb1d44ba24266ad343', 'title': '第1集', 'order': 1, 'updated_at': '2017-09-03T11:45:25.431Z', 'id': '59ac25bb1d44ba24266ad343'}]
2026-05-22 00:15:53 - mkk_pika - database.py:215 - INFO - 第一次下载该漫画，记录数据库中
2026-05-22 00:15:53 - mkk_pika - main.py:83 - INFO - 找到 19 张图片在:第1集
2026-05-22 00:15:54 - mkk_pika - main.py:112 - INFO - [episode:第1集       ] downloaded:    19, total:  19, progress:100%
2026-05-22 00:15:54 - mkk_pika - database.py:238 - INFO - 数据库更新已下载章节
2026-05-22 00:15:54 - mkk_pika - database.py:244 - INFO - 该漫画已下载章节如下
2026-05-22 00:15:54 - mkk_pika - database.py:245 - INFO - ['第1集']
2026-05-22 00:15:55 - mkk_pika - main.py:348 - INFO - ==================== 漫画信息 ====================
                                   漫画ID：59ac25bb1d44ba24266ad342
                                   标题：雨に濡れたら (東方Project)
                                   作者：Chocolate Synapse (椎架ゆの)
                                   是否完结：是
                                   总页数：16
                                   分类：短篇,東方
                                   章节数：1
                                   最后更新时间：2017-09-03T15:54:35.707Z
                                   =================================================
2026-05-22 00:15:55 - mkk_pika - database.py:101 - INFO - 保存成功：雨に濡れたら (東方Project)
2026-05-22 00:15:55 - mkk_pika - main.py:35 - INFO - 开始检查ぼーだーぶれいく! (COMIC 失楽天 2017年3月号)是否存在未下载章节
2026-05-22 00:15:55 - mkk_pika - main.py:45 - INFO - 正在下载:[ぼーだーぶれいく! (COMIC 失楽天 2017年3月号)]-[TANABE]-[['短篇']]-[total_pages:40]
2026-05-22 00:15:55 - mkk_pika - main.py:49 - INFO - [{'_id': '5957a6f018bda006726bb0d0', 'title': '第1集', 'order': 1, 'updated_at': '2017-07-01T05:51:14.667Z', 'id': '5957a6f018bda006726bb0d0'}, {'_id': '59ac25c2778d461820c77b2b', 'title': '第2集', 'order': 2, 'updated_at': '2017-09-03T13:14:31.662Z', 'id': '59ac25c2778d461820c77b2b'}]
2026-05-22 00:15:55 - mkk_pika - database.py:215 - INFO - 第一次下载该漫画，记录数据库中
2026-05-22 00:15:56 - mkk_pika - main.py:83 - INFO - 找到 20 张图片在:第1集
2026-05-22 00:15:56 - mkk_pika - main.py:112 - INFO - [episode:第1集       ] downloaded:    20, total:  20, progress:100%
2026-05-22 00:15:56 - mkk_pika - database.py:238 - INFO - 数据库更新已下载章节
2026-05-22 00:15:56 - mkk_pika - database.py:244 - INFO - 该漫画已下载章节如下
2026-05-22 00:15:56 - mkk_pika - database.py:245 - INFO - ['第1集']
2026-05-22 00:15:58 - mkk_pika - main.py:83 - INFO - 找到 20 张图片在:第2集
2026-05-22 00:15:58 - mkk_pika - main.py:112 - INFO - [episode:第2集       ] downloaded:    20, total:  20, progress:100%
2026-05-22 00:15:58 - mkk_pika - database.py:238 - INFO - 数据库更新已下载章节
2026-05-22 00:15:58 - mkk_pika - database.py:244 - INFO - 该漫画已下载章节如下
2026-05-22 00:15:58 - mkk_pika - database.py:245 - INFO - ['第1集', '第2集']
2026-05-22 00:16:00 - mkk_pika - main.py:348 - INFO - ==================== 漫画信息 ====================
                                   漫画ID：5957a6f018bda006726bb0cf
                                   标题：ぼーだーぶれいく! (COMIC 失楽天 2017年3月号)
                                   作者：TANABE
                                   是否完结：是
                                   总页数：40
                                   分类：短篇
                                   章节数：2
                                   最后更新时间：2017-09-03T15:54:42.277Z
                                   =================================================
2026-05-22 00:16:00 - mkk_pika - database.py:101 - INFO - 保存成功：ぼーだーぶれいく! (COMIC 失楽天 2017年3月号)
2026-05-22 00:16:00 - mkk_pika - main.py:35 - INFO - 开始检查伊19是否存在未下载章节
2026-05-22 00:16:00 - mkk_pika - main.py:45 - INFO - 正在下载:[伊19]-[匿名]-[['同人', '短篇', '艦隊收藏']]-[total_pages:23]
2026-05-22 00:16:00 - mkk_pika - main.py:49 - INFO - [{'_id': '59ac25d82b576748894ab4c6', 'title': '第1集', 'order': 1, 'updated_at': '2017-09-01T14:59:48.654Z', 'id': '59ac25d82b576748894ab4c6'}]
2026-05-22 00:16:00 - mkk_pika - database.py:215 - INFO - 第一次下载该漫画，记录数据库中
2026-05-22 00:16:01 - mkk_pika - main.py:83 - INFO - 找到 23 张图片在:第1集
2026-05-22 00:16:01 - mkk_pika - main.py:112 - INFO - [episode:第1集       ] downloaded:    23, total:  23, progress:100%
2026-05-22 00:16:01 - mkk_pika - database.py:238 - INFO - 数据库更新已下载章节
2026-05-22 00:16:01 - mkk_pika - database.py:244 - INFO - 该漫画已下载章节如下
2026-05-22 00:16:01 - mkk_pika - database.py:245 - INFO - ['第1集']
2026-05-22 00:16:03 - mkk_pika - main.py:348 - INFO - ==================== 漫画信息 ====================
                                   漫画ID：59ac25d82b576748894ab4c5
                                   标题：伊19
                                   作者：匿名
                                   是否完结：是
                                   总页数：23
                                   分类：同人,短篇,艦隊收藏
                                   章节数：1
                                   最后更新时间：2017-09-03T15:55:04.098Z
                                   =================================================
2026-05-22 00:16:03 - mkk_pika - database.py:101 - INFO - 保存成功：伊19
2026-05-22 00:16:03 - mkk_pika - main.py:380 - INFO - 本次任务下载完毕
2026-05-22 00:16:03 - mkk_pika - database.py:173 - INFO - 数据库连接已关闭
