2026-02-16 23:39:39 - mkk_pika - main.py:193 - INFO - =======================================================================
2026-02-16 23:39:39 - mkk_pika - database.py:61 - INFO - 表和索引初始化成功
2026-02-16 23:39:39 - mkk_pika - main.py:197 - INFO - 已经累计下载2198本漫画
2026-02-16 23:39:39 - mkk_pika - api.py:87 - INFO - 登录成功
2026-02-16 23:39:40 - mkk_pika - main.py:203 - INFO - 收藏夹共计0本漫画
2026-02-16 23:39:40 - mkk_pika - main.py:206 - INFO - 开始下载收藏夹内未下载内容
2026-02-16 23:39:40 - mkk_pika - main.py:266 - INFO - 收藏夹内容下载完毕
2026-02-16 23:39:40 - mkk_pika - main.py:268 - INFO - 开始下载订阅内容
2026-02-16 23:39:40 - mkk_pika - database.py:258 - INFO - 根据ID查询到标题：萝莉 -> ぬきたし-抜きゲーみたいな島に住んでるわたしはどうすりゃいいですか R [中国翻译]
2026-02-16 23:39:40 - mkk_pika - database.py:101 - INFO - 保存成功：ぬきたし-抜きゲーみたいな島に住んでるわたしはどうすりゃいいですか R [中国翻译]
2026-02-16 23:39:40 - mkk_pika - main.py:273 - INFO - 关键词萝莉找到0本漫画
2026-02-16 23:39:40 - mkk_pika - database.py:258 - INFO - 根据ID查询到标题：蘿莉 -> [雑誌] COMIC LOE VOL.1-24 [DL版]
2026-02-16 23:39:41 - mkk_pika - database.py:101 - INFO - 保存成功：もしも和ちゃんが異世界に行ったら(2)
2026-02-16 23:39:41 - mkk_pika - main.py:273 - INFO - 关键词蘿莉找到2本漫画
2026-02-16 23:39:41 - mkk_pika - main.py:275 - INFO - 订阅内容共计2本漫画
2026-02-16 23:39:41 - mkk_pika - main.py:35 - INFO - 开始检查乳首が弱いえっちな子是否存在未下载章节
2026-02-16 23:39:41 - mkk_pika - main.py:45 - INFO - 正在下载:[乳首が弱いえっちな子]-[あまいちご (亀吉いちこ)]-[['短篇']]-[total_pages:-1]
2026-02-16 23:39:41 - mkk_pika - main.py:49 - INFO - [{'_id': '699358d3f028fe791c53f6c7', 'title': '第1話', 'order': 1, 'updated_at': '2026-02-16T08:22:31.154Z', 'id': '699358d3f028fe791c53f6c7'}]
2026-02-16 23:39:41 - mkk_pika - database.py:215 - INFO - 第一次下载该漫画，记录数据库中
2026-02-16 23:39:42 - mkk_pika - main.py:83 - INFO - 找到 20 张图片在:第1話
2026-02-16 23:39:43 - mkk_pika - main.py:112 - INFO - [episode:第1話       ] downloaded:    20, total:  20, progress:100%
2026-02-16 23:39:43 - mkk_pika - database.py:238 - INFO - 数据库更新已下载章节
2026-02-16 23:39:43 - mkk_pika - database.py:244 - INFO - 该漫画已下载章节如下
2026-02-16 23:39:43 - mkk_pika - database.py:245 - INFO - ['第1話']
2026-02-16 23:39:44 - mkk_pika - main.py:292 - INFO - ==================== 漫画信息 ====================
                                漫画ID：699358d3f028fe791c53f6c6
                                标题：乳首が弱いえっちな子
                                作者：あまいちご (亀吉いちこ)
                                是否完结：否
                                总页数：20
                                分类：短篇
                                章节数：1
                                最后更新时间：2026-02-16T17:50:11.716Z
                                =================================================
2026-02-16 23:39:44 - mkk_pika - database.py:101 - INFO - 保存成功：乳首が弱いえっちな子
2026-02-16 23:39:44 - mkk_pika - main.py:35 - INFO - 开始检查楽園是否存在未下载章节
2026-02-16 23:39:45 - mkk_pika - database.py:203 - INFO - 查询数据库中是否已存在第1話
2026-02-16 23:39:45 - mkk_pika - main.py:51 - INFO - 楽園中没有可下载章节
2026-02-16 23:39:45 - mkk_pika - main.py:292 - INFO - ==================== 漫画信息 ====================
                                漫画ID：6991f984f028fe791c53e93e
                                标题：楽園
                                作者：倫理がない (ユミキチ)
                                是否完结：是
                                总页数：101
                                分类：長篇
                                章节数：1
                                最后更新时间：2026-02-15T16:51:16.896Z
                                =================================================
2026-02-16 23:39:45 - mkk_pika - database.py:101 - INFO - 保存成功：楽園
2026-02-16 23:39:45 - mkk_pika - main.py:323 - INFO - 订阅内容内容下载完毕
2026-02-16 23:39:45 - mkk_pika - main.py:324 - INFO - 开始分批下载全部章节
2026-02-16 23:39:45 - mkk_pika - database.py:280 - INFO - 表和索引初始化成功
2026-02-16 23:39:46 - mkk_pika - main.py:177 - INFO - 已经下载了109页，一共6743页，现在开始添加第110页
2026-02-16 23:39:46 - mkk_pika - database.py:318 - INFO - 保存成功
2026-02-16 23:39:46 - mkk_pika - main.py:177 - INFO - 已经下载了110页，一共6743页，现在开始添加第111页
2026-02-16 23:39:47 - mkk_pika - database.py:318 - INFO - 保存成功
2026-02-16 23:39:47 - mkk_pika - main.py:331 - INFO - 分批下载共计30本漫画
2026-02-16 23:39:47 - mkk_pika - main.py:35 - INFO - 开始检查(C83) [高速回転(八雲剣豪)] お菓子の王様 (さくら荘のペットな彼女)是否存在未下载章节
2026-02-16 23:39:47 - mkk_pika - main.py:45 - INFO - 正在下载:[(C83) [高速回転(八雲剣豪)] お菓子の王様 (さくら荘のペットな彼女)]-[八雲剣豪]-[['同人', '短篇']]-[total_pages:27]
2026-02-16 23:39:47 - mkk_pika - main.py:49 - INFO - [{'_id': '582192d35f6b9a4f93e5b063', 'title': '第1集', 'order': 1, 'updated_at': '2016-11-08T08:54:43.698Z', 'id': '582192d35f6b9a4f93e5b063'}]
2026-02-16 23:39:47 - mkk_pika - database.py:215 - INFO - 第一次下载该漫画，记录数据库中
2026-02-16 23:39:48 - mkk_pika - main.py:83 - INFO - 找到 27 张图片在:第1集
2026-02-16 23:39:49 - mkk_pika - main.py:112 - INFO - [episode:第1集       ] downloaded:    27, total:  27, progress:100%
2026-02-16 23:39:49 - mkk_pika - database.py:238 - INFO - 数据库更新已下载章节
2026-02-16 23:39:49 - mkk_pika - database.py:244 - INFO - 该漫画已下载章节如下
2026-02-16 23:39:49 - mkk_pika - database.py:245 - INFO - ['第1集']
2026-02-16 23:39:50 - mkk_pika - main.py:348 - INFO - ==================== 漫画信息 ====================
                                   漫画ID：582192d35f6b9a4f93e5b061
                                   标题：(C83) [高速回転(八雲剣豪)] お菓子の王様 (さくら荘のペットな彼女)
                                   作者：八雲剣豪
                                   是否完结：是
                                   总页数：27
                                   分类：同人,短篇
                                   章节数：1
                                   最后更新时间：2009-08-31T16:47:17.000Z
                                   =================================================
2026-02-16 23:39:50 - mkk_pika - database.py:101 - INFO - 保存成功：(C83) [高速回転(八雲剣豪)] お菓子の王様 (さくら荘のペットな彼女)
2026-02-16 23:39:50 - mkk_pika - main.py:35 - INFO - 开始检查痴女の巣僕の肉棒を奪い合う牝犬達是否存在未下载章节
2026-02-16 23:39:51 - mkk_pika - main.py:45 - INFO - 正在下载:[痴女の巣僕の肉棒を奪い合う牝犬達]-[[紫みねみ] ]-[['長篇', '後宮閃光']]-[total_pages:199]
2026-02-16 23:39:51 - mkk_pika - main.py:49 - INFO - [{'_id': '582192d55f6b9a4f93e5b209', 'title': '第1集', 'order': 1, 'updated_at': '2016-11-08T08:54:45.774Z', 'id': '582192d55f6b9a4f93e5b209'}]
2026-02-16 23:39:51 - mkk_pika - database.py:215 - INFO - 第一次下载该漫画，记录数据库中
2026-02-16 23:39:53 - mkk_pika - main.py:83 - INFO - 找到 199 张图片在:第1集
2026-02-16 23:40:01 - mkk_pika - main.py:112 - INFO - [episode:第1集       ] downloaded:   199, total: 199, progress:100%
2026-02-16 23:40:01 - mkk_pika - database.py:238 - INFO - 数据库更新已下载章节
2026-02-16 23:40:01 - mkk_pika - database.py:244 - INFO - 该漫画已下载章节如下
2026-02-16 23:40:01 - mkk_pika - database.py:245 - INFO - ['第1集']
2026-02-16 23:40:02 - mkk_pika - main.py:348 - INFO - ==================== 漫画信息 ====================
                                   漫画ID：582192d55f6b9a4f93e5b207
                                   标题：痴女の巣僕の肉棒を奪い合う牝犬達
                                   作者：[紫みねみ] 
                                   是否完结：是
                                   总页数：199
                                   分类：長篇,後宮閃光
                                   章节数：1
                                   最后更新时间：2009-09-01T12:47:17.000Z
                                   =================================================
2026-02-16 23:40:02 - mkk_pika - database.py:101 - INFO - 保存成功：痴女の巣僕の肉棒を奪い合う牝犬達
2026-02-16 23:40:02 - mkk_pika - main.py:35 - INFO - 开始检查[水龍敬] 槍間家6本汉化全集是否存在未下载章节
2026-02-16 23:40:03 - mkk_pika - main.py:45 - INFO - 正在下载:[[水龍敬] 槍間家6本汉化全集]-[水龍敬]-[['人妻', '短篇', '後宮閃光']]-[total_pages:119]
2026-02-16 23:40:03 - mkk_pika - main.py:49 - INFO - [{'_id': '582192db5f6b9a4f93e5b8f9', 'title': '第1集', 'order': 1, 'updated_at': '2016-11-08T08:54:51.266Z', 'id': '582192db5f6b9a4f93e5b8f9'}, {'_id': '582192db5f6b9a4f93e5b923', 'title': '第2集', 'order': 2, 'updated_at': '2016-11-08T08:54:51.888Z', 'id': '582192db5f6b9a4f93e5b923'}, {'_id': '582192dc5f6b9a4f93e5b945', 'title': '第3集', 'order': 3, 'updated_at': '2016-11-08T08:54:52.474Z', 'id': '582192dc5f6b9a4f93e5b945'}, {'_id': '582192dc5f6b9a4f93e5b973', 'title': '第4集', 'order': 4, 'updated_at': '2016-11-08T08:54:52.881Z', 'id': '582192dc5f6b9a4f93e5b973'}, {'_id': '582192dd5f6b9a4f93e5b99d', 'title': '第5集', 'order': 5, 'updated_at': '2016-11-08T08:54:53.522Z', 'id': '582192dd5f6b9a4f93e5b99d'}, {'_id': '582192dd5f6b9a4f93e5b9c9', 'title': '第6集', 'order': 6, 'updated_at': '2016-11-08T08:54:53.896Z', 'id': '582192dd5f6b9a4f93e5b9c9'}]
2026-02-16 23:40:03 - mkk_pika - database.py:215 - INFO - 第一次下载该漫画，记录数据库中
2026-02-16 23:40:03 - mkk_pika - main.py:83 - INFO - 找到 20 张图片在:第1集
2026-02-16 23:40:04 - mkk_pika - main.py:112 - INFO - [episode:第1集       ] downloaded:    20, total:  20, progress:100%
2026-02-16 23:40:04 - mkk_pika - database.py:238 - INFO - 数据库更新已下载章节
2026-02-16 23:40:04 - mkk_pika - database.py:244 - INFO - 该漫画已下载章节如下
2026-02-16 23:40:04 - mkk_pika - database.py:245 - INFO - ['第1集']
2026-02-16 23:40:06 - mkk_pika - main.py:83 - INFO - 找到 16 张图片在:第2集
2026-02-16 23:40:07 - mkk_pika - main.py:112 - INFO - [episode:第2集       ] downloaded:    16, total:  16, progress:100%
2026-02-16 23:40:07 - mkk_pika - database.py:238 - INFO - 数据库更新已下载章节
2026-02-16 23:40:07 - mkk_pika - database.py:244 - INFO - 该漫画已下载章节如下
2026-02-16 23:40:07 - mkk_pika - database.py:245 - INFO - ['第1集', '第2集']
2026-02-16 23:40:08 - mkk_pika - main.py:83 - INFO - 找到 22 张图片在:第3集
2026-02-16 23:40:10 - mkk_pika - main.py:112 - INFO - [episode:第3集       ] downloaded:    22, total:  22, progress:100%
2026-02-16 23:40:10 - mkk_pika - database.py:238 - INFO - 数据库更新已下载章节
2026-02-16 23:40:10 - mkk_pika - database.py:244 - INFO - 该漫画已下载章节如下
2026-02-16 23:40:10 - mkk_pika - database.py:245 - INFO - ['第1集', '第2集', '第3集']
2026-02-16 23:40:11 - mkk_pika - main.py:83 - INFO - 找到 20 张图片在:第4集
2026-02-16 23:40:12 - mkk_pika - main.py:112 - INFO - [episode:第4集       ] downloaded:    20, total:  20, progress:100%
2026-02-16 23:40:12 - mkk_pika - database.py:238 - INFO - 数据库更新已下载章节
2026-02-16 23:40:12 - mkk_pika - database.py:244 - INFO - 该漫画已下载章节如下
2026-02-16 23:40:12 - mkk_pika - database.py:245 - INFO - ['第1集', '第2集', '第3集', '第4集']
2026-02-16 23:40:14 - mkk_pika - main.py:83 - INFO - 找到 21 张图片在:第5集
2026-02-16 23:40:15 - mkk_pika - main.py:112 - INFO - [episode:第5集       ] downloaded:    21, total:  21, progress:100%
2026-02-16 23:40:15 - mkk_pika - database.py:238 - INFO - 数据库更新已下载章节
2026-02-16 23:40:15 - mkk_pika - database.py:244 - INFO - 该漫画已下载章节如下
2026-02-16 23:40:15 - mkk_pika - database.py:245 - INFO - ['第1集', '第2集', '第3集', '第4集', '第5集']
2026-02-16 23:40:16 - mkk_pika - main.py:83 - INFO - 找到 20 张图片在:第6集
2026-02-16 23:40:17 - mkk_pika - main.py:112 - INFO - [episode:第6集       ] downloaded:    20, total:  20, progress:100%
2026-02-16 23:40:17 - mkk_pika - database.py:238 - INFO - 数据库更新已下载章节
2026-02-16 23:40:17 - mkk_pika - database.py:244 - INFO - 该漫画已下载章节如下
2026-02-16 23:40:17 - mkk_pika - database.py:245 - INFO - ['第1集', '第2集', '第3集', '第4集', '第5集', '第6集']
2026-02-16 23:40:19 - mkk_pika - main.py:348 - INFO - ==================== 漫画信息 ====================
                                   漫画ID：582192da5f6b9a4f93e5b8f7
                                   标题：[水龍敬] 槍間家6本汉化全集
                                   作者：水龍敬
                                   是否完结：是
                                   总页数：119
                                   分类：人妻,短篇,後宮閃光
                                   章节数：6
                                   最后更新时间：2009-09-03T04:47:17.000Z
                                   =================================================
2026-02-16 23:40:19 - mkk_pika - database.py:101 - INFO - 保存成功：[水龍敬] 槍間家6本汉化全集
2026-02-16 23:40:19 - mkk_pika - main.py:35 - INFO - 开始检查小人族的恋爱是否存在未下载章节
2026-02-16 23:40:19 - mkk_pika - main.py:45 - INFO - 正在下载:[小人族的恋爱]-[不明]-[['短篇', '妹妹系', '純愛']]-[total_pages:29]
2026-02-16 23:40:19 - mkk_pika - main.py:49 - INFO - [{'_id': '582192e35f6b9a4f93e5bd17', 'title': '第1集', 'order': 1, 'updated_at': '2016-11-08T08:54:59.176Z', 'id': '582192e35f6b9a4f93e5bd17'}]
2026-02-16 23:40:19 - mkk_pika - database.py:215 - INFO - 第一次下载该漫画，记录数据库中
2026-02-16 23:40:20 - mkk_pika - main.py:83 - INFO - 找到 29 张图片在:第1集
2026-02-16 23:40:21 - mkk_pika - main.py:112 - INFO - [episode:第1集       ] downloaded:    29, total:  29, progress:100%
2026-02-16 23:40:21 - mkk_pika - database.py:238 - INFO - 数据库更新已下载章节
2026-02-16 23:40:21 - mkk_pika - database.py:244 - INFO - 该漫画已下载章节如下
2026-02-16 23:40:21 - mkk_pika - database.py:245 - INFO - ['第1集']
2026-02-16 23:40:22 - mkk_pika - main.py:348 - INFO - ==================== 漫画信息 ====================
                                   漫画ID：582192e25f6b9a4f93e5bd15
                                   标题：小人族的恋爱
                                   作者：不明
                                   是否完结：是
                                   总页数：29
                                   分类：短篇,妹妹系,純愛
                                   章节数：1
                                   最后更新时间：2009-09-06T02:47:17.000Z
                                   =================================================
2026-02-16 23:40:22 - mkk_pika - database.py:101 - INFO - 保存成功：小人族的恋爱
2026-02-16 23:40:22 - mkk_pika - main.py:35 - INFO - 开始检查点兔父亲教育本子是否存在未下载章节
2026-02-16 23:40:23 - mkk_pika - main.py:45 - INFO - 正在下载:[点兔父亲教育本子]-[不明]-[['短篇', '妹妹系', '純愛']]-[total_pages:24]
2026-02-16 23:40:23 - mkk_pika - main.py:49 - INFO - [{'_id': '582192e35f6b9a4f93e5bd55', 'title': '第1集', 'order': 1, 'updated_at': '2016-11-08T08:54:59.870Z', 'id': '582192e35f6b9a4f93e5bd55'}]
2026-02-16 23:40:23 - mkk_pika - database.py:215 - INFO - 第一次下载该漫画，记录数据库中
2026-02-16 23:40:23 - mkk_pika - main.py:83 - INFO - 找到 24 张图片在:第1集
2026-02-16 23:40:24 - mkk_pika - main.py:112 - INFO - [episode:第1集       ] downloaded:    24, total:  24, progress:100%
2026-02-16 23:40:24 - mkk_pika - database.py:238 - INFO - 数据库更新已下载章节
2026-02-16 23:40:24 - mkk_pika - database.py:244 - INFO - 该漫画已下载章节如下
2026-02-16 23:40:24 - mkk_pika - database.py:245 - INFO - ['第1集']
2026-02-16 23:40:26 - mkk_pika - main.py:348 - INFO - ==================== 漫画信息 ====================
                                   漫画ID：582192e35f6b9a4f93e5bd53
                                   标题：点兔父亲教育本子
                                   作者：不明
                                   是否完结：是
                                   总页数：24
                                   分类：短篇,妹妹系,純愛
                                   章节数：1
                                   最后更新时间：2009-09-06T12:47:17.000Z
                                   =================================================
2026-02-16 23:40:26 - mkk_pika - database.py:101 - INFO - 保存成功：点兔父亲教育本子
2026-02-16 23:40:26 - mkk_pika - main.py:35 - INFO - 开始检查淫色系お姉さんがしたいコト是否存在未下载章节
2026-02-16 23:40:26 - mkk_pika - main.py:45 - INFO - 正在下载:[淫色系お姉さんがしたいコト]-[はんぺら]-[['長篇']]-[total_pages:186]
2026-02-16 23:40:26 - mkk_pika - main.py:49 - INFO - [{'_id': '582192e75f6b9a4f93e5bf81', 'title': '第1集', 'order': 1, 'updated_at': '2016-11-08T08:55:03.444Z', 'id': '582192e75f6b9a4f93e5bf81'}]
2026-02-16 23:40:26 - mkk_pika - database.py:215 - INFO - 第一次下载该漫画，记录数据库中
2026-02-16 23:40:28 - mkk_pika - main.py:83 - INFO - 找到 186 张图片在:第1集
2026-02-16 23:40:36 - mkk_pika - main.py:112 - INFO - [episode:第1集       ] downloaded:   186, total: 186, progress:100%
2026-02-16 23:40:36 - mkk_pika - database.py:238 - INFO - 数据库更新已下载章节
2026-02-16 23:40:36 - mkk_pika - database.py:244 - INFO - 该漫画已下载章节如下
2026-02-16 23:40:36 - mkk_pika - database.py:245 - INFO - ['第1集']
2026-02-16 23:40:37 - mkk_pika - main.py:348 - INFO - ==================== 漫画信息 ====================
                                   漫画ID：582192e65f6b9a4f93e5bf7f
                                   标题：淫色系お姉さんがしたいコト
                                   作者：はんぺら
                                   是否完结：是
                                   总页数：186
                                   分类：長篇
                                   章节数：1
                                   最后更新时间：2009-09-07T18:47:17.000Z
                                   =================================================
2026-02-16 23:40:37 - mkk_pika - database.py:101 - INFO - 保存成功：淫色系お姉さんがしたいコト
2026-02-16 23:40:37 - mkk_pika - main.py:35 - INFO - 开始检查(C88) Real Intention (甘城ブリリアントパーク)是否存在未下载章节
2026-02-16 23:40:38 - mkk_pika - main.py:45 - INFO - 正在下载:[(C88) Real Intention (甘城ブリリアントパーク)]-[pinvise (涼月くらら)]-[['同人', '短篇', '純愛']]-[total_pages:24]
2026-02-16 23:40:38 - mkk_pika - main.py:49 - INFO - [{'_id': '582192e95f6b9a4f93e5c0f9', 'title': '第1集', 'order': 1, 'updated_at': '2016-11-08T08:55:05.349Z', 'id': '582192e95f6b9a4f93e5c0f9'}]
2026-02-16 23:40:38 - mkk_pika - database.py:215 - INFO - 第一次下载该漫画，记录数据库中
2026-02-16 23:40:38 - mkk_pika - main.py:83 - INFO - 找到 24 张图片在:第1集
2026-02-16 23:40:39 - mkk_pika - main.py:112 - INFO - [episode:第1集       ] downloaded:    24, total:  24, progress:100%
2026-02-16 23:40:39 - mkk_pika - database.py:238 - INFO - 数据库更新已下载章节
2026-02-16 23:40:39 - mkk_pika - database.py:244 - INFO - 该漫画已下载章节如下
2026-02-16 23:40:39 - mkk_pika - database.py:245 - INFO - ['第1集']
2026-02-16 23:40:41 - mkk_pika - main.py:348 - INFO - ==================== 漫画信息 ====================
                                   漫画ID：582192e85f6b9a4f93e5c0f7
                                   标题：(C88) Real Intention (甘城ブリリアントパーク)
                                   作者：pinvise (涼月くらら)
                                   是否完结：是
                                   总页数：24
                                   分类：同人,短篇,純愛
                                   章节数：1
                                   最后更新时间：2009-09-08T04:47:17.000Z
                                   =================================================
2026-02-16 23:40:41 - mkk_pika - database.py:101 - INFO - 保存成功：(C88) Real Intention (甘城ブリリアントパーク)
2026-02-16 23:40:41 - mkk_pika - main.py:35 - INFO - 开始检查(C85) サキトノドカ (咲-Saki-)是否存在未下载章节
2026-02-16 23:40:41 - mkk_pika - main.py:45 - INFO - 正在下载:[(C85) サキトノドカ (咲-Saki-)]-[鴨川屋 (鴨川たぬき)]-[['全彩']]-[total_pages:23]
2026-02-16 23:40:41 - mkk_pika - main.py:49 - INFO - [{'_id': '582192ed5f6b9a4f93e5c507', 'title': '第1集', 'order': 1, 'updated_at': '2016-11-08T08:55:09.320Z', 'id': '582192ed5f6b9a4f93e5c507'}]
2026-02-16 23:40:41 - mkk_pika - database.py:215 - INFO - 第一次下载该漫画，记录数据库中
2026-02-16 23:40:42 - mkk_pika - main.py:83 - INFO - 找到 23 张图片在:第1集
2026-02-16 23:40:43 - mkk_pika - main.py:112 - INFO - [episode:第1集       ] downloaded:    23, total:  23, progress:100%
2026-02-16 23:40:43 - mkk_pika - database.py:238 - INFO - 数据库更新已下载章节
2026-02-16 23:40:43 - mkk_pika - database.py:244 - INFO - 该漫画已下载章节如下
2026-02-16 23:40:43 - mkk_pika - database.py:245 - INFO - ['第1集']
2026-02-16 23:40:44 - mkk_pika - main.py:348 - INFO - ==================== 漫画信息 ====================
                                   漫画ID：582192ec5f6b9a4f93e5c505
                                   标题：(C85) サキトノドカ (咲-Saki-)
                                   作者：鴨川屋 (鴨川たぬき)
                                   是否完结：否
                                   总页数：23
                                   分类：全彩
                                   章节数：1
                                   最后更新时间：2009-09-09T20:47:17.000Z
                                   =================================================
2026-02-16 23:40:44 - mkk_pika - database.py:101 - INFO - 保存成功：(C85) サキトノドカ (咲-Saki-)
2026-02-16 23:40:44 - mkk_pika - main.py:35 - INFO - 开始检查(C85) TO LOVE LHARLEM 是否存在未下载章节
2026-02-16 23:40:44 - mkk_pika - main.py:45 - INFO - 正在下载:[(C85) TO LOVE LHARLEM ]-[芝雪屋]-[['全彩']]-[total_pages:11]
2026-02-16 23:40:44 - mkk_pika - main.py:49 - INFO - [{'_id': '582192f05f6b9a4f93e5c93d', 'title': '第1集', 'order': 1, 'updated_at': '2016-11-08T08:55:12.626Z', 'id': '582192f05f6b9a4f93e5c93d'}]
2026-02-16 23:40:44 - mkk_pika - database.py:215 - INFO - 第一次下载该漫画，记录数据库中
2026-02-16 23:40:45 - mkk_pika - main.py:83 - INFO - 找到 11 张图片在:第1集
2026-02-16 23:40:46 - mkk_pika - main.py:112 - INFO - [episode:第1集       ] downloaded:    11, total:  11, progress:100%
2026-02-16 23:40:46 - mkk_pika - database.py:238 - INFO - 数据库更新已下载章节
2026-02-16 23:40:46 - mkk_pika - database.py:244 - INFO - 该漫画已下载章节如下
2026-02-16 23:40:46 - mkk_pika - database.py:245 - INFO - ['第1集']
2026-02-16 23:40:47 - mkk_pika - main.py:348 - INFO - ==================== 漫画信息 ====================
                                   漫画ID：582192f05f6b9a4f93e5c93b
                                   标题：(C85) TO LOVE LHARLEM 
                                   作者：芝雪屋
                                   是否完结：是
                                   总页数：11
                                   分类：全彩
                                   章节数：1
                                   最后更新时间：2009-09-11T12:47:17.000Z
                                   =================================================
2026-02-16 23:40:47 - mkk_pika - database.py:101 - INFO - 保存成功：(C85) TO LOVE LHARLEM 
2026-02-16 23:40:47 - mkk_pika - main.py:35 - INFO - 开始检查(C85)CL-orz 33 (艦隊これくしょん-艦これ-)是否存在未下载章节
2026-02-16 23:40:47 - mkk_pika - main.py:45 - INFO - 正在下载:[(C85)CL-orz 33 (艦隊これくしょん-艦これ-)]-[ クレスタ]-[['全彩']]-[total_pages:17]
2026-02-16 23:40:47 - mkk_pika - main.py:49 - INFO - [{'_id': '582192f05f6b9a4f93e5c957', 'title': '第1集', 'order': 1, 'updated_at': '2016-11-08T08:55:12.955Z', 'id': '582192f05f6b9a4f93e5c957'}]
2026-02-16 23:40:47 - mkk_pika - database.py:215 - INFO - 第一次下载该漫画，记录数据库中
2026-02-16 23:40:48 - mkk_pika - main.py:83 - INFO - 找到 17 张图片在:第1集
2026-02-16 23:40:49 - mkk_pika - main.py:112 - INFO - [episode:第1集       ] downloaded:    17, total:  17, progress:100%
2026-02-16 23:40:49 - mkk_pika - database.py:238 - INFO - 数据库更新已下载章节
2026-02-16 23:40:49 - mkk_pika - database.py:244 - INFO - 该漫画已下载章节如下
2026-02-16 23:40:49 - mkk_pika - database.py:245 - INFO - ['第1集']
2026-02-16 23:40:50 - mkk_pika - main.py:348 - INFO - ==================== 漫画信息 ====================
                                   漫画ID：582192f05f6b9a4f93e5c955
                                   标题：(C85)CL-orz 33 (艦隊これくしょん-艦これ-)
                                   作者： クレスタ
                                   是否完结：是
                                   总页数：17
                                   分类：全彩
                                   章节数：1
                                   最后更新时间：2009-09-11T22:47:17.000Z
                                   =================================================
2026-02-16 23:40:50 - mkk_pika - database.py:101 - INFO - 保存成功：(C85)CL-orz 33 (艦隊これくしょん-艦これ-)
2026-02-16 23:40:50 - mkk_pika - main.py:35 - INFO - 开始检查(とら祭り2015) [いもむや本舗 - Singleton (あずまゆき)] 一回500円【CE家族社】是否存在未下载章节
2026-02-16 23:40:50 - mkk_pika - main.py:45 - INFO - 正在下载:[(とら祭り2015) [いもむや本舗 - Singleton (あずまゆき)] 一回500円【CE家族社】]-[いもむや本舗 - Singleton (あずまゆき)]-[['同人', '短篇']]-[total_pages:24]
2026-02-16 23:40:50 - mkk_pika - main.py:49 - INFO - [{'_id': '582192f25f6b9a4f93e5caa7', 'title': '第1集', 'order': 1, 'updated_at': '2016-11-08T08:55:14.509Z', 'id': '582192f25f6b9a4f93e5caa7'}]
2026-02-16 23:40:50 - mkk_pika - database.py:215 - INFO - 第一次下载该漫画，记录数据库中
2026-02-16 23:40:51 - mkk_pika - main.py:83 - INFO - 找到 24 张图片在:第1集
2026-02-16 23:40:52 - mkk_pika - main.py:112 - INFO - [episode:第1集       ] downloaded:    24, total:  24, progress:100%
2026-02-16 23:40:52 - mkk_pika - database.py:238 - INFO - 数据库更新已下载章节
2026-02-16 23:40:52 - mkk_pika - database.py:244 - INFO - 该漫画已下载章节如下
2026-02-16 23:40:52 - mkk_pika - database.py:245 - INFO - ['第1集']
2026-02-16 23:40:54 - mkk_pika - main.py:348 - INFO - ==================== 漫画信息 ====================
                                   漫画ID：582192f15f6b9a4f93e5caa5
                                   标题：(とら祭り2015) [いもむや本舗 - Singleton (あずまゆき)] 一回500円【CE家族社】
                                   作者：いもむや本舗 - Singleton (あずまゆき)
                                   是否完结：是
                                   总页数：24
                                   分类：同人,短篇
                                   章节数：1
                                   最后更新时间：2009-09-12T18:47:16.000Z
                                   =================================================
2026-02-16 23:40:54 - mkk_pika - database.py:101 - INFO - 保存成功：(とら祭り2015) [いもむや本舗 - Singleton (あずまゆき)] 一回500円【CE家族社】
2026-02-16 23:40:54 - mkk_pika - main.py:35 - INFO - 开始检查[ありすの宝箱 (水龍敬)] 性愛黑白(フェイトゼロ)是否存在未下载章节
2026-02-16 23:40:54 - mkk_pika - main.py:45 - INFO - 正在下载:[[ありすの宝箱 (水龍敬)] 性愛黑白(フェイトゼロ)]-[水龍敬 (ありすの宝箱)]-[['同人', '短篇', '全彩', 'Fate']]-[total_pages:31]
2026-02-16 23:40:54 - mkk_pika - main.py:49 - INFO - [{'_id': '582192f25f6b9a4f93e5cadb', 'title': '第1集', 'order': 1, 'updated_at': '2016-11-08T08:55:14.925Z', 'id': '582192f25f6b9a4f93e5cadb'}, {'_id': '582192f35f6b9a4f93e5cafb', 'title': '第2集', 'order': 2, 'updated_at': '2016-11-08T08:55:15.507Z', 'id': '582192f35f6b9a4f93e5cafb'}]
2026-02-16 23:40:54 - mkk_pika - database.py:215 - INFO - 第一次下载该漫画，记录数据库中
2026-02-16 23:40:54 - mkk_pika - main.py:83 - INFO - 找到 15 张图片在:第1集
2026-02-16 23:40:55 - mkk_pika - main.py:112 - INFO - [episode:第1集       ] downloaded:    15, total:  15, progress:100%
2026-02-16 23:40:55 - mkk_pika - database.py:238 - INFO - 数据库更新已下载章节
2026-02-16 23:40:55 - mkk_pika - database.py:244 - INFO - 该漫画已下载章节如下
2026-02-16 23:40:55 - mkk_pika - database.py:245 - INFO - ['第1集']
2026-02-16 23:40:57 - mkk_pika - main.py:83 - INFO - 找到 16 张图片在:第2集
2026-02-16 23:40:58 - mkk_pika - main.py:112 - INFO - [episode:第2集       ] downloaded:    16, total:  16, progress:100%
2026-02-16 23:40:58 - mkk_pika - database.py:238 - INFO - 数据库更新已下载章节
2026-02-16 23:40:58 - mkk_pika - database.py:244 - INFO - 该漫画已下载章节如下
2026-02-16 23:40:58 - mkk_pika - database.py:245 - INFO - ['第1集', '第2集']
2026-02-16 23:40:59 - mkk_pika - main.py:348 - INFO - ==================== 漫画信息 ====================
                                   漫画ID：582192f25f6b9a4f93e5cad9
                                   标题：[ありすの宝箱 (水龍敬)] 性愛黑白(フェイトゼロ)
                                   作者：水龍敬 (ありすの宝箱)
                                   是否完结：是
                                   总页数：31
                                   分类：同人,短篇,全彩,Fate
                                   章节数：2
                                   最后更新时间：2009-09-13T04:47:16.000Z
                                   =================================================
2026-02-16 23:40:59 - mkk_pika - database.py:101 - INFO - 保存成功：[ありすの宝箱 (水龍敬)] 性愛黑白(フェイトゼロ)
2026-02-16 23:40:59 - mkk_pika - main.py:35 - INFO - 开始检查[ありすの宝箱 (水龍敬)] 榛名全力で男漁り参ります (艦隊これくしょん-艦これ-)[final個人漢化](C85)是否存在未下载章节
2026-02-16 23:40:59 - mkk_pika - main.py:45 - INFO - 正在下载:[[ありすの宝箱 (水龍敬)] 榛名全力で男漁り参ります (艦隊これくしょん-艦これ-)[final個人漢化](C85)]-[水龍敬 (ありすの宝箱)]-[['短篇', '艦隊收藏']]-[total_pages:9]
2026-02-16 23:40:59 - mkk_pika - main.py:49 - INFO - [{'_id': '582192f45f6b9a4f93e5cb47', 'title': '第1集', 'order': 1, 'updated_at': '2016-11-08T08:55:16.205Z', 'id': '582192f45f6b9a4f93e5cb47'}]
2026-02-16 23:40:59 - mkk_pika - database.py:215 - INFO - 第一次下载该漫画，记录数据库中
2026-02-16 23:41:00 - mkk_pika - main.py:83 - INFO - 找到 9 张图片在:第1集
2026-02-16 23:41:00 - mkk_pika - main.py:112 - INFO - [episode:第1集       ] downloaded:     9, total:   9, progress:100%
2026-02-16 23:41:00 - mkk_pika - database.py:238 - INFO - 数据库更新已下载章节
2026-02-16 23:41:00 - mkk_pika - database.py:244 - INFO - 该漫画已下载章节如下
2026-02-16 23:41:00 - mkk_pika - database.py:245 - INFO - ['第1集']
2026-02-16 23:41:02 - mkk_pika - main.py:348 - INFO - ==================== 漫画信息 ====================
                                   漫画ID：582192f35f6b9a4f93e5cb45
                                   标题：[ありすの宝箱 (水龍敬)] 榛名全力で男漁り参ります (艦隊これくしょん-艦これ-)[final個人漢化](C85)
                                   作者：水龍敬 (ありすの宝箱)
                                   是否完结：是
                                   总页数：9
                                   分类：短篇,艦隊收藏
                                   章节数：1
                                   最后更新时间：2009-09-14T00:47:16.000Z
                                   =================================================
2026-02-16 23:41:02 - mkk_pika - database.py:101 - INFO - 保存成功：[ありすの宝箱 (水龍敬)] 榛名全力で男漁り参ります (艦隊これくしょん-艦これ-)[final個人漢化](C85)
2026-02-16 23:41:02 - mkk_pika - main.py:35 - INFO - 开始检查[ありすの宝箱 (水龍敬)] 鎮守府正面海域～製油所出張 艦娘デリバリーヘルス遠征 VS 艦娘ソープランド入渠 [final個人漢化]是否存在未下载章节
2026-02-16 23:41:02 - mkk_pika - main.py:45 - INFO - 正在下载:[[ありすの宝箱 (水龍敬)] 鎮守府正面海域～製油所出張 艦娘デリバリーヘルス遠征 VS 艦娘ソープランド入渠 [final個人漢化]]-[水龍敬 (ありすの宝箱)]-[['同人', '短篇', '艦隊收藏']]-[total_pages:12]
2026-02-16 23:41:02 - mkk_pika - main.py:49 - INFO - [{'_id': '582192f45f6b9a4f93e5cb5d', 'title': '第1集', 'order': 1, 'updated_at': '2016-11-08T08:55:16.549Z', 'id': '582192f45f6b9a4f93e5cb5d'}]
2026-02-16 23:41:02 - mkk_pika - database.py:215 - INFO - 第一次下载该漫画，记录数据库中
2026-02-16 23:41:03 - mkk_pika - main.py:83 - INFO - 找到 12 张图片在:第1集
2026-02-16 23:41:03 - mkk_pika - main.py:112 - INFO - [episode:第1集       ] downloaded:    12, total:  12, progress:100%
2026-02-16 23:41:03 - mkk_pika - database.py:238 - INFO - 数据库更新已下载章节
2026-02-16 23:41:03 - mkk_pika - database.py:244 - INFO - 该漫画已下载章节如下
2026-02-16 23:41:03 - mkk_pika - database.py:245 - INFO - ['第1集']
2026-02-16 23:41:05 - mkk_pika - main.py:348 - INFO - ==================== 漫画信息 ====================
                                   漫画ID：582192f45f6b9a4f93e5cb5b
                                   标题：[ありすの宝箱 (水龍敬)] 鎮守府正面海域～製油所出張 艦娘デリバリーヘルス遠征 VS 艦娘ソープランド入渠 [final個人漢化]
                                   作者：水龍敬 (ありすの宝箱)
                                   是否完结：是
                                   总页数：12
                                   分类：同人,短篇,艦隊收藏
                                   章节数：1
                                   最后更新时间：2009-09-14T10:47:16.000Z
                                   =================================================
2026-02-16 23:41:05 - mkk_pika - database.py:101 - INFO - 保存成功：[ありすの宝箱 (水龍敬)] 鎮守府正面海域～製油所出張 艦娘デリバリーヘルス遠征 VS 艦娘ソープランド入渠 [final個人漢化]
2026-02-16 23:41:05 - mkk_pika - main.py:35 - INFO - 开始检查[ありすの宝箱 (水龍敬)] RAA -特殊慰安戦艦榛名- (艦隊これくしょん -艦これ-) [空気系☆漢化](COMIC1☆8)是否存在未下载章节
2026-02-16 23:41:05 - mkk_pika - main.py:45 - INFO - 正在下载:[[ありすの宝箱 (水龍敬)] RAA -特殊慰安戦艦榛名- (艦隊これくしょん -艦これ-) [空気系☆漢化](COMIC1☆8)]-[水龍敬 (ありすの宝箱)]-[['同人', '短篇', '艦隊收藏']]-[total_pages:31]
2026-02-16 23:41:05 - mkk_pika - main.py:49 - INFO - [{'_id': '582192f55f6b9a4f93e5cbdf', 'title': '第1集', 'order': 1, 'updated_at': '2016-11-08T08:55:17.821Z', 'id': '582192f55f6b9a4f93e5cbdf'}]
2026-02-16 23:41:05 - mkk_pika - database.py:215 - INFO - 第一次下载该漫画，记录数据库中
2026-02-16 23:41:06 - mkk_pika - main.py:83 - INFO - 找到 31 张图片在:第1集
2026-02-16 23:41:07 - mkk_pika - main.py:112 - INFO - [episode:第1集       ] downloaded:    31, total:  31, progress:100%
2026-02-16 23:41:07 - mkk_pika - database.py:238 - INFO - 数据库更新已下载章节
2026-02-16 23:41:07 - mkk_pika - database.py:244 - INFO - 该漫画已下载章节如下
2026-02-16 23:41:07 - mkk_pika - database.py:245 - INFO - ['第1集']
2026-02-16 23:41:08 - mkk_pika - main.py:348 - INFO - ==================== 漫画信息 ====================
                                   漫画ID：582192f55f6b9a4f93e5cbdd
                                   标题：[ありすの宝箱 (水龍敬)] RAA -特殊慰安戦艦榛名- (艦隊これくしょん -艦これ-) [空気系☆漢化](COMIC1☆8)
                                   作者：水龍敬 (ありすの宝箱)
                                   是否完结：是
                                   总页数：31
                                   分类：同人,短篇,艦隊收藏
                                   章节数：1
                                   最后更新时间：2009-09-15T16:47:16.000Z
                                   =================================================
2026-02-16 23:41:08 - mkk_pika - database.py:101 - INFO - 保存成功：[ありすの宝箱 (水龍敬)] RAA -特殊慰安戦艦榛名- (艦隊これくしょん -艦これ-) [空気系☆漢化](COMIC1☆8)
2026-02-16 23:41:08 - mkk_pika - main.py:35 - INFO - 开始检查[ありすの宝箱 (水龍敬)] 奥さんの秘密トレーニング[特殊兴趣研讨会汉化]是否存在未下载章节
2026-02-16 23:41:09 - mkk_pika - main.py:45 - INFO - 正在下载:[[ありすの宝箱 (水龍敬)] 奥さんの秘密トレーニング[特殊兴趣研讨会汉化]]-[水龍敬 (ありすの宝箱)]-[['人妻', '短篇', 'NTR']]-[total_pages:18]
2026-02-16 23:41:09 - mkk_pika - main.py:49 - INFO - [{'_id': '582192f65f6b9a4f93e5cc21', 'title': '第1集', 'order': 1, 'updated_at': '2016-11-08T08:55:18.417Z', 'id': '582192f65f6b9a4f93e5cc21'}]
2026-02-16 23:41:09 - mkk_pika - database.py:215 - INFO - 第一次下载该漫画，记录数据库中
2026-02-16 23:41:09 - mkk_pika - main.py:83 - INFO - 找到 18 张图片在:第1集
2026-02-16 23:41:10 - mkk_pika - main.py:112 - INFO - [episode:第1集       ] downloaded:    18, total:  18, progress:100%
2026-02-16 23:41:10 - mkk_pika - database.py:238 - INFO - 数据库更新已下载章节
2026-02-16 23:41:10 - mkk_pika - database.py:244 - INFO - 该漫画已下载章节如下
2026-02-16 23:41:10 - mkk_pika - database.py:245 - INFO - ['第1集']
2026-02-16 23:41:11 - mkk_pika - main.py:348 - INFO - ==================== 漫画信息 ====================
                                   漫画ID：582192f55f6b9a4f93e5cc1f
                                   标题：[ありすの宝箱 (水龍敬)] 奥さんの秘密トレーニング[特殊兴趣研讨会汉化]
                                   作者：水龍敬 (ありすの宝箱)
                                   是否完结：是
                                   总页数：18
                                   分类：人妻,短篇,NTR
                                   章节数：1
                                   最后更新时间：2009-09-16T02:47:16.000Z
                                   =================================================
2026-02-16 23:41:11 - mkk_pika - database.py:101 - INFO - 保存成功：[ありすの宝箱 (水龍敬)] 奥さんの秘密トレーニング[特殊兴趣研讨会汉化]
2026-02-16 23:41:11 - mkk_pika - main.py:35 - INFO - 开始检查(C86)Love Potion No.5☆ (新約とある魔術の禁書目録)是否存在未下载章节
2026-02-16 23:41:12 - mkk_pika - main.py:45 - INFO - 正在下载:[(C86)Love Potion No.5☆ (新約とある魔術の禁書目録)]-[ 松竜]-[['短篇', '全彩']]-[total_pages:15]
2026-02-16 23:41:12 - mkk_pika - main.py:49 - INFO - [{'_id': '582192f65f6b9a4f93e5cc49', 'title': '第1集', 'order': 1, 'updated_at': '2016-11-08T08:55:18.742Z', 'id': '582192f65f6b9a4f93e5cc49'}]
2026-02-16 23:41:12 - mkk_pika - database.py:215 - INFO - 第一次下载该漫画，记录数据库中
2026-02-16 23:41:13 - mkk_pika - main.py:83 - INFO - 找到 15 张图片在:第1集
2026-02-16 23:41:13 - mkk_pika - main.py:112 - INFO - [episode:第1集       ] downloaded:    15, total:  15, progress:100%
2026-02-16 23:41:13 - mkk_pika - database.py:238 - INFO - 数据库更新已下载章节
2026-02-16 23:41:13 - mkk_pika - database.py:244 - INFO - 该漫画已下载章节如下
2026-02-16 23:41:13 - mkk_pika - database.py:245 - INFO - ['第1集']
2026-02-16 23:41:15 - mkk_pika - main.py:348 - INFO - ==================== 漫画信息 ====================
                                   漫画ID：582192f65f6b9a4f93e5cc47
                                   标题：(C86)Love Potion No.5☆ (新約とある魔術の禁書目録)
                                   作者： 松竜
                                   是否完结：是
                                   总页数：15
                                   分类：短篇,全彩
                                   章节数：1
                                   最后更新时间：2009-09-16T12:47:16.000Z
                                   =================================================
2026-02-16 23:41:15 - mkk_pika - database.py:101 - INFO - 保存成功：(C86)Love Potion No.5☆ (新約とある魔術の禁書目録)
2026-02-16 23:41:15 - mkk_pika - main.py:35 - INFO - 开始检查Shana Style(灼眼的夏娜同人)是否存在未下载章节
2026-02-16 23:41:15 - mkk_pika - main.py:45 - INFO - 正在下载:[Shana Style(灼眼的夏娜同人)]-[ア.ラ.モード (神楽武志)]-[['同人', '短篇']]-[total_pages:33]
2026-02-16 23:41:15 - mkk_pika - main.py:49 - INFO - [{'_id': '582192f75f6b9a4f93e5cc6b', 'title': '第1集', 'order': 1, 'updated_at': '2016-11-08T08:55:19.086Z', 'id': '582192f75f6b9a4f93e5cc6b'}, {'_id': '582192f75f6b9a4f93e5cc8d', 'title': '第2集', 'order': 2, 'updated_at': '2016-11-08T08:55:19.396Z', 'id': '582192f75f6b9a4f93e5cc8d'}]
2026-02-16 23:41:15 - mkk_pika - database.py:215 - INFO - 第一次下载该漫画，记录数据库中
2026-02-16 23:41:16 - mkk_pika - main.py:83 - INFO - 找到 16 张图片在:第1集
2026-02-16 23:41:16 - mkk_pika - main.py:112 - INFO - [episode:第1集       ] downloaded:    16, total:  16, progress:100%
2026-02-16 23:41:16 - mkk_pika - database.py:238 - INFO - 数据库更新已下载章节
2026-02-16 23:41:16 - mkk_pika - database.py:244 - INFO - 该漫画已下载章节如下
2026-02-16 23:41:16 - mkk_pika - database.py:245 - INFO - ['第1集']
2026-02-16 23:41:18 - mkk_pika - main.py:83 - INFO - 找到 17 张图片在:第2集
2026-02-16 23:41:19 - mkk_pika - main.py:112 - INFO - [episode:第2集       ] downloaded:    17, total:  17, progress:100%
2026-02-16 23:41:19 - mkk_pika - database.py:238 - INFO - 数据库更新已下载章节
2026-02-16 23:41:19 - mkk_pika - database.py:244 - INFO - 该漫画已下载章节如下
2026-02-16 23:41:19 - mkk_pika - database.py:245 - INFO - ['第1集', '第2集']
2026-02-16 23:41:20 - mkk_pika - main.py:348 - INFO - ==================== 漫画信息 ====================
                                   漫画ID：582192f65f6b9a4f93e5cc69
                                   标题：Shana Style(灼眼的夏娜同人)
                                   作者：ア.ラ.モード (神楽武志)
                                   是否完结：是
                                   总页数：33
                                   分类：同人,短篇
                                   章节数：2
                                   最后更新时间：2009-09-16T22:47:16.000Z
                                   =================================================
2026-02-16 23:41:20 - mkk_pika - database.py:101 - INFO - 保存成功：Shana Style(灼眼的夏娜同人)
2026-02-16 23:41:20 - mkk_pika - main.py:35 - INFO - 开始检查ryoma物语系列同人是否存在未下载章节
2026-02-16 23:41:21 - mkk_pika - main.py:45 - INFO - 正在下载:[ryoma物语系列同人]-[Galley (ryoma)]-[['同人', '短篇']]-[total_pages:87]
2026-02-16 23:41:21 - mkk_pika - main.py:49 - INFO - [{'_id': '582192f75f6b9a4f93e5ccb3', 'title': '第1集', 'order': 1, 'updated_at': '2016-11-08T08:55:19.727Z', 'id': '582192f75f6b9a4f93e5ccb3'}, {'_id': '582192f85f6b9a4f93e5ccdf', 'title': '第2集', 'order': 2, 'updated_at': '2016-11-08T08:55:20.309Z', 'id': '582192f85f6b9a4f93e5ccdf'}, {'_id': '582192f85f6b9a4f93e5cd05', 'title': '第3集', 'order': 3, 'updated_at': '2016-11-08T08:55:20.620Z', 'id': '582192f85f6b9a4f93e5cd05'}, {'_id': '582192f85f6b9a4f93e5cd37', 'title': '第4集', 'order': 4, 'updated_at': '2016-11-08T08:55:20.960Z', 'id': '582192f85f6b9a4f93e5cd37'}]
2026-02-16 23:41:21 - mkk_pika - database.py:215 - INFO - 第一次下载该漫画，记录数据库中
2026-02-16 23:41:21 - mkk_pika - main.py:83 - INFO - 找到 21 张图片在:第1集
2026-02-16 23:41:22 - mkk_pika - main.py:112 - INFO - [episode:第1集       ] downloaded:    21, total:  21, progress:100%
2026-02-16 23:41:22 - mkk_pika - database.py:238 - INFO - 数据库更新已下载章节
2026-02-16 23:41:22 - mkk_pika - database.py:244 - INFO - 该漫画已下载章节如下
2026-02-16 23:41:22 - mkk_pika - database.py:245 - INFO - ['第1集']
2026-02-16 23:41:24 - mkk_pika - main.py:83 - INFO - 找到 18 张图片在:第2集
2026-02-16 23:41:25 - mkk_pika - main.py:112 - INFO - [episode:第2集       ] downloaded:    18, total:  18, progress:100%
2026-02-16 23:41:25 - mkk_pika - database.py:238 - INFO - 数据库更新已下载章节
2026-02-16 23:41:25 - mkk_pika - database.py:244 - INFO - 该漫画已下载章节如下
2026-02-16 23:41:25 - mkk_pika - database.py:245 - INFO - ['第1集', '第2集']
2026-02-16 23:41:26 - mkk_pika - main.py:83 - INFO - 找到 24 张图片在:第3集
2026-02-16 23:41:28 - mkk_pika - main.py:112 - INFO - [episode:第3集       ] downloaded:    24, total:  24, progress:100%
2026-02-16 23:41:28 - mkk_pika - database.py:238 - INFO - 数据库更新已下载章节
2026-02-16 23:41:28 - mkk_pika - database.py:244 - INFO - 该漫画已下载章节如下
2026-02-16 23:41:28 - mkk_pika - database.py:245 - INFO - ['第1集', '第2集', '第3集']
2026-02-16 23:41:29 - mkk_pika - main.py:83 - INFO - 找到 24 张图片在:第4集
2026-02-16 23:41:30 - mkk_pika - main.py:112 - INFO - [episode:第4集       ] downloaded:    24, total:  24, progress:100%
2026-02-16 23:41:30 - mkk_pika - database.py:238 - INFO - 数据库更新已下载章节
2026-02-16 23:41:30 - mkk_pika - database.py:244 - INFO - 该漫画已下载章节如下
2026-02-16 23:41:30 - mkk_pika - database.py:245 - INFO - ['第1集', '第2集', '第3集', '第4集']
2026-02-16 23:41:32 - mkk_pika - main.py:348 - INFO - ==================== 漫画信息 ====================
                                   漫画ID：582192f75f6b9a4f93e5ccb1
                                   标题：ryoma物语系列同人
                                   作者：Galley (ryoma)
                                   是否完结：是
                                   总页数：87
                                   分类：同人,短篇
                                   章节数：4
                                   最后更新时间：2009-09-17T08:47:16.000Z
                                   =================================================
2026-02-16 23:41:32 - mkk_pika - database.py:101 - INFO - 保存成功：ryoma物语系列同人
2026-02-16 23:41:32 - mkk_pika - main.py:35 - INFO - 开始检查(C86)Karorful mixEX 13 (艦隊これくしょん -艦これ-) 是否存在未下载章节
2026-02-16 23:41:32 - mkk_pika - main.py:45 - INFO - 正在下载:[(C86)Karorful mixEX 13 (艦隊これくしょん -艦これ-) ]-[ KAROMIX (karory)]-[['艦隊收藏', '全彩']]-[total_pages:14]
2026-02-16 23:41:32 - mkk_pika - main.py:49 - INFO - [{'_id': '582192f95f6b9a4f93e5cd6b', 'title': '第1集', 'order': 1, 'updated_at': '2016-11-08T08:55:21.324Z', 'id': '582192f95f6b9a4f93e5cd6b'}]
2026-02-16 23:41:32 - mkk_pika - database.py:215 - INFO - 第一次下载该漫画，记录数据库中
2026-02-16 23:41:33 - mkk_pika - main.py:83 - INFO - 找到 14 张图片在:第1集
2026-02-16 23:41:33 - mkk_pika - main.py:112 - INFO - [episode:第1集       ] downloaded:    14, total:  14, progress:100%
2026-02-16 23:41:33 - mkk_pika - database.py:238 - INFO - 数据库更新已下载章节
2026-02-16 23:41:33 - mkk_pika - database.py:244 - INFO - 该漫画已下载章节如下
2026-02-16 23:41:33 - mkk_pika - database.py:245 - INFO - ['第1集']
2026-02-16 23:41:35 - mkk_pika - main.py:348 - INFO - ==================== 漫画信息 ====================
                                   漫画ID：582192f95f6b9a4f93e5cd69
                                   标题：(C86)Karorful mixEX 13 (艦隊これくしょん -艦これ-) 
                                   作者： KAROMIX (karory)
                                   是否完结：是
                                   总页数：14
                                   分类：艦隊收藏,全彩
                                   章节数：1
                                   最后更新时间：2009-09-17T18:47:16.000Z
                                   =================================================
2026-02-16 23:41:35 - mkk_pika - database.py:101 - INFO - 保存成功：(C86)Karorful mixEX 13 (艦隊これくしょん -艦これ-) 
2026-02-16 23:41:35 - mkk_pika - main.py:35 - INFO - 开始检查(C86) 秘密の憧ちゃん (咲-Saki-阿知賀編)是否存在未下载章节
2026-02-16 23:41:35 - mkk_pika - main.py:45 - INFO - 正在下载:[(C86) 秘密の憧ちゃん (咲-Saki-阿知賀編)]-[鴨川屋]-[['短篇', '全彩']]-[total_pages:22]
2026-02-16 23:41:35 - mkk_pika - main.py:49 - INFO - [{'_id': '582192fa5f6b9a4f93e5cd8b', 'title': '第1集', 'order': 1, 'updated_at': '2016-11-08T08:55:22.014Z', 'id': '582192fa5f6b9a4f93e5cd8b'}]
2026-02-16 23:41:35 - mkk_pika - database.py:215 - INFO - 第一次下载该漫画，记录数据库中
2026-02-16 23:41:36 - mkk_pika - main.py:83 - INFO - 找到 22 张图片在:第1集
2026-02-16 23:41:37 - mkk_pika - main.py:112 - INFO - [episode:第1集       ] downloaded:    22, total:  22, progress:100%
2026-02-16 23:41:37 - mkk_pika - database.py:238 - INFO - 数据库更新已下载章节
2026-02-16 23:41:37 - mkk_pika - database.py:244 - INFO - 该漫画已下载章节如下
2026-02-16 23:41:37 - mkk_pika - database.py:245 - INFO - ['第1集']
2026-02-16 23:41:38 - mkk_pika - main.py:348 - INFO - ==================== 漫画信息 ====================
                                   漫画ID：582192f95f6b9a4f93e5cd89
                                   标题：(C86) 秘密の憧ちゃん (咲-Saki-阿知賀編)
                                   作者：鴨川屋
                                   是否完结：是
                                   总页数：22
                                   分类：短篇,全彩
                                   章节数：1
                                   最后更新时间：2009-09-18T04:47:16.000Z
                                   =================================================
2026-02-16 23:41:38 - mkk_pika - database.py:101 - INFO - 保存成功：(C86) 秘密の憧ちゃん (咲-Saki-阿知賀編)
2026-02-16 23:41:38 - mkk_pika - main.py:35 - INFO - 开始检查(C78)まかせてっ！FireSisters★(物语系列同人)是否存在未下载章节
2026-02-16 23:41:39 - mkk_pika - main.py:45 - INFO - 正在下载:[(C78)まかせてっ！FireSisters★(物语系列同人)]-[TIES (タケイオーキ)]-[['同人', '短篇', '妹妹系']]-[total_pages:44]
2026-02-16 23:41:39 - mkk_pika - main.py:49 - INFO - [{'_id': '582192fa5f6b9a4f93e5cdbb', 'title': '第1集', 'order': 1, 'updated_at': '2016-11-08T08:55:22.450Z', 'id': '582192fa5f6b9a4f93e5cdbb'}]
2026-02-16 23:41:39 - mkk_pika - database.py:215 - INFO - 第一次下载该漫画，记录数据库中
2026-02-16 23:41:39 - mkk_pika - main.py:83 - INFO - 找到 44 张图片在:第1集
2026-02-16 23:41:41 - mkk_pika - main.py:112 - INFO - [episode:第1集       ] downloaded:    44, total:  44, progress:100%
2026-02-16 23:41:41 - mkk_pika - database.py:238 - INFO - 数据库更新已下载章节
2026-02-16 23:41:41 - mkk_pika - database.py:244 - INFO - 该漫画已下载章节如下
2026-02-16 23:41:41 - mkk_pika - database.py:245 - INFO - ['第1集']
2026-02-16 23:41:43 - mkk_pika - main.py:348 - INFO - ==================== 漫画信息 ====================
                                   漫画ID：582192fa5f6b9a4f93e5cdb9
                                   标题：(C78)まかせてっ！FireSisters★(物语系列同人)
                                   作者：TIES (タケイオーキ)
                                   是否完结：是
                                   总页数：44
                                   分类：同人,短篇,妹妹系
                                   章节数：1
                                   最后更新时间：2009-09-18T14:47:16.000Z
                                   =================================================
2026-02-16 23:41:43 - mkk_pika - database.py:101 - INFO - 保存成功：(C78)まかせてっ！FireSisters★(物语系列同人)
2026-02-16 23:41:43 - mkk_pika - main.py:35 - INFO - 开始检查Extra! (物语系列同人)是否存在未下载章节
2026-02-16 23:41:43 - mkk_pika - main.py:45 - INFO - 正在下载:[Extra! (物语系列同人)]-[TIES (タケイオーキ)]-[['同人', '短篇']]-[total_pages:24]
2026-02-16 23:41:43 - mkk_pika - main.py:49 - INFO - [{'_id': '582192fb5f6b9a4f93e5ce17', 'title': '第1集', 'order': 1, 'updated_at': '2016-11-08T08:55:23.031Z', 'id': '582192fb5f6b9a4f93e5ce17'}, {'_id': '582192fb5f6b9a4f93e5ce31', 'title': '第2集', 'order': 2, 'updated_at': '2016-11-08T08:55:23.343Z', 'id': '582192fb5f6b9a4f93e5ce31'}]
2026-02-16 23:41:43 - mkk_pika - database.py:215 - INFO - 第一次下载该漫画，记录数据库中
2026-02-16 23:41:44 - mkk_pika - main.py:83 - INFO - 找到 12 张图片在:第1集
2026-02-16 23:41:44 - mkk_pika - main.py:112 - INFO - [episode:第1集       ] downloaded:    12, total:  12, progress:100%
2026-02-16 23:41:44 - mkk_pika - database.py:238 - INFO - 数据库更新已下载章节
2026-02-16 23:41:44 - mkk_pika - database.py:244 - INFO - 该漫画已下载章节如下
2026-02-16 23:41:44 - mkk_pika - database.py:245 - INFO - ['第1集']
2026-02-16 23:41:46 - mkk_pika - main.py:83 - INFO - 找到 12 张图片在:第2集
2026-02-16 23:41:47 - mkk_pika - main.py:112 - INFO - [episode:第2集       ] downloaded:    12, total:  12, progress:100%
2026-02-16 23:41:47 - mkk_pika - database.py:238 - INFO - 数据库更新已下载章节
2026-02-16 23:41:47 - mkk_pika - database.py:244 - INFO - 该漫画已下载章节如下
2026-02-16 23:41:47 - mkk_pika - database.py:245 - INFO - ['第1集', '第2集']
2026-02-16 23:41:48 - mkk_pika - main.py:348 - INFO - ==================== 漫画信息 ====================
                                   漫画ID：582192fa5f6b9a4f93e5ce15
                                   标题：Extra! (物语系列同人)
                                   作者：TIES (タケイオーキ)
                                   是否完结：是
                                   总页数：24
                                   分类：同人,短篇
                                   章节数：2
                                   最后更新时间：2009-09-19T00:47:16.000Z
                                   =================================================
2026-02-16 23:41:48 - mkk_pika - database.py:101 - INFO - 保存成功：Extra! (物语系列同人)
2026-02-16 23:41:48 - mkk_pika - main.py:35 - INFO - 开始检查 (C82)妖狐と僕。(妖狐×僕SS)是否存在未下载章节
2026-02-16 23:41:48 - mkk_pika - main.py:45 - INFO - 正在下载:[ (C82)妖狐と僕。(妖狐×僕SS)]-[よわたり工場 (ジェット世渡り)]-[['同人', '全彩', '純愛']]-[total_pages:16]
2026-02-16 23:41:48 - mkk_pika - main.py:49 - INFO - [{'_id': '582192fd5f6b9a4f93e5cfef', 'title': '第1集', 'order': 1, 'updated_at': '2016-11-08T08:55:25.587Z', 'id': '582192fd5f6b9a4f93e5cfef'}]
2026-02-16 23:41:48 - mkk_pika - database.py:215 - INFO - 第一次下载该漫画，记录数据库中
2026-02-16 23:41:49 - mkk_pika - main.py:83 - INFO - 找到 16 张图片在:第1集
2026-02-16 23:41:50 - mkk_pika - main.py:112 - INFO - [episode:第1集       ] downloaded:    16, total:  16, progress:100%
2026-02-16 23:41:50 - mkk_pika - database.py:238 - INFO - 数据库更新已下载章节
2026-02-16 23:41:50 - mkk_pika - database.py:244 - INFO - 该漫画已下载章节如下
2026-02-16 23:41:50 - mkk_pika - database.py:245 - INFO - ['第1集']
2026-02-16 23:41:51 - mkk_pika - main.py:348 - INFO - ==================== 漫画信息 ====================
                                   漫画ID：582192fd5f6b9a4f93e5cfed
                                   标题： (C82)妖狐と僕。(妖狐×僕SS)
                                   作者：よわたり工場 (ジェット世渡り)
                                   是否完结：是
                                   总页数：16
                                   分类：同人,全彩,純愛
                                   章节数：1
                                   最后更新时间：2009-09-19T20:47:16.000Z
                                   =================================================
2026-02-16 23:41:51 - mkk_pika - database.py:101 - INFO - 保存成功： (C82)妖狐と僕。(妖狐×僕SS)
2026-02-16 23:41:51 - mkk_pika - main.py:35 - INFO - 开始检查(C82)お兄ちゃんは妹に欲情したりしないよねっ？(物语系列同人)是否存在未下载章节
2026-02-16 23:41:51 - mkk_pika - main.py:45 - INFO - 正在下载:[(C82)お兄ちゃんは妹に欲情したりしないよねっ？(物语系列同人)]-[TIES (タケイオーキ)]-[['同人', '短篇', '妹妹系']]-[total_pages:34]
2026-02-16 23:41:51 - mkk_pika - main.py:49 - INFO - [{'_id': '582192fd5f6b9a4f93e5d013', 'title': '第1集', 'order': 1, 'updated_at': '2016-11-08T08:55:25.925Z', 'id': '582192fd5f6b9a4f93e5d013'}]
2026-02-16 23:41:51 - mkk_pika - database.py:215 - INFO - 第一次下载该漫画，记录数据库中
2026-02-16 23:41:52 - mkk_pika - main.py:83 - INFO - 找到 34 张图片在:第1集
2026-02-16 23:41:54 - mkk_pika - main.py:112 - INFO - [episode:第1集       ] downloaded:    34, total:  34, progress:100%
2026-02-16 23:41:54 - mkk_pika - database.py:238 - INFO - 数据库更新已下载章节
2026-02-16 23:41:54 - mkk_pika - database.py:244 - INFO - 该漫画已下载章节如下
2026-02-16 23:41:54 - mkk_pika - database.py:245 - INFO - ['第1集']
2026-02-16 23:41:55 - mkk_pika - main.py:348 - INFO - ==================== 漫画信息 ====================
                                   漫画ID：582192fd5f6b9a4f93e5d011
                                   标题：(C82)お兄ちゃんは妹に欲情したりしないよねっ？(物语系列同人)
                                   作者：TIES (タケイオーキ)
                                   是否完结：是
                                   总页数：34
                                   分类：同人,短篇,妹妹系
                                   章节数：1
                                   最后更新时间：2009-09-20T06:47:16.000Z
                                   =================================================
2026-02-16 23:41:55 - mkk_pika - database.py:101 - INFO - 保存成功：(C82)お兄ちゃんは妹に欲情したりしないよねっ？(物语系列同人)
2026-02-16 23:41:55 - mkk_pika - main.py:35 - INFO - 开始检查(C80)なでこサイレント(物语系列同人)是否存在未下载章节
2026-02-16 23:41:55 - mkk_pika - main.py:45 - INFO - 正在下载:[(C80)なでこサイレント(物语系列同人)]-[TIES (タケイオーキ)]-[['同人', '短篇', '妹妹系', '純愛']]-[total_pages:26]
2026-02-16 23:41:55 - mkk_pika - main.py:49 - INFO - [{'_id': '582192fe5f6b9a4f93e5d05b', 'title': '第1集', 'order': 1, 'updated_at': '2016-11-08T08:55:26.531Z', 'id': '582192fe5f6b9a4f93e5d05b'}]
2026-02-16 23:41:55 - mkk_pika - database.py:215 - INFO - 第一次下载该漫画，记录数据库中
2026-02-16 23:41:56 - mkk_pika - main.py:83 - INFO - 找到 26 张图片在:第1集
2026-02-16 23:41:57 - mkk_pika - main.py:112 - INFO - [episode:第1集       ] downloaded:    26, total:  26, progress:100%
2026-02-16 23:41:57 - mkk_pika - database.py:238 - INFO - 数据库更新已下载章节
2026-02-16 23:41:57 - mkk_pika - database.py:244 - INFO - 该漫画已下载章节如下
2026-02-16 23:41:57 - mkk_pika - database.py:245 - INFO - ['第1集']
2026-02-16 23:41:58 - mkk_pika - main.py:348 - INFO - ==================== 漫画信息 ====================
                                   漫画ID：582192fe5f6b9a4f93e5d059
                                   标题：(C80)なでこサイレント(物语系列同人)
                                   作者：TIES (タケイオーキ)
                                   是否完结：是
                                   总页数：26
                                   分类：同人,短篇,妹妹系,純愛
                                   章节数：1
                                   最后更新时间：2009-09-20T16:47:16.000Z
                                   =================================================
2026-02-16 23:41:58 - mkk_pika - database.py:101 - INFO - 保存成功：(C80)なでこサイレント(物语系列同人)
2026-02-16 23:41:58 - mkk_pika - main.py:35 - INFO - 开始检查(C83)ハメ×シス(物语系列同人)是否存在未下载章节
2026-02-16 23:41:59 - mkk_pika - main.py:45 - INFO - 正在下载:[(C83)ハメ×シス(物语系列同人)]-[タケイオーキ]-[['同人', '短篇', '後宮閃光', '妹妹系']]-[total_pages:35]
2026-02-16 23:41:59 - mkk_pika - main.py:49 - INFO - [{'_id': '582192ff5f6b9a4f93e5d093', 'title': '第1集', 'order': 1, 'updated_at': '2016-11-08T08:55:27.116Z', 'id': '582192ff5f6b9a4f93e5d093'}]
2026-02-16 23:41:59 - mkk_pika - database.py:215 - INFO - 第一次下载该漫画，记录数据库中
2026-02-16 23:41:59 - mkk_pika - main.py:83 - INFO - 找到 35 张图片在:第1集
2026-02-16 23:42:01 - mkk_pika - main.py:112 - INFO - [episode:第1集       ] downloaded:    35, total:  35, progress:100%
2026-02-16 23:42:01 - mkk_pika - database.py:238 - INFO - 数据库更新已下载章节
2026-02-16 23:42:01 - mkk_pika - database.py:244 - INFO - 该漫画已下载章节如下
2026-02-16 23:42:01 - mkk_pika - database.py:245 - INFO - ['第1集']
2026-02-16 23:42:02 - mkk_pika - main.py:348 - INFO - ==================== 漫画信息 ====================
                                   漫画ID：582192fe5f6b9a4f93e5d091
                                   标题：(C83)ハメ×シス(物语系列同人)
                                   作者：タケイオーキ
                                   是否完结：是
                                   总页数：35
                                   分类：同人,短篇,後宮閃光,妹妹系
                                   章节数：1
                                   最后更新时间：2009-09-21T02:47:16.000Z
                                   =================================================
2026-02-16 23:42:02 - mkk_pika - database.py:101 - INFO - 保存成功：(C83)ハメ×シス(物语系列同人)
2026-02-16 23:42:02 - mkk_pika - main.py:35 - INFO - 开始检查恋愛漫画家 物语系列同人3本是否存在未下载章节
2026-02-16 23:42:02 - mkk_pika - main.py:45 - INFO - 正在下载:[恋愛漫画家 物语系列同人3本]-[鳴瀬ひろふみ]-[['同人', '短篇']]-[total_pages:55]
2026-02-16 23:42:02 - mkk_pika - main.py:49 - INFO - [{'_id': '582192ff5f6b9a4f93e5d0dd', 'title': '第1集', 'order': 1, 'updated_at': '2016-11-08T08:55:27.795Z', 'id': '582192ff5f6b9a4f93e5d0dd'}, {'_id': '582193005f6b9a4f93e5d109', 'title': '第2集', 'order': 2, 'updated_at': '2016-11-08T08:55:28.177Z', 'id': '582193005f6b9a4f93e5d109'}, {'_id': '582193005f6b9a4f93e5d125', 'title': '第3集', 'order': 3, 'updated_at': '2016-11-08T08:55:28.759Z', 'id': '582193005f6b9a4f93e5d125'}]
2026-02-16 23:42:02 - mkk_pika - database.py:215 - INFO - 第一次下载该漫画，记录数据库中
2026-02-16 23:42:03 - mkk_pika - main.py:83 - INFO - 找到 21 张图片在:第1集
2026-02-16 23:42:04 - mkk_pika - main.py:112 - INFO - [episode:第1集       ] downloaded:    21, total:  21, progress:100%
2026-02-16 23:42:04 - mkk_pika - database.py:238 - INFO - 数据库更新已下载章节
2026-02-16 23:42:04 - mkk_pika - database.py:244 - INFO - 该漫画已下载章节如下
2026-02-16 23:42:04 - mkk_pika - database.py:245 - INFO - ['第1集']
2026-02-16 23:42:06 - mkk_pika - main.py:83 - INFO - 找到 13 张图片在:第2集
2026-02-16 23:42:06 - mkk_pika - main.py:112 - INFO - [episode:第2集       ] downloaded:    13, total:  13, progress:100%
2026-02-16 23:42:06 - mkk_pika - database.py:238 - INFO - 数据库更新已下载章节
2026-02-16 23:42:06 - mkk_pika - database.py:244 - INFO - 该漫画已下载章节如下
2026-02-16 23:42:06 - mkk_pika - database.py:245 - INFO - ['第1集', '第2集']
2026-02-16 23:42:08 - mkk_pika - main.py:83 - INFO - 找到 21 张图片在:第3集
2026-02-16 23:42:11 - mkk_pika - main.py:112 - INFO - [episode:第3集       ] downloaded:    21, total:  21, progress:100%
2026-02-16 23:42:11 - mkk_pika - database.py:238 - INFO - 数据库更新已下载章节
2026-02-16 23:42:11 - mkk_pika - database.py:244 - INFO - 该漫画已下载章节如下
2026-02-16 23:42:11 - mkk_pika - database.py:245 - INFO - ['第1集', '第2集', '第3集']
2026-02-16 23:42:12 - mkk_pika - main.py:348 - INFO - ==================== 漫画信息 ====================
                                   漫画ID：582192ff5f6b9a4f93e5d0db
                                   标题：恋愛漫画家 物语系列同人3本
                                   作者：鳴瀬ひろふみ
                                   是否完结：是
                                   总页数：55
                                   分类：同人,短篇
                                   章节数：3
                                   最后更新时间：2009-09-21T12:47:16.000Z
                                   =================================================
2026-02-16 23:42:12 - mkk_pika - database.py:101 - INFO - 保存成功：恋愛漫画家 物语系列同人3本
2026-02-16 23:42:12 - mkk_pika - main.py:35 - INFO - 开始检查(C78)化猫騙(物语系列同人)是否存在未下载章节
2026-02-16 23:42:12 - mkk_pika - main.py:45 - INFO - 正在下载:[(C78)化猫騙(物语系列同人)]-[ホムンクルス]-[['同人', '短篇']]-[total_pages:28]
2026-02-16 23:42:12 - mkk_pika - main.py:49 - INFO - [{'_id': '582193015f6b9a4f93e5d153', 'title': '第1集', 'order': 1, 'updated_at': '2016-11-08T08:55:29.153Z', 'id': '582193015f6b9a4f93e5d153'}]
2026-02-16 23:42:12 - mkk_pika - database.py:215 - INFO - 第一次下载该漫画，记录数据库中
2026-02-16 23:42:13 - mkk_pika - main.py:83 - INFO - 找到 28 张图片在:第1集
2026-02-16 23:42:14 - mkk_pika - main.py:112 - INFO - [episode:第1集       ] downloaded:    28, total:  28, progress:100%
2026-02-16 23:42:14 - mkk_pika - database.py:238 - INFO - 数据库更新已下载章节
2026-02-16 23:42:14 - mkk_pika - database.py:244 - INFO - 该漫画已下载章节如下
2026-02-16 23:42:14 - mkk_pika - database.py:245 - INFO - ['第1集']
2026-02-16 23:42:16 - mkk_pika - main.py:348 - INFO - ==================== 漫画信息 ====================
                                   漫画ID：582193005f6b9a4f93e5d151
                                   标题：(C78)化猫騙(物语系列同人)
                                   作者：ホムンクルス
                                   是否完结：是
                                   总页数：28
                                   分类：同人,短篇
                                   章节数：1
                                   最后更新时间：2009-09-21T22:47:16.000Z
                                   =================================================
2026-02-16 23:42:16 - mkk_pika - database.py:101 - INFO - 保存成功：(C78)化猫騙(物语系列同人)
2026-02-16 23:42:16 - mkk_pika - main.py:35 - INFO - 开始检查(C79)化蛇騙(物语系列同人)是否存在未下载章节
2026-02-16 23:42:16 - mkk_pika - main.py:45 - INFO - 正在下载:[(C79)化蛇騙(物语系列同人)]-[ホムンクルス]-[['同人', '短篇', '妹妹系']]-[total_pages:25]
2026-02-16 23:42:16 - mkk_pika - main.py:49 - INFO - [{'_id': '582193015f6b9a4f93e5d18f', 'title': '第1集', 'order': 1, 'updated_at': '2016-11-08T08:55:29.870Z', 'id': '582193015f6b9a4f93e5d18f'}]
2026-02-16 23:42:16 - mkk_pika - database.py:215 - INFO - 第一次下载该漫画，记录数据库中
2026-02-16 23:42:17 - mkk_pika - main.py:83 - INFO - 找到 25 张图片在:第1集
2026-02-16 23:42:18 - mkk_pika - main.py:112 - INFO - [episode:第1集       ] downloaded:    25, total:  25, progress:100%
2026-02-16 23:42:18 - mkk_pika - database.py:238 - INFO - 数据库更新已下载章节
2026-02-16 23:42:18 - mkk_pika - database.py:244 - INFO - 该漫画已下载章节如下
2026-02-16 23:42:18 - mkk_pika - database.py:245 - INFO - ['第1集']
2026-02-16 23:42:19 - mkk_pika - main.py:348 - INFO - ==================== 漫画信息 ====================
                                   漫画ID：582193015f6b9a4f93e5d18d
                                   标题：(C79)化蛇騙(物语系列同人)
                                   作者：ホムンクルス
                                   是否完结：是
                                   总页数：25
                                   分类：同人,短篇,妹妹系
                                   章节数：1
                                   最后更新时间：2009-09-22T08:47:16.000Z
                                   =================================================
2026-02-16 23:42:19 - mkk_pika - database.py:101 - INFO - 保存成功：(C79)化蛇騙(物语系列同人)
2026-02-16 23:42:19 - mkk_pika - main.py:380 - INFO - 本次任务下载完毕
2026-02-16 23:42:19 - mkk_pika - database.py:173 - INFO - 数据库连接已关闭
