2026-06-04 01:46:50 - mkk_pika - main.py:193 - INFO - =======================================================================
2026-06-04 01:46:50 - mkk_pika - database.py:61 - INFO - 表和索引初始化成功
2026-06-04 01:46:50 - mkk_pika - main.py:197 - INFO - 已经累计下载12881本漫画
2026-06-04 01:46:51 - mkk_pika - api.py:87 - INFO - 登录成功
2026-06-04 01:46:51 - mkk_pika - main.py:203 - INFO - 收藏夹共计0本漫画
2026-06-04 01:46:51 - mkk_pika - main.py:206 - INFO - 开始下载收藏夹内未下载内容
2026-06-04 01:46:51 - mkk_pika - main.py:266 - INFO - 收藏夹内容下载完毕
2026-06-04 01:46:51 - mkk_pika - main.py:268 - INFO - 开始下载订阅内容
2026-06-04 01:46:51 - mkk_pika - database.py:258 - INFO - 根据ID查询到标题：萝莉 -> 尿道がーるずコレクション[中国翻译]
2026-06-04 01:46:52 - mkk_pika - database.py:101 - INFO - 保存成功：尿道がーるずコレクション[中国翻译]
2026-06-04 01:46:52 - mkk_pika - main.py:273 - INFO - 关键词萝莉找到1本漫画
2026-06-04 01:46:52 - mkk_pika - database.py:258 - INFO - 根据ID查询到标题：蘿莉 -> あびぱん (Fate/Grand Order)
2026-06-04 01:46:52 - mkk_pika - database.py:101 - INFO - 保存成功：Artist Otonashi（AI）
2026-06-04 01:46:52 - mkk_pika - main.py:273 - INFO - 关键词蘿莉找到3本漫画
2026-06-04 01:46:52 - mkk_pika - main.py:275 - INFO - 订阅内容共计4本漫画
2026-06-04 01:46:52 - mkk_pika - main.py:35 - INFO - 开始检查ロリート幻想 | 萝莉幻想是否存在未下载章节
2026-06-04 01:46:52 - mkk_pika - database.py:203 - INFO - 查询数据库中是否已存在第1話
2026-06-04 01:46:52 - mkk_pika - main.py:51 - INFO - ロリート幻想 | 萝莉幻想中没有可下载章节
2026-06-04 01:46:53 - mkk_pika - main.py:292 - INFO - ==================== 漫画信息 ====================
                                漫画ID：6a1da9a284e0e027e9687b55
                                标题：ロリート幻想 | 萝莉幻想
                                作者：サンセットビーチ (ハマー)
                                是否完结：否
                                总页数：26
                                分类：全彩,短篇,同人,東方
                                章节数：1
                                最后更新时间：2026-06-01T15:47:46.381Z
                                =================================================
2026-06-04 01:46:53 - mkk_pika - database.py:101 - INFO - 保存成功：ロリート幻想 | 萝莉幻想
2026-06-04 01:46:53 - mkk_pika - main.py:35 - INFO - 开始检查たんプリまんが (名探偵プリキュア!)是否存在未下载章节
2026-06-04 01:46:53 - mkk_pika - database.py:203 - INFO - 查询数据库中是否已存在第1話
2026-06-04 01:46:53 - mkk_pika - main.py:51 - INFO - たんプリまんが (名探偵プリキュア!)中没有可下载章节
2026-06-04 01:46:53 - mkk_pika - main.py:292 - INFO - ==================== 漫画信息 ====================
                                漫画ID：69bc40a80828ef198c5ebbf8
                                标题：たんプリまんが (名探偵プリキュア!)
                                作者：たいらー
                                是否完结：是
                                总页数：47
                                分类：同人,短篇
                                章节数：1
                                最后更新时间：2026-03-19T18:30:00.052Z
                                =================================================
2026-06-04 01:46:53 - mkk_pika - database.py:101 - INFO - 保存成功：たんプリまんが (名探偵プリキュア!)
2026-06-04 01:46:53 - mkk_pika - main.py:35 - INFO - 开始检查小さな王国 (コミック Mate legend Vol.67 2026年2月号)是否存在未下载章节
2026-06-04 01:46:53 - mkk_pika - database.py:203 - INFO - 查询数据库中是否已存在第1話
2026-06-04 01:46:53 - mkk_pika - database.py:203 - INFO - 查询数据库中是否已存在無修正
2026-06-04 01:46:53 - mkk_pika - main.py:45 - INFO - 正在下载:[小さな王国 (コミック Mate legend Vol.67 2026年2月号)]-[奥坂前上]-[['短篇']]-[total_pages:-1]
2026-06-04 01:46:53 - mkk_pika - main.py:49 - INFO - [{'_id': '6a2048504a902e2381117827', 'title': '無修正', 'order': 2, 'updated_at': '2026-06-02T15:32:38.708Z', 'id': '6a2048504a902e2381117827'}]
2026-06-04 01:46:54 - mkk_pika - main.py:83 - INFO - 找到 22 张图片在:無修正
2026-06-04 01:46:55 - mkk_pika - main.py:112 - INFO - [episode:無修正       ] downloaded:    22, total:  22, progress:100%
2026-06-04 01:46:55 - mkk_pika - database.py:238 - INFO - 数据库更新已下载章节
2026-06-04 01:46:55 - mkk_pika - database.py:244 - INFO - 该漫画已下载章节如下
2026-06-04 01:46:55 - mkk_pika - database.py:245 - INFO - ['第1話', '無修正']
2026-06-04 01:46:56 - mkk_pika - main.py:292 - INFO - ==================== 漫画信息 ====================
                                漫画ID：697f657d7a9ecd58f2399276
                                标题：小さな王国 (コミック Mate legend Vol.67 2026年2月号)
                                作者：奥坂前上
                                是否完结：是
                                总页数：42
                                分类：短篇
                                章节数：2
                                最后更新时间：2026-06-03T15:29:20.424Z
                                =================================================
2026-06-04 01:46:56 - mkk_pika - database.py:101 - INFO - 保存成功：小さな王国 (コミック Mate legend Vol.67 2026年2月号)
2026-06-04 01:46:56 - mkk_pika - main.py:35 - INFO - 开始检查竹取争話 (フラワーナイトガール)是否存在未下载章节
2026-06-04 01:46:57 - mkk_pika - database.py:203 - INFO - 查询数据库中是否已存在第1話
2026-06-04 01:46:57 - mkk_pika - main.py:51 - INFO - 竹取争話 (フラワーナイトガール)中没有可下载章节
2026-06-04 01:46:57 - mkk_pika - main.py:292 - INFO - ==================== 漫画信息 ====================
                                漫画ID：6a1f08cfcc62ed232c71621d
                                标题：竹取争話 (フラワーナイトガール)
                                作者：鈴鳴堂 (和泉ゆきる)
                                是否完结：是
                                总页数：24
                                分类：短篇,強暴
                                章节数：1
                                最后更新时间：2026-06-02T16:46:07.078Z
                                =================================================
2026-06-04 01:46:57 - mkk_pika - database.py:101 - INFO - 保存成功：竹取争話 (フラワーナイトガール)
2026-06-04 01:46:57 - mkk_pika - main.py:323 - INFO - 订阅内容内容下载完毕
2026-06-04 01:46:57 - mkk_pika - main.py:324 - INFO - 开始分批下载全部章节
2026-06-04 01:46:57 - mkk_pika - database.py:280 - INFO - 表和索引初始化成功
2026-06-04 01:46:57 - mkk_pika - main.py:177 - INFO - 已经下载了898页，一共6941页，现在开始添加第899页
2026-06-04 01:46:58 - mkk_pika - database.py:318 - INFO - 保存成功
2026-06-04 01:46:58 - mkk_pika - main.py:177 - INFO - 已经下载了899页，一共6941页，现在开始添加第900页
2026-06-04 01:46:59 - mkk_pika - database.py:318 - INFO - 保存成功
2026-06-04 01:46:59 - mkk_pika - main.py:177 - INFO - 已经下载了900页，一共6941页，现在开始添加第901页
2026-06-04 01:46:59 - mkk_pika - database.py:318 - INFO - 保存成功
2026-06-04 01:47:00 - mkk_pika - main.py:177 - INFO - 已经下载了901页，一共6941页，现在开始添加第902页
2026-06-04 01:47:00 - mkk_pika - database.py:318 - INFO - 保存成功
2026-06-04 01:47:00 - mkk_pika - main.py:177 - INFO - 已经下载了902页，一共6941页，现在开始添加第903页
2026-06-04 01:47:01 - mkk_pika - database.py:318 - INFO - 保存成功
2026-06-04 01:47:01 - mkk_pika - main.py:331 - INFO - 分批下载共计53本漫画
2026-06-04 01:47:01 - mkk_pika - main.py:35 - INFO - 开始检查(C93)  まゆ×ショタ-サキュバスになったまゆW- (アイドルマスター シンデレラガールズ)是否存在未下载章节
2026-06-04 01:47:01 - mkk_pika - main.py:45 - INFO - 正在下载:[(C93)  まゆ×ショタ-サキュバスになったまゆW- (アイドルマスター シンデレラガールズ)]-[Starmine18 (HANABi)]-[['短篇']]-[total_pages:18]
2026-06-04 01:47:01 - mkk_pika - main.py:49 - INFO - [{'_id': '5a558548d8e4214670491312', 'title': '第1集', 'order': 1, 'updated_at': '2018-01-10T02:53:48.876Z', 'id': '5a558548d8e4214670491312'}]
2026-06-04 01:47:01 - mkk_pika - database.py:215 - INFO - 第一次下载该漫画，记录数据库中
2026-06-04 01:47:02 - mkk_pika - main.py:83 - INFO - 找到 18 张图片在:第1集
2026-06-04 01:47:03 - mkk_pika - main.py:112 - INFO - [episode:第1集       ] downloaded:    18, total:  18, progress:100%
2026-06-04 01:47:03 - mkk_pika - database.py:238 - INFO - 数据库更新已下载章节
2026-06-04 01:47:03 - mkk_pika - database.py:244 - INFO - 该漫画已下载章节如下
2026-06-04 01:47:03 - mkk_pika - database.py:245 - INFO - ['第1集']
2026-06-04 01:47:04 - mkk_pika - main.py:348 - INFO - ==================== 漫画信息 ====================
                                   漫画ID：5a558548d8e4214670491311
                                   标题：(C93)  まゆ×ショタ-サキュバスになったまゆW- (アイドルマスター シンデレラガールズ)
                                   作者：Starmine18 (HANABi)
                                   是否完结：否
                                   总页数：18
                                   分类：短篇
                                   章节数：1
                                   最后更新时间：2018-01-10T03:15:20.317Z
                                   =================================================
2026-06-04 01:47:04 - mkk_pika - database.py:101 - INFO - 保存成功：(C93)  まゆ×ショタ-サキュバスになったまゆW- (アイドルマスター シンデレラガールズ)
2026-06-04 01:47:04 - mkk_pika - main.py:35 - INFO - 开始检查 (C93) 黒森峰凌辱―前日章ー (ガールズ&パンツァー) [MJK-18-T896]是否存在未下载章节
2026-06-04 01:47:04 - mkk_pika - main.py:45 - INFO - 正在下载:[ (C93) 黒森峰凌辱―前日章ー (ガールズ&パンツァー) [MJK-18-T896]]-[ きょくちょ局 (きょくちょ)]-[['同人', '短篇', '強暴']]-[total_pages:30]
2026-06-04 01:47:04 - mkk_pika - main.py:49 - INFO - [{'_id': '5a558557f9c46a465380d75d', 'title': '第1集', 'order': 1, 'updated_at': '2018-01-10T02:59:31.953Z', 'id': '5a558557f9c46a465380d75d'}]
2026-06-04 01:47:04 - mkk_pika - database.py:215 - INFO - 第一次下载该漫画，记录数据库中
2026-06-04 01:47:05 - mkk_pika - main.py:83 - INFO - 找到 30 张图片在:第1集
2026-06-04 01:47:06 - mkk_pika - main.py:112 - INFO - [episode:第1集       ] downloaded:    30, total:  30, progress:100%
2026-06-04 01:47:06 - mkk_pika - database.py:238 - INFO - 数据库更新已下载章节
2026-06-04 01:47:06 - mkk_pika - database.py:244 - INFO - 该漫画已下载章节如下
2026-06-04 01:47:06 - mkk_pika - database.py:245 - INFO - ['第1集']
2026-06-04 01:47:08 - mkk_pika - main.py:348 - INFO - ==================== 漫画信息 ====================
                                   漫画ID：5a558557f9c46a465380d75c
                                   标题： (C93) 黒森峰凌辱―前日章ー (ガールズ&パンツァー) [MJK-18-T896]
                                   作者： きょくちょ局 (きょくちょ)
                                   是否完结：否
                                   总页数：30
                                   分类：同人,短篇,強暴
                                   章节数：1
                                   最后更新时间：2018-01-10T03:15:35.857Z
                                   =================================================
2026-06-04 01:47:08 - mkk_pika - database.py:101 - INFO - 保存成功： (C93) 黒森峰凌辱―前日章ー (ガールズ&パンツァー) [MJK-18-T896]
2026-06-04 01:47:08 - mkk_pika - main.py:35 - INFO - 开始检查(C93) KEKKONN ZURI-ZURI (アズールレーン)是否存在未下载章节
2026-06-04 01:47:08 - mkk_pika - main.py:45 - INFO - 正在下载:[(C93) KEKKONN ZURI-ZURI (アズールレーン)]-[エンテレケイア (ちるまくろ)]-[['短篇', '同人', '純愛']]-[total_pages:29]
2026-06-04 01:47:08 - mkk_pika - main.py:49 - INFO - [{'_id': '5a56360b9d4e1b461ef80d37', 'title': '第1集', 'order': 1, 'updated_at': '2018-01-10T03:07:20.795Z', 'id': '5a56360b9d4e1b461ef80d37'}]
2026-06-04 01:47:08 - mkk_pika - database.py:215 - INFO - 第一次下载该漫画，记录数据库中
2026-06-04 01:47:08 - mkk_pika - main.py:83 - INFO - 找到 29 张图片在:第1集
2026-06-04 01:47:10 - mkk_pika - main.py:112 - INFO - [episode:第1集       ] downloaded:    29, total:  29, progress:100%
2026-06-04 01:47:10 - mkk_pika - database.py:238 - INFO - 数据库更新已下载章节
2026-06-04 01:47:10 - mkk_pika - database.py:244 - INFO - 该漫画已下载章节如下
2026-06-04 01:47:10 - mkk_pika - database.py:245 - INFO - ['第1集']
2026-06-04 01:47:11 - mkk_pika - main.py:348 - INFO - ==================== 漫画信息 ====================
                                   漫画ID：5a56360b9d4e1b461ef80d36
                                   标题：(C93) KEKKONN ZURI-ZURI (アズールレーン)
                                   作者：エンテレケイア (ちるまくろ)
                                   是否完结：是
                                   总页数：29
                                   分类：短篇,同人,純愛
                                   章节数：1
                                   最后更新时间：2018-01-10T15:49:31.622Z
                                   =================================================
2026-06-04 01:47:11 - mkk_pika - database.py:101 - INFO - 保存成功：(C93) KEKKONN ZURI-ZURI (アズールレーン)
2026-06-04 01:47:11 - mkk_pika - main.py:35 - INFO - 开始检查発情スイッチ ～堕とされた少女達～ + 4Pリーフレット | 發情啟動開關～墮落下去的少女們～是否存在未下载章节
2026-06-04 01:47:11 - mkk_pika - main.py:45 - INFO - 正在下载:[発情スイッチ ～堕とされた少女達～ + 4Pリーフレット | 發情啟動開關～墮落下去的少女們～]-[一宮夕羽]-[['長篇']]-[total_pages:201]
2026-06-04 01:47:11 - mkk_pika - main.py:49 - INFO - [{'_id': '5a563635c082312748aaef48', 'title': '第1集', 'order': 1, 'updated_at': '2018-01-10T03:23:37.581Z', 'id': '5a563635c082312748aaef48'}]
2026-06-04 01:47:11 - mkk_pika - database.py:215 - INFO - 第一次下载该漫画，记录数据库中
2026-06-04 01:47:13 - mkk_pika - main.py:83 - INFO - 找到 201 张图片在:第1集
2026-06-04 01:47:22 - mkk_pika - main.py:112 - INFO - [episode:第1集       ] downloaded:   201, total: 201, progress:100%
2026-06-04 01:47:22 - mkk_pika - database.py:238 - INFO - 数据库更新已下载章节
2026-06-04 01:47:22 - mkk_pika - database.py:244 - INFO - 该漫画已下载章节如下
2026-06-04 01:47:22 - mkk_pika - database.py:245 - INFO - ['第1集']
2026-06-04 01:47:24 - mkk_pika - main.py:348 - INFO - ==================== 漫画信息 ====================
                                   漫画ID：5a563635c082312748aaef47
                                   标题：発情スイッチ ～堕とされた少女達～ + 4Pリーフレット | 發情啟動開關～墮落下去的少女們～
                                   作者：一宮夕羽
                                   是否完结：是
                                   总页数：201
                                   分类：長篇
                                   章节数：1
                                   最后更新时间：2018-01-10T15:50:13.539Z
                                   =================================================
2026-06-04 01:47:24 - mkk_pika - database.py:101 - INFO - 保存成功：発情スイッチ ～堕とされた少女達～ + 4Pリーフレット | 發情啟動開關～墮落下去的少女們～
2026-06-04 01:47:24 - mkk_pika - main.py:35 - INFO - 开始检查がまんして、ほしがって。是否存在未下载章节
2026-06-04 01:47:24 - mkk_pika - main.py:45 - INFO - 正在下载:[がまんして、ほしがって。]-[シロジア (白野ジア)]-[['短篇']]-[total_pages:25]
2026-06-04 01:47:24 - mkk_pika - main.py:49 - INFO - [{'_id': '5a56370dd8e4214670491606', 'title': '第1集', 'order': 1, 'updated_at': '2018-01-09T07:20:50.529Z', 'id': '5a56370dd8e4214670491606'}]
2026-06-04 01:47:24 - mkk_pika - database.py:215 - INFO - 第一次下载该漫画，记录数据库中
2026-06-04 01:47:24 - mkk_pika - main.py:83 - INFO - 找到 25 张图片在:第1集
2026-06-04 01:47:26 - mkk_pika - main.py:112 - INFO - [episode:第1集       ] downloaded:    25, total:  25, progress:100%
2026-06-04 01:47:26 - mkk_pika - database.py:238 - INFO - 数据库更新已下载章节
2026-06-04 01:47:26 - mkk_pika - database.py:244 - INFO - 该漫画已下载章节如下
2026-06-04 01:47:26 - mkk_pika - database.py:245 - INFO - ['第1集']
2026-06-04 01:47:27 - mkk_pika - main.py:348 - INFO - ==================== 漫画信息 ====================
                                   漫画ID：5a56370dd8e4214670491605
                                   标题：がまんして、ほしがって。
                                   作者：シロジア (白野ジア)
                                   是否完结：否
                                   总页数：25
                                   分类：短篇
                                   章节数：1
                                   最后更新时间：2018-01-10T15:53:49.463Z
                                   =================================================
2026-06-04 01:47:27 - mkk_pika - database.py:101 - INFO - 保存成功：がまんして、ほしがって。
2026-06-04 01:47:27 - mkk_pika - main.py:35 - INFO - 开始检查(C92) 艦娘着妊 電強制異種交配 (艦隊これくしょん -艦これ-)是否存在未下载章节
2026-06-04 01:47:27 - mkk_pika - main.py:45 - INFO - 正在下载:[(C92) 艦娘着妊 電強制異種交配 (艦隊これくしょん -艦これ-)]-[悪転奏進 (黒糖ニッケ)]-[['同人', '短篇', '強暴', '非人類', '艦隊收藏']]-[total_pages:33]
2026-06-04 01:47:27 - mkk_pika - main.py:49 - INFO - [{'_id': '5a5637760076b127424abbdf', 'title': '第1集', 'order': 1, 'updated_at': '2018-01-10T05:56:39.399Z', 'id': '5a5637760076b127424abbdf'}]
2026-06-04 01:47:27 - mkk_pika - database.py:215 - INFO - 第一次下载该漫画，记录数据库中
2026-06-04 01:47:28 - mkk_pika - main.py:83 - INFO - 找到 33 张图片在:第1集
2026-06-04 01:47:29 - mkk_pika - main.py:112 - INFO - [episode:第1集       ] downloaded:    33, total:  33, progress:100%
2026-06-04 01:47:29 - mkk_pika - database.py:238 - INFO - 数据库更新已下载章节
2026-06-04 01:47:29 - mkk_pika - database.py:244 - INFO - 该漫画已下载章节如下
2026-06-04 01:47:29 - mkk_pika - database.py:245 - INFO - ['第1集']
2026-06-04 01:47:30 - mkk_pika - main.py:348 - INFO - ==================== 漫画信息 ====================
                                   漫画ID：5a5637760076b127424abbde
                                   标题：(C92) 艦娘着妊 電強制異種交配 (艦隊これくしょん -艦これ-)
                                   作者：悪転奏進 (黒糖ニッケ)
                                   是否完结：否
                                   总页数：33
                                   分类：同人,短篇,強暴,非人類,艦隊收藏
                                   章节数：1
                                   最后更新时间：2018-01-10T15:55:34.505Z
                                   =================================================
2026-06-04 01:47:30 - mkk_pika - database.py:101 - INFO - 保存成功：(C92) 艦娘着妊 電強制異種交配 (艦隊これくしょん -艦これ-)
2026-06-04 01:47:30 - mkk_pika - main.py:35 - INFO - 开始检查(C92) BBちゃんは素直にさせてくれない (Fate Grand Order)是否存在未下载章节
2026-06-04 01:47:31 - mkk_pika - main.py:45 - INFO - 正在下载:[(C92) BBちゃんは素直にさせてくれない (Fate Grand Order)]-[瓢屋 (もみお)]-[['同人', '短篇', '足の恋', 'Fate']]-[total_pages:24]
2026-06-04 01:47:31 - mkk_pika - main.py:49 - INFO - [{'_id': '5a56378be6fcc0270cb10489', 'title': '第1集', 'order': 1, 'updated_at': '2018-01-10T06:16:09.650Z', 'id': '5a56378be6fcc0270cb10489'}]
2026-06-04 01:47:31 - mkk_pika - database.py:215 - INFO - 第一次下载该漫画，记录数据库中
2026-06-04 01:47:31 - mkk_pika - main.py:83 - INFO - 找到 24 张图片在:第1集
2026-06-04 01:47:32 - mkk_pika - main.py:112 - INFO - [episode:第1集       ] downloaded:    24, total:  24, progress:100%
2026-06-04 01:47:32 - mkk_pika - database.py:238 - INFO - 数据库更新已下载章节
2026-06-04 01:47:32 - mkk_pika - database.py:244 - INFO - 该漫画已下载章节如下
2026-06-04 01:47:32 - mkk_pika - database.py:245 - INFO - ['第1集']
2026-06-04 01:47:34 - mkk_pika - main.py:348 - INFO - ==================== 漫画信息 ====================
                                   漫画ID：5a56378be6fcc0270cb10488
                                   标题：(C92) BBちゃんは素直にさせてくれない (Fate Grand Order)
                                   作者：瓢屋 (もみお)
                                   是否完结：是
                                   总页数：24
                                   分类：同人,短篇,足の恋,Fate
                                   章节数：1
                                   最后更新时间：2018-01-10T15:55:55.422Z
                                   =================================================
2026-06-04 01:47:34 - mkk_pika - database.py:101 - INFO - 保存成功：(C92) BBちゃんは素直にさせてくれない (Fate Grand Order)
2026-06-04 01:47:34 - mkk_pika - main.py:35 - INFO - 开始检查(C92) ふたりのとくへ_つ是否存在未下载章节
2026-06-04 01:47:34 - mkk_pika - main.py:45 - INFO - 正在下载:[(C92) ふたりのとくへ_つ]-[ふんまつ (粉山カタ)]-[['同人', '短篇', '純愛', '百合花園']]-[total_pages:28]
2026-06-04 01:47:34 - mkk_pika - main.py:49 - INFO - [{'_id': '5a5637a4d8e4214670491622', 'title': '第1集', 'order': 1, 'updated_at': '2018-01-10T06:27:09.197Z', 'id': '5a5637a4d8e4214670491622'}]
2026-06-04 01:47:34 - mkk_pika - database.py:215 - INFO - 第一次下载该漫画，记录数据库中
2026-06-04 01:47:34 - mkk_pika - main.py:83 - INFO - 找到 28 张图片在:第1集
2026-06-04 01:47:36 - mkk_pika - main.py:112 - INFO - [episode:第1集       ] downloaded:    28, total:  28, progress:100%
2026-06-04 01:47:36 - mkk_pika - database.py:238 - INFO - 数据库更新已下载章节
2026-06-04 01:47:36 - mkk_pika - database.py:244 - INFO - 该漫画已下载章节如下
2026-06-04 01:47:36 - mkk_pika - database.py:245 - INFO - ['第1集']
2026-06-04 01:47:37 - mkk_pika - main.py:348 - INFO - ==================== 漫画信息 ====================
                                   漫画ID：5a5637a4d8e4214670491621
                                   标题：(C92) ふたりのとくへ_つ
                                   作者：ふんまつ (粉山カタ)
                                   是否完结：否
                                   总页数：28
                                   分类：同人,短篇,純愛,百合花園
                                   章节数：1
                                   最后更新时间：2018-01-10T15:56:20.229Z
                                   =================================================
2026-06-04 01:47:37 - mkk_pika - database.py:101 - INFO - 保存成功：(C92) ふたりのとくへ_つ
2026-06-04 01:47:37 - mkk_pika - main.py:35 - INFO - 开始检查 (COMIC1☆12)ロリとギター是否存在未下载章节
2026-06-04 01:47:37 - mkk_pika - main.py:45 - INFO - 正在下载:[ (COMIC1☆12)ロリとギター]-[ squeezecandyheaven (いちはや)]-[['短篇', '純愛']]-[total_pages:27]
2026-06-04 01:47:37 - mkk_pika - main.py:49 - INFO - [{'_id': '5a563896953a3c46267723d2', 'title': '第1集', 'order': 1, 'updated_at': '2018-01-10T08:50:43.338Z', 'id': '5a563896953a3c46267723d2'}]
2026-06-04 01:47:37 - mkk_pika - database.py:215 - INFO - 第一次下载该漫画，记录数据库中
2026-06-04 01:47:38 - mkk_pika - main.py:83 - INFO - 找到 27 张图片在:第1集
2026-06-04 01:47:39 - mkk_pika - main.py:112 - INFO - [episode:第1集       ] downloaded:    27, total:  27, progress:100%
2026-06-04 01:47:39 - mkk_pika - database.py:238 - INFO - 数据库更新已下载章节
2026-06-04 01:47:39 - mkk_pika - database.py:244 - INFO - 该漫画已下载章节如下
2026-06-04 01:47:39 - mkk_pika - database.py:245 - INFO - ['第1集']
2026-06-04 01:47:40 - mkk_pika - main.py:348 - INFO - ==================== 漫画信息 ====================
                                   漫画ID：5a563896953a3c46267723d1
                                   标题： (COMIC1☆12)ロリとギター
                                   作者： squeezecandyheaven (いちはや)
                                   是否完结：是
                                   总页数：27
                                   分类：短篇,純愛
                                   章节数：1
                                   最后更新时间：2018-01-10T16:00:22.007Z
                                   =================================================
2026-06-04 01:47:40 - mkk_pika - database.py:101 - INFO - 保存成功： (COMIC1☆12)ロリとギター
2026-06-04 01:47:40 - mkk_pika - main.py:35 - INFO - 开始检查(C93)お姉さんには内緒ね(艦隊これくしょん -艦これ-)是否存在未下载章节
2026-06-04 01:47:41 - mkk_pika - main.py:45 - INFO - 正在下载:[(C93)お姉さんには内緒ね(艦隊これくしょん -艦これ-)]-[J.D.World (文雅)]-[['同人', '艦隊收藏', '短篇']]-[total_pages:28]
2026-06-04 01:47:41 - mkk_pika - main.py:49 - INFO - [{'_id': '5a56393461d63465302ef907', 'title': '第1集', 'order': 1, 'updated_at': '2018-01-10T12:38:00.737Z', 'id': '5a56393461d63465302ef907'}]
2026-06-04 01:47:41 - mkk_pika - database.py:215 - INFO - 第一次下载该漫画，记录数据库中
2026-06-04 01:47:41 - mkk_pika - main.py:83 - INFO - 找到 29 张图片在:第1集
2026-06-04 01:47:43 - mkk_pika - main.py:112 - INFO - [episode:第1集       ] downloaded:    29, total:  29, progress:100%
2026-06-04 01:47:43 - mkk_pika - database.py:238 - INFO - 数据库更新已下载章节
2026-06-04 01:47:43 - mkk_pika - database.py:244 - INFO - 该漫画已下载章节如下
2026-06-04 01:47:43 - mkk_pika - database.py:245 - INFO - ['第1集']
2026-06-04 01:47:44 - mkk_pika - main.py:348 - INFO - ==================== 漫画信息 ====================
                                   漫画ID：5a56393461d63465302ef906
                                   标题：(C93)お姉さんには内緒ね(艦隊これくしょん -艦これ-)
                                   作者：J.D.World (文雅)
                                   是否完结：是
                                   总页数：28
                                   分类：同人,艦隊收藏,短篇
                                   章节数：1
                                   最后更新时间：2018-01-10T16:03:00.684Z
                                   =================================================
2026-06-04 01:47:44 - mkk_pika - database.py:101 - INFO - 保存成功：(C93)お姉さんには内緒ね(艦隊これくしょん -艦これ-)
2026-06-04 01:47:44 - mkk_pika - main.py:35 - INFO - 开始检查まめいじり是否存在未下载章节
2026-06-04 01:47:44 - mkk_pika - main.py:45 - INFO - 正在下载:[まめいじり]-[恵田真芽]-[['長篇']]-[total_pages:197]
2026-06-04 01:47:44 - mkk_pika - main.py:49 - INFO - [{'_id': '5a56398861d63465302ef927', 'title': '第1集', 'order': 1, 'updated_at': '2018-01-10T14:07:18.065Z', 'id': '5a56398861d63465302ef927'}]
2026-06-04 01:47:44 - mkk_pika - database.py:215 - INFO - 第一次下载该漫画，记录数据库中
2026-06-04 01:47:46 - mkk_pika - main.py:83 - INFO - 找到 197 张图片在:第1集
2026-06-04 01:47:56 - mkk_pika - main.py:112 - INFO - [episode:第1集       ] downloaded:   197, total: 197, progress:100%
2026-06-04 01:47:56 - mkk_pika - database.py:238 - INFO - 数据库更新已下载章节
2026-06-04 01:47:56 - mkk_pika - database.py:244 - INFO - 该漫画已下载章节如下
2026-06-04 01:47:56 - mkk_pika - database.py:245 - INFO - ['第1集']
2026-06-04 01:47:57 - mkk_pika - main.py:348 - INFO - ==================== 漫画信息 ====================
                                   漫画ID：5a56398861d63465302ef926
                                   标题：まめいじり
                                   作者：恵田真芽
                                   是否完结：否
                                   总页数：197
                                   分类：長篇
                                   章节数：1
                                   最后更新时间：2018-01-10T16:04:24.349Z
                                   =================================================
2026-06-04 01:47:57 - mkk_pika - database.py:101 - INFO - 保存成功：まめいじり
2026-06-04 01:47:57 - mkk_pika - main.py:35 - INFO - 开始检查  冴ちゃんと、僕  [Digital]是否存在未下载章节
2026-06-04 01:47:57 - mkk_pika - main.py:45 - INFO - 正在下载:[  冴ちゃんと、僕  [Digital]]-[ 吉野 (菊月太朗)]-[['短篇', '純愛', '姐姐系']]-[total_pages:33]
2026-06-04 01:47:57 - mkk_pika - main.py:49 - INFO - [{'_id': '5a56399a953a3c46267723ff', 'title': '第1集', 'order': 1, 'updated_at': '2018-01-10T16:03:29.054Z', 'id': '5a56399a953a3c46267723ff'}]
2026-06-04 01:47:57 - mkk_pika - database.py:215 - INFO - 第一次下载该漫画，记录数据库中
2026-06-04 01:47:58 - mkk_pika - main.py:83 - INFO - 找到 33 张图片在:第1集
2026-06-04 01:47:59 - mkk_pika - main.py:112 - INFO - [episode:第1集       ] downloaded:    33, total:  33, progress:100%
2026-06-04 01:47:59 - mkk_pika - database.py:238 - INFO - 数据库更新已下载章节
2026-06-04 01:47:59 - mkk_pika - database.py:244 - INFO - 该漫画已下载章节如下
2026-06-04 01:47:59 - mkk_pika - database.py:245 - INFO - ['第1集']
2026-06-04 01:48:01 - mkk_pika - main.py:348 - INFO - ==================== 漫画信息 ====================
                                   漫画ID：5a56399a953a3c46267723fe
                                   标题：  冴ちゃんと、僕  [Digital]
                                   作者： 吉野 (菊月太朗)
                                   是否完结：是
                                   总页数：33
                                   分类：短篇,純愛,姐姐系
                                   章节数：1
                                   最后更新时间：2018-01-10T16:04:42.825Z
                                   =================================================
2026-06-04 01:48:01 - mkk_pika - database.py:101 - INFO - 保存成功：  冴ちゃんと、僕  [Digital]
2026-06-04 01:48:01 - mkk_pika - main.py:35 - INFO - 开始检查(C93) さーびす×さーびす (ブレンド・S) [DL版] 是否存在未下载章节
2026-06-04 01:48:01 - mkk_pika - main.py:45 - INFO - 正在下载:[(C93) さーびす×さーびす (ブレンド・S) [DL版] ]-[幸田ん舎 (幸田朋弘)]-[['同人', '短篇']]-[total_pages:20]
2026-06-04 01:48:01 - mkk_pika - main.py:49 - INFO - [{'_id': '5a581016c082312748aaf594', 'title': '第1集', 'order': 1, 'updated_at': '2018-01-10T16:16:54.990Z', 'id': '5a581016c082312748aaf594'}]
2026-06-04 01:48:01 - mkk_pika - database.py:215 - INFO - 第一次下载该漫画，记录数据库中
2026-06-04 01:48:02 - mkk_pika - main.py:83 - INFO - 找到 20 张图片在:第1集
2026-06-04 01:48:03 - mkk_pika - main.py:112 - INFO - [episode:第1集       ] downloaded:    20, total:  20, progress:100%
2026-06-04 01:48:03 - mkk_pika - database.py:238 - INFO - 数据库更新已下载章节
2026-06-04 01:48:03 - mkk_pika - database.py:244 - INFO - 该漫画已下载章节如下
2026-06-04 01:48:03 - mkk_pika - database.py:245 - INFO - ['第1集']
2026-06-04 01:48:04 - mkk_pika - main.py:348 - INFO - ==================== 漫画信息 ====================
                                   漫画ID：5a581016c082312748aaf593
                                   标题：(C93) さーびす×さーびす (ブレンド・S) [DL版] 
                                   作者：幸田ん舎 (幸田朋弘)
                                   是否完结：是
                                   总页数：20
                                   分类：同人,短篇
                                   章节数：1
                                   最后更新时间：2018-01-12T01:32:06.356Z
                                   =================================================
2026-06-04 01:48:04 - mkk_pika - database.py:101 - INFO - 保存成功：(C93) さーびす×さーびす (ブレンド・S) [DL版] 
2026-06-04 01:48:04 - mkk_pika - main.py:35 - INFO - 开始检查(COMIC1☆11) 桜とお風呂でイチャイチャする本 (Fate stay night)中国语翻译是否存在未下载章节
2026-06-04 01:48:04 - mkk_pika - main.py:45 - INFO - 正在下载:[(COMIC1☆11) 桜とお風呂でイチャイチャする本 (Fate stay night)中国语翻译]-[サブリミナル大回転 (さぶじろ子)]-[['短篇', '同人', '純愛', 'Fate']]-[total_pages:22]
2026-06-04 01:48:04 - mkk_pika - main.py:49 - INFO - [{'_id': '5a58117bc082312748aaf5ac', 'title': '第1集', 'order': 1, 'updated_at': '2018-01-10T16:23:22.422Z', 'id': '5a58117bc082312748aaf5ac'}]
2026-06-04 01:48:04 - mkk_pika - database.py:215 - INFO - 第一次下载该漫画，记录数据库中
2026-06-04 01:48:05 - mkk_pika - main.py:83 - INFO - 找到 22 张图片在:第1集
2026-06-04 01:48:06 - mkk_pika - main.py:112 - INFO - [episode:第1集       ] downloaded:    22, total:  22, progress:100%
2026-06-04 01:48:06 - mkk_pika - database.py:238 - INFO - 数据库更新已下载章节
2026-06-04 01:48:06 - mkk_pika - database.py:244 - INFO - 该漫画已下载章节如下
2026-06-04 01:48:06 - mkk_pika - database.py:245 - INFO - ['第1集']
2026-06-04 01:48:07 - mkk_pika - main.py:348 - INFO - ==================== 漫画信息 ====================
                                   漫画ID：5a58117bc082312748aaf5ab
                                   标题：(COMIC1☆11) 桜とお風呂でイチャイチャする本 (Fate stay night)中国语翻译
                                   作者：サブリミナル大回転 (さぶじろ子)
                                   是否完结：是
                                   总页数：22
                                   分类：短篇,同人,純愛,Fate
                                   章节数：1
                                   最后更新时间：2018-01-12T01:38:03.067Z
                                   =================================================
2026-06-04 01:48:07 - mkk_pika - database.py:101 - INFO - 保存成功：(COMIC1☆11) 桜とお風呂でイチャイチャする本 (Fate stay night)中国语翻译
2026-06-04 01:48:07 - mkk_pika - main.py:35 - INFO - 开始检查(COMIC1☆8) サ.ヨ.ナ.ラー深海の人魚姫 (艦隊これくしょん-艦これ-) 是否存在未下载章节
2026-06-04 01:48:07 - mkk_pika - main.py:45 - INFO - 正在下载:[(COMIC1☆8) サ.ヨ.ナ.ラー深海の人魚姫 (艦隊これくしょん-艦これ-) ]-[Wish～希望の翼～ (櫻野露)]-[['同人', '短篇', '艦隊收藏']]-[total_pages:28]
2026-06-04 01:48:07 - mkk_pika - main.py:49 - INFO - [{'_id': '5a5811c1bcba3d65479465db', 'title': '第1集', 'order': 1, 'updated_at': '2018-01-10T18:13:47.879Z', 'id': '5a5811c1bcba3d65479465db'}]
2026-06-04 01:48:07 - mkk_pika - database.py:215 - INFO - 第一次下载该漫画，记录数据库中
2026-06-04 01:48:08 - mkk_pika - main.py:83 - INFO - 找到 28 张图片在:第1集
2026-06-04 01:48:09 - mkk_pika - main.py:112 - INFO - [episode:第1集       ] downloaded:    28, total:  28, progress:100%
2026-06-04 01:48:09 - mkk_pika - database.py:238 - INFO - 数据库更新已下载章节
2026-06-04 01:48:09 - mkk_pika - database.py:244 - INFO - 该漫画已下载章节如下
2026-06-04 01:48:09 - mkk_pika - database.py:245 - INFO - ['第1集']
2026-06-04 01:48:10 - mkk_pika - main.py:348 - INFO - ==================== 漫画信息 ====================
                                   漫画ID：5a5811c1bcba3d65479465da
                                   标题：(COMIC1☆8) サ.ヨ.ナ.ラー深海の人魚姫 (艦隊これくしょん-艦これ-) 
                                   作者：Wish～希望の翼～ (櫻野露)
                                   是否完结：是
                                   总页数：28
                                   分类：同人,短篇,艦隊收藏
                                   章节数：1
                                   最后更新时间：2018-01-12T01:39:13.331Z
                                   =================================================
2026-06-04 01:48:10 - mkk_pika - database.py:101 - INFO - 保存成功：(COMIC1☆8) サ.ヨ.ナ.ラー深海の人魚姫 (艦隊これくしょん-艦これ-) 
2026-06-04 01:48:10 - mkk_pika - main.py:35 - INFO - 开始检查(C93) 冬虫夏草2是否存在未下载章节
2026-06-04 01:48:11 - mkk_pika - main.py:45 - INFO - 正在下载:[(C93) 冬虫夏草2]-[シュート・ザ・ムーン (フエタキシ)]-[['短篇', 'NTR']]-[total_pages:43]
2026-06-04 01:48:11 - mkk_pika - main.py:49 - INFO - [{'_id': '5a58122cc082312748aaf5c5', 'title': '第1集', 'order': 1, 'updated_at': '2018-01-11T02:57:12.937Z', 'id': '5a58122cc082312748aaf5c5'}]
2026-06-04 01:48:11 - mkk_pika - database.py:215 - INFO - 第一次下载该漫画，记录数据库中
2026-06-04 01:48:12 - mkk_pika - main.py:83 - INFO - 找到 43 张图片在:第1集
2026-06-04 01:48:14 - mkk_pika - main.py:112 - INFO - [episode:第1集       ] downloaded:    43, total:  43, progress:100%
2026-06-04 01:48:14 - mkk_pika - database.py:238 - INFO - 数据库更新已下载章节
2026-06-04 01:48:14 - mkk_pika - database.py:244 - INFO - 该漫画已下载章节如下
2026-06-04 01:48:14 - mkk_pika - database.py:245 - INFO - ['第1集']
2026-06-04 01:48:15 - mkk_pika - main.py:348 - INFO - ==================== 漫画信息 ====================
                                   漫画ID：5a58122cc082312748aaf5c4
                                   标题：(C93) 冬虫夏草2
                                   作者：シュート・ザ・ムーン (フエタキシ)
                                   是否完结：是
                                   总页数：43
                                   分类：短篇,NTR
                                   章节数：1
                                   最后更新时间：2018-01-12T01:41:00.820Z
                                   =================================================
2026-06-04 01:48:15 - mkk_pika - database.py:101 - INFO - 保存成功：(C93) 冬虫夏草2
2026-06-04 01:48:15 - mkk_pika - main.py:35 - INFO - 开始检查痴母相姦是否存在未下载章节
2026-06-04 01:48:16 - mkk_pika - main.py:45 - INFO - 正在下载:[痴母相姦]-[夏のおやつ]-[['長篇', '人妻']]-[total_pages:196]
2026-06-04 01:48:16 - mkk_pika - main.py:49 - INFO - [{'_id': '5a58123b97f0b027127a1cad', 'title': '第1集', 'order': 1, 'updated_at': '2018-01-11T03:14:40.810Z', 'id': '5a58123b97f0b027127a1cad'}]
2026-06-04 01:48:16 - mkk_pika - database.py:215 - INFO - 第一次下载该漫画，记录数据库中
2026-06-04 01:48:17 - mkk_pika - main.py:83 - INFO - 找到 196 张图片在:第1集
2026-06-04 01:48:26 - mkk_pika - main.py:112 - INFO - [episode:第1集       ] downloaded:   196, total: 196, progress:100%
2026-06-04 01:48:26 - mkk_pika - database.py:238 - INFO - 数据库更新已下载章节
2026-06-04 01:48:26 - mkk_pika - database.py:244 - INFO - 该漫画已下载章节如下
2026-06-04 01:48:26 - mkk_pika - database.py:245 - INFO - ['第1集']
2026-06-04 01:48:27 - mkk_pika - main.py:348 - INFO - ==================== 漫画信息 ====================
                                   漫画ID：5a58123b97f0b027127a1cac
                                   标题：痴母相姦
                                   作者：夏のおやつ
                                   是否完结：是
                                   总页数：196
                                   分类：長篇,人妻
                                   章节数：1
                                   最后更新时间：2018-01-12T01:41:15.937Z
                                   =================================================
2026-06-04 01:48:27 - mkk_pika - database.py:101 - INFO - 保存成功：痴母相姦
2026-06-04 01:48:27 - mkk_pika - main.py:35 - INFO - 开始检查春裏麗 (ストリートファイター)是否存在未下载章节
2026-06-04 01:48:27 - mkk_pika - main.py:45 - INFO - 正在下载:[春裏麗 (ストリートファイター)]-[はよしねま (越山弱衰)]-[['短篇', '同人', '強暴', 'NTR']]-[total_pages:29]
2026-06-04 01:48:27 - mkk_pika - main.py:49 - INFO - [{'_id': '5a58124cc082312748aaf5f2', 'title': '第1集', 'order': 1, 'updated_at': '2018-01-11T04:28:34.419Z', 'id': '5a58124cc082312748aaf5f2'}]
2026-06-04 01:48:27 - mkk_pika - database.py:215 - INFO - 第一次下载该漫画，记录数据库中
2026-06-04 01:48:28 - mkk_pika - main.py:83 - INFO - 找到 29 张图片在:第1集
2026-06-04 01:48:29 - mkk_pika - main.py:112 - INFO - [episode:第1集       ] downloaded:    29, total:  29, progress:100%
2026-06-04 01:48:29 - mkk_pika - database.py:238 - INFO - 数据库更新已下载章节
2026-06-04 01:48:29 - mkk_pika - database.py:244 - INFO - 该漫画已下载章节如下
2026-06-04 01:48:29 - mkk_pika - database.py:245 - INFO - ['第1集']
2026-06-04 01:48:30 - mkk_pika - main.py:348 - INFO - ==================== 漫画信息 ====================
                                   漫画ID：5a58124cc082312748aaf5f1
                                   标题：春裏麗 (ストリートファイター)
                                   作者：はよしねま (越山弱衰)
                                   是否完结：是
                                   总页数：29
                                   分类：短篇,同人,強暴,NTR
                                   章节数：1
                                   最后更新时间：2018-01-12T01:41:32.348Z
                                   =================================================
2026-06-04 01:48:30 - mkk_pika - database.py:101 - INFO - 保存成功：春裏麗 (ストリートファイター)
2026-06-04 01:48:30 - mkk_pika - main.py:35 - INFO - 开始检查(C93)セフレさえいればいい。 (妹さえいればいい。)是否存在未下载章节
2026-06-04 01:48:31 - mkk_pika - main.py:45 - INFO - 正在下载:[(C93)セフレさえいればいい。 (妹さえいればいい。)]-[ ぶれいんでっど (Eiジ)]-[['短篇', '同人', '純愛', '後宮閃光']]-[total_pages:36]
2026-06-04 01:48:31 - mkk_pika - main.py:49 - INFO - [{'_id': '5a581367b95e95656896dca4', 'title': '第1集', 'order': 1, 'updated_at': '2018-01-11T06:33:56.153Z', 'id': '5a581367b95e95656896dca4'}]
2026-06-04 01:48:31 - mkk_pika - database.py:215 - INFO - 第一次下载该漫画，记录数据库中
2026-06-04 01:48:31 - mkk_pika - main.py:83 - INFO - 找到 36 张图片在:第1集
2026-06-04 01:48:33 - mkk_pika - main.py:112 - INFO - [episode:第1集       ] downloaded:    36, total:  36, progress:100%
2026-06-04 01:48:33 - mkk_pika - database.py:238 - INFO - 数据库更新已下载章节
2026-06-04 01:48:33 - mkk_pika - database.py:244 - INFO - 该漫画已下载章节如下
2026-06-04 01:48:33 - mkk_pika - database.py:245 - INFO - ['第1集']
2026-06-04 01:48:34 - mkk_pika - main.py:348 - INFO - ==================== 漫画信息 ====================
                                   漫画ID：5a581367b95e95656896dca3
                                   标题：(C93)セフレさえいればいい。 (妹さえいればいい。)
                                   作者： ぶれいんでっど (Eiジ)
                                   是否完结：是
                                   总页数：36
                                   分类：短篇,同人,純愛,後宮閃光
                                   章节数：1
                                   最后更新时间：2018-01-12T01:46:15.097Z
                                   =================================================
2026-06-04 01:48:34 - mkk_pika - database.py:101 - INFO - 保存成功：(C93)セフレさえいればいい。 (妹さえいればいい。)
2026-06-04 01:48:34 - mkk_pika - main.py:35 - INFO - 开始检查(CC大阪104)銀子さんを愛で倒す本。2 (銀魂)是否存在未下载章节
2026-06-04 01:48:34 - mkk_pika - main.py:45 - INFO - 正在下载:[(CC大阪104)銀子さんを愛で倒す本。2 (銀魂)]-[ メガロマニアリビドー (天堂一也)]-[['短篇', '同人', '純愛']]-[total_pages:21]
2026-06-04 01:48:34 - mkk_pika - main.py:49 - INFO - [{'_id': '5a581376c082312748aaf62b', 'title': '第1集', 'order': 1, 'updated_at': '2018-01-11T08:39:15.592Z', 'id': '5a581376c082312748aaf62b'}]
2026-06-04 01:48:34 - mkk_pika - database.py:215 - INFO - 第一次下载该漫画，记录数据库中
2026-06-04 01:48:35 - mkk_pika - main.py:83 - INFO - 找到 21 张图片在:第1集
2026-06-04 01:48:36 - mkk_pika - main.py:112 - INFO - [episode:第1集       ] downloaded:    21, total:  21, progress:100%
2026-06-04 01:48:36 - mkk_pika - database.py:238 - INFO - 数据库更新已下载章节
2026-06-04 01:48:36 - mkk_pika - database.py:244 - INFO - 该漫画已下载章节如下
2026-06-04 01:48:36 - mkk_pika - database.py:245 - INFO - ['第1集']
2026-06-04 01:48:37 - mkk_pika - main.py:348 - INFO - ==================== 漫画信息 ====================
                                   漫画ID：5a581376c082312748aaf62a
                                   标题：(CC大阪104)銀子さんを愛で倒す本。2 (銀魂)
                                   作者： メガロマニアリビドー (天堂一也)
                                   是否完结：是
                                   总页数：21
                                   分类：短篇,同人,純愛
                                   章节数：1
                                   最后更新时间：2018-01-12T01:46:30.893Z
                                   =================================================
2026-06-04 01:48:37 - mkk_pika - database.py:101 - INFO - 保存成功：(CC大阪104)銀子さんを愛で倒す本。2 (銀魂)
2026-06-04 01:48:37 - mkk_pika - main.py:35 - INFO - 开始检查[汉化]ご奉仕します！ (ナマイキッ！ 2016年9月号)是否存在未下载章节
2026-06-04 01:48:38 - mkk_pika - main.py:45 - INFO - 正在下载:[[汉化]ご奉仕します！ (ナマイキッ！ 2016年9月号)]-[ ゆきの]-[['短篇', '純愛']]-[total_pages:19]
2026-06-04 01:48:38 - mkk_pika - main.py:49 - INFO - [{'_id': '5a581388953a3c4626772f38', 'title': '第1集', 'order': 1, 'updated_at': '2018-01-11T08:45:03.398Z', 'id': '5a581388953a3c4626772f38'}]
2026-06-04 01:48:38 - mkk_pika - database.py:215 - INFO - 第一次下载该漫画，记录数据库中
2026-06-04 01:48:38 - mkk_pika - main.py:83 - INFO - 找到 19 张图片在:第1集
2026-06-04 01:48:39 - mkk_pika - main.py:112 - INFO - [episode:第1集       ] downloaded:    19, total:  19, progress:100%
2026-06-04 01:48:39 - mkk_pika - database.py:238 - INFO - 数据库更新已下载章节
2026-06-04 01:48:39 - mkk_pika - database.py:244 - INFO - 该漫画已下载章节如下
2026-06-04 01:48:39 - mkk_pika - database.py:245 - INFO - ['第1集']
2026-06-04 01:48:40 - mkk_pika - main.py:348 - INFO - ==================== 漫画信息 ====================
                                   漫画ID：5a581388953a3c4626772f37
                                   标题：[汉化]ご奉仕します！ (ナマイキッ！ 2016年9月号)
                                   作者： ゆきの
                                   是否完结：是
                                   总页数：19
                                   分类：短篇,純愛
                                   章节数：1
                                   最后更新时间：2018-01-12T01:46:48.579Z
                                   =================================================
2026-06-04 01:48:40 - mkk_pika - database.py:101 - INFO - 保存成功：[汉化]ご奉仕します！ (ナマイキッ！ 2016年9月号)
2026-06-04 01:48:40 - mkk_pika - main.py:35 - INFO - 开始检查『st.』のニジュウハチ｜Break Record (~快楽天ビースト `16年10月号)是否存在未下载章节
2026-06-04 01:48:41 - mkk_pika - main.py:45 - INFO - 正在下载:[『st.』のニジュウハチ｜Break Record (~快楽天ビースト `16年10月号)]-[雛咲葉]-[['短篇', '全彩', '純愛']]-[total_pages:5]
2026-06-04 01:48:41 - mkk_pika - main.py:49 - INFO - [{'_id': '5a5813bcbcba3d6547946a1a', 'title': '第1集', 'order': 1, 'updated_at': '2018-01-11T08:50:04.128Z', 'id': '5a5813bcbcba3d6547946a1a'}]
2026-06-04 01:48:41 - mkk_pika - database.py:215 - INFO - 第一次下载该漫画，记录数据库中
2026-06-04 01:48:41 - mkk_pika - main.py:83 - INFO - 找到 5 张图片在:第1集
2026-06-04 01:48:41 - mkk_pika - main.py:112 - INFO - [episode:第1集       ] downloaded:     5, total:   5, progress:100%
2026-06-04 01:48:41 - mkk_pika - database.py:238 - INFO - 数据库更新已下载章节
2026-06-04 01:48:41 - mkk_pika - database.py:244 - INFO - 该漫画已下载章节如下
2026-06-04 01:48:41 - mkk_pika - database.py:245 - INFO - ['第1集']
2026-06-04 01:48:43 - mkk_pika - main.py:348 - INFO - ==================== 漫画信息 ====================
                                   漫画ID：5a5813bcbcba3d6547946a19
                                   标题：『st.』のニジュウハチ｜Break Record (~快楽天ビースト `16年10月号)
                                   作者：雛咲葉
                                   是否完结：是
                                   总页数：5
                                   分类：短篇,全彩,純愛
                                   章节数：1
                                   最后更新时间：2018-01-12T01:47:40.620Z
                                   =================================================
2026-06-04 01:48:43 - mkk_pika - database.py:101 - INFO - 保存成功：『st.』のニジュウハチ｜Break Record (~快楽天ビースト `16年10月号)
2026-06-04 01:48:43 - mkk_pika - main.py:35 - INFO - 开始检查[汉化] (C87) いけないビキニのおねーさん是否存在未下载章节
2026-06-04 01:48:43 - mkk_pika - main.py:45 - INFO - 正在下载:[[汉化] (C87) いけないビキニのおねーさん]-[ オセロアイス (shuz)]-[['短篇', '姐姐系', '純愛']]-[total_pages:26]
2026-06-04 01:48:43 - mkk_pika - main.py:49 - INFO - [{'_id': '5a5813d3a150d7651aaf456c', 'title': '第1集', 'order': 1, 'updated_at': '2018-01-11T08:57:21.915Z', 'id': '5a5813d3a150d7651aaf456c'}]
2026-06-04 01:48:43 - mkk_pika - database.py:215 - INFO - 第一次下载该漫画，记录数据库中
2026-06-04 01:48:44 - mkk_pika - main.py:83 - INFO - 找到 26 张图片在:第1集
2026-06-04 01:48:45 - mkk_pika - main.py:112 - INFO - [episode:第1集       ] downloaded:    26, total:  26, progress:100%
2026-06-04 01:48:45 - mkk_pika - database.py:238 - INFO - 数据库更新已下载章节
2026-06-04 01:48:45 - mkk_pika - database.py:244 - INFO - 该漫画已下载章节如下
2026-06-04 01:48:45 - mkk_pika - database.py:245 - INFO - ['第1集']
2026-06-04 01:48:46 - mkk_pika - main.py:348 - INFO - ==================== 漫画信息 ====================
                                   漫画ID：5a5813d3a150d7651aaf456b
                                   标题：[汉化] (C87) いけないビキニのおねーさん
                                   作者： オセロアイス (shuz)
                                   是否完结：是
                                   总页数：26
                                   分类：短篇,姐姐系,純愛
                                   章节数：1
                                   最后更新时间：2018-01-12T01:48:03.226Z
                                   =================================================
2026-06-04 01:48:46 - mkk_pika - database.py:101 - INFO - 保存成功：[汉化] (C87) いけないビキニのおねーさん
2026-06-04 01:48:46 - mkk_pika - main.py:35 - INFO - 开始检查 オシオキあんよ (COMIC BAVEL 2016年10月号)是否存在未下载章节
2026-06-04 01:48:46 - mkk_pika - main.py:45 - INFO - 正在下载:[ オシオキあんよ (COMIC BAVEL 2016年10月号)]-[大嘘]-[['短篇', '純愛', '後宮閃光', '足の恋']]-[total_pages:25]
2026-06-04 01:48:46 - mkk_pika - main.py:49 - INFO - [{'_id': '5a5813f3a150d7651aaf4589', 'title': '第1集', 'order': 1, 'updated_at': '2018-01-11T09:01:10.165Z', 'id': '5a5813f3a150d7651aaf4589'}]
2026-06-04 01:48:46 - mkk_pika - database.py:215 - INFO - 第一次下载该漫画，记录数据库中
2026-06-04 01:48:47 - mkk_pika - main.py:83 - INFO - 找到 25 张图片在:第1集
2026-06-04 01:48:48 - mkk_pika - main.py:112 - INFO - [episode:第1集       ] downloaded:    25, total:  25, progress:100%
2026-06-04 01:48:48 - mkk_pika - database.py:238 - INFO - 数据库更新已下载章节
2026-06-04 01:48:48 - mkk_pika - database.py:244 - INFO - 该漫画已下载章节如下
2026-06-04 01:48:48 - mkk_pika - database.py:245 - INFO - ['第1集']
2026-06-04 01:48:49 - mkk_pika - main.py:348 - INFO - ==================== 漫画信息 ====================
                                   漫画ID：5a5813f3a150d7651aaf4588
                                   标题： オシオキあんよ (COMIC BAVEL 2016年10月号)
                                   作者：大嘘
                                   是否完结：是
                                   总页数：25
                                   分类：短篇,純愛,後宮閃光,足の恋
                                   章节数：1
                                   最后更新时间：2018-01-12T01:48:35.019Z
                                   =================================================
2026-06-04 01:48:49 - mkk_pika - database.py:101 - INFO - 保存成功： オシオキあんよ (COMIC BAVEL 2016年10月号)
2026-06-04 01:48:49 - mkk_pika - main.py:35 - INFO - 开始检查(COMIC1☆9) ヘスティア様と例のヒモで戯れてみたい [MJK-16-T368]是否存在未下载章节
2026-06-04 01:48:50 - mkk_pika - main.py:45 - INFO - 正在下载:[(COMIC1☆9) ヘスティア様と例のヒモで戯れてみたい [MJK-16-T368]]-[ いちごぱんつ (カグユヅ)]-[['短篇', '同人', '純愛', '全彩']]-[total_pages:12]
2026-06-04 01:48:50 - mkk_pika - main.py:49 - INFO - [{'_id': '5a581406e6fcc0270cb10a6b', 'title': '第1集', 'order': 1, 'updated_at': '2018-01-11T09:05:38.702Z', 'id': '5a581406e6fcc0270cb10a6b'}]
2026-06-04 01:48:50 - mkk_pika - database.py:215 - INFO - 第一次下载该漫画，记录数据库中
2026-06-04 01:48:50 - mkk_pika - main.py:83 - INFO - 找到 12 张图片在:第1集
2026-06-04 01:48:51 - mkk_pika - main.py:112 - INFO - [episode:第1集       ] downloaded:    12, total:  12, progress:100%
2026-06-04 01:48:51 - mkk_pika - database.py:238 - INFO - 数据库更新已下载章节
2026-06-04 01:48:51 - mkk_pika - database.py:244 - INFO - 该漫画已下载章节如下
2026-06-04 01:48:51 - mkk_pika - database.py:245 - INFO - ['第1集']
2026-06-04 01:48:52 - mkk_pika - main.py:348 - INFO - ==================== 漫画信息 ====================
                                   漫画ID：5a581406e6fcc0270cb10a6a
                                   标题：(COMIC1☆9) ヘスティア様と例のヒモで戯れてみたい [MJK-16-T368]
                                   作者： いちごぱんつ (カグユヅ)
                                   是否完结：是
                                   总页数：12
                                   分类：短篇,同人,純愛,全彩
                                   章节数：1
                                   最后更新时间：2018-01-12T01:48:54.040Z
                                   =================================================
2026-06-04 01:48:52 - mkk_pika - database.py:101 - INFO - 保存成功：(COMIC1☆9) ヘスティア様と例のヒモで戯れてみたい [MJK-16-T368]
2026-06-04 01:48:52 - mkk_pika - main.py:35 - INFO - 开始检查(C79) (同人誌) ジャキガニズム (俺の妹がこんなにかわいいわけがない) 是否存在未下载章节
2026-06-04 01:48:52 - mkk_pika - main.py:45 - INFO - 正在下载:[(C79) (同人誌) ジャキガニズム (俺の妹がこんなにかわいいわけがない) ]-[AGOI亭 (三九呂)]-[['同人', '短篇', '純愛', '妹妹系']]-[total_pages:32]
2026-06-04 01:48:52 - mkk_pika - main.py:49 - INFO - [{'_id': '5a581417a150d7651aaf45a4', 'title': '第1集', 'order': 1, 'updated_at': '2018-01-11T12:21:08.773Z', 'id': '5a581417a150d7651aaf45a4'}]
2026-06-04 01:48:52 - mkk_pika - database.py:215 - INFO - 第一次下载该漫画，记录数据库中
2026-06-04 01:48:53 - mkk_pika - main.py:83 - INFO - 找到 32 张图片在:第1集
2026-06-04 01:48:54 - mkk_pika - main.py:112 - INFO - [episode:第1集       ] downloaded:    32, total:  32, progress:100%
2026-06-04 01:48:54 - mkk_pika - database.py:238 - INFO - 数据库更新已下载章节
2026-06-04 01:48:54 - mkk_pika - database.py:244 - INFO - 该漫画已下载章节如下
2026-06-04 01:48:54 - mkk_pika - database.py:245 - INFO - ['第1集']
2026-06-04 01:48:55 - mkk_pika - main.py:348 - INFO - ==================== 漫画信息 ====================
                                   漫画ID：5a581417a150d7651aaf45a3
                                   标题：(C79) (同人誌) ジャキガニズム (俺の妹がこんなにかわいいわけがない) 
                                   作者：AGOI亭 (三九呂)
                                   是否完结：是
                                   总页数：32
                                   分类：同人,短篇,純愛,妹妹系
                                   章节数：1
                                   最后更新时间：2018-01-12T01:49:11.824Z
                                   =================================================
2026-06-04 01:48:55 - mkk_pika - database.py:101 - INFO - 保存成功：(C79) (同人誌) ジャキガニズム (俺の妹がこんなにかわいいわけがない) 
2026-06-04 01:48:55 - mkk_pika - main.py:35 - INFO - 开始检查 (C93) エレしゅきガルちゃんの薄い本 (FateGrand Order)是否存在未下载章节
2026-06-04 01:48:56 - mkk_pika - main.py:45 - INFO - 正在下载:[ (C93) エレしゅきガルちゃんの薄い本 (FateGrand Order)]-[HappyBirthday (丸ちゃん。]-[['同人', '短篇', '純愛', '全彩', 'Fate']]-[total_pages:11]
2026-06-04 01:48:56 - mkk_pika - main.py:49 - INFO - [{'_id': '5a581474bcba3d6547946a21', 'title': '第1集', 'order': 1, 'updated_at': '2018-01-11T17:01:36.395Z', 'id': '5a581474bcba3d6547946a21'}]
2026-06-04 01:48:56 - mkk_pika - database.py:215 - INFO - 第一次下载该漫画，记录数据库中
2026-06-04 01:48:56 - mkk_pika - main.py:83 - INFO - 找到 11 张图片在:第1集
2026-06-04 01:48:57 - mkk_pika - main.py:112 - INFO - [episode:第1集       ] downloaded:    11, total:  11, progress:100%
2026-06-04 01:48:57 - mkk_pika - database.py:238 - INFO - 数据库更新已下载章节
2026-06-04 01:48:57 - mkk_pika - database.py:244 - INFO - 该漫画已下载章节如下
2026-06-04 01:48:57 - mkk_pika - database.py:245 - INFO - ['第1集']
2026-06-04 01:48:58 - mkk_pika - main.py:348 - INFO - ==================== 漫画信息 ====================
                                   漫画ID：5a581474bcba3d6547946a20
                                   标题： (C93) エレしゅきガルちゃんの薄い本 (FateGrand Order)
                                   作者：HappyBirthday (丸ちゃん。
                                   是否完结：否
                                   总页数：11
                                   分类：同人,短篇,純愛,全彩,Fate
                                   章节数：1
                                   最后更新时间：2018-01-12T01:50:44.573Z
                                   =================================================
2026-06-04 01:48:58 - mkk_pika - database.py:101 - INFO - 保存成功： (C93) エレしゅきガルちゃんの薄い本 (FateGrand Order)
2026-06-04 01:48:58 - mkk_pika - main.py:35 - INFO - 开始检查(C79)(同人誌)妹恋(俺の妹がこんなに可愛いわけがない)是否存在未下载章节
2026-06-04 01:48:58 - mkk_pika - main.py:45 - INFO - 正在下载:[(C79)(同人誌)妹恋(俺の妹がこんなに可愛いわけがない)]-[生クリームびより(ななせめるち)]-[['同人', '短篇', '妹妹系', '純愛']]-[total_pages:26]
2026-06-04 01:48:58 - mkk_pika - main.py:49 - INFO - [{'_id': '5a5834c21edd3f146f089cae', 'title': '第1集', 'order': 1, 'updated_at': '2018-01-11T13:10:00.433Z', 'id': '5a5834c21edd3f146f089cae'}]
2026-06-04 01:48:58 - mkk_pika - database.py:215 - INFO - 第一次下载该漫画，记录数据库中
2026-06-04 01:48:59 - mkk_pika - main.py:83 - INFO - 找到 26 张图片在:第1集
2026-06-04 01:49:03 - mkk_pika - main.py:112 - INFO - [episode:第1集       ] downloaded:    26, total:  26, progress:100%
2026-06-04 01:49:03 - mkk_pika - database.py:238 - INFO - 数据库更新已下载章节
2026-06-04 01:49:03 - mkk_pika - database.py:244 - INFO - 该漫画已下载章节如下
2026-06-04 01:49:03 - mkk_pika - database.py:245 - INFO - ['第1集']
2026-06-04 01:49:04 - mkk_pika - main.py:348 - INFO - ==================== 漫画信息 ====================
                                   漫画ID：5a5834c21edd3f146f089cad
                                   标题：(C79)(同人誌)妹恋(俺の妹がこんなに可愛いわけがない)
                                   作者：生クリームびより(ななせめるち)
                                   是否完结：是
                                   总页数：26
                                   分类：同人,短篇,妹妹系,純愛
                                   章节数：1
                                   最后更新时间：2018-01-12T04:08:34.279Z
                                   =================================================
2026-06-04 01:49:04 - mkk_pika - database.py:101 - INFO - 保存成功：(C79)(同人誌)妹恋(俺の妹がこんなに可愛いわけがない)
2026-06-04 01:49:04 - mkk_pika - main.py:35 - INFO - 开始检查(C79) (同人誌) 発情黒猫 (俺の妹がこんなに可愛いわけがない)是否存在未下载章节
2026-06-04 01:49:04 - mkk_pika - main.py:45 - INFO - 正在下载:[(C79) (同人誌) 発情黒猫 (俺の妹がこんなに可愛いわけがない)]-[遺伝子の舟 (南条飛鳥)]-[['同人', '短篇', '妹妹系']]-[total_pages:26]
2026-06-04 01:49:04 - mkk_pika - main.py:49 - INFO - [{'_id': '5a5834dbc4c1626422e0fc75', 'title': '第1集', 'order': 1, 'updated_at': '2018-01-11T12:48:04.178Z', 'id': '5a5834dbc4c1626422e0fc75'}]
2026-06-04 01:49:04 - mkk_pika - database.py:215 - INFO - 第一次下载该漫画，记录数据库中
2026-06-04 01:49:05 - mkk_pika - main.py:83 - INFO - 找到 26 张图片在:第1集
2026-06-04 01:49:06 - mkk_pika - main.py:112 - INFO - [episode:第1集       ] downloaded:    26, total:  26, progress:100%
2026-06-04 01:49:06 - mkk_pika - database.py:238 - INFO - 数据库更新已下载章节
2026-06-04 01:49:06 - mkk_pika - database.py:244 - INFO - 该漫画已下载章节如下
2026-06-04 01:49:06 - mkk_pika - database.py:245 - INFO - ['第1集']
2026-06-04 01:49:07 - mkk_pika - main.py:348 - INFO - ==================== 漫画信息 ====================
                                   漫画ID：5a5834dbc4c1626422e0fc74
                                   标题：(C79) (同人誌) 発情黒猫 (俺の妹がこんなに可愛いわけがない)
                                   作者：遺伝子の舟 (南条飛鳥)
                                   是否完结：是
                                   总页数：26
                                   分类：同人,短篇,妹妹系
                                   章节数：1
                                   最后更新时间：2018-01-12T04:08:59.644Z
                                   =================================================
2026-06-04 01:49:07 - mkk_pika - database.py:101 - INFO - 保存成功：(C79) (同人誌) 発情黒猫 (俺の妹がこんなに可愛いわけがない)
2026-06-04 01:49:07 - mkk_pika - main.py:35 - INFO - 开始检查(C92) 先輩、エッチがしてみたいです。 (FateGrand Order)是否存在未下载章节
2026-06-04 01:49:08 - mkk_pika - main.py:45 - INFO - 正在下载:[(C92) 先輩、エッチがしてみたいです。 (FateGrand Order)]-[ runner bean (将兵)]-[['Fate', '純愛', '全彩', '短篇', '同人']]-[total_pages:17]
2026-06-04 01:49:08 - mkk_pika - main.py:49 - INFO - [{'_id': '5a5835092da4c71469d7b001', 'title': '第1集', 'order': 1, 'updated_at': '2018-01-11T14:01:56.313Z', 'id': '5a5835092da4c71469d7b001'}]
2026-06-04 01:49:08 - mkk_pika - database.py:215 - INFO - 第一次下载该漫画，记录数据库中
2026-06-04 01:49:08 - mkk_pika - main.py:83 - INFO - 找到 17 张图片在:第1集
2026-06-04 01:49:09 - mkk_pika - main.py:112 - INFO - [episode:第1集       ] downloaded:    17, total:  17, progress:100%
2026-06-04 01:49:09 - mkk_pika - database.py:238 - INFO - 数据库更新已下载章节
2026-06-04 01:49:09 - mkk_pika - database.py:244 - INFO - 该漫画已下载章节如下
2026-06-04 01:49:09 - mkk_pika - database.py:245 - INFO - ['第1集']
2026-06-04 01:49:10 - mkk_pika - main.py:348 - INFO - ==================== 漫画信息 ====================
                                   漫画ID：5a5835092da4c71469d7b000
                                   标题：(C92) 先輩、エッチがしてみたいです。 (FateGrand Order)
                                   作者： runner bean (将兵)
                                   是否完结：是
                                   总页数：17
                                   分类：Fate,純愛,全彩,短篇,同人
                                   章节数：1
                                   最后更新时间：2018-01-12T04:09:45.033Z
                                   =================================================
2026-06-04 01:49:10 - mkk_pika - database.py:101 - INFO - 保存成功：(C92) 先輩、エッチがしてみたいです。 (FateGrand Order)
2026-06-04 01:49:10 - mkk_pika - main.py:35 - INFO - 开始检查(C92) P5ハーレム～双葉編～ (ペルソナ5) [DL版]是否存在未下载章节
2026-06-04 01:49:10 - mkk_pika - main.py:45 - INFO - 正在下载:[(C92) P5ハーレム～双葉編～ (ペルソナ5) [DL版]]-[しまぱん (立花オミナ)]-[['同人', '短篇', '後宮閃光']]-[total_pages:33]
2026-06-04 01:49:10 - mkk_pika - main.py:49 - INFO - [{'_id': '5a5835231edd3f146f089cca', 'title': '第1集', 'order': 1, 'updated_at': '2018-01-11T14:13:54.768Z', 'id': '5a5835231edd3f146f089cca'}]
2026-06-04 01:49:10 - mkk_pika - database.py:215 - INFO - 第一次下载该漫画，记录数据库中
2026-06-04 01:49:11 - mkk_pika - main.py:83 - INFO - 找到 33 张图片在:第1集
2026-06-04 01:49:12 - mkk_pika - main.py:112 - INFO - [episode:第1集       ] downloaded:    33, total:  33, progress:100%
2026-06-04 01:49:12 - mkk_pika - database.py:238 - INFO - 数据库更新已下载章节
2026-06-04 01:49:12 - mkk_pika - database.py:244 - INFO - 该漫画已下载章节如下
2026-06-04 01:49:12 - mkk_pika - database.py:245 - INFO - ['第1集']
2026-06-04 01:49:14 - mkk_pika - main.py:348 - INFO - ==================== 漫画信息 ====================
                                   漫画ID：5a5835231edd3f146f089cc9
                                   标题：(C92) P5ハーレム～双葉編～ (ペルソナ5) [DL版]
                                   作者：しまぱん (立花オミナ)
                                   是否完结：是
                                   总页数：33
                                   分类：同人,短篇,後宮閃光
                                   章节数：1
                                   最后更新时间：2018-01-12T04:10:11.760Z
                                   =================================================
2026-06-04 01:49:14 - mkk_pika - database.py:101 - INFO - 保存成功：(C92) P5ハーレム～双葉編～ (ペルソナ5) [DL版]
2026-06-04 01:49:14 - mkk_pika - main.py:35 - INFO - 开始检查(C92) ジュウカンライブ!サンシャイン!!2 (ラブライブ!サンシャイン!!)是否存在未下载章节
2026-06-04 01:49:14 - mkk_pika - main.py:45 - INFO - 正在下载:[(C92) ジュウカンライブ!サンシャイン!!2 (ラブライブ!サンシャイン!!)]-[たかねの花園 (たかねのはな)]-[['同人', '短篇', '非人類']]-[total_pages:28]
2026-06-04 01:49:14 - mkk_pika - main.py:49 - INFO - [{'_id': '5a583559d8f960149f72b313', 'title': '第1集', 'order': 1, 'updated_at': '2018-01-11T14:18:30.058Z', 'id': '5a583559d8f960149f72b313'}]
2026-06-04 01:49:14 - mkk_pika - database.py:215 - INFO - 第一次下载该漫画，记录数据库中
2026-06-04 01:49:14 - mkk_pika - main.py:83 - INFO - 找到 28 张图片在:第1集
2026-06-04 01:49:16 - mkk_pika - main.py:112 - INFO - [episode:第1集       ] downloaded:    28, total:  28, progress:100%
2026-06-04 01:49:16 - mkk_pika - database.py:238 - INFO - 数据库更新已下载章节
2026-06-04 01:49:16 - mkk_pika - database.py:244 - INFO - 该漫画已下载章节如下
2026-06-04 01:49:16 - mkk_pika - database.py:245 - INFO - ['第1集']
2026-06-04 01:49:17 - mkk_pika - main.py:348 - INFO - ==================== 漫画信息 ====================
                                   漫画ID：5a583559d8f960149f72b312
                                   标题：(C92) ジュウカンライブ!サンシャイン!!2 (ラブライブ!サンシャイン!!)
                                   作者：たかねの花園 (たかねのはな)
                                   是否完结：是
                                   总页数：28
                                   分类：同人,短篇,非人類
                                   章节数：1
                                   最后更新时间：2018-01-12T04:11:05.940Z
                                   =================================================
2026-06-04 01:49:17 - mkk_pika - database.py:101 - INFO - 保存成功：(C92) ジュウカンライブ!サンシャイン!!2 (ラブライブ!サンシャイン!!)
2026-06-04 01:49:17 - mkk_pika - main.py:35 - INFO - 开始检查(C92) サキュバスヴィーネお姉ちゃんと甘々せっくす (ガヴリールドロップアウト) 是否存在未下载章节
2026-06-04 01:49:17 - mkk_pika - main.py:45 - INFO - 正在下载:[(C92) サキュバスヴィーネお姉ちゃんと甘々せっくす (ガヴリールドロップアウト) ]-[2発しか当たらない (水洗トイレ)]-[['同人', '短篇', '姐姐系', '純愛']]-[total_pages:22]
2026-06-04 01:49:17 - mkk_pika - main.py:49 - INFO - [{'_id': '5a583571d8f960149f72b331', 'title': '第1集', 'order': 1, 'updated_at': '2018-01-11T14:27:42.403Z', 'id': '5a583571d8f960149f72b331'}]
2026-06-04 01:49:17 - mkk_pika - database.py:215 - INFO - 第一次下载该漫画，记录数据库中
2026-06-04 01:49:18 - mkk_pika - main.py:83 - INFO - 找到 22 张图片在:第1集
2026-06-04 01:49:19 - mkk_pika - main.py:112 - INFO - [episode:第1集       ] downloaded:    22, total:  22, progress:100%
2026-06-04 01:49:19 - mkk_pika - database.py:238 - INFO - 数据库更新已下载章节
2026-06-04 01:49:19 - mkk_pika - database.py:244 - INFO - 该漫画已下载章节如下
2026-06-04 01:49:19 - mkk_pika - database.py:245 - INFO - ['第1集']
2026-06-04 01:49:20 - mkk_pika - main.py:348 - INFO - ==================== 漫画信息 ====================
                                   漫画ID：5a583571d8f960149f72b330
                                   标题：(C92) サキュバスヴィーネお姉ちゃんと甘々せっくす (ガヴリールドロップアウト) 
                                   作者：2発しか当たらない (水洗トイレ)
                                   是否完结：是
                                   总页数：22
                                   分类：同人,短篇,姐姐系,純愛
                                   章节数：1
                                   最后更新时间：2018-01-12T04:11:29.502Z
                                   =================================================
2026-06-04 01:49:20 - mkk_pika - database.py:101 - INFO - 保存成功：(C92) サキュバスヴィーネお姉ちゃんと甘々せっくす (ガヴリールドロップアウト) 
2026-06-04 01:49:20 - mkk_pika - main.py:35 - INFO - 开始检查犯され系少女メイナ 触手編是否存在未下载章节
2026-06-04 01:49:20 - mkk_pika - main.py:45 - INFO - 正在下载:[犯され系少女メイナ 触手編]-[プリン海ヨーグルト (ちり)]-[['全彩', '短篇', '扶他樂園', '非人類']]-[total_pages:19]
2026-06-04 01:49:20 - mkk_pika - main.py:49 - INFO - [{'_id': '5a5835a81edd3f146f089ced', 'title': '第1集', 'order': 1, 'updated_at': '2018-01-11T15:59:36.462Z', 'id': '5a5835a81edd3f146f089ced'}]
2026-06-04 01:49:20 - mkk_pika - database.py:215 - INFO - 第一次下载该漫画，记录数据库中
2026-06-04 01:49:21 - mkk_pika - main.py:83 - INFO - 找到 19 张图片在:第1集
2026-06-04 01:49:22 - mkk_pika - main.py:112 - INFO - [episode:第1集       ] downloaded:    19, total:  19, progress:100%
2026-06-04 01:49:22 - mkk_pika - database.py:238 - INFO - 数据库更新已下载章节
2026-06-04 01:49:22 - mkk_pika - database.py:244 - INFO - 该漫画已下载章节如下
2026-06-04 01:49:22 - mkk_pika - database.py:245 - INFO - ['第1集']
2026-06-04 01:49:23 - mkk_pika - main.py:348 - INFO - ==================== 漫画信息 ====================
                                   漫画ID：5a5835a81edd3f146f089cec
                                   标题：犯され系少女メイナ 触手編
                                   作者：プリン海ヨーグルト (ちり)
                                   是否完结：是
                                   总页数：19
                                   分类：全彩,短篇,扶他樂園,非人類
                                   章节数：1
                                   最后更新时间：2018-01-12T04:12:24.763Z
                                   =================================================
2026-06-04 01:49:23 - mkk_pika - database.py:101 - INFO - 保存成功：犯され系少女メイナ 触手編
2026-06-04 01:49:23 - mkk_pika - main.py:35 - INFO - 开始检查(C93) #アイちゃんぐうかわ (キズナアイ)是否存在未下载章节
2026-06-04 01:49:23 - mkk_pika - main.py:45 - INFO - 正在下载:[(C93) #アイちゃんぐうかわ (キズナアイ)]-[ロリの宴 (四万十川)]-[['短篇', '同人']]-[total_pages:20]
2026-06-04 01:49:23 - mkk_pika - main.py:49 - INFO - [{'_id': '5a5835ced8f960149f72b34a', 'title': '第1集', 'order': 1, 'updated_at': '2018-01-11T17:08:33.914Z', 'id': '5a5835ced8f960149f72b34a'}]
2026-06-04 01:49:23 - mkk_pika - database.py:215 - INFO - 第一次下载该漫画，记录数据库中
2026-06-04 01:49:24 - mkk_pika - main.py:83 - INFO - 找到 20 张图片在:第1集
2026-06-04 01:49:25 - mkk_pika - main.py:112 - INFO - [episode:第1集       ] downloaded:    20, total:  20, progress:100%
2026-06-04 01:49:25 - mkk_pika - database.py:238 - INFO - 数据库更新已下载章节
2026-06-04 01:49:25 - mkk_pika - database.py:244 - INFO - 该漫画已下载章节如下
2026-06-04 01:49:25 - mkk_pika - database.py:245 - INFO - ['第1集']
2026-06-04 01:49:26 - mkk_pika - main.py:348 - INFO - ==================== 漫画信息 ====================
                                   漫画ID：5a5835ced8f960149f72b349
                                   标题：(C93) #アイちゃんぐうかわ (キズナアイ)
                                   作者：ロリの宴 (四万十川)
                                   是否完结：是
                                   总页数：20
                                   分类：短篇,同人
                                   章节数：1
                                   最后更新时间：2018-01-12T04:13:02.176Z
                                   =================================================
2026-06-04 01:49:26 - mkk_pika - database.py:101 - INFO - 保存成功：(C93) #アイちゃんぐうかわ (キズナアイ)
2026-06-04 01:49:26 - mkk_pika - main.py:35 - INFO - 开始检查(C93) 陽菜乃先生は僕の彼女 (オリジナル) [MJK-18-T902]是否存在未下载章节
2026-06-04 01:49:26 - mkk_pika - main.py:45 - INFO - 正在下载:[(C93) 陽菜乃先生は僕の彼女 (オリジナル) [MJK-18-T902]]-[ P：P (おりょう)]-[['短篇', '純愛']]-[total_pages:26]
2026-06-04 01:49:26 - mkk_pika - main.py:49 - INFO - [{'_id': '5a5835ddb9497e2f140f55fc', 'title': '第1集', 'order': 1, 'updated_at': '2018-01-11T17:16:22.927Z', 'id': '5a5835ddb9497e2f140f55fc'}]
2026-06-04 01:49:26 - mkk_pika - database.py:215 - INFO - 第一次下载该漫画，记录数据库中
2026-06-04 01:49:27 - mkk_pika - main.py:83 - INFO - 找到 26 张图片在:第1集
2026-06-04 01:49:28 - mkk_pika - main.py:112 - INFO - [episode:第1集       ] downloaded:    26, total:  26, progress:100%
2026-06-04 01:49:28 - mkk_pika - database.py:238 - INFO - 数据库更新已下载章节
2026-06-04 01:49:28 - mkk_pika - database.py:244 - INFO - 该漫画已下载章节如下
2026-06-04 01:49:28 - mkk_pika - database.py:245 - INFO - ['第1集']
2026-06-04 01:49:29 - mkk_pika - main.py:348 - INFO - ==================== 漫画信息 ====================
                                   漫画ID：5a5835ddb9497e2f140f55fb
                                   标题：(C93) 陽菜乃先生は僕の彼女 (オリジナル) [MJK-18-T902]
                                   作者： P：P (おりょう)
                                   是否完结：是
                                   总页数：26
                                   分类：短篇,純愛
                                   章节数：1
                                   最后更新时间：2018-01-12T04:13:17.016Z
                                   =================================================
2026-06-04 01:49:29 - mkk_pika - database.py:101 - INFO - 保存成功：(C93) 陽菜乃先生は僕の彼女 (オリジナル) [MJK-18-T902]
2026-06-04 01:49:29 - mkk_pika - main.py:35 - INFO - 开始检查(C93)聖女の禁断果実 (Fate Apocrypha)是否存在未下载章节
2026-06-04 01:49:30 - mkk_pika - main.py:45 - INFO - 正在下载:[(C93)聖女の禁断果実 (Fate Apocrypha)]-[ AOKIHOSHI (全紅白子)]-[['短篇', '同人', 'Fate']]-[total_pages:28]
2026-06-04 01:49:30 - mkk_pika - main.py:49 - INFO - [{'_id': '5a5a41fa464f852b709c6f61', 'title': '第1集', 'order': 1, 'updated_at': '2018-01-11T17:24:00.563Z', 'id': '5a5a41fa464f852b709c6f61'}]
2026-06-04 01:49:30 - mkk_pika - database.py:215 - INFO - 第一次下载该漫画，记录数据库中
2026-06-04 01:49:30 - mkk_pika - main.py:83 - INFO - 找到 28 张图片在:第1集
2026-06-04 01:49:32 - mkk_pika - main.py:112 - INFO - [episode:第1集       ] downloaded:    28, total:  28, progress:100%
2026-06-04 01:49:32 - mkk_pika - database.py:238 - INFO - 数据库更新已下载章节
2026-06-04 01:49:32 - mkk_pika - database.py:244 - INFO - 该漫画已下载章节如下
2026-06-04 01:49:32 - mkk_pika - database.py:245 - INFO - ['第1集']
2026-06-04 01:49:33 - mkk_pika - main.py:348 - INFO - ==================== 漫画信息 ====================
                                   漫画ID：5a5a41fa464f852b709c6f60
                                   标题：(C93)聖女の禁断果実 (Fate Apocrypha)
                                   作者： AOKIHOSHI (全紅白子)
                                   是否完结：是
                                   总页数：28
                                   分类：短篇,同人,Fate
                                   章节数：1
                                   最后更新时间：2018-01-13T17:29:30.842Z
                                   =================================================
2026-06-04 01:49:33 - mkk_pika - database.py:101 - INFO - 保存成功：(C93)聖女の禁断果実 (Fate Apocrypha)
2026-06-04 01:49:33 - mkk_pika - main.py:35 - INFO - 开始检查グラーフおっぱいいただきます!是否存在未下载章节
2026-06-04 01:49:33 - mkk_pika - main.py:45 - INFO - 正在下载:[グラーフおっぱいいただきます!]-[ビルドテツ (二宮仁巳)]-[['短篇', '艦隊收藏']]-[total_pages:29]
2026-06-04 01:49:33 - mkk_pika - main.py:49 - INFO - [{'_id': '5a5a421ee3993a6eb7d8072f', 'title': '第1集', 'order': 1, 'updated_at': '2018-01-09T07:40:39.644Z', 'id': '5a5a421ee3993a6eb7d8072f'}]
2026-06-04 01:49:33 - mkk_pika - database.py:215 - INFO - 第一次下载该漫画，记录数据库中
2026-06-04 01:49:34 - mkk_pika - main.py:83 - INFO - 找到 29 张图片在:第1集
2026-06-04 01:49:35 - mkk_pika - main.py:112 - INFO - [episode:第1集       ] downloaded:    29, total:  29, progress:100%
2026-06-04 01:49:35 - mkk_pika - database.py:238 - INFO - 数据库更新已下载章节
2026-06-04 01:49:35 - mkk_pika - database.py:244 - INFO - 该漫画已下载章节如下
2026-06-04 01:49:35 - mkk_pika - database.py:245 - INFO - ['第1集']
2026-06-04 01:49:36 - mkk_pika - main.py:348 - INFO - ==================== 漫画信息 ====================
                                   漫画ID：5a5a421ee3993a6eb7d8072e
                                   标题：グラーフおっぱいいただきます!
                                   作者：ビルドテツ (二宮仁巳)
                                   是否完结：否
                                   总页数：29
                                   分类：短篇,艦隊收藏
                                   章节数：1
                                   最后更新时间：2018-01-13T17:30:06.750Z
                                   =================================================
2026-06-04 01:49:36 - mkk_pika - database.py:101 - INFO - 保存成功：グラーフおっぱいいただきます!
2026-06-04 01:49:36 - mkk_pika - main.py:35 - INFO - 开始检查(C92) ベストフレンドセックス (ご注文はうさぎですか-)是否存在未下载章节
2026-06-04 01:49:37 - mkk_pika - main.py:45 - INFO - 正在下载:[(C92) ベストフレンドセックス (ご注文はうさぎですか-)]-[14 (でこちんハンマー)]-[['短篇', '同人', '扶他樂園']]-[total_pages:27]
2026-06-04 01:49:37 - mkk_pika - main.py:49 - INFO - [{'_id': '5a5a42449dd4ff551a13e1f1', 'title': '第1集', 'order': 1, 'updated_at': '2018-01-12T07:41:39.093Z', 'id': '5a5a42449dd4ff551a13e1f1'}]
2026-06-04 01:49:37 - mkk_pika - database.py:215 - INFO - 第一次下载该漫画，记录数据库中
2026-06-04 01:49:37 - mkk_pika - main.py:83 - INFO - 找到 27 张图片在:第1集
2026-06-04 01:49:41 - mkk_pika - main.py:112 - INFO - [episode:第1集       ] downloaded:    27, total:  27, progress:100%
2026-06-04 01:49:41 - mkk_pika - database.py:238 - INFO - 数据库更新已下载章节
2026-06-04 01:49:41 - mkk_pika - database.py:244 - INFO - 该漫画已下载章节如下
2026-06-04 01:49:41 - mkk_pika - database.py:245 - INFO - ['第1集']
2026-06-04 01:49:42 - mkk_pika - main.py:348 - INFO - ==================== 漫画信息 ====================
                                   漫画ID：5a5a42449dd4ff551a13e1f0
                                   标题：(C92) ベストフレンドセックス (ご注文はうさぎですか-)
                                   作者：14 (でこちんハンマー)
                                   是否完结：是
                                   总页数：27
                                   分类：短篇,同人,扶他樂園
                                   章节数：1
                                   最后更新时间：2018-01-13T17:30:44.730Z
                                   =================================================
2026-06-04 01:49:42 - mkk_pika - database.py:101 - INFO - 保存成功：(C92) ベストフレンドセックス (ご注文はうさぎですか-)
2026-06-04 01:49:42 - mkk_pika - main.py:35 - INFO - 开始检查(C92)  ジャンヌとエッチなことがしてみたい！是否存在未下载章节
2026-06-04 01:49:42 - mkk_pika - main.py:45 - INFO - 正在下载:[(C92)  ジャンヌとエッチなことがしてみたい！]-[友毒屋 (友吉)]-[['同人', '短篇', 'Fate', '後宮閃光', '百合花園']]-[total_pages:14]
2026-06-04 01:49:42 - mkk_pika - main.py:49 - INFO - [{'_id': '5a5a424dc30ece6ed224f1c8', 'title': '第1集', 'order': 1, 'updated_at': '2018-01-12T07:54:29.846Z', 'id': '5a5a424dc30ece6ed224f1c8'}]
2026-06-04 01:49:42 - mkk_pika - database.py:215 - INFO - 第一次下载该漫画，记录数据库中
2026-06-04 01:49:43 - mkk_pika - main.py:83 - INFO - 找到 14 张图片在:第1集
2026-06-04 01:49:43 - mkk_pika - main.py:112 - INFO - [episode:第1集       ] downloaded:    14, total:  14, progress:100%
2026-06-04 01:49:43 - mkk_pika - database.py:238 - INFO - 数据库更新已下载章节
2026-06-04 01:49:43 - mkk_pika - database.py:244 - INFO - 该漫画已下载章节如下
2026-06-04 01:49:43 - mkk_pika - database.py:245 - INFO - ['第1集']
2026-06-04 01:49:45 - mkk_pika - main.py:348 - INFO - ==================== 漫画信息 ====================
                                   漫画ID：5a5a424dc30ece6ed224f1c7
                                   标题：(C92)  ジャンヌとエッチなことがしてみたい！
                                   作者：友毒屋 (友吉)
                                   是否完结：是
                                   总页数：14
                                   分类：同人,短篇,Fate,後宮閃光,百合花園
                                   章节数：1
                                   最后更新时间：2018-01-13T17:30:53.294Z
                                   =================================================
2026-06-04 01:49:45 - mkk_pika - database.py:101 - INFO - 保存成功：(C92)  ジャンヌとエッチなことがしてみたい！
2026-06-04 01:49:45 - mkk_pika - main.py:35 - INFO - 开始检查(C92) お付き合いはじめました (ラブライブ!)是否存在未下载章节
2026-06-04 01:49:45 - mkk_pika - main.py:45 - INFO - 正在下载:[(C92) お付き合いはじめました (ラブライブ!)]-[スイートピー (大島智)]-[['同人', '短篇', '純愛', '百合花園']]-[total_pages:10]
2026-06-04 01:49:45 - mkk_pika - main.py:49 - INFO - [{'_id': '5a5a428486fddc6e849c2ec8', 'title': '第1集', 'order': 1, 'updated_at': '2018-01-12T08:00:49.798Z', 'id': '5a5a428486fddc6e849c2ec8'}]
2026-06-04 01:49:45 - mkk_pika - database.py:215 - INFO - 第一次下载该漫画，记录数据库中
2026-06-04 01:49:45 - mkk_pika - main.py:83 - INFO - 找到 10 张图片在:第1集
2026-06-04 01:49:46 - mkk_pika - main.py:112 - INFO - [episode:第1集       ] downloaded:    10, total:  10, progress:100%
2026-06-04 01:49:46 - mkk_pika - database.py:238 - INFO - 数据库更新已下载章节
2026-06-04 01:49:46 - mkk_pika - database.py:244 - INFO - 该漫画已下载章节如下
2026-06-04 01:49:46 - mkk_pika - database.py:245 - INFO - ['第1集']
2026-06-04 01:49:47 - mkk_pika - main.py:348 - INFO - ==================== 漫画信息 ====================
                                   漫画ID：5a5a428486fddc6e849c2ec7
                                   标题：(C92) お付き合いはじめました (ラブライブ!)
                                   作者：スイートピー (大島智)
                                   是否完结：是
                                   总页数：10
                                   分类：同人,短篇,純愛,百合花園
                                   章节数：1
                                   最后更新时间：2018-01-13T17:31:48.325Z
                                   =================================================
2026-06-04 01:49:47 - mkk_pika - database.py:101 - INFO - 保存成功：(C92) お付き合いはじめました (ラブライブ!)
2026-06-04 01:49:47 - mkk_pika - main.py:35 - INFO - 开始检查(C92)  Ellie'Summer!! (ラブライブ!)是否存在未下载章节
2026-06-04 01:49:48 - mkk_pika - main.py:45 - INFO - 正在下载:[(C92)  Ellie'Summer!! (ラブライブ!)]-[布の家 (むーんらいと)]-[['短篇', '同人', '純愛']]-[total_pages:22]
2026-06-04 01:49:48 - mkk_pika - main.py:49 - INFO - [{'_id': '5a5a42b7c30ece6ed224f1d8', 'title': '第1集', 'order': 1, 'updated_at': '2018-01-12T17:23:48.059Z', 'id': '5a5a42b7c30ece6ed224f1d8'}]
2026-06-04 01:49:48 - mkk_pika - database.py:215 - INFO - 第一次下载该漫画，记录数据库中
2026-06-04 01:49:48 - mkk_pika - main.py:83 - INFO - 找到 22 张图片在:第1集
2026-06-04 01:49:49 - mkk_pika - main.py:112 - INFO - [episode:第1集       ] downloaded:    22, total:  22, progress:100%
2026-06-04 01:49:49 - mkk_pika - database.py:238 - INFO - 数据库更新已下载章节
2026-06-04 01:49:49 - mkk_pika - database.py:244 - INFO - 该漫画已下载章节如下
2026-06-04 01:49:49 - mkk_pika - database.py:245 - INFO - ['第1集']
2026-06-04 01:49:50 - mkk_pika - main.py:348 - INFO - ==================== 漫画信息 ====================
                                   漫画ID：5a5a42b7c30ece6ed224f1d7
                                   标题：(C92)  Ellie'Summer!! (ラブライブ!)
                                   作者：布の家 (むーんらいと)
                                   是否完结：是
                                   总页数：22
                                   分类：短篇,同人,純愛
                                   章节数：1
                                   最后更新时间：2018-01-13T17:32:39.663Z
                                   =================================================
2026-06-04 01:49:50 - mkk_pika - database.py:101 - INFO - 保存成功：(C92)  Ellie'Summer!! (ラブライブ!)
2026-06-04 01:49:50 - mkk_pika - main.py:35 - INFO - 开始检查Sweet Paradise (Pokémon Sun and Moon)是否存在未下载章节
2026-06-04 01:49:51 - mkk_pika - main.py:45 - INFO - 正在下载:[Sweet Paradise (Pokémon Sun and Moon)]-[ダイナミック棺桶 (ダイナキシン)]-[['同人', '短篇', '強暴', '人妻']]-[total_pages:33]
2026-06-04 01:49:51 - mkk_pika - main.py:49 - INFO - [{'_id': '5a5a42d49dd4ff551a13e212', 'title': '第1集', 'order': 1, 'updated_at': '2018-01-13T16:35:17.532Z', 'id': '5a5a42d49dd4ff551a13e212'}]
2026-06-04 01:49:51 - mkk_pika - database.py:215 - INFO - 第一次下载该漫画，记录数据库中
2026-06-04 01:49:51 - mkk_pika - main.py:83 - INFO - 找到 33 张图片在:第1集
2026-06-04 01:49:53 - mkk_pika - main.py:112 - INFO - [episode:第1集       ] downloaded:    33, total:  33, progress:100%
2026-06-04 01:49:53 - mkk_pika - database.py:238 - INFO - 数据库更新已下载章节
2026-06-04 01:49:53 - mkk_pika - database.py:244 - INFO - 该漫画已下载章节如下
2026-06-04 01:49:53 - mkk_pika - database.py:245 - INFO - ['第1集']
2026-06-04 01:49:54 - mkk_pika - main.py:348 - INFO - ==================== 漫画信息 ====================
                                   漫画ID：5a5a42d49dd4ff551a13e211
                                   标题：Sweet Paradise (Pokémon Sun and Moon)
                                   作者：ダイナミック棺桶 (ダイナキシン)
                                   是否完结：是
                                   总页数：33
                                   分类：同人,短篇,強暴,人妻
                                   章节数：1
                                   最后更新时间：2018-01-13T17:33:08.057Z
                                   =================================================
2026-06-04 01:49:54 - mkk_pika - database.py:101 - INFO - 保存成功：Sweet Paradise (Pokémon Sun and Moon)
2026-06-04 01:49:54 - mkk_pika - main.py:35 - INFO - 开始检查絶望の天使さま | 絕望的天使是否存在未下载章节
2026-06-04 01:49:54 - mkk_pika - main.py:45 - INFO - 正在下载:[絶望の天使さま | 絕望的天使]-[春日まゆ]-[['長篇']]-[total_pages:221]
2026-06-04 01:49:54 - mkk_pika - main.py:49 - INFO - [{'_id': '5a5a43610f17f055129decc8', 'title': '第1集', 'order': 1, 'updated_at': '2018-01-19T06:27:27.615Z', 'id': '5a5a43610f17f055129decc8'}]
2026-06-04 01:49:54 - mkk_pika - database.py:215 - INFO - 第一次下载该漫画，记录数据库中
2026-06-04 01:49:56 - mkk_pika - main.py:83 - INFO - 找到 221 张图片在:第1集
2026-06-04 01:50:07 - mkk_pika - main.py:112 - INFO - [episode:第1集       ] downloaded:   221, total: 221, progress:100%
2026-06-04 01:50:07 - mkk_pika - database.py:238 - INFO - 数据库更新已下载章节
2026-06-04 01:50:07 - mkk_pika - database.py:244 - INFO - 该漫画已下载章节如下
2026-06-04 01:50:07 - mkk_pika - database.py:245 - INFO - ['第1集']
2026-06-04 01:50:08 - mkk_pika - main.py:348 - INFO - ==================== 漫画信息 ====================
                                   漫画ID：5a5a43610f17f055129decc7
                                   标题：絶望の天使さま | 絕望的天使
                                   作者：春日まゆ
                                   是否完结：是
                                   总页数：221
                                   分类：長篇
                                   章节数：1
                                   最后更新时间：2018-01-13T17:35:29.375Z
                                   =================================================
2026-06-04 01:50:08 - mkk_pika - database.py:101 - INFO - 保存成功：絶望の天使さま | 絕望的天使
2026-06-04 01:50:08 - mkk_pika - main.py:35 - INFO - 开始检查(C93)精子監獄 フタナリ矯 正自慰調教 (オリジナル)是否存在未下载章节
2026-06-04 01:50:08 - mkk_pika - main.py:45 - INFO - 正在下载:[(C93)精子監獄 フタナリ矯 正自慰調教 (オリジナル)]-[ MISS BLACK OFFLINE (MISS BLACK)]-[['短篇', '扶他樂園']]-[total_pages:33]
2026-06-04 01:50:08 - mkk_pika - main.py:49 - INFO - [{'_id': '5a5a43955f426a5551490f69', 'title': '第1集', 'order': 1, 'updated_at': '2018-01-13T03:49:56.203Z', 'id': '5a5a43955f426a5551490f69'}]
2026-06-04 01:50:08 - mkk_pika - database.py:215 - INFO - 第一次下载该漫画，记录数据库中
2026-06-04 01:50:09 - mkk_pika - main.py:83 - INFO - 找到 33 张图片在:第1集
2026-06-04 01:50:10 - mkk_pika - main.py:112 - INFO - [episode:第1集       ] downloaded:    33, total:  33, progress:100%
2026-06-04 01:50:10 - mkk_pika - database.py:238 - INFO - 数据库更新已下载章节
2026-06-04 01:50:10 - mkk_pika - database.py:244 - INFO - 该漫画已下载章节如下
2026-06-04 01:50:10 - mkk_pika - database.py:245 - INFO - ['第1集']
2026-06-04 01:50:12 - mkk_pika - main.py:348 - INFO - ==================== 漫画信息 ====================
                                   漫画ID：5a5a43945f426a5551490f68
                                   标题：(C93)精子監獄 フタナリ矯 正自慰調教 (オリジナル)
                                   作者： MISS BLACK OFFLINE (MISS BLACK)
                                   是否完结：是
                                   总页数：33
                                   分类：短篇,扶他樂園
                                   章节数：1
                                   最后更新时间：2018-01-13T17:36:20.997Z
                                   =================================================
2026-06-04 01:50:12 - mkk_pika - database.py:101 - INFO - 保存成功：(C93)精子監獄 フタナリ矯 正自慰調教 (オリジナル)
2026-06-04 01:50:12 - mkk_pika - main.py:35 - INFO - 开始检查(C92)鹿島と❤たくさん❤シコシコピュッピュ❤(艦隊これくしょん -艦これ-)是否存在未下载章节
2026-06-04 01:50:12 - mkk_pika - main.py:45 - INFO - 正在下载:[(C92)鹿島と❤たくさん❤シコシコピュッピュ❤(艦隊これくしょん -艦これ-)]-[伊東ライフ]-[['短篇', '同人', '艦隊收藏']]-[total_pages:35]
2026-06-04 01:50:12 - mkk_pika - main.py:49 - INFO - [{'_id': '5a5b33eae2babe2b39c95511', 'title': '第1集', 'order': 1, 'updated_at': '2018-01-13T01:55:53.680Z', 'id': '5a5b33eae2babe2b39c95511'}]
2026-06-04 01:50:12 - mkk_pika - database.py:215 - INFO - 第一次下载该漫画，记录数据库中
2026-06-04 01:50:12 - mkk_pika - main.py:83 - INFO - 找到 35 张图片在:第1集
2026-06-04 01:50:14 - mkk_pika - main.py:112 - INFO - [episode:第1集       ] downloaded:    35, total:  35, progress:100%
2026-06-04 01:50:14 - mkk_pika - database.py:238 - INFO - 数据库更新已下载章节
2026-06-04 01:50:14 - mkk_pika - database.py:244 - INFO - 该漫画已下载章节如下
2026-06-04 01:50:14 - mkk_pika - database.py:245 - INFO - ['第1集']
2026-06-04 01:50:16 - mkk_pika - main.py:348 - INFO - ==================== 漫画信息 ====================
                                   漫画ID：5a5b33eae2babe2b39c95510
                                   标题：(C92)鹿島と❤たくさん❤シコシコピュッピュ❤(艦隊これくしょん -艦これ-)
                                   作者：伊東ライフ
                                   是否完结：是
                                   总页数：35
                                   分类：短篇,同人,艦隊收藏
                                   章节数：1
                                   最后更新时间：2018-01-14T10:41:46.914Z
                                   =================================================
2026-06-04 01:50:16 - mkk_pika - database.py:101 - INFO - 保存成功：(C92)鹿島と❤たくさん❤シコシコピュッピュ❤(艦隊これくしょん -艦これ-)
2026-06-04 01:50:16 - mkk_pika - main.py:35 - INFO - 开始检查(C92) 恋語り相思相愛 (エロマンガ先生)是否存在未下载章节
2026-06-04 01:50:16 - mkk_pika - main.py:45 - INFO - 正在下载:[(C92) 恋語り相思相愛 (エロマンガ先生)]-[ももきゅー (しらたまよもぎ)]-[['同人', '短篇']]-[total_pages:26]
2026-06-04 01:50:16 - mkk_pika - main.py:49 - INFO - [{'_id': '5a5b343cb8b1b655491a9ab7', 'title': '一抹多~~~', 'order': 1, 'updated_at': '2018-01-13T12:45:15.970Z', 'id': '5a5b343cb8b1b655491a9ab7'}]
2026-06-04 01:50:16 - mkk_pika - database.py:215 - INFO - 第一次下载该漫画，记录数据库中
2026-06-04 01:50:16 - mkk_pika - main.py:83 - INFO - 找到 26 张图片在:一抹多~~~
2026-06-04 01:50:18 - mkk_pika - main.py:112 - INFO - [episode:一抹多~~~    ] downloaded:    26, total:  26, progress:100%
2026-06-04 01:50:18 - mkk_pika - database.py:238 - INFO - 数据库更新已下载章节
2026-06-04 01:50:18 - mkk_pika - database.py:244 - INFO - 该漫画已下载章节如下
2026-06-04 01:50:18 - mkk_pika - database.py:245 - INFO - ['一抹多~~~']
2026-06-04 01:50:19 - mkk_pika - main.py:348 - INFO - ==================== 漫画信息 ====================
                                   漫画ID：5a5b343cb8b1b655491a9ab6
                                   标题：(C92) 恋語り相思相愛 (エロマンガ先生)
                                   作者：ももきゅー (しらたまよもぎ)
                                   是否完结：是
                                   总页数：26
                                   分类：同人,短篇
                                   章节数：1
                                   最后更新时间：2018-01-14T10:43:08.930Z
                                   =================================================
2026-06-04 01:50:19 - mkk_pika - database.py:101 - INFO - 保存成功：(C92) 恋語り相思相愛 (エロマンガ先生)
2026-06-04 01:50:19 - mkk_pika - main.py:35 - INFO - 开始检查 (C91) うみトレ!海美といっしょに軟体セクセサイズ! (アイドルマスターミリオンライブ!) 是否存在未下载章节
2026-06-04 01:50:19 - mkk_pika - main.py:45 - INFO - 正在下载:[ (C91) うみトレ!海美といっしょに軟体セクセサイズ! (アイドルマスターミリオンライブ!) ]-[Grace (よこやまなおき)]-[['同人', '短篇', 'Love Live']]-[total_pages:37]
2026-06-04 01:50:19 - mkk_pika - main.py:49 - INFO - [{'_id': '5a5b344db8b1b655491a9ad4', 'title': '第1集', 'order': 1, 'updated_at': '2018-01-12T16:57:36.959Z', 'id': '5a5b344db8b1b655491a9ad4'}]
2026-06-04 01:50:19 - mkk_pika - database.py:215 - INFO - 第一次下载该漫画，记录数据库中
2026-06-04 01:50:20 - mkk_pika - main.py:83 - INFO - 找到 37 张图片在:第1集
2026-06-04 01:50:22 - mkk_pika - main.py:112 - INFO - [episode:第1集       ] downloaded:    37, total:  37, progress:100%
2026-06-04 01:50:22 - mkk_pika - database.py:238 - INFO - 数据库更新已下载章节
2026-06-04 01:50:22 - mkk_pika - database.py:244 - INFO - 该漫画已下载章节如下
2026-06-04 01:50:22 - mkk_pika - database.py:245 - INFO - ['第1集']
2026-06-04 01:50:23 - mkk_pika - main.py:348 - INFO - ==================== 漫画信息 ====================
                                   漫画ID：5a5b344db8b1b655491a9ad3
                                   标题： (C91) うみトレ!海美といっしょに軟体セクセサイズ! (アイドルマスターミリオンライブ!) 
                                   作者：Grace (よこやまなおき)
                                   是否完结：是
                                   总页数：37
                                   分类：同人,短篇,Love Live
                                   章节数：1
                                   最后更新时间：2018-01-14T10:43:25.063Z
                                   =================================================
2026-06-04 01:50:23 - mkk_pika - database.py:101 - INFO - 保存成功： (C91) うみトレ!海美といっしょに軟体セクセサイズ! (アイドルマスターミリオンライブ!) 
2026-06-04 01:50:23 - mkk_pika - main.py:35 - INFO - 开始检查(C93) 鬼の棲む家・弐是否存在未下载章节
2026-06-04 01:50:23 - mkk_pika - main.py:45 - INFO - 正在下载:[(C93) 鬼の棲む家・弐]-[おぶまんじゅう (obmas)]-[['短篇']]-[total_pages:39]
2026-06-04 01:50:23 - mkk_pika - main.py:49 - INFO - [{'_id': '5a5b345f464f852b709c721b', 'title': '日了鬼了~', 'order': 1, 'updated_at': '2018-01-12T18:57:54.264Z', 'id': '5a5b345f464f852b709c721b'}]
2026-06-04 01:50:23 - mkk_pika - database.py:215 - INFO - 第一次下载该漫画，记录数据库中
2026-06-04 01:50:24 - mkk_pika - main.py:83 - INFO - 找到 39 张图片在:日了鬼了~
2026-06-04 01:50:25 - mkk_pika - main.py:112 - INFO - [episode:日了鬼了~     ] downloaded:    39, total:  39, progress:100%
2026-06-04 01:50:25 - mkk_pika - database.py:238 - INFO - 数据库更新已下载章节
2026-06-04 01:50:25 - mkk_pika - database.py:244 - INFO - 该漫画已下载章节如下
2026-06-04 01:50:25 - mkk_pika - database.py:245 - INFO - ['日了鬼了~']
2026-06-04 01:50:27 - mkk_pika - main.py:348 - INFO - ==================== 漫画信息 ====================
                                   漫画ID：5a5b345f464f852b709c721a
                                   标题：(C93) 鬼の棲む家・弐
                                   作者：おぶまんじゅう (obmas)
                                   是否完结：否
                                   总页数：39
                                   分类：短篇
                                   章节数：1
                                   最后更新时间：2018-01-14T10:43:43.349Z
                                   =================================================
2026-06-04 01:50:27 - mkk_pika - database.py:101 - INFO - 保存成功：(C93) 鬼の棲む家・弐
2026-06-04 01:50:27 - mkk_pika - main.py:35 - INFO - 开始检查夏汁（全6話 + 番外編）是否存在未下载章节
2026-06-04 01:50:27 - mkk_pika - main.py:45 - INFO - 正在下载:[夏汁（全6話 + 番外編）]-[瀬奈陽太郎]-[['長篇', '純愛', '後宮閃光']]-[total_pages:143]
2026-06-04 01:50:27 - mkk_pika - main.py:49 - INFO - [{'_id': '5a5b34920f17f055129df07c', 'title': '第1话', 'order': 1, 'updated_at': '2018-01-12T17:31:32.841Z', 'id': '5a5b34920f17f055129df07c'}, {'_id': '5a5b34920f17f055129df07d', 'title': '第2集', 'order': 2, 'updated_at': '2018-01-12T17:34:44.734Z', 'id': '5a5b34920f17f055129df07d'}, {'_id': '5a5b34920f17f055129df07e', 'title': '第3集', 'order': 3, 'updated_at': '2018-01-12T17:43:39.912Z', 'id': '5a5b34920f17f055129df07e'}, {'_id': '5a5b34920f17f055129df07f', 'title': '第4集', 'order': 4, 'updated_at': '2018-01-12T17:48:27.671Z', 'id': '5a5b34920f17f055129df07f'}, {'_id': '5a5b34920f17f055129df080', 'title': '第5集', 'order': 5, 'updated_at': '2018-01-12T17:57:35.704Z', 'id': '5a5b34920f17f055129df080'}, {'_id': '5a5b34920f17f055129df081', 'title': '第6集', 'order': 6, 'updated_at': '2018-01-12T17:59:41.791Z', 'id': '5a5b34920f17f055129df081'}, {'_id': '5a5b34920f17f055129df082', 'title': '番外', 'order': 7, 'updated_at': '2018-01-12T18:00:34.681Z', 'id': '5a5b34920f17f055129df082'}]
2026-06-04 01:50:27 - mkk_pika - database.py:215 - INFO - 第一次下载该漫画，记录数据库中
2026-06-04 01:50:27 - mkk_pika - main.py:83 - INFO - 找到 21 张图片在:第1话
2026-06-04 01:50:28 - mkk_pika - main.py:112 - INFO - [episode:第1话       ] downloaded:    21, total:  21, progress:100%
2026-06-04 01:50:28 - mkk_pika - database.py:238 - INFO - 数据库更新已下载章节
2026-06-04 01:50:28 - mkk_pika - database.py:244 - INFO - 该漫画已下载章节如下
2026-06-04 01:50:28 - mkk_pika - database.py:245 - INFO - ['第1话']
2026-06-04 01:50:30 - mkk_pika - main.py:83 - INFO - 找到 20 张图片在:第2集
2026-06-04 01:50:31 - mkk_pika - main.py:112 - INFO - [episode:第2集       ] downloaded:    20, total:  20, progress:100%
2026-06-04 01:50:31 - mkk_pika - database.py:238 - INFO - 数据库更新已下载章节
2026-06-04 01:50:31 - mkk_pika - database.py:244 - INFO - 该漫画已下载章节如下
2026-06-04 01:50:31 - mkk_pika - database.py:245 - INFO - ['第1话', '第2集']
2026-06-04 01:50:33 - mkk_pika - main.py:83 - INFO - 找到 20 张图片在:第3集
2026-06-04 01:50:34 - mkk_pika - main.py:112 - INFO - [episode:第3集       ] downloaded:    20, total:  20, progress:100%
2026-06-04 01:50:34 - mkk_pika - database.py:238 - INFO - 数据库更新已下载章节
2026-06-04 01:50:34 - mkk_pika - database.py:244 - INFO - 该漫画已下载章节如下
2026-06-04 01:50:34 - mkk_pika - database.py:245 - INFO - ['第1话', '第2集', '第3集']
2026-06-04 01:50:35 - mkk_pika - main.py:83 - INFO - 找到 20 张图片在:第4集
2026-06-04 01:50:36 - mkk_pika - main.py:112 - INFO - [episode:第4集       ] downloaded:    20, total:  20, progress:100%
2026-06-04 01:50:36 - mkk_pika - database.py:238 - INFO - 数据库更新已下载章节
2026-06-04 01:50:36 - mkk_pika - database.py:244 - INFO - 该漫画已下载章节如下
2026-06-04 01:50:36 - mkk_pika - database.py:245 - INFO - ['第1话', '第2集', '第3集', '第4集']
2026-06-04 01:50:37 - mkk_pika - main.py:83 - INFO - 找到 20 张图片在:第5集
2026-06-04 01:50:39 - mkk_pika - main.py:112 - INFO - [episode:第5集       ] downloaded:    20, total:  20, progress:100%
2026-06-04 01:50:39 - mkk_pika - database.py:238 - INFO - 数据库更新已下载章节
2026-06-04 01:50:39 - mkk_pika - database.py:244 - INFO - 该漫画已下载章节如下
2026-06-04 01:50:39 - mkk_pika - database.py:245 - INFO - ['第1话', '第2集', '第3集', '第4集', '第5集']
2026-06-04 01:50:40 - mkk_pika - main.py:83 - INFO - 找到 22 张图片在:第6集
2026-06-04 01:50:41 - mkk_pika - main.py:112 - INFO - [episode:第6集       ] downloaded:    22, total:  22, progress:100%
2026-06-04 01:50:41 - mkk_pika - database.py:238 - INFO - 数据库更新已下载章节
2026-06-04 01:50:41 - mkk_pika - database.py:244 - INFO - 该漫画已下载章节如下
2026-06-04 01:50:41 - mkk_pika - database.py:245 - INFO - ['第1话', '第2集', '第3集', '第4集', '第5集', '第6集']
2026-06-04 01:50:43 - mkk_pika - main.py:83 - INFO - 找到 20 张图片在:番外
2026-06-04 01:50:44 - mkk_pika - main.py:112 - INFO - [episode:番外        ] downloaded:    20, total:  20, progress:100%
2026-06-04 01:50:44 - mkk_pika - database.py:238 - INFO - 数据库更新已下载章节
2026-06-04 01:50:44 - mkk_pika - database.py:244 - INFO - 该漫画已下载章节如下
2026-06-04 01:50:44 - mkk_pika - database.py:245 - INFO - ['第1话', '第2集', '第3集', '第4集', '第5集', '第6集', '番外']
2026-06-04 01:50:45 - mkk_pika - main.py:348 - INFO - ==================== 漫画信息 ====================
                                   漫画ID：5a5b34920f17f055129df07b
                                   标题：夏汁（全6話 + 番外編）
                                   作者：瀬奈陽太郎
                                   是否完结：是
                                   总页数：143
                                   分类：長篇,純愛,後宮閃光
                                   章节数：7
                                   最后更新时间：2018-01-14T10:44:34.784Z
                                   =================================================
2026-06-04 01:50:45 - mkk_pika - database.py:101 - INFO - 保存成功：夏汁（全6話 + 番外編）
2026-06-04 01:50:45 - mkk_pika - main.py:35 - INFO - 开始检查夏パンツと日燒け少女是否存在未下载章节
2026-06-04 01:50:46 - mkk_pika - main.py:45 - INFO - 正在下载:[夏パンツと日燒け少女]-[かいづか]-[['純愛', '妹妹系', '短篇']]-[total_pages:43]
2026-06-04 01:50:46 - mkk_pika - main.py:49 - INFO - [{'_id': '5a5b34aec30ece6ed224f4e2', 'title': '第1集', 'order': 1, 'updated_at': '2020-09-19T15:28:39.659Z', 'id': '5a5b34aec30ece6ed224f4e2'}, {'_id': '5a5b34aec30ece6ed224f4e3', 'title': '第2集', 'order': 2, 'updated_at': '2018-01-12T18:50:17.233Z', 'id': '5a5b34aec30ece6ed224f4e3'}]
2026-06-04 01:50:46 - mkk_pika - database.py:215 - INFO - 第一次下载该漫画，记录数据库中
2026-06-04 01:50:46 - mkk_pika - main.py:83 - INFO - 找到 19 张图片在:第1集
2026-06-04 01:50:47 - mkk_pika - main.py:112 - INFO - [episode:第1集       ] downloaded:    19, total:  19, progress:100%
2026-06-04 01:50:47 - mkk_pika - database.py:238 - INFO - 数据库更新已下载章节
2026-06-04 01:50:47 - mkk_pika - database.py:244 - INFO - 该漫画已下载章节如下
2026-06-04 01:50:47 - mkk_pika - database.py:245 - INFO - ['第1集']
2026-06-04 01:50:49 - mkk_pika - main.py:83 - INFO - 找到 24 张图片在:第2集
2026-06-04 01:50:50 - mkk_pika - main.py:112 - INFO - [episode:第2集       ] downloaded:    24, total:  24, progress:100%
2026-06-04 01:50:50 - mkk_pika - database.py:238 - INFO - 数据库更新已下载章节
2026-06-04 01:50:50 - mkk_pika - database.py:244 - INFO - 该漫画已下载章节如下
2026-06-04 01:50:50 - mkk_pika - database.py:245 - INFO - ['第1集', '第2集']
2026-06-04 01:50:51 - mkk_pika - main.py:348 - INFO - ==================== 漫画信息 ====================
                                   漫画ID：5a5b34aec30ece6ed224f4e1
                                   标题：夏パンツと日燒け少女
                                   作者：かいづか
                                   是否完结：是
                                   总页数：43
                                   分类：純愛,妹妹系,短篇
                                   章节数：2
                                   最后更新时间：2018-01-14T10:45:02.563Z
                                   =================================================
2026-06-04 01:50:51 - mkk_pika - database.py:101 - INFO - 保存成功：夏パンツと日燒け少女
2026-06-04 01:50:51 - mkk_pika - main.py:35 - INFO - 开始检查(C93) White Noise (コードギアス 反逆のルルーシュ)是否存在未下载章节
2026-06-04 01:50:52 - mkk_pika - main.py:45 - INFO - 正在下载:[(C93) White Noise (コードギアス 反逆のルルーシュ)]-[CREAYUS (嵐月)]-[['同人', '短篇']]-[total_pages:30]
2026-06-04 01:50:52 - mkk_pika - main.py:49 - INFO - [{'_id': '5a5b3518e3993a6eb7d80a39', 'title': '凌晨三点~~', 'order': 1, 'updated_at': '2018-01-12T19:01:51.791Z', 'id': '5a5b3518e3993a6eb7d80a39'}]
2026-06-04 01:50:52 - mkk_pika - database.py:215 - INFO - 第一次下载该漫画，记录数据库中
2026-06-04 01:50:52 - mkk_pika - main.py:83 - INFO - 找到 30 张图片在:凌晨三点~~
2026-06-04 01:50:53 - mkk_pika - main.py:112 - INFO - [episode:凌晨三点~~    ] downloaded:    30, total:  30, progress:100%
2026-06-04 01:50:53 - mkk_pika - database.py:238 - INFO - 数据库更新已下载章节
2026-06-04 01:50:53 - mkk_pika - database.py:244 - INFO - 该漫画已下载章节如下
2026-06-04 01:50:53 - mkk_pika - database.py:245 - INFO - ['凌晨三点~~']
2026-06-04 01:50:55 - mkk_pika - main.py:348 - INFO - ==================== 漫画信息 ====================
                                   漫画ID：5a5b3518e3993a6eb7d80a38
                                   标题：(C93) White Noise (コードギアス 反逆のルルーシュ)
                                   作者：CREAYUS (嵐月)
                                   是否完结：是
                                   总页数：30
                                   分类：同人,短篇
                                   章节数：1
                                   最后更新时间：2018-01-14T10:46:48.297Z
                                   =================================================
2026-06-04 01:50:55 - mkk_pika - database.py:101 - INFO - 保存成功：(C93) White Noise (コードギアス 反逆のルルーシュ)
2026-06-04 01:50:55 - mkk_pika - main.py:35 - INFO - 开始检查きょうえい！是否存在未下载章节
2026-06-04 01:50:55 - mkk_pika - main.py:45 - INFO - 正在下载:[きょうえい！]-[しなま]-[['長篇']]-[total_pages:223]
2026-06-04 01:50:55 - mkk_pika - main.py:49 - INFO - [{'_id': '5a5b35585f426a555149121d', 'title': '第1集', 'order': 1, 'updated_at': '2018-01-12T21:17:06.244Z', 'id': '5a5b35585f426a555149121d'}]
2026-06-04 01:50:55 - mkk_pika - database.py:215 - INFO - 第一次下载该漫画，记录数据库中
2026-06-04 01:50:57 - mkk_pika - main.py:83 - INFO - 找到 223 张图片在:第1集
2026-06-04 01:51:08 - mkk_pika - main.py:112 - INFO - [episode:第1集       ] downloaded:   223, total: 223, progress:100%
2026-06-04 01:51:08 - mkk_pika - database.py:238 - INFO - 数据库更新已下载章节
2026-06-04 01:51:08 - mkk_pika - database.py:244 - INFO - 该漫画已下载章节如下
2026-06-04 01:51:08 - mkk_pika - database.py:245 - INFO - ['第1集']
2026-06-04 01:51:09 - mkk_pika - main.py:348 - INFO - ==================== 漫画信息 ====================
                                   漫画ID：5a5b35585f426a555149121c
                                   标题：きょうえい！
                                   作者：しなま
                                   是否完结：是
                                   总页数：223
                                   分类：長篇
                                   章节数：1
                                   最后更新时间：2018-01-14T10:47:52.215Z
                                   =================================================
2026-06-04 01:51:09 - mkk_pika - database.py:101 - INFO - 保存成功：きょうえい！
2026-06-04 01:51:09 - mkk_pika - main.py:380 - INFO - 本次任务下载完毕
2026-06-04 01:51:09 - mkk_pika - database.py:173 - INFO - 数据库连接已关闭
