2026-07-15 00:01:05 - mkk_pika - main.py:193 - INFO - =======================================================================
2026-07-15 00:01:05 - mkk_pika - database.py:61 - INFO - 表和索引初始化成功
2026-07-15 00:01:05 - mkk_pika - main.py:197 - INFO - 已经累计下载17069本漫画
2026-07-15 00:01:05 - mkk_pika - api.py:87 - INFO - 登录成功
2026-07-15 00:01:06 - mkk_pika - main.py:203 - INFO - 收藏夹共计0本漫画
2026-07-15 00:01:06 - mkk_pika - main.py:206 - INFO - 开始下载收藏夹内未下载内容
2026-07-15 00:01:06 - mkk_pika - main.py:266 - INFO - 收藏夹内容下载完毕
2026-07-15 00:01:06 - mkk_pika - main.py:268 - INFO - 开始下载订阅内容
2026-07-15 00:01:06 - mkk_pika - database.py:258 - INFO - 根据ID查询到标题：萝莉 -> 生意気合法ロリ一琉はかなりマゾ
2026-07-15 00:01:07 - mkk_pika - database.py:101 - INFO - 保存成功：生意気合法ロリ一琉はかなりマゾ
2026-07-15 00:01:07 - mkk_pika - main.py:273 - INFO - 关键词萝莉找到1本漫画
2026-07-15 00:01:07 - mkk_pika - database.py:258 - INFO - 根据ID查询到标题：蘿莉 -> [Pixiv] Nyako (87118066) part.7（AI）
2026-07-15 00:01:07 - mkk_pika - database.py:101 - INFO - 保存成功：ちさのシメコミなおしなさい! (デジタルぷにぺどッ! Vol.43)
2026-07-15 00:01:07 - mkk_pika - main.py:273 - INFO - 关键词蘿莉找到1本漫画
2026-07-15 00:01:07 - mkk_pika - main.py:275 - INFO - 订阅内容共计2本漫画
2026-07-15 00:01:07 - mkk_pika - main.py:35 - INFO - 开始检查あめのちろり～メスガキに犯されまくるお話～是否存在未下载章节
2026-07-15 00:01:07 - mkk_pika - database.py:203 - INFO - 查询数据库中是否已存在第1話
2026-07-15 00:01:07 - mkk_pika - database.py:203 - INFO - 查询数据库中是否已存在次元控去码
2026-07-15 00:01:07 - mkk_pika - main.py:51 - INFO - あめのちろり～メスガキに犯されまくるお話～中没有可下载章节
2026-07-15 00:01:08 - mkk_pika - main.py:292 - INFO - ==================== 漫画信息 ====================
                                漫画ID：66cf408ca9a2f6388f517f27
                                标题：あめのちろり～メスガキに犯されまくるお話～
                                作者：ろすとている (雨楽)
                                是否完结：是
                                总页数：34
                                分类：短篇
                                章节数：1
                                最后更新时间：2024-08-28T15:21:48.945Z
                                =================================================
2026-07-15 00:01:08 - mkk_pika - database.py:101 - INFO - 保存成功：あめのちろり～メスガキに犯されまくるお話～
2026-07-15 00:01:08 - mkk_pika - main.py:35 - INFO - 开始检查ちさのシメコミなおしなさい! (デジタルぷにぺどッ! Vol.43)是否存在未下载章节
2026-07-15 00:01:08 - mkk_pika - main.py:45 - INFO - 正在下载:[ちさのシメコミなおしなさい! (デジタルぷにぺどッ! Vol.43)]-[まやふふ(賢)]-[['短篇']]-[total_pages:-1]
2026-07-15 00:01:08 - mkk_pika - main.py:49 - INFO - [{'_id': '6a567b6c8f973b4452610273', 'title': '第1話', 'order': 1, 'updated_at': '2026-07-14T12:26:35.923Z', 'id': '6a567b6c8f973b4452610273'}]
2026-07-15 00:01:08 - mkk_pika - database.py:215 - INFO - 第一次下载该漫画，记录数据库中
2026-07-15 00:01:09 - mkk_pika - main.py:83 - INFO - 找到 30 张图片在:第1話
2026-07-15 00:01:10 - mkk_pika - main.py:112 - INFO - [episode:第1話       ] downloaded:    30, total:  30, progress:100%
2026-07-15 00:01:10 - mkk_pika - database.py:238 - INFO - 数据库更新已下载章节
2026-07-15 00:01:10 - mkk_pika - database.py:244 - INFO - 该漫画已下载章节如下
2026-07-15 00:01:10 - mkk_pika - database.py:245 - INFO - ['第1話']
2026-07-15 00:01:12 - mkk_pika - main.py:292 - INFO - ==================== 漫画信息 ====================
                                漫画ID：6a567b6c8f973b4452610272
                                标题：ちさのシメコミなおしなさい! (デジタルぷにぺどッ! Vol.43)
                                作者：まやふふ(賢)
                                是否完结：是
                                总页数：30
                                分类：短篇
                                章节数：1
                                最后更新时间：2026-07-14T18:09:48.166Z
                                =================================================
2026-07-15 00:01:12 - mkk_pika - database.py:101 - INFO - 保存成功：ちさのシメコミなおしなさい! (デジタルぷにぺどッ! Vol.43)
2026-07-15 00:01:12 - mkk_pika - main.py:323 - INFO - 订阅内容内容下载完毕
2026-07-15 00:01:12 - mkk_pika - main.py:324 - INFO - 开始分批下载全部章节
2026-07-15 00:01:12 - mkk_pika - database.py:280 - INFO - 表和索引初始化成功
2026-07-15 00:01:12 - mkk_pika - main.py:177 - INFO - 已经下载了1263页，一共7018页，现在开始添加第1264页
2026-07-15 00:01:12 - mkk_pika - database.py:318 - INFO - 保存成功
2026-07-15 00:01:13 - mkk_pika - main.py:177 - INFO - 已经下载了1264页，一共7018页，现在开始添加第1265页
2026-07-15 00:01:13 - mkk_pika - database.py:318 - INFO - 保存成功
2026-07-15 00:01:13 - mkk_pika - main.py:177 - INFO - 已经下载了1265页，一共7018页，现在开始添加第1266页
2026-07-15 00:01:14 - mkk_pika - database.py:318 - INFO - 保存成功
2026-07-15 00:01:14 - mkk_pika - main.py:177 - INFO - 已经下载了1266页，一共7018页，现在开始添加第1267页
2026-07-15 00:01:15 - mkk_pika - database.py:318 - INFO - 保存成功
2026-07-15 00:01:15 - mkk_pika - main.py:177 - INFO - 已经下载了1267页，一共7018页，现在开始添加第1268页
2026-07-15 00:01:16 - mkk_pika - database.py:318 - INFO - 保存成功
2026-07-15 00:01:16 - mkk_pika - main.py:331 - INFO - 分批下载共计42本漫画
2026-07-15 00:01:16 - mkk_pika - main.py:35 - INFO - 开始检查(COMIC1★14)(青春ブタ野郎はバニ一ガ一ル先輩の夢を見ない)是否存在未下载章节
2026-07-15 00:01:16 - mkk_pika - main.py:45 - INFO - 正在下载:[(COMIC1★14)(青春ブタ野郎はバニ一ガ一ル先輩の夢を見ない)]-[arino hiroshi]-[['同人', '短篇', '純愛']]-[total_pages:28]
2026-07-15 00:01:16 - mkk_pika - main.py:49 - INFO - [{'_id': '5c02053c9d75fb06cb821c13', 'title': '正片', 'order': 1, 'updated_at': '2018-11-16T11:59:10.014Z', 'id': '5c02053c9d75fb06cb821c13'}]
2026-07-15 00:01:16 - mkk_pika - database.py:215 - INFO - 第一次下载该漫画，记录数据库中
2026-07-15 00:01:17 - mkk_pika - main.py:83 - INFO - 找到 28 张图片在:正片
2026-07-15 00:01:18 - mkk_pika - main.py:112 - INFO - [episode:正片        ] downloaded:    28, total:  28, progress:100%
2026-07-15 00:01:18 - mkk_pika - database.py:238 - INFO - 数据库更新已下载章节
2026-07-15 00:01:18 - mkk_pika - database.py:244 - INFO - 该漫画已下载章节如下
2026-07-15 00:01:18 - mkk_pika - database.py:245 - INFO - ['正片']
2026-07-15 00:01:19 - mkk_pika - main.py:348 - INFO - ==================== 漫画信息 ====================
                                   漫画ID：5c02053c9d75fb06cb821c12
                                   标题：(COMIC1★14)(青春ブタ野郎はバニ一ガ一ル先輩の夢を見ない)
                                   作者：arino hiroshi
                                   是否完结：否
                                   总页数：28
                                   分类：同人,短篇,純愛
                                   章节数：1
                                   最后更新时间：2018-12-01T03:51:24.567Z
                                   =================================================
2026-07-15 00:01:19 - mkk_pika - database.py:101 - INFO - 保存成功：(COMIC1★14)(青春ブタ野郎はバニ一ガ一ル先輩の夢を見ない)
2026-07-15 00:01:19 - mkk_pika - main.py:35 - INFO - 开始检查ギリギリアイドル 淫到極限偶像明星是否存在未下载章节
2026-07-15 00:01:19 - mkk_pika - main.py:45 - INFO - 正在下载:[ギリギリアイドル 淫到極限偶像明星]-[ロケットモンキー]-[['長篇', '單行本', '純愛', 'SM', 'NTR', '強暴']]-[total_pages:197]
2026-07-15 00:01:19 - mkk_pika - main.py:49 - INFO - [{'_id': '5c029074997fbb06ce6a5862', 'title': '第1集', 'order': 1, 'updated_at': '2018-11-29T08:23:40.711Z', 'id': '5c029074997fbb06ce6a5862'}]
2026-07-15 00:01:19 - mkk_pika - database.py:215 - INFO - 第一次下载该漫画，记录数据库中
2026-07-15 00:01:21 - mkk_pika - main.py:83 - INFO - 找到 197 张图片在:第1集
2026-07-15 00:01:28 - mkk_pika - main.py:112 - INFO - [episode:第1集       ] downloaded:   197, total: 197, progress:100%
2026-07-15 00:01:28 - mkk_pika - database.py:238 - INFO - 数据库更新已下载章节
2026-07-15 00:01:28 - mkk_pika - database.py:244 - INFO - 该漫画已下载章节如下
2026-07-15 00:01:28 - mkk_pika - database.py:245 - INFO - ['第1集']
2026-07-15 00:01:29 - mkk_pika - main.py:348 - INFO - ==================== 漫画信息 ====================
                                   漫画ID：5c029074997fbb06ce6a5861
                                   标题：ギリギリアイドル 淫到極限偶像明星
                                   作者：ロケットモンキー
                                   是否完结：是
                                   总页数：197
                                   分类：長篇,單行本,純愛,SM,NTR,強暴
                                   章节数：1
                                   最后更新时间：2018-12-01T13:45:24.829Z
                                   =================================================
2026-07-15 00:01:29 - mkk_pika - database.py:101 - INFO - 保存成功：ギリギリアイドル 淫到極限偶像明星
2026-07-15 00:01:29 - mkk_pika - main.py:35 - INFO - 开始检查絶対スライムなんかに負けたりしない! 是否存在未下载章节
2026-07-15 00:01:29 - mkk_pika - main.py:45 - INFO - 正在下载:[絶対スライムなんかに負けたりしない! ]-[灯夜工房 (灯ひでかず)]-[['同人', '短篇', '非人類', '強暴']]-[total_pages:28]
2026-07-15 00:01:29 - mkk_pika - main.py:49 - INFO - [{'_id': '5c0290969d75fb06cb821e32', 'title': '第1集', 'order': 1, 'updated_at': '2018-12-01T13:28:41.577Z', 'id': '5c0290969d75fb06cb821e32'}]
2026-07-15 00:01:29 - mkk_pika - database.py:215 - INFO - 第一次下载该漫画，记录数据库中
2026-07-15 00:01:30 - mkk_pika - main.py:83 - INFO - 找到 28 张图片在:第1集
2026-07-15 00:01:31 - mkk_pika - main.py:112 - INFO - [episode:第1集       ] downloaded:    28, total:  28, progress:100%
2026-07-15 00:01:31 - mkk_pika - database.py:238 - INFO - 数据库更新已下载章节
2026-07-15 00:01:31 - mkk_pika - database.py:244 - INFO - 该漫画已下载章节如下
2026-07-15 00:01:31 - mkk_pika - database.py:245 - INFO - ['第1集']
2026-07-15 00:01:32 - mkk_pika - main.py:348 - INFO - ==================== 漫画信息 ====================
                                   漫画ID：5c0290969d75fb06cb821e31
                                   标题：絶対スライムなんかに負けたりしない! 
                                   作者：灯夜工房 (灯ひでかず)
                                   是否完结：否
                                   总页数：28
                                   分类：同人,短篇,非人類,強暴
                                   章节数：1
                                   最后更新时间：2018-12-01T13:45:58.410Z
                                   =================================================
2026-07-15 00:01:32 - mkk_pika - database.py:101 - INFO - 保存成功：絶対スライムなんかに負けたりしない! 
2026-07-15 00:01:32 - mkk_pika - main.py:35 - INFO - 开始检查艦隊悪堕ち計画～榛名編～是否存在未下载章节
2026-07-15 00:01:33 - mkk_pika - main.py:45 - INFO - 正在下载:[艦隊悪堕ち計画～榛名編～]-[あつがり义勇军（みりしゃ）]-[['同人', '短篇', '艦隊收藏']]-[total_pages:31]
2026-07-15 00:01:33 - mkk_pika - main.py:49 - INFO - [{'_id': '5c0290ad2c991f6d06b9950c', 'title': '第1集', 'order': 1, 'updated_at': '2021-03-27T17:09:16.045Z', 'id': '5c0290ad2c991f6d06b9950c'}]
2026-07-15 00:01:33 - mkk_pika - database.py:215 - INFO - 第一次下载该漫画，记录数据库中
2026-07-15 00:01:33 - mkk_pika - main.py:83 - INFO - 找到 31 张图片在:第1集
2026-07-15 00:01:34 - mkk_pika - main.py:112 - INFO - [episode:第1集       ] downloaded:    31, total:  31, progress:100%
2026-07-15 00:01:34 - mkk_pika - database.py:238 - INFO - 数据库更新已下载章节
2026-07-15 00:01:34 - mkk_pika - database.py:244 - INFO - 该漫画已下载章节如下
2026-07-15 00:01:34 - mkk_pika - database.py:245 - INFO - ['第1集']
2026-07-15 00:01:36 - mkk_pika - main.py:348 - INFO - ==================== 漫画信息 ====================
                                   漫画ID：5c0290ad2c991f6d06b9950b
                                   标题：艦隊悪堕ち計画～榛名編～
                                   作者：あつがり义勇军（みりしゃ）
                                   是否完结：否
                                   总页数：31
                                   分类：同人,短篇,艦隊收藏
                                   章节数：1
                                   最后更新时间：2018-12-01T13:46:21.621Z
                                   =================================================
2026-07-15 00:01:36 - mkk_pika - database.py:101 - INFO - 保存成功：艦隊悪堕ち計画～榛名編～
2026-07-15 00:01:36 - mkk_pika - main.py:35 - INFO - 开始检查(C88) 淫魔根ノ贄是否存在未下载章节
2026-07-15 00:01:36 - mkk_pika - main.py:45 - INFO - 正在下载:[(C88) 淫魔根ノ贄]-[ふるるきゅぷり (北原エイジ)]-[['短篇', '扶他樂園']]-[total_pages:24]
2026-07-15 00:01:36 - mkk_pika - main.py:49 - INFO - [{'_id': '5c03a13f4ee665631f57ce25', 'title': '第1集', 'order': 1, 'updated_at': '2018-12-02T05:10:26.911Z', 'id': '5c03a13f4ee665631f57ce25'}]
2026-07-15 00:01:36 - mkk_pika - database.py:215 - INFO - 第一次下载该漫画，记录数据库中
2026-07-15 00:01:37 - mkk_pika - main.py:83 - INFO - 找到 24 张图片在:第1集
2026-07-15 00:01:38 - mkk_pika - main.py:112 - INFO - [episode:第1集       ] downloaded:    24, total:  24, progress:100%
2026-07-15 00:01:38 - mkk_pika - database.py:238 - INFO - 数据库更新已下载章节
2026-07-15 00:01:38 - mkk_pika - database.py:244 - INFO - 该漫画已下载章节如下
2026-07-15 00:01:38 - mkk_pika - database.py:245 - INFO - ['第1集']
2026-07-15 00:01:39 - mkk_pika - main.py:348 - INFO - ==================== 漫画信息 ====================
                                   漫画ID：5c03a13f4ee665631f57ce24
                                   标题：(C88) 淫魔根ノ贄
                                   作者：ふるるきゅぷり (北原エイジ)
                                   是否完结：是
                                   总页数：24
                                   分类：短篇,扶他樂園
                                   章节数：1
                                   最后更新时间：2018-12-02T09:09:19.334Z
                                   =================================================
2026-07-15 00:01:39 - mkk_pika - database.py:101 - INFO - 保存成功：(C88) 淫魔根ノ贄
2026-07-15 00:01:39 - mkk_pika - main.py:35 - INFO - 开始检查(ふたけっと12) 淫魔根ノ贄 II 是否存在未下载章节
2026-07-15 00:01:40 - mkk_pika - main.py:45 - INFO - 正在下载:[(ふたけっと12) 淫魔根ノ贄 II ]-[ふるるきゅぷり (北原エイジ)]-[['短篇', '扶他樂園']]-[total_pages:31]
2026-07-15 00:01:40 - mkk_pika - main.py:49 - INFO - [{'_id': '5c03a159f628796d382efa81', 'title': '第1集', 'order': 1, 'updated_at': '2018-12-02T05:14:00.255Z', 'id': '5c03a159f628796d382efa81'}]
2026-07-15 00:01:40 - mkk_pika - database.py:215 - INFO - 第一次下载该漫画，记录数据库中
2026-07-15 00:01:40 - mkk_pika - main.py:83 - INFO - 找到 31 张图片在:第1集
2026-07-15 00:01:41 - mkk_pika - main.py:112 - INFO - [episode:第1集       ] downloaded:    31, total:  31, progress:100%
2026-07-15 00:01:41 - mkk_pika - database.py:238 - INFO - 数据库更新已下载章节
2026-07-15 00:01:41 - mkk_pika - database.py:244 - INFO - 该漫画已下载章节如下
2026-07-15 00:01:41 - mkk_pika - database.py:245 - INFO - ['第1集']
2026-07-15 00:01:43 - mkk_pika - main.py:348 - INFO - ==================== 漫画信息 ====================
                                   漫画ID：5c03a159f628796d382efa80
                                   标题：(ふたけっと12) 淫魔根ノ贄 II 
                                   作者：ふるるきゅぷり (北原エイジ)
                                   是否完结：是
                                   总页数：31
                                   分类：短篇,扶他樂園
                                   章节数：1
                                   最后更新时间：2018-12-02T09:09:45.335Z
                                   =================================================
2026-07-15 00:01:43 - mkk_pika - database.py:101 - INFO - 保存成功：(ふたけっと12) 淫魔根ノ贄 II 
2026-07-15 00:01:43 - mkk_pika - main.py:35 - INFO - 开始检查桜宮姉妹のネトラレ記録/ユリシス 第1-3話是否存在未下载章节
2026-07-15 00:01:43 - mkk_pika - main.py:45 - INFO - 正在下载:[桜宮姉妹のネトラレ記録/ユリシス 第1-3話]-[史鬼匠人]-[['長篇']]-[total_pages:137]
2026-07-15 00:01:43 - mkk_pika - main.py:49 - INFO - [{'_id': '5c03a2fdb4a7816d0efe5098', 'title': '第1集', 'order': 1, 'updated_at': '2018-12-01T04:41:44.672Z', 'id': '5c03a2fdb4a7816d0efe5098'}]
2026-07-15 00:01:43 - mkk_pika - database.py:215 - INFO - 第一次下载该漫画，记录数据库中
2026-07-15 00:01:45 - mkk_pika - main.py:83 - INFO - 找到 137 张图片在:第1集
2026-07-15 00:01:50 - mkk_pika - main.py:112 - INFO - [episode:第1集       ] downloaded:   137, total: 137, progress:100%
2026-07-15 00:01:50 - mkk_pika - database.py:238 - INFO - 数据库更新已下载章节
2026-07-15 00:01:50 - mkk_pika - database.py:244 - INFO - 该漫画已下载章节如下
2026-07-15 00:01:50 - mkk_pika - database.py:245 - INFO - ['第1集']
2026-07-15 00:01:51 - mkk_pika - main.py:348 - INFO - ==================== 漫画信息 ====================
                                   漫画ID：5c03a2fdb4a7816d0efe5097
                                   标题：桜宮姉妹のネトラレ記録/ユリシス 第1-3話
                                   作者：史鬼匠人
                                   是否完结：否
                                   总页数：137
                                   分类：長篇
                                   章节数：1
                                   最后更新时间：2018-12-02T09:16:45.925Z
                                   =================================================
2026-07-15 00:01:51 - mkk_pika - database.py:101 - INFO - 保存成功：桜宮姉妹のネトラレ記録/ユリシス 第1-3話
2026-07-15 00:01:51 - mkk_pika - main.py:35 - INFO - 开始检查(C87)LOVE STORY#01(やはり俺の青春ラブコメはまちがっている。)是否存在未下载章节
2026-07-15 00:01:51 - mkk_pika - main.py:45 - INFO - 正在下载:[(C87)LOVE STORY#01(やはり俺の青春ラブコメはまちがっている。)]-[ぺたパン(あきのそら)]-[['同人']]-[total_pages:25]
2026-07-15 00:01:51 - mkk_pika - main.py:49 - INFO - [{'_id': '5c03a32eb4a7816d0efe5124', 'title': '第1集', 'order': 1, 'updated_at': '2018-12-01T07:11:23.218Z', 'id': '5c03a32eb4a7816d0efe5124'}]
2026-07-15 00:01:51 - mkk_pika - database.py:215 - INFO - 第一次下载该漫画，记录数据库中
2026-07-15 00:01:52 - mkk_pika - main.py:83 - INFO - 找到 25 张图片在:第1集
2026-07-15 00:01:53 - mkk_pika - main.py:112 - INFO - [episode:第1集       ] downloaded:    25, total:  25, progress:100%
2026-07-15 00:01:53 - mkk_pika - database.py:238 - INFO - 数据库更新已下载章节
2026-07-15 00:01:53 - mkk_pika - database.py:244 - INFO - 该漫画已下载章节如下
2026-07-15 00:01:53 - mkk_pika - database.py:245 - INFO - ['第1集']
2026-07-15 00:01:54 - mkk_pika - main.py:348 - INFO - ==================== 漫画信息 ====================
                                   漫画ID：5c03a32eb4a7816d0efe5123
                                   标题：(C87)LOVE STORY#01(やはり俺の青春ラブコメはまちがっている。)
                                   作者：ぺたパン(あきのそら)
                                   是否完结：否
                                   总页数：25
                                   分类：同人
                                   章节数：1
                                   最后更新时间：2018-12-02T09:17:34.720Z
                                   =================================================
2026-07-15 00:01:54 - mkk_pika - database.py:101 - INFO - 保存成功：(C87)LOVE STORY#01(やはり俺の青春ラブコメはまちがっている。)
2026-07-15 00:01:54 - mkk_pika - main.py:35 - INFO - 开始检查少女／Stay Night (TSFのFのほん その5)是否存在未下载章节
2026-07-15 00:01:54 - mkk_pika - main.py:45 - INFO - 正在下载:[少女／Stay Night (TSFのFのほん その5)]-[谷口さん]-[['短篇', '性轉換']]-[total_pages:19]
2026-07-15 00:01:54 - mkk_pika - main.py:49 - INFO - [{'_id': '5c03a4a717455e3b5d67014d', 'title': '第1集', 'order': 1, 'updated_at': '2018-12-01T18:49:00.056Z', 'id': '5c03a4a717455e3b5d67014d'}]
2026-07-15 00:01:54 - mkk_pika - database.py:215 - INFO - 第一次下载该漫画，记录数据库中
2026-07-15 00:01:55 - mkk_pika - main.py:83 - INFO - 找到 19 张图片在:第1集
2026-07-15 00:01:56 - mkk_pika - main.py:112 - INFO - [episode:第1集       ] downloaded:    19, total:  19, progress:100%
2026-07-15 00:01:56 - mkk_pika - database.py:238 - INFO - 数据库更新已下载章节
2026-07-15 00:01:56 - mkk_pika - database.py:244 - INFO - 该漫画已下载章节如下
2026-07-15 00:01:56 - mkk_pika - database.py:245 - INFO - ['第1集']
2026-07-15 00:01:57 - mkk_pika - main.py:348 - INFO - ==================== 漫画信息 ====================
                                   漫画ID：5c03a4a617455e3b5d67014c
                                   标题：少女／Stay Night (TSFのFのほん その5)
                                   作者：谷口さん
                                   是否完结：是
                                   总页数：19
                                   分类：短篇,性轉換
                                   章节数：1
                                   最后更新时间：2018-12-02T09:23:50.986Z
                                   =================================================
2026-07-15 00:01:57 - mkk_pika - database.py:101 - INFO - 保存成功：少女／Stay Night (TSFのFのほん その5)
2026-07-15 00:01:57 - mkk_pika - main.py:35 - INFO - 开始检查 体で1ターンかせぐんだよぉ!是否存在未下载章节
2026-07-15 00:01:57 - mkk_pika - main.py:45 - INFO - 正在下载:[ 体で1ターンかせぐんだよぉ!]-[黒白デザイア (秋月からす)]-[['同人']]-[total_pages:25]
2026-07-15 00:01:57 - mkk_pika - main.py:49 - INFO - [{'_id': '5c03a4bb17455e3b5d670162', 'title': '第1集', 'order': 1, 'updated_at': '2018-12-02T12:49:06.790Z', 'id': '5c03a4bb17455e3b5d670162'}]
2026-07-15 00:01:57 - mkk_pika - database.py:215 - INFO - 第一次下载该漫画，记录数据库中
2026-07-15 00:01:59 - mkk_pika - main.py:83 - INFO - 找到 25 张图片在:第1集
2026-07-15 00:02:00 - mkk_pika - main.py:112 - INFO - [episode:第1集       ] downloaded:    25, total:  25, progress:100%
2026-07-15 00:02:00 - mkk_pika - database.py:238 - INFO - 数据库更新已下载章节
2026-07-15 00:02:00 - mkk_pika - database.py:244 - INFO - 该漫画已下载章节如下
2026-07-15 00:02:00 - mkk_pika - database.py:245 - INFO - ['第1集']
2026-07-15 00:02:01 - mkk_pika - main.py:348 - INFO - ==================== 漫画信息 ====================
                                   漫画ID：5c03a4bb17455e3b5d670161
                                   标题： 体で1ターンかせぐんだよぉ!
                                   作者：黒白デザイア (秋月からす)
                                   是否完结：否
                                   总页数：25
                                   分类：同人
                                   章节数：1
                                   最后更新时间：2018-12-02T09:24:11.325Z
                                   =================================================
2026-07-15 00:02:01 - mkk_pika - database.py:101 - INFO - 保存成功： 体で1ターンかせぐんだよぉ!
2026-07-15 00:02:01 - mkk_pika - main.py:35 - INFO - 开始检查 ボクの彼女はエンタープライズ是否存在未下载章节
2026-07-15 00:02:01 - mkk_pika - main.py:45 - INFO - 正在下载:[ ボクの彼女はエンタープライズ]-[ハシスタント]-[['短篇', 'NTR', '同人']]-[total_pages:37]
2026-07-15 00:02:01 - mkk_pika - main.py:49 - INFO - [{'_id': '5c03a4cff53b203b55c1ac69', 'title': '第1集', 'order': 1, 'updated_at': '2018-12-01T23:52:22.412Z', 'id': '5c03a4cff53b203b55c1ac69'}]
2026-07-15 00:02:01 - mkk_pika - database.py:215 - INFO - 第一次下载该漫画，记录数据库中
2026-07-15 00:02:02 - mkk_pika - main.py:83 - INFO - 找到 37 张图片在:第1集
2026-07-15 00:02:03 - mkk_pika - main.py:112 - INFO - [episode:第1集       ] downloaded:    37, total:  37, progress:100%
2026-07-15 00:02:03 - mkk_pika - database.py:238 - INFO - 数据库更新已下载章节
2026-07-15 00:02:03 - mkk_pika - database.py:244 - INFO - 该漫画已下载章节如下
2026-07-15 00:02:03 - mkk_pika - database.py:245 - INFO - ['第1集']
2026-07-15 00:02:04 - mkk_pika - main.py:348 - INFO - ==================== 漫画信息 ====================
                                   漫画ID：5c03a4cff53b203b55c1ac68
                                   标题： ボクの彼女はエンタープライズ
                                   作者：ハシスタント
                                   是否完结：否
                                   总页数：37
                                   分类：短篇,NTR,同人
                                   章节数：1
                                   最后更新时间：2018-12-02T09:24:31.918Z
                                   =================================================
2026-07-15 00:02:04 - mkk_pika - database.py:101 - INFO - 保存成功： ボクの彼女はエンタープライズ
2026-07-15 00:02:04 - mkk_pika - main.py:35 - INFO - 开始检查人形記是否存在未下载章节
2026-07-15 00:02:05 - mkk_pika - main.py:45 - INFO - 正在下载:[人形記]-[ココロメトロ (何処テトラ)]-[['短篇', '同人', 'Fate', '強暴']]-[total_pages:18]
2026-07-15 00:02:05 - mkk_pika - main.py:49 - INFO - [{'_id': '5c03a5169d75fb06cb822681', 'title': '第1集', 'order': 1, 'updated_at': '2018-12-02T02:12:03.407Z', 'id': '5c03a5169d75fb06cb822681'}]
2026-07-15 00:02:05 - mkk_pika - database.py:215 - INFO - 第一次下载该漫画，记录数据库中
2026-07-15 00:02:05 - mkk_pika - main.py:83 - INFO - 找到 18 张图片在:第1集
2026-07-15 00:02:06 - mkk_pika - main.py:112 - INFO - [episode:第1集       ] downloaded:    18, total:  18, progress:100%
2026-07-15 00:02:06 - mkk_pika - database.py:238 - INFO - 数据库更新已下载章节
2026-07-15 00:02:06 - mkk_pika - database.py:244 - INFO - 该漫画已下载章节如下
2026-07-15 00:02:06 - mkk_pika - database.py:245 - INFO - ['第1集']
2026-07-15 00:02:07 - mkk_pika - main.py:348 - INFO - ==================== 漫画信息 ====================
                                   漫画ID：5c03a5169d75fb06cb822680
                                   标题：人形記
                                   作者：ココロメトロ (何処テトラ)
                                   是否完结：是
                                   总页数：18
                                   分类：短篇,同人,Fate,強暴
                                   章节数：1
                                   最后更新时间：2018-12-02T09:25:42.966Z
                                   =================================================
2026-07-15 00:02:07 - mkk_pika - database.py:101 - INFO - 保存成功：人形記
2026-07-15 00:02:07 - mkk_pika - main.py:35 - INFO - 开始检查受付嬢の秘密な依頼 (ゴブリンスレイヤー)是否存在未下载章节
2026-07-15 00:02:08 - mkk_pika - main.py:45 - INFO - 正在下载:[受付嬢の秘密な依頼 (ゴブリンスレイヤー)]-[ぎんハハ]-[['同人', '短篇']]-[total_pages:29]
2026-07-15 00:02:08 - mkk_pika - main.py:49 - INFO - [{'_id': '5c03a542a41b973b8bb610f1', 'title': '第1集', 'order': 1, 'updated_at': '2018-12-02T02:26:31.804Z', 'id': '5c03a542a41b973b8bb610f1'}]
2026-07-15 00:02:08 - mkk_pika - database.py:215 - INFO - 第一次下载该漫画，记录数据库中
2026-07-15 00:02:08 - mkk_pika - main.py:83 - INFO - 找到 29 张图片在:第1集
2026-07-15 00:02:09 - mkk_pika - main.py:112 - INFO - [episode:第1集       ] downloaded:    29, total:  29, progress:100%
2026-07-15 00:02:09 - mkk_pika - database.py:238 - INFO - 数据库更新已下载章节
2026-07-15 00:02:09 - mkk_pika - database.py:244 - INFO - 该漫画已下载章节如下
2026-07-15 00:02:09 - mkk_pika - database.py:245 - INFO - ['第1集']
2026-07-15 00:02:10 - mkk_pika - main.py:348 - INFO - ==================== 漫画信息 ====================
                                   漫画ID：5c03a542a41b973b8bb610f0
                                   标题：受付嬢の秘密な依頼 (ゴブリンスレイヤー)
                                   作者：ぎんハハ
                                   是否完结：是
                                   总页数：29
                                   分类：同人,短篇
                                   章节数：1
                                   最后更新时间：2018-12-02T09:26:26.633Z
                                   =================================================
2026-07-15 00:02:10 - mkk_pika - database.py:101 - INFO - 保存成功：受付嬢の秘密な依頼 (ゴブリンスレイヤー)
2026-07-15 00:02:10 - mkk_pika - main.py:35 - INFO - 开始检查女鼠小僧～お凛～ (くノ一 アンソロジーコミックス)是否存在未下载章节
2026-07-15 00:02:11 - mkk_pika - main.py:45 - INFO - 正在下载:[女鼠小僧～お凛～ (くノ一 アンソロジーコミックス)]-[たくじ]-[['短篇', '強暴']]-[total_pages:16]
2026-07-15 00:02:11 - mkk_pika - main.py:49 - INFO - [{'_id': '5c03a582f53b203b55c1acd3', 'title': '第1集', 'order': 1, 'updated_at': '2018-12-02T02:37:00.892Z', 'id': '5c03a582f53b203b55c1acd3'}]
2026-07-15 00:02:11 - mkk_pika - database.py:215 - INFO - 第一次下载该漫画，记录数据库中
2026-07-15 00:02:11 - mkk_pika - main.py:83 - INFO - 找到 16 张图片在:第1集
2026-07-15 00:02:12 - mkk_pika - main.py:112 - INFO - [episode:第1集       ] downloaded:    16, total:  16, progress:100%
2026-07-15 00:02:12 - mkk_pika - database.py:238 - INFO - 数据库更新已下载章节
2026-07-15 00:02:12 - mkk_pika - database.py:244 - INFO - 该漫画已下载章节如下
2026-07-15 00:02:12 - mkk_pika - database.py:245 - INFO - ['第1集']
2026-07-15 00:02:13 - mkk_pika - main.py:348 - INFO - ==================== 漫画信息 ====================
                                   漫画ID：5c03a582f53b203b55c1acd2
                                   标题：女鼠小僧～お凛～ (くノ一 アンソロジーコミックス)
                                   作者：たくじ
                                   是否完结：是
                                   总页数：16
                                   分类：短篇,強暴
                                   章节数：1
                                   最后更新时间：2018-12-02T09:27:30.393Z
                                   =================================================
2026-07-15 00:02:13 - mkk_pika - database.py:101 - INFO - 保存成功：女鼠小僧～お凛～ (くノ一 アンソロジーコミックス)
2026-07-15 00:02:13 - mkk_pika - main.py:35 - INFO - 开始检查(ふたけっと13.5) 淫魔根ノ贄 III是否存在未下载章节
2026-07-15 00:02:14 - mkk_pika - main.py:45 - INFO - 正在下载:[(ふたけっと13.5) 淫魔根ノ贄 III]-[ふるるきゅぷり (北原エイジ)]-[['短篇', '扶他樂園']]-[total_pages:39]
2026-07-15 00:02:14 - mkk_pika - main.py:49 - INFO - [{'_id': '5c03a58ff0229e3b95393d6a', 'title': '第1集', 'order': 1, 'updated_at': '2018-12-02T05:17:23.534Z', 'id': '5c03a58ff0229e3b95393d6a'}]
2026-07-15 00:02:14 - mkk_pika - database.py:215 - INFO - 第一次下载该漫画，记录数据库中
2026-07-15 00:02:14 - mkk_pika - main.py:83 - INFO - 找到 39 张图片在:第1集
2026-07-15 00:02:16 - mkk_pika - main.py:112 - INFO - [episode:第1集       ] downloaded:    39, total:  39, progress:100%
2026-07-15 00:02:16 - mkk_pika - database.py:238 - INFO - 数据库更新已下载章节
2026-07-15 00:02:16 - mkk_pika - database.py:244 - INFO - 该漫画已下载章节如下
2026-07-15 00:02:16 - mkk_pika - database.py:245 - INFO - ['第1集']
2026-07-15 00:02:17 - mkk_pika - main.py:348 - INFO - ==================== 漫画信息 ====================
                                   漫画ID：5c03a58ff0229e3b95393d69
                                   标题：(ふたけっと13.5) 淫魔根ノ贄 III
                                   作者：ふるるきゅぷり (北原エイジ)
                                   是否完结：是
                                   总页数：39
                                   分类：短篇,扶他樂園
                                   章节数：1
                                   最后更新时间：2018-12-02T09:27:43.403Z
                                   =================================================
2026-07-15 00:02:17 - mkk_pika - database.py:101 - INFO - 保存成功：(ふたけっと13.5) 淫魔根ノ贄 III
2026-07-15 00:02:17 - mkk_pika - main.py:35 - INFO - 开始检查(C94) 籠の中の鳥 第一集是否存在未下载章节
2026-07-15 00:02:17 - mkk_pika - main.py:45 - INFO - 正在下载:[(C94) 籠の中の鳥 第一集]-[大きな器 (新井大器)]-[['短篇', '扶他樂園']]-[total_pages:56]
2026-07-15 00:02:17 - mkk_pika - main.py:49 - INFO - [{'_id': '5c03a598a41b973b8bb61111', 'title': '第1集', 'order': 1, 'updated_at': '2018-12-02T05:22:14.381Z', 'id': '5c03a598a41b973b8bb61111'}]
2026-07-15 00:02:17 - mkk_pika - database.py:215 - INFO - 第一次下载该漫画，记录数据库中
2026-07-15 00:02:18 - mkk_pika - main.py:83 - INFO - 找到 56 张图片在:第1集
2026-07-15 00:02:20 - mkk_pika - main.py:112 - INFO - [episode:第1集       ] downloaded:    56, total:  56, progress:100%
2026-07-15 00:02:20 - mkk_pika - database.py:238 - INFO - 数据库更新已下载章节
2026-07-15 00:02:20 - mkk_pika - database.py:244 - INFO - 该漫画已下载章节如下
2026-07-15 00:02:20 - mkk_pika - database.py:245 - INFO - ['第1集']
2026-07-15 00:02:21 - mkk_pika - main.py:348 - INFO - ==================== 漫画信息 ====================
                                   漫画ID：5c03a598a41b973b8bb61110
                                   标题：(C94) 籠の中の鳥 第一集
                                   作者：大きな器 (新井大器)
                                   是否完结：是
                                   总页数：56
                                   分类：短篇,扶他樂園
                                   章节数：1
                                   最后更新时间：2018-12-02T09:27:52.882Z
                                   =================================================
2026-07-15 00:02:21 - mkk_pika - database.py:101 - INFO - 保存成功：(C94) 籠の中の鳥 第一集
2026-07-15 00:02:21 - mkk_pika - main.py:35 - INFO - 开始检查おーばーふろぉ～挿れたら溢れる姉妹のキモチ～ 歐-巴-來洗澡是否存在未下载章节
2026-07-15 00:02:22 - mkk_pika - main.py:45 - INFO - 正在下载:[おーばーふろぉ～挿れたら溢れる姉妹のキモチ～ 歐-巴-來洗澡]-[かいづか]-[['長篇', '單行本', '純愛', '後宮閃光', '妹妹系']]-[total_pages:161]
2026-07-15 00:02:22 - mkk_pika - main.py:49 - INFO - [{'_id': '5c03d4962c991f6d06b99e1a', 'title': '第1集', 'order': 1, 'updated_at': '2018-11-29T08:03:51.433Z', 'id': '5c03d4962c991f6d06b99e1a'}]
2026-07-15 00:02:22 - mkk_pika - database.py:215 - INFO - 第一次下载该漫画，记录数据库中
2026-07-15 00:02:24 - mkk_pika - main.py:83 - INFO - 找到 161 张图片在:第1集
2026-07-15 00:02:29 - mkk_pika - main.py:112 - INFO - [episode:第1集       ] downloaded:   161, total: 161, progress:100%
2026-07-15 00:02:29 - mkk_pika - database.py:238 - INFO - 数据库更新已下载章节
2026-07-15 00:02:29 - mkk_pika - database.py:244 - INFO - 该漫画已下载章节如下
2026-07-15 00:02:29 - mkk_pika - database.py:245 - INFO - ['第1集']
2026-07-15 00:02:30 - mkk_pika - main.py:348 - INFO - ==================== 漫画信息 ====================
                                   漫画ID：5c03d4962c991f6d06b99e19
                                   标题：おーばーふろぉ～挿れたら溢れる姉妹のキモチ～ 歐-巴-來洗澡
                                   作者：かいづか
                                   是否完结：是
                                   总页数：161
                                   分类：長篇,單行本,純愛,後宮閃光,妹妹系
                                   章节数：1
                                   最后更新时间：2018-12-02T12:48:22.197Z
                                   =================================================
2026-07-15 00:02:30 - mkk_pika - database.py:101 - INFO - 保存成功：おーばーふろぉ～挿れたら溢れる姉妹のキモチ～ 歐-巴-來洗澡
2026-07-15 00:02:30 - mkk_pika - main.py:35 - INFO - 开始检查PoW.exe是否存在未下载章节
2026-07-15 00:02:31 - mkk_pika - main.py:45 - INFO - 正在下载:[PoW.exe]-[時間差攻撃 (遠矢大介)]-[['同人', '短篇']]-[total_pages:24]
2026-07-15 00:02:31 - mkk_pika - main.py:49 - INFO - [{'_id': '5c03d4b0f53b203b55c1ae65', 'title': '第1集', 'order': 1, 'updated_at': '2018-12-02T12:39:48.011Z', 'id': '5c03d4b0f53b203b55c1ae65'}]
2026-07-15 00:02:31 - mkk_pika - database.py:215 - INFO - 第一次下载该漫画，记录数据库中
2026-07-15 00:02:31 - mkk_pika - main.py:83 - INFO - 找到 24 张图片在:第1集
2026-07-15 00:02:32 - mkk_pika - main.py:112 - INFO - [episode:第1集       ] downloaded:    24, total:  24, progress:100%
2026-07-15 00:02:32 - mkk_pika - database.py:238 - INFO - 数据库更新已下载章节
2026-07-15 00:02:32 - mkk_pika - database.py:244 - INFO - 该漫画已下载章节如下
2026-07-15 00:02:32 - mkk_pika - database.py:245 - INFO - ['第1集']
2026-07-15 00:02:33 - mkk_pika - main.py:348 - INFO - ==================== 漫画信息 ====================
                                   漫画ID：5c03d4b0f53b203b55c1ae64
                                   标题：PoW.exe
                                   作者：時間差攻撃 (遠矢大介)
                                   是否完结：否
                                   总页数：24
                                   分类：同人,短篇
                                   章节数：1
                                   最后更新时间：2018-12-02T12:48:48.283Z
                                   =================================================
2026-07-15 00:02:33 - mkk_pika - database.py:101 - INFO - 保存成功：PoW.exe
2026-07-15 00:02:33 - mkk_pika - main.py:35 - INFO - 开始检查永遠定食 一人前是否存在未下载章节
2026-07-15 00:02:34 - mkk_pika - main.py:45 - INFO - 正在下载:[永遠定食 一人前]-[はち]-[['同人', '短篇', '百合花園', '純愛', '東方']]-[total_pages:34]
2026-07-15 00:02:34 - mkk_pika - main.py:49 - INFO - [{'_id': '5c04ab128c77c76d3ebefb68', 'title': '第1集', 'order': 1, 'updated_at': '2018-12-02T13:19:53.341Z', 'id': '5c04ab128c77c76d3ebefb68'}]
2026-07-15 00:02:34 - mkk_pika - database.py:215 - INFO - 第一次下载该漫画，记录数据库中
2026-07-15 00:02:34 - mkk_pika - main.py:83 - INFO - 找到 34 张图片在:第1集
2026-07-15 00:02:36 - mkk_pika - main.py:112 - INFO - [episode:第1集       ] downloaded:    34, total:  34, progress:100%
2026-07-15 00:02:36 - mkk_pika - database.py:238 - INFO - 数据库更新已下载章节
2026-07-15 00:02:36 - mkk_pika - database.py:244 - INFO - 该漫画已下载章节如下
2026-07-15 00:02:36 - mkk_pika - database.py:245 - INFO - ['第1集']
2026-07-15 00:02:37 - mkk_pika - main.py:348 - INFO - ==================== 漫画信息 ====================
                                   漫画ID：5c04ab128c77c76d3ebefb67
                                   标题：永遠定食 一人前
                                   作者：はち
                                   是否完结：是
                                   总页数：34
                                   分类：同人,短篇,百合花園,純愛,東方
                                   章节数：1
                                   最后更新时间：2018-12-03T04:03:30.442Z
                                   =================================================
2026-07-15 00:02:37 - mkk_pika - database.py:101 - INFO - 保存成功：永遠定食 一人前
2026-07-15 00:02:37 - mkk_pika - main.py:35 - INFO - 开始检查千年の雨歌是否存在未下载章节
2026-07-15 00:02:37 - mkk_pika - main.py:45 - INFO - 正在下载:[千年の雨歌]-[なつき]-[['同人', '短篇', '百合花園', '純愛', '東方']]-[total_pages:24]
2026-07-15 00:02:37 - mkk_pika - main.py:49 - INFO - [{'_id': '5c04ab30f628796d382effc7', 'title': '第1集', 'order': 1, 'updated_at': '2018-12-02T13:30:09.863Z', 'id': '5c04ab30f628796d382effc7'}]
2026-07-15 00:02:37 - mkk_pika - database.py:215 - INFO - 第一次下载该漫画，记录数据库中
2026-07-15 00:02:38 - mkk_pika - main.py:83 - INFO - 找到 24 张图片在:第1集
2026-07-15 00:02:39 - mkk_pika - main.py:112 - INFO - [episode:第1集       ] downloaded:    24, total:  24, progress:100%
2026-07-15 00:02:39 - mkk_pika - database.py:238 - INFO - 数据库更新已下载章节
2026-07-15 00:02:39 - mkk_pika - database.py:244 - INFO - 该漫画已下载章节如下
2026-07-15 00:02:39 - mkk_pika - database.py:245 - INFO - ['第1集']
2026-07-15 00:02:40 - mkk_pika - main.py:348 - INFO - ==================== 漫画信息 ====================
                                   漫画ID：5c04ab30f628796d382effc6
                                   标题：千年の雨歌
                                   作者：なつき
                                   是否完结：是
                                   总页数：24
                                   分类：同人,短篇,百合花園,純愛,東方
                                   章节数：1
                                   最后更新时间：2018-12-03T04:04:00.832Z
                                   =================================================
2026-07-15 00:02:40 - mkk_pika - database.py:101 - INFO - 保存成功：千年の雨歌
2026-07-15 00:02:40 - mkk_pika - main.py:35 - INFO - 开始检查妹は天才是否存在未下载章节
2026-07-15 00:02:40 - mkk_pika - main.py:45 - INFO - 正在下载:[妹は天才]-[squeezecandyheaven (いちはや)]-[['妹妹系']]-[total_pages:29]
2026-07-15 00:02:40 - mkk_pika - main.py:49 - INFO - [{'_id': '5c04abb0f0058c06911886d4', 'title': '第1集', 'order': 1, 'updated_at': '2018-12-02T14:30:07.623Z', 'id': '5c04abb0f0058c06911886d4'}]
2026-07-15 00:02:40 - mkk_pika - database.py:215 - INFO - 第一次下载该漫画，记录数据库中
2026-07-15 00:02:41 - mkk_pika - main.py:83 - INFO - 找到 29 张图片在:第1集
2026-07-15 00:02:42 - mkk_pika - main.py:112 - INFO - [episode:第1集       ] downloaded:    29, total:  29, progress:100%
2026-07-15 00:02:42 - mkk_pika - database.py:238 - INFO - 数据库更新已下载章节
2026-07-15 00:02:42 - mkk_pika - database.py:244 - INFO - 该漫画已下载章节如下
2026-07-15 00:02:42 - mkk_pika - database.py:245 - INFO - ['第1集']
2026-07-15 00:02:43 - mkk_pika - main.py:348 - INFO - ==================== 漫画信息 ====================
                                   漫画ID：5c04abb0f0058c06911886d3
                                   标题：妹は天才
                                   作者：squeezecandyheaven (いちはや)
                                   是否完结：否
                                   总页数：29
                                   分类：妹妹系
                                   章节数：1
                                   最后更新时间：2018-12-03T04:06:08.554Z
                                   =================================================
2026-07-15 00:02:43 - mkk_pika - database.py:101 - INFO - 保存成功：妹は天才
2026-07-15 00:02:43 - mkk_pika - main.py:35 - INFO - 开始检查花調べ (Fate/Grand Order)是否存在未下载章节
2026-07-15 00:02:44 - mkk_pika - main.py:45 - INFO - 正在下载:[花調べ (Fate/Grand Order)]-[HMA (日吉ハナ)]-[['同人', '短篇', 'Fate']]-[total_pages:23]
2026-07-15 00:02:44 - mkk_pika - main.py:49 - INFO - [{'_id': '5c04abd617455e3b5d670405', 'title': '第1集', 'order': 1, 'updated_at': '2018-12-02T16:20:55.193Z', 'id': '5c04abd617455e3b5d670405'}]
2026-07-15 00:02:44 - mkk_pika - database.py:215 - INFO - 第一次下载该漫画，记录数据库中
2026-07-15 00:02:45 - mkk_pika - main.py:83 - INFO - 找到 23 张图片在:第1集
2026-07-15 00:02:46 - mkk_pika - main.py:112 - INFO - [episode:第1集       ] downloaded:    23, total:  23, progress:100%
2026-07-15 00:02:46 - mkk_pika - database.py:238 - INFO - 数据库更新已下载章节
2026-07-15 00:02:46 - mkk_pika - database.py:244 - INFO - 该漫画已下载章节如下
2026-07-15 00:02:46 - mkk_pika - database.py:245 - INFO - ['第1集']
2026-07-15 00:02:47 - mkk_pika - main.py:348 - INFO - ==================== 漫画信息 ====================
                                   漫画ID：5c04abd617455e3b5d670404
                                   标题：花調べ (Fate/Grand Order)
                                   作者：HMA (日吉ハナ)
                                   是否完结：是
                                   总页数：23
                                   分类：同人,短篇,Fate
                                   章节数：1
                                   最后更新时间：2018-12-03T04:06:46.652Z
                                   =================================================
2026-07-15 00:02:47 - mkk_pika - database.py:101 - INFO - 保存成功：花調べ (Fate/Grand Order)
2026-07-15 00:02:47 - mkk_pika - main.py:35 - INFO - 开始检查ブレンドS母乳部+おまけ (ブレンド・S) 是否存在未下载章节
2026-07-15 00:02:47 - mkk_pika - main.py:45 - INFO - 正在下载:[ブレンドS母乳部+おまけ (ブレンド・S) ]-[ジャックとニコルソン (のりパチ)]-[['同人', '短篇', '全彩']]-[total_pages:29]
2026-07-15 00:02:47 - mkk_pika - main.py:49 - INFO - [{'_id': '5c04ac00f0229e3b9539415d', 'title': '第1集', 'order': 1, 'updated_at': '2018-12-03T02:23:03.306Z', 'id': '5c04ac00f0229e3b9539415d'}]
2026-07-15 00:02:47 - mkk_pika - database.py:215 - INFO - 第一次下载该漫画，记录数据库中
2026-07-15 00:02:48 - mkk_pika - main.py:83 - INFO - 找到 29 张图片在:第1集
2026-07-15 00:02:49 - mkk_pika - main.py:112 - INFO - [episode:第1集       ] downloaded:    29, total:  29, progress:100%
2026-07-15 00:02:49 - mkk_pika - database.py:238 - INFO - 数据库更新已下载章节
2026-07-15 00:02:49 - mkk_pika - database.py:244 - INFO - 该漫画已下载章节如下
2026-07-15 00:02:49 - mkk_pika - database.py:245 - INFO - ['第1集']
2026-07-15 00:02:50 - mkk_pika - main.py:348 - INFO - ==================== 漫画信息 ====================
                                   漫画ID：5c04ac00f0229e3b9539415c
                                   标题：ブレンドS母乳部+おまけ (ブレンド・S) 
                                   作者：ジャックとニコルソン (のりパチ)
                                   是否完结：是
                                   总页数：29
                                   分类：同人,短篇,全彩
                                   章节数：1
                                   最后更新时间：2018-12-03T04:07:28.662Z
                                   =================================================
2026-07-15 00:02:50 - mkk_pika - database.py:101 - INFO - 保存成功：ブレンドS母乳部+おまけ (ブレンド・S) 
2026-07-15 00:02:50 - mkk_pika - main.py:35 - INFO - 开始检查(C94) 小僧のぱんつ是否存在未下载章节
2026-07-15 00:02:50 - mkk_pika - main.py:45 - INFO - 正在下载:[(C94) 小僧のぱんつ]-[BEAR-BEAR (しろくまこ)]-[['同人', '短篇', '純愛', '非人類', 'Fate']]-[total_pages:30]
2026-07-15 00:02:50 - mkk_pika - main.py:49 - INFO - [{'_id': '5c04ad0c17455e3b5d67041f', 'title': '第1集', 'order': 1, 'updated_at': '2018-12-03T03:18:29.698Z', 'id': '5c04ad0c17455e3b5d67041f'}]
2026-07-15 00:02:50 - mkk_pika - database.py:215 - INFO - 第一次下载该漫画，记录数据库中
2026-07-15 00:02:51 - mkk_pika - main.py:83 - INFO - 找到 30 张图片在:第1集
2026-07-15 00:02:52 - mkk_pika - main.py:112 - INFO - [episode:第1集       ] downloaded:    30, total:  30, progress:100%
2026-07-15 00:02:52 - mkk_pika - database.py:238 - INFO - 数据库更新已下载章节
2026-07-15 00:02:52 - mkk_pika - database.py:244 - INFO - 该漫画已下载章节如下
2026-07-15 00:02:52 - mkk_pika - database.py:245 - INFO - ['第1集']
2026-07-15 00:02:54 - mkk_pika - main.py:348 - INFO - ==================== 漫画信息 ====================
                                   漫画ID：5c04ad0c17455e3b5d67041e
                                   标题：(C94) 小僧のぱんつ
                                   作者：BEAR-BEAR (しろくまこ)
                                   是否完结：是
                                   总页数：30
                                   分类：同人,短篇,純愛,非人類,Fate
                                   章节数：1
                                   最后更新时间：2018-12-03T04:11:56.667Z
                                   =================================================
2026-07-15 00:02:54 - mkk_pika - database.py:101 - INFO - 保存成功：(C94) 小僧のぱんつ
2026-07-15 00:02:54 - mkk_pika - main.py:35 - INFO - 开始检查(C94) アナちゃんよろしくね是否存在未下载章节
2026-07-15 00:02:54 - mkk_pika - main.py:45 - INFO - 正在下载:[(C94) アナちゃんよろしくね]-[すずめねすと (雨美すずめ)]-[['全彩', '同人', '短篇', 'Fate', '非人類']]-[total_pages:14]
2026-07-15 00:02:54 - mkk_pika - main.py:49 - INFO - [{'_id': '5c04ad24f0229e3b95394198', 'title': '第1集', 'order': 1, 'updated_at': '2018-12-03T03:57:27.504Z', 'id': '5c04ad24f0229e3b95394198'}]
2026-07-15 00:02:54 - mkk_pika - database.py:215 - INFO - 第一次下载该漫画，记录数据库中
2026-07-15 00:02:54 - mkk_pika - main.py:83 - INFO - 找到 14 张图片在:第1集
2026-07-15 00:02:55 - mkk_pika - main.py:112 - INFO - [episode:第1集       ] downloaded:    14, total:  14, progress:100%
2026-07-15 00:02:55 - mkk_pika - database.py:238 - INFO - 数据库更新已下载章节
2026-07-15 00:02:55 - mkk_pika - database.py:244 - INFO - 该漫画已下载章节如下
2026-07-15 00:02:55 - mkk_pika - database.py:245 - INFO - ['第1集']
2026-07-15 00:02:56 - mkk_pika - main.py:348 - INFO - ==================== 漫画信息 ====================
                                   漫画ID：5c04ad24f0229e3b95394197
                                   标题：(C94) アナちゃんよろしくね
                                   作者：すずめねすと (雨美すずめ)
                                   是否完结：是
                                   总页数：14
                                   分类：全彩,同人,短篇,Fate,非人類
                                   章节数：1
                                   最后更新时间：2018-12-03T04:12:20.956Z
                                   =================================================
2026-07-15 00:02:56 - mkk_pika - database.py:101 - INFO - 保存成功：(C94) アナちゃんよろしくね
2026-07-15 00:02:56 - mkk_pika - main.py:35 - INFO - 开始检查蜜事是否存在未下载章节
2026-07-15 00:02:57 - mkk_pika - main.py:45 - INFO - 正在下载:[蜜事]-[竜太]-[['長篇', '純愛', '單行本', '妹妹系', '姐姐系', '後宮閃光', '人妻', 'NTR']]-[total_pages:214]
2026-07-15 00:02:57 - mkk_pika - main.py:49 - INFO - [{'_id': '5c054965b07cc50f8df87fdf', 'title': '第1集', 'order': 1, 'updated_at': '2018-11-29T08:55:17.050Z', 'id': '5c054965b07cc50f8df87fdf'}]
2026-07-15 00:02:57 - mkk_pika - database.py:215 - INFO - 第一次下载该漫画，记录数据库中
2026-07-15 00:02:59 - mkk_pika - main.py:83 - INFO - 找到 214 张图片在:第1集
2026-07-15 00:03:06 - mkk_pika - main.py:112 - INFO - [episode:第1集       ] downloaded:   214, total: 214, progress:100%
2026-07-15 00:03:06 - mkk_pika - database.py:238 - INFO - 数据库更新已下载章节
2026-07-15 00:03:06 - mkk_pika - database.py:244 - INFO - 该漫画已下载章节如下
2026-07-15 00:03:06 - mkk_pika - database.py:245 - INFO - ['第1集']
2026-07-15 00:03:07 - mkk_pika - main.py:348 - INFO - ==================== 漫画信息 ====================
                                   漫画ID：5c054965b07cc50f8df87fde
                                   标题：蜜事
                                   作者：竜太
                                   是否完结：是
                                   总页数：214
                                   分类：長篇,純愛,單行本,妹妹系,姐姐系,後宮閃光,人妻,NTR
                                   章节数：1
                                   最后更新时间：2018-12-03T15:19:01.046Z
                                   =================================================
2026-07-15 00:03:07 - mkk_pika - database.py:101 - INFO - 保存成功：蜜事
2026-07-15 00:03:07 - mkk_pika - main.py:35 - INFO - 开始检查AIシテル是否存在未下载章节
2026-07-15 00:03:07 - mkk_pika - main.py:45 - INFO - 正在下载:[AIシテル]-[Hisasi]-[['短篇', '純愛']]-[total_pages:16]
2026-07-15 00:03:07 - mkk_pika - main.py:49 - INFO - [{'_id': '5c0549bd6bec1f3850682bd2', 'title': '第1集', 'order': 1, 'updated_at': '2018-12-03T11:45:12.308Z', 'id': '5c0549bd6bec1f3850682bd2'}]
2026-07-15 00:03:07 - mkk_pika - database.py:215 - INFO - 第一次下载该漫画，记录数据库中
2026-07-15 00:03:08 - mkk_pika - main.py:83 - INFO - 找到 16 张图片在:第1集
2026-07-15 00:03:09 - mkk_pika - main.py:112 - INFO - [episode:第1集       ] downloaded:    16, total:  16, progress:100%
2026-07-15 00:03:09 - mkk_pika - database.py:238 - INFO - 数据库更新已下载章节
2026-07-15 00:03:09 - mkk_pika - database.py:244 - INFO - 该漫画已下载章节如下
2026-07-15 00:03:09 - mkk_pika - database.py:245 - INFO - ['第1集']
2026-07-15 00:03:10 - mkk_pika - main.py:348 - INFO - ==================== 漫画信息 ====================
                                   漫画ID：5c0549bd6bec1f3850682bd1
                                   标题：AIシテル
                                   作者：Hisasi
                                   是否完结：是
                                   总页数：16
                                   分类：短篇,純愛
                                   章节数：1
                                   最后更新时间：2018-12-03T15:20:29.535Z
                                   =================================================
2026-07-15 00:03:10 - mkk_pika - database.py:101 - INFO - 保存成功：AIシテル
2026-07-15 00:03:10 - mkk_pika - main.py:35 - INFO - 开始检查芙兰想要H是否存在未下载章节
2026-07-15 00:03:10 - mkk_pika - main.py:45 - INFO - 正在下载:[芙兰想要H]-[tkmiz]-[['短篇', '純愛', '東方']]-[total_pages:31]
2026-07-15 00:03:10 - mkk_pika - main.py:49 - INFO - [{'_id': '5c054a0d62da1a5d22338dad', 'title': '第1集', 'order': 1, 'updated_at': '2018-12-03T14:16:06.267Z', 'id': '5c054a0d62da1a5d22338dad'}]
2026-07-15 00:03:10 - mkk_pika - database.py:215 - INFO - 第一次下载该漫画，记录数据库中
2026-07-15 00:03:11 - mkk_pika - main.py:83 - INFO - 找到 31 张图片在:第1集
2026-07-15 00:03:12 - mkk_pika - main.py:112 - INFO - [episode:第1集       ] downloaded:    31, total:  31, progress:100%
2026-07-15 00:03:12 - mkk_pika - database.py:238 - INFO - 数据库更新已下载章节
2026-07-15 00:03:12 - mkk_pika - database.py:244 - INFO - 该漫画已下载章节如下
2026-07-15 00:03:12 - mkk_pika - database.py:245 - INFO - ['第1集']
2026-07-15 00:03:14 - mkk_pika - main.py:348 - INFO - ==================== 漫画信息 ====================
                                   漫画ID：5c054a0d62da1a5d22338dac
                                   标题：芙兰想要H
                                   作者：tkmiz
                                   是否完结：否
                                   总页数：31
                                   分类：短篇,純愛,東方
                                   章节数：1
                                   最后更新时间：2018-12-03T15:21:49.763Z
                                   =================================================
2026-07-15 00:03:14 - mkk_pika - database.py:101 - INFO - 保存成功：芙兰想要H
2026-07-15 00:03:14 - mkk_pika - main.py:35 - INFO - 开始检查魔物娘おっぱい志向～魔術師とゾンビ娘の精液搾り～是否存在未下载章节
2026-07-15 00:03:14 - mkk_pika - main.py:45 - INFO - 正在下载:[魔物娘おっぱい志向～魔術師とゾンビ娘の精液搾り～]-[雪見日和]-[['全彩', '短篇', '非人類']]-[total_pages:48]
2026-07-15 00:03:14 - mkk_pika - main.py:49 - INFO - [{'_id': '5c054a419c42cf387fd3aa5c', 'title': '第1集', 'order': 1, 'updated_at': '2018-12-03T15:15:02.380Z', 'id': '5c054a419c42cf387fd3aa5c'}]
2026-07-15 00:03:14 - mkk_pika - database.py:215 - INFO - 第一次下载该漫画，记录数据库中
2026-07-15 00:03:15 - mkk_pika - main.py:83 - INFO - 找到 48 张图片在:第1集
2026-07-15 00:03:16 - mkk_pika - main.py:112 - INFO - [episode:第1集       ] downloaded:    48, total:  48, progress:100%
2026-07-15 00:03:16 - mkk_pika - database.py:238 - INFO - 数据库更新已下载章节
2026-07-15 00:03:16 - mkk_pika - database.py:244 - INFO - 该漫画已下载章节如下
2026-07-15 00:03:16 - mkk_pika - database.py:245 - INFO - ['第1集']
2026-07-15 00:03:18 - mkk_pika - main.py:348 - INFO - ==================== 漫画信息 ====================
                                   漫画ID：5c054a419c42cf387fd3aa5b
                                   标题：魔物娘おっぱい志向～魔術師とゾンビ娘の精液搾り～
                                   作者：雪見日和
                                   是否完结：否
                                   总页数：48
                                   分类：全彩,短篇,非人類
                                   章节数：1
                                   最后更新时间：2018-12-03T15:22:41.457Z
                                   =================================================
2026-07-15 00:03:18 - mkk_pika - database.py:101 - INFO - 保存成功：魔物娘おっぱい志向～魔術師とゾンビ娘の精液搾り～
2026-07-15 00:03:18 - mkk_pika - main.py:35 - INFO - 开始检查魔物娘おっぱい志向～魔術師とゾンビ娘の精液搾りその2～ 是否存在未下载章节
2026-07-15 00:03:18 - mkk_pika - main.py:45 - INFO - 正在下载:[魔物娘おっぱい志向～魔術師とゾンビ娘の精液搾りその2～ ]-[雪見日和]-[['全彩', '短篇', '非人類']]-[total_pages:43]
2026-07-15 00:03:18 - mkk_pika - main.py:49 - INFO - [{'_id': '5c054a5ce12b6314510f43e1', 'title': '第1集', 'order': 1, 'updated_at': '2018-12-03T15:18:22.416Z', 'id': '5c054a5ce12b6314510f43e1'}]
2026-07-15 00:03:18 - mkk_pika - database.py:215 - INFO - 第一次下载该漫画，记录数据库中
2026-07-15 00:03:19 - mkk_pika - main.py:83 - INFO - 找到 43 张图片在:第1集
2026-07-15 00:03:20 - mkk_pika - main.py:112 - INFO - [episode:第1集       ] downloaded:    43, total:  43, progress:100%
2026-07-15 00:03:20 - mkk_pika - database.py:238 - INFO - 数据库更新已下载章节
2026-07-15 00:03:20 - mkk_pika - database.py:244 - INFO - 该漫画已下载章节如下
2026-07-15 00:03:20 - mkk_pika - database.py:245 - INFO - ['第1集']
2026-07-15 00:03:22 - mkk_pika - main.py:348 - INFO - ==================== 漫画信息 ====================
                                   漫画ID：5c054a5ce12b6314510f43e0
                                   标题：魔物娘おっぱい志向～魔術師とゾンビ娘の精液搾りその2～ 
                                   作者：雪見日和
                                   是否完结：否
                                   总页数：43
                                   分类：全彩,短篇,非人類
                                   章节数：1
                                   最后更新时间：2018-12-03T15:23:08.628Z
                                   =================================================
2026-07-15 00:03:22 - mkk_pika - database.py:101 - INFO - 保存成功：魔物娘おっぱい志向～魔術師とゾンビ娘の精液搾りその2～ 
2026-07-15 00:03:22 - mkk_pika - main.py:35 - INFO - 开始检查魔物娘おっぱい志向～魔術師とゾンビ娘の精液搾りその3～ 是否存在未下载章节
2026-07-15 00:03:22 - mkk_pika - main.py:45 - INFO - 正在下载:[魔物娘おっぱい志向～魔術師とゾンビ娘の精液搾りその3～ ]-[雪見日和]-[['全彩', '短篇', '非人類']]-[total_pages:48]
2026-07-15 00:03:22 - mkk_pika - main.py:49 - INFO - [{'_id': '5c054a76650715387e1cd2cb', 'title': '第1集', 'order': 1, 'updated_at': '2018-12-03T15:21:44.346Z', 'id': '5c054a76650715387e1cd2cb'}]
2026-07-15 00:03:22 - mkk_pika - database.py:215 - INFO - 第一次下载该漫画，记录数据库中
2026-07-15 00:03:23 - mkk_pika - main.py:83 - INFO - 找到 48 张图片在:第1集
2026-07-15 00:03:25 - mkk_pika - main.py:112 - INFO - [episode:第1集       ] downloaded:    48, total:  48, progress:100%
2026-07-15 00:03:25 - mkk_pika - database.py:238 - INFO - 数据库更新已下载章节
2026-07-15 00:03:25 - mkk_pika - database.py:244 - INFO - 该漫画已下载章节如下
2026-07-15 00:03:25 - mkk_pika - database.py:245 - INFO - ['第1集']
2026-07-15 00:03:26 - mkk_pika - main.py:348 - INFO - ==================== 漫画信息 ====================
                                   漫画ID：5c054a76650715387e1cd2ca
                                   标题：魔物娘おっぱい志向～魔術師とゾンビ娘の精液搾りその3～ 
                                   作者：雪見日和
                                   是否完结：否
                                   总页数：48
                                   分类：全彩,短篇,非人類
                                   章节数：1
                                   最后更新时间：2018-12-03T15:23:34.281Z
                                   =================================================
2026-07-15 00:03:26 - mkk_pika - database.py:101 - INFO - 保存成功：魔物娘おっぱい志向～魔術師とゾンビ娘の精液搾りその3～ 
2026-07-15 00:03:26 - mkk_pika - main.py:35 - INFO - 开始检查魔物娘おっぱい志向～魔術師とゾンビ娘の精液搾りその4～ 是否存在未下载章节
2026-07-15 00:03:26 - mkk_pika - main.py:45 - INFO - 正在下载:[魔物娘おっぱい志向～魔術師とゾンビ娘の精液搾りその4～ ]-[雪見日和]-[['全彩', '短篇', '非人類']]-[total_pages:42]
2026-07-15 00:03:26 - mkk_pika - main.py:49 - INFO - [{'_id': '5c05fd0226c69e5cf745be01', 'title': '第1集', 'order': 1, 'updated_at': '2018-12-03T15:24:30.715Z', 'id': '5c05fd0226c69e5cf745be01'}]
2026-07-15 00:03:26 - mkk_pika - database.py:215 - INFO - 第一次下载该漫画，记录数据库中
2026-07-15 00:03:27 - mkk_pika - main.py:83 - INFO - 找到 42 张图片在:第1集
2026-07-15 00:03:29 - mkk_pika - main.py:112 - INFO - [episode:第1集       ] downloaded:    42, total:  42, progress:100%
2026-07-15 00:03:29 - mkk_pika - database.py:238 - INFO - 数据库更新已下载章节
2026-07-15 00:03:29 - mkk_pika - database.py:244 - INFO - 该漫画已下载章节如下
2026-07-15 00:03:29 - mkk_pika - database.py:245 - INFO - ['第1集']
2026-07-15 00:03:31 - mkk_pika - main.py:348 - INFO - ==================== 漫画信息 ====================
                                   漫画ID：5c05fd0226c69e5cf745be00
                                   标题：魔物娘おっぱい志向～魔術師とゾンビ娘の精液搾りその4～ 
                                   作者：雪見日和
                                   是否完结：否
                                   总页数：42
                                   分类：全彩,短篇,非人類
                                   章节数：1
                                   最后更新时间：2018-12-04T04:05:22.369Z
                                   =================================================
2026-07-15 00:03:31 - mkk_pika - database.py:101 - INFO - 保存成功：魔物娘おっぱい志向～魔術師とゾンビ娘の精液搾りその4～ 
2026-07-15 00:03:31 - mkk_pika - main.py:35 - INFO - 开始检查魔物娘おっぱい志向～魔術師とゾンビ娘の精液搾りその5～ 是否存在未下载章节
2026-07-15 00:03:31 - mkk_pika - main.py:45 - INFO - 正在下载:[魔物娘おっぱい志向～魔術師とゾンビ娘の精液搾りその5～ ]-[雪見日和]-[['短篇', '全彩', '非人類']]-[total_pages:67]
2026-07-15 00:03:31 - mkk_pika - main.py:49 - INFO - [{'_id': '5c05fd146bec1f3850682de6', 'title': '第1集', 'order': 1, 'updated_at': '2018-12-03T15:29:02.577Z', 'id': '5c05fd146bec1f3850682de6'}]
2026-07-15 00:03:31 - mkk_pika - database.py:215 - INFO - 第一次下载该漫画，记录数据库中
2026-07-15 00:03:32 - mkk_pika - main.py:83 - INFO - 找到 67 张图片在:第1集
2026-07-15 00:03:34 - mkk_pika - main.py:112 - INFO - [episode:第1集       ] downloaded:    67, total:  67, progress:100%
2026-07-15 00:03:34 - mkk_pika - database.py:238 - INFO - 数据库更新已下载章节
2026-07-15 00:03:34 - mkk_pika - database.py:244 - INFO - 该漫画已下载章节如下
2026-07-15 00:03:34 - mkk_pika - database.py:245 - INFO - ['第1集']
2026-07-15 00:03:35 - mkk_pika - main.py:348 - INFO - ==================== 漫画信息 ====================
                                   漫画ID：5c05fd146bec1f3850682de5
                                   标题：魔物娘おっぱい志向～魔術師とゾンビ娘の精液搾りその5～ 
                                   作者：雪見日和
                                   是否完结：否
                                   总页数：67
                                   分类：短篇,全彩,非人類
                                   章节数：1
                                   最后更新时间：2018-12-04T04:05:40.664Z
                                   =================================================
2026-07-15 00:03:35 - mkk_pika - database.py:101 - INFO - 保存成功：魔物娘おっぱい志向～魔術師とゾンビ娘の精液搾りその5～ 
2026-07-15 00:03:35 - mkk_pika - main.py:35 - INFO - 开始检查(C94) 搾精ハーヴィン風俗II (グランブルーファンタジー)是否存在未下载章节
2026-07-15 00:03:35 - mkk_pika - main.py:45 - INFO - 正在下载:[(C94) 搾精ハーヴィン風俗II (グランブルーファンタジー)]-[さくらんぼ★しゅがぁ (らい)]-[['同人', '碧藍幻想', '短篇']]-[total_pages:32]
2026-07-15 00:03:35 - mkk_pika - main.py:49 - INFO - [{'_id': '5c05fd3dfea79b38485e7fc7', 'title': '第1集', 'order': 1, 'updated_at': '2018-12-07T04:00:57.239Z', 'id': '5c05fd3dfea79b38485e7fc7'}]
2026-07-15 00:03:35 - mkk_pika - database.py:215 - INFO - 第一次下载该漫画，记录数据库中
2026-07-15 00:03:36 - mkk_pika - main.py:83 - INFO - 找到 32 张图片在:第1集
2026-07-15 00:03:37 - mkk_pika - main.py:112 - INFO - [episode:第1集       ] downloaded:    32, total:  32, progress:100%
2026-07-15 00:03:37 - mkk_pika - database.py:238 - INFO - 数据库更新已下载章节
2026-07-15 00:03:37 - mkk_pika - database.py:244 - INFO - 该漫画已下载章节如下
2026-07-15 00:03:37 - mkk_pika - database.py:245 - INFO - ['第1集']
2026-07-15 00:03:39 - mkk_pika - main.py:348 - INFO - ==================== 漫画信息 ====================
                                   漫画ID：5c05fd3cfea79b38485e7fc6
                                   标题：(C94) 搾精ハーヴィン風俗II (グランブルーファンタジー)
                                   作者：さくらんぼ★しゅがぁ (らい)
                                   是否完结：是
                                   总页数：32
                                   分类：同人,碧藍幻想,短篇
                                   章节数：1
                                   最后更新时间：2018-12-04T04:06:20.982Z
                                   =================================================
2026-07-15 00:03:39 - mkk_pika - database.py:101 - INFO - 保存成功：(C94) 搾精ハーヴィン風俗II (グランブルーファンタジー)
2026-07-15 00:03:39 - mkk_pika - main.py:35 - INFO - 开始检查幽体の魔法陣 ～あの娘に憑依して彼女とXXX2～是否存在未下载章节
2026-07-15 00:03:39 - mkk_pika - main.py:45 - INFO - 正在下载:[幽体の魔法陣 ～あの娘に憑依して彼女とXXX2～]-[TSF妄想蓄積所]-[['短篇', '性轉換']]-[total_pages:66]
2026-07-15 00:03:39 - mkk_pika - main.py:49 - INFO - [{'_id': '5c0633b56209e667d020aa1d', 'title': '第1集', 'order': 1, 'updated_at': '2018-12-03T19:55:13.303Z', 'id': '5c0633b56209e667d020aa1d'}, {'_id': '5c0633b56209e667d020aa1e', 'title': '第2集', 'order': 2, 'updated_at': '2018-12-03T19:56:07.848Z', 'id': '5c0633b56209e667d020aa1e'}]
2026-07-15 00:03:39 - mkk_pika - database.py:215 - INFO - 第一次下载该漫画，记录数据库中
2026-07-15 00:03:39 - mkk_pika - main.py:83 - INFO - 找到 33 张图片在:第1集
2026-07-15 00:03:40 - mkk_pika - main.py:112 - INFO - [episode:第1集       ] downloaded:    33, total:  33, progress:100%
2026-07-15 00:03:40 - mkk_pika - database.py:238 - INFO - 数据库更新已下载章节
2026-07-15 00:03:40 - mkk_pika - database.py:244 - INFO - 该漫画已下载章节如下
2026-07-15 00:03:40 - mkk_pika - database.py:245 - INFO - ['第1集']
2026-07-15 00:03:42 - mkk_pika - main.py:83 - INFO - 找到 33 张图片在:第2集
2026-07-15 00:03:43 - mkk_pika - main.py:112 - INFO - [episode:第2集       ] downloaded:    33, total:  33, progress:100%
2026-07-15 00:03:43 - mkk_pika - database.py:238 - INFO - 数据库更新已下载章节
2026-07-15 00:03:43 - mkk_pika - database.py:244 - INFO - 该漫画已下载章节如下
2026-07-15 00:03:43 - mkk_pika - database.py:245 - INFO - ['第1集', '第2集']
2026-07-15 00:03:44 - mkk_pika - main.py:348 - INFO - ==================== 漫画信息 ====================
                                   漫画ID：5b30d24386b1145071281b76
                                   标题：幽体の魔法陣 ～あの娘に憑依して彼女とXXX2～
                                   作者：TSF妄想蓄積所
                                   是否完结：否
                                   总页数：66
                                   分类：短篇,性轉換
                                   章节数：2
                                   最后更新时间：2018-12-04T07:58:45.849Z
                                   =================================================
2026-07-15 00:03:44 - mkk_pika - database.py:101 - INFO - 保存成功：幽体の魔法陣 ～あの娘に憑依して彼女とXXX2～
2026-07-15 00:03:44 - mkk_pika - main.py:35 - INFO - 开始检查(C83) Love Marry (よろず)是否存在未下载章节
2026-07-15 00:03:45 - mkk_pika - main.py:45 - INFO - 正在下载:[(C83) Love Marry (よろず)]-[Alice Garden (ひなたもも)]-[['全彩', '短篇']]-[total_pages:16]
2026-07-15 00:03:45 - mkk_pika - main.py:49 - INFO - [{'_id': '5c0636966e61fd27058127d9', 'title': '第1集', 'order': 1, 'updated_at': '2018-11-22T09:19:08.255Z', 'id': '5c0636966e61fd27058127d9'}]
2026-07-15 00:03:45 - mkk_pika - database.py:215 - INFO - 第一次下载该漫画，记录数据库中
2026-07-15 00:03:45 - mkk_pika - main.py:83 - INFO - 找到 16 张图片在:第1集
2026-07-15 00:03:46 - mkk_pika - main.py:112 - INFO - [episode:第1集       ] downloaded:    16, total:  16, progress:100%
2026-07-15 00:03:46 - mkk_pika - database.py:238 - INFO - 数据库更新已下载章节
2026-07-15 00:03:46 - mkk_pika - database.py:244 - INFO - 该漫画已下载章节如下
2026-07-15 00:03:46 - mkk_pika - database.py:245 - INFO - ['第1集']
2026-07-15 00:03:47 - mkk_pika - main.py:348 - INFO - ==================== 漫画信息 ====================
                                   漫画ID：5c0636966e61fd27058127d8
                                   标题：(C83) Love Marry (よろず)
                                   作者：Alice Garden (ひなたもも)
                                   是否完结：是
                                   总页数：16
                                   分类：全彩,短篇
                                   章节数：1
                                   最后更新时间：2018-12-04T08:11:02.470Z
                                   =================================================
2026-07-15 00:03:47 - mkk_pika - database.py:101 - INFO - 保存成功：(C83) Love Marry (よろず)
2026-07-15 00:03:47 - mkk_pika - main.py:35 - INFO - 开始检查(C86) TROPICANA (beatmaniaIIDX)是否存在未下载章节
2026-07-15 00:03:48 - mkk_pika - main.py:45 - INFO - 正在下载:[(C86) TROPICANA (beatmaniaIIDX)]-[Alice Garden (ひなたもも)]-[['全彩', '短篇']]-[total_pages:22]
2026-07-15 00:03:48 - mkk_pika - main.py:49 - INFO - [{'_id': '5c06374832c5c826cfbfa0c2', 'title': '第1集', 'order': 1, 'updated_at': '2018-11-22T09:22:31.257Z', 'id': '5c06374832c5c826cfbfa0c2'}]
2026-07-15 00:03:48 - mkk_pika - database.py:215 - INFO - 第一次下载该漫画，记录数据库中
2026-07-15 00:03:48 - mkk_pika - main.py:83 - INFO - 找到 22 张图片在:第1集
2026-07-15 00:03:49 - mkk_pika - main.py:112 - INFO - [episode:第1集       ] downloaded:    22, total:  22, progress:100%
2026-07-15 00:03:49 - mkk_pika - database.py:238 - INFO - 数据库更新已下载章节
2026-07-15 00:03:49 - mkk_pika - database.py:244 - INFO - 该漫画已下载章节如下
2026-07-15 00:03:49 - mkk_pika - database.py:245 - INFO - ['第1集']
2026-07-15 00:03:50 - mkk_pika - main.py:348 - INFO - ==================== 漫画信息 ====================
                                   漫画ID：5c06374832c5c826cfbfa0c1
                                   标题：(C86) TROPICANA (beatmaniaIIDX)
                                   作者：Alice Garden (ひなたもも)
                                   是否完结：否
                                   总页数：22
                                   分类：全彩,短篇
                                   章节数：1
                                   最后更新时间：2018-12-04T08:14:00.019Z
                                   =================================================
2026-07-15 00:03:50 - mkk_pika - database.py:101 - INFO - 保存成功：(C86) TROPICANA (beatmaniaIIDX)
2026-07-15 00:03:50 - mkk_pika - main.py:35 - INFO - 开始检查(C91) Tropicana Mix (BEMANI)是否存在未下载章节
2026-07-15 00:03:51 - mkk_pika - main.py:45 - INFO - 正在下载:[(C91) Tropicana Mix (BEMANI)]-[AliceGarden (ひなたもも)]-[['全彩', '短篇']]-[total_pages:42]
2026-07-15 00:03:51 - mkk_pika - main.py:49 - INFO - [{'_id': '5c063751b31b4a26fe8f35eb', 'title': '第1集', 'order': 1, 'updated_at': '2018-11-22T09:25:23.038Z', 'id': '5c063751b31b4a26fe8f35eb'}]
2026-07-15 00:03:51 - mkk_pika - database.py:215 - INFO - 第一次下载该漫画，记录数据库中
2026-07-15 00:03:52 - mkk_pika - main.py:83 - INFO - 找到 42 张图片在:第1集
2026-07-15 00:03:53 - mkk_pika - main.py:112 - INFO - [episode:第1集       ] downloaded:    42, total:  42, progress:100%
2026-07-15 00:03:53 - mkk_pika - database.py:238 - INFO - 数据库更新已下载章节
2026-07-15 00:03:53 - mkk_pika - database.py:244 - INFO - 该漫画已下载章节如下
2026-07-15 00:03:53 - mkk_pika - database.py:245 - INFO - ['第1集']
2026-07-15 00:03:54 - mkk_pika - main.py:348 - INFO - ==================== 漫画信息 ====================
                                   漫画ID：5c063751b31b4a26fe8f35ea
                                   标题：(C91) Tropicana Mix (BEMANI)
                                   作者：AliceGarden (ひなたもも)
                                   是否完结：否
                                   总页数：42
                                   分类：全彩,短篇
                                   章节数：1
                                   最后更新时间：2018-12-04T08:14:09.040Z
                                   =================================================
2026-07-15 00:03:54 - mkk_pika - database.py:101 - INFO - 保存成功：(C91) Tropicana Mix (BEMANI)
2026-07-15 00:03:54 - mkk_pika - main.py:35 - INFO - 开始检查書名不知道取什麼 反正是WA2000的本子（少女前线）是否存在未下载章节
2026-07-15 00:03:55 - mkk_pika - main.py:45 - INFO - 正在下载:[書名不知道取什麼 反正是WA2000的本子（少女前线）]-[今晚吃毒不畫圖 (九曜)]-[['同人', '短篇']]-[total_pages:18]
2026-07-15 00:03:55 - mkk_pika - main.py:49 - INFO - [{'_id': '5c0638106e61fd27058127ef', 'title': '第1集', 'order': 1, 'updated_at': '2018-12-02T12:13:11.473Z', 'id': '5c0638106e61fd27058127ef'}]
2026-07-15 00:03:55 - mkk_pika - database.py:215 - INFO - 第一次下载该漫画，记录数据库中
2026-07-15 00:03:55 - mkk_pika - main.py:83 - INFO - 找到 18 张图片在:第1集
2026-07-15 00:03:56 - mkk_pika - main.py:112 - INFO - [episode:第1集       ] downloaded:    18, total:  18, progress:100%
2026-07-15 00:03:56 - mkk_pika - database.py:238 - INFO - 数据库更新已下载章节
2026-07-15 00:03:56 - mkk_pika - database.py:244 - INFO - 该漫画已下载章节如下
2026-07-15 00:03:56 - mkk_pika - database.py:245 - INFO - ['第1集']
2026-07-15 00:03:57 - mkk_pika - main.py:348 - INFO - ==================== 漫画信息 ====================
                                   漫画ID：5c0638106e61fd27058127ee
                                   标题：書名不知道取什麼 反正是WA2000的本子（少女前线）
                                   作者：今晚吃毒不畫圖 (九曜)
                                   是否完结：否
                                   总页数：18
                                   分类：同人,短篇
                                   章节数：1
                                   最后更新时间：2018-12-04T08:17:20.128Z
                                   =================================================
2026-07-15 00:03:57 - mkk_pika - database.py:101 - INFO - 保存成功：書名不知道取什麼 反正是WA2000的本子（少女前线）
2026-07-15 00:03:57 - mkk_pika - main.py:35 - INFO - 开始检查山中家的秘術是否存在未下载章节
2026-07-15 00:03:58 - mkk_pika - main.py:45 - INFO - 正在下载:[山中家的秘術]-[芽依&孫尚香無慘]-[['全彩', '短篇', '性轉換']]-[total_pages:21]
2026-07-15 00:03:58 - mkk_pika - main.py:49 - INFO - [{'_id': '5c06382822a6a026c8138ed5', 'title': '第1集', 'order': 1, 'updated_at': '2018-12-03T19:49:34.481Z', 'id': '5c06382822a6a026c8138ed5'}]
2026-07-15 00:03:58 - mkk_pika - database.py:215 - INFO - 第一次下载该漫画，记录数据库中
2026-07-15 00:03:58 - mkk_pika - main.py:83 - INFO - 找到 21 张图片在:第1集
2026-07-15 00:03:59 - mkk_pika - main.py:112 - INFO - [episode:第1集       ] downloaded:    21, total:  21, progress:100%
2026-07-15 00:03:59 - mkk_pika - database.py:238 - INFO - 数据库更新已下载章节
2026-07-15 00:03:59 - mkk_pika - database.py:244 - INFO - 该漫画已下载章节如下
2026-07-15 00:03:59 - mkk_pika - database.py:245 - INFO - ['第1集']
2026-07-15 00:04:01 - mkk_pika - main.py:348 - INFO - ==================== 漫画信息 ====================
                                   漫画ID：5c06382822a6a026c8138ed4
                                   标题：山中家的秘術
                                   作者：芽依&孫尚香無慘
                                   是否完结：是
                                   总页数：21
                                   分类：全彩,短篇,性轉換
                                   章节数：1
                                   最后更新时间：2018-12-04T08:17:44.864Z
                                   =================================================
2026-07-15 00:04:01 - mkk_pika - database.py:101 - INFO - 保存成功：山中家的秘術
2026-07-15 00:04:01 - mkk_pika - main.py:35 - INFO - 开始检查Hからはじまる子作り狂想曲 (デスマーチからはじまる異世界狂想曲)是否存在未下载章节
2026-07-15 00:04:01 - mkk_pika - main.py:45 - INFO - 正在下载:[Hからはじまる子作り狂想曲 (デスマーチからはじまる異世界狂想曲)]-[もこモコ堂(ぬくぬくばってん)]-[['全彩', '同人', '短篇', '純愛', '後宮閃光']]-[total_pages:15]
2026-07-15 00:04:01 - mkk_pika - main.py:49 - INFO - [{'_id': '5c0638734eed22472d28b817', 'title': '第1集', 'order': 1, 'updated_at': '2018-12-04T03:35:42.035Z', 'id': '5c0638734eed22472d28b817'}]
2026-07-15 00:04:01 - mkk_pika - database.py:215 - INFO - 第一次下载该漫画，记录数据库中
2026-07-15 00:04:01 - mkk_pika - main.py:83 - INFO - 找到 15 张图片在:第1集
2026-07-15 00:04:02 - mkk_pika - main.py:112 - INFO - [episode:第1集       ] downloaded:    15, total:  15, progress:100%
2026-07-15 00:04:02 - mkk_pika - database.py:238 - INFO - 数据库更新已下载章节
2026-07-15 00:04:02 - mkk_pika - database.py:244 - INFO - 该漫画已下载章节如下
2026-07-15 00:04:02 - mkk_pika - database.py:245 - INFO - ['第1集']
2026-07-15 00:04:03 - mkk_pika - main.py:348 - INFO - ==================== 漫画信息 ====================
                                   漫画ID：5c0638734eed22472d28b816
                                   标题：Hからはじまる子作り狂想曲 (デスマーチからはじまる異世界狂想曲)
                                   作者：もこモコ堂(ぬくぬくばってん)
                                   是否完结：是
                                   总页数：15
                                   分类：全彩,同人,短篇,純愛,後宮閃光
                                   章节数：1
                                   最后更新时间：2018-12-04T08:18:59.131Z
                                   =================================================
2026-07-15 00:04:03 - mkk_pika - database.py:101 - INFO - 保存成功：Hからはじまる子作り狂想曲 (デスマーチからはじまる異世界狂想曲)
2026-07-15 00:04:03 - mkk_pika - main.py:35 - INFO - 开始检查Boshi/母子是否存在未下载章节
2026-07-15 00:04:04 - mkk_pika - main.py:45 - INFO - 正在下载:[Boshi/母子]-[八月薰]-[['短篇', '人妻']]-[total_pages:16]
2026-07-15 00:04:04 - mkk_pika - main.py:49 - INFO - [{'_id': '5c0638a122a6a026c8138f35', 'title': '第1集', 'order': 1, 'updated_at': '2018-12-04T05:02:07.153Z', 'id': '5c0638a122a6a026c8138f35'}]
2026-07-15 00:04:04 - mkk_pika - database.py:215 - INFO - 第一次下载该漫画，记录数据库中
2026-07-15 00:04:04 - mkk_pika - main.py:83 - INFO - 找到 16 张图片在:第1集
2026-07-15 00:04:05 - mkk_pika - main.py:112 - INFO - [episode:第1集       ] downloaded:    16, total:  16, progress:100%
2026-07-15 00:04:05 - mkk_pika - database.py:238 - INFO - 数据库更新已下载章节
2026-07-15 00:04:05 - mkk_pika - database.py:244 - INFO - 该漫画已下载章节如下
2026-07-15 00:04:05 - mkk_pika - database.py:245 - INFO - ['第1集']
2026-07-15 00:04:06 - mkk_pika - main.py:348 - INFO - ==================== 漫画信息 ====================
                                   漫画ID：5c0638a122a6a026c8138f34
                                   标题：Boshi/母子
                                   作者：八月薰
                                   是否完结：是
                                   总页数：16
                                   分类：短篇,人妻
                                   章节数：1
                                   最后更新时间：2018-12-04T08:19:45.343Z
                                   =================================================
2026-07-15 00:04:06 - mkk_pika - database.py:101 - INFO - 保存成功：Boshi/母子
2026-07-15 00:04:06 - mkk_pika - main.py:380 - INFO - 本次任务下载完毕
2026-07-15 00:04:06 - mkk_pika - database.py:173 - INFO - 数据库连接已关闭
