2026-02-17 23:39:44 - mkk_pika - main.py:193 - INFO - =======================================================================
2026-02-17 23:39:44 - mkk_pika - database.py:61 - INFO - 表和索引初始化成功
2026-02-17 23:39:44 - mkk_pika - main.py:197 - INFO - 已经累计下载2229本漫画
2026-02-17 23:39:44 - mkk_pika - api.py:87 - INFO - 登录成功
2026-02-17 23:39:44 - mkk_pika - main.py:203 - INFO - 收藏夹共计0本漫画
2026-02-17 23:39:44 - mkk_pika - main.py:206 - INFO - 开始下载收藏夹内未下载内容
2026-02-17 23:39:44 - mkk_pika - main.py:266 - INFO - 收藏夹内容下载完毕
2026-02-17 23:39:44 - mkk_pika - main.py:268 - INFO - 开始下载订阅内容
2026-02-17 23:39:44 - mkk_pika - database.py:258 - INFO - 根据ID查询到标题：萝莉 -> ぬきたし-抜きゲーみたいな島に住んでるわたしはどうすりゃいいですか R [中国翻译]
2026-02-17 23:39:45 - mkk_pika - database.py:101 - INFO - 保存成功：ぬきたし-抜きゲーみたいな島に住んでるわたしはどうすりゃいいですか R [中国翻译]
2026-02-17 23:39:45 - mkk_pika - main.py:273 - INFO - 关键词萝莉找到0本漫画
2026-02-17 23:39:45 - mkk_pika - database.py:258 - INFO - 根据ID查询到标题：蘿莉 -> もしも和ちゃんが異世界に行ったら(2)
2026-02-17 23:39:46 - mkk_pika - database.py:101 - INFO - 保存成功：Artist - ショウ＠AIイラスト（AI）
2026-02-17 23:39:46 - mkk_pika - main.py:273 - INFO - 关键词蘿莉找到7本漫画
2026-02-17 23:39:46 - mkk_pika - main.py:275 - INFO - 订阅内容共计7本漫画
2026-02-17 23:39:46 - mkk_pika - main.py:35 - INFO - 开始检查幻夢 (ブルーアーカイブ)是否存在未下载章节
2026-02-17 23:39:46 - mkk_pika - main.py:45 - INFO - 正在下载:[幻夢 (ブルーアーカイブ)]-[DIUDADA (迪達迪達達)]-[['同人', '短篇']]-[total_pages:-1]
2026-02-17 23:39:46 - mkk_pika - main.py:49 - INFO - [{'_id': '6994a2d2f028fe791c540b04', 'title': '第1話', 'order': 1, 'updated_at': '2026-02-17T09:40:06.438Z', 'id': '6994a2d2f028fe791c540b04'}]
2026-02-17 23:39:46 - mkk_pika - database.py:215 - INFO - 第一次下载该漫画，记录数据库中
2026-02-17 23:39:46 - mkk_pika - main.py:83 - INFO - 找到 36 张图片在:第1話
2026-02-17 23:39:48 - mkk_pika - main.py:112 - INFO - [episode:第1話       ] downloaded:    36, total:  36, progress:100%
2026-02-17 23:39:48 - mkk_pika - database.py:238 - INFO - 数据库更新已下载章节
2026-02-17 23:39:48 - mkk_pika - database.py:244 - INFO - 该漫画已下载章节如下
2026-02-17 23:39:48 - mkk_pika - database.py:245 - INFO - ['第1話']
2026-02-17 23:39:49 - mkk_pika - main.py:292 - INFO - ==================== 漫画信息 ====================
                                漫画ID：6994a2d2f028fe791c540b03
                                标题：幻夢 (ブルーアーカイブ)
                                作者：DIUDADA (迪達迪達達)
                                是否完结：是
                                总页数：36
                                分类：同人,短篇
                                章节数：1
                                最后更新时间：2026-02-17T17:18:10.628Z
                                =================================================
2026-02-17 23:39:49 - mkk_pika - database.py:101 - INFO - 保存成功：幻夢 (ブルーアーカイブ)
2026-02-17 23:39:49 - mkk_pika - main.py:35 - INFO - 开始检查簡単で速い同人誌 鉄道の双子篇 (ブルーアーカイブ)是否存在未下载章节
2026-02-17 23:39:50 - mkk_pika - database.py:203 - INFO - 查询数据库中是否已存在第1話
2026-02-17 23:39:50 - mkk_pika - main.py:51 - INFO - 簡単で速い同人誌 鉄道の双子篇 (ブルーアーカイブ)中没有可下载章节
2026-02-17 23:39:50 - mkk_pika - main.py:292 - INFO - ==================== 漫画信息 ====================
                                漫画ID：698f468e11f7f05be2a11947
                                标题：簡単で速い同人誌 鉄道の双子篇 (ブルーアーカイブ)
                                作者：DIUDADA (迪達迪達達)
                                是否完结：是
                                总页数：17
                                分类：短篇,同人
                                章节数：1
                                最后更新时间：2026-02-13T15:43:10.320Z
                                =================================================
2026-02-17 23:39:50 - mkk_pika - database.py:101 - INFO - 保存成功：簡単で速い同人誌 鉄道の双子篇 (ブルーアーカイブ)
2026-02-17 23:39:50 - mkk_pika - main.py:35 - INFO - 开始检查5の2のこいばな。 +【DLsite限定特典付き】+5の2と3の2のこいばな。2時間め!!是否存在未下载章节
2026-02-17 23:39:50 - mkk_pika - main.py:45 - INFO - 正在下载:[5の2のこいばな。 +【DLsite限定特典付き】+5の2と3の2のこいばな。2時間め!!]-[まやふふ(賢)]-[['單行本', '長篇']]-[total_pages:-1]
2026-02-17 23:39:50 - mkk_pika - main.py:49 - INFO - [{'_id': '665bf88cbe69900a221278bf', 'title': '第1話', 'order': 1, 'updated_at': '2024-06-01T12:49:31.762Z', 'id': '665bf88cbe69900a221278bf'}, {'_id': '6994a2cbf028fe791c540a29', 'title': '第2話', 'order': 2, 'updated_at': '2026-02-17T09:32:56.928Z', 'id': '6994a2cbf028fe791c540a29'}]
2026-02-17 23:39:50 - mkk_pika - database.py:215 - INFO - 第一次下载该漫画，记录数据库中
2026-02-17 23:39:52 - mkk_pika - main.py:83 - INFO - 找到 227 张图片在:第1話
2026-02-17 23:40:02 - mkk_pika - main.py:112 - INFO - [episode:第1話       ] downloaded:   227, total: 227, progress:100%
2026-02-17 23:40:02 - mkk_pika - database.py:238 - INFO - 数据库更新已下载章节
2026-02-17 23:40:02 - mkk_pika - database.py:244 - INFO - 该漫画已下载章节如下
2026-02-17 23:40:02 - mkk_pika - database.py:245 - INFO - ['第1話']
2026-02-17 23:40:05 - mkk_pika - main.py:83 - INFO - 找到 215 张图片在:第2話
2026-02-17 23:40:14 - mkk_pika - main.py:112 - INFO - [episode:第2話       ] downloaded:   215, total: 215, progress:100%
2026-02-17 23:40:14 - mkk_pika - database.py:238 - INFO - 数据库更新已下载章节
2026-02-17 23:40:14 - mkk_pika - database.py:244 - INFO - 该漫画已下载章节如下
2026-02-17 23:40:14 - mkk_pika - database.py:245 - INFO - ['第1話', '第2話']
2026-02-17 23:40:15 - mkk_pika - main.py:292 - INFO - ==================== 漫画信息 ====================
                                漫画ID：665bf88cbe69900a221278be
                                标题：5の2のこいばな。 +【DLsite限定特典付き】+5の2と3の2のこいばな。2時間め!!
                                作者：まやふふ(賢)
                                是否完结：是
                                总页数：442
                                分类：單行本,長篇
                                章节数：2
                                最后更新时间：2026-02-17T17:18:03.471Z
                                =================================================
2026-02-17 23:40:15 - mkk_pika - database.py:101 - INFO - 保存成功：5の2のこいばな。 +【DLsite限定特典付き】+5の2と3の2のこいばな。2時間め!!
2026-02-17 23:40:15 - mkk_pika - main.py:35 - INFO - 开始检查メイドインありす (アイドルマスター シンデレラガールズ)是否存在未下载章节
2026-02-17 23:40:16 - mkk_pika - main.py:45 - INFO - 正在下载:[メイドインありす (アイドルマスター シンデレラガールズ)]-[冷珈琲 (こみちん)]-[['同人', '短篇']]-[total_pages:-1]
2026-02-17 23:40:16 - mkk_pika - main.py:49 - INFO - [{'_id': '6994a1126e6e0876319172ee', 'title': '第1話', 'order': 1, 'updated_at': '2026-02-16T17:31:31.497Z', 'id': '6994a1126e6e0876319172ee'}]
2026-02-17 23:40:16 - mkk_pika - database.py:215 - INFO - 第一次下载该漫画，记录数据库中
2026-02-17 23:40:16 - mkk_pika - main.py:83 - INFO - 找到 27 张图片在:第1話
2026-02-17 23:40:18 - mkk_pika - main.py:112 - INFO - [episode:第1話       ] downloaded:    27, total:  27, progress:100%
2026-02-17 23:40:18 - mkk_pika - database.py:238 - INFO - 数据库更新已下载章节
2026-02-17 23:40:18 - mkk_pika - database.py:244 - INFO - 该漫画已下载章节如下
2026-02-17 23:40:18 - mkk_pika - database.py:245 - INFO - ['第1話']
2026-02-17 23:40:19 - mkk_pika - main.py:292 - INFO - ==================== 漫画信息 ====================
                                漫画ID：6994a1126e6e0876319172ed
                                标题：メイドインありす (アイドルマスター シンデレラガールズ)
                                作者：冷珈琲 (こみちん)
                                是否完结：是
                                总页数：27
                                分类：同人,短篇
                                章节数：1
                                最后更新时间：2026-02-17T17:10:42.281Z
                                =================================================
2026-02-17 23:40:19 - mkk_pika - database.py:101 - INFO - 保存成功：メイドインありす (アイドルマスター シンデレラガールズ)
2026-02-17 23:40:19 - mkk_pika - main.py:35 - INFO - 开始检查プリプリ☆シリヤEroi! (Fate/kaleid liner プリズマ☆イリヤ)是否存在未下载章节
2026-02-17 23:40:19 - mkk_pika - main.py:45 - INFO - 正在下载:[プリプリ☆シリヤEroi! (Fate/kaleid liner プリズマ☆イリヤ)]-[しまじや (しまじ)]-[['同人', '短篇', 'Fate']]-[total_pages:-1]
2026-02-17 23:40:19 - mkk_pika - main.py:49 - INFO - [{'_id': '6994a0daf028fe791c5406ef', 'title': '第1話', 'order': 1, 'updated_at': '2026-02-04T18:27:28.346Z', 'id': '6994a0daf028fe791c5406ef'}]
2026-02-17 23:40:19 - mkk_pika - database.py:215 - INFO - 第一次下载该漫画，记录数据库中
2026-02-17 23:40:20 - mkk_pika - main.py:83 - INFO - 找到 15 张图片在:第1話
2026-02-17 23:40:20 - mkk_pika - main.py:112 - INFO - [episode:第1話       ] downloaded:    15, total:  15, progress:100%
2026-02-17 23:40:20 - mkk_pika - database.py:238 - INFO - 数据库更新已下载章节
2026-02-17 23:40:20 - mkk_pika - database.py:244 - INFO - 该漫画已下载章节如下
2026-02-17 23:40:20 - mkk_pika - database.py:245 - INFO - ['第1話']
2026-02-17 23:40:22 - mkk_pika - main.py:292 - INFO - ==================== 漫画信息 ====================
                                漫画ID：6994a0daf028fe791c5406ee
                                标题：プリプリ☆シリヤEroi! (Fate/kaleid liner プリズマ☆イリヤ)
                                作者：しまじや (しまじ)
                                是否完结：是
                                总页数：15
                                分类：同人,短篇,Fate
                                章节数：1
                                最后更新时间：2026-02-17T17:09:46.166Z
                                =================================================
2026-02-17 23:40:22 - mkk_pika - database.py:101 - INFO - 保存成功：プリプリ☆シリヤEroi! (Fate/kaleid liner プリズマ☆イリヤ)
2026-02-17 23:40:22 - mkk_pika - main.py:35 - INFO - 开始检查かわいい花には…(COMIC LO 2025年6月号)是否存在未下载章节
2026-02-17 23:40:22 - mkk_pika - main.py:45 - INFO - 正在下载:[かわいい花には…(COMIC LO 2025年6月号)]-[前島龍]-[['短篇']]-[total_pages:-1]
2026-02-17 23:40:22 - mkk_pika - main.py:49 - INFO - [{'_id': '6994a0d66c5d087a2298ed6c', 'title': '第1話', 'order': 1, 'updated_at': '2026-02-04T18:30:19.520Z', 'id': '6994a0d66c5d087a2298ed6c'}]
2026-02-17 23:40:22 - mkk_pika - database.py:215 - INFO - 第一次下载该漫画，记录数据库中
2026-02-17 23:40:22 - mkk_pika - main.py:83 - INFO - 找到 26 张图片在:第1話
2026-02-17 23:40:24 - mkk_pika - main.py:112 - INFO - [episode:第1話       ] downloaded:    26, total:  26, progress:100%
2026-02-17 23:40:24 - mkk_pika - database.py:238 - INFO - 数据库更新已下载章节
2026-02-17 23:40:24 - mkk_pika - database.py:244 - INFO - 该漫画已下载章节如下
2026-02-17 23:40:24 - mkk_pika - database.py:245 - INFO - ['第1話']
2026-02-17 23:40:25 - mkk_pika - main.py:292 - INFO - ==================== 漫画信息 ====================
                                漫画ID：6994a0d66c5d087a2298ed6b
                                标题：かわいい花には…(COMIC LO 2025年6月号)
                                作者：前島龍
                                是否完结：是
                                总页数：26
                                分类：短篇
                                章节数：1
                                最后更新时间：2026-02-17T17:09:42.425Z
                                =================================================
2026-02-17 23:40:25 - mkk_pika - database.py:101 - INFO - 保存成功：かわいい花には…(COMIC LO 2025年6月号)
2026-02-17 23:40:25 - mkk_pika - main.py:35 - INFO - 开始检查乳首が弱いえっちな子是否存在未下载章节
2026-02-17 23:40:25 - mkk_pika - database.py:203 - INFO - 查询数据库中是否已存在第1話
2026-02-17 23:40:25 - mkk_pika - main.py:51 - INFO - 乳首が弱いえっちな子中没有可下载章节
2026-02-17 23:40:25 - mkk_pika - main.py:292 - INFO - ==================== 漫画信息 ====================
                                漫画ID：699358d3f028fe791c53f6c6
                                标题：乳首が弱いえっちな子
                                作者：あまいちご (亀吉いちこ)
                                是否完结：否
                                总页数：20
                                分类：短篇
                                章节数：1
                                最后更新时间：2026-02-16T17:50:11.716Z
                                =================================================
2026-02-17 23:40:25 - mkk_pika - database.py:101 - INFO - 保存成功：乳首が弱いえっちな子
2026-02-17 23:40:25 - mkk_pika - main.py:323 - INFO - 订阅内容内容下载完毕
2026-02-17 23:40:25 - mkk_pika - main.py:324 - INFO - 开始分批下载全部章节
2026-02-17 23:40:25 - mkk_pika - database.py:280 - INFO - 表和索引初始化成功
2026-02-17 23:40:26 - mkk_pika - main.py:177 - INFO - 已经下载了111页，一共6745页，现在开始添加第112页
2026-02-17 23:40:26 - mkk_pika - database.py:318 - INFO - 保存成功
2026-02-17 23:40:27 - mkk_pika - main.py:177 - INFO - 已经下载了112页，一共6745页，现在开始添加第113页
2026-02-17 23:40:27 - mkk_pika - database.py:318 - INFO - 保存成功
2026-02-17 23:40:27 - mkk_pika - main.py:331 - INFO - 分批下载共计28本漫画
2026-02-17 23:40:27 - mkk_pika - main.py:35 - INFO - 开始检查(C80)化鬼騙(物语系列同人)是否存在未下载章节
2026-02-17 23:40:27 - mkk_pika - main.py:45 - INFO - 正在下载:[(C80)化鬼騙(物语系列同人)]-[ホムンクルス]-[['同人', '短篇']]-[total_pages:26]
2026-02-17 23:40:27 - mkk_pika - main.py:49 - INFO - [{'_id': '582193025f6b9a4f93e5d1c5', 'title': '第1集', 'order': 1, 'updated_at': '2016-11-08T08:55:30.545Z', 'id': '582193025f6b9a4f93e5d1c5'}]
2026-02-17 23:40:27 - mkk_pika - database.py:215 - INFO - 第一次下载该漫画，记录数据库中
2026-02-17 23:40:28 - mkk_pika - main.py:83 - INFO - 找到 26 张图片在:第1集
2026-02-17 23:40:29 - mkk_pika - main.py:112 - INFO - [episode:第1集       ] downloaded:    26, total:  26, progress:100%
2026-02-17 23:40:29 - mkk_pika - database.py:238 - INFO - 数据库更新已下载章节
2026-02-17 23:40:29 - mkk_pika - database.py:244 - INFO - 该漫画已下载章节如下
2026-02-17 23:40:29 - mkk_pika - database.py:245 - INFO - ['第1集']
2026-02-17 23:40:30 - mkk_pika - main.py:348 - INFO - ==================== 漫画信息 ====================
                                   漫画ID：582193025f6b9a4f93e5d1c3
                                   标题：(C80)化鬼騙(物语系列同人)
                                   作者：ホムンクルス
                                   是否完结：是
                                   总页数：26
                                   分类：同人,短篇
                                   章节数：1
                                   最后更新时间：2009-09-22T18:47:16.000Z
                                   =================================================
2026-02-17 23:40:30 - mkk_pika - database.py:101 - INFO - 保存成功：(C80)化鬼騙(物语系列同人)
2026-02-17 23:40:30 - mkk_pika - main.py:35 - INFO - 开始检查(C81)僕と隣人部と海のYear！(僕は友達が少ない)是否存在未下载章节
2026-02-17 23:40:30 - mkk_pika - main.py:45 - INFO - 正在下载:[(C81)僕と隣人部と海のYear！(僕は友達が少ない)]-[無限軌道A (トモセシュンサク)]-[['同人', '全彩']]-[total_pages:21]
2026-02-17 23:40:30 - mkk_pika - main.py:49 - INFO - [{'_id': '582193035f6b9a4f93e5d237', 'title': '第1集', 'order': 1, 'updated_at': '2016-11-08T08:55:31.401Z', 'id': '582193035f6b9a4f93e5d237'}]
2026-02-17 23:40:30 - mkk_pika - database.py:215 - INFO - 第一次下载该漫画，记录数据库中
2026-02-17 23:40:31 - mkk_pika - main.py:83 - INFO - 找到 21 张图片在:第1集
2026-02-17 23:40:32 - mkk_pika - main.py:112 - INFO - [episode:第1集       ] downloaded:    21, total:  21, progress:100%
2026-02-17 23:40:32 - mkk_pika - database.py:238 - INFO - 数据库更新已下载章节
2026-02-17 23:40:32 - mkk_pika - database.py:244 - INFO - 该漫画已下载章节如下
2026-02-17 23:40:32 - mkk_pika - database.py:245 - INFO - ['第1集']
2026-02-17 23:40:33 - mkk_pika - main.py:348 - INFO - ==================== 漫画信息 ====================
                                   漫画ID：582193035f6b9a4f93e5d235
                                   标题：(C81)僕と隣人部と海のYear！(僕は友達が少ない)
                                   作者：無限軌道A (トモセシュンサク)
                                   是否完结：是
                                   总页数：21
                                   分类：同人,全彩
                                   章节数：1
                                   最后更新时间：2009-09-23T14:47:16.000Z
                                   =================================================
2026-02-17 23:40:33 - mkk_pika - database.py:101 - INFO - 保存成功：(C81)僕と隣人部と海のYear！(僕は友達が少ない)
2026-02-17 23:40:33 - mkk_pika - main.py:35 - INFO - 开始检查ひたぎヴァンプス(物语系列同人)是否存在未下载章节
2026-02-17 23:40:33 - mkk_pika - main.py:45 - INFO - 正在下载:[ひたぎヴァンプス(物语系列同人)]-[Bloody Okojo (芥川まんぼう)]-[['同人']]-[total_pages:94]
2026-02-17 23:40:33 - mkk_pika - main.py:49 - INFO - [{'_id': '582193035f6b9a4f93e5d265', 'title': '第1集', 'order': 1, 'updated_at': '2016-11-08T08:55:31.797Z', 'id': '582193035f6b9a4f93e5d265'}, {'_id': '582193045f6b9a4f93e5d2bd', 'title': '第2集', 'order': 2, 'updated_at': '2016-11-08T08:55:32.283Z', 'id': '582193045f6b9a4f93e5d2bd'}]
2026-02-17 23:40:33 - mkk_pika - database.py:215 - INFO - 第一次下载该漫画，记录数据库中
2026-02-17 23:40:34 - mkk_pika - main.py:83 - INFO - 找到 43 张图片在:第1集
2026-02-17 23:40:36 - mkk_pika - main.py:112 - INFO - [episode:第1集       ] downloaded:    43, total:  43, progress:100%
2026-02-17 23:40:36 - mkk_pika - database.py:238 - INFO - 数据库更新已下载章节
2026-02-17 23:40:36 - mkk_pika - database.py:244 - INFO - 该漫画已下载章节如下
2026-02-17 23:40:36 - mkk_pika - database.py:245 - INFO - ['第1集']
2026-02-17 23:40:38 - mkk_pika - main.py:83 - INFO - 找到 51 张图片在:第2集
2026-02-17 23:40:40 - mkk_pika - main.py:112 - INFO - [episode:第2集       ] downloaded:    51, total:  51, progress:100%
2026-02-17 23:40:40 - mkk_pika - database.py:238 - INFO - 数据库更新已下载章节
2026-02-17 23:40:40 - mkk_pika - database.py:244 - INFO - 该漫画已下载章节如下
2026-02-17 23:40:40 - mkk_pika - database.py:245 - INFO - ['第1集', '第2集']
2026-02-17 23:40:41 - mkk_pika - main.py:348 - INFO - ==================== 漫画信息 ====================
                                   漫画ID：582193035f6b9a4f93e5d263
                                   标题：ひたぎヴァンプス(物语系列同人)
                                   作者：Bloody Okojo (芥川まんぼう)
                                   是否完结：是
                                   总页数：94
                                   分类：同人
                                   章节数：2
                                   最后更新时间：2009-09-24T00:47:16.000Z
                                   =================================================
2026-02-17 23:40:41 - mkk_pika - database.py:101 - INFO - 保存成功：ひたぎヴァンプス(物语系列同人)
2026-02-17 23:40:41 - mkk_pika - main.py:35 - INFO - 开始检查(C82)パチ物語 こよみパーティー(化物語)是否存在未下载章节
2026-02-17 23:40:41 - mkk_pika - main.py:45 - INFO - 正在下载:[(C82)パチ物語 こよみパーティー(化物語)]-[薬味紅生姜]-[['同人', '短篇', '後宮閃光']]-[total_pages:35]
2026-02-17 23:40:41 - mkk_pika - main.py:49 - INFO - [{'_id': '582193055f6b9a4f93e5d353', 'title': '第1集', 'order': 1, 'updated_at': '2016-11-08T08:55:33.758Z', 'id': '582193055f6b9a4f93e5d353'}]
2026-02-17 23:40:41 - mkk_pika - database.py:215 - INFO - 第一次下载该漫画，记录数据库中
2026-02-17 23:40:42 - mkk_pika - main.py:83 - INFO - 找到 35 张图片在:第1集
2026-02-17 23:40:43 - mkk_pika - main.py:112 - INFO - [episode:第1集       ] downloaded:    35, total:  35, progress:100%
2026-02-17 23:40:43 - mkk_pika - database.py:238 - INFO - 数据库更新已下载章节
2026-02-17 23:40:43 - mkk_pika - database.py:244 - INFO - 该漫画已下载章节如下
2026-02-17 23:40:43 - mkk_pika - database.py:245 - INFO - ['第1集']
2026-02-17 23:40:45 - mkk_pika - main.py:348 - INFO - ==================== 漫画信息 ====================
                                   漫画ID：582193055f6b9a4f93e5d351
                                   标题：(C82)パチ物語 こよみパーティー(化物語)
                                   作者：薬味紅生姜
                                   是否完结：是
                                   总页数：35
                                   分类：同人,短篇,後宮閃光
                                   章节数：1
                                   最后更新时间：2009-09-24T20:47:16.000Z
                                   =================================================
2026-02-17 23:40:45 - mkk_pika - database.py:101 - INFO - 保存成功：(C82)パチ物語 こよみパーティー(化物語)
2026-02-17 23:40:45 - mkk_pika - main.py:35 - INFO - 开始检查シャナの3分間 クツキソグ (灼眼のシャナ)是否存在未下载章节
2026-02-17 23:40:45 - mkk_pika - main.py:45 - INFO - 正在下载:[シャナの3分間 クツキソグ (灼眼のシャナ)]-[千歳烏山第2出張所 (真未たつや)]-[['同人', '短篇', '純愛']]-[total_pages:38]
2026-02-17 23:40:45 - mkk_pika - main.py:49 - INFO - [{'_id': '582193065f6b9a4f93e5d39d', 'title': '第1集', 'order': 1, 'updated_at': '2016-11-08T08:55:34.531Z', 'id': '582193065f6b9a4f93e5d39d'}, {'_id': '582193065f6b9a4f93e5d3bf', 'title': '第2集', 'order': 2, 'updated_at': '2016-11-08T08:55:34.912Z', 'id': '582193065f6b9a4f93e5d3bf'}]
2026-02-17 23:40:45 - mkk_pika - database.py:215 - INFO - 第一次下载该漫画，记录数据库中
2026-02-17 23:40:45 - mkk_pika - main.py:83 - INFO - 找到 16 张图片在:第1集
2026-02-17 23:40:46 - mkk_pika - main.py:112 - INFO - [episode:第1集       ] downloaded:    16, total:  16, progress:100%
2026-02-17 23:40:46 - mkk_pika - database.py:238 - INFO - 数据库更新已下载章节
2026-02-17 23:40:46 - mkk_pika - database.py:244 - INFO - 该漫画已下载章节如下
2026-02-17 23:40:46 - mkk_pika - database.py:245 - INFO - ['第1集']
2026-02-17 23:40:48 - mkk_pika - main.py:83 - INFO - 找到 22 张图片在:第2集
2026-02-17 23:40:49 - mkk_pika - main.py:112 - INFO - [episode:第2集       ] downloaded:    22, total:  22, progress:100%
2026-02-17 23:40:49 - mkk_pika - database.py:238 - INFO - 数据库更新已下载章节
2026-02-17 23:40:49 - mkk_pika - database.py:244 - INFO - 该漫画已下载章节如下
2026-02-17 23:40:49 - mkk_pika - database.py:245 - INFO - ['第1集', '第2集']
2026-02-17 23:40:50 - mkk_pika - main.py:348 - INFO - ==================== 漫画信息 ====================
                                   漫画ID：582193065f6b9a4f93e5d39b
                                   标题：シャナの3分間 クツキソグ (灼眼のシャナ)
                                   作者：千歳烏山第2出張所 (真未たつや)
                                   是否完结：是
                                   总页数：38
                                   分类：同人,短篇,純愛
                                   章节数：2
                                   最后更新时间：2009-09-25T06:47:16.000Z
                                   =================================================
2026-02-17 23:40:50 - mkk_pika - database.py:101 - INFO - 保存成功：シャナの3分間 クツキソグ (灼眼のシャナ)
2026-02-17 23:40:50 - mkk_pika - main.py:35 - INFO - 开始检查(C84)SHANASTYLEAQUA (灼眼のシャナ)是否存在未下载章节
2026-02-17 23:40:50 - mkk_pika - main.py:45 - INFO - 正在下载:[(C84)SHANASTYLEAQUA (灼眼のシャナ)]-[ア・ラ・モード (神楽武志)]-[['同人', '短篇', '純愛']]-[total_pages:18]
2026-02-17 23:40:50 - mkk_pika - main.py:49 - INFO - [{'_id': '582193085f6b9a4f93e5d56b', 'title': '第1集', 'order': 1, 'updated_at': '2016-11-08T08:55:36.920Z', 'id': '582193085f6b9a4f93e5d56b'}]
2026-02-17 23:40:50 - mkk_pika - database.py:215 - INFO - 第一次下载该漫画，记录数据库中
2026-02-17 23:40:51 - mkk_pika - main.py:83 - INFO - 找到 18 张图片在:第1集
2026-02-17 23:40:52 - mkk_pika - main.py:112 - INFO - [episode:第1集       ] downloaded:    18, total:  18, progress:100%
2026-02-17 23:40:52 - mkk_pika - database.py:238 - INFO - 数据库更新已下载章节
2026-02-17 23:40:52 - mkk_pika - database.py:244 - INFO - 该漫画已下载章节如下
2026-02-17 23:40:52 - mkk_pika - database.py:245 - INFO - ['第1集']
2026-02-17 23:40:53 - mkk_pika - main.py:348 - INFO - ==================== 漫画信息 ====================
                                   漫画ID：582193085f6b9a4f93e5d569
                                   标题：(C84)SHANASTYLEAQUA (灼眼のシャナ)
                                   作者：ア・ラ・モード (神楽武志)
                                   是否完结：是
                                   总页数：18
                                   分类：同人,短篇,純愛
                                   章节数：1
                                   最后更新时间：2009-09-26T02:47:16.000Z
                                   =================================================
2026-02-17 23:40:53 - mkk_pika - database.py:101 - INFO - 保存成功：(C84)SHANASTYLEAQUA (灼眼のシャナ)
2026-02-17 23:40:53 - mkk_pika - main.py:35 - INFO - 开始检查[TANA]キミの瞳に欲情してる是否存在未下载章节
2026-02-17 23:40:53 - mkk_pika - main.py:45 - INFO - 正在下载:[[TANA]キミの瞳に欲情してる]-[TANA]-[['長篇']]-[total_pages:219]
2026-02-17 23:40:53 - mkk_pika - main.py:49 - INFO - [{'_id': '582193095f6b9a4f93e5d5cd', 'title': '第1集', 'order': 1, 'updated_at': '2016-11-08T08:55:37.971Z', 'id': '582193095f6b9a4f93e5d5cd'}]
2026-02-17 23:40:53 - mkk_pika - database.py:215 - INFO - 第一次下载该漫画，记录数据库中
2026-02-17 23:40:55 - mkk_pika - main.py:83 - INFO - 找到 219 张图片在:第1集
2026-02-17 23:41:04 - mkk_pika - main.py:112 - INFO - [episode:第1集       ] downloaded:   219, total: 219, progress:100%
2026-02-17 23:41:04 - mkk_pika - database.py:238 - INFO - 数据库更新已下载章节
2026-02-17 23:41:04 - mkk_pika - database.py:244 - INFO - 该漫画已下载章节如下
2026-02-17 23:41:04 - mkk_pika - database.py:245 - INFO - ['第1集']
2026-02-17 23:41:05 - mkk_pika - main.py:348 - INFO - ==================== 漫画信息 ====================
                                   漫画ID：582193095f6b9a4f93e5d5cb
                                   标题：[TANA]キミの瞳に欲情してる
                                   作者：TANA
                                   是否完结：是
                                   总页数：219
                                   分类：長篇
                                   章节数：1
                                   最后更新时间：2009-09-26T22:47:16.000Z
                                   =================================================
2026-02-17 23:41:05 - mkk_pika - database.py:101 - INFO - 保存成功：[TANA]キミの瞳に欲情してる
2026-02-17 23:41:05 - mkk_pika - main.py:35 - INFO - 开始检查 [要青豆] 物集女先生は 過ぎて困る！！(漢化組漢化組#132)是否存在未下载章节
2026-02-17 23:41:06 - mkk_pika - main.py:45 - INFO - 正在下载:[ [要青豆] 物集女先生は 過ぎて困る！！(漢化組漢化組#132)]-[要青豆]-[['短篇']]-[total_pages:24]
2026-02-17 23:41:06 - mkk_pika - main.py:49 - INFO - [{'_id': '5821930d5f6b9a4f93e5d96f', 'title': '第1集', 'order': 1, 'updated_at': '2016-11-08T08:55:41.769Z', 'id': '5821930d5f6b9a4f93e5d96f'}]
2026-02-17 23:41:06 - mkk_pika - database.py:215 - INFO - 第一次下载该漫画，记录数据库中
2026-02-17 23:41:06 - mkk_pika - main.py:83 - INFO - 找到 24 张图片在:第1集
2026-02-17 23:41:08 - mkk_pika - main.py:112 - INFO - [episode:第1集       ] downloaded:    24, total:  24, progress:100%
2026-02-17 23:41:08 - mkk_pika - database.py:238 - INFO - 数据库更新已下载章节
2026-02-17 23:41:08 - mkk_pika - database.py:244 - INFO - 该漫画已下载章节如下
2026-02-17 23:41:08 - mkk_pika - database.py:245 - INFO - ['第1集']
2026-02-17 23:41:09 - mkk_pika - main.py:348 - INFO - ==================== 漫画信息 ====================
                                   漫画ID：5821930d5f6b9a4f93e5d96d
                                   标题： [要青豆] 物集女先生は 過ぎて困る！！(漢化組漢化組#132)
                                   作者：要青豆
                                   是否完结：否
                                   总页数：24
                                   分类：短篇
                                   章节数：1
                                   最后更新时间：2009-09-28T04:47:16.000Z
                                   =================================================
2026-02-17 23:41:09 - mkk_pika - database.py:101 - INFO - 保存成功： [要青豆] 物集女先生は 過ぎて困る！！(漢化組漢化組#132)
2026-02-17 23:41:09 - mkk_pika - main.py:35 - INFO - 开始检查 (C88) [たくみな無知 (たくみなむち)] ナナイロ (ニセコイ)[脸肿汉化组]是否存在未下载章节
2026-02-17 23:41:09 - mkk_pika - main.py:45 - INFO - 正在下载:[ (C88) [たくみな無知 (たくみなむち)] ナナイロ (ニセコイ)[脸肿汉化组]]-[たくみな無知 (たくみなむち)]-[['同人', '短篇', '純愛']]-[total_pages:45]
2026-02-17 23:41:09 - mkk_pika - main.py:49 - INFO - [{'_id': '5821930e5f6b9a4f93e5d9a3', 'title': '第1集', 'order': 1, 'updated_at': '2016-11-08T08:55:42.122Z', 'id': '5821930e5f6b9a4f93e5d9a3'}]
2026-02-17 23:41:09 - mkk_pika - database.py:215 - INFO - 第一次下载该漫画，记录数据库中
2026-02-17 23:41:10 - mkk_pika - main.py:83 - INFO - 找到 45 张图片在:第1集
2026-02-17 23:41:12 - mkk_pika - main.py:112 - INFO - [episode:第1集       ] downloaded:    45, total:  45, progress:100%
2026-02-17 23:41:12 - mkk_pika - database.py:238 - INFO - 数据库更新已下载章节
2026-02-17 23:41:12 - mkk_pika - database.py:244 - INFO - 该漫画已下载章节如下
2026-02-17 23:41:12 - mkk_pika - database.py:245 - INFO - ['第1集']
2026-02-17 23:41:13 - mkk_pika - main.py:348 - INFO - ==================== 漫画信息 ====================
                                   漫画ID：5821930d5f6b9a4f93e5d9a1
                                   标题： (C88) [たくみな無知 (たくみなむち)] ナナイロ (ニセコイ)[脸肿汉化组]
                                   作者：たくみな無知 (たくみなむち)
                                   是否完结：是
                                   总页数：45
                                   分类：同人,短篇,純愛
                                   章节数：1
                                   最后更新时间：2009-09-28T14:47:16.000Z
                                   =================================================
2026-02-17 23:41:13 - mkk_pika - database.py:101 - INFO - 保存成功： (C88) [たくみな無知 (たくみなむち)] ナナイロ (ニセコイ)[脸肿汉化组]
2026-02-17 23:41:13 - mkk_pika - main.py:35 - INFO - 开始检查とこセン是否存在未下载章节
2026-02-17 23:41:13 - mkk_pika - main.py:45 - INFO - 正在下载:[とこセン]-[まひるの影郎]-[['同人', '長篇', '純愛']]-[total_pages:206]
2026-02-17 23:41:13 - mkk_pika - main.py:49 - INFO - [{'_id': '5821930f5f6b9a4f93e5da49', 'title': '第1集', 'order': 1, 'updated_at': '2016-11-08T08:55:43.693Z', 'id': '5821930f5f6b9a4f93e5da49'}]
2026-02-17 23:41:13 - mkk_pika - database.py:215 - INFO - 第一次下载该漫画，记录数据库中
2026-02-17 23:41:15 - mkk_pika - main.py:83 - INFO - 找到 206 张图片在:第1集
2026-02-17 23:41:23 - mkk_pika - main.py:112 - INFO - [episode:第1集       ] downloaded:   206, total: 206, progress:100%
2026-02-17 23:41:23 - mkk_pika - database.py:238 - INFO - 数据库更新已下载章节
2026-02-17 23:41:23 - mkk_pika - database.py:244 - INFO - 该漫画已下载章节如下
2026-02-17 23:41:23 - mkk_pika - database.py:245 - INFO - ['第1集']
2026-02-17 23:41:25 - mkk_pika - main.py:348 - INFO - ==================== 漫画信息 ====================
                                   漫画ID：5821930f5f6b9a4f93e5da47
                                   标题：とこセン
                                   作者：まひるの影郎
                                   是否完结：是
                                   总页数：206
                                   分类：同人,長篇,純愛
                                   章节数：1
                                   最后更新时间：2009-09-29T10:47:16.000Z
                                   =================================================
2026-02-17 23:41:25 - mkk_pika - database.py:101 - INFO - 保存成功：とこセン
2026-02-17 23:41:25 - mkk_pika - main.py:35 - INFO - 开始检查[emily.惠田真芽...等] 近親シスターラヴァーズ 実姉と実妹は超淫乱編近親Sister Lovers~親姊與親妹都超淫亂篇~ [風的工房]是否存在未下载章节
2026-02-17 23:41:25 - mkk_pika - main.py:45 - INFO - 正在下载:[[emily.惠田真芽...等] 近親シスターラヴァーズ 実姉と実妹は超淫乱編近親Sister Lovers~親姊與親妹都超淫亂篇~ [風的工房]]-[emily.惠田真芽...等]-[['長篇', '姐姐系', '妹妹系', '純愛']]-[total_pages:164]
2026-02-17 23:41:25 - mkk_pika - main.py:49 - INFO - [{'_id': '582193115f6b9a4f93e5dbe9', 'title': '第1集', 'order': 1, 'updated_at': '2016-11-08T08:55:45.423Z', 'id': '582193115f6b9a4f93e5dbe9'}]
2026-02-17 23:41:25 - mkk_pika - database.py:215 - INFO - 第一次下载该漫画，记录数据库中
2026-02-17 23:41:27 - mkk_pika - main.py:83 - INFO - 找到 164 张图片在:第1集
2026-02-17 23:41:33 - mkk_pika - main.py:112 - INFO - [episode:第1集       ] downloaded:   164, total: 164, progress:100%
2026-02-17 23:41:33 - mkk_pika - database.py:238 - INFO - 数据库更新已下载章节
2026-02-17 23:41:33 - mkk_pika - database.py:244 - INFO - 该漫画已下载章节如下
2026-02-17 23:41:33 - mkk_pika - database.py:245 - INFO - ['第1集']
2026-02-17 23:41:34 - mkk_pika - main.py:348 - INFO - ==================== 漫画信息 ====================
                                   漫画ID：582193105f6b9a4f93e5dbe7
                                   标题：[emily.惠田真芽...等] 近親シスターラヴァーズ 実姉と実妹は超淫乱編近親Sister Lovers~親姊與親妹都超淫亂篇~ [風的工房]
                                   作者：emily.惠田真芽...等
                                   是否完结：是
                                   总页数：164
                                   分类：長篇,姐姐系,妹妹系,純愛
                                   章节数：1
                                   最后更新时间：2009-09-29T20:47:16.000Z
                                   =================================================
2026-02-17 23:41:34 - mkk_pika - database.py:101 - INFO - 保存成功：[emily.惠田真芽...等] 近親シスターラヴァーズ 実姉と実妹は超淫乱編近親Sister Lovers~親姊與親妹都超淫亂篇~ [風的工房]
2026-02-17 23:41:34 - mkk_pika - main.py:35 - INFO - 开始检查[エロマズン (まー九郎)] 悪堕ち島風8～エロ触手に堕とされる艦娘～ (艦隊これくしょん -艦これ-) [惡墮洨五漢化]是否存在未下载章节
2026-02-17 23:41:35 - mkk_pika - main.py:45 - INFO - 正在下载:[[エロマズン (まー九郎)] 悪堕ち島風8～エロ触手に堕とされる艦娘～ (艦隊これくしょん -艦これ-) [惡墮洨五漢化]]-[エロマズン (まー九郎)]-[['同人', '短篇', '艦隊收藏', '後宮閃光', '純愛']]-[total_pages:82]
2026-02-17 23:41:35 - mkk_pika - main.py:49 - INFO - [{'_id': '582193175f6b9a4f93e5e071', 'title': '第1集', 'order': 1, 'updated_at': '2016-11-08T08:55:51.362Z', 'id': '582193175f6b9a4f93e5e071'}]
2026-02-17 23:41:35 - mkk_pika - database.py:215 - INFO - 第一次下载该漫画，记录数据库中
2026-02-17 23:41:36 - mkk_pika - main.py:83 - INFO - 找到 82 张图片在:第1集
2026-02-17 23:41:39 - mkk_pika - main.py:112 - INFO - [episode:第1集       ] downloaded:    82, total:  82, progress:100%
2026-02-17 23:41:39 - mkk_pika - database.py:238 - INFO - 数据库更新已下载章节
2026-02-17 23:41:39 - mkk_pika - database.py:244 - INFO - 该漫画已下载章节如下
2026-02-17 23:41:39 - mkk_pika - database.py:245 - INFO - ['第1集']
2026-02-17 23:41:40 - mkk_pika - main.py:348 - INFO - ==================== 漫画信息 ====================
                                   漫画ID：582193175f6b9a4f93e5e06f
                                   标题：[エロマズン (まー九郎)] 悪堕ち島風8～エロ触手に堕とされる艦娘～ (艦隊これくしょん -艦これ-) [惡墮洨五漢化]
                                   作者：エロマズン (まー九郎)
                                   是否完结：是
                                   总页数：82
                                   分类：同人,短篇,艦隊收藏,後宮閃光,純愛
                                   章节数：1
                                   最后更新时间：2009-10-02T08:47:16.000Z
                                   =================================================
2026-02-17 23:41:40 - mkk_pika - database.py:101 - INFO - 保存成功：[エロマズン (まー九郎)] 悪堕ち島風8～エロ触手に堕とされる艦娘～ (艦隊これくしょん -艦これ-) [惡墮洨五漢化]
2026-02-17 23:41:40 - mkk_pika - main.py:35 - INFO - 开始检查[エロマズン (まー九郎)] 悪堕ち島風アフター (艦隊これくしょん-艦これ-)[脸肿汉化组] 是否存在未下载章节
2026-02-17 23:41:40 - mkk_pika - main.py:45 - INFO - 正在下载:[[エロマズン (まー九郎)] 悪堕ち島風アフター (艦隊これくしょん-艦これ-)[脸肿汉化组] ]-[エロマズン (まー九郎)]-[['同人', '短篇', '艦隊收藏', '後宮閃光', '純愛']]-[total_pages:31]
2026-02-17 23:41:40 - mkk_pika - main.py:49 - INFO - [{'_id': '582193185f6b9a4f93e5e119', 'title': '第1集', 'order': 1, 'updated_at': '2016-11-08T08:55:52.101Z', 'id': '582193185f6b9a4f93e5e119'}]
2026-02-17 23:41:40 - mkk_pika - database.py:215 - INFO - 第一次下载该漫画，记录数据库中
2026-02-17 23:41:41 - mkk_pika - main.py:83 - INFO - 找到 31 张图片在:第1集
2026-02-17 23:41:42 - mkk_pika - main.py:112 - INFO - [episode:第1集       ] downloaded:    31, total:  31, progress:100%
2026-02-17 23:41:42 - mkk_pika - database.py:238 - INFO - 数据库更新已下载章节
2026-02-17 23:41:42 - mkk_pika - database.py:244 - INFO - 该漫画已下载章节如下
2026-02-17 23:41:42 - mkk_pika - database.py:245 - INFO - ['第1集']
2026-02-17 23:41:43 - mkk_pika - main.py:348 - INFO - ==================== 漫画信息 ====================
                                   漫画ID：582193175f6b9a4f93e5e117
                                   标题：[エロマズン (まー九郎)] 悪堕ち島風アフター (艦隊これくしょん-艦これ-)[脸肿汉化组] 
                                   作者：エロマズン (まー九郎)
                                   是否完结：是
                                   总页数：31
                                   分类：同人,短篇,艦隊收藏,後宮閃光,純愛
                                   章节数：1
                                   最后更新时间：2009-10-02T18:47:16.000Z
                                   =================================================
2026-02-17 23:41:43 - mkk_pika - database.py:101 - INFO - 保存成功：[エロマズン (まー九郎)] 悪堕ち島風アフター (艦隊これくしょん-艦これ-)[脸肿汉化组] 
2026-02-17 23:41:43 - mkk_pika - main.py:35 - INFO - 开始检查[ぐじら] 痴漢屋さん (COMIC高 Vol.2) [中国翻訳]是否存在未下载章节
2026-02-17 23:41:44 - mkk_pika - main.py:45 - INFO - 正在下载:[[ぐじら] 痴漢屋さん (COMIC高 Vol.2) [中国翻訳]]-[ぐじら]-[['短篇']]-[total_pages:26]
2026-02-17 23:41:44 - mkk_pika - main.py:49 - INFO - [{'_id': '582193185f6b9a4f93e5e15b', 'title': '第1集', 'order': 1, 'updated_at': '2016-11-08T08:55:52.777Z', 'id': '582193185f6b9a4f93e5e15b'}]
2026-02-17 23:41:44 - mkk_pika - database.py:215 - INFO - 第一次下载该漫画，记录数据库中
2026-02-17 23:41:45 - mkk_pika - main.py:83 - INFO - 找到 26 张图片在:第1集
2026-02-17 23:41:46 - mkk_pika - main.py:112 - INFO - [episode:第1集       ] downloaded:    26, total:  26, progress:100%
2026-02-17 23:41:46 - mkk_pika - database.py:238 - INFO - 数据库更新已下载章节
2026-02-17 23:41:46 - mkk_pika - database.py:244 - INFO - 该漫画已下载章节如下
2026-02-17 23:41:46 - mkk_pika - database.py:245 - INFO - ['第1集']
2026-02-17 23:41:48 - mkk_pika - main.py:348 - INFO - ==================== 漫画信息 ====================
                                   漫画ID：582193185f6b9a4f93e5e159
                                   标题：[ぐじら] 痴漢屋さん (COMIC高 Vol.2) [中国翻訳]
                                   作者：ぐじら
                                   是否完结：是
                                   总页数：26
                                   分类：短篇
                                   章节数：1
                                   最后更新时间：2009-10-03T04:47:16.000Z
                                   =================================================
2026-02-17 23:41:48 - mkk_pika - database.py:101 - INFO - 保存成功：[ぐじら] 痴漢屋さん (COMIC高 Vol.2) [中国翻訳]
2026-02-17 23:41:48 - mkk_pika - main.py:35 - INFO - 开始检查[滑空] しゅーしゅくしゅ！ [中国翻訳] 是否存在未下载章节
2026-02-17 23:41:48 - mkk_pika - main.py:45 - INFO - 正在下载:[[滑空] しゅーしゅくしゅ！ [中国翻訳] ]-[滑空]-[['長篇', '妹妹系']]-[total_pages:249]
2026-02-17 23:41:48 - mkk_pika - main.py:49 - INFO - [{'_id': '582193195f6b9a4f93e5e193', 'title': '第1集', 'order': 1, 'updated_at': '2016-11-08T08:55:53.430Z', 'id': '582193195f6b9a4f93e5e193'}]
2026-02-17 23:41:48 - mkk_pika - database.py:215 - INFO - 第一次下载该漫画，记录数据库中
2026-02-17 23:41:50 - mkk_pika - main.py:83 - INFO - 找到 249 张图片在:第1集
2026-02-17 23:42:00 - mkk_pika - main.py:112 - INFO - [episode:第1集       ] downloaded:   249, total: 249, progress:100%
2026-02-17 23:42:00 - mkk_pika - database.py:238 - INFO - 数据库更新已下载章节
2026-02-17 23:42:00 - mkk_pika - database.py:244 - INFO - 该漫画已下载章节如下
2026-02-17 23:42:00 - mkk_pika - database.py:245 - INFO - ['第1集']
2026-02-17 23:42:01 - mkk_pika - main.py:348 - INFO - ==================== 漫画信息 ====================
                                   漫画ID：582193185f6b9a4f93e5e191
                                   标题：[滑空] しゅーしゅくしゅ！ [中国翻訳] 
                                   作者：滑空
                                   是否完结：是
                                   总页数：249
                                   分类：長篇,妹妹系
                                   章节数：1
                                   最后更新时间：2009-10-03T14:47:16.000Z
                                   =================================================
2026-02-17 23:42:01 - mkk_pika - database.py:101 - INFO - 保存成功：[滑空] しゅーしゅくしゅ！ [中国翻訳] 
2026-02-17 23:42:01 - mkk_pika - main.py:35 - INFO - 开始检查籠の中の小鳥は何時出遣る 系列是否存在未下载章节
2026-02-17 23:42:01 - mkk_pika - main.py:45 - INFO - 正在下载:[籠の中の小鳥は何時出遣る 系列]-[ノラネコノタマ (雪野みなと)]-[['短篇', '強暴', '純愛']]-[total_pages:146]
2026-02-17 23:42:01 - mkk_pika - main.py:49 - INFO - [{'_id': '5821931e5f6b9a4f93e5e4f9', 'title': '第1集', 'order': 1, 'updated_at': '2016-11-08T08:55:58.574Z', 'id': '5821931e5f6b9a4f93e5e4f9'}, {'_id': '5821931f5f6b9a4f93e5e52f', 'title': '第2集', 'order': 2, 'updated_at': '2016-11-08T08:55:59.227Z', 'id': '5821931f5f6b9a4f93e5e52f'}, {'_id': '5821931f5f6b9a4f93e5e55f', 'title': '第3集', 'order': 3, 'updated_at': '2016-11-08T08:55:59.655Z', 'id': '5821931f5f6b9a4f93e5e55f'}, {'_id': '582193205f6b9a4f93e5e595', 'title': '第4集', 'order': 4, 'updated_at': '2016-11-08T08:56:00.061Z', 'id': '582193205f6b9a4f93e5e595'}, {'_id': '582193205f6b9a4f93e5e5c3', 'title': '第5集', 'order': 5, 'updated_at': '2016-11-08T08:56:00.713Z', 'id': '582193205f6b9a4f93e5e5c3'}]
2026-02-17 23:42:01 - mkk_pika - database.py:215 - INFO - 第一次下载该漫画，记录数据库中
2026-02-17 23:42:02 - mkk_pika - main.py:83 - INFO - 找到 26 张图片在:第1集
2026-02-17 23:42:03 - mkk_pika - main.py:112 - INFO - [episode:第1集       ] downloaded:    26, total:  26, progress:100%
2026-02-17 23:42:03 - mkk_pika - database.py:238 - INFO - 数据库更新已下载章节
2026-02-17 23:42:03 - mkk_pika - database.py:244 - INFO - 该漫画已下载章节如下
2026-02-17 23:42:03 - mkk_pika - database.py:245 - INFO - ['第1集']
2026-02-17 23:42:05 - mkk_pika - main.py:83 - INFO - 找到 23 张图片在:第2集
2026-02-17 23:42:06 - mkk_pika - main.py:112 - INFO - [episode:第2集       ] downloaded:    23, total:  23, progress:100%
2026-02-17 23:42:06 - mkk_pika - database.py:238 - INFO - 数据库更新已下载章节
2026-02-17 23:42:06 - mkk_pika - database.py:244 - INFO - 该漫画已下载章节如下
2026-02-17 23:42:06 - mkk_pika - database.py:245 - INFO - ['第1集', '第2集']
2026-02-17 23:42:07 - mkk_pika - main.py:83 - INFO - 找到 26 张图片在:第3集
2026-02-17 23:42:08 - mkk_pika - main.py:112 - INFO - [episode:第3集       ] downloaded:    26, total:  26, progress:100%
2026-02-17 23:42:08 - mkk_pika - database.py:238 - INFO - 数据库更新已下载章节
2026-02-17 23:42:08 - mkk_pika - database.py:244 - INFO - 该漫画已下载章节如下
2026-02-17 23:42:08 - mkk_pika - database.py:245 - INFO - ['第1集', '第2集', '第3集']
2026-02-17 23:42:10 - mkk_pika - main.py:83 - INFO - 找到 22 张图片在:第4集
2026-02-17 23:42:11 - mkk_pika - main.py:112 - INFO - [episode:第4集       ] downloaded:    22, total:  22, progress:100%
2026-02-17 23:42:11 - mkk_pika - database.py:238 - INFO - 数据库更新已下载章节
2026-02-17 23:42:11 - mkk_pika - database.py:244 - INFO - 该漫画已下载章节如下
2026-02-17 23:42:11 - mkk_pika - database.py:245 - INFO - ['第1集', '第2集', '第3集', '第4集']
2026-02-17 23:42:13 - mkk_pika - main.py:83 - INFO - 找到 49 张图片在:第5集
2026-02-17 23:42:14 - mkk_pika - main.py:112 - INFO - [episode:第5集       ] downloaded:    49, total:  49, progress:100%
2026-02-17 23:42:14 - mkk_pika - database.py:238 - INFO - 数据库更新已下载章节
2026-02-17 23:42:14 - mkk_pika - database.py:244 - INFO - 该漫画已下载章节如下
2026-02-17 23:42:14 - mkk_pika - database.py:245 - INFO - ['第1集', '第2集', '第3集', '第4集', '第5集']
2026-02-17 23:42:16 - mkk_pika - main.py:348 - INFO - ==================== 漫画信息 ====================
                                   漫画ID：5821931e5f6b9a4f93e5e4f7
                                   标题：籠の中の小鳥は何時出遣る 系列
                                   作者：ノラネコノタマ (雪野みなと)
                                   是否完结：是
                                   总页数：146
                                   分类：短篇,強暴,純愛
                                   章节数：5
                                   最后更新时间：2009-10-05T06:47:16.000Z
                                   =================================================
2026-02-17 23:42:16 - mkk_pika - database.py:101 - INFO - 保存成功：籠の中の小鳥は何時出遣る 系列
2026-02-17 23:42:16 - mkk_pika - main.py:35 - INFO - 开始检查(C68) [オタクビーム] ごじつごごごじ。[Genesis漢化]是否存在未下载章节
2026-02-17 23:42:16 - mkk_pika - main.py:45 - INFO - 正在下载:[(C68) [オタクビーム] ごじつごごごじ。[Genesis漢化]]-[オタクビーム]-[['短篇', '全彩', '妹妹系']]-[total_pages:18]
2026-02-17 23:42:16 - mkk_pika - main.py:49 - INFO - [{'_id': '582193215f6b9a4f93e5e629', 'title': '第1集', 'order': 1, 'updated_at': '2016-11-08T08:56:01.570Z', 'id': '582193215f6b9a4f93e5e629'}]
2026-02-17 23:42:16 - mkk_pika - database.py:215 - INFO - 第一次下载该漫画，记录数据库中
2026-02-17 23:42:17 - mkk_pika - main.py:83 - INFO - 找到 18 张图片在:第1集
2026-02-17 23:42:17 - mkk_pika - main.py:112 - INFO - [episode:第1集       ] downloaded:    18, total:  18, progress:100%
2026-02-17 23:42:17 - mkk_pika - database.py:238 - INFO - 数据库更新已下载章节
2026-02-17 23:42:17 - mkk_pika - database.py:244 - INFO - 该漫画已下载章节如下
2026-02-17 23:42:17 - mkk_pika - database.py:245 - INFO - ['第1集']
2026-02-17 23:42:19 - mkk_pika - main.py:348 - INFO - ==================== 漫画信息 ====================
                                   漫画ID：582193215f6b9a4f93e5e627
                                   标题：(C68) [オタクビーム] ごじつごごごじ。[Genesis漢化]
                                   作者：オタクビーム
                                   是否完结：是
                                   总页数：18
                                   分类：短篇,全彩,妹妹系
                                   章节数：1
                                   最后更新时间：2009-10-05T16:47:16.000Z
                                   =================================================
2026-02-17 23:42:19 - mkk_pika - database.py:101 - INFO - 保存成功：(C68) [オタクビーム] ごじつごごごじ。[Genesis漢化]
2026-02-17 23:42:19 - mkk_pika - main.py:35 - INFO - 开始检查(C84) [Transient Melody (川崎直孝)] AURORA [Badluck1205]是否存在未下载章节
2026-02-17 23:42:19 - mkk_pika - main.py:45 - INFO - 正在下载:[(C84) [Transient Melody (川崎直孝)] AURORA [Badluck1205]]-[Transient Melody (川崎直孝)]-[['短篇']]-[total_pages:39]
2026-02-17 23:42:19 - mkk_pika - main.py:49 - INFO - [{'_id': '582193215f6b9a4f93e5e651', 'title': '第1集', 'order': 1, 'updated_at': '2016-11-08T08:56:02.004Z', 'id': '582193215f6b9a4f93e5e651'}]
2026-02-17 23:42:19 - mkk_pika - database.py:215 - INFO - 第一次下载该漫画，记录数据库中
2026-02-17 23:42:20 - mkk_pika - main.py:83 - INFO - 找到 39 张图片在:第1集
2026-02-17 23:42:21 - mkk_pika - main.py:112 - INFO - [episode:第1集       ] downloaded:    39, total:  39, progress:100%
2026-02-17 23:42:21 - mkk_pika - database.py:238 - INFO - 数据库更新已下载章节
2026-02-17 23:42:21 - mkk_pika - database.py:244 - INFO - 该漫画已下载章节如下
2026-02-17 23:42:21 - mkk_pika - database.py:245 - INFO - ['第1集']
2026-02-17 23:42:23 - mkk_pika - main.py:348 - INFO - ==================== 漫画信息 ====================
                                   漫画ID：582193215f6b9a4f93e5e64f
                                   标题：(C84) [Transient Melody (川崎直孝)] AURORA [Badluck1205]
                                   作者：Transient Melody (川崎直孝)
                                   是否完结：是
                                   总页数：39
                                   分类：短篇
                                   章节数：1
                                   最后更新时间：2009-10-06T02:47:16.000Z
                                   =================================================
2026-02-17 23:42:23 - mkk_pika - database.py:101 - INFO - 保存成功：(C84) [Transient Melody (川崎直孝)] AURORA [Badluck1205]
2026-02-17 23:42:23 - mkk_pika - main.py:35 - INFO - 开始检查(C84) [自爆システム (涼樹天晴)] 父娘 -おやこ- 小○生の長女による父親の性欲処理是否存在未下载章节
2026-02-17 23:42:23 - mkk_pika - main.py:45 - INFO - 正在下载:[(C84) [自爆システム (涼樹天晴)] 父娘 -おやこ- 小○生の長女による父親の性欲処理]-[自爆システム (涼樹天晴)]-[['人妻', '短篇']]-[total_pages:25]
2026-02-17 23:42:23 - mkk_pika - main.py:49 - INFO - [{'_id': '582193225f6b9a4f93e5e6a3', 'title': '第1集', 'order': 1, 'updated_at': '2016-11-08T08:56:02.777Z', 'id': '582193225f6b9a4f93e5e6a3'}]
2026-02-17 23:42:23 - mkk_pika - database.py:215 - INFO - 第一次下载该漫画，记录数据库中
2026-02-17 23:42:24 - mkk_pika - main.py:83 - INFO - 找到 25 张图片在:第1集
2026-02-17 23:42:25 - mkk_pika - main.py:112 - INFO - [episode:第1集       ] downloaded:    25, total:  25, progress:100%
2026-02-17 23:42:25 - mkk_pika - database.py:238 - INFO - 数据库更新已下载章节
2026-02-17 23:42:25 - mkk_pika - database.py:244 - INFO - 该漫画已下载章节如下
2026-02-17 23:42:25 - mkk_pika - database.py:245 - INFO - ['第1集']
2026-02-17 23:42:26 - mkk_pika - main.py:348 - INFO - ==================== 漫画信息 ====================
                                   漫画ID：582193225f6b9a4f93e5e6a1
                                   标题：(C84) [自爆システム (涼樹天晴)] 父娘 -おやこ- 小○生の長女による父親の性欲処理
                                   作者：自爆システム (涼樹天晴)
                                   是否完结：是
                                   总页数：25
                                   分类：人妻,短篇
                                   章节数：1
                                   最后更新时间：2009-10-06T12:47:16.000Z
                                   =================================================
2026-02-17 23:42:26 - mkk_pika - database.py:101 - INFO - 保存成功：(C84) [自爆システム (涼樹天晴)] 父娘 -おやこ- 小○生の長女による父親の性欲処理
2026-02-17 23:42:26 - mkk_pika - main.py:35 - INFO - 开始检查(C86) [SEPIA (Ogata)] _PS Vol.11 [无毒汉化组]是否存在未下载章节
2026-02-17 23:42:26 - mkk_pika - main.py:45 - INFO - 正在下载:[(C86) [SEPIA (Ogata)] _PS Vol.11 [无毒汉化组]]-[SEPIA (Ogata)]-[['短篇', '全彩', '妹妹系', '純愛']]-[total_pages:15]
2026-02-17 23:42:26 - mkk_pika - main.py:49 - INFO - [{'_id': '582193235f6b9a4f93e5e6d9', 'title': '第1集', 'order': 1, 'updated_at': '2016-11-08T08:56:03.399Z', 'id': '582193235f6b9a4f93e5e6d9'}]
2026-02-17 23:42:26 - mkk_pika - database.py:215 - INFO - 第一次下载该漫画，记录数据库中
2026-02-17 23:42:27 - mkk_pika - main.py:83 - INFO - 找到 15 张图片在:第1集
2026-02-17 23:42:28 - mkk_pika - main.py:112 - INFO - [episode:第1集       ] downloaded:    15, total:  15, progress:100%
2026-02-17 23:42:28 - mkk_pika - database.py:238 - INFO - 数据库更新已下载章节
2026-02-17 23:42:28 - mkk_pika - database.py:244 - INFO - 该漫画已下载章节如下
2026-02-17 23:42:28 - mkk_pika - database.py:245 - INFO - ['第1集']
2026-02-17 23:42:29 - mkk_pika - main.py:348 - INFO - ==================== 漫画信息 ====================
                                   漫画ID：582193225f6b9a4f93e5e6d7
                                   标题：(C86) [SEPIA (Ogata)] _PS Vol.11 [无毒汉化组]
                                   作者：SEPIA (Ogata)
                                   是否完结：是
                                   总页数：15
                                   分类：短篇,全彩,妹妹系,純愛
                                   章节数：1
                                   最后更新时间：2009-10-06T22:47:16.000Z
                                   =================================================
2026-02-17 23:42:29 - mkk_pika - database.py:101 - INFO - 保存成功：(C86) [SEPIA (Ogata)] _PS Vol.11 [无毒汉化组]
2026-02-17 23:42:29 - mkk_pika - main.py:35 - INFO - 开始检查(C86) [ノラネコノタマ (雪野みなと)] ものけもの八夜 [中国翻訳]是否存在未下载章节
2026-02-17 23:42:29 - mkk_pika - main.py:45 - INFO - 正在下载:[(C86) [ノラネコノタマ (雪野みなと)] ものけもの八夜 [中国翻訳]]-[ノラネコノタマ (雪野みなと)]-[['短篇']]-[total_pages:25]
2026-02-17 23:42:29 - mkk_pika - main.py:49 - INFO - [{'_id': '582193235f6b9a4f93e5e6fb', 'title': '第1集', 'order': 1, 'updated_at': '2016-11-08T08:56:03.762Z', 'id': '582193235f6b9a4f93e5e6fb'}]
2026-02-17 23:42:29 - mkk_pika - database.py:215 - INFO - 第一次下载该漫画，记录数据库中
2026-02-17 23:42:30 - mkk_pika - main.py:83 - INFO - 找到 25 张图片在:第1集
2026-02-17 23:42:31 - mkk_pika - main.py:112 - INFO - [episode:第1集       ] downloaded:    25, total:  25, progress:100%
2026-02-17 23:42:31 - mkk_pika - database.py:238 - INFO - 数据库更新已下载章节
2026-02-17 23:42:31 - mkk_pika - database.py:244 - INFO - 该漫画已下载章节如下
2026-02-17 23:42:31 - mkk_pika - database.py:245 - INFO - ['第1集']
2026-02-17 23:42:32 - mkk_pika - main.py:348 - INFO - ==================== 漫画信息 ====================
                                   漫画ID：582193235f6b9a4f93e5e6f9
                                   标题：(C86) [ノラネコノタマ (雪野みなと)] ものけもの八夜 [中国翻訳]
                                   作者：ノラネコノタマ (雪野みなと)
                                   是否完结：是
                                   总页数：25
                                   分类：短篇
                                   章节数：1
                                   最后更新时间：2009-10-07T08:47:16.000Z
                                   =================================================
2026-02-17 23:42:32 - mkk_pika - database.py:101 - INFO - 保存成功：(C86) [ノラネコノタマ (雪野みなと)] ものけもの八夜 [中国翻訳]
2026-02-17 23:42:32 - mkk_pika - main.py:35 - INFO - 开始检查(COMITIA107) [kuma-puro (Shouji Ayumu)] Houkago no Tsuzuki(Chinese)[oxt04389漢化]是否存在未下载章节
2026-02-17 23:42:33 - mkk_pika - main.py:45 - INFO - 正在下载:[(COMITIA107) [kuma-puro (Shouji Ayumu)] Houkago no Tsuzuki(Chinese)[oxt04389漢化]]-[kuma-puro (Shouji Ayumu)]-[['短篇']]-[total_pages:18]
2026-02-17 23:42:33 - mkk_pika - main.py:49 - INFO - [{'_id': '582193245f6b9a4f93e5e731', 'title': '第1集', 'order': 1, 'updated_at': '2016-11-08T08:56:04.145Z', 'id': '582193245f6b9a4f93e5e731'}]
2026-02-17 23:42:33 - mkk_pika - database.py:215 - INFO - 第一次下载该漫画，记录数据库中
2026-02-17 23:42:33 - mkk_pika - main.py:83 - INFO - 找到 18 张图片在:第1集
2026-02-17 23:42:34 - mkk_pika - main.py:112 - INFO - [episode:第1集       ] downloaded:    18, total:  18, progress:100%
2026-02-17 23:42:34 - mkk_pika - database.py:238 - INFO - 数据库更新已下载章节
2026-02-17 23:42:34 - mkk_pika - database.py:244 - INFO - 该漫画已下载章节如下
2026-02-17 23:42:34 - mkk_pika - database.py:245 - INFO - ['第1集']
2026-02-17 23:42:35 - mkk_pika - main.py:348 - INFO - ==================== 漫画信息 ====================
                                   漫画ID：582193235f6b9a4f93e5e72f
                                   标题：(COMITIA107) [kuma-puro (Shouji Ayumu)] Houkago no Tsuzuki(Chinese)[oxt04389漢化]
                                   作者：kuma-puro (Shouji Ayumu)
                                   是否完结：是
                                   总页数：18
                                   分类：短篇
                                   章节数：1
                                   最后更新时间：2009-10-07T18:47:16.000Z
                                   =================================================
2026-02-17 23:42:35 - mkk_pika - database.py:101 - INFO - 保存成功：(COMITIA107) [kuma-puro (Shouji Ayumu)] Houkago no Tsuzuki(Chinese)[oxt04389漢化]
2026-02-17 23:42:35 - mkk_pika - main.py:35 - INFO - 开始检查(COMITIA108) [Anchuu Mosaku (Maruko Rondo)] Meikko na Syoujo no Ehon [Chinese]是否存在未下载章节
2026-02-17 23:42:35 - mkk_pika - main.py:45 - INFO - 正在下载:[(COMITIA108) [Anchuu Mosaku (Maruko Rondo)] Meikko na Syoujo no Ehon [Chinese]]-[(COMITIA108) [Anchuu Mosaku (Maruko Rondo)] Meikko na Syoujo no Ehon [Chinese]]-[['短篇']]-[total_pages:30]
2026-02-17 23:42:35 - mkk_pika - main.py:49 - INFO - [{'_id': '582193245f6b9a4f93e5e759', 'title': '第1集', 'order': 1, 'updated_at': '2016-11-08T08:56:04.810Z', 'id': '582193245f6b9a4f93e5e759'}]
2026-02-17 23:42:35 - mkk_pika - database.py:215 - INFO - 第一次下载该漫画，记录数据库中
2026-02-17 23:42:36 - mkk_pika - main.py:83 - INFO - 找到 30 张图片在:第1集
2026-02-17 23:42:37 - mkk_pika - main.py:112 - INFO - [episode:第1集       ] downloaded:    30, total:  30, progress:100%
2026-02-17 23:42:37 - mkk_pika - database.py:238 - INFO - 数据库更新已下载章节
2026-02-17 23:42:37 - mkk_pika - database.py:244 - INFO - 该漫画已下载章节如下
2026-02-17 23:42:37 - mkk_pika - database.py:245 - INFO - ['第1集']
2026-02-17 23:42:38 - mkk_pika - main.py:348 - INFO - ==================== 漫画信息 ====================
                                   漫画ID：582193245f6b9a4f93e5e757
                                   标题：(COMITIA108) [Anchuu Mosaku (Maruko Rondo)] Meikko na Syoujo no Ehon [Chinese]
                                   作者：(COMITIA108) [Anchuu Mosaku (Maruko Rondo)] Meikko na Syoujo no Ehon [Chinese]
                                   是否完结：否
                                   总页数：30
                                   分类：短篇
                                   章节数：1
                                   最后更新时间：2009-10-08T04:47:16.000Z
                                   =================================================
2026-02-17 23:42:38 - mkk_pika - database.py:101 - INFO - 保存成功：(COMITIA108) [Anchuu Mosaku (Maruko Rondo)] Meikko na Syoujo no Ehon [Chinese]
2026-02-17 23:42:38 - mkk_pika - main.py:35 - INFO - 开始检查（E个人汉化）(SC64) [ノラネコノタマ (雪野みなと)] ソラノハテマデ是否存在未下载章节
2026-02-17 23:42:39 - mkk_pika - main.py:45 - INFO - 正在下载:[（E个人汉化）(SC64) [ノラネコノタマ (雪野みなと)] ソラノハテマデ]-[ノラネコノタマ (雪野みなと)]-[['短篇', '非人類', '強暴']]-[total_pages:26]
2026-02-17 23:42:39 - mkk_pika - main.py:49 - INFO - [{'_id': '582193255f6b9a4f93e5e799', 'title': '第1集', 'order': 1, 'updated_at': '2016-11-08T08:56:05.329Z', 'id': '582193255f6b9a4f93e5e799'}]
2026-02-17 23:42:39 - mkk_pika - database.py:215 - INFO - 第一次下载该漫画，记录数据库中
2026-02-17 23:42:39 - mkk_pika - main.py:83 - INFO - 找到 26 张图片在:第1集
2026-02-17 23:42:40 - mkk_pika - main.py:112 - INFO - [episode:第1集       ] downloaded:    26, total:  26, progress:100%
2026-02-17 23:42:40 - mkk_pika - database.py:238 - INFO - 数据库更新已下载章节
2026-02-17 23:42:40 - mkk_pika - database.py:244 - INFO - 该漫画已下载章节如下
2026-02-17 23:42:40 - mkk_pika - database.py:245 - INFO - ['第1集']
2026-02-17 23:42:42 - mkk_pika - main.py:348 - INFO - ==================== 漫画信息 ====================
                                   漫画ID：582193255f6b9a4f93e5e797
                                   标题：（E个人汉化）(SC64) [ノラネコノタマ (雪野みなと)] ソラノハテマデ
                                   作者：ノラネコノタマ (雪野みなと)
                                   是否完结：否
                                   总页数：26
                                   分类：短篇,非人類,強暴
                                   章节数：1
                                   最后更新时间：2009-10-08T14:47:16.000Z
                                   =================================================
2026-02-17 23:42:42 - mkk_pika - database.py:101 - INFO - 保存成功：（E个人汉化）(SC64) [ノラネコノタマ (雪野みなと)] ソラノハテマデ
2026-02-17 23:42:42 - mkk_pika - main.py:35 - INFO - 开始检查(漢化組漢化組#99) [ゆきみ] 片桐姉妹是否存在未下载章节
2026-02-17 23:42:42 - mkk_pika - main.py:45 - INFO - 正在下载:[(漢化組漢化組#99) [ゆきみ] 片桐姉妹]-[ゆきみ]-[['短篇']]-[total_pages:28]
2026-02-17 23:42:42 - mkk_pika - main.py:49 - INFO - [{'_id': '582193255f6b9a4f93e5e7d1', 'title': '第1集', 'order': 1, 'updated_at': '2016-11-08T08:56:05.987Z', 'id': '582193255f6b9a4f93e5e7d1'}]
2026-02-17 23:42:42 - mkk_pika - database.py:215 - INFO - 第一次下载该漫画，记录数据库中
2026-02-17 23:42:43 - mkk_pika - main.py:83 - INFO - 找到 28 张图片在:第1集
2026-02-17 23:42:44 - mkk_pika - main.py:112 - INFO - [episode:第1集       ] downloaded:    28, total:  28, progress:100%
2026-02-17 23:42:44 - mkk_pika - database.py:238 - INFO - 数据库更新已下载章节
2026-02-17 23:42:44 - mkk_pika - database.py:244 - INFO - 该漫画已下载章节如下
2026-02-17 23:42:44 - mkk_pika - database.py:245 - INFO - ['第1集']
2026-02-17 23:42:45 - mkk_pika - main.py:348 - INFO - ==================== 漫画信息 ====================
                                   漫画ID：582193255f6b9a4f93e5e7cf
                                   标题：(漢化組漢化組#99) [ゆきみ] 片桐姉妹
                                   作者：ゆきみ
                                   是否完结：否
                                   总页数：28
                                   分类：短篇
                                   章节数：1
                                   最后更新时间：2009-10-09T00:47:16.000Z
                                   =================================================
2026-02-17 23:42:45 - mkk_pika - database.py:101 - INFO - 保存成功：(漢化組漢化組#99) [ゆきみ] 片桐姉妹
2026-02-17 23:42:45 - mkk_pika - main.py:35 - INFO - 开始检查[Oretachi Misnon Ikka (Misnon the Great)] Ga-Rei -Joku- (Ga-Rei) [Chinese] [黑条汉化]是否存在未下载章节
2026-02-17 23:42:45 - mkk_pika - main.py:45 - INFO - 正在下载:[[Oretachi Misnon Ikka (Misnon the Great)] Ga-Rei -Joku- (Ga-Rei) [Chinese] [黑条汉化]]-[中二数字君]-[['同人', '短篇', '強暴']]-[total_pages:26]
2026-02-17 23:42:45 - mkk_pika - main.py:49 - INFO - [{'_id': '582193265f6b9a4f93e5e80d', 'title': '第1集', 'order': 1, 'updated_at': '2016-11-08T08:56:06.418Z', 'id': '582193265f6b9a4f93e5e80d'}]
2026-02-17 23:42:45 - mkk_pika - database.py:215 - INFO - 第一次下载该漫画，记录数据库中
2026-02-17 23:42:46 - mkk_pika - main.py:83 - INFO - 找到 26 张图片在:第1集
2026-02-17 23:42:47 - mkk_pika - main.py:112 - INFO - [episode:第1集       ] downloaded:    26, total:  26, progress:100%
2026-02-17 23:42:47 - mkk_pika - database.py:238 - INFO - 数据库更新已下载章节
2026-02-17 23:42:47 - mkk_pika - database.py:244 - INFO - 该漫画已下载章节如下
2026-02-17 23:42:47 - mkk_pika - database.py:245 - INFO - ['第1集']
2026-02-17 23:42:48 - mkk_pika - main.py:348 - INFO - ==================== 漫画信息 ====================
                                   漫画ID：582193265f6b9a4f93e5e80b
                                   标题：[Oretachi Misnon Ikka (Misnon the Great)] Ga-Rei -Joku- (Ga-Rei) [Chinese] [黑条汉化]
                                   作者：中二数字君
                                   是否完结：是
                                   总页数：26
                                   分类：同人,短篇,強暴
                                   章节数：1
                                   最后更新时间：2009-10-09T10:47:16.000Z
                                   =================================================
2026-02-17 23:42:48 - mkk_pika - database.py:101 - INFO - 保存成功：[Oretachi Misnon Ikka (Misnon the Great)] Ga-Rei -Joku- (Ga-Rei) [Chinese] [黑条汉化]
2026-02-17 23:42:48 - mkk_pika - main.py:35 - INFO - 开始检查むっちりメガ豚是否存在未下载章节
2026-02-17 23:42:48 - mkk_pika - main.py:45 - INFO - 正在下载:[むっちりメガ豚]-[秋草ぺぺろん]-[['同人', 'SM', '人妻', '長篇']]-[total_pages:186]
2026-02-17 23:42:48 - mkk_pika - main.py:49 - INFO - [{'_id': '582193265f6b9a4f93e5e845', 'title': '第1集', 'order': 1, 'updated_at': '2016-11-08T08:56:06.869Z', 'id': '582193265f6b9a4f93e5e845'}]
2026-02-17 23:42:48 - mkk_pika - database.py:215 - INFO - 第一次下载该漫画，记录数据库中
2026-02-17 23:42:50 - mkk_pika - main.py:83 - INFO - 找到 186 张图片在:第1集
2026-02-17 23:42:57 - mkk_pika - main.py:112 - INFO - [episode:第1集       ] downloaded:   186, total: 186, progress:100%
2026-02-17 23:42:57 - mkk_pika - database.py:238 - INFO - 数据库更新已下载章节
2026-02-17 23:42:57 - mkk_pika - database.py:244 - INFO - 该漫画已下载章节如下
2026-02-17 23:42:57 - mkk_pika - database.py:245 - INFO - ['第1集']
2026-02-17 23:42:59 - mkk_pika - main.py:348 - INFO - ==================== 漫画信息 ====================
                                   漫画ID：582193265f6b9a4f93e5e843
                                   标题：むっちりメガ豚
                                   作者：秋草ぺぺろん
                                   是否完结：是
                                   总页数：186
                                   分类：同人,SM,人妻,長篇
                                   章节数：1
                                   最后更新时间：2009-10-09T20:47:16.000Z
                                   =================================================
2026-02-17 23:42:59 - mkk_pika - database.py:101 - INFO - 保存成功：むっちりメガ豚
2026-02-17 23:42:59 - mkk_pika - main.py:35 - INFO - 开始检查ふたり嫁是否存在未下载章节
2026-02-17 23:42:59 - mkk_pika - main.py:45 - INFO - 正在下载:[ふたり嫁]-[レオパルド]-[['同人', '長篇', '純愛']]-[total_pages:208]
2026-02-17 23:42:59 - mkk_pika - main.py:49 - INFO - [{'_id': '582193275f6b9a4f93e5e9bd', 'title': '第1集', 'order': 1, 'updated_at': '2016-11-08T08:56:07.868Z', 'id': '582193275f6b9a4f93e5e9bd'}]
2026-02-17 23:42:59 - mkk_pika - database.py:215 - INFO - 第一次下载该漫画，记录数据库中
2026-02-17 23:43:01 - mkk_pika - main.py:83 - INFO - 找到 208 张图片在:第1集
2026-02-17 23:43:10 - mkk_pika - main.py:112 - INFO - [episode:第1集       ] downloaded:   208, total: 208, progress:100%
2026-02-17 23:43:10 - mkk_pika - database.py:238 - INFO - 数据库更新已下载章节
2026-02-17 23:43:10 - mkk_pika - database.py:244 - INFO - 该漫画已下载章节如下
2026-02-17 23:43:10 - mkk_pika - database.py:245 - INFO - ['第1集']
2026-02-17 23:43:11 - mkk_pika - main.py:348 - INFO - ==================== 漫画信息 ====================
                                   漫画ID：582193275f6b9a4f93e5e9bb
                                   标题：ふたり嫁
                                   作者：レオパルド
                                   是否完结：否
                                   总页数：208
                                   分类：同人,長篇,純愛
                                   章节数：1
                                   最后更新时间：2009-10-10T06:47:16.000Z
                                   =================================================
2026-02-17 23:43:11 - mkk_pika - database.py:101 - INFO - 保存成功：ふたり嫁
2026-02-17 23:43:11 - mkk_pika - main.py:380 - INFO - 本次任务下载完毕
2026-02-17 23:43:11 - mkk_pika - database.py:173 - INFO - 数据库连接已关闭
