2026-01-12 23:25:26 - mkk_pika - main.py:193 - INFO - =======================================================================
2026-01-12 23:25:26 - mkk_pika - database.py:61 - INFO - 表和索引初始化成功
2026-01-12 23:25:26 - mkk_pika - main.py:197 - INFO - 已经累计下载946本漫画
2026-01-12 23:25:26 - mkk_pika - api.py:87 - INFO - 登录成功
2026-01-12 23:25:27 - mkk_pika - main.py:203 - INFO - 收藏夹共计1本漫画
2026-01-12 23:25:27 - mkk_pika - main.py:206 - INFO - 开始下载收藏夹内未下载内容
2026-01-12 23:25:27 - mkk_pika - main.py:35 - INFO - 开始检查[Artist] BBStaff（AI）是否存在未下载章节
2026-01-12 23:25:27 - mkk_pika - database.py:203 - INFO - 查询数据库中是否已存在伊蕾娜
2026-01-12 23:25:27 - mkk_pika - database.py:203 - INFO - 查询数据库中是否已存在金色暗影
2026-01-12 23:25:27 - mkk_pika - database.py:203 - INFO - 查询数据库中是否已存在惠惠
2026-01-12 23:25:27 - mkk_pika - database.py:203 - INFO - 查询数据库中是否已存在结城美柑
2026-01-12 23:25:27 - mkk_pika - database.py:203 - INFO - 查询数据库中是否已存在贝尔泽古·斯黛莉休·索德·爱丽丝
2026-01-12 23:25:27 - mkk_pika - database.py:203 - INFO - 查询数据库中是否已存在板柳有栖
2026-01-12 23:25:27 - mkk_pika - database.py:203 - INFO - 查询数据库中是否已存在尤菲莉亚·玛泽塔
2026-01-12 23:25:27 - mkk_pika - database.py:203 - INFO - 查询数据库中是否已存在椎名日和
2026-01-12 23:25:27 - mkk_pika - database.py:203 - INFO - 查询数据库中是否已存在高町奈叶
2026-01-12 23:25:27 - mkk_pika - database.py:203 - INFO - 查询数据库中是否已存在星野瑠美衣
2026-01-12 23:25:27 - mkk_pika - database.py:203 - INFO - 查询数据库中是否已存在小柳香穗
2026-01-12 23:25:27 - mkk_pika - database.py:203 - INFO - 查询数据库中是否已存在甘织玲奈子
2026-01-12 23:25:27 - mkk_pika - database.py:203 - INFO - 查询数据库中是否已存在伊地知虹夏
2026-01-12 23:25:27 - mkk_pika - database.py:203 - INFO - 查询数据库中是否已存在芙兰达·塞维伦
2026-01-12 23:25:27 - mkk_pika - database.py:203 - INFO - 查询数据库中是否已存在小美浪爱澄
2026-01-12 23:25:27 - mkk_pika - database.py:203 - INFO - 查询数据库中是否已存在有马加奈
2026-01-12 23:25:27 - mkk_pika - database.py:203 - INFO - 查询数据库中是否已存在白银圭
2026-01-12 23:25:27 - mkk_pika - database.py:203 - INFO - 查询数据库中是否已存在鹿目圆香
2026-01-12 23:25:27 - mkk_pika - database.py:203 - INFO - 查询数据库中是否已存在莉赛萝黛·库雷提雅
2026-01-12 23:25:27 - mkk_pika - database.py:203 - INFO - 查询数据库中是否已存在空银子
2026-01-12 23:25:27 - mkk_pika - database.py:203 - INFO - 查询数据库中是否已存在谷地仁花
2026-01-12 23:25:27 - mkk_pika - main.py:51 - INFO - [Artist] BBStaff（AI）中没有可下载章节
2026-01-12 23:25:27 - mkk_pika - main.py:224 - INFO - ==================== 漫画信息 ====================
                漫画ID：687a1b80ecd86823a404aa48
                标题：[Artist] BBStaff（AI）
                作者：BBStaff
                是否完结：否
                总页数：4149
                分类：全彩,同人,CG雜圖
                章节数：21
                最后更新时间：2026-01-05T15:24:08.585Z
                =================================================
2026-01-12 23:25:27 - mkk_pika - database.py:101 - INFO - 保存成功：[Artist] BBStaff（AI）
2026-01-12 23:25:27 - mkk_pika - util.py:164 - INFO - 目标时间（UTC）：2026-01-05 15:24:08.585000+00:00
2026-01-12 23:25:27 - mkk_pika - util.py:165 - INFO - 当前UTC时间：2026-01-12 23:25:27.737464+00:00
2026-01-12 23:25:27 - mkk_pika - util.py:167 - INFO - 相差：7 天 8 小时 1 分钟
2026-01-12 23:25:27 - mkk_pika - main.py:266 - INFO - 收藏夹内容下载完毕
2026-01-12 23:25:27 - mkk_pika - main.py:268 - INFO - 开始下载订阅内容
2026-01-12 23:25:27 - mkk_pika - database.py:258 - INFO - 根据ID查询到标题：萝莉 -> あまいろショコラータ3
2026-01-12 23:25:28 - mkk_pika - database.py:101 - INFO - 保存成功：あまいろショコラータ3
2026-01-12 23:25:28 - mkk_pika - main.py:273 - INFO - 关键词萝莉找到0本漫画
2026-01-12 23:25:28 - mkk_pika - database.py:258 - INFO - 根据ID查询到标题：蘿莉 -> [Pixiv] あきぺこ (65882780)
2026-01-12 23:25:29 - mkk_pika - database.py:101 - INFO - 保存成功：愤怒的硕鼠
2026-01-12 23:25:29 - mkk_pika - main.py:273 - INFO - 关键词蘿莉找到5本漫画
2026-01-12 23:25:29 - mkk_pika - main.py:275 - INFO - 订阅内容共计5本漫画
2026-01-12 23:25:29 - mkk_pika - main.py:35 - INFO - 开始检查MARI♥COS是否存在未下载章节
2026-01-12 23:25:29 - mkk_pika - main.py:45 - INFO - 正在下载:[MARI♥COS]-[でこぽんず (ささきち)]-[['短篇', '全彩', '同人']]-[total_pages:-1]
2026-01-12 23:25:29 - mkk_pika - main.py:49 - INFO - [{'_id': '69652409536a1c73f74e7f71', 'title': '第1話', 'order': 1, 'updated_at': '2026-01-12T05:21:39.565Z', 'id': '69652409536a1c73f74e7f71'}]
2026-01-12 23:25:29 - mkk_pika - database.py:215 - INFO - 第一次下载该漫画，记录数据库中
2026-01-12 23:25:30 - mkk_pika - main.py:83 - INFO - 找到 22 张图片在:第1話
2026-01-12 23:25:30 - mkk_pika - main.py:112 - INFO - [episode:第1話       ] downloaded:    22, total:  22, progress:100%
2026-01-12 23:25:30 - mkk_pika - database.py:238 - INFO - 数据库更新已下载章节
2026-01-12 23:25:30 - mkk_pika - database.py:244 - INFO - 该漫画已下载章节如下
2026-01-12 23:25:30 - mkk_pika - database.py:245 - INFO - ['第1話']
2026-01-12 23:25:32 - mkk_pika - main.py:292 - INFO - ==================== 漫画信息 ====================
                                漫画ID：69652409536a1c73f74e7f70
                                标题：MARI♥COS
                                作者：でこぽんず (ささきち)
                                是否完结：是
                                总页数：22
                                分类：短篇,全彩,同人
                                章节数：1
                                最后更新时间：2026-01-12T16:40:41.558Z
                                =================================================
2026-01-12 23:25:32 - mkk_pika - database.py:101 - INFO - 保存成功：MARI♥COS
2026-01-12 23:25:32 - mkk_pika - main.py:35 - INFO - 开始检查Neko Neko Note 9 体育教師に弱み握られドスケベ教育セックスする本 | Neko Neko Note 9 被体育老师抓住把柄被淫乱性教育的本子是否存在未下载章节
2026-01-12 23:25:32 - mkk_pika - main.py:45 - INFO - 正在下载:[Neko Neko Note 9 体育教師に弱み握られドスケベ教育セックスする本 | Neko Neko Note 9 被体育老师抓住把柄被淫乱性教育的本子]-[ネコゴショ (ヤナギユウ)]-[['短篇', '全彩']]-[total_pages:-1]
2026-01-12 23:25:32 - mkk_pika - main.py:49 - INFO - [{'_id': '61fcd9b0acc213501f839e54', 'title': '生肉', 'order': 1, 'updated_at': '2026-01-12T16:38:02.869Z', 'id': '61fcd9b0acc213501f839e54'}, {'_id': '6965236aa11e197407c256e1', 'title': '熟肉', 'order': 2, 'updated_at': '2026-01-11T14:07:18.426Z', 'id': '6965236aa11e197407c256e1'}]
2026-01-12 23:25:32 - mkk_pika - database.py:215 - INFO - 第一次下载该漫画，记录数据库中
2026-01-12 23:25:33 - mkk_pika - main.py:83 - INFO - 找到 36 张图片在:生肉
2026-01-12 23:25:34 - mkk_pika - main.py:112 - INFO - [episode:生肉        ] downloaded:    36, total:  36, progress:100%
2026-01-12 23:25:34 - mkk_pika - database.py:238 - INFO - 数据库更新已下载章节
2026-01-12 23:25:34 - mkk_pika - database.py:244 - INFO - 该漫画已下载章节如下
2026-01-12 23:25:34 - mkk_pika - database.py:245 - INFO - ['生肉']
2026-01-12 23:25:35 - mkk_pika - main.py:83 - INFO - 找到 36 张图片在:熟肉
2026-01-12 23:25:37 - mkk_pika - main.py:112 - INFO - [episode:熟肉        ] downloaded:    36, total:  36, progress:100%
2026-01-12 23:25:37 - mkk_pika - database.py:238 - INFO - 数据库更新已下载章节
2026-01-12 23:25:37 - mkk_pika - database.py:244 - INFO - 该漫画已下载章节如下
2026-01-12 23:25:37 - mkk_pika - database.py:245 - INFO - ['生肉', '熟肉']
2026-01-12 23:25:38 - mkk_pika - main.py:292 - INFO - ==================== 漫画信息 ====================
                                漫画ID：61fcd9b0acc213501f839e53
                                标题：Neko Neko Note 9 体育教師に弱み握られドスケベ教育セックスする本 | Neko Neko Note 9 被体育老师抓住把柄被淫乱性教育的本子
                                作者：ネコゴショ (ヤナギユウ)
                                是否完结：否
                                总页数：72
                                分类：短篇,全彩
                                章节数：2
                                最后更新时间：2026-01-12T16:38:02.860Z
                                =================================================
2026-01-12 23:25:38 - mkk_pika - database.py:101 - INFO - 保存成功：Neko Neko Note 9 体育教師に弱み握られドスケベ教育セックスする本 | Neko Neko Note 9 被体育老师抓住把柄被淫乱性教育的本子
2026-01-12 23:25:38 - mkk_pika - main.py:35 - INFO - 开始检查妹でも弁償はちゃんとさせなきゃね是否存在未下载章节
2026-01-12 23:25:39 - mkk_pika - main.py:45 - INFO - 正在下载:[妹でも弁償はちゃんとさせなきゃね]-[ひまわり第四地区 (ムサシちゅんすけ)]-[['短篇', '妹妹系']]-[total_pages:-1]
2026-01-12 23:25:39 - mkk_pika - main.py:49 - INFO - [{'_id': '685fc182c822697e6b9c7236', 'title': '生肉', 'order': 1, 'updated_at': '2026-01-12T16:02:57.351Z', 'id': '685fc182c822697e6b9c7236'}, {'_id': '69651b31f7306773b4793d86', 'title': '熟肉', 'order': 2, 'updated_at': '2026-01-11T13:55:07.722Z', 'id': '69651b31f7306773b4793d86'}]
2026-01-12 23:25:39 - mkk_pika - database.py:215 - INFO - 第一次下载该漫画，记录数据库中
2026-01-12 23:25:39 - mkk_pika - main.py:83 - INFO - 找到 19 张图片在:生肉
2026-01-12 23:25:40 - mkk_pika - main.py:112 - INFO - [episode:生肉        ] downloaded:    19, total:  19, progress:100%
2026-01-12 23:25:40 - mkk_pika - database.py:238 - INFO - 数据库更新已下载章节
2026-01-12 23:25:40 - mkk_pika - database.py:244 - INFO - 该漫画已下载章节如下
2026-01-12 23:25:40 - mkk_pika - database.py:245 - INFO - ['生肉']
2026-01-12 23:25:42 - mkk_pika - main.py:83 - INFO - 找到 19 张图片在:熟肉
2026-01-12 23:25:42 - mkk_pika - main.py:112 - INFO - [episode:熟肉        ] downloaded:    19, total:  19, progress:100%
2026-01-12 23:25:42 - mkk_pika - database.py:238 - INFO - 数据库更新已下载章节
2026-01-12 23:25:42 - mkk_pika - database.py:244 - INFO - 该漫画已下载章节如下
2026-01-12 23:25:42 - mkk_pika - database.py:245 - INFO - ['生肉', '熟肉']
2026-01-12 23:25:44 - mkk_pika - main.py:292 - INFO - ==================== 漫画信息 ====================
                                漫画ID：685fc182c822697e6b9c7235
                                标题：妹でも弁償はちゃんとさせなきゃね
                                作者：ひまわり第四地区 (ムサシちゅんすけ)
                                是否完结：否
                                总页数：38
                                分类：短篇,妹妹系
                                章节数：2
                                最后更新时间：2026-01-12T16:02:57.343Z
                                =================================================
2026-01-12 23:25:44 - mkk_pika - database.py:101 - INFO - 保存成功：妹でも弁償はちゃんとさせなきゃね
2026-01-12 23:25:44 - mkk_pika - main.py:35 - INFO - 开始检查イロハとえっちしちゃう本。 | 和伊吕波一起甜蜜交欢的本。是否存在未下载章节
2026-01-12 23:25:44 - mkk_pika - main.py:45 - INFO - 正在下载:[イロハとえっちしちゃう本。 | 和伊吕波一起甜蜜交欢的本。]-[ろあぐーん。 (ろあぐん)]-[['短篇', '同人']]-[total_pages:-1]
2026-01-12 23:25:44 - mkk_pika - main.py:49 - INFO - [{'_id': '6913707a7303372cd70ebf2e', 'title': '第1話', 'order': 1, 'updated_at': '2025-11-10T15:48:19.190Z', 'id': '6913707a7303372cd70ebf2e'}, {'_id': '69651b0ff7306773b4793cf7', 'title': '第4話', 'order': 2, 'updated_at': '2026-01-11T13:35:06.157Z', 'id': '69651b0ff7306773b4793cf7'}]
2026-01-12 23:25:44 - mkk_pika - database.py:215 - INFO - 第一次下载该漫画，记录数据库中
2026-01-12 23:25:45 - mkk_pika - main.py:83 - INFO - 找到 22 张图片在:第1話
2026-01-12 23:25:46 - mkk_pika - main.py:112 - INFO - [episode:第1話       ] downloaded:    22, total:  22, progress:100%
2026-01-12 23:25:46 - mkk_pika - database.py:238 - INFO - 数据库更新已下载章节
2026-01-12 23:25:46 - mkk_pika - database.py:244 - INFO - 该漫画已下载章节如下
2026-01-12 23:25:46 - mkk_pika - database.py:245 - INFO - ['第1話']
2026-01-12 23:25:47 - mkk_pika - main.py:83 - INFO - 找到 31 张图片在:第4話
2026-01-12 23:25:48 - mkk_pika - main.py:112 - INFO - [episode:第4話       ] downloaded:    31, total:  31, progress:100%
2026-01-12 23:25:48 - mkk_pika - database.py:238 - INFO - 数据库更新已下载章节
2026-01-12 23:25:48 - mkk_pika - database.py:244 - INFO - 该漫画已下载章节如下
2026-01-12 23:25:48 - mkk_pika - database.py:245 - INFO - ['第1話', '第4話']
2026-01-12 23:25:50 - mkk_pika - main.py:292 - INFO - ==================== 漫画信息 ====================
                                漫画ID：6913707a7303372cd70ebf2d
                                标题：イロハとえっちしちゃう本。 | 和伊吕波一起甜蜜交欢的本。
                                作者：ろあぐーん。 (ろあぐん)
                                是否完结：否
                                总页数：53
                                分类：短篇,同人
                                章节数：2
                                最后更新时间：2026-01-12T16:02:23.920Z
                                =================================================
2026-01-12 23:25:50 - mkk_pika - database.py:101 - INFO - 保存成功：イロハとえっちしちゃう本。 | 和伊吕波一起甜蜜交欢的本。
2026-01-12 23:25:50 - mkk_pika - main.py:35 - INFO - 开始检查ユニークジョブ【種付けおじさん】を獲得しました是否存在未下载章节
2026-01-12 23:25:50 - mkk_pika - database.py:203 - INFO - 查询数据库中是否已存在第1話
2026-01-12 23:25:50 - mkk_pika - database.py:203 - INFO - 查询数据库中是否已存在第2話
2026-01-12 23:25:50 - mkk_pika - database.py:203 - INFO - 查询数据库中是否已存在第3話
2026-01-12 23:25:50 - mkk_pika - database.py:203 - INFO - 查询数据库中是否已存在第4話
2026-01-12 23:25:50 - mkk_pika - database.py:203 - INFO - 查询数据库中是否已存在第5話
2026-01-12 23:25:50 - mkk_pika - database.py:203 - INFO - 查询数据库中是否已存在第6話
2026-01-12 23:25:50 - mkk_pika - database.py:203 - INFO - 查询数据库中是否已存在第7話
2026-01-12 23:25:50 - mkk_pika - database.py:203 - INFO - 查询数据库中是否已存在第8話
2026-01-12 23:25:50 - mkk_pika - database.py:203 - INFO - 查询数据库中是否已存在第9話
2026-01-12 23:25:50 - mkk_pika - database.py:203 - INFO - 查询数据库中是否已存在第10話
2026-01-12 23:25:50 - mkk_pika - database.py:203 - INFO - 查询数据库中是否已存在第11話
2026-01-12 23:25:50 - mkk_pika - database.py:203 - INFO - 查询数据库中是否已存在第12話
2026-01-12 23:25:50 - mkk_pika - database.py:203 - INFO - 查询数据库中是否已存在番外編
2026-01-12 23:25:50 - mkk_pika - database.py:203 - INFO - 查询数据库中是否已存在第13話
2026-01-12 23:25:50 - mkk_pika - database.py:203 - INFO - 查询数据库中是否已存在第14話
2026-01-12 23:25:50 - mkk_pika - database.py:203 - INFO - 查询数据库中是否已存在第15話
2026-01-12 23:25:50 - mkk_pika - database.py:203 - INFO - 查询数据库中是否已存在第16話
2026-01-12 23:25:50 - mkk_pika - database.py:203 - INFO - 查询数据库中是否已存在第17話
2026-01-12 23:25:50 - mkk_pika - database.py:203 - INFO - 查询数据库中是否已存在第17話（Lolipoi汉化组）
2026-01-12 23:25:50 - mkk_pika - database.py:203 - INFO - 查询数据库中是否已存在第18話
2026-01-12 23:25:50 - mkk_pika - database.py:203 - INFO - 查询数据库中是否已存在番外編2
2026-01-12 23:25:50 - mkk_pika - main.py:51 - INFO - ユニークジョブ【種付けおじさん】を獲得しました中没有可下载章节
2026-01-12 23:25:50 - mkk_pika - main.py:292 - INFO - ==================== 漫画信息 ====================
                                漫画ID：61e9804cd7ae416a54a52ade
                                标题：ユニークジョブ【種付けおじさん】を獲得しました
                                作者：pastime774
                                是否完结：否
                                总页数：572
                                分类：妹妹系,強暴,長篇
                                章节数：21
                                最后更新时间：2026-01-11T18:07:02.222Z
                                =================================================
2026-01-12 23:25:50 - mkk_pika - database.py:101 - INFO - 保存成功：ユニークジョブ【種付けおじさん】を獲得しました
2026-01-12 23:25:50 - mkk_pika - main.py:323 - INFO - 订阅内容内容下载完毕
2026-01-12 23:25:50 - mkk_pika - main.py:324 - INFO - 开始分批下载全部章节
2026-01-12 23:25:50 - mkk_pika - database.py:280 - INFO - 表和索引初始化成功
2026-01-12 23:25:51 - mkk_pika - main.py:177 - INFO - 已经下载了43页，一共6677页，现在开始添加第44页
2026-01-12 23:25:51 - mkk_pika - database.py:318 - INFO - 保存成功
2026-01-12 23:25:52 - mkk_pika - main.py:177 - INFO - 已经下载了44页，一共6677页，现在开始添加第45页
2026-01-12 23:25:52 - mkk_pika - database.py:318 - INFO - 保存成功
2026-01-12 23:25:52 - mkk_pika - main.py:331 - INFO - 分批下载共计40本漫画
2026-01-12 23:25:52 - mkk_pika - main.py:35 - INFO - 开始检查清水潔子Returns (ハイキュー!!)是否存在未下载章节
2026-01-12 23:25:52 - mkk_pika - main.py:45 - INFO - 正在下载:[清水潔子Returns (ハイキュー!!)]-[STUDIO PAL (南野琴)]-[['同人', '短篇', '全彩', '強暴']]-[total_pages:19]
2026-01-12 23:25:52 - mkk_pika - main.py:49 - INFO - [{'_id': '5f167fecf6f1a741687edc9f', 'title': '第1話', 'order': 1, 'updated_at': '2020-07-21T05:36:50.791Z', 'id': '5f167fecf6f1a741687edc9f'}]
2026-01-12 23:25:52 - mkk_pika - database.py:215 - INFO - 第一次下载该漫画，记录数据库中
2026-01-12 23:25:53 - mkk_pika - main.py:83 - INFO - 找到 19 张图片在:第1話
2026-01-12 23:25:54 - mkk_pika - main.py:112 - INFO - [episode:第1話       ] downloaded:    19, total:  19, progress:100%
2026-01-12 23:25:54 - mkk_pika - database.py:238 - INFO - 数据库更新已下载章节
2026-01-12 23:25:54 - mkk_pika - database.py:244 - INFO - 该漫画已下载章节如下
2026-01-12 23:25:54 - mkk_pika - database.py:245 - INFO - ['第1話']
2026-01-12 23:25:55 - mkk_pika - main.py:348 - INFO - ==================== 漫画信息 ====================
                                   漫画ID：58218b275f6b9a4f93dffacf
                                   标题：清水潔子Returns (ハイキュー!!)
                                   作者：STUDIO PAL (南野琴)
                                   是否完结：是
                                   总页数：19
                                   分类：同人,短篇,全彩,強暴
                                   章节数：1
                                   最后更新时间：2007-11-27T18:47:25.000Z
                                   =================================================
2026-01-12 23:25:55 - mkk_pika - database.py:101 - INFO - 保存成功：清水潔子Returns (ハイキュー!!)
2026-01-12 23:25:55 - mkk_pika - main.py:35 - INFO - 开始检查モモ☆もも是否存在未下载章节
2026-01-12 23:25:55 - mkk_pika - main.py:45 - INFO - 正在下载:[モモ☆もも]-[真面目屋(isao)]-[['同人', '姐姐系', '純愛']]-[total_pages:28]
2026-01-12 23:25:55 - mkk_pika - main.py:49 - INFO - [{'_id': '58218b285f6b9a4f93dffaf7', 'title': '第1集', 'order': 1, 'updated_at': '2016-11-08T08:22:00.559Z', 'id': '58218b285f6b9a4f93dffaf7'}]
2026-01-12 23:25:55 - mkk_pika - database.py:215 - INFO - 第一次下载该漫画，记录数据库中
2026-01-12 23:25:56 - mkk_pika - main.py:83 - INFO - 找到 28 张图片在:第1集
2026-01-12 23:25:57 - mkk_pika - main.py:112 - INFO - [episode:第1集       ] downloaded:    28, total:  28, progress:100%
2026-01-12 23:25:57 - mkk_pika - database.py:238 - INFO - 数据库更新已下载章节
2026-01-12 23:25:57 - mkk_pika - database.py:244 - INFO - 该漫画已下载章节如下
2026-01-12 23:25:57 - mkk_pika - database.py:245 - INFO - ['第1集']
2026-01-12 23:25:58 - mkk_pika - main.py:348 - INFO - ==================== 漫画信息 ====================
                                   漫画ID：58218b285f6b9a4f93dffaf5
                                   标题：モモ☆もも
                                   作者：真面目屋(isao)
                                   是否完结：否
                                   总页数：28
                                   分类：同人,姐姐系,純愛
                                   章节数：1
                                   最后更新时间：2007-11-28T04:47:25.000Z
                                   =================================================
2026-01-12 23:25:58 - mkk_pika - database.py:101 - INFO - 保存成功：モモ☆もも
2026-01-12 23:25:58 - mkk_pika - main.py:35 - INFO - 开始检查むちむち女帝是否存在未下载章节
2026-01-12 23:25:58 - mkk_pika - main.py:45 - INFO - 正在下载:[むちむち女帝]-[あまりにセンパク!(ヨッコラ)]-[['同人', '強暴']]-[total_pages:21]
2026-01-12 23:25:58 - mkk_pika - main.py:49 - INFO - [{'_id': '58218b295f6b9a4f93dffb33', 'title': '第1集', 'order': 1, 'updated_at': '2016-11-08T08:22:01.319Z', 'id': '58218b295f6b9a4f93dffb33'}]
2026-01-12 23:25:58 - mkk_pika - database.py:215 - INFO - 第一次下载该漫画，记录数据库中
2026-01-12 23:25:59 - mkk_pika - main.py:83 - INFO - 找到 21 张图片在:第1集
2026-01-12 23:25:59 - mkk_pika - main.py:112 - INFO - [episode:第1集       ] downloaded:    21, total:  21, progress:100%
2026-01-12 23:25:59 - mkk_pika - database.py:238 - INFO - 数据库更新已下载章节
2026-01-12 23:25:59 - mkk_pika - database.py:244 - INFO - 该漫画已下载章节如下
2026-01-12 23:25:59 - mkk_pika - database.py:245 - INFO - ['第1集']
2026-01-12 23:26:01 - mkk_pika - main.py:348 - INFO - ==================== 漫画信息 ====================
                                   漫画ID：58218b285f6b9a4f93dffb31
                                   标题：むちむち女帝
                                   作者：あまりにセンパク!(ヨッコラ)
                                   是否完结：否
                                   总页数：21
                                   分类：同人,強暴
                                   章节数：1
                                   最后更新时间：2007-11-28T14:47:25.000Z
                                   =================================================
2026-01-12 23:26:01 - mkk_pika - database.py:101 - INFO - 保存成功：むちむち女帝
2026-01-12 23:26:01 - mkk_pika - main.py:35 - INFO - 开始检查ナミの裏航海日誌 8是否存在未下载章节
2026-01-12 23:26:01 - mkk_pika - main.py:45 - INFO - 正在下载:[ナミの裏航海日誌 8]-[ACID-HEAD(ムラタ]-[['同人', '短篇']]-[total_pages:18]
2026-01-12 23:26:01 - mkk_pika - main.py:49 - INFO - [{'_id': '58218b2a5f6b9a4f93dffb99', 'title': '第1集', 'order': 1, 'updated_at': '2016-11-08T08:22:02.403Z', 'id': '58218b2a5f6b9a4f93dffb99'}]
2026-01-12 23:26:01 - mkk_pika - database.py:215 - INFO - 第一次下载该漫画，记录数据库中
2026-01-12 23:26:02 - mkk_pika - main.py:83 - INFO - 找到 18 张图片在:第1集
2026-01-12 23:26:02 - mkk_pika - main.py:112 - INFO - [episode:第1集       ] downloaded:    18, total:  18, progress:100%
2026-01-12 23:26:02 - mkk_pika - database.py:238 - INFO - 数据库更新已下载章节
2026-01-12 23:26:02 - mkk_pika - database.py:244 - INFO - 该漫画已下载章节如下
2026-01-12 23:26:02 - mkk_pika - database.py:245 - INFO - ['第1集']
2026-01-12 23:26:03 - mkk_pika - main.py:348 - INFO - ==================== 漫画信息 ====================
                                   漫画ID：58218b2a5f6b9a4f93dffb97
                                   标题：ナミの裏航海日誌 8
                                   作者：ACID-HEAD(ムラタ
                                   是否完结：否
                                   总页数：18
                                   分类：同人,短篇
                                   章节数：1
                                   最后更新时间：2007-11-29T10:47:25.000Z
                                   =================================================
2026-01-12 23:26:03 - mkk_pika - database.py:101 - INFO - 保存成功：ナミの裏航海日誌 8
2026-01-12 23:26:03 - mkk_pika - main.py:35 - INFO - 开始检查ナミの裏航海日誌 9是否存在未下载章节
2026-01-12 23:26:04 - mkk_pika - main.py:45 - INFO - 正在下载:[ナミの裏航海日誌 9]-[ACID-HEAD(ムラタ]-[['同人', '短篇']]-[total_pages:18]
2026-01-12 23:26:04 - mkk_pika - main.py:49 - INFO - [{'_id': '58218b2b5f6b9a4f93dffbc1', 'title': '第1集', 'order': 1, 'updated_at': '2016-11-08T08:22:03.048Z', 'id': '58218b2b5f6b9a4f93dffbc1'}]
2026-01-12 23:26:04 - mkk_pika - database.py:215 - INFO - 第一次下载该漫画，记录数据库中
2026-01-12 23:26:05 - mkk_pika - main.py:83 - INFO - 找到 18 张图片在:第1集
2026-01-12 23:26:05 - mkk_pika - main.py:112 - INFO - [episode:第1集       ] downloaded:    18, total:  18, progress:100%
2026-01-12 23:26:05 - mkk_pika - database.py:238 - INFO - 数据库更新已下载章节
2026-01-12 23:26:05 - mkk_pika - database.py:244 - INFO - 该漫画已下载章节如下
2026-01-12 23:26:05 - mkk_pika - database.py:245 - INFO - ['第1集']
2026-01-12 23:26:07 - mkk_pika - main.py:348 - INFO - ==================== 漫画信息 ====================
                                   漫画ID：58218b2a5f6b9a4f93dffbbf
                                   标题：ナミの裏航海日誌 9
                                   作者：ACID-HEAD(ムラタ
                                   是否完结：否
                                   总页数：18
                                   分类：同人,短篇
                                   章节数：1
                                   最后更新时间：2007-11-29T20:47:25.000Z
                                   =================================================
2026-01-12 23:26:07 - mkk_pika - database.py:101 - INFO - 保存成功：ナミの裏航海日誌 9
2026-01-12 23:26:07 - mkk_pika - main.py:35 - INFO - 开始检查ナミの裏航海日誌5是否存在未下载章节
2026-01-12 23:26:07 - mkk_pika - main.py:45 - INFO - 正在下载:[ナミの裏航海日誌5]-[ACID-HEAD(ムラタ]-[['同人', '短篇', '純愛']]-[total_pages:32]
2026-01-12 23:26:07 - mkk_pika - main.py:49 - INFO - [{'_id': '58218b2c5f6b9a4f93dffc15', 'title': '第1集', 'order': 1, 'updated_at': '2016-11-08T08:22:04.025Z', 'id': '58218b2c5f6b9a4f93dffc15'}]
2026-01-12 23:26:07 - mkk_pika - database.py:215 - INFO - 第一次下载该漫画，记录数据库中
2026-01-12 23:26:08 - mkk_pika - main.py:83 - INFO - 找到 32 张图片在:第1集
2026-01-12 23:26:08 - mkk_pika - main.py:112 - INFO - [episode:第1集       ] downloaded:    32, total:  32, progress:100%
2026-01-12 23:26:08 - mkk_pika - database.py:238 - INFO - 数据库更新已下载章节
2026-01-12 23:26:08 - mkk_pika - database.py:244 - INFO - 该漫画已下载章节如下
2026-01-12 23:26:08 - mkk_pika - database.py:245 - INFO - ['第1集']
2026-01-12 23:26:10 - mkk_pika - main.py:348 - INFO - ==================== 漫画信息 ====================
                                   漫画ID：58218b2b5f6b9a4f93dffc13
                                   标题：ナミの裏航海日誌5
                                   作者：ACID-HEAD(ムラタ
                                   是否完结：否
                                   总页数：32
                                   分类：同人,短篇,純愛
                                   章节数：1
                                   最后更新时间：2007-11-30T16:47:25.000Z
                                   =================================================
2026-01-12 23:26:10 - mkk_pika - database.py:101 - INFO - 保存成功：ナミの裏航海日誌5
2026-01-12 23:26:10 - mkk_pika - main.py:35 - INFO - 开始检查KYK (ハイキュー!!)是否存在未下载章节
2026-01-12 23:26:10 - mkk_pika - main.py:45 - INFO - 正在下载:[KYK (ハイキュー!!)]-[マンガスーパー (猫井ミィ)]-[['同人', '短篇']]-[total_pages:22]
2026-01-12 23:26:10 - mkk_pika - main.py:49 - INFO - [{'_id': '600851f072e5533ddc243b83', 'title': '第1話', 'order': 1, 'updated_at': '2021-01-20T15:50:59.921Z', 'id': '600851f072e5533ddc243b83'}]
2026-01-12 23:26:10 - mkk_pika - database.py:215 - INFO - 第一次下载该漫画，记录数据库中
2026-01-12 23:26:11 - mkk_pika - main.py:83 - INFO - 找到 22 张图片在:第1話
2026-01-12 23:26:11 - mkk_pika - main.py:112 - INFO - [episode:第1話       ] downloaded:    22, total:  22, progress:100%
2026-01-12 23:26:11 - mkk_pika - database.py:238 - INFO - 数据库更新已下载章节
2026-01-12 23:26:11 - mkk_pika - database.py:244 - INFO - 该漫画已下载章节如下
2026-01-12 23:26:11 - mkk_pika - database.py:245 - INFO - ['第1話']
2026-01-12 23:26:13 - mkk_pika - main.py:348 - INFO - ==================== 漫画信息 ====================
                                   漫画ID：58218b2c5f6b9a4f93dffc8d
                                   标题：KYK (ハイキュー!!)
                                   作者：マンガスーパー (猫井ミィ)
                                   是否完结：是
                                   总页数：22
                                   分类：同人,短篇
                                   章节数：1
                                   最后更新时间：2007-12-01T12:47:25.000Z
                                   =================================================
2026-01-12 23:26:13 - mkk_pika - database.py:101 - INFO - 保存成功：KYK (ハイキュー!!)
2026-01-12 23:26:13 - mkk_pika - main.py:35 - INFO - 开始检查汚れたカラス (ハイキュー!!)是否存在未下载章节
2026-01-12 23:26:13 - mkk_pika - main.py:45 - INFO - 正在下载:[汚れたカラス (ハイキュー!!)]-[ナイロン100% (ナイロン)]-[['同人', '短篇']]-[total_pages:26]
2026-01-12 23:26:13 - mkk_pika - main.py:49 - INFO - [{'_id': '615c390ab768b87fe06585ec', 'title': '第1話', 'order': 1, 'updated_at': '2021-10-04T16:28:20.574Z', 'id': '615c390ab768b87fe06585ec'}]
2026-01-12 23:26:13 - mkk_pika - database.py:215 - INFO - 第一次下载该漫画，记录数据库中
2026-01-12 23:26:14 - mkk_pika - main.py:83 - INFO - 找到 26 张图片在:第1話
2026-01-12 23:26:14 - mkk_pika - main.py:112 - INFO - [episode:第1話       ] downloaded:    26, total:  26, progress:100%
2026-01-12 23:26:14 - mkk_pika - database.py:238 - INFO - 数据库更新已下载章节
2026-01-12 23:26:14 - mkk_pika - database.py:244 - INFO - 该漫画已下载章节如下
2026-01-12 23:26:14 - mkk_pika - database.py:245 - INFO - ['第1話']
2026-01-12 23:26:15 - mkk_pika - main.py:348 - INFO - ==================== 漫画信息 ====================
                                   漫画ID：58218b2d5f6b9a4f93dffcbd
                                   标题：汚れたカラス (ハイキュー!!)
                                   作者：ナイロン100% (ナイロン)
                                   是否完结：是
                                   总页数：26
                                   分类：同人,短篇
                                   章节数：1
                                   最后更新时间：2007-12-01T22:47:25.000Z
                                   =================================================
2026-01-12 23:26:15 - mkk_pika - database.py:101 - INFO - 保存成功：汚れたカラス (ハイキュー!!)
2026-01-12 23:26:15 - mkk_pika - main.py:35 - INFO - 开始检查蛇姫様29歳の貞操を頂く本是否存在未下载章节
2026-01-12 23:26:16 - mkk_pika - main.py:45 - INFO - 正在下载:[蛇姫様29歳の貞操を頂く本]-[TSK-BAR(トグチマサヤ)]-[['同人', '人妻', '短篇']]-[total_pages:14]
2026-01-12 23:26:16 - mkk_pika - main.py:49 - INFO - [{'_id': '58218b2f5f6b9a4f93dffd49', 'title': '第1集', 'order': 1, 'updated_at': '2016-11-08T08:22:07.126Z', 'id': '58218b2f5f6b9a4f93dffd49'}]
2026-01-12 23:26:16 - mkk_pika - database.py:215 - INFO - 第一次下载该漫画，记录数据库中
2026-01-12 23:26:16 - mkk_pika - main.py:83 - INFO - 找到 14 张图片在:第1集
2026-01-12 23:26:17 - mkk_pika - main.py:112 - INFO - [episode:第1集       ] downloaded:    14, total:  14, progress:100%
2026-01-12 23:26:17 - mkk_pika - database.py:238 - INFO - 数据库更新已下载章节
2026-01-12 23:26:17 - mkk_pika - database.py:244 - INFO - 该漫画已下载章节如下
2026-01-12 23:26:17 - mkk_pika - database.py:245 - INFO - ['第1集']
2026-01-12 23:26:18 - mkk_pika - main.py:348 - INFO - ==================== 漫画信息 ====================
                                   漫画ID：58218b2e5f6b9a4f93dffd47
                                   标题：蛇姫様29歳の貞操を頂く本
                                   作者：TSK-BAR(トグチマサヤ)
                                   是否完结：否
                                   总页数：14
                                   分类：同人,人妻,短篇
                                   章节数：1
                                   最后更新时间：2007-12-02T18:47:25.000Z
                                   =================================================
2026-01-12 23:26:18 - mkk_pika - database.py:101 - INFO - 保存成功：蛇姫様29歳の貞操を頂く本
2026-01-12 23:26:18 - mkk_pika - main.py:35 - INFO - 开始检查彼女たちの流儀 (Axis Powers 義呆利) 是否存在未下载章节
2026-01-12 23:26:19 - mkk_pika - main.py:45 - INFO - 正在下载:[彼女たちの流儀 (Axis Powers 義呆利) ]-[VM500 (こめ)]-[['同人', '短篇']]-[total_pages:31]
2026-01-12 23:26:19 - mkk_pika - main.py:49 - INFO - [{'_id': '58218b2f5f6b9a4f93dffdaf', 'title': '第1集', 'order': 1, 'updated_at': '2016-11-08T08:22:07.977Z', 'id': '58218b2f5f6b9a4f93dffdaf'}]
2026-01-12 23:26:19 - mkk_pika - database.py:215 - INFO - 第一次下载该漫画，记录数据库中
2026-01-12 23:26:19 - mkk_pika - main.py:83 - INFO - 找到 31 张图片在:第1集
2026-01-12 23:26:20 - mkk_pika - main.py:112 - INFO - [episode:第1集       ] downloaded:    31, total:  31, progress:100%
2026-01-12 23:26:20 - mkk_pika - database.py:238 - INFO - 数据库更新已下载章节
2026-01-12 23:26:20 - mkk_pika - database.py:244 - INFO - 该漫画已下载章节如下
2026-01-12 23:26:20 - mkk_pika - database.py:245 - INFO - ['第1集']
2026-01-12 23:26:21 - mkk_pika - main.py:348 - INFO - ==================== 漫画信息 ====================
                                   漫画ID：58218b2f5f6b9a4f93dffdad
                                   标题：彼女たちの流儀 (Axis Powers 義呆利) 
                                   作者：VM500 (こめ)
                                   是否完结：是
                                   总页数：31
                                   分类：同人,短篇
                                   章节数：1
                                   最后更新时间：2007-12-03T14:47:25.000Z
                                   =================================================
2026-01-12 23:26:21 - mkk_pika - database.py:101 - INFO - 保存成功：彼女たちの流儀 (Axis Powers 義呆利) 
2026-01-12 23:26:21 - mkk_pika - main.py:35 - INFO - 开始检查ナミの航海日誌EX ナミロビ是否存在未下载章节
2026-01-12 23:26:22 - mkk_pika - main.py:45 - INFO - 正在下载:[ナミの航海日誌EX ナミロビ]-[ACID-HEAD(ムラタ。)]-[['同人', '短篇', '強暴']]-[total_pages:30]
2026-01-12 23:26:22 - mkk_pika - main.py:49 - INFO - [{'_id': '58218b325f6b9a4f93dffea1', 'title': '第1集', 'order': 1, 'updated_at': '2016-11-08T08:22:10.328Z', 'id': '58218b325f6b9a4f93dffea1'}]
2026-01-12 23:26:22 - mkk_pika - database.py:215 - INFO - 第一次下载该漫画，记录数据库中
2026-01-12 23:26:22 - mkk_pika - main.py:83 - INFO - 找到 30 张图片在:第1集
2026-01-12 23:26:23 - mkk_pika - main.py:112 - INFO - [episode:第1集       ] downloaded:    30, total:  30, progress:100%
2026-01-12 23:26:23 - mkk_pika - database.py:238 - INFO - 数据库更新已下载章节
2026-01-12 23:26:23 - mkk_pika - database.py:244 - INFO - 该漫画已下载章节如下
2026-01-12 23:26:23 - mkk_pika - database.py:245 - INFO - ['第1集']
2026-01-12 23:26:24 - mkk_pika - main.py:348 - INFO - ==================== 漫画信息 ====================
                                   漫画ID：58218b325f6b9a4f93dffe9f
                                   标题：ナミの航海日誌EX ナミロビ
                                   作者：ACID-HEAD(ムラタ。)
                                   是否完结：否
                                   总页数：30
                                   分类：同人,短篇,強暴
                                   章节数：1
                                   最后更新时间：2007-12-04T10:47:25.000Z
                                   =================================================
2026-01-12 23:26:24 - mkk_pika - database.py:101 - INFO - 保存成功：ナミの航海日誌EX ナミロビ
2026-01-12 23:26:24 - mkk_pika - main.py:35 - INFO - 开始检查楽園女海賊3是否存在未下载章节
2026-01-12 23:26:25 - mkk_pika - main.py:45 - INFO - 正在下载:[楽園女海賊3]-[ディオゲネスクラブ(灰川ヘムレン)]-[['同人', '短篇', '強暴']]-[total_pages:25]
2026-01-12 23:26:25 - mkk_pika - main.py:49 - INFO - [{'_id': '58218b335f6b9a4f93dfff21', 'title': '第1集', 'order': 1, 'updated_at': '2016-11-08T08:22:11.603Z', 'id': '58218b335f6b9a4f93dfff21'}]
2026-01-12 23:26:25 - mkk_pika - database.py:215 - INFO - 第一次下载该漫画，记录数据库中
2026-01-12 23:26:25 - mkk_pika - main.py:83 - INFO - 找到 25 张图片在:第1集
2026-01-12 23:26:26 - mkk_pika - main.py:112 - INFO - [episode:第1集       ] downloaded:    25, total:  25, progress:100%
2026-01-12 23:26:26 - mkk_pika - database.py:238 - INFO - 数据库更新已下载章节
2026-01-12 23:26:26 - mkk_pika - database.py:244 - INFO - 该漫画已下载章节如下
2026-01-12 23:26:26 - mkk_pika - database.py:245 - INFO - ['第1集']
2026-01-12 23:26:27 - mkk_pika - main.py:348 - INFO - ==================== 漫画信息 ====================
                                   漫画ID：58218b335f6b9a4f93dfff1f
                                   标题：楽園女海賊3
                                   作者：ディオゲネスクラブ(灰川ヘムレン)
                                   是否完结：否
                                   总页数：25
                                   分类：同人,短篇,強暴
                                   章节数：1
                                   最后更新时间：2007-12-04T20:47:25.000Z
                                   =================================================
2026-01-12 23:26:27 - mkk_pika - database.py:101 - INFO - 保存成功：楽園女海賊3
2026-01-12 23:26:27 - mkk_pika - main.py:35 - INFO - 开始检查海賊王の嫁にわらわはなる！是否存在未下载章节
2026-01-12 23:26:28 - mkk_pika - main.py:45 - INFO - 正在下载:[海賊王の嫁にわらわはなる！]-[くりおね社(YU-RI)]-[['同人', '短篇', '純愛']]-[total_pages:26]
2026-01-12 23:26:28 - mkk_pika - main.py:49 - INFO - [{'_id': '58218b345f6b9a4f93dfff57', 'title': '第1集', 'order': 1, 'updated_at': '2016-11-08T08:22:12.049Z', 'id': '58218b345f6b9a4f93dfff57'}]
2026-01-12 23:26:28 - mkk_pika - database.py:215 - INFO - 第一次下载该漫画，记录数据库中
2026-01-12 23:26:28 - mkk_pika - main.py:83 - INFO - 找到 26 张图片在:第1集
2026-01-12 23:26:29 - mkk_pika - main.py:112 - INFO - [episode:第1集       ] downloaded:    26, total:  26, progress:100%
2026-01-12 23:26:29 - mkk_pika - database.py:238 - INFO - 数据库更新已下载章节
2026-01-12 23:26:29 - mkk_pika - database.py:244 - INFO - 该漫画已下载章节如下
2026-01-12 23:26:29 - mkk_pika - database.py:245 - INFO - ['第1集']
2026-01-12 23:26:30 - mkk_pika - main.py:348 - INFO - ==================== 漫画信息 ====================
                                   漫画ID：58218b335f6b9a4f93dfff55
                                   标题：海賊王の嫁にわらわはなる！
                                   作者：くりおね社(YU-RI)
                                   是否完结：否
                                   总页数：26
                                   分类：同人,短篇,純愛
                                   章节数：1
                                   最后更新时间：2007-12-05T06:47:25.000Z
                                   =================================================
2026-01-12 23:26:30 - mkk_pika - database.py:101 - INFO - 保存成功：海賊王の嫁にわらわはなる！
2026-01-12 23:26:30 - mkk_pika - main.py:35 - INFO - 开始检查ふたなりパイレーツ！是否存在未下载章节
2026-01-12 23:26:30 - mkk_pika - main.py:45 - INFO - 正在下载:[ふたなりパイレーツ！]-[武蔵堂(ムサシノセカイ)]-[['同人', '短篇', '扶他樂園', '強暴']]-[total_pages:26]
2026-01-12 23:26:30 - mkk_pika - main.py:49 - INFO - [{'_id': '58218b355f6b9a4f93dfffc7', 'title': '第1集', 'order': 1, 'updated_at': '2016-11-08T08:22:13.496Z', 'id': '58218b355f6b9a4f93dfffc7'}]
2026-01-12 23:26:30 - mkk_pika - database.py:215 - INFO - 第一次下载该漫画，记录数据库中
2026-01-12 23:26:31 - mkk_pika - main.py:83 - INFO - 找到 26 张图片在:第1集
2026-01-12 23:26:32 - mkk_pika - main.py:112 - INFO - [episode:第1集       ] downloaded:    26, total:  26, progress:100%
2026-01-12 23:26:32 - mkk_pika - database.py:238 - INFO - 数据库更新已下载章节
2026-01-12 23:26:32 - mkk_pika - database.py:244 - INFO - 该漫画已下载章节如下
2026-01-12 23:26:32 - mkk_pika - database.py:245 - INFO - ['第1集']
2026-01-12 23:26:33 - mkk_pika - main.py:348 - INFO - ==================== 漫画信息 ====================
                                   漫画ID：58218b345f6b9a4f93dfffc5
                                   标题：ふたなりパイレーツ！
                                   作者：武蔵堂(ムサシノセカイ)
                                   是否完结：否
                                   总页数：26
                                   分类：同人,短篇,扶他樂園,強暴
                                   章节数：1
                                   最后更新时间：2007-12-06T02:47:25.000Z
                                   =================================================
2026-01-12 23:26:33 - mkk_pika - database.py:101 - INFO - 保存成功：ふたなりパイレーツ！
2026-01-12 23:26:33 - mkk_pika - main.py:35 - INFO - 开始检查はじめてのおるすばん (Axis Powers 義呆利)是否存在未下载章节
2026-01-12 23:26:33 - mkk_pika - main.py:45 - INFO - 正在下载:[はじめてのおるすばん (Axis Powers 義呆利)]-[VM500 (こめ)]-[['同人', '短篇', '純愛']]-[total_pages:31]
2026-01-12 23:26:33 - mkk_pika - main.py:49 - INFO - [{'_id': '58218b355f6b9a4f93dfffff', 'title': '第1集', 'order': 1, 'updated_at': '2016-11-08T08:22:13.894Z', 'id': '58218b355f6b9a4f93dfffff'}]
2026-01-12 23:26:33 - mkk_pika - database.py:215 - INFO - 第一次下载该漫画，记录数据库中
2026-01-12 23:26:34 - mkk_pika - main.py:83 - INFO - 找到 31 张图片在:第1集
2026-01-12 23:26:35 - mkk_pika - main.py:112 - INFO - [episode:第1集       ] downloaded:    31, total:  31, progress:100%
2026-01-12 23:26:35 - mkk_pika - database.py:238 - INFO - 数据库更新已下载章节
2026-01-12 23:26:35 - mkk_pika - database.py:244 - INFO - 该漫画已下载章节如下
2026-01-12 23:26:35 - mkk_pika - database.py:245 - INFO - ['第1集']
2026-01-12 23:26:36 - mkk_pika - main.py:348 - INFO - ==================== 漫画信息 ====================
                                   漫画ID：58218b355f6b9a4f93dffffd
                                   标题：はじめてのおるすばん (Axis Powers 義呆利)
                                   作者：VM500 (こめ)
                                   是否完结：是
                                   总页数：31
                                   分类：同人,短篇,純愛
                                   章节数：1
                                   最后更新时间：2007-12-06T12:47:25.000Z
                                   =================================================
2026-01-12 23:26:36 - mkk_pika - database.py:101 - INFO - 保存成功：はじめてのおるすばん (Axis Powers 義呆利)
2026-01-12 23:26:36 - mkk_pika - main.py:35 - INFO - 开始检查EROTIC WORLD是否存在未下载章节
2026-01-12 23:26:36 - mkk_pika - main.py:45 - INFO - 正在下载:[EROTIC WORLD]-[くりおね社(YU-RI)]-[['同人', '短篇']]-[total_pages:34]
2026-01-12 23:26:36 - mkk_pika - main.py:49 - INFO - [{'_id': '58218b365f6b9a4f93e00041', 'title': '第1集', 'order': 1, 'updated_at': '2016-11-08T08:22:14.643Z', 'id': '58218b365f6b9a4f93e00041'}]
2026-01-12 23:26:36 - mkk_pika - database.py:215 - INFO - 第一次下载该漫画，记录数据库中
2026-01-12 23:26:37 - mkk_pika - main.py:83 - INFO - 找到 34 张图片在:第1集
2026-01-12 23:26:38 - mkk_pika - main.py:112 - INFO - [episode:第1集       ] downloaded:    34, total:  34, progress:100%
2026-01-12 23:26:38 - mkk_pika - database.py:238 - INFO - 数据库更新已下载章节
2026-01-12 23:26:38 - mkk_pika - database.py:244 - INFO - 该漫画已下载章节如下
2026-01-12 23:26:38 - mkk_pika - database.py:245 - INFO - ['第1集']
2026-01-12 23:26:39 - mkk_pika - main.py:348 - INFO - ==================== 漫画信息 ====================
                                   漫画ID：58218b365f6b9a4f93e0003f
                                   标题：EROTIC WORLD
                                   作者：くりおね社(YU-RI)
                                   是否完结：否
                                   总页数：34
                                   分类：同人,短篇
                                   章节数：1
                                   最后更新时间：2007-12-06T22:47:25.000Z
                                   =================================================
2026-01-12 23:26:39 - mkk_pika - database.py:101 - INFO - 保存成功：EROTIC WORLD
2026-01-12 23:26:39 - mkk_pika - main.py:35 - INFO - 开始检查俺の姉さんマジ好きかわいい (Axis Powers 義呆利)是否存在未下载章节
2026-01-12 23:26:39 - mkk_pika - main.py:45 - INFO - 正在下载:[俺の姉さんマジ好きかわいい (Axis Powers 義呆利)]-[HAKATEN (くれぱと)]-[['同人', '短篇', '純愛']]-[total_pages:37]
2026-01-12 23:26:39 - mkk_pika - main.py:49 - INFO - [{'_id': '58218b375f6b9a4f93e00089', 'title': '第1集', 'order': 1, 'updated_at': '2016-11-08T08:22:15.347Z', 'id': '58218b375f6b9a4f93e00089'}]
2026-01-12 23:26:39 - mkk_pika - database.py:215 - INFO - 第一次下载该漫画，记录数据库中
2026-01-12 23:26:40 - mkk_pika - main.py:83 - INFO - 找到 37 张图片在:第1集
2026-01-12 23:26:41 - mkk_pika - main.py:112 - INFO - [episode:第1集       ] downloaded:    37, total:  37, progress:100%
2026-01-12 23:26:41 - mkk_pika - database.py:238 - INFO - 数据库更新已下载章节
2026-01-12 23:26:41 - mkk_pika - database.py:244 - INFO - 该漫画已下载章节如下
2026-01-12 23:26:41 - mkk_pika - database.py:245 - INFO - ['第1集']
2026-01-12 23:26:42 - mkk_pika - main.py:348 - INFO - ==================== 漫画信息 ====================
                                   漫画ID：58218b365f6b9a4f93e00087
                                   标题：俺の姉さんマジ好きかわいい (Axis Powers 義呆利)
                                   作者：HAKATEN (くれぱと)
                                   是否完结：是
                                   总页数：37
                                   分类：同人,短篇,純愛
                                   章节数：1
                                   最后更新时间：2007-12-07T08:47:25.000Z
                                   =================================================
2026-01-12 23:26:42 - mkk_pika - database.py:101 - INFO - 保存成功：俺の姉さんマジ好きかわいい (Axis Powers 義呆利)
2026-01-12 23:26:42 - mkk_pika - main.py:35 - INFO - 开始检查灣PEACE (AXIS POWERS HETALIA 義呆利)是否存在未下载章节
2026-01-12 23:26:43 - mkk_pika - main.py:45 - INFO - 正在下载:[灣PEACE (AXIS POWERS HETALIA 義呆利)]-[鼻血★少女(鼻血姬,少女K)]-[['同人', 'SM', '短篇']]-[total_pages:30]
2026-01-12 23:26:43 - mkk_pika - main.py:49 - INFO - [{'_id': '58218b385f6b9a4f93e000d7', 'title': '第1集', 'order': 1, 'updated_at': '2016-11-08T08:22:16.072Z', 'id': '58218b385f6b9a4f93e000d7'}]
2026-01-12 23:26:43 - mkk_pika - database.py:215 - INFO - 第一次下载该漫画，记录数据库中
2026-01-12 23:26:43 - mkk_pika - main.py:83 - INFO - 找到 30 张图片在:第1集
2026-01-12 23:26:44 - mkk_pika - main.py:112 - INFO - [episode:第1集       ] downloaded:    30, total:  30, progress:100%
2026-01-12 23:26:44 - mkk_pika - database.py:238 - INFO - 数据库更新已下载章节
2026-01-12 23:26:44 - mkk_pika - database.py:244 - INFO - 该漫画已下载章节如下
2026-01-12 23:26:44 - mkk_pika - database.py:245 - INFO - ['第1集']
2026-01-12 23:26:45 - mkk_pika - main.py:348 - INFO - ==================== 漫画信息 ====================
                                   漫画ID：58218b375f6b9a4f93e000d5
                                   标题：灣PEACE (AXIS POWERS HETALIA 義呆利)
                                   作者：鼻血★少女(鼻血姬,少女K)
                                   是否完结：是
                                   总页数：30
                                   分类：同人,SM,短篇
                                   章节数：1
                                   最后更新时间：2007-12-07T18:47:25.000Z
                                   =================================================
2026-01-12 23:26:45 - mkk_pika - database.py:101 - INFO - 保存成功：灣PEACE (AXIS POWERS HETALIA 義呆利)
2026-01-12 23:26:45 - mkk_pika - main.py:35 - INFO - 开始检查菊灣 18禁短漫 (AXIS POWERS HETALIA 義呆利)是否存在未下载章节
2026-01-12 23:26:46 - mkk_pika - main.py:45 - INFO - 正在下载:[菊灣 18禁短漫 (AXIS POWERS HETALIA 義呆利)]-[SAKURA SHAORA]-[['同人', '短篇', '純愛']]-[total_pages:40]
2026-01-12 23:26:46 - mkk_pika - main.py:49 - INFO - [{'_id': '58218b385f6b9a4f93e00117', 'title': '第1集', 'order': 1, 'updated_at': '2016-11-08T08:22:16.503Z', 'id': '58218b385f6b9a4f93e00117'}]
2026-01-12 23:26:46 - mkk_pika - database.py:215 - INFO - 第一次下载该漫画，记录数据库中
2026-01-12 23:26:46 - mkk_pika - main.py:83 - INFO - 找到 40 张图片在:第1集
2026-01-12 23:26:47 - mkk_pika - main.py:112 - INFO - [episode:第1集       ] downloaded:    40, total:  40, progress:100%
2026-01-12 23:26:47 - mkk_pika - database.py:238 - INFO - 数据库更新已下载章节
2026-01-12 23:26:47 - mkk_pika - database.py:244 - INFO - 该漫画已下载章节如下
2026-01-12 23:26:47 - mkk_pika - database.py:245 - INFO - ['第1集']
2026-01-12 23:26:48 - mkk_pika - main.py:348 - INFO - ==================== 漫画信息 ====================
                                   漫画ID：58218b385f6b9a4f93e00115
                                   标题：菊灣 18禁短漫 (AXIS POWERS HETALIA 義呆利)
                                   作者：SAKURA SHAORA
                                   是否完结：是
                                   总页数：40
                                   分类：同人,短篇,純愛
                                   章节数：1
                                   最后更新时间：2007-12-08T04:47:25.000Z
                                   =================================================
2026-01-12 23:26:48 - mkk_pika - database.py:101 - INFO - 保存成功：菊灣 18禁短漫 (AXIS POWERS HETALIA 義呆利)
2026-01-12 23:26:48 - mkk_pika - main.py:35 - INFO - 开始检查蛇姫様ご乱心ですッ!3是否存在未下载章节
2026-01-12 23:26:49 - mkk_pika - main.py:45 - INFO - 正在下载:[蛇姫様ご乱心ですッ!3]-[くりおね社(YU-RI)]-[['同人', '短篇', '純愛']]-[total_pages:26]
2026-01-12 23:26:49 - mkk_pika - main.py:49 - INFO - [{'_id': '58218b3c5f6b9a4f93e00299', 'title': '第1集', 'order': 1, 'updated_at': '2016-11-08T08:22:20.592Z', 'id': '58218b3c5f6b9a4f93e00299'}]
2026-01-12 23:26:49 - mkk_pika - database.py:215 - INFO - 第一次下载该漫画，记录数据库中
2026-01-12 23:26:49 - mkk_pika - main.py:83 - INFO - 找到 26 张图片在:第1集
2026-01-12 23:26:50 - mkk_pika - main.py:112 - INFO - [episode:第1集       ] downloaded:    26, total:  26, progress:100%
2026-01-12 23:26:50 - mkk_pika - database.py:238 - INFO - 数据库更新已下载章节
2026-01-12 23:26:50 - mkk_pika - database.py:244 - INFO - 该漫画已下载章节如下
2026-01-12 23:26:50 - mkk_pika - database.py:245 - INFO - ['第1集']
2026-01-12 23:26:51 - mkk_pika - main.py:348 - INFO - ==================== 漫画信息 ====================
                                   漫画ID：58218b3c5f6b9a4f93e00297
                                   标题：蛇姫様ご乱心ですッ!3
                                   作者：くりおね社(YU-RI)
                                   是否完结：否
                                   总页数：26
                                   分类：同人,短篇,純愛
                                   章节数：1
                                   最后更新时间：2007-12-11T02:47:25.000Z
                                   =================================================
2026-01-12 23:26:51 - mkk_pika - database.py:101 - INFO - 保存成功：蛇姫様ご乱心ですッ!3
2026-01-12 23:26:51 - mkk_pika - main.py:35 - INFO - 开始检查乱れ咲き女囚海賊是否存在未下载章节
2026-01-12 23:26:52 - mkk_pika - main.py:45 - INFO - 正在下载:[乱れ咲き女囚海賊]-[アルセノテリス(Rebis、沈没]-[['同人', '短篇', '百合花園', '扶他樂園']]-[total_pages:43]
2026-01-12 23:26:52 - mkk_pika - main.py:49 - INFO - [{'_id': '58218b3d5f6b9a4f93e002d1', 'title': '第1集', 'order': 1, 'updated_at': '2016-11-08T08:22:21.282Z', 'id': '58218b3d5f6b9a4f93e002d1'}]
2026-01-12 23:26:52 - mkk_pika - database.py:215 - INFO - 第一次下载该漫画，记录数据库中
2026-01-12 23:26:53 - mkk_pika - main.py:83 - INFO - 找到 43 张图片在:第1集
2026-01-12 23:26:54 - mkk_pika - main.py:112 - INFO - [episode:第1集       ] downloaded:    43, total:  43, progress:100%
2026-01-12 23:26:54 - mkk_pika - database.py:238 - INFO - 数据库更新已下载章节
2026-01-12 23:26:54 - mkk_pika - database.py:244 - INFO - 该漫画已下载章节如下
2026-01-12 23:26:54 - mkk_pika - database.py:245 - INFO - ['第1集']
2026-01-12 23:26:55 - mkk_pika - main.py:348 - INFO - ==================== 漫画信息 ====================
                                   漫画ID：58218b3c5f6b9a4f93e002cf
                                   标题：乱れ咲き女囚海賊
                                   作者：アルセノテリス(Rebis、沈没
                                   是否完结：否
                                   总页数：43
                                   分类：同人,短篇,百合花園,扶他樂園
                                   章节数：1
                                   最后更新时间：2007-12-11T12:47:25.000Z
                                   =================================================
2026-01-12 23:26:55 - mkk_pika - database.py:101 - INFO - 保存成功：乱れ咲き女囚海賊
2026-01-12 23:26:55 - mkk_pika - main.py:35 - INFO - 开始检查ナミの航海日誌EX ナミロビ2是否存在未下载章节
2026-01-12 23:26:55 - mkk_pika - main.py:45 - INFO - 正在下载:[ナミの航海日誌EX ナミロビ2]-[くりおね社(YU-RI)]-[['同人', '短篇']]-[total_pages:27]
2026-01-12 23:26:55 - mkk_pika - main.py:49 - INFO - [{'_id': '58218b3d5f6b9a4f93e0032b', 'title': '第1集', 'order': 1, 'updated_at': '2016-11-08T08:22:21.697Z', 'id': '58218b3d5f6b9a4f93e0032b'}]
2026-01-12 23:26:55 - mkk_pika - database.py:215 - INFO - 第一次下载该漫画，记录数据库中
2026-01-12 23:26:56 - mkk_pika - main.py:83 - INFO - 找到 27 张图片在:第1集
2026-01-12 23:26:56 - mkk_pika - main.py:112 - INFO - [episode:第1集       ] downloaded:    27, total:  27, progress:100%
2026-01-12 23:26:56 - mkk_pika - database.py:238 - INFO - 数据库更新已下载章节
2026-01-12 23:26:56 - mkk_pika - database.py:244 - INFO - 该漫画已下载章节如下
2026-01-12 23:26:56 - mkk_pika - database.py:245 - INFO - ['第1集']
2026-01-12 23:26:58 - mkk_pika - main.py:348 - INFO - ==================== 漫画信息 ====================
                                   漫画ID：58218b3d5f6b9a4f93e00329
                                   标题：ナミの航海日誌EX ナミロビ2
                                   作者：くりおね社(YU-RI)
                                   是否完结：否
                                   总页数：27
                                   分类：同人,短篇
                                   章节数：1
                                   最后更新时间：2007-12-11T22:47:25.000Z
                                   =================================================
2026-01-12 23:26:58 - mkk_pika - database.py:101 - INFO - 保存成功：ナミの航海日誌EX ナミロビ2
2026-01-12 23:26:58 - mkk_pika - main.py:35 - INFO - 开始检查蛇姫様ご乱心ですッ!是否存在未下载章节
2026-01-12 23:26:58 - mkk_pika - main.py:45 - INFO - 正在下载:[蛇姫様ご乱心ですッ!]-[くりおね社(YU-RI)]-[['同人', '短篇']]-[total_pages:26]
2026-01-12 23:26:58 - mkk_pika - main.py:49 - INFO - [{'_id': '58218b3e5f6b9a4f93e00365', 'title': '第1集', 'order': 1, 'updated_at': '2016-11-08T08:22:22.312Z', 'id': '58218b3e5f6b9a4f93e00365'}]
2026-01-12 23:26:58 - mkk_pika - database.py:215 - INFO - 第一次下载该漫画，记录数据库中
2026-01-12 23:26:59 - mkk_pika - main.py:83 - INFO - 找到 26 张图片在:第1集
2026-01-12 23:26:59 - mkk_pika - main.py:112 - INFO - [episode:第1集       ] downloaded:    26, total:  26, progress:100%
2026-01-12 23:26:59 - mkk_pika - database.py:238 - INFO - 数据库更新已下载章节
2026-01-12 23:26:59 - mkk_pika - database.py:244 - INFO - 该漫画已下载章节如下
2026-01-12 23:26:59 - mkk_pika - database.py:245 - INFO - ['第1集']
2026-01-12 23:27:01 - mkk_pika - main.py:348 - INFO - ==================== 漫画信息 ====================
                                   漫画ID：58218b3d5f6b9a4f93e00363
                                   标题：蛇姫様ご乱心ですッ!
                                   作者：くりおね社(YU-RI)
                                   是否完结：否
                                   总页数：26
                                   分类：同人,短篇
                                   章节数：1
                                   最后更新时间：2007-12-12T08:47:25.000Z
                                   =================================================
2026-01-12 23:27:01 - mkk_pika - database.py:101 - INFO - 保存成功：蛇姫様ご乱心ですッ!
2026-01-12 23:27:01 - mkk_pika - main.py:35 - INFO - 开始检查敏感☆マネージャーGO (FREE!)是否存在未下载章节
2026-01-12 23:27:01 - mkk_pika - main.py:45 - INFO - 正在下载:[敏感☆マネージャーGO (FREE!)]-[ARE (華師、ちぇる)]-[['同人', '短篇', 'NTR']]-[total_pages:26]
2026-01-12 23:27:01 - mkk_pika - main.py:49 - INFO - [{'_id': '58218b3f5f6b9a4f93e0039d', 'title': '第1集', 'order': 1, 'updated_at': '2016-11-08T08:22:23.031Z', 'id': '58218b3f5f6b9a4f93e0039d'}]
2026-01-12 23:27:01 - mkk_pika - database.py:215 - INFO - 第一次下载该漫画，记录数据库中
2026-01-12 23:27:02 - mkk_pika - main.py:83 - INFO - 找到 26 张图片在:第1集
2026-01-12 23:27:02 - mkk_pika - main.py:112 - INFO - [episode:第1集       ] downloaded:    26, total:  26, progress:100%
2026-01-12 23:27:02 - mkk_pika - database.py:238 - INFO - 数据库更新已下载章节
2026-01-12 23:27:02 - mkk_pika - database.py:244 - INFO - 该漫画已下载章节如下
2026-01-12 23:27:02 - mkk_pika - database.py:245 - INFO - ['第1集']
2026-01-12 23:27:03 - mkk_pika - main.py:348 - INFO - ==================== 漫画信息 ====================
                                   漫画ID：58218b3e5f6b9a4f93e0039b
                                   标题：敏感☆マネージャーGO (FREE!)
                                   作者：ARE (華師、ちぇる)
                                   是否完结：是
                                   总页数：26
                                   分类：同人,短篇,NTR
                                   章节数：1
                                   最后更新时间：2007-12-12T18:47:25.000Z
                                   =================================================
2026-01-12 23:27:03 - mkk_pika - database.py:101 - INFO - 保存成功：敏感☆マネージャーGO (FREE!)
2026-01-12 23:27:03 - mkk_pika - main.py:35 - INFO - 开始检查FREEBITCH! (FREE!)是否存在未下载章节
2026-01-12 23:27:04 - mkk_pika - main.py:45 - INFO - 正在下载:[FREEBITCH! (FREE!)]-[ナイロン100% (ナイロン)]-[['同人', '短篇']]-[total_pages:26]
2026-01-12 23:27:04 - mkk_pika - main.py:49 - INFO - [{'_id': '58218b3f5f6b9a4f93e003d5', 'title': '第1集', 'order': 1, 'updated_at': '2016-11-08T08:22:23.463Z', 'id': '58218b3f5f6b9a4f93e003d5'}]
2026-01-12 23:27:04 - mkk_pika - database.py:215 - INFO - 第一次下载该漫画，记录数据库中
2026-01-12 23:27:04 - mkk_pika - main.py:83 - INFO - 找到 26 张图片在:第1集
2026-01-12 23:27:05 - mkk_pika - main.py:112 - INFO - [episode:第1集       ] downloaded:    26, total:  26, progress:100%
2026-01-12 23:27:05 - mkk_pika - database.py:238 - INFO - 数据库更新已下载章节
2026-01-12 23:27:05 - mkk_pika - database.py:244 - INFO - 该漫画已下载章节如下
2026-01-12 23:27:05 - mkk_pika - database.py:245 - INFO - ['第1集']
2026-01-12 23:27:06 - mkk_pika - main.py:348 - INFO - ==================== 漫画信息 ====================
                                   漫画ID：58218b3f5f6b9a4f93e003d3
                                   标题：FREEBITCH! (FREE!)
                                   作者：ナイロン100% (ナイロン)
                                   是否完结：是
                                   总页数：26
                                   分类：同人,短篇
                                   章节数：1
                                   最后更新时间：2007-12-13T04:47:25.000Z
                                   =================================================
2026-01-12 23:27:06 - mkk_pika - database.py:101 - INFO - 保存成功：FREEBITCH! (FREE!)
2026-01-12 23:27:06 - mkk_pika - main.py:35 - INFO - 开始检查俺の妹がFREESEX (FREE!)是否存在未下载章节
2026-01-12 23:27:07 - mkk_pika - main.py:45 - INFO - 正在下载:[俺の妹がFREESEX (FREE!)]-[集団暴力 (むらさき朱 EZ6)]-[['同人', '短篇', 'NTR', '妹妹系']]-[total_pages:29]
2026-01-12 23:27:07 - mkk_pika - main.py:49 - INFO - [{'_id': '58218b405f6b9a4f93e0040d', 'title': '第1集', 'order': 1, 'updated_at': '2016-11-08T08:22:24.075Z', 'id': '58218b405f6b9a4f93e0040d'}]
2026-01-12 23:27:07 - mkk_pika - database.py:215 - INFO - 第一次下载该漫画，记录数据库中
2026-01-12 23:27:07 - mkk_pika - main.py:83 - INFO - 找到 29 张图片在:第1集
2026-01-12 23:27:08 - mkk_pika - main.py:112 - INFO - [episode:第1集       ] downloaded:    29, total:  29, progress:100%
2026-01-12 23:27:08 - mkk_pika - database.py:238 - INFO - 数据库更新已下载章节
2026-01-12 23:27:08 - mkk_pika - database.py:244 - INFO - 该漫画已下载章节如下
2026-01-12 23:27:08 - mkk_pika - database.py:245 - INFO - ['第1集']
2026-01-12 23:27:09 - mkk_pika - main.py:348 - INFO - ==================== 漫画信息 ====================
                                   漫画ID：58218b3f5f6b9a4f93e0040b
                                   标题：俺の妹がFREESEX (FREE!)
                                   作者：集団暴力 (むらさき朱 EZ6)
                                   是否完结：是
                                   总页数：29
                                   分类：同人,短篇,NTR,妹妹系
                                   章节数：1
                                   最后更新时间：2007-12-13T14:47:25.000Z
                                   =================================================
2026-01-12 23:27:09 - mkk_pika - database.py:101 - INFO - 保存成功：俺の妹がFREESEX (FREE!)
2026-01-12 23:27:09 - mkk_pika - main.py:35 - INFO - 开始检查関羽蹂躙是否存在未下载章节
2026-01-12 23:27:10 - mkk_pika - main.py:45 - INFO - 正在下载:[関羽蹂躙]-[姫玖屋(木村ナオキ)]-[['同人', '短篇', '強暴']]-[total_pages:30]
2026-01-12 23:27:10 - mkk_pika - main.py:49 - INFO - [{'_id': '58218b425f6b9a4f93e004e5', 'title': '第1集', 'order': 1, 'updated_at': '2016-11-08T08:22:26.306Z', 'id': '58218b425f6b9a4f93e004e5'}]
2026-01-12 23:27:10 - mkk_pika - database.py:215 - INFO - 第一次下载该漫画，记录数据库中
2026-01-12 23:27:10 - mkk_pika - main.py:83 - INFO - 找到 30 张图片在:第1集
2026-01-12 23:27:11 - mkk_pika - main.py:112 - INFO - [episode:第1集       ] downloaded:    30, total:  30, progress:100%
2026-01-12 23:27:11 - mkk_pika - database.py:238 - INFO - 数据库更新已下载章节
2026-01-12 23:27:11 - mkk_pika - database.py:244 - INFO - 该漫画已下载章节如下
2026-01-12 23:27:11 - mkk_pika - database.py:245 - INFO - ['第1集']
2026-01-12 23:27:12 - mkk_pika - main.py:348 - INFO - ==================== 漫画信息 ====================
                                   漫画ID：58218b415f6b9a4f93e004e3
                                   标题：関羽蹂躙
                                   作者：姫玖屋(木村ナオキ)
                                   是否完结：否
                                   总页数：30
                                   分类：同人,短篇,強暴
                                   章节数：1
                                   最后更新时间：2007-12-14T20:47:25.000Z
                                   =================================================
2026-01-12 23:27:12 - mkk_pika - database.py:101 - INFO - 保存成功：関羽蹂躙
2026-01-12 23:27:12 - mkk_pika - main.py:35 - INFO - 开始检查関羽篭絡是否存在未下载章节
2026-01-12 23:27:13 - mkk_pika - main.py:45 - INFO - 正在下载:[関羽篭絡]-[姫玖屋(木村ナオキ)]-[['同人', '短篇', '強暴']]-[total_pages:34]
2026-01-12 23:27:13 - mkk_pika - main.py:49 - INFO - [{'_id': '58218b425f6b9a4f93e00525', 'title': '第1集', 'order': 1, 'updated_at': '2016-11-08T08:22:26.890Z', 'id': '58218b425f6b9a4f93e00525'}]
2026-01-12 23:27:13 - mkk_pika - database.py:215 - INFO - 第一次下载该漫画，记录数据库中
2026-01-12 23:27:13 - mkk_pika - main.py:83 - INFO - 找到 34 张图片在:第1集
2026-01-12 23:27:14 - mkk_pika - main.py:112 - INFO - [episode:第1集       ] downloaded:    34, total:  34, progress:100%
2026-01-12 23:27:14 - mkk_pika - database.py:238 - INFO - 数据库更新已下载章节
2026-01-12 23:27:14 - mkk_pika - database.py:244 - INFO - 该漫画已下载章节如下
2026-01-12 23:27:14 - mkk_pika - database.py:245 - INFO - ['第1集']
2026-01-12 23:27:15 - mkk_pika - main.py:348 - INFO - ==================== 漫画信息 ====================
                                   漫画ID：58218b425f6b9a4f93e00523
                                   标题：関羽篭絡
                                   作者：姫玖屋(木村ナオキ)
                                   是否完结：否
                                   总页数：34
                                   分类：同人,短篇,強暴
                                   章节数：1
                                   最后更新时间：2007-12-15T06:47:25.000Z
                                   =================================================
2026-01-12 23:27:15 - mkk_pika - database.py:101 - INFO - 保存成功：関羽篭絡
2026-01-12 23:27:15 - mkk_pika - main.py:35 - INFO - 开始检查Hなお店の特A級闘士是否存在未下载章节
2026-01-12 23:27:16 - mkk_pika - main.py:45 - INFO - 正在下载:[Hなお店の特A級闘士]-[姫玖屋(木村ナオキ)]-[['同人', '短篇', '強暴']]-[total_pages:30]
2026-01-12 23:27:16 - mkk_pika - main.py:49 - INFO - [{'_id': '58218b435f6b9a4f93e0056d', 'title': '第1集', 'order': 1, 'updated_at': '2016-11-08T08:22:27.694Z', 'id': '58218b435f6b9a4f93e0056d'}]
2026-01-12 23:27:16 - mkk_pika - database.py:215 - INFO - 第一次下载该漫画，记录数据库中
2026-01-12 23:27:16 - mkk_pika - main.py:83 - INFO - 找到 30 张图片在:第1集
2026-01-12 23:27:17 - mkk_pika - main.py:112 - INFO - [episode:第1集       ] downloaded:    30, total:  30, progress:100%
2026-01-12 23:27:17 - mkk_pika - database.py:238 - INFO - 数据库更新已下载章节
2026-01-12 23:27:17 - mkk_pika - database.py:244 - INFO - 该漫画已下载章节如下
2026-01-12 23:27:17 - mkk_pika - database.py:245 - INFO - ['第1集']
2026-01-12 23:27:18 - mkk_pika - main.py:348 - INFO - ==================== 漫画信息 ====================
                                   漫画ID：58218b435f6b9a4f93e0056b
                                   标题：Hなお店の特A級闘士
                                   作者：姫玖屋(木村ナオキ)
                                   是否完结：否
                                   总页数：30
                                   分类：同人,短篇,強暴
                                   章节数：1
                                   最后更新时间：2007-12-15T16:47:25.000Z
                                   =================================================
2026-01-12 23:27:18 - mkk_pika - database.py:101 - INFO - 保存成功：Hなお店の特A級闘士
2026-01-12 23:27:18 - mkk_pika - main.py:35 - INFO - 开始检查こんたま ぷらす是否存在未下载章节
2026-01-12 23:27:19 - mkk_pika - main.py:45 - INFO - 正在下载:[こんたま ぷらす]-[真珠貝(武田弘光)]-[['同人', 'SM', '短篇', '強暴']]-[total_pages:42]
2026-01-12 23:27:19 - mkk_pika - main.py:49 - INFO - [{'_id': '58218b445f6b9a4f93e005ad', 'title': '第1集', 'order': 1, 'updated_at': '2016-11-08T08:22:28.147Z', 'id': '58218b445f6b9a4f93e005ad'}]
2026-01-12 23:27:19 - mkk_pika - database.py:215 - INFO - 第一次下载该漫画，记录数据库中
2026-01-12 23:27:20 - mkk_pika - main.py:83 - INFO - 找到 42 张图片在:第1集
2026-01-12 23:27:20 - mkk_pika - main.py:112 - INFO - [episode:第1集       ] downloaded:    42, total:  42, progress:100%
2026-01-12 23:27:20 - mkk_pika - database.py:238 - INFO - 数据库更新已下载章节
2026-01-12 23:27:20 - mkk_pika - database.py:244 - INFO - 该漫画已下载章节如下
2026-01-12 23:27:20 - mkk_pika - database.py:245 - INFO - ['第1集']
2026-01-12 23:27:22 - mkk_pika - main.py:348 - INFO - ==================== 漫画信息 ====================
                                   漫画ID：58218b435f6b9a4f93e005ab
                                   标题：こんたま ぷらす
                                   作者：真珠貝(武田弘光)
                                   是否完结：否
                                   总页数：42
                                   分类：同人,SM,短篇,強暴
                                   章节数：1
                                   最后更新时间：2007-12-16T02:47:25.000Z
                                   =================================================
2026-01-12 23:27:22 - mkk_pika - database.py:101 - INFO - 保存成功：こんたま ぷらす
2026-01-12 23:27:22 - mkk_pika - main.py:35 - INFO - 开始检查YUITAま是否存在未下载章节
2026-01-12 23:27:22 - mkk_pika - main.py:45 - INFO - 正在下载:[YUITAま]-[真珠貝(武田弘光)]-[['同人', 'SM', '短篇', '強暴']]-[total_pages:43]
2026-01-12 23:27:22 - mkk_pika - main.py:49 - INFO - [{'_id': '58218b445f6b9a4f93e00605', 'title': '第1集', 'order': 1, 'updated_at': '2016-11-08T08:22:28.664Z', 'id': '58218b445f6b9a4f93e00605'}]
2026-01-12 23:27:22 - mkk_pika - database.py:215 - INFO - 第一次下载该漫画，记录数据库中
2026-01-12 23:27:23 - mkk_pika - main.py:83 - INFO - 找到 43 张图片在:第1集
2026-01-12 23:27:24 - mkk_pika - main.py:112 - INFO - [episode:第1集       ] downloaded:    43, total:  43, progress:100%
2026-01-12 23:27:24 - mkk_pika - database.py:238 - INFO - 数据库更新已下载章节
2026-01-12 23:27:24 - mkk_pika - database.py:244 - INFO - 该漫画已下载章节如下
2026-01-12 23:27:24 - mkk_pika - database.py:245 - INFO - ['第1集']
2026-01-12 23:27:25 - mkk_pika - main.py:348 - INFO - ==================== 漫画信息 ====================
                                   漫画ID：58218b445f6b9a4f93e00603
                                   标题：YUITAま
                                   作者：真珠貝(武田弘光)
                                   是否完结：否
                                   总页数：43
                                   分类：同人,SM,短篇,強暴
                                   章节数：1
                                   最后更新时间：2007-12-16T12:47:25.000Z
                                   =================================================
2026-01-12 23:27:25 - mkk_pika - database.py:101 - INFO - 保存成功：YUITAま
2026-01-12 23:27:25 - mkk_pika - main.py:35 - INFO - 开始检查來吧!看吧!玩弄吧!是否存在未下载章节
2026-01-12 23:27:26 - mkk_pika - main.py:45 - INFO - 正在下载:[來吧!看吧!玩弄吧!]-[嶺本八美][きて！みて！イジって！]-[['同人', '長篇', '妹妹系', '純愛']]-[total_pages:194]
2026-01-12 23:27:26 - mkk_pika - main.py:49 - INFO - [{'_id': '58218b455f6b9a4f93e0069f', 'title': '第1集', 'order': 1, 'updated_at': '2016-11-08T08:22:29.647Z', 'id': '58218b455f6b9a4f93e0069f'}]
2026-01-12 23:27:26 - mkk_pika - database.py:215 - INFO - 第一次下载该漫画，记录数据库中
2026-01-12 23:27:28 - mkk_pika - main.py:83 - INFO - 找到 194 张图片在:第1集
2026-01-12 23:27:32 - mkk_pika - main.py:112 - INFO - [episode:第1集       ] downloaded:   194, total: 194, progress:100%
2026-01-12 23:27:32 - mkk_pika - database.py:238 - INFO - 数据库更新已下载章节
2026-01-12 23:27:32 - mkk_pika - database.py:244 - INFO - 该漫画已下载章节如下
2026-01-12 23:27:32 - mkk_pika - database.py:245 - INFO - ['第1集']
2026-01-12 23:27:34 - mkk_pika - main.py:348 - INFO - ==================== 漫画信息 ====================
                                   漫画ID：58218b455f6b9a4f93e0069d
                                   标题：來吧!看吧!玩弄吧!
                                   作者：嶺本八美][きて！みて！イジって！
                                   是否完结：否
                                   总页数：194
                                   分类：同人,長篇,妹妹系,純愛
                                   章节数：1
                                   最后更新时间：2007-12-17T08:47:25.000Z
                                   =================================================
2026-01-12 23:27:34 - mkk_pika - database.py:101 - INFO - 保存成功：來吧!看吧!玩弄吧!
2026-01-12 23:27:34 - mkk_pika - main.py:35 - INFO - 开始检查２ＬＤＫ淫妖狐附身是否存在未下载章节
2026-01-12 23:27:34 - mkk_pika - main.py:45 - INFO - 正在下载:[２ＬＤＫ淫妖狐附身]-[服部ミツカ][２ＬＤＫキツネ憑き]-[['同人', '長篇', '非人類', '純愛']]-[total_pages:129]
2026-01-12 23:27:34 - mkk_pika - main.py:49 - INFO - [{'_id': '58218b465f6b9a4f93e00827', 'title': '第1集', 'order': 1, 'updated_at': '2016-11-08T08:22:30.813Z', 'id': '58218b465f6b9a4f93e00827'}]
2026-01-12 23:27:34 - mkk_pika - database.py:215 - INFO - 第一次下载该漫画，记录数据库中
2026-01-12 23:27:36 - mkk_pika - main.py:83 - INFO - 找到 129 张图片在:第1集
2026-01-12 23:27:38 - mkk_pika - main.py:112 - INFO - [episode:第1集       ] downloaded:   129, total: 129, progress:100%
2026-01-12 23:27:38 - mkk_pika - database.py:238 - INFO - 数据库更新已下载章节
2026-01-12 23:27:38 - mkk_pika - database.py:244 - INFO - 该漫画已下载章节如下
2026-01-12 23:27:38 - mkk_pika - database.py:245 - INFO - ['第1集']
2026-01-12 23:27:40 - mkk_pika - main.py:348 - INFO - ==================== 漫画信息 ====================
                                   漫画ID：58218b465f6b9a4f93e00825
                                   标题：２ＬＤＫ淫妖狐附身
                                   作者：服部ミツカ][２ＬＤＫキツネ憑き
                                   是否完结：是
                                   总页数：129
                                   分类：同人,長篇,非人類,純愛
                                   章节数：1
                                   最后更新时间：2007-12-17T18:47:25.000Z
                                   =================================================
2026-01-12 23:27:40 - mkk_pika - database.py:101 - INFO - 保存成功：２ＬＤＫ淫妖狐附身
2026-01-12 23:27:40 - mkk_pika - main.py:35 - INFO - 开始检查淫亂的邀請是否存在未下载章节
2026-01-12 23:27:40 - mkk_pika - main.py:45 - INFO - 正在下载:[淫亂的邀請]-[SHIUN][淫びてーしょん]-[['同人', '長篇', '後宮閃光']]-[total_pages:184]
2026-01-12 23:27:40 - mkk_pika - main.py:49 - INFO - [{'_id': '58218b485f6b9a4f93e00a8f', 'title': '第1集', 'order': 1, 'updated_at': '2016-11-08T08:22:32.789Z', 'id': '58218b485f6b9a4f93e00a8f'}]
2026-01-12 23:27:40 - mkk_pika - database.py:215 - INFO - 第一次下载该漫画，记录数据库中
2026-01-12 23:27:42 - mkk_pika - main.py:83 - INFO - 找到 184 张图片在:第1集
2026-01-12 23:27:46 - mkk_pika - main.py:112 - INFO - [episode:第1集       ] downloaded:   184, total: 184, progress:100%
2026-01-12 23:27:46 - mkk_pika - database.py:238 - INFO - 数据库更新已下载章节
2026-01-12 23:27:46 - mkk_pika - database.py:244 - INFO - 该漫画已下载章节如下
2026-01-12 23:27:46 - mkk_pika - database.py:245 - INFO - ['第1集']
2026-01-12 23:27:47 - mkk_pika - main.py:348 - INFO - ==================== 漫画信息 ====================
                                   漫画ID：58218b485f6b9a4f93e00a8d
                                   标题：淫亂的邀請
                                   作者：SHIUN][淫びてーしょん
                                   是否完结：是
                                   总页数：184
                                   分类：同人,長篇,後宮閃光
                                   章节数：1
                                   最后更新时间：2007-12-18T14:47:25.000Z
                                   =================================================
2026-01-12 23:27:47 - mkk_pika - database.py:101 - INFO - 保存成功：淫亂的邀請
2026-01-12 23:27:47 - mkk_pika - main.py:35 - INFO - 开始检查スマホｄｅいいなり♥従順カノジョ是否存在未下载章节
2026-01-12 23:27:47 - mkk_pika - main.py:45 - INFO - 正在下载:[スマホｄｅいいなり♥従順カノジョ]-[シオロク]-[['同人', '長篇']]-[total_pages:177]
2026-01-12 23:27:47 - mkk_pika - main.py:49 - INFO - [{'_id': '58218b4a5f6b9a4f93e00c03', 'title': '第1集', 'order': 1, 'updated_at': '2016-11-08T08:22:34.425Z', 'id': '58218b4a5f6b9a4f93e00c03'}]
2026-01-12 23:27:47 - mkk_pika - database.py:215 - INFO - 第一次下载该漫画，记录数据库中
2026-01-12 23:27:49 - mkk_pika - main.py:83 - INFO - 找到 177 张图片在:第1集
2026-01-12 23:27:53 - mkk_pika - main.py:112 - INFO - [episode:第1集       ] downloaded:   177, total: 177, progress:100%
2026-01-12 23:27:53 - mkk_pika - database.py:238 - INFO - 数据库更新已下载章节
2026-01-12 23:27:53 - mkk_pika - database.py:244 - INFO - 该漫画已下载章节如下
2026-01-12 23:27:53 - mkk_pika - database.py:245 - INFO - ['第1集']
2026-01-12 23:27:54 - mkk_pika - main.py:348 - INFO - ==================== 漫画信息 ====================
                                   漫画ID：58218b495f6b9a4f93e00c01
                                   标题：スマホｄｅいいなり♥従順カノジョ
                                   作者：シオロク
                                   是否完结：是
                                   总页数：177
                                   分类：同人,長篇
                                   章节数：1
                                   最后更新时间：2007-12-19T00:47:25.000Z
                                   =================================================
2026-01-12 23:27:54 - mkk_pika - database.py:101 - INFO - 保存成功：スマホｄｅいいなり♥従順カノジョ
2026-01-12 23:27:54 - mkk_pika - main.py:35 - INFO - 开始检查エロゲー彼女是否存在未下载章节
2026-01-12 23:27:55 - mkk_pika - main.py:45 - INFO - 正在下载:[エロゲー彼女]-[沢尻メロウ]-[['同人', '長篇', '純愛']]-[total_pages:200]
2026-01-12 23:27:55 - mkk_pika - main.py:49 - INFO - [{'_id': '58218b4b5f6b9a4f93e00d69', 'title': '第1集', 'order': 1, 'updated_at': '2016-11-08T08:22:35.121Z', 'id': '58218b4b5f6b9a4f93e00d69'}]
2026-01-12 23:27:55 - mkk_pika - database.py:215 - INFO - 第一次下载该漫画，记录数据库中
2026-01-12 23:27:57 - mkk_pika - main.py:83 - INFO - 找到 200 张图片在:第1集
2026-01-12 23:28:01 - mkk_pika - main.py:112 - INFO - [episode:第1集       ] downloaded:   200, total: 200, progress:100%
2026-01-12 23:28:01 - mkk_pika - database.py:238 - INFO - 数据库更新已下载章节
2026-01-12 23:28:01 - mkk_pika - database.py:244 - INFO - 该漫画已下载章节如下
2026-01-12 23:28:01 - mkk_pika - database.py:245 - INFO - ['第1集']
2026-01-12 23:28:02 - mkk_pika - main.py:348 - INFO - ==================== 漫画信息 ====================
                                   漫画ID：58218b4a5f6b9a4f93e00d67
                                   标题：エロゲー彼女
                                   作者：沢尻メロウ
                                   是否完结：是
                                   总页数：200
                                   分类：同人,長篇,純愛
                                   章节数：1
                                   最后更新时间：2007-12-19T10:47:25.000Z
                                   =================================================
2026-01-12 23:28:02 - mkk_pika - database.py:101 - INFO - 保存成功：エロゲー彼女
2026-01-12 23:28:02 - mkk_pika - main.py:35 - INFO - 开始检查アネマヨ是否存在未下载章节
2026-01-12 23:28:03 - mkk_pika - main.py:45 - INFO - 正在下载:[アネマヨ]-[桂よしひろ]-[['同人', '長篇', '姐姐系', '純愛']]-[total_pages:204]
2026-01-12 23:28:03 - mkk_pika - main.py:49 - INFO - [{'_id': '58218b4c5f6b9a4f93e00efd', 'title': '第1集', 'order': 1, 'updated_at': '2016-11-08T08:22:36.063Z', 'id': '58218b4c5f6b9a4f93e00efd'}]
2026-01-12 23:28:03 - mkk_pika - database.py:215 - INFO - 第一次下载该漫画，记录数据库中
2026-01-12 23:28:05 - mkk_pika - main.py:83 - INFO - 找到 204 张图片在:第1集
2026-01-12 23:28:09 - mkk_pika - main.py:112 - INFO - [episode:第1集       ] downloaded:   204, total: 204, progress:100%
2026-01-12 23:28:09 - mkk_pika - database.py:238 - INFO - 数据库更新已下载章节
2026-01-12 23:28:09 - mkk_pika - database.py:244 - INFO - 该漫画已下载章节如下
2026-01-12 23:28:09 - mkk_pika - database.py:245 - INFO - ['第1集']
2026-01-12 23:28:11 - mkk_pika - main.py:348 - INFO - ==================== 漫画信息 ====================
                                   漫画ID：58218b4b5f6b9a4f93e00efb
                                   标题：アネマヨ
                                   作者：桂よしひろ
                                   是否完结：是
                                   总页数：204
                                   分类：同人,長篇,姐姐系,純愛
                                   章节数：1
                                   最后更新时间：2007-12-19T20:47:25.000Z
                                   =================================================
2026-01-12 23:28:11 - mkk_pika - database.py:101 - INFO - 保存成功：アネマヨ
2026-01-12 23:28:11 - mkk_pika - main.py:35 - INFO - 开始检查さきゅらいふ是否存在未下载章节
2026-01-12 23:28:11 - mkk_pika - main.py:45 - INFO - 正在下载:[さきゅらいふ]-[七瀬瑞穂]-[['同人', '長篇', '非人類', '純愛']]-[total_pages:169]
2026-01-12 23:28:11 - mkk_pika - main.py:49 - INFO - [{'_id': '58218b4d5f6b9a4f93e01099', 'title': '第1集', 'order': 1, 'updated_at': '2016-11-08T08:22:37.628Z', 'id': '58218b4d5f6b9a4f93e01099'}]
2026-01-12 23:28:11 - mkk_pika - database.py:215 - INFO - 第一次下载该漫画，记录数据库中
2026-01-12 23:28:13 - mkk_pika - main.py:83 - INFO - 找到 169 张图片在:第1集
2026-01-12 23:28:17 - mkk_pika - main.py:112 - INFO - [episode:第1集       ] downloaded:   169, total: 169, progress:100%
2026-01-12 23:28:17 - mkk_pika - database.py:238 - INFO - 数据库更新已下载章节
2026-01-12 23:28:17 - mkk_pika - database.py:244 - INFO - 该漫画已下载章节如下
2026-01-12 23:28:17 - mkk_pika - database.py:245 - INFO - ['第1集']
2026-01-12 23:28:18 - mkk_pika - main.py:348 - INFO - ==================== 漫画信息 ====================
                                   漫画ID：58218b4d5f6b9a4f93e01097
                                   标题：さきゅらいふ
                                   作者：七瀬瑞穂
                                   是否完结：是
                                   总页数：169
                                   分类：同人,長篇,非人類,純愛
                                   章节数：1
                                   最后更新时间：2007-12-20T06:47:25.000Z
                                   =================================================
2026-01-12 23:28:18 - mkk_pika - database.py:101 - INFO - 保存成功：さきゅらいふ
2026-01-12 23:28:18 - mkk_pika - main.py:35 - INFO - 开始检查素直になれない!是否存在未下载章节
2026-01-12 23:28:18 - mkk_pika - main.py:45 - INFO - 正在下载:[素直になれない!]-[みくに瑞貴]-[['同人', '人妻', '長篇', '妹妹系', '純愛']]-[total_pages:222]
2026-01-12 23:28:18 - mkk_pika - main.py:49 - INFO - [{'_id': '58218b4f5f6b9a4f93e011ef', 'title': '第1集', 'order': 1, 'updated_at': '2016-11-08T08:22:39.092Z', 'id': '58218b4f5f6b9a4f93e011ef'}]
2026-01-12 23:28:18 - mkk_pika - database.py:215 - INFO - 第一次下载该漫画，记录数据库中
2026-01-12 23:28:21 - mkk_pika - main.py:83 - INFO - 找到 222 张图片在:第1集
2026-01-12 23:28:25 - mkk_pika - main.py:112 - INFO - [episode:第1集       ] downloaded:   222, total: 222, progress:100%
2026-01-12 23:28:25 - mkk_pika - database.py:238 - INFO - 数据库更新已下载章节
2026-01-12 23:28:25 - mkk_pika - database.py:244 - INFO - 该漫画已下载章节如下
2026-01-12 23:28:25 - mkk_pika - database.py:245 - INFO - ['第1集']
2026-01-12 23:28:27 - mkk_pika - main.py:348 - INFO - ==================== 漫画信息 ====================
                                   漫画ID：58218b4e5f6b9a4f93e011ed
                                   标题：素直になれない!
                                   作者：みくに瑞貴
                                   是否完结：是
                                   总页数：222
                                   分类：同人,人妻,長篇,妹妹系,純愛
                                   章节数：1
                                   最后更新时间：2007-12-20T16:47:25.000Z
                                   =================================================
2026-01-12 23:28:27 - mkk_pika - database.py:101 - INFO - 保存成功：素直になれない!
2026-01-12 23:28:27 - mkk_pika - main.py:35 - INFO - 开始检查偽装姦禁是否存在未下载章节
2026-01-12 23:28:27 - mkk_pika - main.py:45 - INFO - 正在下载:[偽装姦禁]-[香月りお]-[['同人', '人妻', '長篇', 'NTR', '強暴']]-[total_pages:177]
2026-01-12 23:28:27 - mkk_pika - main.py:49 - INFO - [{'_id': '58218b505f6b9a4f93e013af', 'title': '第1集', 'order': 1, 'updated_at': '2016-11-08T08:22:40.076Z', 'id': '58218b505f6b9a4f93e013af'}]
2026-01-12 23:28:27 - mkk_pika - database.py:215 - INFO - 第一次下载该漫画，记录数据库中
2026-01-12 23:28:29 - mkk_pika - main.py:83 - INFO - 找到 177 张图片在:第1集
2026-01-12 23:28:32 - mkk_pika - main.py:112 - INFO - [episode:第1集       ] downloaded:   177, total: 177, progress:100%
2026-01-12 23:28:32 - mkk_pika - database.py:238 - INFO - 数据库更新已下载章节
2026-01-12 23:28:32 - mkk_pika - database.py:244 - INFO - 该漫画已下载章节如下
2026-01-12 23:28:32 - mkk_pika - database.py:245 - INFO - ['第1集']
2026-01-12 23:28:34 - mkk_pika - main.py:348 - INFO - ==================== 漫画信息 ====================
                                   漫画ID：58218b4f5f6b9a4f93e013ad
                                   标题：偽装姦禁
                                   作者：香月りお
                                   是否完结：是
                                   总页数：177
                                   分类：同人,人妻,長篇,NTR,強暴
                                   章节数：1
                                   最后更新时间：2007-12-21T02:47:25.000Z
                                   =================================================
2026-01-12 23:28:34 - mkk_pika - database.py:101 - INFO - 保存成功：偽装姦禁
2026-01-12 23:28:34 - mkk_pika - main.py:380 - INFO - 本次任务下载完毕
2026-01-12 23:28:34 - mkk_pika - database.py:173 - INFO - 数据库连接已关闭
