2026-02-07 23:42:29 - mkk_pika - main.py:193 - INFO - =======================================================================
2026-02-07 23:42:29 - mkk_pika - database.py:61 - INFO - 表和索引初始化成功
2026-02-07 23:42:29 - mkk_pika - main.py:197 - INFO - 已经累计下载1984本漫画
2026-02-07 23:42:29 - mkk_pika - api.py:87 - INFO - 登录成功
2026-02-07 23:42:30 - mkk_pika - main.py:203 - INFO - 收藏夹共计0本漫画
2026-02-07 23:42:30 - mkk_pika - main.py:206 - INFO - 开始下载收藏夹内未下载内容
2026-02-07 23:42:30 - mkk_pika - main.py:266 - INFO - 收藏夹内容下载完毕
2026-02-07 23:42:30 - mkk_pika - main.py:268 - INFO - 开始下载订阅内容
2026-02-07 23:42:30 - mkk_pika - database.py:258 - INFO - 根据ID查询到标题：萝莉 -> ひみつのメェ王国 | 秘密的羊咩王国
2026-02-07 23:42:30 - mkk_pika - database.py:101 - INFO - 保存成功：ひみつのメェ王国 | 秘密的羊咩王国
2026-02-07 23:42:30 - mkk_pika - main.py:273 - INFO - 关键词萝莉找到0本漫画
2026-02-07 23:42:30 - mkk_pika - database.py:258 - INFO - 根据ID查询到标题：蘿莉 -> お隣の娘さんは俺に気があるようだからペットにしてみた。～うすいヤツ1～
2026-02-07 23:42:31 - mkk_pika - database.py:101 - INFO - 保存成功：Artist - sabaoji（AI）
2026-02-07 23:42:31 - mkk_pika - main.py:273 - INFO - 关键词蘿莉找到0本漫画
2026-02-07 23:42:31 - mkk_pika - main.py:275 - INFO - 订阅内容共计0本漫画
2026-02-07 23:42:31 - mkk_pika - main.py:323 - INFO - 订阅内容内容下载完毕
2026-02-07 23:42:31 - mkk_pika - main.py:324 - INFO - 开始分批下载全部章节
2026-02-07 23:42:31 - mkk_pika - database.py:280 - INFO - 表和索引初始化成功
2026-02-07 23:42:32 - mkk_pika - main.py:177 - INFO - 已经下载了95页，一共6723页，现在开始添加第96页
2026-02-07 23:42:32 - mkk_pika - database.py:318 - INFO - 保存成功
2026-02-07 23:42:33 - mkk_pika - main.py:177 - INFO - 已经下载了96页，一共6723页，现在开始添加第97页
2026-02-07 23:42:33 - mkk_pika - database.py:318 - INFO - 保存成功
2026-02-07 23:42:33 - mkk_pika - main.py:331 - INFO - 分批下载共计26本漫画
2026-02-07 23:42:33 - mkk_pika - main.py:35 - INFO - 开始检查【CE家族社】(C87) [Apple Effect (紫御)] 新しい友達を迎える方法 (艦隊これくしょん -艦これ-)是否存在未下载章节
2026-02-07 23:42:33 - mkk_pika - main.py:45 - INFO - 正在下载:[【CE家族社】(C87) [Apple Effect (紫御)] 新しい友達を迎える方法 (艦隊これくしょん -艦これ-)]-[紫御]-[['同人', '艦隊收藏', '全彩']]-[total_pages:17]
2026-02-07 23:42:33 - mkk_pika - main.py:49 - INFO - [{'_id': '5821912c5f6b9a4f93e48215', 'title': '第1集', 'order': 1, 'updated_at': '2016-11-08T08:47:40.193Z', 'id': '5821912c5f6b9a4f93e48215'}]
2026-02-07 23:42:33 - mkk_pika - database.py:215 - INFO - 第一次下载该漫画，记录数据库中
2026-02-07 23:42:34 - mkk_pika - main.py:83 - INFO - 找到 17 张图片在:第1集
2026-02-07 23:42:34 - mkk_pika - main.py:112 - INFO - [episode:第1集       ] downloaded:    17, total:  17, progress:100%
2026-02-07 23:42:34 - mkk_pika - database.py:238 - INFO - 数据库更新已下载章节
2026-02-07 23:42:34 - mkk_pika - database.py:244 - INFO - 该漫画已下载章节如下
2026-02-07 23:42:34 - mkk_pika - database.py:245 - INFO - ['第1集']
2026-02-07 23:42:36 - mkk_pika - main.py:348 - INFO - ==================== 漫画信息 ====================
                                   漫画ID：5821912b5f6b9a4f93e48213
                                   标题：【CE家族社】(C87) [Apple Effect (紫御)] 新しい友達を迎える方法 (艦隊これくしょん -艦これ-)
                                   作者：紫御
                                   是否完结：是
                                   总页数：17
                                   分类：同人,艦隊收藏,全彩
                                   章节数：1
                                   最后更新时间：2009-04-19T22:47:19.000Z
                                   =================================================
2026-02-07 23:42:36 - mkk_pika - database.py:101 - INFO - 保存成功：【CE家族社】(C87) [Apple Effect (紫御)] 新しい友達を迎える方法 (艦隊これくしょん -艦これ-)
2026-02-07 23:42:36 - mkk_pika - main.py:35 - INFO - 开始检查イモウト マニュアル + しイラストカード是否存在未下载章节
2026-02-07 23:42:37 - mkk_pika - main.py:45 - INFO - 正在下载:[イモウト マニュアル + しイラストカード]-[椿十四郎]-[['長篇', '妹妹系']]-[total_pages:196]
2026-02-07 23:42:37 - mkk_pika - main.py:49 - INFO - [{'_id': '5821912f5f6b9a4f93e4865b', 'title': '第1集', 'order': 1, 'updated_at': '2016-11-08T08:47:43.850Z', 'id': '5821912f5f6b9a4f93e4865b'}]
2026-02-07 23:42:37 - mkk_pika - database.py:215 - INFO - 第一次下载该漫画，记录数据库中
2026-02-07 23:42:39 - mkk_pika - main.py:83 - INFO - 找到 196 张图片在:第1集
2026-02-07 23:42:42 - mkk_pika - main.py:112 - INFO - [episode:第1集       ] downloaded:   196, total: 196, progress:100%
2026-02-07 23:42:42 - mkk_pika - database.py:238 - INFO - 数据库更新已下载章节
2026-02-07 23:42:42 - mkk_pika - database.py:244 - INFO - 该漫画已下载章节如下
2026-02-07 23:42:42 - mkk_pika - database.py:245 - INFO - ['第1集']
2026-02-07 23:42:44 - mkk_pika - main.py:348 - INFO - ==================== 漫画信息 ====================
                                   漫画ID：5821912f5f6b9a4f93e48659
                                   标题：イモウト マニュアル + しイラストカード
                                   作者：椿十四郎
                                   是否完结：是
                                   总页数：196
                                   分类：長篇,妹妹系
                                   章节数：1
                                   最后更新时间：2009-04-21T14:47:19.000Z
                                   =================================================
2026-02-07 23:42:44 - mkk_pika - database.py:101 - INFO - 保存成功：イモウト マニュアル + しイラストカード
2026-02-07 23:42:44 - mkk_pika - main.py:35 - INFO - 开始检查ちゅ~ちゅ~ちぇり~是否存在未下载章节
2026-02-07 23:42:44 - mkk_pika - main.py:45 - INFO - 正在下载:[ちゅ~ちゅ~ちぇり~]-[ぼっしぃ]-[['長篇', '姐姐系', '妹妹系', '純愛']]-[total_pages:196]
2026-02-07 23:42:44 - mkk_pika - main.py:49 - INFO - [{'_id': '582191305f6b9a4f93e487e7', 'title': '第1集', 'order': 1, 'updated_at': '2016-11-08T08:47:44.674Z', 'id': '582191305f6b9a4f93e487e7'}]
2026-02-07 23:42:44 - mkk_pika - database.py:215 - INFO - 第一次下载该漫画，记录数据库中
2026-02-07 23:42:46 - mkk_pika - main.py:83 - INFO - 找到 196 张图片在:第1集
2026-02-07 23:42:49 - mkk_pika - main.py:112 - INFO - [episode:第1集       ] downloaded:   196, total: 196, progress:100%
2026-02-07 23:42:49 - mkk_pika - database.py:238 - INFO - 数据库更新已下载章节
2026-02-07 23:42:49 - mkk_pika - database.py:244 - INFO - 该漫画已下载章节如下
2026-02-07 23:42:49 - mkk_pika - database.py:245 - INFO - ['第1集']
2026-02-07 23:42:51 - mkk_pika - main.py:348 - INFO - ==================== 漫画信息 ====================
                                   漫画ID：582191305f6b9a4f93e487e5
                                   标题：ちゅ~ちゅ~ちぇり~
                                   作者：ぼっしぃ
                                   是否完结：是
                                   总页数：196
                                   分类：長篇,姐姐系,妹妹系,純愛
                                   章节数：1
                                   最后更新时间：2009-04-22T00:47:19.000Z
                                   =================================================
2026-02-07 23:42:51 - mkk_pika - database.py:101 - INFO - 保存成功：ちゅ~ちゅ~ちぇり~
2026-02-07 23:42:51 - mkk_pika - main.py:35 - INFO - 开始检查 お嬢様はHがお好き是否存在未下载章节
2026-02-07 23:42:51 - mkk_pika - main.py:45 - INFO - 正在下载:[ お嬢様はHがお好き]-[ぼっしぃ]-[['長篇', '姐姐系', '妹妹系', '純愛']]-[total_pages:192]
2026-02-07 23:42:51 - mkk_pika - main.py:49 - INFO - [{'_id': '582191315f6b9a4f93e48973', 'title': '第1集', 'order': 1, 'updated_at': '2016-11-08T08:47:45.709Z', 'id': '582191315f6b9a4f93e48973'}]
2026-02-07 23:42:51 - mkk_pika - database.py:215 - INFO - 第一次下载该漫画，记录数据库中
2026-02-07 23:42:53 - mkk_pika - main.py:83 - INFO - 找到 192 张图片在:第1集
2026-02-07 23:42:56 - mkk_pika - main.py:112 - INFO - [episode:第1集       ] downloaded:   192, total: 192, progress:100%
2026-02-07 23:42:56 - mkk_pika - database.py:238 - INFO - 数据库更新已下载章节
2026-02-07 23:42:56 - mkk_pika - database.py:244 - INFO - 该漫画已下载章节如下
2026-02-07 23:42:56 - mkk_pika - database.py:245 - INFO - ['第1集']
2026-02-07 23:42:58 - mkk_pika - main.py:348 - INFO - ==================== 漫画信息 ====================
                                   漫画ID：582191315f6b9a4f93e48971
                                   标题： お嬢様はHがお好き
                                   作者：ぼっしぃ
                                   是否完结：是
                                   总页数：192
                                   分类：長篇,姐姐系,妹妹系,純愛
                                   章节数：1
                                   最后更新时间：2009-04-22T10:47:19.000Z
                                   =================================================
2026-02-07 23:42:58 - mkk_pika - database.py:101 - INFO - 保存成功： お嬢様はHがお好き
2026-02-07 23:42:58 - mkk_pika - main.py:35 - INFO - 开始检查(C84)酔った勢いで告白(魔法科高校の劣等生)是否存在未下载章节
2026-02-07 23:42:58 - mkk_pika - main.py:45 - INFO - 正在下载:[(C84)酔った勢いで告白(魔法科高校の劣等生)]-[TwinBox]-[['同人', '短篇', '全彩', '妹妹系']]-[total_pages:20]
2026-02-07 23:42:58 - mkk_pika - main.py:49 - INFO - [{'_id': '582191325f6b9a4f93e48af7', 'title': '第1集', 'order': 1, 'updated_at': '2016-11-08T08:47:46.561Z', 'id': '582191325f6b9a4f93e48af7'}]
2026-02-07 23:42:58 - mkk_pika - database.py:215 - INFO - 第一次下载该漫画，记录数据库中
2026-02-07 23:42:59 - mkk_pika - main.py:83 - INFO - 找到 20 张图片在:第1集
2026-02-07 23:42:59 - mkk_pika - main.py:112 - INFO - [episode:第1集       ] downloaded:    20, total:  20, progress:100%
2026-02-07 23:42:59 - mkk_pika - database.py:238 - INFO - 数据库更新已下载章节
2026-02-07 23:42:59 - mkk_pika - database.py:244 - INFO - 该漫画已下载章节如下
2026-02-07 23:42:59 - mkk_pika - database.py:245 - INFO - ['第1集']
2026-02-07 23:43:01 - mkk_pika - main.py:348 - INFO - ==================== 漫画信息 ====================
                                   漫画ID：582191325f6b9a4f93e48af5
                                   标题：(C84)酔った勢いで告白(魔法科高校の劣等生)
                                   作者：TwinBox
                                   是否完结：是
                                   总页数：20
                                   分类：同人,短篇,全彩,妹妹系
                                   章节数：1
                                   最后更新时间：2009-04-22T20:47:19.000Z
                                   =================================================
2026-02-07 23:43:01 - mkk_pika - database.py:101 - INFO - 保存成功：(C84)酔った勢いで告白(魔法科高校の劣等生)
2026-02-07 23:43:01 - mkk_pika - main.py:35 - INFO - 开始检查(COMIC1☆7)魔法科高校のインセントタブー (魔法科高校の劣等生)是否存在未下载章节
2026-02-07 23:43:01 - mkk_pika - main.py:45 - INFO - 正在下载:[(COMIC1☆7)魔法科高校のインセントタブー (魔法科高校の劣等生)]-[ALMISM(水月あるみ)]-[['同人', '短篇', '妹妹系', '純愛']]-[total_pages:27]
2026-02-07 23:43:01 - mkk_pika - main.py:49 - INFO - [{'_id': '582191325f6b9a4f93e48b23', 'title': '第1集', 'order': 1, 'updated_at': '2016-11-08T08:47:46.888Z', 'id': '582191325f6b9a4f93e48b23'}]
2026-02-07 23:43:01 - mkk_pika - database.py:215 - INFO - 第一次下载该漫画，记录数据库中
2026-02-07 23:43:02 - mkk_pika - main.py:83 - INFO - 找到 27 张图片在:第1集
2026-02-07 23:43:02 - mkk_pika - main.py:112 - INFO - [episode:第1集       ] downloaded:    27, total:  27, progress:100%
2026-02-07 23:43:02 - mkk_pika - database.py:238 - INFO - 数据库更新已下载章节
2026-02-07 23:43:02 - mkk_pika - database.py:244 - INFO - 该漫画已下载章节如下
2026-02-07 23:43:02 - mkk_pika - database.py:245 - INFO - ['第1集']
2026-02-07 23:43:04 - mkk_pika - main.py:348 - INFO - ==================== 漫画信息 ====================
                                   漫画ID：582191325f6b9a4f93e48b21
                                   标题：(COMIC1☆7)魔法科高校のインセントタブー (魔法科高校の劣等生)
                                   作者：ALMISM(水月あるみ)
                                   是否完结：是
                                   总页数：27
                                   分类：同人,短篇,妹妹系,純愛
                                   章节数：1
                                   最后更新时间：2009-04-23T06:47:19.000Z
                                   =================================================
2026-02-07 23:43:04 - mkk_pika - database.py:101 - INFO - 保存成功：(COMIC1☆7)魔法科高校のインセントタブー (魔法科高校の劣等生)
2026-02-07 23:43:04 - mkk_pika - main.py:35 - INFO - 开始检查あのコ達が大変なことになってます (ToLOVEる)是否存在未下载章节
2026-02-07 23:43:04 - mkk_pika - main.py:45 - INFO - 正在下载:[あのコ達が大変なことになってます (ToLOVEる)]-[厳魂堂]-[['同人', '長篇', '後宮閃光']]-[total_pages:115]
2026-02-07 23:43:04 - mkk_pika - main.py:49 - INFO - [{'_id': '582191335f6b9a4f93e48b5d', 'title': '第1集', 'order': 1, 'updated_at': '2016-11-08T08:47:47.493Z', 'id': '582191335f6b9a4f93e48b5d'}, {'_id': '582191335f6b9a4f93e48bd1', 'title': '第2集', 'order': 2, 'updated_at': '2016-11-08T08:47:47.935Z', 'id': '582191335f6b9a4f93e48bd1'}]
2026-02-07 23:43:04 - mkk_pika - database.py:215 - INFO - 第一次下载该漫画，记录数据库中
2026-02-07 23:43:05 - mkk_pika - main.py:83 - INFO - 找到 57 张图片在:第1集
2026-02-07 23:43:06 - mkk_pika - main.py:112 - INFO - [episode:第1集       ] downloaded:    57, total:  57, progress:100%
2026-02-07 23:43:06 - mkk_pika - database.py:238 - INFO - 数据库更新已下载章节
2026-02-07 23:43:06 - mkk_pika - database.py:244 - INFO - 该漫画已下载章节如下
2026-02-07 23:43:06 - mkk_pika - database.py:245 - INFO - ['第1集']
2026-02-07 23:43:08 - mkk_pika - main.py:83 - INFO - 找到 58 张图片在:第2集
2026-02-07 23:43:09 - mkk_pika - main.py:112 - INFO - [episode:第2集       ] downloaded:    58, total:  58, progress:100%
2026-02-07 23:43:09 - mkk_pika - database.py:238 - INFO - 数据库更新已下载章节
2026-02-07 23:43:09 - mkk_pika - database.py:244 - INFO - 该漫画已下载章节如下
2026-02-07 23:43:09 - mkk_pika - database.py:245 - INFO - ['第1集', '第2集']
2026-02-07 23:43:10 - mkk_pika - main.py:348 - INFO - ==================== 漫画信息 ====================
                                   漫画ID：582191325f6b9a4f93e48b5b
                                   标题：あのコ達が大変なことになってます (ToLOVEる)
                                   作者：厳魂堂
                                   是否完结：是
                                   总页数：115
                                   分类：同人,長篇,後宮閃光
                                   章节数：2
                                   最后更新时间：2009-04-23T16:47:19.000Z
                                   =================================================
2026-02-07 23:43:10 - mkk_pika - database.py:101 - INFO - 保存成功：あのコ達が大変なことになってます (ToLOVEる)
2026-02-07 23:43:10 - mkk_pika - main.py:35 - INFO - 开始检查美柑えっちぃのもキライじゃないです (ToLoveる)(2本)是否存在未下载章节
2026-02-07 23:43:11 - mkk_pika - main.py:45 - INFO - 正在下载:[美柑えっちぃのもキライじゃないです (ToLoveる)(2本)]-[ひな缶 (霧嶋ひなた)]-[['同人', '短篇', '百合花園']]-[total_pages:38]
2026-02-07 23:43:11 - mkk_pika - main.py:49 - INFO - [{'_id': '582191355f6b9a4f93e48dff', 'title': '第1集', 'order': 1, 'updated_at': '2016-11-08T08:47:49.593Z', 'id': '582191355f6b9a4f93e48dff'}, {'_id': '582191365f6b9a4f93e48e27', 'title': '第2集', 'order': 2, 'updated_at': '2016-11-08T08:47:50.181Z', 'id': '582191365f6b9a4f93e48e27'}]
2026-02-07 23:43:11 - mkk_pika - database.py:215 - INFO - 第一次下载该漫画，记录数据库中
2026-02-07 23:43:11 - mkk_pika - main.py:83 - INFO - 找到 19 张图片在:第1集
2026-02-07 23:43:12 - mkk_pika - main.py:112 - INFO - [episode:第1集       ] downloaded:    19, total:  19, progress:100%
2026-02-07 23:43:12 - mkk_pika - database.py:238 - INFO - 数据库更新已下载章节
2026-02-07 23:43:12 - mkk_pika - database.py:244 - INFO - 该漫画已下载章节如下
2026-02-07 23:43:12 - mkk_pika - database.py:245 - INFO - ['第1集']
2026-02-07 23:43:13 - mkk_pika - main.py:83 - INFO - 找到 19 张图片在:第2集
2026-02-07 23:43:14 - mkk_pika - main.py:112 - INFO - [episode:第2集       ] downloaded:    19, total:  19, progress:100%
2026-02-07 23:43:14 - mkk_pika - database.py:238 - INFO - 数据库更新已下载章节
2026-02-07 23:43:14 - mkk_pika - database.py:244 - INFO - 该漫画已下载章节如下
2026-02-07 23:43:14 - mkk_pika - database.py:245 - INFO - ['第1集', '第2集']
2026-02-07 23:43:15 - mkk_pika - main.py:348 - INFO - ==================== 漫画信息 ====================
                                   漫画ID：582191355f6b9a4f93e48dfd
                                   标题：美柑えっちぃのもキライじゃないです (ToLoveる)(2本)
                                   作者：ひな缶 (霧嶋ひなた)
                                   是否完结：是
                                   总页数：38
                                   分类：同人,短篇,百合花園
                                   章节数：2
                                   最后更新时间：2009-04-24T12:47:19.000Z
                                   =================================================
2026-02-07 23:43:15 - mkk_pika - database.py:101 - INFO - 保存成功：美柑えっちぃのもキライじゃないです (ToLoveる)(2本)
2026-02-07 23:43:15 - mkk_pika - main.py:35 - INFO - 开始检查(C74)えっちぃの(ToLOVEる)是否存在未下载章节
2026-02-07 23:43:15 - mkk_pika - main.py:45 - INFO - 正在下载:[(C74)えっちぃの(ToLOVEる)]-[ESSENTIA]-[['同人', '短篇', '全彩', '後宮閃光']]-[total_pages:18]
2026-02-07 23:43:15 - mkk_pika - main.py:49 - INFO - [{'_id': '582191365f6b9a4f93e48e51', 'title': '第1集', 'order': 1, 'updated_at': '2016-11-08T08:47:50.786Z', 'id': '582191365f6b9a4f93e48e51'}]
2026-02-07 23:43:15 - mkk_pika - database.py:215 - INFO - 第一次下载该漫画，记录数据库中
2026-02-07 23:43:16 - mkk_pika - main.py:83 - INFO - 找到 18 张图片在:第1集
2026-02-07 23:43:16 - mkk_pika - main.py:112 - INFO - [episode:第1集       ] downloaded:    18, total:  18, progress:100%
2026-02-07 23:43:16 - mkk_pika - database.py:238 - INFO - 数据库更新已下载章节
2026-02-07 23:43:16 - mkk_pika - database.py:244 - INFO - 该漫画已下载章节如下
2026-02-07 23:43:16 - mkk_pika - database.py:245 - INFO - ['第1集']
2026-02-07 23:43:18 - mkk_pika - main.py:348 - INFO - ==================== 漫画信息 ====================
                                   漫画ID：582191365f6b9a4f93e48e4f
                                   标题：(C74)えっちぃの(ToLOVEる)
                                   作者：ESSENTIA
                                   是否完结：是
                                   总页数：18
                                   分类：同人,短篇,全彩,後宮閃光
                                   章节数：1
                                   最后更新时间：2009-04-24T22:47:19.000Z
                                   =================================================
2026-02-07 23:43:18 - mkk_pika - database.py:101 - INFO - 保存成功：(C74)えっちぃの(ToLOVEる)
2026-02-07 23:43:18 - mkk_pika - main.py:35 - INFO - 开始检查俺の黒猫マジにゃんにゃん是否存在未下载章节
2026-02-07 23:43:18 - mkk_pika - main.py:45 - INFO - 正在下载:[俺の黒猫マジにゃんにゃん]-[STUDIO RUNAWAY WOLF (中島秋彦)]-[['同人', '短篇', '純愛']]-[total_pages:23]
2026-02-07 23:43:18 - mkk_pika - main.py:49 - INFO - [{'_id': '582191375f6b9a4f93e48e79', 'title': '第1集', 'order': 1, 'updated_at': '2016-11-08T08:47:51.200Z', 'id': '582191375f6b9a4f93e48e79'}]
2026-02-07 23:43:18 - mkk_pika - database.py:215 - INFO - 第一次下载该漫画，记录数据库中
2026-02-07 23:43:19 - mkk_pika - main.py:83 - INFO - 找到 23 张图片在:第1集
2026-02-07 23:43:19 - mkk_pika - main.py:112 - INFO - [episode:第1集       ] downloaded:    23, total:  23, progress:100%
2026-02-07 23:43:19 - mkk_pika - database.py:238 - INFO - 数据库更新已下载章节
2026-02-07 23:43:19 - mkk_pika - database.py:244 - INFO - 该漫画已下载章节如下
2026-02-07 23:43:19 - mkk_pika - database.py:245 - INFO - ['第1集']
2026-02-07 23:43:20 - mkk_pika - main.py:348 - INFO - ==================== 漫画信息 ====================
                                   漫画ID：582191365f6b9a4f93e48e77
                                   标题：俺の黒猫マジにゃんにゃん
                                   作者：STUDIO RUNAWAY WOLF (中島秋彦)
                                   是否完结：是
                                   总页数：23
                                   分类：同人,短篇,純愛
                                   章节数：1
                                   最后更新时间：2009-04-25T08:47:19.000Z
                                   =================================================
2026-02-07 23:43:20 - mkk_pika - database.py:101 - INFO - 保存成功：俺の黒猫マジにゃんにゃん
2026-02-07 23:43:20 - mkk_pika - main.py:35 - INFO - 开始检查純愛まにあっく是否存在未下载章节
2026-02-07 23:43:21 - mkk_pika - main.py:45 - INFO - 正在下载:[純愛まにあっく]-[あゆま纱由]-[['長篇', '純愛']]-[total_pages:201]
2026-02-07 23:43:21 - mkk_pika - main.py:49 - INFO - [{'_id': '582191375f6b9a4f93e48eab', 'title': '第1集', 'order': 1, 'updated_at': '2016-11-08T08:47:51.855Z', 'id': '582191375f6b9a4f93e48eab'}]
2026-02-07 23:43:21 - mkk_pika - database.py:215 - INFO - 第一次下载该漫画，记录数据库中
2026-02-07 23:43:23 - mkk_pika - main.py:83 - INFO - 找到 201 张图片在:第1集
2026-02-07 23:43:27 - mkk_pika - main.py:112 - INFO - [episode:第1集       ] downloaded:   201, total: 201, progress:100%
2026-02-07 23:43:27 - mkk_pika - database.py:238 - INFO - 数据库更新已下载章节
2026-02-07 23:43:27 - mkk_pika - database.py:244 - INFO - 该漫画已下载章节如下
2026-02-07 23:43:27 - mkk_pika - database.py:245 - INFO - ['第1集']
2026-02-07 23:43:28 - mkk_pika - main.py:348 - INFO - ==================== 漫画信息 ====================
                                   漫画ID：582191375f6b9a4f93e48ea9
                                   标题：純愛まにあっく
                                   作者：あゆま纱由
                                   是否完结：是
                                   总页数：201
                                   分类：長篇,純愛
                                   章节数：1
                                   最后更新时间：2009-04-25T18:47:19.000Z
                                   =================================================
2026-02-07 23:43:28 - mkk_pika - database.py:101 - INFO - 保存成功：純愛まにあっく
2026-02-07 23:43:28 - mkk_pika - main.py:35 - INFO - 开始检查[日本帝國図書館] ちゅ!学生日記是否存在未下载章节
2026-02-07 23:43:28 - mkk_pika - main.py:45 - INFO - 正在下载:[[日本帝國図書館] ちゅ!学生日記]-[木谷椎]-[['短篇', '扶他樂園', '足の恋']]-[total_pages:76]
2026-02-07 23:43:28 - mkk_pika - main.py:49 - INFO - [{'_id': '582191395f6b9a4f93e49041', 'title': '第1集', 'order': 1, 'updated_at': '2016-11-08T08:47:53.284Z', 'id': '582191395f6b9a4f93e49041'}, {'_id': '582191395f6b9a4f93e4908f', 'title': '第2集', 'order': 2, 'updated_at': '2016-11-08T08:47:53.948Z', 'id': '582191395f6b9a4f93e4908f'}]
2026-02-07 23:43:28 - mkk_pika - database.py:215 - INFO - 第一次下载该漫画，记录数据库中
2026-02-07 23:43:29 - mkk_pika - main.py:83 - INFO - 找到 38 张图片在:第1集
2026-02-07 23:43:30 - mkk_pika - main.py:112 - INFO - [episode:第1集       ] downloaded:    38, total:  38, progress:100%
2026-02-07 23:43:30 - mkk_pika - database.py:238 - INFO - 数据库更新已下载章节
2026-02-07 23:43:30 - mkk_pika - database.py:244 - INFO - 该漫画已下载章节如下
2026-02-07 23:43:30 - mkk_pika - database.py:245 - INFO - ['第1集']
2026-02-07 23:43:31 - mkk_pika - main.py:83 - INFO - 找到 38 张图片在:第2集
2026-02-07 23:43:32 - mkk_pika - main.py:112 - INFO - [episode:第2集       ] downloaded:    38, total:  38, progress:100%
2026-02-07 23:43:32 - mkk_pika - database.py:238 - INFO - 数据库更新已下载章节
2026-02-07 23:43:32 - mkk_pika - database.py:244 - INFO - 该漫画已下载章节如下
2026-02-07 23:43:32 - mkk_pika - database.py:245 - INFO - ['第1集', '第2集']
2026-02-07 23:43:33 - mkk_pika - main.py:348 - INFO - ==================== 漫画信息 ====================
                                   漫画ID：582191385f6b9a4f93e4903f
                                   标题：[日本帝國図書館] ちゅ!学生日記
                                   作者：木谷椎
                                   是否完结：是
                                   总页数：76
                                   分类：短篇,扶他樂園,足の恋
                                   章节数：2
                                   最后更新时间：2009-04-26T04:47:19.000Z
                                   =================================================
2026-02-07 23:43:33 - mkk_pika - database.py:101 - INFO - 保存成功：[日本帝國図書館] ちゅ!学生日記
2026-02-07 23:43:33 - mkk_pika - main.py:35 - INFO - 开始检查Nasty Nurse!是否存在未下载章节
2026-02-07 23:43:34 - mkk_pika - main.py:45 - INFO - 正在下载:[Nasty Nurse!]-[WASABI]-[['短篇', '全彩']]-[total_pages:8]
2026-02-07 23:43:34 - mkk_pika - main.py:49 - INFO - [{'_id': '5821913b5f6b9a4f93e49149', 'title': '第1集', 'order': 1, 'updated_at': '2016-11-08T08:47:55.600Z', 'id': '5821913b5f6b9a4f93e49149'}]
2026-02-07 23:43:34 - mkk_pika - database.py:215 - INFO - 第一次下载该漫画，记录数据库中
2026-02-07 23:43:34 - mkk_pika - main.py:83 - INFO - 找到 8 张图片在:第1集
2026-02-07 23:43:35 - mkk_pika - main.py:112 - INFO - [episode:第1集       ] downloaded:     8, total:   8, progress:100%
2026-02-07 23:43:35 - mkk_pika - database.py:238 - INFO - 数据库更新已下载章节
2026-02-07 23:43:35 - mkk_pika - database.py:244 - INFO - 该漫画已下载章节如下
2026-02-07 23:43:35 - mkk_pika - database.py:245 - INFO - ['第1集']
2026-02-07 23:43:36 - mkk_pika - main.py:348 - INFO - ==================== 漫画信息 ====================
                                   漫画ID：5821913b5f6b9a4f93e49147
                                   标题：Nasty Nurse!
                                   作者：WASABI
                                   是否完结：是
                                   总页数：8
                                   分类：短篇,全彩
                                   章节数：1
                                   最后更新时间：2009-04-27T10:47:19.000Z
                                   =================================================
2026-02-07 23:43:36 - mkk_pika - database.py:101 - INFO - 保存成功：Nasty Nurse!
2026-02-07 23:43:36 - mkk_pika - main.py:35 - INFO - 开始检查Genital Stewardess!是否存在未下载章节
2026-02-07 23:43:36 - mkk_pika - main.py:45 - INFO - 正在下载:[Genital Stewardess!]-[WASABI]-[['短篇', '全彩']]-[total_pages:8]
2026-02-07 23:43:36 - mkk_pika - main.py:49 - INFO - [{'_id': '5821913c5f6b9a4f93e4915d', 'title': '第1集', 'order': 1, 'updated_at': '2016-11-08T08:47:56.450Z', 'id': '5821913c5f6b9a4f93e4915d'}]
2026-02-07 23:43:36 - mkk_pika - database.py:215 - INFO - 第一次下载该漫画，记录数据库中
2026-02-07 23:43:37 - mkk_pika - main.py:83 - INFO - 找到 8 张图片在:第1集
2026-02-07 23:43:37 - mkk_pika - main.py:112 - INFO - [episode:第1集       ] downloaded:     8, total:   8, progress:100%
2026-02-07 23:43:37 - mkk_pika - database.py:238 - INFO - 数据库更新已下载章节
2026-02-07 23:43:37 - mkk_pika - database.py:244 - INFO - 该漫画已下载章节如下
2026-02-07 23:43:37 - mkk_pika - database.py:245 - INFO - ['第1集']
2026-02-07 23:43:38 - mkk_pika - main.py:348 - INFO - ==================== 漫画信息 ====================
                                   漫画ID：5821913b5f6b9a4f93e4915b
                                   标题：Genital Stewardess!
                                   作者：WASABI
                                   是否完结：是
                                   总页数：8
                                   分类：短篇,全彩
                                   章节数：1
                                   最后更新时间：2009-04-27T20:47:19.000Z
                                   =================================================
2026-02-07 23:43:38 - mkk_pika - database.py:101 - INFO - 保存成功：Genital Stewardess!
2026-02-07 23:43:38 - mkk_pika - main.py:35 - INFO - 开始检查Gishian Politician!是否存在未下载章节
2026-02-07 23:43:39 - mkk_pika - main.py:45 - INFO - 正在下载:[Gishian Politician!]-[WASABI]-[['短篇', '全彩']]-[total_pages:8]
2026-02-07 23:43:39 - mkk_pika - main.py:49 - INFO - [{'_id': '5821913d5f6b9a4f93e49171', 'title': '第1集', 'order': 1, 'updated_at': '2016-11-08T08:47:57.014Z', 'id': '5821913d5f6b9a4f93e49171'}]
2026-02-07 23:43:39 - mkk_pika - database.py:215 - INFO - 第一次下载该漫画，记录数据库中
2026-02-07 23:43:39 - mkk_pika - main.py:83 - INFO - 找到 8 张图片在:第1集
2026-02-07 23:43:39 - mkk_pika - main.py:112 - INFO - [episode:第1集       ] downloaded:     8, total:   8, progress:100%
2026-02-07 23:43:39 - mkk_pika - database.py:238 - INFO - 数据库更新已下载章节
2026-02-07 23:43:39 - mkk_pika - database.py:244 - INFO - 该漫画已下载章节如下
2026-02-07 23:43:39 - mkk_pika - database.py:245 - INFO - ['第1集']
2026-02-07 23:43:41 - mkk_pika - main.py:348 - INFO - ==================== 漫画信息 ====================
                                   漫画ID：5821913c5f6b9a4f93e4916f
                                   标题：Gishian Politician!
                                   作者：WASABI
                                   是否完结：是
                                   总页数：8
                                   分类：短篇,全彩
                                   章节数：1
                                   最后更新时间：2009-04-28T06:47:19.000Z
                                   =================================================
2026-02-07 23:43:41 - mkk_pika - database.py:101 - INFO - 保存成功：Gishian Politician!
2026-02-07 23:43:41 - mkk_pika - main.py:35 - INFO - 开始检查Royal Bitch!是否存在未下载章节
2026-02-07 23:43:41 - mkk_pika - main.py:45 - INFO - 正在下载:[Royal Bitch!]-[WASABI]-[['短篇', '全彩']]-[total_pages:8]
2026-02-07 23:43:41 - mkk_pika - main.py:49 - INFO - [{'_id': '5821913f5f6b9a4f93e4933b', 'title': '第1集', 'order': 1, 'updated_at': '2016-11-08T08:47:59.262Z', 'id': '5821913f5f6b9a4f93e4933b'}]
2026-02-07 23:43:41 - mkk_pika - database.py:215 - INFO - 第一次下载该漫画，记录数据库中
2026-02-07 23:43:42 - mkk_pika - main.py:83 - INFO - 找到 8 张图片在:第1集
2026-02-07 23:43:42 - mkk_pika - main.py:112 - INFO - [episode:第1集       ] downloaded:     8, total:   8, progress:100%
2026-02-07 23:43:42 - mkk_pika - database.py:238 - INFO - 数据库更新已下载章节
2026-02-07 23:43:42 - mkk_pika - database.py:244 - INFO - 该漫画已下载章节如下
2026-02-07 23:43:42 - mkk_pika - database.py:245 - INFO - ['第1集']
2026-02-07 23:43:43 - mkk_pika - main.py:348 - INFO - ==================== 漫画信息 ====================
                                   漫画ID：5821913e5f6b9a4f93e49339
                                   标题：Royal Bitch!
                                   作者：WASABI
                                   是否完结：是
                                   总页数：8
                                   分类：短篇,全彩
                                   章节数：1
                                   最后更新时间：2009-04-29T12:47:19.000Z
                                   =================================================
2026-02-07 23:43:43 - mkk_pika - database.py:101 - INFO - 保存成功：Royal Bitch!
2026-02-07 23:43:43 - mkk_pika - main.py:35 - INFO - 开始检查milkberry 是否存在未下载章节
2026-02-07 23:43:44 - mkk_pika - main.py:45 - INFO - 正在下载:[milkberry ]-[ 如月みゆ]-[['同人', '短篇', '全彩', '純愛']]-[total_pages:24]
2026-02-07 23:43:44 - mkk_pika - main.py:49 - INFO - [{'_id': '582191405f6b9a4f93e494bf', 'title': '第1集', 'order': 1, 'updated_at': '2016-11-08T08:48:00.688Z', 'id': '582191405f6b9a4f93e494bf'}]
2026-02-07 23:43:44 - mkk_pika - database.py:215 - INFO - 第一次下载该漫画，记录数据库中
2026-02-07 23:43:45 - mkk_pika - main.py:83 - INFO - 找到 24 张图片在:第1集
2026-02-07 23:43:45 - mkk_pika - main.py:112 - INFO - [episode:第1集       ] downloaded:    24, total:  24, progress:100%
2026-02-07 23:43:45 - mkk_pika - database.py:238 - INFO - 数据库更新已下载章节
2026-02-07 23:43:45 - mkk_pika - database.py:244 - INFO - 该漫画已下载章节如下
2026-02-07 23:43:45 - mkk_pika - database.py:245 - INFO - ['第1集']
2026-02-07 23:43:46 - mkk_pika - main.py:348 - INFO - ==================== 漫画信息 ====================
                                   漫画ID：582191405f6b9a4f93e494bd
                                   标题：milkberry 
                                   作者： 如月みゆ
                                   是否完结：是
                                   总页数：24
                                   分类：同人,短篇,全彩,純愛
                                   章节数：1
                                   最后更新时间：2009-04-30T08:47:19.000Z
                                   =================================================
2026-02-07 23:43:46 - mkk_pika - database.py:101 - INFO - 保存成功：milkberry 
2026-02-07 23:43:46 - mkk_pika - main.py:35 - INFO - 开始检查Sex Iincho!是否存在未下载章节
2026-02-07 23:43:47 - mkk_pika - main.py:45 - INFO - 正在下载:[Sex Iincho!]-[WASABI]-[['短篇', '全彩']]-[total_pages:8]
2026-02-07 23:43:47 - mkk_pika - main.py:49 - INFO - [{'_id': '582191415f6b9a4f93e494f3', 'title': '第1集', 'order': 1, 'updated_at': '2016-11-08T08:48:01.366Z', 'id': '582191415f6b9a4f93e494f3'}]
2026-02-07 23:43:47 - mkk_pika - database.py:215 - INFO - 第一次下载该漫画，记录数据库中
2026-02-07 23:43:47 - mkk_pika - main.py:83 - INFO - 找到 8 张图片在:第1集
2026-02-07 23:43:48 - mkk_pika - main.py:112 - INFO - [episode:第1集       ] downloaded:     8, total:   8, progress:100%
2026-02-07 23:43:48 - mkk_pika - database.py:238 - INFO - 数据库更新已下载章节
2026-02-07 23:43:48 - mkk_pika - database.py:244 - INFO - 该漫画已下载章节如下
2026-02-07 23:43:48 - mkk_pika - database.py:245 - INFO - ['第1集']
2026-02-07 23:43:49 - mkk_pika - main.py:348 - INFO - ==================== 漫画信息 ====================
                                   漫画ID：582191405f6b9a4f93e494f1
                                   标题：Sex Iincho!
                                   作者：WASABI
                                   是否完结：是
                                   总页数：8
                                   分类：短篇,全彩
                                   章节数：1
                                   最后更新时间：2009-04-30T18:47:19.000Z
                                   =================================================
2026-02-07 23:43:49 - mkk_pika - database.py:101 - INFO - 保存成功：Sex Iincho!
2026-02-07 23:43:49 - mkk_pika - main.py:35 - INFO - 开始检查Sexial Police!是否存在未下载章节
2026-02-07 23:43:49 - mkk_pika - main.py:45 - INFO - 正在下载:[Sexial Police!]-[WASABI]-[['短篇', '全彩']]-[total_pages:8]
2026-02-07 23:43:49 - mkk_pika - main.py:49 - INFO - [{'_id': '582191445f6b9a4f93e49817', 'title': '第1集', 'order': 1, 'updated_at': '2016-11-08T08:48:04.973Z', 'id': '582191445f6b9a4f93e49817'}]
2026-02-07 23:43:49 - mkk_pika - database.py:215 - INFO - 第一次下载该漫画，记录数据库中
2026-02-07 23:43:50 - mkk_pika - main.py:83 - INFO - 找到 8 张图片在:第1集
2026-02-07 23:43:51 - mkk_pika - main.py:112 - INFO - [episode:第1集       ] downloaded:     8, total:   8, progress:100%
2026-02-07 23:43:51 - mkk_pika - database.py:238 - INFO - 数据库更新已下载章节
2026-02-07 23:43:51 - mkk_pika - database.py:244 - INFO - 该漫画已下载章节如下
2026-02-07 23:43:51 - mkk_pika - database.py:245 - INFO - ['第1集']
2026-02-07 23:43:52 - mkk_pika - main.py:348 - INFO - ==================== 漫画信息 ====================
                                   漫画ID：582191445f6b9a4f93e49815
                                   标题：Sexial Police!
                                   作者：WASABI
                                   是否完结：是
                                   总页数：8
                                   分类：短篇,全彩
                                   章节数：1
                                   最后更新时间：2009-05-02T10:47:19.000Z
                                   =================================================
2026-02-07 23:43:52 - mkk_pika - database.py:101 - INFO - 保存成功：Sexial Police!
2026-02-07 23:43:52 - mkk_pika - main.py:35 - INFO - 开始检查moriQ是否存在未下载章节
2026-02-07 23:43:52 - mkk_pika - main.py:45 - INFO - 正在下载:[moriQ]-[森あいり]-[['同人', '短篇', '純愛']]-[total_pages:22]
2026-02-07 23:43:52 - mkk_pika - main.py:49 - INFO - [{'_id': '582191455f6b9a4f93e4982b', 'title': '第1集', 'order': 1, 'updated_at': '2016-11-08T08:48:05.548Z', 'id': '582191455f6b9a4f93e4982b'}]
2026-02-07 23:43:52 - mkk_pika - database.py:215 - INFO - 第一次下载该漫画，记录数据库中
2026-02-07 23:43:53 - mkk_pika - main.py:83 - INFO - 找到 22 张图片在:第1集
2026-02-07 23:43:53 - mkk_pika - main.py:112 - INFO - [episode:第1集       ] downloaded:    22, total:  22, progress:100%
2026-02-07 23:43:53 - mkk_pika - database.py:238 - INFO - 数据库更新已下载章节
2026-02-07 23:43:53 - mkk_pika - database.py:244 - INFO - 该漫画已下载章节如下
2026-02-07 23:43:53 - mkk_pika - database.py:245 - INFO - ['第1集']
2026-02-07 23:43:55 - mkk_pika - main.py:348 - INFO - ==================== 漫画信息 ====================
                                   漫画ID：582191455f6b9a4f93e49829
                                   标题：moriQ
                                   作者：森あいり
                                   是否完结：是
                                   总页数：22
                                   分类：同人,短篇,純愛
                                   章节数：1
                                   最后更新时间：2009-05-02T20:47:19.000Z
                                   =================================================
2026-02-07 23:43:55 - mkk_pika - database.py:101 - INFO - 保存成功：moriQ
2026-02-07 23:43:55 - mkk_pika - main.py:35 - INFO - 开始检查Singleton 是否存在未下载章节
2026-02-07 23:43:55 - mkk_pika - main.py:45 - INFO - 正在下载:[Singleton ]-[あずまゆき]-[['同人', '短篇', '純愛']]-[total_pages:18]
2026-02-07 23:43:55 - mkk_pika - main.py:49 - INFO - [{'_id': '582191455f6b9a4f93e4985b', 'title': '第1集', 'order': 1, 'updated_at': '2016-11-08T08:48:05.909Z', 'id': '582191455f6b9a4f93e4985b'}]
2026-02-07 23:43:55 - mkk_pika - database.py:215 - INFO - 第一次下载该漫画，记录数据库中
2026-02-07 23:43:56 - mkk_pika - main.py:83 - INFO - 找到 18 张图片在:第1集
2026-02-07 23:43:56 - mkk_pika - main.py:112 - INFO - [episode:第1集       ] downloaded:    18, total:  18, progress:100%
2026-02-07 23:43:56 - mkk_pika - database.py:238 - INFO - 数据库更新已下载章节
2026-02-07 23:43:56 - mkk_pika - database.py:244 - INFO - 该漫画已下载章节如下
2026-02-07 23:43:56 - mkk_pika - database.py:245 - INFO - ['第1集']
2026-02-07 23:43:57 - mkk_pika - main.py:348 - INFO - ==================== 漫画信息 ====================
                                   漫画ID：582191455f6b9a4f93e49859
                                   标题：Singleton 
                                   作者：あずまゆき
                                   是否完结：是
                                   总页数：18
                                   分类：同人,短篇,純愛
                                   章节数：1
                                   最后更新时间：2009-05-03T06:47:19.000Z
                                   =================================================
2026-02-07 23:43:57 - mkk_pika - database.py:101 - INFO - 保存成功：Singleton 
2026-02-07 23:43:57 - mkk_pika - main.py:35 - INFO - 开始检查スタジオBIG-X是否存在未下载章节
2026-02-07 23:43:58 - mkk_pika - main.py:45 - INFO - 正在下载:[スタジオBIG-X]-[ありのひろし]-[['同人', '短篇', '純愛']]-[total_pages:27]
2026-02-07 23:43:58 - mkk_pika - main.py:49 - INFO - [{'_id': '582191465f6b9a4f93e49883', 'title': '第1集', 'order': 1, 'updated_at': '2016-11-08T08:48:06.322Z', 'id': '582191465f6b9a4f93e49883'}]
2026-02-07 23:43:58 - mkk_pika - database.py:215 - INFO - 第一次下载该漫画，记录数据库中
2026-02-07 23:43:58 - mkk_pika - main.py:83 - INFO - 找到 27 张图片在:第1集
2026-02-07 23:43:59 - mkk_pika - main.py:112 - INFO - [episode:第1集       ] downloaded:    27, total:  27, progress:100%
2026-02-07 23:43:59 - mkk_pika - database.py:238 - INFO - 数据库更新已下载章节
2026-02-07 23:43:59 - mkk_pika - database.py:244 - INFO - 该漫画已下载章节如下
2026-02-07 23:43:59 - mkk_pika - database.py:245 - INFO - ['第1集']
2026-02-07 23:44:01 - mkk_pika - main.py:348 - INFO - ==================== 漫画信息 ====================
                                   漫画ID：582191465f6b9a4f93e49881
                                   标题：スタジオBIG-X
                                   作者：ありのひろし
                                   是否完结：是
                                   总页数：27
                                   分类：同人,短篇,純愛
                                   章节数：1
                                   最后更新时间：2009-05-03T16:47:18.000Z
                                   =================================================
2026-02-07 23:44:01 - mkk_pika - database.py:101 - INFO - 保存成功：スタジオBIG-X
2026-02-07 23:44:01 - mkk_pika - main.py:35 - INFO - 开始检查要 是否存在未下载章节
2026-02-07 23:44:01 - mkk_pika - main.py:45 - INFO - 正在下载:[要 ]-[(椎名悠輝]-[['同人', '短篇', '純愛']]-[total_pages:22]
2026-02-07 23:44:01 - mkk_pika - main.py:49 - INFO - [{'_id': '582191465f6b9a4f93e498bd', 'title': '第1集', 'order': 1, 'updated_at': '2016-11-08T08:48:06.794Z', 'id': '582191465f6b9a4f93e498bd'}]
2026-02-07 23:44:01 - mkk_pika - database.py:215 - INFO - 第一次下载该漫画，记录数据库中
2026-02-07 23:44:02 - mkk_pika - main.py:83 - INFO - 找到 22 张图片在:第1集
2026-02-07 23:44:02 - mkk_pika - main.py:112 - INFO - [episode:第1集       ] downloaded:    22, total:  22, progress:100%
2026-02-07 23:44:02 - mkk_pika - database.py:238 - INFO - 数据库更新已下载章节
2026-02-07 23:44:02 - mkk_pika - database.py:244 - INFO - 该漫画已下载章节如下
2026-02-07 23:44:02 - mkk_pika - database.py:245 - INFO - ['第1集']
2026-02-07 23:44:03 - mkk_pika - main.py:348 - INFO - ==================== 漫画信息 ====================
                                   漫画ID：582191465f6b9a4f93e498bb
                                   标题：要 
                                   作者：(椎名悠輝
                                   是否完结：是
                                   总页数：22
                                   分类：同人,短篇,純愛
                                   章节数：1
                                   最后更新时间：2009-05-04T02:47:18.000Z
                                   =================================================
2026-02-07 23:44:03 - mkk_pika - database.py:101 - INFO - 保存成功：要 
2026-02-07 23:44:03 - mkk_pika - main.py:35 - INFO - 开始检查ぽぽちち 是否存在未下载章节
2026-02-07 23:44:04 - mkk_pika - main.py:45 - INFO - 正在下载:[ぽぽちち ]-[八尋ぽち]-[['同人', '短篇', '純愛']]-[total_pages:23]
2026-02-07 23:44:04 - mkk_pika - main.py:49 - INFO - [{'_id': '582191475f6b9a4f93e498ed', 'title': '第1集', 'order': 1, 'updated_at': '2016-11-08T08:48:07.482Z', 'id': '582191475f6b9a4f93e498ed'}]
2026-02-07 23:44:04 - mkk_pika - database.py:215 - INFO - 第一次下载该漫画，记录数据库中
2026-02-07 23:44:04 - mkk_pika - main.py:83 - INFO - 找到 23 张图片在:第1集
2026-02-07 23:44:05 - mkk_pika - main.py:112 - INFO - [episode:第1集       ] downloaded:    23, total:  23, progress:100%
2026-02-07 23:44:05 - mkk_pika - database.py:238 - INFO - 数据库更新已下载章节
2026-02-07 23:44:05 - mkk_pika - database.py:244 - INFO - 该漫画已下载章节如下
2026-02-07 23:44:05 - mkk_pika - database.py:245 - INFO - ['第1集']
2026-02-07 23:44:06 - mkk_pika - main.py:348 - INFO - ==================== 漫画信息 ====================
                                   漫画ID：582191465f6b9a4f93e498eb
                                   标题：ぽぽちち 
                                   作者：八尋ぽち
                                   是否完结：是
                                   总页数：23
                                   分类：同人,短篇,純愛
                                   章节数：1
                                   最后更新时间：2009-05-04T12:47:18.000Z
                                   =================================================
2026-02-07 23:44:06 - mkk_pika - database.py:101 - INFO - 保存成功：ぽぽちち 
2026-02-07 23:44:06 - mkk_pika - main.py:35 - INFO - 开始检查スイートピー&COCOA BREAK 是否存在未下载章节
2026-02-07 23:44:06 - mkk_pika - main.py:45 - INFO - 正在下载:[スイートピー&COCOA BREAK ]-[大島智, 大島永遠]-[['同人', '短篇', '純愛']]-[total_pages:21]
2026-02-07 23:44:06 - mkk_pika - main.py:49 - INFO - [{'_id': '582191485f6b9a4f93e4991f', 'title': '第1集', 'order': 1, 'updated_at': '2016-11-08T08:48:08.229Z', 'id': '582191485f6b9a4f93e4991f'}]
2026-02-07 23:44:06 - mkk_pika - database.py:215 - INFO - 第一次下载该漫画，记录数据库中
2026-02-07 23:44:07 - mkk_pika - main.py:83 - INFO - 找到 21 张图片在:第1集
2026-02-07 23:44:08 - mkk_pika - main.py:112 - INFO - [episode:第1集       ] downloaded:    21, total:  21, progress:100%
2026-02-07 23:44:08 - mkk_pika - database.py:238 - INFO - 数据库更新已下载章节
2026-02-07 23:44:08 - mkk_pika - database.py:244 - INFO - 该漫画已下载章节如下
2026-02-07 23:44:08 - mkk_pika - database.py:245 - INFO - ['第1集']
2026-02-07 23:44:09 - mkk_pika - main.py:348 - INFO - ==================== 漫画信息 ====================
                                   漫画ID：582191475f6b9a4f93e4991d
                                   标题：スイートピー&COCOA BREAK 
                                   作者：大島智, 大島永遠
                                   是否完结：是
                                   总页数：21
                                   分类：同人,短篇,純愛
                                   章节数：1
                                   最后更新时间：2009-05-04T22:47:18.000Z
                                   =================================================
2026-02-07 23:44:09 - mkk_pika - database.py:101 - INFO - 保存成功：スイートピー&COCOA BREAK 
2026-02-07 23:44:09 - mkk_pika - main.py:35 - INFO - 开始检查[章鱼个人汉化] (C86) [うすべに屋 (うすべに桜子)] ダイヤモンドラプソディー ～金剛石狂詩曲～ (艦隊これくしょん -艦これ-)是否存在未下载章节
2026-02-07 23:44:09 - mkk_pika - main.py:45 - INFO - 正在下载:[[章鱼个人汉化] (C86) [うすべに屋 (うすべに桜子)] ダイヤモンドラプソディー ～金剛石狂詩曲～ (艦隊これくしょん -艦これ-)]-[うすべに桜子]-[['同人', '艦隊收藏']]-[total_pages:25]
2026-02-07 23:44:09 - mkk_pika - main.py:49 - INFO - [{'_id': '5821914b5f6b9a4f93e49b4d', 'title': '第1集', 'order': 1, 'updated_at': '2016-11-08T08:48:11.690Z', 'id': '5821914b5f6b9a4f93e49b4d'}]
2026-02-07 23:44:09 - mkk_pika - database.py:215 - INFO - 第一次下载该漫画，记录数据库中
2026-02-07 23:44:10 - mkk_pika - main.py:83 - INFO - 找到 25 张图片在:第1集
2026-02-07 23:44:10 - mkk_pika - main.py:112 - INFO - [episode:第1集       ] downloaded:    25, total:  25, progress:100%
2026-02-07 23:44:10 - mkk_pika - database.py:238 - INFO - 数据库更新已下载章节
2026-02-07 23:44:10 - mkk_pika - database.py:244 - INFO - 该漫画已下载章节如下
2026-02-07 23:44:10 - mkk_pika - database.py:245 - INFO - ['第1集']
2026-02-07 23:44:12 - mkk_pika - main.py:348 - INFO - ==================== 漫画信息 ====================
                                   漫画ID：5821914b5f6b9a4f93e49b4b
                                   标题：[章鱼个人汉化] (C86) [うすべに屋 (うすべに桜子)] ダイヤモンドラプソディー ～金剛石狂詩曲～ (艦隊これくしょん -艦これ-)
                                   作者：うすべに桜子
                                   是否完结：是
                                   总页数：25
                                   分类：同人,艦隊收藏
                                   章节数：1
                                   最后更新时间：2009-05-06T14:47:18.000Z
                                   =================================================
2026-02-07 23:44:12 - mkk_pika - database.py:101 - INFO - 保存成功：[章鱼个人汉化] (C86) [うすべに屋 (うすべに桜子)] ダイヤモンドラプソディー ～金剛石狂詩曲～ (艦隊これくしょん -艦これ-)
2026-02-07 23:44:12 - mkk_pika - main.py:380 - INFO - 本次任务下载完毕
2026-02-07 23:44:12 - mkk_pika - database.py:173 - INFO - 数据库连接已关闭
