2026-04-02 23:47:51 - mkk_pika - main.py:193 - INFO - =======================================================================
2026-04-02 23:47:51 - mkk_pika - database.py:61 - INFO - 表和索引初始化成功
2026-04-02 23:47:51 - mkk_pika - main.py:197 - INFO - 已经累计下载4935本漫画
2026-04-02 23:47:52 - mkk_pika - api.py:87 - INFO - 登录成功
2026-04-02 23:47:52 - mkk_pika - main.py:203 - INFO - 收藏夹共计0本漫画
2026-04-02 23:47:52 - mkk_pika - main.py:206 - INFO - 开始下载收藏夹内未下载内容
2026-04-02 23:47:52 - mkk_pika - main.py:266 - INFO - 收藏夹内容下载完毕
2026-04-02 23:47:52 - mkk_pika - main.py:268 - INFO - 开始下载订阅内容
2026-04-02 23:47:52 - mkk_pika - database.py:258 - INFO - 根据ID查询到标题：萝莉 -> ちっちゃなエルフママ ~低身長エルフと禁断の母子生活~ 第6話 (サイベリアplus Vol.46)
2026-04-02 23:47:53 - mkk_pika - database.py:101 - INFO - 保存成功：ぬきたし-抜きゲーみたいな島に住んでるわたしはどうすりゃいいですか R [中国翻译]
2026-04-02 23:47:53 - mkk_pika - main.py:273 - INFO - 关键词萝莉找到2本漫画
2026-04-02 23:47:53 - mkk_pika - database.py:258 - INFO - 根据ID查询到标题：蘿莉 -> [Artist] Satyr_ （AI）
2026-04-02 23:47:54 - mkk_pika - database.py:101 - INFO - 保存成功：つばさと兄ぃにのスーパードキドキ健康ランド【一番風呂！】+【二番風呂！】
2026-04-02 23:47:54 - mkk_pika - main.py:273 - INFO - 关键词蘿莉找到13本漫画
2026-04-02 23:47:54 - mkk_pika - main.py:275 - INFO - 订阅内容共计15本漫画
2026-04-02 23:47:54 - mkk_pika - main.py:35 - INFO - 开始检查隣の部屋の退廃ロリBBA 1-2（AI）[中國翻譯]是否存在未下载章节
2026-04-02 23:47:54 - mkk_pika - main.py:45 - INFO - 正在下载:[隣の部屋の退廃ロリBBA 1-2（AI）[中國翻譯]]-[きょこーの王国]-[['長篇', '純愛']]-[total_pages:-1]
2026-04-02 23:47:54 - mkk_pika - main.py:49 - INFO - [{'_id': '6978ed8872863a15693a10a3', 'title': '第1話生肉', 'order': 1, 'updated_at': '2026-03-25T15:31:55.048Z', 'id': '6978ed8872863a15693a10a3'}, {'_id': '69c3ffeb9aea7422e96198de', 'title': '第2話生肉', 'order': 2, 'updated_at': '2026-03-24T14:03:27.395Z', 'id': '69c3ffeb9aea7422e96198de'}, {'_id': '69ce9be6a4b6337208477595', 'title': '第2話不愿透露姓名的符天王汉化', 'order': 3, 'updated_at': '2026-04-02T03:17:28.681Z', 'id': '69ce9be6a4b6337208477595'}]
2026-04-02 23:47:54 - mkk_pika - database.py:215 - INFO - 第一次下载该漫画，记录数据库中
2026-04-02 23:47:55 - mkk_pika - main.py:83 - INFO - 找到 118 张图片在:第1話生肉
2026-04-02 23:47:59 - mkk_pika - main.py:112 - INFO - [episode:第1話生肉     ] downloaded:   118, total: 118, progress:100%
2026-04-02 23:47:59 - mkk_pika - database.py:238 - INFO - 数据库更新已下载章节
2026-04-02 23:47:59 - mkk_pika - database.py:244 - INFO - 该漫画已下载章节如下
2026-04-02 23:47:59 - mkk_pika - database.py:245 - INFO - ['第1話生肉']
2026-04-02 23:48:02 - mkk_pika - main.py:83 - INFO - 找到 128 张图片在:第2話生肉
2026-04-02 23:48:06 - mkk_pika - main.py:112 - INFO - [episode:第2話生肉     ] downloaded:   128, total: 128, progress:100%
2026-04-02 23:48:06 - mkk_pika - database.py:238 - INFO - 数据库更新已下载章节
2026-04-02 23:48:06 - mkk_pika - database.py:244 - INFO - 该漫画已下载章节如下
2026-04-02 23:48:06 - mkk_pika - database.py:245 - INFO - ['第1話生肉', '第2話生肉']
2026-04-02 23:48:08 - mkk_pika - main.py:83 - INFO - 找到 128 张图片在:第2話不愿透露姓名的符天王汉化
2026-04-02 23:48:12 - mkk_pika - main.py:112 - INFO - [episode:第2話不愿透露姓名的符天王汉化] downloaded:   128, total: 128, progress:100%
2026-04-02 23:48:12 - mkk_pika - database.py:238 - INFO - 数据库更新已下载章节
2026-04-02 23:48:12 - mkk_pika - database.py:244 - INFO - 该漫画已下载章节如下
2026-04-02 23:48:12 - mkk_pika - database.py:245 - INFO - ['第1話生肉', '第2話生肉', '第2話不愿透露姓名的符天王汉化']
2026-04-02 23:48:13 - mkk_pika - main.py:292 - INFO - ==================== 漫画信息 ====================
                                漫画ID：6978ed8872863a15693a10a2
                                标题：隣の部屋の退廃ロリBBA 1-2（AI）[中國翻譯]
                                作者：きょこーの王国
                                是否完结：是
                                总页数：374
                                分类：長篇,純愛
                                章节数：3
                                最后更新时间：2026-04-02T16:40:06.252Z
                                =================================================
2026-04-02 23:48:13 - mkk_pika - database.py:101 - INFO - 保存成功：隣の部屋の退廃ロリBBA 1-2（AI）[中國翻譯]
2026-04-02 23:48:13 - mkk_pika - main.py:35 - INFO - 开始检查おとなごっこ [DL版] [中文]是否存在未下载章节
2026-04-02 23:48:13 - mkk_pika - database.py:203 - INFO - 查询数据库中是否已存在生肉
2026-04-02 23:48:13 - mkk_pika - database.py:203 - INFO - 查询数据库中是否已存在Sakura机翻汉化
2026-04-02 23:48:13 - mkk_pika - main.py:51 - INFO - おとなごっこ [DL版] [中文]中没有可下载章节
2026-04-02 23:48:14 - mkk_pika - main.py:292 - INFO - ==================== 漫画信息 ====================
                                漫画ID：69cd41ab0ef111669a9a3cb2
                                标题：おとなごっこ [DL版] [中文]
                                作者：あにゃんこ
                                是否完结：是
                                总页数：414
                                分类：長篇,單行本
                                章节数：2
                                最后更新时间：2026-04-01T16:02:51.311Z
                                =================================================
2026-04-02 23:48:14 - mkk_pika - database.py:101 - INFO - 保存成功：おとなごっこ [DL版] [中文]
2026-04-02 23:48:14 - mkk_pika - main.py:35 - INFO - 开始检查つばさと兄ぃにのスーパードキドキ健康ランド【一番風呂！】+【二番風呂！】是否存在未下载章节
2026-04-02 23:48:14 - mkk_pika - database.py:203 - INFO - 查询数据库中是否已存在第1話
2026-04-02 23:48:14 - mkk_pika - database.py:203 - INFO - 查询数据库中是否已存在第2話
2026-04-02 23:48:14 - mkk_pika - main.py:45 - INFO - 正在下载:[つばさと兄ぃにのスーパードキドキ健康ランド【一番風呂！】+【二番風呂！】]-[まやふふ(賢)]-[['長篇']]-[total_pages:-1]
2026-04-02 23:48:14 - mkk_pika - main.py:49 - INFO - [{'_id': '69ce9c3718353472193bca5e', 'title': '第2話', 'order': 2, 'updated_at': '2026-04-02T10:50:41.570Z', 'id': '69ce9c3718353472193bca5e'}]
2026-04-02 23:48:15 - mkk_pika - main.py:83 - INFO - 找到 32 张图片在:第2話
2026-04-02 23:48:16 - mkk_pika - main.py:112 - INFO - [episode:第2話       ] downloaded:    32, total:  32, progress:100%
2026-04-02 23:48:16 - mkk_pika - database.py:238 - INFO - 数据库更新已下载章节
2026-04-02 23:48:16 - mkk_pika - database.py:244 - INFO - 该漫画已下载章节如下
2026-04-02 23:48:16 - mkk_pika - database.py:245 - INFO - ['第1話', '第2話']
2026-04-02 23:48:17 - mkk_pika - main.py:292 - INFO - ==================== 漫画信息 ====================
                                漫画ID：6967ba1e737143196e66ffc5
                                标题：つばさと兄ぃにのスーパードキドキ健康ランド【一番風呂！】+【二番風呂！】
                                作者：まやふふ(賢)
                                是否完结：是
                                总页数：64
                                分类：長篇
                                章节数：2
                                最后更新时间：2026-04-02T16:41:27.212Z
                                =================================================
2026-04-02 23:48:17 - mkk_pika - database.py:101 - INFO - 保存成功：つばさと兄ぃにのスーパードキドキ健康ランド【一番風呂！】+【二番風呂！】
2026-04-02 23:48:17 - mkk_pika - main.py:35 - INFO - 开始检查みんなであそぼっ★ (COMIC LO 2026年4月号)是否存在未下载章节
2026-04-02 23:48:17 - mkk_pika - main.py:45 - INFO - 正在下载:[みんなであそぼっ★ (COMIC LO 2026年4月号)]-[わかるティッシュ]-[['短篇']]-[total_pages:-1]
2026-04-02 23:48:17 - mkk_pika - main.py:49 - INFO - [{'_id': '69ce9c346522e471f775ce44', 'title': '第1話', 'order': 1, 'updated_at': '2026-04-02T10:47:31.568Z', 'id': '69ce9c346522e471f775ce44'}]
2026-04-02 23:48:17 - mkk_pika - database.py:215 - INFO - 第一次下载该漫画，记录数据库中
2026-04-02 23:48:18 - mkk_pika - main.py:83 - INFO - 找到 30 张图片在:第1話
2026-04-02 23:48:19 - mkk_pika - main.py:112 - INFO - [episode:第1話       ] downloaded:    30, total:  30, progress:100%
2026-04-02 23:48:19 - mkk_pika - database.py:238 - INFO - 数据库更新已下载章节
2026-04-02 23:48:19 - mkk_pika - database.py:244 - INFO - 该漫画已下载章节如下
2026-04-02 23:48:19 - mkk_pika - database.py:245 - INFO - ['第1話']
2026-04-02 23:48:20 - mkk_pika - main.py:292 - INFO - ==================== 漫画信息 ====================
                                漫画ID：69ce9c346522e471f775ce43
                                标题：みんなであそぼっ★ (COMIC LO 2026年4月号)
                                作者：わかるティッシュ
                                是否完结：是
                                总页数：30
                                分类：短篇
                                章节数：1
                                最后更新时间：2026-04-02T16:41:24.769Z
                                =================================================
2026-04-02 23:48:20 - mkk_pika - database.py:101 - INFO - 保存成功：みんなであそぼっ★ (COMIC LO 2026年4月号)
2026-04-02 23:48:20 - mkk_pika - main.py:35 - INFO - 开始检查少女しか妊娠できない世界是否存在未下载章节
2026-04-02 23:48:20 - mkk_pika - main.py:45 - INFO - 正在下载:[少女しか妊娠できない世界]-[干支門三十四]-[['長篇', '強暴', '單行本']]-[total_pages:-1]
2026-04-02 23:48:20 - mkk_pika - main.py:49 - INFO - [{'_id': '6761859f5b642268f3b69f71', 'title': '第1話', 'order': 1, 'updated_at': '2024-12-16T12:07:31.259Z', 'id': '6761859f5b642268f3b69f71'}, {'_id': '6762e2d71bc5c755a0a46f01', 'title': '第2話', 'order': 2, 'updated_at': '2024-12-17T15:58:28.151Z', 'id': '6762e2d71bc5c755a0a46f01'}, {'_id': '67d6bf2baafd8508a9be6eb3', 'title': '第3話', 'order': 3, 'updated_at': '2025-03-15T12:10:58.034Z', 'id': '67d6bf2baafd8508a9be6eb3'}, {'_id': '69ce9c3218353472193bc982', 'title': '單行本', 'order': 4, 'updated_at': '2026-04-02T09:46:05.412Z', 'id': '69ce9c3218353472193bc982'}]
2026-04-02 23:48:20 - mkk_pika - database.py:215 - INFO - 第一次下载该漫画，记录数据库中
2026-04-02 23:48:21 - mkk_pika - main.py:83 - INFO - 找到 52 张图片在:第1話
2026-04-02 23:48:23 - mkk_pika - main.py:112 - INFO - [episode:第1話       ] downloaded:    52, total:  52, progress:100%
2026-04-02 23:48:23 - mkk_pika - database.py:238 - INFO - 数据库更新已下载章节
2026-04-02 23:48:23 - mkk_pika - database.py:244 - INFO - 该漫画已下载章节如下
2026-04-02 23:48:23 - mkk_pika - database.py:245 - INFO - ['第1話']
2026-04-02 23:48:24 - mkk_pika - main.py:83 - INFO - 找到 32 张图片在:第2話
2026-04-02 23:48:26 - mkk_pika - main.py:112 - INFO - [episode:第2話       ] downloaded:    32, total:  32, progress:100%
2026-04-02 23:48:26 - mkk_pika - database.py:238 - INFO - 数据库更新已下载章节
2026-04-02 23:48:26 - mkk_pika - database.py:244 - INFO - 该漫画已下载章节如下
2026-04-02 23:48:26 - mkk_pika - database.py:245 - INFO - ['第1話', '第2話']
2026-04-02 23:48:27 - mkk_pika - main.py:83 - INFO - 找到 32 张图片在:第3話
2026-04-02 23:48:28 - mkk_pika - main.py:112 - INFO - [episode:第3話       ] downloaded:    32, total:  32, progress:100%
2026-04-02 23:48:28 - mkk_pika - database.py:238 - INFO - 数据库更新已下载章节
2026-04-02 23:48:28 - mkk_pika - database.py:244 - INFO - 该漫画已下载章节如下
2026-04-02 23:48:28 - mkk_pika - database.py:245 - INFO - ['第1話', '第2話', '第3話']
2026-04-02 23:48:31 - mkk_pika - main.py:83 - INFO - 找到 217 张图片在:單行本
2026-04-02 23:48:38 - mkk_pika - main.py:112 - INFO - [episode:單行本       ] downloaded:   217, total: 217, progress:100%
2026-04-02 23:48:38 - mkk_pika - database.py:238 - INFO - 数据库更新已下载章节
2026-04-02 23:48:38 - mkk_pika - database.py:244 - INFO - 该漫画已下载章节如下
2026-04-02 23:48:38 - mkk_pika - database.py:245 - INFO - ['第1話', '第2話', '第3話', '單行本']
2026-04-02 23:48:39 - mkk_pika - main.py:292 - INFO - ==================== 漫画信息 ====================
                                漫画ID：6761859f5b642268f3b69f70
                                标题：少女しか妊娠できない世界
                                作者：干支門三十四
                                是否完结：是
                                总页数：333
                                分类：長篇,強暴,單行本
                                章节数：4
                                最后更新时间：2026-04-02T16:41:22.043Z
                                =================================================
2026-04-02 23:48:39 - mkk_pika - database.py:101 - INFO - 保存成功：少女しか妊娠できない世界
2026-04-02 23:48:39 - mkk_pika - main.py:35 - INFO - 开始检查施設で貰ってきた幼稚園児を女にするぞスペシャル!!是否存在未下载章节
2026-04-02 23:48:39 - mkk_pika - database.py:203 - INFO - 查询数据库中是否已存在第1話
2026-04-02 23:48:39 - mkk_pika - database.py:203 - INFO - 查询数据库中是否已存在無修正
2026-04-02 23:48:39 - mkk_pika - main.py:45 - INFO - 正在下载:[施設で貰ってきた幼稚園児を女にするぞスペシャル!!]-[けれの帝国 (けれの)]-[['長篇']]-[total_pages:-1]
2026-04-02 23:48:39 - mkk_pika - main.py:49 - INFO - [{'_id': '69ce9c2a6522e471f775cdd9', 'title': '無修正', 'order': 2, 'updated_at': '2026-04-02T09:30:53.650Z', 'id': '69ce9c2a6522e471f775cdd9'}]
2026-04-02 23:48:40 - mkk_pika - main.py:83 - INFO - 找到 70 张图片在:無修正
2026-04-02 23:48:42 - mkk_pika - main.py:112 - INFO - [episode:無修正       ] downloaded:    70, total:  70, progress:100%
2026-04-02 23:48:42 - mkk_pika - database.py:238 - INFO - 数据库更新已下载章节
2026-04-02 23:48:42 - mkk_pika - database.py:244 - INFO - 该漫画已下载章节如下
2026-04-02 23:48:42 - mkk_pika - database.py:245 - INFO - ['第1話', '無修正']
2026-04-02 23:48:43 - mkk_pika - main.py:292 - INFO - ==================== 漫画信息 ====================
                                漫画ID：6948137568ff321b09c9f4b8
                                标题：施設で貰ってきた幼稚園児を女にするぞスペシャル!!
                                作者：けれの帝国 (けれの)
                                是否完结：是
                                总页数：140
                                分类：長篇
                                章节数：2
                                最后更新时间：2026-04-02T16:41:14.395Z
                                =================================================
2026-04-02 23:48:43 - mkk_pika - database.py:101 - INFO - 保存成功：施設で貰ってきた幼稚園児を女にするぞスペシャル!!
2026-04-02 23:48:43 - mkk_pika - main.py:35 - INFO - 开始检查隣の部屋の退廃ロリBBA 1-2（AI）[中國翻譯]是否存在未下载章节
2026-04-02 23:48:44 - mkk_pika - database.py:203 - INFO - 查询数据库中是否已存在第1話生肉
2026-04-02 23:48:44 - mkk_pika - database.py:203 - INFO - 查询数据库中是否已存在第2話生肉
2026-04-02 23:48:44 - mkk_pika - database.py:203 - INFO - 查询数据库中是否已存在第2話不愿透露姓名的符天王汉化
2026-04-02 23:48:44 - mkk_pika - main.py:51 - INFO - 隣の部屋の退廃ロリBBA 1-2（AI）[中國翻譯]中没有可下载章节
2026-04-02 23:48:44 - mkk_pika - main.py:292 - INFO - ==================== 漫画信息 ====================
                                漫画ID：6978ed8872863a15693a10a2
                                标题：隣の部屋の退廃ロリBBA 1-2（AI）[中國翻譯]
                                作者：きょこーの王国
                                是否完结：是
                                总页数：374
                                分类：長篇,純愛
                                章节数：3
                                最后更新时间：2026-04-02T16:40:06.252Z
                                =================================================
2026-04-02 23:48:44 - mkk_pika - database.py:101 - INFO - 保存成功：隣の部屋の退廃ロリBBA 1-2（AI）[中國翻譯]
2026-04-02 23:48:44 - mkk_pika - main.py:35 - INFO - 开始检查たえちゃんとじみこさん 2+3 [中国翻訳] [DL版][進行中]是否存在未下载章节
2026-04-02 23:48:44 - mkk_pika - database.py:203 - INFO - 查询数据库中是否已存在第2卷18-28話
2026-04-02 23:48:44 - mkk_pika - database.py:203 - INFO - 查询数据库中是否已存在第2卷18-28話字體修改版V1
2026-04-02 23:48:44 - mkk_pika - database.py:203 - INFO - 查询数据库中是否已存在第3卷29話
2026-04-02 23:48:44 - mkk_pika - database.py:203 - INFO - 查询数据库中是否已存在第3卷V2未完
2026-04-02 23:48:44 - mkk_pika - main.py:45 - INFO - 正在下载:[たえちゃんとじみこさん 2+3 [中国翻訳] [DL版][進行中]]-[玄鉄絢]-[['長篇', '百合花園', '單行本']]-[total_pages:-1]
2026-04-02 23:48:44 - mkk_pika - main.py:49 - INFO - [{'_id': '69ce9aa636b9ea71e653e8f0', 'title': '第3卷V2未完', 'order': 4, 'updated_at': '2026-04-01T17:32:26.114Z', 'id': '69ce9aa636b9ea71e653e8f0'}]
2026-04-02 23:48:46 - mkk_pika - main.py:83 - INFO - 找到 161 张图片在:第3卷V2未完
2026-04-02 23:48:51 - mkk_pika - main.py:112 - INFO - [episode:第3卷V2未完   ] downloaded:   161, total: 161, progress:100%
2026-04-02 23:48:51 - mkk_pika - database.py:238 - INFO - 数据库更新已下载章节
2026-04-02 23:48:51 - mkk_pika - database.py:244 - INFO - 该漫画已下载章节如下
2026-04-02 23:48:51 - mkk_pika - database.py:245 - INFO - ['第2卷18-28話', '第2卷18-28話字體修改版V1', '第3卷29話', '第3卷V2未完']
2026-04-02 23:48:52 - mkk_pika - main.py:292 - INFO - ==================== 漫画信息 ====================
                                漫画ID：68f913a4fee1d95cf68b72d9
                                标题：たえちゃんとじみこさん 2+3 [中国翻訳] [DL版][進行中]
                                作者：玄鉄絢
                                是否完结：否
                                总页数：588
                                分类：長篇,百合花園,單行本
                                章节数：4
                                最后更新时间：2026-04-02T16:34:46.794Z
                                =================================================
2026-04-02 23:48:52 - mkk_pika - database.py:101 - INFO - 保存成功：たえちゃんとじみこさん 2+3 [中国翻訳] [DL版][進行中]
2026-04-02 23:48:52 - mkk_pika - main.py:35 - INFO - 开始检查(C89) みうら！イズム (よつばと!) [中国翻訳]是否存在未下载章节
2026-04-02 23:48:53 - mkk_pika - main.py:45 - INFO - 正在下载:[(C89) みうら！イズム (よつばと!) [中国翻訳]]-[せざちーむ (sezan)]-[['短篇', '同人', '全彩']]-[total_pages:-1]
2026-04-02 23:48:53 - mkk_pika - main.py:49 - INFO - [{'_id': '62f5c86891c38c049d6a0d67', 'title': '全彩生肉', 'order': 1, 'updated_at': '2022-08-09T06:15:21.119Z', 'id': '62f5c86891c38c049d6a0d67'}, {'_id': '69ce9a78a4b6337208477379', 'title': '全彩熟肉', 'order': 2, 'updated_at': '2026-04-01T16:46:25.484Z', 'id': '69ce9a78a4b6337208477379'}]
2026-04-02 23:48:53 - mkk_pika - database.py:215 - INFO - 第一次下载该漫画，记录数据库中
2026-04-02 23:48:53 - mkk_pika - main.py:83 - INFO - 找到 18 张图片在:全彩生肉
2026-04-02 23:48:54 - mkk_pika - main.py:112 - INFO - [episode:全彩生肉      ] downloaded:    18, total:  18, progress:100%
2026-04-02 23:48:54 - mkk_pika - database.py:238 - INFO - 数据库更新已下载章节
2026-04-02 23:48:54 - mkk_pika - database.py:244 - INFO - 该漫画已下载章节如下
2026-04-02 23:48:54 - mkk_pika - database.py:245 - INFO - ['全彩生肉']
2026-04-02 23:48:55 - mkk_pika - main.py:83 - INFO - 找到 18 张图片在:全彩熟肉
2026-04-02 23:48:56 - mkk_pika - main.py:112 - INFO - [episode:全彩熟肉      ] downloaded:    18, total:  18, progress:100%
2026-04-02 23:48:56 - mkk_pika - database.py:238 - INFO - 数据库更新已下载章节
2026-04-02 23:48:56 - mkk_pika - database.py:244 - INFO - 该漫画已下载章节如下
2026-04-02 23:48:56 - mkk_pika - database.py:245 - INFO - ['全彩生肉', '全彩熟肉']
2026-04-02 23:48:57 - mkk_pika - main.py:292 - INFO - ==================== 漫画信息 ====================
                                漫画ID：62f5c86891c38c049d6a0d66
                                标题：(C89) みうら！イズム (よつばと!) [中国翻訳]
                                作者：せざちーむ (sezan)
                                是否完结：是
                                总页数：36
                                分类：短篇,同人,全彩
                                章节数：2
                                最后更新时间：2026-04-02T16:34:00.752Z
                                =================================================
2026-04-02 23:48:57 - mkk_pika - database.py:101 - INFO - 保存成功：(C89) みうら！イズム (よつばと!) [中国翻訳]
2026-04-02 23:48:57 - mkk_pika - main.py:35 - INFO - 开始检查りとふり [中国翻訳] [DL版]是否存在未下载章节
2026-04-02 23:48:58 - mkk_pika - main.py:45 - INFO - 正在下载:[りとふり [中国翻訳] [DL版]]-[せざちーむ (sezan)]-[['全彩', '短篇']]-[total_pages:-1]
2026-04-02 23:48:58 - mkk_pika - main.py:49 - INFO - [{'_id': '62f5aff036b1dd04e7337950', 'title': '全彩生肉', 'order': 1, 'updated_at': '2022-08-09T06:10:26.549Z', 'id': '62f5aff036b1dd04e7337950'}, {'_id': '69ce9a716522e471f775cb97', 'title': '全彩熟肉', 'order': 2, 'updated_at': '2026-04-01T16:43:46.260Z', 'id': '69ce9a716522e471f775cb97'}]
2026-04-02 23:48:58 - mkk_pika - database.py:215 - INFO - 第一次下载该漫画，记录数据库中
2026-04-02 23:48:58 - mkk_pika - main.py:83 - INFO - 找到 20 张图片在:全彩生肉
2026-04-02 23:48:59 - mkk_pika - main.py:112 - INFO - [episode:全彩生肉      ] downloaded:    20, total:  20, progress:100%
2026-04-02 23:48:59 - mkk_pika - database.py:238 - INFO - 数据库更新已下载章节
2026-04-02 23:48:59 - mkk_pika - database.py:244 - INFO - 该漫画已下载章节如下
2026-04-02 23:48:59 - mkk_pika - database.py:245 - INFO - ['全彩生肉']
2026-04-02 23:49:00 - mkk_pika - main.py:83 - INFO - 找到 20 张图片在:全彩熟肉
2026-04-02 23:49:01 - mkk_pika - main.py:112 - INFO - [episode:全彩熟肉      ] downloaded:    20, total:  20, progress:100%
2026-04-02 23:49:01 - mkk_pika - database.py:238 - INFO - 数据库更新已下载章节
2026-04-02 23:49:01 - mkk_pika - database.py:244 - INFO - 该漫画已下载章节如下
2026-04-02 23:49:01 - mkk_pika - database.py:245 - INFO - ['全彩生肉', '全彩熟肉']
2026-04-02 23:49:02 - mkk_pika - main.py:292 - INFO - ==================== 漫画信息 ====================
                                漫画ID：62f5aff036b1dd04e733794f
                                标题：りとふり [中国翻訳] [DL版]
                                作者：せざちーむ (sezan)
                                是否完结：是
                                总页数：40
                                分类：全彩,短篇
                                章节数：2
                                最后更新时间：2026-04-02T16:33:53.884Z
                                =================================================
2026-04-02 23:49:02 - mkk_pika - database.py:101 - INFO - 保存成功：りとふり [中国翻訳] [DL版]
2026-04-02 23:49:02 - mkk_pika - main.py:35 - INFO - 开始检查 ENA ISM (よつばと!) [DL版][中文]是否存在未下载章节
2026-04-02 23:49:03 - mkk_pika - main.py:45 - INFO - 正在下载:[ ENA ISM (よつばと!) [DL版][中文]]-[せざちーむ (sezan)]-[['短篇', '同人']]-[total_pages:-1]
2026-04-02 23:49:03 - mkk_pika - main.py:49 - INFO - [{'_id': '62f5c87e9a2f332d6cfdbb73', 'title': '生肉', 'order': 1, 'updated_at': '2022-08-09T06:04:22.444Z', 'id': '62f5c87e9a2f332d6cfdbb73'}, {'_id': '69ce9a69a4b633720847735c', 'title': '熟肉', 'order': 2, 'updated_at': '2026-04-01T16:32:43.605Z', 'id': '69ce9a69a4b633720847735c'}]
2026-04-02 23:49:03 - mkk_pika - database.py:215 - INFO - 第一次下载该漫画，记录数据库中
2026-04-02 23:49:03 - mkk_pika - main.py:83 - INFO - 找到 26 张图片在:生肉
2026-04-02 23:49:04 - mkk_pika - main.py:112 - INFO - [episode:生肉        ] downloaded:    26, total:  26, progress:100%
2026-04-02 23:49:04 - mkk_pika - database.py:238 - INFO - 数据库更新已下载章节
2026-04-02 23:49:04 - mkk_pika - database.py:244 - INFO - 该漫画已下载章节如下
2026-04-02 23:49:04 - mkk_pika - database.py:245 - INFO - ['生肉']
2026-04-02 23:49:06 - mkk_pika - main.py:83 - INFO - 找到 26 张图片在:熟肉
2026-04-02 23:49:07 - mkk_pika - main.py:112 - INFO - [episode:熟肉        ] downloaded:    26, total:  26, progress:100%
2026-04-02 23:49:07 - mkk_pika - database.py:238 - INFO - 数据库更新已下载章节
2026-04-02 23:49:07 - mkk_pika - database.py:244 - INFO - 该漫画已下载章节如下
2026-04-02 23:49:07 - mkk_pika - database.py:245 - INFO - ['生肉', '熟肉']
2026-04-02 23:49:08 - mkk_pika - main.py:292 - INFO - ==================== 漫画信息 ====================
                                漫画ID：62f5c87e9a2f332d6cfdbb72
                                标题： ENA ISM (よつばと!) [DL版][中文]
                                作者：せざちーむ (sezan)
                                是否完结：是
                                总页数：52
                                分类：短篇,同人
                                章节数：2
                                最后更新时间：2026-04-02T16:33:45.677Z
                                =================================================
2026-04-02 23:49:08 - mkk_pika - database.py:101 - INFO - 保存成功： ENA ISM (よつばと!) [DL版][中文]
2026-04-02 23:49:08 - mkk_pika - main.py:35 - INFO - 开始检查恵那とみうら！いずむ1-4 (よつばと!) [DL版][中文]是否存在未下载章节
2026-04-02 23:49:08 - mkk_pika - main.py:45 - INFO - 正在下载:[恵那とみうら！いずむ1-4 (よつばと!) [DL版][中文]]-[せざちーむ (sezan)]-[['全彩', '長篇', '同人']]-[total_pages:-1]
2026-04-02 23:49:08 - mkk_pika - main.py:49 - INFO - [{'_id': '62f5be556336312d5a393f88', 'title': '第1話', 'order': 1, 'updated_at': '2022-08-09T05:55:22.420Z', 'id': '62f5be556336312d5a393f88'}, {'_id': '62f5be556336312d5a393f89', 'title': '第2話', 'order': 2, 'updated_at': '2022-08-09T05:55:45.917Z', 'id': '62f5be556336312d5a393f89'}, {'_id': '62f5be556336312d5a393f8a', 'title': '第3話', 'order': 3, 'updated_at': '2022-08-09T05:55:59.221Z', 'id': '62f5be556336312d5a393f8a'}, {'_id': '62f5be556336312d5a393f8b', 'title': '第4話', 'order': 4, 'updated_at': '2022-08-09T05:56:12.186Z', 'id': '62f5be556336312d5a393f8b'}, {'_id': '69ce9a5e18353472193bc6e7', 'title': '第2話熟肉', 'order': 5, 'updated_at': '2026-04-01T16:11:33.643Z', 'id': '69ce9a5e18353472193bc6e7'}, {'_id': '69ce9a5e18353472193bc6e8', 'title': '第3話熟肉', 'order': 6, 'updated_at': '2026-04-01T16:15:44.333Z', 'id': '69ce9a5e18353472193bc6e8'}, {'_id': '69ce9a5e18353472193bc6e9', 'title': '第4話熟肉', 'order': 7, 'updated_at': '2026-04-01T16:17:18.355Z', 'id': '69ce9a5e18353472193bc6e9'}]
2026-04-02 23:49:08 - mkk_pika - database.py:215 - INFO - 第一次下载该漫画，记录数据库中
2026-04-02 23:49:09 - mkk_pika - main.py:83 - INFO - 找到 18 张图片在:第1話
2026-04-02 23:49:09 - mkk_pika - main.py:112 - INFO - [episode:第1話       ] downloaded:    18, total:  18, progress:100%
2026-04-02 23:49:09 - mkk_pika - database.py:238 - INFO - 数据库更新已下载章节
2026-04-02 23:49:09 - mkk_pika - database.py:244 - INFO - 该漫画已下载章节如下
2026-04-02 23:49:09 - mkk_pika - database.py:245 - INFO - ['第1話']
2026-04-02 23:49:11 - mkk_pika - main.py:83 - INFO - 找到 18 张图片在:第2話
2026-04-02 23:49:12 - mkk_pika - main.py:112 - INFO - [episode:第2話       ] downloaded:    18, total:  18, progress:100%
2026-04-02 23:49:12 - mkk_pika - database.py:238 - INFO - 数据库更新已下载章节
2026-04-02 23:49:12 - mkk_pika - database.py:244 - INFO - 该漫画已下载章节如下
2026-04-02 23:49:12 - mkk_pika - database.py:245 - INFO - ['第1話', '第2話']
2026-04-02 23:49:13 - mkk_pika - main.py:83 - INFO - 找到 20 张图片在:第3話
2026-04-02 23:49:14 - mkk_pika - main.py:112 - INFO - [episode:第3話       ] downloaded:    20, total:  20, progress:100%
2026-04-02 23:49:14 - mkk_pika - database.py:238 - INFO - 数据库更新已下载章节
2026-04-02 23:49:14 - mkk_pika - database.py:244 - INFO - 该漫画已下载章节如下
2026-04-02 23:49:14 - mkk_pika - database.py:245 - INFO - ['第1話', '第2話', '第3話']
2026-04-02 23:49:15 - mkk_pika - main.py:83 - INFO - 找到 22 张图片在:第4話
2026-04-02 23:49:16 - mkk_pika - main.py:112 - INFO - [episode:第4話       ] downloaded:    22, total:  22, progress:100%
2026-04-02 23:49:16 - mkk_pika - database.py:238 - INFO - 数据库更新已下载章节
2026-04-02 23:49:16 - mkk_pika - database.py:244 - INFO - 该漫画已下载章节如下
2026-04-02 23:49:16 - mkk_pika - database.py:245 - INFO - ['第1話', '第2話', '第3話', '第4話']
2026-04-02 23:49:18 - mkk_pika - main.py:83 - INFO - 找到 18 张图片在:第2話熟肉
2026-04-02 23:49:18 - mkk_pika - main.py:112 - INFO - [episode:第2話熟肉     ] downloaded:    18, total:  18, progress:100%
2026-04-02 23:49:18 - mkk_pika - database.py:238 - INFO - 数据库更新已下载章节
2026-04-02 23:49:18 - mkk_pika - database.py:244 - INFO - 该漫画已下载章节如下
2026-04-02 23:49:18 - mkk_pika - database.py:245 - INFO - ['第1話', '第2話', '第3話', '第4話', '第2話熟肉']
2026-04-02 23:49:20 - mkk_pika - main.py:83 - INFO - 找到 20 张图片在:第3話熟肉
2026-04-02 23:49:21 - mkk_pika - main.py:112 - INFO - [episode:第3話熟肉     ] downloaded:    20, total:  20, progress:100%
2026-04-02 23:49:21 - mkk_pika - database.py:238 - INFO - 数据库更新已下载章节
2026-04-02 23:49:21 - mkk_pika - database.py:244 - INFO - 该漫画已下载章节如下
2026-04-02 23:49:21 - mkk_pika - database.py:245 - INFO - ['第1話', '第2話', '第3話', '第4話', '第2話熟肉', '第3話熟肉']
2026-04-02 23:49:22 - mkk_pika - main.py:83 - INFO - 找到 21 张图片在:第4話熟肉
2026-04-02 23:49:23 - mkk_pika - main.py:112 - INFO - [episode:第4話熟肉     ] downloaded:    21, total:  21, progress:100%
2026-04-02 23:49:23 - mkk_pika - database.py:238 - INFO - 数据库更新已下载章节
2026-04-02 23:49:23 - mkk_pika - database.py:244 - INFO - 该漫画已下载章节如下
2026-04-02 23:49:23 - mkk_pika - database.py:245 - INFO - ['第1話', '第2話', '第3話', '第4話', '第2話熟肉', '第3話熟肉', '第4話熟肉']
2026-04-02 23:49:24 - mkk_pika - main.py:292 - INFO - ==================== 漫画信息 ====================
                                漫画ID：62f5be556336312d5a393f87
                                标题：恵那とみうら！いずむ1-4 (よつばと!) [DL版][中文]
                                作者：せざちーむ (sezan)
                                是否完结：是
                                总页数：137
                                分类：全彩,長篇,同人
                                章节数：7
                                最后更新时间：2026-04-02T16:33:34.131Z
                                =================================================
2026-04-02 23:49:24 - mkk_pika - database.py:101 - INFO - 保存成功：恵那とみうら！いずむ1-4 (よつばと!) [DL版][中文]
2026-04-02 23:49:24 - mkk_pika - main.py:35 - INFO - 开始检查恵那ちゃん輪姦倶楽部 總集篇 (よつばと!) [中国翻訳] [DL版]是否存在未下载章节
2026-04-02 23:49:25 - mkk_pika - main.py:45 - INFO - 正在下载:[恵那ちゃん輪姦倶楽部 總集篇 (よつばと!) [中国翻訳] [DL版]]-[せざちーむ (sezan)]-[['全彩', '長篇', '同人']]-[total_pages:-1]
2026-04-02 23:49:25 - mkk_pika - main.py:49 - INFO - [{'_id': '69ce9a3e36b9ea71e653e85e', 'title': '第4話生肉～エスカレーション編23.12.31', 'order': 1, 'updated_at': '2026-04-01T15:41:19.643Z', 'id': '69ce9a3e36b9ea71e653e85e'}, {'_id': '69ce9a3e36b9ea71e653e85f', 'title': '第1話熟肉20.5.5', 'order': 2, 'updated_at': '2026-04-01T15:42:36.447Z', 'id': '69ce9a3e36b9ea71e653e85f'}, {'_id': '69ce9a3e36b9ea71e653e860', 'title': '第2話熟肉始まり編21.12.30', 'order': 3, 'updated_at': '2026-04-01T15:44:14.442Z', 'id': '69ce9a3e36b9ea71e653e860'}, {'_id': '69ce9a3e36b9ea71e653e861', 'title': '第3話熟肉学校で不純異性交遊編23.8.13', 'order': 4, 'updated_at': '2026-04-01T15:46:28.163Z', 'id': '69ce9a3e36b9ea71e653e861'}, {'_id': '69ce9a3e36b9ea71e653e862', 'title': '第5話熟肉やれば出来るんです編24.8.12', 'order': 5, 'updated_at': '2026-04-01T15:48:17.123Z', 'id': '69ce9a3e36b9ea71e653e862'}]
2026-04-02 23:49:25 - mkk_pika - database.py:215 - INFO - 第一次下载该漫画，记录数据库中
2026-04-02 23:49:25 - mkk_pika - main.py:83 - INFO - 找到 20 张图片在:第4話生肉～エスカレーション編23.12.31
2026-04-02 23:49:26 - mkk_pika - main.py:112 - INFO - [episode:第4話生肉～エスカレーション編23.12.31] downloaded:    20, total:  20, progress:100%
2026-04-02 23:49:26 - mkk_pika - database.py:238 - INFO - 数据库更新已下载章节
2026-04-02 23:49:26 - mkk_pika - database.py:244 - INFO - 该漫画已下载章节如下
2026-04-02 23:49:26 - mkk_pika - database.py:245 - INFO - ['第4話生肉～エスカレーション編23.12.31']
2026-04-02 23:49:28 - mkk_pika - main.py:83 - INFO - 找到 19 张图片在:第1話熟肉20.5.5
2026-04-02 23:49:28 - mkk_pika - main.py:112 - INFO - [episode:第1話熟肉20.5.5] downloaded:    19, total:  19, progress:100%
2026-04-02 23:49:28 - mkk_pika - database.py:238 - INFO - 数据库更新已下载章节
2026-04-02 23:49:28 - mkk_pika - database.py:244 - INFO - 该漫画已下载章节如下
2026-04-02 23:49:28 - mkk_pika - database.py:245 - INFO - ['第4話生肉～エスカレーション編23.12.31', '第1話熟肉20.5.5']
2026-04-02 23:49:30 - mkk_pika - main.py:83 - INFO - 找到 19 张图片在:第2話熟肉始まり編21.12.30
2026-04-02 23:49:30 - mkk_pika - main.py:112 - INFO - [episode:第2話熟肉始まり編21.12.30] downloaded:    19, total:  19, progress:100%
2026-04-02 23:49:30 - mkk_pika - database.py:238 - INFO - 数据库更新已下载章节
2026-04-02 23:49:30 - mkk_pika - database.py:244 - INFO - 该漫画已下载章节如下
2026-04-02 23:49:30 - mkk_pika - database.py:245 - INFO - ['第4話生肉～エスカレーション編23.12.31', '第1話熟肉20.5.5', '第2話熟肉始まり編21.12.30']
2026-04-02 23:49:32 - mkk_pika - main.py:83 - INFO - 找到 18 张图片在:第3話熟肉学校で不純異性交遊編23.8.13
2026-04-02 23:49:32 - mkk_pika - main.py:112 - INFO - [episode:第3話熟肉学校で不純異性交遊編23.8.13] downloaded:    18, total:  18, progress:100%
2026-04-02 23:49:32 - mkk_pika - database.py:238 - INFO - 数据库更新已下载章节
2026-04-02 23:49:32 - mkk_pika - database.py:244 - INFO - 该漫画已下载章节如下
2026-04-02 23:49:32 - mkk_pika - database.py:245 - INFO - ['第4話生肉～エスカレーション編23.12.31', '第1話熟肉20.5.5', '第2話熟肉始まり編21.12.30', '第3話熟肉学校で不純異性交遊編23.8.13']
2026-04-02 23:49:34 - mkk_pika - main.py:83 - INFO - 找到 20 张图片在:第5話熟肉やれば出来るんです編24.8.12
2026-04-02 23:49:35 - mkk_pika - main.py:112 - INFO - [episode:第5話熟肉やれば出来るんです編24.8.12] downloaded:    20, total:  20, progress:100%
2026-04-02 23:49:35 - mkk_pika - database.py:238 - INFO - 数据库更新已下载章节
2026-04-02 23:49:35 - mkk_pika - database.py:244 - INFO - 该漫画已下载章节如下
2026-04-02 23:49:35 - mkk_pika - database.py:245 - INFO - ['第4話生肉～エスカレーション編23.12.31', '第1話熟肉20.5.5', '第2話熟肉始まり編21.12.30', '第3話熟肉学校で不純異性交遊編23.8.13', '第5話熟肉やれば出来るんです編24.8.12']
2026-04-02 23:49:36 - mkk_pika - main.py:292 - INFO - ==================== 漫画信息 ====================
                                漫画ID：66f191909784d321af014be9
                                标题：恵那ちゃん輪姦倶楽部 總集篇 (よつばと!) [中国翻訳] [DL版]
                                作者：せざちーむ (sezan)
                                是否完结：是
                                总页数：96
                                分类：全彩,長篇,同人
                                章节数：5
                                最后更新时间：2026-04-02T16:33:02.035Z
                                =================================================
2026-04-02 23:49:36 - mkk_pika - database.py:101 - INFO - 保存成功：恵那ちゃん輪姦倶楽部 總集篇 (よつばと!) [中国翻訳] [DL版]
2026-04-02 23:49:36 - mkk_pika - main.py:35 - INFO - 开始检查怪人姫ヴァギー様は社会に疎い是否存在未下载章节
2026-04-02 23:49:36 - mkk_pika - database.py:203 - INFO - 查询数据库中是否已存在咸鱼汉化
2026-04-02 23:49:36 - mkk_pika - database.py:203 - INFO - 查询数据库中是否已存在種付大叔個人漢化
2026-04-02 23:49:36 - mkk_pika - main.py:45 - INFO - 正在下载:[怪人姫ヴァギー様は社会に疎い]-[CRAFT (きぃう)]-[['短篇']]-[total_pages:-1]
2026-04-02 23:49:36 - mkk_pika - main.py:49 - INFO - [{'_id': '698612cf8c10564064b1c024', 'title': '咸鱼汉化', 'order': 1, 'updated_at': '2026-04-02T16:31:50.113Z', 'id': '698612cf8c10564064b1c024'}, {'_id': '69ce99f618353472193bc666', 'title': '種付大叔個人漢化', 'order': 2, 'updated_at': '2026-04-01T15:03:28.127Z', 'id': '69ce99f618353472193bc666'}]
2026-04-02 23:49:37 - mkk_pika - main.py:83 - INFO - 找到 31 张图片在:咸鱼汉化
2026-04-02 23:49:38 - mkk_pika - main.py:112 - INFO - [episode:咸鱼汉化      ] downloaded:    31, total:  31, progress:100%
2026-04-02 23:49:38 - mkk_pika - database.py:238 - INFO - 数据库更新已下载章节
2026-04-02 23:49:38 - mkk_pika - database.py:244 - INFO - 该漫画已下载章节如下
2026-04-02 23:49:38 - mkk_pika - database.py:245 - INFO - ['第1話', '咸鱼汉化']
2026-04-02 23:49:39 - mkk_pika - main.py:83 - INFO - 找到 31 张图片在:種付大叔個人漢化
2026-04-02 23:49:40 - mkk_pika - main.py:112 - INFO - [episode:種付大叔個人漢化  ] downloaded:    31, total:  31, progress:100%
2026-04-02 23:49:40 - mkk_pika - database.py:238 - INFO - 数据库更新已下载章节
2026-04-02 23:49:40 - mkk_pika - database.py:244 - INFO - 该漫画已下载章节如下
2026-04-02 23:49:40 - mkk_pika - database.py:245 - INFO - ['第1話', '咸鱼汉化', '種付大叔個人漢化']
2026-04-02 23:49:42 - mkk_pika - main.py:292 - INFO - ==================== 漫画信息 ====================
                                漫画ID：698612cf8c10564064b1c023
                                标题：怪人姫ヴァギー様は社会に疎い
                                作者：CRAFT (きぃう)
                                是否完结：是
                                总页数：62
                                分类：短篇
                                章节数：2
                                最后更新时间：2026-04-02T16:31:50.102Z
                                =================================================
2026-04-02 23:49:42 - mkk_pika - database.py:101 - INFO - 保存成功：怪人姫ヴァギー様は社会に疎い
2026-04-02 23:49:42 - mkk_pika - main.py:35 - INFO - 开始检查おねしょした妹のお世話は兄のお仕事です是否存在未下载章节
2026-04-02 23:49:42 - mkk_pika - main.py:45 - INFO - 正在下载:[おねしょした妹のお世話は兄のお仕事です]-[STUDiO FATALITY(やなぎー)]-[['短篇', '妹妹系']]-[total_pages:-1]
2026-04-02 23:49:42 - mkk_pika - main.py:49 - INFO - [{'_id': '69ce99de6522e471f775ca19', 'title': '第1話', 'order': 1, 'updated_at': '2026-04-01T14:55:05.602Z', 'id': '69ce99de6522e471f775ca19'}]
2026-04-02 23:49:42 - mkk_pika - database.py:215 - INFO - 第一次下载该漫画，记录数据库中
2026-04-02 23:49:43 - mkk_pika - main.py:83 - INFO - 找到 32 张图片在:第1話
2026-04-02 23:49:43 - mkk_pika - main.py:112 - INFO - [episode:第1話       ] downloaded:    32, total:  32, progress:100%
2026-04-02 23:49:43 - mkk_pika - database.py:238 - INFO - 数据库更新已下载章节
2026-04-02 23:49:43 - mkk_pika - database.py:244 - INFO - 该漫画已下载章节如下
2026-04-02 23:49:43 - mkk_pika - database.py:245 - INFO - ['第1話']
2026-04-02 23:49:45 - mkk_pika - main.py:292 - INFO - ==================== 漫画信息 ====================
                                漫画ID：69ce99de6522e471f775ca18
                                标题：おねしょした妹のお世話は兄のお仕事です
                                作者：STUDiO FATALITY(やなぎー)
                                是否完结：否
                                总页数：32
                                分类：短篇,妹妹系
                                章节数：1
                                最后更新时间：2026-04-02T16:31:26.197Z
                                =================================================
2026-04-02 23:49:45 - mkk_pika - database.py:101 - INFO - 保存成功：おねしょした妹のお世話は兄のお仕事です
2026-04-02 23:49:45 - mkk_pika - main.py:323 - INFO - 订阅内容内容下载完毕
2026-04-02 23:49:45 - mkk_pika - main.py:324 - INFO - 开始分批下载全部章节
2026-04-02 23:49:45 - mkk_pika - database.py:280 - INFO - 表和索引初始化成功
2026-04-02 23:49:45 - mkk_pika - main.py:177 - INFO - 已经下载了285页，一共6827页，现在开始添加第286页
2026-04-02 23:49:46 - mkk_pika - database.py:318 - INFO - 保存成功
2026-04-02 23:49:46 - mkk_pika - main.py:177 - INFO - 已经下载了286页，一共6827页，现在开始添加第287页
2026-04-02 23:49:46 - mkk_pika - database.py:318 - INFO - 保存成功
2026-04-02 23:49:47 - mkk_pika - main.py:177 - INFO - 已经下载了287页，一共6827页，现在开始添加第288页
2026-04-02 23:49:47 - mkk_pika - database.py:318 - INFO - 保存成功
2026-04-02 23:49:47 - mkk_pika - main.py:177 - INFO - 已经下载了288页，一共6827页，现在开始添加第289页
2026-04-02 23:49:48 - mkk_pika - database.py:318 - INFO - 保存成功
2026-04-02 23:49:48 - mkk_pika - main.py:331 - INFO - 分批下载共计36本漫画
2026-04-02 23:49:48 - mkk_pika - main.py:35 - INFO - 开始检查妮姬 害怕限定 （本）是否存在未下载章节
2026-04-02 23:49:48 - mkk_pika - main.py:45 - INFO - 正在下载:[妮姬 害怕限定 （本）]-[大岛智]-[['同人', '短篇', '百合花園', 'Love Live', '純愛']]-[total_pages:8]
2026-04-02 23:49:48 - mkk_pika - main.py:49 - INFO - [{'_id': '5821aa515f6b9a4f93f3f723', 'title': '第1集', 'order': 1, 'updated_at': '2016-11-08T10:34:57.269Z', 'id': '5821aa515f6b9a4f93f3f723'}]
2026-04-02 23:49:48 - mkk_pika - database.py:215 - INFO - 第一次下载该漫画，记录数据库中
2026-04-02 23:49:49 - mkk_pika - main.py:83 - INFO - 找到 8 张图片在:第1集
2026-04-02 23:49:49 - mkk_pika - main.py:112 - INFO - [episode:第1集       ] downloaded:     8, total:   8, progress:100%
2026-04-02 23:49:49 - mkk_pika - database.py:238 - INFO - 数据库更新已下载章节
2026-04-02 23:49:49 - mkk_pika - database.py:244 - INFO - 该漫画已下载章节如下
2026-04-02 23:49:49 - mkk_pika - database.py:245 - INFO - ['第1集']
2026-04-02 23:49:50 - mkk_pika - main.py:348 - INFO - ==================== 漫画信息 ====================
                                   漫画ID：5821aa505f6b9a4f93f3f721
                                   标题：妮姬 害怕限定 （本）
                                   作者：大岛智
                                   是否完结：是
                                   总页数：8
                                   分类：同人,短篇,百合花園,Love Live,純愛
                                   章节数：1
                                   最后更新时间：2014-05-09T18:46:56.000Z
                                   =================================================
2026-04-02 23:49:50 - mkk_pika - database.py:101 - INFO - 保存成功：妮姬 害怕限定 （本）
2026-04-02 23:49:50 - mkk_pika - main.py:35 - INFO - 开始检查すわ姉ちゃん甘えさせ…わっ!?すわしょた番外編5 (東方Project)是否存在未下载章节
2026-04-02 23:49:51 - mkk_pika - main.py:45 - INFO - 正在下载:[すわ姉ちゃん甘えさせ…わっ!?すわしょた番外編5 (東方Project)]-[100円外務省 (みりの)]-[['短篇', '姐姐系', '東方', '純愛']]-[total_pages:27]
2026-04-02 23:49:51 - mkk_pika - main.py:49 - INFO - [{'_id': '5d6947604539c939892cd986', 'title': '第1話', 'order': 1, 'updated_at': '2019-08-30T12:12:15.394Z', 'id': '5d6947604539c939892cd986'}]
2026-04-02 23:49:51 - mkk_pika - database.py:215 - INFO - 第一次下载该漫画，记录数据库中
2026-04-02 23:49:51 - mkk_pika - main.py:83 - INFO - 找到 27 张图片在:第1話
2026-04-02 23:49:52 - mkk_pika - main.py:112 - INFO - [episode:第1話       ] downloaded:    27, total:  27, progress:100%
2026-04-02 23:49:52 - mkk_pika - database.py:238 - INFO - 数据库更新已下载章节
2026-04-02 23:49:52 - mkk_pika - database.py:244 - INFO - 该漫画已下载章节如下
2026-04-02 23:49:52 - mkk_pika - database.py:245 - INFO - ['第1話']
2026-04-02 23:49:53 - mkk_pika - main.py:348 - INFO - ==================== 漫画信息 ====================
                                   漫画ID：5821aa525f6b9a4f93f3f78d
                                   标题：すわ姉ちゃん甘えさせ…わっ!?すわしょた番外編5 (東方Project)
                                   作者：100円外務省 (みりの)
                                   是否完结：是
                                   总页数：27
                                   分类：短篇,姐姐系,東方,純愛
                                   章节数：1
                                   最后更新时间：2014-05-11T00:46:56.000Z
                                   =================================================
2026-04-02 23:49:53 - mkk_pika - database.py:101 - INFO - 保存成功：すわ姉ちゃん甘えさせ…わっ!?すわしょた番外編5 (東方Project)
2026-04-02 23:49:53 - mkk_pika - main.py:35 - INFO - 开始检查姦落!鬼ヶ島 (ラグナロクオンライン)是否存在未下载章节
2026-04-02 23:49:54 - mkk_pika - main.py:45 - INFO - 正在下载:[姦落!鬼ヶ島 (ラグナロクオンライン)]-[Xration (mil)]-[['同人', '短篇', 'NTR']]-[total_pages:34]
2026-04-02 23:49:54 - mkk_pika - main.py:49 - INFO - [{'_id': '5821aa535f6b9a4f93f3f7c7', 'title': '第1集', 'order': 1, 'updated_at': '2016-11-08T10:34:59.337Z', 'id': '5821aa535f6b9a4f93f3f7c7'}]
2026-04-02 23:49:54 - mkk_pika - database.py:215 - INFO - 第一次下载该漫画，记录数据库中
2026-04-02 23:49:54 - mkk_pika - main.py:83 - INFO - 找到 34 张图片在:第1集
2026-04-02 23:49:55 - mkk_pika - main.py:112 - INFO - [episode:第1集       ] downloaded:    34, total:  34, progress:100%
2026-04-02 23:49:55 - mkk_pika - database.py:238 - INFO - 数据库更新已下载章节
2026-04-02 23:49:55 - mkk_pika - database.py:244 - INFO - 该漫画已下载章节如下
2026-04-02 23:49:55 - mkk_pika - database.py:245 - INFO - ['第1集']
2026-04-02 23:49:56 - mkk_pika - main.py:348 - INFO - ==================== 漫画信息 ====================
                                   漫画ID：5821aa535f6b9a4f93f3f7c5
                                   标题：姦落!鬼ヶ島 (ラグナロクオンライン)
                                   作者：Xration (mil)
                                   是否完结：是
                                   总页数：34
                                   分类：同人,短篇,NTR
                                   章节数：1
                                   最后更新时间：2014-05-11T10:46:56.000Z
                                   =================================================
2026-04-02 23:49:56 - mkk_pika - database.py:101 - INFO - 保存成功：姦落!鬼ヶ島 (ラグナロクオンライン)
2026-04-02 23:49:56 - mkk_pika - main.py:35 - INFO - 开始检查 [イカめし] ティアナvsダークレイズ (二次元コミックマガジン ニプルファックでアクメ地獄!Vol.1) [DL版]是否存在未下载章节
2026-04-02 23:49:57 - mkk_pika - main.py:45 - INFO - 正在下载:[ [イカめし] ティアナvsダークレイズ (二次元コミックマガジン ニプルファックでアクメ地獄!Vol.1) [DL版]]-[イカめし]-[['短篇', '扶他樂園', '非人類']]-[total_pages:20]
2026-04-02 23:49:57 - mkk_pika - main.py:49 - INFO - [{'_id': '5821aa545f6b9a4f93f3f80f', 'title': '第1集', 'order': 1, 'updated_at': '2016-11-08T10:35:00.104Z', 'id': '5821aa545f6b9a4f93f3f80f'}]
2026-04-02 23:49:57 - mkk_pika - database.py:215 - INFO - 第一次下载该漫画，记录数据库中
2026-04-02 23:49:58 - mkk_pika - main.py:83 - INFO - 找到 20 张图片在:第1集
2026-04-02 23:49:58 - mkk_pika - main.py:112 - INFO - [episode:第1集       ] downloaded:    20, total:  20, progress:100%
2026-04-02 23:49:58 - mkk_pika - database.py:238 - INFO - 数据库更新已下载章节
2026-04-02 23:49:58 - mkk_pika - database.py:244 - INFO - 该漫画已下载章节如下
2026-04-02 23:49:58 - mkk_pika - database.py:245 - INFO - ['第1集']
2026-04-02 23:49:59 - mkk_pika - main.py:348 - INFO - ==================== 漫画信息 ====================
                                   漫画ID：5821aa535f6b9a4f93f3f80d
                                   标题： [イカめし] ティアナvsダークレイズ (二次元コミックマガジン ニプルファックでアクメ地獄!Vol.1) [DL版]
                                   作者：イカめし
                                   是否完结：是
                                   总页数：20
                                   分类：短篇,扶他樂園,非人類
                                   章节数：1
                                   最后更新时间：2014-05-11T20:46:56.000Z
                                   =================================================
2026-04-02 23:49:59 - mkk_pika - database.py:101 - INFO - 保存成功： [イカめし] ティアナvsダークレイズ (二次元コミックマガジン ニプルファックでアクメ地獄!Vol.1) [DL版]
2026-04-02 23:49:59 - mkk_pika - main.py:35 - INFO - 开始检查(C87) [暴れん坊天狗 (泉ゆうじろ～)] 蟲鳥 11 (Fate stay night)是否存在未下载章节
2026-04-02 23:50:00 - mkk_pika - main.py:45 - INFO - 正在下载:[(C87) [暴れん坊天狗 (泉ゆうじろ～)] 蟲鳥 11 (Fate stay night)]-[暴れん坊天狗 (泉ゆうじろ～)]-[['同人', '短篇', '扶他樂園', 'Fate']]-[total_pages:27]
2026-04-02 23:50:00 - mkk_pika - main.py:49 - INFO - [{'_id': '5821aa545f6b9a4f93f3f83b', 'title': '第1集', 'order': 1, 'updated_at': '2016-11-08T10:35:00.821Z', 'id': '5821aa545f6b9a4f93f3f83b'}]
2026-04-02 23:50:00 - mkk_pika - database.py:215 - INFO - 第一次下载该漫画，记录数据库中
2026-04-02 23:50:00 - mkk_pika - main.py:83 - INFO - 找到 27 张图片在:第1集
2026-04-02 23:50:01 - mkk_pika - main.py:112 - INFO - [episode:第1集       ] downloaded:    27, total:  27, progress:100%
2026-04-02 23:50:01 - mkk_pika - database.py:238 - INFO - 数据库更新已下载章节
2026-04-02 23:50:01 - mkk_pika - database.py:244 - INFO - 该漫画已下载章节如下
2026-04-02 23:50:01 - mkk_pika - database.py:245 - INFO - ['第1集']
2026-04-02 23:50:02 - mkk_pika - main.py:348 - INFO - ==================== 漫画信息 ====================
                                   漫画ID：5821aa545f6b9a4f93f3f839
                                   标题：(C87) [暴れん坊天狗 (泉ゆうじろ～)] 蟲鳥 11 (Fate stay night)
                                   作者：暴れん坊天狗 (泉ゆうじろ～)
                                   是否完结：否
                                   总页数：27
                                   分类：同人,短篇,扶他樂園,Fate
                                   章节数：1
                                   最后更新时间：2014-05-12T06:46:56.000Z
                                   =================================================
2026-04-02 23:50:02 - mkk_pika - database.py:101 - INFO - 保存成功：(C87) [暴れん坊天狗 (泉ゆうじろ～)] 蟲鳥 11 (Fate stay night)
2026-04-02 23:50:02 - mkk_pika - main.py:35 - INFO - 开始检查[沒有漢化] [シュガーミルク] お姉さんと遊ぼう♥ (ガールズフォーム Vol.8)是否存在未下载章节
2026-04-02 23:50:03 - mkk_pika - main.py:45 - INFO - 正在下载:[[沒有漢化] [シュガーミルク] お姉さんと遊ぼう♥ (ガールズフォーム Vol.8)]-[シュガーミルク]-[['SM', '短篇']]-[total_pages:25]
2026-04-02 23:50:03 - mkk_pika - main.py:49 - INFO - [{'_id': '5821aa555f6b9a4f93f3f875', 'title': '第1集', 'order': 1, 'updated_at': '2016-11-08T10:35:01.274Z', 'id': '5821aa555f6b9a4f93f3f875'}]
2026-04-02 23:50:03 - mkk_pika - database.py:215 - INFO - 第一次下载该漫画，记录数据库中
2026-04-02 23:50:03 - mkk_pika - main.py:83 - INFO - 找到 25 张图片在:第1集
2026-04-02 23:50:04 - mkk_pika - main.py:112 - INFO - [episode:第1集       ] downloaded:    25, total:  25, progress:100%
2026-04-02 23:50:04 - mkk_pika - database.py:238 - INFO - 数据库更新已下载章节
2026-04-02 23:50:04 - mkk_pika - database.py:244 - INFO - 该漫画已下载章节如下
2026-04-02 23:50:04 - mkk_pika - database.py:245 - INFO - ['第1集']
2026-04-02 23:50:05 - mkk_pika - main.py:348 - INFO - ==================== 漫画信息 ====================
                                   漫画ID：5821aa545f6b9a4f93f3f873
                                   标题：[沒有漢化] [シュガーミルク] お姉さんと遊ぼう♥ (ガールズフォーム Vol.8)
                                   作者：シュガーミルク
                                   是否完结：是
                                   总页数：25
                                   分类：SM,短篇
                                   章节数：1
                                   最后更新时间：2014-05-12T16:46:56.000Z
                                   =================================================
2026-04-02 23:50:05 - mkk_pika - database.py:101 - INFO - 保存成功：[沒有漢化] [シュガーミルク] お姉さんと遊ぼう♥ (ガールズフォーム Vol.8)
2026-04-02 23:50:05 - mkk_pika - main.py:35 - INFO - 开始检查[丧尸汉化][サークル浪漫飛行 (太平天極)] DT EATER BUST (ゴッドイーター ) [DL版]是否存在未下载章节
2026-04-02 23:50:05 - mkk_pika - main.py:45 - INFO - 正在下载:[[丧尸汉化][サークル浪漫飛行 (太平天極)] DT EATER BUST (ゴッドイーター ) [DL版]]-[サークル浪漫飛行 (太平天極)]-[['同人', '短篇']]-[total_pages:42]
2026-04-02 23:50:05 - mkk_pika - main.py:49 - INFO - [{'_id': '5821aa565f6b9a4f93f3f8ed', 'title': '第1集', 'order': 1, 'updated_at': '2016-11-08T10:35:02.196Z', 'id': '5821aa565f6b9a4f93f3f8ed'}]
2026-04-02 23:50:05 - mkk_pika - database.py:215 - INFO - 第一次下载该漫画，记录数据库中
2026-04-02 23:50:06 - mkk_pika - main.py:83 - INFO - 找到 42 张图片在:第1集
2026-04-02 23:50:07 - mkk_pika - main.py:112 - INFO - [episode:第1集       ] downloaded:    42, total:  42, progress:100%
2026-04-02 23:50:07 - mkk_pika - database.py:238 - INFO - 数据库更新已下载章节
2026-04-02 23:50:07 - mkk_pika - database.py:244 - INFO - 该漫画已下载章节如下
2026-04-02 23:50:07 - mkk_pika - database.py:245 - INFO - ['第1集']
2026-04-02 23:50:09 - mkk_pika - main.py:348 - INFO - ==================== 漫画信息 ====================
                                   漫画ID：5821aa555f6b9a4f93f3f8eb
                                   标题：[丧尸汉化][サークル浪漫飛行 (太平天極)] DT EATER BUST (ゴッドイーター ) [DL版]
                                   作者：サークル浪漫飛行 (太平天極)
                                   是否完结：是
                                   总页数：42
                                   分类：同人,短篇
                                   章节数：1
                                   最后更新时间：2014-05-13T12:46:56.000Z
                                   =================================================
2026-04-02 23:50:09 - mkk_pika - database.py:101 - INFO - 保存成功：[丧尸汉化][サークル浪漫飛行 (太平天極)] DT EATER BUST (ゴッドイーター ) [DL版]
2026-04-02 23:50:09 - mkk_pika - main.py:35 - INFO - 开始检查[丧尸汉化] [サークル浪漫飛行 (太平天極)] 綺麗な痴女は、好きですか？ (ゴッドイーター) [DL版]是否存在未下载章节
2026-04-02 23:50:09 - mkk_pika - main.py:45 - INFO - 正在下载:[[丧尸汉化] [サークル浪漫飛行 (太平天極)] 綺麗な痴女は、好きですか？ (ゴッドイーター) [DL版]]-[サークル浪漫飛行 (太平天極)]-[['同人', '短篇']]-[total_pages:29]
2026-04-02 23:50:09 - mkk_pika - main.py:49 - INFO - [{'_id': '5821aa565f6b9a4f93f3f945', 'title': '第1集', 'order': 1, 'updated_at': '2016-11-08T10:35:02.738Z', 'id': '5821aa565f6b9a4f93f3f945'}]
2026-04-02 23:50:09 - mkk_pika - database.py:215 - INFO - 第一次下载该漫画，记录数据库中
2026-04-02 23:50:10 - mkk_pika - main.py:83 - INFO - 找到 29 张图片在:第1集
2026-04-02 23:50:10 - mkk_pika - main.py:112 - INFO - [episode:第1集       ] downloaded:    29, total:  29, progress:100%
2026-04-02 23:50:10 - mkk_pika - database.py:238 - INFO - 数据库更新已下载章节
2026-04-02 23:50:10 - mkk_pika - database.py:244 - INFO - 该漫画已下载章节如下
2026-04-02 23:50:10 - mkk_pika - database.py:245 - INFO - ['第1集']
2026-04-02 23:50:12 - mkk_pika - main.py:348 - INFO - ==================== 漫画信息 ====================
                                   漫画ID：5821aa565f6b9a4f93f3f943
                                   标题：[丧尸汉化] [サークル浪漫飛行 (太平天極)] 綺麗な痴女は、好きですか？ (ゴッドイーター) [DL版]
                                   作者：サークル浪漫飛行 (太平天極)
                                   是否完结：是
                                   总页数：29
                                   分类：同人,短篇
                                   章节数：1
                                   最后更新时间：2014-05-13T22:46:56.000Z
                                   =================================================
2026-04-02 23:50:12 - mkk_pika - database.py:101 - INFO - 保存成功：[丧尸汉化] [サークル浪漫飛行 (太平天極)] 綺麗な痴女は、好きですか？ (ゴッドイーター) [DL版]
2026-04-02 23:50:12 - mkk_pika - main.py:35 - INFO - 开始检查[小叶后宫汉化组][ちみチャンガ]逆転パラレルワールド彼女(コミックアンリアル 2016年4月号)是否存在未下载章节
2026-04-02 23:50:12 - mkk_pika - main.py:45 - INFO - 正在下载:[[小叶后宫汉化组][ちみチャンガ]逆転パラレルワールド彼女(コミックアンリアル 2016年4月号)]-[ちみチャンガ]-[['短篇']]-[total_pages:19]
2026-04-02 23:50:12 - mkk_pika - main.py:49 - INFO - [{'_id': '5821aa585f6b9a4f93f3f9b5', 'title': '第1集', 'order': 1, 'updated_at': '2016-11-08T10:35:04.034Z', 'id': '5821aa585f6b9a4f93f3f9b5'}]
2026-04-02 23:50:12 - mkk_pika - database.py:215 - INFO - 第一次下载该漫画，记录数据库中
2026-04-02 23:50:13 - mkk_pika - main.py:83 - INFO - 找到 19 张图片在:第1集
2026-04-02 23:50:14 - mkk_pika - main.py:112 - INFO - [episode:第1集       ] downloaded:    19, total:  19, progress:100%
2026-04-02 23:50:14 - mkk_pika - database.py:238 - INFO - 数据库更新已下载章节
2026-04-02 23:50:14 - mkk_pika - database.py:244 - INFO - 该漫画已下载章节如下
2026-04-02 23:50:14 - mkk_pika - database.py:245 - INFO - ['第1集']
2026-04-02 23:50:15 - mkk_pika - main.py:348 - INFO - ==================== 漫画信息 ====================
                                   漫画ID：5821aa575f6b9a4f93f3f9b3
                                   标题：[小叶后宫汉化组][ちみチャンガ]逆転パラレルワールド彼女(コミックアンリアル 2016年4月号)
                                   作者：ちみチャンガ
                                   是否完结：是
                                   总页数：19
                                   分类：短篇
                                   章节数：1
                                   最后更新时间：2014-05-14T18:46:56.000Z
                                   =================================================
2026-04-02 23:50:15 - mkk_pika - database.py:101 - INFO - 保存成功：[小叶后宫汉化组][ちみチャンガ]逆転パラレルワールド彼女(コミックアンリアル 2016年4月号)
2026-04-02 23:50:15 - mkk_pika - main.py:35 - INFO - 开始检查[丧尸汉化] [太平天極] 極樂訪問 (COMIC 真激 2015年10月号)是否存在未下载章节
2026-04-02 23:50:15 - mkk_pika - main.py:45 - INFO - 正在下载:[[丧尸汉化] [太平天極] 極樂訪問 (COMIC 真激 2015年10月号)]-[太平天極]-[['短篇']]-[total_pages:21]
2026-04-02 23:50:15 - mkk_pika - main.py:49 - INFO - [{'_id': '5821aa595f6b9a4f93f3fa09', 'title': '第1集', 'order': 1, 'updated_at': '2016-11-08T10:35:05.403Z', 'id': '5821aa595f6b9a4f93f3fa09'}]
2026-04-02 23:50:15 - mkk_pika - database.py:215 - INFO - 第一次下载该漫画，记录数据库中
2026-04-02 23:50:16 - mkk_pika - main.py:83 - INFO - 找到 21 张图片在:第1集
2026-04-02 23:50:16 - mkk_pika - main.py:112 - INFO - [episode:第1集       ] downloaded:    21, total:  21, progress:100%
2026-04-02 23:50:16 - mkk_pika - database.py:238 - INFO - 数据库更新已下载章节
2026-04-02 23:50:16 - mkk_pika - database.py:244 - INFO - 该漫画已下载章节如下
2026-04-02 23:50:16 - mkk_pika - database.py:245 - INFO - ['第1集']
2026-04-02 23:50:18 - mkk_pika - main.py:348 - INFO - ==================== 漫画信息 ====================
                                   漫画ID：5821aa585f6b9a4f93f3fa07
                                   标题：[丧尸汉化] [太平天極] 極樂訪問 (COMIC 真激 2015年10月号)
                                   作者：太平天極
                                   是否完结：是
                                   总页数：21
                                   分类：短篇
                                   章节数：1
                                   最后更新时间：2014-05-15T14:46:56.000Z
                                   =================================================
2026-04-02 23:50:18 - mkk_pika - database.py:101 - INFO - 保存成功：[丧尸汉化] [太平天極] 極樂訪問 (COMIC 真激 2015年10月号)
2026-04-02 23:50:18 - mkk_pika - main.py:35 - INFO - 开始检查[沒有漢化] (C89) [爆乳フルネルソン (黒龍眼)] 淫魔ふたたび (ヴァンパイア)是否存在未下载章节
2026-04-02 23:50:18 - mkk_pika - main.py:45 - INFO - 正在下载:[[沒有漢化] (C89) [爆乳フルネルソン (黒龍眼)] 淫魔ふたたび (ヴァンパイア)]-[爆乳フルネルソン (黒龍眼)]-[['同人', '短篇']]-[total_pages:22]
2026-04-02 23:50:18 - mkk_pika - main.py:49 - INFO - [{'_id': '5821aa595f6b9a4f93f3fa37', 'title': '第1集', 'order': 1, 'updated_at': '2016-11-08T10:35:05.810Z', 'id': '5821aa595f6b9a4f93f3fa37'}]
2026-04-02 23:50:18 - mkk_pika - database.py:215 - INFO - 第一次下载该漫画，记录数据库中
2026-04-02 23:50:19 - mkk_pika - main.py:83 - INFO - 找到 22 张图片在:第1集
2026-04-02 23:50:19 - mkk_pika - main.py:112 - INFO - [episode:第1集       ] downloaded:    22, total:  22, progress:100%
2026-04-02 23:50:19 - mkk_pika - database.py:238 - INFO - 数据库更新已下载章节
2026-04-02 23:50:19 - mkk_pika - database.py:244 - INFO - 该漫画已下载章节如下
2026-04-02 23:50:19 - mkk_pika - database.py:245 - INFO - ['第1集']
2026-04-02 23:50:20 - mkk_pika - main.py:348 - INFO - ==================== 漫画信息 ====================
                                   漫画ID：5821aa595f6b9a4f93f3fa35
                                   标题：[沒有漢化] (C89) [爆乳フルネルソン (黒龍眼)] 淫魔ふたたび (ヴァンパイア)
                                   作者：爆乳フルネルソン (黒龍眼)
                                   是否完结：是
                                   总页数：22
                                   分类：同人,短篇
                                   章节数：1
                                   最后更新时间：2014-05-16T00:46:56.000Z
                                   =================================================
2026-04-02 23:50:20 - mkk_pika - database.py:101 - INFO - 保存成功：[沒有漢化] (C89) [爆乳フルネルソン (黒龍眼)] 淫魔ふたたび (ヴァンパイア)
2026-04-02 23:50:20 - mkk_pika - main.py:35 - INFO - 开始检查【黑条汉化】[眼魔礼]ついすと・ぶらっく是否存在未下载章节
2026-04-02 23:50:21 - mkk_pika - main.py:45 - INFO - 正在下载:[【黑条汉化】[眼魔礼]ついすと・ぶらっく]-[眼魔礼]-[['短篇']]-[total_pages:18]
2026-04-02 23:50:21 - mkk_pika - main.py:49 - INFO - [{'_id': '5821aa5a5f6b9a4f93f3fa67', 'title': '第1集', 'order': 1, 'updated_at': '2016-11-08T10:35:06.464Z', 'id': '5821aa5a5f6b9a4f93f3fa67'}]
2026-04-02 23:50:21 - mkk_pika - database.py:215 - INFO - 第一次下载该漫画，记录数据库中
2026-04-02 23:50:21 - mkk_pika - main.py:83 - INFO - 找到 18 张图片在:第1集
2026-04-02 23:50:22 - mkk_pika - main.py:112 - INFO - [episode:第1集       ] downloaded:    18, total:  18, progress:100%
2026-04-02 23:50:22 - mkk_pika - database.py:238 - INFO - 数据库更新已下载章节
2026-04-02 23:50:22 - mkk_pika - database.py:244 - INFO - 该漫画已下载章节如下
2026-04-02 23:50:22 - mkk_pika - database.py:245 - INFO - ['第1集']
2026-04-02 23:50:23 - mkk_pika - main.py:348 - INFO - ==================== 漫画信息 ====================
                                   漫画ID：5821aa595f6b9a4f93f3fa65
                                   标题：【黑条汉化】[眼魔礼]ついすと・ぶらっく
                                   作者：眼魔礼
                                   是否完结：是
                                   总页数：18
                                   分类：短篇
                                   章节数：1
                                   最后更新时间：2014-05-16T10:46:56.000Z
                                   =================================================
2026-04-02 23:50:23 - mkk_pika - database.py:101 - INFO - 保存成功：【黑条汉化】[眼魔礼]ついすと・ぶらっく
2026-04-02 23:50:23 - mkk_pika - main.py:35 - INFO - 开始检查[沒有漢化] (C83) [ふらいぱん大魔王 (提灯暗光)] ゆるそうでゆるくないでもちょっとゆるいゆるゆり (ゆるゆり)是否存在未下载章节
2026-04-02 23:50:23 - mkk_pika - main.py:45 - INFO - 正在下载:[[沒有漢化] (C83) [ふらいぱん大魔王 (提灯暗光)] ゆるそうでゆるくないでもちょっとゆるいゆるゆり (ゆるゆり)]-[ふらいぱん大魔王 (提灯暗光)]-[['同人', '短篇', '扶他樂園']]-[total_pages:20]
2026-04-02 23:50:23 - mkk_pika - main.py:49 - INFO - [{'_id': '5821aa5b5f6b9a4f93f3facd', 'title': '第1集', 'order': 1, 'updated_at': '2016-11-08T10:35:07.505Z', 'id': '5821aa5b5f6b9a4f93f3facd'}]
2026-04-02 23:50:23 - mkk_pika - database.py:215 - INFO - 第一次下载该漫画，记录数据库中
2026-04-02 23:50:24 - mkk_pika - main.py:83 - INFO - 找到 20 张图片在:第1集
2026-04-02 23:50:25 - mkk_pika - main.py:112 - INFO - [episode:第1集       ] downloaded:    20, total:  20, progress:100%
2026-04-02 23:50:25 - mkk_pika - database.py:238 - INFO - 数据库更新已下载章节
2026-04-02 23:50:25 - mkk_pika - database.py:244 - INFO - 该漫画已下载章节如下
2026-04-02 23:50:25 - mkk_pika - database.py:245 - INFO - ['第1集']
2026-04-02 23:50:26 - mkk_pika - main.py:348 - INFO - ==================== 漫画信息 ====================
                                   漫画ID：5821aa5b5f6b9a4f93f3facb
                                   标题：[沒有漢化] (C83) [ふらいぱん大魔王 (提灯暗光)] ゆるそうでゆるくないでもちょっとゆるいゆるゆり (ゆるゆり)
                                   作者：ふらいぱん大魔王 (提灯暗光)
                                   是否完结：是
                                   总页数：20
                                   分类：同人,短篇,扶他樂園
                                   章节数：1
                                   最后更新时间：2014-05-17T06:46:56.000Z
                                   =================================================
2026-04-02 23:50:26 - mkk_pika - database.py:101 - INFO - 保存成功：[沒有漢化] (C83) [ふらいぱん大魔王 (提灯暗光)] ゆるそうでゆるくないでもちょっとゆるいゆるゆり (ゆるゆり)
2026-04-02 23:50:26 - mkk_pika - main.py:35 - INFO - 开始检查[沒有漢化] [マスターN] かよちんの憂鬱 (ラブライブ!)是否存在未下载章节
2026-04-02 23:50:26 - mkk_pika - main.py:45 - INFO - 正在下载:[[沒有漢化] [マスターN] かよちんの憂鬱 (ラブライブ!)]-[マスターN]-[['同人', '短篇', '扶他樂園', 'Love Live']]-[total_pages:29]
2026-04-02 23:50:26 - mkk_pika - main.py:49 - INFO - [{'_id': '5821aa5c5f6b9a4f93f3faf9', 'title': '第1集', 'order': 1, 'updated_at': '2016-11-08T10:35:08.686Z', 'id': '5821aa5c5f6b9a4f93f3faf9'}]
2026-04-02 23:50:26 - mkk_pika - database.py:215 - INFO - 第一次下载该漫画，记录数据库中
2026-04-02 23:50:27 - mkk_pika - main.py:83 - INFO - 找到 29 张图片在:第1集
2026-04-02 23:50:28 - mkk_pika - main.py:112 - INFO - [episode:第1集       ] downloaded:    29, total:  29, progress:100%
2026-04-02 23:50:28 - mkk_pika - database.py:238 - INFO - 数据库更新已下载章节
2026-04-02 23:50:28 - mkk_pika - database.py:244 - INFO - 该漫画已下载章节如下
2026-04-02 23:50:28 - mkk_pika - database.py:245 - INFO - ['第1集']
2026-04-02 23:50:29 - mkk_pika - main.py:348 - INFO - ==================== 漫画信息 ====================
                                   漫画ID：5821aa5b5f6b9a4f93f3faf7
                                   标题：[沒有漢化] [マスターN] かよちんの憂鬱 (ラブライブ!)
                                   作者：マスターN
                                   是否完结：是
                                   总页数：29
                                   分类：同人,短篇,扶他樂園,Love Live
                                   章节数：1
                                   最后更新时间：2014-05-17T16:46:56.000Z
                                   =================================================
2026-04-02 23:50:29 - mkk_pika - database.py:101 - INFO - 保存成功：[沒有漢化] [マスターN] かよちんの憂鬱 (ラブライブ!)
2026-04-02 23:50:29 - mkk_pika - main.py:35 - INFO - 开始检查(OO君个人汉化)[金魚オリジン (香山リム)] 吸血鬼幻想 (東方Project)是否存在未下载章节
2026-04-02 23:50:29 - mkk_pika - main.py:45 - INFO - 正在下载:[(OO君个人汉化)[金魚オリジン (香山リム)] 吸血鬼幻想 (東方Project)]-[金魚オリジン (香山リム)]-[['短篇', '東方', '純愛']]-[total_pages:20]
2026-04-02 23:50:29 - mkk_pika - main.py:49 - INFO - [{'_id': '5821aa5d5f6b9a4f93f3fb37', 'title': '第1集', 'order': 1, 'updated_at': '2016-11-08T10:35:09.042Z', 'id': '5821aa5d5f6b9a4f93f3fb37'}]
2026-04-02 23:50:29 - mkk_pika - database.py:215 - INFO - 第一次下载该漫画，记录数据库中
2026-04-02 23:50:30 - mkk_pika - main.py:83 - INFO - 找到 20 张图片在:第1集
2026-04-02 23:50:30 - mkk_pika - main.py:112 - INFO - [episode:第1集       ] downloaded:    20, total:  20, progress:100%
2026-04-02 23:50:30 - mkk_pika - database.py:238 - INFO - 数据库更新已下载章节
2026-04-02 23:50:30 - mkk_pika - database.py:244 - INFO - 该漫画已下载章节如下
2026-04-02 23:50:30 - mkk_pika - database.py:245 - INFO - ['第1集']
2026-04-02 23:50:32 - mkk_pika - main.py:348 - INFO - ==================== 漫画信息 ====================
                                   漫画ID：5821aa5c5f6b9a4f93f3fb35
                                   标题：(OO君个人汉化)[金魚オリジン (香山リム)] 吸血鬼幻想 (東方Project)
                                   作者：金魚オリジン (香山リム)
                                   是否完结：是
                                   总页数：20
                                   分类：短篇,東方,純愛
                                   章节数：1
                                   最后更新时间：2014-05-18T02:46:56.000Z
                                   =================================================
2026-04-02 23:50:32 - mkk_pika - database.py:101 - INFO - 保存成功：(OO君个人汉化)[金魚オリジン (香山リム)] 吸血鬼幻想 (東方Project)
2026-04-02 23:50:32 - mkk_pika - main.py:35 - INFO - 开始检查[脸肿汉化组] [IRIOMOTE (沙流)] 天人桃娘2章 (東方Project)是否存在未下载章节
2026-04-02 23:50:32 - mkk_pika - main.py:45 - INFO - 正在下载:[[脸肿汉化组] [IRIOMOTE (沙流)] 天人桃娘2章 (東方Project)]-[ [IRIOMOTE (沙流)] ]-[['短篇', '強暴', '東方']]-[total_pages:17]
2026-04-02 23:50:32 - mkk_pika - main.py:49 - INFO - [{'_id': '5821aa5d5f6b9a4f93f3fb63', 'title': '第1集', 'order': 1, 'updated_at': '2016-11-08T10:35:09.625Z', 'id': '5821aa5d5f6b9a4f93f3fb63'}]
2026-04-02 23:50:32 - mkk_pika - database.py:215 - INFO - 第一次下载该漫画，记录数据库中
2026-04-02 23:50:32 - mkk_pika - main.py:83 - INFO - 找到 17 张图片在:第1集
2026-04-02 23:50:33 - mkk_pika - main.py:112 - INFO - [episode:第1集       ] downloaded:    17, total:  17, progress:100%
2026-04-02 23:50:33 - mkk_pika - database.py:238 - INFO - 数据库更新已下载章节
2026-04-02 23:50:33 - mkk_pika - database.py:244 - INFO - 该漫画已下载章节如下
2026-04-02 23:50:33 - mkk_pika - database.py:245 - INFO - ['第1集']
2026-04-02 23:50:34 - mkk_pika - main.py:348 - INFO - ==================== 漫画信息 ====================
                                   漫画ID：5821aa5d5f6b9a4f93f3fb61
                                   标题：[脸肿汉化组] [IRIOMOTE (沙流)] 天人桃娘2章 (東方Project)
                                   作者： [IRIOMOTE (沙流)] 
                                   是否完结：是
                                   总页数：17
                                   分类：短篇,強暴,東方
                                   章节数：1
                                   最后更新时间：2014-05-18T12:46:56.000Z
                                   =================================================
2026-04-02 23:50:34 - mkk_pika - database.py:101 - INFO - 保存成功：[脸肿汉化组] [IRIOMOTE (沙流)] 天人桃娘2章 (東方Project)
2026-04-02 23:50:34 - mkk_pika - main.py:35 - INFO - 开始检查肉棒女醫是否存在未下载章节
2026-04-02 23:50:35 - mkk_pika - main.py:45 - INFO - 正在下载:[肉棒女醫]-[武藏堂]-[['短篇', '扶他樂園']]-[total_pages:35]
2026-04-02 23:50:35 - mkk_pika - main.py:49 - INFO - [{'_id': '5821aa5d5f6b9a4f93f3fb89', 'title': '第1集', 'order': 1, 'updated_at': '2016-11-08T10:35:09.950Z', 'id': '5821aa5d5f6b9a4f93f3fb89'}]
2026-04-02 23:50:35 - mkk_pika - database.py:215 - INFO - 第一次下载该漫画，记录数据库中
2026-04-02 23:50:35 - mkk_pika - main.py:83 - INFO - 找到 35 张图片在:第1集
2026-04-02 23:50:36 - mkk_pika - main.py:112 - INFO - [episode:第1集       ] downloaded:    35, total:  35, progress:100%
2026-04-02 23:50:36 - mkk_pika - database.py:238 - INFO - 数据库更新已下载章节
2026-04-02 23:50:36 - mkk_pika - database.py:244 - INFO - 该漫画已下载章节如下
2026-04-02 23:50:36 - mkk_pika - database.py:245 - INFO - ['第1集']
2026-04-02 23:50:37 - mkk_pika - main.py:348 - INFO - ==================== 漫画信息 ====================
                                   漫画ID：5821aa5d5f6b9a4f93f3fb87
                                   标题：肉棒女醫
                                   作者：武藏堂
                                   是否完结：是
                                   总页数：35
                                   分类：短篇,扶他樂園
                                   章节数：1
                                   最后更新时间：2014-05-18T22:46:56.000Z
                                   =================================================
2026-04-02 23:50:37 - mkk_pika - database.py:101 - INFO - 保存成功：肉棒女醫
2026-04-02 23:50:37 - mkk_pika - main.py:35 - INFO - 开始检查ヤリチンのオレが暴漢に襲われてた大人しいクラスメイト(巨乳)を助けて食おうとしたら逆に巨根ふたなりち○ぽ即堕ちした時の話是否存在未下载章节
2026-04-02 23:50:38 - mkk_pika - main.py:45 - INFO - 正在下载:[ヤリチンのオレが暴漢に襲われてた大人しいクラスメイト(巨乳)を助けて食おうとしたら逆に巨根ふたなりち○ぽ即堕ちした時の話]-[愛昧亭 (愛昧亭うまみ)]-[['短篇', '扶他樂園', '強暴']]-[total_pages:28]
2026-04-02 23:50:38 - mkk_pika - main.py:49 - INFO - [{'_id': '5ce75e752bd038307caff36f', 'title': '第1集', 'order': 1, 'updated_at': '2019-05-22T18:44:20.964Z', 'id': '5ce75e752bd038307caff36f'}]
2026-04-02 23:50:38 - mkk_pika - database.py:215 - INFO - 第一次下载该漫画，记录数据库中
2026-04-02 23:50:38 - mkk_pika - main.py:83 - INFO - 找到 28 张图片在:第1集
2026-04-02 23:50:39 - mkk_pika - main.py:112 - INFO - [episode:第1集       ] downloaded:    28, total:  28, progress:100%
2026-04-02 23:50:39 - mkk_pika - database.py:238 - INFO - 数据库更新已下载章节
2026-04-02 23:50:39 - mkk_pika - database.py:244 - INFO - 该漫画已下载章节如下
2026-04-02 23:50:39 - mkk_pika - database.py:245 - INFO - ['第1集']
2026-04-02 23:50:40 - mkk_pika - main.py:348 - INFO - ==================== 漫画信息 ====================
                                   漫画ID：5821aa615f6b9a4f93f3fcf1
                                   标题：ヤリチンのオレが暴漢に襲われてた大人しいクラスメイト(巨乳)を助けて食おうとしたら逆に巨根ふたなりち○ぽ即堕ちした時の話
                                   作者：愛昧亭 (愛昧亭うまみ)
                                   是否完结：是
                                   总页数：28
                                   分类：短篇,扶他樂園,強暴
                                   章节数：1
                                   最后更新时间：2014-05-22T06:46:56.000Z
                                   =================================================
2026-04-02 23:50:40 - mkk_pika - database.py:101 - INFO - 保存成功：ヤリチンのオレが暴漢に襲われてた大人しいクラスメイト(巨乳)を助けて食おうとしたら逆に巨根ふたなりち○ぽ即堕ちした時の話
2026-04-02 23:50:40 - mkk_pika - main.py:35 - INFO - 开始检查強襲娘々 (東方Project)是否存在未下载章节
2026-04-02 23:50:40 - mkk_pika - main.py:45 - INFO - 正在下载:[強襲娘々 (東方Project)]-[きつねとぶどう (くろな)]-[['短篇', '東方', '同人']]-[total_pages:17]
2026-04-02 23:50:40 - mkk_pika - main.py:49 - INFO - [{'_id': '5ce75e9e0554c3109e236970', 'title': '第1集', 'order': 1, 'updated_at': '2019-05-22T18:49:10.443Z', 'id': '5ce75e9e0554c3109e236970'}]
2026-04-02 23:50:40 - mkk_pika - database.py:215 - INFO - 第一次下载该漫画，记录数据库中
2026-04-02 23:50:41 - mkk_pika - main.py:83 - INFO - 找到 17 张图片在:第1集
2026-04-02 23:50:42 - mkk_pika - main.py:112 - INFO - [episode:第1集       ] downloaded:    17, total:  17, progress:100%
2026-04-02 23:50:42 - mkk_pika - database.py:238 - INFO - 数据库更新已下载章节
2026-04-02 23:50:42 - mkk_pika - database.py:244 - INFO - 该漫画已下载章节如下
2026-04-02 23:50:42 - mkk_pika - database.py:245 - INFO - ['第1集']
2026-04-02 23:50:43 - mkk_pika - main.py:348 - INFO - ==================== 漫画信息 ====================
                                   漫画ID：5821aa625f6b9a4f93f3fd2d
                                   标题：強襲娘々 (東方Project)
                                   作者：きつねとぶどう (くろな)
                                   是否完结：是
                                   总页数：17
                                   分类：短篇,東方,同人
                                   章节数：1
                                   最后更新时间：2014-05-22T16:46:56.000Z
                                   =================================================
2026-04-02 23:50:43 - mkk_pika - database.py:101 - INFO - 保存成功：強襲娘々 (東方Project)
2026-04-02 23:50:43 - mkk_pika - main.py:35 - INFO - 开始检查[桃子淫含恨偷懒汉化] [しーあーる] 魔法少女s·イエロー (ひょっとこフェラ顔を晒す美少女たち Vol.2)是否存在未下载章节
2026-04-02 23:50:43 - mkk_pika - main.py:45 - INFO - 正在下载:[[桃子淫含恨偷懒汉化] [しーあーる] 魔法少女s·イエロー (ひょっとこフェラ顔を晒す美少女たち Vol.2)]-[しーあーる]-[['短篇', '扶他樂園']]-[total_pages:20]
2026-04-02 23:50:43 - mkk_pika - main.py:49 - INFO - [{'_id': '5821aa635f6b9a4f93f3fd87', 'title': '第1集', 'order': 1, 'updated_at': '2016-11-08T10:35:15.534Z', 'id': '5821aa635f6b9a4f93f3fd87'}]
2026-04-02 23:50:43 - mkk_pika - database.py:215 - INFO - 第一次下载该漫画，记录数据库中
2026-04-02 23:50:44 - mkk_pika - main.py:83 - INFO - 找到 20 张图片在:第1集
2026-04-02 23:50:44 - mkk_pika - main.py:112 - INFO - [episode:第1集       ] downloaded:    20, total:  20, progress:100%
2026-04-02 23:50:44 - mkk_pika - database.py:238 - INFO - 数据库更新已下载章节
2026-04-02 23:50:44 - mkk_pika - database.py:244 - INFO - 该漫画已下载章节如下
2026-04-02 23:50:44 - mkk_pika - database.py:245 - INFO - ['第1集']
2026-04-02 23:50:46 - mkk_pika - main.py:348 - INFO - ==================== 漫画信息 ====================
                                   漫画ID：5821aa635f6b9a4f93f3fd85
                                   标题：[桃子淫含恨偷懒汉化] [しーあーる] 魔法少女s·イエロー (ひょっとこフェラ顔を晒す美少女たち Vol.2)
                                   作者：しーあーる
                                   是否完结：是
                                   总页数：20
                                   分类：短篇,扶他樂園
                                   章节数：1
                                   最后更新时间：2014-05-23T12:46:56.000Z
                                   =================================================
2026-04-02 23:50:46 - mkk_pika - database.py:101 - INFO - 保存成功：[桃子淫含恨偷懒汉化] [しーあーる] 魔法少女s·イエロー (ひょっとこフェラ顔を晒す美少女たち Vol.2)
2026-04-02 23:50:46 - mkk_pika - main.py:35 - INFO - 开始检查[沒有漢化] (僕らのラブライブ! 7) [しょぼコン (きたむらとおる)] 熱視線 (ラブライブ!)是否存在未下载章节
2026-04-02 23:50:46 - mkk_pika - main.py:45 - INFO - 正在下载:[[沒有漢化] (僕らのラブライブ! 7) [しょぼコン (きたむらとおる)] 熱視線 (ラブライブ!)]-[しょぼコン (きたむらとおる)]-[['同人', '短篇', '扶他樂園', 'Love Live']]-[total_pages:24]
2026-04-02 23:50:46 - mkk_pika - main.py:49 - INFO - [{'_id': '5821aa645f6b9a4f93f3fdb3', 'title': '第1集', 'order': 1, 'updated_at': '2016-11-08T10:35:16.222Z', 'id': '5821aa645f6b9a4f93f3fdb3'}]
2026-04-02 23:50:46 - mkk_pika - database.py:215 - INFO - 第一次下载该漫画，记录数据库中
2026-04-02 23:50:47 - mkk_pika - main.py:83 - INFO - 找到 24 张图片在:第1集
2026-04-02 23:50:47 - mkk_pika - main.py:112 - INFO - [episode:第1集       ] downloaded:    24, total:  24, progress:100%
2026-04-02 23:50:47 - mkk_pika - database.py:238 - INFO - 数据库更新已下载章节
2026-04-02 23:50:47 - mkk_pika - database.py:244 - INFO - 该漫画已下载章节如下
2026-04-02 23:50:47 - mkk_pika - database.py:245 - INFO - ['第1集']
2026-04-02 23:50:49 - mkk_pika - main.py:348 - INFO - ==================== 漫画信息 ====================
                                   漫画ID：5821aa635f6b9a4f93f3fdb1
                                   标题：[沒有漢化] (僕らのラブライブ! 7) [しょぼコン (きたむらとおる)] 熱視線 (ラブライブ!)
                                   作者：しょぼコン (きたむらとおる)
                                   是否完结：是
                                   总页数：24
                                   分类：同人,短篇,扶他樂園,Love Live
                                   章节数：1
                                   最后更新时间：2014-05-23T22:46:56.000Z
                                   =================================================
2026-04-02 23:50:49 - mkk_pika - database.py:101 - INFO - 保存成功：[沒有漢化] (僕らのラブライブ! 7) [しょぼコン (きたむらとおる)] 熱視線 (ラブライブ!)
2026-04-02 23:50:49 - mkk_pika - main.py:35 - INFO - 开始检查[きひる] ハーレム部隊は僕をしゃぶりつくす是否存在未下载章节
2026-04-02 23:50:49 - mkk_pika - main.py:45 - INFO - 正在下载:[[きひる] ハーレム部隊は僕をしゃぶりつくす]-[きひる]-[['後宮閃光', '姐姐系', '純愛']]-[total_pages:222]
2026-04-02 23:50:49 - mkk_pika - main.py:49 - INFO - [{'_id': '5821aa735f6b9a4f93f40d51', 'title': '第1集', 'order': 1, 'updated_at': '2016-11-08T10:35:31.800Z', 'id': '5821aa735f6b9a4f93f40d51'}]
2026-04-02 23:50:49 - mkk_pika - database.py:215 - INFO - 第一次下载该漫画，记录数据库中
2026-04-02 23:50:51 - mkk_pika - main.py:83 - INFO - 找到 222 张图片在:第1集
2026-04-02 23:50:57 - mkk_pika - main.py:112 - INFO - [episode:第1集       ] downloaded:   222, total: 222, progress:100%
2026-04-02 23:50:57 - mkk_pika - database.py:238 - INFO - 数据库更新已下载章节
2026-04-02 23:50:57 - mkk_pika - database.py:244 - INFO - 该漫画已下载章节如下
2026-04-02 23:50:57 - mkk_pika - database.py:245 - INFO - ['第1集']
2026-04-02 23:50:58 - mkk_pika - main.py:348 - INFO - ==================== 漫画信息 ====================
                                   漫画ID：5821aa735f6b9a4f93f40d4f
                                   标题：[きひる] ハーレム部隊は僕をしゃぶりつくす
                                   作者：きひる
                                   是否完结：是
                                   总页数：222
                                   分类：後宮閃光,姐姐系,純愛
                                   章节数：1
                                   最后更新时间：2014-05-31T00:46:56.000Z
                                   =================================================
2026-04-02 23:50:58 - mkk_pika - database.py:101 - INFO - 保存成功：[きひる] ハーレム部隊は僕をしゃぶりつくす
2026-04-02 23:50:58 - mkk_pika - main.py:35 - INFO - 开始检查[まる寝子] 女の子くじ (にょたいか・ハピネス!2,DL版)是否存在未下载章节
2026-04-02 23:50:58 - mkk_pika - main.py:45 - INFO - 正在下载:[[まる寝子] 女の子くじ (にょたいか・ハピネス!2,DL版)]-[まる寝子]-[['同人', '短篇', '性轉換']]-[total_pages:16]
2026-04-02 23:50:58 - mkk_pika - main.py:49 - INFO - [{'_id': '5821aa785f6b9a4f93f41199', 'title': '第1集', 'order': 1, 'updated_at': '2016-11-08T10:35:36.582Z', 'id': '5821aa785f6b9a4f93f41199'}]
2026-04-02 23:50:58 - mkk_pika - database.py:215 - INFO - 第一次下载该漫画，记录数据库中
2026-04-02 23:50:59 - mkk_pika - main.py:83 - INFO - 找到 16 张图片在:第1集
2026-04-02 23:50:59 - mkk_pika - main.py:112 - INFO - [episode:第1集       ] downloaded:    16, total:  16, progress:100%
2026-04-02 23:50:59 - mkk_pika - database.py:238 - INFO - 数据库更新已下载章节
2026-04-02 23:50:59 - mkk_pika - database.py:244 - INFO - 该漫画已下载章节如下
2026-04-02 23:50:59 - mkk_pika - database.py:245 - INFO - ['第1集']
2026-04-02 23:51:01 - mkk_pika - main.py:348 - INFO - ==================== 漫画信息 ====================
                                   漫画ID：5821aa785f6b9a4f93f41197
                                   标题：[まる寝子] 女の子くじ (にょたいか・ハピネス!2,DL版)
                                   作者：まる寝子
                                   是否完结：是
                                   总页数：16
                                   分类：同人,短篇,性轉換
                                   章节数：1
                                   最后更新时间：2014-06-01T06:46:56.000Z
                                   =================================================
2026-04-02 23:51:01 - mkk_pika - database.py:101 - INFO - 保存成功：[まる寝子] 女の子くじ (にょたいか・ハピネス!2,DL版)
2026-04-02 23:51:01 - mkk_pika - main.py:35 - INFO - 开始检查[surely個人漢化] (サンクリ2016 Winter) [shakestyle (ShAKe)] 立花優希奈援交日誌1 「私...何やってるんだろう...」是否存在未下载章节
2026-04-02 23:51:01 - mkk_pika - main.py:45 - INFO - 正在下载:[[surely個人漢化] (サンクリ2016 Winter) [shakestyle (ShAKe)] 立花優希奈援交日誌1 「私...何やってるんだろう...」]-[shakestyle (ShAKe)]-[['同人', '短篇']]-[total_pages:26]
2026-04-02 23:51:01 - mkk_pika - main.py:49 - INFO - [{'_id': '5821aa795f6b9a4f93f411bd', 'title': '第1集', 'order': 1, 'updated_at': '2016-11-08T10:35:37.217Z', 'id': '5821aa795f6b9a4f93f411bd'}]
2026-04-02 23:51:01 - mkk_pika - database.py:215 - INFO - 第一次下载该漫画，记录数据库中
2026-04-02 23:51:02 - mkk_pika - main.py:83 - INFO - 找到 26 张图片在:第1集
2026-04-02 23:51:03 - mkk_pika - main.py:112 - INFO - [episode:第1集       ] downloaded:    26, total:  26, progress:100%
2026-04-02 23:51:03 - mkk_pika - database.py:238 - INFO - 数据库更新已下载章节
2026-04-02 23:51:03 - mkk_pika - database.py:244 - INFO - 该漫画已下载章节如下
2026-04-02 23:51:03 - mkk_pika - database.py:245 - INFO - ['第1集']
2026-04-02 23:51:04 - mkk_pika - main.py:348 - INFO - ==================== 漫画信息 ====================
                                   漫画ID：5821aa785f6b9a4f93f411bb
                                   标题：[surely個人漢化] (サンクリ2016 Winter) [shakestyle (ShAKe)] 立花優希奈援交日誌1 「私...何やってるんだろう...」
                                   作者：shakestyle (ShAKe)
                                   是否完结：是
                                   总页数：26
                                   分类：同人,短篇
                                   章节数：1
                                   最后更新时间：2014-06-01T16:46:56.000Z
                                   =================================================
2026-04-02 23:51:04 - mkk_pika - database.py:101 - INFO - 保存成功：[surely個人漢化] (サンクリ2016 Winter) [shakestyle (ShAKe)] 立花優希奈援交日誌1 「私...何やってるんだろう...」
2026-04-02 23:51:04 - mkk_pika - main.py:35 - INFO - 开始检查[でぱれーしょん (キリエっぱ)] 兎と姫と戯れと (東方Project)是否存在未下载章节
2026-04-02 23:51:04 - mkk_pika - main.py:45 - INFO - 正在下载:[[でぱれーしょん (キリエっぱ)] 兎と姫と戯れと (東方Project)]-[[でぱれーしょん (キリエっぱ)]]-[['短篇', '東方', '純愛']]-[total_pages:17]
2026-04-02 23:51:04 - mkk_pika - main.py:49 - INFO - [{'_id': '5821aa7e5f6b9a4f93f4137b', 'title': '第1集', 'order': 1, 'updated_at': '2016-11-08T10:35:42.056Z', 'id': '5821aa7e5f6b9a4f93f4137b'}]
2026-04-02 23:51:04 - mkk_pika - database.py:215 - INFO - 第一次下载该漫画，记录数据库中
2026-04-02 23:51:05 - mkk_pika - main.py:83 - INFO - 找到 17 张图片在:第1集
2026-04-02 23:51:06 - mkk_pika - main.py:112 - INFO - [episode:第1集       ] downloaded:    17, total:  17, progress:100%
2026-04-02 23:51:06 - mkk_pika - database.py:238 - INFO - 数据库更新已下载章节
2026-04-02 23:51:06 - mkk_pika - database.py:244 - INFO - 该漫画已下载章节如下
2026-04-02 23:51:06 - mkk_pika - database.py:245 - INFO - ['第1集']
2026-04-02 23:51:07 - mkk_pika - main.py:348 - INFO - ==================== 漫画信息 ====================
                                   漫画ID：5821aa7d5f6b9a4f93f41379
                                   标题：[でぱれーしょん (キリエっぱ)] 兎と姫と戯れと (東方Project)
                                   作者：[でぱれーしょん (キリエっぱ)]
                                   是否完结：是
                                   总页数：17
                                   分类：短篇,東方,純愛
                                   章节数：1
                                   最后更新时间：2014-06-05T00:46:56.000Z
                                   =================================================
2026-04-02 23:51:07 - mkk_pika - database.py:101 - INFO - 保存成功：[でぱれーしょん (キリエっぱ)] 兎と姫と戯れと (東方Project)
2026-04-02 23:51:07 - mkk_pika - main.py:35 - INFO - 开始检查[CE家族社] [あくあぴっと (アクアビット)] オナホが鎮守府に着任しました (艦隊これくしょん -艦これ-,DL版)是否存在未下载章节
2026-04-02 23:51:07 - mkk_pika - main.py:45 - INFO - 正在下载:[[CE家族社] [あくあぴっと (アクアビット)] オナホが鎮守府に着任しました (艦隊これくしょん -艦これ-,DL版)]-[あくあぴっと (アクアビット)]-[['短篇', '艦隊收藏', '全彩']]-[total_pages:11]
2026-04-02 23:51:07 - mkk_pika - main.py:49 - INFO - [{'_id': '5821aa7e5f6b9a4f93f413cf', 'title': '第1集', 'order': 1, 'updated_at': '2016-11-08T10:35:42.927Z', 'id': '5821aa7e5f6b9a4f93f413cf'}]
2026-04-02 23:51:07 - mkk_pika - database.py:215 - INFO - 第一次下载该漫画，记录数据库中
2026-04-02 23:51:08 - mkk_pika - main.py:83 - INFO - 找到 11 张图片在:第1集
2026-04-02 23:51:08 - mkk_pika - main.py:112 - INFO - [episode:第1集       ] downloaded:    11, total:  11, progress:100%
2026-04-02 23:51:08 - mkk_pika - database.py:238 - INFO - 数据库更新已下载章节
2026-04-02 23:51:08 - mkk_pika - database.py:244 - INFO - 该漫画已下载章节如下
2026-04-02 23:51:08 - mkk_pika - database.py:245 - INFO - ['第1集']
2026-04-02 23:51:10 - mkk_pika - main.py:348 - INFO - ==================== 漫画信息 ====================
                                   漫画ID：5821aa7e5f6b9a4f93f413cd
                                   标题：[CE家族社] [あくあぴっと (アクアビット)] オナホが鎮守府に着任しました (艦隊これくしょん -艦これ-,DL版)
                                   作者：あくあぴっと (アクアビット)
                                   是否完结：是
                                   总页数：11
                                   分类：短篇,艦隊收藏,全彩
                                   章节数：1
                                   最后更新时间：2014-06-05T20:46:56.000Z
                                   =================================================
2026-04-02 23:51:10 - mkk_pika - database.py:101 - INFO - 保存成功：[CE家族社] [あくあぴっと (アクアビット)] オナホが鎮守府に着任しました (艦隊これくしょん -艦これ-,DL版)
2026-04-02 23:51:10 - mkk_pika - main.py:35 - INFO - 开始检查[ロケット調査室 (コザ)] こいフラDreamParty (東方Project)[Sheffiled個人漢化]是否存在未下载章节
2026-04-02 23:51:10 - mkk_pika - main.py:45 - INFO - 正在下载:[[ロケット調査室 (コザ)] こいフラDreamParty (東方Project)[Sheffiled個人漢化]]-[[ロケット調査室 (コザ)] ]-[['短篇', '東方']]-[total_pages:31]
2026-04-02 23:51:10 - mkk_pika - main.py:49 - INFO - [{'_id': '5821aa7f5f6b9a4f93f413e9', 'title': '第1集', 'order': 1, 'updated_at': '2016-11-08T10:35:43.324Z', 'id': '5821aa7f5f6b9a4f93f413e9'}]
2026-04-02 23:51:10 - mkk_pika - database.py:215 - INFO - 第一次下载该漫画，记录数据库中
2026-04-02 23:51:10 - mkk_pika - main.py:83 - INFO - 找到 31 张图片在:第1集
2026-04-02 23:51:11 - mkk_pika - main.py:112 - INFO - [episode:第1集       ] downloaded:    31, total:  31, progress:100%
2026-04-02 23:51:11 - mkk_pika - database.py:238 - INFO - 数据库更新已下载章节
2026-04-02 23:51:11 - mkk_pika - database.py:244 - INFO - 该漫画已下载章节如下
2026-04-02 23:51:11 - mkk_pika - database.py:245 - INFO - ['第1集']
2026-04-02 23:51:13 - mkk_pika - main.py:348 - INFO - ==================== 漫画信息 ====================
                                   漫画ID：5821aa7f5f6b9a4f93f413e7
                                   标题：[ロケット調査室 (コザ)] こいフラDreamParty (東方Project)[Sheffiled個人漢化]
                                   作者：[ロケット調査室 (コザ)] 
                                   是否完结：是
                                   总页数：31
                                   分类：短篇,東方
                                   章节数：1
                                   最后更新时间：2014-06-06T06:46:56.000Z
                                   =================================================
2026-04-02 23:51:13 - mkk_pika - database.py:101 - INFO - 保存成功：[ロケット調査室 (コザ)] こいフラDreamParty (東方Project)[Sheffiled個人漢化]
2026-04-02 23:51:13 - mkk_pika - main.py:35 - INFO - 开始检查[F／T (ken)] 妖怪の山痴漢電車 (東方Project)[CE汉化组]是否存在未下载章节
2026-04-02 23:51:13 - mkk_pika - main.py:45 - INFO - 正在下载:[[F／T (ken)] 妖怪の山痴漢電車 (東方Project)[CE汉化组]]-[[F／T (ken)] ]-[['短篇', '強暴', '東方']]-[total_pages:24]
2026-04-02 23:51:13 - mkk_pika - main.py:49 - INFO - [{'_id': '5821aa855f6b9a4f93f41a2b', 'title': '第1集', 'order': 1, 'updated_at': '2016-11-08T10:35:49.256Z', 'id': '5821aa855f6b9a4f93f41a2b'}]
2026-04-02 23:51:13 - mkk_pika - database.py:215 - INFO - 第一次下载该漫画，记录数据库中
2026-04-02 23:51:13 - mkk_pika - main.py:83 - INFO - 找到 24 张图片在:第1集
2026-04-02 23:51:14 - mkk_pika - main.py:112 - INFO - [episode:第1集       ] downloaded:    24, total:  24, progress:100%
2026-04-02 23:51:14 - mkk_pika - database.py:238 - INFO - 数据库更新已下载章节
2026-04-02 23:51:14 - mkk_pika - database.py:244 - INFO - 该漫画已下载章节如下
2026-04-02 23:51:14 - mkk_pika - database.py:245 - INFO - ['第1集']
2026-04-02 23:51:15 - mkk_pika - main.py:348 - INFO - ==================== 漫画信息 ====================
                                   漫画ID：5821aa845f6b9a4f93f41a29
                                   标题：[F／T (ken)] 妖怪の山痴漢電車 (東方Project)[CE汉化组]
                                   作者：[F／T (ken)] 
                                   是否完结：是
                                   总页数：24
                                   分类：短篇,強暴,東方
                                   章节数：1
                                   最后更新时间：2014-06-07T12:46:56.000Z
                                   =================================================
2026-04-02 23:51:15 - mkk_pika - database.py:101 - INFO - 保存成功：[F／T (ken)] 妖怪の山痴漢電車 (東方Project)[CE汉化组]
2026-04-02 23:51:15 - mkk_pika - main.py:35 - INFO - 开始检查[TWINBOX]魔法的紅香菇是否存在未下载章节
2026-04-02 23:51:16 - mkk_pika - main.py:45 - INFO - 正在下载:[[TWINBOX]魔法的紅香菇]-[[TWINBOX]]-[['短篇', '東方']]-[total_pages:22]
2026-04-02 23:51:16 - mkk_pika - main.py:49 - INFO - [{'_id': '5821aa865f6b9a4f93f41a99', 'title': '第1集', 'order': 1, 'updated_at': '2016-11-08T10:35:50.686Z', 'id': '5821aa865f6b9a4f93f41a99'}]
2026-04-02 23:51:16 - mkk_pika - database.py:215 - INFO - 第一次下载该漫画，记录数据库中
2026-04-02 23:51:16 - mkk_pika - main.py:83 - INFO - 找到 22 张图片在:第1集
2026-04-02 23:51:17 - mkk_pika - main.py:112 - INFO - [episode:第1集       ] downloaded:    22, total:  22, progress:100%
2026-04-02 23:51:17 - mkk_pika - database.py:238 - INFO - 数据库更新已下载章节
2026-04-02 23:51:17 - mkk_pika - database.py:244 - INFO - 该漫画已下载章节如下
2026-04-02 23:51:17 - mkk_pika - database.py:245 - INFO - ['第1集']
2026-04-02 23:51:18 - mkk_pika - main.py:348 - INFO - ==================== 漫画信息 ====================
                                   漫画ID：5821aa865f6b9a4f93f41a97
                                   标题：[TWINBOX]魔法的紅香菇
                                   作者：[TWINBOX]
                                   是否完结：是
                                   总页数：22
                                   分类：短篇,東方
                                   章节数：1
                                   最后更新时间：2014-06-08T08:46:56.000Z
                                   =================================================
2026-04-02 23:51:18 - mkk_pika - database.py:101 - INFO - 保存成功：[TWINBOX]魔法的紅香菇
2026-04-02 23:51:18 - mkk_pika - main.py:35 - INFO - 开始检查みんなやってるもん！ (COMIC LO 2016年4月号) [想抱雷妈汉化组]是否存在未下载章节
2026-04-02 23:51:18 - mkk_pika - main.py:45 - INFO - 正在下载:[みんなやってるもん！ (COMIC LO 2016年4月号) [想抱雷妈汉化组]]-[小路あゆむ]-[['同人', '短篇']]-[total_pages:19]
2026-04-02 23:51:18 - mkk_pika - main.py:49 - INFO - [{'_id': '5821aa875f6b9a4f93f41ac9', 'title': '第1集', 'order': 1, 'updated_at': '2016-11-08T10:35:51.130Z', 'id': '5821aa875f6b9a4f93f41ac9'}]
2026-04-02 23:51:18 - mkk_pika - database.py:215 - INFO - 第一次下载该漫画，记录数据库中
2026-04-02 23:51:19 - mkk_pika - main.py:83 - INFO - 找到 19 张图片在:第1集
2026-04-02 23:51:21 - mkk_pika - main.py:112 - INFO - [episode:第1集       ] downloaded:    19, total:  19, progress:100%
2026-04-02 23:51:21 - mkk_pika - database.py:238 - INFO - 数据库更新已下载章节
2026-04-02 23:51:21 - mkk_pika - database.py:244 - INFO - 该漫画已下载章节如下
2026-04-02 23:51:21 - mkk_pika - database.py:245 - INFO - ['第1集']
2026-04-02 23:51:23 - mkk_pika - main.py:348 - INFO - ==================== 漫画信息 ====================
                                   漫画ID：5821aa865f6b9a4f93f41ac7
                                   标题：みんなやってるもん！ (COMIC LO 2016年4月号) [想抱雷妈汉化组]
                                   作者：小路あゆむ
                                   是否完结：是
                                   总页数：19
                                   分类：同人,短篇
                                   章节数：1
                                   最后更新时间：2014-06-08T18:46:56.000Z
                                   =================================================
2026-04-02 23:51:23 - mkk_pika - database.py:101 - INFO - 保存成功：みんなやってるもん！ (COMIC LO 2016年4月号) [想抱雷妈汉化组]
2026-04-02 23:51:23 - mkk_pika - main.py:35 - INFO - 开始检查 どっちも　いいなり。 (COMIC LO 2016年04月号) [中国翻訳]是否存在未下载章节
2026-04-02 23:51:23 - mkk_pika - main.py:45 - INFO - 正在下载:[ どっちも　いいなり。 (COMIC LO 2016年04月号) [中国翻訳]]-[佐々原憂樹]-[['同人', '短篇']]-[total_pages:23]
2026-04-02 23:51:23 - mkk_pika - main.py:49 - INFO - [{'_id': '5821aa875f6b9a4f93f41af3', 'title': '第1集', 'order': 1, 'updated_at': '2016-11-08T10:35:51.548Z', 'id': '5821aa875f6b9a4f93f41af3'}]
2026-04-02 23:51:23 - mkk_pika - database.py:215 - INFO - 第一次下载该漫画，记录数据库中
2026-04-02 23:51:23 - mkk_pika - main.py:83 - INFO - 找到 23 张图片在:第1集
2026-04-02 23:51:24 - mkk_pika - main.py:112 - INFO - [episode:第1集       ] downloaded:    23, total:  23, progress:100%
2026-04-02 23:51:24 - mkk_pika - database.py:238 - INFO - 数据库更新已下载章节
2026-04-02 23:51:24 - mkk_pika - database.py:244 - INFO - 该漫画已下载章节如下
2026-04-02 23:51:24 - mkk_pika - database.py:245 - INFO - ['第1集']
2026-04-02 23:51:25 - mkk_pika - main.py:348 - INFO - ==================== 漫画信息 ====================
                                   漫画ID：5821aa875f6b9a4f93f41af1
                                   标题： どっちも　いいなり。 (COMIC LO 2016年04月号) [中国翻訳]
                                   作者：佐々原憂樹
                                   是否完结：是
                                   总页数：23
                                   分类：同人,短篇
                                   章节数：1
                                   最后更新时间：2014-06-09T04:46:56.000Z
                                   =================================================
2026-04-02 23:51:25 - mkk_pika - database.py:101 - INFO - 保存成功： どっちも　いいなり。 (COMIC LO 2016年04月号) [中国翻訳]
2026-04-02 23:51:25 - mkk_pika - main.py:35 - INFO - 开始检查リリカルきゅーと是否存在未下载章节
2026-04-02 23:51:26 - mkk_pika - main.py:45 - INFO - 正在下载:[リリカルきゅーと]-[藤坂リリック]-[['長篇', '後宮閃光', '妹妹系', '純愛']]-[total_pages:224]
2026-04-02 23:51:26 - mkk_pika - main.py:49 - INFO - [{'_id': '5821aa8a5f6b9a4f93f41e29', 'title': '第1集', 'order': 1, 'updated_at': '2016-11-08T10:35:54.771Z', 'id': '5821aa8a5f6b9a4f93f41e29'}]
2026-04-02 23:51:26 - mkk_pika - database.py:215 - INFO - 第一次下载该漫画，记录数据库中
2026-04-02 23:51:28 - mkk_pika - main.py:83 - INFO - 找到 224 张图片在:第1集
2026-04-02 23:51:33 - mkk_pika - main.py:112 - INFO - [episode:第1集       ] downloaded:   224, total: 224, progress:100%
2026-04-02 23:51:33 - mkk_pika - database.py:238 - INFO - 数据库更新已下载章节
2026-04-02 23:51:33 - mkk_pika - database.py:244 - INFO - 该漫画已下载章节如下
2026-04-02 23:51:33 - mkk_pika - database.py:245 - INFO - ['第1集']
2026-04-02 23:51:34 - mkk_pika - main.py:348 - INFO - ==================== 漫画信息 ====================
                                   漫画ID：5821aa8a5f6b9a4f93f41e27
                                   标题：リリカルきゅーと
                                   作者：藤坂リリック
                                   是否完结：是
                                   总页数：224
                                   分类：長篇,後宮閃光,妹妹系,純愛
                                   章节数：1
                                   最后更新时间：2014-06-10T10:46:56.000Z
                                   =================================================
2026-04-02 23:51:34 - mkk_pika - database.py:101 - INFO - 保存成功：リリカルきゅーと
2026-04-02 23:51:34 - mkk_pika - main.py:35 - INFO - 开始检查もっかいするの？是否存在未下载章节
2026-04-02 23:51:34 - mkk_pika - main.py:45 - INFO - 正在下载:[もっかいするの？]-[きんく]-[['長篇', '妹妹系', '足の恋', '單行本']]-[total_pages:220]
2026-04-02 23:51:34 - mkk_pika - main.py:49 - INFO - [{'_id': '6042554482253825a57bac9b', 'title': '第1話', 'order': 1, 'updated_at': '2021-03-05T15:50:06.332Z', 'id': '6042554482253825a57bac9b'}]
2026-04-02 23:51:34 - mkk_pika - database.py:215 - INFO - 第一次下载该漫画，记录数据库中
2026-04-02 23:51:37 - mkk_pika - main.py:83 - INFO - 找到 220 张图片在:第1話
2026-04-02 23:51:42 - mkk_pika - main.py:112 - INFO - [episode:第1話       ] downloaded:   220, total: 220, progress:100%
2026-04-02 23:51:42 - mkk_pika - database.py:238 - INFO - 数据库更新已下载章节
2026-04-02 23:51:42 - mkk_pika - database.py:244 - INFO - 该漫画已下载章节如下
2026-04-02 23:51:42 - mkk_pika - database.py:245 - INFO - ['第1話']
2026-04-02 23:51:43 - mkk_pika - main.py:348 - INFO - ==================== 漫画信息 ====================
                                   漫画ID：5821aa8d5f6b9a4f93f42069
                                   标题：もっかいするの？
                                   作者：きんく
                                   是否完结：是
                                   总页数：220
                                   分类：長篇,妹妹系,足の恋,單行本
                                   章节数：1
                                   最后更新时间：2014-06-11T16:46:56.000Z
                                   =================================================
2026-04-02 23:51:43 - mkk_pika - database.py:101 - INFO - 保存成功：もっかいするの？
2026-04-02 23:51:43 - mkk_pika - main.py:35 - INFO - 开始检查マンマ ミーア!是否存在未下载章节
2026-04-02 23:51:44 - mkk_pika - main.py:45 - INFO - 正在下载:[マンマ ミーア!]-[高津]-[['人妻', '長篇', '非人類', '姐姐系', '單行本']]-[total_pages:221]
2026-04-02 23:51:44 - mkk_pika - main.py:49 - INFO - [{'_id': '5821aa8f5f6b9a4f93f42223', 'title': '第1集', 'order': 1, 'updated_at': '2016-11-08T10:35:59.502Z', 'id': '5821aa8f5f6b9a4f93f42223'}]
2026-04-02 23:51:44 - mkk_pika - database.py:215 - INFO - 第一次下载该漫画，记录数据库中
2026-04-02 23:51:46 - mkk_pika - main.py:83 - INFO - 找到 221 张图片在:第1集
2026-04-02 23:51:51 - mkk_pika - main.py:112 - INFO - [episode:第1集       ] downloaded:   221, total: 221, progress:100%
2026-04-02 23:51:51 - mkk_pika - database.py:238 - INFO - 数据库更新已下载章节
2026-04-02 23:51:51 - mkk_pika - database.py:244 - INFO - 该漫画已下载章节如下
2026-04-02 23:51:51 - mkk_pika - database.py:245 - INFO - ['第1集']
2026-04-02 23:51:52 - mkk_pika - main.py:348 - INFO - ==================== 漫画信息 ====================
                                   漫画ID：5821aa8e5f6b9a4f93f42221
                                   标题：マンマ ミーア!
                                   作者：高津
                                   是否完结：是
                                   总页数：221
                                   分类：人妻,長篇,非人類,姐姐系,單行本
                                   章节数：1
                                   最后更新时间：2014-06-12T02:46:56.000Z
                                   =================================================
2026-04-02 23:51:52 - mkk_pika - database.py:101 - INFO - 保存成功：マンマ ミーア!
2026-04-02 23:51:52 - mkk_pika - main.py:35 - INFO - 开始检查【NE汉化】（僕ラブ9）『たみふる』純愛バスロマンス是否存在未下载章节
2026-04-02 23:51:52 - mkk_pika - main.py:45 - INFO - 正在下载:[【NE汉化】（僕ラブ9）『たみふる』純愛バスロマンス]-[たみふる]-[['同人', '短篇', '百合花園', 'Love Live', '純愛']]-[total_pages:24]
2026-04-02 23:51:52 - mkk_pika - main.py:49 - INFO - [{'_id': '5821aa915f6b9a4f93f423e1', 'title': '第1集', 'order': 1, 'updated_at': '2016-11-08T10:36:01.031Z', 'id': '5821aa915f6b9a4f93f423e1'}]
2026-04-02 23:51:52 - mkk_pika - database.py:215 - INFO - 第一次下载该漫画，记录数据库中
2026-04-02 23:51:53 - mkk_pika - main.py:83 - INFO - 找到 24 张图片在:第1集
2026-04-02 23:51:53 - mkk_pika - main.py:112 - INFO - [episode:第1集       ] downloaded:    24, total:  24, progress:100%
2026-04-02 23:51:53 - mkk_pika - database.py:238 - INFO - 数据库更新已下载章节
2026-04-02 23:51:53 - mkk_pika - database.py:244 - INFO - 该漫画已下载章节如下
2026-04-02 23:51:53 - mkk_pika - database.py:245 - INFO - ['第1集']
2026-04-02 23:51:55 - mkk_pika - main.py:348 - INFO - ==================== 漫画信息 ====================
                                   漫画ID：5821aa905f6b9a4f93f423df
                                   标题：【NE汉化】（僕ラブ9）『たみふる』純愛バスロマンス
                                   作者：たみふる
                                   是否完结：是
                                   总页数：24
                                   分类：同人,短篇,百合花園,Love Live,純愛
                                   章节数：1
                                   最后更新时间：2014-06-12T12:46:56.000Z
                                   =================================================
2026-04-02 23:51:55 - mkk_pika - database.py:101 - INFO - 保存成功：【NE汉化】（僕ラブ9）『たみふる』純愛バスロマンス
2026-04-02 23:51:55 - mkk_pika - main.py:35 - INFO - 开始检查[脸肿汉化组] (サンクリ2016 Winter) [「つ」がみっつ。 (つっつ)] 仮設トイレ三丁目是否存在未下载章节
2026-04-02 23:51:55 - mkk_pika - main.py:45 - INFO - 正在下载:[[脸肿汉化组] (サンクリ2016 Winter) [「つ」がみっつ。 (つっつ)] 仮設トイレ三丁目]-[「つ」がみっつ。 (つっつ)]-[['同人', '短篇']]-[total_pages:26]
2026-04-02 23:51:55 - mkk_pika - main.py:49 - INFO - [{'_id': '5821aa925f6b9a4f93f42451', 'title': '第1集', 'order': 1, 'updated_at': '2016-11-08T10:36:02.325Z', 'id': '5821aa925f6b9a4f93f42451'}]
2026-04-02 23:51:55 - mkk_pika - database.py:215 - INFO - 第一次下载该漫画，记录数据库中
2026-04-02 23:51:56 - mkk_pika - main.py:83 - INFO - 找到 26 张图片在:第1集
2026-04-02 23:51:56 - mkk_pika - main.py:112 - INFO - [episode:第1集       ] downloaded:    26, total:  26, progress:100%
2026-04-02 23:51:56 - mkk_pika - database.py:238 - INFO - 数据库更新已下载章节
2026-04-02 23:51:56 - mkk_pika - database.py:244 - INFO - 该漫画已下载章节如下
2026-04-02 23:51:56 - mkk_pika - database.py:245 - INFO - ['第1集']
2026-04-02 23:51:58 - mkk_pika - main.py:348 - INFO - ==================== 漫画信息 ====================
                                   漫画ID：5821aa925f6b9a4f93f4244f
                                   标题：[脸肿汉化组] (サンクリ2016 Winter) [「つ」がみっつ。 (つっつ)] 仮設トイレ三丁目
                                   作者：「つ」がみっつ。 (つっつ)
                                   是否完结：是
                                   总页数：26
                                   分类：同人,短篇
                                   章节数：1
                                   最后更新时间：2014-06-13T08:46:56.000Z
                                   =================================================
2026-04-02 23:51:58 - mkk_pika - database.py:101 - INFO - 保存成功：[脸肿汉化组] (サンクリ2016 Winter) [「つ」がみっつ。 (つっつ)] 仮設トイレ三丁目
2026-04-02 23:51:58 - mkk_pika - main.py:380 - INFO - 本次任务下载完毕
2026-04-02 23:51:58 - mkk_pika - database.py:173 - INFO - 数据库连接已关闭
