2026-02-25 23:39:15 - mkk_pika - main.py:193 - INFO - =======================================================================
2026-02-25 23:39:15 - mkk_pika - database.py:61 - INFO - 表和索引初始化成功
2026-02-25 23:39:15 - mkk_pika - main.py:197 - INFO - 已经累计下载2581本漫画
2026-02-25 23:39:15 - mkk_pika - api.py:87 - INFO - 登录成功
2026-02-25 23:39:16 - mkk_pika - main.py:203 - INFO - 收藏夹共计0本漫画
2026-02-25 23:39:16 - mkk_pika - main.py:206 - INFO - 开始下载收藏夹内未下载内容
2026-02-25 23:39:16 - mkk_pika - main.py:266 - INFO - 收藏夹内容下载完毕
2026-02-25 23:39:16 - mkk_pika - main.py:268 - INFO - 开始下载订阅内容
2026-02-25 23:39:16 - mkk_pika - database.py:258 - INFO - 根据ID查询到标题：萝莉 -> (C106) cutie buds
2026-02-25 23:39:17 - mkk_pika - database.py:101 - INFO - 保存成功：(C106) cutie buds
2026-02-25 23:39:17 - mkk_pika - main.py:273 - INFO - 关键词萝莉找到0本漫画
2026-02-25 23:39:17 - mkk_pika - database.py:258 - INFO - 根据ID查询到标题：蘿莉 -> 地球の犯し方 総集編Part1 [DL版][中国翻译]
2026-02-25 23:39:17 - mkk_pika - database.py:101 - INFO - 保存成功：[PIXIV] AIうえお (118437861)（AI）
2026-02-25 23:39:17 - mkk_pika - main.py:273 - INFO - 关键词蘿莉找到0本漫画
2026-02-25 23:39:17 - mkk_pika - main.py:275 - INFO - 订阅内容共计0本漫画
2026-02-25 23:39:17 - mkk_pika - main.py:323 - INFO - 订阅内容内容下载完毕
2026-02-25 23:39:17 - mkk_pika - main.py:324 - INFO - 开始分批下载全部章节
2026-02-25 23:39:17 - mkk_pika - database.py:280 - INFO - 表和索引初始化成功
2026-02-25 23:39:18 - mkk_pika - main.py:177 - INFO - 已经下载了129页，一共6760页，现在开始添加第130页
2026-02-25 23:39:18 - mkk_pika - database.py:318 - INFO - 保存成功
2026-02-25 23:39:19 - mkk_pika - main.py:177 - INFO - 已经下载了130页，一共6760页，现在开始添加第131页
2026-02-25 23:39:19 - mkk_pika - database.py:318 - INFO - 保存成功
2026-02-25 23:39:19 - mkk_pika - main.py:331 - INFO - 分批下载共计30本漫画
2026-02-25 23:39:19 - mkk_pika - main.py:35 - INFO - 开始检查魔性の潮【无剧情无H】是否存在未下载章节
2026-02-25 23:39:19 - mkk_pika - main.py:45 - INFO - 正在下载:[魔性の潮【无剧情无H】]-[比村奇石（Strangestone）]-[['同人', '短篇', '艦隊收藏']]-[total_pages:130]
2026-02-25 23:39:19 - mkk_pika - main.py:49 - INFO - [{'_id': '5821943b5f6b9a4f93e6957f', 'title': '第1集', 'order': 1, 'updated_at': '2016-11-08T09:00:43.194Z', 'id': '5821943b5f6b9a4f93e6957f'}, {'_id': '5821943b5f6b9a4f93e695fd', 'title': '第2集', 'order': 2, 'updated_at': '2016-11-08T09:00:43.722Z', 'id': '5821943b5f6b9a4f93e695fd'}, {'_id': '5821943c5f6b9a4f93e6964f', 'title': '第3集', 'order': 3, 'updated_at': '2016-11-08T09:00:44.498Z', 'id': '5821943c5f6b9a4f93e6964f'}, {'_id': '5821943c5f6b9a4f93e6966b', 'title': '第4集', 'order': 4, 'updated_at': '2016-11-08T09:00:44.823Z', 'id': '5821943c5f6b9a4f93e6966b'}]
2026-02-25 23:39:19 - mkk_pika - database.py:215 - INFO - 第一次下载该漫画，记录数据库中
2026-02-25 23:39:20 - mkk_pika - main.py:83 - INFO - 找到 62 张图片在:第1集
2026-02-25 23:39:23 - mkk_pika - main.py:112 - INFO - [episode:第1集       ] downloaded:    62, total:  62, progress:100%
2026-02-25 23:39:23 - mkk_pika - database.py:238 - INFO - 数据库更新已下载章节
2026-02-25 23:39:23 - mkk_pika - database.py:244 - INFO - 该漫画已下载章节如下
2026-02-25 23:39:23 - mkk_pika - database.py:245 - INFO - ['第1集']
2026-02-25 23:39:24 - mkk_pika - main.py:83 - INFO - 找到 40 张图片在:第2集
2026-02-25 23:39:26 - mkk_pika - main.py:112 - INFO - [episode:第2集       ] downloaded:    40, total:  40, progress:100%
2026-02-25 23:39:26 - mkk_pika - database.py:238 - INFO - 数据库更新已下载章节
2026-02-25 23:39:26 - mkk_pika - database.py:244 - INFO - 该漫画已下载章节如下
2026-02-25 23:39:26 - mkk_pika - database.py:245 - INFO - ['第1集', '第2集']
2026-02-25 23:39:28 - mkk_pika - main.py:83 - INFO - 找到 13 张图片在:第3集
2026-02-25 23:39:28 - mkk_pika - main.py:112 - INFO - [episode:第3集       ] downloaded:    13, total:  13, progress:100%
2026-02-25 23:39:28 - mkk_pika - database.py:238 - INFO - 数据库更新已下载章节
2026-02-25 23:39:28 - mkk_pika - database.py:244 - INFO - 该漫画已下载章节如下
2026-02-25 23:39:28 - mkk_pika - database.py:245 - INFO - ['第1集', '第2集', '第3集']
2026-02-25 23:39:30 - mkk_pika - main.py:83 - INFO - 找到 15 张图片在:第4集
2026-02-25 23:39:30 - mkk_pika - main.py:112 - INFO - [episode:第4集       ] downloaded:    15, total:  15, progress:100%
2026-02-25 23:39:30 - mkk_pika - database.py:238 - INFO - 数据库更新已下载章节
2026-02-25 23:39:30 - mkk_pika - database.py:244 - INFO - 该漫画已下载章节如下
2026-02-25 23:39:30 - mkk_pika - database.py:245 - INFO - ['第1集', '第2集', '第3集', '第4集']
2026-02-25 23:39:32 - mkk_pika - main.py:348 - INFO - ==================== 漫画信息 ====================
                                   漫画ID：5821943a5f6b9a4f93e6957d
                                   标题：魔性の潮【无剧情无H】
                                   作者：比村奇石（Strangestone）
                                   是否完结：是
                                   总页数：130
                                   分类：同人,短篇,艦隊收藏
                                   章节数：4
                                   最后更新时间：2010-02-27T16:47:15.000Z
                                   =================================================
2026-02-25 23:39:32 - mkk_pika - database.py:101 - INFO - 保存成功：魔性の潮【无剧情无H】
2026-02-25 23:39:32 - mkk_pika - main.py:35 - INFO - 开始检查(C88)パチ物語 Part10 こよみダイアリー (化物語同人)是否存在未下载章节
2026-02-25 23:39:32 - mkk_pika - main.py:45 - INFO - 正在下载:[(C88)パチ物語 Part10 こよみダイアリー (化物語同人)]-[薬味紅生姜]-[['同人', '短篇', '後宮閃光']]-[total_pages:30]
2026-02-25 23:39:32 - mkk_pika - main.py:49 - INFO - [{'_id': '5821943d5f6b9a4f93e6968d', 'title': '第1集', 'order': 1, 'updated_at': '2016-11-08T09:00:45.195Z', 'id': '5821943d5f6b9a4f93e6968d'}]
2026-02-25 23:39:32 - mkk_pika - database.py:215 - INFO - 第一次下载该漫画，记录数据库中
2026-02-25 23:39:33 - mkk_pika - main.py:83 - INFO - 找到 30 张图片在:第1集
2026-02-25 23:39:34 - mkk_pika - main.py:112 - INFO - [episode:第1集       ] downloaded:    30, total:  30, progress:100%
2026-02-25 23:39:34 - mkk_pika - database.py:238 - INFO - 数据库更新已下载章节
2026-02-25 23:39:34 - mkk_pika - database.py:244 - INFO - 该漫画已下载章节如下
2026-02-25 23:39:34 - mkk_pika - database.py:245 - INFO - ['第1集']
2026-02-25 23:39:35 - mkk_pika - main.py:348 - INFO - ==================== 漫画信息 ====================
                                   漫画ID：5821943c5f6b9a4f93e6968b
                                   标题：(C88)パチ物語 Part10 こよみダイアリー (化物語同人)
                                   作者：薬味紅生姜
                                   是否完结：是
                                   总页数：30
                                   分类：同人,短篇,後宮閃光
                                   章节数：1
                                   最后更新时间：2010-02-28T02:47:15.000Z
                                   =================================================
2026-02-25 23:39:35 - mkk_pika - database.py:101 - INFO - 保存成功：(C88)パチ物語 Part10 こよみダイアリー (化物語同人)
2026-02-25 23:39:35 - mkk_pika - main.py:35 - INFO - 开始检查お姉ちゃんのココも気持ちいい是否存在未下载章节
2026-02-25 23:39:36 - mkk_pika - main.py:45 - INFO - 正在下载:[お姉ちゃんのココも気持ちいい]-[猫玄]-[['同人', '長篇', '姐姐系', '純愛']]-[total_pages:188]
2026-02-25 23:39:36 - mkk_pika - main.py:49 - INFO - [{'_id': '5821943f5f6b9a4f93e69791', 'title': '第1集', 'order': 1, 'updated_at': '2016-11-08T09:00:47.184Z', 'id': '5821943f5f6b9a4f93e69791'}]
2026-02-25 23:39:36 - mkk_pika - database.py:215 - INFO - 第一次下载该漫画，记录数据库中
2026-02-25 23:39:37 - mkk_pika - main.py:83 - INFO - 找到 188 张图片在:第1集
2026-02-25 23:39:45 - mkk_pika - main.py:112 - INFO - [episode:第1集       ] downloaded:   188, total: 188, progress:100%
2026-02-25 23:39:45 - mkk_pika - database.py:238 - INFO - 数据库更新已下载章节
2026-02-25 23:39:45 - mkk_pika - database.py:244 - INFO - 该漫画已下载章节如下
2026-02-25 23:39:45 - mkk_pika - database.py:245 - INFO - ['第1集']
2026-02-25 23:39:46 - mkk_pika - main.py:348 - INFO - ==================== 漫画信息 ====================
                                   漫画ID：5821943e5f6b9a4f93e6978f
                                   标题：お姉ちゃんのココも気持ちいい
                                   作者：猫玄
                                   是否完结：是
                                   总页数：188
                                   分类：同人,長篇,姐姐系,純愛
                                   章节数：1
                                   最后更新时间：2010-03-01T18:47:15.000Z
                                   =================================================
2026-02-25 23:39:46 - mkk_pika - database.py:101 - INFO - 保存成功：お姉ちゃんのココも気持ちいい
2026-02-25 23:39:46 - mkk_pika - main.py:35 - INFO - 开始检查Fantastic Lover是否存在未下载章节
2026-02-25 23:39:47 - mkk_pika - main.py:45 - INFO - 正在下载:[Fantastic Lover]-[長谷川ユキノ]-[['同人', '長篇', '純愛']]-[total_pages:198]
2026-02-25 23:39:47 - mkk_pika - main.py:49 - INFO - [{'_id': '5821943f5f6b9a4f93e6990d', 'title': '第1集', 'order': 1, 'updated_at': '2016-11-08T09:00:47.913Z', 'id': '5821943f5f6b9a4f93e6990d'}]
2026-02-25 23:39:47 - mkk_pika - database.py:215 - INFO - 第一次下载该漫画，记录数据库中
2026-02-25 23:39:49 - mkk_pika - main.py:83 - INFO - 找到 198 张图片在:第1集
2026-02-25 23:39:57 - mkk_pika - main.py:112 - INFO - [episode:第1集       ] downloaded:   198, total: 198, progress:100%
2026-02-25 23:39:57 - mkk_pika - database.py:238 - INFO - 数据库更新已下载章节
2026-02-25 23:39:57 - mkk_pika - database.py:244 - INFO - 该漫画已下载章节如下
2026-02-25 23:39:57 - mkk_pika - database.py:245 - INFO - ['第1集']
2026-02-25 23:39:58 - mkk_pika - main.py:348 - INFO - ==================== 漫画信息 ====================
                                   漫画ID：5821943f5f6b9a4f93e6990b
                                   标题：Fantastic Lover
                                   作者：長谷川ユキノ
                                   是否完结：是
                                   总页数：198
                                   分类：同人,長篇,純愛
                                   章节数：1
                                   最后更新时间：2010-03-02T04:47:15.000Z
                                   =================================================
2026-02-25 23:39:58 - mkk_pika - database.py:101 - INFO - 保存成功：Fantastic Lover
2026-02-25 23:39:58 - mkk_pika - main.py:35 - INFO - 开始检查(C88)ラブライフ! (Love Live!同人)是否存在未下载章节
2026-02-25 23:39:58 - mkk_pika - main.py:45 - INFO - 正在下载:[(C88)ラブライフ! (Love Live!同人)]-[お嬢の浴室 (AYA, 鉄人)]-[['同人', '短篇', 'Love Live']]-[total_pages:20]
2026-02-25 23:39:58 - mkk_pika - main.py:49 - INFO - [{'_id': '582194405f6b9a4f93e69a9d', 'title': '第1集', 'order': 1, 'updated_at': '2016-11-08T09:00:48.725Z', 'id': '582194405f6b9a4f93e69a9d'}]
2026-02-25 23:39:58 - mkk_pika - database.py:215 - INFO - 第一次下载该漫画，记录数据库中
2026-02-25 23:39:59 - mkk_pika - main.py:83 - INFO - 找到 20 张图片在:第1集
2026-02-25 23:40:00 - mkk_pika - main.py:112 - INFO - [episode:第1集       ] downloaded:    20, total:  20, progress:100%
2026-02-25 23:40:00 - mkk_pika - database.py:238 - INFO - 数据库更新已下载章节
2026-02-25 23:40:00 - mkk_pika - database.py:244 - INFO - 该漫画已下载章节如下
2026-02-25 23:40:00 - mkk_pika - database.py:245 - INFO - ['第1集']
2026-02-25 23:40:01 - mkk_pika - main.py:348 - INFO - ==================== 漫画信息 ====================
                                   漫画ID：582194405f6b9a4f93e69a9b
                                   标题：(C88)ラブライフ! (Love Live!同人)
                                   作者：お嬢の浴室 (AYA, 鉄人)
                                   是否完结：是
                                   总页数：20
                                   分类：同人,短篇,Love Live
                                   章节数：1
                                   最后更新时间：2010-03-02T14:47:15.000Z
                                   =================================================
2026-02-25 23:40:01 - mkk_pika - database.py:101 - INFO - 保存成功：(C88)ラブライフ! (Love Live!同人)
2026-02-25 23:40:01 - mkk_pika - main.py:35 - INFO - 开始检查(C88)国立艦隊ようちえん 拾+加筆 (艦隊これくしょん -艦これ-)是否存在未下载章节
2026-02-25 23:40:02 - mkk_pika - main.py:45 - INFO - 正在下载:[(C88)国立艦隊ようちえん 拾+加筆 (艦隊これくしょん -艦これ-)]-[こるり屋 (こるり)]-[['同人', '短篇', '艦隊收藏']]-[total_pages:36]
2026-02-25 23:40:02 - mkk_pika - main.py:49 - INFO - [{'_id': '582194415f6b9a4f93e69ac9', 'title': '第1集', 'order': 1, 'updated_at': '2016-11-08T09:00:49.340Z', 'id': '582194415f6b9a4f93e69ac9'}]
2026-02-25 23:40:02 - mkk_pika - database.py:215 - INFO - 第一次下载该漫画，记录数据库中
2026-02-25 23:40:02 - mkk_pika - main.py:83 - INFO - 找到 36 张图片在:第1集
2026-02-25 23:40:04 - mkk_pika - main.py:112 - INFO - [episode:第1集       ] downloaded:    36, total:  36, progress:100%
2026-02-25 23:40:04 - mkk_pika - database.py:238 - INFO - 数据库更新已下载章节
2026-02-25 23:40:04 - mkk_pika - database.py:244 - INFO - 该漫画已下载章节如下
2026-02-25 23:40:04 - mkk_pika - database.py:245 - INFO - ['第1集']
2026-02-25 23:40:05 - mkk_pika - main.py:348 - INFO - ==================== 漫画信息 ====================
                                   漫画ID：582194405f6b9a4f93e69ac7
                                   标题：(C88)国立艦隊ようちえん 拾+加筆 (艦隊これくしょん -艦これ-)
                                   作者：こるり屋 (こるり)
                                   是否完结：是
                                   总页数：36
                                   分类：同人,短篇,艦隊收藏
                                   章节数：1
                                   最后更新时间：2010-03-03T00:47:15.000Z
                                   =================================================
2026-02-25 23:40:05 - mkk_pika - database.py:101 - INFO - 保存成功：(C88)国立艦隊ようちえん 拾+加筆 (艦隊これくしょん -艦これ-)
2026-02-25 23:40:05 - mkk_pika - main.py:35 - INFO - 开始检查(C88)秋夜ニ想フ (艦隊これくしょん -艦これ-)是否存在未下载章节
2026-02-25 23:40:05 - mkk_pika - main.py:45 - INFO - 正在下载:[(C88)秋夜ニ想フ (艦隊これくしょん -艦これ-)]-[In The Sky (中乃空)]-[['同人', '短篇', '艦隊收藏']]-[total_pages:27]
2026-02-25 23:40:05 - mkk_pika - main.py:49 - INFO - [{'_id': '582194415f6b9a4f93e69b15', 'title': '第1集', 'order': 1, 'updated_at': '2016-11-08T09:00:49.730Z', 'id': '582194415f6b9a4f93e69b15'}]
2026-02-25 23:40:05 - mkk_pika - database.py:215 - INFO - 第一次下载该漫画，记录数据库中
2026-02-25 23:40:06 - mkk_pika - main.py:83 - INFO - 找到 27 张图片在:第1集
2026-02-25 23:40:07 - mkk_pika - main.py:112 - INFO - [episode:第1集       ] downloaded:    27, total:  27, progress:100%
2026-02-25 23:40:07 - mkk_pika - database.py:238 - INFO - 数据库更新已下载章节
2026-02-25 23:40:07 - mkk_pika - database.py:244 - INFO - 该漫画已下载章节如下
2026-02-25 23:40:07 - mkk_pika - database.py:245 - INFO - ['第1集']
2026-02-25 23:40:08 - mkk_pika - main.py:348 - INFO - ==================== 漫画信息 ====================
                                   漫画ID：582194415f6b9a4f93e69b13
                                   标题：(C88)秋夜ニ想フ (艦隊これくしょん -艦これ-)
                                   作者：In The Sky (中乃空)
                                   是否完结：是
                                   总页数：27
                                   分类：同人,短篇,艦隊收藏
                                   章节数：1
                                   最后更新时间：2010-03-03T10:47:15.000Z
                                   =================================================
2026-02-25 23:40:08 - mkk_pika - database.py:101 - INFO - 保存成功：(C88)秋夜ニ想フ (艦隊これくしょん -艦これ-)
2026-02-25 23:40:08 - mkk_pika - main.py:35 - INFO - 开始检查(C88)やはり処女の私は間違っていいじゃない。 (やはり俺の青春ラブコメはまちがっている)是否存在未下载章节
2026-02-25 23:40:09 - mkk_pika - main.py:45 - INFO - 正在下载:[(C88)やはり処女の私は間違っていいじゃない。 (やはり俺の青春ラブコメはまちがっている)]-[TwinBox (Maki、Tama)]-[['同人', '短篇', '純愛']]-[total_pages:21]
2026-02-25 23:40:09 - mkk_pika - main.py:49 - INFO - [{'_id': '582194425f6b9a4f93e69b4f', 'title': '第1集', 'order': 1, 'updated_at': '2016-11-08T09:00:50.166Z', 'id': '582194425f6b9a4f93e69b4f'}]
2026-02-25 23:40:09 - mkk_pika - database.py:215 - INFO - 第一次下载该漫画，记录数据库中
2026-02-25 23:40:09 - mkk_pika - main.py:83 - INFO - 找到 21 张图片在:第1集
2026-02-25 23:40:10 - mkk_pika - main.py:112 - INFO - [episode:第1集       ] downloaded:    21, total:  21, progress:100%
2026-02-25 23:40:10 - mkk_pika - database.py:238 - INFO - 数据库更新已下载章节
2026-02-25 23:40:10 - mkk_pika - database.py:244 - INFO - 该漫画已下载章节如下
2026-02-25 23:40:10 - mkk_pika - database.py:245 - INFO - ['第1集']
2026-02-25 23:40:12 - mkk_pika - main.py:348 - INFO - ==================== 漫画信息 ====================
                                   漫画ID：582194415f6b9a4f93e69b4d
                                   标题：(C88)やはり処女の私は間違っていいじゃない。 (やはり俺の青春ラブコメはまちがっている)
                                   作者：TwinBox (Maki、Tama)
                                   是否完结：是
                                   总页数：21
                                   分类：同人,短篇,純愛
                                   章节数：1
                                   最后更新时间：2010-03-03T20:47:15.000Z
                                   =================================================
2026-02-25 23:40:12 - mkk_pika - database.py:101 - INFO - 保存成功：(C88)やはり処女の私は間違っていいじゃない。 (やはり俺の青春ラブコメはまちがっている)
2026-02-25 23:40:12 - mkk_pika - main.py:35 - INFO - 开始检查(C88)ESTROUS SHOWER!(艦隊これくしょん-艦これ-)是否存在未下载章节
2026-02-25 23:40:12 - mkk_pika - main.py:45 - INFO - 正在下载:[(C88)ESTROUS SHOWER!(艦隊これくしょん-艦これ-)]-[ヘルフレグランス ( 空木あんぐ)]-[['同人', '短篇', '艦隊收藏', '純愛']]-[total_pages:23]
2026-02-25 23:40:12 - mkk_pika - main.py:49 - INFO - [{'_id': '582194425f6b9a4f93e69b7d', 'title': '第1集', 'order': 1, 'updated_at': '2016-11-08T09:00:50.822Z', 'id': '582194425f6b9a4f93e69b7d'}]
2026-02-25 23:40:12 - mkk_pika - database.py:215 - INFO - 第一次下载该漫画，记录数据库中
2026-02-25 23:40:13 - mkk_pika - main.py:83 - INFO - 找到 23 张图片在:第1集
2026-02-25 23:40:14 - mkk_pika - main.py:112 - INFO - [episode:第1集       ] downloaded:    23, total:  23, progress:100%
2026-02-25 23:40:14 - mkk_pika - database.py:238 - INFO - 数据库更新已下载章节
2026-02-25 23:40:14 - mkk_pika - database.py:244 - INFO - 该漫画已下载章节如下
2026-02-25 23:40:14 - mkk_pika - database.py:245 - INFO - ['第1集']
2026-02-25 23:40:15 - mkk_pika - main.py:348 - INFO - ==================== 漫画信息 ====================
                                   漫画ID：582194425f6b9a4f93e69b7b
                                   标题：(C88)ESTROUS SHOWER!(艦隊これくしょん-艦これ-)
                                   作者：ヘルフレグランス ( 空木あんぐ)
                                   是否完结：是
                                   总页数：23
                                   分类：同人,短篇,艦隊收藏,純愛
                                   章节数：1
                                   最后更新时间：2010-03-04T06:47:15.000Z
                                   =================================================
2026-02-25 23:40:15 - mkk_pika - database.py:101 - INFO - 保存成功：(C88)ESTROUS SHOWER!(艦隊これくしょん-艦これ-)
2026-02-25 23:40:15 - mkk_pika - main.py:35 - INFO - 开始检查(C88)オトナサマーなのです! (艦隊これくしょん -艦これ-)是否存在未下载章节
2026-02-25 23:40:15 - mkk_pika - main.py:45 - INFO - 正在下载:[(C88)オトナサマーなのです! (艦隊これくしょん -艦これ-)]-[うつらうららか (えれっと)]-[['同人', '短篇', '艦隊收藏']]-[total_pages:27]
2026-02-25 23:40:15 - mkk_pika - main.py:49 - INFO - [{'_id': '582194435f6b9a4f93e69baf', 'title': '第1集', 'order': 1, 'updated_at': '2016-11-08T09:00:51.225Z', 'id': '582194435f6b9a4f93e69baf'}]
2026-02-25 23:40:15 - mkk_pika - database.py:215 - INFO - 第一次下载该漫画，记录数据库中
2026-02-25 23:40:16 - mkk_pika - main.py:83 - INFO - 找到 27 张图片在:第1集
2026-02-25 23:40:17 - mkk_pika - main.py:112 - INFO - [episode:第1集       ] downloaded:    27, total:  27, progress:100%
2026-02-25 23:40:17 - mkk_pika - database.py:238 - INFO - 数据库更新已下载章节
2026-02-25 23:40:17 - mkk_pika - database.py:244 - INFO - 该漫画已下载章节如下
2026-02-25 23:40:17 - mkk_pika - database.py:245 - INFO - ['第1集']
2026-02-25 23:40:18 - mkk_pika - main.py:348 - INFO - ==================== 漫画信息 ====================
                                   漫画ID：582194425f6b9a4f93e69bad
                                   标题：(C88)オトナサマーなのです! (艦隊これくしょん -艦これ-)
                                   作者：うつらうららか (えれっと)
                                   是否完结：是
                                   总页数：27
                                   分类：同人,短篇,艦隊收藏
                                   章节数：1
                                   最后更新时间：2010-03-04T16:47:15.000Z
                                   =================================================
2026-02-25 23:40:18 - mkk_pika - database.py:101 - INFO - 保存成功：(C88)オトナサマーなのです! (艦隊これくしょん -艦これ-)
2026-02-25 23:40:18 - mkk_pika - main.py:35 - INFO - 开始检查(C88)ちくま改二で!!(艦隊これくしょん-艦これ-)是否存在未下载章节
2026-02-25 23:40:19 - mkk_pika - main.py:45 - INFO - 正在下载:[(C88)ちくま改二で!!(艦隊これくしょん-艦これ-)]-[ぎんしゃり。(石鎚ぎんこ)]-[['同人', '短篇', '艦隊收藏', '純愛']]-[total_pages:21]
2026-02-25 23:40:19 - mkk_pika - main.py:49 - INFO - [{'_id': '582194435f6b9a4f93e69be9', 'title': '第1集', 'order': 1, 'updated_at': '2016-11-08T09:00:51.633Z', 'id': '582194435f6b9a4f93e69be9'}]
2026-02-25 23:40:19 - mkk_pika - database.py:215 - INFO - 第一次下载该漫画，记录数据库中
2026-02-25 23:40:19 - mkk_pika - main.py:83 - INFO - 找到 21 张图片在:第1集
2026-02-25 23:40:20 - mkk_pika - main.py:112 - INFO - [episode:第1集       ] downloaded:    21, total:  21, progress:100%
2026-02-25 23:40:20 - mkk_pika - database.py:238 - INFO - 数据库更新已下载章节
2026-02-25 23:40:20 - mkk_pika - database.py:244 - INFO - 该漫画已下载章节如下
2026-02-25 23:40:20 - mkk_pika - database.py:245 - INFO - ['第1集']
2026-02-25 23:40:22 - mkk_pika - main.py:348 - INFO - ==================== 漫画信息 ====================
                                   漫画ID：582194435f6b9a4f93e69be7
                                   标题：(C88)ちくま改二で!!(艦隊これくしょん-艦これ-)
                                   作者：ぎんしゃり。(石鎚ぎんこ)
                                   是否完结：是
                                   总页数：21
                                   分类：同人,短篇,艦隊收藏,純愛
                                   章节数：1
                                   最后更新时间：2010-03-05T02:47:15.000Z
                                   =================================================
2026-02-25 23:40:22 - mkk_pika - database.py:101 - INFO - 保存成功：(C88)ちくま改二で!!(艦隊これくしょん-艦これ-)
2026-02-25 23:40:22 - mkk_pika - main.py:35 - INFO - 开始检查みこなぶりっ是否存在未下载章节
2026-02-25 23:40:22 - mkk_pika - main.py:45 - INFO - 正在下载:[みこなぶりっ]-[朝倉満]-[['同人', '長篇', '純愛']]-[total_pages:177]
2026-02-25 23:40:22 - mkk_pika - main.py:49 - INFO - [{'_id': '582194435f6b9a4f93e69c17', 'title': '第1集', 'order': 1, 'updated_at': '2016-11-08T09:00:51.969Z', 'id': '582194435f6b9a4f93e69c17'}]
2026-02-25 23:40:22 - mkk_pika - database.py:215 - INFO - 第一次下载该漫画，记录数据库中
2026-02-25 23:40:24 - mkk_pika - main.py:83 - INFO - 找到 177 张图片在:第1集
2026-02-25 23:40:31 - mkk_pika - main.py:112 - INFO - [episode:第1集       ] downloaded:   177, total: 177, progress:100%
2026-02-25 23:40:31 - mkk_pika - database.py:238 - INFO - 数据库更新已下载章节
2026-02-25 23:40:31 - mkk_pika - database.py:244 - INFO - 该漫画已下载章节如下
2026-02-25 23:40:31 - mkk_pika - database.py:245 - INFO - ['第1集']
2026-02-25 23:40:32 - mkk_pika - main.py:348 - INFO - ==================== 漫画信息 ====================
                                   漫画ID：582194435f6b9a4f93e69c15
                                   标题：みこなぶりっ
                                   作者：朝倉満
                                   是否完结：是
                                   总页数：177
                                   分类：同人,長篇,純愛
                                   章节数：1
                                   最后更新时间：2010-03-05T12:47:15.000Z
                                   =================================================
2026-02-25 23:40:32 - mkk_pika - database.py:101 - INFO - 保存成功：みこなぶりっ
2026-02-25 23:40:32 - mkk_pika - main.py:35 - INFO - 开始检查(C88)メイドノキモチ (東方Project)是否存在未下载章节
2026-02-25 23:40:33 - mkk_pika - main.py:45 - INFO - 正在下载:[(C88)メイドノキモチ (東方Project)]-[うぉーたーどろっぷ (MA-SA)]-[['同人', '短篇', '後宮閃光', '東方']]-[total_pages:34]
2026-02-25 23:40:33 - mkk_pika - main.py:49 - INFO - [{'_id': '582194455f6b9a4f93e69d7d', 'title': '第1集', 'order': 1, 'updated_at': '2016-11-08T09:00:53.852Z', 'id': '582194455f6b9a4f93e69d7d'}]
2026-02-25 23:40:33 - mkk_pika - database.py:215 - INFO - 第一次下载该漫画，记录数据库中
2026-02-25 23:40:33 - mkk_pika - main.py:83 - INFO - 找到 34 张图片在:第1集
2026-02-25 23:40:35 - mkk_pika - main.py:112 - INFO - [episode:第1集       ] downloaded:    34, total:  34, progress:100%
2026-02-25 23:40:35 - mkk_pika - database.py:238 - INFO - 数据库更新已下载章节
2026-02-25 23:40:35 - mkk_pika - database.py:244 - INFO - 该漫画已下载章节如下
2026-02-25 23:40:35 - mkk_pika - database.py:245 - INFO - ['第1集']
2026-02-25 23:40:36 - mkk_pika - main.py:348 - INFO - ==================== 漫画信息 ====================
                                   漫画ID：582194455f6b9a4f93e69d7b
                                   标题：(C88)メイドノキモチ (東方Project)
                                   作者：うぉーたーどろっぷ (MA-SA)
                                   是否完结：是
                                   总页数：34
                                   分类：同人,短篇,後宮閃光,東方
                                   章节数：1
                                   最后更新时间：2010-03-05T22:47:15.000Z
                                   =================================================
2026-02-25 23:40:36 - mkk_pika - database.py:101 - INFO - 保存成功：(C88)メイドノキモチ (東方Project)
2026-02-25 23:40:36 - mkk_pika - main.py:35 - INFO - 开始检查 [春籣漸] 乱交絵日記 (単行本）[無毒漢化組]是否存在未下载章节
2026-02-25 23:40:36 - mkk_pika - main.py:45 - INFO - 正在下载:[ [春籣漸] 乱交絵日記 (単行本）[無毒漢化組]]-[春籣漸]-[['長篇']]-[total_pages:173]
2026-02-25 23:40:36 - mkk_pika - main.py:49 - INFO - [{'_id': '582194465f6b9a4f93e69e09', 'title': '第1集', 'order': 1, 'updated_at': '2016-11-08T09:00:54.934Z', 'id': '582194465f6b9a4f93e69e09'}]
2026-02-25 23:40:36 - mkk_pika - database.py:215 - INFO - 第一次下载该漫画，记录数据库中
2026-02-25 23:40:38 - mkk_pika - main.py:83 - INFO - 找到 173 张图片在:第1集
2026-02-25 23:40:45 - mkk_pika - main.py:112 - INFO - [episode:第1集       ] downloaded:   173, total: 173, progress:100%
2026-02-25 23:40:45 - mkk_pika - database.py:238 - INFO - 数据库更新已下载章节
2026-02-25 23:40:45 - mkk_pika - database.py:244 - INFO - 该漫画已下载章节如下
2026-02-25 23:40:45 - mkk_pika - database.py:245 - INFO - ['第1集']
2026-02-25 23:40:46 - mkk_pika - main.py:348 - INFO - ==================== 漫画信息 ====================
                                   漫画ID：582194465f6b9a4f93e69e07
                                   标题： [春籣漸] 乱交絵日記 (単行本）[無毒漢化組]
                                   作者：春籣漸
                                   是否完结：是
                                   总页数：173
                                   分类：長篇
                                   章节数：1
                                   最后更新时间：2010-03-06T18:47:15.000Z
                                   =================================================
2026-02-25 23:40:46 - mkk_pika - database.py:101 - INFO - 保存成功： [春籣漸] 乱交絵日記 (単行本）[無毒漢化組]
2026-02-25 23:40:46 - mkk_pika - main.py:35 - INFO - 开始检查(C88) [SlapStickStrike (ステルス改行)] 私の魔物娘(こいびと)を紹介します! EX4 [无毒汉化组]是否存在未下载章节
2026-02-25 23:40:47 - mkk_pika - main.py:45 - INFO - 正在下载:[(C88) [SlapStickStrike (ステルス改行)] 私の魔物娘(こいびと)を紹介します! EX4 [无毒汉化组]]-[SlapStickStrike (ステルス改行)]-[['短篇', '非人類']]-[total_pages:23]
2026-02-25 23:40:47 - mkk_pika - main.py:49 - INFO - [{'_id': '582194475f6b9a4f93e69f67', 'title': '第1集', 'order': 1, 'updated_at': '2016-11-08T09:00:55.987Z', 'id': '582194475f6b9a4f93e69f67'}]
2026-02-25 23:40:47 - mkk_pika - database.py:215 - INFO - 第一次下载该漫画，记录数据库中
2026-02-25 23:40:47 - mkk_pika - main.py:83 - INFO - 找到 23 张图片在:第1集
2026-02-25 23:40:48 - mkk_pika - main.py:112 - INFO - [episode:第1集       ] downloaded:    23, total:  23, progress:100%
2026-02-25 23:40:48 - mkk_pika - database.py:238 - INFO - 数据库更新已下载章节
2026-02-25 23:40:48 - mkk_pika - database.py:244 - INFO - 该漫画已下载章节如下
2026-02-25 23:40:48 - mkk_pika - database.py:245 - INFO - ['第1集']
2026-02-25 23:40:50 - mkk_pika - main.py:348 - INFO - ==================== 漫画信息 ====================
                                   漫画ID：582194475f6b9a4f93e69f65
                                   标题：(C88) [SlapStickStrike (ステルス改行)] 私の魔物娘(こいびと)を紹介します! EX4 [无毒汉化组]
                                   作者：SlapStickStrike (ステルス改行)
                                   是否完结：是
                                   总页数：23
                                   分类：短篇,非人類
                                   章节数：1
                                   最后更新时间：2010-03-07T04:47:15.000Z
                                   =================================================
2026-02-25 23:40:50 - mkk_pika - database.py:101 - INFO - 保存成功：(C88) [SlapStickStrike (ステルス改行)] 私の魔物娘(こいびと)を紹介します! EX4 [无毒汉化组]
2026-02-25 23:40:50 - mkk_pika - main.py:35 - INFO - 开始检查(こみトレ26) [Digital Lover (なかじまゆか)] D.L. action 98 (アイドルマスター シンデレラガールズ) [空気系☆漢化]是否存在未下载章节
2026-02-25 23:40:50 - mkk_pika - main.py:45 - INFO - 正在下载:[(こみトレ26) [Digital Lover (なかじまゆか)] D.L. action 98 (アイドルマスター シンデレラガールズ) [空気系☆漢化]]-[Digital Lover (なかじまゆか)]-[['短篇', '後宮閃光']]-[total_pages:24]
2026-02-25 23:40:50 - mkk_pika - main.py:49 - INFO - [{'_id': '582194485f6b9a4f93e69f99', 'title': '第1集', 'order': 1, 'updated_at': '2016-11-08T09:00:56.326Z', 'id': '582194485f6b9a4f93e69f99'}]
2026-02-25 23:40:50 - mkk_pika - database.py:215 - INFO - 第一次下载该漫画，记录数据库中
2026-02-25 23:40:51 - mkk_pika - main.py:83 - INFO - 找到 24 张图片在:第1集
2026-02-25 23:40:52 - mkk_pika - main.py:112 - INFO - [episode:第1集       ] downloaded:    24, total:  24, progress:100%
2026-02-25 23:40:52 - mkk_pika - database.py:238 - INFO - 数据库更新已下载章节
2026-02-25 23:40:52 - mkk_pika - database.py:244 - INFO - 该漫画已下载章节如下
2026-02-25 23:40:52 - mkk_pika - database.py:245 - INFO - ['第1集']
2026-02-25 23:40:53 - mkk_pika - main.py:348 - INFO - ==================== 漫画信息 ====================
                                   漫画ID：582194485f6b9a4f93e69f97
                                   标题：(こみトレ26) [Digital Lover (なかじまゆか)] D.L. action 98 (アイドルマスター シンデレラガールズ) [空気系☆漢化]
                                   作者：Digital Lover (なかじまゆか)
                                   是否完结：是
                                   总页数：24
                                   分类：短篇,後宮閃光
                                   章节数：1
                                   最后更新时间：2010-03-07T14:47:15.000Z
                                   =================================================
2026-02-25 23:40:53 - mkk_pika - database.py:101 - INFO - 保存成功：(こみトレ26) [Digital Lover (なかじまゆか)] D.L. action 98 (アイドルマスター シンデレラガールズ) [空気系☆漢化]
2026-02-25 23:40:53 - mkk_pika - main.py:35 - INFO - 开始检查[サークルENERGY (春夏秋冬)] 淫乱中二病だし精液便器でいい! (中二病でも恋がしたい!) [DL版] [silent_aoi个人汉化]是否存在未下载章节
2026-02-25 23:40:53 - mkk_pika - main.py:45 - INFO - 正在下载:[[サークルENERGY (春夏秋冬)] 淫乱中二病だし精液便器でいい! (中二病でも恋がしたい!) [DL版] [silent_aoi个人汉化]]-[サークルENERGY (春夏秋冬)]-[['同人', '短篇']]-[total_pages:24]
2026-02-25 23:40:53 - mkk_pika - main.py:49 - INFO - [{'_id': '582194485f6b9a4f93e69fcd', 'title': '第1集', 'order': 1, 'updated_at': '2016-11-08T09:00:56.949Z', 'id': '582194485f6b9a4f93e69fcd'}]
2026-02-25 23:40:53 - mkk_pika - database.py:215 - INFO - 第一次下载该漫画，记录数据库中
2026-02-25 23:40:54 - mkk_pika - main.py:83 - INFO - 找到 24 张图片在:第1集
2026-02-25 23:40:55 - mkk_pika - main.py:112 - INFO - [episode:第1集       ] downloaded:    24, total:  24, progress:100%
2026-02-25 23:40:55 - mkk_pika - database.py:238 - INFO - 数据库更新已下载章节
2026-02-25 23:40:55 - mkk_pika - database.py:244 - INFO - 该漫画已下载章节如下
2026-02-25 23:40:55 - mkk_pika - database.py:245 - INFO - ['第1集']
2026-02-25 23:40:56 - mkk_pika - main.py:348 - INFO - ==================== 漫画信息 ====================
                                   漫画ID：582194485f6b9a4f93e69fcb
                                   标题：[サークルENERGY (春夏秋冬)] 淫乱中二病だし精液便器でいい! (中二病でも恋がしたい!) [DL版] [silent_aoi个人汉化]
                                   作者：サークルENERGY (春夏秋冬)
                                   是否完结：是
                                   总页数：24
                                   分类：同人,短篇
                                   章节数：1
                                   最后更新时间：2010-03-08T00:47:15.000Z
                                   =================================================
2026-02-25 23:40:56 - mkk_pika - database.py:101 - INFO - 保存成功：[サークルENERGY (春夏秋冬)] 淫乱中二病だし精液便器でいい! (中二病でも恋がしたい!) [DL版] [silent_aoi个人汉化]
2026-02-25 23:40:56 - mkk_pika - main.py:35 - INFO - 开始检查[PINK CHUCHU (みけおう)] ナイショの身体測定 (ご注文はうさぎですか)[脸肿汉化组]是否存在未下载章节
2026-02-25 23:40:57 - mkk_pika - main.py:45 - INFO - 正在下载:[[PINK CHUCHU (みけおう)] ナイショの身体測定 (ご注文はうさぎですか)[脸肿汉化组]]-[PINK CHUCHU (みけおう)]-[['同人', '短篇', '全彩']]-[total_pages:26]
2026-02-25 23:40:57 - mkk_pika - main.py:49 - INFO - [{'_id': '582194495f6b9a4f93e6a001', 'title': '第1集', 'order': 1, 'updated_at': '2016-11-08T09:00:57.329Z', 'id': '582194495f6b9a4f93e6a001'}]
2026-02-25 23:40:57 - mkk_pika - database.py:215 - INFO - 第一次下载该漫画，记录数据库中
2026-02-25 23:40:57 - mkk_pika - main.py:83 - INFO - 找到 26 张图片在:第1集
2026-02-25 23:40:58 - mkk_pika - main.py:112 - INFO - [episode:第1集       ] downloaded:    26, total:  26, progress:100%
2026-02-25 23:40:58 - mkk_pika - database.py:238 - INFO - 数据库更新已下载章节
2026-02-25 23:40:58 - mkk_pika - database.py:244 - INFO - 该漫画已下载章节如下
2026-02-25 23:40:58 - mkk_pika - database.py:245 - INFO - ['第1集']
2026-02-25 23:41:00 - mkk_pika - main.py:348 - INFO - ==================== 漫画信息 ====================
                                   漫画ID：582194495f6b9a4f93e69fff
                                   标题：[PINK CHUCHU (みけおう)] ナイショの身体測定 (ご注文はうさぎですか)[脸肿汉化组]
                                   作者：PINK CHUCHU (みけおう)
                                   是否完结：是
                                   总页数：26
                                   分类：同人,短篇,全彩
                                   章节数：1
                                   最后更新时间：2010-03-08T10:47:15.000Z
                                   =================================================
2026-02-25 23:41:00 - mkk_pika - database.py:101 - INFO - 保存成功：[PINK CHUCHU (みけおう)] ナイショの身体測定 (ご注文はうさぎですか)[脸肿汉化组]
2026-02-25 23:41:00 - mkk_pika - main.py:35 - INFO - 开始检查[脸肿汉化组] [Peach Candy (ゆき恵)]  ご注文は片想いですか(ご注文はうさぎですか)是否存在未下载章节
2026-02-25 23:41:00 - mkk_pika - main.py:45 - INFO - 正在下载:[[脸肿汉化组] [Peach Candy (ゆき恵)]  ご注文は片想いですか(ご注文はうさぎですか)]-[Peach Candy (ゆき恵)]-[['同人', '短篇', '百合花園']]-[total_pages:25]
2026-02-25 23:41:00 - mkk_pika - main.py:49 - INFO - [{'_id': '582194495f6b9a4f93e6a039', 'title': '第1集', 'order': 1, 'updated_at': '2016-11-08T09:00:57.946Z', 'id': '582194495f6b9a4f93e6a039'}]
2026-02-25 23:41:00 - mkk_pika - database.py:215 - INFO - 第一次下载该漫画，记录数据库中
2026-02-25 23:41:01 - mkk_pika - main.py:83 - INFO - 找到 25 张图片在:第1集
2026-02-25 23:41:02 - mkk_pika - main.py:112 - INFO - [episode:第1集       ] downloaded:    25, total:  25, progress:100%
2026-02-25 23:41:02 - mkk_pika - database.py:238 - INFO - 数据库更新已下载章节
2026-02-25 23:41:02 - mkk_pika - database.py:244 - INFO - 该漫画已下载章节如下
2026-02-25 23:41:02 - mkk_pika - database.py:245 - INFO - ['第1集']
2026-02-25 23:41:03 - mkk_pika - main.py:348 - INFO - ==================== 漫画信息 ====================
                                   漫画ID：582194495f6b9a4f93e6a037
                                   标题：[脸肿汉化组] [Peach Candy (ゆき恵)]  ご注文は片想いですか(ご注文はうさぎですか)
                                   作者：Peach Candy (ゆき恵)
                                   是否完结：是
                                   总页数：25
                                   分类：同人,短篇,百合花園
                                   章节数：1
                                   最后更新时间：2010-03-08T20:47:15.000Z
                                   =================================================
2026-02-25 23:41:03 - mkk_pika - database.py:101 - INFO - 保存成功：[脸肿汉化组] [Peach Candy (ゆき恵)]  ご注文は片想いですか(ご注文はうさぎですか)
2026-02-25 23:41:03 - mkk_pika - main.py:35 - INFO - 开始检查[peachpulsar (みら)] ちゅーして! ヴァンパイアGirls 1-3[Chinese][G&南音的百合豆腐磨坊]是否存在未下载章节
2026-02-25 23:41:03 - mkk_pika - main.py:45 - INFO - 正在下载:[[peachpulsar (みら)] ちゅーして! ヴァンパイアGirls 1-3[Chinese][G&南音的百合豆腐磨坊]]-[peachpulsar (みら)]-[['短篇', '百合花園']]-[total_pages:127]
2026-02-25 23:41:03 - mkk_pika - main.py:49 - INFO - [{'_id': '5821944a5f6b9a4f93e6a06f', 'title': '第1集', 'order': 1, 'updated_at': '2016-11-08T09:00:58.305Z', 'id': '5821944a5f6b9a4f93e6a06f'}, {'_id': '5821944a5f6b9a4f93e6a0ab', 'title': '第2集', 'order': 2, 'updated_at': '2016-11-08T09:00:58.896Z', 'id': '5821944a5f6b9a4f93e6a0ab'}, {'_id': '5821944b5f6b9a4f93e6a0f3', 'title': '第3集', 'order': 3, 'updated_at': '2016-11-08T09:00:59.271Z', 'id': '5821944b5f6b9a4f93e6a0f3'}]
2026-02-25 23:41:03 - mkk_pika - database.py:215 - INFO - 第一次下载该漫画，记录数据库中
2026-02-25 23:41:04 - mkk_pika - main.py:83 - INFO - 找到 29 张图片在:第1集
2026-02-25 23:41:05 - mkk_pika - main.py:112 - INFO - [episode:第1集       ] downloaded:    29, total:  29, progress:100%
2026-02-25 23:41:05 - mkk_pika - database.py:238 - INFO - 数据库更新已下载章节
2026-02-25 23:41:05 - mkk_pika - database.py:244 - INFO - 该漫画已下载章节如下
2026-02-25 23:41:05 - mkk_pika - database.py:245 - INFO - ['第1集']
2026-02-25 23:41:07 - mkk_pika - main.py:83 - INFO - 找到 35 张图片在:第2集
2026-02-25 23:41:08 - mkk_pika - main.py:112 - INFO - [episode:第2集       ] downloaded:    35, total:  35, progress:100%
2026-02-25 23:41:08 - mkk_pika - database.py:238 - INFO - 数据库更新已下载章节
2026-02-25 23:41:08 - mkk_pika - database.py:244 - INFO - 该漫画已下载章节如下
2026-02-25 23:41:08 - mkk_pika - database.py:245 - INFO - ['第1集', '第2集']
2026-02-25 23:41:10 - mkk_pika - main.py:83 - INFO - 找到 63 张图片在:第3集
2026-02-25 23:41:13 - mkk_pika - main.py:112 - INFO - [episode:第3集       ] downloaded:    63, total:  63, progress:100%
2026-02-25 23:41:13 - mkk_pika - database.py:238 - INFO - 数据库更新已下载章节
2026-02-25 23:41:13 - mkk_pika - database.py:244 - INFO - 该漫画已下载章节如下
2026-02-25 23:41:13 - mkk_pika - database.py:245 - INFO - ['第1集', '第2集', '第3集']
2026-02-25 23:41:14 - mkk_pika - main.py:348 - INFO - ==================== 漫画信息 ====================
                                   漫画ID：5821944a5f6b9a4f93e6a06d
                                   标题：[peachpulsar (みら)] ちゅーして! ヴァンパイアGirls 1-3[Chinese][G&南音的百合豆腐磨坊]
                                   作者：peachpulsar (みら)
                                   是否完结：是
                                   总页数：127
                                   分类：短篇,百合花園
                                   章节数：3
                                   最后更新时间：2010-03-09T06:47:15.000Z
                                   =================================================
2026-02-25 23:41:14 - mkk_pika - database.py:101 - INFO - 保存成功：[peachpulsar (みら)] ちゅーして! ヴァンパイアGirls 1-3[Chinese][G&南音的百合豆腐磨坊]
2026-02-25 23:41:14 - mkk_pika - main.py:35 - INFO - 开始检查[绅士仓库汉化] (C87) [LOOPTHELOOP! (へるるん)] ぷちきゅーと是否存在未下载章节
2026-02-25 23:41:15 - mkk_pika - main.py:45 - INFO - 正在下载:[[绅士仓库汉化] (C87) [LOOPTHELOOP! (へるるん)] ぷちきゅーと]-[LOOPTHELOOP! (へるるん)]-[['同人', '短篇', '妹妹系']]-[total_pages:19]
2026-02-25 23:41:15 - mkk_pika - main.py:49 - INFO - [{'_id': '5821944c5f6b9a4f93e6a1b7', 'title': '第1集', 'order': 1, 'updated_at': '2016-11-08T09:01:00.630Z', 'id': '5821944c5f6b9a4f93e6a1b7'}]
2026-02-25 23:41:15 - mkk_pika - database.py:215 - INFO - 第一次下载该漫画，记录数据库中
2026-02-25 23:41:15 - mkk_pika - main.py:83 - INFO - 找到 19 张图片在:第1集
2026-02-25 23:41:16 - mkk_pika - main.py:112 - INFO - [episode:第1集       ] downloaded:    19, total:  19, progress:100%
2026-02-25 23:41:16 - mkk_pika - database.py:238 - INFO - 数据库更新已下载章节
2026-02-25 23:41:16 - mkk_pika - database.py:244 - INFO - 该漫画已下载章节如下
2026-02-25 23:41:16 - mkk_pika - database.py:245 - INFO - ['第1集']
2026-02-25 23:41:17 - mkk_pika - main.py:348 - INFO - ==================== 漫画信息 ====================
                                   漫画ID：5821944c5f6b9a4f93e6a1b5
                                   标题：[绅士仓库汉化] (C87) [LOOPTHELOOP! (へるるん)] ぷちきゅーと
                                   作者：LOOPTHELOOP! (へるるん)
                                   是否完结：是
                                   总页数：19
                                   分类：同人,短篇,妹妹系
                                   章节数：1
                                   最后更新时间：2010-03-10T02:47:15.000Z
                                   =================================================
2026-02-25 23:41:17 - mkk_pika - database.py:101 - INFO - 保存成功：[绅士仓库汉化] (C87) [LOOPTHELOOP! (へるるん)] ぷちきゅーと
2026-02-25 23:41:17 - mkk_pika - main.py:35 - INFO - 开始检查[绅士仓库汉化] (C88) [オートマ気球 (本庄マサト)] 好きってこーいう気持ちなの (艦隊これくしょん -艦これ-)是否存在未下载章节
2026-02-25 23:41:18 - mkk_pika - main.py:45 - INFO - 正在下载:[[绅士仓库汉化] (C88) [オートマ気球 (本庄マサト)] 好きってこーいう気持ちなの (艦隊これくしょん -艦これ-)]-[オートマ気球 (本庄マサト)]-[['同人', '短篇', '艦隊收藏']]-[total_pages:23]
2026-02-25 23:41:18 - mkk_pika - main.py:49 - INFO - [{'_id': '5821944d5f6b9a4f93e6a1e1', 'title': '第1集', 'order': 1, 'updated_at': '2016-11-08T09:01:01.252Z', 'id': '5821944d5f6b9a4f93e6a1e1'}]
2026-02-25 23:41:18 - mkk_pika - database.py:215 - INFO - 第一次下载该漫画，记录数据库中
2026-02-25 23:41:18 - mkk_pika - main.py:83 - INFO - 找到 23 张图片在:第1集
2026-02-25 23:41:19 - mkk_pika - main.py:112 - INFO - [episode:第1集       ] downloaded:    23, total:  23, progress:100%
2026-02-25 23:41:19 - mkk_pika - database.py:238 - INFO - 数据库更新已下载章节
2026-02-25 23:41:19 - mkk_pika - database.py:244 - INFO - 该漫画已下载章节如下
2026-02-25 23:41:19 - mkk_pika - database.py:245 - INFO - ['第1集']
2026-02-25 23:41:21 - mkk_pika - main.py:348 - INFO - ==================== 漫画信息 ====================
                                   漫画ID：5821944c5f6b9a4f93e6a1df
                                   标题：[绅士仓库汉化] (C88) [オートマ気球 (本庄マサト)] 好きってこーいう気持ちなの (艦隊これくしょん -艦これ-)
                                   作者：オートマ気球 (本庄マサト)
                                   是否完结：是
                                   总页数：23
                                   分类：同人,短篇,艦隊收藏
                                   章节数：1
                                   最后更新时间：2010-03-10T12:47:15.000Z
                                   =================================================
2026-02-25 23:41:21 - mkk_pika - database.py:101 - INFO - 保存成功：[绅士仓库汉化] (C88) [オートマ気球 (本庄マサト)] 好きってこーいう気持ちなの (艦隊これくしょん -艦これ-)
2026-02-25 23:41:21 - mkk_pika - main.py:35 - INFO - 开始检查[脸肿汉化组] [インペリアルチキン (藤坂空樹)] 海の大三角 (艦隊これくしょん -艦これ-)是否存在未下载章节
2026-02-25 23:41:21 - mkk_pika - main.py:45 - INFO - 正在下载:[[脸肿汉化组] [インペリアルチキン (藤坂空樹)] 海の大三角 (艦隊これくしょん -艦これ-)]-[インペリアルチキン (藤坂空樹)]-[['同人', '短篇', '艦隊收藏', '全彩', '後宮閃光']]-[total_pages:18]
2026-02-25 23:41:21 - mkk_pika - main.py:49 - INFO - [{'_id': '5821944d5f6b9a4f93e6a213', 'title': '第1集', 'order': 1, 'updated_at': '2016-11-08T09:01:01.619Z', 'id': '5821944d5f6b9a4f93e6a213'}]
2026-02-25 23:41:21 - mkk_pika - database.py:215 - INFO - 第一次下载该漫画，记录数据库中
2026-02-25 23:41:22 - mkk_pika - main.py:83 - INFO - 找到 18 张图片在:第1集
2026-02-25 23:41:22 - mkk_pika - main.py:112 - INFO - [episode:第1集       ] downloaded:    18, total:  18, progress:100%
2026-02-25 23:41:22 - mkk_pika - database.py:238 - INFO - 数据库更新已下载章节
2026-02-25 23:41:22 - mkk_pika - database.py:244 - INFO - 该漫画已下载章节如下
2026-02-25 23:41:22 - mkk_pika - database.py:245 - INFO - ['第1集']
2026-02-25 23:41:24 - mkk_pika - main.py:348 - INFO - ==================== 漫画信息 ====================
                                   漫画ID：5821944d5f6b9a4f93e6a211
                                   标题：[脸肿汉化组] [インペリアルチキン (藤坂空樹)] 海の大三角 (艦隊これくしょん -艦これ-)
                                   作者：インペリアルチキン (藤坂空樹)
                                   是否完结：是
                                   总页数：18
                                   分类：同人,短篇,艦隊收藏,全彩,後宮閃光
                                   章节数：1
                                   最后更新时间：2010-03-10T22:47:15.000Z
                                   =================================================
2026-02-25 23:41:24 - mkk_pika - database.py:101 - INFO - 保存成功：[脸肿汉化组] [インペリアルチキン (藤坂空樹)] 海の大三角 (艦隊これくしょん -艦これ-)
2026-02-25 23:41:24 - mkk_pika - main.py:35 - INFO - 开始检查[我尻故我在個人漢化][智弘カイ] デザートローズ(快楽天ビースト2015年8月号 )是否存在未下载章节
2026-02-25 23:41:24 - mkk_pika - main.py:45 - INFO - 正在下载:[[我尻故我在個人漢化][智弘カイ] デザートローズ(快楽天ビースト2015年8月号 )]-[智弘カイ]]-[['人妻', '短篇', 'NTR']]-[total_pages:19]
2026-02-25 23:41:24 - mkk_pika - main.py:49 - INFO - [{'_id': '5821944d5f6b9a4f93e6a23b', 'title': '第1集', 'order': 1, 'updated_at': '2016-11-08T09:01:01.983Z', 'id': '5821944d5f6b9a4f93e6a23b'}]
2026-02-25 23:41:24 - mkk_pika - database.py:215 - INFO - 第一次下载该漫画，记录数据库中
2026-02-25 23:41:25 - mkk_pika - main.py:83 - INFO - 找到 19 张图片在:第1集
2026-02-25 23:41:26 - mkk_pika - main.py:112 - INFO - [episode:第1集       ] downloaded:    19, total:  19, progress:100%
2026-02-25 23:41:26 - mkk_pika - database.py:238 - INFO - 数据库更新已下载章节
2026-02-25 23:41:26 - mkk_pika - database.py:244 - INFO - 该漫画已下载章节如下
2026-02-25 23:41:26 - mkk_pika - database.py:245 - INFO - ['第1集']
2026-02-25 23:41:27 - mkk_pika - main.py:348 - INFO - ==================== 漫画信息 ====================
                                   漫画ID：5821944d5f6b9a4f93e6a239
                                   标题：[我尻故我在個人漢化][智弘カイ] デザートローズ(快楽天ビースト2015年8月号 )
                                   作者：智弘カイ]
                                   是否完结：是
                                   总页数：19
                                   分类：人妻,短篇,NTR
                                   章节数：1
                                   最后更新时间：2010-03-11T08:47:15.000Z
                                   =================================================
2026-02-25 23:41:27 - mkk_pika - database.py:101 - INFO - 保存成功：[我尻故我在個人漢化][智弘カイ] デザートローズ(快楽天ビースト2015年8月号 )
2026-02-25 23:41:27 - mkk_pika - main.py:35 - INFO - 开始检查[脸肿汉化组] (C88) [東横サーフライダー (ふみー)] ボクからしたらダメなんですか (THE IDOLM@STER , アイドルマスターシンデレラガールズ)是否存在未下载章节
2026-02-25 23:41:27 - mkk_pika - main.py:45 - INFO - 正在下载:[[脸肿汉化组] (C88) [東横サーフライダー (ふみー)] ボクからしたらダメなんですか (THE IDOLM@STER , アイドルマスターシンデレラガールズ)]-[東横サーフライダー (ふみー)]-[['同人', '短篇', '全彩', '純愛']]-[total_pages:20]
2026-02-25 23:41:27 - mkk_pika - main.py:49 - INFO - [{'_id': '5821944e5f6b9a4f93e6a265', 'title': '第1集', 'order': 1, 'updated_at': '2016-11-08T09:01:02.572Z', 'id': '5821944e5f6b9a4f93e6a265'}]
2026-02-25 23:41:27 - mkk_pika - database.py:215 - INFO - 第一次下载该漫画，记录数据库中
2026-02-25 23:41:28 - mkk_pika - main.py:83 - INFO - 找到 20 张图片在:第1集
2026-02-25 23:41:29 - mkk_pika - main.py:112 - INFO - [episode:第1集       ] downloaded:    20, total:  20, progress:100%
2026-02-25 23:41:29 - mkk_pika - database.py:238 - INFO - 数据库更新已下载章节
2026-02-25 23:41:29 - mkk_pika - database.py:244 - INFO - 该漫画已下载章节如下
2026-02-25 23:41:29 - mkk_pika - database.py:245 - INFO - ['第1集']
2026-02-25 23:41:30 - mkk_pika - main.py:348 - INFO - ==================== 漫画信息 ====================
                                   漫画ID：5821944e5f6b9a4f93e6a263
                                   标题：[脸肿汉化组] (C88) [東横サーフライダー (ふみー)] ボクからしたらダメなんですか (THE IDOLM@STER , アイドルマスターシンデレラガールズ)
                                   作者：東横サーフライダー (ふみー)
                                   是否完结：是
                                   总页数：20
                                   分类：同人,短篇,全彩,純愛
                                   章节数：1
                                   最后更新时间：2010-03-11T18:47:15.000Z
                                   =================================================
2026-02-25 23:41:30 - mkk_pika - database.py:101 - INFO - 保存成功：[脸肿汉化组] (C88) [東横サーフライダー (ふみー)] ボクからしたらダメなんですか (THE IDOLM@STER , アイドルマスターシンデレラガールズ)
2026-02-25 23:41:30 - mkk_pika - main.py:35 - INFO - 开始检查[風的工房][睦茸] めぐりドコロ 身旁的小確性 單行本是否存在未下载章节
2026-02-25 23:41:30 - mkk_pika - main.py:45 - INFO - 正在下载:[[風的工房][睦茸] めぐりドコロ 身旁的小確性 單行本]-[睦茸]-[['長篇', '純愛']]-[total_pages:225]
2026-02-25 23:41:30 - mkk_pika - main.py:49 - INFO - [{'_id': '582194505f6b9a4f93e6a441', 'title': '第1集', 'order': 1, 'updated_at': '2016-11-08T09:01:04.006Z', 'id': '582194505f6b9a4f93e6a441'}]
2026-02-25 23:41:30 - mkk_pika - database.py:215 - INFO - 第一次下载该漫画，记录数据库中
2026-02-25 23:41:32 - mkk_pika - main.py:83 - INFO - 找到 225 张图片在:第1集
2026-02-25 23:41:42 - mkk_pika - main.py:112 - INFO - [episode:第1集       ] downloaded:   225, total: 225, progress:100%
2026-02-25 23:41:42 - mkk_pika - database.py:238 - INFO - 数据库更新已下载章节
2026-02-25 23:41:42 - mkk_pika - database.py:244 - INFO - 该漫画已下载章节如下
2026-02-25 23:41:42 - mkk_pika - database.py:245 - INFO - ['第1集']
2026-02-25 23:41:43 - mkk_pika - main.py:348 - INFO - ==================== 漫画信息 ====================
                                   漫画ID：5821944f5f6b9a4f93e6a43f
                                   标题：[風的工房][睦茸] めぐりドコロ 身旁的小確性 單行本
                                   作者：睦茸
                                   是否完结：是
                                   总页数：225
                                   分类：長篇,純愛
                                   章节数：1
                                   最后更新时间：2010-03-12T14:47:15.000Z
                                   =================================================
2026-02-25 23:41:43 - mkk_pika - database.py:101 - INFO - 保存成功：[風的工房][睦茸] めぐりドコロ 身旁的小確性 單行本
2026-02-25 23:41:43 - mkk_pika - main.py:35 - INFO - 开始检查(C88) [海通信 (なまもななせ)] 田舎少女4 [绅士仓库汉化]是否存在未下载章节
2026-02-25 23:41:43 - mkk_pika - main.py:45 - INFO - 正在下载:[(C88) [海通信 (なまもななせ)] 田舎少女4 [绅士仓库汉化]]-[海通信 (なまもななせ)]-[['同人', '短篇', '妹妹系']]-[total_pages:32]
2026-02-25 23:41:43 - mkk_pika - main.py:49 - INFO - [{'_id': '582194515f6b9a4f93e6a607', 'title': '第1集', 'order': 1, 'updated_at': '2016-11-08T09:01:05.224Z', 'id': '582194515f6b9a4f93e6a607'}]
2026-02-25 23:41:43 - mkk_pika - database.py:215 - INFO - 第一次下载该漫画，记录数据库中
2026-02-25 23:41:44 - mkk_pika - main.py:83 - INFO - 找到 32 张图片在:第1集
2026-02-25 23:41:45 - mkk_pika - main.py:112 - INFO - [episode:第1集       ] downloaded:    32, total:  32, progress:100%
2026-02-25 23:41:45 - mkk_pika - database.py:238 - INFO - 数据库更新已下载章节
2026-02-25 23:41:45 - mkk_pika - database.py:244 - INFO - 该漫画已下载章节如下
2026-02-25 23:41:45 - mkk_pika - database.py:245 - INFO - ['第1集']
2026-02-25 23:41:46 - mkk_pika - main.py:348 - INFO - ==================== 漫画信息 ====================
                                   漫画ID：582194505f6b9a4f93e6a605
                                   标题：(C88) [海通信 (なまもななせ)] 田舎少女4 [绅士仓库汉化]
                                   作者：海通信 (なまもななせ)
                                   是否完结：是
                                   总页数：32
                                   分类：同人,短篇,妹妹系
                                   章节数：1
                                   最后更新时间：2010-03-13T00:47:15.000Z
                                   =================================================
2026-02-25 23:41:46 - mkk_pika - database.py:101 - INFO - 保存成功：(C88) [海通信 (なまもななせ)] 田舎少女4 [绅士仓库汉化]
2026-02-25 23:41:46 - mkk_pika - main.py:35 - INFO - 开始检查[里界漢化組](C81) [武蔵堂 (ムサシノセカイ)] 早苗乳淫録 (東方Project)是否存在未下载章节
2026-02-25 23:41:47 - mkk_pika - main.py:45 - INFO - 正在下载:[[里界漢化組](C81) [武蔵堂 (ムサシノセカイ)] 早苗乳淫録 (東方Project)]-[武蔵堂 (ムサシノセカイ)]-[['同人', '短篇', '扶他樂園', '東方']]-[total_pages:31]
2026-02-25 23:41:47 - mkk_pika - main.py:49 - INFO - [{'_id': '582194525f6b9a4f93e6a6ad', 'title': '第1集', 'order': 1, 'updated_at': '2016-11-08T09:01:06.820Z', 'id': '582194525f6b9a4f93e6a6ad'}]
2026-02-25 23:41:47 - mkk_pika - database.py:215 - INFO - 第一次下载该漫画，记录数据库中
2026-02-25 23:41:47 - mkk_pika - main.py:83 - INFO - 找到 31 张图片在:第1集
2026-02-25 23:41:49 - mkk_pika - main.py:112 - INFO - [episode:第1集       ] downloaded:    31, total:  31, progress:100%
2026-02-25 23:41:49 - mkk_pika - database.py:238 - INFO - 数据库更新已下载章节
2026-02-25 23:41:49 - mkk_pika - database.py:244 - INFO - 该漫画已下载章节如下
2026-02-25 23:41:49 - mkk_pika - database.py:245 - INFO - ['第1集']
2026-02-25 23:41:50 - mkk_pika - main.py:348 - INFO - ==================== 漫画信息 ====================
                                   漫画ID：582194525f6b9a4f93e6a6ab
                                   标题：[里界漢化組](C81) [武蔵堂 (ムサシノセカイ)] 早苗乳淫録 (東方Project)
                                   作者：武蔵堂 (ムサシノセカイ)
                                   是否完结：是
                                   总页数：31
                                   分类：同人,短篇,扶他樂園,東方
                                   章节数：1
                                   最后更新时间：2010-03-14T06:47:15.000Z
                                   =================================================
2026-02-25 23:41:50 - mkk_pika - database.py:101 - INFO - 保存成功：[里界漢化組](C81) [武蔵堂 (ムサシノセカイ)] 早苗乳淫録 (東方Project)
2026-02-25 23:41:50 - mkk_pika - main.py:35 - INFO - 开始检查[武蔵堂 (ムサシノセカイ)] マッシュルーム サンバ (東方Project)是否存在未下载章节
2026-02-25 23:41:50 - mkk_pika - main.py:45 - INFO - 正在下载:[[武蔵堂 (ムサシノセカイ)] マッシュルーム サンバ (東方Project)]-[武蔵堂 (ムサシノセカイ)]-[['同人', '短篇', '扶他樂園', '東方']]-[total_pages:25]
2026-02-25 23:41:50 - mkk_pika - main.py:49 - INFO - [{'_id': '582194535f6b9a4f93e6a6ef', 'title': '第1集', 'order': 1, 'updated_at': '2016-11-08T09:01:07.437Z', 'id': '582194535f6b9a4f93e6a6ef'}]
2026-02-25 23:41:50 - mkk_pika - database.py:215 - INFO - 第一次下载该漫画，记录数据库中
2026-02-25 23:41:51 - mkk_pika - main.py:83 - INFO - 找到 25 张图片在:第1集
2026-02-25 23:41:52 - mkk_pika - main.py:112 - INFO - [episode:第1集       ] downloaded:    25, total:  25, progress:100%
2026-02-25 23:41:52 - mkk_pika - database.py:238 - INFO - 数据库更新已下载章节
2026-02-25 23:41:52 - mkk_pika - database.py:244 - INFO - 该漫画已下载章节如下
2026-02-25 23:41:52 - mkk_pika - database.py:245 - INFO - ['第1集']
2026-02-25 23:41:53 - mkk_pika - main.py:348 - INFO - ==================== 漫画信息 ====================
                                   漫画ID：582194525f6b9a4f93e6a6ed
                                   标题：[武蔵堂 (ムサシノセカイ)] マッシュルーム サンバ (東方Project)
                                   作者：武蔵堂 (ムサシノセカイ)
                                   是否完结：是
                                   总页数：25
                                   分类：同人,短篇,扶他樂園,東方
                                   章节数：1
                                   最后更新时间：2010-03-14T16:47:15.000Z
                                   =================================================
2026-02-25 23:41:53 - mkk_pika - database.py:101 - INFO - 保存成功：[武蔵堂 (ムサシノセカイ)] マッシュルーム サンバ (東方Project)
2026-02-25 23:41:53 - mkk_pika - main.py:35 - INFO - 开始检查[里界漢化組] (C88) [武蔵堂 (ムサシノセカイ)] ふたクリ ～ふたなりクリニック～是否存在未下载章节
2026-02-25 23:41:53 - mkk_pika - main.py:45 - INFO - 正在下载:[[里界漢化組] (C88) [武蔵堂 (ムサシノセカイ)] ふたクリ ～ふたなりクリニック～]-[武蔵堂 (ムサシノセカイ)]-[['同人', '短篇', '扶他樂園']]-[total_pages:35]
2026-02-25 23:41:53 - mkk_pika - main.py:49 - INFO - [{'_id': '582194545f6b9a4f93e6a725', 'title': '第1集', 'order': 1, 'updated_at': '2016-11-08T09:01:08.119Z', 'id': '582194545f6b9a4f93e6a725'}]
2026-02-25 23:41:53 - mkk_pika - database.py:215 - INFO - 第一次下载该漫画，记录数据库中
2026-02-25 23:41:54 - mkk_pika - main.py:83 - INFO - 找到 35 张图片在:第1集
2026-02-25 23:41:56 - mkk_pika - main.py:112 - INFO - [episode:第1集       ] downloaded:    35, total:  35, progress:100%
2026-02-25 23:41:56 - mkk_pika - database.py:238 - INFO - 数据库更新已下载章节
2026-02-25 23:41:56 - mkk_pika - database.py:244 - INFO - 该漫画已下载章节如下
2026-02-25 23:41:56 - mkk_pika - database.py:245 - INFO - ['第1集']
2026-02-25 23:41:57 - mkk_pika - main.py:348 - INFO - ==================== 漫画信息 ====================
                                   漫画ID：582194535f6b9a4f93e6a723
                                   标题：[里界漢化組] (C88) [武蔵堂 (ムサシノセカイ)] ふたクリ ～ふたなりクリニック～
                                   作者：武蔵堂 (ムサシノセカイ)
                                   是否完结：是
                                   总页数：35
                                   分类：同人,短篇,扶他樂園
                                   章节数：1
                                   最后更新时间：2010-03-15T02:47:15.000Z
                                   =================================================
2026-02-25 23:41:57 - mkk_pika - database.py:101 - INFO - 保存成功：[里界漢化組] (C88) [武蔵堂 (ムサシノセカイ)] ふたクリ ～ふたなりクリニック～
2026-02-25 23:41:57 - mkk_pika - main.py:380 - INFO - 本次任务下载完毕
2026-02-25 23:41:57 - mkk_pika - database.py:173 - INFO - 数据库连接已关闭
