2026-01-23 23:31:07 - mkk_pika - main.py:193 - INFO - =======================================================================
2026-01-23 23:31:07 - mkk_pika - database.py:61 - INFO - 表和索引初始化成功
2026-01-23 23:31:07 - mkk_pika - main.py:197 - INFO - 已经累计下载1423本漫画
2026-01-23 23:31:08 - mkk_pika - api.py:87 - INFO - 登录成功
2026-01-23 23:31:08 - mkk_pika - main.py:203 - INFO - 收藏夹共计1本漫画
2026-01-23 23:31:08 - mkk_pika - main.py:206 - INFO - 开始下载收藏夹内未下载内容
2026-01-23 23:31:08 - mkk_pika - main.py:35 - INFO - 开始检查[Artist] BBStaff（AI）是否存在未下载章节
2026-01-23 23:31:08 - mkk_pika - database.py:203 - INFO - 查询数据库中是否已存在伊蕾娜
2026-01-23 23:31:08 - mkk_pika - database.py:203 - INFO - 查询数据库中是否已存在金色暗影
2026-01-23 23:31:08 - mkk_pika - database.py:203 - INFO - 查询数据库中是否已存在惠惠
2026-01-23 23:31:08 - mkk_pika - database.py:203 - INFO - 查询数据库中是否已存在结城美柑
2026-01-23 23:31:08 - mkk_pika - database.py:203 - INFO - 查询数据库中是否已存在贝尔泽古·斯黛莉休·索德·爱丽丝
2026-01-23 23:31:08 - mkk_pika - database.py:203 - INFO - 查询数据库中是否已存在板柳有栖
2026-01-23 23:31:08 - mkk_pika - database.py:203 - INFO - 查询数据库中是否已存在尤菲莉亚·玛泽塔
2026-01-23 23:31:08 - mkk_pika - database.py:203 - INFO - 查询数据库中是否已存在椎名日和
2026-01-23 23:31:08 - mkk_pika - database.py:203 - INFO - 查询数据库中是否已存在高町奈叶
2026-01-23 23:31:08 - mkk_pika - database.py:203 - INFO - 查询数据库中是否已存在星野瑠美衣
2026-01-23 23:31:08 - mkk_pika - database.py:203 - INFO - 查询数据库中是否已存在小柳香穗
2026-01-23 23:31:08 - mkk_pika - database.py:203 - INFO - 查询数据库中是否已存在甘织玲奈子
2026-01-23 23:31:08 - mkk_pika - database.py:203 - INFO - 查询数据库中是否已存在伊地知虹夏
2026-01-23 23:31:08 - mkk_pika - database.py:203 - INFO - 查询数据库中是否已存在芙兰达·塞维伦
2026-01-23 23:31:08 - mkk_pika - database.py:203 - INFO - 查询数据库中是否已存在小美浪爱澄
2026-01-23 23:31:08 - mkk_pika - database.py:203 - INFO - 查询数据库中是否已存在有马加奈
2026-01-23 23:31:08 - mkk_pika - database.py:203 - INFO - 查询数据库中是否已存在白银圭
2026-01-23 23:31:08 - mkk_pika - database.py:203 - INFO - 查询数据库中是否已存在鹿目圆香
2026-01-23 23:31:08 - mkk_pika - database.py:203 - INFO - 查询数据库中是否已存在莉赛萝黛·库雷提雅
2026-01-23 23:31:08 - mkk_pika - database.py:203 - INFO - 查询数据库中是否已存在空银子
2026-01-23 23:31:08 - mkk_pika - database.py:203 - INFO - 查询数据库中是否已存在谷地仁花
2026-01-23 23:31:08 - mkk_pika - main.py:51 - INFO - [Artist] BBStaff（AI）中没有可下载章节
2026-01-23 23:31:09 - mkk_pika - main.py:224 - INFO - ==================== 漫画信息 ====================
                漫画ID：687a1b80ecd86823a404aa48
                标题：[Artist] BBStaff（AI）
                作者：BBStaff
                是否完结：否
                总页数：4149
                分类：全彩,同人,CG雜圖
                章节数：21
                最后更新时间：2026-01-05T15:24:08.585Z
                =================================================
2026-01-23 23:31:09 - mkk_pika - database.py:101 - INFO - 保存成功：[Artist] BBStaff（AI）
2026-01-23 23:31:09 - mkk_pika - util.py:164 - INFO - 目标时间（UTC）：2026-01-05 15:24:08.585000+00:00
2026-01-23 23:31:09 - mkk_pika - util.py:165 - INFO - 当前UTC时间：2026-01-23 23:31:09.119208+00:00
2026-01-23 23:31:09 - mkk_pika - util.py:167 - INFO - 相差：18 天 8 小时 7 分钟
2026-01-23 23:31:09 - mkk_pika - main.py:266 - INFO - 收藏夹内容下载完毕
2026-01-23 23:31:09 - mkk_pika - main.py:268 - INFO - 开始下载订阅内容
2026-01-23 23:31:09 - mkk_pika - database.py:258 - INFO - 根据ID查询到标题：萝莉 -> [习呆呆] 萝莉·麦丘利
2026-01-23 23:31:09 - mkk_pika - database.py:101 - INFO - 保存成功：[习呆呆] 萝莉·麦丘利
2026-01-23 23:31:09 - mkk_pika - main.py:273 - INFO - 关键词萝莉找到1本漫画
2026-01-23 23:31:09 - mkk_pika - database.py:258 - INFO - 根据ID查询到标题：蘿莉 -> 新家族法で娘にされた独身男のお話
2026-01-23 23:31:10 - mkk_pika - database.py:101 - INFO - 保存成功：電脳に眠る愛の鍵
2026-01-23 23:31:10 - mkk_pika - main.py:273 - INFO - 关键词蘿莉找到7本漫画
2026-01-23 23:31:10 - mkk_pika - main.py:275 - INFO - 订阅内容共计8本漫画
2026-01-23 23:31:10 - mkk_pika - main.py:35 - INFO - 开始检查よりどりみどりのあまあまご奉仕 + おまけ本 | 任君挑选青绿的甜甜蜜蜜侍奉+附赠特典是否存在未下载章节
2026-01-23 23:31:10 - mkk_pika - database.py:203 - INFO - 查询数据库中是否已存在第1話
2026-01-23 23:31:10 - mkk_pika - main.py:51 - INFO - よりどりみどりのあまあまご奉仕 + おまけ本 | 任君挑选青绿的甜甜蜜蜜侍奉+附赠特典中没有可下载章节
2026-01-23 23:31:10 - mkk_pika - main.py:292 - INFO - ==================== 漫画信息 ====================
                                漫画ID：697262b01f58dc0880cc50f0
                                标题：よりどりみどりのあまあまご奉仕 + おまけ本 | 任君挑选青绿的甜甜蜜蜜侍奉+附赠特典
                                作者：Mint-nium* (緑風マルト)
                                是否完结：是
                                总页数：35
                                分类：短篇
                                章节数：1
                                最后更新时间：2026-01-22T17:47:28.862Z
                                =================================================
2026-01-23 23:31:10 - mkk_pika - database.py:101 - INFO - 保存成功：よりどりみどりのあまあまご奉仕 + おまけ本 | 任君挑选青绿的甜甜蜜蜜侍奉+附赠特典
2026-01-23 23:31:10 - mkk_pika - main.py:35 - INFO - 开始检查悪い子との不器用でえっちな共同生活是否存在未下载章节
2026-01-23 23:31:11 - mkk_pika - database.py:203 - INFO - 查询数据库中是否已存在零克文个人汉化
2026-01-23 23:31:11 - mkk_pika - database.py:203 - INFO - 查询数据库中是否已存在第1話
2026-01-23 23:31:11 - mkk_pika - main.py:45 - INFO - 正在下载:[悪い子との不器用でえっちな共同生活]-[ミルクセーキ工房 (ミルクセーキ)]-[['短篇', '全彩']]-[total_pages:-1]
2026-01-23 23:31:11 - mkk_pika - main.py:49 - INFO - [{'_id': '696fb6ee0fa01f6d6822c10c', 'title': '零克文个人汉化', 'order': 1, 'updated_at': '2026-01-23T17:06:12.275Z', 'id': '696fb6ee0fa01f6d6822c10c'}]
2026-01-23 23:31:11 - mkk_pika - main.py:83 - INFO - 找到 40 张图片在:零克文个人汉化
2026-01-23 23:31:13 - mkk_pika - main.py:112 - INFO - [episode:零克文个人汉化   ] downloaded:    40, total:  40, progress:100%
2026-01-23 23:31:13 - mkk_pika - database.py:238 - INFO - 数据库更新已下载章节
2026-01-23 23:31:13 - mkk_pika - database.py:244 - INFO - 该漫画已下载章节如下
2026-01-23 23:31:13 - mkk_pika - database.py:245 - INFO - ['第1話', '零克文个人汉化']
2026-01-23 23:31:14 - mkk_pika - main.py:292 - INFO - ==================== 漫画信息 ====================
                                漫画ID：696fb6ee0fa01f6d6822c10b
                                标题：悪い子との不器用でえっちな共同生活
                                作者：ミルクセーキ工房 (ミルクセーキ)
                                是否完结：是
                                总页数：79
                                分类：短篇,全彩
                                章节数：2
                                最后更新时间：2026-01-23T17:06:12.265Z
                                =================================================
2026-01-23 23:31:14 - mkk_pika - database.py:101 - INFO - 保存成功：悪い子との不器用でえっちな共同生活
2026-01-23 23:31:14 - mkk_pika - main.py:35 - INFO - 开始检查ご安心をっ! レミリアさまっ! (東方Project)是否存在未下载章节
2026-01-23 23:31:14 - mkk_pika - main.py:45 - INFO - 正在下载:[ご安心をっ! レミリアさまっ! (東方Project)]-[こまねすと (クックロビン)]-[['同人', '短篇', '東方']]-[total_pages:-1]
2026-01-23 23:31:14 - mkk_pika - main.py:49 - INFO - [{'_id': '6973aa7d707b4c59e8bfbd6f', 'title': '第1話', 'order': 1, 'updated_at': '2026-01-23T09:23:06.048Z', 'id': '6973aa7d707b4c59e8bfbd6f'}]
2026-01-23 23:31:14 - mkk_pika - database.py:215 - INFO - 第一次下载该漫画，记录数据库中
2026-01-23 23:31:15 - mkk_pika - main.py:83 - INFO - 找到 25 张图片在:第1話
2026-01-23 23:31:16 - mkk_pika - main.py:112 - INFO - [episode:第1話       ] downloaded:    25, total:  25, progress:100%
2026-01-23 23:31:16 - mkk_pika - database.py:238 - INFO - 数据库更新已下载章节
2026-01-23 23:31:16 - mkk_pika - database.py:244 - INFO - 该漫画已下载章节如下
2026-01-23 23:31:16 - mkk_pika - database.py:245 - INFO - ['第1話']
2026-01-23 23:31:17 - mkk_pika - main.py:292 - INFO - ==================== 漫画信息 ====================
                                漫画ID：6973aa7d707b4c59e8bfbd6e
                                标题：ご安心をっ! レミリアさまっ! (東方Project)
                                作者：こまねすと (クックロビン)
                                是否完结：是
                                总页数：25
                                分类：同人,短篇,東方
                                章节数：1
                                最后更新时间：2026-01-23T17:06:05.803Z
                                =================================================
2026-01-23 23:31:17 - mkk_pika - database.py:101 - INFO - 保存成功：ご安心をっ! レミリアさまっ! (東方Project)
2026-01-23 23:31:17 - mkk_pika - main.py:35 - INFO - 开始检查オジサン大大大大大大大大大大大大大大大大大大大大大だ〜い好き是否存在未下载章节
2026-01-23 23:31:17 - mkk_pika - main.py:45 - INFO - 正在下载:[オジサン大大大大大大大大大大大大大大大大大大大大大だ〜い好き]-[ゑびす屋 (アメちゃ)]-[['長篇']]-[total_pages:-1]
2026-01-23 23:31:17 - mkk_pika - main.py:49 - INFO - [{'_id': '6973a9c5d7b15c5a0f2b4587', 'title': '第1話', 'order': 1, 'updated_at': '2026-01-22T15:03:54.096Z', 'id': '6973a9c5d7b15c5a0f2b4587'}]
2026-01-23 23:31:17 - mkk_pika - database.py:215 - INFO - 第一次下载该漫画，记录数据库中
2026-01-23 23:31:18 - mkk_pika - main.py:83 - INFO - 找到 76 张图片在:第1話
2026-01-23 23:31:22 - mkk_pika - main.py:112 - INFO - [episode:第1話       ] downloaded:    76, total:  76, progress:100%
2026-01-23 23:31:22 - mkk_pika - database.py:238 - INFO - 数据库更新已下载章节
2026-01-23 23:31:22 - mkk_pika - database.py:244 - INFO - 该漫画已下载章节如下
2026-01-23 23:31:22 - mkk_pika - database.py:245 - INFO - ['第1話']
2026-01-23 23:31:23 - mkk_pika - main.py:292 - INFO - ==================== 漫画信息 ====================
                                漫画ID：6973a9c5d7b15c5a0f2b4586
                                标题：オジサン大大大大大大大大大大大大大大大大大大大大大だ〜い好き
                                作者：ゑびす屋 (アメちゃ)
                                是否完结：是
                                总页数：76
                                分类：長篇
                                章节数：1
                                最后更新时间：2026-01-23T17:03:01.705Z
                                =================================================
2026-01-23 23:31:23 - mkk_pika - database.py:101 - INFO - 保存成功：オジサン大大大大大大大大大大大大大大大大大大大大大だ〜い好き
2026-01-23 23:31:23 - mkk_pika - main.py:35 - INFO - 开始检查かおになさんどえっち! | 和小薰仁奈做无数次的爱爱是否存在未下载章节
2026-01-23 23:31:23 - mkk_pika - main.py:45 - INFO - 正在下载:[かおになさんどえっち! | 和小薰仁奈做无数次的爱爱]-[うめばちまん公園 (うめばちまん)]-[['短篇', '同人']]-[total_pages:-1]
2026-01-23 23:31:23 - mkk_pika - main.py:49 - INFO - [{'_id': '6973a9a652d59d59d619b325', 'title': '第1話', 'order': 1, 'updated_at': '2026-01-22T12:42:15.127Z', 'id': '6973a9a652d59d59d619b325'}]
2026-01-23 23:31:23 - mkk_pika - database.py:215 - INFO - 第一次下载该漫画，记录数据库中
2026-01-23 23:31:24 - mkk_pika - main.py:83 - INFO - 找到 30 张图片在:第1話
2026-01-23 23:31:25 - mkk_pika - main.py:112 - INFO - [episode:第1話       ] downloaded:    30, total:  30, progress:100%
2026-01-23 23:31:25 - mkk_pika - database.py:238 - INFO - 数据库更新已下载章节
2026-01-23 23:31:25 - mkk_pika - database.py:244 - INFO - 该漫画已下载章节如下
2026-01-23 23:31:25 - mkk_pika - database.py:245 - INFO - ['第1話']
2026-01-23 23:31:26 - mkk_pika - main.py:292 - INFO - ==================== 漫画信息 ====================
                                漫画ID：6973a9a652d59d59d619b324
                                标题：かおになさんどえっち! | 和小薰仁奈做无数次的爱爱
                                作者：うめばちまん公園 (うめばちまん)
                                是否完结：否
                                总页数：30
                                分类：短篇,同人
                                章节数：1
                                最后更新时间：2026-01-23T17:02:30.275Z
                                =================================================
2026-01-23 23:31:26 - mkk_pika - database.py:101 - INFO - 保存成功：かおになさんどえっち! | 和小薰仁奈做无数次的爱爱
2026-01-23 23:31:26 - mkk_pika - main.py:35 - INFO - 开始检查橘ノゾミにバブってオギャってたら襲われちゃった話 | 关于我对橘望装宝宝撒娇娇结果反被她袭击这件事是否存在未下载章节
2026-01-23 23:31:27 - mkk_pika - main.py:45 - INFO - 正在下载:[橘ノゾミにバブってオギャってたら襲われちゃった話 | 关于我对橘望装宝宝撒娇娇结果反被她袭击这件事]-[こんにゃく村 (konnyaku)]-[['短篇', '同人']]-[total_pages:-1]
2026-01-23 23:31:27 - mkk_pika - main.py:49 - INFO - [{'_id': '6973a99b52d59d59d619b304', 'title': '第1話', 'order': 1, 'updated_at': '2026-01-22T12:36:31.833Z', 'id': '6973a99b52d59d59d619b304'}]
2026-01-23 23:31:27 - mkk_pika - database.py:215 - INFO - 第一次下载该漫画，记录数据库中
2026-01-23 23:31:27 - mkk_pika - main.py:83 - INFO - 找到 28 张图片在:第1話
2026-01-23 23:31:29 - mkk_pika - main.py:112 - INFO - [episode:第1話       ] downloaded:    28, total:  28, progress:100%
2026-01-23 23:31:29 - mkk_pika - database.py:238 - INFO - 数据库更新已下载章节
2026-01-23 23:31:29 - mkk_pika - database.py:244 - INFO - 该漫画已下载章节如下
2026-01-23 23:31:29 - mkk_pika - database.py:245 - INFO - ['第1話']
2026-01-23 23:31:30 - mkk_pika - main.py:292 - INFO - ==================== 漫画信息 ====================
                                漫画ID：6973a99b52d59d59d619b303
                                标题：橘ノゾミにバブってオギャってたら襲われちゃった話 | 关于我对橘望装宝宝撒娇娇结果反被她袭击这件事
                                作者：こんにゃく村 (konnyaku)
                                是否完结：否
                                总页数：28
                                分类：短篇,同人
                                章节数：1
                                最后更新时间：2026-01-23T17:02:19.615Z
                                =================================================
2026-01-23 23:31:30 - mkk_pika - database.py:101 - INFO - 保存成功：橘ノゾミにバブってオギャってたら襲われちゃった話 | 关于我对橘望装宝宝撒娇娇结果反被她袭击这件事
2026-01-23 23:31:30 - mkk_pika - main.py:35 - INFO - 开始检查Know So Me, Stay With Me是否存在未下载章节
2026-01-23 23:31:30 - mkk_pika - main.py:45 - INFO - 正在下载:[Know So Me, Stay With Me]-[垂れ目至上主義 (かまんべーる)]-[['短篇', '同人']]-[total_pages:-1]
2026-01-23 23:31:30 - mkk_pika - main.py:49 - INFO - [{'_id': '6970faf794955d623fb22014', 'title': '生肉', 'order': 1, 'updated_at': '2026-01-23T17:01:15.851Z', 'id': '6970faf794955d623fb22014'}, {'_id': '6973a95b46761c087485cd18', 'title': '熟肉', 'order': 2, 'updated_at': '2026-01-22T11:53:27.869Z', 'id': '6973a95b46761c087485cd18'}]
2026-01-23 23:31:30 - mkk_pika - database.py:215 - INFO - 第一次下载该漫画，记录数据库中
2026-01-23 23:31:31 - mkk_pika - main.py:83 - INFO - 找到 24 张图片在:生肉
2026-01-23 23:31:32 - mkk_pika - main.py:112 - INFO - [episode:生肉        ] downloaded:    24, total:  24, progress:100%
2026-01-23 23:31:32 - mkk_pika - database.py:238 - INFO - 数据库更新已下载章节
2026-01-23 23:31:32 - mkk_pika - database.py:244 - INFO - 该漫画已下载章节如下
2026-01-23 23:31:32 - mkk_pika - database.py:245 - INFO - ['生肉']
2026-01-23 23:31:33 - mkk_pika - main.py:83 - INFO - 找到 25 张图片在:熟肉
2026-01-23 23:31:34 - mkk_pika - main.py:112 - INFO - [episode:熟肉        ] downloaded:    25, total:  25, progress:100%
2026-01-23 23:31:34 - mkk_pika - database.py:238 - INFO - 数据库更新已下载章节
2026-01-23 23:31:34 - mkk_pika - database.py:244 - INFO - 该漫画已下载章节如下
2026-01-23 23:31:34 - mkk_pika - database.py:245 - INFO - ['生肉', '熟肉']
2026-01-23 23:31:36 - mkk_pika - main.py:292 - INFO - ==================== 漫画信息 ====================
                                漫画ID：6970faf794955d623fb22013
                                标题：Know So Me, Stay With Me
                                作者：垂れ目至上主義 (かまんべーる)
                                是否完结：否
                                总页数：49
                                分类：短篇,同人
                                章节数：2
                                最后更新时间：2026-01-23T17:01:15.844Z
                                =================================================
2026-01-23 23:31:36 - mkk_pika - database.py:101 - INFO - 保存成功：Know So Me, Stay With Me
2026-01-23 23:31:36 - mkk_pika - main.py:35 - INFO - 开始检查 田舎の親戚とHをする話是否存在未下载章节
2026-01-23 23:31:36 - mkk_pika - database.py:203 - INFO - 查询数据库中是否已存在第1話
2026-01-23 23:31:36 - mkk_pika - database.py:203 - INFO - 查询数据库中是否已存在第2話
2026-01-23 23:31:36 - mkk_pika - database.py:203 - INFO - 查询数据库中是否已存在第3話
2026-01-23 23:31:36 - mkk_pika - main.py:51 - INFO -  田舎の親戚とHをする話中没有可下载章节
2026-01-23 23:31:36 - mkk_pika - main.py:292 - INFO - ==================== 漫画信息 ====================
                                漫画ID：644c47b228c6ae2c5403e2b9
                                标题： 田舎の親戚とHをする話
                                作者：フルポンツインテール (おもちなべ)
                                是否完结：是
                                总页数：83
                                分类：姐姐系,全彩
                                章节数：3
                                最后更新时间：2026-01-22T17:53:36.946Z
                                =================================================
2026-01-23 23:31:36 - mkk_pika - database.py:101 - INFO - 保存成功： 田舎の親戚とHをする話
2026-01-23 23:31:36 - mkk_pika - main.py:323 - INFO - 订阅内容内容下载完毕
2026-01-23 23:31:36 - mkk_pika - main.py:324 - INFO - 开始分批下载全部章节
2026-01-23 23:31:36 - mkk_pika - database.py:280 - INFO - 表和索引初始化成功
2026-01-23 23:31:36 - mkk_pika - main.py:177 - INFO - 已经下载了65页，一共6697页，现在开始添加第66页
2026-01-23 23:31:37 - mkk_pika - database.py:318 - INFO - 保存成功
2026-01-23 23:31:37 - mkk_pika - main.py:177 - INFO - 已经下载了66页，一共6697页，现在开始添加第67页
2026-01-23 23:31:38 - mkk_pika - database.py:318 - INFO - 保存成功
2026-01-23 23:31:38 - mkk_pika - main.py:331 - INFO - 分批下载共计37本漫画
2026-01-23 23:31:38 - mkk_pika - main.py:35 - INFO - 开始检查キミイロデイズ #1今日から学園アイドル是否存在未下载章节
2026-01-23 23:31:38 - mkk_pika - main.py:45 - INFO - 正在下载:[キミイロデイズ #1今日から学園アイドル]-[谷口さん]-[['短篇', '性轉換']]-[total_pages:21]
2026-01-23 23:31:38 - mkk_pika - main.py:49 - INFO - [{'_id': '58218d485f6b9a4f93e1b5cd', 'title': '第1集', 'order': 1, 'updated_at': '2016-11-08T08:31:04.627Z', 'id': '58218d485f6b9a4f93e1b5cd'}]
2026-01-23 23:31:38 - mkk_pika - database.py:215 - INFO - 第一次下载该漫画，记录数据库中
2026-01-23 23:31:38 - mkk_pika - main.py:83 - INFO - 找到 21 张图片在:第1集
2026-01-23 23:31:39 - mkk_pika - main.py:112 - INFO - [episode:第1集       ] downloaded:    21, total:  21, progress:100%
2026-01-23 23:31:39 - mkk_pika - database.py:238 - INFO - 数据库更新已下载章节
2026-01-23 23:31:39 - mkk_pika - database.py:244 - INFO - 该漫画已下载章节如下
2026-01-23 23:31:39 - mkk_pika - database.py:245 - INFO - ['第1集']
2026-01-23 23:31:41 - mkk_pika - main.py:348 - INFO - ==================== 漫画信息 ====================
                                   漫画ID：58218d485f6b9a4f93e1b5cb
                                   标题：キミイロデイズ #1今日から学園アイドル
                                   作者：谷口さん
                                   是否完结：是
                                   总页数：21
                                   分类：短篇,性轉換
                                   章节数：1
                                   最后更新时间：2008-07-13T12:47:22.000Z
                                   =================================================
2026-01-23 23:31:41 - mkk_pika - database.py:101 - INFO - 保存成功：キミイロデイズ #1今日から学園アイドル
2026-01-23 23:31:41 - mkk_pika - main.py:35 - INFO - 开始检查（Danmachi）赫斯提亚13本小合集①是否存在未下载章节
2026-01-23 23:31:41 - mkk_pika - main.py:45 - INFO - 正在下载:[（Danmachi）赫斯提亚13本小合集①]-[多人]-[['同人', '短篇']]-[total_pages:78]
2026-01-23 23:31:41 - mkk_pika - main.py:49 - INFO - [{'_id': '58218d485f6b9a4f93e1b5fb', 'title': '第1集', 'order': 1, 'updated_at': '2016-11-08T08:31:04.984Z', 'id': '58218d485f6b9a4f93e1b5fb'}, {'_id': '58218d495f6b9a4f93e1b61d', 'title': '第2集', 'order': 2, 'updated_at': '2016-11-08T08:31:05.551Z', 'id': '58218d495f6b9a4f93e1b61d'}, {'_id': '58218d495f6b9a4f93e1b653', 'title': '第3集', 'order': 3, 'updated_at': '2016-11-08T08:31:05.868Z', 'id': '58218d495f6b9a4f93e1b653'}, {'_id': '58218d4a5f6b9a4f93e1b685', 'title': '第4集', 'order': 4, 'updated_at': '2016-11-08T08:31:06.266Z', 'id': '58218d4a5f6b9a4f93e1b685'}]
2026-01-23 23:31:41 - mkk_pika - database.py:215 - INFO - 第一次下载该漫画，记录数据库中
2026-01-23 23:31:42 - mkk_pika - main.py:83 - INFO - 找到 16 张图片在:第1集
2026-01-23 23:31:42 - mkk_pika - main.py:112 - INFO - [episode:第1集       ] downloaded:    16, total:  16, progress:100%
2026-01-23 23:31:42 - mkk_pika - database.py:238 - INFO - 数据库更新已下载章节
2026-01-23 23:31:42 - mkk_pika - database.py:244 - INFO - 该漫画已下载章节如下
2026-01-23 23:31:42 - mkk_pika - database.py:245 - INFO - ['第1集']
2026-01-23 23:31:44 - mkk_pika - main.py:83 - INFO - 找到 26 张图片在:第2集
2026-01-23 23:31:45 - mkk_pika - main.py:112 - INFO - [episode:第2集       ] downloaded:    26, total:  26, progress:100%
2026-01-23 23:31:45 - mkk_pika - database.py:238 - INFO - 数据库更新已下载章节
2026-01-23 23:31:45 - mkk_pika - database.py:244 - INFO - 该漫画已下载章节如下
2026-01-23 23:31:45 - mkk_pika - database.py:245 - INFO - ['第1集', '第2集']
2026-01-23 23:31:47 - mkk_pika - main.py:83 - INFO - 找到 24 张图片在:第3集
2026-01-23 23:31:48 - mkk_pika - main.py:112 - INFO - [episode:第3集       ] downloaded:    24, total:  24, progress:100%
2026-01-23 23:31:48 - mkk_pika - database.py:238 - INFO - 数据库更新已下载章节
2026-01-23 23:31:48 - mkk_pika - database.py:244 - INFO - 该漫画已下载章节如下
2026-01-23 23:31:48 - mkk_pika - database.py:245 - INFO - ['第1集', '第2集', '第3集']
2026-01-23 23:31:49 - mkk_pika - main.py:83 - INFO - 找到 12 张图片在:第4集
2026-01-23 23:31:50 - mkk_pika - main.py:112 - INFO - [episode:第4集       ] downloaded:    12, total:  12, progress:100%
2026-01-23 23:31:50 - mkk_pika - database.py:238 - INFO - 数据库更新已下载章节
2026-01-23 23:31:50 - mkk_pika - database.py:244 - INFO - 该漫画已下载章节如下
2026-01-23 23:31:50 - mkk_pika - database.py:245 - INFO - ['第1集', '第2集', '第3集', '第4集']
2026-01-23 23:31:51 - mkk_pika - main.py:348 - INFO - ==================== 漫画信息 ====================
                                   漫画ID：58218d485f6b9a4f93e1b5f9
                                   标题：（Danmachi）赫斯提亚13本小合集①
                                   作者：多人
                                   是否完结：是
                                   总页数：78
                                   分类：同人,短篇
                                   章节数：4
                                   最后更新时间：2008-07-13T22:47:22.000Z
                                   =================================================
2026-01-23 23:31:51 - mkk_pika - database.py:101 - INFO - 保存成功：（Danmachi）赫斯提亚13本小合集①
2026-01-23 23:31:51 - mkk_pika - main.py:35 - INFO - 开始检查（Danmachi）赫斯提亚13本小合集②是否存在未下载章节
2026-01-23 23:31:51 - mkk_pika - main.py:45 - INFO - 正在下载:[（Danmachi）赫斯提亚13本小合集②]-[多人]-[['同人', '短篇']]-[total_pages:64]
2026-01-23 23:31:51 - mkk_pika - main.py:49 - INFO - [{'_id': '58218d4a5f6b9a4f93e1b6a1', 'title': '第1集', 'order': 1, 'updated_at': '2016-11-08T08:31:06.863Z', 'id': '58218d4a5f6b9a4f93e1b6a1'}, {'_id': '58218d4b5f6b9a4f93e1b6b1', 'title': '第2集', 'order': 2, 'updated_at': '2016-11-08T08:31:07.166Z', 'id': '58218d4b5f6b9a4f93e1b6b1'}, {'_id': '58218d4b5f6b9a4f93e1b6d7', 'title': '第3集', 'order': 3, 'updated_at': '2016-11-08T08:31:07.491Z', 'id': '58218d4b5f6b9a4f93e1b6d7'}, {'_id': '58218d4c5f6b9a4f93e1b6fd', 'title': '第4集', 'order': 4, 'updated_at': '2016-11-08T08:31:08.079Z', 'id': '58218d4c5f6b9a4f93e1b6fd'}]
2026-01-23 23:31:51 - mkk_pika - database.py:215 - INFO - 第一次下载该漫画，记录数据库中
2026-01-23 23:31:52 - mkk_pika - main.py:83 - INFO - 找到 7 张图片在:第1集
2026-01-23 23:31:52 - mkk_pika - main.py:112 - INFO - [episode:第1集       ] downloaded:     7, total:   7, progress:100%
2026-01-23 23:31:52 - mkk_pika - database.py:238 - INFO - 数据库更新已下载章节
2026-01-23 23:31:52 - mkk_pika - database.py:244 - INFO - 该漫画已下载章节如下
2026-01-23 23:31:52 - mkk_pika - database.py:245 - INFO - ['第1集']
2026-01-23 23:31:54 - mkk_pika - main.py:83 - INFO - 找到 18 张图片在:第2集
2026-01-23 23:31:55 - mkk_pika - main.py:112 - INFO - [episode:第2集       ] downloaded:    18, total:  18, progress:100%
2026-01-23 23:31:55 - mkk_pika - database.py:238 - INFO - 数据库更新已下载章节
2026-01-23 23:31:55 - mkk_pika - database.py:244 - INFO - 该漫画已下载章节如下
2026-01-23 23:31:55 - mkk_pika - database.py:245 - INFO - ['第1集', '第2集']
2026-01-23 23:31:56 - mkk_pika - main.py:83 - INFO - 找到 18 张图片在:第3集
2026-01-23 23:31:57 - mkk_pika - main.py:112 - INFO - [episode:第3集       ] downloaded:    18, total:  18, progress:100%
2026-01-23 23:31:57 - mkk_pika - database.py:238 - INFO - 数据库更新已下载章节
2026-01-23 23:31:57 - mkk_pika - database.py:244 - INFO - 该漫画已下载章节如下
2026-01-23 23:31:57 - mkk_pika - database.py:245 - INFO - ['第1集', '第2集', '第3集']
2026-01-23 23:31:58 - mkk_pika - main.py:83 - INFO - 找到 21 张图片在:第4集
2026-01-23 23:31:59 - mkk_pika - main.py:112 - INFO - [episode:第4集       ] downloaded:    21, total:  21, progress:100%
2026-01-23 23:31:59 - mkk_pika - database.py:238 - INFO - 数据库更新已下载章节
2026-01-23 23:31:59 - mkk_pika - database.py:244 - INFO - 该漫画已下载章节如下
2026-01-23 23:31:59 - mkk_pika - database.py:245 - INFO - ['第1集', '第2集', '第3集', '第4集']
2026-01-23 23:32:01 - mkk_pika - main.py:348 - INFO - ==================== 漫画信息 ====================
                                   漫画ID：58218d4a5f6b9a4f93e1b69f
                                   标题：（Danmachi）赫斯提亚13本小合集②
                                   作者：多人
                                   是否完结：是
                                   总页数：64
                                   分类：同人,短篇
                                   章节数：4
                                   最后更新时间：2008-07-14T08:47:22.000Z
                                   =================================================
2026-01-23 23:32:01 - mkk_pika - database.py:101 - INFO - 保存成功：（Danmachi）赫斯提亚13本小合集②
2026-01-23 23:32:01 - mkk_pika - main.py:35 - INFO - 开始检查（Danmachi）赫斯提亚13本小合集③（完）是否存在未下载章节
2026-01-23 23:32:01 - mkk_pika - main.py:45 - INFO - 正在下载:[（Danmachi）赫斯提亚13本小合集③（完）]-[多人]-[['同人', '短篇']]-[total_pages:106]
2026-01-23 23:32:01 - mkk_pika - main.py:49 - INFO - [{'_id': '58218d4c5f6b9a4f93e1b72b', 'title': '第1集', 'order': 1, 'updated_at': '2016-11-08T08:31:08.667Z', 'id': '58218d4c5f6b9a4f93e1b72b'}, {'_id': '58218d4d5f6b9a4f93e1b765', 'title': '第2集', 'order': 2, 'updated_at': '2016-11-08T08:31:09.025Z', 'id': '58218d4d5f6b9a4f93e1b765'}, {'_id': '58218d4d5f6b9a4f93e1b78b', 'title': '第3集', 'order': 3, 'updated_at': '2016-11-08T08:31:09.341Z', 'id': '58218d4d5f6b9a4f93e1b78b'}, {'_id': '58218d4d5f6b9a4f93e1b7c1', 'title': '第4集', 'order': 4, 'updated_at': '2016-11-08T08:31:09.689Z', 'id': '58218d4d5f6b9a4f93e1b7c1'}, {'_id': '58218d4e5f6b9a4f93e1b7db', 'title': '第5集', 'order': 5, 'updated_at': '2016-11-08T08:31:10.244Z', 'id': '58218d4e5f6b9a4f93e1b7db'}]
2026-01-23 23:32:01 - mkk_pika - database.py:215 - INFO - 第一次下载该漫画，记录数据库中
2026-01-23 23:32:02 - mkk_pika - main.py:83 - INFO - 找到 28 张图片在:第1集
2026-01-23 23:32:03 - mkk_pika - main.py:112 - INFO - [episode:第1集       ] downloaded:    28, total:  28, progress:100%
2026-01-23 23:32:03 - mkk_pika - database.py:238 - INFO - 数据库更新已下载章节
2026-01-23 23:32:03 - mkk_pika - database.py:244 - INFO - 该漫画已下载章节如下
2026-01-23 23:32:03 - mkk_pika - database.py:245 - INFO - ['第1集']
2026-01-23 23:32:04 - mkk_pika - main.py:83 - INFO - 找到 18 张图片在:第2集
2026-01-23 23:32:05 - mkk_pika - main.py:112 - INFO - [episode:第2集       ] downloaded:    18, total:  18, progress:100%
2026-01-23 23:32:05 - mkk_pika - database.py:238 - INFO - 数据库更新已下载章节
2026-01-23 23:32:05 - mkk_pika - database.py:244 - INFO - 该漫画已下载章节如下
2026-01-23 23:32:05 - mkk_pika - database.py:245 - INFO - ['第1集', '第2集']
2026-01-23 23:32:07 - mkk_pika - main.py:83 - INFO - 找到 26 张图片在:第3集
2026-01-23 23:32:08 - mkk_pika - main.py:112 - INFO - [episode:第3集       ] downloaded:    26, total:  26, progress:100%
2026-01-23 23:32:08 - mkk_pika - database.py:238 - INFO - 数据库更新已下载章节
2026-01-23 23:32:08 - mkk_pika - database.py:244 - INFO - 该漫画已下载章节如下
2026-01-23 23:32:08 - mkk_pika - database.py:245 - INFO - ['第1集', '第2集', '第3集']
2026-01-23 23:32:09 - mkk_pika - main.py:83 - INFO - 找到 12 张图片在:第4集
2026-01-23 23:32:10 - mkk_pika - main.py:112 - INFO - [episode:第4集       ] downloaded:    12, total:  12, progress:100%
2026-01-23 23:32:10 - mkk_pika - database.py:238 - INFO - 数据库更新已下载章节
2026-01-23 23:32:10 - mkk_pika - database.py:244 - INFO - 该漫画已下载章节如下
2026-01-23 23:32:10 - mkk_pika - database.py:245 - INFO - ['第1集', '第2集', '第3集', '第4集']
2026-01-23 23:32:12 - mkk_pika - main.py:83 - INFO - 找到 22 张图片在:第5集
2026-01-23 23:32:12 - mkk_pika - main.py:112 - INFO - [episode:第5集       ] downloaded:    22, total:  22, progress:100%
2026-01-23 23:32:12 - mkk_pika - database.py:238 - INFO - 数据库更新已下载章节
2026-01-23 23:32:12 - mkk_pika - database.py:244 - INFO - 该漫画已下载章节如下
2026-01-23 23:32:12 - mkk_pika - database.py:245 - INFO - ['第1集', '第2集', '第3集', '第4集', '第5集']
2026-01-23 23:32:14 - mkk_pika - main.py:348 - INFO - ==================== 漫画信息 ====================
                                   漫画ID：58218d4c5f6b9a4f93e1b729
                                   标题：（Danmachi）赫斯提亚13本小合集③（完）
                                   作者：多人
                                   是否完结：是
                                   总页数：106
                                   分类：同人,短篇
                                   章节数：5
                                   最后更新时间：2008-07-14T18:47:22.000Z
                                   =================================================
2026-01-23 23:32:14 - mkk_pika - database.py:101 - INFO - 保存成功：（Danmachi）赫斯提亚13本小合集③（完）
2026-01-23 23:32:14 - mkk_pika - main.py:35 - INFO - 开始检查恋人同士是否存在未下载章节
2026-01-23 23:32:14 - mkk_pika - main.py:45 - INFO - 正在下载:[恋人同士]-[白根戴斗]-[['短篇', '百合花園', '純愛']]-[total_pages:26]
2026-01-23 23:32:14 - mkk_pika - main.py:49 - INFO - [{'_id': '58218d4e5f6b9a4f93e1b80b', 'title': '第1集', 'order': 1, 'updated_at': '2016-11-08T08:31:10.844Z', 'id': '58218d4e5f6b9a4f93e1b80b'}]
2026-01-23 23:32:14 - mkk_pika - database.py:215 - INFO - 第一次下载该漫画，记录数据库中
2026-01-23 23:32:15 - mkk_pika - main.py:83 - INFO - 找到 26 张图片在:第1集
2026-01-23 23:32:16 - mkk_pika - main.py:112 - INFO - [episode:第1集       ] downloaded:    26, total:  26, progress:100%
2026-01-23 23:32:16 - mkk_pika - database.py:238 - INFO - 数据库更新已下载章节
2026-01-23 23:32:16 - mkk_pika - database.py:244 - INFO - 该漫画已下载章节如下
2026-01-23 23:32:16 - mkk_pika - database.py:245 - INFO - ['第1集']
2026-01-23 23:32:17 - mkk_pika - main.py:348 - INFO - ==================== 漫画信息 ====================
                                   漫画ID：58218d4e5f6b9a4f93e1b809
                                   标题：恋人同士
                                   作者：白根戴斗
                                   是否完结：是
                                   总页数：26
                                   分类：短篇,百合花園,純愛
                                   章节数：1
                                   最后更新时间：2008-07-15T04:47:22.000Z
                                   =================================================
2026-01-23 23:32:17 - mkk_pika - database.py:101 - INFO - 保存成功：恋人同士
2026-01-23 23:32:17 - mkk_pika - main.py:35 - INFO - 开始检查向日葵シェアリング是否存在未下载章节
2026-01-23 23:32:17 - mkk_pika - main.py:45 - INFO - 正在下载:[向日葵シェアリング]-[NICOLAI(オリコ)]-[['短篇', '百合花園', '純愛']]-[total_pages:33]
2026-01-23 23:32:17 - mkk_pika - main.py:49 - INFO - [{'_id': '58218d4f5f6b9a4f93e1b843', 'title': '第1集', 'order': 1, 'updated_at': '2016-11-08T08:31:11.199Z', 'id': '58218d4f5f6b9a4f93e1b843'}]
2026-01-23 23:32:17 - mkk_pika - database.py:215 - INFO - 第一次下载该漫画，记录数据库中
2026-01-23 23:32:18 - mkk_pika - main.py:83 - INFO - 找到 33 张图片在:第1集
2026-01-23 23:32:19 - mkk_pika - main.py:112 - INFO - [episode:第1集       ] downloaded:    33, total:  33, progress:100%
2026-01-23 23:32:19 - mkk_pika - database.py:238 - INFO - 数据库更新已下载章节
2026-01-23 23:32:19 - mkk_pika - database.py:244 - INFO - 该漫画已下载章节如下
2026-01-23 23:32:19 - mkk_pika - database.py:245 - INFO - ['第1集']
2026-01-23 23:32:21 - mkk_pika - main.py:348 - INFO - ==================== 漫画信息 ====================
                                   漫画ID：58218d4e5f6b9a4f93e1b841
                                   标题：向日葵シェアリング
                                   作者：NICOLAI(オリコ)
                                   是否完结：否
                                   总页数：33
                                   分类：短篇,百合花園,純愛
                                   章节数：1
                                   最后更新时间：2008-07-15T14:47:22.000Z
                                   =================================================
2026-01-23 23:32:21 - mkk_pika - database.py:101 - INFO - 保存成功：向日葵シェアリング
2026-01-23 23:32:21 - mkk_pika - main.py:35 - INFO - 开始检查おしっこ×おしっ娘是否存在未下载章节
2026-01-23 23:32:21 - mkk_pika - main.py:45 - INFO - 正在下载:[おしっこ×おしっ娘]-[高城ごーや]-[['同人', '長篇', '妹妹系', '純愛']]-[total_pages:215]
2026-01-23 23:32:21 - mkk_pika - main.py:49 - INFO - [{'_id': '58218d4f5f6b9a4f93e1b889', 'title': '第1集', 'order': 1, 'updated_at': '2016-11-08T08:31:11.581Z', 'id': '58218d4f5f6b9a4f93e1b889'}]
2026-01-23 23:32:21 - mkk_pika - database.py:215 - INFO - 第一次下载该漫画，记录数据库中
2026-01-23 23:32:23 - mkk_pika - main.py:83 - INFO - 找到 215 张图片在:第1集
2026-01-23 23:32:31 - mkk_pika - main.py:112 - INFO - [episode:第1集       ] downloaded:   215, total: 215, progress:100%
2026-01-23 23:32:31 - mkk_pika - database.py:238 - INFO - 数据库更新已下载章节
2026-01-23 23:32:31 - mkk_pika - database.py:244 - INFO - 该漫画已下载章节如下
2026-01-23 23:32:31 - mkk_pika - database.py:245 - INFO - ['第1集']
2026-01-23 23:32:33 - mkk_pika - main.py:348 - INFO - ==================== 漫画信息 ====================
                                   漫画ID：58218d4f5f6b9a4f93e1b887
                                   标题：おしっこ×おしっ娘
                                   作者：高城ごーや
                                   是否完结：是
                                   总页数：215
                                   分类：同人,長篇,妹妹系,純愛
                                   章节数：1
                                   最后更新时间：2008-07-16T00:47:22.000Z
                                   =================================================
2026-01-23 23:32:33 - mkk_pika - database.py:101 - INFO - 保存成功：おしっこ×おしっ娘
2026-01-23 23:32:33 - mkk_pika - main.py:35 - INFO - 开始检查イモート・コントロール是否存在未下载章节
2026-01-23 23:32:34 - mkk_pika - main.py:45 - INFO - 正在下载:[イモート・コントロール]-[鉄歩]-[['同人', '長篇', '純愛']]-[total_pages:193]
2026-01-23 23:32:34 - mkk_pika - main.py:49 - INFO - [{'_id': '58218d505f6b9a4f93e1ba3b', 'title': '第1集', 'order': 1, 'updated_at': '2016-11-08T08:31:12.671Z', 'id': '58218d505f6b9a4f93e1ba3b'}]
2026-01-23 23:32:34 - mkk_pika - database.py:215 - INFO - 第一次下载该漫画，记录数据库中
2026-01-23 23:32:36 - mkk_pika - main.py:83 - INFO - 找到 193 张图片在:第1集
2026-01-23 23:32:44 - mkk_pika - main.py:112 - INFO - [episode:第1集       ] downloaded:   193, total: 193, progress:100%
2026-01-23 23:32:44 - mkk_pika - database.py:238 - INFO - 数据库更新已下载章节
2026-01-23 23:32:44 - mkk_pika - database.py:244 - INFO - 该漫画已下载章节如下
2026-01-23 23:32:44 - mkk_pika - database.py:245 - INFO - ['第1集']
2026-01-23 23:32:45 - mkk_pika - main.py:348 - INFO - ==================== 漫画信息 ====================
                                   漫画ID：58218d505f6b9a4f93e1ba39
                                   标题：イモート・コントロール
                                   作者：鉄歩
                                   是否完结：是
                                   总页数：193
                                   分类：同人,長篇,純愛
                                   章节数：1
                                   最后更新时间：2008-07-16T10:47:22.000Z
                                   =================================================
2026-01-23 23:32:45 - mkk_pika - database.py:101 - INFO - 保存成功：イモート・コントロール
2026-01-23 23:32:45 - mkk_pika - main.py:35 - INFO - 开始检查メタモルフォーゼ ~セレブ妻の性宴~是否存在未下载章节
2026-01-23 23:32:46 - mkk_pika - main.py:45 - INFO - 正在下载:[メタモルフォーゼ ~セレブ妻の性宴~]-[葵ヒトリ, 十六夜清心 & 山咲まさと]-[['同人', 'SM', '人妻', '長篇']]-[total_pages:207]
2026-01-23 23:32:46 - mkk_pika - main.py:49 - INFO - [{'_id': '58218d525f6b9a4f93e1bd51', 'title': '第1集', 'order': 1, 'updated_at': '2016-11-08T08:31:14.702Z', 'id': '58218d525f6b9a4f93e1bd51'}]
2026-01-23 23:32:46 - mkk_pika - database.py:215 - INFO - 第一次下载该漫画，记录数据库中
2026-01-23 23:32:47 - mkk_pika - main.py:83 - INFO - 找到 207 张图片在:第1集
2026-01-23 23:32:55 - mkk_pika - main.py:112 - INFO - [episode:第1集       ] downloaded:   207, total: 207, progress:100%
2026-01-23 23:32:55 - mkk_pika - database.py:238 - INFO - 数据库更新已下载章节
2026-01-23 23:32:55 - mkk_pika - database.py:244 - INFO - 该漫画已下载章节如下
2026-01-23 23:32:55 - mkk_pika - database.py:245 - INFO - ['第1集']
2026-01-23 23:32:56 - mkk_pika - main.py:348 - INFO - ==================== 漫画信息 ====================
                                   漫画ID：58218d525f6b9a4f93e1bd4f
                                   标题：メタモルフォーゼ ~セレブ妻の性宴~
                                   作者：葵ヒトリ, 十六夜清心 & 山咲まさと
                                   是否完结：是
                                   总页数：207
                                   分类：同人,SM,人妻,長篇
                                   章节数：1
                                   最后更新时间：2008-07-17T06:47:22.000Z
                                   =================================================
2026-01-23 23:32:56 - mkk_pika - database.py:101 - INFO - 保存成功：メタモルフォーゼ ~セレブ妻の性宴~
2026-01-23 23:32:56 - mkk_pika - main.py:35 - INFO - 开始检查ふぇちかの!是否存在未下载章节
2026-01-23 23:32:57 - mkk_pika - main.py:45 - INFO - 正在下载:[ふぇちかの!]-[Lapis Lazuli]-[['同人', '長篇', '純愛']]-[total_pages:189]
2026-01-23 23:32:57 - mkk_pika - main.py:49 - INFO - [{'_id': '58218d535f6b9a4f93e1bef3', 'title': '第1集', 'order': 1, 'updated_at': '2016-11-08T08:31:15.941Z', 'id': '58218d535f6b9a4f93e1bef3'}]
2026-01-23 23:32:57 - mkk_pika - database.py:215 - INFO - 第一次下载该漫画，记录数据库中
2026-01-23 23:32:58 - mkk_pika - main.py:83 - INFO - 找到 189 张图片在:第1集
2026-01-23 23:33:06 - mkk_pika - main.py:112 - INFO - [episode:第1集       ] downloaded:   189, total: 189, progress:100%
2026-01-23 23:33:06 - mkk_pika - database.py:238 - INFO - 数据库更新已下载章节
2026-01-23 23:33:06 - mkk_pika - database.py:244 - INFO - 该漫画已下载章节如下
2026-01-23 23:33:06 - mkk_pika - database.py:245 - INFO - ['第1集']
2026-01-23 23:33:07 - mkk_pika - main.py:348 - INFO - ==================== 漫画信息 ====================
                                   漫画ID：58218d535f6b9a4f93e1bef1
                                   标题：ふぇちかの!
                                   作者：Lapis Lazuli
                                   是否完结：是
                                   总页数：189
                                   分类：同人,長篇,純愛
                                   章节数：1
                                   最后更新时间：2008-07-17T16:47:22.000Z
                                   =================================================
2026-01-23 23:33:07 - mkk_pika - database.py:101 - INFO - 保存成功：ふぇちかの!
2026-01-23 23:33:07 - mkk_pika - main.py:35 - INFO - 开始检查フルエルクチビル是否存在未下载章节
2026-01-23 23:33:08 - mkk_pika - main.py:45 - INFO - 正在下载:[フルエルクチビル]-[犬]-[['同人', '長篇', '妹妹系', '純愛']]-[total_pages:199]
2026-01-23 23:33:08 - mkk_pika - main.py:49 - INFO - [{'_id': '58218d555f6b9a4f93e1c071', 'title': '第1集', 'order': 1, 'updated_at': '2016-11-08T08:31:17.535Z', 'id': '58218d555f6b9a4f93e1c071'}]
2026-01-23 23:33:08 - mkk_pika - database.py:215 - INFO - 第一次下载该漫画，记录数据库中
2026-01-23 23:33:09 - mkk_pika - main.py:83 - INFO - 找到 199 张图片在:第1集
2026-01-23 23:33:17 - mkk_pika - main.py:112 - INFO - [episode:第1集       ] downloaded:   199, total: 199, progress:100%
2026-01-23 23:33:17 - mkk_pika - database.py:238 - INFO - 数据库更新已下载章节
2026-01-23 23:33:17 - mkk_pika - database.py:244 - INFO - 该漫画已下载章节如下
2026-01-23 23:33:17 - mkk_pika - database.py:245 - INFO - ['第1集']
2026-01-23 23:33:18 - mkk_pika - main.py:348 - INFO - ==================== 漫画信息 ====================
                                   漫画ID：58218d555f6b9a4f93e1c06f
                                   标题：フルエルクチビル
                                   作者：犬
                                   是否完结：是
                                   总页数：199
                                   分类：同人,長篇,妹妹系,純愛
                                   章节数：1
                                   最后更新时间：2008-07-18T02:47:22.000Z
                                   =================================================
2026-01-23 23:33:18 - mkk_pika - database.py:101 - INFO - 保存成功：フルエルクチビル
2026-01-23 23:33:18 - mkk_pika - main.py:35 - INFO - 开始检查my妹しーくれっと是否存在未下载章节
2026-01-23 23:33:18 - mkk_pika - main.py:45 - INFO - 正在下载:[my妹しーくれっと]-[椿十四郎]-[['同人', '長篇', '妹妹系', '純愛']]-[total_pages:228]
2026-01-23 23:33:18 - mkk_pika - main.py:49 - INFO - [{'_id': '58218d565f6b9a4f93e1c203', 'title': '第1集', 'order': 1, 'updated_at': '2016-11-08T08:31:18.611Z', 'id': '58218d565f6b9a4f93e1c203'}]
2026-01-23 23:33:18 - mkk_pika - database.py:215 - INFO - 第一次下载该漫画，记录数据库中
2026-01-23 23:33:20 - mkk_pika - main.py:83 - INFO - 找到 228 张图片在:第1集
2026-01-23 23:33:29 - mkk_pika - main.py:112 - INFO - [episode:第1集       ] downloaded:   228, total: 228, progress:100%
2026-01-23 23:33:29 - mkk_pika - database.py:238 - INFO - 数据库更新已下载章节
2026-01-23 23:33:29 - mkk_pika - database.py:244 - INFO - 该漫画已下载章节如下
2026-01-23 23:33:29 - mkk_pika - database.py:245 - INFO - ['第1集']
2026-01-23 23:33:30 - mkk_pika - main.py:348 - INFO - ==================== 漫画信息 ====================
                                   漫画ID：58218d565f6b9a4f93e1c201
                                   标题：my妹しーくれっと
                                   作者：椿十四郎
                                   是否完结：是
                                   总页数：228
                                   分类：同人,長篇,妹妹系,純愛
                                   章节数：1
                                   最后更新时间：2008-07-18T12:47:22.000Z
                                   =================================================
2026-01-23 23:33:30 - mkk_pika - database.py:101 - INFO - 保存成功：my妹しーくれっと
2026-01-23 23:33:30 - mkk_pika - main.py:35 - INFO - 开始检查こんなコにしたのお兄ちゃんでしょ！！是否存在未下载章节
2026-01-23 23:33:31 - mkk_pika - main.py:45 - INFO - 正在下载:[こんなコにしたのお兄ちゃんでしょ！！]-[杜拓哉]-[['同人', '長篇', '妹妹系', '純愛']]-[total_pages:198]
2026-01-23 23:33:31 - mkk_pika - main.py:49 - INFO - [{'_id': '58218d585f6b9a4f93e1c3cf', 'title': '第1集', 'order': 1, 'updated_at': '2016-11-08T08:31:20.270Z', 'id': '58218d585f6b9a4f93e1c3cf'}]
2026-01-23 23:33:31 - mkk_pika - database.py:215 - INFO - 第一次下载该漫画，记录数据库中
2026-01-23 23:33:32 - mkk_pika - main.py:83 - INFO - 找到 198 张图片在:第1集
2026-01-23 23:33:39 - mkk_pika - main.py:112 - INFO - [episode:第1集       ] downloaded:   198, total: 198, progress:100%
2026-01-23 23:33:39 - mkk_pika - database.py:238 - INFO - 数据库更新已下载章节
2026-01-23 23:33:39 - mkk_pika - database.py:244 - INFO - 该漫画已下载章节如下
2026-01-23 23:33:39 - mkk_pika - database.py:245 - INFO - ['第1集']
2026-01-23 23:33:40 - mkk_pika - main.py:348 - INFO - ==================== 漫画信息 ====================
                                   漫画ID：58218d575f6b9a4f93e1c3cd
                                   标题：こんなコにしたのお兄ちゃんでしょ！！
                                   作者：杜拓哉
                                   是否完结：是
                                   总页数：198
                                   分类：同人,長篇,妹妹系,純愛
                                   章节数：1
                                   最后更新时间：2008-07-18T22:47:22.000Z
                                   =================================================
2026-01-23 23:33:40 - mkk_pika - database.py:101 - INFO - 保存成功：こんなコにしたのお兄ちゃんでしょ！！
2026-01-23 23:33:40 - mkk_pika - main.py:35 - INFO - 开始检查淫欲妖母是否存在未下载章节
2026-01-23 23:33:41 - mkk_pika - main.py:45 - INFO - 正在下载:[淫欲妖母]-[影狼]-[['同人', '人妻', '長篇', 'NTR']]-[total_pages:153]
2026-01-23 23:33:41 - mkk_pika - main.py:49 - INFO - [{'_id': '58218d595f6b9a4f93e1c55f', 'title': '第1集', 'order': 1, 'updated_at': '2016-11-08T08:31:21.788Z', 'id': '58218d595f6b9a4f93e1c55f'}]
2026-01-23 23:33:41 - mkk_pika - database.py:215 - INFO - 第一次下载该漫画，记录数据库中
2026-01-23 23:33:42 - mkk_pika - main.py:83 - INFO - 找到 153 张图片在:第1集
2026-01-23 23:33:48 - mkk_pika - main.py:112 - INFO - [episode:第1集       ] downloaded:   153, total: 153, progress:100%
2026-01-23 23:33:48 - mkk_pika - database.py:238 - INFO - 数据库更新已下载章节
2026-01-23 23:33:48 - mkk_pika - database.py:244 - INFO - 该漫画已下载章节如下
2026-01-23 23:33:48 - mkk_pika - database.py:245 - INFO - ['第1集']
2026-01-23 23:33:49 - mkk_pika - main.py:348 - INFO - ==================== 漫画信息 ====================
                                   漫画ID：58218d595f6b9a4f93e1c55d
                                   标题：淫欲妖母
                                   作者：影狼
                                   是否完结：是
                                   总页数：153
                                   分类：同人,人妻,長篇,NTR
                                   章节数：1
                                   最后更新时间：2008-07-19T08:47:22.000Z
                                   =================================================
2026-01-23 23:33:49 - mkk_pika - database.py:101 - INFO - 保存成功：淫欲妖母
2026-01-23 23:33:49 - mkk_pika - main.py:35 - INFO - 开始检查夏のあること是否存在未下载章节
2026-01-23 23:33:50 - mkk_pika - main.py:45 - INFO - 正在下载:[夏のあること]-[As109]-[['短篇', '全彩', '強暴']]-[total_pages:125]
2026-01-23 23:33:50 - mkk_pika - main.py:49 - INFO - [{'_id': '58218d5a5f6b9a4f93e1c695', 'title': '第1集', 'order': 1, 'updated_at': '2016-11-08T08:31:22.751Z', 'id': '58218d5a5f6b9a4f93e1c695'}]
2026-01-23 23:33:50 - mkk_pika - database.py:215 - INFO - 第一次下载该漫画，记录数据库中
2026-01-23 23:33:51 - mkk_pika - main.py:83 - INFO - 找到 125 张图片在:第1集
2026-01-23 23:33:54 - mkk_pika - main.py:112 - INFO - [episode:第1集       ] downloaded:   125, total: 125, progress:100%
2026-01-23 23:33:54 - mkk_pika - database.py:238 - INFO - 数据库更新已下载章节
2026-01-23 23:33:54 - mkk_pika - database.py:244 - INFO - 该漫画已下载章节如下
2026-01-23 23:33:54 - mkk_pika - database.py:245 - INFO - ['第1集']
2026-01-23 23:33:56 - mkk_pika - main.py:348 - INFO - ==================== 漫画信息 ====================
                                   漫画ID：58218d5a5f6b9a4f93e1c693
                                   标题：夏のあること
                                   作者：As109
                                   是否完结：是
                                   总页数：125
                                   分类：短篇,全彩,強暴
                                   章节数：1
                                   最后更新时间：2008-07-19T18:47:22.000Z
                                   =================================================
2026-01-23 23:33:56 - mkk_pika - database.py:101 - INFO - 保存成功：夏のあること
2026-01-23 23:33:56 - mkk_pika - main.py:35 - INFO - 开始检查(C81) QUEEN'S SLAVE 2 (クイーンズブレイド)是否存在未下载章节
2026-01-23 23:33:56 - mkk_pika - main.py:45 - INFO - 正在下载:[(C81) QUEEN'S SLAVE 2 (クイーンズブレイド)]-[Erect Touch (エレクトさわる)]-[['同人', '短篇', '強暴']]-[total_pages:46]
2026-01-23 23:33:56 - mkk_pika - main.py:49 - INFO - [{'_id': '58218d5b5f6b9a4f93e1c793', 'title': '第1集', 'order': 1, 'updated_at': '2016-11-08T08:31:23.311Z', 'id': '58218d5b5f6b9a4f93e1c793'}]
2026-01-23 23:33:56 - mkk_pika - database.py:215 - INFO - 第一次下载该漫画，记录数据库中
2026-01-23 23:33:57 - mkk_pika - main.py:83 - INFO - 找到 46 张图片在:第1集
2026-01-23 23:33:59 - mkk_pika - main.py:112 - INFO - [episode:第1集       ] downloaded:    46, total:  46, progress:100%
2026-01-23 23:33:59 - mkk_pika - database.py:238 - INFO - 数据库更新已下载章节
2026-01-23 23:33:59 - mkk_pika - database.py:244 - INFO - 该漫画已下载章节如下
2026-01-23 23:33:59 - mkk_pika - database.py:245 - INFO - ['第1集']
2026-01-23 23:34:00 - mkk_pika - main.py:348 - INFO - ==================== 漫画信息 ====================
                                   漫画ID：58218d5b5f6b9a4f93e1c791
                                   标题：(C81) QUEEN'S SLAVE 2 (クイーンズブレイド)
                                   作者：Erect Touch (エレクトさわる)
                                   是否完结：否
                                   总页数：46
                                   分类：同人,短篇,強暴
                                   章节数：1
                                   最后更新时间：2008-07-20T04:47:22.000Z
                                   =================================================
2026-01-23 23:34:00 - mkk_pika - database.py:101 - INFO - 保存成功：(C81) QUEEN'S SLAVE 2 (クイーンズブレイド)
2026-01-23 23:34:00 - mkk_pika - main.py:35 - INFO - 开始检查(C82) QUEEN'S SLAVE 3 (クイーンズブレイド)是否存在未下载章节
2026-01-23 23:34:00 - mkk_pika - main.py:45 - INFO - 正在下载:[(C82) QUEEN'S SLAVE 3 (クイーンズブレイド)]-[Erect Touch (エレクトさわる)]-[['同人', '短篇', '強暴']]-[total_pages:34]
2026-01-23 23:34:00 - mkk_pika - main.py:49 - INFO - [{'_id': '58218d5b5f6b9a4f93e1c7f3', 'title': '第1集', 'order': 1, 'updated_at': '2016-11-08T08:31:23.711Z', 'id': '58218d5b5f6b9a4f93e1c7f3'}]
2026-01-23 23:34:00 - mkk_pika - database.py:215 - INFO - 第一次下载该漫画，记录数据库中
2026-01-23 23:34:01 - mkk_pika - main.py:83 - INFO - 找到 34 张图片在:第1集
2026-01-23 23:34:02 - mkk_pika - main.py:112 - INFO - [episode:第1集       ] downloaded:    34, total:  34, progress:100%
2026-01-23 23:34:02 - mkk_pika - database.py:238 - INFO - 数据库更新已下载章节
2026-01-23 23:34:02 - mkk_pika - database.py:244 - INFO - 该漫画已下载章节如下
2026-01-23 23:34:02 - mkk_pika - database.py:245 - INFO - ['第1集']
2026-01-23 23:34:03 - mkk_pika - main.py:348 - INFO - ==================== 漫画信息 ====================
                                   漫画ID：58218d5b5f6b9a4f93e1c7f1
                                   标题：(C82) QUEEN'S SLAVE 3 (クイーンズブレイド)
                                   作者：Erect Touch (エレクトさわる)
                                   是否完结：是
                                   总页数：34
                                   分类：同人,短篇,強暴
                                   章节数：1
                                   最后更新时间：2008-07-20T14:47:22.000Z
                                   =================================================
2026-01-23 23:34:03 - mkk_pika - database.py:101 - INFO - 保存成功：(C82) QUEEN'S SLAVE 3 (クイーンズブレイド)
2026-01-23 23:34:03 - mkk_pika - main.py:35 - INFO - 开始检查(C87) 甘城エレクトさわるパレード (甘城ブリリアントパーク)是否存在未下载章节
2026-01-23 23:34:04 - mkk_pika - main.py:45 - INFO - 正在下载:[(C87) 甘城エレクトさわるパレード (甘城ブリリアントパーク)]-[ERECT TOUCH (エレクトさわる)]-[['同人', '短篇']]-[total_pages:39]
2026-01-23 23:34:04 - mkk_pika - main.py:49 - INFO - [{'_id': '58218d5d5f6b9a4f93e1c8d3', 'title': '第1集', 'order': 1, 'updated_at': '2016-11-08T08:31:25.103Z', 'id': '58218d5d5f6b9a4f93e1c8d3'}]
2026-01-23 23:34:04 - mkk_pika - database.py:215 - INFO - 第一次下载该漫画，记录数据库中
2026-01-23 23:34:04 - mkk_pika - main.py:83 - INFO - 找到 39 张图片在:第1集
2026-01-23 23:34:06 - mkk_pika - main.py:112 - INFO - [episode:第1集       ] downloaded:    39, total:  39, progress:100%
2026-01-23 23:34:06 - mkk_pika - database.py:238 - INFO - 数据库更新已下载章节
2026-01-23 23:34:06 - mkk_pika - database.py:244 - INFO - 该漫画已下载章节如下
2026-01-23 23:34:06 - mkk_pika - database.py:245 - INFO - ['第1集']
2026-01-23 23:34:07 - mkk_pika - main.py:348 - INFO - ==================== 漫画信息 ====================
                                   漫画ID：58218d5c5f6b9a4f93e1c8d1
                                   标题：(C87) 甘城エレクトさわるパレード (甘城ブリリアントパーク)
                                   作者：ERECT TOUCH (エレクトさわる)
                                   是否完结：是
                                   总页数：39
                                   分类：同人,短篇
                                   章节数：1
                                   最后更新时间：2008-07-21T20:47:22.000Z
                                   =================================================
2026-01-23 23:34:07 - mkk_pika - database.py:101 - INFO - 保存成功：(C87) 甘城エレクトさわるパレード (甘城ブリリアントパーク)
2026-01-23 23:34:07 - mkk_pika - main.py:35 - INFO - 开始检查絶対乳域是否存在未下载章节
2026-01-23 23:34:07 - mkk_pika - main.py:45 - INFO - 正在下载:[絶対乳域]-[ごばん]-[['長篇', '純愛']]-[total_pages:200]
2026-01-23 23:34:07 - mkk_pika - main.py:49 - INFO - [{'_id': '58218d5e5f6b9a4f93e1c993', 'title': '第1集', 'order': 1, 'updated_at': '2016-11-08T08:31:26.466Z', 'id': '58218d5e5f6b9a4f93e1c993'}]
2026-01-23 23:34:07 - mkk_pika - database.py:215 - INFO - 第一次下载该漫画，记录数据库中
2026-01-23 23:34:09 - mkk_pika - main.py:83 - INFO - 找到 200 张图片在:第1集
2026-01-23 23:34:16 - mkk_pika - main.py:112 - INFO - [episode:第1集       ] downloaded:   200, total: 200, progress:100%
2026-01-23 23:34:16 - mkk_pika - database.py:238 - INFO - 数据库更新已下载章节
2026-01-23 23:34:16 - mkk_pika - database.py:244 - INFO - 该漫画已下载章节如下
2026-01-23 23:34:16 - mkk_pika - database.py:245 - INFO - ['第1集']
2026-01-23 23:34:17 - mkk_pika - main.py:348 - INFO - ==================== 漫画信息 ====================
                                   漫画ID：58218d5e5f6b9a4f93e1c991
                                   标题：絶対乳域
                                   作者：ごばん
                                   是否完结：是
                                   总页数：200
                                   分类：長篇,純愛
                                   章节数：1
                                   最后更新时间：2008-07-23T02:47:22.000Z
                                   =================================================
2026-01-23 23:34:17 - mkk_pika - database.py:101 - INFO - 保存成功：絶対乳域
2026-01-23 23:34:17 - mkk_pika - main.py:35 - INFO - 开始检查(SC64)little rabbit (Black Bullet)是否存在未下载章节
2026-01-23 23:34:18 - mkk_pika - main.py:45 - INFO - 正在下载:[(SC64)little rabbit (Black Bullet)]-[skeleton scape (Mikami Sasara)]-[['同人', '短篇', '純愛']]-[total_pages:15]
2026-01-23 23:34:18 - mkk_pika - main.py:49 - INFO - [{'_id': '58218d5f5f6b9a4f93e1cb27', 'title': '第1集', 'order': 1, 'updated_at': '2016-11-08T08:31:27.660Z', 'id': '58218d5f5f6b9a4f93e1cb27'}]
2026-01-23 23:34:18 - mkk_pika - database.py:215 - INFO - 第一次下载该漫画，记录数据库中
2026-01-23 23:34:18 - mkk_pika - main.py:83 - INFO - 找到 15 张图片在:第1集
2026-01-23 23:34:19 - mkk_pika - main.py:112 - INFO - [episode:第1集       ] downloaded:    15, total:  15, progress:100%
2026-01-23 23:34:19 - mkk_pika - database.py:238 - INFO - 数据库更新已下载章节
2026-01-23 23:34:19 - mkk_pika - database.py:244 - INFO - 该漫画已下载章节如下
2026-01-23 23:34:19 - mkk_pika - database.py:245 - INFO - ['第1集']
2026-01-23 23:34:20 - mkk_pika - main.py:348 - INFO - ==================== 漫画信息 ====================
                                   漫画ID：58218d5f5f6b9a4f93e1cb25
                                   标题：(SC64)little rabbit (Black Bullet)
                                   作者：skeleton scape (Mikami Sasara)
                                   是否完结：是
                                   总页数：15
                                   分类：同人,短篇,純愛
                                   章节数：1
                                   最后更新时间：2008-07-23T12:47:22.000Z
                                   =================================================
2026-01-23 23:34:20 - mkk_pika - database.py:101 - INFO - 保存成功：(SC64)little rabbit (Black Bullet)
2026-01-23 23:34:20 - mkk_pika - main.py:35 - INFO - 开始检查柯南同人彩漫2本是否存在未下载章节
2026-01-23 23:34:20 - mkk_pika - main.py:45 - INFO - 正在下载:[柯南同人彩漫2本]-[不详]-[['同人', '短篇', '全彩', '純愛']]-[total_pages:54]
2026-01-23 23:34:20 - mkk_pika - main.py:49 - INFO - [{'_id': '58218d605f6b9a4f93e1cb49', 'title': '第1集', 'order': 1, 'updated_at': '2016-11-08T08:31:28.098Z', 'id': '58218d605f6b9a4f93e1cb49'}, {'_id': '58218d605f6b9a4f93e1cb83', 'title': '第2集', 'order': 2, 'updated_at': '2016-11-08T08:31:28.479Z', 'id': '58218d605f6b9a4f93e1cb83'}]
2026-01-23 23:34:20 - mkk_pika - database.py:215 - INFO - 第一次下载该漫画，记录数据库中
2026-01-23 23:34:21 - mkk_pika - main.py:83 - INFO - 找到 28 张图片在:第1集
2026-01-23 23:34:22 - mkk_pika - main.py:112 - INFO - [episode:第1集       ] downloaded:    28, total:  28, progress:100%
2026-01-23 23:34:22 - mkk_pika - database.py:238 - INFO - 数据库更新已下载章节
2026-01-23 23:34:22 - mkk_pika - database.py:244 - INFO - 该漫画已下载章节如下
2026-01-23 23:34:22 - mkk_pika - database.py:245 - INFO - ['第1集']
2026-01-23 23:34:24 - mkk_pika - main.py:83 - INFO - 找到 26 张图片在:第2集
2026-01-23 23:34:25 - mkk_pika - main.py:112 - INFO - [episode:第2集       ] downloaded:    26, total:  26, progress:100%
2026-01-23 23:34:25 - mkk_pika - database.py:238 - INFO - 数据库更新已下载章节
2026-01-23 23:34:25 - mkk_pika - database.py:244 - INFO - 该漫画已下载章节如下
2026-01-23 23:34:25 - mkk_pika - database.py:245 - INFO - ['第1集', '第2集']
2026-01-23 23:34:26 - mkk_pika - main.py:348 - INFO - ==================== 漫画信息 ====================
                                   漫画ID：58218d5f5f6b9a4f93e1cb47
                                   标题：柯南同人彩漫2本
                                   作者：不详
                                   是否完结：是
                                   总页数：54
                                   分类：同人,短篇,全彩,純愛
                                   章节数：2
                                   最后更新时间：2008-07-23T22:47:22.000Z
                                   =================================================
2026-01-23 23:34:26 - mkk_pika - database.py:101 - INFO - 保存成功：柯南同人彩漫2本
2026-01-23 23:34:26 - mkk_pika - main.py:35 - INFO - 开始检查[iDOL SURVIVAL 3]Cinderella Girls Love 2(THE IDOLM@STER  Cinderella Girls)是否存在未下载章节
2026-01-23 23:34:26 - mkk_pika - main.py:45 - INFO - 正在下载:[[iDOL SURVIVAL 3]Cinderella Girls Love 2(THE IDOLM@STER  Cinderella Girls)]-[NICOLAI(オリコ )]-[['同人', '短篇', '百合花園']]-[total_pages:27]
2026-01-23 23:34:26 - mkk_pika - main.py:49 - INFO - [{'_id': '58218d605f6b9a4f93e1cbbb', 'title': '第1集', 'order': 1, 'updated_at': '2016-11-08T08:31:28.864Z', 'id': '58218d605f6b9a4f93e1cbbb'}]
2026-01-23 23:34:26 - mkk_pika - database.py:215 - INFO - 第一次下载该漫画，记录数据库中
2026-01-23 23:34:27 - mkk_pika - main.py:83 - INFO - 找到 27 张图片在:第1集
2026-01-23 23:34:28 - mkk_pika - main.py:112 - INFO - [episode:第1集       ] downloaded:    27, total:  27, progress:100%
2026-01-23 23:34:28 - mkk_pika - database.py:238 - INFO - 数据库更新已下载章节
2026-01-23 23:34:28 - mkk_pika - database.py:244 - INFO - 该漫画已下载章节如下
2026-01-23 23:34:28 - mkk_pika - database.py:245 - INFO - ['第1集']
2026-01-23 23:34:29 - mkk_pika - main.py:348 - INFO - ==================== 漫画信息 ====================
                                   漫画ID：58218d605f6b9a4f93e1cbb9
                                   标题：[iDOL SURVIVAL 3]Cinderella Girls Love 2(THE IDOLM@STER  Cinderella Girls)
                                   作者：NICOLAI(オリコ )
                                   是否完结：是
                                   总页数：27
                                   分类：同人,短篇,百合花園
                                   章节数：1
                                   最后更新时间：2008-07-24T08:47:22.000Z
                                   =================================================
2026-01-23 23:34:29 - mkk_pika - database.py:101 - INFO - 保存成功：[iDOL SURVIVAL 3]Cinderella Girls Love 2(THE IDOLM@STER  Cinderella Girls)
2026-01-23 23:34:29 - mkk_pika - main.py:35 - INFO - 开始检查超次元游戏：海王星 同人5本小合集是否存在未下载章节
2026-01-23 23:34:30 - mkk_pika - main.py:45 - INFO - 正在下载:[超次元游戏：海王星 同人5本小合集]-[多人]-[['同人', '短篇']]-[total_pages:128]
2026-01-23 23:34:30 - mkk_pika - main.py:49 - INFO - [{'_id': '58218d615f6b9a4f93e1cbf5', 'title': '第1集', 'order': 1, 'updated_at': '2016-11-08T08:31:29.500Z', 'id': '58218d615f6b9a4f93e1cbf5'}, {'_id': '58218d625f6b9a4f93e1cc2f', 'title': '第2集', 'order': 2, 'updated_at': '2016-11-08T08:31:30.073Z', 'id': '58218d625f6b9a4f93e1cc2f'}, {'_id': '58218d625f6b9a4f93e1cc69', 'title': '第3集', 'order': 3, 'updated_at': '2016-11-08T08:31:30.422Z', 'id': '58218d625f6b9a4f93e1cc69'}, {'_id': '58218d625f6b9a4f93e1cca3', 'title': '第4集', 'order': 4, 'updated_at': '2016-11-08T08:31:30.800Z', 'id': '58218d625f6b9a4f93e1cca3'}, {'_id': '58218d635f6b9a4f93e1cccf', 'title': '第5集', 'order': 5, 'updated_at': '2016-11-08T08:31:31.421Z', 'id': '58218d635f6b9a4f93e1cccf'}]
2026-01-23 23:34:30 - mkk_pika - database.py:215 - INFO - 第一次下载该漫画，记录数据库中
2026-01-23 23:34:30 - mkk_pika - main.py:83 - INFO - 找到 28 张图片在:第1集
2026-01-23 23:34:31 - mkk_pika - main.py:112 - INFO - [episode:第1集       ] downloaded:    28, total:  28, progress:100%
2026-01-23 23:34:31 - mkk_pika - database.py:238 - INFO - 数据库更新已下载章节
2026-01-23 23:34:31 - mkk_pika - database.py:244 - INFO - 该漫画已下载章节如下
2026-01-23 23:34:31 - mkk_pika - database.py:245 - INFO - ['第1集']
2026-01-23 23:34:33 - mkk_pika - main.py:83 - INFO - 找到 28 张图片在:第2集
2026-01-23 23:34:34 - mkk_pika - main.py:112 - INFO - [episode:第2集       ] downloaded:    28, total:  28, progress:100%
2026-01-23 23:34:34 - mkk_pika - database.py:238 - INFO - 数据库更新已下载章节
2026-01-23 23:34:34 - mkk_pika - database.py:244 - INFO - 该漫画已下载章节如下
2026-01-23 23:34:34 - mkk_pika - database.py:245 - INFO - ['第1集', '第2集']
2026-01-23 23:34:35 - mkk_pika - main.py:83 - INFO - 找到 28 张图片在:第3集
2026-01-23 23:34:36 - mkk_pika - main.py:112 - INFO - [episode:第3集       ] downloaded:    28, total:  28, progress:100%
2026-01-23 23:34:36 - mkk_pika - database.py:238 - INFO - 数据库更新已下载章节
2026-01-23 23:34:36 - mkk_pika - database.py:244 - INFO - 该漫画已下载章节如下
2026-01-23 23:34:36 - mkk_pika - database.py:245 - INFO - ['第1集', '第2集', '第3集']
2026-01-23 23:34:38 - mkk_pika - main.py:83 - INFO - 找到 21 张图片在:第4集
2026-01-23 23:34:39 - mkk_pika - main.py:112 - INFO - [episode:第4集       ] downloaded:    21, total:  21, progress:100%
2026-01-23 23:34:39 - mkk_pika - database.py:238 - INFO - 数据库更新已下载章节
2026-01-23 23:34:39 - mkk_pika - database.py:244 - INFO - 该漫画已下载章节如下
2026-01-23 23:34:39 - mkk_pika - database.py:245 - INFO - ['第1集', '第2集', '第3集', '第4集']
2026-01-23 23:34:40 - mkk_pika - main.py:83 - INFO - 找到 23 张图片在:第5集
2026-01-23 23:34:41 - mkk_pika - main.py:112 - INFO - [episode:第5集       ] downloaded:    23, total:  23, progress:100%
2026-01-23 23:34:41 - mkk_pika - database.py:238 - INFO - 数据库更新已下载章节
2026-01-23 23:34:41 - mkk_pika - database.py:244 - INFO - 该漫画已下载章节如下
2026-01-23 23:34:41 - mkk_pika - database.py:245 - INFO - ['第1集', '第2集', '第3集', '第4集', '第5集']
2026-01-23 23:34:43 - mkk_pika - main.py:348 - INFO - ==================== 漫画信息 ====================
                                   漫画ID：58218d605f6b9a4f93e1cbf3
                                   标题：超次元游戏：海王星 同人5本小合集
                                   作者：多人
                                   是否完结：是
                                   总页数：128
                                   分类：同人,短篇
                                   章节数：5
                                   最后更新时间：2008-07-24T18:47:22.000Z
                                   =================================================
2026-01-23 23:34:43 - mkk_pika - database.py:101 - INFO - 保存成功：超次元游戏：海王星 同人5本小合集
2026-01-23 23:34:43 - mkk_pika - main.py:35 - INFO - 开始检查(C85) Hな艦娘との☆性交これくしょん (艦隊これくしょん -艦これ-)是否存在未下载章节
2026-01-23 23:34:43 - mkk_pika - main.py:45 - INFO - 正在下载:[(C85) Hな艦娘との☆性交これくしょん (艦隊これくしょん -艦これ-)]-[軒下の猫屋 (アルデヒド)]-[['同人', '短篇', '艦隊收藏', '全彩']]-[total_pages:17]
2026-01-23 23:34:43 - mkk_pika - main.py:49 - INFO - [{'_id': '58218d645f6b9a4f93e1cd01', 'title': '第1集', 'order': 1, 'updated_at': '2016-11-08T08:31:32.084Z', 'id': '58218d645f6b9a4f93e1cd01'}]
2026-01-23 23:34:43 - mkk_pika - database.py:215 - INFO - 第一次下载该漫画，记录数据库中
2026-01-23 23:34:43 - mkk_pika - main.py:83 - INFO - 找到 17 张图片在:第1集
2026-01-23 23:34:44 - mkk_pika - main.py:112 - INFO - [episode:第1集       ] downloaded:    17, total:  17, progress:100%
2026-01-23 23:34:44 - mkk_pika - database.py:238 - INFO - 数据库更新已下载章节
2026-01-23 23:34:44 - mkk_pika - database.py:244 - INFO - 该漫画已下载章节如下
2026-01-23 23:34:44 - mkk_pika - database.py:245 - INFO - ['第1集']
2026-01-23 23:34:45 - mkk_pika - main.py:348 - INFO - ==================== 漫画信息 ====================
                                   漫画ID：58218d635f6b9a4f93e1ccff
                                   标题：(C85) Hな艦娘との☆性交これくしょん (艦隊これくしょん -艦これ-)
                                   作者：軒下の猫屋 (アルデヒド)
                                   是否完结：是
                                   总页数：17
                                   分类：同人,短篇,艦隊收藏,全彩
                                   章节数：1
                                   最后更新时间：2008-07-25T04:47:22.000Z
                                   =================================================
2026-01-23 23:34:45 - mkk_pika - database.py:101 - INFO - 保存成功：(C85) Hな艦娘との☆性交これくしょん (艦隊これくしょん -艦これ-)
2026-01-23 23:34:45 - mkk_pika - main.py:35 - INFO - 开始检查妹のおてつだい（妹妹借词典）系列是否存在未下载章节
2026-01-23 23:34:46 - mkk_pika - main.py:45 - INFO - 正在下载:[妹のおてつだい（妹妹借词典）系列]-[高苗床(高苗京鈴)]-[['短篇', '妹妹系', '純愛']]-[total_pages:127]
2026-01-23 23:34:46 - mkk_pika - main.py:49 - INFO - [{'_id': '58218d645f6b9a4f93e1cd27', 'title': '第1集', 'order': 1, 'updated_at': '2016-11-08T08:31:32.686Z', 'id': '58218d645f6b9a4f93e1cd27'}, {'_id': '58218d655f6b9a4f93e1cd55', 'title': '第2集', 'order': 2, 'updated_at': '2016-11-08T08:31:33.054Z', 'id': '58218d655f6b9a4f93e1cd55'}, {'_id': '58218d655f6b9a4f93e1cd81', 'title': '第3集', 'order': 3, 'updated_at': '2016-11-08T08:31:33.621Z', 'id': '58218d655f6b9a4f93e1cd81'}, {'_id': '58218d655f6b9a4f93e1cdaf', 'title': '第4集', 'order': 4, 'updated_at': '2016-11-08T08:31:33.952Z', 'id': '58218d655f6b9a4f93e1cdaf'}, {'_id': '58218d665f6b9a4f93e1cdd5', 'title': '第5集', 'order': 5, 'updated_at': '2016-11-08T08:31:34.300Z', 'id': '58218d665f6b9a4f93e1cdd5'}, {'_id': '58218d665f6b9a4f93e1ce01', 'title': '第6集', 'order': 6, 'updated_at': '2016-11-08T08:31:34.621Z', 'id': '58218d665f6b9a4f93e1ce01'}]
2026-01-23 23:34:46 - mkk_pika - database.py:215 - INFO - 第一次下载该漫画，记录数据库中
2026-01-23 23:34:46 - mkk_pika - main.py:83 - INFO - 找到 22 张图片在:第1集
2026-01-23 23:34:47 - mkk_pika - main.py:112 - INFO - [episode:第1集       ] downloaded:    22, total:  22, progress:100%
2026-01-23 23:34:47 - mkk_pika - database.py:238 - INFO - 数据库更新已下载章节
2026-01-23 23:34:47 - mkk_pika - database.py:244 - INFO - 该漫画已下载章节如下
2026-01-23 23:34:47 - mkk_pika - database.py:245 - INFO - ['第1集']
2026-01-23 23:34:49 - mkk_pika - main.py:83 - INFO - 找到 21 张图片在:第2集
2026-01-23 23:34:50 - mkk_pika - main.py:112 - INFO - [episode:第2集       ] downloaded:    21, total:  21, progress:100%
2026-01-23 23:34:50 - mkk_pika - database.py:238 - INFO - 数据库更新已下载章节
2026-01-23 23:34:50 - mkk_pika - database.py:244 - INFO - 该漫画已下载章节如下
2026-01-23 23:34:50 - mkk_pika - database.py:245 - INFO - ['第1集', '第2集']
2026-01-23 23:34:51 - mkk_pika - main.py:83 - INFO - 找到 22 张图片在:第3集
2026-01-23 23:34:52 - mkk_pika - main.py:112 - INFO - [episode:第3集       ] downloaded:    22, total:  22, progress:100%
2026-01-23 23:34:52 - mkk_pika - database.py:238 - INFO - 数据库更新已下载章节
2026-01-23 23:34:52 - mkk_pika - database.py:244 - INFO - 该漫画已下载章节如下
2026-01-23 23:34:52 - mkk_pika - database.py:245 - INFO - ['第1集', '第2集', '第3集']
2026-01-23 23:34:54 - mkk_pika - main.py:83 - INFO - 找到 18 张图片在:第4集
2026-01-23 23:34:55 - mkk_pika - main.py:112 - INFO - [episode:第4集       ] downloaded:    18, total:  18, progress:100%
2026-01-23 23:34:55 - mkk_pika - database.py:238 - INFO - 数据库更新已下载章节
2026-01-23 23:34:55 - mkk_pika - database.py:244 - INFO - 该漫画已下载章节如下
2026-01-23 23:34:55 - mkk_pika - database.py:245 - INFO - ['第1集', '第2集', '第3集', '第4集']
2026-01-23 23:34:56 - mkk_pika - main.py:83 - INFO - 找到 21 张图片在:第5集
2026-01-23 23:34:57 - mkk_pika - main.py:112 - INFO - [episode:第5集       ] downloaded:    21, total:  21, progress:100%
2026-01-23 23:34:57 - mkk_pika - database.py:238 - INFO - 数据库更新已下载章节
2026-01-23 23:34:57 - mkk_pika - database.py:244 - INFO - 该漫画已下载章节如下
2026-01-23 23:34:57 - mkk_pika - database.py:245 - INFO - ['第1集', '第2集', '第3集', '第4集', '第5集']
2026-01-23 23:34:59 - mkk_pika - main.py:83 - INFO - 找到 23 张图片在:第6集
2026-01-23 23:35:00 - mkk_pika - main.py:112 - INFO - [episode:第6集       ] downloaded:    23, total:  23, progress:100%
2026-01-23 23:35:00 - mkk_pika - database.py:238 - INFO - 数据库更新已下载章节
2026-01-23 23:35:00 - mkk_pika - database.py:244 - INFO - 该漫画已下载章节如下
2026-01-23 23:35:00 - mkk_pika - database.py:245 - INFO - ['第1集', '第2集', '第3集', '第4集', '第5集', '第6集']
2026-01-23 23:35:01 - mkk_pika - main.py:348 - INFO - ==================== 漫画信息 ====================
                                   漫画ID：58218d645f6b9a4f93e1cd25
                                   标题：妹のおてつだい（妹妹借词典）系列
                                   作者：高苗床(高苗京鈴)
                                   是否完结：是
                                   总页数：127
                                   分类：短篇,妹妹系,純愛
                                   章节数：6
                                   最后更新时间：2008-07-25T14:47:22.000Z
                                   =================================================
2026-01-23 23:35:01 - mkk_pika - database.py:101 - INFO - 保存成功：妹のおてつだい（妹妹借词典）系列
2026-01-23 23:35:01 - mkk_pika - main.py:35 - INFO - 开始检查idOLiVE全彩偶像系列6本是否存在未下载章节
2026-01-23 23:35:01 - mkk_pika - main.py:45 - INFO - 正在下载:[idOLiVE全彩偶像系列6本]-[SEM;COLON (蜜キング)，moco chouchou(ひさまくまこ)]-[['短篇', '全彩', '純愛']]-[total_pages:113]
2026-01-23 23:35:01 - mkk_pika - main.py:49 - INFO - [{'_id': '58218d665f6b9a4f93e1ce33', 'title': '第1集', 'order': 1, 'updated_at': '2016-11-08T08:31:34.956Z', 'id': '58218d665f6b9a4f93e1ce33'}, {'_id': '58218d675f6b9a4f93e1ce55', 'title': '第2集', 'order': 2, 'updated_at': '2016-11-08T08:31:35.508Z', 'id': '58218d675f6b9a4f93e1ce55'}, {'_id': '58218d675f6b9a4f93e1ce7b', 'title': '第3集', 'order': 3, 'updated_at': '2016-11-08T08:31:35.818Z', 'id': '58218d675f6b9a4f93e1ce7b'}, {'_id': '58218d685f6b9a4f93e1cea5', 'title': '第4集', 'order': 4, 'updated_at': '2016-11-08T08:31:36.129Z', 'id': '58218d685f6b9a4f93e1cea5'}, {'_id': '58218d685f6b9a4f93e1ced7', 'title': '第5集', 'order': 5, 'updated_at': '2016-11-08T08:31:36.461Z', 'id': '58218d685f6b9a4f93e1ced7'}, {'_id': '58218d685f6b9a4f93e1cf01', 'title': '第6集', 'order': 6, 'updated_at': '2016-11-08T08:31:36.793Z', 'id': '58218d685f6b9a4f93e1cf01'}]
2026-01-23 23:35:01 - mkk_pika - database.py:215 - INFO - 第一次下载该漫画，记录数据库中
2026-01-23 23:35:02 - mkk_pika - main.py:83 - INFO - 找到 16 张图片在:第1集
2026-01-23 23:35:02 - mkk_pika - main.py:112 - INFO - [episode:第1集       ] downloaded:    16, total:  16, progress:100%
2026-01-23 23:35:02 - mkk_pika - database.py:238 - INFO - 数据库更新已下载章节
2026-01-23 23:35:02 - mkk_pika - database.py:244 - INFO - 该漫画已下载章节如下
2026-01-23 23:35:02 - mkk_pika - database.py:245 - INFO - ['第1集']
2026-01-23 23:35:04 - mkk_pika - main.py:83 - INFO - 找到 18 张图片在:第2集
2026-01-23 23:35:05 - mkk_pika - main.py:112 - INFO - [episode:第2集       ] downloaded:    18, total:  18, progress:100%
2026-01-23 23:35:05 - mkk_pika - database.py:238 - INFO - 数据库更新已下载章节
2026-01-23 23:35:05 - mkk_pika - database.py:244 - INFO - 该漫画已下载章节如下
2026-01-23 23:35:05 - mkk_pika - database.py:245 - INFO - ['第1集', '第2集']
2026-01-23 23:35:06 - mkk_pika - main.py:83 - INFO - 找到 20 张图片在:第3集
2026-01-23 23:35:07 - mkk_pika - main.py:112 - INFO - [episode:第3集       ] downloaded:    20, total:  20, progress:100%
2026-01-23 23:35:07 - mkk_pika - database.py:238 - INFO - 数据库更新已下载章节
2026-01-23 23:35:07 - mkk_pika - database.py:244 - INFO - 该漫画已下载章节如下
2026-01-23 23:35:07 - mkk_pika - database.py:245 - INFO - ['第1集', '第2集', '第3集']
2026-01-23 23:35:09 - mkk_pika - main.py:83 - INFO - 找到 24 张图片在:第4集
2026-01-23 23:35:10 - mkk_pika - main.py:112 - INFO - [episode:第4集       ] downloaded:    24, total:  24, progress:100%
2026-01-23 23:35:10 - mkk_pika - database.py:238 - INFO - 数据库更新已下载章节
2026-01-23 23:35:10 - mkk_pika - database.py:244 - INFO - 该漫画已下载章节如下
2026-01-23 23:35:10 - mkk_pika - database.py:245 - INFO - ['第1集', '第2集', '第3集', '第4集']
2026-01-23 23:35:12 - mkk_pika - main.py:83 - INFO - 找到 20 张图片在:第5集
2026-01-23 23:35:12 - mkk_pika - main.py:112 - INFO - [episode:第5集       ] downloaded:    20, total:  20, progress:100%
2026-01-23 23:35:12 - mkk_pika - database.py:238 - INFO - 数据库更新已下载章节
2026-01-23 23:35:12 - mkk_pika - database.py:244 - INFO - 该漫画已下载章节如下
2026-01-23 23:35:12 - mkk_pika - database.py:245 - INFO - ['第1集', '第2集', '第3集', '第4集', '第5集']
2026-01-23 23:35:14 - mkk_pika - main.py:83 - INFO - 找到 15 张图片在:第6集
2026-01-23 23:35:15 - mkk_pika - main.py:112 - INFO - [episode:第6集       ] downloaded:    15, total:  15, progress:100%
2026-01-23 23:35:15 - mkk_pika - database.py:238 - INFO - 数据库更新已下载章节
2026-01-23 23:35:15 - mkk_pika - database.py:244 - INFO - 该漫画已下载章节如下
2026-01-23 23:35:15 - mkk_pika - database.py:245 - INFO - ['第1集', '第2集', '第3集', '第4集', '第5集', '第6集']
2026-01-23 23:35:16 - mkk_pika - main.py:348 - INFO - ==================== 漫画信息 ====================
                                   漫画ID：58218d665f6b9a4f93e1ce31
                                   标题：idOLiVE全彩偶像系列6本
                                   作者：SEM;COLON (蜜キング)，moco chouchou(ひさまくまこ)
                                   是否完结：是
                                   总页数：113
                                   分类：短篇,全彩,純愛
                                   章节数：6
                                   最后更新时间：2008-07-26T00:47:22.000Z
                                   =================================================
2026-01-23 23:35:16 - mkk_pika - database.py:101 - INFO - 保存成功：idOLiVE全彩偶像系列6本
2026-01-23 23:35:16 - mkk_pika - main.py:35 - INFO - 开始检查極太いんさぁと是否存在未下载章节
2026-01-23 23:35:17 - mkk_pika - main.py:45 - INFO - 正在下载:[極太いんさぁと]-[左橋レンヤ]-[['同人', '長篇', '姐姐系', '純愛']]-[total_pages:207]
2026-01-23 23:35:17 - mkk_pika - main.py:49 - INFO - [{'_id': '58218dca5f6b9a4f93e1e39d', 'title': '第1集', 'order': 1, 'updated_at': '2016-11-08T08:33:14.704Z', 'id': '58218dca5f6b9a4f93e1e39d'}]
2026-01-23 23:35:17 - mkk_pika - database.py:215 - INFO - 第一次下载该漫画，记录数据库中
2026-01-23 23:35:19 - mkk_pika - main.py:83 - INFO - 找到 207 张图片在:第1集
2026-01-23 23:35:27 - mkk_pika - main.py:112 - INFO - [episode:第1集       ] downloaded:   207, total: 207, progress:100%
2026-01-23 23:35:27 - mkk_pika - database.py:238 - INFO - 数据库更新已下载章节
2026-01-23 23:35:27 - mkk_pika - database.py:244 - INFO - 该漫画已下载章节如下
2026-01-23 23:35:27 - mkk_pika - database.py:245 - INFO - ['第1集']
2026-01-23 23:35:28 - mkk_pika - main.py:348 - INFO - ==================== 漫画信息 ====================
                                   漫画ID：58218dca5f6b9a4f93e1e39b
                                   标题：極太いんさぁと
                                   作者：左橋レンヤ
                                   是否完结：否
                                   总页数：207
                                   分类：同人,長篇,姐姐系,純愛
                                   章节数：1
                                   最后更新时间：2008-07-27T16:47:21.000Z
                                   =================================================
2026-01-23 23:35:28 - mkk_pika - database.py:101 - INFO - 保存成功：極太いんさぁと
2026-01-23 23:35:28 - mkk_pika - main.py:35 - INFO - 开始检查恥じらいBody是否存在未下载章节
2026-01-23 23:35:28 - mkk_pika - main.py:45 - INFO - 正在下载:[恥じらいBody]-[左橋レンヤ]-[['同人', '長篇', '純愛']]-[total_pages:232]
2026-01-23 23:35:28 - mkk_pika - main.py:49 - INFO - [{'_id': '58218dcb5f6b9a4f93e1e53f', 'title': '第1集', 'order': 1, 'updated_at': '2016-11-08T08:33:15.838Z', 'id': '58218dcb5f6b9a4f93e1e53f'}]
2026-01-23 23:35:28 - mkk_pika - database.py:215 - INFO - 第一次下载该漫画，记录数据库中
2026-01-23 23:35:31 - mkk_pika - main.py:83 - INFO - 找到 232 张图片在:第1集
2026-01-23 23:35:39 - mkk_pika - main.py:112 - INFO - [episode:第1集       ] downloaded:   232, total: 232, progress:100%
2026-01-23 23:35:39 - mkk_pika - database.py:238 - INFO - 数据库更新已下载章节
2026-01-23 23:35:39 - mkk_pika - database.py:244 - INFO - 该漫画已下载章节如下
2026-01-23 23:35:39 - mkk_pika - database.py:245 - INFO - ['第1集']
2026-01-23 23:35:41 - mkk_pika - main.py:348 - INFO - ==================== 漫画信息 ====================
                                   漫画ID：58218dcb5f6b9a4f93e1e53d
                                   标题：恥じらいBody
                                   作者：左橋レンヤ
                                   是否完结：是
                                   总页数：232
                                   分类：同人,長篇,純愛
                                   章节数：1
                                   最后更新时间：2008-07-28T02:47:21.000Z
                                   =================================================
2026-01-23 23:35:41 - mkk_pika - database.py:101 - INFO - 保存成功：恥じらいBody
2026-01-23 23:35:41 - mkk_pika - main.py:35 - INFO - 开始检查咲姫～家族迷宮～是否存在未下载章节
2026-01-23 23:35:41 - mkk_pika - main.py:45 - INFO - 正在下载:[咲姫～家族迷宮～]-[堀博昭]-[['同人', '長篇', '純愛']]-[total_pages:270]
2026-01-23 23:35:41 - mkk_pika - main.py:49 - INFO - [{'_id': '58218dcc5f6b9a4f93e1e713', 'title': '第1集', 'order': 1, 'updated_at': '2016-11-08T08:33:16.990Z', 'id': '58218dcc5f6b9a4f93e1e713'}]
2026-01-23 23:35:41 - mkk_pika - database.py:215 - INFO - 第一次下载该漫画，记录数据库中
2026-01-23 23:35:43 - mkk_pika - main.py:83 - INFO - 找到 270 张图片在:第1集
2026-01-23 23:35:54 - mkk_pika - main.py:112 - INFO - [episode:第1集       ] downloaded:   270, total: 270, progress:100%
2026-01-23 23:35:54 - mkk_pika - database.py:238 - INFO - 数据库更新已下载章节
2026-01-23 23:35:54 - mkk_pika - database.py:244 - INFO - 该漫画已下载章节如下
2026-01-23 23:35:54 - mkk_pika - database.py:245 - INFO - ['第1集']
2026-01-23 23:35:55 - mkk_pika - main.py:348 - INFO - ==================== 漫画信息 ====================
                                   漫画ID：58218dcc5f6b9a4f93e1e711
                                   标题：咲姫～家族迷宮～
                                   作者：堀博昭
                                   是否完结：是
                                   总页数：270
                                   分类：同人,長篇,純愛
                                   章节数：1
                                   最后更新时间：2008-07-28T12:47:21.000Z
                                   =================================================
2026-01-23 23:35:55 - mkk_pika - database.py:101 - INFO - 保存成功：咲姫～家族迷宮～
2026-01-23 23:35:55 - mkk_pika - main.py:35 - INFO - 开始检查ココロチェンジ是否存在未下载章节
2026-01-23 23:35:56 - mkk_pika - main.py:45 - INFO - 正在下载:[ココロチェンジ]-[堀博昭]-[['同人', 'SM', '長篇', '強暴']]-[total_pages:210]
2026-01-23 23:35:56 - mkk_pika - main.py:49 - INFO - [{'_id': '58218dce5f6b9a4f93e1e933', 'title': '第1集', 'order': 1, 'updated_at': '2016-11-08T08:33:18.336Z', 'id': '58218dce5f6b9a4f93e1e933'}]
2026-01-23 23:35:56 - mkk_pika - database.py:215 - INFO - 第一次下载该漫画，记录数据库中
2026-01-23 23:35:58 - mkk_pika - main.py:83 - INFO - 找到 210 张图片在:第1集
2026-01-23 23:36:06 - mkk_pika - main.py:112 - INFO - [episode:第1集       ] downloaded:   210, total: 210, progress:100%
2026-01-23 23:36:06 - mkk_pika - database.py:238 - INFO - 数据库更新已下载章节
2026-01-23 23:36:06 - mkk_pika - database.py:244 - INFO - 该漫画已下载章节如下
2026-01-23 23:36:06 - mkk_pika - database.py:245 - INFO - ['第1集']
2026-01-23 23:36:07 - mkk_pika - main.py:348 - INFO - ==================== 漫画信息 ====================
                                   漫画ID：58218dcd5f6b9a4f93e1e931
                                   标题：ココロチェンジ
                                   作者：堀博昭
                                   是否完结：是
                                   总页数：210
                                   分类：同人,SM,長篇,強暴
                                   章节数：1
                                   最后更新时间：2008-07-28T22:47:21.000Z
                                   =================================================
2026-01-23 23:36:07 - mkk_pika - database.py:101 - INFO - 保存成功：ココロチェンジ
2026-01-23 23:36:07 - mkk_pika - main.py:35 - INFO - 开始检查ホテルで抱きしめて 麗し淑女編是否存在未下载章节
2026-01-23 23:36:07 - mkk_pika - main.py:45 - INFO - 正在下载:[ホテルで抱きしめて 麗し淑女編]-[八月薫]-[['同人', '人妻', '長篇', '純愛']]-[total_pages:185]
2026-01-23 23:36:07 - mkk_pika - main.py:49 - INFO - [{'_id': '58218dcf5f6b9a4f93e1eadb', 'title': '第1集', 'order': 1, 'updated_at': '2016-11-08T08:33:19.369Z', 'id': '58218dcf5f6b9a4f93e1eadb'}]
2026-01-23 23:36:07 - mkk_pika - database.py:215 - INFO - 第一次下载该漫画，记录数据库中
2026-01-23 23:36:09 - mkk_pika - main.py:83 - INFO - 找到 185 张图片在:第1集
2026-01-23 23:36:16 - mkk_pika - main.py:112 - INFO - [episode:第1集       ] downloaded:   185, total: 185, progress:100%
2026-01-23 23:36:16 - mkk_pika - database.py:238 - INFO - 数据库更新已下载章节
2026-01-23 23:36:16 - mkk_pika - database.py:244 - INFO - 该漫画已下载章节如下
2026-01-23 23:36:16 - mkk_pika - database.py:245 - INFO - ['第1集']
2026-01-23 23:36:17 - mkk_pika - main.py:348 - INFO - ==================== 漫画信息 ====================
                                   漫画ID：58218dce5f6b9a4f93e1ead9
                                   标题：ホテルで抱きしめて 麗し淑女編
                                   作者：八月薫
                                   是否完结：是
                                   总页数：185
                                   分类：同人,人妻,長篇,純愛
                                   章节数：1
                                   最后更新时间：2008-07-29T08:47:21.000Z
                                   =================================================
2026-01-23 23:36:17 - mkk_pika - database.py:101 - INFO - 保存成功：ホテルで抱きしめて 麗し淑女編
2026-01-23 23:36:17 - mkk_pika - main.py:35 - INFO - 开始检查ホテルで抱きしめて 柔肌満喫編是否存在未下载章节
2026-01-23 23:36:18 - mkk_pika - main.py:45 - INFO - 正在下载:[ホテルで抱きしめて 柔肌満喫編]-[八月薫]-[['同人', '人妻', '長篇', '純愛']]-[total_pages:185]
2026-01-23 23:36:18 - mkk_pika - main.py:49 - INFO - [{'_id': '58218dd05f6b9a4f93e1ec51', 'title': '第1集', 'order': 1, 'updated_at': '2016-11-08T08:33:20.360Z', 'id': '58218dd05f6b9a4f93e1ec51'}]
2026-01-23 23:36:18 - mkk_pika - database.py:215 - INFO - 第一次下载该漫画，记录数据库中
2026-01-23 23:36:19 - mkk_pika - main.py:83 - INFO - 找到 185 张图片在:第1集
2026-01-23 23:36:27 - mkk_pika - main.py:112 - INFO - [episode:第1集       ] downloaded:   185, total: 185, progress:100%
2026-01-23 23:36:27 - mkk_pika - database.py:238 - INFO - 数据库更新已下载章节
2026-01-23 23:36:27 - mkk_pika - database.py:244 - INFO - 该漫画已下载章节如下
2026-01-23 23:36:27 - mkk_pika - database.py:245 - INFO - ['第1集']
2026-01-23 23:36:28 - mkk_pika - main.py:348 - INFO - ==================== 漫画信息 ====================
                                   漫画ID：58218dcf5f6b9a4f93e1ec4f
                                   标题：ホテルで抱きしめて 柔肌満喫編
                                   作者：八月薫
                                   是否完结：是
                                   总页数：185
                                   分类：同人,人妻,長篇,純愛
                                   章节数：1
                                   最后更新时间：2008-07-29T18:47:21.000Z
                                   =================================================
2026-01-23 23:36:28 - mkk_pika - database.py:101 - INFO - 保存成功：ホテルで抱きしめて 柔肌満喫編
2026-01-23 23:36:28 - mkk_pika - main.py:35 - INFO - 开始检查ホテルで抱きしめて 奮戦女盛り編是否存在未下载章节
2026-01-23 23:36:28 - mkk_pika - main.py:45 - INFO - 正在下载:[ホテルで抱きしめて 奮戦女盛り編]-[八月薫]-[['同人', '長篇', '純愛']]-[total_pages:188]
2026-01-23 23:36:28 - mkk_pika - main.py:49 - INFO - [{'_id': '58218dd15f6b9a4f93e1edc7', 'title': '第1集', 'order': 1, 'updated_at': '2016-11-08T08:33:21.650Z', 'id': '58218dd15f6b9a4f93e1edc7'}]
2026-01-23 23:36:28 - mkk_pika - database.py:215 - INFO - 第一次下载该漫画，记录数据库中
2026-01-23 23:36:30 - mkk_pika - main.py:83 - INFO - 找到 188 张图片在:第1集
2026-01-23 23:36:37 - mkk_pika - main.py:112 - INFO - [episode:第1集       ] downloaded:   188, total: 188, progress:100%
2026-01-23 23:36:37 - mkk_pika - database.py:238 - INFO - 数据库更新已下载章节
2026-01-23 23:36:37 - mkk_pika - database.py:244 - INFO - 该漫画已下载章节如下
2026-01-23 23:36:37 - mkk_pika - database.py:245 - INFO - ['第1集']
2026-01-23 23:36:39 - mkk_pika - main.py:348 - INFO - ==================== 漫画信息 ====================
                                   漫画ID：58218dd15f6b9a4f93e1edc5
                                   标题：ホテルで抱きしめて 奮戦女盛り編
                                   作者：八月薫
                                   是否完结：是
                                   总页数：188
                                   分类：同人,長篇,純愛
                                   章节数：1
                                   最后更新时间：2008-07-30T04:47:21.000Z
                                   =================================================
2026-01-23 23:36:39 - mkk_pika - database.py:101 - INFO - 保存成功：ホテルで抱きしめて 奮戦女盛り編
2026-01-23 23:36:39 - mkk_pika - main.py:35 - INFO - 开始检查交換息子是否存在未下载章节
2026-01-23 23:36:39 - mkk_pika - main.py:45 - INFO - 正在下载:[交換息子]-[児妻]-[['同人', '人妻', '長篇', '純愛']]-[total_pages:198]
2026-01-23 23:36:39 - mkk_pika - main.py:49 - INFO - [{'_id': '58218dd25f6b9a4f93e1ef43', 'title': '第1集', 'order': 1, 'updated_at': '2016-11-08T08:33:22.680Z', 'id': '58218dd25f6b9a4f93e1ef43'}]
2026-01-23 23:36:39 - mkk_pika - database.py:215 - INFO - 第一次下载该漫画，记录数据库中
2026-01-23 23:36:41 - mkk_pika - main.py:83 - INFO - 找到 198 张图片在:第1集
2026-01-23 23:36:49 - mkk_pika - main.py:112 - INFO - [episode:第1集       ] downloaded:   198, total: 198, progress:100%
2026-01-23 23:36:49 - mkk_pika - database.py:238 - INFO - 数据库更新已下载章节
2026-01-23 23:36:49 - mkk_pika - database.py:244 - INFO - 该漫画已下载章节如下
2026-01-23 23:36:49 - mkk_pika - database.py:245 - INFO - ['第1集']
2026-01-23 23:36:50 - mkk_pika - main.py:348 - INFO - ==================== 漫画信息 ====================
                                   漫画ID：58218dd25f6b9a4f93e1ef41
                                   标题：交換息子
                                   作者：児妻
                                   是否完结：是
                                   总页数：198
                                   分类：同人,人妻,長篇,純愛
                                   章节数：1
                                   最后更新时间：2008-07-30T14:47:21.000Z
                                   =================================================
2026-01-23 23:36:50 - mkk_pika - database.py:101 - INFO - 保存成功：交換息子
2026-01-23 23:36:50 - mkk_pika - main.py:35 - INFO - 开始检查 [ポリンキー広場 (堀博昭)] D.ASS (もしドラ)是否存在未下载章节
2026-01-23 23:36:50 - mkk_pika - main.py:45 - INFO - 正在下载:[ [ポリンキー広場 (堀博昭)] D.ASS (もしドラ)]-[堀博昭]-[['同人', '扶他樂園']]-[total_pages:33]
2026-01-23 23:36:50 - mkk_pika - main.py:49 - INFO - [{'_id': '58218e005f6b9a4f93e20ab7', 'title': '第1集', 'order': 1, 'updated_at': '2016-11-08T08:34:08.497Z', 'id': '58218e005f6b9a4f93e20ab7'}]
2026-01-23 23:36:50 - mkk_pika - database.py:215 - INFO - 第一次下载该漫画，记录数据库中
2026-01-23 23:36:51 - mkk_pika - main.py:83 - INFO - 找到 33 张图片在:第1集
2026-01-23 23:36:52 - mkk_pika - main.py:112 - INFO - [episode:第1集       ] downloaded:    33, total:  33, progress:100%
2026-01-23 23:36:52 - mkk_pika - database.py:238 - INFO - 数据库更新已下载章节
2026-01-23 23:36:52 - mkk_pika - database.py:244 - INFO - 该漫画已下载章节如下
2026-01-23 23:36:52 - mkk_pika - database.py:245 - INFO - ['第1集']
2026-01-23 23:36:54 - mkk_pika - main.py:348 - INFO - ==================== 漫画信息 ====================
                                   漫画ID：58218dff5f6b9a4f93e20ab5
                                   标题： [ポリンキー広場 (堀博昭)] D.ASS (もしドラ)
                                   作者：堀博昭
                                   是否完结：是
                                   总页数：33
                                   分类：同人,扶他樂園
                                   章节数：1
                                   最后更新时间：2008-07-31T20:47:21.000Z
                                   =================================================
2026-01-23 23:36:54 - mkk_pika - database.py:101 - INFO - 保存成功： [ポリンキー広場 (堀博昭)] D.ASS (もしドラ)
2026-01-23 23:36:54 - mkk_pika - main.py:35 - INFO - 开始检查缔结契约，成为猫耳少女吧！ （魔法少女小圆）是否存在未下载章节
2026-01-23 23:36:54 - mkk_pika - main.py:45 - INFO - 正在下载:[缔结契约，成为猫耳少女吧！ （魔法少女小圆）]-[不明]-[['同人', '短篇', '全彩', '百合花園', '扶他樂園']]-[total_pages:12]
2026-01-23 23:36:54 - mkk_pika - main.py:49 - INFO - [{'_id': '58218e015f6b9a4f93e20afd', 'title': '第1集', 'order': 1, 'updated_at': '2016-11-08T08:34:09.100Z', 'id': '58218e015f6b9a4f93e20afd'}]
2026-01-23 23:36:54 - mkk_pika - database.py:215 - INFO - 第一次下载该漫画，记录数据库中
2026-01-23 23:36:54 - mkk_pika - main.py:83 - INFO - 找到 12 张图片在:第1集
2026-01-23 23:36:55 - mkk_pika - main.py:112 - INFO - [episode:第1集       ] downloaded:    12, total:  12, progress:100%
2026-01-23 23:36:55 - mkk_pika - database.py:238 - INFO - 数据库更新已下载章节
2026-01-23 23:36:55 - mkk_pika - database.py:244 - INFO - 该漫画已下载章节如下
2026-01-23 23:36:55 - mkk_pika - database.py:245 - INFO - ['第1集']
2026-01-23 23:36:56 - mkk_pika - main.py:348 - INFO - ==================== 漫画信息 ====================
                                   漫画ID：58218e005f6b9a4f93e20afb
                                   标题：缔结契约，成为猫耳少女吧！ （魔法少女小圆）
                                   作者：不明
                                   是否完结：是
                                   总页数：12
                                   分类：同人,短篇,全彩,百合花園,扶他樂園
                                   章节数：1
                                   最后更新时间：2008-08-01T06:47:21.000Z
                                   =================================================
2026-01-23 23:36:56 - mkk_pika - database.py:101 - INFO - 保存成功：缔结契约，成为猫耳少女吧！ （魔法少女小圆）
2026-01-23 23:36:56 - mkk_pika - main.py:35 - INFO - 开始检查まだ　終っていなかった是否存在未下载章节
2026-01-23 23:36:56 - mkk_pika - main.py:45 - INFO - 正在下载:[まだ　終っていなかった]-[As109]-[['同人', 'SM', '短篇', '全彩', '強暴']]-[total_pages:24]
2026-01-23 23:36:56 - mkk_pika - main.py:49 - INFO - [{'_id': '58218e025f6b9a4f93e20b93', 'title': '第1集', 'order': 1, 'updated_at': '2016-11-08T08:34:10.409Z', 'id': '58218e025f6b9a4f93e20b93'}]
2026-01-23 23:36:56 - mkk_pika - database.py:215 - INFO - 第一次下载该漫画，记录数据库中
2026-01-23 23:36:57 - mkk_pika - main.py:83 - INFO - 找到 24 张图片在:第1集
2026-01-23 23:36:58 - mkk_pika - main.py:112 - INFO - [episode:第1集       ] downloaded:    24, total:  24, progress:100%
2026-01-23 23:36:58 - mkk_pika - database.py:238 - INFO - 数据库更新已下载章节
2026-01-23 23:36:58 - mkk_pika - database.py:244 - INFO - 该漫画已下载章节如下
2026-01-23 23:36:58 - mkk_pika - database.py:245 - INFO - ['第1集']
2026-01-23 23:36:59 - mkk_pika - main.py:348 - INFO - ==================== 漫画信息 ====================
                                   漫画ID：58218e025f6b9a4f93e20b91
                                   标题：まだ　終っていなかった
                                   作者：As109
                                   是否完结：是
                                   总页数：24
                                   分类：同人,SM,短篇,全彩,強暴
                                   章节数：1
                                   最后更新时间：2008-08-02T12:47:21.000Z
                                   =================================================
2026-01-23 23:36:59 - mkk_pika - database.py:101 - INFO - 保存成功：まだ　終っていなかった
2026-01-23 23:36:59 - mkk_pika - main.py:380 - INFO - 本次任务下载完毕
2026-01-23 23:36:59 - mkk_pika - database.py:173 - INFO - 数据库连接已关闭
