2026-04-04 23:42:15 - mkk_pika - main.py:193 - INFO - =======================================================================
2026-04-04 23:42:15 - mkk_pika - database.py:61 - INFO - 表和索引初始化成功
2026-04-04 23:42:15 - mkk_pika - main.py:197 - INFO - 已经累计下载5018本漫画
2026-04-04 23:42:15 - mkk_pika - api.py:87 - INFO - 登录成功
2026-04-04 23:42:15 - mkk_pika - main.py:203 - INFO - 收藏夹共计0本漫画
2026-04-04 23:42:15 - mkk_pika - main.py:206 - INFO - 开始下载收藏夹内未下载内容
2026-04-04 23:42:15 - mkk_pika - main.py:266 - INFO - 收藏夹内容下载完毕
2026-04-04 23:42:15 - mkk_pika - main.py:268 - INFO - 开始下载订阅内容
2026-04-04 23:42:15 - mkk_pika - database.py:258 - INFO - 根据ID查询到标题：萝莉 -> ぬきたし-抜きゲーみたいな島に住んでるわたしはどうすりゃいいですか R [中国翻译]
2026-04-04 23:42:16 - mkk_pika - database.py:101 - INFO - 保存成功：ぬきたし-抜きゲーみたいな島に住んでるわたしはどうすりゃいいですか R [中国翻译]
2026-04-04 23:42:16 - mkk_pika - main.py:273 - INFO - 关键词萝莉找到1本漫画
2026-04-04 23:42:16 - mkk_pika - database.py:258 - INFO - 根据ID查询到标题：蘿莉 -> やっぱりパパがすき(COMIC LO 2025年4月号)
2026-04-04 23:42:16 - mkk_pika - database.py:101 - INFO - 保存成功：[Artist] Satyr_ （AI）
2026-04-04 23:42:16 - mkk_pika - main.py:273 - INFO - 关键词蘿莉找到1本漫画
2026-04-04 23:42:16 - mkk_pika - main.py:275 - INFO - 订阅内容共计2本漫画
2026-04-04 23:42:16 - mkk_pika - main.py:35 - INFO - 开始检查隣の部屋の退廃ロリBBA 1-2（AI）[中國翻譯]是否存在未下载章节
2026-04-04 23:42:17 - mkk_pika - database.py:203 - INFO - 查询数据库中是否已存在第1話生肉
2026-04-04 23:42:17 - mkk_pika - database.py:203 - INFO - 查询数据库中是否已存在第2話生肉
2026-04-04 23:42:17 - mkk_pika - database.py:203 - INFO - 查询数据库中是否已存在第2話不愿透露姓名的符天王汉化
2026-04-04 23:42:17 - mkk_pika - main.py:51 - INFO - 隣の部屋の退廃ロリBBA 1-2（AI）[中國翻譯]中没有可下载章节
2026-04-04 23:42:17 - mkk_pika - main.py:292 - INFO - ==================== 漫画信息 ====================
                                漫画ID：6978ed8872863a15693a10a2
                                标题：隣の部屋の退廃ロリBBA 1-2（AI）[中國翻譯]
                                作者：きょこーの王国
                                是否完结：是
                                总页数：374
                                分类：長篇,純愛
                                章节数：3
                                最后更新时间：2026-04-02T16:40:06.252Z
                                =================================================
2026-04-04 23:42:17 - mkk_pika - database.py:101 - INFO - 保存成功：隣の部屋の退廃ロリBBA 1-2（AI）[中國翻譯]
2026-04-04 23:42:17 - mkk_pika - main.py:35 - INFO - 开始检查デカすぎ爆乳小学生あおいちゃん | 超大欧派！？爆乳小学生其名为小葵[中国翻译]是否存在未下载章节
2026-04-04 23:42:17 - mkk_pika - main.py:45 - INFO - 正在下载:[デカすぎ爆乳小学生あおいちゃん | 超大欧派！？爆乳小学生其名为小葵[中国翻译]]-[けれの帝国 (けれの)]-[['短篇']]-[total_pages:-1]
2026-04-04 23:42:17 - mkk_pika - main.py:49 - INFO - [{'_id': '69d1522b10701d10108bfea8', 'title': '第1話熟肉', 'order': 1, 'updated_at': '2026-04-03T13:13:46.469Z', 'id': '69d1522b10701d10108bfea8'}]
2026-04-04 23:42:17 - mkk_pika - database.py:215 - INFO - 第一次下载该漫画，记录数据库中
2026-04-04 23:42:18 - mkk_pika - main.py:83 - INFO - 找到 45 张图片在:第1話熟肉
2026-04-04 23:42:20 - mkk_pika - main.py:112 - INFO - [episode:第1話熟肉     ] downloaded:    45, total:  45, progress:100%
2026-04-04 23:42:20 - mkk_pika - database.py:238 - INFO - 数据库更新已下载章节
2026-04-04 23:42:20 - mkk_pika - database.py:244 - INFO - 该漫画已下载章节如下
2026-04-04 23:42:20 - mkk_pika - database.py:245 - INFO - ['第1話熟肉']
2026-04-04 23:42:21 - mkk_pika - main.py:292 - INFO - ==================== 漫画信息 ====================
                                漫画ID：69d1522b10701d10108bfea7
                                标题：デカすぎ爆乳小学生あおいちゃん | 超大欧派！？爆乳小学生其名为小葵[中国翻译]
                                作者：けれの帝国 (けれの)
                                是否完结：是
                                总页数：45
                                分类：短篇
                                章节数：1
                                最后更新时间：2026-04-04T18:02:19.067Z
                                =================================================
2026-04-04 23:42:21 - mkk_pika - database.py:101 - INFO - 保存成功：デカすぎ爆乳小学生あおいちゃん | 超大欧派！？爆乳小学生其名为小葵[中国翻译]
2026-04-04 23:42:21 - mkk_pika - main.py:323 - INFO - 订阅内容内容下载完毕
2026-04-04 23:42:21 - mkk_pika - main.py:324 - INFO - 开始分批下载全部章节
2026-04-04 23:42:21 - mkk_pika - database.py:280 - INFO - 表和索引初始化成功
2026-04-04 23:42:22 - mkk_pika - main.py:177 - INFO - 已经下载了293页，一共6830页，现在开始添加第294页
2026-04-04 23:42:22 - mkk_pika - database.py:318 - INFO - 保存成功
2026-04-04 23:42:22 - mkk_pika - main.py:177 - INFO - 已经下载了294页，一共6830页，现在开始添加第295页
2026-04-04 23:42:23 - mkk_pika - database.py:318 - INFO - 保存成功
2026-04-04 23:42:23 - mkk_pika - main.py:177 - INFO - 已经下载了295页，一共6830页，现在开始添加第296页
2026-04-04 23:42:23 - mkk_pika - database.py:318 - INFO - 保存成功
2026-04-04 23:42:24 - mkk_pika - main.py:177 - INFO - 已经下载了296页，一共6830页，现在开始添加第297页
2026-04-04 23:42:24 - mkk_pika - database.py:318 - INFO - 保存成功
2026-04-04 23:42:24 - mkk_pika - main.py:331 - INFO - 分批下载共计40本漫画
2026-04-04 23:42:24 - mkk_pika - main.py:35 - INFO - 开始检查[スイートピー＆COCOA BREAK (大島智, 大島永遠)] くちびる吐息 (スマイルプリキュア!)是否存在未下载章节
2026-04-04 23:42:24 - mkk_pika - main.py:45 - INFO - 正在下载:[[スイートピー＆COCOA BREAK (大島智, 大島永遠)] くちびる吐息 (スマイルプリキュア!)]-[大島智, 大島永遠]-[['同人', '短篇', '百合花園']]-[total_pages:27]
2026-04-04 23:42:24 - mkk_pika - main.py:49 - INFO - [{'_id': '5821aadd5f6b9a4f93f4476b', 'title': '第1集', 'order': 1, 'updated_at': '2016-11-08T10:37:17.713Z', 'id': '5821aadd5f6b9a4f93f4476b'}]
2026-04-04 23:42:24 - mkk_pika - database.py:215 - INFO - 第一次下载该漫画，记录数据库中
2026-04-04 23:42:25 - mkk_pika - main.py:83 - INFO - 找到 27 张图片在:第1集
2026-04-04 23:42:26 - mkk_pika - main.py:112 - INFO - [episode:第1集       ] downloaded:    27, total:  27, progress:100%
2026-04-04 23:42:26 - mkk_pika - database.py:238 - INFO - 数据库更新已下载章节
2026-04-04 23:42:26 - mkk_pika - database.py:244 - INFO - 该漫画已下载章节如下
2026-04-04 23:42:26 - mkk_pika - database.py:245 - INFO - ['第1集']
2026-04-04 23:42:27 - mkk_pika - main.py:348 - INFO - ==================== 漫画信息 ====================
                                   漫画ID：5821aadd5f6b9a4f93f44769
                                   标题：[スイートピー＆COCOA BREAK (大島智, 大島永遠)] くちびる吐息 (スマイルプリキュア!)
                                   作者：大島智, 大島永遠
                                   是否完结：是
                                   总页数：27
                                   分类：同人,短篇,百合花園
                                   章节数：1
                                   最后更新时间：2014-07-25T20:46:55.000Z
                                   =================================================
2026-04-04 23:42:27 - mkk_pika - database.py:101 - INFO - 保存成功：[スイートピー＆COCOA BREAK (大島智, 大島永遠)] くちびる吐息 (スマイルプリキュア!)
2026-04-04 23:42:27 - mkk_pika - main.py:35 - INFO - 开始检查[乐园光辉俱乐部] (C87) [MAIDOLL (飛燕)] 楽園ブリリアントクラブ (甘城ブリリアントパーク)是否存在未下载章节
2026-04-04 23:42:27 - mkk_pika - main.py:45 - INFO - 正在下载:[[乐园光辉俱乐部] (C87) [MAIDOLL (飛燕)] 楽園ブリリアントクラブ (甘城ブリリアントパーク)]-[MAIDOLL (飛燕)]-[['同人', '短篇']]-[total_pages:26]
2026-04-04 23:42:27 - mkk_pika - main.py:49 - INFO - [{'_id': '5821aadf5f6b9a4f93f4480b', 'title': '第1集', 'order': 1, 'updated_at': '2016-11-08T10:37:19.920Z', 'id': '5821aadf5f6b9a4f93f4480b'}]
2026-04-04 23:42:27 - mkk_pika - database.py:215 - INFO - 第一次下载该漫画，记录数据库中
2026-04-04 23:42:28 - mkk_pika - main.py:83 - INFO - 找到 26 张图片在:第1集
2026-04-04 23:42:29 - mkk_pika - main.py:112 - INFO - [episode:第1集       ] downloaded:    26, total:  26, progress:100%
2026-04-04 23:42:29 - mkk_pika - database.py:238 - INFO - 数据库更新已下载章节
2026-04-04 23:42:29 - mkk_pika - database.py:244 - INFO - 该漫画已下载章节如下
2026-04-04 23:42:29 - mkk_pika - database.py:245 - INFO - ['第1集']
2026-04-04 23:42:30 - mkk_pika - main.py:348 - INFO - ==================== 漫画信息 ====================
                                   漫画ID：5821aadf5f6b9a4f93f44809
                                   标题：[乐园光辉俱乐部] (C87) [MAIDOLL (飛燕)] 楽園ブリリアントクラブ (甘城ブリリアントパーク)
                                   作者：MAIDOLL (飛燕)
                                   是否完结：是
                                   总页数：26
                                   分类：同人,短篇
                                   章节数：1
                                   最后更新时间：2014-07-26T16:46:55.000Z
                                   =================================================
2026-04-04 23:42:30 - mkk_pika - database.py:101 - INFO - 保存成功：[乐园光辉俱乐部] (C87) [MAIDOLL (飛燕)] 楽園ブリリアントクラブ (甘城ブリリアントパーク)
2026-04-04 23:42:30 - mkk_pika - main.py:35 - INFO - 开始检查ショタ喰いメイドの誤算と代償 (機動戦士ガンダム 鉄血のオルフェンズ)是否存在未下载章节
2026-04-04 23:42:30 - mkk_pika - main.py:45 - INFO - 正在下载:[ショタ喰いメイドの誤算と代償 (機動戦士ガンダム 鉄血のオルフェンズ)]-[むうんるうらあ (月野定規)]-[['同人', '短篇']]-[total_pages:27]
2026-04-04 23:42:30 - mkk_pika - main.py:49 - INFO - [{'_id': '5821aae15f6b9a4f93f4487b', 'title': '第1集', 'order': 1, 'updated_at': '2016-11-08T10:37:21.022Z', 'id': '5821aae15f6b9a4f93f4487b'}]
2026-04-04 23:42:30 - mkk_pika - database.py:215 - INFO - 第一次下载该漫画，记录数据库中
2026-04-04 23:42:31 - mkk_pika - main.py:83 - INFO - 找到 27 张图片在:第1集
2026-04-04 23:42:32 - mkk_pika - main.py:112 - INFO - [episode:第1集       ] downloaded:    27, total:  27, progress:100%
2026-04-04 23:42:32 - mkk_pika - database.py:238 - INFO - 数据库更新已下载章节
2026-04-04 23:42:32 - mkk_pika - database.py:244 - INFO - 该漫画已下载章节如下
2026-04-04 23:42:32 - mkk_pika - database.py:245 - INFO - ['第1集']
2026-04-04 23:42:33 - mkk_pika - main.py:348 - INFO - ==================== 漫画信息 ====================
                                   漫画ID：5821aae05f6b9a4f93f44879
                                   标题：ショタ喰いメイドの誤算と代償 (機動戦士ガンダム 鉄血のオルフェンズ)
                                   作者：むうんるうらあ (月野定規)
                                   是否完结：是
                                   总页数：27
                                   分类：同人,短篇
                                   章节数：1
                                   最后更新时间：2014-07-27T12:46:55.000Z
                                   =================================================
2026-04-04 23:42:33 - mkk_pika - database.py:101 - INFO - 保存成功：ショタ喰いメイドの誤算と代償 (機動戦士ガンダム 鉄血のオルフェンズ)
2026-04-04 23:42:33 - mkk_pika - main.py:35 - INFO - 开始检查わたし悪いコみたいです… (干物妹!うまるちゃん)是否存在未下载章节
2026-04-04 23:42:34 - mkk_pika - main.py:45 - INFO - 正在下载:[わたし悪いコみたいです… (干物妹!うまるちゃん)]-[莉零 (黒磐まどか)]-[['同人', '短篇', '全彩', '純愛']]-[total_pages:9]
2026-04-04 23:42:34 - mkk_pika - main.py:49 - INFO - [{'_id': '5fdcd0b6a9f3e14073d37767', 'title': '第1話', 'order': 1, 'updated_at': '2020-12-18T15:48:02.057Z', 'id': '5fdcd0b6a9f3e14073d37767'}]
2026-04-04 23:42:34 - mkk_pika - database.py:215 - INFO - 第一次下载该漫画，记录数据库中
2026-04-04 23:42:34 - mkk_pika - main.py:83 - INFO - 找到 9 张图片在:第1話
2026-04-04 23:42:35 - mkk_pika - main.py:112 - INFO - [episode:第1話       ] downloaded:     9, total:   9, progress:100%
2026-04-04 23:42:35 - mkk_pika - database.py:238 - INFO - 数据库更新已下载章节
2026-04-04 23:42:35 - mkk_pika - database.py:244 - INFO - 该漫画已下载章节如下
2026-04-04 23:42:35 - mkk_pika - database.py:245 - INFO - ['第1話']
2026-04-04 23:42:36 - mkk_pika - main.py:348 - INFO - ==================== 漫画信息 ====================
                                   漫画ID：5821aae15f6b9a4f93f448b3
                                   标题：わたし悪いコみたいです… (干物妹!うまるちゃん)
                                   作者：莉零 (黒磐まどか)
                                   是否完结：是
                                   总页数：9
                                   分类：同人,短篇,全彩,純愛
                                   章节数：1
                                   最后更新时间：2014-07-27T22:46:55.000Z
                                   =================================================
2026-04-04 23:42:36 - mkk_pika - database.py:101 - INFO - 保存成功：わたし悪いコみたいです… (干物妹!うまるちゃん)
2026-04-04 23:42:36 - mkk_pika - main.py:35 - INFO - 开始检查ゆるハメ。是否存在未下载章节
2026-04-04 23:42:36 - mkk_pika - main.py:45 - INFO - 正在下载:[ゆるハメ。]-[ぽてとさらだ (くりす)]-[['短篇', 'NTR', '妹妹系']]-[total_pages:39]
2026-04-04 23:42:36 - mkk_pika - main.py:49 - INFO - [{'_id': '5821aae25f6b9a4f93f448cb', 'title': '第1集', 'order': 1, 'updated_at': '2016-11-08T10:37:22.416Z', 'id': '5821aae25f6b9a4f93f448cb'}]
2026-04-04 23:42:36 - mkk_pika - database.py:215 - INFO - 第一次下载该漫画，记录数据库中
2026-04-04 23:42:37 - mkk_pika - main.py:83 - INFO - 找到 39 张图片在:第1集
2026-04-04 23:42:38 - mkk_pika - main.py:112 - INFO - [episode:第1集       ] downloaded:    39, total:  39, progress:100%
2026-04-04 23:42:38 - mkk_pika - database.py:238 - INFO - 数据库更新已下载章节
2026-04-04 23:42:38 - mkk_pika - database.py:244 - INFO - 该漫画已下载章节如下
2026-04-04 23:42:38 - mkk_pika - database.py:245 - INFO - ['第1集']
2026-04-04 23:42:39 - mkk_pika - main.py:348 - INFO - ==================== 漫画信息 ====================
                                   漫画ID：5821aae15f6b9a4f93f448c9
                                   标题：ゆるハメ。
                                   作者：ぽてとさらだ (くりす)
                                   是否完结：是
                                   总页数：39
                                   分类：短篇,NTR,妹妹系
                                   章节数：1
                                   最后更新时间：2014-07-28T08:46:55.000Z
                                   =================================================
2026-04-04 23:42:39 - mkk_pika - database.py:101 - INFO - 保存成功：ゆるハメ。
2026-04-04 23:42:39 - mkk_pika - main.py:35 - INFO - 开始检查ティアーユ先生とバスルーム (To LOVEる -とらぶる-)是否存在未下载章节
2026-04-04 23:42:40 - mkk_pika - main.py:45 - INFO - 正在下载:[ティアーユ先生とバスルーム (To LOVEる -とらぶる-)]-[芝雪屋 (しばゆき)]-[['同人', '短篇', '全彩']]-[total_pages:13]
2026-04-04 23:42:40 - mkk_pika - main.py:49 - INFO - [{'_id': '5f19ad21caeabd414cca28a6', 'title': '第1話', 'order': 1, 'updated_at': '2020-07-23T15:27:14.823Z', 'id': '5f19ad21caeabd414cca28a6'}]
2026-04-04 23:42:40 - mkk_pika - database.py:215 - INFO - 第一次下载该漫画，记录数据库中
2026-04-04 23:42:40 - mkk_pika - main.py:83 - INFO - 找到 13 张图片在:第1話
2026-04-04 23:42:41 - mkk_pika - main.py:112 - INFO - [episode:第1話       ] downloaded:    13, total:  13, progress:100%
2026-04-04 23:42:41 - mkk_pika - database.py:238 - INFO - 数据库更新已下载章节
2026-04-04 23:42:41 - mkk_pika - database.py:244 - INFO - 该漫画已下载章节如下
2026-04-04 23:42:41 - mkk_pika - database.py:245 - INFO - ['第1話']
2026-04-04 23:42:42 - mkk_pika - main.py:348 - INFO - ==================== 漫画信息 ====================
                                   漫画ID：5821aae25f6b9a4f93f4491b
                                   标题：ティアーユ先生とバスルーム (To LOVEる -とらぶる-)
                                   作者：芝雪屋 (しばゆき)
                                   是否完结：是
                                   总页数：13
                                   分类：同人,短篇,全彩
                                   章节数：1
                                   最后更新时间：2014-07-28T18:46:55.000Z
                                   =================================================
2026-04-04 23:42:42 - mkk_pika - database.py:101 - INFO - 保存成功：ティアーユ先生とバスルーム (To LOVEる -とらぶる-)
2026-04-04 23:42:42 - mkk_pika - main.py:35 - INFO - 开始检查LL！德玛西亚！为了部落！千军万马避白袍！是否存在未下载章节
2026-04-04 23:42:42 - mkk_pika - main.py:45 - INFO - 正在下载:[LL！德玛西亚！为了部落！千军万马避白袍！]-[にこまき]-[['同人', '短篇', '百合花園', 'Love Live', '純愛']]-[total_pages:26]
2026-04-04 23:42:42 - mkk_pika - main.py:49 - INFO - [{'_id': '5821aae35f6b9a4f93f4493b', 'title': '第1集', 'order': 1, 'updated_at': '2016-11-08T10:37:23.263Z', 'id': '5821aae35f6b9a4f93f4493b'}]
2026-04-04 23:42:42 - mkk_pika - database.py:215 - INFO - 第一次下载该漫画，记录数据库中
2026-04-04 23:42:43 - mkk_pika - main.py:83 - INFO - 找到 26 张图片在:第1集
2026-04-04 23:42:44 - mkk_pika - main.py:112 - INFO - [episode:第1集       ] downloaded:    26, total:  26, progress:100%
2026-04-04 23:42:44 - mkk_pika - database.py:238 - INFO - 数据库更新已下载章节
2026-04-04 23:42:44 - mkk_pika - database.py:244 - INFO - 该漫画已下载章节如下
2026-04-04 23:42:44 - mkk_pika - database.py:245 - INFO - ['第1集']
2026-04-04 23:42:45 - mkk_pika - main.py:348 - INFO - ==================== 漫画信息 ====================
                                   漫画ID：5821aae25f6b9a4f93f44939
                                   标题：LL！德玛西亚！为了部落！千军万马避白袍！
                                   作者：にこまき
                                   是否完结：是
                                   总页数：26
                                   分类：同人,短篇,百合花園,Love Live,純愛
                                   章节数：1
                                   最后更新时间：2014-07-29T04:46:55.000Z
                                   =================================================
2026-04-04 23:42:45 - mkk_pika - database.py:101 - INFO - 保存成功：LL！德玛西亚！为了部落！千军万马避白袍！
2026-04-04 23:42:45 - mkk_pika - main.py:35 - INFO - 开始检查【CE家族社】(C86) [はすねや (はすね)] Cocochico (ご注文はうさぎですか？)是否存在未下载章节
2026-04-04 23:42:46 - mkk_pika - main.py:45 - INFO - 正在下载:[【CE家族社】(C86) [はすねや (はすね)] Cocochico (ご注文はうさぎですか？)]-[はすねや (はすね]-[['同人', '短篇', '百合花園']]-[total_pages:17]
2026-04-04 23:42:46 - mkk_pika - main.py:49 - INFO - [{'_id': '5821aaec5f6b9a4f93f44d0b', 'title': '第1集', 'order': 1, 'updated_at': '2016-11-08T10:37:32.220Z', 'id': '5821aaec5f6b9a4f93f44d0b'}]
2026-04-04 23:42:46 - mkk_pika - database.py:215 - INFO - 第一次下载该漫画，记录数据库中
2026-04-04 23:42:46 - mkk_pika - main.py:83 - INFO - 找到 17 张图片在:第1集
2026-04-04 23:42:47 - mkk_pika - main.py:112 - INFO - [episode:第1集       ] downloaded:    17, total:  17, progress:100%
2026-04-04 23:42:47 - mkk_pika - database.py:238 - INFO - 数据库更新已下载章节
2026-04-04 23:42:47 - mkk_pika - database.py:244 - INFO - 该漫画已下载章节如下
2026-04-04 23:42:47 - mkk_pika - database.py:245 - INFO - ['第1集']
2026-04-04 23:42:48 - mkk_pika - main.py:348 - INFO - ==================== 漫画信息 ====================
                                   漫画ID：5821aaeb5f6b9a4f93f44d09
                                   标题：【CE家族社】(C86) [はすねや (はすね)] Cocochico (ご注文はうさぎですか？)
                                   作者：はすねや (はすね
                                   是否完结：是
                                   总页数：17
                                   分类：同人,短篇,百合花園
                                   章节数：1
                                   最后更新时间：2014-08-04T00:46:55.000Z
                                   =================================================
2026-04-04 23:42:48 - mkk_pika - database.py:101 - INFO - 保存成功：【CE家族社】(C86) [はすねや (はすね)] Cocochico (ご注文はうさぎですか？)
2026-04-04 23:42:48 - mkk_pika - main.py:35 - INFO - 开始检查ご注文は裏メニューですか？ (ご注文はうさぎですか？)是否存在未下载章节
2026-04-04 23:42:48 - mkk_pika - main.py:45 - INFO - 正在下载:[ご注文は裏メニューですか？ (ご注文はうさぎですか？)]-[Brown sugar (宮坂なこ)]-[['同人', '短篇', '百合花園']]-[total_pages:15]
2026-04-04 23:42:48 - mkk_pika - main.py:49 - INFO - [{'_id': '5821aaec5f6b9a4f93f44d31', 'title': '第1集', 'order': 1, 'updated_at': '2016-11-08T10:37:32.890Z', 'id': '5821aaec5f6b9a4f93f44d31'}]
2026-04-04 23:42:48 - mkk_pika - database.py:215 - INFO - 第一次下载该漫画，记录数据库中
2026-04-04 23:42:49 - mkk_pika - main.py:83 - INFO - 找到 15 张图片在:第1集
2026-04-04 23:42:49 - mkk_pika - main.py:112 - INFO - [episode:第1集       ] downloaded:    15, total:  15, progress:100%
2026-04-04 23:42:49 - mkk_pika - database.py:238 - INFO - 数据库更新已下载章节
2026-04-04 23:42:49 - mkk_pika - database.py:244 - INFO - 该漫画已下载章节如下
2026-04-04 23:42:49 - mkk_pika - database.py:245 - INFO - ['第1集']
2026-04-04 23:42:51 - mkk_pika - main.py:348 - INFO - ==================== 漫画信息 ====================
                                   漫画ID：5821aaec5f6b9a4f93f44d2f
                                   标题：ご注文は裏メニューですか？ (ご注文はうさぎですか？)
                                   作者：Brown sugar (宮坂なこ)
                                   是否完结：是
                                   总页数：15
                                   分类：同人,短篇,百合花園
                                   章节数：1
                                   最后更新时间：2014-08-04T10:46:55.000Z
                                   =================================================
2026-04-04 23:42:51 - mkk_pika - database.py:101 - INFO - 保存成功：ご注文は裏メニューですか？ (ご注文はうさぎですか？)
2026-04-04 23:42:51 - mkk_pika - main.py:35 - INFO - 开始检查[汉化] [新堂エル] 変身 -emergence- 第6話是否存在未下载章节
2026-04-04 23:42:51 - mkk_pika - main.py:45 - INFO - 正在下载:[[汉化] [新堂エル] 変身 -emergence- 第6話]-[新堂エル]-[['短篇']]-[total_pages:36]
2026-04-04 23:42:51 - mkk_pika - main.py:49 - INFO - [{'_id': '5821aaef5f6b9a4f93f4506d', 'title': '第1集', 'order': 1, 'updated_at': '2016-11-08T10:37:35.712Z', 'id': '5821aaef5f6b9a4f93f4506d'}]
2026-04-04 23:42:51 - mkk_pika - database.py:215 - INFO - 第一次下载该漫画，记录数据库中
2026-04-04 23:42:51 - mkk_pika - main.py:83 - INFO - 找到 36 张图片在:第1集
2026-04-04 23:42:53 - mkk_pika - main.py:112 - INFO - [episode:第1集       ] downloaded:    36, total:  36, progress:100%
2026-04-04 23:42:53 - mkk_pika - database.py:238 - INFO - 数据库更新已下载章节
2026-04-04 23:42:53 - mkk_pika - database.py:244 - INFO - 该漫画已下载章节如下
2026-04-04 23:42:53 - mkk_pika - database.py:245 - INFO - ['第1集']
2026-04-04 23:42:54 - mkk_pika - main.py:348 - INFO - ==================== 漫画信息 ====================
                                   漫画ID：5821aaef5f6b9a4f93f4506b
                                   标题：[汉化] [新堂エル] 変身 -emergence- 第6話
                                   作者：新堂エル
                                   是否完结：是
                                   总页数：36
                                   分类：短篇
                                   章节数：1
                                   最后更新时间：2014-08-05T06:46:55.000Z
                                   =================================================
2026-04-04 23:42:54 - mkk_pika - database.py:101 - INFO - 保存成功：[汉化] [新堂エル] 変身 -emergence- 第6話
2026-04-04 23:42:54 - mkk_pika - main.py:35 - INFO - 开始检查[无毒汉化组] (C89) [風芸WindArTeam (WindArt)] 絵里29才青姦露出 (ラブライブ!)是否存在未下载章节
2026-04-04 23:42:54 - mkk_pika - main.py:45 - INFO - 正在下载:[[无毒汉化组] (C89) [風芸WindArTeam (WindArt)] 絵里29才青姦露出 (ラブライブ!)]-[風芸WindArTeam (WindArt)]-[['同人', '短篇', 'Love Live']]-[total_pages:23]
2026-04-04 23:42:54 - mkk_pika - main.py:49 - INFO - [{'_id': '5821aaf05f6b9a4f93f450b9', 'title': '第1集', 'order': 1, 'updated_at': '2016-11-08T10:37:36.447Z', 'id': '5821aaf05f6b9a4f93f450b9'}]
2026-04-04 23:42:54 - mkk_pika - database.py:215 - INFO - 第一次下载该漫画，记录数据库中
2026-04-04 23:42:55 - mkk_pika - main.py:83 - INFO - 找到 23 张图片在:第1集
2026-04-04 23:42:56 - mkk_pika - main.py:112 - INFO - [episode:第1集       ] downloaded:    23, total:  23, progress:100%
2026-04-04 23:42:56 - mkk_pika - database.py:238 - INFO - 数据库更新已下载章节
2026-04-04 23:42:56 - mkk_pika - database.py:244 - INFO - 该漫画已下载章节如下
2026-04-04 23:42:56 - mkk_pika - database.py:245 - INFO - ['第1集']
2026-04-04 23:42:57 - mkk_pika - main.py:348 - INFO - ==================== 漫画信息 ====================
                                   漫画ID：5821aaef5f6b9a4f93f450b7
                                   标题：[无毒汉化组] (C89) [風芸WindArTeam (WindArt)] 絵里29才青姦露出 (ラブライブ!)
                                   作者：風芸WindArTeam (WindArt)
                                   是否完结：是
                                   总页数：23
                                   分类：同人,短篇,Love Live
                                   章节数：1
                                   最后更新时间：2014-08-05T16:46:55.000Z
                                   =================================================
2026-04-04 23:42:57 - mkk_pika - database.py:101 - INFO - 保存成功：[无毒汉化组] (C89) [風芸WindArTeam (WindArt)] 絵里29才青姦露出 (ラブライブ!)
2026-04-04 23:42:57 - mkk_pika - main.py:35 - INFO - 开始检查（CE汉化组）[さくらがーでん (しろすず)] ココデシテミルA (東方Project)是否存在未下载章节
2026-04-04 23:42:57 - mkk_pika - main.py:45 - INFO - 正在下载:[（CE汉化组）[さくらがーでん (しろすず)] ココデシテミルA (東方Project)]-[[さくらがーでん (しろすず)] ]-[['短篇', '東方']]-[total_pages:24]
2026-04-04 23:42:57 - mkk_pika - main.py:49 - INFO - [{'_id': '5821aaf65f6b9a4f93f4535f', 'title': '第1集', 'order': 1, 'updated_at': '2016-11-08T10:37:42.341Z', 'id': '5821aaf65f6b9a4f93f4535f'}]
2026-04-04 23:42:57 - mkk_pika - database.py:215 - INFO - 第一次下载该漫画，记录数据库中
2026-04-04 23:42:58 - mkk_pika - main.py:83 - INFO - 找到 24 张图片在:第1集
2026-04-04 23:42:59 - mkk_pika - main.py:112 - INFO - [episode:第1集       ] downloaded:    24, total:  24, progress:100%
2026-04-04 23:42:59 - mkk_pika - database.py:238 - INFO - 数据库更新已下载章节
2026-04-04 23:42:59 - mkk_pika - database.py:244 - INFO - 该漫画已下载章节如下
2026-04-04 23:42:59 - mkk_pika - database.py:245 - INFO - ['第1集']
2026-04-04 23:43:00 - mkk_pika - main.py:348 - INFO - ==================== 漫画信息 ====================
                                   漫画ID：5821aaf55f6b9a4f93f4535d
                                   标题：（CE汉化组）[さくらがーでん (しろすず)] ココデシテミルA (東方Project)
                                   作者：[さくらがーでん (しろすず)] 
                                   是否完结：是
                                   总页数：24
                                   分类：短篇,東方
                                   章节数：1
                                   最后更新时间：2014-08-08T14:46:55.000Z
                                   =================================================
2026-04-04 23:43:00 - mkk_pika - database.py:101 - INFO - 保存成功：（CE汉化组）[さくらがーでん (しろすず)] ココデシテミルA (東方Project)
2026-04-04 23:43:00 - mkk_pika - main.py:35 - INFO - 开始检查【CE家族社】[純銀星(たかしな浅妃)]注文の多い喫茶店(ご注文はうさぎですか)是否存在未下载章节
2026-04-04 23:43:00 - mkk_pika - main.py:45 - INFO - 正在下载:[【CE家族社】[純銀星(たかしな浅妃)]注文の多い喫茶店(ご注文はうさぎですか)]-[たかしな浅妃]-[['同人', '百合花園']]-[total_pages:22]
2026-04-04 23:43:00 - mkk_pika - main.py:49 - INFO - [{'_id': '5821aaf65f6b9a4f93f45393', 'title': '第1集', 'order': 1, 'updated_at': '2016-11-08T10:37:42.936Z', 'id': '5821aaf65f6b9a4f93f45393'}]
2026-04-04 23:43:00 - mkk_pika - database.py:215 - INFO - 第一次下载该漫画，记录数据库中
2026-04-04 23:43:01 - mkk_pika - main.py:83 - INFO - 找到 22 张图片在:第1集
2026-04-04 23:43:02 - mkk_pika - main.py:112 - INFO - [episode:第1集       ] downloaded:    22, total:  22, progress:100%
2026-04-04 23:43:02 - mkk_pika - database.py:238 - INFO - 数据库更新已下载章节
2026-04-04 23:43:02 - mkk_pika - database.py:244 - INFO - 该漫画已下载章节如下
2026-04-04 23:43:02 - mkk_pika - database.py:245 - INFO - ['第1集']
2026-04-04 23:43:03 - mkk_pika - main.py:348 - INFO - ==================== 漫画信息 ====================
                                   漫画ID：5821aaf65f6b9a4f93f45391
                                   标题：【CE家族社】[純銀星(たかしな浅妃)]注文の多い喫茶店(ご注文はうさぎですか)
                                   作者：たかしな浅妃
                                   是否完结：是
                                   总页数：22
                                   分类：同人,百合花園
                                   章节数：1
                                   最后更新时间：2014-08-09T00:46:55.000Z
                                   =================================================
2026-04-04 23:43:03 - mkk_pika - database.py:101 - INFO - 保存成功：【CE家族社】[純銀星(たかしな浅妃)]注文の多い喫茶店(ご注文はうさぎですか)
2026-04-04 23:43:03 - mkk_pika - main.py:35 - INFO - 开始检查(C89) 木ノ葉丼あいがけ (NARUTO -ナルト-)是否存在未下载章节
2026-04-04 23:43:03 - mkk_pika - main.py:45 - INFO - 正在下载:[(C89) 木ノ葉丼あいがけ (NARUTO -ナルト-)]-[からきし傭兵団 真雅 (砂原渉)]-[['同人', '人妻', '短篇', 'NTR']]-[total_pages:30]
2026-04-04 23:43:03 - mkk_pika - main.py:49 - INFO - [{'_id': '5821aaf75f6b9a4f93f453c3', 'title': '第1集', 'order': 1, 'updated_at': '2016-11-08T10:37:43.641Z', 'id': '5821aaf75f6b9a4f93f453c3'}]
2026-04-04 23:43:03 - mkk_pika - database.py:215 - INFO - 第一次下载该漫画，记录数据库中
2026-04-04 23:43:04 - mkk_pika - main.py:83 - INFO - 找到 30 张图片在:第1集
2026-04-04 23:43:06 - mkk_pika - main.py:112 - INFO - [episode:第1集       ] downloaded:    30, total:  30, progress:100%
2026-04-04 23:43:06 - mkk_pika - database.py:238 - INFO - 数据库更新已下载章节
2026-04-04 23:43:06 - mkk_pika - database.py:244 - INFO - 该漫画已下载章节如下
2026-04-04 23:43:06 - mkk_pika - database.py:245 - INFO - ['第1集']
2026-04-04 23:43:07 - mkk_pika - main.py:348 - INFO - ==================== 漫画信息 ====================
                                   漫画ID：5821aaf75f6b9a4f93f453c1
                                   标题：(C89) 木ノ葉丼あいがけ (NARUTO -ナルト-)
                                   作者：からきし傭兵団 真雅 (砂原渉)
                                   是否完结：是
                                   总页数：30
                                   分类：同人,人妻,短篇,NTR
                                   章节数：1
                                   最后更新时间：2014-08-09T10:46:55.000Z
                                   =================================================
2026-04-04 23:43:07 - mkk_pika - database.py:101 - INFO - 保存成功：(C89) 木ノ葉丼あいがけ (NARUTO -ナルト-)
2026-04-04 23:43:07 - mkk_pika - main.py:35 - INFO - 开始检查人狼教室 Ch.3是否存在未下载章节
2026-04-04 23:43:07 - mkk_pika - main.py:45 - INFO - 正在下载:[人狼教室 Ch.3]-[鈴木狂太郎]-[['短篇', '後宮閃光']]-[total_pages:16]
2026-04-04 23:43:07 - mkk_pika - main.py:49 - INFO - [{'_id': '5821aaf85f6b9a4f93f45403', 'title': '第1集', 'order': 1, 'updated_at': '2016-11-08T10:37:44.356Z', 'id': '5821aaf85f6b9a4f93f45403'}]
2026-04-04 23:43:07 - mkk_pika - database.py:215 - INFO - 第一次下载该漫画，记录数据库中
2026-04-04 23:43:08 - mkk_pika - main.py:83 - INFO - 找到 16 张图片在:第1集
2026-04-04 23:43:08 - mkk_pika - main.py:112 - INFO - [episode:第1集       ] downloaded:    16, total:  16, progress:100%
2026-04-04 23:43:08 - mkk_pika - database.py:238 - INFO - 数据库更新已下载章节
2026-04-04 23:43:08 - mkk_pika - database.py:244 - INFO - 该漫画已下载章节如下
2026-04-04 23:43:08 - mkk_pika - database.py:245 - INFO - ['第1集']
2026-04-04 23:43:10 - mkk_pika - main.py:348 - INFO - ==================== 漫画信息 ====================
                                   漫画ID：5821aaf75f6b9a4f93f45401
                                   标题：人狼教室 Ch.3
                                   作者：鈴木狂太郎
                                   是否完结：否
                                   总页数：16
                                   分类：短篇,後宮閃光
                                   章节数：1
                                   最后更新时间：2014-08-09T20:46:55.000Z
                                   =================================================
2026-04-04 23:43:10 - mkk_pika - database.py:101 - INFO - 保存成功：人狼教室 Ch.3
2026-04-04 23:43:10 - mkk_pika - main.py:35 - INFO - 开始检查少女は牡欲で孕み散る | 渴望雄性的少女懷胎凋謝是否存在未下载章节
2026-04-04 23:43:10 - mkk_pika - main.py:45 - INFO - 正在下载:[少女は牡欲で孕み散る | 渴望雄性的少女懷胎凋謝]-[SHUKO]-[['長篇', '非人類', '強暴', '單行本']]-[total_pages:169]
2026-04-04 23:43:10 - mkk_pika - main.py:49 - INFO - [{'_id': '60222c5a37c76a6f030afec5', 'title': '第1話', 'order': 1, 'updated_at': '2021-02-09T04:16:39.068Z', 'id': '60222c5a37c76a6f030afec5'}]
2026-04-04 23:43:10 - mkk_pika - database.py:215 - INFO - 第一次下载该漫画，记录数据库中
2026-04-04 23:43:12 - mkk_pika - main.py:83 - INFO - 找到 169 张图片在:第1話
2026-04-04 23:43:19 - mkk_pika - main.py:112 - INFO - [episode:第1話       ] downloaded:   169, total: 169, progress:100%
2026-04-04 23:43:19 - mkk_pika - database.py:238 - INFO - 数据库更新已下载章节
2026-04-04 23:43:19 - mkk_pika - database.py:244 - INFO - 该漫画已下载章节如下
2026-04-04 23:43:19 - mkk_pika - database.py:245 - INFO - ['第1話']
2026-04-04 23:43:21 - mkk_pika - main.py:348 - INFO - ==================== 漫画信息 ====================
                                   漫画ID：5821aaf85f6b9a4f93f45425
                                   标题：少女は牡欲で孕み散る | 渴望雄性的少女懷胎凋謝
                                   作者：SHUKO
                                   是否完结：是
                                   总页数：169
                                   分类：長篇,非人類,強暴,單行本
                                   章节数：1
                                   最后更新时间：2014-08-10T06:46:55.000Z
                                   =================================================
2026-04-04 23:43:21 - mkk_pika - database.py:101 - INFO - 保存成功：少女は牡欲で孕み散る | 渴望雄性的少女懷胎凋謝
2026-04-04 23:43:21 - mkk_pika - main.py:35 - INFO - 开始检查すぃーとこねくしょん是否存在未下载章节
2026-04-04 23:43:21 - mkk_pika - main.py:45 - INFO - 正在下载:[すぃーとこねくしょん]-[倉澤まこと]-[['長篇', '妹妹系', '純愛']]-[total_pages:194]
2026-04-04 23:43:21 - mkk_pika - main.py:49 - INFO - [{'_id': '5821aafa5f6b9a4f93f4557d', 'title': '第1集', 'order': 1, 'updated_at': '2016-11-08T10:37:46.283Z', 'id': '5821aafa5f6b9a4f93f4557d'}]
2026-04-04 23:43:21 - mkk_pika - database.py:215 - INFO - 第一次下载该漫画，记录数据库中
2026-04-04 23:43:22 - mkk_pika - main.py:83 - INFO - 找到 194 张图片在:第1集
2026-04-04 23:43:30 - mkk_pika - main.py:112 - INFO - [episode:第1集       ] downloaded:   194, total: 194, progress:100%
2026-04-04 23:43:30 - mkk_pika - database.py:238 - INFO - 数据库更新已下载章节
2026-04-04 23:43:30 - mkk_pika - database.py:244 - INFO - 该漫画已下载章节如下
2026-04-04 23:43:30 - mkk_pika - database.py:245 - INFO - ['第1集']
2026-04-04 23:43:32 - mkk_pika - main.py:348 - INFO - ==================== 漫画信息 ====================
                                   漫画ID：5821aaf95f6b9a4f93f4557b
                                   标题：すぃーとこねくしょん
                                   作者：倉澤まこと
                                   是否完结：是
                                   总页数：194
                                   分类：長篇,妹妹系,純愛
                                   章节数：1
                                   最后更新时间：2014-08-10T16:46:55.000Z
                                   =================================================
2026-04-04 23:43:32 - mkk_pika - database.py:101 - INFO - 保存成功：すぃーとこねくしょん
2026-04-04 23:43:32 - mkk_pika - main.py:35 - INFO - 开始检查【黑条汉化】[高遠くろ助] パパパコ！ (ANGEL 倶楽部 2015年10月号)是否存在未下载章节
2026-04-04 23:43:32 - mkk_pika - main.py:45 - INFO - 正在下载:[【黑条汉化】[高遠くろ助] パパパコ！ (ANGEL 倶楽部 2015年10月号)]-[高遠くろ助]-[['短篇']]-[total_pages:24]
2026-04-04 23:43:32 - mkk_pika - main.py:49 - INFO - [{'_id': '5821aafb5f6b9a4f93f45705', 'title': '第1集', 'order': 1, 'updated_at': '2016-11-08T10:37:47.726Z', 'id': '5821aafb5f6b9a4f93f45705'}]
2026-04-04 23:43:32 - mkk_pika - database.py:215 - INFO - 第一次下载该漫画，记录数据库中
2026-04-04 23:43:32 - mkk_pika - main.py:83 - INFO - 找到 24 张图片在:第1集
2026-04-04 23:43:34 - mkk_pika - main.py:112 - INFO - [episode:第1集       ] downloaded:    24, total:  24, progress:100%
2026-04-04 23:43:34 - mkk_pika - database.py:238 - INFO - 数据库更新已下载章节
2026-04-04 23:43:34 - mkk_pika - database.py:244 - INFO - 该漫画已下载章节如下
2026-04-04 23:43:34 - mkk_pika - database.py:245 - INFO - ['第1集']
2026-04-04 23:43:35 - mkk_pika - main.py:348 - INFO - ==================== 漫画信息 ====================
                                   漫画ID：5821aafb5f6b9a4f93f45703
                                   标题：【黑条汉化】[高遠くろ助] パパパコ！ (ANGEL 倶楽部 2015年10月号)
                                   作者：高遠くろ助
                                   是否完结：是
                                   总页数：24
                                   分类：短篇
                                   章节数：1
                                   最后更新时间：2014-08-11T02:46:55.000Z
                                   =================================================
2026-04-04 23:43:35 - mkk_pika - database.py:101 - INFO - 保存成功：【黑条汉化】[高遠くろ助] パパパコ！ (ANGEL 倶楽部 2015年10月号)
2026-04-04 23:43:35 - mkk_pika - main.py:35 - INFO - 开始检查【黑条汉化】[高遠くろ助]好きになった女の子が有料便器でした是否存在未下载章节
2026-04-04 23:43:35 - mkk_pika - main.py:45 - INFO - 正在下载:[【黑条汉化】[高遠くろ助]好きになった女の子が有料便器でした]-[高遠くろ助]-[['短篇']]-[total_pages:20]
2026-04-04 23:43:35 - mkk_pika - main.py:49 - INFO - [{'_id': '5821aafc5f6b9a4f93f45739', 'title': '第1集', 'order': 1, 'updated_at': '2016-11-08T10:37:48.415Z', 'id': '5821aafc5f6b9a4f93f45739'}]
2026-04-04 23:43:35 - mkk_pika - database.py:215 - INFO - 第一次下载该漫画，记录数据库中
2026-04-04 23:43:36 - mkk_pika - main.py:83 - INFO - 找到 20 张图片在:第1集
2026-04-04 23:43:36 - mkk_pika - main.py:112 - INFO - [episode:第1集       ] downloaded:    20, total:  20, progress:100%
2026-04-04 23:43:36 - mkk_pika - database.py:238 - INFO - 数据库更新已下载章节
2026-04-04 23:43:36 - mkk_pika - database.py:244 - INFO - 该漫画已下载章节如下
2026-04-04 23:43:36 - mkk_pika - database.py:245 - INFO - ['第1集']
2026-04-04 23:43:38 - mkk_pika - main.py:348 - INFO - ==================== 漫画信息 ====================
                                   漫画ID：5821aafb5f6b9a4f93f45737
                                   标题：【黑条汉化】[高遠くろ助]好きになった女の子が有料便器でした
                                   作者：高遠くろ助
                                   是否完结：是
                                   总页数：20
                                   分类：短篇
                                   章节数：1
                                   最后更新时间：2014-08-11T12:46:55.000Z
                                   =================================================
2026-04-04 23:43:38 - mkk_pika - database.py:101 - INFO - 保存成功：【黑条汉化】[高遠くろ助]好きになった女の子が有料便器でした
2026-04-04 23:43:38 - mkk_pika - main.py:35 - INFO - 开始检查（CE汉化组）[とりあえず(仮) (とろろ)] ムコンの力 (東方Project)是否存在未下载章节
2026-04-04 23:43:38 - mkk_pika - main.py:45 - INFO - 正在下载:[（CE汉化组）[とりあえず(仮) (とろろ)] ムコンの力 (東方Project)]-[[とりあえず(仮) (とろろ)] ]-[['短篇', '東方']]-[total_pages:24]
2026-04-04 23:43:38 - mkk_pika - main.py:49 - INFO - [{'_id': '5821aafe5f6b9a4f93f457c1', 'title': '第1集', 'order': 1, 'updated_at': '2016-11-08T10:37:50.254Z', 'id': '5821aafe5f6b9a4f93f457c1'}]
2026-04-04 23:43:38 - mkk_pika - database.py:215 - INFO - 第一次下载该漫画，记录数据库中
2026-04-04 23:43:38 - mkk_pika - main.py:83 - INFO - 找到 24 张图片在:第1集
2026-04-04 23:43:39 - mkk_pika - main.py:112 - INFO - [episode:第1集       ] downloaded:    24, total:  24, progress:100%
2026-04-04 23:43:39 - mkk_pika - database.py:238 - INFO - 数据库更新已下载章节
2026-04-04 23:43:39 - mkk_pika - database.py:244 - INFO - 该漫画已下载章节如下
2026-04-04 23:43:39 - mkk_pika - database.py:245 - INFO - ['第1集']
2026-04-04 23:43:41 - mkk_pika - main.py:348 - INFO - ==================== 漫画信息 ====================
                                   漫画ID：5821aafd5f6b9a4f93f457bf
                                   标题：（CE汉化组）[とりあえず(仮) (とろろ)] ムコンの力 (東方Project)
                                   作者：[とりあえず(仮) (とろろ)] 
                                   是否完结：是
                                   总页数：24
                                   分类：短篇,東方
                                   章节数：1
                                   最后更新时间：2014-08-12T18:46:55.000Z
                                   =================================================
2026-04-04 23:43:41 - mkk_pika - database.py:101 - INFO - 保存成功：（CE汉化组）[とりあえず(仮) (とろろ)] ムコンの力 (東方Project)
2026-04-04 23:43:41 - mkk_pika - main.py:35 - INFO - 开始检查近親恋人 アネカノ是否存在未下载章节
2026-04-04 23:43:41 - mkk_pika - main.py:45 - INFO - 正在下载:[近親恋人 アネカノ]-[戦闘的越中]-[['長篇', '姐姐系']]-[total_pages:182]
2026-04-04 23:43:41 - mkk_pika - main.py:49 - INFO - [{'_id': '5821ab025f6b9a4f93f45add', 'title': '第1集', 'order': 1, 'updated_at': '2016-11-08T10:37:54.307Z', 'id': '5821ab025f6b9a4f93f45add'}]
2026-04-04 23:43:41 - mkk_pika - database.py:215 - INFO - 第一次下载该漫画，记录数据库中
2026-04-04 23:43:43 - mkk_pika - main.py:83 - INFO - 找到 182 张图片在:第1集
2026-04-04 23:43:50 - mkk_pika - main.py:112 - INFO - [episode:第1集       ] downloaded:   182, total: 182, progress:100%
2026-04-04 23:43:50 - mkk_pika - database.py:238 - INFO - 数据库更新已下载章节
2026-04-04 23:43:50 - mkk_pika - database.py:244 - INFO - 该漫画已下载章节如下
2026-04-04 23:43:50 - mkk_pika - database.py:245 - INFO - ['第1集']
2026-04-04 23:43:51 - mkk_pika - main.py:348 - INFO - ==================== 漫画信息 ====================
                                   漫画ID：5821ab025f6b9a4f93f45adb
                                   标题：近親恋人 アネカノ
                                   作者：戦闘的越中
                                   是否完结：是
                                   总页数：182
                                   分类：長篇,姐姐系
                                   章节数：1
                                   最后更新时间：2014-08-14T10:46:55.000Z
                                   =================================================
2026-04-04 23:43:51 - mkk_pika - database.py:101 - INFO - 保存成功：近親恋人 アネカノ
2026-04-04 23:43:51 - mkk_pika - main.py:35 - INFO - 开始检查偏愛ガールズ是否存在未下载章节
2026-04-04 23:43:52 - mkk_pika - main.py:45 - INFO - 正在下载:[偏愛ガールズ]-[白野じん]-[['長篇']]-[total_pages:187]
2026-04-04 23:43:52 - mkk_pika - main.py:49 - INFO - [{'_id': '5821ab045f6b9a4f93f45c75', 'title': '第1集', 'order': 1, 'updated_at': '2016-11-08T10:37:56.410Z', 'id': '5821ab045f6b9a4f93f45c75'}]
2026-04-04 23:43:52 - mkk_pika - database.py:215 - INFO - 第一次下载该漫画，记录数据库中
2026-04-04 23:43:53 - mkk_pika - main.py:83 - INFO - 找到 187 张图片在:第1集
2026-04-04 23:44:00 - mkk_pika - main.py:112 - INFO - [episode:第1集       ] downloaded:   187, total: 187, progress:100%
2026-04-04 23:44:00 - mkk_pika - database.py:238 - INFO - 数据库更新已下载章节
2026-04-04 23:44:00 - mkk_pika - database.py:244 - INFO - 该漫画已下载章节如下
2026-04-04 23:44:00 - mkk_pika - database.py:245 - INFO - ['第1集']
2026-04-04 23:44:01 - mkk_pika - main.py:348 - INFO - ==================== 漫画信息 ====================
                                   漫画ID：5821ab035f6b9a4f93f45c73
                                   标题：偏愛ガールズ
                                   作者：白野じん
                                   是否完结：是
                                   总页数：187
                                   分类：長篇
                                   章节数：1
                                   最后更新时间：2014-08-15T06:46:55.000Z
                                   =================================================
2026-04-04 23:44:01 - mkk_pika - database.py:101 - INFO - 保存成功：偏愛ガールズ
2026-04-04 23:44:01 - mkk_pika - main.py:35 - INFO - 开始检查アネ×パコ² [究極版]是否存在未下载章节
2026-04-04 23:44:02 - mkk_pika - main.py:45 - INFO - 正在下载:[アネ×パコ² [究極版]]-[アガタ]-[['長篇', '後宮閃光', '姐姐系', '單行本', '人妻']]-[total_pages:238]
2026-04-04 23:44:02 - mkk_pika - main.py:49 - INFO - [{'_id': '5ede58f4b32a281a10861b40', 'title': '第1話', 'order': 1, 'updated_at': '2020-06-08T15:26:40.937Z', 'id': '5ede58f4b32a281a10861b40'}]
2026-04-04 23:44:02 - mkk_pika - database.py:215 - INFO - 第一次下载该漫画，记录数据库中
2026-04-04 23:44:04 - mkk_pika - main.py:83 - INFO - 找到 238 张图片在:第1話
2026-04-04 23:44:14 - mkk_pika - main.py:112 - INFO - [episode:第1話       ] downloaded:   238, total: 238, progress:100%
2026-04-04 23:44:14 - mkk_pika - database.py:238 - INFO - 数据库更新已下载章节
2026-04-04 23:44:14 - mkk_pika - database.py:244 - INFO - 该漫画已下载章节如下
2026-04-04 23:44:14 - mkk_pika - database.py:245 - INFO - ['第1話']
2026-04-04 23:44:16 - mkk_pika - main.py:348 - INFO - ==================== 漫画信息 ====================
                                   漫画ID：5821ab055f6b9a4f93f45ded
                                   标题：アネ×パコ² [究極版]
                                   作者：アガタ
                                   是否完结：是
                                   总页数：238
                                   分类：長篇,後宮閃光,姐姐系,單行本,人妻
                                   章节数：1
                                   最后更新时间：2014-08-15T16:46:55.000Z
                                   =================================================
2026-04-04 23:44:16 - mkk_pika - database.py:101 - INFO - 保存成功：アネ×パコ² [究極版]
2026-04-04 23:44:16 - mkk_pika - main.py:35 - INFO - 开始检查[无毒汉化组] (コミティア114) [「つ」がみっつ。 (つっつ)] 妹尿!是否存在未下载章节
2026-04-04 23:44:16 - mkk_pika - main.py:45 - INFO - 正在下载:[[无毒汉化组] (コミティア114) [「つ」がみっつ。 (つっつ)] 妹尿!]-[「つ」がみっつ。 (つっつ)]-[['同人', '短篇', '妹妹系']]-[total_pages:25]
2026-04-04 23:44:16 - mkk_pika - main.py:49 - INFO - [{'_id': '5821ab075f6b9a4f93f45fcd', 'title': '第1集', 'order': 1, 'updated_at': '2016-11-08T10:37:59.450Z', 'id': '5821ab075f6b9a4f93f45fcd'}]
2026-04-04 23:44:16 - mkk_pika - database.py:215 - INFO - 第一次下载该漫画，记录数据库中
2026-04-04 23:44:16 - mkk_pika - main.py:83 - INFO - 找到 25 张图片在:第1集
2026-04-04 23:44:17 - mkk_pika - main.py:112 - INFO - [episode:第1集       ] downloaded:    25, total:  25, progress:100%
2026-04-04 23:44:17 - mkk_pika - database.py:238 - INFO - 数据库更新已下载章节
2026-04-04 23:44:17 - mkk_pika - database.py:244 - INFO - 该漫画已下载章节如下
2026-04-04 23:44:17 - mkk_pika - database.py:245 - INFO - ['第1集']
2026-04-04 23:44:18 - mkk_pika - main.py:348 - INFO - ==================== 漫画信息 ====================
                                   漫画ID：5821ab065f6b9a4f93f45fcb
                                   标题：[无毒汉化组] (コミティア114) [「つ」がみっつ。 (つっつ)] 妹尿!
                                   作者：「つ」がみっつ。 (つっつ)
                                   是否完结：是
                                   总页数：25
                                   分类：同人,短篇,妹妹系
                                   章节数：1
                                   最后更新时间：2014-08-16T02:46:55.000Z
                                   =================================================
2026-04-04 23:44:18 - mkk_pika - database.py:101 - INFO - 保存成功：[无毒汉化组] (コミティア114) [「つ」がみっつ。 (つっつ)] 妹尿!
2026-04-04 23:44:18 - mkk_pika - main.py:35 - INFO - 开始检查[奶綠個人漢化] (C87) [D-baird (Beなんとか)] ムラムラ！冬 (艦隊これくしょん -艦これ-)是否存在未下载章节
2026-04-04 23:44:19 - mkk_pika - main.py:45 - INFO - 正在下载:[[奶綠個人漢化] (C87) [D-baird (Beなんとか)] ムラムラ！冬 (艦隊これくしょん -艦これ-)]-[D-baird (Beなんとか)]-[['同人', '短篇', '艦隊收藏']]-[total_pages:27]
2026-04-04 23:44:19 - mkk_pika - main.py:49 - INFO - [{'_id': '5821ab085f6b9a4f93f46003', 'title': '第1集', 'order': 1, 'updated_at': '2016-11-08T10:38:00.160Z', 'id': '5821ab085f6b9a4f93f46003'}]
2026-04-04 23:44:19 - mkk_pika - database.py:215 - INFO - 第一次下载该漫画，记录数据库中
2026-04-04 23:44:19 - mkk_pika - main.py:83 - INFO - 找到 27 张图片在:第1集
2026-04-04 23:44:20 - mkk_pika - main.py:112 - INFO - [episode:第1集       ] downloaded:    27, total:  27, progress:100%
2026-04-04 23:44:20 - mkk_pika - database.py:238 - INFO - 数据库更新已下载章节
2026-04-04 23:44:20 - mkk_pika - database.py:244 - INFO - 该漫画已下载章节如下
2026-04-04 23:44:20 - mkk_pika - database.py:245 - INFO - ['第1集']
2026-04-04 23:44:22 - mkk_pika - main.py:348 - INFO - ==================== 漫画信息 ====================
                                   漫画ID：5821ab075f6b9a4f93f46001
                                   标题：[奶綠個人漢化] (C87) [D-baird (Beなんとか)] ムラムラ！冬 (艦隊これくしょん -艦これ-)
                                   作者：D-baird (Beなんとか)
                                   是否完结：是
                                   总页数：27
                                   分类：同人,短篇,艦隊收藏
                                   章节数：1
                                   最后更新时间：2014-08-16T12:46:55.000Z
                                   =================================================
2026-04-04 23:44:22 - mkk_pika - database.py:101 - INFO - 保存成功：[奶綠個人漢化] (C87) [D-baird (Beなんとか)] ムラムラ！冬 (艦隊これくしょん -艦これ-)
2026-04-04 23:44:22 - mkk_pika - main.py:35 - INFO - 开始检查[屏幕髒了漢化] (COMIC1☆10) [SEQMED (ユメのオワリ)] over QMR 17 (艦隊これくしょん -艦これ-)是否存在未下载章节
2026-04-04 23:44:22 - mkk_pika - main.py:45 - INFO - 正在下载:[[屏幕髒了漢化] (COMIC1☆10) [SEQMED (ユメのオワリ)] over QMR 17 (艦隊これくしょん -艦これ-)]-[SEQMED (ユメのオワリ)]-[['同人', '短篇', '艦隊收藏', '全彩']]-[total_pages:19]
2026-04-04 23:44:22 - mkk_pika - main.py:49 - INFO - [{'_id': '5821ab085f6b9a4f93f4603d', 'title': '第1集', 'order': 1, 'updated_at': '2016-11-08T10:38:00.866Z', 'id': '5821ab085f6b9a4f93f4603d'}]
2026-04-04 23:44:22 - mkk_pika - database.py:215 - INFO - 第一次下载该漫画，记录数据库中
2026-04-04 23:44:22 - mkk_pika - main.py:83 - INFO - 找到 19 张图片在:第1集
2026-04-04 23:44:23 - mkk_pika - main.py:112 - INFO - [episode:第1集       ] downloaded:    19, total:  19, progress:100%
2026-04-04 23:44:23 - mkk_pika - database.py:238 - INFO - 数据库更新已下载章节
2026-04-04 23:44:23 - mkk_pika - database.py:244 - INFO - 该漫画已下载章节如下
2026-04-04 23:44:23 - mkk_pika - database.py:245 - INFO - ['第1集']
2026-04-04 23:44:24 - mkk_pika - main.py:348 - INFO - ==================== 漫画信息 ====================
                                   漫画ID：5821ab085f6b9a4f93f4603b
                                   标题：[屏幕髒了漢化] (COMIC1☆10) [SEQMED (ユメのオワリ)] over QMR 17 (艦隊これくしょん -艦これ-)
                                   作者：SEQMED (ユメのオワリ)
                                   是否完结：是
                                   总页数：19
                                   分类：同人,短篇,艦隊收藏,全彩
                                   章节数：1
                                   最后更新时间：2014-08-16T22:46:55.000Z
                                   =================================================
2026-04-04 23:44:24 - mkk_pika - database.py:101 - INFO - 保存成功：[屏幕髒了漢化] (COMIC1☆10) [SEQMED (ユメのオワリ)] over QMR 17 (艦隊これくしょん -艦これ-)
2026-04-04 23:44:24 - mkk_pika - main.py:35 - INFO - 开始检查LAST HAZARD 6是否存在未下载章节
2026-04-04 23:44:25 - mkk_pika - main.py:45 - INFO - 正在下载:[LAST HAZARD 6]-[DEEP RISING]-[['同人', '全彩', '非人類', '強暴']]-[total_pages:90]
2026-04-04 23:44:25 - mkk_pika - main.py:49 - INFO - [{'_id': '5821ab095f6b9a4f93f46091', 'title': '第1集', 'order': 1, 'updated_at': '2016-11-08T10:38:01.732Z', 'id': '5821ab095f6b9a4f93f46091'}]
2026-04-04 23:44:25 - mkk_pika - database.py:215 - INFO - 第一次下载该漫画，记录数据库中
2026-04-04 23:44:26 - mkk_pika - main.py:83 - INFO - 找到 90 张图片在:第1集
2026-04-04 23:44:29 - mkk_pika - main.py:112 - INFO - [episode:第1集       ] downloaded:    90, total:  90, progress:100%
2026-04-04 23:44:29 - mkk_pika - database.py:238 - INFO - 数据库更新已下载章节
2026-04-04 23:44:29 - mkk_pika - database.py:244 - INFO - 该漫画已下载章节如下
2026-04-04 23:44:29 - mkk_pika - database.py:245 - INFO - ['第1集']
2026-04-04 23:44:30 - mkk_pika - main.py:348 - INFO - ==================== 漫画信息 ====================
                                   漫画ID：5821ab095f6b9a4f93f4608f
                                   标题：LAST HAZARD 6
                                   作者：DEEP RISING
                                   是否完结：是
                                   总页数：90
                                   分类：同人,全彩,非人類,強暴
                                   章节数：1
                                   最后更新时间：2014-08-17T18:46:55.000Z
                                   =================================================
2026-04-04 23:44:30 - mkk_pika - database.py:101 - INFO - 保存成功：LAST HAZARD 6
2026-04-04 23:44:30 - mkk_pika - main.py:35 - INFO - 开始检查[Jiete]半竜でも恋がしたい!(DarkSouls)[Chinese]是否存在未下载章节
2026-04-04 23:44:30 - mkk_pika - main.py:45 - INFO - 正在下载:[[Jiete]半竜でも恋がしたい!(DarkSouls)[Chinese]]-[Jiete]-[['短篇', '全彩', '非人類']]-[total_pages:7]
2026-04-04 23:44:30 - mkk_pika - main.py:49 - INFO - [{'_id': '5821ab0a5f6b9a4f93f46149', 'title': '第1集', 'order': 1, 'updated_at': '2016-11-08T10:38:02.639Z', 'id': '5821ab0a5f6b9a4f93f46149'}]
2026-04-04 23:44:30 - mkk_pika - database.py:215 - INFO - 第一次下载该漫画，记录数据库中
2026-04-04 23:44:31 - mkk_pika - main.py:83 - INFO - 找到 7 张图片在:第1集
2026-04-04 23:44:31 - mkk_pika - main.py:112 - INFO - [episode:第1集       ] downloaded:     7, total:   7, progress:100%
2026-04-04 23:44:31 - mkk_pika - database.py:238 - INFO - 数据库更新已下载章节
2026-04-04 23:44:31 - mkk_pika - database.py:244 - INFO - 该漫画已下载章节如下
2026-04-04 23:44:31 - mkk_pika - database.py:245 - INFO - ['第1集']
2026-04-04 23:44:33 - mkk_pika - main.py:348 - INFO - ==================== 漫画信息 ====================
                                   漫画ID：5821ab0a5f6b9a4f93f46147
                                   标题：[Jiete]半竜でも恋がしたい!(DarkSouls)[Chinese]
                                   作者：Jiete
                                   是否完结：是
                                   总页数：7
                                   分类：短篇,全彩,非人類
                                   章节数：1
                                   最后更新时间：2014-08-18T04:46:55.000Z
                                   =================================================
2026-04-04 23:44:33 - mkk_pika - database.py:101 - INFO - 保存成功：[Jiete]半竜でも恋がしたい!(DarkSouls)[Chinese]
2026-04-04 23:44:33 - mkk_pika - main.py:35 - INFO - 开始检查[汉化] [音乃夏] 働く女の子 -女教師編1- (漫画ばんがいち 2016年1月号)是否存在未下载章节
2026-04-04 23:44:33 - mkk_pika - main.py:45 - INFO - 正在下载:[[汉化] [音乃夏] 働く女の子 -女教師編1- (漫画ばんがいち 2016年1月号)]-[音乃夏]-[['短篇']]-[total_pages:26]
2026-04-04 23:44:33 - mkk_pika - main.py:49 - INFO - [{'_id': '5821ab0d5f6b9a4f93f462f1', 'title': '第1集', 'order': 1, 'updated_at': '2016-11-08T10:38:05.005Z', 'id': '5821ab0d5f6b9a4f93f462f1'}]
2026-04-04 23:44:33 - mkk_pika - database.py:215 - INFO - 第一次下载该漫画，记录数据库中
2026-04-04 23:44:33 - mkk_pika - main.py:83 - INFO - 找到 26 张图片在:第1集
2026-04-04 23:44:34 - mkk_pika - main.py:112 - INFO - [episode:第1集       ] downloaded:    26, total:  26, progress:100%
2026-04-04 23:44:34 - mkk_pika - database.py:238 - INFO - 数据库更新已下载章节
2026-04-04 23:44:34 - mkk_pika - database.py:244 - INFO - 该漫画已下载章节如下
2026-04-04 23:44:34 - mkk_pika - database.py:245 - INFO - ['第1集']
2026-04-04 23:44:36 - mkk_pika - main.py:348 - INFO - ==================== 漫画信息 ====================
                                   漫画ID：5821ab0c5f6b9a4f93f462ef
                                   标题：[汉化] [音乃夏] 働く女の子 -女教師編1- (漫画ばんがいち 2016年1月号)
                                   作者：音乃夏
                                   是否完结：是
                                   总页数：26
                                   分类：短篇
                                   章节数：1
                                   最后更新时间：2014-08-20T06:46:55.000Z
                                   =================================================
2026-04-04 23:44:36 - mkk_pika - database.py:101 - INFO - 保存成功：[汉化] [音乃夏] 働く女の子 -女教師編1- (漫画ばんがいち 2016年1月号)
2026-04-04 23:44:36 - mkk_pika - main.py:35 - INFO - 开始检查[汉化] [一ノ瀬ランド] ガチンコ☆まっち (COMIC 快楽天ビースト 2016年3月号)是否存在未下载章节
2026-04-04 23:44:36 - mkk_pika - main.py:45 - INFO - 正在下载:[[汉化] [一ノ瀬ランド] ガチンコ☆まっち (COMIC 快楽天ビースト 2016年3月号)]-[一ノ瀬ランド]-[['短篇']]-[total_pages:17]
2026-04-04 23:44:36 - mkk_pika - main.py:49 - INFO - [{'_id': '5821ab0d5f6b9a4f93f46329', 'title': '第1集', 'order': 1, 'updated_at': '2016-11-08T10:38:05.470Z', 'id': '5821ab0d5f6b9a4f93f46329'}]
2026-04-04 23:44:36 - mkk_pika - database.py:215 - INFO - 第一次下载该漫画，记录数据库中
2026-04-04 23:44:36 - mkk_pika - main.py:83 - INFO - 找到 17 张图片在:第1集
2026-04-04 23:44:37 - mkk_pika - main.py:112 - INFO - [episode:第1集       ] downloaded:    17, total:  17, progress:100%
2026-04-04 23:44:37 - mkk_pika - database.py:238 - INFO - 数据库更新已下载章节
2026-04-04 23:44:37 - mkk_pika - database.py:244 - INFO - 该漫画已下载章节如下
2026-04-04 23:44:37 - mkk_pika - database.py:245 - INFO - ['第1集']
2026-04-04 23:44:38 - mkk_pika - main.py:348 - INFO - ==================== 漫画信息 ====================
                                   漫画ID：5821ab0d5f6b9a4f93f46327
                                   标题：[汉化] [一ノ瀬ランド] ガチンコ☆まっち (COMIC 快楽天ビースト 2016年3月号)
                                   作者：一ノ瀬ランド
                                   是否完结：是
                                   总页数：17
                                   分类：短篇
                                   章节数：1
                                   最后更新时间：2014-08-20T16:46:55.000Z
                                   =================================================
2026-04-04 23:44:38 - mkk_pika - database.py:101 - INFO - 保存成功：[汉化] [一ノ瀬ランド] ガチンコ☆まっち (COMIC 快楽天ビースト 2016年3月号)
2026-04-04 23:44:38 - mkk_pika - main.py:35 - INFO - 开始检查不知火舞斩2是否存在未下载章节
2026-04-04 23:44:39 - mkk_pika - main.py:45 - INFO - 正在下载:[不知火舞斩2]-[忘了]-[['同人', '短篇', '強暴']]-[total_pages:27]
2026-04-04 23:44:39 - mkk_pika - main.py:49 - INFO - [{'_id': '5821ab125f6b9a4f93f4659f', 'title': '第1集', 'order': 1, 'updated_at': '2016-11-08T10:38:10.103Z', 'id': '5821ab125f6b9a4f93f4659f'}]
2026-04-04 23:44:39 - mkk_pika - database.py:215 - INFO - 第一次下载该漫画，记录数据库中
2026-04-04 23:44:39 - mkk_pika - main.py:83 - INFO - 找到 27 张图片在:第1集
2026-04-04 23:44:40 - mkk_pika - main.py:112 - INFO - [episode:第1集       ] downloaded:    27, total:  27, progress:100%
2026-04-04 23:44:40 - mkk_pika - database.py:238 - INFO - 数据库更新已下载章节
2026-04-04 23:44:40 - mkk_pika - database.py:244 - INFO - 该漫画已下载章节如下
2026-04-04 23:44:40 - mkk_pika - database.py:245 - INFO - ['第1集']
2026-04-04 23:44:41 - mkk_pika - main.py:348 - INFO - ==================== 漫画信息 ====================
                                   漫画ID：5821ab115f6b9a4f93f4659d
                                   标题：不知火舞斩2
                                   作者：忘了
                                   是否完结：是
                                   总页数：27
                                   分类：同人,短篇,強暴
                                   章节数：1
                                   最后更新时间：2014-08-23T14:46:55.000Z
                                   =================================================
2026-04-04 23:44:41 - mkk_pika - database.py:101 - INFO - 保存成功：不知火舞斩2
2026-04-04 23:44:41 - mkk_pika - main.py:35 - INFO - 开始检查[和田マウンテン (「タカシ」)] 幻想禽獣園3 [kanade汉化组]是否存在未下载章节
2026-04-04 23:44:42 - mkk_pika - main.py:45 - INFO - 正在下载:[[和田マウンテン (「タカシ」)] 幻想禽獣園3 [kanade汉化组]]-[[和田マウンテン (「タカシ」)] ]-[['短篇', '非人類', '強暴', '東方']]-[total_pages:28]
2026-04-04 23:44:42 - mkk_pika - main.py:49 - INFO - [{'_id': '5821ab135f6b9a4f93f465d9', 'title': '第1集', 'order': 1, 'updated_at': '2016-11-08T10:38:11.007Z', 'id': '5821ab135f6b9a4f93f465d9'}]
2026-04-04 23:44:42 - mkk_pika - database.py:215 - INFO - 第一次下载该漫画，记录数据库中
2026-04-04 23:44:42 - mkk_pika - main.py:83 - INFO - 找到 28 张图片在:第1集
2026-04-04 23:44:43 - mkk_pika - main.py:112 - INFO - [episode:第1集       ] downloaded:    28, total:  28, progress:100%
2026-04-04 23:44:43 - mkk_pika - database.py:238 - INFO - 数据库更新已下载章节
2026-04-04 23:44:43 - mkk_pika - database.py:244 - INFO - 该漫画已下载章节如下
2026-04-04 23:44:43 - mkk_pika - database.py:245 - INFO - ['第1集']
2026-04-04 23:44:45 - mkk_pika - main.py:348 - INFO - ==================== 漫画信息 ====================
                                   漫画ID：5821ab125f6b9a4f93f465d7
                                   标题：[和田マウンテン (「タカシ」)] 幻想禽獣園3 [kanade汉化组]
                                   作者：[和田マウンテン (「タカシ」)] 
                                   是否完结：是
                                   总页数：28
                                   分类：短篇,非人類,強暴,東方
                                   章节数：1
                                   最后更新时间：2014-08-24T00:46:55.000Z
                                   =================================================
2026-04-04 23:44:45 - mkk_pika - database.py:101 - INFO - 保存成功：[和田マウンテン (「タカシ」)] 幻想禽獣園3 [kanade汉化组]
2026-04-04 23:44:45 - mkk_pika - main.py:35 - INFO - 开始检查[奈米屌肥宅只能喝著自產的殘渣翻譯](C87) [はーとおぶぐりーん (緑色の心臓)] ふたなり島風ちゃんがお腹をパンチされたりお尻の穴を拡張されながら射精させられたりする本是否存在未下载章节
2026-04-04 23:44:45 - mkk_pika - main.py:45 - INFO - 正在下载:[[奈米屌肥宅只能喝著自產的殘渣翻譯](C87) [はーとおぶぐりーん (緑色の心臓)] ふたなり島風ちゃんがお腹をパンチされたりお尻の穴を拡張されながら射精させられたりする本]-[はーとおぶぐりーん (緑色の心臓)]-[['同人', '短篇', '艦隊收藏', '全彩']]-[total_pages:15]
2026-04-04 23:44:45 - mkk_pika - main.py:49 - INFO - [{'_id': '5821ab165f6b9a4f93f466fd', 'title': '第1集', 'order': 1, 'updated_at': '2016-11-08T10:38:14.208Z', 'id': '5821ab165f6b9a4f93f466fd'}]
2026-04-04 23:44:45 - mkk_pika - database.py:215 - INFO - 第一次下载该漫画，记录数据库中
2026-04-04 23:44:46 - mkk_pika - main.py:83 - INFO - 找到 15 张图片在:第1集
2026-04-04 23:44:46 - mkk_pika - main.py:112 - INFO - [episode:第1集       ] downloaded:    15, total:  15, progress:100%
2026-04-04 23:44:46 - mkk_pika - database.py:238 - INFO - 数据库更新已下载章节
2026-04-04 23:44:46 - mkk_pika - database.py:244 - INFO - 该漫画已下载章节如下
2026-04-04 23:44:46 - mkk_pika - database.py:245 - INFO - ['第1集']
2026-04-04 23:44:48 - mkk_pika - main.py:348 - INFO - ==================== 漫画信息 ====================
                                   漫画ID：5821ab155f6b9a4f93f466fb
                                   标题：[奈米屌肥宅只能喝著自產的殘渣翻譯](C87) [はーとおぶぐりーん (緑色の心臓)] ふたなり島風ちゃんがお腹をパンチされたりお尻の穴を拡張されながら射精させられたりする本
                                   作者：はーとおぶぐりーん (緑色の心臓)
                                   是否完结：是
                                   总页数：15
                                   分类：同人,短篇,艦隊收藏,全彩
                                   章节数：1
                                   最后更新时间：2014-08-26T12:46:55.000Z
                                   =================================================
2026-04-04 23:44:48 - mkk_pika - database.py:101 - INFO - 保存成功：[奈米屌肥宅只能喝著自產的殘渣翻譯](C87) [はーとおぶぐりーん (緑色の心臓)] ふたなり島風ちゃんがお腹をパンチされたりお尻の穴を拡張されながら射精させられたりする本
2026-04-04 23:44:48 - mkk_pika - main.py:35 - INFO - 开始检查[殭屍漢化] (C86) [やし屋 (YASSY)] 働き過ぎて壊れた小町が映姫様に逆襲する本 (東方Project)是否存在未下载章节
2026-04-04 23:44:48 - mkk_pika - main.py:45 - INFO - 正在下载:[[殭屍漢化] (C86) [やし屋 (YASSY)] 働き過ぎて壊れた小町が映姫様に逆襲する本 (東方Project)]-[やし屋 (YASSY)]-[['同人', '短篇', '扶他樂園', '東方']]-[total_pages:40]
2026-04-04 23:44:48 - mkk_pika - main.py:49 - INFO - [{'_id': '5821ab165f6b9a4f93f4671f', 'title': '第1集', 'order': 1, 'updated_at': '2016-11-08T10:38:14.598Z', 'id': '5821ab165f6b9a4f93f4671f'}]
2026-04-04 23:44:48 - mkk_pika - database.py:215 - INFO - 第一次下载该漫画，记录数据库中
2026-04-04 23:44:48 - mkk_pika - main.py:83 - INFO - 找到 40 张图片在:第1集
2026-04-04 23:44:50 - mkk_pika - main.py:112 - INFO - [episode:第1集       ] downloaded:    40, total:  40, progress:100%
2026-04-04 23:44:50 - mkk_pika - database.py:238 - INFO - 数据库更新已下载章节
2026-04-04 23:44:50 - mkk_pika - database.py:244 - INFO - 该漫画已下载章节如下
2026-04-04 23:44:50 - mkk_pika - database.py:245 - INFO - ['第1集']
2026-04-04 23:44:51 - mkk_pika - main.py:348 - INFO - ==================== 漫画信息 ====================
                                   漫画ID：5821ab165f6b9a4f93f4671d
                                   标题：[殭屍漢化] (C86) [やし屋 (YASSY)] 働き過ぎて壊れた小町が映姫様に逆襲する本 (東方Project)
                                   作者：やし屋 (YASSY)
                                   是否完结：是
                                   总页数：40
                                   分类：同人,短篇,扶他樂園,東方
                                   章节数：1
                                   最后更新时间：2014-08-26T22:46:55.000Z
                                   =================================================
2026-04-04 23:44:51 - mkk_pika - database.py:101 - INFO - 保存成功：[殭屍漢化] (C86) [やし屋 (YASSY)] 働き過ぎて壊れた小町が映姫様に逆襲する本 (東方Project)
2026-04-04 23:44:51 - mkk_pika - main.py:35 - INFO - 开始检查[殭屍漢化] (例大祭10) [はぴねすみるく (おびゃー)] 肉欲神仰信 - tentacle and hermaphrodite and two girls - (東方Project)是否存在未下载章节
2026-04-04 23:44:51 - mkk_pika - main.py:45 - INFO - 正在下载:[[殭屍漢化] (例大祭10) [はぴねすみるく (おびゃー)] 肉欲神仰信 - tentacle and hermaphrodite and two girls - (東方Project)]-[はぴねすみるく (おびゃー)]-[['同人', '短篇', '扶他樂園', '非人類', '東方']]-[total_pages:30]
2026-04-04 23:44:51 - mkk_pika - main.py:49 - INFO - [{'_id': '5821ab175f6b9a4f93f46773', 'title': '第1集', 'order': 1, 'updated_at': '2016-11-08T10:38:15.326Z', 'id': '5821ab175f6b9a4f93f46773'}]
2026-04-04 23:44:51 - mkk_pika - database.py:215 - INFO - 第一次下载该漫画，记录数据库中
2026-04-04 23:44:52 - mkk_pika - main.py:83 - INFO - 找到 30 张图片在:第1集
2026-04-04 23:44:53 - mkk_pika - main.py:112 - INFO - [episode:第1集       ] downloaded:    30, total:  30, progress:100%
2026-04-04 23:44:53 - mkk_pika - database.py:238 - INFO - 数据库更新已下载章节
2026-04-04 23:44:53 - mkk_pika - database.py:244 - INFO - 该漫画已下载章节如下
2026-04-04 23:44:53 - mkk_pika - database.py:245 - INFO - ['第1集']
2026-04-04 23:44:54 - mkk_pika - main.py:348 - INFO - ==================== 漫画信息 ====================
                                   漫画ID：5821ab165f6b9a4f93f46771
                                   标题：[殭屍漢化] (例大祭10) [はぴねすみるく (おびゃー)] 肉欲神仰信 - tentacle and hermaphrodite and two girls - (東方Project)
                                   作者：はぴねすみるく (おびゃー)
                                   是否完结：是
                                   总页数：30
                                   分类：同人,短篇,扶他樂園,非人類,東方
                                   章节数：1
                                   最后更新时间：2014-08-27T08:46:55.000Z
                                   =================================================
2026-04-04 23:44:54 - mkk_pika - database.py:101 - INFO - 保存成功：[殭屍漢化] (例大祭10) [はぴねすみるく (おびゃー)] 肉欲神仰信 - tentacle and hermaphrodite and two girls - (東方Project)
2026-04-04 23:44:54 - mkk_pika - main.py:35 - INFO - 开始检查[殭屍漢化] [Forever and ever... (英戦)] 幻想鎮々物語1-3 (東方Project)是否存在未下载章节
2026-04-04 23:44:55 - mkk_pika - main.py:45 - INFO - 正在下载:[[殭屍漢化] [Forever and ever... (英戦)] 幻想鎮々物語1-3 (東方Project)]-[Forever and ever... (英戦)]-[['同人', '短篇', '扶他樂園', '東方']]-[total_pages:89]
2026-04-04 23:44:55 - mkk_pika - main.py:49 - INFO - [{'_id': '5821ab175f6b9a4f93f467b3', 'title': '第1集', 'order': 1, 'updated_at': '2016-11-08T10:38:15.763Z', 'id': '5821ab175f6b9a4f93f467b3'}, {'_id': '5821ab185f6b9a4f93f467eb', 'title': '第2集', 'order': 2, 'updated_at': '2016-11-08T10:38:16.434Z', 'id': '5821ab185f6b9a4f93f467eb'}, {'_id': '5821ab195f6b9a4f93f46823', 'title': '第3集', 'order': 3, 'updated_at': '2016-11-08T10:38:17.087Z', 'id': '5821ab195f6b9a4f93f46823'}]
2026-04-04 23:44:55 - mkk_pika - database.py:215 - INFO - 第一次下载该漫画，记录数据库中
2026-04-04 23:44:55 - mkk_pika - main.py:83 - INFO - 找到 27 张图片在:第1集
2026-04-04 23:44:56 - mkk_pika - main.py:112 - INFO - [episode:第1集       ] downloaded:    27, total:  27, progress:100%
2026-04-04 23:44:56 - mkk_pika - database.py:238 - INFO - 数据库更新已下载章节
2026-04-04 23:44:56 - mkk_pika - database.py:244 - INFO - 该漫画已下载章节如下
2026-04-04 23:44:56 - mkk_pika - database.py:245 - INFO - ['第1集']
2026-04-04 23:44:58 - mkk_pika - main.py:83 - INFO - 找到 27 张图片在:第2集
2026-04-04 23:44:59 - mkk_pika - main.py:112 - INFO - [episode:第2集       ] downloaded:    27, total:  27, progress:100%
2026-04-04 23:44:59 - mkk_pika - database.py:238 - INFO - 数据库更新已下载章节
2026-04-04 23:44:59 - mkk_pika - database.py:244 - INFO - 该漫画已下载章节如下
2026-04-04 23:44:59 - mkk_pika - database.py:245 - INFO - ['第1集', '第2集']
2026-04-04 23:45:00 - mkk_pika - main.py:83 - INFO - 找到 35 张图片在:第3集
2026-04-04 23:45:02 - mkk_pika - main.py:112 - INFO - [episode:第3集       ] downloaded:    35, total:  35, progress:100%
2026-04-04 23:45:02 - mkk_pika - database.py:238 - INFO - 数据库更新已下载章节
2026-04-04 23:45:02 - mkk_pika - database.py:244 - INFO - 该漫画已下载章节如下
2026-04-04 23:45:02 - mkk_pika - database.py:245 - INFO - ['第1集', '第2集', '第3集']
2026-04-04 23:45:03 - mkk_pika - main.py:348 - INFO - ==================== 漫画信息 ====================
                                   漫画ID：5821ab175f6b9a4f93f467b1
                                   标题：[殭屍漢化] [Forever and ever... (英戦)] 幻想鎮々物語1-3 (東方Project)
                                   作者：Forever and ever... (英戦)
                                   是否完结：是
                                   总页数：89
                                   分类：同人,短篇,扶他樂園,東方
                                   章节数：3
                                   最后更新时间：2014-08-27T18:46:55.000Z
                                   =================================================
2026-04-04 23:45:03 - mkk_pika - database.py:101 - INFO - 保存成功：[殭屍漢化] [Forever and ever... (英戦)] 幻想鎮々物語1-3 (東方Project)
2026-04-04 23:45:03 - mkk_pika - main.py:35 - INFO - 开始检查初めてのSEX是否存在未下载章节
2026-04-04 23:45:03 - mkk_pika - main.py:45 - INFO - 正在下载:[初めてのSEX]-[やながわ理央]-[['人妻', '長篇', '姐姐系']]-[total_pages:211]
2026-04-04 23:45:03 - mkk_pika - main.py:49 - INFO - [{'_id': '5821ab195f6b9a4f93f4686d', 'title': '第1集', 'order': 1, 'updated_at': '2016-11-08T10:38:17.563Z', 'id': '5821ab195f6b9a4f93f4686d'}]
2026-04-04 23:45:03 - mkk_pika - database.py:215 - INFO - 第一次下载该漫画，记录数据库中
2026-04-04 23:45:05 - mkk_pika - main.py:83 - INFO - 找到 211 张图片在:第1集
2026-04-04 23:45:14 - mkk_pika - main.py:112 - INFO - [episode:第1集       ] downloaded:   211, total: 211, progress:100%
2026-04-04 23:45:14 - mkk_pika - database.py:238 - INFO - 数据库更新已下载章节
2026-04-04 23:45:14 - mkk_pika - database.py:244 - INFO - 该漫画已下载章节如下
2026-04-04 23:45:14 - mkk_pika - database.py:245 - INFO - ['第1集']
2026-04-04 23:45:15 - mkk_pika - main.py:348 - INFO - ==================== 漫画信息 ====================
                                   漫画ID：5821ab195f6b9a4f93f4686b
                                   标题：初めてのSEX
                                   作者：やながわ理央
                                   是否完结：是
                                   总页数：211
                                   分类：人妻,長篇,姐姐系
                                   章节数：1
                                   最后更新时间：2014-08-28T04:46:55.000Z
                                   =================================================
2026-04-04 23:45:15 - mkk_pika - database.py:101 - INFO - 保存成功：初めてのSEX
2026-04-04 23:45:15 - mkk_pika - main.py:35 - INFO - 开始检查[沒有漢化] [梅太郎] サキュバスプラン (コミックアンリアル 2012年8月号 Vol.38)是否存在未下载章节
2026-04-04 23:45:15 - mkk_pika - main.py:45 - INFO - 正在下载:[[沒有漢化] [梅太郎] サキュバスプラン (コミックアンリアル 2012年8月号 Vol.38)]-[梅太郎]-[['同人', '扶他樂園']]-[total_pages:20]
2026-04-04 23:45:15 - mkk_pika - main.py:49 - INFO - [{'_id': '5821ab1b5f6b9a4f93f46a17', 'title': '第1集', 'order': 1, 'updated_at': '2016-11-08T10:38:19.193Z', 'id': '5821ab1b5f6b9a4f93f46a17'}]
2026-04-04 23:45:15 - mkk_pika - database.py:215 - INFO - 第一次下载该漫画，记录数据库中
2026-04-04 23:45:16 - mkk_pika - main.py:83 - INFO - 找到 20 张图片在:第1集
2026-04-04 23:45:17 - mkk_pika - main.py:112 - INFO - [episode:第1集       ] downloaded:    20, total:  20, progress:100%
2026-04-04 23:45:17 - mkk_pika - database.py:238 - INFO - 数据库更新已下载章节
2026-04-04 23:45:17 - mkk_pika - database.py:244 - INFO - 该漫画已下载章节如下
2026-04-04 23:45:17 - mkk_pika - database.py:245 - INFO - ['第1集']
2026-04-04 23:45:18 - mkk_pika - main.py:348 - INFO - ==================== 漫画信息 ====================
                                   漫画ID：5821ab1a5f6b9a4f93f46a15
                                   标题：[沒有漢化] [梅太郎] サキュバスプラン (コミックアンリアル 2012年8月号 Vol.38)
                                   作者：梅太郎
                                   是否完结：是
                                   总页数：20
                                   分类：同人,扶他樂園
                                   章节数：1
                                   最后更新时间：2014-08-28T14:46:55.000Z
                                   =================================================
2026-04-04 23:45:18 - mkk_pika - database.py:101 - INFO - 保存成功：[沒有漢化] [梅太郎] サキュバスプラン (コミックアンリアル 2012年8月号 Vol.38)
2026-04-04 23:45:18 - mkk_pika - main.py:35 - INFO - 开始检查童貞に母穴是否存在未下载章节
2026-04-04 23:45:18 - mkk_pika - main.py:45 - INFO - 正在下载:[童貞に母穴]-[みやびつづる部(みやびつづる)]-[['人妻', '短篇']]-[total_pages:19]
2026-04-04 23:45:18 - mkk_pika - main.py:49 - INFO - [{'_id': '5821ab1b5f6b9a4f93f46a43', 'title': '第1集', 'order': 1, 'updated_at': '2016-11-08T10:38:19.866Z', 'id': '5821ab1b5f6b9a4f93f46a43'}]
2026-04-04 23:45:18 - mkk_pika - database.py:215 - INFO - 第一次下载该漫画，记录数据库中
2026-04-04 23:45:19 - mkk_pika - main.py:83 - INFO - 找到 19 张图片在:第1集
2026-04-04 23:45:19 - mkk_pika - main.py:112 - INFO - [episode:第1集       ] downloaded:    19, total:  19, progress:100%
2026-04-04 23:45:19 - mkk_pika - database.py:238 - INFO - 数据库更新已下载章节
2026-04-04 23:45:19 - mkk_pika - database.py:244 - INFO - 该漫画已下载章节如下
2026-04-04 23:45:19 - mkk_pika - database.py:245 - INFO - ['第1集']
2026-04-04 23:45:21 - mkk_pika - main.py:348 - INFO - ==================== 漫画信息 ====================
                                   漫画ID：5821ab1b5f6b9a4f93f46a41
                                   标题：童貞に母穴
                                   作者：みやびつづる部(みやびつづる)
                                   是否完结：是
                                   总页数：19
                                   分类：人妻,短篇
                                   章节数：1
                                   最后更新时间：2014-08-29T00:46:54.000Z
                                   =================================================
2026-04-04 23:45:21 - mkk_pika - database.py:101 - INFO - 保存成功：童貞に母穴
2026-04-04 23:45:21 - mkk_pika - main.py:35 - INFO - 开始检查ちちざかり是否存在未下载章节
2026-04-04 23:45:21 - mkk_pika - main.py:45 - INFO - 正在下载:[ちちざかり]-[TANABE]-[['人妻', '長篇', '純愛']]-[total_pages:217]
2026-04-04 23:45:21 - mkk_pika - main.py:49 - INFO - [{'_id': '5821ab1c5f6b9a4f93f46a6d', 'title': '第1集', 'order': 1, 'updated_at': '2016-11-08T10:38:20.569Z', 'id': '5821ab1c5f6b9a4f93f46a6d'}]
2026-04-04 23:45:21 - mkk_pika - database.py:215 - INFO - 第一次下载该漫画，记录数据库中
2026-04-04 23:45:23 - mkk_pika - main.py:83 - INFO - 找到 217 张图片在:第1集
2026-04-04 23:45:32 - mkk_pika - main.py:112 - INFO - [episode:第1集       ] downloaded:   217, total: 217, progress:100%
2026-04-04 23:45:32 - mkk_pika - database.py:238 - INFO - 数据库更新已下载章节
2026-04-04 23:45:32 - mkk_pika - database.py:244 - INFO - 该漫画已下载章节如下
2026-04-04 23:45:32 - mkk_pika - database.py:245 - INFO - ['第1集']
2026-04-04 23:45:33 - mkk_pika - main.py:348 - INFO - ==================== 漫画信息 ====================
                                   漫画ID：5821ab1c5f6b9a4f93f46a6b
                                   标题：ちちざかり
                                   作者：TANABE
                                   是否完结：是
                                   总页数：217
                                   分类：人妻,長篇,純愛
                                   章节数：1
                                   最后更新时间：2014-08-29T10:46:54.000Z
                                   =================================================
2026-04-04 23:45:33 - mkk_pika - database.py:101 - INFO - 保存成功：ちちざかり
2026-04-04 23:45:33 - mkk_pika - main.py:380 - INFO - 本次任务下载完毕
2026-04-04 23:45:33 - mkk_pika - database.py:173 - INFO - 数据库连接已关闭
