2026-01-18 23:29:06 - mkk_pika - main.py:193 - INFO - =======================================================================
2026-01-18 23:29:06 - mkk_pika - database.py:61 - INFO - 表和索引初始化成功
2026-01-18 23:29:06 - mkk_pika - main.py:197 - INFO - 已经累计下载1206本漫画
2026-01-18 23:29:06 - mkk_pika - api.py:87 - INFO - 登录成功
2026-01-18 23:29:07 - mkk_pika - main.py:203 - INFO - 收藏夹共计1本漫画
2026-01-18 23:29:07 - mkk_pika - main.py:206 - INFO - 开始下载收藏夹内未下载内容
2026-01-18 23:29:07 - mkk_pika - main.py:35 - INFO - 开始检查[Artist] BBStaff（AI）是否存在未下载章节
2026-01-18 23:29:07 - mkk_pika - database.py:203 - INFO - 查询数据库中是否已存在伊蕾娜
2026-01-18 23:29:07 - mkk_pika - database.py:203 - INFO - 查询数据库中是否已存在金色暗影
2026-01-18 23:29:07 - mkk_pika - database.py:203 - INFO - 查询数据库中是否已存在惠惠
2026-01-18 23:29:07 - mkk_pika - database.py:203 - INFO - 查询数据库中是否已存在结城美柑
2026-01-18 23:29:07 - mkk_pika - database.py:203 - INFO - 查询数据库中是否已存在贝尔泽古·斯黛莉休·索德·爱丽丝
2026-01-18 23:29:07 - mkk_pika - database.py:203 - INFO - 查询数据库中是否已存在板柳有栖
2026-01-18 23:29:07 - mkk_pika - database.py:203 - INFO - 查询数据库中是否已存在尤菲莉亚·玛泽塔
2026-01-18 23:29:07 - mkk_pika - database.py:203 - INFO - 查询数据库中是否已存在椎名日和
2026-01-18 23:29:07 - mkk_pika - database.py:203 - INFO - 查询数据库中是否已存在高町奈叶
2026-01-18 23:29:07 - mkk_pika - database.py:203 - INFO - 查询数据库中是否已存在星野瑠美衣
2026-01-18 23:29:07 - mkk_pika - database.py:203 - INFO - 查询数据库中是否已存在小柳香穗
2026-01-18 23:29:07 - mkk_pika - database.py:203 - INFO - 查询数据库中是否已存在甘织玲奈子
2026-01-18 23:29:07 - mkk_pika - database.py:203 - INFO - 查询数据库中是否已存在伊地知虹夏
2026-01-18 23:29:07 - mkk_pika - database.py:203 - INFO - 查询数据库中是否已存在芙兰达·塞维伦
2026-01-18 23:29:07 - mkk_pika - database.py:203 - INFO - 查询数据库中是否已存在小美浪爱澄
2026-01-18 23:29:07 - mkk_pika - database.py:203 - INFO - 查询数据库中是否已存在有马加奈
2026-01-18 23:29:07 - mkk_pika - database.py:203 - INFO - 查询数据库中是否已存在白银圭
2026-01-18 23:29:07 - mkk_pika - database.py:203 - INFO - 查询数据库中是否已存在鹿目圆香
2026-01-18 23:29:07 - mkk_pika - database.py:203 - INFO - 查询数据库中是否已存在莉赛萝黛·库雷提雅
2026-01-18 23:29:07 - mkk_pika - database.py:203 - INFO - 查询数据库中是否已存在空银子
2026-01-18 23:29:07 - mkk_pika - database.py:203 - INFO - 查询数据库中是否已存在谷地仁花
2026-01-18 23:29:07 - mkk_pika - main.py:51 - INFO - [Artist] BBStaff（AI）中没有可下载章节
2026-01-18 23:29:07 - mkk_pika - main.py:224 - INFO - ==================== 漫画信息 ====================
                漫画ID：687a1b80ecd86823a404aa48
                标题：[Artist] BBStaff（AI）
                作者：BBStaff
                是否完结：否
                总页数：4149
                分类：全彩,同人,CG雜圖
                章节数：21
                最后更新时间：2026-01-05T15:24:08.585Z
                =================================================
2026-01-18 23:29:07 - mkk_pika - database.py:101 - INFO - 保存成功：[Artist] BBStaff（AI）
2026-01-18 23:29:07 - mkk_pika - util.py:164 - INFO - 目标时间（UTC）：2026-01-05 15:24:08.585000+00:00
2026-01-18 23:29:07 - mkk_pika - util.py:165 - INFO - 当前UTC时间：2026-01-18 23:29:07.826964+00:00
2026-01-18 23:29:07 - mkk_pika - util.py:167 - INFO - 相差：13 天 8 小时 4 分钟
2026-01-18 23:29:07 - mkk_pika - main.py:266 - INFO - 收藏夹内容下载完毕
2026-01-18 23:29:07 - mkk_pika - main.py:268 - INFO - 开始下载订阅内容
2026-01-18 23:29:07 - mkk_pika - database.py:258 - INFO - 根据ID查询到标题：萝莉 -> ロリコン先生が他の生徒に手を出さないように何でも言うことを聞いてくれる幼女シュン&ルミの本 | 为防止萝莉控老师对其他学生肆意伸出魔爪 愿意对老师言听计从的幼女瞬与瑠美的本子
2026-01-18 23:29:08 - mkk_pika - database.py:101 - INFO - 保存成功：ロリコン先生が他の生徒に手を出さないように何でも言うことを聞いてくれる幼女シュン&ルミの本 | 为防止萝莉控老师对其他学生肆意伸出魔爪 愿意对老师言听计从的幼女瞬与瑠美的本子
2026-01-18 23:29:08 - mkk_pika - main.py:273 - INFO - 关键词萝莉找到1本漫画
2026-01-18 23:29:08 - mkk_pika - database.py:258 - INFO - 根据ID查询到标题：蘿莉 -> 催眠家族～催眠術を使って俺は人の家族を自分のモノにした[中国翻译]
2026-01-18 23:29:09 - mkk_pika - database.py:101 - INFO - 保存成功：夏風えもーしょん
2026-01-18 23:29:09 - mkk_pika - main.py:273 - INFO - 关键词蘿莉找到5本漫画
2026-01-18 23:29:09 - mkk_pika - main.py:275 - INFO - 订阅内容共计6本漫画
2026-01-18 23:29:09 - mkk_pika - main.py:35 - INFO - 开始检查[习呆呆] 萝莉·麦丘利是否存在未下载章节
2026-01-18 23:29:09 - mkk_pika - database.py:203 - INFO - 查询数据库中是否已存在第1話
2026-01-18 23:29:09 - mkk_pika - main.py:51 - INFO - [习呆呆] 萝莉·麦丘利中没有可下载章节
2026-01-18 23:29:09 - mkk_pika - main.py:292 - INFO - ==================== 漫画信息 ====================
                                漫画ID：696a658e95468316167bd237
                                标题：[习呆呆] 萝莉·麦丘利
                                作者：習呆呆
                                是否完结：否
                                总页数：29
                                分类：Cosplay
                                章节数：1
                                最后更新时间：2026-01-16T16:21:34.610Z
                                =================================================
2026-01-18 23:29:09 - mkk_pika - database.py:101 - INFO - 保存成功：[习呆呆] 萝莉·麦丘利
2026-01-18 23:29:09 - mkk_pika - main.py:35 - INFO - 开始检查 紐神さまと ひと晩中体液交換 (ダンジョンに出会いを求めるのは間違っているだろうか) [中国翻訳] [DL版]是否存在未下载章节
2026-01-18 23:29:09 - mkk_pika - main.py:45 - INFO - 正在下载:[ 紐神さまと ひと晩中体液交換 (ダンジョンに出会いを求めるのは間違っているだろうか) [中国翻訳] [DL版]]-[エンテレケイア (ちるまくろ)]-[['長篇', '同人']]-[total_pages:-1]
2026-01-18 23:29:09 - mkk_pika - main.py:49 - INFO - [{'_id': '696d18ba5a285f65756b26b5', 'title': '第1話', 'order': 1, 'updated_at': '2026-01-18T08:25:07.929Z', 'id': '696d18ba5a285f65756b26b5'}]
2026-01-18 23:29:09 - mkk_pika - database.py:215 - INFO - 第一次下载该漫画，记录数据库中
2026-01-18 23:29:11 - mkk_pika - main.py:83 - INFO - 找到 90 张图片在:第1話
2026-01-18 23:29:14 - mkk_pika - main.py:112 - INFO - [episode:第1話       ] downloaded:    90, total:  90, progress:100%
2026-01-18 23:29:14 - mkk_pika - database.py:238 - INFO - 数据库更新已下载章节
2026-01-18 23:29:14 - mkk_pika - database.py:244 - INFO - 该漫画已下载章节如下
2026-01-18 23:29:14 - mkk_pika - database.py:245 - INFO - ['第1話']
2026-01-18 23:29:16 - mkk_pika - main.py:292 - INFO - ==================== 漫画信息 ====================
                                漫画ID：696d18ba5a285f65756b26b4
                                标题： 紐神さまと ひと晩中体液交換 (ダンジョンに出会いを求めるのは間違っているだろうか) [中国翻訳] [DL版]
                                作者：エンテレケイア (ちるまくろ)
                                是否完结：是
                                总页数：90
                                分类：長篇,同人
                                章节数：1
                                最后更新时间：2026-01-18T17:30:34.943Z
                                =================================================
2026-01-18 23:29:16 - mkk_pika - database.py:101 - INFO - 保存成功： 紐神さまと ひと晩中体液交換 (ダンジョンに出会いを求めるのは間違っているだろうか) [中国翻訳] [DL版]
2026-01-18 23:29:16 - mkk_pika - main.py:35 - INFO - 开始检查犬じゃないよね  [中国翻訳] [DL版][中国翻译]是否存在未下载章节
2026-01-18 23:29:16 - mkk_pika - main.py:45 - INFO - 正在下载:[犬じゃないよね  [中国翻訳] [DL版][中国翻译]]-[アース小屋]-[['全彩', '短篇']]-[total_pages:-1]
2026-01-18 23:29:16 - mkk_pika - main.py:49 - INFO - [{'_id': '696d179520f721656573540e', 'title': '全彩熟肉', 'order': 1, 'updated_at': '2026-01-17T16:46:31.964Z', 'id': '696d179520f721656573540e'}]
2026-01-18 23:29:16 - mkk_pika - database.py:215 - INFO - 第一次下载该漫画，记录数据库中
2026-01-18 23:29:16 - mkk_pika - main.py:83 - INFO - 找到 24 张图片在:全彩熟肉
2026-01-18 23:29:17 - mkk_pika - main.py:112 - INFO - [episode:全彩熟肉      ] downloaded:    24, total:  24, progress:100%
2026-01-18 23:29:17 - mkk_pika - database.py:238 - INFO - 数据库更新已下载章节
2026-01-18 23:29:17 - mkk_pika - database.py:244 - INFO - 该漫画已下载章节如下
2026-01-18 23:29:17 - mkk_pika - database.py:245 - INFO - ['全彩熟肉']
2026-01-18 23:29:18 - mkk_pika - main.py:292 - INFO - ==================== 漫画信息 ====================
                                漫画ID：696d179520f721656573540d
                                标题：犬じゃないよね  [中国翻訳] [DL版][中国翻译]
                                作者：アース小屋
                                是否完结：是
                                总页数：24
                                分类：全彩,短篇
                                章节数：1
                                最后更新时间：2026-01-18T17:25:41.869Z
                                =================================================
2026-01-18 23:29:18 - mkk_pika - database.py:101 - INFO - 保存成功：犬じゃないよね  [中国翻訳] [DL版][中国翻译]
2026-01-18 23:29:18 - mkk_pika - main.py:35 - INFO - 开始检查(COMIC1☆7)  高級姫ホール (イクシオンサーガDT) [中国翻訳]是否存在未下载章节
2026-01-18 23:29:19 - mkk_pika - main.py:45 - INFO - 正在下载:[(COMIC1☆7)  高級姫ホール (イクシオンサーガDT) [中国翻訳]]-[HellDevice (nalvas)]-[['短篇', '同人', '強暴']]-[total_pages:-1]
2026-01-18 23:29:19 - mkk_pika - main.py:49 - INFO - [{'_id': '696d16c25a285f65756b23df', 'title': '第1話', 'order': 1, 'updated_at': '2026-01-17T15:12:52.754Z', 'id': '696d16c25a285f65756b23df'}]
2026-01-18 23:29:19 - mkk_pika - database.py:215 - INFO - 第一次下载该漫画，记录数据库中
2026-01-18 23:29:19 - mkk_pika - main.py:83 - INFO - 找到 24 张图片在:第1話
2026-01-18 23:29:20 - mkk_pika - main.py:112 - INFO - [episode:第1話       ] downloaded:    24, total:  24, progress:100%
2026-01-18 23:29:20 - mkk_pika - database.py:238 - INFO - 数据库更新已下载章节
2026-01-18 23:29:20 - mkk_pika - database.py:244 - INFO - 该漫画已下载章节如下
2026-01-18 23:29:20 - mkk_pika - database.py:245 - INFO - ['第1話']
2026-01-18 23:29:21 - mkk_pika - main.py:292 - INFO - ==================== 漫画信息 ====================
                                漫画ID：696d16c25a285f65756b23de
                                标题：(COMIC1☆7)  高級姫ホール (イクシオンサーガDT) [中国翻訳]
                                作者：HellDevice (nalvas)
                                是否完结：是
                                总页数：24
                                分类：短篇,同人,強暴
                                章节数：1
                                最后更新时间：2026-01-18T17:22:10.619Z
                                =================================================
2026-01-18 23:29:21 - mkk_pika - database.py:101 - INFO - 保存成功：(COMIC1☆7)  高級姫ホール (イクシオンサーガDT) [中国翻訳]
2026-01-18 23:29:21 - mkk_pika - main.py:35 - INFO - 开始检查 誰モ僕ニ気付カヌ世界 1-4[中国翻訳] [DL版]是否存在未下载章节
2026-01-18 23:29:21 - mkk_pika - main.py:45 - INFO - 正在下载:[ 誰モ僕ニ気付カヌ世界 1-4[中国翻訳] [DL版]]-[くーねりあす (くー)]-[['長篇']]-[total_pages:-1]
2026-01-18 23:29:21 - mkk_pika - main.py:49 - INFO - [{'_id': '624c25cd8cee21459953dafd', 'title': '第1話', 'order': 1, 'updated_at': '2022-04-03T17:44:03.163Z', 'id': '624c25cd8cee21459953dafd'}, {'_id': '624c25cd8cee21459953dafe', 'title': '第2話', 'order': 2, 'updated_at': '2022-04-03T17:44:27.704Z', 'id': '624c25cd8cee21459953dafe'}, {'_id': '624c25cd8cee21459953daff', 'title': '第3話', 'order': 3, 'updated_at': '2022-04-03T17:49:24.541Z', 'id': '624c25cd8cee21459953daff'}, {'_id': '696d165d9693d3658c6773b3', 'title': '第4話', 'order': 4, 'updated_at': '2026-01-17T13:53:21.685Z', 'id': '696d165d9693d3658c6773b3'}]
2026-01-18 23:29:21 - mkk_pika - database.py:215 - INFO - 第一次下载该漫画，记录数据库中
2026-01-18 23:29:22 - mkk_pika - main.py:83 - INFO - 找到 28 张图片在:第1話
2026-01-18 23:29:23 - mkk_pika - main.py:112 - INFO - [episode:第1話       ] downloaded:    28, total:  28, progress:100%
2026-01-18 23:29:23 - mkk_pika - database.py:238 - INFO - 数据库更新已下载章节
2026-01-18 23:29:23 - mkk_pika - database.py:244 - INFO - 该漫画已下载章节如下
2026-01-18 23:29:23 - mkk_pika - database.py:245 - INFO - ['第1話']
2026-01-18 23:29:25 - mkk_pika - main.py:83 - INFO - 找到 31 张图片在:第2話
2026-01-18 23:29:26 - mkk_pika - main.py:112 - INFO - [episode:第2話       ] downloaded:    31, total:  31, progress:100%
2026-01-18 23:29:26 - mkk_pika - database.py:238 - INFO - 数据库更新已下载章节
2026-01-18 23:29:26 - mkk_pika - database.py:244 - INFO - 该漫画已下载章节如下
2026-01-18 23:29:26 - mkk_pika - database.py:245 - INFO - ['第1話', '第2話']
2026-01-18 23:29:28 - mkk_pika - main.py:83 - INFO - 找到 48 张图片在:第3話
2026-01-18 23:29:30 - mkk_pika - main.py:112 - INFO - [episode:第3話       ] downloaded:    48, total:  48, progress:100%
2026-01-18 23:29:30 - mkk_pika - database.py:238 - INFO - 数据库更新已下载章节
2026-01-18 23:29:30 - mkk_pika - database.py:244 - INFO - 该漫画已下载章节如下
2026-01-18 23:29:30 - mkk_pika - database.py:245 - INFO - ['第1話', '第2話', '第3話']
2026-01-18 23:29:31 - mkk_pika - main.py:83 - INFO - 找到 30 张图片在:第4話
2026-01-18 23:29:33 - mkk_pika - main.py:112 - INFO - [episode:第4話       ] downloaded:    30, total:  30, progress:100%
2026-01-18 23:29:33 - mkk_pika - database.py:238 - INFO - 数据库更新已下载章节
2026-01-18 23:29:33 - mkk_pika - database.py:244 - INFO - 该漫画已下载章节如下
2026-01-18 23:29:33 - mkk_pika - database.py:245 - INFO - ['第1話', '第2話', '第3話', '第4話']
2026-01-18 23:29:34 - mkk_pika - main.py:292 - INFO - ==================== 漫画信息 ====================
                                漫画ID：624c25cd8cee21459953dafc
                                标题： 誰モ僕ニ気付カヌ世界 1-4[中国翻訳] [DL版]
                                作者：くーねりあす (くー)
                                是否完结：是
                                总页数：137
                                分类：長篇
                                章节数：4
                                最后更新时间：2026-01-18T17:20:29.473Z
                                =================================================
2026-01-18 23:29:34 - mkk_pika - database.py:101 - INFO - 保存成功： 誰モ僕ニ気付カヌ世界 1-4[中国翻訳] [DL版]
2026-01-18 23:29:34 - mkk_pika - main.py:35 - INFO - 开始检查情報改変ロリコンおじさん1.5 [DL版][中国翻译]是否存在未下载章节
2026-01-18 23:29:34 - mkk_pika - database.py:203 - INFO - 查询数据库中是否已存在第1.5話熟肉
2026-01-18 23:29:34 - mkk_pika - main.py:51 - INFO - 情報改変ロリコンおじさん1.5 [DL版][中国翻译]中没有可下载章节
2026-01-18 23:29:34 - mkk_pika - main.py:292 - INFO - ==================== 漫画信息 ====================
                                漫画ID：696bc717261665637dcceb06
                                标题：情報改変ロリコンおじさん1.5 [DL版][中国翻译]
                                作者：ふたなるん (紅ゆーじ)
                                是否完结：是
                                总页数：22
                                分类：短篇
                                章节数：1
                                最后更新时间：2026-01-17T17:29:59.448Z
                                =================================================
2026-01-18 23:29:34 - mkk_pika - database.py:101 - INFO - 保存成功：情報改変ロリコンおじさん1.5 [DL版][中国翻译]
2026-01-18 23:29:34 - mkk_pika - main.py:323 - INFO - 订阅内容内容下载完毕
2026-01-18 23:29:34 - mkk_pika - main.py:324 - INFO - 开始分批下载全部章节
2026-01-18 23:29:34 - mkk_pika - database.py:280 - INFO - 表和索引初始化成功
2026-01-18 23:29:35 - mkk_pika - main.py:177 - INFO - 已经下载了55页，一共6688页，现在开始添加第56页
2026-01-18 23:29:35 - mkk_pika - database.py:318 - INFO - 保存成功
2026-01-18 23:29:36 - mkk_pika - main.py:177 - INFO - 已经下载了56页，一共6688页，现在开始添加第57页
2026-01-18 23:29:36 - mkk_pika - database.py:318 - INFO - 保存成功
2026-01-18 23:29:36 - mkk_pika - main.py:331 - INFO - 分批下载共计40本漫画
2026-01-18 23:29:36 - mkk_pika - main.py:35 - INFO - 开始检查強気少女が堕ちる時是否存在未下载章节
2026-01-18 23:29:36 - mkk_pika - main.py:45 - INFO - 正在下载:[強気少女が堕ちる時]-[紫恩]-[['同人', 'SM', '長篇']]-[total_pages:222]
2026-01-18 23:29:36 - mkk_pika - main.py:49 - INFO - [{'_id': '58218c545f6b9a4f93e0d8af', 'title': '第1集', 'order': 1, 'updated_at': '2016-11-08T08:27:00.170Z', 'id': '58218c545f6b9a4f93e0d8af'}]
2026-01-18 23:29:36 - mkk_pika - database.py:215 - INFO - 第一次下载该漫画，记录数据库中
2026-01-18 23:29:39 - mkk_pika - main.py:83 - INFO - 找到 222 张图片在:第1集
2026-01-18 23:29:53 - mkk_pika - main.py:112 - INFO - [episode:第1集       ] downloaded:   222, total: 222, progress:100%
2026-01-18 23:29:53 - mkk_pika - database.py:238 - INFO - 数据库更新已下载章节
2026-01-18 23:29:53 - mkk_pika - database.py:244 - INFO - 该漫画已下载章节如下
2026-01-18 23:29:53 - mkk_pika - database.py:245 - INFO - ['第1集']
2026-01-18 23:29:54 - mkk_pika - main.py:348 - INFO - ==================== 漫画信息 ====================
                                   漫画ID：58218c535f6b9a4f93e0d8ad
                                   标题：強気少女が堕ちる時
                                   作者：紫恩
                                   是否完结：是
                                   总页数：222
                                   分类：同人,SM,長篇
                                   章节数：1
                                   最后更新时间：2008-04-07T00:47:23.000Z
                                   =================================================
2026-01-18 23:29:54 - mkk_pika - database.py:101 - INFO - 保存成功：強気少女が堕ちる時
2026-01-18 23:29:54 - mkk_pika - main.py:35 - INFO - 开始检查メガネのよしみR(偽戀)是否存在未下载章节
2026-01-18 23:29:55 - mkk_pika - main.py:45 - INFO - 正在下载:[メガネのよしみR(偽戀)]-[たくみな無知(たくみなむち)]-[['同人', '短篇', '純愛']]-[total_pages:34]
2026-01-18 23:29:55 - mkk_pika - main.py:49 - INFO - [{'_id': '58218c565f6b9a4f93e0dc13', 'title': '第1集', 'order': 1, 'updated_at': '2016-11-08T08:27:02.342Z', 'id': '58218c565f6b9a4f93e0dc13'}]
2026-01-18 23:29:55 - mkk_pika - database.py:215 - INFO - 第一次下载该漫画，记录数据库中
2026-01-18 23:29:55 - mkk_pika - main.py:83 - INFO - 找到 34 张图片在:第1集
2026-01-18 23:29:57 - mkk_pika - main.py:112 - INFO - [episode:第1集       ] downloaded:    34, total:  34, progress:100%
2026-01-18 23:29:57 - mkk_pika - database.py:238 - INFO - 数据库更新已下载章节
2026-01-18 23:29:57 - mkk_pika - database.py:244 - INFO - 该漫画已下载章节如下
2026-01-18 23:29:57 - mkk_pika - database.py:245 - INFO - ['第1集']
2026-01-18 23:29:59 - mkk_pika - main.py:348 - INFO - ==================== 漫画信息 ====================
                                   漫画ID：58218c555f6b9a4f93e0dc11
                                   标题：メガネのよしみR(偽戀)
                                   作者：たくみな無知(たくみなむち)
                                   是否完结：是
                                   总页数：34
                                   分类：同人,短篇,純愛
                                   章节数：1
                                   最后更新时间：2008-04-07T20:47:23.000Z
                                   =================================================
2026-01-18 23:29:59 - mkk_pika - database.py:101 - INFO - 保存成功：メガネのよしみR(偽戀)
2026-01-18 23:29:59 - mkk_pika - main.py:35 - INFO - 开始检查満タンこぼれぎみ是否存在未下载章节
2026-01-18 23:29:59 - mkk_pika - main.py:45 - INFO - 正在下载:[満タンこぼれぎみ]-[ミル・フィーユ]-[['人妻', '長篇']]-[total_pages:204]
2026-01-18 23:29:59 - mkk_pika - main.py:49 - INFO - [{'_id': '58218c575f6b9a4f93e0dc5b', 'title': '第1集', 'order': 1, 'updated_at': '2016-11-08T08:27:03.007Z', 'id': '58218c575f6b9a4f93e0dc5b'}]
2026-01-18 23:29:59 - mkk_pika - database.py:215 - INFO - 第一次下载该漫画，记录数据库中
2026-01-18 23:30:01 - mkk_pika - main.py:83 - INFO - 找到 204 张图片在:第1集
2026-01-18 23:30:14 - mkk_pika - main.py:112 - INFO - [episode:第1集       ] downloaded:   204, total: 204, progress:100%
2026-01-18 23:30:14 - mkk_pika - database.py:238 - INFO - 数据库更新已下载章节
2026-01-18 23:30:14 - mkk_pika - database.py:244 - INFO - 该漫画已下载章节如下
2026-01-18 23:30:14 - mkk_pika - database.py:245 - INFO - ['第1集']
2026-01-18 23:30:15 - mkk_pika - main.py:348 - INFO - ==================== 漫画信息 ====================
                                   漫画ID：58218c565f6b9a4f93e0dc59
                                   标题：満タンこぼれぎみ
                                   作者：ミル・フィーユ
                                   是否完结：是
                                   总页数：204
                                   分类：人妻,長篇
                                   章节数：1
                                   最后更新时间：2008-04-08T06:47:23.000Z
                                   =================================================
2026-01-18 23:30:15 - mkk_pika - database.py:101 - INFO - 保存成功：満タンこぼれぎみ
2026-01-18 23:30:15 - mkk_pika - main.py:35 - INFO - 开始检查とらいあんぐるH是否存在未下载章节
2026-01-18 23:30:15 - mkk_pika - main.py:45 - INFO - 正在下载:[とらいあんぐるH]-[武内一真]-[['長篇', '後宮閃光', '純愛']]-[total_pages:203]
2026-01-18 23:30:15 - mkk_pika - main.py:49 - INFO - [{'_id': '58218c585f6b9a4f93e0ddf7', 'title': '第1集', 'order': 1, 'updated_at': '2016-11-08T08:27:04.375Z', 'id': '58218c585f6b9a4f93e0ddf7'}]
2026-01-18 23:30:15 - mkk_pika - database.py:215 - INFO - 第一次下载该漫画，记录数据库中
2026-01-18 23:30:17 - mkk_pika - main.py:83 - INFO - 找到 203 张图片在:第1集
2026-01-18 23:30:29 - mkk_pika - main.py:112 - INFO - [episode:第1集       ] downloaded:   203, total: 203, progress:100%
2026-01-18 23:30:29 - mkk_pika - database.py:238 - INFO - 数据库更新已下载章节
2026-01-18 23:30:29 - mkk_pika - database.py:244 - INFO - 该漫画已下载章节如下
2026-01-18 23:30:29 - mkk_pika - database.py:245 - INFO - ['第1集']
2026-01-18 23:30:30 - mkk_pika - main.py:348 - INFO - ==================== 漫画信息 ====================
                                   漫画ID：58218c575f6b9a4f93e0ddf5
                                   标题：とらいあんぐるH
                                   作者：武内一真
                                   是否完结：是
                                   总页数：203
                                   分类：長篇,後宮閃光,純愛
                                   章节数：1
                                   最后更新时间：2008-04-08T16:47:23.000Z
                                   =================================================
2026-01-18 23:30:30 - mkk_pika - database.py:101 - INFO - 保存成功：とらいあんぐるH
2026-01-18 23:30:30 - mkk_pika - main.py:35 - INFO - 开始检查えるとえっち(Comic Anthurium 025)是否存在未下载章节
2026-01-18 23:30:31 - mkk_pika - main.py:45 - INFO - 正在下载:[えるとえっち(Comic Anthurium 025)]-[きくらげ]-[['短篇', '妹妹系', '純愛']]-[total_pages:27]
2026-01-18 23:30:31 - mkk_pika - main.py:49 - INFO - [{'_id': '58218c5b5f6b9a4f93e0e151', 'title': '第1集', 'order': 1, 'updated_at': '2016-11-08T08:27:07.245Z', 'id': '58218c5b5f6b9a4f93e0e151'}]
2026-01-18 23:30:31 - mkk_pika - database.py:215 - INFO - 第一次下载该漫画，记录数据库中
2026-01-18 23:30:31 - mkk_pika - main.py:83 - INFO - 找到 27 张图片在:第1集
2026-01-18 23:30:33 - mkk_pika - main.py:112 - INFO - [episode:第1集       ] downloaded:    27, total:  27, progress:100%
2026-01-18 23:30:33 - mkk_pika - database.py:238 - INFO - 数据库更新已下载章节
2026-01-18 23:30:33 - mkk_pika - database.py:244 - INFO - 该漫画已下载章节如下
2026-01-18 23:30:33 - mkk_pika - database.py:245 - INFO - ['第1集']
2026-01-18 23:30:35 - mkk_pika - main.py:348 - INFO - ==================== 漫画信息 ====================
                                   漫画ID：58218c5a5f6b9a4f93e0e14f
                                   标题：えるとえっち(Comic Anthurium 025)
                                   作者：きくらげ
                                   是否完结：是
                                   总页数：27
                                   分类：短篇,妹妹系,純愛
                                   章节数：1
                                   最后更新时间：2008-04-09T12:47:23.000Z
                                   =================================================
2026-01-18 23:30:35 - mkk_pika - database.py:101 - INFO - 保存成功：えるとえっち(Comic Anthurium 025)
2026-01-18 23:30:35 - mkk_pika - main.py:35 - INFO - 开始检查GIRLA NEXT DOOR是否存在未下载章节
2026-01-18 23:30:35 - mkk_pika - main.py:45 - INFO - 正在下载:[GIRLA NEXT DOOR]-[A-10]-[['人妻', '長篇', '姐姐系', '純愛']]-[total_pages:211]
2026-01-18 23:30:35 - mkk_pika - main.py:49 - INFO - [{'_id': '58218c5b5f6b9a4f93e0e18b', 'title': '第1集', 'order': 1, 'updated_at': '2016-11-08T08:27:07.876Z', 'id': '58218c5b5f6b9a4f93e0e18b'}]
2026-01-18 23:30:35 - mkk_pika - database.py:215 - INFO - 第一次下载该漫画，记录数据库中
2026-01-18 23:30:37 - mkk_pika - main.py:83 - INFO - 找到 211 张图片在:第1集
2026-01-18 23:30:50 - mkk_pika - main.py:112 - INFO - [episode:第1集       ] downloaded:   211, total: 211, progress:100%
2026-01-18 23:30:50 - mkk_pika - database.py:238 - INFO - 数据库更新已下载章节
2026-01-18 23:30:50 - mkk_pika - database.py:244 - INFO - 该漫画已下载章节如下
2026-01-18 23:30:50 - mkk_pika - database.py:245 - INFO - ['第1集']
2026-01-18 23:30:51 - mkk_pika - main.py:348 - INFO - ==================== 漫画信息 ====================
                                   漫画ID：58218c5b5f6b9a4f93e0e189
                                   标题：GIRLA NEXT DOOR
                                   作者：A-10
                                   是否完结：是
                                   总页数：211
                                   分类：人妻,長篇,姐姐系,純愛
                                   章节数：1
                                   最后更新时间：2008-04-09T22:47:23.000Z
                                   =================================================
2026-01-18 23:30:51 - mkk_pika - database.py:101 - INFO - 保存成功：GIRLA NEXT DOOR
2026-01-18 23:30:51 - mkk_pika - main.py:35 - INFO - 开始检查発情ヤリすぎ これくしょん是否存在未下载章节
2026-01-18 23:30:52 - mkk_pika - main.py:45 - INFO - 正在下载:[発情ヤリすぎ これくしょん]-[Lapis Lazuli]-[['長篇', '純愛']]-[total_pages:218]
2026-01-18 23:30:52 - mkk_pika - main.py:49 - INFO - [{'_id': '58218c5c5f6b9a4f93e0e335', 'title': '第1集', 'order': 1, 'updated_at': '2016-11-08T08:27:08.910Z', 'id': '58218c5c5f6b9a4f93e0e335'}]
2026-01-18 23:30:52 - mkk_pika - database.py:215 - INFO - 第一次下载该漫画，记录数据库中
2026-01-18 23:30:54 - mkk_pika - main.py:83 - INFO - 找到 218 张图片在:第1集
2026-01-18 23:31:08 - mkk_pika - main.py:112 - INFO - [episode:第1集       ] downloaded:   218, total: 218, progress:100%
2026-01-18 23:31:08 - mkk_pika - database.py:238 - INFO - 数据库更新已下载章节
2026-01-18 23:31:08 - mkk_pika - database.py:244 - INFO - 该漫画已下载章节如下
2026-01-18 23:31:08 - mkk_pika - database.py:245 - INFO - ['第1集']
2026-01-18 23:31:09 - mkk_pika - main.py:348 - INFO - ==================== 漫画信息 ====================
                                   漫画ID：58218c5c5f6b9a4f93e0e333
                                   标题：発情ヤリすぎ これくしょん
                                   作者：Lapis Lazuli
                                   是否完结：是
                                   总页数：218
                                   分类：長篇,純愛
                                   章节数：1
                                   最后更新时间：2008-04-10T08:47:23.000Z
                                   =================================================
2026-01-18 23:31:09 - mkk_pika - database.py:101 - INFO - 保存成功：発情ヤリすぎ これくしょん
2026-01-18 23:31:09 - mkk_pika - main.py:35 - INFO - 开始检查Petit-ろいど3 Vol.1是否存在未下载章节
2026-01-18 23:31:10 - mkk_pika - main.py:45 - INFO - 正在下载:[Petit-ろいど3 Vol.1]-[幸田朋弘]-[['長篇', '後宮閃光', '非人類', '妹妹系']]-[total_pages:172]
2026-01-18 23:31:10 - mkk_pika - main.py:49 - INFO - [{'_id': '58218c5d5f6b9a4f93e0e4ed', 'title': '第1集', 'order': 1, 'updated_at': '2016-11-08T08:27:09.674Z', 'id': '58218c5d5f6b9a4f93e0e4ed'}]
2026-01-18 23:31:10 - mkk_pika - database.py:215 - INFO - 第一次下载该漫画，记录数据库中
2026-01-18 23:31:11 - mkk_pika - main.py:83 - INFO - 找到 172 张图片在:第1集
2026-01-18 23:31:22 - mkk_pika - main.py:112 - INFO - [episode:第1集       ] downloaded:   172, total: 172, progress:100%
2026-01-18 23:31:22 - mkk_pika - database.py:238 - INFO - 数据库更新已下载章节
2026-01-18 23:31:22 - mkk_pika - database.py:244 - INFO - 该漫画已下载章节如下
2026-01-18 23:31:22 - mkk_pika - database.py:245 - INFO - ['第1集']
2026-01-18 23:31:23 - mkk_pika - main.py:348 - INFO - ==================== 漫画信息 ====================
                                   漫画ID：58218c5d5f6b9a4f93e0e4eb
                                   标题：Petit-ろいど3 Vol.1
                                   作者：幸田朋弘
                                   是否完结：是
                                   总页数：172
                                   分类：長篇,後宮閃光,非人類,妹妹系
                                   章节数：1
                                   最后更新时间：2008-04-10T18:47:23.000Z
                                   =================================================
2026-01-18 23:31:23 - mkk_pika - database.py:101 - INFO - 保存成功：Petit-ろいど3 Vol.1
2026-01-18 23:31:23 - mkk_pika - main.py:35 - INFO - 开始检查Petit-ろいど3 Vol.2是否存在未下载章节
2026-01-18 23:31:23 - mkk_pika - main.py:45 - INFO - 正在下载:[Petit-ろいど3 Vol.2]-[幸田朋弘]]-[['長篇', '後宮閃光', '非人類', '純愛']]-[total_pages:167]
2026-01-18 23:31:23 - mkk_pika - main.py:49 - INFO - [{'_id': '58218c5e5f6b9a4f93e0e649', 'title': '第1集', 'order': 1, 'updated_at': '2016-11-08T08:27:10.568Z', 'id': '58218c5e5f6b9a4f93e0e649'}]
2026-01-18 23:31:23 - mkk_pika - database.py:215 - INFO - 第一次下载该漫画，记录数据库中
2026-01-18 23:31:25 - mkk_pika - main.py:83 - INFO - 找到 167 张图片在:第1集
2026-01-18 23:31:35 - mkk_pika - main.py:112 - INFO - [episode:第1集       ] downloaded:   167, total: 167, progress:100%
2026-01-18 23:31:35 - mkk_pika - database.py:238 - INFO - 数据库更新已下载章节
2026-01-18 23:31:35 - mkk_pika - database.py:244 - INFO - 该漫画已下载章节如下
2026-01-18 23:31:35 - mkk_pika - database.py:245 - INFO - ['第1集']
2026-01-18 23:31:37 - mkk_pika - main.py:348 - INFO - ==================== 漫画信息 ====================
                                   漫画ID：58218c5e5f6b9a4f93e0e647
                                   标题：Petit-ろいど3 Vol.2
                                   作者：幸田朋弘]
                                   是否完结：是
                                   总页数：167
                                   分类：長篇,後宮閃光,非人類,純愛
                                   章节数：1
                                   最后更新时间：2008-04-11T04:47:23.000Z
                                   =================================================
2026-01-18 23:31:37 - mkk_pika - database.py:101 - INFO - 保存成功：Petit-ろいど3 Vol.2
2026-01-18 23:31:37 - mkk_pika - main.py:35 - INFO - 开始检查Petit-ろいど3 Vol.3是否存在未下载章节
2026-01-18 23:31:37 - mkk_pika - main.py:45 - INFO - 正在下载:[Petit-ろいど3 Vol.3]-[幸田朋弘]-[['長篇', '後宮閃光', '非人類', '純愛']]-[total_pages:186]
2026-01-18 23:31:37 - mkk_pika - main.py:49 - INFO - [{'_id': '58218c5f5f6b9a4f93e0e79b', 'title': '第1集', 'order': 1, 'updated_at': '2016-11-08T08:27:12.001Z', 'id': '58218c5f5f6b9a4f93e0e79b'}]
2026-01-18 23:31:37 - mkk_pika - database.py:215 - INFO - 第一次下载该漫画，记录数据库中
2026-01-18 23:31:38 - mkk_pika - main.py:83 - INFO - 找到 186 张图片在:第1集
2026-01-18 23:31:49 - mkk_pika - main.py:112 - INFO - [episode:第1集       ] downloaded:   186, total: 186, progress:100%
2026-01-18 23:31:49 - mkk_pika - database.py:238 - INFO - 数据库更新已下载章节
2026-01-18 23:31:49 - mkk_pika - database.py:244 - INFO - 该漫画已下载章节如下
2026-01-18 23:31:49 - mkk_pika - database.py:245 - INFO - ['第1集']
2026-01-18 23:31:51 - mkk_pika - main.py:348 - INFO - ==================== 漫画信息 ====================
                                   漫画ID：58218c5f5f6b9a4f93e0e799
                                   标题：Petit-ろいど3 Vol.3
                                   作者：幸田朋弘
                                   是否完结：是
                                   总页数：186
                                   分类：長篇,後宮閃光,非人類,純愛
                                   章节数：1
                                   最后更新时间：2008-04-11T14:47:23.000Z
                                   =================================================
2026-01-18 23:31:51 - mkk_pika - database.py:101 - INFO - 保存成功：Petit-ろいど3 Vol.3
2026-01-18 23:31:51 - mkk_pika - main.py:35 - INFO - 开始检查月刊魔女結月さま(月刊少女野琦君)是否存在未下载章节
2026-01-18 23:31:51 - mkk_pika - main.py:45 - INFO - 正在下载:[月刊魔女結月さま(月刊少女野琦君)]-[XOXOメロン(おぅ, ぺけ)]-[['同人', '短篇', '純愛']]-[total_pages:20]
2026-01-18 23:31:51 - mkk_pika - main.py:49 - INFO - [{'_id': '58218c625f6b9a4f93e0eacf', 'title': '第1集', 'order': 1, 'updated_at': '2016-11-08T08:27:14.736Z', 'id': '58218c625f6b9a4f93e0eacf'}]
2026-01-18 23:31:51 - mkk_pika - database.py:215 - INFO - 第一次下载该漫画，记录数据库中
2026-01-18 23:31:51 - mkk_pika - main.py:83 - INFO - 找到 20 张图片在:第1集
2026-01-18 23:31:53 - mkk_pika - main.py:112 - INFO - [episode:第1集       ] downloaded:    20, total:  20, progress:100%
2026-01-18 23:31:53 - mkk_pika - database.py:238 - INFO - 数据库更新已下载章节
2026-01-18 23:31:53 - mkk_pika - database.py:244 - INFO - 该漫画已下载章节如下
2026-01-18 23:31:53 - mkk_pika - database.py:245 - INFO - ['第1集']
2026-01-18 23:31:54 - mkk_pika - main.py:348 - INFO - ==================== 漫画信息 ====================
                                   漫画ID：58218c625f6b9a4f93e0eacd
                                   标题：月刊魔女結月さま(月刊少女野琦君)
                                   作者：XOXOメロン(おぅ, ぺけ)
                                   是否完结：是
                                   总页数：20
                                   分类：同人,短篇,純愛
                                   章节数：1
                                   最后更新时间：2008-04-12T10:47:23.000Z
                                   =================================================
2026-01-18 23:31:54 - mkk_pika - database.py:101 - INFO - 保存成功：月刊魔女結月さま(月刊少女野琦君)
2026-01-18 23:31:54 - mkk_pika - main.py:35 - INFO - 开始检查Honey Honey是否存在未下载章节
2026-01-18 23:31:54 - mkk_pika - main.py:45 - INFO - 正在下载:[Honey Honey]-[あめ のち ゆき (あめとゆき)]-[['同人', '短篇']]-[total_pages:26]
2026-01-18 23:31:54 - mkk_pika - main.py:49 - INFO - [{'_id': '58218c635f6b9a4f93e0eafb', 'title': '第1集', 'order': 1, 'updated_at': '2016-11-08T08:27:15.062Z', 'id': '58218c635f6b9a4f93e0eafb'}]
2026-01-18 23:31:54 - mkk_pika - database.py:215 - INFO - 第一次下载该漫画，记录数据库中
2026-01-18 23:31:55 - mkk_pika - main.py:83 - INFO - 找到 26 张图片在:第1集
2026-01-18 23:31:57 - mkk_pika - main.py:112 - INFO - [episode:第1集       ] downloaded:    26, total:  26, progress:100%
2026-01-18 23:31:57 - mkk_pika - database.py:238 - INFO - 数据库更新已下载章节
2026-01-18 23:31:57 - mkk_pika - database.py:244 - INFO - 该漫画已下载章节如下
2026-01-18 23:31:57 - mkk_pika - database.py:245 - INFO - ['第1集']
2026-01-18 23:31:58 - mkk_pika - main.py:348 - INFO - ==================== 漫画信息 ====================
                                   漫画ID：58218c625f6b9a4f93e0eaf9
                                   标题：Honey Honey
                                   作者：あめ のち ゆき (あめとゆき)
                                   是否完结：是
                                   总页数：26
                                   分类：同人,短篇
                                   章节数：1
                                   最后更新时间：2008-04-12T20:47:23.000Z
                                   =================================================
2026-01-18 23:31:58 - mkk_pika - database.py:101 - INFO - 保存成功：Honey Honey
2026-01-18 23:31:58 - mkk_pika - main.py:35 - INFO - 开始检查Vanilla Pocket是否存在未下载章节
2026-01-18 23:31:58 - mkk_pika - main.py:45 - INFO - 正在下载:[Vanilla Pocket]-[emily]-[['短篇']]-[total_pages:20]
2026-01-18 23:31:58 - mkk_pika - main.py:49 - INFO - [{'_id': '58218c635f6b9a4f93e0eb33', 'title': '第1集', 'order': 1, 'updated_at': '2016-11-08T08:27:15.511Z', 'id': '58218c635f6b9a4f93e0eb33'}]
2026-01-18 23:31:58 - mkk_pika - database.py:215 - INFO - 第一次下载该漫画，记录数据库中
2026-01-18 23:31:59 - mkk_pika - main.py:83 - INFO - 找到 20 张图片在:第1集
2026-01-18 23:32:00 - mkk_pika - main.py:112 - INFO - [episode:第1集       ] downloaded:    20, total:  20, progress:100%
2026-01-18 23:32:00 - mkk_pika - database.py:238 - INFO - 数据库更新已下载章节
2026-01-18 23:32:00 - mkk_pika - database.py:244 - INFO - 该漫画已下载章节如下
2026-01-18 23:32:00 - mkk_pika - database.py:245 - INFO - ['第1集']
2026-01-18 23:32:01 - mkk_pika - main.py:348 - INFO - ==================== 漫画信息 ====================
                                   漫画ID：58218c635f6b9a4f93e0eb31
                                   标题：Vanilla Pocket
                                   作者：emily
                                   是否完结：是
                                   总页数：20
                                   分类：短篇
                                   章节数：1
                                   最后更新时间：2008-04-13T06:47:23.000Z
                                   =================================================
2026-01-18 23:32:01 - mkk_pika - database.py:101 - INFO - 保存成功：Vanilla Pocket
2026-01-18 23:32:01 - mkk_pika - main.py:35 - INFO - 开始检查くいしんぼ♥ゆゆぱい是否存在未下载章节
2026-01-18 23:32:02 - mkk_pika - main.py:45 - INFO - 正在下载:[くいしんぼ♥ゆゆぱい]-[しぐにゃん]-[['同人', '短篇', '全彩', '東方']]-[total_pages:10]
2026-01-18 23:32:02 - mkk_pika - main.py:49 - INFO - [{'_id': '58218c645f6b9a4f93e0eb5f', 'title': '第1集', 'order': 1, 'updated_at': '2016-11-08T08:27:16.141Z', 'id': '58218c645f6b9a4f93e0eb5f'}]
2026-01-18 23:32:02 - mkk_pika - database.py:215 - INFO - 第一次下载该漫画，记录数据库中
2026-01-18 23:32:02 - mkk_pika - main.py:83 - INFO - 找到 10 张图片在:第1集
2026-01-18 23:32:03 - mkk_pika - main.py:112 - INFO - [episode:第1集       ] downloaded:    10, total:  10, progress:100%
2026-01-18 23:32:03 - mkk_pika - database.py:238 - INFO - 数据库更新已下载章节
2026-01-18 23:32:03 - mkk_pika - database.py:244 - INFO - 该漫画已下载章节如下
2026-01-18 23:32:03 - mkk_pika - database.py:245 - INFO - ['第1集']
2026-01-18 23:32:04 - mkk_pika - main.py:348 - INFO - ==================== 漫画信息 ====================
                                   漫画ID：58218c635f6b9a4f93e0eb5d
                                   标题：くいしんぼ♥ゆゆぱい
                                   作者：しぐにゃん
                                   是否完结：是
                                   总页数：10
                                   分类：同人,短篇,全彩,東方
                                   章节数：1
                                   最后更新时间：2008-04-13T16:47:23.000Z
                                   =================================================
2026-01-18 23:32:04 - mkk_pika - database.py:101 - INFO - 保存成功：くいしんぼ♥ゆゆぱい
2026-01-18 23:32:04 - mkk_pika - main.py:35 - INFO - 开始检查ラブラブレッスンにゃん是否存在未下载章节
2026-01-18 23:32:04 - mkk_pika - main.py:45 - INFO - 正在下载:[ラブラブレッスンにゃん]-[Brown sugar (宮阪なこ)]-[['短篇', '全彩']]-[total_pages:14]
2026-01-18 23:32:04 - mkk_pika - main.py:49 - INFO - [{'_id': '58218c645f6b9a4f93e0eb77', 'title': '第1集', 'order': 1, 'updated_at': '2016-11-08T08:27:16.690Z', 'id': '58218c645f6b9a4f93e0eb77'}]
2026-01-18 23:32:04 - mkk_pika - database.py:215 - INFO - 第一次下载该漫画，记录数据库中
2026-01-18 23:32:05 - mkk_pika - main.py:83 - INFO - 找到 14 张图片在:第1集
2026-01-18 23:32:06 - mkk_pika - main.py:112 - INFO - [episode:第1集       ] downloaded:    14, total:  14, progress:100%
2026-01-18 23:32:06 - mkk_pika - database.py:238 - INFO - 数据库更新已下载章节
2026-01-18 23:32:06 - mkk_pika - database.py:244 - INFO - 该漫画已下载章节如下
2026-01-18 23:32:06 - mkk_pika - database.py:245 - INFO - ['第1集']
2026-01-18 23:32:07 - mkk_pika - main.py:348 - INFO - ==================== 漫画信息 ====================
                                   漫画ID：58218c645f6b9a4f93e0eb75
                                   标题：ラブラブレッスンにゃん
                                   作者：Brown sugar (宮阪なこ)
                                   是否完结：是
                                   总页数：14
                                   分类：短篇,全彩
                                   章节数：1
                                   最后更新时间：2008-04-14T02:47:23.000Z
                                   =================================================
2026-01-18 23:32:07 - mkk_pika - database.py:101 - INFO - 保存成功：ラブラブレッスンにゃん
2026-01-18 23:32:07 - mkk_pika - main.py:35 - INFO - 开始检查山城さんが指令室で扶桑姉様を待つ理由是否存在未下载章节
2026-01-18 23:32:08 - mkk_pika - main.py:45 - INFO - 正在下载:[山城さんが指令室で扶桑姉様を待つ理由]-[PUMPERNICKEL (すみすず)]-[['同人', '短篇', '艦隊收藏']]-[total_pages:22]
2026-01-18 23:32:08 - mkk_pika - main.py:49 - INFO - [{'_id': '58218c655f6b9a4f93e0eb97', 'title': '第1集', 'order': 1, 'updated_at': '2016-11-08T08:27:17.027Z', 'id': '58218c655f6b9a4f93e0eb97'}]
2026-01-18 23:32:08 - mkk_pika - database.py:215 - INFO - 第一次下载该漫画，记录数据库中
2026-01-18 23:32:08 - mkk_pika - main.py:83 - INFO - 找到 22 张图片在:第1集
2026-01-18 23:32:10 - mkk_pika - main.py:112 - INFO - [episode:第1集       ] downloaded:    22, total:  22, progress:100%
2026-01-18 23:32:10 - mkk_pika - database.py:238 - INFO - 数据库更新已下载章节
2026-01-18 23:32:10 - mkk_pika - database.py:244 - INFO - 该漫画已下载章节如下
2026-01-18 23:32:10 - mkk_pika - database.py:245 - INFO - ['第1集']
2026-01-18 23:32:11 - mkk_pika - main.py:348 - INFO - ==================== 漫画信息 ====================
                                   漫画ID：58218c645f6b9a4f93e0eb95
                                   标题：山城さんが指令室で扶桑姉様を待つ理由
                                   作者：PUMPERNICKEL (すみすず)
                                   是否完结：是
                                   总页数：22
                                   分类：同人,短篇,艦隊收藏
                                   章节数：1
                                   最后更新时间：2008-04-14T12:47:23.000Z
                                   =================================================
2026-01-18 23:32:11 - mkk_pika - database.py:101 - INFO - 保存成功：山城さんが指令室で扶桑姉様を待つ理由
2026-01-18 23:32:11 - mkk_pika - main.py:35 - INFO - 开始检查罰ゲームはネコ耳でした☆是否存在未下载章节
2026-01-18 23:32:11 - mkk_pika - main.py:45 - INFO - 正在下载:[罰ゲームはネコ耳でした☆]-[Brown sugar (宮阪なこ)]-[['短篇', '全彩']]-[total_pages:11]
2026-01-18 23:32:11 - mkk_pika - main.py:49 - INFO - [{'_id': '58218c655f6b9a4f93e0ebc7', 'title': '第1集', 'order': 1, 'updated_at': '2016-11-08T08:27:17.401Z', 'id': '58218c655f6b9a4f93e0ebc7'}]
2026-01-18 23:32:11 - mkk_pika - database.py:215 - INFO - 第一次下载该漫画，记录数据库中
2026-01-18 23:32:12 - mkk_pika - main.py:83 - INFO - 找到 11 张图片在:第1集
2026-01-18 23:32:12 - mkk_pika - main.py:112 - INFO - [episode:第1集       ] downloaded:    11, total:  11, progress:100%
2026-01-18 23:32:12 - mkk_pika - database.py:238 - INFO - 数据库更新已下载章节
2026-01-18 23:32:12 - mkk_pika - database.py:244 - INFO - 该漫画已下载章节如下
2026-01-18 23:32:12 - mkk_pika - database.py:245 - INFO - ['第1集']
2026-01-18 23:32:14 - mkk_pika - main.py:348 - INFO - ==================== 漫画信息 ====================
                                   漫画ID：58218c655f6b9a4f93e0ebc5
                                   标题：罰ゲームはネコ耳でした☆
                                   作者：Brown sugar (宮阪なこ)
                                   是否完结：是
                                   总页数：11
                                   分类：短篇,全彩
                                   章节数：1
                                   最后更新时间：2008-04-14T22:47:23.000Z
                                   =================================================
2026-01-18 23:32:14 - mkk_pika - database.py:101 - INFO - 保存成功：罰ゲームはネコ耳でした☆
2026-01-18 23:32:14 - mkk_pika - main.py:35 - INFO - 开始检查醒める前に是否存在未下载章节
2026-01-18 23:32:14 - mkk_pika - main.py:45 - INFO - 正在下载:[醒める前に]-[ねこのこね (タケユウ)]-[['同人', '短篇', '艦隊收藏']]-[total_pages:23]
2026-01-18 23:32:14 - mkk_pika - main.py:49 - INFO - [{'_id': '58218c655f6b9a4f93e0ebe1', 'title': '第1集', 'order': 1, 'updated_at': '2016-11-08T08:27:17.708Z', 'id': '58218c655f6b9a4f93e0ebe1'}]
2026-01-18 23:32:14 - mkk_pika - database.py:215 - INFO - 第一次下载该漫画，记录数据库中
2026-01-18 23:32:15 - mkk_pika - main.py:83 - INFO - 找到 23 张图片在:第1集
2026-01-18 23:32:16 - mkk_pika - main.py:112 - INFO - [episode:第1集       ] downloaded:    23, total:  23, progress:100%
2026-01-18 23:32:16 - mkk_pika - database.py:238 - INFO - 数据库更新已下载章节
2026-01-18 23:32:16 - mkk_pika - database.py:244 - INFO - 该漫画已下载章节如下
2026-01-18 23:32:16 - mkk_pika - database.py:245 - INFO - ['第1集']
2026-01-18 23:32:17 - mkk_pika - main.py:348 - INFO - ==================== 漫画信息 ====================
                                   漫画ID：58218c655f6b9a4f93e0ebdf
                                   标题：醒める前に
                                   作者：ねこのこね (タケユウ)
                                   是否完结：是
                                   总页数：23
                                   分类：同人,短篇,艦隊收藏
                                   章节数：1
                                   最后更新时间：2008-04-15T08:47:23.000Z
                                   =================================================
2026-01-18 23:32:17 - mkk_pika - database.py:101 - INFO - 保存成功：醒める前に
2026-01-18 23:32:17 - mkk_pika - main.py:35 - INFO - 开始检查ボーイ・ミーツ・ハーレム是否存在未下载章节
2026-01-18 23:32:18 - mkk_pika - main.py:45 - INFO - 正在下载:[ボーイ・ミーツ・ハーレム]-[立花オミナ]-[['同人', 'SM', '長篇', '姐姐系', '純愛']]-[total_pages:201]
2026-01-18 23:32:18 - mkk_pika - main.py:49 - INFO - [{'_id': '58218c665f6b9a4f93e0ec13', 'title': '第1集', 'order': 1, 'updated_at': '2016-11-08T08:27:18.298Z', 'id': '58218c665f6b9a4f93e0ec13'}]
2026-01-18 23:32:18 - mkk_pika - database.py:215 - INFO - 第一次下载该漫画，记录数据库中
2026-01-18 23:32:20 - mkk_pika - main.py:83 - INFO - 找到 201 张图片在:第1集
2026-01-18 23:32:31 - mkk_pika - main.py:112 - INFO - [episode:第1集       ] downloaded:   201, total: 201, progress:100%
2026-01-18 23:32:31 - mkk_pika - database.py:238 - INFO - 数据库更新已下载章节
2026-01-18 23:32:31 - mkk_pika - database.py:244 - INFO - 该漫画已下载章节如下
2026-01-18 23:32:31 - mkk_pika - database.py:245 - INFO - ['第1集']
2026-01-18 23:32:32 - mkk_pika - main.py:348 - INFO - ==================== 漫画信息 ====================
                                   漫画ID：58218c655f6b9a4f93e0ec11
                                   标题：ボーイ・ミーツ・ハーレム
                                   作者：立花オミナ
                                   是否完结：是
                                   总页数：201
                                   分类：同人,SM,長篇,姐姐系,純愛
                                   章节数：1
                                   最后更新时间：2008-04-15T18:47:23.000Z
                                   =================================================
2026-01-18 23:32:32 - mkk_pika - database.py:101 - INFO - 保存成功：ボーイ・ミーツ・ハーレム
2026-01-18 23:32:32 - mkk_pika - main.py:35 - INFO - 开始检查エンジェル・ストライク～Pure Limit是否存在未下载章节
2026-01-18 23:32:33 - mkk_pika - main.py:45 - INFO - 正在下载:[エンジェル・ストライク～Pure Limit]-[祭野薙刀]-[['同人', '長篇', '純愛']]-[total_pages:241]
2026-01-18 23:32:33 - mkk_pika - main.py:49 - INFO - [{'_id': '58218c675f6b9a4f93e0eda9', 'title': '第1集', 'order': 1, 'updated_at': '2016-11-08T08:27:19.382Z', 'id': '58218c675f6b9a4f93e0eda9'}]
2026-01-18 23:32:33 - mkk_pika - database.py:215 - INFO - 第一次下载该漫画，记录数据库中
2026-01-18 23:32:35 - mkk_pika - main.py:83 - INFO - 找到 241 张图片在:第1集
2026-01-18 23:32:49 - mkk_pika - main.py:112 - INFO - [episode:第1集       ] downloaded:   241, total: 241, progress:100%
2026-01-18 23:32:49 - mkk_pika - database.py:238 - INFO - 数据库更新已下载章节
2026-01-18 23:32:49 - mkk_pika - database.py:244 - INFO - 该漫画已下载章节如下
2026-01-18 23:32:49 - mkk_pika - database.py:245 - INFO - ['第1集']
2026-01-18 23:32:50 - mkk_pika - main.py:348 - INFO - ==================== 漫画信息 ====================
                                   漫画ID：58218c665f6b9a4f93e0eda7
                                   标题：エンジェル・ストライク～Pure Limit
                                   作者：祭野薙刀
                                   是否完结：是
                                   总页数：241
                                   分类：同人,長篇,純愛
                                   章节数：1
                                   最后更新时间：2008-04-16T04:47:23.000Z
                                   =================================================
2026-01-18 23:32:50 - mkk_pika - database.py:101 - INFO - 保存成功：エンジェル・ストライク～Pure Limit
2026-01-18 23:32:50 - mkk_pika - main.py:35 - INFO - 开始检查発情コンプレックス是否存在未下载章节
2026-01-18 23:32:50 - mkk_pika - main.py:45 - INFO - 正在下载:[発情コンプレックス]-[utu]-[['人妻', '長篇']]-[total_pages:222]
2026-01-18 23:32:50 - mkk_pika - main.py:49 - INFO - [{'_id': '58218c6a5f6b9a4f93e0f133', 'title': '第1集', 'order': 1, 'updated_at': '2016-11-08T08:27:22.222Z', 'id': '58218c6a5f6b9a4f93e0f133'}]
2026-01-18 23:32:50 - mkk_pika - database.py:215 - INFO - 第一次下载该漫画，记录数据库中
2026-01-18 23:32:52 - mkk_pika - main.py:83 - INFO - 找到 222 张图片在:第1集
2026-01-18 23:33:06 - mkk_pika - main.py:112 - INFO - [episode:第1集       ] downloaded:   222, total: 222, progress:100%
2026-01-18 23:33:06 - mkk_pika - database.py:238 - INFO - 数据库更新已下载章节
2026-01-18 23:33:06 - mkk_pika - database.py:244 - INFO - 该漫画已下载章节如下
2026-01-18 23:33:06 - mkk_pika - database.py:245 - INFO - ['第1集']
2026-01-18 23:33:07 - mkk_pika - main.py:348 - INFO - ==================== 漫画信息 ====================
                                   漫画ID：58218c695f6b9a4f93e0f131
                                   标题：発情コンプレックス
                                   作者：utu
                                   是否完结：是
                                   总页数：222
                                   分类：人妻,長篇
                                   章节数：1
                                   最后更新时间：2008-04-17T00:47:23.000Z
                                   =================================================
2026-01-18 23:33:07 - mkk_pika - database.py:101 - INFO - 保存成功：発情コンプレックス
2026-01-18 23:33:07 - mkk_pika - main.py:35 - INFO - 开始检查放課後のビッチさん。是否存在未下载章节
2026-01-18 23:33:07 - mkk_pika - main.py:45 - INFO - 正在下载:[放課後のビッチさん。]-[有沢柾春]-[['短篇', '全彩']]-[total_pages:16]
2026-01-18 23:33:07 - mkk_pika - main.py:49 - INFO - [{'_id': '58218c6b5f6b9a4f93e0f2f3', 'title': '第1集', 'order': 1, 'updated_at': '2016-11-08T08:27:23.493Z', 'id': '58218c6b5f6b9a4f93e0f2f3'}, {'_id': '58218c6c5f6b9a4f93e0f305', 'title': '第2集', 'order': 2, 'updated_at': '2016-11-08T08:27:24.036Z', 'id': '58218c6c5f6b9a4f93e0f305'}]
2026-01-18 23:33:07 - mkk_pika - database.py:215 - INFO - 第一次下载该漫画，记录数据库中
2026-01-18 23:33:08 - mkk_pika - main.py:83 - INFO - 找到 8 张图片在:第1集
2026-01-18 23:33:08 - mkk_pika - main.py:112 - INFO - [episode:第1集       ] downloaded:     8, total:   8, progress:100%
2026-01-18 23:33:08 - mkk_pika - database.py:238 - INFO - 数据库更新已下载章节
2026-01-18 23:33:08 - mkk_pika - database.py:244 - INFO - 该漫画已下载章节如下
2026-01-18 23:33:08 - mkk_pika - database.py:245 - INFO - ['第1集']
2026-01-18 23:33:10 - mkk_pika - main.py:83 - INFO - 找到 8 张图片在:第2集
2026-01-18 23:33:11 - mkk_pika - main.py:112 - INFO - [episode:第2集       ] downloaded:     8, total:   8, progress:100%
2026-01-18 23:33:11 - mkk_pika - database.py:238 - INFO - 数据库更新已下载章节
2026-01-18 23:33:11 - mkk_pika - database.py:244 - INFO - 该漫画已下载章节如下
2026-01-18 23:33:11 - mkk_pika - database.py:245 - INFO - ['第1集', '第2集']
2026-01-18 23:33:12 - mkk_pika - main.py:348 - INFO - ==================== 漫画信息 ====================
                                   漫画ID：58218c6a5f6b9a4f93e0f2f1
                                   标题：放課後のビッチさん。
                                   作者：有沢柾春
                                   是否完结：是
                                   总页数：16
                                   分类：短篇,全彩
                                   章节数：2
                                   最后更新时间：2008-04-17T10:47:23.000Z
                                   =================================================
2026-01-18 23:33:12 - mkk_pika - database.py:101 - INFO - 保存成功：放課後のビッチさん。
2026-01-18 23:33:12 - mkk_pika - main.py:35 - INFO - 开始检查ゲームオーバー 是否存在未下载章节
2026-01-18 23:33:12 - mkk_pika - main.py:45 - INFO - 正在下载:[ゲームオーバー ]-[Hroz]-[['短篇', '全彩', '非人類']]-[total_pages:37]
2026-01-18 23:33:12 - mkk_pika - main.py:49 - INFO - [{'_id': '58218c6c5f6b9a4f93e0f34d', 'title': '第1集', 'order': 1, 'updated_at': '2016-11-08T08:27:24.930Z', 'id': '58218c6c5f6b9a4f93e0f34d'}, {'_id': '58218c6d5f6b9a4f93e0f367', 'title': '第2集', 'order': 2, 'updated_at': '2016-11-08T08:27:25.461Z', 'id': '58218c6d5f6b9a4f93e0f367'}, {'_id': '58218c6d5f6b9a4f93e0f381', 'title': '第3集', 'order': 3, 'updated_at': '2016-11-08T08:27:25.996Z', 'id': '58218c6d5f6b9a4f93e0f381'}]
2026-01-18 23:33:12 - mkk_pika - database.py:215 - INFO - 第一次下载该漫画，记录数据库中
2026-01-18 23:33:13 - mkk_pika - main.py:83 - INFO - 找到 12 张图片在:第1集
2026-01-18 23:33:13 - mkk_pika - main.py:112 - INFO - [episode:第1集       ] downloaded:    12, total:  12, progress:100%
2026-01-18 23:33:13 - mkk_pika - database.py:238 - INFO - 数据库更新已下载章节
2026-01-18 23:33:13 - mkk_pika - database.py:244 - INFO - 该漫画已下载章节如下
2026-01-18 23:33:13 - mkk_pika - database.py:245 - INFO - ['第1集']
2026-01-18 23:33:15 - mkk_pika - main.py:83 - INFO - 找到 12 张图片在:第2集
2026-01-18 23:33:16 - mkk_pika - main.py:112 - INFO - [episode:第2集       ] downloaded:    12, total:  12, progress:100%
2026-01-18 23:33:16 - mkk_pika - database.py:238 - INFO - 数据库更新已下载章节
2026-01-18 23:33:16 - mkk_pika - database.py:244 - INFO - 该漫画已下载章节如下
2026-01-18 23:33:16 - mkk_pika - database.py:245 - INFO - ['第1集', '第2集']
2026-01-18 23:33:17 - mkk_pika - main.py:83 - INFO - 找到 13 张图片在:第3集
2026-01-18 23:33:18 - mkk_pika - main.py:112 - INFO - [episode:第3集       ] downloaded:    13, total:  13, progress:100%
2026-01-18 23:33:18 - mkk_pika - database.py:238 - INFO - 数据库更新已下载章节
2026-01-18 23:33:18 - mkk_pika - database.py:244 - INFO - 该漫画已下载章节如下
2026-01-18 23:33:18 - mkk_pika - database.py:245 - INFO - ['第1集', '第2集', '第3集']
2026-01-18 23:33:19 - mkk_pika - main.py:348 - INFO - ==================== 漫画信息 ====================
                                   漫画ID：58218c6c5f6b9a4f93e0f34b
                                   标题：ゲームオーバー 
                                   作者：Hroz
                                   是否完结：是
                                   总页数：37
                                   分类：短篇,全彩,非人類
                                   章节数：3
                                   最后更新时间：2008-04-18T06:47:23.000Z
                                   =================================================
2026-01-18 23:33:19 - mkk_pika - database.py:101 - INFO - 保存成功：ゲームオーバー 
2026-01-18 23:33:19 - mkk_pika - main.py:35 - INFO - 开始检查蜘蛛のお嫁さん。是否存在未下载章节
2026-01-18 23:33:20 - mkk_pika - main.py:45 - INFO - 正在下载:[蜘蛛のお嫁さん。]-[Hroz]-[['短篇', '非人類']]-[total_pages:25]
2026-01-18 23:33:20 - mkk_pika - main.py:49 - INFO - [{'_id': '58218c6e5f6b9a4f93e0f39f', 'title': '第1集', 'order': 1, 'updated_at': '2016-11-08T08:27:26.579Z', 'id': '58218c6e5f6b9a4f93e0f39f'}]
2026-01-18 23:33:20 - mkk_pika - database.py:215 - INFO - 第一次下载该漫画，记录数据库中
2026-01-18 23:33:20 - mkk_pika - main.py:83 - INFO - 找到 25 张图片在:第1集
2026-01-18 23:33:22 - mkk_pika - main.py:112 - INFO - [episode:第1集       ] downloaded:    25, total:  25, progress:100%
2026-01-18 23:33:22 - mkk_pika - database.py:238 - INFO - 数据库更新已下载章节
2026-01-18 23:33:22 - mkk_pika - database.py:244 - INFO - 该漫画已下载章节如下
2026-01-18 23:33:22 - mkk_pika - database.py:245 - INFO - ['第1集']
2026-01-18 23:33:23 - mkk_pika - main.py:348 - INFO - ==================== 漫画信息 ====================
                                   漫画ID：58218c6e5f6b9a4f93e0f39d
                                   标题：蜘蛛のお嫁さん。
                                   作者：Hroz
                                   是否完结：是
                                   总页数：25
                                   分类：短篇,非人類
                                   章节数：1
                                   最后更新时间：2008-04-18T16:47:23.000Z
                                   =================================================
2026-01-18 23:33:23 - mkk_pika - database.py:101 - INFO - 保存成功：蜘蛛のお嫁さん。
2026-01-18 23:33:23 - mkk_pika - main.py:35 - INFO - 开始检查蜘蛛女さんの恩返し。是否存在未下载章节
2026-01-18 23:33:23 - mkk_pika - main.py:45 - INFO - 正在下载:[蜘蛛女さんの恩返し。]-[Hroz]-[['短篇', '非人類']]-[total_pages:18]
2026-01-18 23:33:23 - mkk_pika - main.py:49 - INFO - [{'_id': '58218c6f5f6b9a4f93e0f3d5', 'title': '第1集', 'order': 1, 'updated_at': '2016-11-08T08:27:27.326Z', 'id': '58218c6f5f6b9a4f93e0f3d5'}]
2026-01-18 23:33:23 - mkk_pika - database.py:215 - INFO - 第一次下载该漫画，记录数据库中
2026-01-18 23:33:24 - mkk_pika - main.py:83 - INFO - 找到 18 张图片在:第1集
2026-01-18 23:33:25 - mkk_pika - main.py:112 - INFO - [episode:第1集       ] downloaded:    18, total:  18, progress:100%
2026-01-18 23:33:25 - mkk_pika - database.py:238 - INFO - 数据库更新已下载章节
2026-01-18 23:33:25 - mkk_pika - database.py:244 - INFO - 该漫画已下载章节如下
2026-01-18 23:33:25 - mkk_pika - database.py:245 - INFO - ['第1集']
2026-01-18 23:33:26 - mkk_pika - main.py:348 - INFO - ==================== 漫画信息 ====================
                                   漫画ID：58218c6e5f6b9a4f93e0f3d3
                                   标题：蜘蛛女さんの恩返し。
                                   作者：Hroz
                                   是否完结：是
                                   总页数：18
                                   分类：短篇,非人類
                                   章节数：1
                                   最后更新时间：2008-04-19T02:47:23.000Z
                                   =================================================
2026-01-18 23:33:26 - mkk_pika - database.py:101 - INFO - 保存成功：蜘蛛女さんの恩返し。
2026-01-18 23:33:26 - mkk_pika - main.py:35 - INFO - 开始检查ひきこもごも是否存在未下载章节
2026-01-18 23:33:27 - mkk_pika - main.py:45 - INFO - 正在下载:[ひきこもごも]-[Sowitchraw]-[['短篇', '姐姐系', '純愛']]-[total_pages:21]
2026-01-18 23:33:27 - mkk_pika - main.py:49 - INFO - [{'_id': '58218c6f5f6b9a4f93e0f3fd', 'title': '第1集', 'order': 1, 'updated_at': '2016-11-08T08:27:27.644Z', 'id': '58218c6f5f6b9a4f93e0f3fd'}]
2026-01-18 23:33:27 - mkk_pika - database.py:215 - INFO - 第一次下载该漫画，记录数据库中
2026-01-18 23:33:27 - mkk_pika - main.py:83 - INFO - 找到 21 张图片在:第1集
2026-01-18 23:33:29 - mkk_pika - main.py:112 - INFO - [episode:第1集       ] downloaded:    21, total:  21, progress:100%
2026-01-18 23:33:29 - mkk_pika - database.py:238 - INFO - 数据库更新已下载章节
2026-01-18 23:33:29 - mkk_pika - database.py:244 - INFO - 该漫画已下载章节如下
2026-01-18 23:33:29 - mkk_pika - database.py:245 - INFO - ['第1集']
2026-01-18 23:33:30 - mkk_pika - main.py:348 - INFO - ==================== 漫画信息 ====================
                                   漫画ID：58218c6f5f6b9a4f93e0f3fb
                                   标题：ひきこもごも
                                   作者：Sowitchraw
                                   是否完结：是
                                   总页数：21
                                   分类：短篇,姐姐系,純愛
                                   章节数：1
                                   最后更新时间：2008-04-19T12:47:23.000Z
                                   =================================================
2026-01-18 23:33:30 - mkk_pika - database.py:101 - INFO - 保存成功：ひきこもごも
2026-01-18 23:33:30 - mkk_pika - main.py:35 - INFO - 开始检查ラブをさしあげます。是否存在未下载章节
2026-01-18 23:33:30 - mkk_pika - main.py:45 - INFO - 正在下载:[ラブをさしあげます。]-[ぽんずアメ (飴沢狛)]-[['短篇', '非人類', '強暴']]-[total_pages:25]
2026-01-18 23:33:30 - mkk_pika - main.py:49 - INFO - [{'_id': '5f6387a8a183ac0739ce38fd', 'title': '第1話', 'order': 1, 'updated_at': '2020-09-17T09:24:50.603Z', 'id': '5f6387a8a183ac0739ce38fd'}]
2026-01-18 23:33:30 - mkk_pika - database.py:215 - INFO - 第一次下载该漫画，记录数据库中
2026-01-18 23:33:31 - mkk_pika - main.py:83 - INFO - 找到 25 张图片在:第1話
2026-01-18 23:33:33 - mkk_pika - main.py:112 - INFO - [episode:第1話       ] downloaded:    25, total:  25, progress:100%
2026-01-18 23:33:33 - mkk_pika - database.py:238 - INFO - 数据库更新已下载章节
2026-01-18 23:33:33 - mkk_pika - database.py:244 - INFO - 该漫画已下载章节如下
2026-01-18 23:33:33 - mkk_pika - database.py:245 - INFO - ['第1話']
2026-01-18 23:33:34 - mkk_pika - main.py:348 - INFO - ==================== 漫画信息 ====================
                                   漫画ID：58218c6f5f6b9a4f93e0f429
                                   标题：ラブをさしあげます。
                                   作者：ぽんずアメ (飴沢狛)
                                   是否完结：是
                                   总页数：25
                                   分类：短篇,非人類,強暴
                                   章节数：1
                                   最后更新时间：2008-04-19T22:47:23.000Z
                                   =================================================
2026-01-18 23:33:34 - mkk_pika - database.py:101 - INFO - 保存成功：ラブをさしあげます。
2026-01-18 23:33:34 - mkk_pika - main.py:35 - INFO - 开始检查にゃんにゃんしよっ是否存在未下载章节
2026-01-18 23:33:34 - mkk_pika - main.py:45 - INFO - 正在下载:[にゃんにゃんしよっ]-[恋もまた唄う。 (飴沢狛)]-[['短篇', '非人類', '純愛']]-[total_pages:19]
2026-01-18 23:33:34 - mkk_pika - main.py:49 - INFO - [{'_id': '5fc11e4ba03a64100a94c1f2', 'title': '第1話', 'order': 1, 'updated_at': '2020-11-27T11:58:24.886Z', 'id': '5fc11e4ba03a64100a94c1f2'}]
2026-01-18 23:33:34 - mkk_pika - database.py:215 - INFO - 第一次下载该漫画，记录数据库中
2026-01-18 23:33:35 - mkk_pika - main.py:83 - INFO - 找到 19 张图片在:第1話
2026-01-18 23:33:36 - mkk_pika - main.py:112 - INFO - [episode:第1話       ] downloaded:    19, total:  19, progress:100%
2026-01-18 23:33:36 - mkk_pika - database.py:238 - INFO - 数据库更新已下载章节
2026-01-18 23:33:36 - mkk_pika - database.py:244 - INFO - 该漫画已下载章节如下
2026-01-18 23:33:36 - mkk_pika - database.py:245 - INFO - ['第1話']
2026-01-18 23:33:38 - mkk_pika - main.py:348 - INFO - ==================== 漫画信息 ====================
                                   漫画ID：58218c705f6b9a4f93e0f45f
                                   标题：にゃんにゃんしよっ
                                   作者：恋もまた唄う。 (飴沢狛)
                                   是否完结：是
                                   总页数：19
                                   分类：短篇,非人類,純愛
                                   章节数：1
                                   最后更新时间：2008-04-20T08:47:23.000Z
                                   =================================================
2026-01-18 23:33:38 - mkk_pika - database.py:101 - INFO - 保存成功：にゃんにゃんしよっ
2026-01-18 23:33:38 - mkk_pika - main.py:35 - INFO - 开始检查ブルーバード (新世紀エヴァンゲリオン)是否存在未下载章节
2026-01-18 23:33:38 - mkk_pika - main.py:45 - INFO - 正在下载:[ブルーバード (新世紀エヴァンゲリオン)]-[はぽい処 (岡崎武士)]-[['同人', '短篇', '純愛']]-[total_pages:26]
2026-01-18 23:33:38 - mkk_pika - main.py:49 - INFO - [{'_id': '5f3d6408e623853da46b46e2', 'title': '第1話', 'order': 1, 'updated_at': '2020-08-19T17:32:09.474Z', 'id': '5f3d6408e623853da46b46e2'}]
2026-01-18 23:33:38 - mkk_pika - database.py:215 - INFO - 第一次下载该漫画，记录数据库中
2026-01-18 23:33:39 - mkk_pika - main.py:83 - INFO - 找到 26 张图片在:第1話
2026-01-18 23:33:40 - mkk_pika - main.py:112 - INFO - [episode:第1話       ] downloaded:    26, total:  26, progress:100%
2026-01-18 23:33:40 - mkk_pika - database.py:238 - INFO - 数据库更新已下载章节
2026-01-18 23:33:40 - mkk_pika - database.py:244 - INFO - 该漫画已下载章节如下
2026-01-18 23:33:40 - mkk_pika - database.py:245 - INFO - ['第1話']
2026-01-18 23:33:42 - mkk_pika - main.py:348 - INFO - ==================== 漫画信息 ====================
                                   漫画ID：58218c705f6b9a4f93e0f489
                                   标题：ブルーバード (新世紀エヴァンゲリオン)
                                   作者：はぽい処 (岡崎武士)
                                   是否完结：是
                                   总页数：26
                                   分类：同人,短篇,純愛
                                   章节数：1
                                   最后更新时间：2008-04-20T18:47:23.000Z
                                   =================================================
2026-01-18 23:33:42 - mkk_pika - database.py:101 - INFO - 保存成功：ブルーバード (新世紀エヴァンゲリオン)
2026-01-18 23:33:42 - mkk_pika - main.py:35 - INFO - 开始检查肉欲連鎖 -NTR彼女-是否存在未下载章节
2026-01-18 23:33:42 - mkk_pika - main.py:45 - INFO - 正在下载:[肉欲連鎖 -NTR彼女-]-[由雅なおは]-[['長篇', 'NTR', '強暴']]-[total_pages:232]
2026-01-18 23:33:42 - mkk_pika - main.py:49 - INFO - [{'_id': '58218c715f6b9a4f93e0f4c3', 'title': '第1集', 'order': 1, 'updated_at': '2016-11-08T08:27:29.903Z', 'id': '58218c715f6b9a4f93e0f4c3'}]
2026-01-18 23:33:42 - mkk_pika - database.py:215 - INFO - 第一次下载该漫画，记录数据库中
2026-01-18 23:33:44 - mkk_pika - main.py:83 - INFO - 找到 232 张图片在:第1集
2026-01-18 23:33:58 - mkk_pika - main.py:112 - INFO - [episode:第1集       ] downloaded:   232, total: 232, progress:100%
2026-01-18 23:33:58 - mkk_pika - database.py:238 - INFO - 数据库更新已下载章节
2026-01-18 23:33:58 - mkk_pika - database.py:244 - INFO - 该漫画已下载章节如下
2026-01-18 23:33:58 - mkk_pika - database.py:245 - INFO - ['第1集']
2026-01-18 23:33:59 - mkk_pika - main.py:348 - INFO - ==================== 漫画信息 ====================
                                   漫画ID：58218c715f6b9a4f93e0f4c1
                                   标题：肉欲連鎖 -NTR彼女-
                                   作者：由雅なおは
                                   是否完结：是
                                   总页数：232
                                   分类：長篇,NTR,強暴
                                   章节数：1
                                   最后更新时间：2008-04-21T04:47:23.000Z
                                   =================================================
2026-01-18 23:33:59 - mkk_pika - database.py:101 - INFO - 保存成功：肉欲連鎖 -NTR彼女-
2026-01-18 23:33:59 - mkk_pika - main.py:35 - INFO - 开始检查スク水戦隊ビキニンジャー 是否存在未下载章节
2026-01-18 23:34:00 - mkk_pika - main.py:45 - INFO - 正在下载:[スク水戦隊ビキニンジャー ]-[オレンジピールズ (俺P1号- 俺P2号)]-[['長篇', '非人類', 'NTR']]-[total_pages:208]
2026-01-18 23:34:00 - mkk_pika - main.py:49 - INFO - [{'_id': '58218c745f6b9a4f93e0f6db', 'title': '第1集', 'order': 1, 'updated_at': '2016-11-08T08:27:32.386Z', 'id': '58218c745f6b9a4f93e0f6db'}, {'_id': '58218c745f6b9a4f93e0f72f', 'title': '第2集', 'order': 2, 'updated_at': '2016-11-08T08:27:32.982Z', 'id': '58218c745f6b9a4f93e0f72f'}, {'_id': '58218c755f6b9a4f93e0f785', 'title': '第3集', 'order': 3, 'updated_at': '2016-11-08T08:27:33.616Z', 'id': '58218c755f6b9a4f93e0f785'}, {'_id': '58218c765f6b9a4f93e0f7e5', 'title': '第4集', 'order': 4, 'updated_at': '2016-11-08T08:27:34.187Z', 'id': '58218c765f6b9a4f93e0f7e5'}, {'_id': '58218c765f6b9a4f93e0f84d', 'title': '第5集', 'order': 5, 'updated_at': '2016-11-08T08:27:34.937Z', 'id': '58218c765f6b9a4f93e0f84d'}]
2026-01-18 23:34:00 - mkk_pika - database.py:215 - INFO - 第一次下载该漫画，记录数据库中
2026-01-18 23:34:00 - mkk_pika - main.py:83 - INFO - 找到 41 张图片在:第1集
2026-01-18 23:34:03 - mkk_pika - main.py:112 - INFO - [episode:第1集       ] downloaded:    41, total:  41, progress:100%
2026-01-18 23:34:03 - mkk_pika - database.py:238 - INFO - 数据库更新已下载章节
2026-01-18 23:34:03 - mkk_pika - database.py:244 - INFO - 该漫画已下载章节如下
2026-01-18 23:34:03 - mkk_pika - database.py:245 - INFO - ['第1集']
2026-01-18 23:34:05 - mkk_pika - main.py:83 - INFO - 找到 42 张图片在:第2集
2026-01-18 23:34:07 - mkk_pika - main.py:112 - INFO - [episode:第2集       ] downloaded:    42, total:  42, progress:100%
2026-01-18 23:34:07 - mkk_pika - database.py:238 - INFO - 数据库更新已下载章节
2026-01-18 23:34:07 - mkk_pika - database.py:244 - INFO - 该漫画已下载章节如下
2026-01-18 23:34:07 - mkk_pika - database.py:245 - INFO - ['第1集', '第2集']
2026-01-18 23:34:09 - mkk_pika - main.py:83 - INFO - 找到 47 张图片在:第3集
2026-01-18 23:34:12 - mkk_pika - main.py:112 - INFO - [episode:第3集       ] downloaded:    47, total:  47, progress:100%
2026-01-18 23:34:12 - mkk_pika - database.py:238 - INFO - 数据库更新已下载章节
2026-01-18 23:34:12 - mkk_pika - database.py:244 - INFO - 该漫画已下载章节如下
2026-01-18 23:34:12 - mkk_pika - database.py:245 - INFO - ['第1集', '第2集', '第3集']
2026-01-18 23:34:14 - mkk_pika - main.py:83 - INFO - 找到 51 张图片在:第4集
2026-01-18 23:34:17 - mkk_pika - main.py:112 - INFO - [episode:第4集       ] downloaded:    51, total:  51, progress:100%
2026-01-18 23:34:17 - mkk_pika - database.py:238 - INFO - 数据库更新已下载章节
2026-01-18 23:34:17 - mkk_pika - database.py:244 - INFO - 该漫画已下载章节如下
2026-01-18 23:34:17 - mkk_pika - database.py:245 - INFO - ['第1集', '第2集', '第3集', '第4集']
2026-01-18 23:34:18 - mkk_pika - main.py:83 - INFO - 找到 27 张图片在:第5集
2026-01-18 23:34:20 - mkk_pika - main.py:112 - INFO - [episode:第5集       ] downloaded:    27, total:  27, progress:100%
2026-01-18 23:34:20 - mkk_pika - database.py:238 - INFO - 数据库更新已下载章节
2026-01-18 23:34:20 - mkk_pika - database.py:244 - INFO - 该漫画已下载章节如下
2026-01-18 23:34:20 - mkk_pika - database.py:245 - INFO - ['第1集', '第2集', '第3集', '第4集', '第5集']
2026-01-18 23:34:21 - mkk_pika - main.py:348 - INFO - ==================== 漫画信息 ====================
                                   漫画ID：58218c735f6b9a4f93e0f6d9
                                   标题：スク水戦隊ビキニンジャー 
                                   作者：オレンジピールズ (俺P1号- 俺P2号)
                                   是否完结：否
                                   总页数：208
                                   分类：長篇,非人類,NTR
                                   章节数：5
                                   最后更新时间：2008-04-22T00:47:23.000Z
                                   =================================================
2026-01-18 23:34:21 - mkk_pika - database.py:101 - INFO - 保存成功：スク水戦隊ビキニンジャー 
2026-01-18 23:34:21 - mkk_pika - main.py:35 - INFO - 开始检查人外合集(一堆)是否存在未下载章节
2026-01-18 23:34:21 - mkk_pika - main.py:45 - INFO - 正在下载:[人外合集(一堆)]-[不详]-[['同人', '長篇', '非人類', '純愛']]-[total_pages:353]
2026-01-18 23:34:21 - mkk_pika - main.py:49 - INFO - [{'_id': '58218c775f6b9a4f93e0f887', 'title': '第1集', 'order': 1, 'updated_at': '2016-11-08T08:27:35.551Z', 'id': '58218c775f6b9a4f93e0f887'}, {'_id': '58218c785f6b9a4f93e0f8b1', 'title': '第2集', 'order': 2, 'updated_at': '2016-11-08T08:27:36.117Z', 'id': '58218c785f6b9a4f93e0f8b1'}, {'_id': '58218c785f6b9a4f93e0f97f', 'title': '第3集', 'order': 3, 'updated_at': '2016-11-08T08:27:36.671Z', 'id': '58218c785f6b9a4f93e0f97f'}, {'_id': '58218c795f6b9a4f93e0f997', 'title': '第4集', 'order': 4, 'updated_at': '2016-11-08T08:27:37.017Z', 'id': '58218c795f6b9a4f93e0f997'}, {'_id': '58218c795f6b9a4f93e0f9c9', 'title': '第5集', 'order': 5, 'updated_at': '2016-11-08T08:27:37.494Z', 'id': '58218c795f6b9a4f93e0f9c9'}, {'_id': '58218c795f6b9a4f93e0f9d9', 'title': '第6集', 'order': 6, 'updated_at': '2016-11-08T08:27:37.841Z', 'id': '58218c795f6b9a4f93e0f9d9'}, {'_id': '58218c7a5f6b9a4f93e0f9f3', 'title': '第7集', 'order': 7, 'updated_at': '2016-11-08T08:27:38.139Z', 'id': '58218c7a5f6b9a4f93e0f9f3'}, {'_id': '58218c7a5f6b9a4f93e0fa09', 'title': '第8集', 'order': 8, 'updated_at': '2016-11-08T08:27:38.697Z', 'id': '58218c7a5f6b9a4f93e0fa09'}, {'_id': '58218c7b5f6b9a4f93e0fa2b', 'title': '第9集', 'order': 9, 'updated_at': '2016-11-08T08:27:39.244Z', 'id': '58218c7b5f6b9a4f93e0fa2b'}, {'_id': '58218c7c5f6b9a4f93e0fa53', 'title': '第10集', 'order': 10, 'updated_at': '2016-11-08T08:27:40.012Z', 'id': '58218c7c5f6b9a4f93e0fa53'}, {'_id': '58218c7c5f6b9a4f93e0fa79', 'title': '第11集', 'order': 11, 'updated_at': '2016-11-08T08:27:40.355Z', 'id': '58218c7c5f6b9a4f93e0fa79'}, {'_id': '58218c7c5f6b9a4f93e0fa8b', 'title': '第12集', 'order': 12, 'updated_at': '2016-11-08T08:27:40.643Z', 'id': '58218c7c5f6b9a4f93e0fa8b'}, {'_id': '58218c7d5f6b9a4f93e0faaf', 'title': '第13集', 'order': 13, 'updated_at': '2016-11-08T08:27:41.203Z', 'id': '58218c7d5f6b9a4f93e0faaf'}, {'_id': '58218c7d5f6b9a4f93e0fae3', 'title': '第14集', 'order': 14, 'updated_at': '2016-11-08T08:27:41.773Z', 'id': '58218c7d5f6b9a4f93e0fae3'}, {'_id': '58218c7e5f6b9a4f93e0fb15', 'title': '第15集', 'order': 15, 'updated_at': '2016-11-08T08:27:42.092Z', 'id': '58218c7e5f6b9a4f93e0fb15'}]
2026-01-18 23:34:21 - mkk_pika - database.py:215 - INFO - 第一次下载该漫画，记录数据库中
2026-01-18 23:34:22 - mkk_pika - main.py:83 - INFO - 找到 20 张图片在:第1集
2026-01-18 23:34:23 - mkk_pika - main.py:112 - INFO - [episode:第1集       ] downloaded:    20, total:  20, progress:100%
2026-01-18 23:34:23 - mkk_pika - database.py:238 - INFO - 数据库更新已下载章节
2026-01-18 23:34:23 - mkk_pika - database.py:244 - INFO - 该漫画已下载章节如下
2026-01-18 23:34:23 - mkk_pika - database.py:245 - INFO - ['第1集']
2026-01-18 23:34:25 - mkk_pika - main.py:83 - INFO - 找到 102 张图片在:第2集
2026-01-18 23:34:31 - mkk_pika - main.py:112 - INFO - [episode:第2集       ] downloaded:   102, total: 102, progress:100%
2026-01-18 23:34:31 - mkk_pika - database.py:238 - INFO - 数据库更新已下载章节
2026-01-18 23:34:31 - mkk_pika - database.py:244 - INFO - 该漫画已下载章节如下
2026-01-18 23:34:31 - mkk_pika - database.py:245 - INFO - ['第1集', '第2集']
2026-01-18 23:34:33 - mkk_pika - main.py:83 - INFO - 找到 11 张图片在:第3集
2026-01-18 23:34:33 - mkk_pika - main.py:112 - INFO - [episode:第3集       ] downloaded:    11, total:  11, progress:100%
2026-01-18 23:34:33 - mkk_pika - database.py:238 - INFO - 数据库更新已下载章节
2026-01-18 23:34:33 - mkk_pika - database.py:244 - INFO - 该漫画已下载章节如下
2026-01-18 23:34:33 - mkk_pika - database.py:245 - INFO - ['第1集', '第2集', '第3集']
2026-01-18 23:34:35 - mkk_pika - main.py:83 - INFO - 找到 24 张图片在:第4集
2026-01-18 23:34:36 - mkk_pika - main.py:112 - INFO - [episode:第4集       ] downloaded:    24, total:  24, progress:100%
2026-01-18 23:34:36 - mkk_pika - database.py:238 - INFO - 数据库更新已下载章节
2026-01-18 23:34:36 - mkk_pika - database.py:244 - INFO - 该漫画已下载章节如下
2026-01-18 23:34:36 - mkk_pika - database.py:245 - INFO - ['第1集', '第2集', '第3集', '第4集']
2026-01-18 23:34:38 - mkk_pika - main.py:83 - INFO - 找到 7 张图片在:第5集
2026-01-18 23:34:39 - mkk_pika - main.py:112 - INFO - [episode:第5集       ] downloaded:     7, total:   7, progress:100%
2026-01-18 23:34:39 - mkk_pika - database.py:238 - INFO - 数据库更新已下载章节
2026-01-18 23:34:39 - mkk_pika - database.py:244 - INFO - 该漫画已下载章节如下
2026-01-18 23:34:39 - mkk_pika - database.py:245 - INFO - ['第1集', '第2集', '第3集', '第4集', '第5集']
2026-01-18 23:34:40 - mkk_pika - main.py:83 - INFO - 找到 12 张图片在:第6集
2026-01-18 23:34:41 - mkk_pika - main.py:112 - INFO - [episode:第6集       ] downloaded:    12, total:  12, progress:100%
2026-01-18 23:34:41 - mkk_pika - database.py:238 - INFO - 数据库更新已下载章节
2026-01-18 23:34:41 - mkk_pika - database.py:244 - INFO - 该漫画已下载章节如下
2026-01-18 23:34:41 - mkk_pika - database.py:245 - INFO - ['第1集', '第2集', '第3集', '第4集', '第5集', '第6集']
2026-01-18 23:34:43 - mkk_pika - main.py:83 - INFO - 找到 10 张图片在:第7集
2026-01-18 23:34:44 - mkk_pika - main.py:112 - INFO - [episode:第7集       ] downloaded:    10, total:  10, progress:100%
2026-01-18 23:34:44 - mkk_pika - database.py:238 - INFO - 数据库更新已下载章节
2026-01-18 23:34:44 - mkk_pika - database.py:244 - INFO - 该漫画已下载章节如下
2026-01-18 23:34:44 - mkk_pika - database.py:245 - INFO - ['第1集', '第2集', '第3集', '第4集', '第5集', '第6集', '第7集']
2026-01-18 23:34:46 - mkk_pika - main.py:83 - INFO - 找到 16 张图片在:第8集
2026-01-18 23:34:47 - mkk_pika - main.py:112 - INFO - [episode:第8集       ] downloaded:    16, total:  16, progress:100%
2026-01-18 23:34:47 - mkk_pika - database.py:238 - INFO - 数据库更新已下载章节
2026-01-18 23:34:47 - mkk_pika - database.py:244 - INFO - 该漫画已下载章节如下
2026-01-18 23:34:47 - mkk_pika - database.py:245 - INFO - ['第1集', '第2集', '第3集', '第4集', '第5集', '第6集', '第7集', '第8集']
2026-01-18 23:34:48 - mkk_pika - main.py:83 - INFO - 找到 19 张图片在:第9集
2026-01-18 23:34:50 - mkk_pika - main.py:112 - INFO - [episode:第9集       ] downloaded:    19, total:  19, progress:100%
2026-01-18 23:34:50 - mkk_pika - database.py:238 - INFO - 数据库更新已下载章节
2026-01-18 23:34:50 - mkk_pika - database.py:244 - INFO - 该漫画已下载章节如下
2026-01-18 23:34:50 - mkk_pika - database.py:245 - INFO - ['第1集', '第2集', '第3集', '第4集', '第5集', '第6集', '第7集', '第8集', '第9集']
2026-01-18 23:34:51 - mkk_pika - main.py:83 - INFO - 找到 18 张图片在:第10集
2026-01-18 23:34:52 - mkk_pika - main.py:112 - INFO - [episode:第10集      ] downloaded:    18, total:  18, progress:100%
2026-01-18 23:34:52 - mkk_pika - database.py:238 - INFO - 数据库更新已下载章节
2026-01-18 23:34:52 - mkk_pika - database.py:244 - INFO - 该漫画已下载章节如下
2026-01-18 23:34:52 - mkk_pika - database.py:245 - INFO - ['第1集', '第2集', '第3集', '第4集', '第5集', '第6集', '第7集', '第8集', '第9集', '第10集']
2026-01-18 23:34:54 - mkk_pika - main.py:83 - INFO - 找到 8 张图片在:第11集
2026-01-18 23:34:55 - mkk_pika - main.py:112 - INFO - [episode:第11集      ] downloaded:     8, total:   8, progress:100%
2026-01-18 23:34:55 - mkk_pika - database.py:238 - INFO - 数据库更新已下载章节
2026-01-18 23:34:55 - mkk_pika - database.py:244 - INFO - 该漫画已下载章节如下
2026-01-18 23:34:55 - mkk_pika - database.py:245 - INFO - ['第1集', '第2集', '第3集', '第4集', '第5集', '第6集', '第7集', '第8集', '第9集', '第10集', '第11集']
2026-01-18 23:34:56 - mkk_pika - main.py:83 - INFO - 找到 17 张图片在:第12集
2026-01-18 23:34:57 - mkk_pika - main.py:112 - INFO - [episode:第12集      ] downloaded:    17, total:  17, progress:100%
2026-01-18 23:34:57 - mkk_pika - database.py:238 - INFO - 数据库更新已下载章节
2026-01-18 23:34:57 - mkk_pika - database.py:244 - INFO - 该漫画已下载章节如下
2026-01-18 23:34:57 - mkk_pika - database.py:245 - INFO - ['第1集', '第2集', '第3集', '第4集', '第5集', '第6集', '第7集', '第8集', '第9集', '第10集', '第11集', '第12集']
2026-01-18 23:34:59 - mkk_pika - main.py:83 - INFO - 找到 25 张图片在:第13集
2026-01-18 23:35:00 - mkk_pika - main.py:112 - INFO - [episode:第13集      ] downloaded:    25, total:  25, progress:100%
2026-01-18 23:35:00 - mkk_pika - database.py:238 - INFO - 数据库更新已下载章节
2026-01-18 23:35:00 - mkk_pika - database.py:244 - INFO - 该漫画已下载章节如下
2026-01-18 23:35:00 - mkk_pika - database.py:245 - INFO - ['第1集', '第2集', '第3集', '第4集', '第5集', '第6集', '第7集', '第8集', '第9集', '第10集', '第11集', '第12集', '第13集']
2026-01-18 23:35:02 - mkk_pika - main.py:83 - INFO - 找到 24 张图片在:第14集
2026-01-18 23:35:03 - mkk_pika - main.py:112 - INFO - [episode:第14集      ] downloaded:    24, total:  24, progress:100%
2026-01-18 23:35:03 - mkk_pika - database.py:238 - INFO - 数据库更新已下载章节
2026-01-18 23:35:03 - mkk_pika - database.py:244 - INFO - 该漫画已下载章节如下
2026-01-18 23:35:03 - mkk_pika - database.py:245 - INFO - ['第1集', '第2集', '第3集', '第4集', '第5集', '第6集', '第7集', '第8集', '第9集', '第10集', '第11集', '第12集', '第13集', '第14集']
2026-01-18 23:35:05 - mkk_pika - main.py:83 - INFO - 找到 40 张图片在:第15集
2026-01-18 23:35:07 - mkk_pika - main.py:112 - INFO - [episode:第15集      ] downloaded:    40, total:  40, progress:100%
2026-01-18 23:35:07 - mkk_pika - database.py:238 - INFO - 数据库更新已下载章节
2026-01-18 23:35:07 - mkk_pika - database.py:244 - INFO - 该漫画已下载章节如下
2026-01-18 23:35:07 - mkk_pika - database.py:245 - INFO - ['第1集', '第2集', '第3集', '第4集', '第5集', '第6集', '第7集', '第8集', '第9集', '第10集', '第11集', '第12集', '第13集', '第14集', '第15集']
2026-01-18 23:35:09 - mkk_pika - main.py:348 - INFO - ==================== 漫画信息 ====================
                                   漫画ID：58218c775f6b9a4f93e0f885
                                   标题：人外合集(一堆)
                                   作者：不详
                                   是否完结：否
                                   总页数：353
                                   分类：同人,長篇,非人類,純愛
                                   章节数：15
                                   最后更新时间：2008-04-22T10:47:23.000Z
                                   =================================================
2026-01-18 23:35:09 - mkk_pika - database.py:101 - INFO - 保存成功：人外合集(一堆)
2026-01-18 23:35:09 - mkk_pika - main.py:35 - INFO - 开始检查人外合集。是否存在未下载章节
2026-01-18 23:35:09 - mkk_pika - main.py:45 - INFO - 正在下载:[人外合集。]-[不明]-[['同人', '長篇', '非人類']]-[total_pages:435]
2026-01-18 23:35:09 - mkk_pika - main.py:49 - INFO - [{'_id': '58218c7e5f6b9a4f93e0fb69', 'title': '第1集', 'order': 1, 'updated_at': '2016-11-08T08:27:42.890Z', 'id': '58218c7e5f6b9a4f93e0fb69'}, {'_id': '58218c7f5f6b9a4f93e0fb97', 'title': '第2集', 'order': 2, 'updated_at': '2016-11-08T08:27:43.204Z', 'id': '58218c7f5f6b9a4f93e0fb97'}, {'_id': '58218c7f5f6b9a4f93e0fbd5', 'title': '第3集', 'order': 3, 'updated_at': '2016-11-08T08:27:43.574Z', 'id': '58218c7f5f6b9a4f93e0fbd5'}, {'_id': '58218c805f6b9a4f93e0fc0f', 'title': '第4集', 'order': 4, 'updated_at': '2016-11-08T08:27:44.023Z', 'id': '58218c805f6b9a4f93e0fc0f'}, {'_id': '58218c805f6b9a4f93e0fc53', 'title': '第5集', 'order': 5, 'updated_at': '2016-11-08T08:27:44.632Z', 'id': '58218c805f6b9a4f93e0fc53'}, {'_id': '58218c815f6b9a4f93e0fc77', 'title': '第6集', 'order': 6, 'updated_at': '2016-11-08T08:27:45.417Z', 'id': '58218c815f6b9a4f93e0fc77'}, {'_id': '58218c815f6b9a4f93e0fc9d', 'title': '第7集', 'order': 7, 'updated_at': '2016-11-08T08:27:45.794Z', 'id': '58218c815f6b9a4f93e0fc9d'}, {'_id': '58218c825f6b9a4f93e0fcc5', 'title': '第8集', 'order': 8, 'updated_at': '2016-11-08T08:27:46.355Z', 'id': '58218c825f6b9a4f93e0fcc5'}, {'_id': '58218c825f6b9a4f93e0fce7', 'title': '第9集', 'order': 9, 'updated_at': '2016-11-08T08:27:46.690Z', 'id': '58218c825f6b9a4f93e0fce7'}, {'_id': '58218c835f6b9a4f93e0fd17', 'title': '第10集', 'order': 10, 'updated_at': '2016-11-08T08:27:47.025Z', 'id': '58218c835f6b9a4f93e0fd17'}, {'_id': '58218c835f6b9a4f93e0fd47', 'title': '第11集', 'order': 11, 'updated_at': '2016-11-08T08:27:47.618Z', 'id': '58218c835f6b9a4f93e0fd47'}, {'_id': '58218c845f6b9a4f93e0fd7b', 'title': '第12集', 'order': 12, 'updated_at': '2016-11-08T08:27:48.302Z', 'id': '58218c845f6b9a4f93e0fd7b'}, {'_id': '58218c855f6b9a4f93e0fdb3', 'title': '第13集', 'order': 13, 'updated_at': '2016-11-08T08:27:49.019Z', 'id': '58218c855f6b9a4f93e0fdb3'}, {'_id': '58218c855f6b9a4f93e0fde1', 'title': '第14集', 'order': 14, 'updated_at': '2016-11-08T08:27:49.348Z', 'id': '58218c855f6b9a4f93e0fde1'}, {'_id': '58218c855f6b9a4f93e0fdeb', 'title': '第15集', 'order': 15, 'updated_at': '2016-11-08T08:27:49.672Z', 'id': '58218c855f6b9a4f93e0fdeb'}, {'_id': '58218c865f6b9a4f93e0fe13', 'title': '第16集', 'order': 16, 'updated_at': '2016-11-08T08:27:50.003Z', 'id': '58218c865f6b9a4f93e0fe13'}, {'_id': '58218c865f6b9a4f93e0fe51', 'title': '第17集', 'order': 17, 'updated_at': '2016-11-08T08:27:50.370Z', 'id': '58218c865f6b9a4f93e0fe51'}, {'_id': '58218c875f6b9a4f93e0fe8b', 'title': '第18集', 'order': 18, 'updated_at': '2016-11-08T08:27:51.085Z', 'id': '58218c875f6b9a4f93e0fe8b'}, {'_id': '58218c875f6b9a4f93e0fecb', 'title': '第19集', 'order': 19, 'updated_at': '2016-11-08T08:27:51.591Z', 'id': '58218c875f6b9a4f93e0fecb'}]
2026-01-18 23:35:09 - mkk_pika - database.py:215 - INFO - 第一次下载该漫画，记录数据库中
2026-01-18 23:35:09 - mkk_pika - main.py:83 - INFO - 找到 22 张图片在:第1集
2026-01-18 23:35:11 - mkk_pika - main.py:112 - INFO - [episode:第1集       ] downloaded:    22, total:  22, progress:100%
2026-01-18 23:35:11 - mkk_pika - database.py:238 - INFO - 数据库更新已下载章节
2026-01-18 23:35:11 - mkk_pika - database.py:244 - INFO - 该漫画已下载章节如下
2026-01-18 23:35:11 - mkk_pika - database.py:245 - INFO - ['第1集']
2026-01-18 23:35:12 - mkk_pika - main.py:83 - INFO - 找到 30 张图片在:第2集
2026-01-18 23:35:14 - mkk_pika - main.py:112 - INFO - [episode:第2集       ] downloaded:    30, total:  30, progress:100%
2026-01-18 23:35:14 - mkk_pika - database.py:238 - INFO - 数据库更新已下载章节
2026-01-18 23:35:14 - mkk_pika - database.py:244 - INFO - 该漫画已下载章节如下
2026-01-18 23:35:14 - mkk_pika - database.py:245 - INFO - ['第1集', '第2集']
2026-01-18 23:35:16 - mkk_pika - main.py:83 - INFO - 找到 28 张图片在:第3集
2026-01-18 23:35:17 - mkk_pika - main.py:112 - INFO - [episode:第3集       ] downloaded:    28, total:  28, progress:100%
2026-01-18 23:35:17 - mkk_pika - database.py:238 - INFO - 数据库更新已下载章节
2026-01-18 23:35:17 - mkk_pika - database.py:244 - INFO - 该漫画已下载章节如下
2026-01-18 23:35:17 - mkk_pika - database.py:245 - INFO - ['第1集', '第2集', '第3集']
2026-01-18 23:35:19 - mkk_pika - main.py:83 - INFO - 找到 33 张图片在:第4集
2026-01-18 23:35:21 - mkk_pika - main.py:112 - INFO - [episode:第4集       ] downloaded:    33, total:  33, progress:100%
2026-01-18 23:35:21 - mkk_pika - database.py:238 - INFO - 数据库更新已下载章节
2026-01-18 23:35:21 - mkk_pika - database.py:244 - INFO - 该漫画已下载章节如下
2026-01-18 23:35:21 - mkk_pika - database.py:245 - INFO - ['第1集', '第2集', '第3集', '第4集']
2026-01-18 23:35:23 - mkk_pika - main.py:83 - INFO - 找到 17 张图片在:第5集
2026-01-18 23:35:24 - mkk_pika - main.py:112 - INFO - [episode:第5集       ] downloaded:    17, total:  17, progress:100%
2026-01-18 23:35:24 - mkk_pika - database.py:238 - INFO - 数据库更新已下载章节
2026-01-18 23:35:24 - mkk_pika - database.py:244 - INFO - 该漫画已下载章节如下
2026-01-18 23:35:24 - mkk_pika - database.py:245 - INFO - ['第1集', '第2集', '第3集', '第4集', '第5集']
2026-01-18 23:35:25 - mkk_pika - main.py:83 - INFO - 找到 18 张图片在:第6集
2026-01-18 23:35:26 - mkk_pika - main.py:112 - INFO - [episode:第6集       ] downloaded:    18, total:  18, progress:100%
2026-01-18 23:35:26 - mkk_pika - database.py:238 - INFO - 数据库更新已下载章节
2026-01-18 23:35:26 - mkk_pika - database.py:244 - INFO - 该漫画已下载章节如下
2026-01-18 23:35:26 - mkk_pika - database.py:245 - INFO - ['第1集', '第2集', '第3集', '第4集', '第5集', '第6集']
2026-01-18 23:35:28 - mkk_pika - main.py:83 - INFO - 找到 19 张图片在:第7集
2026-01-18 23:35:29 - mkk_pika - main.py:112 - INFO - [episode:第7集       ] downloaded:    19, total:  19, progress:100%
2026-01-18 23:35:29 - mkk_pika - database.py:238 - INFO - 数据库更新已下载章节
2026-01-18 23:35:29 - mkk_pika - database.py:244 - INFO - 该漫画已下载章节如下
2026-01-18 23:35:29 - mkk_pika - database.py:245 - INFO - ['第1集', '第2集', '第3集', '第4集', '第5集', '第6集', '第7集']
2026-01-18 23:35:31 - mkk_pika - main.py:83 - INFO - 找到 16 张图片在:第8集
2026-01-18 23:35:32 - mkk_pika - main.py:112 - INFO - [episode:第8集       ] downloaded:    16, total:  16, progress:100%
2026-01-18 23:35:32 - mkk_pika - database.py:238 - INFO - 数据库更新已下载章节
2026-01-18 23:35:32 - mkk_pika - database.py:244 - INFO - 该漫画已下载章节如下
2026-01-18 23:35:32 - mkk_pika - database.py:245 - INFO - ['第1集', '第2集', '第3集', '第4集', '第5集', '第6集', '第7集', '第8集']
2026-01-18 23:35:33 - mkk_pika - main.py:83 - INFO - 找到 23 张图片在:第9集
2026-01-18 23:35:35 - mkk_pika - main.py:112 - INFO - [episode:第9集       ] downloaded:    23, total:  23, progress:100%
2026-01-18 23:35:35 - mkk_pika - database.py:238 - INFO - 数据库更新已下载章节
2026-01-18 23:35:35 - mkk_pika - database.py:244 - INFO - 该漫画已下载章节如下
2026-01-18 23:35:35 - mkk_pika - database.py:245 - INFO - ['第1集', '第2集', '第3集', '第4集', '第5集', '第6集', '第7集', '第8集', '第9集']
2026-01-18 23:35:36 - mkk_pika - main.py:83 - INFO - 找到 23 张图片在:第10集
2026-01-18 23:35:38 - mkk_pika - main.py:112 - INFO - [episode:第10集      ] downloaded:    23, total:  23, progress:100%
2026-01-18 23:35:38 - mkk_pika - database.py:238 - INFO - 数据库更新已下载章节
2026-01-18 23:35:38 - mkk_pika - database.py:244 - INFO - 该漫画已下载章节如下
2026-01-18 23:35:38 - mkk_pika - database.py:245 - INFO - ['第1集', '第2集', '第3集', '第4集', '第5集', '第6集', '第7集', '第8集', '第9集', '第10集']
2026-01-18 23:35:39 - mkk_pika - main.py:83 - INFO - 找到 25 张图片在:第11集
2026-01-18 23:35:41 - mkk_pika - main.py:112 - INFO - [episode:第11集      ] downloaded:    25, total:  25, progress:100%
2026-01-18 23:35:41 - mkk_pika - database.py:238 - INFO - 数据库更新已下载章节
2026-01-18 23:35:41 - mkk_pika - database.py:244 - INFO - 该漫画已下载章节如下
2026-01-18 23:35:41 - mkk_pika - database.py:245 - INFO - ['第1集', '第2集', '第3集', '第4集', '第5集', '第6集', '第7集', '第8集', '第9集', '第10集', '第11集']
2026-01-18 23:35:43 - mkk_pika - main.py:83 - INFO - 找到 27 张图片在:第12集
2026-01-18 23:35:44 - mkk_pika - main.py:112 - INFO - [episode:第12集      ] downloaded:    27, total:  27, progress:100%
2026-01-18 23:35:44 - mkk_pika - database.py:238 - INFO - 数据库更新已下载章节
2026-01-18 23:35:44 - mkk_pika - database.py:244 - INFO - 该漫画已下载章节如下
2026-01-18 23:35:44 - mkk_pika - database.py:245 - INFO - ['第1集', '第2集', '第3集', '第4集', '第5集', '第6集', '第7集', '第8集', '第9集', '第10集', '第11集', '第12集']
2026-01-18 23:35:46 - mkk_pika - main.py:83 - INFO - 找到 22 张图片在:第13集
2026-01-18 23:35:47 - mkk_pika - main.py:112 - INFO - [episode:第13集      ] downloaded:    22, total:  22, progress:100%
2026-01-18 23:35:47 - mkk_pika - database.py:238 - INFO - 数据库更新已下载章节
2026-01-18 23:35:47 - mkk_pika - database.py:244 - INFO - 该漫画已下载章节如下
2026-01-18 23:35:47 - mkk_pika - database.py:245 - INFO - ['第1集', '第2集', '第3集', '第4集', '第5集', '第6集', '第7集', '第8集', '第9集', '第10集', '第11集', '第12集', '第13集']
2026-01-18 23:35:49 - mkk_pika - main.py:83 - INFO - 找到 4 张图片在:第14集
2026-01-18 23:35:49 - mkk_pika - main.py:112 - INFO - [episode:第14集      ] downloaded:     4, total:   4, progress:100%
2026-01-18 23:35:49 - mkk_pika - database.py:238 - INFO - 数据库更新已下载章节
2026-01-18 23:35:49 - mkk_pika - database.py:244 - INFO - 该漫画已下载章节如下
2026-01-18 23:35:49 - mkk_pika - database.py:245 - INFO - ['第1集', '第2集', '第3集', '第4集', '第5集', '第6集', '第7集', '第8集', '第9集', '第10集', '第11集', '第12集', '第13集', '第14集']
2026-01-18 23:35:51 - mkk_pika - main.py:83 - INFO - 找到 19 张图片在:第15集
2026-01-18 23:35:52 - mkk_pika - main.py:112 - INFO - [episode:第15集      ] downloaded:    19, total:  19, progress:100%
2026-01-18 23:35:52 - mkk_pika - database.py:238 - INFO - 数据库更新已下载章节
2026-01-18 23:35:52 - mkk_pika - database.py:244 - INFO - 该漫画已下载章节如下
2026-01-18 23:35:52 - mkk_pika - database.py:245 - INFO - ['第1集', '第2集', '第3集', '第4集', '第5集', '第6集', '第7集', '第8集', '第9集', '第10集', '第11集', '第12集', '第13集', '第14集', '第15集']
2026-01-18 23:35:53 - mkk_pika - main.py:83 - INFO - 找到 30 张图片在:第16集
2026-01-18 23:35:55 - mkk_pika - main.py:112 - INFO - [episode:第16集      ] downloaded:    30, total:  30, progress:100%
2026-01-18 23:35:55 - mkk_pika - database.py:238 - INFO - 数据库更新已下载章节
2026-01-18 23:35:55 - mkk_pika - database.py:244 - INFO - 该漫画已下载章节如下
2026-01-18 23:35:55 - mkk_pika - database.py:245 - INFO - ['第1集', '第2集', '第3集', '第4集', '第5集', '第6集', '第7集', '第8集', '第9集', '第10集', '第11集', '第12集', '第13集', '第14集', '第15集', '第16集']
2026-01-18 23:35:57 - mkk_pika - main.py:83 - INFO - 找到 28 张图片在:第17集
2026-01-18 23:35:59 - mkk_pika - main.py:112 - INFO - [episode:第17集      ] downloaded:    28, total:  28, progress:100%
2026-01-18 23:35:59 - mkk_pika - database.py:238 - INFO - 数据库更新已下载章节
2026-01-18 23:35:59 - mkk_pika - database.py:244 - INFO - 该漫画已下载章节如下
2026-01-18 23:35:59 - mkk_pika - database.py:245 - INFO - ['第1集', '第2集', '第3集', '第4集', '第5集', '第6集', '第7集', '第8集', '第9集', '第10集', '第11集', '第12集', '第13集', '第14集', '第15集', '第16集', '第17集']
2026-01-18 23:36:00 - mkk_pika - main.py:83 - INFO - 找到 31 张图片在:第18集
2026-01-18 23:36:02 - mkk_pika - main.py:112 - INFO - [episode:第18集      ] downloaded:    31, total:  31, progress:100%
2026-01-18 23:36:02 - mkk_pika - database.py:238 - INFO - 数据库更新已下载章节
2026-01-18 23:36:02 - mkk_pika - database.py:244 - INFO - 该漫画已下载章节如下
2026-01-18 23:36:02 - mkk_pika - database.py:245 - INFO - ['第1集', '第2集', '第3集', '第4集', '第5集', '第6集', '第7集', '第8集', '第9集', '第10集', '第11集', '第12集', '第13集', '第14集', '第15集', '第16集', '第17集', '第18集']
2026-01-18 23:36:04 - mkk_pika - main.py:83 - INFO - 找到 20 张图片在:第19集
2026-01-18 23:36:05 - mkk_pika - main.py:112 - INFO - [episode:第19集      ] downloaded:    20, total:  20, progress:100%
2026-01-18 23:36:05 - mkk_pika - database.py:238 - INFO - 数据库更新已下载章节
2026-01-18 23:36:05 - mkk_pika - database.py:244 - INFO - 该漫画已下载章节如下
2026-01-18 23:36:05 - mkk_pika - database.py:245 - INFO - ['第1集', '第2集', '第3集', '第4集', '第5集', '第6集', '第7集', '第8集', '第9集', '第10集', '第11集', '第12集', '第13集', '第14集', '第15集', '第16集', '第17集', '第18集', '第19集']
2026-01-18 23:36:06 - mkk_pika - main.py:348 - INFO - ==================== 漫画信息 ====================
                                   漫画ID：58218c7e5f6b9a4f93e0fb67
                                   标题：人外合集。
                                   作者：不明
                                   是否完结：否
                                   总页数：435
                                   分类：同人,長篇,非人類
                                   章节数：19
                                   最后更新时间：2008-04-22T20:47:23.000Z
                                   =================================================
2026-01-18 23:36:06 - mkk_pika - database.py:101 - INFO - 保存成功：人外合集。
2026-01-18 23:36:06 - mkk_pika - main.py:35 - INFO - 开始检查珠羅玉魔魅PRETTY BOX (テイルズオブジアビス)是否存在未下载章节
2026-01-18 23:36:07 - mkk_pika - main.py:45 - INFO - 正在下载:[珠羅玉魔魅PRETTY BOX (テイルズオブジアビス)]-[PRETTY BOX]-[['短篇']]-[total_pages:28]
2026-01-18 23:36:07 - mkk_pika - main.py:49 - INFO - [{'_id': '58218c885f6b9a4f93e0fef7', 'title': '第1集', 'order': 1, 'updated_at': '2016-11-08T08:27:52.399Z', 'id': '58218c885f6b9a4f93e0fef7'}]
2026-01-18 23:36:07 - mkk_pika - database.py:215 - INFO - 第一次下载该漫画，记录数据库中
2026-01-18 23:36:07 - mkk_pika - main.py:83 - INFO - 找到 28 张图片在:第1集
2026-01-18 23:36:09 - mkk_pika - main.py:112 - INFO - [episode:第1集       ] downloaded:    28, total:  28, progress:100%
2026-01-18 23:36:09 - mkk_pika - database.py:238 - INFO - 数据库更新已下载章节
2026-01-18 23:36:09 - mkk_pika - database.py:244 - INFO - 该漫画已下载章节如下
2026-01-18 23:36:09 - mkk_pika - database.py:245 - INFO - ['第1集']
2026-01-18 23:36:10 - mkk_pika - main.py:348 - INFO - ==================== 漫画信息 ====================
                                   漫画ID：58218c875f6b9a4f93e0fef5
                                   标题：珠羅玉魔魅PRETTY BOX (テイルズオブジアビス)
                                   作者：PRETTY BOX
                                   是否完结：否
                                   总页数：28
                                   分类：短篇
                                   章节数：1
                                   最后更新时间：2008-04-23T06:47:23.000Z
                                   =================================================
2026-01-18 23:36:10 - mkk_pika - database.py:101 - INFO - 保存成功：珠羅玉魔魅PRETTY BOX (テイルズオブジアビス)
2026-01-18 23:36:10 - mkk_pika - main.py:35 - INFO - 开始检查把师傅x了是否存在未下载章节
2026-01-18 23:36:11 - mkk_pika - main.py:45 - INFO - 正在下载:[把师傅x了]-[不明]-[['同人', '短篇']]-[total_pages:20]
2026-01-18 23:36:11 - mkk_pika - main.py:49 - INFO - [{'_id': '58218c895f6b9a4f93e0ff33', 'title': '第1集', 'order': 1, 'updated_at': '2016-11-08T08:27:53.198Z', 'id': '58218c895f6b9a4f93e0ff33'}]
2026-01-18 23:36:11 - mkk_pika - database.py:215 - INFO - 第一次下载该漫画，记录数据库中
2026-01-18 23:36:11 - mkk_pika - main.py:83 - INFO - 找到 20 张图片在:第1集
2026-01-18 23:36:13 - mkk_pika - main.py:112 - INFO - [episode:第1集       ] downloaded:    20, total:  20, progress:100%
2026-01-18 23:36:13 - mkk_pika - database.py:238 - INFO - 数据库更新已下载章节
2026-01-18 23:36:13 - mkk_pika - database.py:244 - INFO - 该漫画已下载章节如下
2026-01-18 23:36:13 - mkk_pika - database.py:245 - INFO - ['第1集']
2026-01-18 23:36:14 - mkk_pika - main.py:348 - INFO - ==================== 漫画信息 ====================
                                   漫画ID：58218c885f6b9a4f93e0ff31
                                   标题：把师傅x了
                                   作者：不明
                                   是否完结：是
                                   总页数：20
                                   分类：同人,短篇
                                   章节数：1
                                   最后更新时间：2008-04-23T16:47:23.000Z
                                   =================================================
2026-01-18 23:36:14 - mkk_pika - database.py:101 - INFO - 保存成功：把师傅x了
2026-01-18 23:36:14 - mkk_pika - main.py:35 - INFO - 开始检查おとながおもちゃ是否存在未下载章节
2026-01-18 23:36:14 - mkk_pika - main.py:45 - INFO - 正在下载:[おとながおもちゃ]-[西安]-[['人妻', '長篇', '姐姐系']]-[total_pages:210]
2026-01-18 23:36:14 - mkk_pika - main.py:49 - INFO - [{'_id': '58218c895f6b9a4f93e0ff5f', 'title': '第1集', 'order': 1, 'updated_at': '2016-11-08T08:27:53.591Z', 'id': '58218c895f6b9a4f93e0ff5f'}]
2026-01-18 23:36:14 - mkk_pika - database.py:215 - INFO - 第一次下载该漫画，记录数据库中
2026-01-18 23:36:16 - mkk_pika - main.py:83 - INFO - 找到 210 张图片在:第1集
2026-01-18 23:36:29 - mkk_pika - main.py:112 - INFO - [episode:第1集       ] downloaded:   210, total: 210, progress:100%
2026-01-18 23:36:29 - mkk_pika - database.py:238 - INFO - 数据库更新已下载章节
2026-01-18 23:36:29 - mkk_pika - database.py:244 - INFO - 该漫画已下载章节如下
2026-01-18 23:36:29 - mkk_pika - database.py:245 - INFO - ['第1集']
2026-01-18 23:36:30 - mkk_pika - main.py:348 - INFO - ==================== 漫画信息 ====================
                                   漫画ID：58218c895f6b9a4f93e0ff5d
                                   标题：おとながおもちゃ
                                   作者：西安
                                   是否完结：是
                                   总页数：210
                                   分类：人妻,長篇,姐姐系
                                   章节数：1
                                   最后更新时间：2008-04-24T02:47:23.000Z
                                   =================================================
2026-01-18 23:36:30 - mkk_pika - database.py:101 - INFO - 保存成功：おとながおもちゃ
2026-01-18 23:36:30 - mkk_pika - main.py:35 - INFO - 开始检查U・M・R! (干物妹!うまるちゃん)是否存在未下载章节
2026-01-18 23:36:31 - mkk_pika - main.py:45 - INFO - 正在下载:[U・M・R! (干物妹!うまるちゃん)]-[無限軌道A (トモセシュンサク)]-[['同人', '短篇', '後宮閃光', '妹妹系']]-[total_pages:24]
2026-01-18 23:36:31 - mkk_pika - main.py:49 - INFO - [{'_id': '6084503484dcea1a3a281aeb', 'title': '第1話', 'order': 1, 'updated_at': '2021-04-24T05:44:11.467Z', 'id': '6084503484dcea1a3a281aeb'}]
2026-01-18 23:36:31 - mkk_pika - database.py:215 - INFO - 第一次下载该漫画，记录数据库中
2026-01-18 23:36:31 - mkk_pika - main.py:83 - INFO - 找到 24 张图片在:第1話
2026-01-18 23:36:33 - mkk_pika - main.py:112 - INFO - [episode:第1話       ] downloaded:    24, total:  24, progress:100%
2026-01-18 23:36:33 - mkk_pika - database.py:238 - INFO - 数据库更新已下载章节
2026-01-18 23:36:33 - mkk_pika - database.py:244 - INFO - 该漫画已下载章节如下
2026-01-18 23:36:33 - mkk_pika - database.py:245 - INFO - ['第1話']
2026-01-18 23:36:34 - mkk_pika - main.py:348 - INFO - ==================== 漫画信息 ====================
                                   漫画ID：58218c8a5f6b9a4f93e10105
                                   标题：U・M・R! (干物妹!うまるちゃん)
                                   作者：無限軌道A (トモセシュンサク)
                                   是否完结：是
                                   总页数：24
                                   分类：同人,短篇,後宮閃光,妹妹系
                                   章节数：1
                                   最后更新时间：2008-04-24T12:47:23.000Z
                                   =================================================
2026-01-18 23:36:34 - mkk_pika - database.py:101 - INFO - 保存成功：U・M・R! (干物妹!うまるちゃん)
2026-01-18 23:36:34 - mkk_pika - main.py:35 - INFO - 开始检查夏の夕暮れ小道是否存在未下载章节
2026-01-18 23:36:35 - mkk_pika - main.py:45 - INFO - 正在下载:[夏の夕暮れ小道]-[なるさわ景]-[['長篇', '純愛']]-[total_pages:205]
2026-01-18 23:36:35 - mkk_pika - main.py:49 - INFO - [{'_id': '58218c8b5f6b9a4f93e10137', 'title': '第1集', 'order': 1, 'updated_at': '2016-11-08T08:27:55.387Z', 'id': '58218c8b5f6b9a4f93e10137'}]
2026-01-18 23:36:35 - mkk_pika - database.py:215 - INFO - 第一次下载该漫画，记录数据库中
2026-01-18 23:36:37 - mkk_pika - main.py:83 - INFO - 找到 205 张图片在:第1集
2026-01-18 23:36:50 - mkk_pika - main.py:112 - INFO - [episode:第1集       ] downloaded:   205, total: 205, progress:100%
2026-01-18 23:36:50 - mkk_pika - database.py:238 - INFO - 数据库更新已下载章节
2026-01-18 23:36:50 - mkk_pika - database.py:244 - INFO - 该漫画已下载章节如下
2026-01-18 23:36:50 - mkk_pika - database.py:245 - INFO - ['第1集']
2026-01-18 23:36:51 - mkk_pika - main.py:348 - INFO - ==================== 漫画信息 ====================
                                   漫画ID：58218c8b5f6b9a4f93e10135
                                   标题：夏の夕暮れ小道
                                   作者：なるさわ景
                                   是否完结：是
                                   总页数：205
                                   分类：長篇,純愛
                                   章节数：1
                                   最后更新时间：2008-04-24T22:47:23.000Z
                                   =================================================
2026-01-18 23:36:51 - mkk_pika - database.py:101 - INFO - 保存成功：夏の夕暮れ小道
2026-01-18 23:36:51 - mkk_pika - main.py:35 - INFO - 开始检查ギワクとミワク & ふたりのオモチャ是否存在未下载章节
2026-01-18 23:36:51 - mkk_pika - main.py:45 - INFO - 正在下载:[ギワクとミワク & ふたりのオモチャ]-[utu]-[['短篇', '後宮閃光', '姐姐系', '純愛']]-[total_pages:42]
2026-01-18 23:36:51 - mkk_pika - main.py:49 - INFO - [{'_id': '58218c8e5f6b9a4f93e10351', 'title': '第1集', 'order': 1, 'updated_at': '2016-11-08T08:27:58.538Z', 'id': '58218c8e5f6b9a4f93e10351'}]
2026-01-18 23:36:51 - mkk_pika - database.py:215 - INFO - 第一次下载该漫画，记录数据库中
2026-01-18 23:36:52 - mkk_pika - main.py:83 - INFO - 找到 42 张图片在:第1集
2026-01-18 23:36:55 - mkk_pika - main.py:112 - INFO - [episode:第1集       ] downloaded:    42, total:  42, progress:100%
2026-01-18 23:36:55 - mkk_pika - database.py:238 - INFO - 数据库更新已下载章节
2026-01-18 23:36:55 - mkk_pika - database.py:244 - INFO - 该漫画已下载章节如下
2026-01-18 23:36:55 - mkk_pika - database.py:245 - INFO - ['第1集']
2026-01-18 23:36:56 - mkk_pika - main.py:348 - INFO - ==================== 漫画信息 ====================
                                   漫画ID：58218c8e5f6b9a4f93e1034f
                                   标题：ギワクとミワク & ふたりのオモチャ
                                   作者：utu
                                   是否完结：是
                                   总页数：42
                                   分类：短篇,後宮閃光,姐姐系,純愛
                                   章节数：1
                                   最后更新时间：2008-04-25T18:47:23.000Z
                                   =================================================
2026-01-18 23:36:56 - mkk_pika - database.py:101 - INFO - 保存成功：ギワクとミワク & ふたりのオモチャ
2026-01-18 23:36:56 - mkk_pika - main.py:35 - INFO - 开始检查ハリーポッター (哈利波特)是否存在未下载章节
2026-01-18 23:36:56 - mkk_pika - main.py:45 - INFO - 正在下载:[ハリーポッター (哈利波特)]-[アンソロジー]-[['同人', '長篇', '強暴']]-[total_pages:476]
2026-01-18 23:36:56 - mkk_pika - main.py:49 - INFO - [{'_id': '58218c8f5f6b9a4f93e103a9', 'title': '第1集', 'order': 1, 'updated_at': '2016-11-08T08:27:59.225Z', 'id': '58218c8f5f6b9a4f93e103a9'}, {'_id': '58218c905f6b9a4f93e104eb', 'title': '第2集', 'order': 2, 'updated_at': '2016-11-08T08:28:00.263Z', 'id': '58218c905f6b9a4f93e104eb'}, {'_id': '58218c915f6b9a4f93e10629', 'title': '第3集', 'order': 3, 'updated_at': '2016-11-08T08:28:01.713Z', 'id': '58218c915f6b9a4f93e10629'}]
2026-01-18 23:36:56 - mkk_pika - database.py:215 - INFO - 第一次下载该漫画，记录数据库中
2026-01-18 23:36:58 - mkk_pika - main.py:83 - INFO - 找到 160 张图片在:第1集
2026-01-18 23:37:06 - mkk_pika - main.py:112 - INFO - [episode:第1集       ] downloaded:   160, total: 160, progress:100%
2026-01-18 23:37:06 - mkk_pika - database.py:238 - INFO - 数据库更新已下载章节
2026-01-18 23:37:06 - mkk_pika - database.py:244 - INFO - 该漫画已下载章节如下
2026-01-18 23:37:06 - mkk_pika - database.py:245 - INFO - ['第1集']
2026-01-18 23:37:09 - mkk_pika - main.py:83 - INFO - 找到 158 张图片在:第2集
2026-01-18 23:37:17 - mkk_pika - main.py:112 - INFO - [episode:第2集       ] downloaded:   158, total: 158, progress:100%
2026-01-18 23:37:17 - mkk_pika - database.py:238 - INFO - 数据库更新已下载章节
2026-01-18 23:37:17 - mkk_pika - database.py:244 - INFO - 该漫画已下载章节如下
2026-01-18 23:37:17 - mkk_pika - database.py:245 - INFO - ['第1集', '第2集']
2026-01-18 23:37:19 - mkk_pika - main.py:83 - INFO - 找到 158 张图片在:第3集
2026-01-18 23:37:29 - mkk_pika - main.py:112 - INFO - [episode:第3集       ] downloaded:   158, total: 158, progress:100%
2026-01-18 23:37:29 - mkk_pika - database.py:238 - INFO - 数据库更新已下载章节
2026-01-18 23:37:29 - mkk_pika - database.py:244 - INFO - 该漫画已下载章节如下
2026-01-18 23:37:29 - mkk_pika - database.py:245 - INFO - ['第1集', '第2集', '第3集']
2026-01-18 23:37:30 - mkk_pika - main.py:348 - INFO - ==================== 漫画信息 ====================
                                   漫画ID：58218c8e5f6b9a4f93e103a7
                                   标题：ハリーポッター (哈利波特)
                                   作者：アンソロジー
                                   是否完结：是
                                   总页数：476
                                   分类：同人,長篇,強暴
                                   章节数：3
                                   最后更新时间：2008-04-26T04:47:23.000Z
                                   =================================================
2026-01-18 23:37:30 - mkk_pika - database.py:101 - INFO - 保存成功：ハリーポッター (哈利波特)
2026-01-18 23:37:30 - mkk_pika - main.py:380 - INFO - 本次任务下载完毕
2026-01-18 23:37:30 - mkk_pika - database.py:173 - INFO - 数据库连接已关闭
