2026-03-09 23:37:57 - mkk_pika - main.py:193 - INFO - =======================================================================
2026-03-09 23:37:57 - mkk_pika - database.py:61 - INFO - 表和索引初始化成功
2026-03-09 23:37:57 - mkk_pika - main.py:197 - INFO - 已经累计下载3477本漫画
2026-03-09 23:37:57 - mkk_pika - api.py:87 - INFO - 登录成功
2026-03-09 23:37:58 - mkk_pika - main.py:203 - INFO - 收藏夹共计0本漫画
2026-03-09 23:37:58 - mkk_pika - main.py:206 - INFO - 开始下载收藏夹内未下载内容
2026-03-09 23:37:58 - mkk_pika - main.py:266 - INFO - 收藏夹内容下载完毕
2026-03-09 23:37:58 - mkk_pika - main.py:268 - INFO - 开始下载订阅内容
2026-03-09 23:37:58 - mkk_pika - database.py:258 - INFO - 根据ID查询到标题：萝莉 -> 淫乱猫は夜に啼く 肛門性交編 PART1 | 淫乱之猫于夜晚啼叫 肛门性交篇 PART1
2026-03-09 23:37:58 - mkk_pika - database.py:101 - INFO - 保存成功：できたらはさんであげます!る
2026-03-09 23:37:58 - mkk_pika - main.py:273 - INFO - 关键词萝莉找到2本漫画
2026-03-09 23:37:58 - mkk_pika - database.py:258 - INFO - 根据ID查询到标题：蘿莉 -> (C106)  好奇心は開拓者の部屋で (崩壊:スターレイル) [中国翻訳]
2026-03-09 23:37:59 - mkk_pika - database.py:101 - INFO - 保存成功：キヴォトス性活日誌 | 基沃托斯色色日记
2026-03-09 23:37:59 - mkk_pika - main.py:273 - INFO - 关键词蘿莉找到5本漫画
2026-03-09 23:37:59 - mkk_pika - main.py:275 - INFO - 订阅内容共计7本漫画
2026-03-09 23:37:59 - mkk_pika - main.py:35 - INFO - 开始检查双子堕とし～アナタをマゾにしてあげる～是否存在未下载章节
2026-03-09 23:37:59 - mkk_pika - main.py:45 - INFO - 正在下载:[双子堕とし～アナタをマゾにしてあげる～]-[サケイチバ (左門しう)]-[['短篇', '同人', 'SM']]-[total_pages:-1]
2026-03-09 23:37:59 - mkk_pika - main.py:49 - INFO - [{'_id': '69af026ea818ea79e53dd360', 'title': '第1話', 'order': 1, 'updated_at': '2026-03-08T14:10:42.943Z', 'id': '69af026ea818ea79e53dd360'}]
2026-03-09 23:37:59 - mkk_pika - database.py:215 - INFO - 第一次下载该漫画，记录数据库中
2026-03-09 23:38:00 - mkk_pika - main.py:83 - INFO - 找到 57 张图片在:第1話
2026-03-09 23:38:02 - mkk_pika - main.py:112 - INFO - [episode:第1話       ] downloaded:    57, total:  57, progress:100%
2026-03-09 23:38:02 - mkk_pika - database.py:238 - INFO - 数据库更新已下载章节
2026-03-09 23:38:02 - mkk_pika - database.py:244 - INFO - 该漫画已下载章节如下
2026-03-09 23:38:02 - mkk_pika - database.py:245 - INFO - ['第1話']
2026-03-09 23:38:04 - mkk_pika - main.py:292 - INFO - ==================== 漫画信息 ====================
                                漫画ID：69af026ea818ea79e53dd35f
                                标题：双子堕とし～アナタをマゾにしてあげる～
                                作者：サケイチバ (左門しう)
                                是否完结：是
                                总页数：57
                                分类：短篇,同人,SM
                                章节数：1
                                最后更新时间：2026-03-09T17:25:02.388Z
                                =================================================
2026-03-09 23:38:04 - mkk_pika - database.py:101 - INFO - 保存成功：双子堕とし～アナタをマゾにしてあげる～
2026-03-09 23:38:04 - mkk_pika - main.py:35 - INFO - 开始检查できたらはさんであげます!る是否存在未下载章节
2026-03-09 23:38:04 - mkk_pika - main.py:45 - INFO - 正在下载:[できたらはさんであげます!る]-[オセロアイス (shuz)]-[['長篇']]-[total_pages:-1]
2026-03-09 23:38:04 - mkk_pika - main.py:49 - INFO - [{'_id': '5d22233aa6fcef4c68751675', 'title': '第1集', 'order': 1, 'updated_at': '2019-07-07T13:44:40.456Z', 'id': '5d22233aa6fcef4c68751675'}, {'_id': '69359e2aaaa57d2d465ee4aa', 'title': '第2話生肉', 'order': 2, 'updated_at': '2026-03-09T17:22:25.313Z', 'id': '69359e2aaaa57d2d465ee4aa'}, {'_id': '69af01d13b145f3140ed4167', 'title': '第2話熟肉', 'order': 3, 'updated_at': '2026-03-08T12:47:22.961Z', 'id': '69af01d13b145f3140ed4167'}]
2026-03-09 23:38:04 - mkk_pika - database.py:215 - INFO - 第一次下载该漫画，记录数据库中
2026-03-09 23:38:05 - mkk_pika - main.py:83 - INFO - 找到 26 张图片在:第1集
2026-03-09 23:38:06 - mkk_pika - main.py:112 - INFO - [episode:第1集       ] downloaded:    26, total:  26, progress:100%
2026-03-09 23:38:06 - mkk_pika - database.py:238 - INFO - 数据库更新已下载章节
2026-03-09 23:38:06 - mkk_pika - database.py:244 - INFO - 该漫画已下载章节如下
2026-03-09 23:38:06 - mkk_pika - database.py:245 - INFO - ['第1集']
2026-03-09 23:38:08 - mkk_pika - main.py:83 - INFO - 找到 75 张图片在:第2話生肉
2026-03-09 23:38:12 - mkk_pika - main.py:112 - INFO - [episode:第2話生肉     ] downloaded:    75, total:  75, progress:100%
2026-03-09 23:38:12 - mkk_pika - database.py:238 - INFO - 数据库更新已下载章节
2026-03-09 23:38:12 - mkk_pika - database.py:244 - INFO - 该漫画已下载章节如下
2026-03-09 23:38:12 - mkk_pika - database.py:245 - INFO - ['第1集', '第2話生肉']
2026-03-09 23:38:14 - mkk_pika - main.py:83 - INFO - 找到 75 张图片在:第2話熟肉
2026-03-09 23:38:17 - mkk_pika - main.py:112 - INFO - [episode:第2話熟肉     ] downloaded:    75, total:  75, progress:100%
2026-03-09 23:38:17 - mkk_pika - database.py:238 - INFO - 数据库更新已下载章节
2026-03-09 23:38:17 - mkk_pika - database.py:244 - INFO - 该漫画已下载章节如下
2026-03-09 23:38:17 - mkk_pika - database.py:245 - INFO - ['第1集', '第2話生肉', '第2話熟肉']
2026-03-09 23:38:18 - mkk_pika - main.py:292 - INFO - ==================== 漫画信息 ====================
                                漫画ID：5d22233aa6fcef4c68751674
                                标题：できたらはさんであげます!る
                                作者：オセロアイス (shuz)
                                是否完结：否
                                总页数：176
                                分类：長篇
                                章节数：3
                                最后更新时间：2026-03-09T17:22:25.290Z
                                =================================================
2026-03-09 23:38:18 - mkk_pika - database.py:101 - INFO - 保存成功：できたらはさんであげます!る
2026-03-09 23:38:18 - mkk_pika - main.py:35 - INFO - 开始检查苦しいのが好きなマイアちゃん [无修正]是否存在未下载章节
2026-03-09 23:38:18 - mkk_pika - database.py:203 - INFO - 查询数据库中是否已存在第1話
2026-03-09 23:38:18 - mkk_pika - main.py:51 - INFO - 苦しいのが好きなマイアちゃん [无修正]中没有可下载章节
2026-03-09 23:38:19 - mkk_pika - main.py:292 - INFO - ==================== 漫画信息 ====================
                                漫画ID：69a7138385d3634a6b8ac772
                                标题：苦しいのが好きなマイアちゃん [无修正]
                                作者：ねこてゐ
                                是否完结：是
                                总页数：20
                                分类：短篇,同人
                                章节数：1
                                最后更新时间：2026-03-03T16:59:47.634Z
                                =================================================
2026-03-09 23:38:19 - mkk_pika - database.py:101 - INFO - 保存成功：苦しいのが好きなマイアちゃん [无修正]
2026-03-09 23:38:19 - mkk_pika - main.py:35 - INFO - 开始检查キヴォトス性活日誌 | 基沃托斯色色日记是否存在未下载章节
2026-03-09 23:38:19 - mkk_pika - main.py:45 - INFO - 正在下载:[キヴォトス性活日誌 | 基沃托斯色色日记]-[エゾクロテン (宮野木ジジ)]-[['同人', '長篇']]-[total_pages:-1]
2026-03-09 23:38:19 - mkk_pika - main.py:49 - INFO - [{'_id': '6772c9a610aa34407c4abf34', 'title': '-イブキ- | -伊吹篇-第1話', 'order': 1, 'updated_at': '2026-03-09T17:33:08.332Z', 'id': '6772c9a610aa34407c4abf34'}, {'_id': '68a9b32e4cace5086f16d8aa', 'title': '-イブキ- | -伊吹篇-第2話', 'order': 2, 'updated_at': '2026-03-09T17:33:08.332Z', 'id': '68a9b32e4cace5086f16d8aa'}, {'_id': '690c2f1cfa674c05980e7d12', 'title': '-イブキ- | -伊吹篇-EX', 'order': 3, 'updated_at': '2026-03-09T17:33:08.332Z', 'id': '690c2f1cfa674c05980e7d12'}, {'_id': '69af0454e4d8bc32bffd7931', 'title': '-モモイ- | -小桃篇-', 'order': 4, 'updated_at': '2026-03-09T11:31:15.354Z', 'id': '69af0454e4d8bc32bffd7931'}]
2026-03-09 23:38:19 - mkk_pika - database.py:215 - INFO - 第一次下载该漫画，记录数据库中
2026-03-09 23:38:19 - mkk_pika - main.py:83 - INFO - 找到 30 张图片在:－イブキ－︱－伊吹篇－第1話
2026-03-09 23:38:21 - mkk_pika - main.py:112 - INFO - [episode:-イブキ- | -伊吹篇-第1話] downloaded:    30, total:  30, progress:100%
2026-03-09 23:38:21 - mkk_pika - database.py:238 - INFO - 数据库更新已下载章节
2026-03-09 23:38:21 - mkk_pika - database.py:244 - INFO - 该漫画已下载章节如下
2026-03-09 23:38:21 - mkk_pika - database.py:245 - INFO - ['-イブキ- | -伊吹篇-第1話']
2026-03-09 23:38:22 - mkk_pika - main.py:83 - INFO - 找到 32 张图片在:－イブキ－︱－伊吹篇－第2話
2026-03-09 23:38:23 - mkk_pika - main.py:112 - INFO - [episode:-イブキ- | -伊吹篇-第2話] downloaded:    32, total:  32, progress:100%
2026-03-09 23:38:23 - mkk_pika - database.py:238 - INFO - 数据库更新已下载章节
2026-03-09 23:38:23 - mkk_pika - database.py:244 - INFO - 该漫画已下载章节如下
2026-03-09 23:38:23 - mkk_pika - database.py:245 - INFO - ['-イブキ- | -伊吹篇-第1話', '-イブキ- | -伊吹篇-第2話']
2026-03-09 23:38:25 - mkk_pika - main.py:83 - INFO - 找到 15 张图片在:－イブキ－︱－伊吹篇－EX
2026-03-09 23:38:26 - mkk_pika - main.py:112 - INFO - [episode:-イブキ- | -伊吹篇-EX] downloaded:    15, total:  15, progress:100%
2026-03-09 23:38:26 - mkk_pika - database.py:238 - INFO - 数据库更新已下载章节
2026-03-09 23:38:26 - mkk_pika - database.py:244 - INFO - 该漫画已下载章节如下
2026-03-09 23:38:26 - mkk_pika - database.py:245 - INFO - ['-イブキ- | -伊吹篇-第1話', '-イブキ- | -伊吹篇-第2話', '-イブキ- | -伊吹篇-EX']
2026-03-09 23:38:27 - mkk_pika - main.py:83 - INFO - 找到 31 张图片在:－モモイ－︱－小桃篇－
2026-03-09 23:38:28 - mkk_pika - main.py:112 - INFO - [episode:-モモイ- | -小桃篇-] downloaded:    31, total:  31, progress:100%
2026-03-09 23:38:28 - mkk_pika - database.py:238 - INFO - 数据库更新已下载章节
2026-03-09 23:38:28 - mkk_pika - database.py:244 - INFO - 该漫画已下载章节如下
2026-03-09 23:38:28 - mkk_pika - database.py:245 - INFO - ['-イブキ- | -伊吹篇-第1話', '-イブキ- | -伊吹篇-第2話', '-イブキ- | -伊吹篇-EX', '-モモイ- | -小桃篇-']
2026-03-09 23:38:30 - mkk_pika - main.py:292 - INFO - ==================== 漫画信息 ====================
                                漫画ID：6772c9a610aa34407c4abf33
                                标题：キヴォトス性活日誌 | 基沃托斯色色日记
                                作者：エゾクロテン (宮野木ジジ)
                                是否完结：否
                                总页数：108
                                分类：同人,長篇
                                章节数：4
                                最后更新时间：2026-03-09T17:33:08.323Z
                                =================================================
2026-03-09 23:38:30 - mkk_pika - database.py:101 - INFO - 保存成功：キヴォトス性活日誌 | 基沃托斯色色日记
2026-03-09 23:38:30 - mkk_pika - main.py:35 - INFO - 开始检查天才屍霊術士スフィアちゃんの呪難是否存在未下载章节
2026-03-09 23:38:30 - mkk_pika - database.py:203 - INFO - 查询数据库中是否已存在绅士仓库汉化
2026-03-09 23:38:30 - mkk_pika - database.py:203 - INFO - 查询数据库中是否已存在AnyaKa
2026-03-09 23:38:30 - mkk_pika - main.py:45 - INFO - 正在下载:[天才屍霊術士スフィアちゃんの呪難]-[ココアホリック (ユイザキカズヤ)]-[['短篇']]-[total_pages:-1]
2026-03-09 23:38:30 - mkk_pika - main.py:49 - INFO - [{'_id': '698e14302d32f41d46f9c1b3', 'title': '绅士仓库汉化', 'order': 1, 'updated_at': '2026-03-09T17:31:56.292Z', 'id': '698e14302d32f41d46f9c1b3'}, {'_id': '69af040c8ac80632ef6d2c1f', 'title': 'AnyaKa', 'order': 2, 'updated_at': '2026-03-09T10:38:18.814Z', 'id': '69af040c8ac80632ef6d2c1f'}]
2026-03-09 23:38:31 - mkk_pika - main.py:83 - INFO - 找到 59 张图片在:绅士仓库汉化
2026-03-09 23:38:32 - mkk_pika - main.py:112 - INFO - [episode:绅士仓库汉化    ] downloaded:    59, total:  59, progress:100%
2026-03-09 23:38:32 - mkk_pika - database.py:238 - INFO - 数据库更新已下载章节
2026-03-09 23:38:32 - mkk_pika - database.py:244 - INFO - 该漫画已下载章节如下
2026-03-09 23:38:32 - mkk_pika - database.py:245 - INFO - ['第1話', '绅士仓库汉化']
2026-03-09 23:38:34 - mkk_pika - main.py:83 - INFO - 找到 55 张图片在:AnyaKa
2026-03-09 23:38:36 - mkk_pika - main.py:112 - INFO - [episode:AnyaKa    ] downloaded:    55, total:  55, progress:100%
2026-03-09 23:38:36 - mkk_pika - database.py:238 - INFO - 数据库更新已下载章节
2026-03-09 23:38:36 - mkk_pika - database.py:244 - INFO - 该漫画已下载章节如下
2026-03-09 23:38:36 - mkk_pika - database.py:245 - INFO - ['第1話', '绅士仓库汉化', 'AnyaKa']
2026-03-09 23:38:37 - mkk_pika - main.py:292 - INFO - ==================== 漫画信息 ====================
                                漫画ID：698e14302d32f41d46f9c1b2
                                标题：天才屍霊術士スフィアちゃんの呪難
                                作者：ココアホリック (ユイザキカズヤ)
                                是否完结：是
                                总页数：114
                                分类：短篇
                                章节数：2
                                最后更新时间：2026-03-09T17:31:56.281Z
                                =================================================
2026-03-09 23:38:37 - mkk_pika - database.py:101 - INFO - 保存成功：天才屍霊術士スフィアちゃんの呪難
2026-03-09 23:38:37 - mkk_pika - main.py:35 - INFO - 开始检查日焼け少女の白いトコ♡ 褐色娘のピンクなアソコ♡是否存在未下载章节
2026-03-09 23:38:38 - mkk_pika - main.py:45 - INFO - 正在下载:[日焼け少女の白いトコ♡ 褐色娘のピンクなアソコ♡]-[高岡基文]-[['單行本']]-[total_pages:-1]
2026-03-09 23:38:38 - mkk_pika - main.py:49 - INFO - [{'_id': '69af02a7fa8177322ab99474', 'title': '第1話', 'order': 1, 'updated_at': '2026-03-08T16:20:11.859Z', 'id': '69af02a7fa8177322ab99474'}]
2026-03-09 23:38:38 - mkk_pika - database.py:215 - INFO - 第一次下载该漫画，记录数据库中
2026-03-09 23:38:40 - mkk_pika - main.py:83 - INFO - 找到 184 张图片在:第1話
2026-03-09 23:38:46 - mkk_pika - main.py:112 - INFO - [episode:第1話       ] downloaded:   184, total: 184, progress:100%
2026-03-09 23:38:46 - mkk_pika - database.py:238 - INFO - 数据库更新已下载章节
2026-03-09 23:38:46 - mkk_pika - database.py:244 - INFO - 该漫画已下载章节如下
2026-03-09 23:38:46 - mkk_pika - database.py:245 - INFO - ['第1話']
2026-03-09 23:38:47 - mkk_pika - main.py:292 - INFO - ==================== 漫画信息 ====================
                                漫画ID：69af02a7fa8177322ab99473
                                标题：日焼け少女の白いトコ♡ 褐色娘のピンクなアソコ♡
                                作者：高岡基文
                                是否完结：是
                                总页数：184
                                分类：單行本
                                章节数：1
                                最后更新时间：2026-03-09T17:25:59.278Z
                                =================================================
2026-03-09 23:38:47 - mkk_pika - database.py:101 - INFO - 保存成功：日焼け少女の白いトコ♡ 褐色娘のピンクなアソコ♡
2026-03-09 23:38:47 - mkk_pika - main.py:35 - INFO - 开始检查双子堕とし～アナタをマゾにしてあげる～是否存在未下载章节
2026-03-09 23:38:47 - mkk_pika - database.py:203 - INFO - 查询数据库中是否已存在第1話
2026-03-09 23:38:47 - mkk_pika - main.py:51 - INFO - 双子堕とし～アナタをマゾにしてあげる～中没有可下载章节
2026-03-09 23:38:47 - mkk_pika - main.py:292 - INFO - ==================== 漫画信息 ====================
                                漫画ID：69af026ea818ea79e53dd35f
                                标题：双子堕とし～アナタをマゾにしてあげる～
                                作者：サケイチバ (左門しう)
                                是否完结：是
                                总页数：57
                                分类：短篇,同人,SM
                                章节数：1
                                最后更新时间：2026-03-09T17:25:02.388Z
                                =================================================
2026-03-09 23:38:47 - mkk_pika - database.py:101 - INFO - 保存成功：双子堕とし～アナタをマゾにしてあげる～
2026-03-09 23:38:47 - mkk_pika - main.py:323 - INFO - 订阅内容内容下载完毕
2026-03-09 23:38:47 - mkk_pika - main.py:324 - INFO - 开始分批下载全部章节
2026-03-09 23:38:47 - mkk_pika - database.py:280 - INFO - 表和索引初始化成功
2026-03-09 23:38:48 - mkk_pika - main.py:177 - INFO - 已经下载了185页，一共6781页，现在开始添加第186页
2026-03-09 23:38:48 - mkk_pika - database.py:318 - INFO - 保存成功
2026-03-09 23:38:49 - mkk_pika - main.py:177 - INFO - 已经下载了186页，一共6781页，现在开始添加第187页
2026-03-09 23:38:49 - mkk_pika - database.py:318 - INFO - 保存成功
2026-03-09 23:38:49 - mkk_pika - main.py:177 - INFO - 已经下载了187页，一共6781页，现在开始添加第188页
2026-03-09 23:38:50 - mkk_pika - database.py:318 - INFO - 保存成功
2026-03-09 23:38:50 - mkk_pika - main.py:177 - INFO - 已经下载了188页，一共6781页，现在开始添加第189页
2026-03-09 23:38:51 - mkk_pika - database.py:318 - INFO - 保存成功
2026-03-09 23:38:51 - mkk_pika - main.py:331 - INFO - 分批下载共计48本漫画
2026-03-09 23:38:51 - mkk_pika - main.py:35 - INFO - 开始检查ガントライブ1是否存在未下载章节
2026-03-09 23:38:51 - mkk_pika - main.py:45 - INFO - 正在下载:[ガントライブ1]-[四万十曜太]-[['長篇', '單行本', '強暴']]-[total_pages:192]
2026-03-09 23:38:51 - mkk_pika - main.py:49 - INFO - [{'_id': '5ecbff6adc43585800a0b93b', 'title': '第1話', 'order': 1, 'updated_at': '2020-05-25T17:18:44.107Z', 'id': '5ecbff6adc43585800a0b93b'}]
2026-03-09 23:38:51 - mkk_pika - database.py:215 - INFO - 第一次下载该漫画，记录数据库中
2026-03-09 23:38:53 - mkk_pika - main.py:83 - INFO - 找到 192 张图片在:第1話
2026-03-09 23:38:57 - mkk_pika - main.py:112 - INFO - [episode:第1話       ] downloaded:   192, total: 192, progress:100%
2026-03-09 23:38:57 - mkk_pika - database.py:238 - INFO - 数据库更新已下载章节
2026-03-09 23:38:57 - mkk_pika - database.py:244 - INFO - 该漫画已下载章节如下
2026-03-09 23:38:57 - mkk_pika - database.py:245 - INFO - ['第1話']
2026-03-09 23:38:59 - mkk_pika - main.py:348 - INFO - ==================== 漫画信息 ====================
                                   漫画ID：58219ba75f6b9a4f93eb32dd
                                   标题：ガントライブ1
                                   作者：四万十曜太
                                   是否完结：是
                                   总页数：192
                                   分类：長篇,單行本,強暴
                                   章节数：1
                                   最后更新时间：2011-07-23T02:47:10.000Z
                                   =================================================
2026-03-09 23:38:59 - mkk_pika - database.py:101 - INFO - 保存成功：ガントライブ1
2026-03-09 23:38:59 - mkk_pika - main.py:35 - INFO - 开始检查ガントライブ2是否存在未下载章节
2026-03-09 23:39:00 - mkk_pika - main.py:45 - INFO - 正在下载:[ガントライブ2]-[四万十曜太]-[['長篇', '單行本', '強暴', '非人類', 'SM']]-[total_pages:212]
2026-03-09 23:39:00 - mkk_pika - main.py:49 - INFO - [{'_id': '5ecc02c2dc43585800a0baf6', 'title': '第1話', 'order': 1, 'updated_at': '2020-05-25T17:30:42.864Z', 'id': '5ecc02c2dc43585800a0baf6'}]
2026-03-09 23:39:00 - mkk_pika - database.py:215 - INFO - 第一次下载该漫画，记录数据库中
2026-03-09 23:39:02 - mkk_pika - main.py:83 - INFO - 找到 212 张图片在:第1話
2026-03-09 23:39:07 - mkk_pika - main.py:112 - INFO - [episode:第1話       ] downloaded:   212, total: 212, progress:100%
2026-03-09 23:39:07 - mkk_pika - database.py:238 - INFO - 数据库更新已下载章节
2026-03-09 23:39:07 - mkk_pika - database.py:244 - INFO - 该漫画已下载章节如下
2026-03-09 23:39:07 - mkk_pika - database.py:245 - INFO - ['第1話']
2026-03-09 23:39:08 - mkk_pika - main.py:348 - INFO - ==================== 漫画信息 ====================
                                   漫画ID：58219ba85f6b9a4f93eb3461
                                   标题：ガントライブ2
                                   作者：四万十曜太
                                   是否完结：是
                                   总页数：212
                                   分类：長篇,單行本,強暴,非人類,SM
                                   章节数：1
                                   最后更新时间：2011-07-23T12:47:10.000Z
                                   =================================================
2026-03-09 23:39:08 - mkk_pika - database.py:101 - INFO - 保存成功：ガントライブ2
2026-03-09 23:39:08 - mkk_pika - main.py:35 - INFO - 开始检查JUNK LAND是否存在未下载章节
2026-03-09 23:39:08 - mkk_pika - main.py:45 - INFO - 正在下载:[JUNK LAND]-[紙魚丸]-[['同人', '長篇', '純愛']]-[total_pages:201]
2026-03-09 23:39:08 - mkk_pika - main.py:49 - INFO - [{'_id': '58219baa5f6b9a4f93eb360f', 'title': '第1集', 'order': 1, 'updated_at': '2016-11-08T09:32:26.381Z', 'id': '58219baa5f6b9a4f93eb360f'}]
2026-03-09 23:39:08 - mkk_pika - database.py:215 - INFO - 第一次下载该漫画，记录数据库中
2026-03-09 23:39:11 - mkk_pika - main.py:83 - INFO - 找到 201 张图片在:第1集
2026-03-09 23:39:15 - mkk_pika - main.py:112 - INFO - [episode:第1集       ] downloaded:   201, total: 201, progress:100%
2026-03-09 23:39:15 - mkk_pika - database.py:238 - INFO - 数据库更新已下载章节
2026-03-09 23:39:15 - mkk_pika - database.py:244 - INFO - 该漫画已下载章节如下
2026-03-09 23:39:15 - mkk_pika - database.py:245 - INFO - ['第1集']
2026-03-09 23:39:16 - mkk_pika - main.py:348 - INFO - ==================== 漫画信息 ====================
                                   漫画ID：58219baa5f6b9a4f93eb360d
                                   标题：JUNK LAND
                                   作者：紙魚丸
                                   是否完结：是
                                   总页数：201
                                   分类：同人,長篇,純愛
                                   章节数：1
                                   最后更新时间：2011-07-23T22:47:10.000Z
                                   =================================================
2026-03-09 23:39:16 - mkk_pika - database.py:101 - INFO - 保存成功：JUNK LAND
2026-03-09 23:39:16 - mkk_pika - main.py:35 - INFO - 开始检查VOICE SEED (初音ミク・VOCALOID)是否存在未下载章节
2026-03-09 23:39:16 - mkk_pika - main.py:45 - INFO - 正在下载:[VOICE SEED (初音ミク・VOCALOID)]-[VOICE SEED]-[['同人', '短篇']]-[total_pages:50]
2026-03-09 23:39:16 - mkk_pika - main.py:49 - INFO - [{'_id': '58219bac5f6b9a4f93eb37a5', 'title': '第1集', 'order': 1, 'updated_at': '2016-11-08T09:32:28.173Z', 'id': '58219bac5f6b9a4f93eb37a5'}]
2026-03-09 23:39:16 - mkk_pika - database.py:215 - INFO - 第一次下载该漫画，记录数据库中
2026-03-09 23:39:17 - mkk_pika - main.py:83 - INFO - 找到 50 张图片在:第1集
2026-03-09 23:39:18 - mkk_pika - main.py:112 - INFO - [episode:第1集       ] downloaded:    50, total:  50, progress:100%
2026-03-09 23:39:18 - mkk_pika - database.py:238 - INFO - 数据库更新已下载章节
2026-03-09 23:39:18 - mkk_pika - database.py:244 - INFO - 该漫画已下载章节如下
2026-03-09 23:39:18 - mkk_pika - database.py:245 - INFO - ['第1集']
2026-03-09 23:39:20 - mkk_pika - main.py:348 - INFO - ==================== 漫画信息 ====================
                                   漫画ID：58219bab5f6b9a4f93eb37a3
                                   标题：VOICE SEED (初音ミク・VOCALOID)
                                   作者：VOICE SEED
                                   是否完结：是
                                   总页数：50
                                   分类：同人,短篇
                                   章节数：1
                                   最后更新时间：2011-07-24T08:47:10.000Z
                                   =================================================
2026-03-09 23:39:20 - mkk_pika - database.py:101 - INFO - 保存成功：VOICE SEED (初音ミク・VOCALOID)
2026-03-09 23:39:20 - mkk_pika - main.py:35 - INFO - 开始检查おませなブティ♥アンジュ是否存在未下载章节
2026-03-09 23:39:20 - mkk_pika - main.py:45 - INFO - 正在下载:[おませなブティ♥アンジュ]-[月野定規]-[['同人', '長篇', '純愛']]-[total_pages:310]
2026-03-09 23:39:20 - mkk_pika - main.py:49 - INFO - [{'_id': '58219bac5f6b9a4f93eb380d', 'title': '第1集', 'order': 1, 'updated_at': '2016-11-08T09:32:28.884Z', 'id': '58219bac5f6b9a4f93eb380d'}]
2026-03-09 23:39:20 - mkk_pika - database.py:215 - INFO - 第一次下载该漫画，记录数据库中
2026-03-09 23:39:23 - mkk_pika - main.py:83 - INFO - 找到 310 张图片在:第1集
2026-03-09 23:39:30 - mkk_pika - main.py:112 - INFO - [episode:第1集       ] downloaded:   310, total: 310, progress:100%
2026-03-09 23:39:30 - mkk_pika - database.py:238 - INFO - 数据库更新已下载章节
2026-03-09 23:39:30 - mkk_pika - database.py:244 - INFO - 该漫画已下载章节如下
2026-03-09 23:39:30 - mkk_pika - database.py:245 - INFO - ['第1集']
2026-03-09 23:39:31 - mkk_pika - main.py:348 - INFO - ==================== 漫画信息 ====================
                                   漫画ID：58219bac5f6b9a4f93eb380b
                                   标题：おませなブティ♥アンジュ
                                   作者：月野定規
                                   是否完结：是
                                   总页数：310
                                   分类：同人,長篇,純愛
                                   章节数：1
                                   最后更新时间：2011-07-24T18:47:10.000Z
                                   =================================================
2026-03-09 23:39:31 - mkk_pika - database.py:101 - INFO - 保存成功：おませなブティ♥アンジュ
2026-03-09 23:39:31 - mkk_pika - main.py:35 - INFO - 开始检查 [星野竜一] 催眠調教学園是否存在未下载章节
2026-03-09 23:39:32 - mkk_pika - main.py:45 - INFO - 正在下载:[ [星野竜一] 催眠調教学園]-[星野竜一]-[['長篇', '強暴']]-[total_pages:182]
2026-03-09 23:39:32 - mkk_pika - main.py:49 - INFO - [{'_id': '58219bbf5f6b9a4f93eb4b97', 'title': '第1集', 'order': 1, 'updated_at': '2016-11-08T09:32:47.427Z', 'id': '58219bbf5f6b9a4f93eb4b97'}]
2026-03-09 23:39:32 - mkk_pika - database.py:215 - INFO - 第一次下载该漫画，记录数据库中
2026-03-09 23:39:34 - mkk_pika - main.py:83 - INFO - 找到 182 张图片在:第1集
2026-03-09 23:39:37 - mkk_pika - main.py:112 - INFO - [episode:第1集       ] downloaded:   182, total: 182, progress:100%
2026-03-09 23:39:37 - mkk_pika - database.py:238 - INFO - 数据库更新已下载章节
2026-03-09 23:39:37 - mkk_pika - database.py:244 - INFO - 该漫画已下载章节如下
2026-03-09 23:39:37 - mkk_pika - database.py:245 - INFO - ['第1集']
2026-03-09 23:39:39 - mkk_pika - main.py:348 - INFO - ==================== 漫画信息 ====================
                                   漫画ID：58219bbe5f6b9a4f93eb4b95
                                   标题： [星野竜一] 催眠調教学園
                                   作者：星野竜一
                                   是否完结：是
                                   总页数：182
                                   分类：長篇,強暴
                                   章节数：1
                                   最后更新时间：2011-07-29T08:47:10.000Z
                                   =================================================
2026-03-09 23:39:39 - mkk_pika - database.py:101 - INFO - 保存成功： [星野竜一] 催眠調教学園
2026-03-09 23:39:39 - mkk_pika - main.py:35 - INFO - 开始检查【黑条汉化】(C85)+[ピアニッシモ+(ピジャ)]+カレンフロムヘル+(是否存在未下载章节
2026-03-09 23:39:39 - mkk_pika - main.py:45 - INFO - 正在下载:[【黑条汉化】(C85)+[ピアニッシモ+(ピジャ)]+カレンフロムヘル+(]-[ピジャ]-[['短篇']]-[total_pages:32]
2026-03-09 23:39:39 - mkk_pika - main.py:49 - INFO - [{'_id': '58219bc05f6b9a4f93eb4d07', 'title': '第1集', 'order': 1, 'updated_at': '2016-11-08T09:32:48.939Z', 'id': '58219bc05f6b9a4f93eb4d07'}]
2026-03-09 23:39:39 - mkk_pika - database.py:215 - INFO - 第一次下载该漫画，记录数据库中
2026-03-09 23:39:40 - mkk_pika - main.py:83 - INFO - 找到 32 张图片在:第1集
2026-03-09 23:39:40 - mkk_pika - main.py:112 - INFO - [episode:第1集       ] downloaded:    32, total:  32, progress:100%
2026-03-09 23:39:40 - mkk_pika - database.py:238 - INFO - 数据库更新已下载章节
2026-03-09 23:39:40 - mkk_pika - database.py:244 - INFO - 该漫画已下载章节如下
2026-03-09 23:39:40 - mkk_pika - database.py:245 - INFO - ['第1集']
2026-03-09 23:39:42 - mkk_pika - main.py:348 - INFO - ==================== 漫画信息 ====================
                                   漫画ID：58219bc05f6b9a4f93eb4d05
                                   标题：【黑条汉化】(C85)+[ピアニッシモ+(ピジャ)]+カレンフロムヘル+(
                                   作者：ピジャ
                                   是否完结：是
                                   总页数：32
                                   分类：短篇
                                   章节数：1
                                   最后更新时间：2011-07-29T18:47:10.000Z
                                   =================================================
2026-03-09 23:39:42 - mkk_pika - database.py:101 - INFO - 保存成功：【黑条汉化】(C85)+[ピアニッシモ+(ピジャ)]+カレンフロムヘル+(
2026-03-09 23:39:42 - mkk_pika - main.py:35 - INFO - 开始检查とある村の筆下ろし事情是否存在未下载章节
2026-03-09 23:39:42 - mkk_pika - main.py:45 - INFO - 正在下载:[とある村の筆下ろし事情]-[ひぐま屋 (野良ヒグマ)]-[['短篇', '全彩']]-[total_pages:31]
2026-03-09 23:39:42 - mkk_pika - main.py:49 - INFO - [{'_id': '5fd4e8abff72ba222d0bc373', 'title': '第1話', 'order': 1, 'updated_at': '2020-12-12T15:56:15.726Z', 'id': '5fd4e8abff72ba222d0bc373'}]
2026-03-09 23:39:42 - mkk_pika - database.py:215 - INFO - 第一次下载该漫画，记录数据库中
2026-03-09 23:39:43 - mkk_pika - main.py:83 - INFO - 找到 31 张图片在:第1話
2026-03-09 23:39:43 - mkk_pika - main.py:112 - INFO - [episode:第1話       ] downloaded:    31, total:  31, progress:100%
2026-03-09 23:39:43 - mkk_pika - database.py:238 - INFO - 数据库更新已下载章节
2026-03-09 23:39:43 - mkk_pika - database.py:244 - INFO - 该漫画已下载章节如下
2026-03-09 23:39:43 - mkk_pika - database.py:245 - INFO - ['第1話']
2026-03-09 23:39:45 - mkk_pika - main.py:348 - INFO - ==================== 漫画信息 ====================
                                   漫画ID：58219bd65f6b9a4f93eb60d1
                                   标题：とある村の筆下ろし事情
                                   作者：ひぐま屋 (野良ヒグマ)
                                   是否完结：是
                                   总页数：31
                                   分类：短篇,全彩
                                   章节数：1
                                   最后更新时间：2011-08-05T20:47:10.000Z
                                   =================================================
2026-03-09 23:39:45 - mkk_pika - database.py:101 - INFO - 保存成功：とある村の筆下ろし事情
2026-03-09 23:39:45 - mkk_pika - main.py:35 - INFO - 开始检查Sin Fighters X+Secret Ending （拳皇）是否存在未下载章节
2026-03-09 23:39:45 - mkk_pika - main.py:45 - INFO - 正在下载:[Sin Fighters X+Secret Ending （拳皇）]-[不明]-[['同人', '長篇', '全彩', '後宮閃光', '強暴']]-[total_pages:102]
2026-03-09 23:39:45 - mkk_pika - main.py:49 - INFO - [{'_id': '58219bd75f6b9a4f93eb6113', 'title': '第1集', 'order': 1, 'updated_at': '2016-11-08T09:33:11.573Z', 'id': '58219bd75f6b9a4f93eb6113'}]
2026-03-09 23:39:45 - mkk_pika - database.py:215 - INFO - 第一次下载该漫画，记录数据库中
2026-03-09 23:39:46 - mkk_pika - main.py:83 - INFO - 找到 102 张图片在:第1集
2026-03-09 23:39:48 - mkk_pika - main.py:112 - INFO - [episode:第1集       ] downloaded:   102, total: 102, progress:100%
2026-03-09 23:39:48 - mkk_pika - database.py:238 - INFO - 数据库更新已下载章节
2026-03-09 23:39:48 - mkk_pika - database.py:244 - INFO - 该漫画已下载章节如下
2026-03-09 23:39:48 - mkk_pika - database.py:245 - INFO - ['第1集']
2026-03-09 23:39:49 - mkk_pika - main.py:348 - INFO - ==================== 漫画信息 ====================
                                   漫画ID：58219bd75f6b9a4f93eb6111
                                   标题：Sin Fighters X+Secret Ending （拳皇）
                                   作者：不明
                                   是否完结：是
                                   总页数：102
                                   分类：同人,長篇,全彩,後宮閃光,強暴
                                   章节数：1
                                   最后更新时间：2011-08-06T06:47:10.000Z
                                   =================================================
2026-03-09 23:39:49 - mkk_pika - database.py:101 - INFO - 保存成功：Sin Fighters X+Secret Ending （拳皇）
2026-03-09 23:39:49 - mkk_pika - main.py:35 - INFO - 开始检查SleepingSex (美少女戦士セーラームーン)是否存在未下载章节
2026-03-09 23:39:50 - mkk_pika - main.py:45 - INFO - 正在下载:[SleepingSex (美少女戦士セーラームーン)]-[流弾屋(BANG-YOU)]-[['同人', '短篇', '強暴']]-[total_pages:27]
2026-03-09 23:39:50 - mkk_pika - main.py:49 - INFO - [{'_id': '58219bd85f6b9a4f93eb61e3', 'title': '第1集', 'order': 1, 'updated_at': '2016-11-08T09:33:12.706Z', 'id': '58219bd85f6b9a4f93eb61e3'}]
2026-03-09 23:39:50 - mkk_pika - database.py:215 - INFO - 第一次下载该漫画，记录数据库中
2026-03-09 23:39:50 - mkk_pika - main.py:83 - INFO - 找到 27 张图片在:第1集
2026-03-09 23:39:51 - mkk_pika - main.py:112 - INFO - [episode:第1集       ] downloaded:    27, total:  27, progress:100%
2026-03-09 23:39:51 - mkk_pika - database.py:238 - INFO - 数据库更新已下载章节
2026-03-09 23:39:51 - mkk_pika - database.py:244 - INFO - 该漫画已下载章节如下
2026-03-09 23:39:51 - mkk_pika - database.py:245 - INFO - ['第1集']
2026-03-09 23:39:52 - mkk_pika - main.py:348 - INFO - ==================== 漫画信息 ====================
                                   漫画ID：58219bd85f6b9a4f93eb61e1
                                   标题：SleepingSex (美少女戦士セーラームーン)
                                   作者：流弾屋(BANG-YOU)
                                   是否完结：是
                                   总页数：27
                                   分类：同人,短篇,強暴
                                   章节数：1
                                   最后更新时间：2011-08-06T16:47:10.000Z
                                   =================================================
2026-03-09 23:39:52 - mkk_pika - database.py:101 - INFO - 保存成功：SleepingSex (美少女戦士セーラームーン)
2026-03-09 23:39:52 - mkk_pika - main.py:35 - INFO - 开始检查だがしちち(粗點心戰爭)是否存在未下载章节
2026-03-09 23:39:53 - mkk_pika - main.py:45 - INFO - 正在下载:[だがしちち(粗點心戰爭)]-[BlueMage(あおいまなぶ)]-[['同人', '後宮閃光']]-[total_pages:59]
2026-03-09 23:39:53 - mkk_pika - main.py:49 - INFO - [{'_id': '58219bd95f6b9a4f93eb621d', 'title': '第1集', 'order': 1, 'updated_at': '2016-11-08T09:33:13.441Z', 'id': '58219bd95f6b9a4f93eb621d'}, {'_id': '58219bda5f6b9a4f93eb6247', 'title': '第2集', 'order': 2, 'updated_at': '2016-11-08T09:33:14.095Z', 'id': '58219bda5f6b9a4f93eb6247'}, {'_id': '58219bda5f6b9a4f93eb6271', 'title': '第3集', 'order': 3, 'updated_at': '2016-11-08T09:33:14.511Z', 'id': '58219bda5f6b9a4f93eb6271'}]
2026-03-09 23:39:53 - mkk_pika - database.py:215 - INFO - 第一次下载该漫画，记录数据库中
2026-03-09 23:39:53 - mkk_pika - main.py:83 - INFO - 找到 20 张图片在:第1集
2026-03-09 23:39:54 - mkk_pika - main.py:112 - INFO - [episode:第1集       ] downloaded:    20, total:  20, progress:100%
2026-03-09 23:39:54 - mkk_pika - database.py:238 - INFO - 数据库更新已下载章节
2026-03-09 23:39:54 - mkk_pika - database.py:244 - INFO - 该漫画已下载章节如下
2026-03-09 23:39:54 - mkk_pika - database.py:245 - INFO - ['第1集']
2026-03-09 23:39:55 - mkk_pika - main.py:83 - INFO - 找到 20 张图片在:第2集
2026-03-09 23:39:56 - mkk_pika - main.py:112 - INFO - [episode:第2集       ] downloaded:    20, total:  20, progress:100%
2026-03-09 23:39:56 - mkk_pika - database.py:238 - INFO - 数据库更新已下载章节
2026-03-09 23:39:56 - mkk_pika - database.py:244 - INFO - 该漫画已下载章节如下
2026-03-09 23:39:56 - mkk_pika - database.py:245 - INFO - ['第1集', '第2集']
2026-03-09 23:39:57 - mkk_pika - main.py:83 - INFO - 找到 19 张图片在:第3集
2026-03-09 23:39:58 - mkk_pika - main.py:112 - INFO - [episode:第3集       ] downloaded:    19, total:  19, progress:100%
2026-03-09 23:39:58 - mkk_pika - database.py:238 - INFO - 数据库更新已下载章节
2026-03-09 23:39:58 - mkk_pika - database.py:244 - INFO - 该漫画已下载章节如下
2026-03-09 23:39:58 - mkk_pika - database.py:245 - INFO - ['第1集', '第2集', '第3集']
2026-03-09 23:39:59 - mkk_pika - main.py:348 - INFO - ==================== 漫画信息 ====================
                                   漫画ID：58219bd85f6b9a4f93eb621b
                                   标题：だがしちち(粗點心戰爭)
                                   作者：BlueMage(あおいまなぶ)
                                   是否完结：是
                                   总页数：59
                                   分类：同人,後宮閃光
                                   章节数：3
                                   最后更新时间：2011-08-07T02:47:10.000Z
                                   =================================================
2026-03-09 23:39:59 - mkk_pika - database.py:101 - INFO - 保存成功：だがしちち(粗點心戰爭)
2026-03-09 23:39:59 - mkk_pika - main.py:35 - INFO - 开始检查[final個人漢化] (C88) [Lily Lily Rose (みぶなつき)] ブルムラ! ダブルピース (アイドルマスターシンデレラガールズ)是否存在未下载章节
2026-03-09 23:40:00 - mkk_pika - main.py:45 - INFO - 正在下载:[[final個人漢化] (C88) [Lily Lily Rose (みぶなつき)] ブルムラ! ダブルピース (アイドルマスターシンデレラガールズ)]-[Lily Lily Rose (みぶなつき)]-[['同人', '短篇', '全彩']]-[total_pages:22]
2026-03-09 23:40:00 - mkk_pika - main.py:49 - INFO - [{'_id': '58219bdb5f6b9a4f93eb629b', 'title': '第1集', 'order': 1, 'updated_at': '2016-11-08T09:33:15.228Z', 'id': '58219bdb5f6b9a4f93eb629b'}]
2026-03-09 23:40:00 - mkk_pika - database.py:215 - INFO - 第一次下载该漫画，记录数据库中
2026-03-09 23:40:00 - mkk_pika - main.py:83 - INFO - 找到 22 张图片在:第1集
2026-03-09 23:40:01 - mkk_pika - main.py:112 - INFO - [episode:第1集       ] downloaded:    22, total:  22, progress:100%
2026-03-09 23:40:01 - mkk_pika - database.py:238 - INFO - 数据库更新已下载章节
2026-03-09 23:40:01 - mkk_pika - database.py:244 - INFO - 该漫画已下载章节如下
2026-03-09 23:40:01 - mkk_pika - database.py:245 - INFO - ['第1集']
2026-03-09 23:40:02 - mkk_pika - main.py:348 - INFO - ==================== 漫画信息 ====================
                                   漫画ID：58219bda5f6b9a4f93eb6299
                                   标题：[final個人漢化] (C88) [Lily Lily Rose (みぶなつき)] ブルムラ! ダブルピース (アイドルマスターシンデレラガールズ)
                                   作者：Lily Lily Rose (みぶなつき)
                                   是否完结：是
                                   总页数：22
                                   分类：同人,短篇,全彩
                                   章节数：1
                                   最后更新时间：2011-08-07T12:47:10.000Z
                                   =================================================
2026-03-09 23:40:02 - mkk_pika - database.py:101 - INFO - 保存成功：[final個人漢化] (C88) [Lily Lily Rose (みぶなつき)] ブルムラ! ダブルピース (アイドルマスターシンデレラガールズ)
2026-03-09 23:40:02 - mkk_pika - main.py:35 - INFO - 开始检查暗黒の女王陥落 (美少女戦士セーラームーン)是否存在未下载章节
2026-03-09 23:40:02 - mkk_pika - main.py:45 - INFO - 正在下载:[暗黒の女王陥落 (美少女戦士セーラームーン)]-[ももいろほっぺ(れい)]-[['同人', '短篇', 'NTR', '強暴']]-[total_pages:32]
2026-03-09 23:40:02 - mkk_pika - main.py:49 - INFO - [{'_id': '58219bdd5f6b9a4f93eb63ad', 'title': '第1集', 'order': 1, 'updated_at': '2016-11-08T09:33:17.103Z', 'id': '58219bdd5f6b9a4f93eb63ad'}]
2026-03-09 23:40:02 - mkk_pika - database.py:215 - INFO - 第一次下载该漫画，记录数据库中
2026-03-09 23:40:03 - mkk_pika - main.py:83 - INFO - 找到 32 张图片在:第1集
2026-03-09 23:40:04 - mkk_pika - main.py:112 - INFO - [episode:第1集       ] downloaded:    32, total:  32, progress:100%
2026-03-09 23:40:04 - mkk_pika - database.py:238 - INFO - 数据库更新已下载章节
2026-03-09 23:40:04 - mkk_pika - database.py:244 - INFO - 该漫画已下载章节如下
2026-03-09 23:40:04 - mkk_pika - database.py:245 - INFO - ['第1集']
2026-03-09 23:40:05 - mkk_pika - main.py:348 - INFO - ==================== 漫画信息 ====================
                                   漫画ID：58219bdc5f6b9a4f93eb63ab
                                   标题：暗黒の女王陥落 (美少女戦士セーラームーン)
                                   作者：ももいろほっぺ(れい)
                                   是否完结：是
                                   总页数：32
                                   分类：同人,短篇,NTR,強暴
                                   章节数：1
                                   最后更新时间：2011-08-08T18:47:10.000Z
                                   =================================================
2026-03-09 23:40:05 - mkk_pika - database.py:101 - INFO - 保存成功：暗黒の女王陥落 (美少女戦士セーラームーン)
2026-03-09 23:40:05 - mkk_pika - main.py:35 - INFO - 开始检查凛ちゃんといっしょ。  （LoveLive！）是否存在未下载章节
2026-03-09 23:40:05 - mkk_pika - main.py:45 - INFO - 正在下载:[凛ちゃんといっしょ。  （LoveLive！）]-[すたぢおヲルト(ヲルト)]-[['同人', '短篇', 'Love Live', '純愛']]-[total_pages:28]
2026-03-09 23:40:05 - mkk_pika - main.py:49 - INFO - [{'_id': '58219bdd5f6b9a4f93eb63f1', 'title': '第1集', 'order': 1, 'updated_at': '2016-11-08T09:33:17.653Z', 'id': '58219bdd5f6b9a4f93eb63f1'}]
2026-03-09 23:40:05 - mkk_pika - database.py:215 - INFO - 第一次下载该漫画，记录数据库中
2026-03-09 23:40:06 - mkk_pika - main.py:83 - INFO - 找到 28 张图片在:第1集
2026-03-09 23:40:07 - mkk_pika - main.py:112 - INFO - [episode:第1集       ] downloaded:    28, total:  28, progress:100%
2026-03-09 23:40:07 - mkk_pika - database.py:238 - INFO - 数据库更新已下载章节
2026-03-09 23:40:07 - mkk_pika - database.py:244 - INFO - 该漫画已下载章节如下
2026-03-09 23:40:07 - mkk_pika - database.py:245 - INFO - ['第1集']
2026-03-09 23:40:08 - mkk_pika - main.py:348 - INFO - ==================== 漫画信息 ====================
                                   漫画ID：58219bdd5f6b9a4f93eb63ef
                                   标题：凛ちゃんといっしょ。  （LoveLive！）
                                   作者：すたぢおヲルト(ヲルト)
                                   是否完结：是
                                   总页数：28
                                   分类：同人,短篇,Love Live,純愛
                                   章节数：1
                                   最后更新时间：2011-08-09T04:47:09.000Z
                                   =================================================
2026-03-09 23:40:08 - mkk_pika - database.py:101 - INFO - 保存成功：凛ちゃんといっしょ。  （LoveLive！）
2026-03-09 23:40:08 - mkk_pika - main.py:35 - INFO - 开始检查 うまるちゃんと海老名ちゃん! ふぉーあだると (干物妹!うまるちゃん)是否存在未下载章节
2026-03-09 23:40:08 - mkk_pika - main.py:45 - INFO - 正在下载:[ うまるちゃんと海老名ちゃん! ふぉーあだると (干物妹!うまるちゃん)]-[moco chouchou(ひさまくまこ)]-[['同人', '短篇', '全彩', '後宮閃光', '妹妹系']]-[total_pages:17]
2026-03-09 23:40:08 - mkk_pika - main.py:49 - INFO - [{'_id': '58219bde5f6b9a4f93eb6471', 'title': '第1集', 'order': 1, 'updated_at': '2016-11-08T09:33:18.800Z', 'id': '58219bde5f6b9a4f93eb6471'}]
2026-03-09 23:40:08 - mkk_pika - database.py:215 - INFO - 第一次下载该漫画，记录数据库中
2026-03-09 23:40:09 - mkk_pika - main.py:83 - INFO - 找到 17 张图片在:第1集
2026-03-09 23:40:09 - mkk_pika - main.py:112 - INFO - [episode:第1集       ] downloaded:    17, total:  17, progress:100%
2026-03-09 23:40:09 - mkk_pika - database.py:238 - INFO - 数据库更新已下载章节
2026-03-09 23:40:09 - mkk_pika - database.py:244 - INFO - 该漫画已下载章节如下
2026-03-09 23:40:09 - mkk_pika - database.py:245 - INFO - ['第1集']
2026-03-09 23:40:11 - mkk_pika - main.py:348 - INFO - ==================== 漫画信息 ====================
                                   漫画ID：58219bde5f6b9a4f93eb646f
                                   标题： うまるちゃんと海老名ちゃん! ふぉーあだると (干物妹!うまるちゃん)
                                   作者：moco chouchou(ひさまくまこ)
                                   是否完结：是
                                   总页数：17
                                   分类：同人,短篇,全彩,後宮閃光,妹妹系
                                   章节数：1
                                   最后更新时间：2011-08-10T00:47:09.000Z
                                   =================================================
2026-03-09 23:40:11 - mkk_pika - database.py:101 - INFO - 保存成功： うまるちゃんと海老名ちゃん! ふぉーあだると (干物妹!うまるちゃん)
2026-03-09 23:40:11 - mkk_pika - main.py:35 - INFO - 开始检查ガーデン是否存在未下载章节
2026-03-09 23:40:11 - mkk_pika - main.py:45 - INFO - 正在下载:[ガーデン]-[緑のルーペ]-[['長篇', 'NTR', '強暴', '單行本']]-[total_pages:454]
2026-03-09 23:40:11 - mkk_pika - main.py:49 - INFO - [{'_id': '5f6f7506d89d3649e1109c9b', 'title': '第1話', 'order': 1, 'updated_at': '2020-09-26T14:44:35.421Z', 'id': '5f6f7506d89d3649e1109c9b'}, {'_id': '5f6f7506d89d3649e1109c9c', 'title': '第2話', 'order': 2, 'updated_at': '2020-09-26T14:56:44.420Z', 'id': '5f6f7506d89d3649e1109c9c'}]
2026-03-09 23:40:11 - mkk_pika - database.py:215 - INFO - 第一次下载该漫画，记录数据库中
2026-03-09 23:40:13 - mkk_pika - main.py:83 - INFO - 找到 268 张图片在:第1話
2026-03-09 23:40:19 - mkk_pika - main.py:112 - INFO - [episode:第1話       ] downloaded:   268, total: 268, progress:100%
2026-03-09 23:40:19 - mkk_pika - database.py:238 - INFO - 数据库更新已下载章节
2026-03-09 23:40:19 - mkk_pika - database.py:244 - INFO - 该漫画已下载章节如下
2026-03-09 23:40:19 - mkk_pika - database.py:245 - INFO - ['第1話']
2026-03-09 23:40:23 - mkk_pika - main.py:83 - INFO - 找到 223 张图片在:第2話
2026-03-09 23:40:27 - mkk_pika - main.py:112 - INFO - [episode:第2話       ] downloaded:   223, total: 223, progress:100%
2026-03-09 23:40:27 - mkk_pika - database.py:238 - INFO - 数据库更新已下载章节
2026-03-09 23:40:27 - mkk_pika - database.py:244 - INFO - 该漫画已下载章节如下
2026-03-09 23:40:27 - mkk_pika - database.py:245 - INFO - ['第1話', '第2話']
2026-03-09 23:40:29 - mkk_pika - main.py:348 - INFO - ==================== 漫画信息 ====================
                                   漫画ID：58219bde5f6b9a4f93eb6495
                                   标题：ガーデン
                                   作者：緑のルーペ
                                   是否完结：是
                                   总页数：454
                                   分类：長篇,NTR,強暴,單行本
                                   章节数：2
                                   最后更新时间：2011-08-10T10:47:09.000Z
                                   =================================================
2026-03-09 23:40:29 - mkk_pika - database.py:101 - INFO - 保存成功：ガーデン
2026-03-09 23:40:29 - mkk_pika - main.py:35 - INFO - 开始检查叢雲と意識の高いドM提督の思い出 叢雲與虐意高昂抖M提督的回憶是否存在未下载章节
2026-03-09 23:40:29 - mkk_pika - main.py:45 - INFO - 正在下载:[叢雲と意識の高いドM提督の思い出 叢雲與虐意高昂抖M提督的回憶]-[パレス犬吠崎(山本アリフレッド)]-[['同人', 'SM', '短篇', '艦隊收藏', '純愛']]-[total_pages:43]
2026-03-09 23:40:29 - mkk_pika - main.py:49 - INFO - [{'_id': '58219be25f6b9a4f93eb6873', 'title': '第1集', 'order': 1, 'updated_at': '2016-11-08T09:33:22.427Z', 'id': '58219be25f6b9a4f93eb6873'}]
2026-03-09 23:40:29 - mkk_pika - database.py:215 - INFO - 第一次下载该漫画，记录数据库中
2026-03-09 23:40:30 - mkk_pika - main.py:83 - INFO - 找到 43 张图片在:第1集
2026-03-09 23:40:31 - mkk_pika - main.py:112 - INFO - [episode:第1集       ] downloaded:    43, total:  43, progress:100%
2026-03-09 23:40:31 - mkk_pika - database.py:238 - INFO - 数据库更新已下载章节
2026-03-09 23:40:31 - mkk_pika - database.py:244 - INFO - 该漫画已下载章节如下
2026-03-09 23:40:31 - mkk_pika - database.py:245 - INFO - ['第1集']
2026-03-09 23:40:32 - mkk_pika - main.py:348 - INFO - ==================== 漫画信息 ====================
                                   漫画ID：58219be15f6b9a4f93eb6871
                                   标题：叢雲と意識の高いドM提督の思い出 叢雲與虐意高昂抖M提督的回憶
                                   作者：パレス犬吠崎(山本アリフレッド)
                                   是否完结：是
                                   总页数：43
                                   分类：同人,SM,短篇,艦隊收藏,純愛
                                   章节数：1
                                   最后更新时间：2011-08-10T20:47:09.000Z
                                   =================================================
2026-03-09 23:40:32 - mkk_pika - database.py:101 - INFO - 保存成功：叢雲と意識の高いドM提督の思い出 叢雲與虐意高昂抖M提督的回憶
2026-03-09 23:40:32 - mkk_pika - main.py:35 - INFO - 开始检查(COMIC1☆7)[ALMISM (水月あるみ)]ビターなコーヒーとシュガーなミルク「愛のエプロン」是否存在未下载章节
2026-03-09 23:40:33 - mkk_pika - main.py:45 - INFO - 正在下载:[(COMIC1☆7)[ALMISM (水月あるみ)]ビターなコーヒーとシュガーなミルク「愛のエプロン」]-[ALMISM (水月あるみ)]-[['短篇', '純愛']]-[total_pages:20]
2026-03-09 23:40:33 - mkk_pika - main.py:49 - INFO - [{'_id': '58219be55f6b9a4f93eb6bd7', 'title': '第1集', 'order': 1, 'updated_at': '2016-11-08T09:33:25.619Z', 'id': '58219be55f6b9a4f93eb6bd7'}]
2026-03-09 23:40:33 - mkk_pika - database.py:215 - INFO - 第一次下载该漫画，记录数据库中
2026-03-09 23:40:33 - mkk_pika - main.py:83 - INFO - 找到 20 张图片在:第1集
2026-03-09 23:40:34 - mkk_pika - main.py:112 - INFO - [episode:第1集       ] downloaded:    20, total:  20, progress:100%
2026-03-09 23:40:34 - mkk_pika - database.py:238 - INFO - 数据库更新已下载章节
2026-03-09 23:40:34 - mkk_pika - database.py:244 - INFO - 该漫画已下载章节如下
2026-03-09 23:40:34 - mkk_pika - database.py:245 - INFO - ['第1集']
2026-03-09 23:40:35 - mkk_pika - main.py:348 - INFO - ==================== 漫画信息 ====================
                                   漫画ID：58219be55f6b9a4f93eb6bd5
                                   标题：(COMIC1☆7)[ALMISM (水月あるみ)]ビターなコーヒーとシュガーなミルク「愛のエプロン」
                                   作者：ALMISM (水月あるみ)
                                   是否完结：是
                                   总页数：20
                                   分类：短篇,純愛
                                   章节数：1
                                   最后更新时间：2011-08-12T02:47:09.000Z
                                   =================================================
2026-03-09 23:40:35 - mkk_pika - database.py:101 - INFO - 保存成功：(COMIC1☆7)[ALMISM (水月あるみ)]ビターなコーヒーとシュガーなミルク「愛のエプロン」
2026-03-09 23:40:35 - mkk_pika - main.py:35 - INFO - 开始检查(C84)[KOKIKKO (せせなやう)]メルティキッス是否存在未下载章节
2026-03-09 23:40:35 - mkk_pika - main.py:45 - INFO - 正在下载:[(C84)[KOKIKKO (せせなやう)]メルティキッス]-[KOKIKKO (せせなやう)]-[['短篇']]-[total_pages:32]
2026-03-09 23:40:35 - mkk_pika - main.py:49 - INFO - [{'_id': '58219be65f6b9a4f93eb6c03', 'title': '第1集', 'order': 1, 'updated_at': '2016-11-08T09:33:26.272Z', 'id': '58219be65f6b9a4f93eb6c03'}]
2026-03-09 23:40:35 - mkk_pika - database.py:215 - INFO - 第一次下载该漫画，记录数据库中
2026-03-09 23:40:36 - mkk_pika - main.py:83 - INFO - 找到 32 张图片在:第1集
2026-03-09 23:40:37 - mkk_pika - main.py:112 - INFO - [episode:第1集       ] downloaded:    32, total:  32, progress:100%
2026-03-09 23:40:37 - mkk_pika - database.py:238 - INFO - 数据库更新已下载章节
2026-03-09 23:40:37 - mkk_pika - database.py:244 - INFO - 该漫画已下载章节如下
2026-03-09 23:40:37 - mkk_pika - database.py:245 - INFO - ['第1集']
2026-03-09 23:40:38 - mkk_pika - main.py:348 - INFO - ==================== 漫画信息 ====================
                                   漫画ID：58219be55f6b9a4f93eb6c01
                                   标题：(C84)[KOKIKKO (せせなやう)]メルティキッス
                                   作者：KOKIKKO (せせなやう)
                                   是否完结：是
                                   总页数：32
                                   分类：短篇
                                   章节数：1
                                   最后更新时间：2011-08-12T12:47:09.000Z
                                   =================================================
2026-03-09 23:40:38 - mkk_pika - database.py:101 - INFO - 保存成功：(C84)[KOKIKKO (せせなやう)]メルティキッス
2026-03-09 23:40:38 - mkk_pika - main.py:35 - INFO - 开始检查(COMIC1☆7)[黒澤pict (黒澤清崇)] ラブリーベビーフェイス2是否存在未下载章节
2026-03-09 23:40:39 - mkk_pika - main.py:45 - INFO - 正在下载:[(COMIC1☆7)[黒澤pict (黒澤清崇)] ラブリーベビーフェイス2]-[黒澤pict (黒澤清崇)]-[['短篇', '強暴']]-[total_pages:26]
2026-03-09 23:40:39 - mkk_pika - main.py:49 - INFO - [{'_id': '58219be65f6b9a4f93eb6c47', 'title': '第1集', 'order': 1, 'updated_at': '2016-11-08T09:33:26.764Z', 'id': '58219be65f6b9a4f93eb6c47'}]
2026-03-09 23:40:39 - mkk_pika - database.py:215 - INFO - 第一次下载该漫画，记录数据库中
2026-03-09 23:40:39 - mkk_pika - main.py:83 - INFO - 找到 26 张图片在:第1集
2026-03-09 23:40:40 - mkk_pika - main.py:112 - INFO - [episode:第1集       ] downloaded:    26, total:  26, progress:100%
2026-03-09 23:40:40 - mkk_pika - database.py:238 - INFO - 数据库更新已下载章节
2026-03-09 23:40:40 - mkk_pika - database.py:244 - INFO - 该漫画已下载章节如下
2026-03-09 23:40:40 - mkk_pika - database.py:245 - INFO - ['第1集']
2026-03-09 23:40:41 - mkk_pika - main.py:348 - INFO - ==================== 漫画信息 ====================
                                   漫画ID：58219be65f6b9a4f93eb6c45
                                   标题：(COMIC1☆7)[黒澤pict (黒澤清崇)] ラブリーベビーフェイス2
                                   作者：黒澤pict (黒澤清崇)
                                   是否完结：是
                                   总页数：26
                                   分类：短篇,強暴
                                   章节数：1
                                   最后更新时间：2011-08-12T22:47:09.000Z
                                   =================================================
2026-03-09 23:40:41 - mkk_pika - database.py:101 - INFO - 保存成功：(COMIC1☆7)[黒澤pict (黒澤清崇)] ラブリーベビーフェイス2
2026-03-09 23:40:41 - mkk_pika - main.py:35 - INFO - 开始检查(C84)[AION (天羽真理)] 妹メイド[琉璃神社汉化]是否存在未下载章节
2026-03-09 23:40:42 - mkk_pika - main.py:45 - INFO - 正在下载:[(C84)[AION (天羽真理)] 妹メイド[琉璃神社汉化]]-[AION (天羽真理)]-[['短篇', '妹妹系', '純愛']]-[total_pages:26]
2026-03-09 23:40:42 - mkk_pika - main.py:49 - INFO - [{'_id': '58219be85f6b9a4f93eb6caf', 'title': '第1集', 'order': 1, 'updated_at': '2016-11-08T09:33:28.079Z', 'id': '58219be85f6b9a4f93eb6caf'}]
2026-03-09 23:40:42 - mkk_pika - database.py:215 - INFO - 第一次下载该漫画，记录数据库中
2026-03-09 23:40:42 - mkk_pika - main.py:83 - INFO - 找到 26 张图片在:第1集
2026-03-09 23:40:43 - mkk_pika - main.py:112 - INFO - [episode:第1集       ] downloaded:    26, total:  26, progress:100%
2026-03-09 23:40:43 - mkk_pika - database.py:238 - INFO - 数据库更新已下载章节
2026-03-09 23:40:43 - mkk_pika - database.py:244 - INFO - 该漫画已下载章节如下
2026-03-09 23:40:43 - mkk_pika - database.py:245 - INFO - ['第1集']
2026-03-09 23:40:44 - mkk_pika - main.py:348 - INFO - ==================== 漫画信息 ====================
                                   漫画ID：58219be75f6b9a4f93eb6cad
                                   标题：(C84)[AION (天羽真理)] 妹メイド[琉璃神社汉化]
                                   作者：AION (天羽真理)
                                   是否完结：是
                                   总页数：26
                                   分类：短篇,妹妹系,純愛
                                   章节数：1
                                   最后更新时间：2011-08-13T18:47:09.000Z
                                   =================================================
2026-03-09 23:40:44 - mkk_pika - database.py:101 - INFO - 保存成功：(C84)[AION (天羽真理)] 妹メイド[琉璃神社汉化]
2026-03-09 23:40:44 - mkk_pika - main.py:35 - INFO - 开始检查悠幻少女(COMIC LO 2015年10月号)是否存在未下载章节
2026-03-09 23:40:44 - mkk_pika - main.py:45 - INFO - 正在下载:[悠幻少女(COMIC LO 2015年10月号)]-[水風天]-[['短篇', '純愛']]-[total_pages:20]
2026-03-09 23:40:44 - mkk_pika - main.py:49 - INFO - [{'_id': '58219bea5f6b9a4f93eb6d99', 'title': '第1集', 'order': 1, 'updated_at': '2016-11-08T09:33:30.751Z', 'id': '58219bea5f6b9a4f93eb6d99'}]
2026-03-09 23:40:44 - mkk_pika - database.py:215 - INFO - 第一次下载该漫画，记录数据库中
2026-03-09 23:40:45 - mkk_pika - main.py:83 - INFO - 找到 20 张图片在:第1集
2026-03-09 23:40:46 - mkk_pika - main.py:112 - INFO - [episode:第1集       ] downloaded:    20, total:  20, progress:100%
2026-03-09 23:40:46 - mkk_pika - database.py:238 - INFO - 数据库更新已下载章节
2026-03-09 23:40:46 - mkk_pika - database.py:244 - INFO - 该漫画已下载章节如下
2026-03-09 23:40:46 - mkk_pika - database.py:245 - INFO - ['第1集']
2026-03-09 23:40:47 - mkk_pika - main.py:348 - INFO - ==================== 漫画信息 ====================
                                   漫画ID：58219bea5f6b9a4f93eb6d97
                                   标题：悠幻少女(COMIC LO 2015年10月号)
                                   作者：水風天
                                   是否完结：是
                                   总页数：20
                                   分类：短篇,純愛
                                   章节数：1
                                   最后更新时间：2011-08-15T20:47:09.000Z
                                   =================================================
2026-03-09 23:40:47 - mkk_pika - database.py:101 - INFO - 保存成功：悠幻少女(COMIC LO 2015年10月号)
2026-03-09 23:40:47 - mkk_pika - main.py:35 - INFO - 开始检查美柑を好き放題しちゃうほん (ToLOVEる ダークネス)是否存在未下载章节
2026-03-09 23:40:47 - mkk_pika - main.py:45 - INFO - 正在下载:[美柑を好き放題しちゃうほん (ToLOVEる ダークネス)]-[みくろぺえじ(黒本君)]-[['同人', '短篇', '強暴', '妹妹系']]-[total_pages:32]
2026-03-09 23:40:47 - mkk_pika - main.py:49 - INFO - [{'_id': '58219beb5f6b9a4f93eb6dc5', 'title': '第1集', 'order': 1, 'updated_at': '2016-11-08T09:33:31.167Z', 'id': '58219beb5f6b9a4f93eb6dc5'}]
2026-03-09 23:40:47 - mkk_pika - database.py:215 - INFO - 第一次下载该漫画，记录数据库中
2026-03-09 23:40:48 - mkk_pika - main.py:83 - INFO - 找到 32 张图片在:第1集
2026-03-09 23:40:49 - mkk_pika - main.py:112 - INFO - [episode:第1集       ] downloaded:    32, total:  32, progress:100%
2026-03-09 23:40:49 - mkk_pika - database.py:238 - INFO - 数据库更新已下载章节
2026-03-09 23:40:49 - mkk_pika - database.py:244 - INFO - 该漫画已下载章节如下
2026-03-09 23:40:49 - mkk_pika - database.py:245 - INFO - ['第1集']
2026-03-09 23:40:50 - mkk_pika - main.py:348 - INFO - ==================== 漫画信息 ====================
                                   漫画ID：58219bea5f6b9a4f93eb6dc3
                                   标题：美柑を好き放題しちゃうほん (ToLOVEる ダークネス)
                                   作者：みくろぺえじ(黒本君)
                                   是否完结：是
                                   总页数：32
                                   分类：同人,短篇,強暴,妹妹系
                                   章节数：1
                                   最后更新时间：2011-08-16T06:47:09.000Z
                                   =================================================
2026-03-09 23:40:50 - mkk_pika - database.py:101 - INFO - 保存成功：美柑を好き放題しちゃうほん (ToLOVEる ダークネス)
2026-03-09 23:40:50 - mkk_pika - main.py:35 - INFO - 开始检查モンスター少女への欲情是否存在未下载章节
2026-03-09 23:40:50 - mkk_pika - main.py:45 - INFO - 正在下载:[モンスター少女への欲情]-[アンソロジー]-[['長篇', '非人類']]-[total_pages:176]
2026-03-09 23:40:50 - mkk_pika - main.py:49 - INFO - [{'_id': '58219beb5f6b9a4f93eb6e09', 'title': '第1集', 'order': 1, 'updated_at': '2016-11-08T09:33:31.986Z', 'id': '58219beb5f6b9a4f93eb6e09'}]
2026-03-09 23:40:50 - mkk_pika - database.py:215 - INFO - 第一次下载该漫画，记录数据库中
2026-03-09 23:40:52 - mkk_pika - main.py:83 - INFO - 找到 176 张图片在:第1集
2026-03-09 23:40:58 - mkk_pika - main.py:112 - INFO - [episode:第1集       ] downloaded:   176, total: 176, progress:100%
2026-03-09 23:40:58 - mkk_pika - database.py:238 - INFO - 数据库更新已下载章节
2026-03-09 23:40:58 - mkk_pika - database.py:244 - INFO - 该漫画已下载章节如下
2026-03-09 23:40:58 - mkk_pika - database.py:245 - INFO - ['第1集']
2026-03-09 23:40:59 - mkk_pika - main.py:348 - INFO - ==================== 漫画信息 ====================
                                   漫画ID：58219beb5f6b9a4f93eb6e07
                                   标题：モンスター少女への欲情
                                   作者：アンソロジー
                                   是否完结：是
                                   总页数：176
                                   分类：長篇,非人類
                                   章节数：1
                                   最后更新时间：2011-08-16T16:47:09.000Z
                                   =================================================
2026-03-09 23:40:59 - mkk_pika - database.py:101 - INFO - 保存成功：モンスター少女への欲情
2026-03-09 23:40:59 - mkk_pika - main.py:35 - INFO - 开始检查ANNA是否存在未下载章节
2026-03-09 23:41:00 - mkk_pika - main.py:45 - INFO - 正在下载:[ANNA]-[VIVIAN]-[['短篇', '全彩', '非人類', '強暴']]-[total_pages:52]
2026-03-09 23:41:00 - mkk_pika - main.py:49 - INFO - [{'_id': '58219bed5f6b9a4f93eb6f6d', 'title': '第1集', 'order': 1, 'updated_at': '2016-11-08T09:33:33.524Z', 'id': '58219bed5f6b9a4f93eb6f6d'}, {'_id': '58219bed5f6b9a4f93eb6fa5', 'title': '第2集', 'order': 2, 'updated_at': '2016-11-08T09:33:33.967Z', 'id': '58219bed5f6b9a4f93eb6fa5'}]
2026-03-09 23:41:00 - mkk_pika - database.py:215 - INFO - 第一次下载该漫画，记录数据库中
2026-03-09 23:41:00 - mkk_pika - main.py:83 - INFO - 找到 27 张图片在:第1集
2026-03-09 23:41:01 - mkk_pika - main.py:112 - INFO - [episode:第1集       ] downloaded:    27, total:  27, progress:100%
2026-03-09 23:41:01 - mkk_pika - database.py:238 - INFO - 数据库更新已下载章节
2026-03-09 23:41:01 - mkk_pika - database.py:244 - INFO - 该漫画已下载章节如下
2026-03-09 23:41:01 - mkk_pika - database.py:245 - INFO - ['第1集']
2026-03-09 23:41:03 - mkk_pika - main.py:83 - INFO - 找到 25 张图片在:第2集
2026-03-09 23:41:03 - mkk_pika - main.py:112 - INFO - [episode:第2集       ] downloaded:    25, total:  25, progress:100%
2026-03-09 23:41:03 - mkk_pika - database.py:238 - INFO - 数据库更新已下载章节
2026-03-09 23:41:03 - mkk_pika - database.py:244 - INFO - 该漫画已下载章节如下
2026-03-09 23:41:03 - mkk_pika - database.py:245 - INFO - ['第1集', '第2集']
2026-03-09 23:41:05 - mkk_pika - main.py:348 - INFO - ==================== 漫画信息 ====================
                                   漫画ID：58219bec5f6b9a4f93eb6f6b
                                   标题：ANNA
                                   作者：VIVIAN
                                   是否完结：是
                                   总页数：52
                                   分类：短篇,全彩,非人類,強暴
                                   章节数：2
                                   最后更新时间：2011-08-17T02:47:09.000Z
                                   =================================================
2026-03-09 23:41:05 - mkk_pika - database.py:101 - INFO - 保存成功：ANNA
2026-03-09 23:41:05 - mkk_pika - main.py:35 - INFO - 开始检查[巫毒汉化组][おぐ] 少女式付属おぐ泌尿器科 +描き下ろしペーパー是否存在未下载章节
2026-03-09 23:41:05 - mkk_pika - main.py:45 - INFO - 正在下载:[[巫毒汉化组][おぐ] 少女式付属おぐ泌尿器科 +描き下ろしペーパー]-[おぐ]-[['長篇']]-[total_pages:209]
2026-03-09 23:41:05 - mkk_pika - main.py:49 - INFO - [{'_id': '58219bee5f6b9a4f93eb6fdb', 'title': '第1集', 'order': 1, 'updated_at': '2016-11-08T09:33:34.664Z', 'id': '58219bee5f6b9a4f93eb6fdb'}]
2026-03-09 23:41:05 - mkk_pika - database.py:215 - INFO - 第一次下载该漫画，记录数据库中
2026-03-09 23:41:07 - mkk_pika - main.py:83 - INFO - 找到 209 张图片在:第1集
2026-03-09 23:41:11 - mkk_pika - main.py:112 - INFO - [episode:第1集       ] downloaded:   209, total: 209, progress:100%
2026-03-09 23:41:11 - mkk_pika - database.py:238 - INFO - 数据库更新已下载章节
2026-03-09 23:41:11 - mkk_pika - database.py:244 - INFO - 该漫画已下载章节如下
2026-03-09 23:41:11 - mkk_pika - database.py:245 - INFO - ['第1集']
2026-03-09 23:41:13 - mkk_pika - main.py:348 - INFO - ==================== 漫画信息 ====================
                                   漫画ID：58219bee5f6b9a4f93eb6fd9
                                   标题：[巫毒汉化组][おぐ] 少女式付属おぐ泌尿器科 +描き下ろしペーパー
                                   作者：おぐ
                                   是否完结：是
                                   总页数：209
                                   分类：長篇
                                   章节数：1
                                   最后更新时间：2011-08-17T12:47:09.000Z
                                   =================================================
2026-03-09 23:41:13 - mkk_pika - database.py:101 - INFO - 保存成功：[巫毒汉化组][おぐ] 少女式付属おぐ泌尿器科 +描き下ろしペーパー
2026-03-09 23:41:13 - mkk_pika - main.py:35 - INFO - 开始检查[風的工房][EBA] 妹姦察日記 單行本是否存在未下载章节
2026-03-09 23:41:13 - mkk_pika - main.py:45 - INFO - 正在下载:[[風的工房][EBA] 妹姦察日記 單行本]-[EBA]-[['長篇', '妹妹系']]-[total_pages:209]
2026-03-09 23:41:13 - mkk_pika - main.py:49 - INFO - [{'_id': '58219bf15f6b9a4f93eb7181', 'title': '第1集', 'order': 1, 'updated_at': '2016-11-08T09:33:37.067Z', 'id': '58219bf15f6b9a4f93eb7181'}]
2026-03-09 23:41:13 - mkk_pika - database.py:215 - INFO - 第一次下载该漫画，记录数据库中
2026-03-09 23:41:16 - mkk_pika - main.py:83 - INFO - 找到 209 张图片在:第1集
2026-03-09 23:41:21 - mkk_pika - main.py:112 - INFO - [episode:第1集       ] downloaded:   209, total: 209, progress:100%
2026-03-09 23:41:21 - mkk_pika - database.py:238 - INFO - 数据库更新已下载章节
2026-03-09 23:41:21 - mkk_pika - database.py:244 - INFO - 该漫画已下载章节如下
2026-03-09 23:41:21 - mkk_pika - database.py:245 - INFO - ['第1集']
2026-03-09 23:41:23 - mkk_pika - main.py:348 - INFO - ==================== 漫画信息 ====================
                                   漫画ID：58219bef5f6b9a4f93eb717f
                                   标题：[風的工房][EBA] 妹姦察日記 單行本
                                   作者：EBA
                                   是否完结：是
                                   总页数：209
                                   分类：長篇,妹妹系
                                   章节数：1
                                   最后更新时间：2011-08-17T22:47:09.000Z
                                   =================================================
2026-03-09 23:41:23 - mkk_pika - database.py:101 - INFO - 保存成功：[風的工房][EBA] 妹姦察日記 單行本
2026-03-09 23:41:23 - mkk_pika - main.py:35 - INFO - 开始检查 ステフいじり (ノーゲーム・ノーライフ)【游戏人生本子】是否存在未下载章节
2026-03-09 23:41:23 - mkk_pika - main.py:45 - INFO - 正在下载:[ ステフいじり (ノーゲーム・ノーライフ)【游戏人生本子】]-[海通信 (なまもななせ]-[['同人', '短篇', '後宮閃光', '純愛']]-[total_pages:16]
2026-03-09 23:41:23 - mkk_pika - main.py:49 - INFO - [{'_id': '58219bf55f6b9a4f93eb7407', 'title': '第1集', 'order': 1, 'updated_at': '2016-11-08T09:33:41.326Z', 'id': '58219bf55f6b9a4f93eb7407'}]
2026-03-09 23:41:23 - mkk_pika - database.py:215 - INFO - 第一次下载该漫画，记录数据库中
2026-03-09 23:41:23 - mkk_pika - main.py:83 - INFO - 找到 16 张图片在:第1集
2026-03-09 23:41:24 - mkk_pika - main.py:112 - INFO - [episode:第1集       ] downloaded:    16, total:  16, progress:100%
2026-03-09 23:41:24 - mkk_pika - database.py:238 - INFO - 数据库更新已下载章节
2026-03-09 23:41:24 - mkk_pika - database.py:244 - INFO - 该漫画已下载章节如下
2026-03-09 23:41:24 - mkk_pika - database.py:245 - INFO - ['第1集']
2026-03-09 23:41:25 - mkk_pika - main.py:348 - INFO - ==================== 漫画信息 ====================
                                   漫画ID：58219bf45f6b9a4f93eb7405
                                   标题： ステフいじり (ノーゲーム・ノーライフ)【游戏人生本子】
                                   作者：海通信 (なまもななせ
                                   是否完结：是
                                   总页数：16
                                   分类：同人,短篇,後宮閃光,純愛
                                   章节数：1
                                   最后更新时间：2011-08-18T18:47:09.000Z
                                   =================================================
2026-03-09 23:41:25 - mkk_pika - database.py:101 - INFO - 保存成功： ステフいじり (ノーゲーム・ノーライフ)【游戏人生本子】
2026-03-09 23:41:25 - mkk_pika - main.py:35 - INFO - 开始检查[蛹虎次郎] きゃすとあおい 全4話 [渣渣汉化组&heran1234]是否存在未下载章节
2026-03-09 23:41:26 - mkk_pika - main.py:45 - INFO - 正在下载:[[蛹虎次郎] きゃすとあおい 全4話 [渣渣汉化组&heran1234]]-[蛹虎次郎]-[['短篇', 'NTR', '強暴']]-[total_pages:76]
2026-03-09 23:41:26 - mkk_pika - main.py:49 - INFO - [{'_id': '58219bf55f6b9a4f93eb742b', 'title': '第1集', 'order': 1, 'updated_at': '2016-11-08T09:33:41.708Z', 'id': '58219bf55f6b9a4f93eb742b'}]
2026-03-09 23:41:26 - mkk_pika - database.py:215 - INFO - 第一次下载该漫画，记录数据库中
2026-03-09 23:41:26 - mkk_pika - main.py:83 - INFO - 找到 76 张图片在:第1集
2026-03-09 23:41:29 - mkk_pika - main.py:112 - INFO - [episode:第1集       ] downloaded:    76, total:  76, progress:100%
2026-03-09 23:41:29 - mkk_pika - database.py:238 - INFO - 数据库更新已下载章节
2026-03-09 23:41:29 - mkk_pika - database.py:244 - INFO - 该漫画已下载章节如下
2026-03-09 23:41:29 - mkk_pika - database.py:245 - INFO - ['第1集']
2026-03-09 23:41:30 - mkk_pika - main.py:348 - INFO - ==================== 漫画信息 ====================
                                   漫画ID：58219bf55f6b9a4f93eb7429
                                   标题：[蛹虎次郎] きゃすとあおい 全4話 [渣渣汉化组&heran1234]
                                   作者：蛹虎次郎
                                   是否完结：是
                                   总页数：76
                                   分类：短篇,NTR,強暴
                                   章节数：1
                                   最后更新时间：2011-08-19T04:47:09.000Z
                                   =================================================
2026-03-09 23:41:30 - mkk_pika - database.py:101 - INFO - 保存成功：[蛹虎次郎] きゃすとあおい 全4話 [渣渣汉化组&heran1234]
2026-03-09 23:41:30 - mkk_pika - main.py:35 - INFO - 开始检查お嬢様は逃げ出した是否存在未下载章节
2026-03-09 23:41:30 - mkk_pika - main.py:45 - INFO - 正在下载:[お嬢様は逃げ出した]-[ぽんこつわーくす]-[['長篇', '後宮閃光', '純愛']]-[total_pages:595]
2026-03-09 23:41:30 - mkk_pika - main.py:49 - INFO - [{'_id': '58219bf85f6b9a4f93eb76c1', 'title': '第1集', 'order': 1, 'updated_at': '2016-11-08T09:33:44.759Z', 'id': '58219bf85f6b9a4f93eb76c1'}, {'_id': '58219bfa5f6b9a4f93eb7851', 'title': '第2集', 'order': 2, 'updated_at': '2016-11-08T09:33:46.328Z', 'id': '58219bfa5f6b9a4f93eb7851'}, {'_id': '58219bfc5f6b9a4f93eb79df', 'title': '第3集', 'order': 3, 'updated_at': '2016-11-08T09:33:48.033Z', 'id': '58219bfc5f6b9a4f93eb79df'}]
2026-03-09 23:41:30 - mkk_pika - database.py:215 - INFO - 第一次下载该漫画，记录数据库中
2026-03-09 23:41:32 - mkk_pika - main.py:83 - INFO - 找到 199 张图片在:第1集
2026-03-09 23:41:37 - mkk_pika - main.py:112 - INFO - [episode:第1集       ] downloaded:   199, total: 199, progress:100%
2026-03-09 23:41:37 - mkk_pika - database.py:238 - INFO - 数据库更新已下载章节
2026-03-09 23:41:37 - mkk_pika - database.py:244 - INFO - 该漫画已下载章节如下
2026-03-09 23:41:37 - mkk_pika - database.py:245 - INFO - ['第1集']
2026-03-09 23:41:39 - mkk_pika - main.py:83 - INFO - 找到 198 张图片在:第2集
2026-03-09 23:41:44 - mkk_pika - main.py:112 - INFO - [episode:第2集       ] downloaded:   198, total: 198, progress:100%
2026-03-09 23:41:44 - mkk_pika - database.py:238 - INFO - 数据库更新已下载章节
2026-03-09 23:41:44 - mkk_pika - database.py:244 - INFO - 该漫画已下载章节如下
2026-03-09 23:41:44 - mkk_pika - database.py:245 - INFO - ['第1集', '第2集']
2026-03-09 23:41:46 - mkk_pika - main.py:83 - INFO - 找到 198 张图片在:第3集
2026-03-09 23:41:51 - mkk_pika - main.py:112 - INFO - [episode:第3集       ] downloaded:   198, total: 198, progress:100%
2026-03-09 23:41:51 - mkk_pika - database.py:238 - INFO - 数据库更新已下载章节
2026-03-09 23:41:51 - mkk_pika - database.py:244 - INFO - 该漫画已下载章节如下
2026-03-09 23:41:51 - mkk_pika - database.py:245 - INFO - ['第1集', '第2集', '第3集']
2026-03-09 23:41:52 - mkk_pika - main.py:348 - INFO - ==================== 漫画信息 ====================
                                   漫画ID：58219bf85f6b9a4f93eb76bf
                                   标题：お嬢様は逃げ出した
                                   作者：ぽんこつわーくす
                                   是否完结：是
                                   总页数：595
                                   分类：長篇,後宮閃光,純愛
                                   章节数：3
                                   最后更新时间：2011-08-20T00:47:09.000Z
                                   =================================================
2026-03-09 23:41:52 - mkk_pika - database.py:101 - INFO - 保存成功：お嬢様は逃げ出した
2026-03-09 23:41:52 - mkk_pika - main.py:35 - INFO - 开始检查おたくのメガミさん是否存在未下载章节
2026-03-09 23:41:53 - mkk_pika - main.py:45 - INFO - 正在下载:[おたくのメガミさん]-[彩画堂]-[['人妻', '長篇', '後宮閃光', 'NTR', '強暴', '純愛']]-[total_pages:378]
2026-03-09 23:41:53 - mkk_pika - main.py:49 - INFO - [{'_id': '58219bfd5f6b9a4f93eb7b6f', 'title': '第1集', 'order': 1, 'updated_at': '2016-11-08T09:33:49.908Z', 'id': '58219bfd5f6b9a4f93eb7b6f'}, {'_id': '58219bff5f6b9a4f93eb7ced', 'title': '第2集', 'order': 2, 'updated_at': '2016-11-08T09:33:51.039Z', 'id': '58219bff5f6b9a4f93eb7ced'}]
2026-03-09 23:41:53 - mkk_pika - database.py:215 - INFO - 第一次下载该漫画，记录数据库中
2026-03-09 23:41:55 - mkk_pika - main.py:83 - INFO - 找到 190 张图片在:第1集
2026-03-09 23:41:59 - mkk_pika - main.py:112 - INFO - [episode:第1集       ] downloaded:   190, total: 190, progress:100%
2026-03-09 23:41:59 - mkk_pika - database.py:238 - INFO - 数据库更新已下载章节
2026-03-09 23:41:59 - mkk_pika - database.py:244 - INFO - 该漫画已下载章节如下
2026-03-09 23:41:59 - mkk_pika - database.py:245 - INFO - ['第1集']
2026-03-09 23:42:02 - mkk_pika - main.py:83 - INFO - 找到 188 张图片在:第2集
2026-03-09 23:42:06 - mkk_pika - main.py:112 - INFO - [episode:第2集       ] downloaded:   188, total: 188, progress:100%
2026-03-09 23:42:06 - mkk_pika - database.py:238 - INFO - 数据库更新已下载章节
2026-03-09 23:42:06 - mkk_pika - database.py:244 - INFO - 该漫画已下载章节如下
2026-03-09 23:42:06 - mkk_pika - database.py:245 - INFO - ['第1集', '第2集']
2026-03-09 23:42:07 - mkk_pika - main.py:348 - INFO - ==================== 漫画信息 ====================
                                   漫画ID：58219bfd5f6b9a4f93eb7b6d
                                   标题：おたくのメガミさん
                                   作者：彩画堂
                                   是否完结：是
                                   总页数：378
                                   分类：人妻,長篇,後宮閃光,NTR,強暴,純愛
                                   章节数：2
                                   最后更新时间：2011-08-20T10:47:09.000Z
                                   =================================================
2026-03-09 23:42:07 - mkk_pika - database.py:101 - INFO - 保存成功：おたくのメガミさん
2026-03-09 23:42:07 - mkk_pika - main.py:35 - INFO - 开始检查ラブ厨。是否存在未下载章节
2026-03-09 23:42:08 - mkk_pika - main.py:45 - INFO - 正在下载:[ラブ厨。]-[のぶきちひろ]-[['長篇', '後宮閃光', '純愛']]-[total_pages:224]
2026-03-09 23:42:08 - mkk_pika - main.py:49 - INFO - [{'_id': '58219c085f6b9a4f93eb817f', 'title': '第1集', 'order': 1, 'updated_at': '2016-11-08T09:34:00.300Z', 'id': '58219c085f6b9a4f93eb817f'}]
2026-03-09 23:42:08 - mkk_pika - database.py:215 - INFO - 第一次下载该漫画，记录数据库中
2026-03-09 23:42:10 - mkk_pika - main.py:83 - INFO - 找到 224 张图片在:第1集
2026-03-09 23:42:15 - mkk_pika - main.py:112 - INFO - [episode:第1集       ] downloaded:   224, total: 224, progress:100%
2026-03-09 23:42:15 - mkk_pika - database.py:238 - INFO - 数据库更新已下载章节
2026-03-09 23:42:15 - mkk_pika - database.py:244 - INFO - 该漫画已下载章节如下
2026-03-09 23:42:15 - mkk_pika - database.py:245 - INFO - ['第1集']
2026-03-09 23:42:16 - mkk_pika - main.py:348 - INFO - ==================== 漫画信息 ====================
                                   漫画ID：58219c075f6b9a4f93eb817d
                                   标题：ラブ厨。
                                   作者：のぶきちひろ
                                   是否完结：是
                                   总页数：224
                                   分类：長篇,後宮閃光,純愛
                                   章节数：1
                                   最后更新时间：2011-08-21T16:47:09.000Z
                                   =================================================
2026-03-09 23:42:16 - mkk_pika - database.py:101 - INFO - 保存成功：ラブ厨。
2026-03-09 23:42:16 - mkk_pika - main.py:35 - INFO - 开始检查[風道屋 (まもウィリアムズ)] 負け犬司令官! (艦隊これくしょん-艦これ-)是否存在未下载章节
2026-03-09 23:42:16 - mkk_pika - main.py:45 - INFO - 正在下载:[[風道屋 (まもウィリアムズ)] 負け犬司令官! (艦隊これくしょん-艦これ-)]-[不明]-[['艦隊收藏', '全彩']]-[total_pages:19]
2026-03-09 23:42:16 - mkk_pika - main.py:49 - INFO - [{'_id': '58219c0a5f6b9a4f93eb8343', 'title': '第1集', 'order': 1, 'updated_at': '2016-11-08T09:34:02.134Z', 'id': '58219c0a5f6b9a4f93eb8343'}]
2026-03-09 23:42:16 - mkk_pika - database.py:215 - INFO - 第一次下载该漫画，记录数据库中
2026-03-09 23:42:17 - mkk_pika - main.py:83 - INFO - 找到 19 张图片在:第1集
2026-03-09 23:42:19 - mkk_pika - main.py:112 - INFO - [episode:第1集       ] downloaded:    19, total:  19, progress:100%
2026-03-09 23:42:19 - mkk_pika - database.py:238 - INFO - 数据库更新已下载章节
2026-03-09 23:42:19 - mkk_pika - database.py:244 - INFO - 该漫画已下载章节如下
2026-03-09 23:42:19 - mkk_pika - database.py:245 - INFO - ['第1集']
2026-03-09 23:42:20 - mkk_pika - main.py:348 - INFO - ==================== 漫画信息 ====================
                                   漫画ID：58219c095f6b9a4f93eb8341
                                   标题：[風道屋 (まもウィリアムズ)] 負け犬司令官! (艦隊これくしょん-艦これ-)
                                   作者：不明
                                   是否完结：是
                                   总页数：19
                                   分类：艦隊收藏,全彩
                                   章节数：1
                                   最后更新时间：2011-08-22T02:47:09.000Z
                                   =================================================
2026-03-09 23:42:20 - mkk_pika - database.py:101 - INFO - 保存成功：[風道屋 (まもウィリアムズ)] 負け犬司令官! (艦隊これくしょん-艦これ-)
2026-03-09 23:42:20 - mkk_pika - main.py:35 - INFO - 开始检查何も聞かずに泊めて下さい。是否存在未下载章节
2026-03-09 23:42:20 - mkk_pika - main.py:45 - INFO - 正在下载:[何も聞かずに泊めて下さい。]-[もすまん (へんりいだ)]-[['短篇', '妹妹系', '純愛']]-[total_pages:26]
2026-03-09 23:42:20 - mkk_pika - main.py:49 - INFO - [{'_id': '5f243b038de04227c15e5c72', 'title': '第1話', 'order': 1, 'updated_at': '2020-07-31T15:36:45.414Z', 'id': '5f243b038de04227c15e5c72'}]
2026-03-09 23:42:20 - mkk_pika - database.py:215 - INFO - 第一次下载该漫画，记录数据库中
2026-03-09 23:42:21 - mkk_pika - main.py:83 - INFO - 找到 26 张图片在:第1話
2026-03-09 23:42:22 - mkk_pika - main.py:112 - INFO - [episode:第1話       ] downloaded:    26, total:  26, progress:100%
2026-03-09 23:42:22 - mkk_pika - database.py:238 - INFO - 数据库更新已下载章节
2026-03-09 23:42:22 - mkk_pika - database.py:244 - INFO - 该漫画已下载章节如下
2026-03-09 23:42:22 - mkk_pika - database.py:245 - INFO - ['第1話']
2026-03-09 23:42:23 - mkk_pika - main.py:348 - INFO - ==================== 漫画信息 ====================
                                   漫画ID：58219c0a5f6b9a4f93eb836b
                                   标题：何も聞かずに泊めて下さい。
                                   作者：もすまん (へんりいだ)
                                   是否完结：是
                                   总页数：26
                                   分类：短篇,妹妹系,純愛
                                   章节数：1
                                   最后更新时间：2011-08-22T12:47:09.000Z
                                   =================================================
2026-03-09 23:42:23 - mkk_pika - database.py:101 - INFO - 保存成功：何も聞かずに泊めて下さい。
2026-03-09 23:42:23 - mkk_pika - main.py:35 - INFO - 开始检查VENUS&MERCURY PREAK (美少女戦士セーラームーン)是否存在未下载章节
2026-03-09 23:42:23 - mkk_pika - main.py:45 - INFO - 正在下载:[VENUS&MERCURY PREAK (美少女戦士セーラームーン)]-[アカベンギン (アサヒなヒカゲ)]-[['同人', '短篇']]-[total_pages:34]
2026-03-09 23:42:23 - mkk_pika - main.py:49 - INFO - [{'_id': '58219c0b5f6b9a4f93eb83a5', 'title': '第1集', 'order': 1, 'updated_at': '2016-11-08T09:34:03.397Z', 'id': '58219c0b5f6b9a4f93eb83a5'}]
2026-03-09 23:42:23 - mkk_pika - database.py:215 - INFO - 第一次下载该漫画，记录数据库中
2026-03-09 23:42:24 - mkk_pika - main.py:83 - INFO - 找到 34 张图片在:第1集
2026-03-09 23:42:25 - mkk_pika - main.py:112 - INFO - [episode:第1集       ] downloaded:    34, total:  34, progress:100%
2026-03-09 23:42:25 - mkk_pika - database.py:238 - INFO - 数据库更新已下载章节
2026-03-09 23:42:25 - mkk_pika - database.py:244 - INFO - 该漫画已下载章节如下
2026-03-09 23:42:25 - mkk_pika - database.py:245 - INFO - ['第1集']
2026-03-09 23:42:26 - mkk_pika - main.py:348 - INFO - ==================== 漫画信息 ====================
                                   漫画ID：58219c0a5f6b9a4f93eb83a3
                                   标题：VENUS&MERCURY PREAK (美少女戦士セーラームーン)
                                   作者：アカベンギン (アサヒなヒカゲ)
                                   是否完结：是
                                   总页数：34
                                   分类：同人,短篇
                                   章节数：1
                                   最后更新时间：2011-08-22T22:47:09.000Z
                                   =================================================
2026-03-09 23:42:26 - mkk_pika - database.py:101 - INFO - 保存成功：VENUS&MERCURY PREAK (美少女戦士セーラームーン)
2026-03-09 23:42:26 - mkk_pika - main.py:35 - INFO - 开始检查オシゴトシアター2 (偶像大師)是否存在未下载章节
2026-03-09 23:42:26 - mkk_pika - main.py:45 - INFO - 正在下载:[オシゴトシアター2 (偶像大師)]-[Werk(安藤周記)]-[['同人', '短篇', '全彩', '純愛']]-[total_pages:25]
2026-03-09 23:42:26 - mkk_pika - main.py:49 - INFO - [{'_id': '58219c0c5f6b9a4f93eb83ed', 'title': '第1集', 'order': 1, 'updated_at': '2016-11-08T09:34:04.018Z', 'id': '58219c0c5f6b9a4f93eb83ed'}]
2026-03-09 23:42:26 - mkk_pika - database.py:215 - INFO - 第一次下载该漫画，记录数据库中
2026-03-09 23:42:27 - mkk_pika - main.py:83 - INFO - 找到 25 张图片在:第1集
2026-03-09 23:42:27 - mkk_pika - main.py:112 - INFO - [episode:第1集       ] downloaded:    25, total:  25, progress:100%
2026-03-09 23:42:27 - mkk_pika - database.py:238 - INFO - 数据库更新已下载章节
2026-03-09 23:42:27 - mkk_pika - database.py:244 - INFO - 该漫画已下载章节如下
2026-03-09 23:42:27 - mkk_pika - database.py:245 - INFO - ['第1集']
2026-03-09 23:42:29 - mkk_pika - main.py:348 - INFO - ==================== 漫画信息 ====================
                                   漫画ID：58219c0b5f6b9a4f93eb83eb
                                   标题：オシゴトシアター2 (偶像大師)
                                   作者：Werk(安藤周記)
                                   是否完结：是
                                   总页数：25
                                   分类：同人,短篇,全彩,純愛
                                   章节数：1
                                   最后更新时间：2011-08-23T08:47:09.000Z
                                   =================================================
2026-03-09 23:42:29 - mkk_pika - database.py:101 - INFO - 保存成功：オシゴトシアター2 (偶像大師)
2026-03-09 23:42:29 - mkk_pika - main.py:35 - INFO - 开始检查楓さんの愛ドル性活 (偶像大師)是否存在未下载章节
2026-03-09 23:42:29 - mkk_pika - main.py:45 - INFO - 正在下载:[楓さんの愛ドル性活 (偶像大師)]-[一人の大浴場(ぼーかん)]-[['同人', '短篇', '純愛']]-[total_pages:30]
2026-03-09 23:42:29 - mkk_pika - main.py:49 - INFO - [{'_id': '58219c0c5f6b9a4f93eb8423', 'title': '第1集', 'order': 1, 'updated_at': '2016-11-08T09:34:04.717Z', 'id': '58219c0c5f6b9a4f93eb8423'}]
2026-03-09 23:42:29 - mkk_pika - database.py:215 - INFO - 第一次下载该漫画，记录数据库中
2026-03-09 23:42:30 - mkk_pika - main.py:83 - INFO - 找到 30 张图片在:第1集
2026-03-09 23:42:30 - mkk_pika - main.py:112 - INFO - [episode:第1集       ] downloaded:    30, total:  30, progress:100%
2026-03-09 23:42:30 - mkk_pika - database.py:238 - INFO - 数据库更新已下载章节
2026-03-09 23:42:30 - mkk_pika - database.py:244 - INFO - 该漫画已下载章节如下
2026-03-09 23:42:30 - mkk_pika - database.py:245 - INFO - ['第1集']
2026-03-09 23:42:32 - mkk_pika - main.py:348 - INFO - ==================== 漫画信息 ====================
                                   漫画ID：58219c0c5f6b9a4f93eb8421
                                   标题：楓さんの愛ドル性活 (偶像大師)
                                   作者：一人の大浴場(ぼーかん)
                                   是否完结：是
                                   总页数：30
                                   分类：同人,短篇,純愛
                                   章节数：1
                                   最后更新时间：2011-08-23T18:47:09.000Z
                                   =================================================
2026-03-09 23:42:32 - mkk_pika - database.py:101 - INFO - 保存成功：楓さんの愛ドル性活 (偶像大師)
2026-03-09 23:42:32 - mkk_pika - main.py:35 - INFO - 开始检查Costume♥Present是否存在未下载章节
2026-03-09 23:42:32 - mkk_pika - main.py:45 - INFO - 正在下载:[Costume♥Present]-[もすまん (へんりいだ)]-[['短篇', '純愛']]-[total_pages:23]
2026-03-09 23:42:32 - mkk_pika - main.py:49 - INFO - [{'_id': '5ffdc53472e5533ddc19c5de', 'title': '第1話', 'order': 1, 'updated_at': '2021-01-12T15:43:34.478Z', 'id': '5ffdc53472e5533ddc19c5de'}]
2026-03-09 23:42:32 - mkk_pika - database.py:215 - INFO - 第一次下载该漫画，记录数据库中
2026-03-09 23:42:33 - mkk_pika - main.py:83 - INFO - 找到 23 张图片在:第1話
2026-03-09 23:42:33 - mkk_pika - main.py:112 - INFO - [episode:第1話       ] downloaded:    23, total:  23, progress:100%
2026-03-09 23:42:33 - mkk_pika - database.py:238 - INFO - 数据库更新已下载章节
2026-03-09 23:42:33 - mkk_pika - database.py:244 - INFO - 该漫画已下载章节如下
2026-03-09 23:42:33 - mkk_pika - database.py:245 - INFO - ['第1話']
2026-03-09 23:42:35 - mkk_pika - main.py:348 - INFO - ==================== 漫画信息 ====================
                                   漫画ID：58219c0c5f6b9a4f93eb8461
                                   标题：Costume♥Present
                                   作者：もすまん (へんりいだ)
                                   是否完结：是
                                   总页数：23
                                   分类：短篇,純愛
                                   章节数：1
                                   最后更新时间：2011-08-24T04:47:09.000Z
                                   =================================================
2026-03-09 23:42:35 - mkk_pika - database.py:101 - INFO - 保存成功：Costume♥Present
2026-03-09 23:42:35 - mkk_pika - main.py:35 - INFO - 开始检查ろりまんガー是否存在未下载章节
2026-03-09 23:42:35 - mkk_pika - main.py:45 - INFO - 正在下载:[ろりまんガー]-[上田裕]-[['長篇', '後宮閃光', '強暴', '妹妹系']]-[total_pages:219]
2026-03-09 23:42:35 - mkk_pika - main.py:49 - INFO - [{'_id': '58219c0e5f6b9a4f93eb8495', 'title': '第1集', 'order': 1, 'updated_at': '2016-11-08T09:34:06.220Z', 'id': '58219c0e5f6b9a4f93eb8495'}]
2026-03-09 23:42:35 - mkk_pika - database.py:215 - INFO - 第一次下载该漫画，记录数据库中
2026-03-09 23:42:37 - mkk_pika - main.py:83 - INFO - 找到 219 张图片在:第1集
2026-03-09 23:42:42 - mkk_pika - main.py:112 - INFO - [episode:第1集       ] downloaded:   219, total: 219, progress:100%
2026-03-09 23:42:42 - mkk_pika - database.py:238 - INFO - 数据库更新已下载章节
2026-03-09 23:42:42 - mkk_pika - database.py:244 - INFO - 该漫画已下载章节如下
2026-03-09 23:42:42 - mkk_pika - database.py:245 - INFO - ['第1集']
2026-03-09 23:42:43 - mkk_pika - main.py:348 - INFO - ==================== 漫画信息 ====================
                                   漫画ID：58219c0d5f6b9a4f93eb8493
                                   标题：ろりまんガー
                                   作者：上田裕
                                   是否完结：是
                                   总页数：219
                                   分类：長篇,後宮閃光,強暴,妹妹系
                                   章节数：1
                                   最后更新时间：2011-08-24T14:47:09.000Z
                                   =================================================
2026-03-09 23:42:43 - mkk_pika - database.py:101 - INFO - 保存成功：ろりまんガー
2026-03-09 23:42:43 - mkk_pika - main.py:35 - INFO - 开始检查しゃあないなぁ（ 艦隊收藏）是否存在未下载章节
2026-03-09 23:42:43 - mkk_pika - main.py:45 - INFO - 正在下载:[しゃあないなぁ（ 艦隊收藏）]-[SHIS(Zトン)]-[['同人', '短篇', '艦隊收藏', '純愛']]-[total_pages:24]
2026-03-09 23:42:43 - mkk_pika - main.py:49 - INFO - [{'_id': '58219c105f6b9a4f93eb864f', 'title': '第1集', 'order': 1, 'updated_at': '2016-11-08T09:34:08.205Z', 'id': '58219c105f6b9a4f93eb864f'}]
2026-03-09 23:42:43 - mkk_pika - database.py:215 - INFO - 第一次下载该漫画，记录数据库中
2026-03-09 23:42:44 - mkk_pika - main.py:83 - INFO - 找到 24 张图片在:第1集
2026-03-09 23:42:44 - mkk_pika - main.py:112 - INFO - [episode:第1集       ] downloaded:    24, total:  24, progress:100%
2026-03-09 23:42:44 - mkk_pika - database.py:238 - INFO - 数据库更新已下载章节
2026-03-09 23:42:44 - mkk_pika - database.py:244 - INFO - 该漫画已下载章节如下
2026-03-09 23:42:44 - mkk_pika - database.py:245 - INFO - ['第1集']
2026-03-09 23:42:46 - mkk_pika - main.py:348 - INFO - ==================== 漫画信息 ====================
                                   漫画ID：58219c0f5f6b9a4f93eb864d
                                   标题：しゃあないなぁ（ 艦隊收藏）
                                   作者：SHIS(Zトン)
                                   是否完结：是
                                   总页数：24
                                   分类：同人,短篇,艦隊收藏,純愛
                                   章节数：1
                                   最后更新时间：2011-08-25T00:47:09.000Z
                                   =================================================
2026-03-09 23:42:46 - mkk_pika - database.py:101 - INFO - 保存成功：しゃあないなぁ（ 艦隊收藏）
2026-03-09 23:42:46 - mkk_pika - main.py:35 - INFO - 开始检查処女ネトリア是否存在未下载章节
2026-03-09 23:42:46 - mkk_pika - main.py:45 - INFO - 正在下载:[処女ネトリア]-[夏庵]-[['長篇', 'NTR', '強暴', '姐姐系']]-[total_pages:206]
2026-03-09 23:42:46 - mkk_pika - main.py:49 - INFO - [{'_id': '58219c105f6b9a4f93eb8683', 'title': '第1集', 'order': 1, 'updated_at': '2016-11-08T09:34:08.623Z', 'id': '58219c105f6b9a4f93eb8683'}]
2026-03-09 23:42:46 - mkk_pika - database.py:215 - INFO - 第一次下载该漫画，记录数据库中
2026-03-09 23:42:48 - mkk_pika - main.py:83 - INFO - 找到 206 张图片在:第1集
2026-03-09 23:42:53 - mkk_pika - main.py:112 - INFO - [episode:第1集       ] downloaded:   206, total: 206, progress:100%
2026-03-09 23:42:53 - mkk_pika - database.py:238 - INFO - 数据库更新已下载章节
2026-03-09 23:42:53 - mkk_pika - database.py:244 - INFO - 该漫画已下载章节如下
2026-03-09 23:42:53 - mkk_pika - database.py:245 - INFO - ['第1集']
2026-03-09 23:42:54 - mkk_pika - main.py:348 - INFO - ==================== 漫画信息 ====================
                                   漫画ID：58219c105f6b9a4f93eb8681
                                   标题：処女ネトリア
                                   作者：夏庵
                                   是否完结：是
                                   总页数：206
                                   分类：長篇,NTR,強暴,姐姐系
                                   章节数：1
                                   最后更新时间：2011-08-25T10:47:09.000Z
                                   =================================================
2026-03-09 23:42:54 - mkk_pika - database.py:101 - INFO - 保存成功：処女ネトリア
2026-03-09 23:42:54 - mkk_pika - main.py:35 - INFO - 开始检查彩恋是否存在未下载章节
2026-03-09 23:42:54 - mkk_pika - main.py:45 - INFO - 正在下载:[彩恋]-[水風天]-[['長篇', '姐姐系', '純愛']]-[total_pages:151]
2026-03-09 23:42:54 - mkk_pika - main.py:49 - INFO - [{'_id': '58219c125f6b9a4f93eb8823', 'title': '第1集', 'order': 1, 'updated_at': '2016-11-08T09:34:10.477Z', 'id': '58219c125f6b9a4f93eb8823'}]
2026-03-09 23:42:54 - mkk_pika - database.py:215 - INFO - 第一次下载该漫画，记录数据库中
2026-03-09 23:42:56 - mkk_pika - main.py:83 - INFO - 找到 151 张图片在:第1集
2026-03-09 23:42:59 - mkk_pika - main.py:112 - INFO - [episode:第1集       ] downloaded:   151, total: 151, progress:100%
2026-03-09 23:42:59 - mkk_pika - database.py:238 - INFO - 数据库更新已下载章节
2026-03-09 23:42:59 - mkk_pika - database.py:244 - INFO - 该漫画已下载章节如下
2026-03-09 23:42:59 - mkk_pika - database.py:245 - INFO - ['第1集']
2026-03-09 23:43:01 - mkk_pika - main.py:348 - INFO - ==================== 漫画信息 ====================
                                   漫画ID：58219c115f6b9a4f93eb8821
                                   标题：彩恋
                                   作者：水風天
                                   是否完结：是
                                   总页数：151
                                   分类：長篇,姐姐系,純愛
                                   章节数：1
                                   最后更新时间：2011-08-25T20:47:09.000Z
                                   =================================================
2026-03-09 23:43:01 - mkk_pika - database.py:101 - INFO - 保存成功：彩恋
2026-03-09 23:43:01 - mkk_pika - main.py:35 - INFO - 开始检查雯雅婷～工地轮O美少女 vol  1～2是否存在未下载章节
2026-03-09 23:43:01 - mkk_pika - main.py:45 - INFO - 正在下载:[雯雅婷～工地轮O美少女 vol  1～2]-[不明]-[['短篇', '全彩', '強暴', '足の恋']]-[total_pages:52]
2026-03-09 23:43:01 - mkk_pika - main.py:49 - INFO - [{'_id': '58219c145f6b9a4f93eb89af', 'title': '第1集', 'order': 1, 'updated_at': '2016-11-08T09:34:12.528Z', 'id': '58219c145f6b9a4f93eb89af'}]
2026-03-09 23:43:01 - mkk_pika - database.py:215 - INFO - 第一次下载该漫画，记录数据库中
2026-03-09 23:43:02 - mkk_pika - main.py:83 - INFO - 找到 52 张图片在:第1集
2026-03-09 23:43:03 - mkk_pika - main.py:112 - INFO - [episode:第1集       ] downloaded:    52, total:  52, progress:100%
2026-03-09 23:43:03 - mkk_pika - database.py:238 - INFO - 数据库更新已下载章节
2026-03-09 23:43:03 - mkk_pika - database.py:244 - INFO - 该漫画已下载章节如下
2026-03-09 23:43:03 - mkk_pika - database.py:245 - INFO - ['第1集']
2026-03-09 23:43:04 - mkk_pika - main.py:348 - INFO - ==================== 漫画信息 ====================
                                   漫画ID：58219c145f6b9a4f93eb89ad
                                   标题：雯雅婷～工地轮O美少女 vol  1～2
                                   作者：不明
                                   是否完结：是
                                   总页数：52
                                   分类：短篇,全彩,強暴,足の恋
                                   章节数：1
                                   最后更新时间：2011-08-26T16:47:09.000Z
                                   =================================================
2026-03-09 23:43:04 - mkk_pika - database.py:101 - INFO - 保存成功：雯雅婷～工地轮O美少女 vol  1～2
2026-03-09 23:43:04 - mkk_pika - main.py:35 - INFO - 开始检查(ふたけっと11.5) [AskRay (ぼっしぃ)] 澄香の放課後072TIME [T妹个人汉化]是否存在未下载章节
2026-03-09 23:43:05 - mkk_pika - main.py:45 - INFO - 正在下载:[(ふたけっと11.5) [AskRay (ぼっしぃ)] 澄香の放課後072TIME [T妹个人汉化]]-[AskRay (ぼっしぃ)]-[['同人', '短篇', '扶他樂園']]-[total_pages:12]
2026-03-09 23:43:05 - mkk_pika - main.py:49 - INFO - [{'_id': '58219c155f6b9a4f93eb8a77', 'title': '第1集', 'order': 1, 'updated_at': '2016-11-08T09:34:13.686Z', 'id': '58219c155f6b9a4f93eb8a77'}]
2026-03-09 23:43:05 - mkk_pika - database.py:215 - INFO - 第一次下载该漫画，记录数据库中
2026-03-09 23:43:05 - mkk_pika - main.py:83 - INFO - 找到 12 张图片在:第1集
2026-03-09 23:43:06 - mkk_pika - main.py:112 - INFO - [episode:第1集       ] downloaded:    12, total:  12, progress:100%
2026-03-09 23:43:06 - mkk_pika - database.py:238 - INFO - 数据库更新已下载章节
2026-03-09 23:43:06 - mkk_pika - database.py:244 - INFO - 该漫画已下载章节如下
2026-03-09 23:43:06 - mkk_pika - database.py:245 - INFO - ['第1集']
2026-03-09 23:43:07 - mkk_pika - main.py:348 - INFO - ==================== 漫画信息 ====================
                                   漫画ID：58219c155f6b9a4f93eb8a75
                                   标题：(ふたけっと11.5) [AskRay (ぼっしぃ)] 澄香の放課後072TIME [T妹个人汉化]
                                   作者：AskRay (ぼっしぃ)
                                   是否完结：是
                                   总页数：12
                                   分类：同人,短篇,扶他樂園
                                   章节数：1
                                   最后更新时间：2011-08-27T12:47:09.000Z
                                   =================================================
2026-03-09 23:43:07 - mkk_pika - database.py:101 - INFO - 保存成功：(ふたけっと11.5) [AskRay (ぼっしぃ)] 澄香の放課後072TIME [T妹个人汉化]
2026-03-09 23:43:07 - mkk_pika - main.py:35 - INFO - 开始检查(C83) [AskRay (ぼっしぃ)] Gothic Lolita with Dragon (オリジナル) [JL&EvSh基友漢化]是否存在未下载章节
2026-03-09 23:43:07 - mkk_pika - main.py:45 - INFO - 正在下载:[(C83) [AskRay (ぼっしぃ)] Gothic Lolita with Dragon (オリジナル) [JL&EvSh基友漢化]]-[AskRay (ぼっしぃ)]-[['同人', '短篇', '全彩', '非人類']]-[total_pages:16]
2026-03-09 23:43:07 - mkk_pika - main.py:49 - INFO - [{'_id': '58219c1f5f6b9a4f93eb8e6b', 'title': '第1集', 'order': 1, 'updated_at': '2016-11-08T09:34:23.354Z', 'id': '58219c1f5f6b9a4f93eb8e6b'}]
2026-03-09 23:43:07 - mkk_pika - database.py:215 - INFO - 第一次下载该漫画，记录数据库中
2026-03-09 23:43:08 - mkk_pika - main.py:83 - INFO - 找到 16 张图片在:第1集
2026-03-09 23:43:08 - mkk_pika - main.py:112 - INFO - [episode:第1集       ] downloaded:    16, total:  16, progress:100%
2026-03-09 23:43:08 - mkk_pika - database.py:238 - INFO - 数据库更新已下载章节
2026-03-09 23:43:08 - mkk_pika - database.py:244 - INFO - 该漫画已下载章节如下
2026-03-09 23:43:08 - mkk_pika - database.py:245 - INFO - ['第1集']
2026-03-09 23:43:10 - mkk_pika - main.py:348 - INFO - ==================== 漫画信息 ====================
                                   漫画ID：58219c1e5f6b9a4f93eb8e69
                                   标题：(C83) [AskRay (ぼっしぃ)] Gothic Lolita with Dragon (オリジナル) [JL&EvSh基友漢化]
                                   作者：AskRay (ぼっしぃ)
                                   是否完结：是
                                   总页数：16
                                   分类：同人,短篇,全彩,非人類
                                   章节数：1
                                   最后更新时间：2011-08-29T04:47:09.000Z
                                   =================================================
2026-03-09 23:43:10 - mkk_pika - database.py:101 - INFO - 保存成功：(C83) [AskRay (ぼっしぃ)] Gothic Lolita with Dragon (オリジナル) [JL&EvSh基友漢化]
2026-03-09 23:43:10 - mkk_pika - main.py:35 - INFO - 开始检查(C68) [Archetype (あかざ)] ウォーアイニーソ (よろず) [黑条漢化]是否存在未下载章节
2026-03-09 23:43:10 - mkk_pika - main.py:45 - INFO - 正在下载:[(C68) [Archetype (あかざ)] ウォーアイニーソ (よろず) [黑条漢化]]-[Archetype (あかざ)]-[['同人', '短篇', '足の恋']]-[total_pages:31]
2026-03-09 23:43:10 - mkk_pika - main.py:49 - INFO - [{'_id': '58219c1f5f6b9a4f93eb8e8f', 'title': '第1集', 'order': 1, 'updated_at': '2016-11-08T09:34:23.956Z', 'id': '58219c1f5f6b9a4f93eb8e8f'}]
2026-03-09 23:43:10 - mkk_pika - database.py:215 - INFO - 第一次下载该漫画，记录数据库中
2026-03-09 23:43:11 - mkk_pika - main.py:83 - INFO - 找到 31 张图片在:第1集
2026-03-09 23:43:11 - mkk_pika - main.py:112 - INFO - [episode:第1集       ] downloaded:    31, total:  31, progress:100%
2026-03-09 23:43:11 - mkk_pika - database.py:238 - INFO - 数据库更新已下载章节
2026-03-09 23:43:11 - mkk_pika - database.py:244 - INFO - 该漫画已下载章节如下
2026-03-09 23:43:11 - mkk_pika - database.py:245 - INFO - ['第1集']
2026-03-09 23:43:13 - mkk_pika - main.py:348 - INFO - ==================== 漫画信息 ====================
                                   漫画ID：58219c1f5f6b9a4f93eb8e8d
                                   标题：(C68) [Archetype (あかざ)] ウォーアイニーソ (よろず) [黑条漢化]
                                   作者：Archetype (あかざ)
                                   是否完结：是
                                   总页数：31
                                   分类：同人,短篇,足の恋
                                   章节数：1
                                   最后更新时间：2011-08-29T14:47:09.000Z
                                   =================================================
2026-03-09 23:43:13 - mkk_pika - database.py:101 - INFO - 保存成功：(C68) [Archetype (あかざ)] ウォーアイニーソ (よろず) [黑条漢化]
2026-03-09 23:43:13 - mkk_pika - main.py:35 - INFO - 开始检查(C69) [Archetype (あかざ)] パンスチューニージュー (これが私の御主人様) [黑条漢化]是否存在未下载章节
2026-03-09 23:43:13 - mkk_pika - main.py:45 - INFO - 正在下载:[(C69) [Archetype (あかざ)] パンスチューニージュー (これが私の御主人様) [黑条漢化]]-[Archetype (あかざ)]-[['同人', '短篇', '足の恋']]-[total_pages:19]
2026-03-09 23:43:13 - mkk_pika - main.py:49 - INFO - [{'_id': '58219c205f6b9a4f93eb8ed1', 'title': '第1集', 'order': 1, 'updated_at': '2016-11-08T09:34:24.305Z', 'id': '58219c205f6b9a4f93eb8ed1'}]
2026-03-09 23:43:13 - mkk_pika - database.py:215 - INFO - 第一次下载该漫画，记录数据库中
2026-03-09 23:43:14 - mkk_pika - main.py:83 - INFO - 找到 19 张图片在:第1集
2026-03-09 23:43:14 - mkk_pika - main.py:112 - INFO - [episode:第1集       ] downloaded:    19, total:  19, progress:100%
2026-03-09 23:43:14 - mkk_pika - database.py:238 - INFO - 数据库更新已下载章节
2026-03-09 23:43:14 - mkk_pika - database.py:244 - INFO - 该漫画已下载章节如下
2026-03-09 23:43:14 - mkk_pika - database.py:245 - INFO - ['第1集']
2026-03-09 23:43:15 - mkk_pika - main.py:348 - INFO - ==================== 漫画信息 ====================
                                   漫画ID：58219c205f6b9a4f93eb8ecf
                                   标题：(C69) [Archetype (あかざ)] パンスチューニージュー (これが私の御主人様) [黑条漢化]
                                   作者：Archetype (あかざ)
                                   是否完结：是
                                   总页数：19
                                   分类：同人,短篇,足の恋
                                   章节数：1
                                   最后更新时间：2011-08-30T00:47:09.000Z
                                   =================================================
2026-03-09 23:43:15 - mkk_pika - database.py:101 - INFO - 保存成功：(C69) [Archetype (あかざ)] パンスチューニージュー (これが私の御主人様) [黑条漢化]
2026-03-09 23:43:15 - mkk_pika - main.py:35 - INFO - 开始检查(C70) [Archetype (あかざ)] ウォーアイニーソ 2 (涼宮ハルヒの憂鬱) [黑条漢化]是否存在未下载章节
2026-03-09 23:43:16 - mkk_pika - main.py:45 - INFO - 正在下载:[(C70) [Archetype (あかざ)] ウォーアイニーソ 2 (涼宮ハルヒの憂鬱) [黑条漢化]]-[Archetype (あかざ)]-[['同人', '短篇', '足の恋']]-[total_pages:31]
2026-03-09 23:43:16 - mkk_pika - main.py:49 - INFO - [{'_id': '58219c205f6b9a4f93eb8efb', 'title': '第1集', 'order': 1, 'updated_at': '2016-11-08T09:34:24.670Z', 'id': '58219c205f6b9a4f93eb8efb'}]
2026-03-09 23:43:16 - mkk_pika - database.py:215 - INFO - 第一次下载该漫画，记录数据库中
2026-03-09 23:43:16 - mkk_pika - main.py:83 - INFO - 找到 31 张图片在:第1集
2026-03-09 23:43:17 - mkk_pika - main.py:112 - INFO - [episode:第1集       ] downloaded:    31, total:  31, progress:100%
2026-03-09 23:43:17 - mkk_pika - database.py:238 - INFO - 数据库更新已下载章节
2026-03-09 23:43:17 - mkk_pika - database.py:244 - INFO - 该漫画已下载章节如下
2026-03-09 23:43:17 - mkk_pika - database.py:245 - INFO - ['第1集']
2026-03-09 23:43:18 - mkk_pika - main.py:348 - INFO - ==================== 漫画信息 ====================
                                   漫画ID：58219c205f6b9a4f93eb8ef9
                                   标题：(C70) [Archetype (あかざ)] ウォーアイニーソ 2 (涼宮ハルヒの憂鬱) [黑条漢化]
                                   作者：Archetype (あかざ)
                                   是否完结：是
                                   总页数：31
                                   分类：同人,短篇,足の恋
                                   章节数：1
                                   最后更新时间：2011-08-30T10:47:09.000Z
                                   =================================================
2026-03-09 23:43:18 - mkk_pika - database.py:101 - INFO - 保存成功：(C70) [Archetype (あかざ)] ウォーアイニーソ 2 (涼宮ハルヒの憂鬱) [黑条漢化]
2026-03-09 23:43:18 - mkk_pika - main.py:380 - INFO - 本次任务下载完毕
2026-03-09 23:43:18 - mkk_pika - database.py:173 - INFO - 数据库连接已关闭
