2026-02-18 23:40:36 - mkk_pika - main.py:193 - INFO - =======================================================================
2026-02-18 23:40:36 - mkk_pika - database.py:61 - INFO - 表和索引初始化成功
2026-02-18 23:40:36 - mkk_pika - main.py:197 - INFO - 已经累计下载2262本漫画
2026-02-18 23:40:36 - mkk_pika - api.py:87 - INFO - 登录成功
2026-02-18 23:40:37 - mkk_pika - main.py:203 - INFO - 收藏夹共计0本漫画
2026-02-18 23:40:37 - mkk_pika - main.py:206 - INFO - 开始下载收藏夹内未下载内容
2026-02-18 23:40:37 - mkk_pika - main.py:266 - INFO - 收藏夹内容下载完毕
2026-02-18 23:40:37 - mkk_pika - main.py:268 - INFO - 开始下载订阅内容
2026-02-18 23:40:37 - mkk_pika - database.py:258 - INFO - 根据ID查询到标题：萝莉 -> ぬきたし-抜きゲーみたいな島に住んでるわたしはどうすりゃいいですか R [中国翻译]
2026-02-18 23:40:38 - mkk_pika - database.py:101 - INFO - 保存成功：ぬきたし-抜きゲーみたいな島に住んでるわたしはどうすりゃいいですか R [中国翻译]
2026-02-18 23:40:38 - mkk_pika - main.py:273 - INFO - 关键词萝莉找到0本漫画
2026-02-18 23:40:38 - mkk_pika - database.py:258 - INFO - 根据ID查询到标题：蘿莉 -> Artist - ショウ＠AIイラスト（AI）
2026-02-18 23:40:38 - mkk_pika - database.py:101 - INFO - 保存成功：ゲーマー義妹に勝ったら人権なし罰ゲームイベントが発生した件（AI）
2026-02-18 23:40:38 - mkk_pika - main.py:273 - INFO - 关键词蘿莉找到6本漫画
2026-02-18 23:40:38 - mkk_pika - main.py:275 - INFO - 订阅内容共计6本漫画
2026-02-18 23:40:38 - mkk_pika - main.py:35 - INFO - 开始检查僕の知らないところで、ラフィーは雌に堕ちていた（AI）是否存在未下载章节
2026-02-18 23:40:39 - mkk_pika - main.py:45 - INFO - 正在下载:[僕の知らないところで、ラフィーは雌に堕ちていた（AI）]-[まがき]-[['全彩', '短篇', '同人', 'NTR']]-[total_pages:-1]
2026-02-18 23:40:39 - mkk_pika - main.py:49 - INFO - [{'_id': '6995f4e6ed77d166cfd2f478', 'title': '第1話', 'order': 1, 'updated_at': '2026-02-18T12:24:49.089Z', 'id': '6995f4e6ed77d166cfd2f478'}]
2026-02-18 23:40:39 - mkk_pika - database.py:215 - INFO - 第一次下载该漫画，记录数据库中
2026-02-18 23:40:39 - mkk_pika - main.py:83 - INFO - 找到 46 张图片在:第1話
2026-02-18 23:40:41 - mkk_pika - main.py:112 - INFO - [episode:第1話       ] downloaded:    46, total:  46, progress:100%
2026-02-18 23:40:41 - mkk_pika - database.py:238 - INFO - 数据库更新已下载章节
2026-02-18 23:40:41 - mkk_pika - database.py:244 - INFO - 该漫画已下载章节如下
2026-02-18 23:40:41 - mkk_pika - database.py:245 - INFO - ['第1話']
2026-02-18 23:40:42 - mkk_pika - main.py:292 - INFO - ==================== 漫画信息 ====================
                                漫画ID：6995f4e6ed77d166cfd2f477
                                标题：僕の知らないところで、ラフィーは雌に堕ちていた（AI）
                                作者：まがき
                                是否完结：否
                                总页数：46
                                分类：全彩,短篇,同人,NTR
                                章节数：1
                                最后更新时间：2026-02-18T17:20:38.917Z
                                =================================================
2026-02-18 23:40:42 - mkk_pika - database.py:101 - INFO - 保存成功：僕の知らないところで、ラフィーは雌に堕ちていた（AI）
2026-02-18 23:40:42 - mkk_pika - main.py:35 - INFO - 开始检查ゲーマー義妹に勝ったら人権なし罰ゲームイベントが発生した件（AI）是否存在未下载章节
2026-02-18 23:40:43 - mkk_pika - main.py:45 - INFO - 正在下载:[ゲーマー義妹に勝ったら人権なし罰ゲームイベントが発生した件（AI）]-[エロテロ本舗]-[['短篇', '全彩', '妹妹系']]-[total_pages:-1]
2026-02-18 23:40:43 - mkk_pika - main.py:49 - INFO - [{'_id': '6995f4a5f028fe791c54170c', 'title': '第1話', 'order': 1, 'updated_at': '2026-02-18T11:52:56.063Z', 'id': '6995f4a5f028fe791c54170c'}]
2026-02-18 23:40:43 - mkk_pika - database.py:215 - INFO - 第一次下载该漫画，记录数据库中
2026-02-18 23:40:44 - mkk_pika - main.py:83 - INFO - 找到 53 张图片在:第1話
2026-02-18 23:40:46 - mkk_pika - main.py:112 - INFO - [episode:第1話       ] downloaded:    53, total:  53, progress:100%
2026-02-18 23:40:46 - mkk_pika - database.py:238 - INFO - 数据库更新已下载章节
2026-02-18 23:40:46 - mkk_pika - database.py:244 - INFO - 该漫画已下载章节如下
2026-02-18 23:40:46 - mkk_pika - database.py:245 - INFO - ['第1話']
2026-02-18 23:40:47 - mkk_pika - main.py:292 - INFO - ==================== 漫画信息 ====================
                                漫画ID：6995f4a5f028fe791c54170b
                                标题：ゲーマー義妹に勝ったら人権なし罰ゲームイベントが発生した件（AI）
                                作者：エロテロ本舗
                                是否完结：否
                                总页数：53
                                分类：短篇,全彩,妹妹系
                                章节数：1
                                最后更新时间：2026-02-18T17:19:33.364Z
                                =================================================
2026-02-18 23:40:47 - mkk_pika - database.py:101 - INFO - 保存成功：ゲーマー義妹に勝ったら人権なし罰ゲームイベントが発生した件（AI）
2026-02-18 23:40:47 - mkk_pika - main.py:35 - INFO - 开始检查生意気パパ活女子を快楽墜ちするまでわからせる話（AI）是否存在未下载章节
2026-02-18 23:40:47 - mkk_pika - main.py:45 - INFO - 正在下载:[生意気パパ活女子を快楽墜ちするまでわからせる話（AI）]-[あいまえ堂]-[['短篇']]-[total_pages:-1]
2026-02-18 23:40:47 - mkk_pika - main.py:49 - INFO - [{'_id': '6995f49afd418a66e0d38db1', 'title': '第1話', 'order': 1, 'updated_at': '2026-02-18T11:55:59.771Z', 'id': '6995f49afd418a66e0d38db1'}]
2026-02-18 23:40:47 - mkk_pika - database.py:215 - INFO - 第一次下载该漫画，记录数据库中
2026-02-18 23:40:48 - mkk_pika - main.py:83 - INFO - 找到 53 张图片在:第1話
2026-02-18 23:40:50 - mkk_pika - main.py:112 - INFO - [episode:第1話       ] downloaded:    53, total:  53, progress:100%
2026-02-18 23:40:50 - mkk_pika - database.py:238 - INFO - 数据库更新已下载章节
2026-02-18 23:40:50 - mkk_pika - database.py:244 - INFO - 该漫画已下载章节如下
2026-02-18 23:40:50 - mkk_pika - database.py:245 - INFO - ['第1話']
2026-02-18 23:40:51 - mkk_pika - main.py:292 - INFO - ==================== 漫画信息 ====================
                                漫画ID：6995f49afd418a66e0d38db0
                                标题：生意気パパ活女子を快楽墜ちするまでわからせる話（AI）
                                作者：あいまえ堂
                                是否完结：否
                                总页数：53
                                分类：短篇
                                章节数：1
                                最后更新时间：2026-02-18T17:19:22.894Z
                                =================================================
2026-02-18 23:40:51 - mkk_pika - database.py:101 - INFO - 保存成功：生意気パパ活女子を快楽墜ちするまでわからせる話（AI）
2026-02-18 23:40:51 - mkk_pika - main.py:35 - INFO - 开始检查珍宝発見!?ナズーリン (東方Project)[中国翻译]是否存在未下载章节
2026-02-18 23:40:52 - mkk_pika - main.py:45 - INFO - 正在下载:[珍宝発見!?ナズーリン (東方Project)[中国翻译]]-[歯昆布]-[['短篇', '同人', '東方']]-[total_pages:-1]
2026-02-18 23:40:52 - mkk_pika - main.py:49 - INFO - [{'_id': '6995f484ed77d166cfd2f45c', 'title': '熟肉', 'order': 1, 'updated_at': '2026-02-18T11:45:15.597Z', 'id': '6995f484ed77d166cfd2f45c'}]
2026-02-18 23:40:52 - mkk_pika - database.py:215 - INFO - 第一次下载该漫画，记录数据库中
2026-02-18 23:40:52 - mkk_pika - main.py:83 - INFO - 找到 17 张图片在:熟肉
2026-02-18 23:40:53 - mkk_pika - main.py:112 - INFO - [episode:熟肉        ] downloaded:    17, total:  17, progress:100%
2026-02-18 23:40:53 - mkk_pika - database.py:238 - INFO - 数据库更新已下载章节
2026-02-18 23:40:53 - mkk_pika - database.py:244 - INFO - 该漫画已下载章节如下
2026-02-18 23:40:53 - mkk_pika - database.py:245 - INFO - ['熟肉']
2026-02-18 23:40:54 - mkk_pika - main.py:292 - INFO - ==================== 漫画信息 ====================
                                漫画ID：6995f484ed77d166cfd2f45b
                                标题：珍宝発見!?ナズーリン (東方Project)[中国翻译]
                                作者：歯昆布
                                是否完结：是
                                总页数：17
                                分类：短篇,同人,東方
                                章节数：1
                                最后更新时间：2026-02-18T17:19:00.107Z
                                =================================================
2026-02-18 23:40:54 - mkk_pika - database.py:101 - INFO - 保存成功：珍宝発見!?ナズーリン (東方Project)[中国翻译]
2026-02-18 23:40:54 - mkk_pika - main.py:35 - INFO - 开始检查ひとけたっ子♡あどラブる + 【DLsite限定特典付き】是否存在未下载章节
2026-02-18 23:40:55 - mkk_pika - main.py:45 - INFO - 正在下载:[ひとけたっ子♡あどラブる + 【DLsite限定特典付き】]-[和田羽烏]-[['單行本']]-[total_pages:-1]
2026-02-18 23:40:55 - mkk_pika - main.py:49 - INFO - [{'_id': '6995f3a4fd418a66e0d38c6a', 'title': '第1話', 'order': 1, 'updated_at': '2026-02-18T06:34:45.937Z', 'id': '6995f3a4fd418a66e0d38c6a'}]
2026-02-18 23:40:55 - mkk_pika - database.py:215 - INFO - 第一次下载该漫画，记录数据库中
2026-02-18 23:40:57 - mkk_pika - main.py:83 - INFO - 找到 238 张图片在:第1話
2026-02-18 23:41:03 - mkk_pika - main.py:112 - INFO - [episode:第1話       ] downloaded:   238, total: 238, progress:100%
2026-02-18 23:41:03 - mkk_pika - database.py:238 - INFO - 数据库更新已下载章节
2026-02-18 23:41:03 - mkk_pika - database.py:244 - INFO - 该漫画已下载章节如下
2026-02-18 23:41:03 - mkk_pika - database.py:245 - INFO - ['第1話']
2026-02-18 23:41:05 - mkk_pika - main.py:292 - INFO - ==================== 漫画信息 ====================
                                漫画ID：6995f3a4fd418a66e0d38c69
                                标题：ひとけたっ子♡あどラブる + 【DLsite限定特典付き】
                                作者：和田羽烏
                                是否完结：是
                                总页数：238
                                分类：單行本
                                章节数：1
                                最后更新时间：2026-02-18T17:15:16.433Z
                                =================================================
2026-02-18 23:41:05 - mkk_pika - database.py:101 - INFO - 保存成功：ひとけたっ子♡あどラブる + 【DLsite限定特典付き】
2026-02-18 23:41:05 - mkk_pika - main.py:35 - INFO - 开始检查おじさん、橘姉妹と睡眠(純愛)スケベ本是否存在未下载章节
2026-02-18 23:41:05 - mkk_pika - main.py:45 - INFO - 正在下载:[おじさん、橘姉妹と睡眠(純愛)スケベ本]-[ペッタン道場 (ペッタンP)]-[['全彩', '短篇', '同人']]-[total_pages:-1]
2026-02-18 23:41:05 - mkk_pika - main.py:49 - INFO - [{'_id': '6995f1d9fd418a66e0d38852', 'title': '第1話', 'order': 1, 'updated_at': '2026-02-17T13:42:48.301Z', 'id': '6995f1d9fd418a66e0d38852'}]
2026-02-18 23:41:05 - mkk_pika - database.py:215 - INFO - 第一次下载该漫画，记录数据库中
2026-02-18 23:41:06 - mkk_pika - main.py:83 - INFO - 找到 47 张图片在:第1話
2026-02-18 23:41:07 - mkk_pika - main.py:112 - INFO - [episode:第1話       ] downloaded:    47, total:  47, progress:100%
2026-02-18 23:41:07 - mkk_pika - database.py:238 - INFO - 数据库更新已下载章节
2026-02-18 23:41:07 - mkk_pika - database.py:244 - INFO - 该漫画已下载章节如下
2026-02-18 23:41:07 - mkk_pika - database.py:245 - INFO - ['第1話']
2026-02-18 23:41:09 - mkk_pika - main.py:292 - INFO - ==================== 漫画信息 ====================
                                漫画ID：6995f1d9fd418a66e0d38851
                                标题：おじさん、橘姉妹と睡眠(純愛)スケベ本
                                作者：ペッタン道場 (ペッタンP)
                                是否完结：否
                                总页数：47
                                分类：全彩,短篇,同人
                                章节数：1
                                最后更新时间：2026-02-18T17:07:37.677Z
                                =================================================
2026-02-18 23:41:09 - mkk_pika - database.py:101 - INFO - 保存成功：おじさん、橘姉妹と睡眠(純愛)スケベ本
2026-02-18 23:41:09 - mkk_pika - main.py:323 - INFO - 订阅内容内容下载完毕
2026-02-18 23:41:09 - mkk_pika - main.py:324 - INFO - 开始分批下载全部章节
2026-02-18 23:41:09 - mkk_pika - database.py:280 - INFO - 表和索引初始化成功
2026-02-18 23:41:09 - mkk_pika - main.py:177 - INFO - 已经下载了113页，一共6748页，现在开始添加第114页
2026-02-18 23:41:10 - mkk_pika - database.py:318 - INFO - 保存成功
2026-02-18 23:41:10 - mkk_pika - main.py:177 - INFO - 已经下载了114页，一共6748页，现在开始添加第115页
2026-02-18 23:41:10 - mkk_pika - database.py:318 - INFO - 保存成功
2026-02-18 23:41:10 - mkk_pika - main.py:331 - INFO - 分批下载共计36本漫画
2026-02-18 23:41:10 - mkk_pika - main.py:35 - INFO - 开始检查LOTUS BREAKDOWN (アクセル ワールド)[空気系★汉化]是否存在未下载章节
2026-02-18 23:41:11 - mkk_pika - main.py:45 - INFO - 正在下载:[LOTUS BREAKDOWN (アクセル ワールド)[空気系★汉化]]-[ろ～たり～Engine ]-[['同人', '非人類', '強暴']]-[total_pages:43]
2026-02-18 23:41:11 - mkk_pika - main.py:49 - INFO - [{'_id': '582193295f6b9a4f93e5eb61', 'title': '第1集', 'order': 1, 'updated_at': '2016-11-08T08:56:09.374Z', 'id': '582193295f6b9a4f93e5eb61'}]
2026-02-18 23:41:11 - mkk_pika - database.py:215 - INFO - 第一次下载该漫画，记录数据库中
2026-02-18 23:41:12 - mkk_pika - main.py:83 - INFO - 找到 43 张图片在:第1集
2026-02-18 23:41:13 - mkk_pika - main.py:112 - INFO - [episode:第1集       ] downloaded:    43, total:  43, progress:100%
2026-02-18 23:41:13 - mkk_pika - database.py:238 - INFO - 数据库更新已下载章节
2026-02-18 23:41:13 - mkk_pika - database.py:244 - INFO - 该漫画已下载章节如下
2026-02-18 23:41:13 - mkk_pika - database.py:245 - INFO - ['第1集']
2026-02-18 23:41:14 - mkk_pika - main.py:348 - INFO - ==================== 漫画信息 ====================
                                   漫画ID：582193285f6b9a4f93e5eb5f
                                   标题：LOTUS BREAKDOWN (アクセル ワールド)[空気系★汉化]
                                   作者：ろ～たり～Engine 
                                   是否完结：是
                                   总页数：43
                                   分类：同人,非人類,強暴
                                   章节数：1
                                   最后更新时间：2009-10-10T16:47:16.000Z
                                   =================================================
2026-02-18 23:41:14 - mkk_pika - database.py:101 - INFO - 保存成功：LOTUS BREAKDOWN (アクセル ワールド)[空気系★汉化]
2026-02-18 23:41:14 - mkk_pika - main.py:35 - INFO - 开始检查メイドdeラプソディー是否存在未下载章节
2026-02-18 23:41:14 - mkk_pika - main.py:45 - INFO - 正在下载:[メイドdeラプソディー]-[あきやまけんた]-[['同人', '長篇', '純愛']]-[total_pages:199]
2026-02-18 23:41:14 - mkk_pika - main.py:49 - INFO - [{'_id': '5821932a5f6b9a4f93e5ebbb', 'title': '第1集', 'order': 1, 'updated_at': '2016-11-08T08:56:10.136Z', 'id': '5821932a5f6b9a4f93e5ebbb'}]
2026-02-18 23:41:14 - mkk_pika - database.py:215 - INFO - 第一次下载该漫画，记录数据库中
2026-02-18 23:41:16 - mkk_pika - main.py:83 - INFO - 找到 199 张图片在:第1集
2026-02-18 23:41:21 - mkk_pika - main.py:112 - INFO - [episode:第1集       ] downloaded:   199, total: 199, progress:100%
2026-02-18 23:41:21 - mkk_pika - database.py:238 - INFO - 数据库更新已下载章节
2026-02-18 23:41:21 - mkk_pika - database.py:244 - INFO - 该漫画已下载章节如下
2026-02-18 23:41:21 - mkk_pika - database.py:245 - INFO - ['第1集']
2026-02-18 23:41:22 - mkk_pika - main.py:348 - INFO - ==================== 漫画信息 ====================
                                   漫画ID：582193295f6b9a4f93e5ebb9
                                   标题：メイドdeラプソディー
                                   作者：あきやまけんた
                                   是否完结：是
                                   总页数：199
                                   分类：同人,長篇,純愛
                                   章节数：1
                                   最后更新时间：2009-10-11T02:47:16.000Z
                                   =================================================
2026-02-18 23:41:22 - mkk_pika - database.py:101 - INFO - 保存成功：メイドdeラプソディー
2026-02-18 23:41:22 - mkk_pika - main.py:35 - INFO - 开始检查パイコレ是否存在未下载章节
2026-02-18 23:41:23 - mkk_pika - main.py:45 - INFO - 正在下载:[パイコレ]-[みつやた]-[['同人', '長篇', '純愛']]-[total_pages:224]
2026-02-18 23:41:23 - mkk_pika - main.py:49 - INFO - [{'_id': '5821932b5f6b9a4f93e5ed4d', 'title': '第1集', 'order': 1, 'updated_at': '2016-11-08T08:56:11.847Z', 'id': '5821932b5f6b9a4f93e5ed4d'}]
2026-02-18 23:41:23 - mkk_pika - database.py:215 - INFO - 第一次下载该漫画，记录数据库中
2026-02-18 23:41:25 - mkk_pika - main.py:83 - INFO - 找到 224 张图片在:第1集
2026-02-18 23:41:30 - mkk_pika - main.py:112 - INFO - [episode:第1集       ] downloaded:   224, total: 224, progress:100%
2026-02-18 23:41:30 - mkk_pika - database.py:238 - INFO - 数据库更新已下载章节
2026-02-18 23:41:30 - mkk_pika - database.py:244 - INFO - 该漫画已下载章节如下
2026-02-18 23:41:30 - mkk_pika - database.py:245 - INFO - ['第1集']
2026-02-18 23:41:31 - mkk_pika - main.py:348 - INFO - ==================== 漫画信息 ====================
                                   漫画ID：5821932b5f6b9a4f93e5ed4b
                                   标题：パイコレ
                                   作者：みつやた
                                   是否完结：是
                                   总页数：224
                                   分类：同人,長篇,純愛
                                   章节数：1
                                   最后更新时间：2009-10-11T12:47:16.000Z
                                   =================================================
2026-02-18 23:41:31 - mkk_pika - database.py:101 - INFO - 保存成功：パイコレ
2026-02-18 23:41:31 - mkk_pika - main.py:35 - INFO - 开始检查どこでも発情期是否存在未下载章节
2026-02-18 23:41:31 - mkk_pika - main.py:45 - INFO - 正在下载:[どこでも発情期]-[久保田チヒロ]-[['同人', '長篇', '純愛']]-[total_pages:152]
2026-02-18 23:41:31 - mkk_pika - main.py:49 - INFO - [{'_id': '5821932d5f6b9a4f93e5ef11', 'title': '第1集', 'order': 1, 'updated_at': '2016-11-08T08:56:13.483Z', 'id': '5821932d5f6b9a4f93e5ef11'}]
2026-02-18 23:41:31 - mkk_pika - database.py:215 - INFO - 第一次下载该漫画，记录数据库中
2026-02-18 23:41:33 - mkk_pika - main.py:83 - INFO - 找到 152 张图片在:第1集
2026-02-18 23:41:36 - mkk_pika - main.py:112 - INFO - [episode:第1集       ] downloaded:   152, total: 152, progress:100%
2026-02-18 23:41:36 - mkk_pika - database.py:238 - INFO - 数据库更新已下载章节
2026-02-18 23:41:36 - mkk_pika - database.py:244 - INFO - 该漫画已下载章节如下
2026-02-18 23:41:36 - mkk_pika - database.py:245 - INFO - ['第1集']
2026-02-18 23:41:38 - mkk_pika - main.py:348 - INFO - ==================== 漫画信息 ====================
                                   漫画ID：5821932d5f6b9a4f93e5ef0f
                                   标题：どこでも発情期
                                   作者：久保田チヒロ
                                   是否完结：是
                                   总页数：152
                                   分类：同人,長篇,純愛
                                   章节数：1
                                   最后更新时间：2009-10-11T22:47:16.000Z
                                   =================================================
2026-02-18 23:41:38 - mkk_pika - database.py:101 - INFO - 保存成功：どこでも発情期
2026-02-18 23:41:38 - mkk_pika - main.py:35 - INFO - 开始检查恋するぱんつ是否存在未下载章节
2026-02-18 23:41:38 - mkk_pika - main.py:45 - INFO - 正在下载:[恋するぱんつ]-[岡田コウ]-[['長篇', '妹妹系', '純愛']]-[total_pages:218]
2026-02-18 23:41:38 - mkk_pika - main.py:49 - INFO - [{'_id': '5821932e5f6b9a4f93e5f045', 'title': '第1集', 'order': 1, 'updated_at': '2016-11-08T08:56:14.886Z', 'id': '5821932e5f6b9a4f93e5f045'}]
2026-02-18 23:41:38 - mkk_pika - database.py:215 - INFO - 第一次下载该漫画，记录数据库中
2026-02-18 23:41:40 - mkk_pika - main.py:83 - INFO - 找到 218 张图片在:第1集
2026-02-18 23:41:45 - mkk_pika - main.py:112 - INFO - [episode:第1集       ] downloaded:   218, total: 218, progress:100%
2026-02-18 23:41:45 - mkk_pika - database.py:238 - INFO - 数据库更新已下载章节
2026-02-18 23:41:45 - mkk_pika - database.py:244 - INFO - 该漫画已下载章节如下
2026-02-18 23:41:45 - mkk_pika - database.py:245 - INFO - ['第1集']
2026-02-18 23:41:46 - mkk_pika - main.py:348 - INFO - ==================== 漫画信息 ====================
                                   漫画ID：5821932e5f6b9a4f93e5f043
                                   标题：恋するぱんつ
                                   作者：岡田コウ
                                   是否完结：是
                                   总页数：218
                                   分类：長篇,妹妹系,純愛
                                   章节数：1
                                   最后更新时间：2009-10-12T08:47:16.000Z
                                   =================================================
2026-02-18 23:41:46 - mkk_pika - database.py:101 - INFO - 保存成功：恋するぱんつ
2026-02-18 23:41:46 - mkk_pika - main.py:35 - INFO - 开始检查お乳屋本舗是否存在未下载章节
2026-02-18 23:41:47 - mkk_pika - main.py:45 - INFO - 正在下载:[お乳屋本舗]-[八十八良]-[['同人', '長篇', '純愛']]-[total_pages:209]
2026-02-18 23:41:47 - mkk_pika - main.py:49 - INFO - [{'_id': '582193325f6b9a4f93e5f3bd', 'title': '第1集', 'order': 1, 'updated_at': '2016-11-08T08:56:18.019Z', 'id': '582193325f6b9a4f93e5f3bd'}]
2026-02-18 23:41:47 - mkk_pika - database.py:215 - INFO - 第一次下载该漫画，记录数据库中
2026-02-18 23:41:49 - mkk_pika - main.py:83 - INFO - 找到 209 张图片在:第1集
2026-02-18 23:41:53 - mkk_pika - main.py:112 - INFO - [episode:第1集       ] downloaded:   209, total: 209, progress:100%
2026-02-18 23:41:53 - mkk_pika - database.py:238 - INFO - 数据库更新已下载章节
2026-02-18 23:41:53 - mkk_pika - database.py:244 - INFO - 该漫画已下载章节如下
2026-02-18 23:41:53 - mkk_pika - database.py:245 - INFO - ['第1集']
2026-02-18 23:41:55 - mkk_pika - main.py:348 - INFO - ==================== 漫画信息 ====================
                                   漫画ID：582193315f6b9a4f93e5f3bb
                                   标题：お乳屋本舗
                                   作者：八十八良
                                   是否完结：是
                                   总页数：209
                                   分类：同人,長篇,純愛
                                   章节数：1
                                   最后更新时间：2009-10-13T04:47:16.000Z
                                   =================================================
2026-02-18 23:41:55 - mkk_pika - database.py:101 - INFO - 保存成功：お乳屋本舗
2026-02-18 23:41:55 - mkk_pika - main.py:35 - INFO - 开始检查もののけ町怪奇譚是否存在未下载章节
2026-02-18 23:41:55 - mkk_pika - main.py:45 - INFO - 正在下载:[もののけ町怪奇譚]-[四万十曜太]-[['同人', '長篇', '非人類']]-[total_pages:158]
2026-02-18 23:41:55 - mkk_pika - main.py:49 - INFO - [{'_id': '582193335f6b9a4f93e5f563', 'title': '第1集', 'order': 1, 'updated_at': '2016-11-08T08:56:19.175Z', 'id': '582193335f6b9a4f93e5f563'}]
2026-02-18 23:41:55 - mkk_pika - database.py:215 - INFO - 第一次下载该漫画，记录数据库中
2026-02-18 23:41:57 - mkk_pika - main.py:83 - INFO - 找到 158 张图片在:第1集
2026-02-18 23:42:00 - mkk_pika - main.py:112 - INFO - [episode:第1集       ] downloaded:   158, total: 158, progress:100%
2026-02-18 23:42:00 - mkk_pika - database.py:238 - INFO - 数据库更新已下载章节
2026-02-18 23:42:00 - mkk_pika - database.py:244 - INFO - 该漫画已下载章节如下
2026-02-18 23:42:00 - mkk_pika - database.py:245 - INFO - ['第1集']
2026-02-18 23:42:01 - mkk_pika - main.py:348 - INFO - ==================== 漫画信息 ====================
                                   漫画ID：582193325f6b9a4f93e5f561
                                   标题：もののけ町怪奇譚
                                   作者：四万十曜太
                                   是否完结：是
                                   总页数：158
                                   分类：同人,長篇,非人類
                                   章节数：1
                                   最后更新时间：2009-10-13T14:47:16.000Z
                                   =================================================
2026-02-18 23:42:01 - mkk_pika - database.py:101 - INFO - 保存成功：もののけ町怪奇譚
2026-02-18 23:42:01 - mkk_pika - main.py:35 - INFO - 开始检查(成年コミック)[須和もい] めすいぬずかん [中国翻訳]是否存在未下载章节
2026-02-18 23:42:02 - mkk_pika - main.py:45 - INFO - 正在下载:[(成年コミック)[須和もい] めすいぬずかん [中国翻訳]]-[須和もい]-[['人妻', '長篇', '強暴']]-[total_pages:160]
2026-02-18 23:42:02 - mkk_pika - main.py:49 - INFO - [{'_id': '582193345f6b9a4f93e5f6a3', 'title': '第1集', 'order': 1, 'updated_at': '2016-11-08T08:56:20.209Z', 'id': '582193345f6b9a4f93e5f6a3'}]
2026-02-18 23:42:02 - mkk_pika - database.py:215 - INFO - 第一次下载该漫画，记录数据库中
2026-02-18 23:42:03 - mkk_pika - main.py:83 - INFO - 找到 160 张图片在:第1集
2026-02-18 23:42:07 - mkk_pika - main.py:112 - INFO - [episode:第1集       ] downloaded:   160, total: 160, progress:100%
2026-02-18 23:42:07 - mkk_pika - database.py:238 - INFO - 数据库更新已下载章节
2026-02-18 23:42:07 - mkk_pika - database.py:244 - INFO - 该漫画已下载章节如下
2026-02-18 23:42:07 - mkk_pika - database.py:245 - INFO - ['第1集']
2026-02-18 23:42:08 - mkk_pika - main.py:348 - INFO - ==================== 漫画信息 ====================
                                   漫画ID：582193335f6b9a4f93e5f6a1
                                   标题：(成年コミック)[須和もい] めすいぬずかん [中国翻訳]
                                   作者：須和もい
                                   是否完结：是
                                   总页数：160
                                   分类：人妻,長篇,強暴
                                   章节数：1
                                   最后更新时间：2009-10-14T00:47:16.000Z
                                   =================================================
2026-02-18 23:42:08 - mkk_pika - database.py:101 - INFO - 保存成功：(成年コミック)[須和もい] めすいぬずかん [中国翻訳]
2026-02-18 23:42:08 - mkk_pika - main.py:35 - INFO - 开始检查[ねんど。][小恶魔系美少女][CH][52H.裏.漫畫組]是否存在未下载章节
2026-02-18 23:42:08 - mkk_pika - main.py:45 - INFO - 正在下载:[[ねんど。][小恶魔系美少女][CH][52H.裏.漫畫組]]-[ねんど。]-[['長篇', '妹妹系']]-[total_pages:183]
2026-02-18 23:42:08 - mkk_pika - main.py:49 - INFO - [{'_id': '582193355f6b9a4f93e5f7e7', 'title': '第1集', 'order': 1, 'updated_at': '2016-11-08T08:56:21.196Z', 'id': '582193355f6b9a4f93e5f7e7'}]
2026-02-18 23:42:08 - mkk_pika - database.py:215 - INFO - 第一次下载该漫画，记录数据库中
2026-02-18 23:42:11 - mkk_pika - main.py:83 - INFO - 找到 183 张图片在:第1集
2026-02-18 23:42:16 - mkk_pika - main.py:112 - INFO - [episode:第1集       ] downloaded:   183, total: 183, progress:100%
2026-02-18 23:42:16 - mkk_pika - database.py:238 - INFO - 数据库更新已下载章节
2026-02-18 23:42:16 - mkk_pika - database.py:244 - INFO - 该漫画已下载章节如下
2026-02-18 23:42:16 - mkk_pika - database.py:245 - INFO - ['第1集']
2026-02-18 23:42:17 - mkk_pika - main.py:348 - INFO - ==================== 漫画信息 ====================
                                   漫画ID：582193345f6b9a4f93e5f7e5
                                   标题：[ねんど。][小恶魔系美少女][CH][52H.裏.漫畫組]
                                   作者：ねんど。
                                   是否完结：是
                                   总页数：183
                                   分类：長篇,妹妹系
                                   章节数：1
                                   最后更新时间：2009-10-14T10:47:16.000Z
                                   =================================================
2026-02-18 23:42:17 - mkk_pika - database.py:101 - INFO - 保存成功：[ねんど。][小恶魔系美少女][CH][52H.裏.漫畫組]
2026-02-18 23:42:17 - mkk_pika - main.py:35 - INFO - 开始检查[アーセナル] しすた～ずえっち是否存在未下载章节
2026-02-18 23:42:17 - mkk_pika - main.py:45 - INFO - 正在下载:[[アーセナル] しすた～ずえっち]-[アーセナル]-[['長篇', '後宮閃光']]-[total_pages:198]
2026-02-18 23:42:17 - mkk_pika - main.py:49 - INFO - [{'_id': '582193375f6b9a4f93e5f9b7', 'title': '第1集', 'order': 1, 'updated_at': '2016-11-08T08:56:23.145Z', 'id': '582193375f6b9a4f93e5f9b7'}]
2026-02-18 23:42:17 - mkk_pika - database.py:215 - INFO - 第一次下载该漫画，记录数据库中
2026-02-18 23:42:19 - mkk_pika - main.py:83 - INFO - 找到 198 张图片在:第1集
2026-02-18 23:42:23 - mkk_pika - main.py:112 - INFO - [episode:第1集       ] downloaded:   198, total: 198, progress:100%
2026-02-18 23:42:23 - mkk_pika - database.py:238 - INFO - 数据库更新已下载章节
2026-02-18 23:42:23 - mkk_pika - database.py:244 - INFO - 该漫画已下载章节如下
2026-02-18 23:42:23 - mkk_pika - database.py:245 - INFO - ['第1集']
2026-02-18 23:42:25 - mkk_pika - main.py:348 - INFO - ==================== 漫画信息 ====================
                                   漫画ID：582193365f6b9a4f93e5f9b5
                                   标题：[アーセナル] しすた～ずえっち
                                   作者：アーセナル
                                   是否完结：是
                                   总页数：198
                                   分类：長篇,後宮閃光
                                   章节数：1
                                   最后更新时间：2009-10-15T06:47:16.000Z
                                   =================================================
2026-02-18 23:42:25 - mkk_pika - database.py:101 - INFO - 保存成功：[アーセナル] しすた～ずえっち
2026-02-18 23:42:25 - mkk_pika - main.py:35 - INFO - 开始检查 [あやかわりく] あねいも.ラブH [中国翻訳] [小明嵌字]是否存在未下载章节
2026-02-18 23:42:25 - mkk_pika - main.py:45 - INFO - 正在下载:[ [あやかわりく] あねいも.ラブH [中国翻訳] [小明嵌字]]-[あやかわりく]-[['長篇', '後宮閃光']]-[total_pages:198]
2026-02-18 23:42:25 - mkk_pika - main.py:49 - INFO - [{'_id': '582193385f6b9a4f93e5fb47', 'title': '第1集', 'order': 1, 'updated_at': '2016-11-08T08:56:24.808Z', 'id': '582193385f6b9a4f93e5fb47'}]
2026-02-18 23:42:25 - mkk_pika - database.py:215 - INFO - 第一次下载该漫画，记录数据库中
2026-02-18 23:42:27 - mkk_pika - main.py:83 - INFO - 找到 198 张图片在:第1集
2026-02-18 23:42:31 - mkk_pika - main.py:112 - INFO - [episode:第1集       ] downloaded:   198, total: 198, progress:100%
2026-02-18 23:42:31 - mkk_pika - database.py:238 - INFO - 数据库更新已下载章节
2026-02-18 23:42:31 - mkk_pika - database.py:244 - INFO - 该漫画已下载章节如下
2026-02-18 23:42:31 - mkk_pika - database.py:245 - INFO - ['第1集']
2026-02-18 23:42:32 - mkk_pika - main.py:348 - INFO - ==================== 漫画信息 ====================
                                   漫画ID：582193385f6b9a4f93e5fb45
                                   标题： [あやかわりく] あねいも.ラブH [中国翻訳] [小明嵌字]
                                   作者：あやかわりく
                                   是否完结：是
                                   总页数：198
                                   分类：長篇,後宮閃光
                                   章节数：1
                                   最后更新时间：2009-10-15T16:47:16.000Z
                                   =================================================
2026-02-18 23:42:32 - mkk_pika - database.py:101 - INFO - 保存成功： [あやかわりく] あねいも.ラブH [中国翻訳] [小明嵌字]
2026-02-18 23:42:32 - mkk_pika - main.py:35 - INFO - 开始检查僕だけが彼女に触れられる是否存在未下载章节
2026-02-18 23:42:32 - mkk_pika - main.py:45 - INFO - 正在下载:[僕だけが彼女に触れられる]-[宮原步]-[['長篇', '非人類', '純愛']]-[total_pages:153]
2026-02-18 23:42:32 - mkk_pika - main.py:49 - INFO - [{'_id': '582193395f6b9a4f93e5fcd7', 'title': '第1集', 'order': 1, 'updated_at': '2016-11-08T08:56:25.795Z', 'id': '582193395f6b9a4f93e5fcd7'}]
2026-02-18 23:42:32 - mkk_pika - database.py:215 - INFO - 第一次下载该漫画，记录数据库中
2026-02-18 23:42:34 - mkk_pika - main.py:83 - INFO - 找到 153 张图片在:第1集
2026-02-18 23:42:37 - mkk_pika - main.py:112 - INFO - [episode:第1集       ] downloaded:   153, total: 153, progress:100%
2026-02-18 23:42:37 - mkk_pika - database.py:238 - INFO - 数据库更新已下载章节
2026-02-18 23:42:37 - mkk_pika - database.py:244 - INFO - 该漫画已下载章节如下
2026-02-18 23:42:37 - mkk_pika - database.py:245 - INFO - ['第1集']
2026-02-18 23:42:39 - mkk_pika - main.py:348 - INFO - ==================== 漫画信息 ====================
                                   漫画ID：582193395f6b9a4f93e5fcd5
                                   标题：僕だけが彼女に触れられる
                                   作者：宮原步
                                   是否完结：是
                                   总页数：153
                                   分类：長篇,非人類,純愛
                                   章节数：1
                                   最后更新时间：2009-10-16T02:47:16.000Z
                                   =================================================
2026-02-18 23:42:39 - mkk_pika - database.py:101 - INFO - 保存成功：僕だけが彼女に触れられる
2026-02-18 23:42:39 - mkk_pika - main.py:35 - INFO - 开始检查(C79)天使がラブ キックを (Panty & Stocking with Garterbelt) 是否存在未下载章节
2026-02-18 23:42:39 - mkk_pika - main.py:45 - INFO - 正在下载:[(C79)天使がラブ キックを (Panty & Stocking with Garterbelt) ]-[ふみかん。 (夏目文花)]-[['同人', '短篇']]-[total_pages:27]
2026-02-18 23:42:39 - mkk_pika - main.py:49 - INFO - [{'_id': '5821933b5f6b9a4f93e5fe0d', 'title': '第1集', 'order': 1, 'updated_at': '2016-11-08T08:56:27.078Z', 'id': '5821933b5f6b9a4f93e5fe0d'}]
2026-02-18 23:42:39 - mkk_pika - database.py:215 - INFO - 第一次下载该漫画，记录数据库中
2026-02-18 23:42:40 - mkk_pika - main.py:83 - INFO - 找到 27 张图片在:第1集
2026-02-18 23:42:40 - mkk_pika - main.py:112 - INFO - [episode:第1集       ] downloaded:    27, total:  27, progress:100%
2026-02-18 23:42:40 - mkk_pika - database.py:238 - INFO - 数据库更新已下载章节
2026-02-18 23:42:40 - mkk_pika - database.py:244 - INFO - 该漫画已下载章节如下
2026-02-18 23:42:40 - mkk_pika - database.py:245 - INFO - ['第1集']
2026-02-18 23:42:41 - mkk_pika - main.py:348 - INFO - ==================== 漫画信息 ====================
                                   漫画ID：5821933a5f6b9a4f93e5fe0b
                                   标题：(C79)天使がラブ キックを (Panty & Stocking with Garterbelt) 
                                   作者：ふみかん。 (夏目文花)
                                   是否完结：是
                                   总页数：27
                                   分类：同人,短篇
                                   章节数：1
                                   最后更新时间：2009-10-16T12:47:16.000Z
                                   =================================================
2026-02-18 23:42:41 - mkk_pika - database.py:101 - INFO - 保存成功：(C79)天使がラブ キックを (Panty & Stocking with Garterbelt) 
2026-02-18 23:42:41 - mkk_pika - main.py:35 - INFO - 开始检查(C79)]inmoral unmoral？(Panty&Stocking)是否存在未下载章节
2026-02-18 23:42:42 - mkk_pika - main.py:45 - INFO - 正在下载:[(C79)]inmoral unmoral？(Panty&Stocking)]-[モノ×クロ]-[['同人', '短篇']]-[total_pages:25]
2026-02-18 23:42:42 - mkk_pika - main.py:49 - INFO - [{'_id': '5821933b5f6b9a4f93e5fe47', 'title': '第1集', 'order': 1, 'updated_at': '2016-11-08T08:56:27.735Z', 'id': '5821933b5f6b9a4f93e5fe47'}]
2026-02-18 23:42:42 - mkk_pika - database.py:215 - INFO - 第一次下载该漫画，记录数据库中
2026-02-18 23:42:42 - mkk_pika - main.py:83 - INFO - 找到 25 张图片在:第1集
2026-02-18 23:42:43 - mkk_pika - main.py:112 - INFO - [episode:第1集       ] downloaded:    25, total:  25, progress:100%
2026-02-18 23:42:43 - mkk_pika - database.py:238 - INFO - 数据库更新已下载章节
2026-02-18 23:42:43 - mkk_pika - database.py:244 - INFO - 该漫画已下载章节如下
2026-02-18 23:42:43 - mkk_pika - database.py:245 - INFO - ['第1集']
2026-02-18 23:42:44 - mkk_pika - main.py:348 - INFO - ==================== 漫画信息 ====================
                                   漫画ID：5821933b5f6b9a4f93e5fe45
                                   标题：(C79)]inmoral unmoral？(Panty&Stocking)
                                   作者：モノ×クロ
                                   是否完结：是
                                   总页数：25
                                   分类：同人,短篇
                                   章节数：1
                                   最后更新时间：2009-10-16T22:47:16.000Z
                                   =================================================
2026-02-18 23:42:44 - mkk_pika - database.py:101 - INFO - 保存成功：(C79)]inmoral unmoral？(Panty&Stocking)
2026-02-18 23:42:44 - mkk_pika - main.py:35 - INFO - 开始检查(C84)あたし達の事後戦況 (魔法少女まどか☆マギカ)是否存在未下载章节
2026-02-18 23:42:45 - mkk_pika - main.py:45 - INFO - 正在下载:[(C84)あたし達の事後戦況 (魔法少女まどか☆マギカ)]-[えねるぎあ (ぴかち)]-[['同人', '短篇', '百合花園']]-[total_pages:36]
2026-02-18 23:42:45 - mkk_pika - main.py:49 - INFO - [{'_id': '5821933c5f6b9a4f93e5fe7d', 'title': '第1集', 'order': 1, 'updated_at': '2016-11-08T08:56:28.121Z', 'id': '5821933c5f6b9a4f93e5fe7d'}]
2026-02-18 23:42:45 - mkk_pika - database.py:215 - INFO - 第一次下载该漫画，记录数据库中
2026-02-18 23:42:45 - mkk_pika - main.py:83 - INFO - 找到 36 张图片在:第1集
2026-02-18 23:42:46 - mkk_pika - main.py:112 - INFO - [episode:第1集       ] downloaded:    36, total:  36, progress:100%
2026-02-18 23:42:46 - mkk_pika - database.py:238 - INFO - 数据库更新已下载章节
2026-02-18 23:42:46 - mkk_pika - database.py:244 - INFO - 该漫画已下载章节如下
2026-02-18 23:42:46 - mkk_pika - database.py:245 - INFO - ['第1集']
2026-02-18 23:42:47 - mkk_pika - main.py:348 - INFO - ==================== 漫画信息 ====================
                                   漫画ID：5821933b5f6b9a4f93e5fe7b
                                   标题：(C84)あたし達の事後戦況 (魔法少女まどか☆マギカ)
                                   作者：えねるぎあ (ぴかち)
                                   是否完结：是
                                   总页数：36
                                   分类：同人,短篇,百合花園
                                   章节数：1
                                   最后更新时间：2009-10-17T08:47:16.000Z
                                   =================================================
2026-02-18 23:42:47 - mkk_pika - database.py:101 - INFO - 保存成功：(C84)あたし達の事後戦況 (魔法少女まどか☆マギカ)
2026-02-18 23:42:47 - mkk_pika - main.py:35 - INFO - 开始检查(COMIC1☆7)ふたりの初交戦 (魔法少女まどか☆マギカ)是否存在未下载章节
2026-02-18 23:42:48 - mkk_pika - main.py:45 - INFO - 正在下载:[(COMIC1☆7)ふたりの初交戦 (魔法少女まどか☆マギカ)]-[えねるぎあ (ぴかち)]-[['同人', '短篇', '扶他樂園']]-[total_pages:52]
2026-02-18 23:42:48 - mkk_pika - main.py:49 - INFO - [{'_id': '5821933c5f6b9a4f93e5fec9', 'title': '第1集', 'order': 1, 'updated_at': '2016-11-08T08:56:28.617Z', 'id': '5821933c5f6b9a4f93e5fec9'}]
2026-02-18 23:42:48 - mkk_pika - database.py:215 - INFO - 第一次下载该漫画，记录数据库中
2026-02-18 23:42:49 - mkk_pika - main.py:83 - INFO - 找到 52 张图片在:第1集
2026-02-18 23:42:50 - mkk_pika - main.py:112 - INFO - [episode:第1集       ] downloaded:    52, total:  52, progress:100%
2026-02-18 23:42:50 - mkk_pika - database.py:238 - INFO - 数据库更新已下载章节
2026-02-18 23:42:50 - mkk_pika - database.py:244 - INFO - 该漫画已下载章节如下
2026-02-18 23:42:50 - mkk_pika - database.py:245 - INFO - ['第1集']
2026-02-18 23:42:51 - mkk_pika - main.py:348 - INFO - ==================== 漫画信息 ====================
                                   漫画ID：5821933c5f6b9a4f93e5fec7
                                   标题：(COMIC1☆7)ふたりの初交戦 (魔法少女まどか☆マギカ)
                                   作者：えねるぎあ (ぴかち)
                                   是否完结：是
                                   总页数：52
                                   分类：同人,短篇,扶他樂園
                                   章节数：1
                                   最后更新时间：2009-10-17T18:47:16.000Z
                                   =================================================
2026-02-18 23:42:51 - mkk_pika - database.py:101 - INFO - 保存成功：(COMIC1☆7)ふたりの初交戦 (魔法少女まどか☆マギカ)
2026-02-18 23:42:51 - mkk_pika - main.py:35 - INFO - 开始检查古手川vs夜道の種付けおじさん是否存在未下载章节
2026-02-18 23:42:51 - mkk_pika - main.py:45 - INFO - 正在下载:[古手川vs夜道の種付けおじさん]-[成沢空]-[['短篇']]-[total_pages:22]
2026-02-18 23:42:51 - mkk_pika - main.py:49 - INFO - [{'_id': '5821933f5f6b9a4f93e60129', 'title': '第1集', 'order': 1, 'updated_at': '2016-11-08T08:56:31.325Z', 'id': '5821933f5f6b9a4f93e60129'}]
2026-02-18 23:42:51 - mkk_pika - database.py:215 - INFO - 第一次下载该漫画，记录数据库中
2026-02-18 23:42:52 - mkk_pika - main.py:83 - INFO - 找到 22 张图片在:第1集
2026-02-18 23:42:52 - mkk_pika - main.py:112 - INFO - [episode:第1集       ] downloaded:    22, total:  22, progress:100%
2026-02-18 23:42:52 - mkk_pika - database.py:238 - INFO - 数据库更新已下载章节
2026-02-18 23:42:52 - mkk_pika - database.py:244 - INFO - 该漫画已下载章节如下
2026-02-18 23:42:52 - mkk_pika - database.py:245 - INFO - ['第1集']
2026-02-18 23:42:54 - mkk_pika - main.py:348 - INFO - ==================== 漫画信息 ====================
                                   漫画ID：5821933e5f6b9a4f93e60127
                                   标题：古手川vs夜道の種付けおじさん
                                   作者：成沢空
                                   是否完结：是
                                   总页数：22
                                   分类：短篇
                                   章节数：1
                                   最后更新时间：2009-10-18T14:47:16.000Z
                                   =================================================
2026-02-18 23:42:54 - mkk_pika - database.py:101 - INFO - 保存成功：古手川vs夜道の種付けおじさん
2026-02-18 23:42:54 - mkk_pika - main.py:35 - INFO - 开始检查フタナリマスターオナホールP是否存在未下载章节
2026-02-18 23:42:54 - mkk_pika - main.py:45 - INFO - 正在下载:[フタナリマスターオナホールP]-[トキマチ&エイセイ]-[['短篇', '後宮閃光']]-[total_pages:22]
2026-02-18 23:42:54 - mkk_pika - main.py:49 - INFO - [{'_id': '582193405f6b9a4f93e60159', 'title': '第1集', 'order': 1, 'updated_at': '2016-11-08T08:56:32.039Z', 'id': '582193405f6b9a4f93e60159'}]
2026-02-18 23:42:54 - mkk_pika - database.py:215 - INFO - 第一次下载该漫画，记录数据库中
2026-02-18 23:42:55 - mkk_pika - main.py:83 - INFO - 找到 22 张图片在:第1集
2026-02-18 23:42:55 - mkk_pika - main.py:112 - INFO - [episode:第1集       ] downloaded:    22, total:  22, progress:100%
2026-02-18 23:42:55 - mkk_pika - database.py:238 - INFO - 数据库更新已下载章节
2026-02-18 23:42:55 - mkk_pika - database.py:244 - INFO - 该漫画已下载章节如下
2026-02-18 23:42:55 - mkk_pika - database.py:245 - INFO - ['第1集']
2026-02-18 23:42:56 - mkk_pika - main.py:348 - INFO - ==================== 漫画信息 ====================
                                   漫画ID：5821933f5f6b9a4f93e60157
                                   标题：フタナリマスターオナホールP
                                   作者：トキマチ&エイセイ
                                   是否完结：是
                                   总页数：22
                                   分类：短篇,後宮閃光
                                   章节数：1
                                   最后更新时间：2009-10-19T00:47:16.000Z
                                   =================================================
2026-02-18 23:42:56 - mkk_pika - database.py:101 - INFO - 保存成功：フタナリマスターオナホールP
2026-02-18 23:42:56 - mkk_pika - main.py:35 - INFO - 开始检查[ズッキーニ] 僕は彼女の実験体！是否存在未下载章节
2026-02-18 23:42:57 - mkk_pika - main.py:45 - INFO - 正在下载:[[ズッキーニ] 僕は彼女の実験体！]-[ズッキーニ]-[['短篇', '姐姐系', '純愛']]-[total_pages:29]
2026-02-18 23:42:57 - mkk_pika - main.py:49 - INFO - [{'_id': '582193405f6b9a4f93e60189', 'title': '第1集', 'order': 1, 'updated_at': '2016-11-08T08:56:32.694Z', 'id': '582193405f6b9a4f93e60189'}]
2026-02-18 23:42:57 - mkk_pika - database.py:215 - INFO - 第一次下载该漫画，记录数据库中
2026-02-18 23:42:57 - mkk_pika - main.py:83 - INFO - 找到 29 张图片在:第1集
2026-02-18 23:42:58 - mkk_pika - main.py:112 - INFO - [episode:第1集       ] downloaded:    29, total:  29, progress:100%
2026-02-18 23:42:58 - mkk_pika - database.py:238 - INFO - 数据库更新已下载章节
2026-02-18 23:42:58 - mkk_pika - database.py:244 - INFO - 该漫画已下载章节如下
2026-02-18 23:42:58 - mkk_pika - database.py:245 - INFO - ['第1集']
2026-02-18 23:42:59 - mkk_pika - main.py:348 - INFO - ==================== 漫画信息 ====================
                                   漫画ID：582193405f6b9a4f93e60187
                                   标题：[ズッキーニ] 僕は彼女の実験体！
                                   作者：ズッキーニ
                                   是否完结：是
                                   总页数：29
                                   分类：短篇,姐姐系,純愛
                                   章节数：1
                                   最后更新时间：2009-10-19T10:47:16.000Z
                                   =================================================
2026-02-18 23:42:59 - mkk_pika - database.py:101 - INFO - 保存成功：[ズッキーニ] 僕は彼女の実験体！
2026-02-18 23:42:59 - mkk_pika - main.py:35 - INFO - 开始检查 [ズッキーニ] 僕は彼女の実験体！ 2是否存在未下载章节
2026-02-18 23:43:00 - mkk_pika - main.py:45 - INFO - 正在下载:[ [ズッキーニ] 僕は彼女の実験体！ 2]-[ズッキーニ]-[['短篇', '純愛']]-[total_pages:31]
2026-02-18 23:43:00 - mkk_pika - main.py:49 - INFO - [{'_id': '582193415f6b9a4f93e601c7', 'title': '第1集', 'order': 1, 'updated_at': '2016-11-08T08:56:33.389Z', 'id': '582193415f6b9a4f93e601c7'}]
2026-02-18 23:43:00 - mkk_pika - database.py:215 - INFO - 第一次下载该漫画，记录数据库中
2026-02-18 23:43:00 - mkk_pika - main.py:83 - INFO - 找到 31 张图片在:第1集
2026-02-18 23:43:01 - mkk_pika - main.py:112 - INFO - [episode:第1集       ] downloaded:    31, total:  31, progress:100%
2026-02-18 23:43:01 - mkk_pika - database.py:238 - INFO - 数据库更新已下载章节
2026-02-18 23:43:01 - mkk_pika - database.py:244 - INFO - 该漫画已下载章节如下
2026-02-18 23:43:01 - mkk_pika - database.py:245 - INFO - ['第1集']
2026-02-18 23:43:02 - mkk_pika - main.py:348 - INFO - ==================== 漫画信息 ====================
                                   漫画ID：582193405f6b9a4f93e601c5
                                   标题： [ズッキーニ] 僕は彼女の実験体！ 2
                                   作者：ズッキーニ
                                   是否完结：是
                                   总页数：31
                                   分类：短篇,純愛
                                   章节数：1
                                   最后更新时间：2009-10-19T20:47:16.000Z
                                   =================================================
2026-02-18 23:43:02 - mkk_pika - database.py:101 - INFO - 保存成功： [ズッキーニ] 僕は彼女の実験体！ 2
2026-02-18 23:43:02 - mkk_pika - main.py:35 - INFO - 开始检查[ズッキーニ] 僕は彼女の実験体！ 3是否存在未下载章节
2026-02-18 23:43:03 - mkk_pika - main.py:45 - INFO - 正在下载:[[ズッキーニ] 僕は彼女の実験体！ 3]-[ズッキーニ]-[['短篇', '純愛']]-[total_pages:29]
2026-02-18 23:43:03 - mkk_pika - main.py:49 - INFO - [{'_id': '582193415f6b9a4f93e60209', 'title': '第1集', 'order': 1, 'updated_at': '2016-11-08T08:56:33.812Z', 'id': '582193415f6b9a4f93e60209'}]
2026-02-18 23:43:03 - mkk_pika - database.py:215 - INFO - 第一次下载该漫画，记录数据库中
2026-02-18 23:43:03 - mkk_pika - main.py:83 - INFO - 找到 29 张图片在:第1集
2026-02-18 23:43:05 - mkk_pika - main.py:112 - INFO - [episode:第1集       ] downloaded:    29, total:  29, progress:100%
2026-02-18 23:43:05 - mkk_pika - database.py:238 - INFO - 数据库更新已下载章节
2026-02-18 23:43:05 - mkk_pika - database.py:244 - INFO - 该漫画已下载章节如下
2026-02-18 23:43:05 - mkk_pika - database.py:245 - INFO - ['第1集']
2026-02-18 23:43:06 - mkk_pika - main.py:348 - INFO - ==================== 漫画信息 ====================
                                   漫画ID：582193415f6b9a4f93e60207
                                   标题：[ズッキーニ] 僕は彼女の実験体！ 3
                                   作者：ズッキーニ
                                   是否完结：是
                                   总页数：29
                                   分类：短篇,純愛
                                   章节数：1
                                   最后更新时间：2009-10-20T06:47:16.000Z
                                   =================================================
2026-02-18 23:43:06 - mkk_pika - database.py:101 - INFO - 保存成功：[ズッキーニ] 僕は彼女の実験体！ 3
2026-02-18 23:43:06 - mkk_pika - main.py:35 - INFO - 开始检查お姉ちゃんのお願い是否存在未下载章节
2026-02-18 23:43:06 - mkk_pika - main.py:45 - INFO - 正在下载:[お姉ちゃんのお願い]-[糸杉柾宏_]-[['長篇', '後宮閃光', '姐姐系', '純愛']]-[total_pages:176]
2026-02-18 23:43:06 - mkk_pika - main.py:49 - INFO - [{'_id': '582193435f6b9a4f93e6026f', 'title': '第1集', 'order': 1, 'updated_at': '2016-11-08T08:56:35.032Z', 'id': '582193435f6b9a4f93e6026f'}]
2026-02-18 23:43:06 - mkk_pika - database.py:215 - INFO - 第一次下载该漫画，记录数据库中
2026-02-18 23:43:08 - mkk_pika - main.py:83 - INFO - 找到 176 张图片在:第1集
2026-02-18 23:43:12 - mkk_pika - main.py:112 - INFO - [episode:第1集       ] downloaded:   176, total: 176, progress:100%
2026-02-18 23:43:12 - mkk_pika - database.py:238 - INFO - 数据库更新已下载章节
2026-02-18 23:43:12 - mkk_pika - database.py:244 - INFO - 该漫画已下载章节如下
2026-02-18 23:43:12 - mkk_pika - database.py:245 - INFO - ['第1集']
2026-02-18 23:43:13 - mkk_pika - main.py:348 - INFO - ==================== 漫画信息 ====================
                                   漫画ID：582193425f6b9a4f93e6026d
                                   标题：お姉ちゃんのお願い
                                   作者：糸杉柾宏_
                                   是否完结：是
                                   总页数：176
                                   分类：長篇,後宮閃光,姐姐系,純愛
                                   章节数：1
                                   最后更新时间：2009-10-21T02:47:16.000Z
                                   =================================================
2026-02-18 23:43:13 - mkk_pika - database.py:101 - INFO - 保存成功：お姉ちゃんのお願い
2026-02-18 23:43:13 - mkk_pika - main.py:35 - INFO - 开始检查大喬乱舞 (真 三國無双) 是否存在未下载章节
2026-02-18 23:43:14 - mkk_pika - main.py:45 - INFO - 正在下载:[大喬乱舞 (真 三國無双) ]-[U.R.C (桃屋しょう猫)]-[['短篇', '純愛']]-[total_pages:50]
2026-02-18 23:43:14 - mkk_pika - main.py:49 - INFO - [{'_id': '582193445f6b9a4f93e603d3', 'title': '第1集', 'order': 1, 'updated_at': '2016-11-08T08:56:36.540Z', 'id': '582193445f6b9a4f93e603d3'}]
2026-02-18 23:43:14 - mkk_pika - database.py:215 - INFO - 第一次下载该漫画，记录数据库中
2026-02-18 23:43:15 - mkk_pika - main.py:83 - INFO - 找到 50 张图片在:第1集
2026-02-18 23:43:16 - mkk_pika - main.py:112 - INFO - [episode:第1集       ] downloaded:    50, total:  50, progress:100%
2026-02-18 23:43:16 - mkk_pika - database.py:238 - INFO - 数据库更新已下载章节
2026-02-18 23:43:16 - mkk_pika - database.py:244 - INFO - 该漫画已下载章节如下
2026-02-18 23:43:16 - mkk_pika - database.py:245 - INFO - ['第1集']
2026-02-18 23:43:17 - mkk_pika - main.py:348 - INFO - ==================== 漫画信息 ====================
                                   漫画ID：582193445f6b9a4f93e603d1
                                   标题：大喬乱舞 (真 三國無双) 
                                   作者：U.R.C (桃屋しょう猫)
                                   是否完结：是
                                   总页数：50
                                   分类：短篇,純愛
                                   章节数：1
                                   最后更新时间：2009-10-21T12:47:16.000Z
                                   =================================================
2026-02-18 23:43:17 - mkk_pika - database.py:101 - INFO - 保存成功：大喬乱舞 (真 三國無双) 
2026-02-18 23:43:17 - mkk_pika - main.py:35 - INFO - 开始检查大喬乱舞 (真 三國無双)是否存在未下载章节
2026-02-18 23:43:17 - mkk_pika - main.py:45 - INFO - 正在下载:[大喬乱舞 (真 三國無双)]-[U.R.C (桃屋しょう猫)]-[['短篇']]-[total_pages:46]
2026-02-18 23:43:17 - mkk_pika - main.py:49 - INFO - [{'_id': '582193455f6b9a4f93e6043b', 'title': '第1集', 'order': 1, 'updated_at': '2016-11-08T08:56:37.397Z', 'id': '582193455f6b9a4f93e6043b'}]
2026-02-18 23:43:17 - mkk_pika - database.py:215 - INFO - 第一次下载该漫画，记录数据库中
2026-02-18 23:43:18 - mkk_pika - main.py:83 - INFO - 找到 46 张图片在:第1集
2026-02-18 23:43:18 - mkk_pika - main.py:112 - INFO - [episode:第1集       ] downloaded:    46, total:  46, progress:100%
2026-02-18 23:43:18 - mkk_pika - database.py:238 - INFO - 数据库更新已下载章节
2026-02-18 23:43:18 - mkk_pika - database.py:244 - INFO - 该漫画已下载章节如下
2026-02-18 23:43:18 - mkk_pika - database.py:245 - INFO - ['第1集']
2026-02-18 23:43:20 - mkk_pika - main.py:348 - INFO - ==================== 漫画信息 ====================
                                   漫画ID：582193445f6b9a4f93e60439
                                   标题：大喬乱舞 (真 三國無双)
                                   作者：U.R.C (桃屋しょう猫)
                                   是否完结：是
                                   总页数：46
                                   分类：短篇
                                   章节数：1
                                   最后更新时间：2009-10-21T22:47:16.000Z
                                   =================================================
2026-02-18 23:43:20 - mkk_pika - database.py:101 - INFO - 保存成功：大喬乱舞 (真 三國無双)
2026-02-18 23:43:20 - mkk_pika - main.py:35 - INFO - 开始检查ネギダク是否存在未下载章节
2026-02-18 23:43:20 - mkk_pika - main.py:45 - INFO - 正在下载:[ネギダク]-[よつみわーくす (雪野みなと＆日辻ハコ)]-[['同人', '短篇']]-[total_pages:27]
2026-02-18 23:43:20 - mkk_pika - main.py:49 - INFO - [{'_id': '582193465f6b9a4f93e6049b', 'title': '第1集', 'order': 1, 'updated_at': '2016-11-08T08:56:38.107Z', 'id': '582193465f6b9a4f93e6049b'}]
2026-02-18 23:43:20 - mkk_pika - database.py:215 - INFO - 第一次下载该漫画，记录数据库中
2026-02-18 23:43:21 - mkk_pika - main.py:83 - INFO - 找到 27 张图片在:第1集
2026-02-18 23:43:22 - mkk_pika - main.py:112 - INFO - [episode:第1集       ] downloaded:    27, total:  27, progress:100%
2026-02-18 23:43:22 - mkk_pika - database.py:238 - INFO - 数据库更新已下载章节
2026-02-18 23:43:22 - mkk_pika - database.py:244 - INFO - 该漫画已下载章节如下
2026-02-18 23:43:22 - mkk_pika - database.py:245 - INFO - ['第1集']
2026-02-18 23:43:23 - mkk_pika - main.py:348 - INFO - ==================== 漫画信息 ====================
                                   漫画ID：582193455f6b9a4f93e60499
                                   标题：ネギダク
                                   作者：よつみわーくす (雪野みなと＆日辻ハコ)
                                   是否完结：是
                                   总页数：27
                                   分类：同人,短篇
                                   章节数：1
                                   最后更新时间：2009-10-22T08:47:16.000Z
                                   =================================================
2026-02-18 23:43:23 - mkk_pika - database.py:101 - INFO - 保存成功：ネギダク
2026-02-18 23:43:23 - mkk_pika - main.py:35 - INFO - 开始检查 [abgrund (さいかわゆさ)] 楽園へようこそ (楽園追放 -Expelled from Paradise-) 是否存在未下载章节
2026-02-18 23:43:23 - mkk_pika - main.py:45 - INFO - 正在下载:[ [abgrund (さいかわゆさ)] 楽園へようこそ (楽園追放 -Expelled from Paradise-) ]-[abgrund (さいかわゆさ)]-[['同人', '短篇', '純愛']]-[total_pages:23]
2026-02-18 23:43:23 - mkk_pika - main.py:49 - INFO - [{'_id': '582193465f6b9a4f93e604d5', 'title': '第1集', 'order': 1, 'updated_at': '2016-11-08T08:56:38.621Z', 'id': '582193465f6b9a4f93e604d5'}]
2026-02-18 23:43:23 - mkk_pika - database.py:215 - INFO - 第一次下载该漫画，记录数据库中
2026-02-18 23:43:24 - mkk_pika - main.py:83 - INFO - 找到 23 张图片在:第1集
2026-02-18 23:43:26 - mkk_pika - main.py:112 - INFO - [episode:第1集       ] downloaded:    23, total:  23, progress:100%
2026-02-18 23:43:26 - mkk_pika - database.py:238 - INFO - 数据库更新已下载章节
2026-02-18 23:43:26 - mkk_pika - database.py:244 - INFO - 该漫画已下载章节如下
2026-02-18 23:43:26 - mkk_pika - database.py:245 - INFO - ['第1集']
2026-02-18 23:43:27 - mkk_pika - main.py:348 - INFO - ==================== 漫画信息 ====================
                                   漫画ID：582193465f6b9a4f93e604d3
                                   标题： [abgrund (さいかわゆさ)] 楽園へようこそ (楽園追放 -Expelled from Paradise-) 
                                   作者：abgrund (さいかわゆさ)
                                   是否完结：是
                                   总页数：23
                                   分类：同人,短篇,純愛
                                   章节数：1
                                   最后更新时间：2009-10-22T18:47:16.000Z
                                   =================================================
2026-02-18 23:43:27 - mkk_pika - database.py:101 - INFO - 保存成功： [abgrund (さいかわゆさ)] 楽園へようこそ (楽園追放 -Expelled from Paradise-) 
2026-02-18 23:43:27 - mkk_pika - main.py:35 - INFO - 开始检查[サイクロン (和泉, 冷泉)] サイクロンの限定本C87A-HAAAH是否存在未下载章节
2026-02-18 23:43:27 - mkk_pika - main.py:45 - INFO - 正在下载:[[サイクロン (和泉, 冷泉)] サイクロンの限定本C87A-HAAAH]-[サイクロン (和泉, 冷泉)]-[['同人', '短篇', 'NTR']]-[total_pages:20]
2026-02-18 23:43:27 - mkk_pika - main.py:49 - INFO - [{'_id': '582193475f6b9a4f93e60507', 'title': '第1集', 'order': 1, 'updated_at': '2016-11-08T08:56:39.062Z', 'id': '582193475f6b9a4f93e60507'}]
2026-02-18 23:43:27 - mkk_pika - database.py:215 - INFO - 第一次下载该漫画，记录数据库中
2026-02-18 23:43:28 - mkk_pika - main.py:83 - INFO - 找到 20 张图片在:第1集
2026-02-18 23:43:28 - mkk_pika - main.py:112 - INFO - [episode:第1集       ] downloaded:    20, total:  20, progress:100%
2026-02-18 23:43:28 - mkk_pika - database.py:238 - INFO - 数据库更新已下载章节
2026-02-18 23:43:28 - mkk_pika - database.py:244 - INFO - 该漫画已下载章节如下
2026-02-18 23:43:28 - mkk_pika - database.py:245 - INFO - ['第1集']
2026-02-18 23:43:30 - mkk_pika - main.py:348 - INFO - ==================== 漫画信息 ====================
                                   漫画ID：582193465f6b9a4f93e60505
                                   标题：[サイクロン (和泉, 冷泉)] サイクロンの限定本C87A-HAAAH
                                   作者：サイクロン (和泉, 冷泉)
                                   是否完结：是
                                   总页数：20
                                   分类：同人,短篇,NTR
                                   章节数：1
                                   最后更新时间：2009-10-23T04:47:16.000Z
                                   =================================================
2026-02-18 23:43:30 - mkk_pika - database.py:101 - INFO - 保存成功：[サイクロン (和泉, 冷泉)] サイクロンの限定本C87A-HAAAH
2026-02-18 23:43:30 - mkk_pika - main.py:35 - INFO - 开始检查(とら祭り2010)商売繁盛是否存在未下载章节
2026-02-18 23:43:30 - mkk_pika - main.py:45 - INFO - 正在下载:[(とら祭り2010)商売繁盛]-[ノラネコノタマ (雪野みなと)]-[['短篇', '純愛']]-[total_pages:23]
2026-02-18 23:43:30 - mkk_pika - main.py:49 - INFO - [{'_id': '582193475f6b9a4f93e60533', 'title': '第1集', 'order': 1, 'updated_at': '2016-11-08T08:56:39.671Z', 'id': '582193475f6b9a4f93e60533'}]
2026-02-18 23:43:30 - mkk_pika - database.py:215 - INFO - 第一次下载该漫画，记录数据库中
2026-02-18 23:43:31 - mkk_pika - main.py:83 - INFO - 找到 23 张图片在:第1集
2026-02-18 23:43:31 - mkk_pika - main.py:112 - INFO - [episode:第1集       ] downloaded:    23, total:  23, progress:100%
2026-02-18 23:43:31 - mkk_pika - database.py:238 - INFO - 数据库更新已下载章节
2026-02-18 23:43:31 - mkk_pika - database.py:244 - INFO - 该漫画已下载章节如下
2026-02-18 23:43:31 - mkk_pika - database.py:245 - INFO - ['第1集']
2026-02-18 23:43:32 - mkk_pika - main.py:348 - INFO - ==================== 漫画信息 ====================
                                   漫画ID：582193475f6b9a4f93e60531
                                   标题：(とら祭り2010)商売繁盛
                                   作者：ノラネコノタマ (雪野みなと)
                                   是否完结：是
                                   总页数：23
                                   分类：短篇,純愛
                                   章节数：1
                                   最后更新时间：2009-10-23T14:47:16.000Z
                                   =================================================
2026-02-18 23:43:32 - mkk_pika - database.py:101 - INFO - 保存成功：(とら祭り2010)商売繁盛
2026-02-18 23:43:32 - mkk_pika - main.py:35 - INFO - 开始检查(SC60)已经完结的日记(終わりの日記帳)是否存在未下载章节
2026-02-18 23:43:33 - mkk_pika - main.py:45 - INFO - 正在下载:[(SC60)已经完结的日记(終わりの日記帳)]-[ノラネコノタマ (雪野みなと)]-[['短篇', 'NTR']]-[total_pages:24]
2026-02-18 23:43:33 - mkk_pika - main.py:49 - INFO - [{'_id': '582193485f6b9a4f93e60565', 'title': '第1集', 'order': 1, 'updated_at': '2016-11-08T08:56:40.110Z', 'id': '582193485f6b9a4f93e60565'}]
2026-02-18 23:43:33 - mkk_pika - database.py:215 - INFO - 第一次下载该漫画，记录数据库中
2026-02-18 23:43:33 - mkk_pika - main.py:83 - INFO - 找到 24 张图片在:第1集
2026-02-18 23:43:34 - mkk_pika - main.py:112 - INFO - [episode:第1集       ] downloaded:    24, total:  24, progress:100%
2026-02-18 23:43:34 - mkk_pika - database.py:238 - INFO - 数据库更新已下载章节
2026-02-18 23:43:34 - mkk_pika - database.py:244 - INFO - 该漫画已下载章节如下
2026-02-18 23:43:34 - mkk_pika - database.py:245 - INFO - ['第1集']
2026-02-18 23:43:35 - mkk_pika - main.py:348 - INFO - ==================== 漫画信息 ====================
                                   漫画ID：582193475f6b9a4f93e60563
                                   标题：(SC60)已经完结的日记(終わりの日記帳)
                                   作者：ノラネコノタマ (雪野みなと)
                                   是否完结：是
                                   总页数：24
                                   分类：短篇,NTR
                                   章节数：1
                                   最后更新时间：2009-10-24T00:47:16.000Z
                                   =================================================
2026-02-18 23:43:35 - mkk_pika - database.py:101 - INFO - 保存成功：(SC60)已经完结的日记(終わりの日記帳)
2026-02-18 23:43:35 - mkk_pika - main.py:35 - INFO - 开始检查(サンクリ46)いつかをゆめみて是否存在未下载章节
2026-02-18 23:43:36 - mkk_pika - main.py:45 - INFO - 正在下载:[(サンクリ46)いつかをゆめみて]-[ノラネコノタマ (雪野みなと、千葉ちばさ)]-[['短篇']]-[total_pages:24]
2026-02-18 23:43:36 - mkk_pika - main.py:49 - INFO - [{'_id': '582193485f6b9a4f93e60599', 'title': '第1集', 'order': 1, 'updated_at': '2016-11-08T08:56:40.591Z', 'id': '582193485f6b9a4f93e60599'}]
2026-02-18 23:43:36 - mkk_pika - database.py:215 - INFO - 第一次下载该漫画，记录数据库中
2026-02-18 23:43:36 - mkk_pika - main.py:83 - INFO - 找到 24 张图片在:第1集
2026-02-18 23:43:37 - mkk_pika - main.py:112 - INFO - [episode:第1集       ] downloaded:    24, total:  24, progress:100%
2026-02-18 23:43:37 - mkk_pika - database.py:238 - INFO - 数据库更新已下载章节
2026-02-18 23:43:37 - mkk_pika - database.py:244 - INFO - 该漫画已下载章节如下
2026-02-18 23:43:37 - mkk_pika - database.py:245 - INFO - ['第1集']
2026-02-18 23:43:38 - mkk_pika - main.py:348 - INFO - ==================== 漫画信息 ====================
                                   漫画ID：582193485f6b9a4f93e60597
                                   标题：(サンクリ46)いつかをゆめみて
                                   作者：ノラネコノタマ (雪野みなと、千葉ちばさ)
                                   是否完结：是
                                   总页数：24
                                   分类：短篇
                                   章节数：1
                                   最后更新时间：2009-10-24T10:47:16.000Z
                                   =================================================
2026-02-18 23:43:38 - mkk_pika - database.py:101 - INFO - 保存成功：(サンクリ46)いつかをゆめみて
2026-02-18 23:43:38 - mkk_pika - main.py:35 - INFO - 开始检查(サンクリ65)みてみてもっと是否存在未下载章节
2026-02-18 23:43:39 - mkk_pika - main.py:45 - INFO - 正在下载:[(サンクリ65)みてみてもっと]-[ノラネコノタマ (雪野みなと)]-[['短篇']]-[total_pages:28]
2026-02-18 23:43:39 - mkk_pika - main.py:49 - INFO - [{'_id': '582193495f6b9a4f93e605cd', 'title': '第1集', 'order': 1, 'updated_at': '2016-11-08T08:56:41.343Z', 'id': '582193495f6b9a4f93e605cd'}]
2026-02-18 23:43:39 - mkk_pika - database.py:215 - INFO - 第一次下载该漫画，记录数据库中
2026-02-18 23:43:39 - mkk_pika - main.py:83 - INFO - 找到 28 张图片在:第1集
2026-02-18 23:43:40 - mkk_pika - main.py:112 - INFO - [episode:第1集       ] downloaded:    28, total:  28, progress:100%
2026-02-18 23:43:40 - mkk_pika - database.py:238 - INFO - 数据库更新已下载章节
2026-02-18 23:43:40 - mkk_pika - database.py:244 - INFO - 该漫画已下载章节如下
2026-02-18 23:43:40 - mkk_pika - database.py:245 - INFO - ['第1集']
2026-02-18 23:43:41 - mkk_pika - main.py:348 - INFO - ==================== 漫画信息 ====================
                                   漫画ID：582193485f6b9a4f93e605cb
                                   标题：(サンクリ65)みてみてもっと
                                   作者：ノラネコノタマ (雪野みなと)
                                   是否完结：是
                                   总页数：28
                                   分类：短篇
                                   章节数：1
                                   最后更新时间：2009-10-24T20:47:16.000Z
                                   =================================================
2026-02-18 23:43:41 - mkk_pika - database.py:101 - INFO - 保存成功：(サンクリ65)みてみてもっと
2026-02-18 23:43:41 - mkk_pika - main.py:35 - INFO - 开始检查(C87)終わりの日記帳 絶是否存在未下载章节
2026-02-18 23:43:42 - mkk_pika - main.py:45 - INFO - 正在下载:[(C87)終わりの日記帳 絶]-[ノラネコノタマ (雪野みなと) ]-[['短篇', 'NTR']]-[total_pages:24]
2026-02-18 23:43:42 - mkk_pika - main.py:49 - INFO - [{'_id': '5821934a5f6b9a4f93e60643', 'title': '第1集', 'order': 1, 'updated_at': '2016-11-08T08:56:42.506Z', 'id': '5821934a5f6b9a4f93e60643'}]
2026-02-18 23:43:42 - mkk_pika - database.py:215 - INFO - 第一次下载该漫画，记录数据库中
2026-02-18 23:43:42 - mkk_pika - main.py:83 - INFO - 找到 24 张图片在:第1集
2026-02-18 23:43:43 - mkk_pika - main.py:112 - INFO - [episode:第1集       ] downloaded:    24, total:  24, progress:100%
2026-02-18 23:43:43 - mkk_pika - database.py:238 - INFO - 数据库更新已下载章节
2026-02-18 23:43:43 - mkk_pika - database.py:244 - INFO - 该漫画已下载章节如下
2026-02-18 23:43:43 - mkk_pika - database.py:245 - INFO - ['第1集']
2026-02-18 23:43:44 - mkk_pika - main.py:348 - INFO - ==================== 漫画信息 ====================
                                   漫画ID：5821934a5f6b9a4f93e60641
                                   标题：(C87)終わりの日記帳 絶
                                   作者：ノラネコノタマ (雪野みなと) 
                                   是否完结：是
                                   总页数：24
                                   分类：短篇,NTR
                                   章节数：1
                                   最后更新时间：2009-10-25T16:47:16.000Z
                                   =================================================
2026-02-18 23:43:44 - mkk_pika - database.py:101 - INFO - 保存成功：(C87)終わりの日記帳 絶
2026-02-18 23:43:44 - mkk_pika - main.py:35 - INFO - 开始检查 [セブンデイズホリディ (篠川あるみ, 古我望)] Fallen Angela (楽園追放 -Expelled from Paradise-) [无毒]是否存在未下载章节
2026-02-18 23:43:45 - mkk_pika - main.py:45 - INFO - 正在下载:[ [セブンデイズホリディ (篠川あるみ, 古我望)] Fallen Angela (楽園追放 -Expelled from Paradise-) [无毒]]-[セブンデイズホリディ (篠川あるみ, 古我望)]-[['同人', '短篇', '全彩']]-[total_pages:12]
2026-02-18 23:43:45 - mkk_pika - main.py:49 - INFO - [{'_id': '5821934b5f6b9a4f93e60677', 'title': '第1集', 'order': 1, 'updated_at': '2016-11-08T08:56:43.148Z', 'id': '5821934b5f6b9a4f93e60677'}]
2026-02-18 23:43:45 - mkk_pika - database.py:215 - INFO - 第一次下载该漫画，记录数据库中
2026-02-18 23:43:45 - mkk_pika - main.py:83 - INFO - 找到 12 张图片在:第1集
2026-02-18 23:43:45 - mkk_pika - main.py:112 - INFO - [episode:第1集       ] downloaded:    12, total:  12, progress:100%
2026-02-18 23:43:45 - mkk_pika - database.py:238 - INFO - 数据库更新已下载章节
2026-02-18 23:43:45 - mkk_pika - database.py:244 - INFO - 该漫画已下载章节如下
2026-02-18 23:43:45 - mkk_pika - database.py:245 - INFO - ['第1集']
2026-02-18 23:43:47 - mkk_pika - main.py:348 - INFO - ==================== 漫画信息 ====================
                                   漫画ID：5821934a5f6b9a4f93e60675
                                   标题： [セブンデイズホリディ (篠川あるみ, 古我望)] Fallen Angela (楽園追放 -Expelled from Paradise-) [无毒]
                                   作者：セブンデイズホリディ (篠川あるみ, 古我望)
                                   是否完结：是
                                   总页数：12
                                   分类：同人,短篇,全彩
                                   章节数：1
                                   最后更新时间：2009-10-26T02:47:16.000Z
                                   =================================================
2026-02-18 23:43:47 - mkk_pika - database.py:101 - INFO - 保存成功： [セブンデイズホリディ (篠川あるみ, 古我望)] Fallen Angela (楽園追放 -Expelled from Paradise-) [无毒]
2026-02-18 23:43:47 - mkk_pika - main.py:35 - INFO - 开始检查[羊小屋 (橘由宇)] 樂園開放 (楽園追放 -Expelled from Paradise-)是否存在未下载章节
2026-02-18 23:43:47 - mkk_pika - main.py:45 - INFO - 正在下载:[[羊小屋 (橘由宇)] 樂園開放 (楽園追放 -Expelled from Paradise-)]-[羊小屋 (橘由宇)]-[['同人', '短篇', '全彩', '純愛']]-[total_pages:16]
2026-02-18 23:43:47 - mkk_pika - main.py:49 - INFO - [{'_id': '5821934b5f6b9a4f93e60693', 'title': '第1集', 'order': 1, 'updated_at': '2016-11-08T08:56:43.502Z', 'id': '5821934b5f6b9a4f93e60693'}]
2026-02-18 23:43:47 - mkk_pika - database.py:215 - INFO - 第一次下载该漫画，记录数据库中
2026-02-18 23:43:48 - mkk_pika - main.py:83 - INFO - 找到 16 张图片在:第1集
2026-02-18 23:43:48 - mkk_pika - main.py:112 - INFO - [episode:第1集       ] downloaded:    16, total:  16, progress:100%
2026-02-18 23:43:48 - mkk_pika - database.py:238 - INFO - 数据库更新已下载章节
2026-02-18 23:43:48 - mkk_pika - database.py:244 - INFO - 该漫画已下载章节如下
2026-02-18 23:43:48 - mkk_pika - database.py:245 - INFO - ['第1集']
2026-02-18 23:43:49 - mkk_pika - main.py:348 - INFO - ==================== 漫画信息 ====================
                                   漫画ID：5821934b5f6b9a4f93e60691
                                   标题：[羊小屋 (橘由宇)] 樂園開放 (楽園追放 -Expelled from Paradise-)
                                   作者：羊小屋 (橘由宇)
                                   是否完结：是
                                   总页数：16
                                   分类：同人,短篇,全彩,純愛
                                   章节数：1
                                   最后更新时间：2009-10-26T12:47:16.000Z
                                   =================================================
2026-02-18 23:43:49 - mkk_pika - database.py:101 - INFO - 保存成功：[羊小屋 (橘由宇)] 樂園開放 (楽園追放 -Expelled from Paradise-)
2026-02-18 23:43:49 - mkk_pika - main.py:35 - INFO - 开始检查[AIR] (C87) [23.4ド (イチリ)] 楽園招聘 (楽園追放 -Expelled from Paradise-)是否存在未下载章节
2026-02-18 23:43:50 - mkk_pika - main.py:45 - INFO - 正在下载:[[AIR] (C87) [23.4ド (イチリ)] 楽園招聘 (楽園追放 -Expelled from Paradise-)]-[23.4ド(イチリ)]-[['同人', '短篇']]-[total_pages:20]
2026-02-18 23:43:50 - mkk_pika - main.py:49 - INFO - [{'_id': '5821934c5f6b9a4f93e606ef', 'title': '第1集', 'order': 1, 'updated_at': '2016-11-08T08:56:44.614Z', 'id': '5821934c5f6b9a4f93e606ef'}]
2026-02-18 23:43:50 - mkk_pika - database.py:215 - INFO - 第一次下载该漫画，记录数据库中
2026-02-18 23:43:50 - mkk_pika - main.py:83 - INFO - 找到 20 张图片在:第1集
2026-02-18 23:43:51 - mkk_pika - main.py:112 - INFO - [episode:第1集       ] downloaded:    20, total:  20, progress:100%
2026-02-18 23:43:51 - mkk_pika - database.py:238 - INFO - 数据库更新已下载章节
2026-02-18 23:43:51 - mkk_pika - database.py:244 - INFO - 该漫画已下载章节如下
2026-02-18 23:43:51 - mkk_pika - database.py:245 - INFO - ['第1集']
2026-02-18 23:43:52 - mkk_pika - main.py:348 - INFO - ==================== 漫画信息 ====================
                                   漫画ID：5821934c5f6b9a4f93e606ed
                                   标题：[AIR] (C87) [23.4ド (イチリ)] 楽園招聘 (楽園追放 -Expelled from Paradise-)
                                   作者：23.4ド(イチリ)
                                   是否完结：是
                                   总页数：20
                                   分类：同人,短篇
                                   章节数：1
                                   最后更新时间：2009-10-27T08:47:16.000Z
                                   =================================================
2026-02-18 23:43:52 - mkk_pika - database.py:101 - INFO - 保存成功：[AIR] (C87) [23.4ド (イチリ)] 楽園招聘 (楽園追放 -Expelled from Paradise-)
2026-02-18 23:43:52 - mkk_pika - main.py:35 - INFO - 开始检查(C77)湯けむり温泉事件簿 ～一人で卒業旅行に行った悲しき男 おませな娘との禁断の恋 その衝撃の結末とは～是否存在未下载章节
2026-02-18 23:43:52 - mkk_pika - main.py:45 - INFO - 正在下载:[(C77)湯けむり温泉事件簿 ～一人で卒業旅行に行った悲しき男 おませな娘との禁断の恋 その衝撃の結末とは～]-[ノラネコノタマ (雪野みなと)]-[['短篇', '妹妹系', '純愛']]-[total_pages:28]
2026-02-18 23:43:52 - mkk_pika - main.py:49 - INFO - [{'_id': '5821934d5f6b9a4f93e6071b', 'title': '第1集', 'order': 1, 'updated_at': '2016-11-08T08:56:45.004Z', 'id': '5821934d5f6b9a4f93e6071b'}]
2026-02-18 23:43:52 - mkk_pika - database.py:215 - INFO - 第一次下载该漫画，记录数据库中
2026-02-18 23:43:53 - mkk_pika - main.py:83 - INFO - 找到 28 张图片在:第1集
2026-02-18 23:43:54 - mkk_pika - main.py:112 - INFO - [episode:第1集       ] downloaded:    28, total:  28, progress:100%
2026-02-18 23:43:54 - mkk_pika - database.py:238 - INFO - 数据库更新已下载章节
2026-02-18 23:43:54 - mkk_pika - database.py:244 - INFO - 该漫画已下载章节如下
2026-02-18 23:43:54 - mkk_pika - database.py:245 - INFO - ['第1集']
2026-02-18 23:43:55 - mkk_pika - main.py:348 - INFO - ==================== 漫画信息 ====================
                                   漫画ID：5821934c5f6b9a4f93e60719
                                   标题：(C77)湯けむり温泉事件簿 ～一人で卒業旅行に行った悲しき男 おませな娘との禁断の恋 その衝撃の結末とは～
                                   作者：ノラネコノタマ (雪野みなと)
                                   是否完结：是
                                   总页数：28
                                   分类：短篇,妹妹系,純愛
                                   章节数：1
                                   最后更新时间：2009-10-27T18:47:16.000Z
                                   =================================================
2026-02-18 23:43:55 - mkk_pika - database.py:101 - INFO - 保存成功：(C77)湯けむり温泉事件簿 ～一人で卒業旅行に行った悲しき男 おませな娘との禁断の恋 その衝撃の結末とは～
2026-02-18 23:43:55 - mkk_pika - main.py:380 - INFO - 本次任务下载完毕
2026-02-18 23:43:55 - mkk_pika - database.py:173 - INFO - 数据库连接已关闭
