2026-01-24 23:29:00 - mkk_pika - main.py:193 - INFO - =======================================================================
2026-01-24 23:29:00 - mkk_pika - database.py:61 - INFO - 表和索引初始化成功
2026-01-24 23:29:00 - mkk_pika - main.py:197 - INFO - 已经累计下载1465本漫画
2026-01-24 23:29:01 - mkk_pika - api.py:87 - INFO - 登录成功
2026-01-24 23:29:01 - mkk_pika - main.py:203 - INFO - 收藏夹共计1本漫画
2026-01-24 23:29:01 - mkk_pika - main.py:206 - INFO - 开始下载收藏夹内未下载内容
2026-01-24 23:29:01 - mkk_pika - main.py:35 - INFO - 开始检查[Artist] BBStaff（AI）是否存在未下载章节
2026-01-24 23:29:02 - mkk_pika - database.py:203 - INFO - 查询数据库中是否已存在伊蕾娜
2026-01-24 23:29:02 - mkk_pika - database.py:203 - INFO - 查询数据库中是否已存在金色暗影
2026-01-24 23:29:02 - mkk_pika - database.py:203 - INFO - 查询数据库中是否已存在惠惠
2026-01-24 23:29:02 - mkk_pika - database.py:203 - INFO - 查询数据库中是否已存在结城美柑
2026-01-24 23:29:02 - mkk_pika - database.py:203 - INFO - 查询数据库中是否已存在贝尔泽古·斯黛莉休·索德·爱丽丝
2026-01-24 23:29:02 - mkk_pika - database.py:203 - INFO - 查询数据库中是否已存在板柳有栖
2026-01-24 23:29:02 - mkk_pika - database.py:203 - INFO - 查询数据库中是否已存在尤菲莉亚·玛泽塔
2026-01-24 23:29:02 - mkk_pika - database.py:203 - INFO - 查询数据库中是否已存在椎名日和
2026-01-24 23:29:02 - mkk_pika - database.py:203 - INFO - 查询数据库中是否已存在高町奈叶
2026-01-24 23:29:02 - mkk_pika - database.py:203 - INFO - 查询数据库中是否已存在星野瑠美衣
2026-01-24 23:29:02 - mkk_pika - database.py:203 - INFO - 查询数据库中是否已存在小柳香穗
2026-01-24 23:29:02 - mkk_pika - database.py:203 - INFO - 查询数据库中是否已存在甘织玲奈子
2026-01-24 23:29:02 - mkk_pika - database.py:203 - INFO - 查询数据库中是否已存在伊地知虹夏
2026-01-24 23:29:02 - mkk_pika - database.py:203 - INFO - 查询数据库中是否已存在芙兰达·塞维伦
2026-01-24 23:29:02 - mkk_pika - database.py:203 - INFO - 查询数据库中是否已存在小美浪爱澄
2026-01-24 23:29:02 - mkk_pika - database.py:203 - INFO - 查询数据库中是否已存在有马加奈
2026-01-24 23:29:02 - mkk_pika - database.py:203 - INFO - 查询数据库中是否已存在白银圭
2026-01-24 23:29:02 - mkk_pika - database.py:203 - INFO - 查询数据库中是否已存在鹿目圆香
2026-01-24 23:29:02 - mkk_pika - database.py:203 - INFO - 查询数据库中是否已存在莉赛萝黛·库雷提雅
2026-01-24 23:29:02 - mkk_pika - database.py:203 - INFO - 查询数据库中是否已存在空银子
2026-01-24 23:29:02 - mkk_pika - database.py:203 - INFO - 查询数据库中是否已存在谷地仁花
2026-01-24 23:29:02 - mkk_pika - main.py:51 - INFO - [Artist] BBStaff（AI）中没有可下载章节
2026-01-24 23:29:02 - mkk_pika - main.py:224 - INFO - ==================== 漫画信息 ====================
                漫画ID：687a1b80ecd86823a404aa48
                标题：[Artist] BBStaff（AI）
                作者：BBStaff
                是否完结：否
                总页数：4149
                分类：全彩,同人,CG雜圖
                章节数：21
                最后更新时间：2026-01-05T15:24:08.585Z
                =================================================
2026-01-24 23:29:02 - mkk_pika - database.py:101 - INFO - 保存成功：[Artist] BBStaff（AI）
2026-01-24 23:29:02 - mkk_pika - util.py:164 - INFO - 目标时间（UTC）：2026-01-05 15:24:08.585000+00:00
2026-01-24 23:29:02 - mkk_pika - util.py:165 - INFO - 当前UTC时间：2026-01-24 23:29:02.436393+00:00
2026-01-24 23:29:02 - mkk_pika - util.py:167 - INFO - 相差：19 天 8 小时 4 分钟
2026-01-24 23:29:02 - mkk_pika - main.py:266 - INFO - 收藏夹内容下载完毕
2026-01-24 23:29:02 - mkk_pika - main.py:268 - INFO - 开始下载订阅内容
2026-01-24 23:29:02 - mkk_pika - database.py:258 - INFO - 根据ID查询到标题：萝莉 -> [习呆呆] 萝莉·麦丘利
2026-01-24 23:29:03 - mkk_pika - database.py:101 - INFO - 保存成功：[习呆呆] 萝莉·麦丘利
2026-01-24 23:29:03 - mkk_pika - main.py:273 - INFO - 关键词萝莉找到1本漫画
2026-01-24 23:29:03 - mkk_pika - database.py:258 - INFO - 根据ID查询到标题：蘿莉 -> 電脳に眠る愛の鍵
2026-01-24 23:29:03 - mkk_pika - database.py:101 - INFO - 保存成功：[Artist] woshould (AI)
2026-01-24 23:29:03 - mkk_pika - main.py:273 - INFO - 关键词蘿莉找到6本漫画
2026-01-24 23:29:03 - mkk_pika - main.py:275 - INFO - 订阅内容共计7本漫画
2026-01-24 23:29:03 - mkk_pika - main.py:35 - INFO - 开始检查よりどりみどりのあまあまご奉仕 + おまけ本 | 任君挑选青绿的甜甜蜜蜜侍奉+附赠特典是否存在未下载章节
2026-01-24 23:29:04 - mkk_pika - database.py:203 - INFO - 查询数据库中是否已存在第1話
2026-01-24 23:29:04 - mkk_pika - main.py:51 - INFO - よりどりみどりのあまあまご奉仕 + おまけ本 | 任君挑选青绿的甜甜蜜蜜侍奉+附赠特典中没有可下载章节
2026-01-24 23:29:04 - mkk_pika - main.py:292 - INFO - ==================== 漫画信息 ====================
                                漫画ID：697262b01f58dc0880cc50f0
                                标题：よりどりみどりのあまあまご奉仕 + おまけ本 | 任君挑选青绿的甜甜蜜蜜侍奉+附赠特典
                                作者：Mint-nium* (緑風マルト)
                                是否完结：是
                                总页数：35
                                分类：短篇
                                章节数：1
                                最后更新时间：2026-01-22T17:47:28.862Z
                                =================================================
2026-01-24 23:29:04 - mkk_pika - database.py:101 - INFO - 保存成功：よりどりみどりのあまあまご奉仕 + おまけ本 | 任君挑选青绿的甜甜蜜蜜侍奉+附赠特典
2026-01-24 23:29:04 - mkk_pika - main.py:35 - INFO - 开始检查シスターと触手の懺悔室 是否存在未下载章节
2026-01-24 23:29:04 - mkk_pika - main.py:45 - INFO - 正在下载:[シスターと触手の懺悔室 ]-[木葉のあ]-[['短篇', '全彩', '非人類']]-[total_pages:-1]
2026-01-24 23:29:04 - mkk_pika - main.py:49 - INFO - [{'_id': '6974e7e5420bd5145ca52511', 'title': '第1話', 'order': 1, 'updated_at': '2026-01-24T04:30:18.052Z', 'id': '6974e7e5420bd5145ca52511'}]
2026-01-24 23:29:04 - mkk_pika - database.py:215 - INFO - 第一次下载该漫画，记录数据库中
2026-01-24 23:29:05 - mkk_pika - main.py:83 - INFO - 找到 38 张图片在:第1話
2026-01-24 23:29:08 - mkk_pika - main.py:112 - INFO - [episode:第1話       ] downloaded:    38, total:  38, progress:100%
2026-01-24 23:29:08 - mkk_pika - database.py:238 - INFO - 数据库更新已下载章节
2026-01-24 23:29:08 - mkk_pika - database.py:244 - INFO - 该漫画已下载章节如下
2026-01-24 23:29:08 - mkk_pika - database.py:245 - INFO - ['第1話']
2026-01-24 23:29:10 - mkk_pika - main.py:292 - INFO - ==================== 漫画信息 ====================
                                漫画ID：6974e7e5420bd5145ca52510
                                标题：シスターと触手の懺悔室 
                                作者：木葉のあ
                                是否完结：是
                                总页数：38
                                分类：短篇,全彩,非人類
                                章节数：1
                                最后更新时间：2026-01-24T15:40:21.746Z
                                =================================================
2026-01-24 23:29:10 - mkk_pika - database.py:101 - INFO - 保存成功：シスターと触手の懺悔室 
2026-01-24 23:29:10 - mkk_pika - main.py:35 - INFO - 开始检查血姫夜交-真祖の姫は発情しているっ！-是否存在未下载章节
2026-01-24 23:29:10 - mkk_pika - main.py:45 - INFO - 正在下载:[血姫夜交-真祖の姫は発情しているっ！-]-[毛玉牛乳 (玉之けだま)]-[['長篇']]-[total_pages:-1]
2026-01-24 23:29:10 - mkk_pika - main.py:49 - INFO - [{'_id': '671bc06fa76ae804386a39c4', 'title': '第1話', 'order': 1, 'updated_at': '2024-10-24T16:42:31.327Z', 'id': '671bc06fa76ae804386a39c4'}, {'_id': '6974e69352d59d59d619ca9e', 'title': '第2話', 'order': 2, 'updated_at': '2026-01-23T17:50:24.873Z', 'id': '6974e69352d59d59d619ca9e'}]
2026-01-24 23:29:10 - mkk_pika - database.py:215 - INFO - 第一次下载该漫画，记录数据库中
2026-01-24 23:29:11 - mkk_pika - main.py:83 - INFO - 找到 55 张图片在:第1話
2026-01-24 23:29:15 - mkk_pika - main.py:112 - INFO - [episode:第1話       ] downloaded:    55, total:  55, progress:100%
2026-01-24 23:29:15 - mkk_pika - database.py:238 - INFO - 数据库更新已下载章节
2026-01-24 23:29:15 - mkk_pika - database.py:244 - INFO - 该漫画已下载章节如下
2026-01-24 23:29:15 - mkk_pika - database.py:245 - INFO - ['第1話']
2026-01-24 23:29:17 - mkk_pika - main.py:83 - INFO - 找到 35 张图片在:第2話
2026-01-24 23:29:19 - mkk_pika - main.py:112 - INFO - [episode:第2話       ] downloaded:    35, total:  35, progress:100%
2026-01-24 23:29:19 - mkk_pika - database.py:238 - INFO - 数据库更新已下载章节
2026-01-24 23:29:19 - mkk_pika - database.py:244 - INFO - 该漫画已下载章节如下
2026-01-24 23:29:19 - mkk_pika - database.py:245 - INFO - ['第1話', '第2話']
2026-01-24 23:29:20 - mkk_pika - main.py:292 - INFO - ==================== 漫画信息 ====================
                                漫画ID：671bc06fa76ae804386a39c3
                                标题：血姫夜交-真祖の姫は発情しているっ！-
                                作者：毛玉牛乳 (玉之けだま)
                                是否完结：是
                                总页数：90
                                分类：長篇
                                章节数：2
                                最后更新时间：2026-01-24T15:34:43.358Z
                                =================================================
2026-01-24 23:29:20 - mkk_pika - database.py:101 - INFO - 保存成功：血姫夜交-真祖の姫は発情しているっ！-
2026-01-24 23:29:20 - mkk_pika - main.py:35 - INFO - 开始检查堕天計画総集編是否存在未下载章节
2026-01-24 23:29:21 - mkk_pika - main.py:45 - INFO - 正在下载:[堕天計画総集編]-[23.4ド (イチリ)]-[['長篇']]-[total_pages:-1]
2026-01-24 23:29:21 - mkk_pika - main.py:49 - INFO - [{'_id': '68ab0e044cace5086f16e5b7', 'title': '第1話', 'order': 1, 'updated_at': '2025-08-23T12:14:49.383Z', 'id': '68ab0e044cace5086f16e5b7'}, {'_id': '68ab0e044cace5086f16e5b8', 'title': '第2話', 'order': 2, 'updated_at': '2025-08-23T12:11:41.331Z', 'id': '68ab0e044cace5086f16e5b8'}, {'_id': '68ab0e044cace5086f16e5b9', 'title': '第3話', 'order': 3, 'updated_at': '2025-08-23T12:07:36.001Z', 'id': '68ab0e044cace5086f16e5b9'}, {'_id': '68ab0e044cace5086f16e5ba', 'title': '第4話', 'order': 4, 'updated_at': '2025-08-23T10:59:22.302Z', 'id': '68ab0e044cace5086f16e5ba'}, {'_id': '68c2ec747006917dcea243db', 'title': '総集編', 'order': 5, 'updated_at': '2025-09-10T12:19:56.047Z', 'id': '68c2ec747006917dcea243db'}, {'_id': '6974e690420bd5145ca521d7', 'title': '総集編 買動漫', 'order': 6, 'updated_at': '2026-01-23T17:48:09.888Z', 'id': '6974e690420bd5145ca521d7'}]
2026-01-24 23:29:21 - mkk_pika - database.py:215 - INFO - 第一次下载该漫画，记录数据库中
2026-01-24 23:29:22 - mkk_pika - main.py:83 - INFO - 找到 44 张图片在:第1話
2026-01-24 23:29:25 - mkk_pika - main.py:112 - INFO - [episode:第1話       ] downloaded:    44, total:  44, progress:100%
2026-01-24 23:29:25 - mkk_pika - database.py:238 - INFO - 数据库更新已下载章节
2026-01-24 23:29:25 - mkk_pika - database.py:244 - INFO - 该漫画已下载章节如下
2026-01-24 23:29:25 - mkk_pika - database.py:245 - INFO - ['第1話']
2026-01-24 23:29:27 - mkk_pika - main.py:83 - INFO - 找到 47 张图片在:第2話
2026-01-24 23:29:30 - mkk_pika - main.py:112 - INFO - [episode:第2話       ] downloaded:    47, total:  47, progress:100%
2026-01-24 23:29:30 - mkk_pika - database.py:238 - INFO - 数据库更新已下载章节
2026-01-24 23:29:30 - mkk_pika - database.py:244 - INFO - 该漫画已下载章节如下
2026-01-24 23:29:30 - mkk_pika - database.py:245 - INFO - ['第1話', '第2話']
2026-01-24 23:29:32 - mkk_pika - main.py:83 - INFO - 找到 43 张图片在:第3話
2026-01-24 23:29:36 - mkk_pika - main.py:112 - INFO - [episode:第3話       ] downloaded:    43, total:  43, progress:100%
2026-01-24 23:29:36 - mkk_pika - database.py:238 - INFO - 数据库更新已下载章节
2026-01-24 23:29:36 - mkk_pika - database.py:244 - INFO - 该漫画已下载章节如下
2026-01-24 23:29:36 - mkk_pika - database.py:245 - INFO - ['第1話', '第2話', '第3話']
2026-01-24 23:29:38 - mkk_pika - main.py:83 - INFO - 找到 55 张图片在:第4話
2026-01-24 23:29:42 - mkk_pika - main.py:112 - INFO - [episode:第4話       ] downloaded:    55, total:  55, progress:100%
2026-01-24 23:29:42 - mkk_pika - database.py:238 - INFO - 数据库更新已下载章节
2026-01-24 23:29:42 - mkk_pika - database.py:244 - INFO - 该漫画已下载章节如下
2026-01-24 23:29:42 - mkk_pika - database.py:245 - INFO - ['第1話', '第2話', '第3話', '第4話']
2026-01-24 23:29:45 - mkk_pika - main.py:83 - INFO - 找到 199 张图片在:総集編
2026-01-24 23:29:59 - mkk_pika - main.py:112 - INFO - [episode:総集編       ] downloaded:   199, total: 199, progress:100%
2026-01-24 23:29:59 - mkk_pika - database.py:238 - INFO - 数据库更新已下载章节
2026-01-24 23:29:59 - mkk_pika - database.py:244 - INFO - 该漫画已下载章节如下
2026-01-24 23:29:59 - mkk_pika - database.py:245 - INFO - ['第1話', '第2話', '第3話', '第4話', '総集編']
2026-01-24 23:30:03 - mkk_pika - main.py:83 - INFO - 找到 199 张图片在:総集編買動漫
2026-01-24 23:30:17 - mkk_pika - main.py:112 - INFO - [episode:総集編 買動漫   ] downloaded:   199, total: 199, progress:100%
2026-01-24 23:30:17 - mkk_pika - database.py:238 - INFO - 数据库更新已下载章节
2026-01-24 23:30:17 - mkk_pika - database.py:244 - INFO - 该漫画已下载章节如下
2026-01-24 23:30:17 - mkk_pika - database.py:245 - INFO - ['第1話', '第2話', '第3話', '第4話', '総集編', '総集編 買動漫']
2026-01-24 23:30:19 - mkk_pika - main.py:292 - INFO - ==================== 漫画信息 ====================
                                漫画ID：68ab0e044cace5086f16e5b6
                                标题：堕天計画総集編
                                作者：23.4ド (イチリ)
                                是否完结：是
                                总页数：587
                                分类：長篇
                                章节数：6
                                最后更新时间：2026-01-24T15:34:40.134Z
                                =================================================
2026-01-24 23:30:19 - mkk_pika - database.py:101 - INFO - 保存成功：堕天計画総集編
2026-01-24 23:30:19 - mkk_pika - main.py:35 - INFO - 开始检查公立中文化祭風俗模擬店は存在した!!是否存在未下载章节
2026-01-24 23:30:19 - mkk_pika - main.py:45 - INFO - 正在下载:[公立中文化祭風俗模擬店は存在した!!]-[オオカミうお]-[['短篇']]-[total_pages:-1]
2026-01-24 23:30:19 - mkk_pika - main.py:49 - INFO - [{'_id': '6974e56c52d59d59d619c393', 'title': '第1話', 'order': 1, 'updated_at': '2026-01-23T13:01:42.321Z', 'id': '6974e56c52d59d59d619c393'}]
2026-01-24 23:30:19 - mkk_pika - database.py:215 - INFO - 第一次下载该漫画，记录数据库中
2026-01-24 23:30:20 - mkk_pika - main.py:83 - INFO - 找到 22 张图片在:第1話
2026-01-24 23:30:21 - mkk_pika - main.py:112 - INFO - [episode:第1話       ] downloaded:    22, total:  22, progress:100%
2026-01-24 23:30:21 - mkk_pika - database.py:238 - INFO - 数据库更新已下载章节
2026-01-24 23:30:21 - mkk_pika - database.py:244 - INFO - 该漫画已下载章节如下
2026-01-24 23:30:21 - mkk_pika - database.py:245 - INFO - ['第1話']
2026-01-24 23:30:23 - mkk_pika - main.py:292 - INFO - ==================== 漫画信息 ====================
                                漫画ID：6974e56c52d59d59d619c392
                                标题：公立中文化祭風俗模擬店は存在した!!
                                作者：オオカミうお
                                是否完结：否
                                总页数：22
                                分类：短篇
                                章节数：1
                                最后更新时间：2026-01-24T15:29:48.125Z
                                =================================================
2026-01-24 23:30:23 - mkk_pika - database.py:101 - INFO - 保存成功：公立中文化祭風俗模擬店は存在した!!
2026-01-24 23:30:23 - mkk_pika - main.py:35 - INFO - 开始检查アリス&ケイと本気種付けケダモノ交尾する本3 絶頂失神入れ替え編 | 与爱丽丝&凯伊认真地交配 充满野性交尾的本3 高潮失神不断交替篇是否存在未下载章节
2026-01-24 23:30:23 - mkk_pika - main.py:45 - INFO - 正在下载:[アリス&ケイと本気種付けケダモノ交尾する本3 絶頂失神入れ替え編 | 与爱丽丝&凯伊认真地交配 充满野性交尾的本3 高潮失神不断交替篇]-[ロリチャーハン (ろりちゃーはん)]-[['短篇', '同人']]-[total_pages:-1]
2026-01-24 23:30:23 - mkk_pika - main.py:49 - INFO - [{'_id': '6974e4f83cc97759ffb252e1', 'title': '第1話', 'order': 1, 'updated_at': '2026-01-23T12:39:13.189Z', 'id': '6974e4f83cc97759ffb252e1'}]
2026-01-24 23:30:23 - mkk_pika - database.py:215 - INFO - 第一次下载该漫画，记录数据库中
2026-01-24 23:30:24 - mkk_pika - main.py:83 - INFO - 找到 41 张图片在:第1話
2026-01-24 23:30:27 - mkk_pika - main.py:112 - INFO - [episode:第1話       ] downloaded:    41, total:  41, progress:100%
2026-01-24 23:30:27 - mkk_pika - database.py:238 - INFO - 数据库更新已下载章节
2026-01-24 23:30:27 - mkk_pika - database.py:244 - INFO - 该漫画已下载章节如下
2026-01-24 23:30:27 - mkk_pika - database.py:245 - INFO - ['第1話']
2026-01-24 23:30:28 - mkk_pika - main.py:292 - INFO - ==================== 漫画信息 ====================
                                漫画ID：6974e4f83cc97759ffb252e0
                                标题：アリス&ケイと本気種付けケダモノ交尾する本3 絶頂失神入れ替え編 | 与爱丽丝&凯伊认真地交配 充满野性交尾的本3 高潮失神不断交替篇
                                作者：ロリチャーハン (ろりちゃーはん)
                                是否完结：否
                                总页数：41
                                分类：短篇,同人
                                章节数：1
                                最后更新时间：2026-01-24T15:27:52.002Z
                                =================================================
2026-01-24 23:30:28 - mkk_pika - database.py:101 - INFO - 保存成功：アリス&ケイと本気種付けケダモノ交尾する本3 絶頂失神入れ替え編 | 与爱丽丝&凯伊认真地交配 充满野性交尾的本3 高潮失神不断交替篇
2026-01-24 23:30:28 - mkk_pika - main.py:35 - INFO - 开始检查ユズアロマ | 柚子芬芳是否存在未下载章节
2026-01-24 23:30:28 - mkk_pika - main.py:45 - INFO - 正在下载:[ユズアロマ | 柚子芬芳]-[ミライハキレイニ (ヲダエ)]-[['短篇', '同人']]-[total_pages:-1]
2026-01-24 23:30:28 - mkk_pika - main.py:49 - INFO - [{'_id': '6974e4ebd7b15c5a0f2b55c3', 'title': '第1話', 'order': 1, 'updated_at': '2026-01-23T12:35:32.099Z', 'id': '6974e4ebd7b15c5a0f2b55c3'}]
2026-01-24 23:30:28 - mkk_pika - database.py:215 - INFO - 第一次下载该漫画，记录数据库中
2026-01-24 23:30:29 - mkk_pika - main.py:83 - INFO - 找到 27 张图片在:第1話
2026-01-24 23:30:30 - mkk_pika - main.py:112 - INFO - [episode:第1話       ] downloaded:    27, total:  27, progress:100%
2026-01-24 23:30:30 - mkk_pika - database.py:238 - INFO - 数据库更新已下载章节
2026-01-24 23:30:30 - mkk_pika - database.py:244 - INFO - 该漫画已下载章节如下
2026-01-24 23:30:30 - mkk_pika - database.py:245 - INFO - ['第1話']
2026-01-24 23:30:32 - mkk_pika - main.py:292 - INFO - ==================== 漫画信息 ====================
                                漫画ID：6974e4ebd7b15c5a0f2b55c2
                                标题：ユズアロマ | 柚子芬芳
                                作者：ミライハキレイニ (ヲダエ)
                                是否完结：否
                                总页数：27
                                分类：短篇,同人
                                章节数：1
                                最后更新时间：2026-01-24T15:27:39.524Z
                                =================================================
2026-01-24 23:30:32 - mkk_pika - database.py:101 - INFO - 保存成功：ユズアロマ | 柚子芬芳
2026-01-24 23:30:32 - mkk_pika - main.py:323 - INFO - 订阅内容内容下载完毕
2026-01-24 23:30:32 - mkk_pika - main.py:324 - INFO - 开始分批下载全部章节
2026-01-24 23:30:32 - mkk_pika - database.py:280 - INFO - 表和索引初始化成功
2026-01-24 23:30:32 - mkk_pika - main.py:177 - INFO - 已经下载了67页，一共6698页，现在开始添加第68页
2026-01-24 23:30:33 - mkk_pika - database.py:318 - INFO - 保存成功
2026-01-24 23:30:33 - mkk_pika - main.py:177 - INFO - 已经下载了68页，一共6698页，现在开始添加第69页
2026-01-24 23:30:34 - mkk_pika - database.py:318 - INFO - 保存成功
2026-01-24 23:30:34 - mkk_pika - main.py:331 - INFO - 分批下载共计35本漫画
2026-01-24 23:30:34 - mkk_pika - main.py:35 - INFO - 开始检查毎日の遊び是否存在未下载章节
2026-01-24 23:30:34 - mkk_pika - main.py:45 - INFO - 正在下载:[毎日の遊び]-[As109]-[['短篇', '全彩', '強暴']]-[total_pages:40]
2026-01-24 23:30:34 - mkk_pika - main.py:49 - INFO - [{'_id': '58218e025f6b9a4f93e20bc7', 'title': '第1集', 'order': 1, 'updated_at': '2016-11-08T08:34:10.760Z', 'id': '58218e025f6b9a4f93e20bc7'}]
2026-01-24 23:30:34 - mkk_pika - database.py:215 - INFO - 第一次下载该漫画，记录数据库中
2026-01-24 23:30:35 - mkk_pika - main.py:83 - INFO - 找到 40 张图片在:第1集
2026-01-24 23:30:36 - mkk_pika - main.py:112 - INFO - [episode:第1集       ] downloaded:    40, total:  40, progress:100%
2026-01-24 23:30:36 - mkk_pika - database.py:238 - INFO - 数据库更新已下载章节
2026-01-24 23:30:36 - mkk_pika - database.py:244 - INFO - 该漫画已下载章节如下
2026-01-24 23:30:36 - mkk_pika - database.py:245 - INFO - ['第1集']
2026-01-24 23:30:37 - mkk_pika - main.py:348 - INFO - ==================== 漫画信息 ====================
                                   漫画ID：58218e025f6b9a4f93e20bc5
                                   标题：毎日の遊び
                                   作者：As109
                                   是否完结：是
                                   总页数：40
                                   分类：短篇,全彩,強暴
                                   章节数：1
                                   最后更新时间：2008-08-02T22:47:21.000Z
                                   =================================================
2026-01-24 23:30:37 - mkk_pika - database.py:101 - INFO - 保存成功：毎日の遊び
2026-01-24 23:30:37 - mkk_pika - main.py:35 - INFO - 开始检查過激是否存在未下载章节
2026-01-24 23:30:37 - mkk_pika - main.py:45 - INFO - 正在下载:[過激]-[As109]-[['短篇', '全彩', '強暴']]-[total_pages:30]
2026-01-24 23:30:37 - mkk_pika - main.py:49 - INFO - [{'_id': '58218e035f6b9a4f93e20c1b', 'title': '第1集', 'order': 1, 'updated_at': '2016-11-08T08:34:11.331Z', 'id': '58218e035f6b9a4f93e20c1b'}]
2026-01-24 23:30:37 - mkk_pika - database.py:215 - INFO - 第一次下载该漫画，记录数据库中
2026-01-24 23:30:38 - mkk_pika - main.py:83 - INFO - 找到 30 张图片在:第1集
2026-01-24 23:30:39 - mkk_pika - main.py:112 - INFO - [episode:第1集       ] downloaded:    30, total:  30, progress:100%
2026-01-24 23:30:39 - mkk_pika - database.py:238 - INFO - 数据库更新已下载章节
2026-01-24 23:30:39 - mkk_pika - database.py:244 - INFO - 该漫画已下载章节如下
2026-01-24 23:30:39 - mkk_pika - database.py:245 - INFO - ['第1集']
2026-01-24 23:30:40 - mkk_pika - main.py:348 - INFO - ==================== 漫画信息 ====================
                                   漫画ID：58218e035f6b9a4f93e20c19
                                   标题：過激
                                   作者：As109
                                   是否完结：是
                                   总页数：30
                                   分类：短篇,全彩,強暴
                                   章节数：1
                                   最后更新时间：2008-08-03T08:47:21.000Z
                                   =================================================
2026-01-24 23:30:40 - mkk_pika - database.py:101 - INFO - 保存成功：過激
2026-01-24 23:30:40 - mkk_pika - main.py:35 - INFO - 开始检查魔法少女まどか☆メイン視点是否存在未下载章节
2026-01-24 23:30:41 - mkk_pika - main.py:45 - INFO - 正在下载:[魔法少女まどか☆メイン視点]-[As109]-[['同人', '短篇', '全彩', '強暴']]-[total_pages:13]
2026-01-24 23:30:41 - mkk_pika - main.py:49 - INFO - [{'_id': '58218e035f6b9a4f93e20c5b', 'title': '第1集', 'order': 1, 'updated_at': '2016-11-08T08:34:11.691Z', 'id': '58218e035f6b9a4f93e20c5b'}]
2026-01-24 23:30:41 - mkk_pika - database.py:215 - INFO - 第一次下载该漫画，记录数据库中
2026-01-24 23:30:41 - mkk_pika - main.py:83 - INFO - 找到 13 张图片在:第1集
2026-01-24 23:30:42 - mkk_pika - main.py:112 - INFO - [episode:第1集       ] downloaded:    13, total:  13, progress:100%
2026-01-24 23:30:42 - mkk_pika - database.py:238 - INFO - 数据库更新已下载章节
2026-01-24 23:30:42 - mkk_pika - database.py:244 - INFO - 该漫画已下载章节如下
2026-01-24 23:30:42 - mkk_pika - database.py:245 - INFO - ['第1集']
2026-01-24 23:30:43 - mkk_pika - main.py:348 - INFO - ==================== 漫画信息 ====================
                                   漫画ID：58218e035f6b9a4f93e20c59
                                   标题：魔法少女まどか☆メイン視点
                                   作者：As109
                                   是否完结：是
                                   总页数：13
                                   分类：同人,短篇,全彩,強暴
                                   章节数：1
                                   最后更新时间：2008-08-03T18:47:21.000Z
                                   =================================================
2026-01-24 23:30:43 - mkk_pika - database.py:101 - INFO - 保存成功：魔法少女まどか☆メイン視点
2026-01-24 23:30:43 - mkk_pika - main.py:35 - INFO - 开始检查杂图是否存在未下载章节
2026-01-24 23:30:43 - mkk_pika - main.py:45 - INFO - 正在下载:[杂图]-[As109]-[['同人', '全彩']]-[total_pages:129]
2026-01-24 23:30:43 - mkk_pika - main.py:49 - INFO - [{'_id': '58218e035f6b9a4f93e20c79', 'title': '第1集', 'order': 1, 'updated_at': '2016-11-08T08:34:12.000Z', 'id': '58218e035f6b9a4f93e20c79'}, {'_id': '58218e045f6b9a4f93e20c7f', 'title': '第2集', 'order': 2, 'updated_at': '2016-11-08T08:34:12.536Z', 'id': '58218e045f6b9a4f93e20c7f'}, {'_id': '58218e055f6b9a4f93e20c85', 'title': '第3集', 'order': 3, 'updated_at': '2016-11-08T08:34:13.066Z', 'id': '58218e055f6b9a4f93e20c85'}, {'_id': '58218e055f6b9a4f93e20c8b', 'title': '第4集', 'order': 4, 'updated_at': '2016-11-08T08:34:13.587Z', 'id': '58218e055f6b9a4f93e20c8b'}, {'_id': '58218e055f6b9a4f93e20c93', 'title': '第5集', 'order': 5, 'updated_at': '2016-11-08T08:34:13.862Z', 'id': '58218e055f6b9a4f93e20c93'}, {'_id': '58218e065f6b9a4f93e20c9d', 'title': '第6集', 'order': 6, 'updated_at': '2016-11-08T08:34:14.397Z', 'id': '58218e065f6b9a4f93e20c9d'}]
2026-01-24 23:30:43 - mkk_pika - database.py:215 - INFO - 第一次下载该漫画，记录数据库中
2026-01-24 23:30:44 - mkk_pika - main.py:83 - INFO - 找到 2 张图片在:第1集
2026-01-24 23:30:44 - mkk_pika - main.py:112 - INFO - [episode:第1集       ] downloaded:     2, total:   2, progress:100%
2026-01-24 23:30:44 - mkk_pika - database.py:238 - INFO - 数据库更新已下载章节
2026-01-24 23:30:44 - mkk_pika - database.py:244 - INFO - 该漫画已下载章节如下
2026-01-24 23:30:44 - mkk_pika - database.py:245 - INFO - ['第1集']
2026-01-24 23:30:46 - mkk_pika - main.py:83 - INFO - 找到 2 张图片在:第2集
2026-01-24 23:30:46 - mkk_pika - main.py:112 - INFO - [episode:第2集       ] downloaded:     2, total:   2, progress:100%
2026-01-24 23:30:46 - mkk_pika - database.py:238 - INFO - 数据库更新已下载章节
2026-01-24 23:30:46 - mkk_pika - database.py:244 - INFO - 该漫画已下载章节如下
2026-01-24 23:30:46 - mkk_pika - database.py:245 - INFO - ['第1集', '第2集']
2026-01-24 23:30:47 - mkk_pika - main.py:83 - INFO - 找到 2 张图片在:第3集
2026-01-24 23:30:48 - mkk_pika - main.py:112 - INFO - [episode:第3集       ] downloaded:     2, total:   2, progress:100%
2026-01-24 23:30:48 - mkk_pika - database.py:238 - INFO - 数据库更新已下载章节
2026-01-24 23:30:48 - mkk_pika - database.py:244 - INFO - 该漫画已下载章节如下
2026-01-24 23:30:48 - mkk_pika - database.py:245 - INFO - ['第1集', '第2集', '第3集']
2026-01-24 23:30:49 - mkk_pika - main.py:83 - INFO - 找到 3 张图片在:第4集
2026-01-24 23:30:50 - mkk_pika - main.py:112 - INFO - [episode:第4集       ] downloaded:     3, total:   3, progress:100%
2026-01-24 23:30:50 - mkk_pika - database.py:238 - INFO - 数据库更新已下载章节
2026-01-24 23:30:50 - mkk_pika - database.py:244 - INFO - 该漫画已下载章节如下
2026-01-24 23:30:50 - mkk_pika - database.py:245 - INFO - ['第1集', '第2集', '第3集', '第4集']
2026-01-24 23:30:51 - mkk_pika - main.py:83 - INFO - 找到 4 张图片在:第5集
2026-01-24 23:30:51 - mkk_pika - main.py:112 - INFO - [episode:第5集       ] downloaded:     4, total:   4, progress:100%
2026-01-24 23:30:51 - mkk_pika - database.py:238 - INFO - 数据库更新已下载章节
2026-01-24 23:30:51 - mkk_pika - database.py:244 - INFO - 该漫画已下载章节如下
2026-01-24 23:30:51 - mkk_pika - database.py:245 - INFO - ['第1集', '第2集', '第3集', '第4集', '第5集']
2026-01-24 23:30:54 - mkk_pika - main.py:83 - INFO - 找到 116 张图片在:第6集
2026-01-24 23:30:57 - mkk_pika - main.py:112 - INFO - [episode:第6集       ] downloaded:   116, total: 116, progress:100%
2026-01-24 23:30:57 - mkk_pika - database.py:238 - INFO - 数据库更新已下载章节
2026-01-24 23:30:57 - mkk_pika - database.py:244 - INFO - 该漫画已下载章节如下
2026-01-24 23:30:57 - mkk_pika - database.py:245 - INFO - ['第1集', '第2集', '第3集', '第4集', '第5集', '第6集']
2026-01-24 23:30:58 - mkk_pika - main.py:348 - INFO - ==================== 漫画信息 ====================
                                   漫画ID：58218e035f6b9a4f93e20c77
                                   标题：杂图
                                   作者：As109
                                   是否完结：否
                                   总页数：129
                                   分类：同人,全彩
                                   章节数：6
                                   最后更新时间：2008-08-04T04:47:21.000Z
                                   =================================================
2026-01-24 23:30:58 - mkk_pika - database.py:101 - INFO - 保存成功：杂图
2026-01-24 23:30:58 - mkk_pika - main.py:35 - INFO - 开始检查おねShowTime是否存在未下载章节
2026-01-24 23:30:59 - mkk_pika - main.py:45 - INFO - 正在下载:[おねShowTime]-[皐月芋網]-[['長篇']]-[total_pages:187]
2026-01-24 23:30:59 - mkk_pika - main.py:49 - INFO - [{'_id': '58218e1e5f6b9a4f93e21d3f', 'title': '第1集', 'order': 1, 'updated_at': '2016-11-08T08:34:38.004Z', 'id': '58218e1e5f6b9a4f93e21d3f'}]
2026-01-24 23:30:59 - mkk_pika - database.py:215 - INFO - 第一次下载该漫画，记录数据库中
2026-01-24 23:31:01 - mkk_pika - main.py:83 - INFO - 找到 187 张图片在:第1集
2026-01-24 23:31:07 - mkk_pika - main.py:112 - INFO - [episode:第1集       ] downloaded:   187, total: 187, progress:100%
2026-01-24 23:31:07 - mkk_pika - database.py:238 - INFO - 数据库更新已下载章节
2026-01-24 23:31:07 - mkk_pika - database.py:244 - INFO - 该漫画已下载章节如下
2026-01-24 23:31:07 - mkk_pika - database.py:245 - INFO - ['第1集']
2026-01-24 23:31:08 - mkk_pika - main.py:348 - INFO - ==================== 漫画信息 ====================
                                   漫画ID：58218e1d5f6b9a4f93e21d3d
                                   标题：おねShowTime
                                   作者：皐月芋網
                                   是否完结：是
                                   总页数：187
                                   分类：長篇
                                   章节数：1
                                   最后更新时间：2008-08-05T10:47:21.000Z
                                   =================================================
2026-01-24 23:31:08 - mkk_pika - database.py:101 - INFO - 保存成功：おねShowTime
2026-01-24 23:31:08 - mkk_pika - main.py:35 - INFO - 开始检查変態人妻解放区是否存在未下载章节
2026-01-24 23:31:08 - mkk_pika - main.py:45 - INFO - 正在下载:[変態人妻解放区]-[大林森]-[['人妻', '長篇']]-[total_pages:183]
2026-01-24 23:31:08 - mkk_pika - main.py:49 - INFO - [{'_id': '58218e1f5f6b9a4f93e21eb9', 'title': '第1集', 'order': 1, 'updated_at': '2016-11-08T08:34:39.049Z', 'id': '58218e1f5f6b9a4f93e21eb9'}]
2026-01-24 23:31:08 - mkk_pika - database.py:215 - INFO - 第一次下载该漫画，记录数据库中
2026-01-24 23:31:10 - mkk_pika - main.py:83 - INFO - 找到 183 张图片在:第1集
2026-01-24 23:31:16 - mkk_pika - main.py:112 - INFO - [episode:第1集       ] downloaded:   183, total: 183, progress:100%
2026-01-24 23:31:16 - mkk_pika - database.py:238 - INFO - 数据库更新已下载章节
2026-01-24 23:31:16 - mkk_pika - database.py:244 - INFO - 该漫画已下载章节如下
2026-01-24 23:31:16 - mkk_pika - database.py:245 - INFO - ['第1集']
2026-01-24 23:31:18 - mkk_pika - main.py:348 - INFO - ==================== 漫画信息 ====================
                                   漫画ID：58218e1e5f6b9a4f93e21eb7
                                   标题：変態人妻解放区
                                   作者：大林森
                                   是否完结：是
                                   总页数：183
                                   分类：人妻,長篇
                                   章节数：1
                                   最后更新时间：2008-08-05T20:47:21.000Z
                                   =================================================
2026-01-24 23:31:18 - mkk_pika - database.py:101 - INFO - 保存成功：変態人妻解放区
2026-01-24 23:31:18 - mkk_pika - main.py:35 - INFO - 开始检查Melody是否存在未下载章节
2026-01-24 23:31:18 - mkk_pika - main.py:45 - INFO - 正在下载:[Melody]-[天太郎]-[['長篇']]-[total_pages:215]
2026-01-24 23:31:18 - mkk_pika - main.py:49 - INFO - [{'_id': '58218e245f6b9a4f93e2225b', 'title': '第1集', 'order': 1, 'updated_at': '2016-11-08T08:34:44.570Z', 'id': '58218e245f6b9a4f93e2225b'}]
2026-01-24 23:31:18 - mkk_pika - database.py:215 - INFO - 第一次下载该漫画，记录数据库中
2026-01-24 23:31:20 - mkk_pika - main.py:83 - INFO - 找到 215 张图片在:第1集
2026-01-24 23:31:27 - mkk_pika - main.py:112 - INFO - [episode:第1集       ] downloaded:   215, total: 215, progress:100%
2026-01-24 23:31:27 - mkk_pika - database.py:238 - INFO - 数据库更新已下载章节
2026-01-24 23:31:27 - mkk_pika - database.py:244 - INFO - 该漫画已下载章节如下
2026-01-24 23:31:27 - mkk_pika - database.py:245 - INFO - ['第1集']
2026-01-24 23:31:29 - mkk_pika - main.py:348 - INFO - ==================== 漫画信息 ====================
                                   漫画ID：58218e245f6b9a4f93e22259
                                   标题：Melody
                                   作者：天太郎
                                   是否完结：是
                                   总页数：215
                                   分类：長篇
                                   章节数：1
                                   最后更新时间：2008-08-06T16:47:21.000Z
                                   =================================================
2026-01-24 23:31:29 - mkk_pika - database.py:101 - INFO - 保存成功：Melody
2026-01-24 23:31:29 - mkk_pika - main.py:35 - INFO - 开始检查Die in seen是否存在未下载章节
2026-01-24 23:31:29 - mkk_pika - main.py:45 - INFO - 正在下载:[Die in seen]-[オオバンブルマイ]-[['長篇', '後宮閃光', '純愛']]-[total_pages:250]
2026-01-24 23:31:29 - mkk_pika - main.py:49 - INFO - [{'_id': '58218e255f6b9a4f93e2240d', 'title': '第1集', 'order': 1, 'updated_at': '2016-11-08T08:34:45.596Z', 'id': '58218e255f6b9a4f93e2240d'}]
2026-01-24 23:31:29 - mkk_pika - database.py:215 - INFO - 第一次下载该漫画，记录数据库中
2026-01-24 23:31:32 - mkk_pika - main.py:83 - INFO - 找到 250 张图片在:第1集
2026-01-24 23:31:40 - mkk_pika - main.py:112 - INFO - [episode:第1集       ] downloaded:   250, total: 250, progress:100%
2026-01-24 23:31:40 - mkk_pika - database.py:238 - INFO - 数据库更新已下载章节
2026-01-24 23:31:40 - mkk_pika - database.py:244 - INFO - 该漫画已下载章节如下
2026-01-24 23:31:40 - mkk_pika - database.py:245 - INFO - ['第1集']
2026-01-24 23:31:41 - mkk_pika - main.py:348 - INFO - ==================== 漫画信息 ====================
                                   漫画ID：58218e255f6b9a4f93e2240b
                                   标题：Die in seen
                                   作者：オオバンブルマイ
                                   是否完结：是
                                   总页数：250
                                   分类：長篇,後宮閃光,純愛
                                   章节数：1
                                   最后更新时间：2008-08-07T02:47:21.000Z
                                   =================================================
2026-01-24 23:31:41 - mkk_pika - database.py:101 - INFO - 保存成功：Die in seen
2026-01-24 23:31:41 - mkk_pika - main.py:35 - INFO - 开始检查救世主チ○コ 是否存在未下载章节
2026-01-24 23:31:41 - mkk_pika - main.py:45 - INFO - 正在下载:[救世主チ○コ ]-[オオバンブルマイ]-[['長篇', '後宮閃光']]-[total_pages:221]
2026-01-24 23:31:41 - mkk_pika - main.py:49 - INFO - [{'_id': '58218e275f6b9a4f93e22605', 'title': '第1集', 'order': 1, 'updated_at': '2016-11-08T08:34:47.008Z', 'id': '58218e275f6b9a4f93e22605'}]
2026-01-24 23:31:41 - mkk_pika - database.py:215 - INFO - 第一次下载该漫画，记录数据库中
2026-01-24 23:31:44 - mkk_pika - main.py:83 - INFO - 找到 221 张图片在:第1集
2026-01-24 23:31:51 - mkk_pika - main.py:112 - INFO - [episode:第1集       ] downloaded:   221, total: 221, progress:100%
2026-01-24 23:31:51 - mkk_pika - database.py:238 - INFO - 数据库更新已下载章节
2026-01-24 23:31:51 - mkk_pika - database.py:244 - INFO - 该漫画已下载章节如下
2026-01-24 23:31:51 - mkk_pika - database.py:245 - INFO - ['第1集']
2026-01-24 23:31:52 - mkk_pika - main.py:348 - INFO - ==================== 漫画信息 ====================
                                   漫画ID：58218e265f6b9a4f93e22603
                                   标题：救世主チ○コ 
                                   作者：オオバンブルマイ
                                   是否完结：是
                                   总页数：221
                                   分类：長篇,後宮閃光
                                   章节数：1
                                   最后更新时间：2008-08-07T12:47:21.000Z
                                   =================================================
2026-01-24 23:31:52 - mkk_pika - database.py:101 - INFO - 保存成功：救世主チ○コ 
2026-01-24 23:31:52 - mkk_pika - main.py:35 - INFO - 开始检查Dreamsicle是否存在未下载章节
2026-01-24 23:31:52 - mkk_pika - main.py:45 - INFO - 正在下载:[Dreamsicle]-[小宫裕太]-[['短篇', '純愛']]-[total_pages:224]
2026-01-24 23:31:52 - mkk_pika - main.py:49 - INFO - [{'_id': '58218e285f6b9a4f93e227c3', 'title': '第1集', 'order': 1, 'updated_at': '2016-11-08T08:34:48.092Z', 'id': '58218e285f6b9a4f93e227c3'}, {'_id': '58218e285f6b9a4f93e227f5', 'title': '第2集', 'order': 2, 'updated_at': '2016-11-08T08:34:48.691Z', 'id': '58218e285f6b9a4f93e227f5'}, {'_id': '58218e295f6b9a4f93e22817', 'title': '第3集', 'order': 3, 'updated_at': '2016-11-08T08:34:49.018Z', 'id': '58218e295f6b9a4f93e22817'}, {'_id': '58218e295f6b9a4f93e2283d', 'title': '第4集', 'order': 4, 'updated_at': '2016-11-08T08:34:49.571Z', 'id': '58218e295f6b9a4f93e2283d'}, {'_id': '58218e295f6b9a4f93e2285f', 'title': '第5集', 'order': 5, 'updated_at': '2016-11-08T08:34:49.902Z', 'id': '58218e295f6b9a4f93e2285f'}, {'_id': '58218e2a5f6b9a4f93e2287d', 'title': '第6集', 'order': 6, 'updated_at': '2016-11-08T08:34:50.206Z', 'id': '58218e2a5f6b9a4f93e2287d'}, {'_id': '58218e2a5f6b9a4f93e2289f', 'title': '第7集', 'order': 7, 'updated_at': '2016-11-08T08:34:50.762Z', 'id': '58218e2a5f6b9a4f93e2289f'}, {'_id': '58218e2b5f6b9a4f93e228c1', 'title': '第8集', 'order': 8, 'updated_at': '2016-11-08T08:34:51.108Z', 'id': '58218e2b5f6b9a4f93e228c1'}, {'_id': '58218e2b5f6b9a4f93e228e3', 'title': '第9集', 'order': 9, 'updated_at': '2016-11-08T08:34:51.413Z', 'id': '58218e2b5f6b9a4f93e228e3'}, {'_id': '58218e2b5f6b9a4f93e22905', 'title': '第10集', 'order': 10, 'updated_at': '2016-11-08T08:34:51.720Z', 'id': '58218e2b5f6b9a4f93e22905'}, {'_id': '58218e2c5f6b9a4f93e22967', 'title': '第11集', 'order': 11, 'updated_at': '2016-11-08T08:34:52.434Z', 'id': '58218e2c5f6b9a4f93e22967'}]
2026-01-24 23:31:52 - mkk_pika - database.py:215 - INFO - 第一次下载该漫画，记录数据库中
2026-01-24 23:31:53 - mkk_pika - main.py:83 - INFO - 找到 24 张图片在:第1集
2026-01-24 23:31:54 - mkk_pika - main.py:112 - INFO - [episode:第1集       ] downloaded:    24, total:  24, progress:100%
2026-01-24 23:31:54 - mkk_pika - database.py:238 - INFO - 数据库更新已下载章节
2026-01-24 23:31:54 - mkk_pika - database.py:244 - INFO - 该漫画已下载章节如下
2026-01-24 23:31:54 - mkk_pika - database.py:245 - INFO - ['第1集']
2026-01-24 23:31:55 - mkk_pika - main.py:83 - INFO - 找到 16 张图片在:第2集
2026-01-24 23:31:56 - mkk_pika - main.py:112 - INFO - [episode:第2集       ] downloaded:    16, total:  16, progress:100%
2026-01-24 23:31:56 - mkk_pika - database.py:238 - INFO - 数据库更新已下载章节
2026-01-24 23:31:56 - mkk_pika - database.py:244 - INFO - 该漫画已下载章节如下
2026-01-24 23:31:56 - mkk_pika - database.py:245 - INFO - ['第1集', '第2集']
2026-01-24 23:31:58 - mkk_pika - main.py:83 - INFO - 找到 18 张图片在:第3集
2026-01-24 23:31:58 - mkk_pika - main.py:112 - INFO - [episode:第3集       ] downloaded:    18, total:  18, progress:100%
2026-01-24 23:31:58 - mkk_pika - database.py:238 - INFO - 数据库更新已下载章节
2026-01-24 23:31:58 - mkk_pika - database.py:244 - INFO - 该漫画已下载章节如下
2026-01-24 23:31:58 - mkk_pika - database.py:245 - INFO - ['第1集', '第2集', '第3集']
2026-01-24 23:32:00 - mkk_pika - main.py:83 - INFO - 找到 16 张图片在:第4集
2026-01-24 23:32:01 - mkk_pika - main.py:112 - INFO - [episode:第4集       ] downloaded:    16, total:  16, progress:100%
2026-01-24 23:32:01 - mkk_pika - database.py:238 - INFO - 数据库更新已下载章节
2026-01-24 23:32:01 - mkk_pika - database.py:244 - INFO - 该漫画已下载章节如下
2026-01-24 23:32:01 - mkk_pika - database.py:245 - INFO - ['第1集', '第2集', '第3集', '第4集']
2026-01-24 23:32:02 - mkk_pika - main.py:83 - INFO - 找到 14 张图片在:第5集
2026-01-24 23:32:03 - mkk_pika - main.py:112 - INFO - [episode:第5集       ] downloaded:    14, total:  14, progress:100%
2026-01-24 23:32:03 - mkk_pika - database.py:238 - INFO - 数据库更新已下载章节
2026-01-24 23:32:03 - mkk_pika - database.py:244 - INFO - 该漫画已下载章节如下
2026-01-24 23:32:03 - mkk_pika - database.py:245 - INFO - ['第1集', '第2集', '第3集', '第4集', '第5集']
2026-01-24 23:32:04 - mkk_pika - main.py:83 - INFO - 找到 16 张图片在:第6集
2026-01-24 23:32:05 - mkk_pika - main.py:112 - INFO - [episode:第6集       ] downloaded:    16, total:  16, progress:100%
2026-01-24 23:32:05 - mkk_pika - database.py:238 - INFO - 数据库更新已下载章节
2026-01-24 23:32:05 - mkk_pika - database.py:244 - INFO - 该漫画已下载章节如下
2026-01-24 23:32:05 - mkk_pika - database.py:245 - INFO - ['第1集', '第2集', '第3集', '第4集', '第5集', '第6集']
2026-01-24 23:32:07 - mkk_pika - main.py:83 - INFO - 找到 16 张图片在:第7集
2026-01-24 23:32:07 - mkk_pika - main.py:112 - INFO - [episode:第7集       ] downloaded:    16, total:  16, progress:100%
2026-01-24 23:32:07 - mkk_pika - database.py:238 - INFO - 数据库更新已下载章节
2026-01-24 23:32:07 - mkk_pika - database.py:244 - INFO - 该漫画已下载章节如下
2026-01-24 23:32:07 - mkk_pika - database.py:245 - INFO - ['第1集', '第2集', '第3集', '第4集', '第5集', '第6集', '第7集']
2026-01-24 23:32:09 - mkk_pika - main.py:83 - INFO - 找到 16 张图片在:第8集
2026-01-24 23:32:10 - mkk_pika - main.py:112 - INFO - [episode:第8集       ] downloaded:    16, total:  16, progress:100%
2026-01-24 23:32:10 - mkk_pika - database.py:238 - INFO - 数据库更新已下载章节
2026-01-24 23:32:10 - mkk_pika - database.py:244 - INFO - 该漫画已下载章节如下
2026-01-24 23:32:10 - mkk_pika - database.py:245 - INFO - ['第1集', '第2集', '第3集', '第4集', '第5集', '第6集', '第7集', '第8集']
2026-01-24 23:32:11 - mkk_pika - main.py:83 - INFO - 找到 16 张图片在:第9集
2026-01-24 23:32:12 - mkk_pika - main.py:112 - INFO - [episode:第9集       ] downloaded:    16, total:  16, progress:100%
2026-01-24 23:32:12 - mkk_pika - database.py:238 - INFO - 数据库更新已下载章节
2026-01-24 23:32:12 - mkk_pika - database.py:244 - INFO - 该漫画已下载章节如下
2026-01-24 23:32:12 - mkk_pika - database.py:245 - INFO - ['第1集', '第2集', '第3集', '第4集', '第5集', '第6集', '第7集', '第8集', '第9集']
2026-01-24 23:32:14 - mkk_pika - main.py:83 - INFO - 找到 48 张图片在:第10集
2026-01-24 23:32:16 - mkk_pika - main.py:112 - INFO - [episode:第10集      ] downloaded:    48, total:  48, progress:100%
2026-01-24 23:32:16 - mkk_pika - database.py:238 - INFO - 数据库更新已下载章节
2026-01-24 23:32:16 - mkk_pika - database.py:244 - INFO - 该漫画已下载章节如下
2026-01-24 23:32:16 - mkk_pika - database.py:245 - INFO - ['第1集', '第2集', '第3集', '第4集', '第5集', '第6集', '第7集', '第8集', '第9集', '第10集']
2026-01-24 23:32:17 - mkk_pika - main.py:83 - INFO - 找到 24 张图片在:第11集
2026-01-24 23:32:18 - mkk_pika - main.py:112 - INFO - [episode:第11集      ] downloaded:    24, total:  24, progress:100%
2026-01-24 23:32:18 - mkk_pika - database.py:238 - INFO - 数据库更新已下载章节
2026-01-24 23:32:18 - mkk_pika - database.py:244 - INFO - 该漫画已下载章节如下
2026-01-24 23:32:18 - mkk_pika - database.py:245 - INFO - ['第1集', '第2集', '第3集', '第4集', '第5集', '第6集', '第7集', '第8集', '第9集', '第10集', '第11集']
2026-01-24 23:32:19 - mkk_pika - main.py:348 - INFO - ==================== 漫画信息 ====================
                                   漫画ID：58218e275f6b9a4f93e227c1
                                   标题：Dreamsicle
                                   作者：小宫裕太
                                   是否完结：是
                                   总页数：224
                                   分类：短篇,純愛
                                   章节数：11
                                   最后更新时间：2008-08-07T22:47:21.000Z
                                   =================================================
2026-01-24 23:32:19 - mkk_pika - database.py:101 - INFO - 保存成功：Dreamsicle
2026-01-24 23:32:19 - mkk_pika - main.py:35 - INFO - 开始检查超级索尼子[URAN-FACTORY] Maji Soniko 1 (Super Soniko)(Chinese)是否存在未下载章节
2026-01-24 23:32:20 - mkk_pika - main.py:45 - INFO - 正在下载:[超级索尼子[URAN-FACTORY] Maji Soniko 1 (Super Soniko)(Chinese)]-[URAN]-[['同人', '全彩']]-[total_pages:15]
2026-01-24 23:32:20 - mkk_pika - main.py:49 - INFO - [{'_id': '58218e2c5f6b9a4f93e2299b', 'title': '第1集', 'order': 1, 'updated_at': '2016-11-08T08:34:52.768Z', 'id': '58218e2c5f6b9a4f93e2299b'}]
2026-01-24 23:32:20 - mkk_pika - database.py:215 - INFO - 第一次下载该漫画，记录数据库中
2026-01-24 23:32:20 - mkk_pika - main.py:83 - INFO - 找到 15 张图片在:第1集
2026-01-24 23:32:21 - mkk_pika - main.py:112 - INFO - [episode:第1集       ] downloaded:    15, total:  15, progress:100%
2026-01-24 23:32:21 - mkk_pika - database.py:238 - INFO - 数据库更新已下载章节
2026-01-24 23:32:21 - mkk_pika - database.py:244 - INFO - 该漫画已下载章节如下
2026-01-24 23:32:21 - mkk_pika - database.py:245 - INFO - ['第1集']
2026-01-24 23:32:22 - mkk_pika - main.py:348 - INFO - ==================== 漫画信息 ====================
                                   漫画ID：58218e2c5f6b9a4f93e22999
                                   标题：超级索尼子[URAN-FACTORY] Maji Soniko 1 (Super Soniko)(Chinese)
                                   作者：URAN
                                   是否完结：是
                                   总页数：15
                                   分类：同人,全彩
                                   章节数：1
                                   最后更新时间：2008-08-08T08:47:21.000Z
                                   =================================================
2026-01-24 23:32:22 - mkk_pika - database.py:101 - INFO - 保存成功：超级索尼子[URAN-FACTORY] Maji Soniko 1 (Super Soniko)(Chinese)
2026-01-24 23:32:22 - mkk_pika - main.py:35 - INFO - 开始检查超级索尼子[URAN-FACTORY] Maji Soniko 2 (Super Soniko)(Chinese)是否存在未下载章节
2026-01-24 23:32:22 - mkk_pika - main.py:45 - INFO - 正在下载:[超级索尼子[URAN-FACTORY] Maji Soniko 2 (Super Soniko)(Chinese)]-[URAN]-[['同人', '全彩']]-[total_pages:29]
2026-01-24 23:32:22 - mkk_pika - main.py:49 - INFO - [{'_id': '58218e2d5f6b9a4f93e229bd', 'title': '第1集', 'order': 1, 'updated_at': '2016-11-08T08:34:53.094Z', 'id': '58218e2d5f6b9a4f93e229bd'}]
2026-01-24 23:32:22 - mkk_pika - database.py:215 - INFO - 第一次下载该漫画，记录数据库中
2026-01-24 23:32:23 - mkk_pika - main.py:83 - INFO - 找到 29 张图片在:第1集
2026-01-24 23:32:24 - mkk_pika - main.py:112 - INFO - [episode:第1集       ] downloaded:    29, total:  29, progress:100%
2026-01-24 23:32:24 - mkk_pika - database.py:238 - INFO - 数据库更新已下载章节
2026-01-24 23:32:24 - mkk_pika - database.py:244 - INFO - 该漫画已下载章节如下
2026-01-24 23:32:24 - mkk_pika - database.py:245 - INFO - ['第1集']
2026-01-24 23:32:25 - mkk_pika - main.py:348 - INFO - ==================== 漫画信息 ====================
                                   漫画ID：58218e2c5f6b9a4f93e229bb
                                   标题：超级索尼子[URAN-FACTORY] Maji Soniko 2 (Super Soniko)(Chinese)
                                   作者：URAN
                                   是否完结：是
                                   总页数：29
                                   分类：同人,全彩
                                   章节数：1
                                   最后更新时间：2008-08-08T18:47:21.000Z
                                   =================================================
2026-01-24 23:32:25 - mkk_pika - database.py:101 - INFO - 保存成功：超级索尼子[URAN-FACTORY] Maji Soniko 2 (Super Soniko)(Chinese)
2026-01-24 23:32:25 - mkk_pika - main.py:35 - INFO - 开始检查超级索尼子[URAN-FACTORY] Maji Soniko 3 (Super Soniko)(Chinese)是否存在未下载章节
2026-01-24 23:32:26 - mkk_pika - main.py:45 - INFO - 正在下载:[超级索尼子[URAN-FACTORY] Maji Soniko 3 (Super Soniko)(Chinese)]-[URAN]-[['同人', '全彩']]-[total_pages:19]
2026-01-24 23:32:26 - mkk_pika - main.py:49 - INFO - [{'_id': '58218e2d5f6b9a4f93e229fb', 'title': '第1集', 'order': 1, 'updated_at': '2016-11-08T08:34:53.839Z', 'id': '58218e2d5f6b9a4f93e229fb'}]
2026-01-24 23:32:26 - mkk_pika - database.py:215 - INFO - 第一次下载该漫画，记录数据库中
2026-01-24 23:32:26 - mkk_pika - main.py:83 - INFO - 找到 19 张图片在:第1集
2026-01-24 23:32:27 - mkk_pika - main.py:112 - INFO - [episode:第1集       ] downloaded:    19, total:  19, progress:100%
2026-01-24 23:32:27 - mkk_pika - database.py:238 - INFO - 数据库更新已下载章节
2026-01-24 23:32:27 - mkk_pika - database.py:244 - INFO - 该漫画已下载章节如下
2026-01-24 23:32:27 - mkk_pika - database.py:245 - INFO - ['第1集']
2026-01-24 23:32:28 - mkk_pika - main.py:348 - INFO - ==================== 漫画信息 ====================
                                   漫画ID：58218e2d5f6b9a4f93e229f9
                                   标题：超级索尼子[URAN-FACTORY] Maji Soniko 3 (Super Soniko)(Chinese)
                                   作者：URAN
                                   是否完结：是
                                   总页数：19
                                   分类：同人,全彩
                                   章节数：1
                                   最后更新时间：2008-08-09T04:47:21.000Z
                                   =================================================
2026-01-24 23:32:28 - mkk_pika - database.py:101 - INFO - 保存成功：超级索尼子[URAN-FACTORY] Maji Soniko 3 (Super Soniko)(Chinese)
2026-01-24 23:32:28 - mkk_pika - main.py:35 - INFO - 开始检查LoveLive！C84同人合集②（前3本BG+后4本百合）是否存在未下载章节
2026-01-24 23:32:29 - mkk_pika - main.py:45 - INFO - 正在下载:[LoveLive！C84同人合集②（前3本BG+后4本百合）]-[多人]-[['同人', '短篇', 'Love Live', '純愛']]-[total_pages:200]
2026-01-24 23:32:29 - mkk_pika - main.py:49 - INFO - [{'_id': '58218e2e5f6b9a4f93e22a25', 'title': '第1集', 'order': 1, 'updated_at': '2016-11-08T08:34:54.503Z', 'id': '58218e2e5f6b9a4f93e22a25'}, {'_id': '58218e2f5f6b9a4f93e22a57', 'title': '第2集', 'order': 2, 'updated_at': '2016-11-08T08:34:55.266Z', 'id': '58218e2f5f6b9a4f93e22a57'}, {'_id': '58218e2f5f6b9a4f93e22aa1', 'title': '第3集', 'order': 3, 'updated_at': '2016-11-08T08:34:55.659Z', 'id': '58218e2f5f6b9a4f93e22aa1'}, {'_id': '58218e305f6b9a4f93e22ae1', 'title': '第4集', 'order': 4, 'updated_at': '2016-11-08T08:34:56.373Z', 'id': '58218e305f6b9a4f93e22ae1'}, {'_id': '58218e315f6b9a4f93e22b33', 'title': '第5集', 'order': 5, 'updated_at': '2016-11-08T08:34:57.061Z', 'id': '58218e315f6b9a4f93e22b33'}, {'_id': '58218e315f6b9a4f93e22b4f', 'title': '第6集', 'order': 6, 'updated_at': '2016-11-08T08:34:57.616Z', 'id': '58218e315f6b9a4f93e22b4f'}, {'_id': '58218e325f6b9a4f93e22b99', 'title': '第7集', 'order': 7, 'updated_at': '2016-11-08T08:34:58.331Z', 'id': '58218e325f6b9a4f93e22b99'}]
2026-01-24 23:32:29 - mkk_pika - database.py:215 - INFO - 第一次下载该漫画，记录数据库中
2026-01-24 23:32:29 - mkk_pika - main.py:83 - INFO - 找到 24 张图片在:第1集
2026-01-24 23:32:30 - mkk_pika - main.py:112 - INFO - [episode:第1集       ] downloaded:    24, total:  24, progress:100%
2026-01-24 23:32:30 - mkk_pika - database.py:238 - INFO - 数据库更新已下载章节
2026-01-24 23:32:30 - mkk_pika - database.py:244 - INFO - 该漫画已下载章节如下
2026-01-24 23:32:30 - mkk_pika - database.py:245 - INFO - ['第1集']
2026-01-24 23:32:32 - mkk_pika - main.py:83 - INFO - 找到 36 张图片在:第2集
2026-01-24 23:32:33 - mkk_pika - main.py:112 - INFO - [episode:第2集       ] downloaded:    36, total:  36, progress:100%
2026-01-24 23:32:33 - mkk_pika - database.py:238 - INFO - 数据库更新已下载章节
2026-01-24 23:32:33 - mkk_pika - database.py:244 - INFO - 该漫画已下载章节如下
2026-01-24 23:32:33 - mkk_pika - database.py:245 - INFO - ['第1集', '第2集']
2026-01-24 23:32:35 - mkk_pika - main.py:83 - INFO - 找到 31 张图片在:第3集
2026-01-24 23:32:36 - mkk_pika - main.py:112 - INFO - [episode:第3集       ] downloaded:    31, total:  31, progress:100%
2026-01-24 23:32:36 - mkk_pika - database.py:238 - INFO - 数据库更新已下载章节
2026-01-24 23:32:36 - mkk_pika - database.py:244 - INFO - 该漫画已下载章节如下
2026-01-24 23:32:36 - mkk_pika - database.py:245 - INFO - ['第1集', '第2集', '第3集']
2026-01-24 23:32:38 - mkk_pika - main.py:83 - INFO - 找到 40 张图片在:第4集
2026-01-24 23:32:39 - mkk_pika - main.py:112 - INFO - [episode:第4集       ] downloaded:    40, total:  40, progress:100%
2026-01-24 23:32:39 - mkk_pika - database.py:238 - INFO - 数据库更新已下载章节
2026-01-24 23:32:39 - mkk_pika - database.py:244 - INFO - 该漫画已下载章节如下
2026-01-24 23:32:39 - mkk_pika - database.py:245 - INFO - ['第1集', '第2集', '第3集', '第4集']
2026-01-24 23:32:40 - mkk_pika - main.py:83 - INFO - 找到 13 张图片在:第5集
2026-01-24 23:32:41 - mkk_pika - main.py:112 - INFO - [episode:第5集       ] downloaded:    13, total:  13, progress:100%
2026-01-24 23:32:41 - mkk_pika - database.py:238 - INFO - 数据库更新已下载章节
2026-01-24 23:32:41 - mkk_pika - database.py:244 - INFO - 该漫画已下载章节如下
2026-01-24 23:32:41 - mkk_pika - database.py:245 - INFO - ['第1集', '第2集', '第3集', '第4集', '第5集']
2026-01-24 23:32:43 - mkk_pika - main.py:83 - INFO - 找到 36 张图片在:第6集
2026-01-24 23:32:44 - mkk_pika - main.py:112 - INFO - [episode:第6集       ] downloaded:    36, total:  36, progress:100%
2026-01-24 23:32:44 - mkk_pika - database.py:238 - INFO - 数据库更新已下载章节
2026-01-24 23:32:44 - mkk_pika - database.py:244 - INFO - 该漫画已下载章节如下
2026-01-24 23:32:44 - mkk_pika - database.py:245 - INFO - ['第1集', '第2集', '第3集', '第4集', '第5集', '第6集']
2026-01-24 23:32:46 - mkk_pika - main.py:83 - INFO - 找到 20 张图片在:第7集
2026-01-24 23:32:46 - mkk_pika - main.py:112 - INFO - [episode:第7集       ] downloaded:    20, total:  20, progress:100%
2026-01-24 23:32:46 - mkk_pika - database.py:238 - INFO - 数据库更新已下载章节
2026-01-24 23:32:46 - mkk_pika - database.py:244 - INFO - 该漫画已下载章节如下
2026-01-24 23:32:46 - mkk_pika - database.py:245 - INFO - ['第1集', '第2集', '第3集', '第4集', '第5集', '第6集', '第7集']
2026-01-24 23:32:48 - mkk_pika - main.py:348 - INFO - ==================== 漫画信息 ====================
                                   漫画ID：58218e2d5f6b9a4f93e22a23
                                   标题：LoveLive！C84同人合集②（前3本BG+后4本百合）
                                   作者：多人
                                   是否完结：是
                                   总页数：200
                                   分类：同人,短篇,Love Live,純愛
                                   章节数：7
                                   最后更新时间：2008-08-09T14:47:21.000Z
                                   =================================================
2026-01-24 23:32:48 - mkk_pika - database.py:101 - INFO - 保存成功：LoveLive！C84同人合集②（前3本BG+后4本百合）
2026-01-24 23:32:48 - mkk_pika - main.py:35 - INFO - 开始检查鬼月あるちゅ作品补完①是否存在未下载章节
2026-01-24 23:32:48 - mkk_pika - main.py:45 - INFO - 正在下载:[鬼月あるちゅ作品补完①]-[鬼月あるちゅ，ZAN]-[['短篇']]-[total_pages:100]
2026-01-24 23:32:48 - mkk_pika - main.py:49 - INFO - [{'_id': '58218e325f6b9a4f93e22bc5', 'title': '第1集', 'order': 1, 'updated_at': '2016-11-08T08:34:58.793Z', 'id': '58218e325f6b9a4f93e22bc5'}, {'_id': '58218e335f6b9a4f93e22bcf', 'title': '第2集', 'order': 2, 'updated_at': '2016-11-08T08:34:59.555Z', 'id': '58218e335f6b9a4f93e22bcf'}, {'_id': '58218e335f6b9a4f93e22be1', 'title': '第3集', 'order': 3, 'updated_at': '2016-11-08T08:34:59.848Z', 'id': '58218e335f6b9a4f93e22be1'}, {'_id': '58218e345f6b9a4f93e22c0d', 'title': '第4集', 'order': 4, 'updated_at': '2016-11-08T08:35:00.415Z', 'id': '58218e345f6b9a4f93e22c0d'}, {'_id': '58218e355f6b9a4f93e22c4f', 'title': '第5集', 'order': 5, 'updated_at': '2016-11-08T08:35:01.118Z', 'id': '58218e355f6b9a4f93e22c4f'}, {'_id': '58218e355f6b9a4f93e22c75', 'title': '第6集', 'order': 6, 'updated_at': '2016-11-08T08:35:01.513Z', 'id': '58218e355f6b9a4f93e22c75'}, {'_id': '58218e355f6b9a4f93e22c89', 'title': '第7集', 'order': 7, 'updated_at': '2016-11-08T08:35:01.838Z', 'id': '58218e355f6b9a4f93e22c89'}]
2026-01-24 23:32:48 - mkk_pika - database.py:215 - INFO - 第一次下载该漫画，记录数据库中
2026-01-24 23:32:48 - mkk_pika - main.py:83 - INFO - 找到 4 张图片在:第1集
2026-01-24 23:32:49 - mkk_pika - main.py:112 - INFO - [episode:第1集       ] downloaded:     4, total:   4, progress:100%
2026-01-24 23:32:49 - mkk_pika - database.py:238 - INFO - 数据库更新已下载章节
2026-01-24 23:32:49 - mkk_pika - database.py:244 - INFO - 该漫画已下载章节如下
2026-01-24 23:32:49 - mkk_pika - database.py:245 - INFO - ['第1集']
2026-01-24 23:32:50 - mkk_pika - main.py:83 - INFO - 找到 8 张图片在:第2集
2026-01-24 23:32:51 - mkk_pika - main.py:112 - INFO - [episode:第2集       ] downloaded:     8, total:   8, progress:100%
2026-01-24 23:32:51 - mkk_pika - database.py:238 - INFO - 数据库更新已下载章节
2026-01-24 23:32:51 - mkk_pika - database.py:244 - INFO - 该漫画已下载章节如下
2026-01-24 23:32:51 - mkk_pika - database.py:245 - INFO - ['第1集', '第2集']
2026-01-24 23:32:52 - mkk_pika - main.py:83 - INFO - 找到 21 张图片在:第3集
2026-01-24 23:32:53 - mkk_pika - main.py:112 - INFO - [episode:第3集       ] downloaded:    21, total:  21, progress:100%
2026-01-24 23:32:53 - mkk_pika - database.py:238 - INFO - 数据库更新已下载章节
2026-01-24 23:32:53 - mkk_pika - database.py:244 - INFO - 该漫画已下载章节如下
2026-01-24 23:32:53 - mkk_pika - database.py:245 - INFO - ['第1集', '第2集', '第3集']
2026-01-24 23:32:55 - mkk_pika - main.py:83 - INFO - 找到 32 张图片在:第4集
2026-01-24 23:32:56 - mkk_pika - main.py:112 - INFO - [episode:第4集       ] downloaded:    32, total:  32, progress:100%
2026-01-24 23:32:56 - mkk_pika - database.py:238 - INFO - 数据库更新已下载章节
2026-01-24 23:32:56 - mkk_pika - database.py:244 - INFO - 该漫画已下载章节如下
2026-01-24 23:32:56 - mkk_pika - database.py:245 - INFO - ['第1集', '第2集', '第3集', '第4集']
2026-01-24 23:32:57 - mkk_pika - main.py:83 - INFO - 找到 18 张图片在:第5集
2026-01-24 23:32:58 - mkk_pika - main.py:112 - INFO - [episode:第5集       ] downloaded:    18, total:  18, progress:100%
2026-01-24 23:32:58 - mkk_pika - database.py:238 - INFO - 数据库更新已下载章节
2026-01-24 23:32:58 - mkk_pika - database.py:244 - INFO - 该漫画已下载章节如下
2026-01-24 23:32:58 - mkk_pika - database.py:245 - INFO - ['第1集', '第2集', '第3集', '第4集', '第5集']
2026-01-24 23:33:00 - mkk_pika - main.py:83 - INFO - 找到 9 张图片在:第6集
2026-01-24 23:33:00 - mkk_pika - main.py:112 - INFO - [episode:第6集       ] downloaded:     9, total:   9, progress:100%
2026-01-24 23:33:00 - mkk_pika - database.py:238 - INFO - 数据库更新已下载章节
2026-01-24 23:33:00 - mkk_pika - database.py:244 - INFO - 该漫画已下载章节如下
2026-01-24 23:33:00 - mkk_pika - database.py:245 - INFO - ['第1集', '第2集', '第3集', '第4集', '第5集', '第6集']
2026-01-24 23:33:02 - mkk_pika - main.py:83 - INFO - 找到 8 张图片在:第7集
2026-01-24 23:33:02 - mkk_pika - main.py:112 - INFO - [episode:第7集       ] downloaded:     8, total:   8, progress:100%
2026-01-24 23:33:02 - mkk_pika - database.py:238 - INFO - 数据库更新已下载章节
2026-01-24 23:33:02 - mkk_pika - database.py:244 - INFO - 该漫画已下载章节如下
2026-01-24 23:33:02 - mkk_pika - database.py:245 - INFO - ['第1集', '第2集', '第3集', '第4集', '第5集', '第6集', '第7集']
2026-01-24 23:33:03 - mkk_pika - main.py:348 - INFO - ==================== 漫画信息 ====================
                                   漫画ID：58218e325f6b9a4f93e22bc3
                                   标题：鬼月あるちゅ作品补完①
                                   作者：鬼月あるちゅ，ZAN
                                   是否完结：是
                                   总页数：100
                                   分类：短篇
                                   章节数：7
                                   最后更新时间：2008-08-10T00:47:21.000Z
                                   =================================================
2026-01-24 23:33:03 - mkk_pika - database.py:101 - INFO - 保存成功：鬼月あるちゅ作品补完①
2026-01-24 23:33:03 - mkk_pika - main.py:35 - INFO - 开始检查樱花庄的宠物女孩同人⑥本小合集是否存在未下载章节
2026-01-24 23:33:04 - mkk_pika - main.py:45 - INFO - 正在下载:[樱花庄的宠物女孩同人⑥本小合集]-[多人]-[['同人', '短篇', '純愛']]-[total_pages:175]
2026-01-24 23:33:04 - mkk_pika - main.py:49 - INFO - [{'_id': '58218e365f6b9a4f93e22c9d', 'title': '第1集', 'order': 1, 'updated_at': '2016-11-08T08:35:02.271Z', 'id': '58218e365f6b9a4f93e22c9d'}, {'_id': '58218e365f6b9a4f93e22cd9', 'title': '第2集', 'order': 2, 'updated_at': '2016-11-08T08:35:02.910Z', 'id': '58218e365f6b9a4f93e22cd9'}, {'_id': '58218e375f6b9a4f93e22d13', 'title': '第3集', 'order': 3, 'updated_at': '2016-11-08T08:35:03.831Z', 'id': '58218e375f6b9a4f93e22d13'}, {'_id': '58218e385f6b9a4f93e22d51', 'title': '第4集', 'order': 4, 'updated_at': '2016-11-08T08:35:04.217Z', 'id': '58218e385f6b9a4f93e22d51'}, {'_id': '58218e385f6b9a4f93e22d89', 'title': '第5集', 'order': 5, 'updated_at': '2016-11-08T08:35:04.608Z', 'id': '58218e385f6b9a4f93e22d89'}, {'_id': '58218e395f6b9a4f93e22dd1', 'title': '第6集', 'order': 6, 'updated_at': '2016-11-08T08:35:05.380Z', 'id': '58218e395f6b9a4f93e22dd1'}]
2026-01-24 23:33:04 - mkk_pika - database.py:215 - INFO - 第一次下载该漫画，记录数据库中
2026-01-24 23:33:04 - mkk_pika - main.py:83 - INFO - 找到 29 张图片在:第1集
2026-01-24 23:33:05 - mkk_pika - main.py:112 - INFO - [episode:第1集       ] downloaded:    29, total:  29, progress:100%
2026-01-24 23:33:05 - mkk_pika - database.py:238 - INFO - 数据库更新已下载章节
2026-01-24 23:33:05 - mkk_pika - database.py:244 - INFO - 该漫画已下载章节如下
2026-01-24 23:33:05 - mkk_pika - database.py:245 - INFO - ['第1集']
2026-01-24 23:33:07 - mkk_pika - main.py:83 - INFO - 找到 28 张图片在:第2集
2026-01-24 23:33:08 - mkk_pika - main.py:112 - INFO - [episode:第2集       ] downloaded:    28, total:  28, progress:100%
2026-01-24 23:33:08 - mkk_pika - database.py:238 - INFO - 数据库更新已下载章节
2026-01-24 23:33:08 - mkk_pika - database.py:244 - INFO - 该漫画已下载章节如下
2026-01-24 23:33:08 - mkk_pika - database.py:245 - INFO - ['第1集', '第2集']
2026-01-24 23:33:10 - mkk_pika - main.py:83 - INFO - 找到 30 张图片在:第3集
2026-01-24 23:33:11 - mkk_pika - main.py:112 - INFO - [episode:第3集       ] downloaded:    30, total:  30, progress:100%
2026-01-24 23:33:11 - mkk_pika - database.py:238 - INFO - 数据库更新已下载章节
2026-01-24 23:33:11 - mkk_pika - database.py:244 - INFO - 该漫画已下载章节如下
2026-01-24 23:33:11 - mkk_pika - database.py:245 - INFO - ['第1集', '第2集', '第3集']
2026-01-24 23:33:12 - mkk_pika - main.py:83 - INFO - 找到 27 张图片在:第4集
2026-01-24 23:33:13 - mkk_pika - main.py:112 - INFO - [episode:第4集       ] downloaded:    27, total:  27, progress:100%
2026-01-24 23:33:13 - mkk_pika - database.py:238 - INFO - 数据库更新已下载章节
2026-01-24 23:33:13 - mkk_pika - database.py:244 - INFO - 该漫画已下载章节如下
2026-01-24 23:33:13 - mkk_pika - database.py:245 - INFO - ['第1集', '第2集', '第3集', '第4集']
2026-01-24 23:33:15 - mkk_pika - main.py:83 - INFO - 找到 35 张图片在:第5集
2026-01-24 23:33:16 - mkk_pika - main.py:112 - INFO - [episode:第5集       ] downloaded:    35, total:  35, progress:100%
2026-01-24 23:33:16 - mkk_pika - database.py:238 - INFO - 数据库更新已下载章节
2026-01-24 23:33:16 - mkk_pika - database.py:244 - INFO - 该漫画已下载章节如下
2026-01-24 23:33:16 - mkk_pika - database.py:245 - INFO - ['第1集', '第2集', '第3集', '第4集', '第5集']
2026-01-24 23:33:18 - mkk_pika - main.py:83 - INFO - 找到 26 张图片在:第6集
2026-01-24 23:33:19 - mkk_pika - main.py:112 - INFO - [episode:第6集       ] downloaded:    26, total:  26, progress:100%
2026-01-24 23:33:19 - mkk_pika - database.py:238 - INFO - 数据库更新已下载章节
2026-01-24 23:33:19 - mkk_pika - database.py:244 - INFO - 该漫画已下载章节如下
2026-01-24 23:33:19 - mkk_pika - database.py:245 - INFO - ['第1集', '第2集', '第3集', '第4集', '第5集', '第6集']
2026-01-24 23:33:20 - mkk_pika - main.py:348 - INFO - ==================== 漫画信息 ====================
                                   漫画ID：58218e355f6b9a4f93e22c9b
                                   标题：樱花庄的宠物女孩同人⑥本小合集
                                   作者：多人
                                   是否完结：是
                                   总页数：175
                                   分类：同人,短篇,純愛
                                   章节数：6
                                   最后更新时间：2008-08-10T10:47:21.000Z
                                   =================================================
2026-01-24 23:33:20 - mkk_pika - database.py:101 - INFO - 保存成功：樱花庄的宠物女孩同人⑥本小合集
2026-01-24 23:33:20 - mkk_pika - main.py:35 - INFO - 开始检查(C80) [An Arc (Hamo)] Soniko in Ero-ism (Super Sonico)超级索尼子是否存在未下载章节
2026-01-24 23:33:20 - mkk_pika - main.py:45 - INFO - 正在下载:[(C80) [An Arc (Hamo)] Soniko in Ero-ism (Super Sonico)超级索尼子]-[Hamo]-[['同人', '全彩']]-[total_pages:18]
2026-01-24 23:33:20 - mkk_pika - main.py:49 - INFO - [{'_id': '58218e395f6b9a4f93e22e09', 'title': '第1集', 'order': 1, 'updated_at': '2016-11-08T08:35:05.725Z', 'id': '58218e395f6b9a4f93e22e09'}]
2026-01-24 23:33:20 - mkk_pika - database.py:215 - INFO - 第一次下载该漫画，记录数据库中
2026-01-24 23:33:21 - mkk_pika - main.py:83 - INFO - 找到 18 张图片在:第1集
2026-01-24 23:33:21 - mkk_pika - main.py:112 - INFO - [episode:第1集       ] downloaded:    18, total:  18, progress:100%
2026-01-24 23:33:21 - mkk_pika - database.py:238 - INFO - 数据库更新已下载章节
2026-01-24 23:33:21 - mkk_pika - database.py:244 - INFO - 该漫画已下载章节如下
2026-01-24 23:33:21 - mkk_pika - database.py:245 - INFO - ['第1集']
2026-01-24 23:33:23 - mkk_pika - main.py:348 - INFO - ==================== 漫画信息 ====================
                                   漫画ID：58218e395f6b9a4f93e22e07
                                   标题：(C80) [An Arc (Hamo)] Soniko in Ero-ism (Super Sonico)超级索尼子
                                   作者：Hamo
                                   是否完结：是
                                   总页数：18
                                   分类：同人,全彩
                                   章节数：1
                                   最后更新时间：2008-08-10T20:47:21.000Z
                                   =================================================
2026-01-24 23:33:23 - mkk_pika - database.py:101 - INFO - 保存成功：(C80) [An Arc (Hamo)] Soniko in Ero-ism (Super Sonico)超级索尼子
2026-01-24 23:33:23 - mkk_pika - main.py:35 - INFO - 开始检查【CE家族社】(C87) [りとる☆はむれっと (きぃら～☆)] 古明地さとり 逃げられない電車の中で (東方Project)是否存在未下载章节
2026-01-24 23:33:23 - mkk_pika - main.py:45 - INFO - 正在下载:[【CE家族社】(C87) [りとる☆はむれっと (きぃら～☆)] 古明地さとり 逃げられない電車の中で (東方Project)]-[きぃら～☆]-[['同人', '全彩', '東方']]-[total_pages:29]
2026-01-24 23:33:23 - mkk_pika - main.py:49 - INFO - [{'_id': '58218e3a5f6b9a4f93e22e8b', 'title': '第1集', 'order': 1, 'updated_at': '2016-11-08T08:35:06.906Z', 'id': '58218e3a5f6b9a4f93e22e8b'}]
2026-01-24 23:33:23 - mkk_pika - database.py:215 - INFO - 第一次下载该漫画，记录数据库中
2026-01-24 23:33:24 - mkk_pika - main.py:83 - INFO - 找到 29 张图片在:第1集
2026-01-24 23:33:25 - mkk_pika - main.py:112 - INFO - [episode:第1集       ] downloaded:    29, total:  29, progress:100%
2026-01-24 23:33:25 - mkk_pika - database.py:238 - INFO - 数据库更新已下载章节
2026-01-24 23:33:25 - mkk_pika - database.py:244 - INFO - 该漫画已下载章节如下
2026-01-24 23:33:25 - mkk_pika - database.py:245 - INFO - ['第1集']
2026-01-24 23:33:26 - mkk_pika - main.py:348 - INFO - ==================== 漫画信息 ====================
                                   漫画ID：58218e3a5f6b9a4f93e22e89
                                   标题：【CE家族社】(C87) [りとる☆はむれっと (きぃら～☆)] 古明地さとり 逃げられない電車の中で (東方Project)
                                   作者：きぃら～☆
                                   是否完结：是
                                   总页数：29
                                   分类：同人,全彩,東方
                                   章节数：1
                                   最后更新时间：2008-08-12T02:47:21.000Z
                                   =================================================
2026-01-24 23:33:26 - mkk_pika - database.py:101 - INFO - 保存成功：【CE家族社】(C87) [りとる☆はむれっと (きぃら～☆)] 古明地さとり 逃げられない電車の中で (東方Project)
2026-01-24 23:33:26 - mkk_pika - main.py:35 - INFO - 开始检查[脸肿汉化组](COMICメガストア 2008年09月号)[こぶいち&むりりん] 夏空カナタ(夏空カナタ)(无修正)是否存在未下载章节
2026-01-24 23:33:26 - mkk_pika - main.py:45 - INFO - 正在下载:[[脸肿汉化组](COMICメガストア 2008年09月号)[こぶいち&むりりん] 夏空カナタ(夏空カナタ)(无修正)]-[こぶいち&むりりん]-[['同人', '全彩', '純愛']]-[total_pages:6]
2026-01-24 23:33:26 - mkk_pika - main.py:49 - INFO - [{'_id': '58218e3b5f6b9a4f93e22ec9', 'title': '第1集', 'order': 1, 'updated_at': '2016-11-08T08:35:07.706Z', 'id': '58218e3b5f6b9a4f93e22ec9'}]
2026-01-24 23:33:26 - mkk_pika - database.py:215 - INFO - 第一次下载该漫画，记录数据库中
2026-01-24 23:33:27 - mkk_pika - main.py:83 - INFO - 找到 6 张图片在:第1集
2026-01-24 23:33:27 - mkk_pika - main.py:112 - INFO - [episode:第1集       ] downloaded:     6, total:   6, progress:100%
2026-01-24 23:33:27 - mkk_pika - database.py:238 - INFO - 数据库更新已下载章节
2026-01-24 23:33:27 - mkk_pika - database.py:244 - INFO - 该漫画已下载章节如下
2026-01-24 23:33:27 - mkk_pika - database.py:245 - INFO - ['第1集']
2026-01-24 23:33:29 - mkk_pika - main.py:348 - INFO - ==================== 漫画信息 ====================
                                   漫画ID：58218e3b5f6b9a4f93e22ec7
                                   标题：[脸肿汉化组](COMICメガストア 2008年09月号)[こぶいち&むりりん] 夏空カナタ(夏空カナタ)(无修正)
                                   作者：こぶいち&むりりん
                                   是否完结：是
                                   总页数：6
                                   分类：同人,全彩,純愛
                                   章节数：1
                                   最后更新时间：2008-08-12T12:47:21.000Z
                                   =================================================
2026-01-24 23:33:29 - mkk_pika - database.py:101 - INFO - 保存成功：[脸肿汉化组](COMICメガストア 2008年09月号)[こぶいち&むりりん] 夏空カナタ(夏空カナタ)(无修正)
2026-01-24 23:33:29 - mkk_pika - main.py:35 - INFO - 开始检查(C88) [鋼鉄 (佐藤はがね)] アノヒカリ (艦隊これくしょん-艦これ-)是否存在未下载章节
2026-01-24 23:33:29 - mkk_pika - main.py:45 - INFO - 正在下载:[(C88) [鋼鉄 (佐藤はがね)] アノヒカリ (艦隊これくしょん-艦これ-)]-[佐藤はがね]-[['同人', '艦隊收藏', '全彩', '非人類']]-[total_pages:20]
2026-01-24 23:33:29 - mkk_pika - main.py:49 - INFO - [{'_id': '58218e3c5f6b9a4f93e22f15', 'title': '第1集', 'order': 1, 'updated_at': '2016-11-08T08:35:08.818Z', 'id': '58218e3c5f6b9a4f93e22f15'}]
2026-01-24 23:33:29 - mkk_pika - database.py:215 - INFO - 第一次下载该漫画，记录数据库中
2026-01-24 23:33:30 - mkk_pika - main.py:83 - INFO - 找到 20 张图片在:第1集
2026-01-24 23:33:30 - mkk_pika - main.py:112 - INFO - [episode:第1集       ] downloaded:    20, total:  20, progress:100%
2026-01-24 23:33:30 - mkk_pika - database.py:238 - INFO - 数据库更新已下载章节
2026-01-24 23:33:30 - mkk_pika - database.py:244 - INFO - 该漫画已下载章节如下
2026-01-24 23:33:30 - mkk_pika - database.py:245 - INFO - ['第1集']
2026-01-24 23:33:32 - mkk_pika - main.py:348 - INFO - ==================== 漫画信息 ====================
                                   漫画ID：58218e3c5f6b9a4f93e22f13
                                   标题：(C88) [鋼鉄 (佐藤はがね)] アノヒカリ (艦隊これくしょん-艦これ-)
                                   作者：佐藤はがね
                                   是否完结：是
                                   总页数：20
                                   分类：同人,艦隊收藏,全彩,非人類
                                   章节数：1
                                   最后更新时间：2008-08-13T08:47:21.000Z
                                   =================================================
2026-01-24 23:33:32 - mkk_pika - database.py:101 - INFO - 保存成功：(C88) [鋼鉄 (佐藤はがね)] アノヒカリ (艦隊これくしょん-艦これ-)
2026-01-24 23:33:32 - mkk_pika - main.py:35 - INFO - 开始检查放課後TOYフレンズ是否存在未下载章节
2026-01-24 23:33:32 - mkk_pika - main.py:45 - INFO - 正在下载:[放課後TOYフレンズ]-[ぐすたふ]-[['同人', '長篇', '純愛']]-[total_pages:210]
2026-01-24 23:33:32 - mkk_pika - main.py:49 - INFO - [{'_id': '58218e3e5f6b9a4f93e230b9', 'title': '第1集', 'order': 1, 'updated_at': '2016-11-08T08:35:10.994Z', 'id': '58218e3e5f6b9a4f93e230b9'}]
2026-01-24 23:33:32 - mkk_pika - database.py:215 - INFO - 第一次下载该漫画，记录数据库中
2026-01-24 23:33:34 - mkk_pika - main.py:83 - INFO - 找到 210 张图片在:第1集
2026-01-24 23:33:41 - mkk_pika - main.py:112 - INFO - [episode:第1集       ] downloaded:   210, total: 210, progress:100%
2026-01-24 23:33:41 - mkk_pika - database.py:238 - INFO - 数据库更新已下载章节
2026-01-24 23:33:41 - mkk_pika - database.py:244 - INFO - 该漫画已下载章节如下
2026-01-24 23:33:41 - mkk_pika - database.py:245 - INFO - ['第1集']
2026-01-24 23:33:42 - mkk_pika - main.py:348 - INFO - ==================== 漫画信息 ====================
                                   漫画ID：58218e3e5f6b9a4f93e230b7
                                   标题：放課後TOYフレンズ
                                   作者：ぐすたふ
                                   是否完结：是
                                   总页数：210
                                   分类：同人,長篇,純愛
                                   章节数：1
                                   最后更新时间：2008-08-14T04:47:21.000Z
                                   =================================================
2026-01-24 23:33:42 - mkk_pika - database.py:101 - INFO - 保存成功：放課後TOYフレンズ
2026-01-24 23:33:42 - mkk_pika - main.py:35 - INFO - 开始检查マリア様がみてる売春是否存在未下载章节
2026-01-24 23:33:43 - mkk_pika - main.py:45 - INFO - 正在下载:[マリア様がみてる売春]-[水龍敬]-[['同人', '長篇']]-[total_pages:199]
2026-01-24 23:33:43 - mkk_pika - main.py:49 - INFO - [{'_id': '58218e405f6b9a4f93e23261', 'title': '第1集', 'order': 1, 'updated_at': '2016-11-08T08:35:12.043Z', 'id': '58218e405f6b9a4f93e23261'}, {'_id': '58218e405f6b9a4f93e232e5', 'title': '第2集', 'order': 2, 'updated_at': '2016-11-08T08:35:12.532Z', 'id': '58218e405f6b9a4f93e232e5'}, {'_id': '58218e415f6b9a4f93e23351', 'title': '第3集', 'order': 3, 'updated_at': '2016-11-08T08:35:13.227Z', 'id': '58218e415f6b9a4f93e23351'}, {'_id': '58218e415f6b9a4f93e23381', 'title': '第4集', 'order': 4, 'updated_at': '2016-11-08T08:35:13.801Z', 'id': '58218e415f6b9a4f93e23381'}]
2026-01-24 23:33:43 - mkk_pika - database.py:215 - INFO - 第一次下载该漫画，记录数据库中
2026-01-24 23:33:44 - mkk_pika - main.py:83 - INFO - 找到 65 张图片在:第1集
2026-01-24 23:33:46 - mkk_pika - main.py:112 - INFO - [episode:第1集       ] downloaded:    65, total:  65, progress:100%
2026-01-24 23:33:46 - mkk_pika - database.py:238 - INFO - 数据库更新已下载章节
2026-01-24 23:33:46 - mkk_pika - database.py:244 - INFO - 该漫画已下载章节如下
2026-01-24 23:33:46 - mkk_pika - database.py:245 - INFO - ['第1集']
2026-01-24 23:33:48 - mkk_pika - main.py:83 - INFO - 找到 53 张图片在:第2集
2026-01-24 23:33:49 - mkk_pika - main.py:112 - INFO - [episode:第2集       ] downloaded:    53, total:  53, progress:100%
2026-01-24 23:33:49 - mkk_pika - database.py:238 - INFO - 数据库更新已下载章节
2026-01-24 23:33:49 - mkk_pika - database.py:244 - INFO - 该漫画已下载章节如下
2026-01-24 23:33:49 - mkk_pika - database.py:245 - INFO - ['第1集', '第2集']
2026-01-24 23:33:51 - mkk_pika - main.py:83 - INFO - 找到 23 张图片在:第3集
2026-01-24 23:33:52 - mkk_pika - main.py:112 - INFO - [episode:第3集       ] downloaded:    23, total:  23, progress:100%
2026-01-24 23:33:52 - mkk_pika - database.py:238 - INFO - 数据库更新已下载章节
2026-01-24 23:33:52 - mkk_pika - database.py:244 - INFO - 该漫画已下载章节如下
2026-01-24 23:33:52 - mkk_pika - database.py:245 - INFO - ['第1集', '第2集', '第3集']
2026-01-24 23:33:54 - mkk_pika - main.py:83 - INFO - 找到 58 张图片在:第4集
2026-01-24 23:33:56 - mkk_pika - main.py:112 - INFO - [episode:第4集       ] downloaded:    58, total:  58, progress:100%
2026-01-24 23:33:56 - mkk_pika - database.py:238 - INFO - 数据库更新已下载章节
2026-01-24 23:33:56 - mkk_pika - database.py:244 - INFO - 该漫画已下载章节如下
2026-01-24 23:33:56 - mkk_pika - database.py:245 - INFO - ['第1集', '第2集', '第3集', '第4集']
2026-01-24 23:33:57 - mkk_pika - main.py:348 - INFO - ==================== 漫画信息 ====================
                                   漫画ID：58218e3f5f6b9a4f93e2325f
                                   标题：マリア様がみてる売春
                                   作者：水龍敬
                                   是否完结：是
                                   总页数：199
                                   分类：同人,長篇
                                   章节数：4
                                   最后更新时间：2008-08-14T14:47:21.000Z
                                   =================================================
2026-01-24 23:33:57 - mkk_pika - database.py:101 - INFO - 保存成功：マリア様がみてる売春
2026-01-24 23:33:57 - mkk_pika - main.py:35 - INFO - 开始检查あったかうずまき (NARUTO -ナルト-)是否存在未下载章节
2026-01-24 23:33:57 - mkk_pika - main.py:45 - INFO - 正在下载:[あったかうずまき (NARUTO -ナルト-)]-[ハウス (774)]-[['同人', '短篇', '純愛']]-[total_pages:48]
2026-01-24 23:33:57 - mkk_pika - main.py:49 - INFO - [{'_id': '58218e425f6b9a4f93e233f9', 'title': '第1集', 'order': 1, 'updated_at': '2016-11-08T08:35:14.679Z', 'id': '58218e425f6b9a4f93e233f9'}]
2026-01-24 23:33:57 - mkk_pika - database.py:215 - INFO - 第一次下载该漫画，记录数据库中
2026-01-24 23:33:58 - mkk_pika - main.py:83 - INFO - 找到 48 张图片在:第1集
2026-01-24 23:34:00 - mkk_pika - main.py:112 - INFO - [episode:第1集       ] downloaded:    48, total:  48, progress:100%
2026-01-24 23:34:00 - mkk_pika - database.py:238 - INFO - 数据库更新已下载章节
2026-01-24 23:34:00 - mkk_pika - database.py:244 - INFO - 该漫画已下载章节如下
2026-01-24 23:34:00 - mkk_pika - database.py:245 - INFO - ['第1集']
2026-01-24 23:34:01 - mkk_pika - main.py:348 - INFO - ==================== 漫画信息 ====================
                                   漫画ID：58218e425f6b9a4f93e233f7
                                   标题：あったかうずまき (NARUTO -ナルト-)
                                   作者：ハウス (774)
                                   是否完结：是
                                   总页数：48
                                   分类：同人,短篇,純愛
                                   章节数：1
                                   最后更新时间：2008-08-15T00:47:21.000Z
                                   =================================================
2026-01-24 23:34:01 - mkk_pika - database.py:101 - INFO - 保存成功：あったかうずまき (NARUTO -ナルト-)
2026-01-24 23:34:01 - mkk_pika - main.py:35 - INFO - 开始检查性戟のソーマ (食戟之靈)是否存在未下载章节
2026-01-24 23:34:02 - mkk_pika - main.py:45 - INFO - 正在下载:[性戟のソーマ (食戟之靈)]-[ぽぽちち (八尋ぽち)]-[['同人', '短篇', '後宮閃光']]-[total_pages:21]
2026-01-24 23:34:02 - mkk_pika - main.py:49 - INFO - [{'_id': '58218e435f6b9a4f93e2345d', 'title': '第1集', 'order': 1, 'updated_at': '2016-11-08T08:35:15.432Z', 'id': '58218e435f6b9a4f93e2345d'}]
2026-01-24 23:34:02 - mkk_pika - database.py:215 - INFO - 第一次下载该漫画，记录数据库中
2026-01-24 23:34:02 - mkk_pika - main.py:83 - INFO - 找到 21 张图片在:第1集
2026-01-24 23:34:03 - mkk_pika - main.py:112 - INFO - [episode:第1集       ] downloaded:    21, total:  21, progress:100%
2026-01-24 23:34:03 - mkk_pika - database.py:238 - INFO - 数据库更新已下载章节
2026-01-24 23:34:03 - mkk_pika - database.py:244 - INFO - 该漫画已下载章节如下
2026-01-24 23:34:03 - mkk_pika - database.py:245 - INFO - ['第1集']
2026-01-24 23:34:04 - mkk_pika - main.py:348 - INFO - ==================== 漫画信息 ====================
                                   漫画ID：58218e425f6b9a4f93e2345b
                                   标题：性戟のソーマ (食戟之靈)
                                   作者：ぽぽちち (八尋ぽち)
                                   是否完结：是
                                   总页数：21
                                   分类：同人,短篇,後宮閃光
                                   章节数：1
                                   最后更新时间：2008-08-15T10:47:21.000Z
                                   =================================================
2026-01-24 23:34:04 - mkk_pika - database.py:101 - INFO - 保存成功：性戟のソーマ (食戟之靈)
2026-01-24 23:34:04 - mkk_pika - main.py:35 - INFO - 开始检查おなかいっぱい (黒子的籃球)是否存在未下载章节
2026-01-24 23:34:05 - mkk_pika - main.py:45 - INFO - 正在下载:[おなかいっぱい (黒子的籃球)]-[フィリップ!]-[['同人', '短篇', '性轉換']]-[total_pages:20]
2026-01-24 23:34:05 - mkk_pika - main.py:49 - INFO - [{'_id': '58218e445f6b9a4f93e2348b', 'title': '第1集', 'order': 1, 'updated_at': '2016-11-08T08:35:16.015Z', 'id': '58218e445f6b9a4f93e2348b'}]
2026-01-24 23:34:05 - mkk_pika - database.py:215 - INFO - 第一次下载该漫画，记录数据库中
2026-01-24 23:34:05 - mkk_pika - main.py:83 - INFO - 找到 20 张图片在:第1集
2026-01-24 23:34:06 - mkk_pika - main.py:112 - INFO - [episode:第1集       ] downloaded:    20, total:  20, progress:100%
2026-01-24 23:34:06 - mkk_pika - database.py:238 - INFO - 数据库更新已下载章节
2026-01-24 23:34:06 - mkk_pika - database.py:244 - INFO - 该漫画已下载章节如下
2026-01-24 23:34:06 - mkk_pika - database.py:245 - INFO - ['第1集']
2026-01-24 23:34:07 - mkk_pika - main.py:348 - INFO - ==================== 漫画信息 ====================
                                   漫画ID：58218e435f6b9a4f93e23489
                                   标题：おなかいっぱい (黒子的籃球)
                                   作者：フィリップ!
                                   是否完结：是
                                   总页数：20
                                   分类：同人,短篇,性轉換
                                   章节数：1
                                   最后更新时间：2008-08-15T20:47:21.000Z
                                   =================================================
2026-01-24 23:34:07 - mkk_pika - database.py:101 - INFO - 保存成功：おなかいっぱい (黒子的籃球)
2026-01-24 23:34:07 - mkk_pika - main.py:35 - INFO - 开始检查いくみちゃんにくにく 4と5 (食戟之靈)是否存在未下载章节
2026-01-24 23:34:08 - mkk_pika - main.py:45 - INFO - 正在下载:[いくみちゃんにくにく 4と5 (食戟之靈)]-[甘酒鳩商店(養酒オヘペ)]-[['同人', '短篇', '姐姐系']]-[total_pages:58]
2026-01-24 23:34:08 - mkk_pika - main.py:49 - INFO - [{'_id': '58218e445f6b9a4f93e234b7', 'title': '第1集', 'order': 1, 'updated_at': '2016-11-08T08:35:16.601Z', 'id': '58218e445f6b9a4f93e234b7'}, {'_id': '58218e455f6b9a4f93e2351d', 'title': '第2集', 'order': 2, 'updated_at': '2016-11-08T08:35:17.298Z', 'id': '58218e455f6b9a4f93e2351d'}]
2026-01-24 23:34:08 - mkk_pika - database.py:215 - INFO - 第一次下载该漫画，记录数据库中
2026-01-24 23:34:09 - mkk_pika - main.py:83 - INFO - 找到 50 张图片在:第1集
2026-01-24 23:34:11 - mkk_pika - main.py:112 - INFO - [episode:第1集       ] downloaded:    50, total:  50, progress:100%
2026-01-24 23:34:11 - mkk_pika - database.py:238 - INFO - 数据库更新已下载章节
2026-01-24 23:34:11 - mkk_pika - database.py:244 - INFO - 该漫画已下载章节如下
2026-01-24 23:34:11 - mkk_pika - database.py:245 - INFO - ['第1集']
2026-01-24 23:34:12 - mkk_pika - main.py:83 - INFO - 找到 8 张图片在:第2集
2026-01-24 23:34:13 - mkk_pika - main.py:112 - INFO - [episode:第2集       ] downloaded:     8, total:   8, progress:100%
2026-01-24 23:34:13 - mkk_pika - database.py:238 - INFO - 数据库更新已下载章节
2026-01-24 23:34:13 - mkk_pika - database.py:244 - INFO - 该漫画已下载章节如下
2026-01-24 23:34:13 - mkk_pika - database.py:245 - INFO - ['第1集', '第2集']
2026-01-24 23:34:14 - mkk_pika - main.py:348 - INFO - ==================== 漫画信息 ====================
                                   漫画ID：58218e445f6b9a4f93e234b5
                                   标题：いくみちゃんにくにく 4と5 (食戟之靈)
                                   作者：甘酒鳩商店(養酒オヘペ)
                                   是否完结：是
                                   总页数：58
                                   分类：同人,短篇,姐姐系
                                   章节数：2
                                   最后更新时间：2008-08-16T06:47:21.000Z
                                   =================================================
2026-01-24 23:34:14 - mkk_pika - database.py:101 - INFO - 保存成功：いくみちゃんにくにく 4と5 (食戟之靈)
2026-01-24 23:34:14 - mkk_pika - main.py:35 - INFO - 开始检查Be......Silent是否存在未下载章节
2026-01-24 23:34:14 - mkk_pika - main.py:45 - INFO - 正在下载:[Be......Silent]-[赤月みゅうと]-[['短篇', 'NTR']]-[total_pages:44]
2026-01-24 23:34:14 - mkk_pika - main.py:49 - INFO - [{'_id': '58218e455f6b9a4f93e23531', 'title': '第1集', 'order': 1, 'updated_at': '2016-11-08T08:35:17.630Z', 'id': '58218e455f6b9a4f93e23531'}]
2026-01-24 23:34:14 - mkk_pika - database.py:215 - INFO - 第一次下载该漫画，记录数据库中
2026-01-24 23:34:15 - mkk_pika - main.py:83 - INFO - 找到 44 张图片在:第1集
2026-01-24 23:34:17 - mkk_pika - main.py:112 - INFO - [episode:第1集       ] downloaded:    44, total:  44, progress:100%
2026-01-24 23:34:17 - mkk_pika - database.py:238 - INFO - 数据库更新已下载章节
2026-01-24 23:34:17 - mkk_pika - database.py:244 - INFO - 该漫画已下载章节如下
2026-01-24 23:34:17 - mkk_pika - database.py:245 - INFO - ['第1集']
2026-01-24 23:34:18 - mkk_pika - main.py:348 - INFO - ==================== 漫画信息 ====================
                                   漫画ID：58218e455f6b9a4f93e2352f
                                   标题：Be......Silent
                                   作者：赤月みゅうと
                                   是否完结：是
                                   总页数：44
                                   分类：短篇,NTR
                                   章节数：1
                                   最后更新时间：2008-08-16T16:47:21.000Z
                                   =================================================
2026-01-24 23:34:18 - mkk_pika - database.py:101 - INFO - 保存成功：Be......Silent
2026-01-24 23:34:18 - mkk_pika - main.py:35 - INFO - 开始检查Clannad同人集①是否存在未下载章节
2026-01-24 23:34:18 - mkk_pika - main.py:45 - INFO - 正在下载:[Clannad同人集①]-[夏庵]-[['同人', '短篇', 'NTR']]-[total_pages:106]
2026-01-24 23:34:18 - mkk_pika - main.py:49 - INFO - [{'_id': '58218e465f6b9a4f93e2358d', 'title': '第1集', 'order': 1, 'updated_at': '2016-11-08T08:35:18.401Z', 'id': '58218e465f6b9a4f93e2358d'}, {'_id': '58218e475f6b9a4f93e235d3', 'title': '第2集', 'order': 2, 'updated_at': '2016-11-08T08:35:19.025Z', 'id': '58218e475f6b9a4f93e235d3'}, {'_id': '58218e475f6b9a4f93e23619', 'title': '第3集', 'order': 3, 'updated_at': '2016-11-08T08:35:19.617Z', 'id': '58218e475f6b9a4f93e23619'}]
2026-01-24 23:34:18 - mkk_pika - database.py:215 - INFO - 第一次下载该漫画，记录数据库中
2026-01-24 23:34:19 - mkk_pika - main.py:83 - INFO - 找到 34 张图片在:第1集
2026-01-24 23:34:20 - mkk_pika - main.py:112 - INFO - [episode:第1集       ] downloaded:    34, total:  34, progress:100%
2026-01-24 23:34:20 - mkk_pika - database.py:238 - INFO - 数据库更新已下载章节
2026-01-24 23:34:20 - mkk_pika - database.py:244 - INFO - 该漫画已下载章节如下
2026-01-24 23:34:20 - mkk_pika - database.py:245 - INFO - ['第1集']
2026-01-24 23:34:22 - mkk_pika - main.py:83 - INFO - 找到 34 张图片在:第2集
2026-01-24 23:34:23 - mkk_pika - main.py:112 - INFO - [episode:第2集       ] downloaded:    34, total:  34, progress:100%
2026-01-24 23:34:23 - mkk_pika - database.py:238 - INFO - 数据库更新已下载章节
2026-01-24 23:34:23 - mkk_pika - database.py:244 - INFO - 该漫画已下载章节如下
2026-01-24 23:34:23 - mkk_pika - database.py:245 - INFO - ['第1集', '第2集']
2026-01-24 23:34:25 - mkk_pika - main.py:83 - INFO - 找到 38 张图片在:第3集
2026-01-24 23:34:26 - mkk_pika - main.py:112 - INFO - [episode:第3集       ] downloaded:    38, total:  38, progress:100%
2026-01-24 23:34:26 - mkk_pika - database.py:238 - INFO - 数据库更新已下载章节
2026-01-24 23:34:26 - mkk_pika - database.py:244 - INFO - 该漫画已下载章节如下
2026-01-24 23:34:26 - mkk_pika - database.py:245 - INFO - ['第1集', '第2集', '第3集']
2026-01-24 23:34:27 - mkk_pika - main.py:348 - INFO - ==================== 漫画信息 ====================
                                   漫画ID：58218e455f6b9a4f93e2358b
                                   标题：Clannad同人集①
                                   作者：夏庵
                                   是否完结：是
                                   总页数：106
                                   分类：同人,短篇,NTR
                                   章节数：3
                                   最后更新时间：2008-08-17T02:47:21.000Z
                                   =================================================
2026-01-24 23:34:27 - mkk_pika - database.py:101 - INFO - 保存成功：Clannad同人集①
2026-01-24 23:34:27 - mkk_pika - main.py:35 - INFO - 开始检查Clannd同人集②是否存在未下载章节
2026-01-24 23:34:27 - mkk_pika - main.py:45 - INFO - 正在下载:[Clannd同人集②]-[偽MIDI泥の会 (石恵)，Tony，Friendly Sky(風舞結界)]-[['同人', '短篇', '純愛']]-[total_pages:127]
2026-01-24 23:34:27 - mkk_pika - main.py:49 - INFO - [{'_id': '58218e485f6b9a4f93e23669', 'title': '第1集', 'order': 1, 'updated_at': '2016-11-08T08:35:20.019Z', 'id': '58218e485f6b9a4f93e23669'}, {'_id': '58218e485f6b9a4f93e23689', 'title': '第2集', 'order': 2, 'updated_at': '2016-11-08T08:35:20.571Z', 'id': '58218e485f6b9a4f93e23689'}, {'_id': '58218e495f6b9a4f93e236d1', 'title': '第3集', 'order': 3, 'updated_at': '2016-11-08T08:35:21.186Z', 'id': '58218e495f6b9a4f93e236d1'}, {'_id': '58218e4a5f6b9a4f93e23701', 'title': '第4集', 'order': 4, 'updated_at': '2016-11-08T08:35:22.144Z', 'id': '58218e4a5f6b9a4f93e23701'}, {'_id': '58218e4a5f6b9a4f93e2373b', 'title': '第5集', 'order': 5, 'updated_at': '2016-11-08T08:35:22.722Z', 'id': '58218e4a5f6b9a4f93e2373b'}]
2026-01-24 23:34:27 - mkk_pika - database.py:215 - INFO - 第一次下载该漫画，记录数据库中
2026-01-24 23:34:28 - mkk_pika - main.py:83 - INFO - 找到 15 张图片在:第1集
2026-01-24 23:34:29 - mkk_pika - main.py:112 - INFO - [episode:第1集       ] downloaded:    15, total:  15, progress:100%
2026-01-24 23:34:29 - mkk_pika - database.py:238 - INFO - 数据库更新已下载章节
2026-01-24 23:34:29 - mkk_pika - database.py:244 - INFO - 该漫画已下载章节如下
2026-01-24 23:34:29 - mkk_pika - database.py:245 - INFO - ['第1集']
2026-01-24 23:34:30 - mkk_pika - main.py:83 - INFO - 找到 35 张图片在:第2集
2026-01-24 23:34:31 - mkk_pika - main.py:112 - INFO - [episode:第2集       ] downloaded:    35, total:  35, progress:100%
2026-01-24 23:34:31 - mkk_pika - database.py:238 - INFO - 数据库更新已下载章节
2026-01-24 23:34:31 - mkk_pika - database.py:244 - INFO - 该漫画已下载章节如下
2026-01-24 23:34:31 - mkk_pika - database.py:245 - INFO - ['第1集', '第2集']
2026-01-24 23:34:33 - mkk_pika - main.py:83 - INFO - 找到 23 张图片在:第3集
2026-01-24 23:34:34 - mkk_pika - main.py:112 - INFO - [episode:第3集       ] downloaded:    23, total:  23, progress:100%
2026-01-24 23:34:34 - mkk_pika - database.py:238 - INFO - 数据库更新已下载章节
2026-01-24 23:34:34 - mkk_pika - database.py:244 - INFO - 该漫画已下载章节如下
2026-01-24 23:34:34 - mkk_pika - database.py:245 - INFO - ['第1集', '第2集', '第3集']
2026-01-24 23:34:36 - mkk_pika - main.py:83 - INFO - 找到 28 张图片在:第4集
2026-01-24 23:34:37 - mkk_pika - main.py:112 - INFO - [episode:第4集       ] downloaded:    28, total:  28, progress:100%
2026-01-24 23:34:37 - mkk_pika - database.py:238 - INFO - 数据库更新已下载章节
2026-01-24 23:34:37 - mkk_pika - database.py:244 - INFO - 该漫画已下载章节如下
2026-01-24 23:34:37 - mkk_pika - database.py:245 - INFO - ['第1集', '第2集', '第3集', '第4集']
2026-01-24 23:34:38 - mkk_pika - main.py:83 - INFO - 找到 26 张图片在:第5集
2026-01-24 23:34:39 - mkk_pika - main.py:112 - INFO - [episode:第5集       ] downloaded:    26, total:  26, progress:100%
2026-01-24 23:34:39 - mkk_pika - database.py:238 - INFO - 数据库更新已下载章节
2026-01-24 23:34:39 - mkk_pika - database.py:244 - INFO - 该漫画已下载章节如下
2026-01-24 23:34:39 - mkk_pika - database.py:245 - INFO - ['第1集', '第2集', '第3集', '第4集', '第5集']
2026-01-24 23:34:40 - mkk_pika - main.py:348 - INFO - ==================== 漫画信息 ====================
                                   漫画ID：58218e475f6b9a4f93e23667
                                   标题：Clannd同人集②
                                   作者：偽MIDI泥の会 (石恵)，Tony，Friendly Sky(風舞結界)
                                   是否完结：是
                                   总页数：127
                                   分类：同人,短篇,純愛
                                   章节数：5
                                   最后更新时间：2008-08-17T12:47:21.000Z
                                   =================================================
2026-01-24 23:34:40 - mkk_pika - database.py:101 - INFO - 保存成功：Clannd同人集②
2026-01-24 23:34:40 - mkk_pika - main.py:35 - INFO - 开始检查ボスのだがし (粗點心戰爭)是否存在未下载章节
2026-01-24 23:34:41 - mkk_pika - main.py:45 - INFO - 正在下载:[ボスのだがし (粗點心戰爭)]-[百々ふぐり (しんどう)]-[['同人', '短篇']]-[total_pages:25]
2026-01-24 23:34:41 - mkk_pika - main.py:49 - INFO - [{'_id': '5ebd69291da06d11dffd71d9', 'title': '第1話', 'order': 1, 'updated_at': '2020-05-14T15:41:26.472Z', 'id': '5ebd69291da06d11dffd71d9'}]
2026-01-24 23:34:41 - mkk_pika - database.py:215 - INFO - 第一次下载该漫画，记录数据库中
2026-01-24 23:34:41 - mkk_pika - main.py:83 - INFO - 找到 25 张图片在:第1話
2026-01-24 23:34:42 - mkk_pika - main.py:112 - INFO - [episode:第1話       ] downloaded:    25, total:  25, progress:100%
2026-01-24 23:34:42 - mkk_pika - database.py:238 - INFO - 数据库更新已下载章节
2026-01-24 23:34:42 - mkk_pika - database.py:244 - INFO - 该漫画已下载章节如下
2026-01-24 23:34:42 - mkk_pika - database.py:245 - INFO - ['第1話']
2026-01-24 23:34:44 - mkk_pika - main.py:348 - INFO - ==================== 漫画信息 ====================
                                   漫画ID：58218e4a5f6b9a4f93e23771
                                   标题：ボスのだがし (粗點心戰爭)
                                   作者：百々ふぐり (しんどう)
                                   是否完结：是
                                   总页数：25
                                   分类：同人,短篇
                                   章节数：1
                                   最后更新时间：2008-08-17T22:47:21.000Z
                                   =================================================
2026-01-24 23:34:44 - mkk_pika - database.py:101 - INFO - 保存成功：ボスのだがし (粗點心戰爭)
2026-01-24 23:34:44 - mkk_pika - main.py:35 - INFO - 开始检查Angelical Pendulum是否存在未下载章节
2026-01-24 23:34:44 - mkk_pika - main.py:45 - INFO - 正在下载:[Angelical Pendulum]-[的良 みらん]-[['長篇']]-[total_pages:168]
2026-01-24 23:34:44 - mkk_pika - main.py:49 - INFO - [{'_id': '58218e4b5f6b9a4f93e237a5', 'title': '第1集', 'order': 1, 'updated_at': '2016-11-08T08:35:23.779Z', 'id': '58218e4b5f6b9a4f93e237a5'}]
2026-01-24 23:34:44 - mkk_pika - database.py:215 - INFO - 第一次下载该漫画，记录数据库中
2026-01-24 23:34:46 - mkk_pika - main.py:83 - INFO - 找到 168 张图片在:第1集
2026-01-24 23:34:52 - mkk_pika - main.py:112 - INFO - [episode:第1集       ] downloaded:   168, total: 168, progress:100%
2026-01-24 23:34:52 - mkk_pika - database.py:238 - INFO - 数据库更新已下载章节
2026-01-24 23:34:52 - mkk_pika - database.py:244 - INFO - 该漫画已下载章节如下
2026-01-24 23:34:52 - mkk_pika - database.py:245 - INFO - ['第1集']
2026-01-24 23:34:53 - mkk_pika - main.py:348 - INFO - ==================== 漫画信息 ====================
                                   漫画ID：58218e4b5f6b9a4f93e237a3
                                   标题：Angelical Pendulum
                                   作者：的良 みらん
                                   是否完结：是
                                   总页数：168
                                   分类：長篇
                                   章节数：1
                                   最后更新时间：2008-08-18T08:47:21.000Z
                                   =================================================
2026-01-24 23:34:53 - mkk_pika - database.py:101 - INFO - 保存成功：Angelical Pendulum
2026-01-24 23:34:53 - mkk_pika - main.py:35 - INFO - 开始检查Clannad同人集③是否存在未下载章节
2026-01-24 23:34:53 - mkk_pika - main.py:45 - INFO - 正在下载:[Clannad同人集③]-[PASTEL WING，悪徳同盟&てるおはるお&Limeted]-[['同人', '短篇', '純愛']]-[total_pages:44]
2026-01-24 23:34:53 - mkk_pika - main.py:49 - INFO - [{'_id': '58218e4c5f6b9a4f93e238f9', 'title': '第1集', 'order': 1, 'updated_at': '2016-11-08T08:35:24.816Z', 'id': '58218e4c5f6b9a4f93e238f9'}, {'_id': '58218e4d5f6b9a4f93e2392b', 'title': '第2集', 'order': 2, 'updated_at': '2016-11-08T08:35:25.212Z', 'id': '58218e4d5f6b9a4f93e2392b'}]
2026-01-24 23:34:53 - mkk_pika - database.py:215 - INFO - 第一次下载该漫画，记录数据库中
2026-01-24 23:34:54 - mkk_pika - main.py:83 - INFO - 找到 24 张图片在:第1集
2026-01-24 23:34:55 - mkk_pika - main.py:112 - INFO - [episode:第1集       ] downloaded:    24, total:  24, progress:100%
2026-01-24 23:34:55 - mkk_pika - database.py:238 - INFO - 数据库更新已下载章节
2026-01-24 23:34:55 - mkk_pika - database.py:244 - INFO - 该漫画已下载章节如下
2026-01-24 23:34:55 - mkk_pika - database.py:245 - INFO - ['第1集']
2026-01-24 23:34:56 - mkk_pika - main.py:83 - INFO - 找到 20 张图片在:第2集
2026-01-24 23:34:57 - mkk_pika - main.py:112 - INFO - [episode:第2集       ] downloaded:    20, total:  20, progress:100%
2026-01-24 23:34:57 - mkk_pika - database.py:238 - INFO - 数据库更新已下载章节
2026-01-24 23:34:57 - mkk_pika - database.py:244 - INFO - 该漫画已下载章节如下
2026-01-24 23:34:57 - mkk_pika - database.py:245 - INFO - ['第1集', '第2集']
2026-01-24 23:34:58 - mkk_pika - main.py:348 - INFO - ==================== 漫画信息 ====================
                                   漫画ID：58218e4c5f6b9a4f93e238f7
                                   标题：Clannad同人集③
                                   作者：PASTEL WING，悪徳同盟&てるおはるお&Limeted
                                   是否完结：是
                                   总页数：44
                                   分类：同人,短篇,純愛
                                   章节数：2
                                   最后更新时间：2008-08-18T18:47:21.000Z
                                   =================================================
2026-01-24 23:34:58 - mkk_pika - database.py:101 - INFO - 保存成功：Clannad同人集③
2026-01-24 23:34:58 - mkk_pika - main.py:35 - INFO - 开始检查妹の友達は同じ屋根で一人暮らしの巨乳ちゃん (干物妹!うまるちゃん)是否存在未下载章节
2026-01-24 23:34:59 - mkk_pika - main.py:45 - INFO - 正在下载:[妹の友達は同じ屋根で一人暮らしの巨乳ちゃん (干物妹!うまるちゃん)]-[P-Forest (穂積貴志)]-[['同人', '短篇', '妹妹系', '純愛']]-[total_pages:30]
2026-01-24 23:34:59 - mkk_pika - main.py:49 - INFO - [{'_id': '58218e4d5f6b9a4f93e23957', 'title': '第1集', 'order': 1, 'updated_at': '2016-11-08T08:35:25.876Z', 'id': '58218e4d5f6b9a4f93e23957'}]
2026-01-24 23:34:59 - mkk_pika - database.py:215 - INFO - 第一次下载该漫画，记录数据库中
2026-01-24 23:34:59 - mkk_pika - main.py:83 - INFO - 找到 30 张图片在:第1集
2026-01-24 23:35:00 - mkk_pika - main.py:112 - INFO - [episode:第1集       ] downloaded:    30, total:  30, progress:100%
2026-01-24 23:35:00 - mkk_pika - database.py:238 - INFO - 数据库更新已下载章节
2026-01-24 23:35:00 - mkk_pika - database.py:244 - INFO - 该漫画已下载章节如下
2026-01-24 23:35:00 - mkk_pika - database.py:245 - INFO - ['第1集']
2026-01-24 23:35:02 - mkk_pika - main.py:348 - INFO - ==================== 漫画信息 ====================
                                   漫画ID：58218e4d5f6b9a4f93e23955
                                   标题：妹の友達は同じ屋根で一人暮らしの巨乳ちゃん (干物妹!うまるちゃん)
                                   作者：P-Forest (穂積貴志)
                                   是否完结：是
                                   总页数：30
                                   分类：同人,短篇,妹妹系,純愛
                                   章节数：1
                                   最后更新时间：2008-08-19T04:47:21.000Z
                                   =================================================
2026-01-24 23:35:02 - mkk_pika - database.py:101 - INFO - 保存成功：妹の友達は同じ屋根で一人暮らしの巨乳ちゃん (干物妹!うまるちゃん)
2026-01-24 23:35:02 - mkk_pika - main.py:35 - INFO - 开始检查Angelical Pendulum 2是否存在未下载章节
2026-01-24 23:35:02 - mkk_pika - main.py:45 - INFO - 正在下载:[Angelical Pendulum 2]-[的良 みらん]-[['長篇']]-[total_pages:189]
2026-01-24 23:35:02 - mkk_pika - main.py:49 - INFO - [{'_id': '58218e4e5f6b9a4f93e23997', 'title': '第1集', 'order': 1, 'updated_at': '2016-11-08T08:35:26.562Z', 'id': '58218e4e5f6b9a4f93e23997'}]
2026-01-24 23:35:02 - mkk_pika - database.py:215 - INFO - 第一次下载该漫画，记录数据库中
2026-01-24 23:35:04 - mkk_pika - main.py:83 - INFO - 找到 189 张图片在:第1集
2026-01-24 23:35:10 - mkk_pika - main.py:112 - INFO - [episode:第1集       ] downloaded:   189, total: 189, progress:100%
2026-01-24 23:35:10 - mkk_pika - database.py:238 - INFO - 数据库更新已下载章节
2026-01-24 23:35:10 - mkk_pika - database.py:244 - INFO - 该漫画已下载章节如下
2026-01-24 23:35:10 - mkk_pika - database.py:245 - INFO - ['第1集']
2026-01-24 23:35:11 - mkk_pika - main.py:348 - INFO - ==================== 漫画信息 ====================
                                   漫画ID：58218e4e5f6b9a4f93e23995
                                   标题：Angelical Pendulum 2
                                   作者：的良 みらん
                                   是否完结：是
                                   总页数：189
                                   分类：長篇
                                   章节数：1
                                   最后更新时间：2008-08-19T14:47:21.000Z
                                   =================================================
2026-01-24 23:35:11 - mkk_pika - database.py:101 - INFO - 保存成功：Angelical Pendulum 2
2026-01-24 23:35:11 - mkk_pika - main.py:35 - INFO - 开始检查Closest Sister(ToLOVEる ダークネス) 是否存在未下载章节
2026-01-24 23:35:12 - mkk_pika - main.py:45 - INFO - 正在下载:[Closest Sister(ToLOVEる ダークネス) ]-[40010壱號 (40010試作型)]-[['同人', '短篇', '妹妹系']]-[total_pages:33]
2026-01-24 23:35:12 - mkk_pika - main.py:49 - INFO - [{'_id': '58218e4f5f6b9a4f93e23b15', 'title': '第1集', 'order': 1, 'updated_at': '2016-11-08T08:35:27.729Z', 'id': '58218e4f5f6b9a4f93e23b15'}]
2026-01-24 23:35:12 - mkk_pika - database.py:215 - INFO - 第一次下载该漫画，记录数据库中
2026-01-24 23:35:12 - mkk_pika - main.py:83 - INFO - 找到 33 张图片在:第1集
2026-01-24 23:35:14 - mkk_pika - main.py:112 - INFO - [episode:第1集       ] downloaded:    33, total:  33, progress:100%
2026-01-24 23:35:14 - mkk_pika - database.py:238 - INFO - 数据库更新已下载章节
2026-01-24 23:35:14 - mkk_pika - database.py:244 - INFO - 该漫画已下载章节如下
2026-01-24 23:35:14 - mkk_pika - database.py:245 - INFO - ['第1集']
2026-01-24 23:35:15 - mkk_pika - main.py:348 - INFO - ==================== 漫画信息 ====================
                                   漫画ID：58218e4f5f6b9a4f93e23b13
                                   标题：Closest Sister(ToLOVEる ダークネス) 
                                   作者：40010壱號 (40010試作型)
                                   是否完结：是
                                   总页数：33
                                   分类：同人,短篇,妹妹系
                                   章节数：1
                                   最后更新时间：2008-08-20T00:47:21.000Z
                                   =================================================
2026-01-24 23:35:15 - mkk_pika - database.py:101 - INFO - 保存成功：Closest Sister(ToLOVEる ダークネス) 
2026-01-24 23:35:15 - mkk_pika - main.py:380 - INFO - 本次任务下载完毕
2026-01-24 23:35:15 - mkk_pika - database.py:173 - INFO - 数据库连接已关闭
