2026-02-03 23:38:21 - mkk_pika - main.py:193 - INFO - =======================================================================
2026-02-03 23:38:21 - mkk_pika - database.py:61 - INFO - 表和索引初始化成功
2026-02-03 23:38:21 - mkk_pika - main.py:197 - INFO - 已经累计下载1858本漫画
2026-02-03 23:38:22 - mkk_pika - api.py:87 - INFO - 登录成功
2026-02-03 23:38:22 - mkk_pika - main.py:203 - INFO - 收藏夹共计1本漫画
2026-02-03 23:38:22 - mkk_pika - main.py:206 - INFO - 开始下载收藏夹内未下载内容
2026-02-03 23:38:22 - mkk_pika - main.py:35 - INFO - 开始检查[Artist] BBStaff（AI）是否存在未下载章节
2026-02-03 23:38:23 - mkk_pika - database.py:203 - INFO - 查询数据库中是否已存在伊蕾娜
2026-02-03 23:38:23 - mkk_pika - database.py:203 - INFO - 查询数据库中是否已存在金色暗影
2026-02-03 23:38:23 - mkk_pika - database.py:203 - INFO - 查询数据库中是否已存在惠惠
2026-02-03 23:38:23 - mkk_pika - database.py:203 - INFO - 查询数据库中是否已存在结城美柑
2026-02-03 23:38:23 - mkk_pika - database.py:203 - INFO - 查询数据库中是否已存在贝尔泽古·斯黛莉休·索德·爱丽丝
2026-02-03 23:38:23 - mkk_pika - database.py:203 - INFO - 查询数据库中是否已存在板柳有栖
2026-02-03 23:38:23 - mkk_pika - database.py:203 - INFO - 查询数据库中是否已存在尤菲莉亚·玛泽塔
2026-02-03 23:38:23 - mkk_pika - database.py:203 - INFO - 查询数据库中是否已存在椎名日和
2026-02-03 23:38:23 - mkk_pika - database.py:203 - INFO - 查询数据库中是否已存在高町奈叶
2026-02-03 23:38:23 - mkk_pika - database.py:203 - INFO - 查询数据库中是否已存在星野瑠美衣
2026-02-03 23:38:23 - mkk_pika - database.py:203 - INFO - 查询数据库中是否已存在小柳香穗
2026-02-03 23:38:23 - mkk_pika - database.py:203 - INFO - 查询数据库中是否已存在甘织玲奈子
2026-02-03 23:38:23 - mkk_pika - database.py:203 - INFO - 查询数据库中是否已存在伊地知虹夏
2026-02-03 23:38:23 - mkk_pika - database.py:203 - INFO - 查询数据库中是否已存在芙兰达·塞维伦
2026-02-03 23:38:23 - mkk_pika - database.py:203 - INFO - 查询数据库中是否已存在小美浪爱澄
2026-02-03 23:38:23 - mkk_pika - database.py:203 - INFO - 查询数据库中是否已存在有马加奈
2026-02-03 23:38:23 - mkk_pika - database.py:203 - INFO - 查询数据库中是否已存在白银圭
2026-02-03 23:38:23 - mkk_pika - database.py:203 - INFO - 查询数据库中是否已存在鹿目圆香
2026-02-03 23:38:23 - mkk_pika - database.py:203 - INFO - 查询数据库中是否已存在莉赛萝黛·库雷提雅
2026-02-03 23:38:23 - mkk_pika - database.py:203 - INFO - 查询数据库中是否已存在空银子
2026-02-03 23:38:23 - mkk_pika - database.py:203 - INFO - 查询数据库中是否已存在谷地仁花
2026-02-03 23:38:23 - mkk_pika - main.py:51 - INFO - [Artist] BBStaff（AI）中没有可下载章节
2026-02-03 23:38:23 - mkk_pika - main.py:224 - INFO - ==================== 漫画信息 ====================
                漫画ID：687a1b80ecd86823a404aa48
                标题：[Artist] BBStaff（AI）
                作者：BBStaff
                是否完结：否
                总页数：4149
                分类：全彩,同人,CG雜圖
                章节数：21
                最后更新时间：2026-01-05T15:24:08.585Z
                =================================================
2026-02-03 23:38:23 - mkk_pika - database.py:101 - INFO - 保存成功：[Artist] BBStaff（AI）
2026-02-03 23:38:23 - mkk_pika - util.py:164 - INFO - 目标时间（UTC）：2026-01-05 15:24:08.585000+00:00
2026-02-03 23:38:23 - mkk_pika - util.py:165 - INFO - 当前UTC时间：2026-02-03 23:38:23.450733+00:00
2026-02-03 23:38:23 - mkk_pika - util.py:167 - INFO - 相差：29 天 8 小时 14 分钟
2026-02-03 23:38:23 - mkk_pika - main.py:266 - INFO - 收藏夹内容下载完毕
2026-02-03 23:38:23 - mkk_pika - main.py:268 - INFO - 开始下载订阅内容
2026-02-03 23:38:23 - mkk_pika - database.py:258 - INFO - 根据ID查询到标题：萝莉 -> ダンスダンスするのだ！ (コミックメガストアα 2018年05月号) [中国翻訳] [DL版]
2026-02-03 23:38:24 - mkk_pika - database.py:101 - INFO - 保存成功：ダンスダンスするのだ！ (コミックメガストアα 2018年05月号) [中国翻訳] [DL版]
2026-02-03 23:38:24 - mkk_pika - main.py:273 - INFO - 关键词萝莉找到0本漫画
2026-02-03 23:38:24 - mkk_pika - database.py:258 - INFO - 根据ID查询到标题：蘿莉 -> 温かソラようび (ブルーアーカイブ)
2026-02-03 23:38:24 - mkk_pika - database.py:101 - INFO - 保存成功：常識改変アプリ『カイヘンくん』でヤリたい放題！
2026-02-03 23:38:24 - mkk_pika - main.py:273 - INFO - 关键词蘿莉找到3本漫画
2026-02-03 23:38:24 - mkk_pika - main.py:275 - INFO - 订阅内容共计3本漫画
2026-02-03 23:38:24 - mkk_pika - main.py:35 - INFO - 开始检查常識改変アプリ『カイヘンくん』でヤリたい放題！是否存在未下载章节
2026-02-03 23:38:25 - mkk_pika - main.py:45 - INFO - 正在下载:[常識改変アプリ『カイヘンくん』でヤリたい放題！]-[もるたまご (もるた)]-[['長篇']]-[total_pages:-1]
2026-02-03 23:38:25 - mkk_pika - main.py:49 - INFO - [{'_id': '698246e9bea7632a982d0165', 'title': '第1話', 'order': 1, 'updated_at': '2026-02-03T09:35:06.051Z', 'id': '698246e9bea7632a982d0165'}]
2026-02-03 23:38:25 - mkk_pika - database.py:215 - INFO - 第一次下载该漫画，记录数据库中
2026-02-03 23:38:26 - mkk_pika - main.py:83 - INFO - 找到 62 张图片在:第1話
2026-02-03 23:38:28 - mkk_pika - main.py:112 - INFO - [episode:第1話       ] downloaded:    62, total:  62, progress:100%
2026-02-03 23:38:28 - mkk_pika - database.py:238 - INFO - 数据库更新已下载章节
2026-02-03 23:38:28 - mkk_pika - database.py:244 - INFO - 该漫画已下载章节如下
2026-02-03 23:38:28 - mkk_pika - database.py:245 - INFO - ['第1話']
2026-02-03 23:38:29 - mkk_pika - main.py:292 - INFO - ==================== 漫画信息 ====================
                                漫画ID：698246e9bea7632a982d0164
                                标题：常識改変アプリ『カイヘンくん』でヤリたい放題！
                                作者：もるたまご (もるた)
                                是否完结：是
                                总页数：62
                                分类：長篇
                                章节数：1
                                最后更新时间：2026-02-03T19:05:13.829Z
                                =================================================
2026-02-03 23:38:29 - mkk_pika - database.py:101 - INFO - 保存成功：常識改変アプリ『カイヘンくん』でヤリたい放題！
2026-02-03 23:38:29 - mkk_pika - main.py:35 - INFO - 开始检查もっといっぱい触れたくて是否存在未下载章节
2026-02-03 23:38:30 - mkk_pika - database.py:203 - INFO - 查询数据库中是否已存在第1話
2026-02-03 23:38:30 - mkk_pika - main.py:51 - INFO - もっといっぱい触れたくて中没有可下载章节
2026-02-03 23:38:30 - mkk_pika - main.py:292 - INFO - ==================== 漫画信息 ====================
                                漫画ID：6717c52bd6f99661ce7a06d3
                                标题：もっといっぱい触れたくて
                                作者：ウタタネ
                                是否完结：是
                                总页数：184
                                分类：長篇,妹妹系
                                章节数：1
                                最后更新时间：2024-10-22T15:30:51.279Z
                                =================================================
2026-02-03 23:38:30 - mkk_pika - database.py:101 - INFO - 保存成功：もっといっぱい触れたくて
2026-02-03 23:38:30 - mkk_pika - main.py:35 - INFO - 开始检查My Dear ActL1s是否存在未下载章节
2026-02-03 23:38:30 - mkk_pika - main.py:45 - INFO - 正在下载:[My Dear ActL1s]-[Inharmonicity (ホトケノザ)]-[['短篇', '同人']]-[total_pages:-1]
2026-02-03 23:38:30 - mkk_pika - main.py:49 - INFO - [{'_id': '6982462043481459165f1f07', 'title': '第1話', 'order': 1, 'updated_at': '2026-02-02T12:02:49.828Z', 'id': '6982462043481459165f1f07'}]
2026-02-03 23:38:30 - mkk_pika - database.py:215 - INFO - 第一次下载该漫画，记录数据库中
2026-02-03 23:38:31 - mkk_pika - main.py:83 - INFO - 找到 22 张图片在:第1話
2026-02-03 23:38:32 - mkk_pika - main.py:112 - INFO - [episode:第1話       ] downloaded:    22, total:  22, progress:100%
2026-02-03 23:38:32 - mkk_pika - database.py:238 - INFO - 数据库更新已下载章节
2026-02-03 23:38:32 - mkk_pika - database.py:244 - INFO - 该漫画已下载章节如下
2026-02-03 23:38:32 - mkk_pika - database.py:245 - INFO - ['第1話']
2026-02-03 23:38:34 - mkk_pika - main.py:292 - INFO - ==================== 漫画信息 ====================
                                漫画ID：6982462043481459165f1f06
                                标题：My Dear ActL1s
                                作者：Inharmonicity (ホトケノザ)
                                是否完结：否
                                总页数：22
                                分类：短篇,同人
                                章节数：1
                                最后更新时间：2026-02-03T19:01:52.316Z
                                =================================================
2026-02-03 23:38:34 - mkk_pika - database.py:101 - INFO - 保存成功：My Dear ActL1s
2026-02-03 23:38:34 - mkk_pika - main.py:323 - INFO - 订阅内容内容下载完毕
2026-02-03 23:38:34 - mkk_pika - main.py:324 - INFO - 开始分批下载全部章节
2026-02-03 23:38:34 - mkk_pika - database.py:280 - INFO - 表和索引初始化成功
2026-02-03 23:38:34 - mkk_pika - main.py:177 - INFO - 已经下载了87页，一共6716页，现在开始添加第88页
2026-02-03 23:38:35 - mkk_pika - database.py:318 - INFO - 保存成功
2026-02-03 23:38:35 - mkk_pika - main.py:177 - INFO - 已经下载了88页，一共6716页，现在开始添加第89页
2026-02-03 23:38:36 - mkk_pika - database.py:318 - INFO - 保存成功
2026-02-03 23:38:36 - mkk_pika - main.py:331 - INFO - 分批下载共计32本漫画
2026-02-03 23:38:36 - mkk_pika - main.py:35 - INFO - 开始检查(C84)苗木と舞園さんが付き合ってる前提の漫画 (ダンガンロンパ)是否存在未下载章节
2026-02-03 23:38:36 - mkk_pika - main.py:45 - INFO - 正在下载:[(C84)苗木と舞園さんが付き合ってる前提の漫画 (ダンガンロンパ)]-[Jacklake (越村)]-[['同人', '短篇', '純愛']]-[total_pages:24]
2026-02-03 23:38:36 - mkk_pika - main.py:49 - INFO - [{'_id': '5821909d5f6b9a4f93e41419', 'title': '第1集', 'order': 1, 'updated_at': '2016-11-08T08:45:17.094Z', 'id': '5821909d5f6b9a4f93e41419'}]
2026-02-03 23:38:36 - mkk_pika - database.py:215 - INFO - 第一次下载该漫画，记录数据库中
2026-02-03 23:38:37 - mkk_pika - main.py:83 - INFO - 找到 24 张图片在:第1集
2026-02-03 23:38:37 - mkk_pika - main.py:112 - INFO - [episode:第1集       ] downloaded:    24, total:  24, progress:100%
2026-02-03 23:38:37 - mkk_pika - database.py:238 - INFO - 数据库更新已下载章节
2026-02-03 23:38:37 - mkk_pika - database.py:244 - INFO - 该漫画已下载章节如下
2026-02-03 23:38:37 - mkk_pika - database.py:245 - INFO - ['第1集']
2026-02-03 23:38:39 - mkk_pika - main.py:348 - INFO - ==================== 漫画信息 ====================
                                   漫画ID：5821909c5f6b9a4f93e41417
                                   标题：(C84)苗木と舞園さんが付き合ってる前提の漫画 (ダンガンロンパ)
                                   作者：Jacklake (越村)
                                   是否完结：是
                                   总页数：24
                                   分类：同人,短篇,純愛
                                   章节数：1
                                   最后更新时间：2009-02-05T04:47:19.000Z
                                   =================================================
2026-02-03 23:38:39 - mkk_pika - database.py:101 - INFO - 保存成功：(C84)苗木と舞園さんが付き合ってる前提の漫画 (ダンガンロンパ)
2026-02-03 23:38:39 - mkk_pika - main.py:35 - INFO - 开始检查(COMIC1☆7)ダンガン分岐ルート(ダンガンロンパ 希望の学園と絶望の高校生 )是否存在未下载章节
2026-02-03 23:38:39 - mkk_pika - main.py:45 - INFO - 正在下载:[(COMIC1☆7)ダンガン分岐ルート(ダンガンロンパ 希望の学園と絶望の高校生 )]-[INS-mode(天凪青磁)]-[['同人', '短篇']]-[total_pages:21]
2026-02-03 23:38:39 - mkk_pika - main.py:49 - INFO - [{'_id': '5821909d5f6b9a4f93e4144d', 'title': '第1集', 'order': 1, 'updated_at': '2016-11-08T08:45:17.687Z', 'id': '5821909d5f6b9a4f93e4144d'}]
2026-02-03 23:38:39 - mkk_pika - database.py:215 - INFO - 第一次下载该漫画，记录数据库中
2026-02-03 23:38:40 - mkk_pika - main.py:83 - INFO - 找到 21 张图片在:第1集
2026-02-03 23:38:40 - mkk_pika - main.py:112 - INFO - [episode:第1集       ] downloaded:    21, total:  21, progress:100%
2026-02-03 23:38:40 - mkk_pika - database.py:238 - INFO - 数据库更新已下载章节
2026-02-03 23:38:40 - mkk_pika - database.py:244 - INFO - 该漫画已下载章节如下
2026-02-03 23:38:40 - mkk_pika - database.py:245 - INFO - ['第1集']
2026-02-03 23:38:41 - mkk_pika - main.py:348 - INFO - ==================== 漫画信息 ====================
                                   漫画ID：5821909d5f6b9a4f93e4144b
                                   标题：(COMIC1☆7)ダンガン分岐ルート(ダンガンロンパ 希望の学園と絶望の高校生 )
                                   作者：INS-mode(天凪青磁)
                                   是否完结：是
                                   总页数：21
                                   分类：同人,短篇
                                   章节数：1
                                   最后更新时间：2009-02-05T14:47:19.000Z
                                   =================================================
2026-02-03 23:38:41 - mkk_pika - database.py:101 - INFO - 保存成功：(COMIC1☆7)ダンガン分岐ルート(ダンガンロンパ 希望の学園と絶望の高校生 )
2026-02-03 23:38:41 - mkk_pika - main.py:35 - INFO - 开始检查(例大祭10) [Caramel Macchiato (まき)] チルノちゃんにおあずけされたい人向け (東方Project)是否存在未下载章节
2026-02-03 23:38:42 - mkk_pika - main.py:45 - INFO - 正在下载:[(例大祭10) [Caramel Macchiato (まき)] チルノちゃんにおあずけされたい人向け (東方Project)]-[Caramel Macchiato (まき)]-[['同人', '短篇', '全彩', '足の恋']]-[total_pages:9]
2026-02-03 23:38:42 - mkk_pika - main.py:49 - INFO - [{'_id': '5821909e5f6b9a4f93e414b7', 'title': '第1集', 'order': 1, 'updated_at': '2016-11-08T08:45:18.683Z', 'id': '5821909e5f6b9a4f93e414b7'}]
2026-02-03 23:38:42 - mkk_pika - database.py:215 - INFO - 第一次下载该漫画，记录数据库中
2026-02-03 23:38:42 - mkk_pika - main.py:83 - INFO - 找到 9 张图片在:第1集
2026-02-03 23:38:43 - mkk_pika - main.py:112 - INFO - [episode:第1集       ] downloaded:     9, total:   9, progress:100%
2026-02-03 23:38:43 - mkk_pika - database.py:238 - INFO - 数据库更新已下载章节
2026-02-03 23:38:43 - mkk_pika - database.py:244 - INFO - 该漫画已下载章节如下
2026-02-03 23:38:43 - mkk_pika - database.py:245 - INFO - ['第1集']
2026-02-03 23:38:44 - mkk_pika - main.py:348 - INFO - ==================== 漫画信息 ====================
                                   漫画ID：5821909e5f6b9a4f93e414b5
                                   标题：(例大祭10) [Caramel Macchiato (まき)] チルノちゃんにおあずけされたい人向け (東方Project)
                                   作者：Caramel Macchiato (まき)
                                   是否完结：否
                                   总页数：9
                                   分类：同人,短篇,全彩,足の恋
                                   章节数：1
                                   最后更新时间：2009-02-06T10:47:19.000Z
                                   =================================================
2026-02-03 23:38:44 - mkk_pika - database.py:101 - INFO - 保存成功：(例大祭10) [Caramel Macchiato (まき)] チルノちゃんにおあずけされたい人向け (東方Project)
2026-02-03 23:38:44 - mkk_pika - main.py:35 - INFO - 开始检查(C83) [Caramel Macchiato (まき)] きっとおとなりさんですね (東方Project)是否存在未下载章节
2026-02-03 23:38:44 - mkk_pika - main.py:45 - INFO - 正在下载:[(C83) [Caramel Macchiato (まき)] きっとおとなりさんですね (東方Project)]-[Caramel Macchiato (まき)]-[['同人', '短篇', '全彩']]-[total_pages:19]
2026-02-03 23:38:44 - mkk_pika - main.py:49 - INFO - [{'_id': '5821909f5f6b9a4f93e414cd', 'title': '第1集', 'order': 1, 'updated_at': '2016-11-08T08:45:19.039Z', 'id': '5821909f5f6b9a4f93e414cd'}]
2026-02-03 23:38:44 - mkk_pika - database.py:215 - INFO - 第一次下载该漫画，记录数据库中
2026-02-03 23:38:45 - mkk_pika - main.py:83 - INFO - 找到 19 张图片在:第1集
2026-02-03 23:38:45 - mkk_pika - main.py:112 - INFO - [episode:第1集       ] downloaded:    19, total:  19, progress:100%
2026-02-03 23:38:45 - mkk_pika - database.py:238 - INFO - 数据库更新已下载章节
2026-02-03 23:38:45 - mkk_pika - database.py:244 - INFO - 该漫画已下载章节如下
2026-02-03 23:38:45 - mkk_pika - database.py:245 - INFO - ['第1集']
2026-02-03 23:38:47 - mkk_pika - main.py:348 - INFO - ==================== 漫画信息 ====================
                                   漫画ID：5821909e5f6b9a4f93e414cb
                                   标题：(C83) [Caramel Macchiato (まき)] きっとおとなりさんですね (東方Project)
                                   作者：Caramel Macchiato (まき)
                                   是否完结：否
                                   总页数：19
                                   分类：同人,短篇,全彩
                                   章节数：1
                                   最后更新时间：2009-02-06T20:47:19.000Z
                                   =================================================
2026-02-03 23:38:47 - mkk_pika - database.py:101 - INFO - 保存成功：(C83) [Caramel Macchiato (まき)] きっとおとなりさんですね (東方Project)
2026-02-03 23:38:47 - mkk_pika - main.py:35 - INFO - 开始检查(COMIC1☆7) [悪転奏進 (黒糖ニッケ)] フラクシナス大乱交パーティー (デート・ア・ライブ)是否存在未下载章节
2026-02-03 23:38:47 - mkk_pika - main.py:45 - INFO - 正在下载:[(COMIC1☆7) [悪転奏進 (黒糖ニッケ)] フラクシナス大乱交パーティー (デート・ア・ライブ)]-[悪転奏進 (黒糖ニッケ)]-[['同人', '短篇']]-[total_pages:27]
2026-02-03 23:38:47 - mkk_pika - main.py:49 - INFO - [{'_id': '5821909f5f6b9a4f93e414f7', 'title': '第1集', 'order': 1, 'updated_at': '2016-11-08T08:45:19.445Z', 'id': '5821909f5f6b9a4f93e414f7'}]
2026-02-03 23:38:47 - mkk_pika - database.py:215 - INFO - 第一次下载该漫画，记录数据库中
2026-02-03 23:38:48 - mkk_pika - main.py:83 - INFO - 找到 27 张图片在:第1集
2026-02-03 23:38:48 - mkk_pika - main.py:112 - INFO - [episode:第1集       ] downloaded:    27, total:  27, progress:100%
2026-02-03 23:38:48 - mkk_pika - database.py:238 - INFO - 数据库更新已下载章节
2026-02-03 23:38:48 - mkk_pika - database.py:244 - INFO - 该漫画已下载章节如下
2026-02-03 23:38:48 - mkk_pika - database.py:245 - INFO - ['第1集']
2026-02-03 23:38:50 - mkk_pika - main.py:348 - INFO - ==================== 漫画信息 ====================
                                   漫画ID：5821909f5f6b9a4f93e414f5
                                   标题：(COMIC1☆7) [悪転奏進 (黒糖ニッケ)] フラクシナス大乱交パーティー (デート・ア・ライブ)
                                   作者：悪転奏進 (黒糖ニッケ)
                                   是否完结：是
                                   总页数：27
                                   分类：同人,短篇
                                   章节数：1
                                   最后更新时间：2009-02-07T06:47:19.000Z
                                   =================================================
2026-02-03 23:38:50 - mkk_pika - database.py:101 - INFO - 保存成功：(COMIC1☆7) [悪転奏進 (黒糖ニッケ)] フラクシナス大乱交パーティー (デート・ア・ライブ)
2026-02-03 23:38:50 - mkk_pika - main.py:35 - INFO - 开始检查(FF21) [電萌 (ZeN)] 妹妹大作戰 (デート・ア・ライブ) [Chinese]是否存在未下载章节
2026-02-03 23:38:50 - mkk_pika - main.py:45 - INFO - 正在下载:[(FF21) [電萌 (ZeN)] 妹妹大作戰 (デート・ア・ライブ) [Chinese]]-[電萌 (ZeN)]-[['同人', '短篇', '全彩', '妹妹系']]-[total_pages:17]
2026-02-03 23:38:50 - mkk_pika - main.py:49 - INFO - [{'_id': '582190a05f6b9a4f93e41531', 'title': '第1集', 'order': 1, 'updated_at': '2016-11-08T08:45:20.183Z', 'id': '582190a05f6b9a4f93e41531'}]
2026-02-03 23:38:50 - mkk_pika - database.py:215 - INFO - 第一次下载该漫画，记录数据库中
2026-02-03 23:38:50 - mkk_pika - main.py:83 - INFO - 找到 17 张图片在:第1集
2026-02-03 23:38:51 - mkk_pika - main.py:112 - INFO - [episode:第1集       ] downloaded:    17, total:  17, progress:100%
2026-02-03 23:38:51 - mkk_pika - database.py:238 - INFO - 数据库更新已下载章节
2026-02-03 23:38:51 - mkk_pika - database.py:244 - INFO - 该漫画已下载章节如下
2026-02-03 23:38:51 - mkk_pika - database.py:245 - INFO - ['第1集']
2026-02-03 23:38:52 - mkk_pika - main.py:348 - INFO - ==================== 漫画信息 ====================
                                   漫画ID：5821909f5f6b9a4f93e4152f
                                   标题：(FF21) [電萌 (ZeN)] 妹妹大作戰 (デート・ア・ライブ) [Chinese]
                                   作者：電萌 (ZeN)
                                   是否完结：是
                                   总页数：17
                                   分类：同人,短篇,全彩,妹妹系
                                   章节数：1
                                   最后更新时间：2009-02-07T16:47:19.000Z
                                   =================================================
2026-02-03 23:38:52 - mkk_pika - database.py:101 - INFO - 保存成功：(FF21) [電萌 (ZeN)] 妹妹大作戰 (デート・ア・ライブ) [Chinese]
2026-02-03 23:38:52 - mkk_pika - main.py:35 - INFO - 开始检查[空気系☆漢化] (COMIC1☆7) [grand-nauts (広瀬まどか)] Cookie Bouquets (デート.ア.ライブ)是否存在未下载章节
2026-02-03 23:38:52 - mkk_pika - main.py:45 - INFO - 正在下载:[[空気系☆漢化] (COMIC1☆7) [grand-nauts (広瀬まどか)] Cookie Bouquets (デート.ア.ライブ)]-[grand-nauts (広瀬まどか)]-[['同人', '短篇']]-[total_pages:18]
2026-02-03 23:38:52 - mkk_pika - main.py:49 - INFO - [{'_id': '582190a05f6b9a4f93e41557', 'title': '第1集', 'order': 1, 'updated_at': '2016-11-08T08:45:20.790Z', 'id': '582190a05f6b9a4f93e41557'}]
2026-02-03 23:38:52 - mkk_pika - database.py:215 - INFO - 第一次下载该漫画，记录数据库中
2026-02-03 23:38:53 - mkk_pika - main.py:83 - INFO - 找到 18 张图片在:第1集
2026-02-03 23:38:54 - mkk_pika - main.py:112 - INFO - [episode:第1集       ] downloaded:    18, total:  18, progress:100%
2026-02-03 23:38:54 - mkk_pika - database.py:238 - INFO - 数据库更新已下载章节
2026-02-03 23:38:54 - mkk_pika - database.py:244 - INFO - 该漫画已下载章节如下
2026-02-03 23:38:54 - mkk_pika - database.py:245 - INFO - ['第1集']
2026-02-03 23:38:55 - mkk_pika - main.py:348 - INFO - ==================== 漫画信息 ====================
                                   漫画ID：582190a05f6b9a4f93e41555
                                   标题：[空気系☆漢化] (COMIC1☆7) [grand-nauts (広瀬まどか)] Cookie Bouquets (デート.ア.ライブ)
                                   作者：grand-nauts (広瀬まどか)
                                   是否完结：是
                                   总页数：18
                                   分类：同人,短篇
                                   章节数：1
                                   最后更新时间：2009-02-08T02:47:19.000Z
                                   =================================================
2026-02-03 23:38:55 - mkk_pika - database.py:101 - INFO - 保存成功：[空気系☆漢化] (COMIC1☆7) [grand-nauts (広瀬まどか)] Cookie Bouquets (デート.ア.ライブ)
2026-02-03 23:38:55 - mkk_pika - main.py:35 - INFO - 开始检查[空気系☆漢化] (C83) [grand-nauts (広瀬まどか)] Lovely Storm! (デート.ア.ライブ)是否存在未下载章节
2026-02-03 23:38:56 - mkk_pika - main.py:45 - INFO - 正在下载:[[空気系☆漢化] (C83) [grand-nauts (広瀬まどか)] Lovely Storm! (デート.ア.ライブ)]-[[空気系☆漢化] (C83) [grand-nauts (広瀬まどか)] Lovely Storm! (デート.ア.ライブ)]-[['同人', '短篇']]-[total_pages:18]
2026-02-03 23:38:56 - mkk_pika - main.py:49 - INFO - [{'_id': '582190a15f6b9a4f93e4157f', 'title': '第1集', 'order': 1, 'updated_at': '2016-11-08T08:45:21.157Z', 'id': '582190a15f6b9a4f93e4157f'}]
2026-02-03 23:38:56 - mkk_pika - database.py:215 - INFO - 第一次下载该漫画，记录数据库中
2026-02-03 23:38:56 - mkk_pika - main.py:83 - INFO - 找到 18 张图片在:第1集
2026-02-03 23:38:57 - mkk_pika - main.py:112 - INFO - [episode:第1集       ] downloaded:    18, total:  18, progress:100%
2026-02-03 23:38:57 - mkk_pika - database.py:238 - INFO - 数据库更新已下载章节
2026-02-03 23:38:57 - mkk_pika - database.py:244 - INFO - 该漫画已下载章节如下
2026-02-03 23:38:57 - mkk_pika - database.py:245 - INFO - ['第1集']
2026-02-03 23:38:58 - mkk_pika - main.py:348 - INFO - ==================== 漫画信息 ====================
                                   漫画ID：582190a05f6b9a4f93e4157d
                                   标题：[空気系☆漢化] (C83) [grand-nauts (広瀬まどか)] Lovely Storm! (デート.ア.ライブ)
                                   作者：[空気系☆漢化] (C83) [grand-nauts (広瀬まどか)] Lovely Storm! (デート.ア.ライブ)
                                   是否完结：否
                                   总页数：18
                                   分类：同人,短篇
                                   章节数：1
                                   最后更新时间：2009-02-08T12:47:19.000Z
                                   =================================================
2026-02-03 23:38:58 - mkk_pika - database.py:101 - INFO - 保存成功：[空気系☆漢化] (C83) [grand-nauts (広瀬まどか)] Lovely Storm! (デート.ア.ライブ)
2026-02-03 23:38:58 - mkk_pika - main.py:35 - INFO - 开始检查DREAM CHANNEL是否存在未下载章节
2026-02-03 23:38:58 - mkk_pika - main.py:45 - INFO - 正在下载:[DREAM CHANNEL]-[アシオミマサト]-[['長篇', '純愛']]-[total_pages:211]
2026-02-03 23:38:58 - mkk_pika - main.py:49 - INFO - [{'_id': '582190a15f6b9a4f93e415a7', 'title': '第1集', 'order': 1, 'updated_at': '2016-11-08T08:45:21.825Z', 'id': '582190a15f6b9a4f93e415a7'}]
2026-02-03 23:38:58 - mkk_pika - database.py:215 - INFO - 第一次下载该漫画，记录数据库中
2026-02-03 23:39:01 - mkk_pika - main.py:83 - INFO - 找到 211 张图片在:第1集
2026-02-03 23:39:06 - mkk_pika - main.py:112 - INFO - [episode:第1集       ] downloaded:   211, total: 211, progress:100%
2026-02-03 23:39:06 - mkk_pika - database.py:238 - INFO - 数据库更新已下载章节
2026-02-03 23:39:06 - mkk_pika - database.py:244 - INFO - 该漫画已下载章节如下
2026-02-03 23:39:06 - mkk_pika - database.py:245 - INFO - ['第1集']
2026-02-03 23:39:07 - mkk_pika - main.py:348 - INFO - ==================== 漫画信息 ====================
                                   漫画ID：582190a15f6b9a4f93e415a5
                                   标题：DREAM CHANNEL
                                   作者：アシオミマサト
                                   是否完结：是
                                   总页数：211
                                   分类：長篇,純愛
                                   章节数：1
                                   最后更新时间：2009-02-08T22:47:19.000Z
                                   =================================================
2026-02-03 23:39:07 - mkk_pika - database.py:101 - INFO - 保存成功：DREAM CHANNEL
2026-02-03 23:39:07 - mkk_pika - main.py:35 - INFO - 开始检查発情メソッド是否存在未下载章节
2026-02-03 23:39:08 - mkk_pika - main.py:45 - INFO - 正在下载:[発情メソッド]-[アシオミマサト]-[['長篇', '純愛']]-[total_pages:213]
2026-02-03 23:39:08 - mkk_pika - main.py:49 - INFO - [{'_id': '582190a25f6b9a4f93e41751', 'title': '第1集', 'order': 1, 'updated_at': '2016-11-08T08:45:22.955Z', 'id': '582190a25f6b9a4f93e41751'}]
2026-02-03 23:39:08 - mkk_pika - database.py:215 - INFO - 第一次下载该漫画，记录数据库中
2026-02-03 23:39:10 - mkk_pika - main.py:83 - INFO - 找到 213 张图片在:第1集
2026-02-03 23:39:14 - mkk_pika - main.py:112 - INFO - [episode:第1集       ] downloaded:   213, total: 213, progress:100%
2026-02-03 23:39:14 - mkk_pika - database.py:238 - INFO - 数据库更新已下载章节
2026-02-03 23:39:14 - mkk_pika - database.py:244 - INFO - 该漫画已下载章节如下
2026-02-03 23:39:14 - mkk_pika - database.py:245 - INFO - ['第1集']
2026-02-03 23:39:16 - mkk_pika - main.py:348 - INFO - ==================== 漫画信息 ====================
                                   漫画ID：582190a25f6b9a4f93e4174f
                                   标题：発情メソッド
                                   作者：アシオミマサト
                                   是否完结：是
                                   总页数：213
                                   分类：長篇,純愛
                                   章节数：1
                                   最后更新时间：2009-02-09T08:47:19.000Z
                                   =================================================
2026-02-03 23:39:16 - mkk_pika - database.py:101 - INFO - 保存成功：発情メソッド
2026-02-03 23:39:16 - mkk_pika - main.py:35 - INFO - 开始检查Loveless Labyrinth是否存在未下载章节
2026-02-03 23:39:16 - mkk_pika - main.py:45 - INFO - 正在下载:[Loveless Labyrinth]-[アシオミマサト]-[['長篇', '後宮閃光', '純愛']]-[total_pages:204]
2026-02-03 23:39:16 - mkk_pika - main.py:49 - INFO - [{'_id': '582190a45f6b9a4f93e418ff', 'title': '第1集', 'order': 1, 'updated_at': '2016-11-08T08:45:24.143Z', 'id': '582190a45f6b9a4f93e418ff'}]
2026-02-03 23:39:16 - mkk_pika - database.py:215 - INFO - 第一次下载该漫画，记录数据库中
2026-02-03 23:39:18 - mkk_pika - main.py:83 - INFO - 找到 204 张图片在:第1集
2026-02-03 23:39:22 - mkk_pika - main.py:112 - INFO - [episode:第1集       ] downloaded:   204, total: 204, progress:100%
2026-02-03 23:39:22 - mkk_pika - database.py:238 - INFO - 数据库更新已下载章节
2026-02-03 23:39:22 - mkk_pika - database.py:244 - INFO - 该漫画已下载章节如下
2026-02-03 23:39:22 - mkk_pika - database.py:245 - INFO - ['第1集']
2026-02-03 23:39:24 - mkk_pika - main.py:348 - INFO - ==================== 漫画信息 ====================
                                   漫画ID：582190a35f6b9a4f93e418fd
                                   标题：Loveless Labyrinth
                                   作者：アシオミマサト
                                   是否完结：是
                                   总页数：204
                                   分类：長篇,後宮閃光,純愛
                                   章节数：1
                                   最后更新时间：2009-02-09T18:47:19.000Z
                                   =================================================
2026-02-03 23:39:24 - mkk_pika - database.py:101 - INFO - 保存成功：Loveless Labyrinth
2026-02-03 23:39:24 - mkk_pika - main.py:35 - INFO - 开始检查(c86) sweet poison (アイドルマスター シンデレラガールズ) 是否存在未下载章节
2026-02-03 23:39:24 - mkk_pika - main.py:45 - INFO - 正在下载:[(c86) sweet poison (アイドルマスター シンデレラガールズ) ]-[しおこんぶ]-[['同人', '短篇', '純愛']]-[total_pages:29]
2026-02-03 23:39:24 - mkk_pika - main.py:49 - INFO - [{'_id': '582190a65f6b9a4f93e41bff', 'title': '第1集', 'order': 1, 'updated_at': '2016-11-08T08:45:26.411Z', 'id': '582190a65f6b9a4f93e41bff'}]
2026-02-03 23:39:24 - mkk_pika - database.py:215 - INFO - 第一次下载该漫画，记录数据库中
2026-02-03 23:39:25 - mkk_pika - main.py:83 - INFO - 找到 29 张图片在:第1集
2026-02-03 23:39:25 - mkk_pika - main.py:112 - INFO - [episode:第1集       ] downloaded:    29, total:  29, progress:100%
2026-02-03 23:39:25 - mkk_pika - database.py:238 - INFO - 数据库更新已下载章节
2026-02-03 23:39:25 - mkk_pika - database.py:244 - INFO - 该漫画已下载章节如下
2026-02-03 23:39:25 - mkk_pika - database.py:245 - INFO - ['第1集']
2026-02-03 23:39:27 - mkk_pika - main.py:348 - INFO - ==================== 漫画信息 ====================
                                   漫画ID：582190a55f6b9a4f93e41bfd
                                   标题：(c86) sweet poison (アイドルマスター シンデレラガールズ) 
                                   作者：しおこんぶ
                                   是否完结：是
                                   总页数：29
                                   分类：同人,短篇,純愛
                                   章节数：1
                                   最后更新时间：2009-02-10T14:47:19.000Z
                                   =================================================
2026-02-03 23:39:27 - mkk_pika - database.py:101 - INFO - 保存成功：(c86) sweet poison (アイドルマスター シンデレラガールズ) 
2026-02-03 23:39:27 - mkk_pika - main.py:35 - INFO - 开始检查(C84) Trick! (アイドルマスター シンデレラガールズ)是否存在未下载章节
2026-02-03 23:39:27 - mkk_pika - main.py:45 - INFO - 正在下载:[(C84) Trick! (アイドルマスター シンデレラガールズ)]-[しおこんぶ]-[['同人', '短篇', '純愛']]-[total_pages:27]
2026-02-03 23:39:27 - mkk_pika - main.py:49 - INFO - [{'_id': '582190a65f6b9a4f93e41c3d', 'title': '第1集', 'order': 1, 'updated_at': '2016-11-08T08:45:26.778Z', 'id': '582190a65f6b9a4f93e41c3d'}]
2026-02-03 23:39:27 - mkk_pika - database.py:215 - INFO - 第一次下载该漫画，记录数据库中
2026-02-03 23:39:28 - mkk_pika - main.py:83 - INFO - 找到 27 张图片在:第1集
2026-02-03 23:39:28 - mkk_pika - main.py:112 - INFO - [episode:第1集       ] downloaded:    27, total:  27, progress:100%
2026-02-03 23:39:28 - mkk_pika - database.py:238 - INFO - 数据库更新已下载章节
2026-02-03 23:39:28 - mkk_pika - database.py:244 - INFO - 该漫画已下载章节如下
2026-02-03 23:39:28 - mkk_pika - database.py:245 - INFO - ['第1集']
2026-02-03 23:39:30 - mkk_pika - main.py:348 - INFO - ==================== 漫画信息 ====================
                                   漫画ID：582190a65f6b9a4f93e41c3b
                                   标题：(C84) Trick! (アイドルマスター シンデレラガールズ)
                                   作者：しおこんぶ
                                   是否完结：是
                                   总页数：27
                                   分类：同人,短篇,純愛
                                   章节数：1
                                   最后更新时间：2009-02-11T00:47:19.000Z
                                   =================================================
2026-02-03 23:39:30 - mkk_pika - database.py:101 - INFO - 保存成功：(C84) Trick! (アイドルマスター シンデレラガールズ)
2026-02-03 23:39:30 - mkk_pika - main.py:35 - INFO - 开始检查(C87) Acid Lover (アイドルマスター シンデレラガールズ)是否存在未下载章节
2026-02-03 23:39:30 - mkk_pika - main.py:45 - INFO - 正在下载:[(C87) Acid Lover (アイドルマスター シンデレラガールズ)]-[しおこんぶ]-[['同人', '短篇', 'NTR']]-[total_pages:27]
2026-02-03 23:39:30 - mkk_pika - main.py:49 - INFO - [{'_id': '582190a75f6b9a4f93e41cbf', 'title': '第1集', 'order': 1, 'updated_at': '2016-11-08T08:45:27.900Z', 'id': '582190a75f6b9a4f93e41cbf'}]
2026-02-03 23:39:30 - mkk_pika - database.py:215 - INFO - 第一次下载该漫画，记录数据库中
2026-02-03 23:39:31 - mkk_pika - main.py:83 - INFO - 找到 27 张图片在:第1集
2026-02-03 23:39:31 - mkk_pika - main.py:112 - INFO - [episode:第1集       ] downloaded:    27, total:  27, progress:100%
2026-02-03 23:39:31 - mkk_pika - database.py:238 - INFO - 数据库更新已下载章节
2026-02-03 23:39:31 - mkk_pika - database.py:244 - INFO - 该漫画已下载章节如下
2026-02-03 23:39:31 - mkk_pika - database.py:245 - INFO - ['第1集']
2026-02-03 23:39:32 - mkk_pika - main.py:348 - INFO - ==================== 漫画信息 ====================
                                   漫画ID：582190a75f6b9a4f93e41cbd
                                   标题：(C87) Acid Lover (アイドルマスター シンデレラガールズ)
                                   作者：しおこんぶ
                                   是否完结：是
                                   总页数：27
                                   分类：同人,短篇,NTR
                                   章节数：1
                                   最后更新时间：2009-02-11T20:47:19.000Z
                                   =================================================
2026-02-03 23:39:32 - mkk_pika - database.py:101 - INFO - 保存成功：(C87) Acid Lover (アイドルマスター シンデレラガールズ)
2026-02-03 23:39:32 - mkk_pika - main.py:35 - INFO - 开始检查(C83)私の彼氏がこんなにドMなわけがない (俺の妹がこんなに可愛いわけがない)是否存在未下载章节
2026-02-03 23:39:33 - mkk_pika - main.py:45 - INFO - 正在下载:[(C83)私の彼氏がこんなにドMなわけがない (俺の妹がこんなに可愛いわけがない)]-[しおこんぶ]-[['同人', '短篇', '純愛']]-[total_pages:17]
2026-02-03 23:39:33 - mkk_pika - main.py:49 - INFO - [{'_id': '582190a85f6b9a4f93e41cf9', 'title': '第1集', 'order': 1, 'updated_at': '2016-11-08T08:45:28.272Z', 'id': '582190a85f6b9a4f93e41cf9'}]
2026-02-03 23:39:33 - mkk_pika - database.py:215 - INFO - 第一次下载该漫画，记录数据库中
2026-02-03 23:39:33 - mkk_pika - main.py:83 - INFO - 找到 17 张图片在:第1集
2026-02-03 23:39:34 - mkk_pika - main.py:112 - INFO - [episode:第1集       ] downloaded:    17, total:  17, progress:100%
2026-02-03 23:39:34 - mkk_pika - database.py:238 - INFO - 数据库更新已下载章节
2026-02-03 23:39:34 - mkk_pika - database.py:244 - INFO - 该漫画已下载章节如下
2026-02-03 23:39:34 - mkk_pika - database.py:245 - INFO - ['第1集']
2026-02-03 23:39:35 - mkk_pika - main.py:348 - INFO - ==================== 漫画信息 ====================
                                   漫画ID：582190a75f6b9a4f93e41cf7
                                   标题：(C83)私の彼氏がこんなにドMなわけがない (俺の妹がこんなに可愛いわけがない)
                                   作者：しおこんぶ
                                   是否完结：是
                                   总页数：17
                                   分类：同人,短篇,純愛
                                   章节数：1
                                   最后更新时间：2009-02-12T06:47:19.000Z
                                   =================================================
2026-02-03 23:39:35 - mkk_pika - database.py:101 - INFO - 保存成功：(C83)私の彼氏がこんなにドMなわけがない (俺の妹がこんなに可愛いわけがない)
2026-02-03 23:39:35 - mkk_pika - main.py:35 - INFO - 开始检查ヒメカノ是否存在未下载章节
2026-02-03 23:39:35 - mkk_pika - main.py:45 - INFO - 正在下载:[ヒメカノ]-[M&U]-[['長篇', '全彩']]-[total_pages:143]
2026-02-03 23:39:35 - mkk_pika - main.py:49 - INFO - [{'_id': '582190b15f6b9a4f93e426f9', 'title': '第1集', 'order': 1, 'updated_at': '2016-11-08T08:45:37.572Z', 'id': '582190b15f6b9a4f93e426f9'}]
2026-02-03 23:39:35 - mkk_pika - database.py:215 - INFO - 第一次下载该漫画，记录数据库中
2026-02-03 23:39:37 - mkk_pika - main.py:83 - INFO - 找到 143 张图片在:第1集
2026-02-03 23:39:40 - mkk_pika - main.py:112 - INFO - [episode:第1集       ] downloaded:   143, total: 143, progress:100%
2026-02-03 23:39:40 - mkk_pika - database.py:238 - INFO - 数据库更新已下载章节
2026-02-03 23:39:40 - mkk_pika - database.py:244 - INFO - 该漫画已下载章节如下
2026-02-03 23:39:40 - mkk_pika - database.py:245 - INFO - ['第1集']
2026-02-03 23:39:41 - mkk_pika - main.py:348 - INFO - ==================== 漫画信息 ====================
                                   漫画ID：582190b15f6b9a4f93e426f7
                                   标题：ヒメカノ
                                   作者：M&U
                                   是否完结：是
                                   总页数：143
                                   分类：長篇,全彩
                                   章节数：1
                                   最后更新时间：2009-02-13T22:47:19.000Z
                                   =================================================
2026-02-03 23:39:41 - mkk_pika - database.py:101 - INFO - 保存成功：ヒメカノ
2026-02-03 23:39:41 - mkk_pika - main.py:35 - INFO - 开始检查[白ぅ 凪ぃ] 花結ぶ、水面の恋。是否存在未下载章节
2026-02-03 23:39:42 - mkk_pika - main.py:45 - INFO - 正在下载:[[白ぅ 凪ぃ] 花結ぶ、水面の恋。]-[白ぅ 凪ぃ]-[['長篇', '非人類', '姐姐系']]-[total_pages:192]
2026-02-03 23:39:42 - mkk_pika - main.py:49 - INFO - [{'_id': '582190b55f6b9a4f93e42b73', 'title': '第1集', 'order': 1, 'updated_at': '2016-11-08T08:45:41.114Z', 'id': '582190b55f6b9a4f93e42b73'}]
2026-02-03 23:39:42 - mkk_pika - database.py:215 - INFO - 第一次下载该漫画，记录数据库中
2026-02-03 23:39:44 - mkk_pika - main.py:83 - INFO - 找到 192 张图片在:第1集
2026-02-03 23:39:48 - mkk_pika - main.py:112 - INFO - [episode:第1集       ] downloaded:   192, total: 192, progress:100%
2026-02-03 23:39:48 - mkk_pika - database.py:238 - INFO - 数据库更新已下载章节
2026-02-03 23:39:48 - mkk_pika - database.py:244 - INFO - 该漫画已下载章节如下
2026-02-03 23:39:48 - mkk_pika - database.py:245 - INFO - ['第1集']
2026-02-03 23:39:49 - mkk_pika - main.py:348 - INFO - ==================== 漫画信息 ====================
                                   漫画ID：582190b45f6b9a4f93e42b71
                                   标题：[白ぅ 凪ぃ] 花結ぶ、水面の恋。
                                   作者：白ぅ 凪ぃ
                                   是否完结：是
                                   总页数：192
                                   分类：長篇,非人類,姐姐系
                                   章节数：1
                                   最后更新时间：2009-02-14T18:47:19.000Z
                                   =================================================
2026-02-03 23:39:49 - mkk_pika - database.py:101 - INFO - 保存成功：[白ぅ 凪ぃ] 花結ぶ、水面の恋。
2026-02-03 23:39:49 - mkk_pika - main.py:35 - INFO - 开始检查友達の母を犯す！～もうガマンできない～是否存在未下载章节
2026-02-03 23:39:49 - mkk_pika - main.py:45 - INFO - 正在下载:[友達の母を犯す！～もうガマンできない～]-[REDLIGHT]-[['人妻', '短篇']]-[total_pages:23]
2026-02-03 23:39:49 - mkk_pika - main.py:49 - INFO - [{'_id': '582190b85f6b9a4f93e42e47', 'title': '第1集', 'order': 1, 'updated_at': '2016-11-08T08:45:44.469Z', 'id': '582190b85f6b9a4f93e42e47'}]
2026-02-03 23:39:49 - mkk_pika - database.py:215 - INFO - 第一次下载该漫画，记录数据库中
2026-02-03 23:39:50 - mkk_pika - main.py:83 - INFO - 找到 23 张图片在:第1集
2026-02-03 23:39:50 - mkk_pika - main.py:112 - INFO - [episode:第1集       ] downloaded:    23, total:  23, progress:100%
2026-02-03 23:39:50 - mkk_pika - database.py:238 - INFO - 数据库更新已下载章节
2026-02-03 23:39:50 - mkk_pika - database.py:244 - INFO - 该漫画已下载章节如下
2026-02-03 23:39:50 - mkk_pika - database.py:245 - INFO - ['第1集']
2026-02-03 23:39:52 - mkk_pika - main.py:348 - INFO - ==================== 漫画信息 ====================
                                   漫画ID：582190b75f6b9a4f93e42e45
                                   标题：友達の母を犯す！～もうガマンできない～
                                   作者：REDLIGHT
                                   是否完结：是
                                   总页数：23
                                   分类：人妻,短篇
                                   章节数：1
                                   最后更新时间：2009-02-15T14:47:19.000Z
                                   =================================================
2026-02-03 23:39:52 - mkk_pika - database.py:101 - INFO - 保存成功：友達の母を犯す！～もうガマンできない～
2026-02-03 23:39:52 - mkk_pika - main.py:35 - INFO - 开始检查花よりつぼみ是否存在未下载章节
2026-02-03 23:39:52 - mkk_pika - main.py:45 - INFO - 正在下载:[花よりつぼみ]-[REDLIGHT]-[['短篇', '全彩', '強暴']]-[total_pages:31]
2026-02-03 23:39:52 - mkk_pika - main.py:49 - INFO - [{'_id': '582190b95f6b9a4f93e42e79', 'title': '第1集', 'order': 1, 'updated_at': '2016-11-08T08:45:45.193Z', 'id': '582190b95f6b9a4f93e42e79'}]
2026-02-03 23:39:52 - mkk_pika - database.py:215 - INFO - 第一次下载该漫画，记录数据库中
2026-02-03 23:39:53 - mkk_pika - main.py:83 - INFO - 找到 31 张图片在:第1集
2026-02-03 23:39:53 - mkk_pika - main.py:112 - INFO - [episode:第1集       ] downloaded:    31, total:  31, progress:100%
2026-02-03 23:39:53 - mkk_pika - database.py:238 - INFO - 数据库更新已下载章节
2026-02-03 23:39:53 - mkk_pika - database.py:244 - INFO - 该漫画已下载章节如下
2026-02-03 23:39:53 - mkk_pika - database.py:245 - INFO - ['第1集']
2026-02-03 23:39:55 - mkk_pika - main.py:348 - INFO - ==================== 漫画信息 ====================
                                   漫画ID：582190b85f6b9a4f93e42e77
                                   标题：花よりつぼみ
                                   作者：REDLIGHT
                                   是否完结：是
                                   总页数：31
                                   分类：短篇,全彩,強暴
                                   章节数：1
                                   最后更新时间：2009-02-16T00:47:19.000Z
                                   =================================================
2026-02-03 23:39:55 - mkk_pika - database.py:101 - INFO - 保存成功：花よりつぼみ
2026-02-03 23:39:55 - mkk_pika - main.py:35 - INFO - 开始检查IORI (アイズ)是否存在未下载章节
2026-02-03 23:39:55 - mkk_pika - main.py:45 - INFO - 正在下载:[IORI (アイズ)]-[REDLIGHT]-[['同人', '短篇', '強暴']]-[total_pages:27]
2026-02-03 23:39:55 - mkk_pika - main.py:49 - INFO - [{'_id': '582190b95f6b9a4f93e42ebb', 'title': '第1集', 'order': 1, 'updated_at': '2016-11-08T08:45:45.808Z', 'id': '582190b95f6b9a4f93e42ebb'}]
2026-02-03 23:39:55 - mkk_pika - database.py:215 - INFO - 第一次下载该漫画，记录数据库中
2026-02-03 23:39:56 - mkk_pika - main.py:83 - INFO - 找到 27 张图片在:第1集
2026-02-03 23:39:56 - mkk_pika - main.py:112 - INFO - [episode:第1集       ] downloaded:    27, total:  27, progress:100%
2026-02-03 23:39:56 - mkk_pika - database.py:238 - INFO - 数据库更新已下载章节
2026-02-03 23:39:56 - mkk_pika - database.py:244 - INFO - 该漫画已下载章节如下
2026-02-03 23:39:56 - mkk_pika - database.py:245 - INFO - ['第1集']
2026-02-03 23:39:58 - mkk_pika - main.py:348 - INFO - ==================== 漫画信息 ====================
                                   漫画ID：582190b95f6b9a4f93e42eb9
                                   标题：IORI (アイズ)
                                   作者：REDLIGHT
                                   是否完结：是
                                   总页数：27
                                   分类：同人,短篇,強暴
                                   章节数：1
                                   最后更新时间：2009-02-16T10:47:19.000Z
                                   =================================================
2026-02-03 23:39:58 - mkk_pika - database.py:101 - INFO - 保存成功：IORI (アイズ)
2026-02-03 23:39:58 - mkk_pika - main.py:35 - INFO - 开始检查オトナの絵本 赤ずきんちゃん是否存在未下载章节
2026-02-03 23:39:58 - mkk_pika - main.py:45 - INFO - 正在下载:[オトナの絵本 赤ずきんちゃん]-[REDLIGHT]-[['同人', '短篇', '全彩', '強暴']]-[total_pages:28]
2026-02-03 23:39:58 - mkk_pika - main.py:49 - INFO - [{'_id': '582190ba5f6b9a4f93e42ef5', 'title': '第1集', 'order': 1, 'updated_at': '2016-11-08T08:45:46.430Z', 'id': '582190ba5f6b9a4f93e42ef5'}]
2026-02-03 23:39:58 - mkk_pika - database.py:215 - INFO - 第一次下载该漫画，记录数据库中
2026-02-03 23:39:59 - mkk_pika - main.py:83 - INFO - 找到 28 张图片在:第1集
2026-02-03 23:39:59 - mkk_pika - main.py:112 - INFO - [episode:第1集       ] downloaded:    28, total:  28, progress:100%
2026-02-03 23:39:59 - mkk_pika - database.py:238 - INFO - 数据库更新已下载章节
2026-02-03 23:39:59 - mkk_pika - database.py:244 - INFO - 该漫画已下载章节如下
2026-02-03 23:39:59 - mkk_pika - database.py:245 - INFO - ['第1集']
2026-02-03 23:40:01 - mkk_pika - main.py:348 - INFO - ==================== 漫画信息 ====================
                                   漫画ID：582190b95f6b9a4f93e42ef3
                                   标题：オトナの絵本 赤ずきんちゃん
                                   作者：REDLIGHT
                                   是否完结：是
                                   总页数：28
                                   分类：同人,短篇,全彩,強暴
                                   章节数：1
                                   最后更新时间：2009-02-16T20:47:19.000Z
                                   =================================================
2026-02-03 23:40:01 - mkk_pika - database.py:101 - INFO - 保存成功：オトナの絵本 赤ずきんちゃん
2026-02-03 23:40:01 - mkk_pika - main.py:35 - INFO - 开始检查痴漢ダメ絶対。是否存在未下载章节
2026-02-03 23:40:01 - mkk_pika - main.py:45 - INFO - 正在下载:[痴漢ダメ絶対。]-[REDLIGHT]-[['短篇', '全彩', '強暴']]-[total_pages:23]
2026-02-03 23:40:01 - mkk_pika - main.py:49 - INFO - [{'_id': '582190ba5f6b9a4f93e42f31', 'title': '第1集', 'order': 1, 'updated_at': '2016-11-08T08:45:46.781Z', 'id': '582190ba5f6b9a4f93e42f31'}]
2026-02-03 23:40:01 - mkk_pika - database.py:215 - INFO - 第一次下载该漫画，记录数据库中
2026-02-03 23:40:02 - mkk_pika - main.py:83 - INFO - 找到 23 张图片在:第1集
2026-02-03 23:40:02 - mkk_pika - main.py:112 - INFO - [episode:第1集       ] downloaded:    23, total:  23, progress:100%
2026-02-03 23:40:02 - mkk_pika - database.py:238 - INFO - 数据库更新已下载章节
2026-02-03 23:40:02 - mkk_pika - database.py:244 - INFO - 该漫画已下载章节如下
2026-02-03 23:40:02 - mkk_pika - database.py:245 - INFO - ['第1集']
2026-02-03 23:40:04 - mkk_pika - main.py:348 - INFO - ==================== 漫画信息 ====================
                                   漫画ID：582190ba5f6b9a4f93e42f2f
                                   标题：痴漢ダメ絶対。
                                   作者：REDLIGHT
                                   是否完结：是
                                   总页数：23
                                   分类：短篇,全彩,強暴
                                   章节数：1
                                   最后更新时间：2009-02-17T06:47:19.000Z
                                   =================================================
2026-02-03 23:40:04 - mkk_pika - database.py:101 - INFO - 保存成功：痴漢ダメ絶対。
2026-02-03 23:40:04 - mkk_pika - main.py:35 - INFO - 开始检查淫妻　～若い獣精によがる人妻～是否存在未下载章节
2026-02-03 23:40:04 - mkk_pika - main.py:45 - INFO - 正在下载:[淫妻　～若い獣精によがる人妻～]-[コキュの部屋]-[['人妻', '短篇', '全彩', 'NTR', '強暴']]-[total_pages:50]
2026-02-03 23:40:04 - mkk_pika - main.py:49 - INFO - [{'_id': '582190bc5f6b9a4f93e42fdf', 'title': '第1集', 'order': 1, 'updated_at': '2016-11-08T08:45:48.510Z', 'id': '582190bc5f6b9a4f93e42fdf'}]
2026-02-03 23:40:04 - mkk_pika - database.py:215 - INFO - 第一次下载该漫画，记录数据库中
2026-02-03 23:40:05 - mkk_pika - main.py:83 - INFO - 找到 50 张图片在:第1集
2026-02-03 23:40:06 - mkk_pika - main.py:112 - INFO - [episode:第1集       ] downloaded:    50, total:  50, progress:100%
2026-02-03 23:40:06 - mkk_pika - database.py:238 - INFO - 数据库更新已下载章节
2026-02-03 23:40:06 - mkk_pika - database.py:244 - INFO - 该漫画已下载章节如下
2026-02-03 23:40:06 - mkk_pika - database.py:245 - INFO - ['第1集']
2026-02-03 23:40:07 - mkk_pika - main.py:348 - INFO - ==================== 漫画信息 ====================
                                   漫画ID：582190bb5f6b9a4f93e42fdd
                                   标题：淫妻　～若い獣精によがる人妻～
                                   作者：コキュの部屋
                                   是否完结：是
                                   总页数：50
                                   分类：人妻,短篇,全彩,NTR,強暴
                                   章节数：1
                                   最后更新时间：2009-02-18T12:47:19.000Z
                                   =================================================
2026-02-03 23:40:07 - mkk_pika - database.py:101 - INFO - 保存成功：淫妻　～若い獣精によがる人妻～
2026-02-03 23:40:07 - mkk_pika - main.py:35 - INFO - 开始检查催眠ダークネス (ToLOVEる-とらぶる-)是否存在未下载章节
2026-02-03 23:40:08 - mkk_pika - main.py:45 - INFO - 正在下载:[催眠ダークネス (ToLOVEる-とらぶる-)]-[コキュの部屋]-[['同人', '短篇', '全彩', 'NTR', '強暴']]-[total_pages:42]
2026-02-03 23:40:08 - mkk_pika - main.py:49 - INFO - [{'_id': '582190bd5f6b9a4f93e43047', 'title': '第1集', 'order': 1, 'updated_at': '2016-11-08T08:45:49.277Z', 'id': '582190bd5f6b9a4f93e43047'}]
2026-02-03 23:40:08 - mkk_pika - database.py:215 - INFO - 第一次下载该漫画，记录数据库中
2026-02-03 23:40:08 - mkk_pika - main.py:83 - INFO - 找到 42 张图片在:第1集
2026-02-03 23:40:09 - mkk_pika - main.py:112 - INFO - [episode:第1集       ] downloaded:    42, total:  42, progress:100%
2026-02-03 23:40:09 - mkk_pika - database.py:238 - INFO - 数据库更新已下载章节
2026-02-03 23:40:09 - mkk_pika - database.py:244 - INFO - 该漫画已下载章节如下
2026-02-03 23:40:09 - mkk_pika - database.py:245 - INFO - ['第1集']
2026-02-03 23:40:11 - mkk_pika - main.py:348 - INFO - ==================== 漫画信息 ====================
                                   漫画ID：582190bc5f6b9a4f93e43045
                                   标题：催眠ダークネス (ToLOVEる-とらぶる-)
                                   作者：コキュの部屋
                                   是否完结：是
                                   总页数：42
                                   分类：同人,短篇,全彩,NTR,強暴
                                   章节数：1
                                   最后更新时间：2009-02-18T22:47:19.000Z
                                   =================================================
2026-02-03 23:40:11 - mkk_pika - database.py:101 - INFO - 保存成功：催眠ダークネス (ToLOVEる-とらぶる-)
2026-02-03 23:40:11 - mkk_pika - main.py:35 - INFO - 开始检查ティアの秘蜜是否存在未下载章节
2026-02-03 23:40:11 - mkk_pika - main.py:45 - INFO - 正在下载:[ティアの秘蜜]-[コキュの部屋]-[['同人', '短篇', '全彩', '強暴']]-[total_pages:28]
2026-02-03 23:40:11 - mkk_pika - main.py:49 - INFO - [{'_id': '582190bd5f6b9a4f93e4309f', 'title': '第1集', 'order': 1, 'updated_at': '2016-11-08T08:45:49.958Z', 'id': '582190bd5f6b9a4f93e4309f'}]
2026-02-03 23:40:11 - mkk_pika - database.py:215 - INFO - 第一次下载该漫画，记录数据库中
2026-02-03 23:40:12 - mkk_pika - main.py:83 - INFO - 找到 28 张图片在:第1集
2026-02-03 23:40:12 - mkk_pika - main.py:112 - INFO - [episode:第1集       ] downloaded:    28, total:  28, progress:100%
2026-02-03 23:40:12 - mkk_pika - database.py:238 - INFO - 数据库更新已下载章节
2026-02-03 23:40:12 - mkk_pika - database.py:244 - INFO - 该漫画已下载章节如下
2026-02-03 23:40:12 - mkk_pika - database.py:245 - INFO - ['第1集']
2026-02-03 23:40:14 - mkk_pika - main.py:348 - INFO - ==================== 漫画信息 ====================
                                   漫画ID：582190bd5f6b9a4f93e4309d
                                   标题：ティアの秘蜜
                                   作者：コキュの部屋
                                   是否完结：是
                                   总页数：28
                                   分类：同人,短篇,全彩,強暴
                                   章节数：1
                                   最后更新时间：2009-02-19T08:47:19.000Z
                                   =================================================
2026-02-03 23:40:14 - mkk_pika - database.py:101 - INFO - 保存成功：ティアの秘蜜
2026-02-03 23:40:14 - mkk_pika - main.py:35 - INFO - 开始检查ワキ輪姦是否存在未下载章节
2026-02-03 23:40:14 - mkk_pika - main.py:45 - INFO - 正在下载:[ワキ輪姦]-[コキュの部屋]-[['同人', '短篇', '全彩', 'NTR', '強暴']]-[total_pages:31]
2026-02-03 23:40:14 - mkk_pika - main.py:49 - INFO - [{'_id': '582190be5f6b9a4f93e430db', 'title': '第1集', 'order': 1, 'updated_at': '2016-11-08T08:45:50.390Z', 'id': '582190be5f6b9a4f93e430db'}]
2026-02-03 23:40:14 - mkk_pika - database.py:215 - INFO - 第一次下载该漫画，记录数据库中
2026-02-03 23:40:14 - mkk_pika - main.py:83 - INFO - 找到 31 张图片在:第1集
2026-02-03 23:40:15 - mkk_pika - main.py:112 - INFO - [episode:第1集       ] downloaded:    31, total:  31, progress:100%
2026-02-03 23:40:15 - mkk_pika - database.py:238 - INFO - 数据库更新已下载章节
2026-02-03 23:40:15 - mkk_pika - database.py:244 - INFO - 该漫画已下载章节如下
2026-02-03 23:40:15 - mkk_pika - database.py:245 - INFO - ['第1集']
2026-02-03 23:40:16 - mkk_pika - main.py:348 - INFO - ==================== 漫画信息 ====================
                                   漫画ID：582190be5f6b9a4f93e430d9
                                   标题：ワキ輪姦
                                   作者：コキュの部屋
                                   是否完结：是
                                   总页数：31
                                   分类：同人,短篇,全彩,NTR,強暴
                                   章节数：1
                                   最后更新时间：2009-02-19T18:47:19.000Z
                                   =================================================
2026-02-03 23:40:16 - mkk_pika - database.py:101 - INFO - 保存成功：ワキ輪姦
2026-02-03 23:40:16 - mkk_pika - main.py:35 - INFO - 开始检查ヒメカノ2是否存在未下载章节
2026-02-03 23:40:17 - mkk_pika - main.py:45 - INFO - 正在下载:[ヒメカノ2]-[M&U]-[['短篇', '全彩']]-[total_pages:141]
2026-02-03 23:40:17 - mkk_pika - main.py:49 - INFO - [{'_id': '582190be5f6b9a4f93e4311d', 'title': '第1集', 'order': 1, 'updated_at': '2016-11-08T08:45:50.844Z', 'id': '582190be5f6b9a4f93e4311d'}]
2026-02-03 23:40:17 - mkk_pika - database.py:215 - INFO - 第一次下载该漫画，记录数据库中
2026-02-03 23:40:18 - mkk_pika - main.py:83 - INFO - 找到 141 张图片在:第1集
2026-02-03 23:40:21 - mkk_pika - main.py:112 - INFO - [episode:第1集       ] downloaded:   141, total: 141, progress:100%
2026-02-03 23:40:21 - mkk_pika - database.py:238 - INFO - 数据库更新已下载章节
2026-02-03 23:40:21 - mkk_pika - database.py:244 - INFO - 该漫画已下载章节如下
2026-02-03 23:40:21 - mkk_pika - database.py:245 - INFO - ['第1集']
2026-02-03 23:40:22 - mkk_pika - main.py:348 - INFO - ==================== 漫画信息 ====================
                                   漫画ID：582190be5f6b9a4f93e4311b
                                   标题：ヒメカノ2
                                   作者：M&U
                                   是否完结：否
                                   总页数：141
                                   分类：短篇,全彩
                                   章节数：1
                                   最后更新时间：2009-02-20T04:47:19.000Z
                                   =================================================
2026-02-03 23:40:22 - mkk_pika - database.py:101 - INFO - 保存成功：ヒメカノ2
2026-02-03 23:40:22 - mkk_pika - main.py:35 - INFO - 开始检查picoler(黑之契約者)是否存在未下载章节
2026-02-03 23:40:23 - mkk_pika - main.py:45 - INFO - 正在下载:[picoler(黑之契約者)]-[goo-paaa(おちゃ)]-[['同人', '短篇', '強暴']]-[total_pages:52]
2026-02-03 23:40:23 - mkk_pika - main.py:49 - INFO - [{'_id': '582190bf5f6b9a4f93e4323b', 'title': '第1集', 'order': 1, 'updated_at': '2016-11-08T08:45:51.556Z', 'id': '582190bf5f6b9a4f93e4323b'}]
2026-02-03 23:40:23 - mkk_pika - database.py:215 - INFO - 第一次下载该漫画，记录数据库中
2026-02-03 23:40:24 - mkk_pika - main.py:83 - INFO - 找到 52 张图片在:第1集
2026-02-03 23:40:25 - mkk_pika - main.py:112 - INFO - [episode:第1集       ] downloaded:    52, total:  52, progress:100%
2026-02-03 23:40:25 - mkk_pika - database.py:238 - INFO - 数据库更新已下载章节
2026-02-03 23:40:25 - mkk_pika - database.py:244 - INFO - 该漫画已下载章节如下
2026-02-03 23:40:25 - mkk_pika - database.py:245 - INFO - ['第1集']
2026-02-03 23:40:26 - mkk_pika - main.py:348 - INFO - ==================== 漫画信息 ====================
                                   漫画ID：582190bf5f6b9a4f93e43239
                                   标题：picoler(黑之契約者)
                                   作者：goo-paaa(おちゃ)
                                   是否完结：是
                                   总页数：52
                                   分类：同人,短篇,強暴
                                   章节数：1
                                   最后更新时间：2009-02-20T14:47:19.000Z
                                   =================================================
2026-02-03 23:40:26 - mkk_pika - database.py:101 - INFO - 保存成功：picoler(黑之契約者)
2026-02-03 23:40:26 - mkk_pika - main.py:35 - INFO - 开始检查蕩乳是否存在未下载章节
2026-02-03 23:40:27 - mkk_pika - main.py:45 - INFO - 正在下载:[蕩乳]-[歌麿]-[['同人', '人妻', '長篇', '純愛']]-[total_pages:202]
2026-02-03 23:40:27 - mkk_pika - main.py:49 - INFO - [{'_id': '582190c05f6b9a4f93e432a7', 'title': '第1集', 'order': 1, 'updated_at': '2016-11-08T08:45:52.351Z', 'id': '582190c05f6b9a4f93e432a7'}]
2026-02-03 23:40:27 - mkk_pika - database.py:215 - INFO - 第一次下载该漫画，记录数据库中
2026-02-03 23:40:29 - mkk_pika - main.py:83 - INFO - 找到 202 张图片在:第1集
2026-02-03 23:40:33 - mkk_pika - main.py:112 - INFO - [episode:第1集       ] downloaded:   202, total: 202, progress:100%
2026-02-03 23:40:33 - mkk_pika - database.py:238 - INFO - 数据库更新已下载章节
2026-02-03 23:40:33 - mkk_pika - database.py:244 - INFO - 该漫画已下载章节如下
2026-02-03 23:40:33 - mkk_pika - database.py:245 - INFO - ['第1集']
2026-02-03 23:40:34 - mkk_pika - main.py:348 - INFO - ==================== 漫画信息 ====================
                                   漫画ID：582190bf5f6b9a4f93e432a5
                                   标题：蕩乳
                                   作者：歌麿
                                   是否完结：是
                                   总页数：202
                                   分类：同人,人妻,長篇,純愛
                                   章节数：1
                                   最后更新时间：2009-02-21T00:47:19.000Z
                                   =================================================
2026-02-03 23:40:34 - mkk_pika - database.py:101 - INFO - 保存成功：蕩乳
2026-02-03 23:40:34 - mkk_pika - main.py:35 - INFO - 开始检查葉月ちゃんとゆっくりお灸なう (黑之契約者)是否存在未下载章节
2026-02-03 23:40:34 - mkk_pika - main.py:45 - INFO - 正在下载:[葉月ちゃんとゆっくりお灸なう (黑之契約者)]-[goo-paaa(おちゃ)]-[['同人', '短篇']]-[total_pages:13]
2026-02-03 23:40:34 - mkk_pika - main.py:49 - INFO - [{'_id': '582190c15f6b9a4f93e4343f', 'title': '第1集', 'order': 1, 'updated_at': '2016-11-08T08:45:53.571Z', 'id': '582190c15f6b9a4f93e4343f'}]
2026-02-03 23:40:34 - mkk_pika - database.py:215 - INFO - 第一次下载该漫画，记录数据库中
2026-02-03 23:40:36 - mkk_pika - main.py:83 - INFO - 找到 13 张图片在:第1集
2026-02-03 23:40:36 - mkk_pika - main.py:112 - INFO - [episode:第1集       ] downloaded:    13, total:  13, progress:100%
2026-02-03 23:40:36 - mkk_pika - database.py:238 - INFO - 数据库更新已下载章节
2026-02-03 23:40:36 - mkk_pika - database.py:244 - INFO - 该漫画已下载章节如下
2026-02-03 23:40:36 - mkk_pika - database.py:245 - INFO - ['第1集']
2026-02-03 23:40:37 - mkk_pika - main.py:348 - INFO - ==================== 漫画信息 ====================
                                   漫画ID：582190c15f6b9a4f93e4343d
                                   标题：葉月ちゃんとゆっくりお灸なう (黑之契約者)
                                   作者：goo-paaa(おちゃ)
                                   是否完结：是
                                   总页数：13
                                   分类：同人,短篇
                                   章节数：1
                                   最后更新时间：2009-02-21T10:47:19.000Z
                                   =================================================
2026-02-03 23:40:37 - mkk_pika - database.py:101 - INFO - 保存成功：葉月ちゃんとゆっくりお灸なう (黑之契約者)
2026-02-03 23:40:37 - mkk_pika - main.py:35 - INFO - 开始检查ウラジオストクの夜は寒い (黑之契約者)是否存在未下载章节
2026-02-03 23:40:38 - mkk_pika - main.py:45 - INFO - 正在下载:[ウラジオストクの夜は寒い (黑之契約者)]-[goo-paaa(おちゃ)]-[['同人', '短篇']]-[total_pages:33]
2026-02-03 23:40:38 - mkk_pika - main.py:49 - INFO - [{'_id': '582190c25f6b9a4f93e4345d', 'title': '第1集', 'order': 1, 'updated_at': '2016-11-08T08:45:54.262Z', 'id': '582190c25f6b9a4f93e4345d'}]
2026-02-03 23:40:38 - mkk_pika - database.py:215 - INFO - 第一次下载该漫画，记录数据库中
2026-02-03 23:40:38 - mkk_pika - main.py:83 - INFO - 找到 33 张图片在:第1集
2026-02-03 23:40:39 - mkk_pika - main.py:112 - INFO - [episode:第1集       ] downloaded:    33, total:  33, progress:100%
2026-02-03 23:40:39 - mkk_pika - database.py:238 - INFO - 数据库更新已下载章节
2026-02-03 23:40:39 - mkk_pika - database.py:244 - INFO - 该漫画已下载章节如下
2026-02-03 23:40:39 - mkk_pika - database.py:245 - INFO - ['第1集']
2026-02-03 23:40:40 - mkk_pika - main.py:348 - INFO - ==================== 漫画信息 ====================
                                   漫画ID：582190c15f6b9a4f93e4345b
                                   标题：ウラジオストクの夜は寒い (黑之契約者)
                                   作者：goo-paaa(おちゃ)
                                   是否完结：是
                                   总页数：33
                                   分类：同人,短篇
                                   章节数：1
                                   最后更新时间：2009-02-21T20:47:19.000Z
                                   =================================================
2026-02-03 23:40:40 - mkk_pika - database.py:101 - INFO - 保存成功：ウラジオストクの夜は寒い (黑之契約者)
2026-02-03 23:40:40 - mkk_pika - main.py:35 - INFO - 开始检查Leather face (黑之契約者)是否存在未下载章节
2026-02-03 23:40:41 - mkk_pika - main.py:45 - INFO - 正在下载:[Leather face (黑之契約者)]-[goo-paaa(おちゃ)]-[['同人', '短篇', '全彩']]-[total_pages:20]
2026-02-03 23:40:41 - mkk_pika - main.py:49 - INFO - [{'_id': '582190c35f6b9a4f93e434a3', 'title': '第1集', 'order': 1, 'updated_at': '2016-11-08T08:45:55.178Z', 'id': '582190c35f6b9a4f93e434a3'}]
2026-02-03 23:40:41 - mkk_pika - database.py:215 - INFO - 第一次下载该漫画，记录数据库中
2026-02-03 23:40:41 - mkk_pika - main.py:83 - INFO - 找到 20 张图片在:第1集
2026-02-03 23:40:42 - mkk_pika - main.py:112 - INFO - [episode:第1集       ] downloaded:    20, total:  20, progress:100%
2026-02-03 23:40:42 - mkk_pika - database.py:238 - INFO - 数据库更新已下载章节
2026-02-03 23:40:42 - mkk_pika - database.py:244 - INFO - 该漫画已下载章节如下
2026-02-03 23:40:42 - mkk_pika - database.py:245 - INFO - ['第1集']
2026-02-03 23:40:43 - mkk_pika - main.py:348 - INFO - ==================== 漫画信息 ====================
                                   漫画ID：582190c25f6b9a4f93e434a1
                                   标题：Leather face (黑之契約者)
                                   作者：goo-paaa(おちゃ)
                                   是否完结：是
                                   总页数：20
                                   分类：同人,短篇,全彩
                                   章节数：1
                                   最后更新时间：2009-02-22T06:47:19.000Z
                                   =================================================
2026-02-03 23:40:43 - mkk_pika - database.py:101 - INFO - 保存成功：Leather face (黑之契約者)
2026-02-03 23:40:43 - mkk_pika - main.py:380 - INFO - 本次任务下载完毕
2026-02-03 23:40:43 - mkk_pika - database.py:173 - INFO - 数据库连接已关闭
