2026-03-13 23:38:18 - mkk_pika - main.py:193 - INFO - =======================================================================
2026-03-13 23:38:18 - mkk_pika - database.py:61 - INFO - 表和索引初始化成功
2026-03-13 23:38:18 - mkk_pika - main.py:197 - INFO - 已经累计下载3697本漫画
2026-03-13 23:38:18 - mkk_pika - api.py:87 - INFO - 登录成功
2026-03-13 23:38:19 - mkk_pika - main.py:203 - INFO - 收藏夹共计0本漫画
2026-03-13 23:38:19 - mkk_pika - main.py:206 - INFO - 开始下载收藏夹内未下载内容
2026-03-13 23:38:19 - mkk_pika - main.py:266 - INFO - 收藏夹内容下载完毕
2026-03-13 23:38:19 - mkk_pika - main.py:268 - INFO - 开始下载订阅内容
2026-03-13 23:38:19 - mkk_pika - database.py:258 - INFO - 根据ID查询到标题：萝莉 -> できたらはさんであげます!る
2026-03-13 23:38:20 - mkk_pika - database.py:101 - INFO - 保存成功：できたらはさんであげます!る
2026-03-13 23:38:20 - mkk_pika - main.py:273 - INFO - 关键词萝莉找到1本漫画
2026-03-13 23:38:20 - mkk_pika - database.py:258 - INFO - 根据ID查询到标题：蘿莉 -> [PIXIV] yugioh⑨⑨⑨ (15480820)（AI）
2026-03-13 23:38:20 - mkk_pika - database.py:101 - INFO - 保存成功：[PIXIV] yugioh⑨⑨⑨ (15480820)（AI）
2026-03-13 23:38:20 - mkk_pika - main.py:273 - INFO - 关键词蘿莉找到0本漫画
2026-03-13 23:38:20 - mkk_pika - main.py:275 - INFO - 订阅内容共计1本漫画
2026-03-13 23:38:20 - mkk_pika - main.py:35 - INFO - 开始检查双子堕とし～アナタをマゾにしてあげる～是否存在未下载章节
2026-03-13 23:38:21 - mkk_pika - database.py:203 - INFO - 查询数据库中是否已存在第1話
2026-03-13 23:38:21 - mkk_pika - main.py:51 - INFO - 双子堕とし～アナタをマゾにしてあげる～中没有可下载章节
2026-03-13 23:38:21 - mkk_pika - main.py:292 - INFO - ==================== 漫画信息 ====================
                                漫画ID：69af026ea818ea79e53dd35f
                                标题：双子堕とし～アナタをマゾにしてあげる～
                                作者：サケイチバ (左門しう)
                                是否完结：是
                                总页数：57
                                分类：短篇,同人,SM
                                章节数：1
                                最后更新时间：2026-03-09T17:25:02.388Z
                                =================================================
2026-03-13 23:38:21 - mkk_pika - database.py:101 - INFO - 保存成功：双子堕とし～アナタをマゾにしてあげる～
2026-03-13 23:38:21 - mkk_pika - main.py:323 - INFO - 订阅内容内容下载完毕
2026-03-13 23:38:21 - mkk_pika - main.py:324 - INFO - 开始分批下载全部章节
2026-03-13 23:38:21 - mkk_pika - database.py:280 - INFO - 表和索引初始化成功
2026-03-13 23:38:21 - mkk_pika - main.py:177 - INFO - 已经下载了201页，一共6788页，现在开始添加第202页
2026-03-13 23:38:22 - mkk_pika - database.py:318 - INFO - 保存成功
2026-03-13 23:38:22 - mkk_pika - main.py:177 - INFO - 已经下载了202页，一共6788页，现在开始添加第203页
2026-03-13 23:38:23 - mkk_pika - database.py:318 - INFO - 保存成功
2026-03-13 23:38:23 - mkk_pika - main.py:177 - INFO - 已经下载了203页，一共6788页，现在开始添加第204页
2026-03-13 23:38:24 - mkk_pika - database.py:318 - INFO - 保存成功
2026-03-13 23:38:24 - mkk_pika - main.py:177 - INFO - 已经下载了204页，一共6788页，现在开始添加第205页
2026-03-13 23:38:24 - mkk_pika - database.py:318 - INFO - 保存成功
2026-03-13 23:38:24 - mkk_pika - main.py:331 - INFO - 分批下载共计47本漫画
2026-03-13 23:38:24 - mkk_pika - main.py:35 - INFO - 开始检查 BAD END HEAVEN是否存在未下载章节
2026-03-13 23:38:25 - mkk_pika - main.py:45 - INFO - 正在下载:[ BAD END HEAVEN]-[chested ]-[['同人', '短篇', 'NTR', '強暴', 'SAO 刀劍神域']]-[total_pages:32]
2026-03-13 23:38:25 - mkk_pika - main.py:49 - INFO - [{'_id': '58219e5d5f6b9a4f93ecd465', 'title': '第1集', 'order': 1, 'updated_at': '2016-11-08T09:43:57.444Z', 'id': '58219e5d5f6b9a4f93ecd465'}]
2026-03-13 23:38:25 - mkk_pika - database.py:215 - INFO - 第一次下载该漫画，记录数据库中
2026-03-13 23:38:25 - mkk_pika - main.py:83 - INFO - 找到 32 张图片在:第1集
2026-03-13 23:38:26 - mkk_pika - main.py:112 - INFO - [episode:第1集       ] downloaded:    32, total:  32, progress:100%
2026-03-13 23:38:26 - mkk_pika - database.py:238 - INFO - 数据库更新已下载章节
2026-03-13 23:38:26 - mkk_pika - database.py:244 - INFO - 该漫画已下载章节如下
2026-03-13 23:38:26 - mkk_pika - database.py:245 - INFO - ['第1集']
2026-03-13 23:38:28 - mkk_pika - main.py:348 - INFO - ==================== 漫画信息 ====================
                                   漫画ID：58219e5c5f6b9a4f93ecd463
                                   标题： BAD END HEAVEN
                                   作者：chested 
                                   是否完结：是
                                   总页数：32
                                   分类：同人,短篇,NTR,強暴,SAO 刀劍神域
                                   章节数：1
                                   最后更新时间：2011-12-28T20:47:08.000Z
                                   =================================================
2026-03-13 23:38:28 - mkk_pika - database.py:101 - INFO - 保存成功： BAD END HEAVEN
2026-03-13 23:38:28 - mkk_pika - main.py:35 - INFO - 开始检查空気系☆漢化  (C86)  ぽち小屋。 (ぽち。)  鈴谷はソレをガマンできない (艦隊これくしょん -艦これ-)是否存在未下载章节
2026-03-13 23:38:28 - mkk_pika - main.py:45 - INFO - 正在下载:[空気系☆漢化  (C86)  ぽち小屋。 (ぽち。)  鈴谷はソレをガマンできない (艦隊これくしょん -艦これ-)]-[ぽち。]-[['同人', '短篇', '艦隊收藏', '純愛']]-[total_pages:24]
2026-03-13 23:38:28 - mkk_pika - main.py:49 - INFO - [{'_id': '58219e665f6b9a4f93ecdfe5', 'title': '第1集', 'order': 1, 'updated_at': '2016-11-08T09:44:06.365Z', 'id': '58219e665f6b9a4f93ecdfe5'}]
2026-03-13 23:38:28 - mkk_pika - database.py:215 - INFO - 第一次下载该漫画，记录数据库中
2026-03-13 23:38:29 - mkk_pika - main.py:83 - INFO - 找到 24 张图片在:第1集
2026-03-13 23:38:30 - mkk_pika - main.py:112 - INFO - [episode:第1集       ] downloaded:    24, total:  24, progress:100%
2026-03-13 23:38:30 - mkk_pika - database.py:238 - INFO - 数据库更新已下载章节
2026-03-13 23:38:30 - mkk_pika - database.py:244 - INFO - 该漫画已下载章节如下
2026-03-13 23:38:30 - mkk_pika - database.py:245 - INFO - ['第1集']
2026-03-13 23:38:31 - mkk_pika - main.py:348 - INFO - ==================== 漫画信息 ====================
                                   漫画ID：58219e665f6b9a4f93ecdfe3
                                   标题：空気系☆漢化  (C86)  ぽち小屋。 (ぽち。)  鈴谷はソレをガマンできない (艦隊これくしょん -艦これ-)
                                   作者：ぽち。
                                   是否完结：是
                                   总页数：24
                                   分类：同人,短篇,艦隊收藏,純愛
                                   章节数：1
                                   最后更新时间：2011-12-30T02:47:08.000Z
                                   =================================================
2026-03-13 23:38:31 - mkk_pika - database.py:101 - INFO - 保存成功：空気系☆漢化  (C86)  ぽち小屋。 (ぽち。)  鈴谷はソレをガマンできない (艦隊これくしょん -艦これ-)
2026-03-13 23:38:31 - mkk_pika - main.py:35 - INFO - 开始检查[はんざきじろう] ままごと 玩家家酒 是否存在未下载章节
2026-03-13 23:38:31 - mkk_pika - main.py:45 - INFO - 正在下载:[[はんざきじろう] ままごと 玩家家酒 ]-[はんざきじろう]-[['長篇', '後宮閃光', '姐姐系']]-[total_pages:200]
2026-03-13 23:38:31 - mkk_pika - main.py:49 - INFO - [{'_id': '58219e8e5f6b9a4f93ed147f', 'title': '第1集', 'order': 1, 'updated_at': '2016-11-08T09:44:46.491Z', 'id': '58219e8e5f6b9a4f93ed147f'}]
2026-03-13 23:38:31 - mkk_pika - database.py:215 - INFO - 第一次下载该漫画，记录数据库中
2026-03-13 23:38:33 - mkk_pika - main.py:83 - INFO - 找到 200 张图片在:第1集
2026-03-13 23:38:39 - mkk_pika - main.py:112 - INFO - [episode:第1集       ] downloaded:   200, total: 200, progress:100%
2026-03-13 23:38:39 - mkk_pika - database.py:238 - INFO - 数据库更新已下载章节
2026-03-13 23:38:39 - mkk_pika - database.py:244 - INFO - 该漫画已下载章节如下
2026-03-13 23:38:39 - mkk_pika - database.py:245 - INFO - ['第1集']
2026-03-13 23:38:41 - mkk_pika - main.py:348 - INFO - ==================== 漫画信息 ====================
                                   漫画ID：58219e8e5f6b9a4f93ed147d
                                   标题：[はんざきじろう] ままごと 玩家家酒 
                                   作者：はんざきじろう
                                   是否完结：是
                                   总页数：200
                                   分类：長篇,後宮閃光,姐姐系
                                   章节数：1
                                   最后更新时间：2012-01-03T16:47:08.000Z
                                   =================================================
2026-03-13 23:38:41 - mkk_pika - database.py:101 - INFO - 保存成功：[はんざきじろう] ままごと 玩家家酒 
2026-03-13 23:38:41 - mkk_pika - main.py:35 - INFO - 开始检查[はんざきじろう] あまエロ 甘美淫娃是否存在未下载章节
2026-03-13 23:38:41 - mkk_pika - main.py:45 - INFO - 正在下载:[[はんざきじろう] あまエロ 甘美淫娃]-[はんざきじろう]-[['長篇', '後宮閃光']]-[total_pages:186]
2026-03-13 23:38:41 - mkk_pika - main.py:49 - INFO - [{'_id': '58219e915f6b9a4f93ed19a3', 'title': '第1集', 'order': 1, 'updated_at': '2016-11-08T09:44:49.484Z', 'id': '58219e915f6b9a4f93ed19a3'}]
2026-03-13 23:38:41 - mkk_pika - database.py:215 - INFO - 第一次下载该漫画，记录数据库中
2026-03-13 23:38:43 - mkk_pika - main.py:83 - INFO - 找到 186 张图片在:第1集
2026-03-13 23:38:49 - mkk_pika - main.py:112 - INFO - [episode:第1集       ] downloaded:   186, total: 186, progress:100%
2026-03-13 23:38:49 - mkk_pika - database.py:238 - INFO - 数据库更新已下载章节
2026-03-13 23:38:49 - mkk_pika - database.py:244 - INFO - 该漫画已下载章节如下
2026-03-13 23:38:49 - mkk_pika - database.py:245 - INFO - ['第1集']
2026-03-13 23:38:50 - mkk_pika - main.py:348 - INFO - ==================== 漫画信息 ====================
                                   漫画ID：58219e905f6b9a4f93ed19a1
                                   标题：[はんざきじろう] あまエロ 甘美淫娃
                                   作者：はんざきじろう
                                   是否完结：是
                                   总页数：186
                                   分类：長篇,後宮閃光
                                   章节数：1
                                   最后更新时间：2012-01-04T12:47:08.000Z
                                   =================================================
2026-03-13 23:38:50 - mkk_pika - database.py:101 - INFO - 保存成功：[はんざきじろう] あまエロ 甘美淫娃
2026-03-13 23:38:50 - mkk_pika - main.py:35 - INFO - 开始检查(SC61) [ばななじゃむ (はんざきじろう)] hp (戦場のヴァルキュリア)是否存在未下载章节
2026-03-13 23:38:51 - mkk_pika - main.py:45 - INFO - 正在下载:[(SC61) [ばななじゃむ (はんざきじろう)] hp (戦場のヴァルキュリア)]-[はんざきじろう]-[['同人', '短篇']]-[total_pages:20]
2026-03-13 23:38:51 - mkk_pika - main.py:49 - INFO - [{'_id': '58219e925f6b9a4f93ed1b1b', 'title': '第1集', 'order': 1, 'updated_at': '2016-11-08T09:44:50.921Z', 'id': '58219e925f6b9a4f93ed1b1b'}]
2026-03-13 23:38:51 - mkk_pika - database.py:215 - INFO - 第一次下载该漫画，记录数据库中
2026-03-13 23:38:51 - mkk_pika - main.py:83 - INFO - 找到 20 张图片在:第1集
2026-03-13 23:38:52 - mkk_pika - main.py:112 - INFO - [episode:第1集       ] downloaded:    20, total:  20, progress:100%
2026-03-13 23:38:52 - mkk_pika - database.py:238 - INFO - 数据库更新已下载章节
2026-03-13 23:38:52 - mkk_pika - database.py:244 - INFO - 该漫画已下载章节如下
2026-03-13 23:38:52 - mkk_pika - database.py:245 - INFO - ['第1集']
2026-03-13 23:38:53 - mkk_pika - main.py:348 - INFO - ==================== 漫画信息 ====================
                                   漫画ID：58219e925f6b9a4f93ed1b19
                                   标题：(SC61) [ばななじゃむ (はんざきじろう)] hp (戦場のヴァルキュリア)
                                   作者：はんざきじろう
                                   是否完结：是
                                   总页数：20
                                   分类：同人,短篇
                                   章节数：1
                                   最后更新时间：2012-01-04T22:47:08.000Z
                                   =================================================
2026-03-13 23:38:53 - mkk_pika - database.py:101 - INFO - 保存成功：(SC61) [ばななじゃむ (はんざきじろう)] hp (戦場のヴァルキュリア)
2026-03-13 23:38:53 - mkk_pika - main.py:35 - INFO - 开始检查(C86) [はんざきじろう] hp+01 (ワルキューレロマンツェ)[清純突破漢化組]是否存在未下载章节
2026-03-13 23:38:54 - mkk_pika - main.py:45 - INFO - 正在下载:[(C86) [はんざきじろう] hp+01 (ワルキューレロマンツェ)[清純突破漢化組]]-[はんざきじろう]-[['同人', '後宮閃光']]-[total_pages:21]
2026-03-13 23:38:54 - mkk_pika - main.py:49 - INFO - [{'_id': '58219e955f6b9a4f93ed1e51', 'title': '第1集', 'order': 1, 'updated_at': '2016-11-08T09:44:53.660Z', 'id': '58219e955f6b9a4f93ed1e51'}]
2026-03-13 23:38:54 - mkk_pika - database.py:215 - INFO - 第一次下载该漫画，记录数据库中
2026-03-13 23:38:55 - mkk_pika - main.py:83 - INFO - 找到 21 张图片在:第1集
2026-03-13 23:38:55 - mkk_pika - main.py:112 - INFO - [episode:第1集       ] downloaded:    21, total:  21, progress:100%
2026-03-13 23:38:55 - mkk_pika - database.py:238 - INFO - 数据库更新已下载章节
2026-03-13 23:38:55 - mkk_pika - database.py:244 - INFO - 该漫画已下载章节如下
2026-03-13 23:38:55 - mkk_pika - database.py:245 - INFO - ['第1集']
2026-03-13 23:38:57 - mkk_pika - main.py:348 - INFO - ==================== 漫画信息 ====================
                                   漫画ID：58219e955f6b9a4f93ed1e4f
                                   标题：(C86) [はんざきじろう] hp+01 (ワルキューレロマンツェ)[清純突破漢化組]
                                   作者：はんざきじろう
                                   是否完结：是
                                   总页数：21
                                   分类：同人,後宮閃光
                                   章节数：1
                                   最后更新时间：2012-01-05T18:47:08.000Z
                                   =================================================
2026-03-13 23:38:57 - mkk_pika - database.py:101 - INFO - 保存成功：(C86) [はんざきじろう] hp+01 (ワルキューレロマンツェ)[清純突破漢化組]
2026-03-13 23:38:57 - mkk_pika - main.py:35 - INFO - 开始检查[无毒汉化组](C88) [くるみ並木 (みたくるみ)] おっぱいで秘書艦ご指名ください (艦隊これくしょん -艦これ-)是否存在未下载章节
2026-03-13 23:38:57 - mkk_pika - main.py:45 - INFO - 正在下载:[[无毒汉化组](C88) [くるみ並木 (みたくるみ)] おっぱいで秘書艦ご指名ください (艦隊これくしょん -艦これ-)]-[くるみ並木 (みたくるみ)]-[['同人', '艦隊收藏', '全彩', '後宮閃光']]-[total_pages:27]
2026-03-13 23:38:57 - mkk_pika - main.py:49 - INFO - [{'_id': '58219ef85f6b9a4f93ed48c1', 'title': '第1集', 'order': 1, 'updated_at': '2016-11-08T09:46:32.160Z', 'id': '58219ef85f6b9a4f93ed48c1'}]
2026-03-13 23:38:57 - mkk_pika - database.py:215 - INFO - 第一次下载该漫画，记录数据库中
2026-03-13 23:38:58 - mkk_pika - main.py:83 - INFO - 找到 27 张图片在:第1集
2026-03-13 23:38:59 - mkk_pika - main.py:112 - INFO - [episode:第1集       ] downloaded:    27, total:  27, progress:100%
2026-03-13 23:38:59 - mkk_pika - database.py:238 - INFO - 数据库更新已下载章节
2026-03-13 23:38:59 - mkk_pika - database.py:244 - INFO - 该漫画已下载章节如下
2026-03-13 23:38:59 - mkk_pika - database.py:245 - INFO - ['第1集']
2026-03-13 23:39:00 - mkk_pika - main.py:348 - INFO - ==================== 漫画信息 ====================
                                   漫画ID：58219ef75f6b9a4f93ed48bf
                                   标题：[无毒汉化组](C88) [くるみ並木 (みたくるみ)] おっぱいで秘書艦ご指名ください (艦隊これくしょん -艦これ-)
                                   作者：くるみ並木 (みたくるみ)
                                   是否完结：是
                                   总页数：27
                                   分类：同人,艦隊收藏,全彩,後宮閃光
                                   章节数：1
                                   最后更新时间：2012-01-07T10:47:08.000Z
                                   =================================================
2026-03-13 23:39:00 - mkk_pika - database.py:101 - INFO - 保存成功：[无毒汉化组](C88) [くるみ並木 (みたくるみ)] おっぱいで秘書艦ご指名ください (艦隊これくしょん -艦これ-)
2026-03-13 23:39:00 - mkk_pika - main.py:35 - INFO - 开始检查[无毒汉化组][Crea-Holic (トシヒロ)] 迷子ヲ級とのしっぽり執務室ライフ (艦隊これくしょん -艦これ-)是否存在未下载章节
2026-03-13 23:39:00 - mkk_pika - main.py:45 - INFO - 正在下载:[[无毒汉化组][Crea-Holic (トシヒロ)] 迷子ヲ級とのしっぽり執務室ライフ (艦隊これくしょん -艦これ-)]-[Crea-Holic (トシヒロ)]-[['同人', '短篇', '艦隊收藏']]-[total_pages:28]
2026-03-13 23:39:00 - mkk_pika - main.py:49 - INFO - [{'_id': '58219ef85f6b9a4f93ed48fb', 'title': '第1集', 'order': 1, 'updated_at': '2016-11-08T09:46:32.584Z', 'id': '58219ef85f6b9a4f93ed48fb'}]
2026-03-13 23:39:00 - mkk_pika - database.py:215 - INFO - 第一次下载该漫画，记录数据库中
2026-03-13 23:39:01 - mkk_pika - main.py:83 - INFO - 找到 28 张图片在:第1集
2026-03-13 23:39:02 - mkk_pika - main.py:112 - INFO - [episode:第1集       ] downloaded:    28, total:  28, progress:100%
2026-03-13 23:39:02 - mkk_pika - database.py:238 - INFO - 数据库更新已下载章节
2026-03-13 23:39:02 - mkk_pika - database.py:244 - INFO - 该漫画已下载章节如下
2026-03-13 23:39:02 - mkk_pika - database.py:245 - INFO - ['第1集']
2026-03-13 23:39:04 - mkk_pika - main.py:348 - INFO - ==================== 漫画信息 ====================
                                   漫画ID：58219ef85f6b9a4f93ed48f9
                                   标题：[无毒汉化组][Crea-Holic (トシヒロ)] 迷子ヲ級とのしっぽり執務室ライフ (艦隊これくしょん -艦これ-)
                                   作者：Crea-Holic (トシヒロ)
                                   是否完结：是
                                   总页数：28
                                   分类：同人,短篇,艦隊收藏
                                   章节数：1
                                   最后更新时间：2012-01-07T20:47:08.000Z
                                   =================================================
2026-03-13 23:39:04 - mkk_pika - database.py:101 - INFO - 保存成功：[无毒汉化组][Crea-Holic (トシヒロ)] 迷子ヲ級とのしっぽり執務室ライフ (艦隊これくしょん -艦これ-)
2026-03-13 23:39:04 - mkk_pika - main.py:35 - INFO - 开始检查[風與彧與uuz與嘘製作][木谷椎] 妹スワップ 妹交換遊戲！  是否存在未下载章节
2026-03-13 23:39:04 - mkk_pika - main.py:45 - INFO - 正在下载:[[風與彧與uuz與嘘製作][木谷椎] 妹スワップ 妹交換遊戲！  ]-[木谷椎]-[['長篇']]-[total_pages:200]
2026-03-13 23:39:04 - mkk_pika - main.py:49 - INFO - [{'_id': '58219ef95f6b9a4f93ed4937', 'title': '第1集', 'order': 1, 'updated_at': '2016-11-08T09:46:33.194Z', 'id': '58219ef95f6b9a4f93ed4937'}]
2026-03-13 23:39:04 - mkk_pika - database.py:215 - INFO - 第一次下载该漫画，记录数据库中
2026-03-13 23:39:06 - mkk_pika - main.py:83 - INFO - 找到 200 张图片在:第1集
2026-03-13 23:39:12 - mkk_pika - main.py:112 - INFO - [episode:第1集       ] downloaded:   200, total: 200, progress:100%
2026-03-13 23:39:12 - mkk_pika - database.py:238 - INFO - 数据库更新已下载章节
2026-03-13 23:39:12 - mkk_pika - database.py:244 - INFO - 该漫画已下载章节如下
2026-03-13 23:39:12 - mkk_pika - database.py:245 - INFO - ['第1集']
2026-03-13 23:39:14 - mkk_pika - main.py:348 - INFO - ==================== 漫画信息 ====================
                                   漫画ID：58219ef85f6b9a4f93ed4935
                                   标题：[風與彧與uuz與嘘製作][木谷椎] 妹スワップ 妹交換遊戲！  
                                   作者：木谷椎
                                   是否完结：是
                                   总页数：200
                                   分类：長篇
                                   章节数：1
                                   最后更新时间：2012-01-08T06:47:08.000Z
                                   =================================================
2026-03-13 23:39:14 - mkk_pika - database.py:101 - INFO - 保存成功：[風與彧與uuz與嘘製作][木谷椎] 妹スワップ 妹交換遊戲！  
2026-03-13 23:39:14 - mkk_pika - main.py:35 - INFO - 开始检查[UAl汉化组](みみけっと33) [Come Through (あづみ一樹)] GoodQualityCAFE (ご注文はうさぎですかA)是否存在未下载章节
2026-03-13 23:39:14 - mkk_pika - main.py:45 - INFO - 正在下载:[[UAl汉化组](みみけっと33) [Come Through (あづみ一樹)] GoodQualityCAFE (ご注文はうさぎですかA)]-[Come Through (あづみ一樹)]-[['同人', '全彩', '百合花園']]-[total_pages:15]
2026-03-13 23:39:14 - mkk_pika - main.py:49 - INFO - [{'_id': '58219efa5f6b9a4f93ed4acb', 'title': '第1集', 'order': 1, 'updated_at': '2016-11-08T09:46:34.375Z', 'id': '58219efa5f6b9a4f93ed4acb'}]
2026-03-13 23:39:14 - mkk_pika - database.py:215 - INFO - 第一次下载该漫画，记录数据库中
2026-03-13 23:39:15 - mkk_pika - main.py:83 - INFO - 找到 15 张图片在:第1集
2026-03-13 23:39:15 - mkk_pika - main.py:112 - INFO - [episode:第1集       ] downloaded:    15, total:  15, progress:100%
2026-03-13 23:39:15 - mkk_pika - database.py:238 - INFO - 数据库更新已下载章节
2026-03-13 23:39:15 - mkk_pika - database.py:244 - INFO - 该漫画已下载章节如下
2026-03-13 23:39:15 - mkk_pika - database.py:245 - INFO - ['第1集']
2026-03-13 23:39:17 - mkk_pika - main.py:348 - INFO - ==================== 漫画信息 ====================
                                   漫画ID：58219ef95f6b9a4f93ed4ac9
                                   标题：[UAl汉化组](みみけっと33) [Come Through (あづみ一樹)] GoodQualityCAFE (ご注文はうさぎですかA)
                                   作者：Come Through (あづみ一樹)
                                   是否完结：是
                                   总页数：15
                                   分类：同人,全彩,百合花園
                                   章节数：1
                                   最后更新时间：2012-01-08T16:47:08.000Z
                                   =================================================
2026-03-13 23:39:17 - mkk_pika - database.py:101 - INFO - 保存成功：[UAl汉化组](みみけっと33) [Come Through (あづみ一樹)] GoodQualityCAFE (ご注文はうさぎですかA)
2026-03-13 23:39:17 - mkk_pika - main.py:35 - INFO - 开始检查[不觉晓个人汉化] 実録！蝙蝠女達の繁殖期是否存在未下载章节
2026-03-13 23:39:17 - mkk_pika - main.py:45 - INFO - 正在下载:[[不觉晓个人汉化] 実録！蝙蝠女達の繁殖期]-[みぞね]-[['短篇', '非人類']]-[total_pages:19]
2026-03-13 23:39:17 - mkk_pika - main.py:49 - INFO - [{'_id': '58219efa5f6b9a4f93ed4aed', 'title': '第1集', 'order': 1, 'updated_at': '2016-11-08T09:46:34.772Z', 'id': '58219efa5f6b9a4f93ed4aed'}]
2026-03-13 23:39:17 - mkk_pika - database.py:215 - INFO - 第一次下载该漫画，记录数据库中
2026-03-13 23:39:17 - mkk_pika - main.py:83 - INFO - 找到 19 张图片在:第1集
2026-03-13 23:39:18 - mkk_pika - main.py:112 - INFO - [episode:第1集       ] downloaded:    19, total:  19, progress:100%
2026-03-13 23:39:18 - mkk_pika - database.py:238 - INFO - 数据库更新已下载章节
2026-03-13 23:39:18 - mkk_pika - database.py:244 - INFO - 该漫画已下载章节如下
2026-03-13 23:39:18 - mkk_pika - database.py:245 - INFO - ['第1集']
2026-03-13 23:39:19 - mkk_pika - main.py:348 - INFO - ==================== 漫画信息 ====================
                                   漫画ID：58219efa5f6b9a4f93ed4aeb
                                   标题：[不觉晓个人汉化] 実録！蝙蝠女達の繁殖期
                                   作者：みぞね
                                   是否完结：否
                                   总页数：19
                                   分类：短篇,非人類
                                   章节数：1
                                   最后更新时间：2012-01-09T02:47:08.000Z
                                   =================================================
2026-03-13 23:39:19 - mkk_pika - database.py:101 - INFO - 保存成功：[不觉晓个人汉化] 実録！蝙蝠女達の繁殖期
2026-03-13 23:39:19 - mkk_pika - main.py:35 - INFO - 开始检查[Cior ] Asunama (Sword Art Online)是否存在未下载章节
2026-03-13 23:39:20 - mkk_pika - main.py:45 - INFO - 正在下载:[[Cior ] Asunama (Sword Art Online)]-[ ken 1]-[['同人', '短篇', 'NTR', '強暴', 'SAO 刀劍神域']]-[total_pages:28]
2026-03-13 23:39:20 - mkk_pika - main.py:49 - INFO - [{'_id': '58219efc5f6b9a4f93ed4d3d', 'title': '第1集', 'order': 1, 'updated_at': '2016-11-08T09:46:36.656Z', 'id': '58219efc5f6b9a4f93ed4d3d'}]
2026-03-13 23:39:20 - mkk_pika - database.py:215 - INFO - 第一次下载该漫画，记录数据库中
2026-03-13 23:39:20 - mkk_pika - main.py:83 - INFO - 找到 28 张图片在:第1集
2026-03-13 23:39:21 - mkk_pika - main.py:112 - INFO - [episode:第1集       ] downloaded:    28, total:  28, progress:100%
2026-03-13 23:39:21 - mkk_pika - database.py:238 - INFO - 数据库更新已下载章节
2026-03-13 23:39:21 - mkk_pika - database.py:244 - INFO - 该漫画已下载章节如下
2026-03-13 23:39:21 - mkk_pika - database.py:245 - INFO - ['第1集']
2026-03-13 23:39:23 - mkk_pika - main.py:348 - INFO - ==================== 漫画信息 ====================
                                   漫画ID：58219efc5f6b9a4f93ed4d3b
                                   标题：[Cior ] Asunama (Sword Art Online)
                                   作者： ken 1
                                   是否完结：否
                                   总页数：28
                                   分类：同人,短篇,NTR,強暴,SAO 刀劍神域
                                   章节数：1
                                   最后更新时间：2012-01-09T22:47:08.000Z
                                   =================================================
2026-03-13 23:39:23 - mkk_pika - database.py:101 - INFO - 保存成功：[Cior ] Asunama (Sword Art Online)
2026-03-13 23:39:23 - mkk_pika - main.py:35 - INFO - 开始检查(C88) [サイクロン ] Cho!! 3 Tai CHOOOO 3隊長はその後どうなった [魔法猪汉化]是否存在未下载章节
2026-03-13 23:39:23 - mkk_pika - main.py:45 - INFO - 正在下载:[(C88) [サイクロン ] Cho!! 3 Tai CHOOOO 3隊長はその後どうなった [魔法猪汉化]]-[和泉]-[['同人', '短篇', 'NTR', '強暴']]-[total_pages:34]
2026-03-13 23:39:23 - mkk_pika - main.py:49 - INFO - [{'_id': '58219f4a5f6b9a4f93ed9c99', 'title': '第1集', 'order': 1, 'updated_at': '2016-11-08T09:47:54.264Z', 'id': '58219f4a5f6b9a4f93ed9c99'}]
2026-03-13 23:39:23 - mkk_pika - database.py:215 - INFO - 第一次下载该漫画，记录数据库中
2026-03-13 23:39:24 - mkk_pika - main.py:83 - INFO - 找到 34 张图片在:第1集
2026-03-13 23:39:25 - mkk_pika - main.py:112 - INFO - [episode:第1集       ] downloaded:    34, total:  34, progress:100%
2026-03-13 23:39:25 - mkk_pika - database.py:238 - INFO - 数据库更新已下载章节
2026-03-13 23:39:25 - mkk_pika - database.py:244 - INFO - 该漫画已下载章节如下
2026-03-13 23:39:25 - mkk_pika - database.py:245 - INFO - ['第1集']
2026-03-13 23:39:26 - mkk_pika - main.py:348 - INFO - ==================== 漫画信息 ====================
                                   漫画ID：58219f495f6b9a4f93ed9c97
                                   标题：(C88) [サイクロン ] Cho!! 3 Tai CHOOOO 3隊長はその後どうなった [魔法猪汉化]
                                   作者：和泉
                                   是否完结：否
                                   总页数：34
                                   分类：同人,短篇,NTR,強暴
                                   章节数：1
                                   最后更新时间：2012-01-19T12:47:08.000Z
                                   =================================================
2026-03-13 23:39:26 - mkk_pika - database.py:101 - INFO - 保存成功：(C88) [サイクロン ] Cho!! 3 Tai CHOOOO 3隊長はその後どうなった [魔法猪汉化]
2026-03-13 23:39:26 - mkk_pika - main.py:35 - INFO - 开始检查 ドスケベ!お肉カーニバル是否存在未下载章节
2026-03-13 23:39:26 - mkk_pika - main.py:45 - INFO - 正在下载:[ ドスケベ!お肉カーニバル]-[ヨッコラ]-[['同人', '人妻', '長篇', '純愛']]-[total_pages:186]
2026-03-13 23:39:26 - mkk_pika - main.py:49 - INFO - [{'_id': '58219f715f6b9a4f93edc443', 'title': '第1集', 'order': 1, 'updated_at': '2016-11-08T09:48:33.871Z', 'id': '58219f715f6b9a4f93edc443'}]
2026-03-13 23:39:26 - mkk_pika - database.py:215 - INFO - 第一次下载该漫画，记录数据库中
2026-03-13 23:39:28 - mkk_pika - main.py:83 - INFO - 找到 186 张图片在:第1集
2026-03-13 23:39:35 - mkk_pika - main.py:112 - INFO - [episode:第1集       ] downloaded:   186, total: 186, progress:100%
2026-03-13 23:39:35 - mkk_pika - database.py:238 - INFO - 数据库更新已下载章节
2026-03-13 23:39:35 - mkk_pika - database.py:244 - INFO - 该漫画已下载章节如下
2026-03-13 23:39:35 - mkk_pika - database.py:245 - INFO - ['第1集']
2026-03-13 23:39:36 - mkk_pika - main.py:348 - INFO - ==================== 漫画信息 ====================
                                   漫画ID：58219f715f6b9a4f93edc441
                                   标题： ドスケベ!お肉カーニバル
                                   作者：ヨッコラ
                                   是否完结：是
                                   总页数：186
                                   分类：同人,人妻,長篇,純愛
                                   章节数：1
                                   最后更新时间：2012-01-23T06:47:08.000Z
                                   =================================================
2026-03-13 23:39:36 - mkk_pika - database.py:101 - INFO - 保存成功： ドスケベ!お肉カーニバル
2026-03-13 23:39:36 - mkk_pika - main.py:35 - INFO - 开始检查【黑条汉化】[Tamaki]母親コスプレ性指導是否存在未下载章节
2026-03-13 23:39:36 - mkk_pika - main.py:45 - INFO - 正在下载:[【黑条汉化】[Tamaki]母親コスプレ性指導]-[Tamaki]-[['短篇']]-[total_pages:20]
2026-03-13 23:39:36 - mkk_pika - main.py:49 - INFO - [{'_id': '58219f825f6b9a4f93eddaf5', 'title': '第1集', 'order': 1, 'updated_at': '2016-11-08T09:48:50.540Z', 'id': '58219f825f6b9a4f93eddaf5'}]
2026-03-13 23:39:36 - mkk_pika - database.py:215 - INFO - 第一次下载该漫画，记录数据库中
2026-03-13 23:39:37 - mkk_pika - main.py:83 - INFO - 找到 20 张图片在:第1集
2026-03-13 23:39:38 - mkk_pika - main.py:112 - INFO - [episode:第1集       ] downloaded:    20, total:  20, progress:100%
2026-03-13 23:39:38 - mkk_pika - database.py:238 - INFO - 数据库更新已下载章节
2026-03-13 23:39:38 - mkk_pika - database.py:244 - INFO - 该漫画已下载章节如下
2026-03-13 23:39:38 - mkk_pika - database.py:245 - INFO - ['第1集']
2026-03-13 23:39:39 - mkk_pika - main.py:348 - INFO - ==================== 漫画信息 ====================
                                   漫画ID：58219f825f6b9a4f93eddaf3
                                   标题：【黑条汉化】[Tamaki]母親コスプレ性指導
                                   作者：Tamaki
                                   是否完结：是
                                   总页数：20
                                   分类：短篇
                                   章节数：1
                                   最后更新时间：2012-01-24T22:47:08.000Z
                                   =================================================
2026-03-13 23:39:39 - mkk_pika - database.py:101 - INFO - 保存成功：【黑条汉化】[Tamaki]母親コスプレ性指導
2026-03-13 23:39:39 - mkk_pika - main.py:35 - INFO - 开始检查[空気系☆漢化] [にぃと] カノ×2デレ (COMIC X-EROS＃37)是否存在未下载章节
2026-03-13 23:39:39 - mkk_pika - main.py:45 - INFO - 正在下载:[[空気系☆漢化] [にぃと] カノ×2デレ (COMIC X-EROS＃37)]-[にぃと]-[['短篇', '後宮閃光']]-[total_pages:37]
2026-03-13 23:39:39 - mkk_pika - main.py:49 - INFO - [{'_id': '58219f825f6b9a4f93eddb21', 'title': '第1集', 'order': 1, 'updated_at': '2016-11-08T09:48:50.945Z', 'id': '58219f825f6b9a4f93eddb21'}]
2026-03-13 23:39:39 - mkk_pika - database.py:215 - INFO - 第一次下载该漫画，记录数据库中
2026-03-13 23:39:40 - mkk_pika - main.py:83 - INFO - 找到 37 张图片在:第1集
2026-03-13 23:39:41 - mkk_pika - main.py:112 - INFO - [episode:第1集       ] downloaded:    37, total:  37, progress:100%
2026-03-13 23:39:41 - mkk_pika - database.py:238 - INFO - 数据库更新已下载章节
2026-03-13 23:39:41 - mkk_pika - database.py:244 - INFO - 该漫画已下载章节如下
2026-03-13 23:39:41 - mkk_pika - database.py:245 - INFO - ['第1集']
2026-03-13 23:39:42 - mkk_pika - main.py:348 - INFO - ==================== 漫画信息 ====================
                                   漫画ID：58219f825f6b9a4f93eddb1f
                                   标题：[空気系☆漢化] [にぃと] カノ×2デレ (COMIC X-EROS＃37)
                                   作者：にぃと
                                   是否完结：是
                                   总页数：37
                                   分类：短篇,後宮閃光
                                   章节数：1
                                   最后更新时间：2012-01-25T08:47:08.000Z
                                   =================================================
2026-03-13 23:39:42 - mkk_pika - database.py:101 - INFO - 保存成功：[空気系☆漢化] [にぃと] カノ×2デレ (COMIC X-EROS＃37)
2026-03-13 23:39:42 - mkk_pika - main.py:35 - INFO - 开始检查[直人個人漢化][猫村] もぐもぐ赤城さんと加賀さんの本 (艦隊これくしょん -艦これ-) [百合非H]是否存在未下载章节
2026-03-13 23:39:43 - mkk_pika - main.py:45 - INFO - 正在下载:[[直人個人漢化][猫村] もぐもぐ赤城さんと加賀さんの本 (艦隊これくしょん -艦これ-) [百合非H]]-[猫村]-[['同人', '短篇', '百合花園']]-[total_pages:5]
2026-03-13 23:39:43 - mkk_pika - main.py:49 - INFO - [{'_id': '58219f835f6b9a4f93eddb6f', 'title': '第1集', 'order': 1, 'updated_at': '2016-11-08T09:48:51.701Z', 'id': '58219f835f6b9a4f93eddb6f'}]
2026-03-13 23:39:43 - mkk_pika - database.py:215 - INFO - 第一次下载该漫画，记录数据库中
2026-03-13 23:39:43 - mkk_pika - main.py:83 - INFO - 找到 5 张图片在:第1集
2026-03-13 23:39:44 - mkk_pika - main.py:112 - INFO - [episode:第1集       ] downloaded:     5, total:   5, progress:100%
2026-03-13 23:39:44 - mkk_pika - database.py:238 - INFO - 数据库更新已下载章节
2026-03-13 23:39:44 - mkk_pika - database.py:244 - INFO - 该漫画已下载章节如下
2026-03-13 23:39:44 - mkk_pika - database.py:245 - INFO - ['第1集']
2026-03-13 23:39:45 - mkk_pika - main.py:348 - INFO - ==================== 漫画信息 ====================
                                   漫画ID：58219f835f6b9a4f93eddb6d
                                   标题：[直人個人漢化][猫村] もぐもぐ赤城さんと加賀さんの本 (艦隊これくしょん -艦これ-) [百合非H]
                                   作者：猫村
                                   是否完结：是
                                   总页数：5
                                   分类：同人,短篇,百合花園
                                   章节数：1
                                   最后更新时间：2012-01-25T18:47:08.000Z
                                   =================================================
2026-03-13 23:39:45 - mkk_pika - database.py:101 - INFO - 保存成功：[直人個人漢化][猫村] もぐもぐ赤城さんと加賀さんの本 (艦隊これくしょん -艦これ-) [百合非H]
2026-03-13 23:39:45 - mkk_pika - main.py:35 - INFO - 开始检查勝ち気な女が不様なアヘ顔を晒すまで是否存在未下载章节
2026-03-13 23:39:45 - mkk_pika - main.py:45 - INFO - 正在下载:[勝ち気な女が不様なアヘ顔を晒すまで]-[トキサナ]-[['同人', '長篇', '非人類', '強暴']]-[total_pages:164]
2026-03-13 23:39:45 - mkk_pika - main.py:49 - INFO - [{'_id': '58219f845f6b9a4f93eddb7d', 'title': '第1集', 'order': 1, 'updated_at': '2016-11-08T09:48:52.257Z', 'id': '58219f845f6b9a4f93eddb7d'}]
2026-03-13 23:39:45 - mkk_pika - database.py:215 - INFO - 第一次下载该漫画，记录数据库中
2026-03-13 23:39:47 - mkk_pika - main.py:83 - INFO - 找到 164 张图片在:第1集
2026-03-13 23:39:53 - mkk_pika - main.py:112 - INFO - [episode:第1集       ] downloaded:   164, total: 164, progress:100%
2026-03-13 23:39:53 - mkk_pika - database.py:238 - INFO - 数据库更新已下载章节
2026-03-13 23:39:53 - mkk_pika - database.py:244 - INFO - 该漫画已下载章节如下
2026-03-13 23:39:53 - mkk_pika - database.py:245 - INFO - ['第1集']
2026-03-13 23:39:54 - mkk_pika - main.py:348 - INFO - ==================== 漫画信息 ====================
                                   漫画ID：58219f835f6b9a4f93eddb7b
                                   标题：勝ち気な女が不様なアヘ顔を晒すまで
                                   作者：トキサナ
                                   是否完结：是
                                   总页数：164
                                   分类：同人,長篇,非人類,強暴
                                   章节数：1
                                   最后更新时间：2012-01-26T04:47:08.000Z
                                   =================================================
2026-03-13 23:39:54 - mkk_pika - database.py:101 - INFO - 保存成功：勝ち気な女が不様なアヘ顔を晒すまで
2026-03-13 23:39:54 - mkk_pika - main.py:35 - INFO - 开始检查[直人個人漢化][猫村] 赤賀まんが (艦隊これくしょん -艦これ-)[非H]是否存在未下载章节
2026-03-13 23:39:54 - mkk_pika - main.py:45 - INFO - 正在下载:[[直人個人漢化][猫村] 赤賀まんが (艦隊これくしょん -艦これ-)[非H]]-[猫村]-[['同人', '短篇', '百合花園']]-[total_pages:8]
2026-03-13 23:39:54 - mkk_pika - main.py:49 - INFO - [{'_id': '58219f855f6b9a4f93eddcc9', 'title': '第1集', 'order': 1, 'updated_at': '2016-11-08T09:48:53.591Z', 'id': '58219f855f6b9a4f93eddcc9'}]
2026-03-13 23:39:54 - mkk_pika - database.py:215 - INFO - 第一次下载该漫画，记录数据库中
2026-03-13 23:39:55 - mkk_pika - main.py:83 - INFO - 找到 8 张图片在:第1集
2026-03-13 23:39:55 - mkk_pika - main.py:112 - INFO - [episode:第1集       ] downloaded:     8, total:   8, progress:100%
2026-03-13 23:39:55 - mkk_pika - database.py:238 - INFO - 数据库更新已下载章节
2026-03-13 23:39:55 - mkk_pika - database.py:244 - INFO - 该漫画已下载章节如下
2026-03-13 23:39:55 - mkk_pika - database.py:245 - INFO - ['第1集']
2026-03-13 23:39:57 - mkk_pika - main.py:348 - INFO - ==================== 漫画信息 ====================
                                   漫画ID：58219f855f6b9a4f93eddcc7
                                   标题：[直人個人漢化][猫村] 赤賀まんが (艦隊これくしょん -艦これ-)[非H]
                                   作者：猫村
                                   是否完结：是
                                   总页数：8
                                   分类：同人,短篇,百合花園
                                   章节数：1
                                   最后更新时间：2012-01-26T14:47:08.000Z
                                   =================================================
2026-03-13 23:39:57 - mkk_pika - database.py:101 - INFO - 保存成功：[直人個人漢化][猫村] 赤賀まんが (艦隊これくしょん -艦これ-)[非H]
2026-03-13 23:39:57 - mkk_pika - main.py:35 - INFO - 开始检查 (C87) [にっぷる木馬 (ぱらボら)] SUPER HARD 発情妹 (朹方Project)[为了水鸟生存而奋战的FD超游泳池汉化组]是否存在未下载章节
2026-03-13 23:39:57 - mkk_pika - main.py:45 - INFO - 正在下载:[ (C87) [にっぷる木馬 (ぱらボら)] SUPER HARD 発情妹 (朹方Project)[为了水鸟生存而奋战的FD超游泳池汉化组]]-[にっぷる木馬 (ぱらボら)]-[['同人', '短篇', '東方']]-[total_pages:22]
2026-03-13 23:39:57 - mkk_pika - main.py:49 - INFO - [{'_id': '58219f865f6b9a4f93eddcdd', 'title': '第1集', 'order': 1, 'updated_at': '2016-11-08T09:48:54.151Z', 'id': '58219f865f6b9a4f93eddcdd'}]
2026-03-13 23:39:57 - mkk_pika - database.py:215 - INFO - 第一次下载该漫画，记录数据库中
2026-03-13 23:39:57 - mkk_pika - main.py:83 - INFO - 找到 22 张图片在:第1集
2026-03-13 23:39:58 - mkk_pika - main.py:112 - INFO - [episode:第1集       ] downloaded:    22, total:  22, progress:100%
2026-03-13 23:39:58 - mkk_pika - database.py:238 - INFO - 数据库更新已下载章节
2026-03-13 23:39:58 - mkk_pika - database.py:244 - INFO - 该漫画已下载章节如下
2026-03-13 23:39:58 - mkk_pika - database.py:245 - INFO - ['第1集']
2026-03-13 23:40:00 - mkk_pika - main.py:348 - INFO - ==================== 漫画信息 ====================
                                   漫画ID：58219f855f6b9a4f93eddcdb
                                   标题： (C87) [にっぷる木馬 (ぱらボら)] SUPER HARD 発情妹 (朹方Project)[为了水鸟生存而奋战的FD超游泳池汉化组]
                                   作者：にっぷる木馬 (ぱらボら)
                                   是否完结：是
                                   总页数：22
                                   分类：同人,短篇,東方
                                   章节数：1
                                   最后更新时间：2012-01-27T00:47:08.000Z
                                   =================================================
2026-03-13 23:40:00 - mkk_pika - database.py:101 - INFO - 保存成功： (C87) [にっぷる木馬 (ぱらボら)] SUPER HARD 発情妹 (朹方Project)[为了水鸟生存而奋战的FD超游泳池汉化组]
2026-03-13 23:40:00 - mkk_pika - main.py:35 - INFO - 开始检查(C88) [にっぷる木馬 (ぱらボら)] SUPER HARD 発情妹2 (東方Project)[oo君個人漢化]是否存在未下载章节
2026-03-13 23:40:00 - mkk_pika - main.py:45 - INFO - 正在下载:[(C88) [にっぷる木馬 (ぱらボら)] SUPER HARD 発情妹2 (東方Project)[oo君個人漢化]]-[にっぷる木馬 (ぱらボら)]-[['同人', '短篇', '東方']]-[total_pages:23]
2026-03-13 23:40:00 - mkk_pika - main.py:49 - INFO - [{'_id': '58219f865f6b9a4f93eddd0d', 'title': '第1集', 'order': 1, 'updated_at': '2016-11-08T09:48:54.589Z', 'id': '58219f865f6b9a4f93eddd0d'}]
2026-03-13 23:40:00 - mkk_pika - database.py:215 - INFO - 第一次下载该漫画，记录数据库中
2026-03-13 23:40:00 - mkk_pika - main.py:83 - INFO - 找到 23 张图片在:第1集
2026-03-13 23:40:01 - mkk_pika - main.py:112 - INFO - [episode:第1集       ] downloaded:    23, total:  23, progress:100%
2026-03-13 23:40:01 - mkk_pika - database.py:238 - INFO - 数据库更新已下载章节
2026-03-13 23:40:01 - mkk_pika - database.py:244 - INFO - 该漫画已下载章节如下
2026-03-13 23:40:01 - mkk_pika - database.py:245 - INFO - ['第1集']
2026-03-13 23:40:03 - mkk_pika - main.py:348 - INFO - ==================== 漫画信息 ====================
                                   漫画ID：58219f865f6b9a4f93eddd0b
                                   标题：(C88) [にっぷる木馬 (ぱらボら)] SUPER HARD 発情妹2 (東方Project)[oo君個人漢化]
                                   作者：にっぷる木馬 (ぱらボら)
                                   是否完结：是
                                   总页数：23
                                   分类：同人,短篇,東方
                                   章节数：1
                                   最后更新时间：2012-01-27T10:47:08.000Z
                                   =================================================
2026-03-13 23:40:03 - mkk_pika - database.py:101 - INFO - 保存成功：(C88) [にっぷる木馬 (ぱらボら)] SUPER HARD 発情妹2 (東方Project)[oo君個人漢化]
2026-03-13 23:40:03 - mkk_pika - main.py:35 - INFO - 开始检查[たこりーな画伯] お姉ちゃんの肉便器 (momopan Vol. 23 [アヘ顔ダブルピース]) [魔劍个人汉化]是否存在未下载章节
2026-03-13 23:40:03 - mkk_pika - main.py:45 - INFO - 正在下载:[[たこりーな画伯] お姉ちゃんの肉便器 (momopan Vol. 23 [アヘ顔ダブルピース]) [魔劍个人汉化]]-[たこりーな画伯]-[['短篇', '姐姐系']]-[total_pages:36]
2026-03-13 23:40:03 - mkk_pika - main.py:49 - INFO - [{'_id': '58219f875f6b9a4f93eddd55', 'title': '第1集', 'order': 1, 'updated_at': '2016-11-08T09:48:55.527Z', 'id': '58219f875f6b9a4f93eddd55'}]
2026-03-13 23:40:03 - mkk_pika - database.py:215 - INFO - 第一次下载该漫画，记录数据库中
2026-03-13 23:40:04 - mkk_pika - main.py:83 - INFO - 找到 36 张图片在:第1集
2026-03-13 23:40:05 - mkk_pika - main.py:112 - INFO - [episode:第1集       ] downloaded:    36, total:  36, progress:100%
2026-03-13 23:40:05 - mkk_pika - database.py:238 - INFO - 数据库更新已下载章节
2026-03-13 23:40:05 - mkk_pika - database.py:244 - INFO - 该漫画已下载章节如下
2026-03-13 23:40:05 - mkk_pika - database.py:245 - INFO - ['第1集']
2026-03-13 23:40:07 - mkk_pika - main.py:348 - INFO - ==================== 漫画信息 ====================
                                   漫画ID：58219f875f6b9a4f93eddd53
                                   标题：[たこりーな画伯] お姉ちゃんの肉便器 (momopan Vol. 23 [アヘ顔ダブルピース]) [魔劍个人汉化]
                                   作者：たこりーな画伯
                                   是否完结：是
                                   总页数：36
                                   分类：短篇,姐姐系
                                   章节数：1
                                   最后更新时间：2012-01-28T06:47:08.000Z
                                   =================================================
2026-03-13 23:40:07 - mkk_pika - database.py:101 - INFO - 保存成功：[たこりーな画伯] お姉ちゃんの肉便器 (momopan Vol. 23 [アヘ顔ダブルピース]) [魔劍个人汉化]
2026-03-13 23:40:07 - mkk_pika - main.py:35 - INFO - 开始检查[补丁布丁汉化组E][大理石(墓場)]私のお人形(COMICパピポ C·Y大賞投稿作品)是否存在未下载章节
2026-03-13 23:40:07 - mkk_pika - main.py:45 - INFO - 正在下载:[[补丁布丁汉化组E][大理石(墓場)]私のお人形(COMICパピポ C·Y大賞投稿作品)]-[大理石(墓場)]-[['短篇', '百合花園']]-[total_pages:22]
2026-03-13 23:40:07 - mkk_pika - main.py:49 - INFO - [{'_id': '58219f875f6b9a4f93eddda1', 'title': '第1集', 'order': 1, 'updated_at': '2016-11-08T09:48:55.976Z', 'id': '58219f875f6b9a4f93eddda1'}]
2026-03-13 23:40:07 - mkk_pika - database.py:215 - INFO - 第一次下载该漫画，记录数据库中
2026-03-13 23:40:07 - mkk_pika - main.py:83 - INFO - 找到 22 张图片在:第1集
2026-03-13 23:40:08 - mkk_pika - main.py:112 - INFO - [episode:第1集       ] downloaded:    22, total:  22, progress:100%
2026-03-13 23:40:08 - mkk_pika - database.py:238 - INFO - 数据库更新已下载章节
2026-03-13 23:40:08 - mkk_pika - database.py:244 - INFO - 该漫画已下载章节如下
2026-03-13 23:40:08 - mkk_pika - database.py:245 - INFO - ['第1集']
2026-03-13 23:40:10 - mkk_pika - main.py:348 - INFO - ==================== 漫画信息 ====================
                                   漫画ID：58219f875f6b9a4f93eddd9f
                                   标题：[补丁布丁汉化组E][大理石(墓場)]私のお人形(COMICパピポ C·Y大賞投稿作品)
                                   作者：大理石(墓場)
                                   是否完结：是
                                   总页数：22
                                   分类：短篇,百合花園
                                   章节数：1
                                   最后更新时间：2012-01-28T16:47:08.000Z
                                   =================================================
2026-03-13 23:40:10 - mkk_pika - database.py:101 - INFO - 保存成功：[补丁布丁汉化组E][大理石(墓場)]私のお人形(COMICパピポ C·Y大賞投稿作品)
2026-03-13 23:40:10 - mkk_pika - main.py:35 - INFO - 开始检查[黑街021][新堂エル] 変身 -emergence- 第1-4話是否存在未下载章节
2026-03-13 23:40:10 - mkk_pika - main.py:45 - INFO - 正在下载:[[黑街021][新堂エル] 変身 -emergence- 第1-4話]-[新堂エル]-[['長篇']]-[total_pages:111]
2026-03-13 23:40:10 - mkk_pika - main.py:49 - INFO - [{'_id': '58219f8b5f6b9a4f93ede16d', 'title': '第1集', 'order': 1, 'updated_at': '2016-11-08T09:48:59.041Z', 'id': '58219f8b5f6b9a4f93ede16d'}, {'_id': '58219f8b5f6b9a4f93ede1a3', 'title': '第2集', 'order': 2, 'updated_at': '2016-11-08T09:48:59.730Z', 'id': '58219f8b5f6b9a4f93ede1a3'}, {'_id': '58219f8c5f6b9a4f93ede1df', 'title': '第3集', 'order': 3, 'updated_at': '2016-11-08T09:49:00.155Z', 'id': '58219f8c5f6b9a4f93ede1df'}, {'_id': '58219f8c5f6b9a4f93ede21b', 'title': '第4集', 'order': 4, 'updated_at': '2016-11-08T09:49:00.570Z', 'id': '58219f8c5f6b9a4f93ede21b'}]
2026-03-13 23:40:10 - mkk_pika - database.py:215 - INFO - 第一次下载该漫画，记录数据库中
2026-03-13 23:40:11 - mkk_pika - main.py:83 - INFO - 找到 26 张图片在:第1集
2026-03-13 23:40:12 - mkk_pika - main.py:112 - INFO - [episode:第1集       ] downloaded:    26, total:  26, progress:100%
2026-03-13 23:40:12 - mkk_pika - database.py:238 - INFO - 数据库更新已下载章节
2026-03-13 23:40:12 - mkk_pika - database.py:244 - INFO - 该漫画已下载章节如下
2026-03-13 23:40:12 - mkk_pika - database.py:245 - INFO - ['第1集']
2026-03-13 23:40:13 - mkk_pika - main.py:83 - INFO - 找到 29 张图片在:第2集
2026-03-13 23:40:14 - mkk_pika - main.py:112 - INFO - [episode:第2集       ] downloaded:    29, total:  29, progress:100%
2026-03-13 23:40:14 - mkk_pika - database.py:238 - INFO - 数据库更新已下载章节
2026-03-13 23:40:14 - mkk_pika - database.py:244 - INFO - 该漫画已下载章节如下
2026-03-13 23:40:14 - mkk_pika - database.py:245 - INFO - ['第1集', '第2集']
2026-03-13 23:40:16 - mkk_pika - main.py:83 - INFO - 找到 29 张图片在:第3集
2026-03-13 23:40:17 - mkk_pika - main.py:112 - INFO - [episode:第3集       ] downloaded:    29, total:  29, progress:100%
2026-03-13 23:40:17 - mkk_pika - database.py:238 - INFO - 数据库更新已下载章节
2026-03-13 23:40:17 - mkk_pika - database.py:244 - INFO - 该漫画已下载章节如下
2026-03-13 23:40:17 - mkk_pika - database.py:245 - INFO - ['第1集', '第2集', '第3集']
2026-03-13 23:40:19 - mkk_pika - main.py:83 - INFO - 找到 27 张图片在:第4集
2026-03-13 23:40:20 - mkk_pika - main.py:112 - INFO - [episode:第4集       ] downloaded:    27, total:  27, progress:100%
2026-03-13 23:40:20 - mkk_pika - database.py:238 - INFO - 数据库更新已下载章节
2026-03-13 23:40:20 - mkk_pika - database.py:244 - INFO - 该漫画已下载章节如下
2026-03-13 23:40:20 - mkk_pika - database.py:245 - INFO - ['第1集', '第2集', '第3集', '第4集']
2026-03-13 23:40:21 - mkk_pika - main.py:348 - INFO - ==================== 漫画信息 ====================
                                   漫画ID：58219f8a5f6b9a4f93ede16b
                                   标题：[黑街021][新堂エル] 変身 -emergence- 第1-4話
                                   作者：新堂エル
                                   是否完结：否
                                   总页数：111
                                   分类：長篇
                                   章节数：4
                                   最后更新时间：2012-01-29T12:47:08.000Z
                                   =================================================
2026-03-13 23:40:21 - mkk_pika - database.py:101 - INFO - 保存成功：[黑街021][新堂エル] 変身 -emergence- 第1-4話
2026-03-13 23:40:21 - mkk_pika - main.py:35 - INFO - 开始检查 [暗中模索 (まるころんど)] 姪っこな少女の絵本 1-5是否存在未下载章节
2026-03-13 23:40:21 - mkk_pika - main.py:45 - INFO - 正在下载:[ [暗中模索 (まるころんど)] 姪っこな少女の絵本 1-5]-[暗中模索 (まるころんど)]-[['同人', '短篇']]-[total_pages:220]
2026-03-13 23:40:21 - mkk_pika - main.py:49 - INFO - [{'_id': '58219f905f6b9a4f93ede445', 'title': '第1集', 'order': 1, 'updated_at': '2016-11-08T09:49:04.244Z', 'id': '58219f905f6b9a4f93ede445'}, {'_id': '58219f905f6b9a4f93ede483', 'title': '第2集', 'order': 2, 'updated_at': '2016-11-08T09:49:04.582Z', 'id': '58219f905f6b9a4f93ede483'}, {'_id': '58219f915f6b9a4f93ede4d9', 'title': '第3集', 'order': 3, 'updated_at': '2016-11-08T09:49:05.049Z', 'id': '58219f915f6b9a4f93ede4d9'}, {'_id': '58219f915f6b9a4f93ede52f', 'title': '第4集', 'order': 4, 'updated_at': '2016-11-08T09:49:05.508Z', 'id': '58219f915f6b9a4f93ede52f'}, {'_id': '58219f915f6b9a4f93ede575', 'title': '第5集', 'order': 5, 'updated_at': '2016-11-08T09:49:05.980Z', 'id': '58219f915f6b9a4f93ede575'}, {'_id': '58219f925f6b9a4f93ede5c1', 'title': '第6集', 'order': 6, 'updated_at': '2016-11-08T09:49:06.708Z', 'id': '58219f925f6b9a4f93ede5c1'}]
2026-03-13 23:40:21 - mkk_pika - database.py:215 - INFO - 第一次下载该漫画，记录数据库中
2026-03-13 23:40:22 - mkk_pika - main.py:83 - INFO - 找到 30 张图片在:第1集
2026-03-13 23:40:23 - mkk_pika - main.py:112 - INFO - [episode:第1集       ] downloaded:    30, total:  30, progress:100%
2026-03-13 23:40:23 - mkk_pika - database.py:238 - INFO - 数据库更新已下载章节
2026-03-13 23:40:23 - mkk_pika - database.py:244 - INFO - 该漫画已下载章节如下
2026-03-13 23:40:23 - mkk_pika - database.py:245 - INFO - ['第1集']
2026-03-13 23:40:25 - mkk_pika - main.py:83 - INFO - 找到 42 张图片在:第2集
2026-03-13 23:40:26 - mkk_pika - main.py:112 - INFO - [episode:第2集       ] downloaded:    42, total:  42, progress:100%
2026-03-13 23:40:26 - mkk_pika - database.py:238 - INFO - 数据库更新已下载章节
2026-03-13 23:40:26 - mkk_pika - database.py:244 - INFO - 该漫画已下载章节如下
2026-03-13 23:40:26 - mkk_pika - database.py:245 - INFO - ['第1集', '第2集']
2026-03-13 23:40:28 - mkk_pika - main.py:83 - INFO - 找到 42 张图片在:第3集
2026-03-13 23:40:29 - mkk_pika - main.py:112 - INFO - [episode:第3集       ] downloaded:    42, total:  42, progress:100%
2026-03-13 23:40:29 - mkk_pika - database.py:238 - INFO - 数据库更新已下载章节
2026-03-13 23:40:29 - mkk_pika - database.py:244 - INFO - 该漫画已下载章节如下
2026-03-13 23:40:29 - mkk_pika - database.py:245 - INFO - ['第1集', '第2集', '第3集']
2026-03-13 23:40:31 - mkk_pika - main.py:83 - INFO - 找到 34 张图片在:第4集
2026-03-13 23:40:32 - mkk_pika - main.py:112 - INFO - [episode:第4集       ] downloaded:    34, total:  34, progress:100%
2026-03-13 23:40:32 - mkk_pika - database.py:238 - INFO - 数据库更新已下载章节
2026-03-13 23:40:32 - mkk_pika - database.py:244 - INFO - 该漫画已下载章节如下
2026-03-13 23:40:32 - mkk_pika - database.py:245 - INFO - ['第1集', '第2集', '第3集', '第4集']
2026-03-13 23:40:34 - mkk_pika - main.py:83 - INFO - 找到 37 张图片在:第5集
2026-03-13 23:40:35 - mkk_pika - main.py:112 - INFO - [episode:第5集       ] downloaded:    37, total:  37, progress:100%
2026-03-13 23:40:35 - mkk_pika - database.py:238 - INFO - 数据库更新已下载章节
2026-03-13 23:40:35 - mkk_pika - database.py:244 - INFO - 该漫画已下载章节如下
2026-03-13 23:40:35 - mkk_pika - database.py:245 - INFO - ['第1集', '第2集', '第3集', '第4集', '第5集']
2026-03-13 23:40:37 - mkk_pika - main.py:83 - INFO - 找到 35 张图片在:第6集
2026-03-13 23:40:38 - mkk_pika - main.py:112 - INFO - [episode:第6集       ] downloaded:    35, total:  35, progress:100%
2026-03-13 23:40:38 - mkk_pika - database.py:238 - INFO - 数据库更新已下载章节
2026-03-13 23:40:38 - mkk_pika - database.py:244 - INFO - 该漫画已下载章节如下
2026-03-13 23:40:38 - mkk_pika - database.py:245 - INFO - ['第1集', '第2集', '第3集', '第4集', '第5集', '第6集']
2026-03-13 23:40:39 - mkk_pika - main.py:348 - INFO - ==================== 漫画信息 ====================
                                   漫画ID：58219f8f5f6b9a4f93ede443
                                   标题： [暗中模索 (まるころんど)] 姪っこな少女の絵本 1-5
                                   作者：暗中模索 (まるころんど)
                                   是否完结：是
                                   总页数：220
                                   分类：同人,短篇
                                   章节数：6
                                   最后更新时间：2012-01-30T08:47:08.000Z
                                   =================================================
2026-03-13 23:40:39 - mkk_pika - database.py:101 - INFO - 保存成功： [暗中模索 (まるころんど)] 姪っこな少女の絵本 1-5
2026-03-13 23:40:39 - mkk_pika - main.py:35 - INFO - 开始检查[赤人] LIKE A FLOWER [4K掃圖組]是否存在未下载章节
2026-03-13 23:40:39 - mkk_pika - main.py:45 - INFO - 正在下载:[[赤人] LIKE A FLOWER [4K掃圖組]]-[赤人]-[['長篇']]-[total_pages:234]
2026-03-13 23:40:39 - mkk_pika - main.py:49 - INFO - [{'_id': '58219f935f6b9a4f93ede60b', 'title': '第1集', 'order': 1, 'updated_at': '2016-11-08T09:49:07.198Z', 'id': '58219f935f6b9a4f93ede60b'}]
2026-03-13 23:40:39 - mkk_pika - database.py:215 - INFO - 第一次下载该漫画，记录数据库中
2026-03-13 23:40:41 - mkk_pika - main.py:83 - INFO - 找到 234 张图片在:第1集
2026-03-13 23:40:49 - mkk_pika - main.py:112 - INFO - [episode:第1集       ] downloaded:   234, total: 234, progress:100%
2026-03-13 23:40:49 - mkk_pika - database.py:238 - INFO - 数据库更新已下载章节
2026-03-13 23:40:49 - mkk_pika - database.py:244 - INFO - 该漫画已下载章节如下
2026-03-13 23:40:49 - mkk_pika - database.py:245 - INFO - ['第1集']
2026-03-13 23:40:51 - mkk_pika - main.py:348 - INFO - ==================== 漫画信息 ====================
                                   漫画ID：58219f925f6b9a4f93ede609
                                   标题：[赤人] LIKE A FLOWER [4K掃圖組]
                                   作者：赤人
                                   是否完结：是
                                   总页数：234
                                   分类：長篇
                                   章节数：1
                                   最后更新时间：2012-01-30T18:47:08.000Z
                                   =================================================
2026-03-13 23:40:51 - mkk_pika - database.py:101 - INFO - 保存成功：[赤人] LIKE A FLOWER [4K掃圖組]
2026-03-13 23:40:51 - mkk_pika - main.py:35 - INFO - 开始检查[百花屋汉化组] (C88) [Achromic (夢双月)] ろり&ふた Vol.1 (艦隊これくしょん -艦これ-)是否存在未下载章节
2026-03-13 23:40:51 - mkk_pika - main.py:45 - INFO - 正在下载:[[百花屋汉化组] (C88) [Achromic (夢双月)] ろり&ふた Vol.1 (艦隊これくしょん -艦これ-)]-[Achromic (夢双月)]-[['同人', '短篇', '艦隊收藏', '扶他樂園']]-[total_pages:32]
2026-03-13 23:40:51 - mkk_pika - main.py:49 - INFO - [{'_id': '58219fa65f6b9a4f93edf725', 'title': '第1集', 'order': 1, 'updated_at': '2016-11-08T09:49:26.589Z', 'id': '58219fa65f6b9a4f93edf725'}]
2026-03-13 23:40:51 - mkk_pika - database.py:215 - INFO - 第一次下载该漫画，记录数据库中
2026-03-13 23:40:52 - mkk_pika - main.py:83 - INFO - 找到 32 张图片在:第1集
2026-03-13 23:40:53 - mkk_pika - main.py:112 - INFO - [episode:第1集       ] downloaded:    32, total:  32, progress:100%
2026-03-13 23:40:53 - mkk_pika - database.py:238 - INFO - 数据库更新已下载章节
2026-03-13 23:40:53 - mkk_pika - database.py:244 - INFO - 该漫画已下载章节如下
2026-03-13 23:40:53 - mkk_pika - database.py:245 - INFO - ['第1集']
2026-03-13 23:40:54 - mkk_pika - main.py:348 - INFO - ==================== 漫画信息 ====================
                                   漫画ID：58219fa65f6b9a4f93edf723
                                   标题：[百花屋汉化组] (C88) [Achromic (夢双月)] ろり&ふた Vol.1 (艦隊これくしょん -艦これ-)
                                   作者：Achromic (夢双月)
                                   是否完结：是
                                   总页数：32
                                   分类：同人,短篇,艦隊收藏,扶他樂園
                                   章节数：1
                                   最后更新时间：2012-02-04T08:47:08.000Z
                                   =================================================
2026-03-13 23:40:54 - mkk_pika - database.py:101 - INFO - 保存成功：[百花屋汉化组] (C88) [Achromic (夢双月)] ろり&ふた Vol.1 (艦隊これくしょん -艦これ-)
2026-03-13 23:40:54 - mkk_pika - main.py:35 - INFO - 开始检查[空気系☆漢化] [愛上陸] ヨゴレタカノジョ (コミックゼロス #37)是否存在未下载章节
2026-03-13 23:40:54 - mkk_pika - main.py:45 - INFO - 正在下载:[[空気系☆漢化] [愛上陸] ヨゴレタカノジョ (コミックゼロス #37)]-[愛上陸]-[['短篇', 'NTR']]-[total_pages:25]
2026-03-13 23:40:54 - mkk_pika - main.py:49 - INFO - [{'_id': '58219fa75f6b9a4f93edf769', 'title': '第1集', 'order': 1, 'updated_at': '2016-11-08T09:49:27.045Z', 'id': '58219fa75f6b9a4f93edf769'}]
2026-03-13 23:40:54 - mkk_pika - database.py:215 - INFO - 第一次下载该漫画，记录数据库中
2026-03-13 23:40:55 - mkk_pika - main.py:83 - INFO - 找到 25 张图片在:第1集
2026-03-13 23:40:56 - mkk_pika - main.py:112 - INFO - [episode:第1集       ] downloaded:    25, total:  25, progress:100%
2026-03-13 23:40:56 - mkk_pika - database.py:238 - INFO - 数据库更新已下载章节
2026-03-13 23:40:56 - mkk_pika - database.py:244 - INFO - 该漫画已下载章节如下
2026-03-13 23:40:56 - mkk_pika - database.py:245 - INFO - ['第1集']
2026-03-13 23:40:57 - mkk_pika - main.py:348 - INFO - ==================== 漫画信息 ====================
                                   漫画ID：58219fa65f6b9a4f93edf767
                                   标题：[空気系☆漢化] [愛上陸] ヨゴレタカノジョ (コミックゼロス #37)
                                   作者：愛上陸
                                   是否完结：是
                                   总页数：25
                                   分类：短篇,NTR
                                   章节数：1
                                   最后更新时间：2012-02-04T18:47:08.000Z
                                   =================================================
2026-03-13 23:40:57 - mkk_pika - database.py:101 - INFO - 保存成功：[空気系☆漢化] [愛上陸] ヨゴレタカノジョ (コミックゼロス #37)
2026-03-13 23:40:57 - mkk_pika - main.py:35 - INFO - 开始检查[RUBBISH選別隊 (無望菜志)] RE18 (Fate／kaleid liner プリズマ☆イリヤ)是否存在未下载章节
2026-03-13 23:40:58 - mkk_pika - main.py:45 - INFO - 正在下载:[[RUBBISH選別隊 (無望菜志)] RE18 (Fate／kaleid liner プリズマ☆イリヤ)]-[無望菜志]-[['同人', '短篇', '非人類', 'NTR']]-[total_pages:30]
2026-03-13 23:40:58 - mkk_pika - main.py:49 - INFO - [{'_id': '58219fa85f6b9a4f93edf8ed', 'title': '第1集', 'order': 1, 'updated_at': '2016-11-08T09:49:28.984Z', 'id': '58219fa85f6b9a4f93edf8ed'}]
2026-03-13 23:40:58 - mkk_pika - database.py:215 - INFO - 第一次下载该漫画，记录数据库中
2026-03-13 23:40:58 - mkk_pika - main.py:83 - INFO - 找到 30 张图片在:第1集
2026-03-13 23:40:59 - mkk_pika - main.py:112 - INFO - [episode:第1集       ] downloaded:    30, total:  30, progress:100%
2026-03-13 23:40:59 - mkk_pika - database.py:238 - INFO - 数据库更新已下载章节
2026-03-13 23:40:59 - mkk_pika - database.py:244 - INFO - 该漫画已下载章节如下
2026-03-13 23:40:59 - mkk_pika - database.py:245 - INFO - ['第1集']
2026-03-13 23:41:01 - mkk_pika - main.py:348 - INFO - ==================== 漫画信息 ====================
                                   漫画ID：58219fa85f6b9a4f93edf8eb
                                   标题：[RUBBISH選別隊 (無望菜志)] RE18 (Fate／kaleid liner プリズマ☆イリヤ)
                                   作者：無望菜志
                                   是否完结：是
                                   总页数：30
                                   分类：同人,短篇,非人類,NTR
                                   章节数：1
                                   最后更新时间：2012-02-06T00:47:08.000Z
                                   =================================================
2026-03-13 23:41:01 - mkk_pika - database.py:101 - INFO - 保存成功：[RUBBISH選別隊 (無望菜志)] RE18 (Fate／kaleid liner プリズマ☆イリヤ)
2026-03-13 23:41:01 - mkk_pika - main.py:35 - INFO - 开始检查[太平天極]愛上乳口交的淑女\パイフェラレディ(chinese)是否存在未下载章节
2026-03-13 23:41:01 - mkk_pika - main.py:45 - INFO - 正在下载:[[太平天極]愛上乳口交的淑女\パイフェラレディ(chinese)]-[太平天極]-[['長篇']]-[total_pages:215]
2026-03-13 23:41:01 - mkk_pika - main.py:49 - INFO - [{'_id': '58219fb65f6b9a4f93ee07a5', 'title': '第1集', 'order': 1, 'updated_at': '2016-11-08T09:49:42.154Z', 'id': '58219fb65f6b9a4f93ee07a5'}]
2026-03-13 23:41:01 - mkk_pika - database.py:215 - INFO - 第一次下载该漫画，记录数据库中
2026-03-13 23:41:03 - mkk_pika - main.py:83 - INFO - 找到 215 张图片在:第1集
2026-03-13 23:41:10 - mkk_pika - main.py:112 - INFO - [episode:第1集       ] downloaded:   215, total: 215, progress:100%
2026-03-13 23:41:10 - mkk_pika - database.py:238 - INFO - 数据库更新已下载章节
2026-03-13 23:41:10 - mkk_pika - database.py:244 - INFO - 该漫画已下载章节如下
2026-03-13 23:41:10 - mkk_pika - database.py:245 - INFO - ['第1集']
2026-03-13 23:41:12 - mkk_pika - main.py:348 - INFO - ==================== 漫画信息 ====================
                                   漫画ID：58219fb55f6b9a4f93ee07a3
                                   标题：[太平天極]愛上乳口交的淑女\パイフェラレディ(chinese)
                                   作者：太平天極
                                   是否完结：是
                                   总页数：215
                                   分类：長篇
                                   章节数：1
                                   最后更新时间：2012-02-08T22:47:07.000Z
                                   =================================================
2026-03-13 23:41:12 - mkk_pika - database.py:101 - INFO - 保存成功：[太平天極]愛上乳口交的淑女\パイフェラレディ(chinese)
2026-03-13 23:41:12 - mkk_pika - main.py:35 - INFO - 开始检查约会大作战同人是否存在未下载章节
2026-03-13 23:41:12 - mkk_pika - main.py:45 - INFO - 正在下载:[约会大作战同人]-[封面上有（在下实在不会打日文）]-[['同人', '短篇', '後宮閃光']]-[total_pages:35]
2026-03-13 23:41:12 - mkk_pika - main.py:49 - INFO - [{'_id': '58219fb75f6b9a4f93ee0957', 'title': '第1集', 'order': 1, 'updated_at': '2016-11-08T09:49:43.955Z', 'id': '58219fb75f6b9a4f93ee0957'}]
2026-03-13 23:41:12 - mkk_pika - database.py:215 - INFO - 第一次下载该漫画，记录数据库中
2026-03-13 23:41:12 - mkk_pika - main.py:83 - INFO - 找到 35 张图片在:第1集
2026-03-13 23:41:13 - mkk_pika - main.py:112 - INFO - [episode:第1集       ] downloaded:    35, total:  35, progress:100%
2026-03-13 23:41:13 - mkk_pika - database.py:238 - INFO - 数据库更新已下载章节
2026-03-13 23:41:13 - mkk_pika - database.py:244 - INFO - 该漫画已下载章节如下
2026-03-13 23:41:13 - mkk_pika - database.py:245 - INFO - ['第1集']
2026-03-13 23:41:15 - mkk_pika - main.py:348 - INFO - ==================== 漫画信息 ====================
                                   漫画ID：58219fb75f6b9a4f93ee0955
                                   标题：约会大作战同人
                                   作者：封面上有（在下实在不会打日文）
                                   是否完结：否
                                   总页数：35
                                   分类：同人,短篇,後宮閃光
                                   章节数：1
                                   最后更新时间：2012-02-09T08:47:07.000Z
                                   =================================================
2026-03-13 23:41:15 - mkk_pika - database.py:101 - INFO - 保存成功：约会大作战同人
2026-03-13 23:41:15 - mkk_pika - main.py:35 - INFO - 开始检查岛风全彩是否存在未下载章节
2026-03-13 23:41:15 - mkk_pika - main.py:45 - INFO - 正在下载:[岛风全彩]-[不明]-[['同人', '短篇', '艦隊收藏', '全彩']]-[total_pages:15]
2026-03-13 23:41:15 - mkk_pika - main.py:49 - INFO - [{'_id': '58219fb85f6b9a4f93ee09a1', 'title': '第1集', 'order': 1, 'updated_at': '2016-11-08T09:49:44.750Z', 'id': '58219fb85f6b9a4f93ee09a1'}]
2026-03-13 23:41:15 - mkk_pika - database.py:215 - INFO - 第一次下载该漫画，记录数据库中
2026-03-13 23:41:16 - mkk_pika - main.py:83 - INFO - 找到 15 张图片在:第1集
2026-03-13 23:41:16 - mkk_pika - main.py:112 - INFO - [episode:第1集       ] downloaded:    15, total:  15, progress:100%
2026-03-13 23:41:16 - mkk_pika - database.py:238 - INFO - 数据库更新已下载章节
2026-03-13 23:41:16 - mkk_pika - database.py:244 - INFO - 该漫画已下载章节如下
2026-03-13 23:41:16 - mkk_pika - database.py:245 - INFO - ['第1集']
2026-03-13 23:41:17 - mkk_pika - main.py:348 - INFO - ==================== 漫画信息 ====================
                                   漫画ID：58219fb85f6b9a4f93ee099f
                                   标题：岛风全彩
                                   作者：不明
                                   是否完结：否
                                   总页数：15
                                   分类：同人,短篇,艦隊收藏,全彩
                                   章节数：1
                                   最后更新时间：2012-02-09T18:47:07.000Z
                                   =================================================
2026-03-13 23:41:17 - mkk_pika - database.py:101 - INFO - 保存成功：岛风全彩
2026-03-13 23:41:17 - mkk_pika - main.py:35 - INFO - 开始检查DOLL (攻殼機動隊)是否存在未下载章节
2026-03-13 23:41:18 - mkk_pika - main.py:45 - INFO - 正在下载:[DOLL (攻殼機動隊)]-[武装女神(神無月かんな)]-[['同人', 'SM', '短篇', '強暴']]-[total_pages:28]
2026-03-13 23:41:18 - mkk_pika - main.py:49 - INFO - [{'_id': '58219fcc5f6b9a4f93ee14a1', 'title': '第1集', 'order': 1, 'updated_at': '2016-11-08T09:50:04.820Z', 'id': '58219fcc5f6b9a4f93ee14a1'}]
2026-03-13 23:41:18 - mkk_pika - database.py:215 - INFO - 第一次下载该漫画，记录数据库中
2026-03-13 23:41:18 - mkk_pika - main.py:83 - INFO - 找到 28 张图片在:第1集
2026-03-13 23:41:19 - mkk_pika - main.py:112 - INFO - [episode:第1集       ] downloaded:    28, total:  28, progress:100%
2026-03-13 23:41:19 - mkk_pika - database.py:238 - INFO - 数据库更新已下载章节
2026-03-13 23:41:19 - mkk_pika - database.py:244 - INFO - 该漫画已下载章节如下
2026-03-13 23:41:19 - mkk_pika - database.py:245 - INFO - ['第1集']
2026-03-13 23:41:21 - mkk_pika - main.py:348 - INFO - ==================== 漫画信息 ====================
                                   漫画ID：58219fcc5f6b9a4f93ee149f
                                   标题：DOLL (攻殼機動隊)
                                   作者：武装女神(神無月かんな)
                                   是否完结：是
                                   总页数：28
                                   分类：同人,SM,短篇,強暴
                                   章节数：1
                                   最后更新时间：2012-02-13T02:47:07.000Z
                                   =================================================
2026-03-13 23:41:21 - mkk_pika - database.py:101 - INFO - 保存成功：DOLL (攻殼機動隊)
2026-03-13 23:41:21 - mkk_pika - main.py:35 - INFO - 开始检查Derenuki Vol. 1 （攻殼機動隊）是否存在未下载章节
2026-03-13 23:41:21 - mkk_pika - main.py:45 - INFO - 正在下载:[Derenuki Vol. 1 （攻殼機動隊）]-[メスゴリラ。(まぐろ帝國)]-[['同人', '短篇', '非人類']]-[total_pages:24]
2026-03-13 23:41:21 - mkk_pika - main.py:49 - INFO - [{'_id': '58219fcd5f6b9a4f93ee14dd', 'title': '第1集', 'order': 1, 'updated_at': '2016-11-08T09:50:05.301Z', 'id': '58219fcd5f6b9a4f93ee14dd'}]
2026-03-13 23:41:21 - mkk_pika - database.py:215 - INFO - 第一次下载该漫画，记录数据库中
2026-03-13 23:41:22 - mkk_pika - main.py:83 - INFO - 找到 24 张图片在:第1集
2026-03-13 23:41:22 - mkk_pika - main.py:112 - INFO - [episode:第1集       ] downloaded:    24, total:  24, progress:100%
2026-03-13 23:41:22 - mkk_pika - database.py:238 - INFO - 数据库更新已下载章节
2026-03-13 23:41:22 - mkk_pika - database.py:244 - INFO - 该漫画已下载章节如下
2026-03-13 23:41:22 - mkk_pika - database.py:245 - INFO - ['第1集']
2026-03-13 23:41:24 - mkk_pika - main.py:348 - INFO - ==================== 漫画信息 ====================
                                   漫画ID：58219fcd5f6b9a4f93ee14db
                                   标题：Derenuki Vol. 1 （攻殼機動隊）
                                   作者：メスゴリラ。(まぐろ帝國)
                                   是否完结：是
                                   总页数：24
                                   分类：同人,短篇,非人類
                                   章节数：1
                                   最后更新时间：2012-02-13T12:47:07.000Z
                                   =================================================
2026-03-13 23:41:24 - mkk_pika - database.py:101 - INFO - 保存成功：Derenuki Vol. 1 （攻殼機動隊）
2026-03-13 23:41:24 - mkk_pika - main.py:35 - INFO - 开始检查战舰少女爱宕本[Breakrabbit] Atago Shiga (Warship Girls) [Chinese]是否存在未下载章节
2026-03-13 23:41:24 - mkk_pika - main.py:45 - INFO - 正在下载:[战舰少女爱宕本[Breakrabbit] Atago Shiga (Warship Girls) [Chinese]]-[Breakrabbit]-[['同人', '短篇', '艦隊收藏', '姐姐系', '純愛', '足の恋']]-[total_pages:5]
2026-03-13 23:41:24 - mkk_pika - main.py:49 - INFO - [{'_id': '58219fcf5f6b9a4f93ee15a3', 'title': '第1集', 'order': 1, 'updated_at': '2016-11-08T09:50:07.145Z', 'id': '58219fcf5f6b9a4f93ee15a3'}]
2026-03-13 23:41:24 - mkk_pika - database.py:215 - INFO - 第一次下载该漫画，记录数据库中
2026-03-13 23:41:25 - mkk_pika - main.py:83 - INFO - 找到 5 张图片在:第1集
2026-03-13 23:41:25 - mkk_pika - main.py:112 - INFO - [episode:第1集       ] downloaded:     5, total:   5, progress:100%
2026-03-13 23:41:25 - mkk_pika - database.py:238 - INFO - 数据库更新已下载章节
2026-03-13 23:41:25 - mkk_pika - database.py:244 - INFO - 该漫画已下载章节如下
2026-03-13 23:41:25 - mkk_pika - database.py:245 - INFO - ['第1集']
2026-03-13 23:41:26 - mkk_pika - main.py:348 - INFO - ==================== 漫画信息 ====================
                                   漫画ID：58219fce5f6b9a4f93ee15a1
                                   标题：战舰少女爱宕本[Breakrabbit] Atago Shiga (Warship Girls) [Chinese]
                                   作者：Breakrabbit
                                   是否完结：是
                                   总页数：5
                                   分类：同人,短篇,艦隊收藏,姐姐系,純愛,足の恋
                                   章节数：1
                                   最后更新时间：2012-02-15T04:47:07.000Z
                                   =================================================
2026-03-13 23:41:26 - mkk_pika - database.py:101 - INFO - 保存成功：战舰少女爱宕本[Breakrabbit] Atago Shiga (Warship Girls) [Chinese]
2026-03-13 23:41:26 - mkk_pika - main.py:35 - INFO - 开始检查战舰少女雷酱本[Breakrabbit] Ikazuchi-chan (Warship Girls) [Chinese]是否存在未下载章节
2026-03-13 23:41:26 - mkk_pika - main.py:45 - INFO - 正在下载:[战舰少女雷酱本[Breakrabbit] Ikazuchi-chan (Warship Girls) [Chinese]]-[Breakrabbit]-[['同人', 'SM', '短篇', '艦隊收藏', '強暴', '妹妹系', '純愛']]-[total_pages:4]
2026-03-13 23:41:26 - mkk_pika - main.py:49 - INFO - [{'_id': '58219fcf5f6b9a4f93ee15b1', 'title': '第1集', 'order': 1, 'updated_at': '2016-11-08T09:50:07.482Z', 'id': '58219fcf5f6b9a4f93ee15b1'}]
2026-03-13 23:41:26 - mkk_pika - database.py:215 - INFO - 第一次下载该漫画，记录数据库中
2026-03-13 23:41:27 - mkk_pika - main.py:83 - INFO - 找到 4 张图片在:第1集
2026-03-13 23:41:27 - mkk_pika - main.py:112 - INFO - [episode:第1集       ] downloaded:     4, total:   4, progress:100%
2026-03-13 23:41:27 - mkk_pika - database.py:238 - INFO - 数据库更新已下载章节
2026-03-13 23:41:27 - mkk_pika - database.py:244 - INFO - 该漫画已下载章节如下
2026-03-13 23:41:27 - mkk_pika - database.py:245 - INFO - ['第1集']
2026-03-13 23:41:28 - mkk_pika - main.py:348 - INFO - ==================== 漫画信息 ====================
                                   漫画ID：58219fcf5f6b9a4f93ee15af
                                   标题：战舰少女雷酱本[Breakrabbit] Ikazuchi-chan (Warship Girls) [Chinese]
                                   作者：Breakrabbit
                                   是否完结：是
                                   总页数：4
                                   分类：同人,SM,短篇,艦隊收藏,強暴,妹妹系,純愛
                                   章节数：1
                                   最后更新时间：2012-02-15T14:47:07.000Z
                                   =================================================
2026-03-13 23:41:28 - mkk_pika - database.py:101 - INFO - 保存成功：战舰少女雷酱本[Breakrabbit] Ikazuchi-chan (Warship Girls) [Chinese]
2026-03-13 23:41:28 - mkk_pika - main.py:35 - INFO - 开始检查ボクのママはクラスメイトの肉便女是否存在未下载章节
2026-03-13 23:41:29 - mkk_pika - main.py:45 - INFO - 正在下载:[ボクのママはクラスメイトの肉便女]-[伊駒一平]-[['人妻', '長篇', 'NTR', '妹妹系']]-[total_pages:191]
2026-03-13 23:41:29 - mkk_pika - main.py:49 - INFO - [{'_id': '58219fd15f6b9a4f93ee162b', 'title': '第1集', 'order': 1, 'updated_at': '2016-11-08T09:50:09.137Z', 'id': '58219fd15f6b9a4f93ee162b'}]
2026-03-13 23:41:29 - mkk_pika - database.py:215 - INFO - 第一次下载该漫画，记录数据库中
2026-03-13 23:41:31 - mkk_pika - main.py:83 - INFO - 找到 191 张图片在:第1集
2026-03-13 23:41:37 - mkk_pika - main.py:112 - INFO - [episode:第1集       ] downloaded:   191, total: 191, progress:100%
2026-03-13 23:41:37 - mkk_pika - database.py:238 - INFO - 数据库更新已下载章节
2026-03-13 23:41:37 - mkk_pika - database.py:244 - INFO - 该漫画已下载章节如下
2026-03-13 23:41:37 - mkk_pika - database.py:245 - INFO - ['第1集']
2026-03-13 23:41:39 - mkk_pika - main.py:348 - INFO - ==================== 漫画信息 ====================
                                   漫画ID：58219fd05f6b9a4f93ee1629
                                   标题：ボクのママはクラスメイトの肉便女
                                   作者：伊駒一平
                                   是否完结：是
                                   总页数：191
                                   分类：人妻,長篇,NTR,妹妹系
                                   章节数：1
                                   最后更新时间：2012-02-16T20:47:07.000Z
                                   =================================================
2026-03-13 23:41:39 - mkk_pika - database.py:101 - INFO - 保存成功：ボクのママはクラスメイトの肉便女
2026-03-13 23:41:39 - mkk_pika - main.py:35 - INFO - 开始检查(軍令部酒保 & 砲雷撃戦!よーい! 合同演習弐戦目) [DogStyle (メネア・ザ・ドッグ)] これでフィニ～ッシュ？ (艦隊これくしょん -艦これ-) [中国翻訳]是否存在未下载章节
2026-03-13 23:41:39 - mkk_pika - main.py:45 - INFO - 正在下载:[(軍令部酒保 & 砲雷撃戦!よーい! 合同演習弐戦目) [DogStyle (メネア・ザ・ドッグ)] これでフィニ～ッシュ？ (艦隊これくしょん -艦これ-) [中国翻訳]]-[メネア・ザ・ドッグ]-[['同人', '短篇', '艦隊收藏', '純愛']]-[total_pages:26]
2026-03-13 23:41:39 - mkk_pika - main.py:49 - INFO - [{'_id': '58219fd45f6b9a4f93ee1877', 'title': '第1集', 'order': 1, 'updated_at': '2016-11-08T09:50:12.263Z', 'id': '58219fd45f6b9a4f93ee1877'}]
2026-03-13 23:41:39 - mkk_pika - database.py:215 - INFO - 第一次下载该漫画，记录数据库中
2026-03-13 23:41:40 - mkk_pika - main.py:83 - INFO - 找到 26 张图片在:第1集
2026-03-13 23:41:41 - mkk_pika - main.py:112 - INFO - [episode:第1集       ] downloaded:    26, total:  26, progress:100%
2026-03-13 23:41:41 - mkk_pika - database.py:238 - INFO - 数据库更新已下载章节
2026-03-13 23:41:41 - mkk_pika - database.py:244 - INFO - 该漫画已下载章节如下
2026-03-13 23:41:41 - mkk_pika - database.py:245 - INFO - ['第1集']
2026-03-13 23:41:43 - mkk_pika - main.py:348 - INFO - ==================== 漫画信息 ====================
                                   漫画ID：58219fd35f6b9a4f93ee1875
                                   标题：(軍令部酒保 & 砲雷撃戦!よーい! 合同演習弐戦目) [DogStyle (メネア・ザ・ドッグ)] これでフィニ～ッシュ？ (艦隊これくしょん -艦これ-) [中国翻訳]
                                   作者：メネア・ザ・ドッグ
                                   是否完结：是
                                   总页数：26
                                   分类：同人,短篇,艦隊收藏,純愛
                                   章节数：1
                                   最后更新时间：2012-02-18T12:47:07.000Z
                                   =================================================
2026-03-13 23:41:43 - mkk_pika - database.py:101 - INFO - 保存成功：(軍令部酒保 & 砲雷撃戦!よーい! 合同演習弐戦目) [DogStyle (メネア・ザ・ドッグ)] これでフィニ～ッシュ？ (艦隊これくしょん -艦これ-) [中国翻訳]
2026-03-13 23:41:43 - mkk_pika - main.py:35 - INFO - 开始检查[無毒漢化組] (C88) [眼帯少女中毒 (中田瑠美)] だめいぬ時雨躾け記録 (艦隊これくしょん -艦これ-)是否存在未下载章节
2026-03-13 23:41:43 - mkk_pika - main.py:45 - INFO - 正在下载:[[無毒漢化組] (C88) [眼帯少女中毒 (中田瑠美)] だめいぬ時雨躾け記録 (艦隊これくしょん -艦これ-)]-[眼帯少女中毒 (中田瑠美)]-[['同人', '短篇', '艦隊收藏']]-[total_pages:28]
2026-03-13 23:41:43 - mkk_pika - main.py:49 - INFO - [{'_id': '58219fd95f6b9a4f93ee1aff', 'title': '第1集', 'order': 1, 'updated_at': '2016-11-08T09:50:17.791Z', 'id': '58219fd95f6b9a4f93ee1aff'}]
2026-03-13 23:41:43 - mkk_pika - database.py:215 - INFO - 第一次下载该漫画，记录数据库中
2026-03-13 23:41:43 - mkk_pika - main.py:83 - INFO - 找到 28 张图片在:第1集
2026-03-13 23:41:45 - mkk_pika - main.py:112 - INFO - [episode:第1集       ] downloaded:    28, total:  28, progress:100%
2026-03-13 23:41:45 - mkk_pika - database.py:238 - INFO - 数据库更新已下载章节
2026-03-13 23:41:45 - mkk_pika - database.py:244 - INFO - 该漫画已下载章节如下
2026-03-13 23:41:45 - mkk_pika - database.py:245 - INFO - ['第1集']
2026-03-13 23:41:46 - mkk_pika - main.py:348 - INFO - ==================== 漫画信息 ====================
                                   漫画ID：58219fd95f6b9a4f93ee1afd
                                   标题：[無毒漢化組] (C88) [眼帯少女中毒 (中田瑠美)] だめいぬ時雨躾け記録 (艦隊これくしょん -艦これ-)
                                   作者：眼帯少女中毒 (中田瑠美)
                                   是否完结：是
                                   总页数：28
                                   分类：同人,短篇,艦隊收藏
                                   章节数：1
                                   最后更新时间：2012-02-20T14:47:07.000Z
                                   =================================================
2026-03-13 23:41:46 - mkk_pika - database.py:101 - INFO - 保存成功：[無毒漢化組] (C88) [眼帯少女中毒 (中田瑠美)] だめいぬ時雨躾け記録 (艦隊これくしょん -艦これ-)
2026-03-13 23:41:46 - mkk_pika - main.py:35 - INFO - 开始检查[绅士仓库汉化] (C88) [きのこのみ (kino)] 雨も滴るいい春雨 (艦隊これくしょん -艦これ-)是否存在未下载章节
2026-03-13 23:41:46 - mkk_pika - main.py:45 - INFO - 正在下载:[[绅士仓库汉化] (C88) [きのこのみ (kino)] 雨も滴るいい春雨 (艦隊これくしょん -艦これ-)]-[きのこのみ (kino)]-[['同人', '短篇', '艦隊收藏']]-[total_pages:20]
2026-03-13 23:41:46 - mkk_pika - main.py:49 - INFO - [{'_id': '58219fda5f6b9a4f93ee1b3b', 'title': '第1集', 'order': 1, 'updated_at': '2016-11-08T09:50:18.555Z', 'id': '58219fda5f6b9a4f93ee1b3b'}]
2026-03-13 23:41:46 - mkk_pika - database.py:215 - INFO - 第一次下载该漫画，记录数据库中
2026-03-13 23:41:47 - mkk_pika - main.py:83 - INFO - 找到 20 张图片在:第1集
2026-03-13 23:41:48 - mkk_pika - main.py:112 - INFO - [episode:第1集       ] downloaded:    20, total:  20, progress:100%
2026-03-13 23:41:48 - mkk_pika - database.py:238 - INFO - 数据库更新已下载章节
2026-03-13 23:41:48 - mkk_pika - database.py:244 - INFO - 该漫画已下载章节如下
2026-03-13 23:41:48 - mkk_pika - database.py:245 - INFO - ['第1集']
2026-03-13 23:41:49 - mkk_pika - main.py:348 - INFO - ==================== 漫画信息 ====================
                                   漫画ID：58219fda5f6b9a4f93ee1b39
                                   标题：[绅士仓库汉化] (C88) [きのこのみ (kino)] 雨も滴るいい春雨 (艦隊これくしょん -艦これ-)
                                   作者：きのこのみ (kino)
                                   是否完结：是
                                   总页数：20
                                   分类：同人,短篇,艦隊收藏
                                   章节数：1
                                   最后更新时间：2012-02-21T00:47:07.000Z
                                   =================================================
2026-03-13 23:41:49 - mkk_pika - database.py:101 - INFO - 保存成功：[绅士仓库汉化] (C88) [きのこのみ (kino)] 雨も滴るいい春雨 (艦隊これくしょん -艦これ-)
2026-03-13 23:41:49 - mkk_pika - main.py:35 - INFO - 开始检查(C84) [N.S Craft (さいもん)] DE (魔法少女リリカルなのは)[无毒汉化组]是否存在未下载章节
2026-03-13 23:41:49 - mkk_pika - main.py:45 - INFO - 正在下载:[(C84) [N.S Craft (さいもん)] DE (魔法少女リリカルなのは)[无毒汉化组]]-[N.S Craft (さいもん)]-[['同人', '短篇']]-[total_pages:30]
2026-03-13 23:41:49 - mkk_pika - main.py:49 - INFO - [{'_id': '58219fda5f6b9a4f93ee1b67', 'title': '第1集', 'order': 1, 'updated_at': '2016-11-08T09:50:18.948Z', 'id': '58219fda5f6b9a4f93ee1b67'}]
2026-03-13 23:41:49 - mkk_pika - database.py:215 - INFO - 第一次下载该漫画，记录数据库中
2026-03-13 23:41:50 - mkk_pika - main.py:83 - INFO - 找到 30 张图片在:第1集
2026-03-13 23:41:51 - mkk_pika - main.py:112 - INFO - [episode:第1集       ] downloaded:    30, total:  30, progress:100%
2026-03-13 23:41:51 - mkk_pika - database.py:238 - INFO - 数据库更新已下载章节
2026-03-13 23:41:51 - mkk_pika - database.py:244 - INFO - 该漫画已下载章节如下
2026-03-13 23:41:51 - mkk_pika - database.py:245 - INFO - ['第1集']
2026-03-13 23:41:52 - mkk_pika - main.py:348 - INFO - ==================== 漫画信息 ====================
                                   漫画ID：58219fda5f6b9a4f93ee1b65
                                   标题：(C84) [N.S Craft (さいもん)] DE (魔法少女リリカルなのは)[无毒汉化组]
                                   作者：N.S Craft (さいもん)
                                   是否完结：是
                                   总页数：30
                                   分类：同人,短篇
                                   章节数：1
                                   最后更新时间：2012-02-21T10:47:07.000Z
                                   =================================================
2026-03-13 23:41:52 - mkk_pika - database.py:101 - INFO - 保存成功：(C84) [N.S Craft (さいもん)] DE (魔法少女リリカルなのは)[无毒汉化组]
2026-03-13 23:41:52 - mkk_pika - main.py:35 - INFO - 开始检查【CE家族社】(C84) [grand-nauts (広瀬まどか)] ぺったんたん! (ひなビタ♪)是否存在未下载章节
2026-03-13 23:41:52 - mkk_pika - main.py:45 - INFO - 正在下载:[【CE家族社】(C84) [grand-nauts (広瀬まどか)] ぺったんたん! (ひなビタ♪)]-[grand-nauts (広瀬まどか)]-[['同人', '短篇']]-[total_pages:19]
2026-03-13 23:41:52 - mkk_pika - main.py:49 - INFO - [{'_id': '58219fdb5f6b9a4f93ee1ba7', 'title': '第1集', 'order': 1, 'updated_at': '2016-11-08T09:50:19.427Z', 'id': '58219fdb5f6b9a4f93ee1ba7'}]
2026-03-13 23:41:52 - mkk_pika - database.py:215 - INFO - 第一次下载该漫画，记录数据库中
2026-03-13 23:41:53 - mkk_pika - main.py:83 - INFO - 找到 19 张图片在:第1集
2026-03-13 23:41:54 - mkk_pika - main.py:112 - INFO - [episode:第1集       ] downloaded:    19, total:  19, progress:100%
2026-03-13 23:41:54 - mkk_pika - database.py:238 - INFO - 数据库更新已下载章节
2026-03-13 23:41:54 - mkk_pika - database.py:244 - INFO - 该漫画已下载章节如下
2026-03-13 23:41:54 - mkk_pika - database.py:245 - INFO - ['第1集']
2026-03-13 23:41:55 - mkk_pika - main.py:348 - INFO - ==================== 漫画信息 ====================
                                   漫画ID：58219fdb5f6b9a4f93ee1ba5
                                   标题：【CE家族社】(C84) [grand-nauts (広瀬まどか)] ぺったんたん! (ひなビタ♪)
                                   作者：grand-nauts (広瀬まどか)
                                   是否完结：是
                                   总页数：19
                                   分类：同人,短篇
                                   章节数：1
                                   最后更新时间：2012-02-21T20:47:07.000Z
                                   =================================================
2026-03-13 23:41:55 - mkk_pika - database.py:101 - INFO - 保存成功：【CE家族社】(C84) [grand-nauts (広瀬まどか)] ぺったんたん! (ひなビタ♪)
2026-03-13 23:41:55 - mkk_pika - main.py:35 - INFO - 开始检查[脸肿汉化组](C85)[grand-nauts(広瀬まどか)]juicy(SOUND VOLTEX)是否存在未下载章节
2026-03-13 23:41:55 - mkk_pika - main.py:45 - INFO - 正在下载:[[脸肿汉化组](C85)[grand-nauts(広瀬まどか)]juicy(SOUND VOLTEX)]-[grand-nauts(広瀬まどか)]-[['同人']]-[total_pages:19]
2026-03-13 23:41:55 - mkk_pika - main.py:49 - INFO - [{'_id': '58219fdc5f6b9a4f93ee1bd1', 'title': '第1集', 'order': 1, 'updated_at': '2016-11-08T09:50:20.269Z', 'id': '58219fdc5f6b9a4f93ee1bd1'}]
2026-03-13 23:41:55 - mkk_pika - database.py:215 - INFO - 第一次下载该漫画，记录数据库中
2026-03-13 23:41:56 - mkk_pika - main.py:83 - INFO - 找到 19 张图片在:第1集
2026-03-13 23:41:57 - mkk_pika - main.py:112 - INFO - [episode:第1集       ] downloaded:    19, total:  19, progress:100%
2026-03-13 23:41:57 - mkk_pika - database.py:238 - INFO - 数据库更新已下载章节
2026-03-13 23:41:57 - mkk_pika - database.py:244 - INFO - 该漫画已下载章节如下
2026-03-13 23:41:57 - mkk_pika - database.py:245 - INFO - ['第1集']
2026-03-13 23:41:58 - mkk_pika - main.py:348 - INFO - ==================== 漫画信息 ====================
                                   漫画ID：58219fdb5f6b9a4f93ee1bcf
                                   标题：[脸肿汉化组](C85)[grand-nauts(広瀬まどか)]juicy(SOUND VOLTEX)
                                   作者：grand-nauts(広瀬まどか)
                                   是否完结：是
                                   总页数：19
                                   分类：同人
                                   章节数：1
                                   最后更新时间：2012-02-22T06:47:07.000Z
                                   =================================================
2026-03-13 23:41:58 - mkk_pika - database.py:101 - INFO - 保存成功：[脸肿汉化组](C85)[grand-nauts(広瀬まどか)]juicy(SOUND VOLTEX)
2026-03-13 23:41:58 - mkk_pika - main.py:35 - INFO - 开始检查【CE家族社】(C86) [grand-nauts (広瀬まどか)] すごいうし (ビートマニア)是否存在未下载章节
2026-03-13 23:41:58 - mkk_pika - main.py:45 - INFO - 正在下载:[【CE家族社】(C86) [grand-nauts (広瀬まどか)] すごいうし (ビートマニア)]-[grand-nauts (広瀬まどか)]-[['同人']]-[total_pages:20]
2026-03-13 23:41:58 - mkk_pika - main.py:49 - INFO - [{'_id': '58219fdc5f6b9a4f93ee1bfb', 'title': '第1集', 'order': 1, 'updated_at': '2016-11-08T09:50:20.981Z', 'id': '58219fdc5f6b9a4f93ee1bfb'}]
2026-03-13 23:41:58 - mkk_pika - database.py:215 - INFO - 第一次下载该漫画，记录数据库中
2026-03-13 23:41:59 - mkk_pika - main.py:83 - INFO - 找到 20 张图片在:第1集
2026-03-13 23:42:00 - mkk_pika - main.py:112 - INFO - [episode:第1集       ] downloaded:    20, total:  20, progress:100%
2026-03-13 23:42:00 - mkk_pika - database.py:238 - INFO - 数据库更新已下载章节
2026-03-13 23:42:00 - mkk_pika - database.py:244 - INFO - 该漫画已下载章节如下
2026-03-13 23:42:00 - mkk_pika - database.py:245 - INFO - ['第1集']
2026-03-13 23:42:01 - mkk_pika - main.py:348 - INFO - ==================== 漫画信息 ====================
                                   漫画ID：58219fdc5f6b9a4f93ee1bf9
                                   标题：【CE家族社】(C86) [grand-nauts (広瀬まどか)] すごいうし (ビートマニア)
                                   作者：grand-nauts (広瀬まどか)
                                   是否完结：是
                                   总页数：20
                                   分类：同人
                                   章节数：1
                                   最后更新时间：2012-02-22T16:47:07.000Z
                                   =================================================
2026-03-13 23:42:01 - mkk_pika - database.py:101 - INFO - 保存成功：【CE家族社】(C86) [grand-nauts (広瀬まどか)] すごいうし (ビートマニア)
2026-03-13 23:42:01 - mkk_pika - main.py:35 - INFO - 开始检查(CSP6) [Cior ] Asunama 2 (Sword Art Online) [Chinese]是否存在未下载章节
2026-03-13 23:42:01 - mkk_pika - main.py:45 - INFO - 正在下载:[(CSP6) [Cior ] Asunama 2 (Sword Art Online) [Chinese]]-[ ken 1]-[['同人', '短篇', 'NTR', '強暴', 'SAO 刀劍神域']]-[total_pages:19]
2026-03-13 23:42:01 - mkk_pika - main.py:49 - INFO - [{'_id': '58219fe15f6b9a4f93ee1f6d', 'title': '第1集', 'order': 1, 'updated_at': '2016-11-08T09:50:25.049Z', 'id': '58219fe15f6b9a4f93ee1f6d'}]
2026-03-13 23:42:01 - mkk_pika - database.py:215 - INFO - 第一次下载该漫画，记录数据库中
2026-03-13 23:42:02 - mkk_pika - main.py:83 - INFO - 找到 19 张图片在:第1集
2026-03-13 23:42:02 - mkk_pika - main.py:112 - INFO - [episode:第1集       ] downloaded:    19, total:  19, progress:100%
2026-03-13 23:42:02 - mkk_pika - database.py:238 - INFO - 数据库更新已下载章节
2026-03-13 23:42:02 - mkk_pika - database.py:244 - INFO - 该漫画已下载章节如下
2026-03-13 23:42:02 - mkk_pika - database.py:245 - INFO - ['第1集']
2026-03-13 23:42:04 - mkk_pika - main.py:348 - INFO - ==================== 漫画信息 ====================
                                   漫画ID：58219fe05f6b9a4f93ee1f6b
                                   标题：(CSP6) [Cior ] Asunama 2 (Sword Art Online) [Chinese]
                                   作者： ken 1
                                   是否完结：否
                                   总页数：19
                                   分类：同人,短篇,NTR,強暴,SAO 刀劍神域
                                   章节数：1
                                   最后更新时间：2012-02-23T22:47:07.000Z
                                   =================================================
2026-03-13 23:42:04 - mkk_pika - database.py:101 - INFO - 保存成功：(CSP6) [Cior ] Asunama 2 (Sword Art Online) [Chinese]
2026-03-13 23:42:04 - mkk_pika - main.py:35 - INFO - 开始检查(SC2015 Summer) [Cior ] Asunama 3 (Sword Art Online)是否存在未下载章节
2026-03-13 23:42:04 - mkk_pika - main.py:45 - INFO - 正在下载:[(SC2015 Summer) [Cior ] Asunama 3 (Sword Art Online)]-[ ken 1]-[['同人', '短篇', 'NTR', '強暴', 'SAO 刀劍神域']]-[total_pages:19]
2026-03-13 23:42:04 - mkk_pika - main.py:49 - INFO - [{'_id': '58219fe15f6b9a4f93ee1f97', 'title': '第1集', 'order': 1, 'updated_at': '2016-11-08T09:50:25.705Z', 'id': '58219fe15f6b9a4f93ee1f97'}]
2026-03-13 23:42:04 - mkk_pika - database.py:215 - INFO - 第一次下载该漫画，记录数据库中
2026-03-13 23:42:05 - mkk_pika - main.py:83 - INFO - 找到 19 张图片在:第1集
2026-03-13 23:42:05 - mkk_pika - main.py:112 - INFO - [episode:第1集       ] downloaded:    19, total:  19, progress:100%
2026-03-13 23:42:05 - mkk_pika - database.py:238 - INFO - 数据库更新已下载章节
2026-03-13 23:42:05 - mkk_pika - database.py:244 - INFO - 该漫画已下载章节如下
2026-03-13 23:42:05 - mkk_pika - database.py:245 - INFO - ['第1集']
2026-03-13 23:42:07 - mkk_pika - main.py:348 - INFO - ==================== 漫画信息 ====================
                                   漫画ID：58219fe15f6b9a4f93ee1f95
                                   标题：(SC2015 Summer) [Cior ] Asunama 3 (Sword Art Online)
                                   作者： ken 1
                                   是否完结：否
                                   总页数：19
                                   分类：同人,短篇,NTR,強暴,SAO 刀劍神域
                                   章节数：1
                                   最后更新时间：2012-02-24T08:47:07.000Z
                                   =================================================
2026-03-13 23:42:07 - mkk_pika - database.py:101 - INFO - 保存成功：(SC2015 Summer) [Cior ] Asunama 3 (Sword Art Online)
2026-03-13 23:42:07 - mkk_pika - main.py:35 - INFO - 开始检查[琉璃神社汉化][C86][misokaze(モル)][どきどきまりさ][東方Project][非工口]是否存在未下载章节
2026-03-13 23:42:07 - mkk_pika - main.py:45 - INFO - 正在下载:[[琉璃神社汉化][C86][misokaze(モル)][どきどきまりさ][東方Project][非工口]]-[misokaze(モル)]-[['同人', '短篇']]-[total_pages:18]
2026-03-13 23:42:07 - mkk_pika - main.py:49 - INFO - [{'_id': '58219fe25f6b9a4f93ee1ff9', 'title': '第1集', 'order': 1, 'updated_at': '2016-11-08T09:50:26.506Z', 'id': '58219fe25f6b9a4f93ee1ff9'}]
2026-03-13 23:42:07 - mkk_pika - database.py:215 - INFO - 第一次下载该漫画，记录数据库中
2026-03-13 23:42:08 - mkk_pika - main.py:83 - INFO - 找到 18 张图片在:第1集
2026-03-13 23:42:08 - mkk_pika - main.py:112 - INFO - [episode:第1集       ] downloaded:    18, total:  18, progress:100%
2026-03-13 23:42:08 - mkk_pika - database.py:238 - INFO - 数据库更新已下载章节
2026-03-13 23:42:08 - mkk_pika - database.py:244 - INFO - 该漫画已下载章节如下
2026-03-13 23:42:08 - mkk_pika - database.py:245 - INFO - ['第1集']
2026-03-13 23:42:10 - mkk_pika - main.py:348 - INFO - ==================== 漫画信息 ====================
                                   漫画ID：58219fe25f6b9a4f93ee1ff7
                                   标题：[琉璃神社汉化][C86][misokaze(モル)][どきどきまりさ][東方Project][非工口]
                                   作者：misokaze(モル)
                                   是否完结：是
                                   总页数：18
                                   分类：同人,短篇
                                   章节数：1
                                   最后更新时间：2012-02-25T04:47:07.000Z
                                   =================================================
2026-03-13 23:42:10 - mkk_pika - database.py:101 - INFO - 保存成功：[琉璃神社汉化][C86][misokaze(モル)][どきどきまりさ][東方Project][非工口]
2026-03-13 23:42:10 - mkk_pika - main.py:380 - INFO - 本次任务下载完毕
2026-03-13 23:42:10 - mkk_pika - database.py:173 - INFO - 数据库连接已关闭
