2026-02-22 23:36:44 - mkk_pika - main.py:193 - INFO - =======================================================================
2026-02-22 23:36:44 - mkk_pika - database.py:61 - INFO - 表和索引初始化成功
2026-02-22 23:36:44 - mkk_pika - main.py:197 - INFO - 已经累计下载2419本漫画
2026-02-22 23:36:45 - mkk_pika - api.py:87 - INFO - 登录成功
2026-02-22 23:36:45 - mkk_pika - main.py:203 - INFO - 收藏夹共计0本漫画
2026-02-22 23:36:45 - mkk_pika - main.py:206 - INFO - 开始下载收藏夹内未下载内容
2026-02-22 23:36:45 - mkk_pika - main.py:266 - INFO - 收藏夹内容下载完毕
2026-02-22 23:36:45 - mkk_pika - main.py:268 - INFO - 开始下载订阅内容
2026-02-22 23:36:45 - mkk_pika - database.py:258 - INFO - 根据ID查询到标题：萝莉 -> (C106) cutie buds
2026-02-22 23:36:46 - mkk_pika - database.py:101 - INFO - 保存成功：(C106) cutie buds
2026-02-22 23:36:46 - mkk_pika - main.py:273 - INFO - 关键词萝莉找到0本漫画
2026-02-22 23:36:46 - mkk_pika - database.py:258 - INFO - 根据ID查询到标题：蘿莉 -> Artist - ショウ＠AIイラスト（AI）
2026-02-22 23:36:47 - mkk_pika - database.py:101 - INFO - 保存成功：みりあちゃんNTRまんが
2026-02-22 23:36:47 - mkk_pika - main.py:273 - INFO - 关键词蘿莉找到2本漫画
2026-02-22 23:36:47 - mkk_pika - main.py:275 - INFO - 订阅内容共计2本漫画
2026-02-22 23:36:47 - mkk_pika - main.py:35 - INFO - 开始检查南方帰還後の話 (幼女戦記)是否存在未下载章节
2026-02-22 23:36:47 - mkk_pika - main.py:45 - INFO - 正在下载:[南方帰還後の話 (幼女戦記)]-[hal]-[['同人', '短篇']]-[total_pages:-1]
2026-02-22 23:36:47 - mkk_pika - main.py:49 - INFO - [{'_id': '699b24b6fd418a66e0d3c654', 'title': '第1話', 'order': 1, 'updated_at': '2026-02-21T12:01:27.576Z', 'id': '699b24b6fd418a66e0d3c654'}]
2026-02-22 23:36:47 - mkk_pika - database.py:215 - INFO - 第一次下载该漫画，记录数据库中
2026-02-22 23:36:48 - mkk_pika - main.py:83 - INFO - 找到 22 张图片在:第1話
2026-02-22 23:36:52 - mkk_pika - main.py:112 - INFO - [episode:第1話       ] downloaded:    22, total:  22, progress:100%
2026-02-22 23:36:52 - mkk_pika - database.py:238 - INFO - 数据库更新已下载章节
2026-02-22 23:36:52 - mkk_pika - database.py:244 - INFO - 该漫画已下载章节如下
2026-02-22 23:36:52 - mkk_pika - database.py:245 - INFO - ['第1話']
2026-02-22 23:36:54 - mkk_pika - main.py:292 - INFO - ==================== 漫画信息 ====================
                                漫画ID：699b24b6fd418a66e0d3c653
                                标题：南方帰還後の話 (幼女戦記)
                                作者：hal
                                是否完结：是
                                总页数：22
                                分类：同人,短篇
                                章节数：1
                                最后更新时间：2026-02-22T15:45:58.256Z
                                =================================================
2026-02-22 23:36:54 - mkk_pika - database.py:101 - INFO - 保存成功：南方帰還後の話 (幼女戦記)
2026-02-22 23:36:54 - mkk_pika - main.py:35 - INFO - 开始检查みりあちゃんNTRまんが是否存在未下载章节
2026-02-22 23:36:54 - mkk_pika - main.py:45 - INFO - 正在下载:[みりあちゃんNTRまんが]-[なおすず]-[['短篇', '同人', 'NTR']]-[total_pages:-1]
2026-02-22 23:36:54 - mkk_pika - main.py:49 - INFO - [{'_id': '699b23ddfd418a66e0d3c5ad', 'title': '第1話', 'order': 1, 'updated_at': '2026-02-21T08:53:17.928Z', 'id': '699b23ddfd418a66e0d3c5ad'}]
2026-02-22 23:36:54 - mkk_pika - database.py:215 - INFO - 第一次下载该漫画，记录数据库中
2026-02-22 23:36:55 - mkk_pika - main.py:83 - INFO - 找到 7 张图片在:第1話
2026-02-22 23:36:55 - mkk_pika - main.py:112 - INFO - [episode:第1話       ] downloaded:     7, total:   7, progress:100%
2026-02-22 23:36:55 - mkk_pika - database.py:238 - INFO - 数据库更新已下载章节
2026-02-22 23:36:55 - mkk_pika - database.py:244 - INFO - 该漫画已下载章节如下
2026-02-22 23:36:55 - mkk_pika - database.py:245 - INFO - ['第1話']
2026-02-22 23:36:57 - mkk_pika - main.py:292 - INFO - ==================== 漫画信息 ====================
                                漫画ID：699b23ddfd418a66e0d3c5ac
                                标题：みりあちゃんNTRまんが
                                作者：なおすず
                                是否完结：否
                                总页数：7
                                分类：短篇,同人,NTR
                                章节数：1
                                最后更新时间：2026-02-22T15:42:21.278Z
                                =================================================
2026-02-22 23:36:57 - mkk_pika - database.py:101 - INFO - 保存成功：みりあちゃんNTRまんが
2026-02-22 23:36:57 - mkk_pika - main.py:323 - INFO - 订阅内容内容下载完毕
2026-02-22 23:36:57 - mkk_pika - main.py:324 - INFO - 开始分批下载全部章节
2026-02-22 23:36:57 - mkk_pika - database.py:280 - INFO - 表和索引初始化成功
2026-02-22 23:36:57 - mkk_pika - main.py:177 - INFO - 已经下载了121页，一共6755页，现在开始添加第122页
2026-02-22 23:36:58 - mkk_pika - database.py:318 - INFO - 保存成功
2026-02-22 23:36:58 - mkk_pika - main.py:177 - INFO - 已经下载了122页，一共6755页，现在开始添加第123页
2026-02-22 23:36:59 - mkk_pika - database.py:318 - INFO - 保存成功
2026-02-22 23:36:59 - mkk_pika - main.py:331 - INFO - 分批下载共计31本漫画
2026-02-22 23:36:59 - mkk_pika - main.py:35 - INFO - 开始检查【脸肿汉化组】(C83) [ふたなるん (紅ゆーじ)] ふたなり娘男湯ミッション2 (オリジナル)是否存在未下载章节
2026-02-22 23:36:59 - mkk_pika - main.py:45 - INFO - 正在下载:[【脸肿汉化组】(C83) [ふたなるん (紅ゆーじ)] ふたなり娘男湯ミッション2 (オリジナル)]-[ふたなるん (紅ゆーじ)]-[['短篇', '扶他樂園']]-[total_pages:28]
2026-02-22 23:36:59 - mkk_pika - main.py:49 - INFO - [{'_id': '582193c95f6b9a4f93e66265', 'title': '第1集', 'order': 1, 'updated_at': '2016-11-08T08:58:49.455Z', 'id': '582193c95f6b9a4f93e66265'}]
2026-02-22 23:36:59 - mkk_pika - database.py:215 - INFO - 第一次下载该漫画，记录数据库中
2026-02-22 23:37:00 - mkk_pika - main.py:83 - INFO - 找到 28 张图片在:第1集
2026-02-22 23:37:00 - mkk_pika - main.py:112 - INFO - [episode:第1集       ] downloaded:    28, total:  28, progress:100%
2026-02-22 23:37:00 - mkk_pika - database.py:238 - INFO - 数据库更新已下载章节
2026-02-22 23:37:00 - mkk_pika - database.py:244 - INFO - 该漫画已下载章节如下
2026-02-22 23:37:00 - mkk_pika - database.py:245 - INFO - ['第1集']
2026-02-22 23:37:02 - mkk_pika - main.py:348 - INFO - ==================== 漫画信息 ====================
                                   漫画ID：582193c95f6b9a4f93e66263
                                   标题：【脸肿汉化组】(C83) [ふたなるん (紅ゆーじ)] ふたなり娘男湯ミッション2 (オリジナル)
                                   作者：ふたなるん (紅ゆーじ)
                                   是否完结：是
                                   总页数：28
                                   分类：短篇,扶他樂園
                                   章节数：1
                                   最后更新时间：2009-12-23T00:47:16.000Z
                                   =================================================
2026-02-22 23:37:02 - mkk_pika - database.py:101 - INFO - 保存成功：【脸肿汉化组】(C83) [ふたなるん (紅ゆーじ)] ふたなり娘男湯ミッション2 (オリジナル)
2026-02-22 23:37:02 - mkk_pika - main.py:35 - INFO - 开始检查魔理沙是否存在未下载章节
2026-02-22 23:37:02 - mkk_pika - main.py:45 - INFO - 正在下载:[魔理沙]-[不明]-[['同人', '短篇', '東方']]-[total_pages:32]
2026-02-22 23:37:02 - mkk_pika - main.py:49 - INFO - [{'_id': '582193ca5f6b9a4f93e662a1', 'title': '第1集', 'order': 1, 'updated_at': '2016-11-08T08:58:50.068Z', 'id': '582193ca5f6b9a4f93e662a1'}]
2026-02-22 23:37:02 - mkk_pika - database.py:215 - INFO - 第一次下载该漫画，记录数据库中
2026-02-22 23:37:03 - mkk_pika - main.py:83 - INFO - 找到 32 张图片在:第1集
2026-02-22 23:37:03 - mkk_pika - main.py:112 - INFO - [episode:第1集       ] downloaded:    32, total:  32, progress:100%
2026-02-22 23:37:03 - mkk_pika - database.py:238 - INFO - 数据库更新已下载章节
2026-02-22 23:37:03 - mkk_pika - database.py:244 - INFO - 该漫画已下载章节如下
2026-02-22 23:37:03 - mkk_pika - database.py:245 - INFO - ['第1集']
2026-02-22 23:37:05 - mkk_pika - main.py:348 - INFO - ==================== 漫画信息 ====================
                                   漫画ID：582193c95f6b9a4f93e6629f
                                   标题：魔理沙
                                   作者：不明
                                   是否完结：是
                                   总页数：32
                                   分类：同人,短篇,東方
                                   章节数：1
                                   最后更新时间：2009-12-23T10:47:16.000Z
                                   =================================================
2026-02-22 23:37:05 - mkk_pika - database.py:101 - INFO - 保存成功：魔理沙
2026-02-22 23:37:05 - mkk_pika - main.py:35 - INFO - 开始检查[空気系★汉化] (C81) [志望推定時刻 (てへん)] SCHOOL CASTE (アクセル · ワールド)是否存在未下载章节
2026-02-22 23:37:05 - mkk_pika - main.py:45 - INFO - 正在下载:[[空気系★汉化] (C81) [志望推定時刻 (てへん)] SCHOOL CASTE (アクセル · ワールド)]-[志望推定時刻 (てへん)]-[['同人', '短篇', '強暴']]-[total_pages:23]
2026-02-22 23:37:05 - mkk_pika - main.py:49 - INFO - [{'_id': '582193ca5f6b9a4f93e662e5', 'title': '第1集', 'order': 1, 'updated_at': '2016-11-08T08:58:50.881Z', 'id': '582193ca5f6b9a4f93e662e5'}]
2026-02-22 23:37:05 - mkk_pika - database.py:215 - INFO - 第一次下载该漫画，记录数据库中
2026-02-22 23:37:06 - mkk_pika - main.py:83 - INFO - 找到 23 张图片在:第1集
2026-02-22 23:37:06 - mkk_pika - main.py:112 - INFO - [episode:第1集       ] downloaded:    23, total:  23, progress:100%
2026-02-22 23:37:06 - mkk_pika - database.py:238 - INFO - 数据库更新已下载章节
2026-02-22 23:37:06 - mkk_pika - database.py:244 - INFO - 该漫画已下载章节如下
2026-02-22 23:37:06 - mkk_pika - database.py:245 - INFO - ['第1集']
2026-02-22 23:37:07 - mkk_pika - main.py:348 - INFO - ==================== 漫画信息 ====================
                                   漫画ID：582193ca5f6b9a4f93e662e3
                                   标题：[空気系★汉化] (C81) [志望推定時刻 (てへん)] SCHOOL CASTE (アクセル · ワールド)
                                   作者：志望推定時刻 (てへん)
                                   是否完结：是
                                   总页数：23
                                   分类：同人,短篇,強暴
                                   章节数：1
                                   最后更新时间：2009-12-23T20:47:16.000Z
                                   =================================================
2026-02-22 23:37:07 - mkk_pika - database.py:101 - INFO - 保存成功：[空気系★汉化] (C81) [志望推定時刻 (てへん)] SCHOOL CASTE (アクセル · ワールド)
2026-02-22 23:37:07 - mkk_pika - main.py:35 - INFO - 开始检查[空気系★汉化] (C82) [少女月蝕 (嶋尾和)]ダブルアクセル～本当はエロいレイカー師匠と厨二かわいい黒雪姫先輩～ (アクセル ワールド)是否存在未下载章节
2026-02-22 23:37:08 - mkk_pika - main.py:45 - INFO - 正在下载:[[空気系★汉化] (C82) [少女月蝕 (嶋尾和)]ダブルアクセル～本当はエロいレイカー師匠と厨二かわいい黒雪姫先輩～ (アクセル ワールド)]-[少女月蝕 (嶋尾和)]-[['同人', '短篇', '後宮閃光']]-[total_pages:36]
2026-02-22 23:37:08 - mkk_pika - main.py:49 - INFO - [{'_id': '582193cb5f6b9a4f93e66317', 'title': '第1集', 'order': 1, 'updated_at': '2016-11-08T08:58:51.294Z', 'id': '582193cb5f6b9a4f93e66317'}]
2026-02-22 23:37:08 - mkk_pika - database.py:215 - INFO - 第一次下载该漫画，记录数据库中
2026-02-22 23:37:08 - mkk_pika - main.py:83 - INFO - 找到 36 张图片在:第1集
2026-02-22 23:37:10 - mkk_pika - main.py:112 - INFO - [episode:第1集       ] downloaded:    36, total:  36, progress:100%
2026-02-22 23:37:10 - mkk_pika - database.py:238 - INFO - 数据库更新已下载章节
2026-02-22 23:37:10 - mkk_pika - database.py:244 - INFO - 该漫画已下载章节如下
2026-02-22 23:37:10 - mkk_pika - database.py:245 - INFO - ['第1集']
2026-02-22 23:37:12 - mkk_pika - main.py:348 - INFO - ==================== 漫画信息 ====================
                                   漫画ID：582193cb5f6b9a4f93e66315
                                   标题：[空気系★汉化] (C82) [少女月蝕 (嶋尾和)]ダブルアクセル～本当はエロいレイカー師匠と厨二かわいい黒雪姫先輩～ (アクセル ワールド)
                                   作者：少女月蝕 (嶋尾和)
                                   是否完结：是
                                   总页数：36
                                   分类：同人,短篇,後宮閃光
                                   章节数：1
                                   最后更新时间：2009-12-24T06:47:16.000Z
                                   =================================================
2026-02-22 23:37:12 - mkk_pika - database.py:101 - INFO - 保存成功：[空気系★汉化] (C82) [少女月蝕 (嶋尾和)]ダブルアクセル～本当はエロいレイカー師匠と厨二かわいい黒雪姫先輩～ (アクセル ワールド)
2026-02-22 23:37:12 - mkk_pika - main.py:35 - INFO - 开始检查盲姫（メシイヒメ）是否存在未下载章节
2026-02-22 23:37:12 - mkk_pika - main.py:45 - INFO - 正在下载:[盲姫（メシイヒメ）]-[さきうらら]-[['長篇', '姐姐系', '純愛']]-[total_pages:203]
2026-02-22 23:37:12 - mkk_pika - main.py:49 - INFO - [{'_id': '582193cc5f6b9a4f93e66363', 'title': '第1集', 'order': 1, 'updated_at': '2016-11-08T08:58:52.050Z', 'id': '582193cc5f6b9a4f93e66363'}]
2026-02-22 23:37:12 - mkk_pika - database.py:215 - INFO - 第一次下载该漫画，记录数据库中
2026-02-22 23:37:14 - mkk_pika - main.py:83 - INFO - 找到 203 张图片在:第1集
2026-02-22 23:37:18 - mkk_pika - main.py:112 - INFO - [episode:第1集       ] downloaded:   203, total: 203, progress:100%
2026-02-22 23:37:18 - mkk_pika - database.py:238 - INFO - 数据库更新已下载章节
2026-02-22 23:37:18 - mkk_pika - database.py:244 - INFO - 该漫画已下载章节如下
2026-02-22 23:37:18 - mkk_pika - database.py:245 - INFO - ['第1集']
2026-02-22 23:37:20 - mkk_pika - main.py:348 - INFO - ==================== 漫画信息 ====================
                                   漫画ID：582193cb5f6b9a4f93e66361
                                   标题：盲姫（メシイヒメ）
                                   作者：さきうらら
                                   是否完结：是
                                   总页数：203
                                   分类：長篇,姐姐系,純愛
                                   章节数：1
                                   最后更新时间：2009-12-24T16:47:16.000Z
                                   =================================================
2026-02-22 23:37:20 - mkk_pika - database.py:101 - INFO - 保存成功：盲姫（メシイヒメ）
2026-02-22 23:37:20 - mkk_pika - main.py:35 - INFO - 开始检查[空気系★汉化] (C82) [志望推定時刻 (てへん)] SCHOOL CASTE ─黒雪姫完全破壊─ (アクセル ワールド)是否存在未下载章节
2026-02-22 23:37:20 - mkk_pika - main.py:45 - INFO - 正在下载:[[空気系★汉化] (C82) [志望推定時刻 (てへん)] SCHOOL CASTE ─黒雪姫完全破壊─ (アクセル ワールド)]-[志望推定時刻 (てへん)]-[['同人', '強暴']]-[total_pages:23]
2026-02-22 23:37:20 - mkk_pika - main.py:49 - INFO - [{'_id': '582193cd5f6b9a4f93e664fd', 'title': '第1集', 'order': 1, 'updated_at': '2016-11-08T08:58:53.855Z', 'id': '582193cd5f6b9a4f93e664fd'}]
2026-02-22 23:37:20 - mkk_pika - database.py:215 - INFO - 第一次下载该漫画，记录数据库中
2026-02-22 23:37:21 - mkk_pika - main.py:83 - INFO - 找到 23 张图片在:第1集
2026-02-22 23:37:21 - mkk_pika - main.py:112 - INFO - [episode:第1集       ] downloaded:    23, total:  23, progress:100%
2026-02-22 23:37:21 - mkk_pika - database.py:238 - INFO - 数据库更新已下载章节
2026-02-22 23:37:21 - mkk_pika - database.py:244 - INFO - 该漫画已下载章节如下
2026-02-22 23:37:21 - mkk_pika - database.py:245 - INFO - ['第1集']
2026-02-22 23:37:22 - mkk_pika - main.py:348 - INFO - ==================== 漫画信息 ====================
                                   漫画ID：582193cd5f6b9a4f93e664fb
                                   标题：[空気系★汉化] (C82) [志望推定時刻 (てへん)] SCHOOL CASTE ─黒雪姫完全破壊─ (アクセル ワールド)
                                   作者：志望推定時刻 (てへん)
                                   是否完结：是
                                   总页数：23
                                   分类：同人,強暴
                                   章节数：1
                                   最后更新时间：2009-12-25T02:47:16.000Z
                                   =================================================
2026-02-22 23:37:22 - mkk_pika - database.py:101 - INFO - 保存成功：[空気系★汉化] (C82) [志望推定時刻 (てへん)] SCHOOL CASTE ─黒雪姫完全破壊─ (アクセル ワールド)
2026-02-22 23:37:22 - mkk_pika - main.py:35 - INFO - 开始检查[空気系★汉化] (SC56) [八木崎銀座 (八神秋一)] ブレインバースト杉並エリア晒しスレ (アクセルワールド)是否存在未下载章节
2026-02-22 23:37:23 - mkk_pika - main.py:45 - INFO - 正在下载:[[空気系★汉化] (SC56) [八木崎銀座 (八神秋一)] ブレインバースト杉並エリア晒しスレ (アクセルワールド)]-[八木崎銀座 (八神秋一)]-[['同人', '短篇', '純愛']]-[total_pages:27]
2026-02-22 23:37:23 - mkk_pika - main.py:49 - INFO - [{'_id': '582193ce5f6b9a4f93e6652f', 'title': '第1集', 'order': 1, 'updated_at': '2016-11-08T08:58:54.530Z', 'id': '582193ce5f6b9a4f93e6652f'}]
2026-02-22 23:37:23 - mkk_pika - database.py:215 - INFO - 第一次下载该漫画，记录数据库中
2026-02-22 23:37:23 - mkk_pika - main.py:83 - INFO - 找到 27 张图片在:第1集
2026-02-22 23:37:24 - mkk_pika - main.py:112 - INFO - [episode:第1集       ] downloaded:    27, total:  27, progress:100%
2026-02-22 23:37:24 - mkk_pika - database.py:238 - INFO - 数据库更新已下载章节
2026-02-22 23:37:24 - mkk_pika - database.py:244 - INFO - 该漫画已下载章节如下
2026-02-22 23:37:24 - mkk_pika - database.py:245 - INFO - ['第1集']
2026-02-22 23:37:25 - mkk_pika - main.py:348 - INFO - ==================== 漫画信息 ====================
                                   漫画ID：582193cd5f6b9a4f93e6652d
                                   标题：[空気系★汉化] (SC56) [八木崎銀座 (八神秋一)] ブレインバースト杉並エリア晒しスレ (アクセルワールド)
                                   作者：八木崎銀座 (八神秋一)
                                   是否完结：是
                                   总页数：27
                                   分类：同人,短篇,純愛
                                   章节数：1
                                   最后更新时间：2009-12-25T12:47:16.000Z
                                   =================================================
2026-02-22 23:37:25 - mkk_pika - database.py:101 - INFO - 保存成功：[空気系★汉化] (SC56) [八木崎銀座 (八神秋一)] ブレインバースト杉並エリア晒しスレ (アクセルワールド)
2026-02-22 23:37:25 - mkk_pika - main.py:35 - INFO - 开始检查[KEN] 僕だけの爆乳オナメイド 上 專屬我的爆乳淫女俏女傭 上是否存在未下载章节
2026-02-22 23:37:26 - mkk_pika - main.py:45 - INFO - 正在下载:[[KEN] 僕だけの爆乳オナメイド 上 專屬我的爆乳淫女俏女傭 上]-[[KEN]]-[['長篇']]-[total_pages:232]
2026-02-22 23:37:26 - mkk_pika - main.py:49 - INFO - [{'_id': '582193cf5f6b9a4f93e66569', 'title': '第1集', 'order': 1, 'updated_at': '2016-11-08T08:58:55.206Z', 'id': '582193cf5f6b9a4f93e66569'}]
2026-02-22 23:37:26 - mkk_pika - database.py:215 - INFO - 第一次下载该漫画，记录数据库中
2026-02-22 23:37:28 - mkk_pika - main.py:83 - INFO - 找到 232 张图片在:第1集
2026-02-22 23:37:33 - mkk_pika - main.py:112 - INFO - [episode:第1集       ] downloaded:   232, total: 232, progress:100%
2026-02-22 23:37:33 - mkk_pika - database.py:238 - INFO - 数据库更新已下载章节
2026-02-22 23:37:33 - mkk_pika - database.py:244 - INFO - 该漫画已下载章节如下
2026-02-22 23:37:33 - mkk_pika - database.py:245 - INFO - ['第1集']
2026-02-22 23:37:34 - mkk_pika - main.py:348 - INFO - ==================== 漫画信息 ====================
                                   漫画ID：582193ce5f6b9a4f93e66567
                                   标题：[KEN] 僕だけの爆乳オナメイド 上 專屬我的爆乳淫女俏女傭 上
                                   作者：[KEN]
                                   是否完结：是
                                   总页数：232
                                   分类：長篇
                                   章节数：1
                                   最后更新时间：2009-12-25T22:47:16.000Z
                                   =================================================
2026-02-22 23:37:34 - mkk_pika - database.py:101 - INFO - 保存成功：[KEN] 僕だけの爆乳オナメイド 上 專屬我的爆乳淫女俏女傭 上
2026-02-22 23:37:34 - mkk_pika - main.py:35 - INFO - 开始检查(Bokura no Love Live! 3)Prism Girls (Love Live!)是否存在未下载章节
2026-02-22 23:37:34 - mkk_pika - main.py:45 - INFO - 正在下载:[(Bokura no Love Live! 3)Prism Girls (Love Live!)]-[スイートピー＆COCOA BREAK (大島智, 大島永遠)]-[['同人', '短篇', '百合花園', 'Love Live']]-[total_pages:32]
2026-02-22 23:37:34 - mkk_pika - main.py:49 - INFO - [{'_id': '582193d05f6b9a4f93e6673d', 'title': '第1集', 'order': 1, 'updated_at': '2016-11-08T08:58:56.557Z', 'id': '582193d05f6b9a4f93e6673d'}]
2026-02-22 23:37:34 - mkk_pika - database.py:215 - INFO - 第一次下载该漫画，记录数据库中
2026-02-22 23:37:35 - mkk_pika - main.py:83 - INFO - 找到 32 张图片在:第1集
2026-02-22 23:37:36 - mkk_pika - main.py:112 - INFO - [episode:第1集       ] downloaded:    32, total:  32, progress:100%
2026-02-22 23:37:36 - mkk_pika - database.py:238 - INFO - 数据库更新已下载章节
2026-02-22 23:37:36 - mkk_pika - database.py:244 - INFO - 该漫画已下载章节如下
2026-02-22 23:37:36 - mkk_pika - database.py:245 - INFO - ['第1集']
2026-02-22 23:37:37 - mkk_pika - main.py:348 - INFO - ==================== 漫画信息 ====================
                                   漫画ID：582193d05f6b9a4f93e6673b
                                   标题：(Bokura no Love Live! 3)Prism Girls (Love Live!)
                                   作者：スイートピー＆COCOA BREAK (大島智, 大島永遠)
                                   是否完结：是
                                   总页数：32
                                   分类：同人,短篇,百合花園,Love Live
                                   章节数：1
                                   最后更新时间：2009-12-26T08:47:16.000Z
                                   =================================================
2026-02-22 23:37:37 - mkk_pika - database.py:101 - INFO - 保存成功：(Bokura no Love Live! 3)Prism Girls (Love Live!)
2026-02-22 23:37:37 - mkk_pika - main.py:35 - INFO - 开始检查(C83)くちびる吐息是否存在未下载章节
2026-02-22 23:37:37 - mkk_pika - main.py:45 - INFO - 正在下载:[(C83)くちびる吐息]-[スイートピー＆COCOA BREAK (大島智, 大島永遠)]-[['短篇', '百合花園', '純愛']]-[total_pages:32]
2026-02-22 23:37:37 - mkk_pika - main.py:49 - INFO - [{'_id': '582193d15f6b9a4f93e66781', 'title': '第1集', 'order': 1, 'updated_at': '2016-11-08T08:58:57.184Z', 'id': '582193d15f6b9a4f93e66781'}]
2026-02-22 23:37:37 - mkk_pika - database.py:215 - INFO - 第一次下载该漫画，记录数据库中
2026-02-22 23:37:38 - mkk_pika - main.py:83 - INFO - 找到 32 张图片在:第1集
2026-02-22 23:37:39 - mkk_pika - main.py:112 - INFO - [episode:第1集       ] downloaded:    32, total:  32, progress:100%
2026-02-22 23:37:39 - mkk_pika - database.py:238 - INFO - 数据库更新已下载章节
2026-02-22 23:37:39 - mkk_pika - database.py:244 - INFO - 该漫画已下载章节如下
2026-02-22 23:37:39 - mkk_pika - database.py:245 - INFO - ['第1集']
2026-02-22 23:37:40 - mkk_pika - main.py:348 - INFO - ==================== 漫画信息 ====================
                                   漫画ID：582193d05f6b9a4f93e6677f
                                   标题：(C83)くちびる吐息
                                   作者：スイートピー＆COCOA BREAK (大島智, 大島永遠)
                                   是否完结：是
                                   总页数：32
                                   分类：短篇,百合花園,純愛
                                   章节数：1
                                   最后更新时间：2009-12-26T18:47:16.000Z
                                   =================================================
2026-02-22 23:37:40 - mkk_pika - database.py:101 - INFO - 保存成功：(C83)くちびる吐息
2026-02-22 23:37:40 - mkk_pika - main.py:35 - INFO - 开始检查NicoMaki! HUG! (Love Live!)是否存在未下载章节
2026-02-22 23:37:40 - mkk_pika - main.py:45 - INFO - 正在下载:[NicoMaki! HUG! (Love Live!)]-[スイートピー＆COCOA BREAK (大島智, 大島永遠)]-[['同人', '短篇', '百合花園', 'Love Live', '純愛']]-[total_pages:62]
2026-02-22 23:37:40 - mkk_pika - main.py:49 - INFO - [{'_id': '582193d15f6b9a4f93e667c5', 'title': '第1集', 'order': 1, 'updated_at': '2016-11-08T08:58:57.854Z', 'id': '582193d15f6b9a4f93e667c5'}, {'_id': '582193d25f6b9a4f93e66805', 'title': '第2集', 'order': 2, 'updated_at': '2016-11-08T08:58:58.289Z', 'id': '582193d25f6b9a4f93e66805'}]
2026-02-22 23:37:40 - mkk_pika - database.py:215 - INFO - 第一次下载该漫画，记录数据库中
2026-02-22 23:37:41 - mkk_pika - main.py:83 - INFO - 找到 31 张图片在:第1集
2026-02-22 23:37:41 - mkk_pika - main.py:112 - INFO - [episode:第1集       ] downloaded:    31, total:  31, progress:100%
2026-02-22 23:37:41 - mkk_pika - database.py:238 - INFO - 数据库更新已下载章节
2026-02-22 23:37:41 - mkk_pika - database.py:244 - INFO - 该漫画已下载章节如下
2026-02-22 23:37:41 - mkk_pika - database.py:245 - INFO - ['第1集']
2026-02-22 23:37:43 - mkk_pika - main.py:83 - INFO - 找到 31 张图片在:第2集
2026-02-22 23:37:44 - mkk_pika - main.py:112 - INFO - [episode:第2集       ] downloaded:    31, total:  31, progress:100%
2026-02-22 23:37:44 - mkk_pika - database.py:238 - INFO - 数据库更新已下载章节
2026-02-22 23:37:44 - mkk_pika - database.py:244 - INFO - 该漫画已下载章节如下
2026-02-22 23:37:44 - mkk_pika - database.py:245 - INFO - ['第1集', '第2集']
2026-02-22 23:37:45 - mkk_pika - main.py:348 - INFO - ==================== 漫画信息 ====================
                                   漫画ID：582193d15f6b9a4f93e667c3
                                   标题：NicoMaki! HUG! (Love Live!)
                                   作者：スイートピー＆COCOA BREAK (大島智, 大島永遠)
                                   是否完结：是
                                   总页数：62
                                   分类：同人,短篇,百合花園,Love Live,純愛
                                   章节数：2
                                   最后更新时间：2009-12-27T04:47:16.000Z
                                   =================================================
2026-02-22 23:37:45 - mkk_pika - database.py:101 - INFO - 保存成功：NicoMaki! HUG! (Love Live!)
2026-02-22 23:37:45 - mkk_pika - main.py:35 - INFO - 开始检查(Houraigekisen! Yo-i! 4Senme!)Yuri Zuru (Kantai Collection)是否存在未下载章节
2026-02-22 23:37:45 - mkk_pika - main.py:45 - INFO - 正在下载:[(Houraigekisen! Yo-i! 4Senme!)Yuri Zuru (Kantai Collection)]-[スイートピー＆COCOA BREAK (大島智, 大島永遠)]-[['同人', '短篇', '艦隊收藏', '百合花園', '純愛']]-[total_pages:26]
2026-02-22 23:37:45 - mkk_pika - main.py:49 - INFO - [{'_id': '582193d25f6b9a4f93e66847', 'title': '第1集', 'order': 1, 'updated_at': '2016-11-08T08:58:58.727Z', 'id': '582193d25f6b9a4f93e66847'}]
2026-02-22 23:37:45 - mkk_pika - database.py:215 - INFO - 第一次下载该漫画，记录数据库中
2026-02-22 23:37:46 - mkk_pika - main.py:83 - INFO - 找到 26 张图片在:第1集
2026-02-22 23:37:46 - mkk_pika - main.py:112 - INFO - [episode:第1集       ] downloaded:    26, total:  26, progress:100%
2026-02-22 23:37:46 - mkk_pika - database.py:238 - INFO - 数据库更新已下载章节
2026-02-22 23:37:46 - mkk_pika - database.py:244 - INFO - 该漫画已下载章节如下
2026-02-22 23:37:46 - mkk_pika - database.py:245 - INFO - ['第1集']
2026-02-22 23:37:48 - mkk_pika - main.py:348 - INFO - ==================== 漫画信息 ====================
                                   漫画ID：582193d25f6b9a4f93e66845
                                   标题：(Houraigekisen! Yo-i! 4Senme!)Yuri Zuru (Kantai Collection)
                                   作者：スイートピー＆COCOA BREAK (大島智, 大島永遠)
                                   是否完结：是
                                   总页数：26
                                   分类：同人,短篇,艦隊收藏,百合花園,純愛
                                   章节数：1
                                   最后更新时间：2009-12-27T14:47:16.000Z
                                   =================================================
2026-02-22 23:37:48 - mkk_pika - database.py:101 - INFO - 保存成功：(Houraigekisen! Yo-i! 4Senme!)Yuri Zuru (Kantai Collection)
2026-02-22 23:37:48 - mkk_pika - main.py:35 - INFO - 开始检查Niko Maki! (Love Live!)是否存在未下载章节
2026-02-22 23:37:48 - mkk_pika - main.py:45 - INFO - 正在下载:[Niko Maki! (Love Live!)]-[スイートピー&COCOA BREAK (大島智, 大島永遠)]-[['同人', '短篇', '百合花園', 'Love Live', '純愛']]-[total_pages:36]
2026-02-22 23:37:48 - mkk_pika - main.py:49 - INFO - [{'_id': '582193d35f6b9a4f93e6687f', 'title': '第1集', 'order': 1, 'updated_at': '2016-11-08T08:58:59.431Z', 'id': '582193d35f6b9a4f93e6687f'}]
2026-02-22 23:37:48 - mkk_pika - database.py:215 - INFO - 第一次下载该漫画，记录数据库中
2026-02-22 23:37:49 - mkk_pika - main.py:83 - INFO - 找到 36 张图片在:第1集
2026-02-22 23:37:50 - mkk_pika - main.py:112 - INFO - [episode:第1集       ] downloaded:    36, total:  36, progress:100%
2026-02-22 23:37:50 - mkk_pika - database.py:238 - INFO - 数据库更新已下载章节
2026-02-22 23:37:50 - mkk_pika - database.py:244 - INFO - 该漫画已下载章节如下
2026-02-22 23:37:50 - mkk_pika - database.py:245 - INFO - ['第1集']
2026-02-22 23:37:51 - mkk_pika - main.py:348 - INFO - ==================== 漫画信息 ====================
                                   漫画ID：582193d25f6b9a4f93e6687d
                                   标题：Niko Maki! (Love Live!)
                                   作者：スイートピー&COCOA BREAK (大島智, 大島永遠)
                                   是否完结：是
                                   总页数：36
                                   分类：同人,短篇,百合花園,Love Live,純愛
                                   章节数：1
                                   最后更新时间：2009-12-28T00:47:16.000Z
                                   =================================================
2026-02-22 23:37:51 - mkk_pika - database.py:101 - INFO - 保存成功：Niko Maki! (Love Live!)
2026-02-22 23:37:51 - mkk_pika - main.py:35 - INFO - 开始检查(C84)ゆりきゅあ!(光之美少女百合同人)是否存在未下载章节
2026-02-22 23:37:51 - mkk_pika - main.py:45 - INFO - 正在下载:[(C84)ゆりきゅあ!(光之美少女百合同人)]-[多人]-[['同人', '百合花園', '純愛']]-[total_pages:74]
2026-02-22 23:37:51 - mkk_pika - main.py:49 - INFO - [{'_id': '582193d35f6b9a4f93e668cb', 'title': '第1集', 'order': 1, 'updated_at': '2016-11-08T08:58:59.916Z', 'id': '582193d35f6b9a4f93e668cb'}]
2026-02-22 23:37:51 - mkk_pika - database.py:215 - INFO - 第一次下载该漫画，记录数据库中
2026-02-22 23:37:52 - mkk_pika - main.py:83 - INFO - 找到 74 张图片在:第1集
2026-02-22 23:37:54 - mkk_pika - main.py:112 - INFO - [episode:第1集       ] downloaded:    74, total:  74, progress:100%
2026-02-22 23:37:54 - mkk_pika - database.py:238 - INFO - 数据库更新已下载章节
2026-02-22 23:37:54 - mkk_pika - database.py:244 - INFO - 该漫画已下载章节如下
2026-02-22 23:37:54 - mkk_pika - database.py:245 - INFO - ['第1集']
2026-02-22 23:37:55 - mkk_pika - main.py:348 - INFO - ==================== 漫画信息 ====================
                                   漫画ID：582193d35f6b9a4f93e668c9
                                   标题：(C84)ゆりきゅあ!(光之美少女百合同人)
                                   作者：多人
                                   是否完结：是
                                   总页数：74
                                   分类：同人,百合花園,純愛
                                   章节数：1
                                   最后更新时间：2009-12-28T10:47:16.000Z
                                   =================================================
2026-02-22 23:37:55 - mkk_pika - database.py:101 - INFO - 保存成功：(C84)ゆりきゅあ!(光之美少女百合同人)
2026-02-22 23:37:55 - mkk_pika - main.py:35 - INFO - 开始检查(COMIC1☆7)The Bluebird of Happiness (光之美少女同人)是否存在未下载章节
2026-02-22 23:37:55 - mkk_pika - main.py:45 - INFO - 正在下载:[(COMIC1☆7)The Bluebird of Happiness (光之美少女同人)]-[スイートピー＆COCOA BREAK (大島智, 大島永遠)]-[['同人', '短篇', '百合花園', '純愛']]-[total_pages:30]
2026-02-22 23:37:55 - mkk_pika - main.py:49 - INFO - [{'_id': '582193d45f6b9a4f93e66963', 'title': '第1集', 'order': 1, 'updated_at': '2016-11-08T08:59:00.880Z', 'id': '582193d45f6b9a4f93e66963'}]
2026-02-22 23:37:55 - mkk_pika - database.py:215 - INFO - 第一次下载该漫画，记录数据库中
2026-02-22 23:37:56 - mkk_pika - main.py:83 - INFO - 找到 30 张图片在:第1集
2026-02-22 23:37:57 - mkk_pika - main.py:112 - INFO - [episode:第1集       ] downloaded:    30, total:  30, progress:100%
2026-02-22 23:37:57 - mkk_pika - database.py:238 - INFO - 数据库更新已下载章节
2026-02-22 23:37:57 - mkk_pika - database.py:244 - INFO - 该漫画已下载章节如下
2026-02-22 23:37:57 - mkk_pika - database.py:245 - INFO - ['第1集']
2026-02-22 23:37:58 - mkk_pika - main.py:348 - INFO - ==================== 漫画信息 ====================
                                   漫画ID：582193d45f6b9a4f93e66961
                                   标题：(COMIC1☆7)The Bluebird of Happiness (光之美少女同人)
                                   作者：スイートピー＆COCOA BREAK (大島智, 大島永遠)
                                   是否完结：是
                                   总页数：30
                                   分类：同人,短篇,百合花園,純愛
                                   章节数：1
                                   最后更新时间：2009-12-28T20:47:16.000Z
                                   =================================================
2026-02-22 23:37:58 - mkk_pika - database.py:101 - INFO - 保存成功：(COMIC1☆7)The Bluebird of Happiness (光之美少女同人)
2026-02-22 23:37:58 - mkk_pika - main.py:35 - INFO - 开始检查(C80)あのあなるの寸止め漫画を僕達はまだ知らない。 (未闻花名)是否存在未下载章节
2026-02-22 23:37:58 - mkk_pika - main.py:45 - INFO - 正在下载:[(C80)あのあなるの寸止め漫画を僕達はまだ知らない。 (未闻花名)]-[ぽぽちち (八尋ぽち)]-[['同人', '短篇', 'NTR']]-[total_pages:32]
2026-02-22 23:37:58 - mkk_pika - main.py:49 - INFO - [{'_id': '582193d55f6b9a4f93e669a3', 'title': '第1集', 'order': 1, 'updated_at': '2016-11-08T08:59:01.623Z', 'id': '582193d55f6b9a4f93e669a3'}]
2026-02-22 23:37:58 - mkk_pika - database.py:215 - INFO - 第一次下载该漫画，记录数据库中
2026-02-22 23:37:59 - mkk_pika - main.py:83 - INFO - 找到 32 张图片在:第1集
2026-02-22 23:37:59 - mkk_pika - main.py:112 - INFO - [episode:第1集       ] downloaded:    32, total:  32, progress:100%
2026-02-22 23:37:59 - mkk_pika - database.py:238 - INFO - 数据库更新已下载章节
2026-02-22 23:37:59 - mkk_pika - database.py:244 - INFO - 该漫画已下载章节如下
2026-02-22 23:37:59 - mkk_pika - database.py:245 - INFO - ['第1集']
2026-02-22 23:38:01 - mkk_pika - main.py:348 - INFO - ==================== 漫画信息 ====================
                                   漫画ID：582193d55f6b9a4f93e669a1
                                   标题：(C80)あのあなるの寸止め漫画を僕達はまだ知らない。 (未闻花名)
                                   作者：ぽぽちち (八尋ぽち)
                                   是否完结：是
                                   总页数：32
                                   分类：同人,短篇,NTR
                                   章节数：1
                                   最后更新时间：2009-12-29T06:47:16.000Z
                                   =================================================
2026-02-22 23:38:01 - mkk_pika - database.py:101 - INFO - 保存成功：(C80)あのあなるの寸止め漫画を僕達はまだ知らない。 (未闻花名)
2026-02-22 23:38:01 - mkk_pika - main.py:35 - INFO - 开始检查(C82)やよいちゃんの電車でラブマチオ (光之美少女同人)是否存在未下载章节
2026-02-22 23:38:01 - mkk_pika - main.py:45 - INFO - 正在下载:[(C82)やよいちゃんの電車でラブマチオ (光之美少女同人)]-[ぽぽちち (八尋ぽち)]-[['同人', '短篇']]-[total_pages:30]
2026-02-22 23:38:01 - mkk_pika - main.py:49 - INFO - [{'_id': '582193d65f6b9a4f93e66a1f', 'title': '第1集', 'order': 1, 'updated_at': '2016-11-08T08:59:02.824Z', 'id': '582193d65f6b9a4f93e66a1f'}]
2026-02-22 23:38:01 - mkk_pika - database.py:215 - INFO - 第一次下载该漫画，记录数据库中
2026-02-22 23:38:02 - mkk_pika - main.py:83 - INFO - 找到 30 张图片在:第1集
2026-02-22 23:38:02 - mkk_pika - main.py:112 - INFO - [episode:第1集       ] downloaded:    30, total:  30, progress:100%
2026-02-22 23:38:02 - mkk_pika - database.py:238 - INFO - 数据库更新已下载章节
2026-02-22 23:38:02 - mkk_pika - database.py:244 - INFO - 该漫画已下载章节如下
2026-02-22 23:38:02 - mkk_pika - database.py:245 - INFO - ['第1集']
2026-02-22 23:38:04 - mkk_pika - main.py:348 - INFO - ==================== 漫画信息 ====================
                                   漫画ID：582193d65f6b9a4f93e66a1d
                                   标题：(C82)やよいちゃんの電車でラブマチオ (光之美少女同人)
                                   作者：ぽぽちち (八尋ぽち)
                                   是否完结：是
                                   总页数：30
                                   分类：同人,短篇
                                   章节数：1
                                   最后更新时间：2009-12-30T02:47:16.000Z
                                   =================================================
2026-02-22 23:38:04 - mkk_pika - database.py:101 - INFO - 保存成功：(C82)やよいちゃんの電車でラブマチオ (光之美少女同人)
2026-02-22 23:38:04 - mkk_pika - main.py:35 - INFO - 开始检查(C84)SHE IS A TECHNICIAN (IS同人)是否存在未下载章节
2026-02-22 23:38:04 - mkk_pika - main.py:45 - INFO - 正在下载:[(C84)SHE IS A TECHNICIAN (IS同人)]-[ぽぽちち (八尋ぽち)]-[['同人', '短篇']]-[total_pages:22]
2026-02-22 23:38:04 - mkk_pika - main.py:49 - INFO - [{'_id': '582193d75f6b9a4f93e66a5f', 'title': '第1集', 'order': 1, 'updated_at': '2016-11-08T08:59:03.457Z', 'id': '582193d75f6b9a4f93e66a5f'}]
2026-02-22 23:38:04 - mkk_pika - database.py:215 - INFO - 第一次下载该漫画，记录数据库中
2026-02-22 23:38:05 - mkk_pika - main.py:83 - INFO - 找到 22 张图片在:第1集
2026-02-22 23:38:05 - mkk_pika - main.py:112 - INFO - [episode:第1集       ] downloaded:    22, total:  22, progress:100%
2026-02-22 23:38:05 - mkk_pika - database.py:238 - INFO - 数据库更新已下载章节
2026-02-22 23:38:05 - mkk_pika - database.py:244 - INFO - 该漫画已下载章节如下
2026-02-22 23:38:05 - mkk_pika - database.py:245 - INFO - ['第1集']
2026-02-22 23:38:06 - mkk_pika - main.py:348 - INFO - ==================== 漫画信息 ====================
                                   漫画ID：582193d65f6b9a4f93e66a5d
                                   标题：(C84)SHE IS A TECHNICIAN (IS同人)
                                   作者：ぽぽちち (八尋ぽち)
                                   是否完结：是
                                   总页数：22
                                   分类：同人,短篇
                                   章节数：1
                                   最后更新时间：2009-12-30T12:47:16.000Z
                                   =================================================
2026-02-22 23:38:06 - mkk_pika - database.py:101 - INFO - 保存成功：(C84)SHE IS A TECHNICIAN (IS同人)
2026-02-22 23:38:06 - mkk_pika - main.py:35 - INFO - 开始检查(C85)金剛・榛名ちゃん快(艦隊これくしょん -艦これ-  )是否存在未下载章节
2026-02-22 23:38:07 - mkk_pika - main.py:45 - INFO - 正在下载:[(C85)金剛・榛名ちゃん快(艦隊これくしょん -艦これ-  )]-[ぽぽちち(八尋ぽち)]-[['同人', '短篇', '艦隊收藏', '後宮閃光']]-[total_pages:22]
2026-02-22 23:38:07 - mkk_pika - main.py:49 - INFO - [{'_id': '582193d75f6b9a4f93e66a8f', 'title': '第1集', 'order': 1, 'updated_at': '2016-11-08T08:59:03.804Z', 'id': '582193d75f6b9a4f93e66a8f'}]
2026-02-22 23:38:07 - mkk_pika - database.py:215 - INFO - 第一次下载该漫画，记录数据库中
2026-02-22 23:38:07 - mkk_pika - main.py:83 - INFO - 找到 22 张图片在:第1集
2026-02-22 23:38:08 - mkk_pika - main.py:112 - INFO - [episode:第1集       ] downloaded:    22, total:  22, progress:100%
2026-02-22 23:38:08 - mkk_pika - database.py:238 - INFO - 数据库更新已下载章节
2026-02-22 23:38:08 - mkk_pika - database.py:244 - INFO - 该漫画已下载章节如下
2026-02-22 23:38:08 - mkk_pika - database.py:245 - INFO - ['第1集']
2026-02-22 23:38:09 - mkk_pika - main.py:348 - INFO - ==================== 漫画信息 ====================
                                   漫画ID：582193d75f6b9a4f93e66a8d
                                   标题：(C85)金剛・榛名ちゃん快(艦隊これくしょん -艦これ-  )
                                   作者：ぽぽちち(八尋ぽち)
                                   是否完结：是
                                   总页数：22
                                   分类：同人,短篇,艦隊收藏,後宮閃光
                                   章节数：1
                                   最后更新时间：2009-12-30T22:47:16.000Z
                                   =================================================
2026-02-22 23:38:09 - mkk_pika - database.py:101 - INFO - 保存成功：(C85)金剛・榛名ちゃん快(艦隊これくしょん -艦これ-  )
2026-02-22 23:38:09 - mkk_pika - main.py:35 - INFO - 开始检查(COMIC1☆6)柑菜ちゃんのラブマチオ (在盛夏等待同人)是否存在未下载章节
2026-02-22 23:38:10 - mkk_pika - main.py:45 - INFO - 正在下载:[(COMIC1☆6)柑菜ちゃんのラブマチオ (在盛夏等待同人)]-[ぽぽちち (八尋ぽち)]-[['同人', '短篇']]-[total_pages:22]
2026-02-22 23:38:10 - mkk_pika - main.py:49 - INFO - [{'_id': '582193d85f6b9a4f93e66abf', 'title': '第1集', 'order': 1, 'updated_at': '2016-11-08T08:59:04.217Z', 'id': '582193d85f6b9a4f93e66abf'}]
2026-02-22 23:38:10 - mkk_pika - database.py:215 - INFO - 第一次下载该漫画，记录数据库中
2026-02-22 23:38:10 - mkk_pika - main.py:83 - INFO - 找到 22 张图片在:第1集
2026-02-22 23:38:11 - mkk_pika - main.py:112 - INFO - [episode:第1集       ] downloaded:    22, total:  22, progress:100%
2026-02-22 23:38:11 - mkk_pika - database.py:238 - INFO - 数据库更新已下载章节
2026-02-22 23:38:11 - mkk_pika - database.py:244 - INFO - 该漫画已下载章节如下
2026-02-22 23:38:11 - mkk_pika - database.py:245 - INFO - ['第1集']
2026-02-22 23:38:12 - mkk_pika - main.py:348 - INFO - ==================== 漫画信息 ====================
                                   漫画ID：582193d75f6b9a4f93e66abd
                                   标题：(COMIC1☆6)柑菜ちゃんのラブマチオ (在盛夏等待同人)
                                   作者：ぽぽちち (八尋ぽち)
                                   是否完结：是
                                   总页数：22
                                   分类：同人,短篇
                                   章节数：1
                                   最后更新时间：2009-12-31T08:47:16.000Z
                                   =================================================
2026-02-22 23:38:12 - mkk_pika - database.py:101 - INFO - 保存成功：(COMIC1☆6)柑菜ちゃんのラブマチオ (在盛夏等待同人)
2026-02-22 23:38:12 - mkk_pika - main.py:35 - INFO - 开始检查境界の彼女 (境界の彼方)是否存在未下载章节
2026-02-22 23:38:12 - mkk_pika - main.py:45 - INFO - 正在下载:[境界の彼女 (境界の彼方)]-[ぽぽちち (八尋ぽち)]-[['同人', '短篇', '純愛']]-[total_pages:24]
2026-02-22 23:38:12 - mkk_pika - main.py:49 - INFO - [{'_id': '582193d85f6b9a4f93e66aef', 'title': '第1集', 'order': 1, 'updated_at': '2016-11-08T08:59:04.954Z', 'id': '582193d85f6b9a4f93e66aef'}]
2026-02-22 23:38:12 - mkk_pika - database.py:215 - INFO - 第一次下载该漫画，记录数据库中
2026-02-22 23:38:13 - mkk_pika - main.py:83 - INFO - 找到 24 张图片在:第1集
2026-02-22 23:38:13 - mkk_pika - main.py:112 - INFO - [episode:第1集       ] downloaded:    24, total:  24, progress:100%
2026-02-22 23:38:13 - mkk_pika - database.py:238 - INFO - 数据库更新已下载章节
2026-02-22 23:38:13 - mkk_pika - database.py:244 - INFO - 该漫画已下载章节如下
2026-02-22 23:38:13 - mkk_pika - database.py:245 - INFO - ['第1集']
2026-02-22 23:38:15 - mkk_pika - main.py:348 - INFO - ==================== 漫画信息 ====================
                                   漫画ID：582193d85f6b9a4f93e66aed
                                   标题：境界の彼女 (境界の彼方)
                                   作者：ぽぽちち (八尋ぽち)
                                   是否完结：是
                                   总页数：24
                                   分类：同人,短篇,純愛
                                   章节数：1
                                   最后更新时间：2009-12-31T18:47:16.000Z
                                   =================================================
2026-02-22 23:38:15 - mkk_pika - database.py:101 - INFO - 保存成功：境界の彼女 (境界の彼方)
2026-02-22 23:38:15 - mkk_pika - main.py:35 - INFO - 开始检查[Clone人間] ヨメホとツマホ是否存在未下载章节
2026-02-22 23:38:15 - mkk_pika - main.py:45 - INFO - 正在下载:[[Clone人間] ヨメホとツマホ]-[Clone人間]-[['人妻', '長篇', 'NTR']]-[total_pages:211]
2026-02-22 23:38:15 - mkk_pika - main.py:49 - INFO - [{'_id': '582193d95f6b9a4f93e66b23', 'title': '第1集', 'order': 1, 'updated_at': '2016-11-08T08:59:05.733Z', 'id': '582193d95f6b9a4f93e66b23'}]
2026-02-22 23:38:15 - mkk_pika - database.py:215 - INFO - 第一次下载该漫画，记录数据库中
2026-02-22 23:38:17 - mkk_pika - main.py:83 - INFO - 找到 211 张图片在:第1集
2026-02-22 23:38:21 - mkk_pika - main.py:112 - INFO - [episode:第1集       ] downloaded:   211, total: 211, progress:100%
2026-02-22 23:38:21 - mkk_pika - database.py:238 - INFO - 数据库更新已下载章节
2026-02-22 23:38:21 - mkk_pika - database.py:244 - INFO - 该漫画已下载章节如下
2026-02-22 23:38:21 - mkk_pika - database.py:245 - INFO - ['第1集']
2026-02-22 23:38:23 - mkk_pika - main.py:348 - INFO - ==================== 漫画信息 ====================
                                   漫画ID：582193d95f6b9a4f93e66b21
                                   标题：[Clone人間] ヨメホとツマホ
                                   作者：Clone人間
                                   是否完结：是
                                   总页数：211
                                   分类：人妻,長篇,NTR
                                   章节数：1
                                   最后更新时间：2010-01-01T04:47:16.000Z
                                   =================================================
2026-02-22 23:38:23 - mkk_pika - database.py:101 - INFO - 保存成功：[Clone人間] ヨメホとツマホ
2026-02-22 23:38:23 - mkk_pika - main.py:35 - INFO - 开始检查チ○ポ征服謀略のズヴィズダー(世界征服～謀略のズヴィズダー～)是否存在未下载章节
2026-02-22 23:38:23 - mkk_pika - main.py:45 - INFO - 正在下载:[チ○ポ征服謀略のズヴィズダー(世界征服～謀略のズヴィズダー～)]-[ぽぽちち(八尋ぽち)]-[['同人', '短篇']]-[total_pages:25]
2026-02-22 23:38:23 - mkk_pika - main.py:49 - INFO - [{'_id': '582193db5f6b9a4f93e66ccd', 'title': '第1集', 'order': 1, 'updated_at': '2016-11-08T08:59:07.263Z', 'id': '582193db5f6b9a4f93e66ccd'}]
2026-02-22 23:38:23 - mkk_pika - database.py:215 - INFO - 第一次下载该漫画，记录数据库中
2026-02-22 23:38:24 - mkk_pika - main.py:83 - INFO - 找到 25 张图片在:第1集
2026-02-22 23:38:24 - mkk_pika - main.py:112 - INFO - [episode:第1集       ] downloaded:    25, total:  25, progress:100%
2026-02-22 23:38:24 - mkk_pika - database.py:238 - INFO - 数据库更新已下载章节
2026-02-22 23:38:24 - mkk_pika - database.py:244 - INFO - 该漫画已下载章节如下
2026-02-22 23:38:24 - mkk_pika - database.py:245 - INFO - ['第1集']
2026-02-22 23:38:26 - mkk_pika - main.py:348 - INFO - ==================== 漫画信息 ====================
                                   漫画ID：582193da5f6b9a4f93e66ccb
                                   标题：チ○ポ征服謀略のズヴィズダー(世界征服～謀略のズヴィズダー～)
                                   作者：ぽぽちち(八尋ぽち)
                                   是否完结：是
                                   总页数：25
                                   分类：同人,短篇
                                   章节数：1
                                   最后更新时间：2010-01-01T14:47:15.000Z
                                   =================================================
2026-02-22 23:38:26 - mkk_pika - database.py:101 - INFO - 保存成功：チ○ポ征服謀略のズヴィズダー(世界征服～謀略のズヴィズダー～)
2026-02-22 23:38:26 - mkk_pika - main.py:35 - INFO - 开始检查(C82) (同人誌) [Digital Lover (なかじまゆか)] D.L.action 70 (ソードアート オンライン)[指○奶茶步兵團]是否存在未下载章节
2026-02-22 23:38:26 - mkk_pika - main.py:45 - INFO - 正在下载:[(C82) (同人誌) [Digital Lover (なかじまゆか)] D.L.action 70 (ソードアート オンライン)[指○奶茶步兵團]]-[Digital Lover (なかじまゆか)]-[['短篇', 'SAO 刀劍神域', '純愛']]-[total_pages:21]
2026-02-22 23:38:26 - mkk_pika - main.py:49 - INFO - [{'_id': '582193db5f6b9a4f93e66d03', 'title': '第1集', 'order': 1, 'updated_at': '2016-11-08T08:59:07.914Z', 'id': '582193db5f6b9a4f93e66d03'}]
2026-02-22 23:38:26 - mkk_pika - database.py:215 - INFO - 第一次下载该漫画，记录数据库中
2026-02-22 23:38:26 - mkk_pika - main.py:83 - INFO - 找到 21 张图片在:第1集
2026-02-22 23:38:27 - mkk_pika - main.py:112 - INFO - [episode:第1集       ] downloaded:    21, total:  21, progress:100%
2026-02-22 23:38:27 - mkk_pika - database.py:238 - INFO - 数据库更新已下载章节
2026-02-22 23:38:27 - mkk_pika - database.py:244 - INFO - 该漫画已下载章节如下
2026-02-22 23:38:27 - mkk_pika - database.py:245 - INFO - ['第1集']
2026-02-22 23:38:28 - mkk_pika - main.py:348 - INFO - ==================== 漫画信息 ====================
                                   漫画ID：582193db5f6b9a4f93e66d01
                                   标题：(C82) (同人誌) [Digital Lover (なかじまゆか)] D.L.action 70 (ソードアート オンライン)[指○奶茶步兵團]
                                   作者：Digital Lover (なかじまゆか)
                                   是否完结：是
                                   总页数：21
                                   分类：短篇,SAO 刀劍神域,純愛
                                   章节数：1
                                   最后更新时间：2010-01-02T00:47:15.000Z
                                   =================================================
2026-02-22 23:38:28 - mkk_pika - database.py:101 - INFO - 保存成功：(C82) (同人誌) [Digital Lover (なかじまゆか)] D.L.action 70 (ソードアート オンライン)[指○奶茶步兵團]
2026-02-22 23:38:28 - mkk_pika - main.py:35 - INFO - 开始检查[萌舞の裏組漢化][八尋ぽち] ラブマチオ是否存在未下载章节
2026-02-22 23:38:29 - mkk_pika - main.py:45 - INFO - 正在下载:[[萌舞の裏組漢化][八尋ぽち] ラブマチオ]-[ぽぽちち(八尋ぽち)]-[['長篇']]-[total_pages:219]
2026-02-22 23:38:29 - mkk_pika - main.py:49 - INFO - [{'_id': '582193dc5f6b9a4f93e66d31', 'title': '第1集', 'order': 1, 'updated_at': '2016-11-08T08:59:08.546Z', 'id': '582193dc5f6b9a4f93e66d31'}]
2026-02-22 23:38:29 - mkk_pika - database.py:215 - INFO - 第一次下载该漫画，记录数据库中
2026-02-22 23:38:31 - mkk_pika - main.py:83 - INFO - 找到 219 张图片在:第1集
2026-02-22 23:38:35 - mkk_pika - main.py:112 - INFO - [episode:第1集       ] downloaded:   219, total: 219, progress:100%
2026-02-22 23:38:35 - mkk_pika - database.py:238 - INFO - 数据库更新已下载章节
2026-02-22 23:38:35 - mkk_pika - database.py:244 - INFO - 该漫画已下载章节如下
2026-02-22 23:38:35 - mkk_pika - database.py:245 - INFO - ['第1集']
2026-02-22 23:38:36 - mkk_pika - main.py:348 - INFO - ==================== 漫画信息 ====================
                                   漫画ID：582193dc5f6b9a4f93e66d2f
                                   标题：[萌舞の裏組漢化][八尋ぽち] ラブマチオ
                                   作者：ぽぽちち(八尋ぽち)
                                   是否完结：是
                                   总页数：219
                                   分类：長篇
                                   章节数：1
                                   最后更新时间：2010-01-02T10:47:15.000Z
                                   =================================================
2026-02-22 23:38:36 - mkk_pika - database.py:101 - INFO - 保存成功：[萌舞の裏組漢化][八尋ぽち] ラブマチオ
2026-02-22 23:38:36 - mkk_pika - main.py:35 - INFO - 开始检查(C85) 島風ちゃん快 (艦隊これくしょん -艦これ-)是否存在未下载章节
2026-02-22 23:38:37 - mkk_pika - main.py:45 - INFO - 正在下载:[(C85) 島風ちゃん快 (艦隊これくしょん -艦これ-)]-[ぽぽちち (八尋ぽち)]-[['同人', '短篇', '艦隊收藏', '純愛']]-[total_pages:24]
2026-02-22 23:38:37 - mkk_pika - main.py:49 - INFO - [{'_id': '582193de5f6b9a4f93e66eeb', 'title': '第1集', 'order': 1, 'updated_at': '2016-11-08T08:59:10.048Z', 'id': '582193de5f6b9a4f93e66eeb'}]
2026-02-22 23:38:37 - mkk_pika - database.py:215 - INFO - 第一次下载该漫画，记录数据库中
2026-02-22 23:38:37 - mkk_pika - main.py:83 - INFO - 找到 24 张图片在:第1集
2026-02-22 23:38:38 - mkk_pika - main.py:112 - INFO - [episode:第1集       ] downloaded:    24, total:  24, progress:100%
2026-02-22 23:38:38 - mkk_pika - database.py:238 - INFO - 数据库更新已下载章节
2026-02-22 23:38:38 - mkk_pika - database.py:244 - INFO - 该漫画已下载章节如下
2026-02-22 23:38:38 - mkk_pika - database.py:245 - INFO - ['第1集']
2026-02-22 23:38:39 - mkk_pika - main.py:348 - INFO - ==================== 漫画信息 ====================
                                   漫画ID：582193dd5f6b9a4f93e66ee9
                                   标题：(C85) 島風ちゃん快 (艦隊これくしょん -艦これ-)
                                   作者：ぽぽちち (八尋ぽち)
                                   是否完结：是
                                   总页数：24
                                   分类：同人,短篇,艦隊收藏,純愛
                                   章节数：1
                                   最后更新时间：2010-01-02T20:47:15.000Z
                                   =================================================
2026-02-22 23:38:39 - mkk_pika - database.py:101 - INFO - 保存成功：(C85) 島風ちゃん快 (艦隊これくしょん -艦これ-)
2026-02-22 23:38:39 - mkk_pika - main.py:35 - INFO - 开始检查(C82) [SNOB NERD WORKS (さめだ小判)] DELETE (ソードアートオンライン)[S+同漫组]是否存在未下载章节
2026-02-22 23:38:40 - mkk_pika - main.py:45 - INFO - 正在下载:[(C82) [SNOB NERD WORKS (さめだ小判)] DELETE (ソードアートオンライン)[S+同漫组]]-[SNOB NERD WORKS (さめだ小判)]-[['同人', '短篇', 'NTR', 'SAO 刀劍神域']]-[total_pages:27]
2026-02-22 23:38:40 - mkk_pika - main.py:49 - INFO - [{'_id': '582193de5f6b9a4f93e66f1f', 'title': '第1集', 'order': 1, 'updated_at': '2016-11-08T08:59:10.693Z', 'id': '582193de5f6b9a4f93e66f1f'}]
2026-02-22 23:38:40 - mkk_pika - database.py:215 - INFO - 第一次下载该漫画，记录数据库中
2026-02-22 23:38:40 - mkk_pika - main.py:83 - INFO - 找到 27 张图片在:第1集
2026-02-22 23:38:41 - mkk_pika - main.py:112 - INFO - [episode:第1集       ] downloaded:    27, total:  27, progress:100%
2026-02-22 23:38:41 - mkk_pika - database.py:238 - INFO - 数据库更新已下载章节
2026-02-22 23:38:41 - mkk_pika - database.py:244 - INFO - 该漫画已下载章节如下
2026-02-22 23:38:41 - mkk_pika - database.py:245 - INFO - ['第1集']
2026-02-22 23:38:42 - mkk_pika - main.py:348 - INFO - ==================== 漫画信息 ====================
                                   漫画ID：582193de5f6b9a4f93e66f1d
                                   标题：(C82) [SNOB NERD WORKS (さめだ小判)] DELETE (ソードアートオンライン)[S+同漫组]
                                   作者：SNOB NERD WORKS (さめだ小判)
                                   是否完结：是
                                   总页数：27
                                   分类：同人,短篇,NTR,SAO 刀劍神域
                                   章节数：1
                                   最后更新时间：2010-01-03T06:47:15.000Z
                                   =================================================
2026-02-22 23:38:42 - mkk_pika - database.py:101 - INFO - 保存成功：(C82) [SNOB NERD WORKS (さめだ小判)] DELETE (ソードアートオンライン)[S+同漫组]
2026-02-22 23:38:42 - mkk_pika - main.py:35 - INFO - 开始检查(サンクリ62)ようこそレア艦ちゃん (艦隊これくしょん -艦これ-)是否存在未下载章节
2026-02-22 23:38:42 - mkk_pika - main.py:45 - INFO - 正在下载:[(サンクリ62)ようこそレア艦ちゃん (艦隊これくしょん -艦これ-)]-[ぽぽちち (八尋ぽち)]-[['同人', '短篇', '艦隊收藏']]-[total_pages:22]
2026-02-22 23:38:42 - mkk_pika - main.py:49 - INFO - [{'_id': '582193df5f6b9a4f93e66f7d', 'title': '第1集', 'order': 1, 'updated_at': '2016-11-08T08:59:11.743Z', 'id': '582193df5f6b9a4f93e66f7d'}]
2026-02-22 23:38:42 - mkk_pika - database.py:215 - INFO - 第一次下载该漫画，记录数据库中
2026-02-22 23:38:43 - mkk_pika - main.py:83 - INFO - 找到 22 张图片在:第1集
2026-02-22 23:38:44 - mkk_pika - main.py:112 - INFO - [episode:第1集       ] downloaded:    22, total:  22, progress:100%
2026-02-22 23:38:44 - mkk_pika - database.py:238 - INFO - 数据库更新已下载章节
2026-02-22 23:38:44 - mkk_pika - database.py:244 - INFO - 该漫画已下载章节如下
2026-02-22 23:38:44 - mkk_pika - database.py:245 - INFO - ['第1集']
2026-02-22 23:38:45 - mkk_pika - main.py:348 - INFO - ==================== 漫画信息 ====================
                                   漫画ID：582193df5f6b9a4f93e66f7b
                                   标题：(サンクリ62)ようこそレア艦ちゃん (艦隊これくしょん -艦これ-)
                                   作者：ぽぽちち (八尋ぽち)
                                   是否完结：是
                                   总页数：22
                                   分类：同人,短篇,艦隊收藏
                                   章节数：1
                                   最后更新时间：2010-01-04T02:47:15.000Z
                                   =================================================
2026-02-22 23:38:45 - mkk_pika - database.py:101 - INFO - 保存成功：(サンクリ62)ようこそレア艦ちゃん (艦隊これくしょん -艦これ-)
2026-02-22 23:38:45 - mkk_pika - main.py:35 - INFO - 开始检查妹姫と奴隷君 (COMIC 快楽天 2014年4月号)是否存在未下载章节
2026-02-22 23:38:45 - mkk_pika - main.py:45 - INFO - 正在下载:[妹姫と奴隷君 (COMIC 快楽天 2014年4月号)]-[八尋ぽち]-[['短篇', '妹妹系']]-[total_pages:20]
2026-02-22 23:38:45 - mkk_pika - main.py:49 - INFO - [{'_id': '582193e15f6b9a4f93e66fdd', 'title': '第1集', 'order': 1, 'updated_at': '2016-11-08T08:59:13.194Z', 'id': '582193e15f6b9a4f93e66fdd'}]
2026-02-22 23:38:45 - mkk_pika - database.py:215 - INFO - 第一次下载该漫画，记录数据库中
2026-02-22 23:38:46 - mkk_pika - main.py:83 - INFO - 找到 20 张图片在:第1集
2026-02-22 23:38:46 - mkk_pika - main.py:112 - INFO - [episode:第1集       ] downloaded:    20, total:  20, progress:100%
2026-02-22 23:38:46 - mkk_pika - database.py:238 - INFO - 数据库更新已下载章节
2026-02-22 23:38:46 - mkk_pika - database.py:244 - INFO - 该漫画已下载章节如下
2026-02-22 23:38:46 - mkk_pika - database.py:245 - INFO - ['第1集']
2026-02-22 23:38:48 - mkk_pika - main.py:348 - INFO - ==================== 漫画信息 ====================
                                   漫画ID：582193e05f6b9a4f93e66fdb
                                   标题：妹姫と奴隷君 (COMIC 快楽天 2014年4月号)
                                   作者：八尋ぽち
                                   是否完结：是
                                   总页数：20
                                   分类：短篇,妹妹系
                                   章节数：1
                                   最后更新时间：2010-01-04T22:47:15.000Z
                                   =================================================
2026-02-22 23:38:48 - mkk_pika - database.py:101 - INFO - 保存成功：妹姫と奴隷君 (COMIC 快楽天 2014年4月号)
2026-02-22 23:38:48 - mkk_pika - main.py:35 - INFO - 开始检查ゃんおまちかね [Comic Kairakuten 2014.02]是否存在未下载章节
2026-02-22 23:38:48 - mkk_pika - main.py:45 - INFO - 正在下载:[ゃんおまちかね [Comic Kairakuten 2014.02]]-[ぽぽちち (八尋ぽち)]-[['短篇', '純愛']]-[total_pages:21]
2026-02-22 23:38:48 - mkk_pika - main.py:49 - INFO - [{'_id': '582193e15f6b9a4f93e67009', 'title': '第1集', 'order': 1, 'updated_at': '2016-11-08T08:59:13.862Z', 'id': '582193e15f6b9a4f93e67009'}]
2026-02-22 23:38:48 - mkk_pika - database.py:215 - INFO - 第一次下载该漫画，记录数据库中
2026-02-22 23:38:48 - mkk_pika - main.py:83 - INFO - 找到 21 张图片在:第1集
2026-02-22 23:38:49 - mkk_pika - main.py:112 - INFO - [episode:第1集       ] downloaded:    21, total:  21, progress:100%
2026-02-22 23:38:49 - mkk_pika - database.py:238 - INFO - 数据库更新已下载章节
2026-02-22 23:38:49 - mkk_pika - database.py:244 - INFO - 该漫画已下载章节如下
2026-02-22 23:38:49 - mkk_pika - database.py:245 - INFO - ['第1集']
2026-02-22 23:38:50 - mkk_pika - main.py:348 - INFO - ==================== 漫画信息 ====================
                                   漫画ID：582193e15f6b9a4f93e67007
                                   标题：ゃんおまちかね [Comic Kairakuten 2014.02]
                                   作者：ぽぽちち (八尋ぽち)
                                   是否完结：是
                                   总页数：21
                                   分类：短篇,純愛
                                   章节数：1
                                   最后更新时间：2010-01-05T08:47:15.000Z
                                   =================================================
2026-02-22 23:38:50 - mkk_pika - database.py:101 - INFO - 保存成功：ゃんおまちかね [Comic Kairakuten 2014.02]
2026-02-22 23:38:50 - mkk_pika - main.py:35 - INFO - 开始检查(C80)くつしたください是否存在未下载章节
2026-02-22 23:38:51 - mkk_pika - main.py:45 - INFO - 正在下载:[(C80)くつしたください]-[嘘つき屋 (大嘘)]-[['短篇', '全彩', '足の恋']]-[total_pages:22]
2026-02-22 23:38:51 - mkk_pika - main.py:49 - INFO - [{'_id': '582193e25f6b9a4f93e67073', 'title': '第1集', 'order': 1, 'updated_at': '2016-11-08T08:59:14.972Z', 'id': '582193e25f6b9a4f93e67073'}]
2026-02-22 23:38:51 - mkk_pika - database.py:215 - INFO - 第一次下载该漫画，记录数据库中
2026-02-22 23:38:51 - mkk_pika - main.py:83 - INFO - 找到 22 张图片在:第1集
2026-02-22 23:38:52 - mkk_pika - main.py:112 - INFO - [episode:第1集       ] downloaded:    22, total:  22, progress:100%
2026-02-22 23:38:52 - mkk_pika - database.py:238 - INFO - 数据库更新已下载章节
2026-02-22 23:38:52 - mkk_pika - database.py:244 - INFO - 该漫画已下载章节如下
2026-02-22 23:38:52 - mkk_pika - database.py:245 - INFO - ['第1集']
2026-02-22 23:38:53 - mkk_pika - main.py:348 - INFO - ==================== 漫画信息 ====================
                                   漫画ID：582193e25f6b9a4f93e67071
                                   标题：(C80)くつしたください
                                   作者：嘘つき屋 (大嘘)
                                   是否完结：是
                                   总页数：22
                                   分类：短篇,全彩,足の恋
                                   章节数：1
                                   最后更新时间：2010-01-06T04:47:15.000Z
                                   =================================================
2026-02-22 23:38:53 - mkk_pika - database.py:101 - INFO - 保存成功：(C80)くつしたください
2026-02-22 23:38:53 - mkk_pika - main.py:380 - INFO - 本次任务下载完毕
2026-02-22 23:38:53 - mkk_pika - database.py:173 - INFO - 数据库连接已关闭
